community cards of this round: ['D3', 'HA', 'H6', 'HQ', 'H2']
name: b10902118, hole_card: ['DQ', 'C6']
name: b10902017, hole_card: ['C3', 'ST']
Started the round 1
Street "preflop" started. (community card = [])
name: b10902118, hole_card: ['DQ', 'C6']
name: b10902017, hole_card: ['C3', 'ST']
"b10902017" declared "fold:0"
"['b10902118']" won the round 1 (stack = {'b10902118': 1005, 'b10902017': 995})
community cards of this round: ['C4', 'CA', 'DK', 'H3', 'DJ']
name: b10902118, hole_card: ['H2', 'D9']
name: b10902017, hole_card: ['HA', 'H9']
Started the round 2
Street "preflop" started. (community card = [])
name: b10902118, hole_card: ['H2', 'D9']
name: b10902017, hole_card: ['HA', 'H9']
"b10902118" declared "fold:0"
"['b10902017']" won the round 2 (stack = {'b10902118': 1000, 'b10902017': 1000})
community cards of this round: ['DK', 'D9', 'C2', 'ST', 'HA']
name: b10902118, hole_card: ['S2', 'C3']
name: b10902017, hole_card: ['C9', 'C7']
Started the round 3
Street "preflop" started. (community card = [])
name: b10902118, hole_card: ['S2', 'C3']
name: b10902017, hole_card: ['C9', 'C7']
"b10902017" declared "raise:15"
name: b10902118, hole_card: ['S2', 'C3']
name: b10902017, hole_card: ['C9', 'C7']
"b10902118" declared "fold:0"
"['b10902017']" won the round 3 (stack = {'b10902118': 990, 'b10902017': 1010})
community cards of this round: ['SJ', 'H8', 'S5', 'DJ', 'C2']
name: b10902118, hole_card: ['D4', 'D3']
name: b10902017, hole_card: ['H5', 'CT']
Started the round 4
Street "preflop" started. (community card = [])
name: b10902118, hole_card: ['D4', 'D3']
name: b10902017, hole_card: ['H5', 'CT']
"b10902118" declared "fold:0"
"['b10902017']" won the round 4 (stack = {'b10902118': 985, 'b10902017': 1015})
community cards of this round: ['S6', 'C5', 'HK', 'SK', 'S3']
name: b10902118, hole_card: ['H3', 'H6']
name: b10902017, hole_card: ['HT', 'SQ']
Started the round 5
Street "preflop" started. (community card = [])
name: b10902118, hole_card: ['H3', 'H6']
name: b10902017, hole_card: ['HT', 'SQ']
"b10902017" declared "raise:15"
name: b10902118, hole_card: ['H3', 'H6']
name: b10902017, hole_card: ['HT', 'SQ']
"b10902118" declared "fold:0"
"['b10902017']" won the round 5 (stack = {'b10902118': 975, 'b10902017': 1025})
community cards of this round: ['C5', 'HJ', 'S3', 'S8', 'D6']
name: b10902118, hole_card: ['HK', 'H6']
name: b10902017, hole_card: ['C2', 'D8']
Started the round 6
Street "preflop" started. (community card = [])
name: b10902118, hole_card: ['HK', 'H6']
name: b10902017, hole_card: ['C2', 'D8']
"b10902118" declared "raise:27.5"
name: b10902118, hole_card: ['HK', 'H6']
name: b10902017, hole_card: ['C2', 'D8']
"b10902017" declared "fold:0"
"['b10902118']" won the round 6 (stack = {'b10902118': 984.5, 'b10902017': 1015})
community cards of this round: ['C2', 'D8', 'H8', 'C3', 'S6']
name: b10902118, hole_card: ['DA', 'CQ']
name: b10902017, hole_card: ['D7', 'CJ']
Started the round 7
Street "preflop" started. (community card = [])
name: b10902118, hole_card: ['DA', 'CQ']
name: b10902017, hole_card: ['D7', 'CJ']
"b10902017" declared "raise:15"
name: b10902118, hole_card: ['DA', 'CQ']
name: b10902017, hole_card: ['D7', 'CJ']
"b10902118" declared "raise:25.0"
name: b10902118, hole_card: ['DA', 'CQ']
name: b10902017, hole_card: ['D7', 'CJ']
"b10902017" declared "call:25.0"
Street "flop" started. (community card = ['C2', 'D8', 'H8'])
name: b10902118, hole_card: ['DA', 'CQ']
name: b10902017, hole_card: ['D7', 'CJ']
"b10902017" declared "raise:10"
name: b10902118, hole_card: ['DA', 'CQ']
name: b10902017, hole_card: ['D7', 'CJ']
"b10902118" declared "raise:85.25"
name: b10902118, hole_card: ['DA', 'CQ']
name: b10902017, hole_card: ['D7', 'CJ']
"b10902017" declared "fold:0"
"['b10902118']" won the round 7 (stack = {'b10902118': 1019.25, 'b10902017': 980.0})
community cards of this round: ['ST', 'DA', 'HA', 'SQ', 'D8']
name: b10902118, hole_card: ['H4', 'D6']
name: b10902017, hole_card: ['H2', 'H5']
Started the round 8
Street "preflop" started. (community card = [])
name: b10902118, hole_card: ['H4', 'D6']
name: b10902017, hole_card: ['H2', 'H5']
"b10902118" declared "fold:0"
"['b10902017']" won the round 8 (stack = {'b10902118': 1014.25, 'b10902017': 985.0})
community cards of this round: ['CJ', 'SJ', 'D5', 'SA', 'H4']
name: b10902118, hole_card: ['S6', 'S2']
name: b10902017, hole_card: ['S4', 'S3']
Started the round 9
Street "preflop" started. (community card = [])
name: b10902118, hole_card: ['S6', 'S2']
name: b10902017, hole_card: ['S4', 'S3']
"b10902017" declared "raise:15"
name: b10902118, hole_card: ['S6', 'S2']
name: b10902017, hole_card: ['S4', 'S3']
"b10902118" declared "fold:0"
"['b10902017']" won the round 9 (stack = {'b10902118': 1004.25, 'b10902017': 995.0})
community cards of this round: ['S9', 'H6', 'SQ', 'H4', 'C5']
name: b10902118, hole_card: ['ST', 'DJ']
name: b10902017, hole_card: ['S2', 'S8']
Started the round 10
Street "preflop" started. (community card = [])
name: b10902118, hole_card: ['ST', 'DJ']
name: b10902017, hole_card: ['S2', 'S8']
"b10902118" declared "raise:27.5"
name: b10902118, hole_card: ['ST', 'DJ']
name: b10902017, hole_card: ['S2', 'S8']
"b10902017" declared "call:27.5"
Street "flop" started. (community card = ['S9', 'H6', 'SQ'])
name: b10902118, hole_card: ['ST', 'DJ']
name: b10902017, hole_card: ['S2', 'S8']
"b10902118" declared "raise:22.5"
name: b10902118, hole_card: ['ST', 'DJ']
name: b10902017, hole_card: ['S2', 'S8']
"b10902017" declared "call:22.5"
Street "turn" started. (community card = ['S9', 'H6', 'SQ', 'H4'])
name: b10902118, hole_card: ['ST', 'DJ']
name: b10902017, hole_card: ['S2', 'S8']
"b10902118" declared "call:0"
name: b10902118, hole_card: ['ST', 'DJ']
name: b10902017, hole_card: ['S2', 'S8']
"b10902017" declared "call:0"
Street "river" started. (community card = ['S9', 'H6', 'SQ', 'H4', 'C5'])
name: b10902118, hole_card: ['ST', 'DJ']
name: b10902017, hole_card: ['S2', 'S8']
"b10902118" declared "call:0"
name: b10902118, hole_card: ['ST', 'DJ']
name: b10902017, hole_card: ['S2', 'S8']
"b10902017" declared "call:0"
"['b10902118']" won the round 10 (stack = {'b10902118': 1054.25, 'b10902017': 945.0})
community cards of this round: ['S3', 'H2', 'S6', 'C3', 'D9']
name: b10902118, hole_card: ['H4', 'CJ']
name: b10902017, hole_card: ['HA', 'HT']
Started the round 11
Street "preflop" started. (community card = [])
name: b10902118, hole_card: ['H4', 'CJ']
name: b10902017, hole_card: ['HA', 'HT']
"b10902017" declared "raise:40"
name: b10902118, hole_card: ['H4', 'CJ']
name: b10902017, hole_card: ['HA', 'HT']
"b10902118" declared "fold:0"
"['b10902017']" won the round 11 (stack = {'b10902118': 1044.25, 'b10902017': 955.0})
community cards of this round: ['C8', 'H8', 'SK', 'C4', 'D2']
name: b10902118, hole_card: ['D3', 'C7']
name: b10902017, hole_card: ['ST', 'DQ']
Started the round 12
Street "preflop" started. (community card = [])
name: b10902118, hole_card: ['D3', 'C7']
name: b10902017, hole_card: ['ST', 'DQ']
"b10902118" declared "fold:0"
"['b10902017']" won the round 12 (stack = {'b10902118': 1039.25, 'b10902017': 960.0})
community cards of this round: ['SJ', 'D2', 'D7', 'S2', 'H7']
name: b10902118, hole_card: ['CA', 'DK']
name: b10902017, hole_card: ['D5', 'C5']
Started the round 13
Street "preflop" started. (community card = [])
name: b10902118, hole_card: ['CA', 'DK']
name: b10902017, hole_card: ['D5', 'C5']
"b10902017" declared "raise:47"
name: b10902118, hole_card: ['CA', 'DK']
name: b10902017, hole_card: ['D5', 'C5']
"b10902118" declared "raise:84"
name: b10902118, hole_card: ['CA', 'DK']
name: b10902017, hole_card: ['D5', 'C5']
"b10902017" declared "raise:121"
name: b10902118, hole_card: ['CA', 'DK']
name: b10902017, hole_card: ['D5', 'C5']
"b10902118" declared "raise:232.2855"
name: b10902118, hole_card: ['CA', 'DK']
name: b10902017, hole_card: ['D5', 'C5']
"b10902017" declared "raise:343.571"
name: b10902118, hole_card: ['CA', 'DK']
name: b10902017, hole_card: ['D5', 'C5']
"b10902118" declared "raise:652.5030001500002"
name: b10902118, hole_card: ['CA', 'DK']
name: b10902017, hole_card: ['D5', 'C5']
"b10902017" declared "call:652.5030001500002"
Street "flop" started. (community card = ['SJ', 'D2', 'D7'])
name: b10902118, hole_card: ['CA', 'DK']
name: b10902017, hole_card: ['D5', 'C5']
"b10902017" declared "raise:307.49699984999984"
name: b10902118, hole_card: ['CA', 'DK']
name: b10902017, hole_card: ['D5', 'C5']
"b10902118" declared "call:307.49699984999984"
Street "turn" started. (community card = ['SJ', 'D2', 'D7', 'S2'])
Street "river" started. (community card = ['SJ', 'D2', 'D7', 'S2', 'H7'])
"['b10902017']" won the round 13 (stack = {'b10902118': 79.25000000000006, 'b10902017': 1920.0})
community cards of this round: ['S9', 'C8', 'C6', 'HT', 'D4']
name: b10902118, hole_card: ['SA', 'H2']
name: b10902017, hole_card: ['H8', 'H6']
Started the round 14
Street "preflop" started. (community card = [])
name: b10902118, hole_card: ['SA', 'H2']
name: b10902017, hole_card: ['H8', 'H6']
"b10902118" declared "raise:27.5"
name: b10902118, hole_card: ['SA', 'H2']
name: b10902017, hole_card: ['H8', 'H6']
"b10902017" declared "fold:0"
"['b10902118']" won the round 14 (stack = {'b10902118': 88.75000000000006, 'b10902017': 1910.0})
community cards of this round: ['CQ', 'S4', 'DA', 'D7', 'H7']
name: b10902118, hole_card: ['H8', 'HA']
name: b10902017, hole_card: ['D6', 'D4']
Started the round 15
Street "preflop" started. (community card = [])
name: b10902118, hole_card: ['H8', 'HA']
name: b10902017, hole_card: ['D6', 'D4']
"b10902017" declared "fold:0"
"['b10902118']" won the round 15 (stack = {'b10902118': 93.75000000000006, 'b10902017': 1905.0})
community cards of this round: ['DK', 'S3', 'ST', 'CK', 'D8']
name: b10902118, hole_card: ['CA', 'CJ']
name: b10902017, hole_card: ['HQ', 'H2']
Started the round 16
Street "preflop" started. (community card = [])
name: b10902118, hole_card: ['CA', 'CJ']
name: b10902017, hole_card: ['HQ', 'H2']
"b10902118" declared "raise:15.0"
name: b10902118, hole_card: ['CA', 'CJ']
name: b10902017, hole_card: ['HQ', 'H2']
"b10902017" declared "fold:0"
"['b10902118']" won the round 16 (stack = {'b10902118': 103.75000000000006, 'b10902017': 1895.0})
community cards of this round: ['S4', 'C4', 'C7', 'H3', 'CA']
name: b10902118, hole_card: ['CJ', 'HA']
name: b10902017, hole_card: ['CQ', 'DK']
Started the round 17
Street "preflop" started. (community card = [])
name: b10902118, hole_card: ['CJ', 'HA']
name: b10902017, hole_card: ['CQ', 'DK']
"b10902017" declared "fold:0"
"['b10902118']" won the round 17 (stack = {'b10902118': 108.75000000000006, 'b10902017': 1890.0})
community cards of this round: ['C2', 'D6', 'ST', 'CA', 'H2']
name: b10902118, hole_card: ['D5', 'C4']
name: b10902017, hole_card: ['C6', 'D2']
Started the round 18
Street "preflop" started. (community card = [])
name: b10902118, hole_card: ['D5', 'C4']
name: b10902017, hole_card: ['C6', 'D2']
"b10902118" declared "raise:108.75000000000006"
name: b10902118, hole_card: ['D5', 'C4']
name: b10902017, hole_card: ['C6', 'D2']
"b10902017" declared "fold:0"
"['b10902118']" won the round 18 (stack = {'b10902118': 118.0, 'b10902017': 1880.0})
community cards of this round: ['C9', 'SA', 'S8', 'C5', 'D7']
name: b10902118, hole_card: ['HK', 'HA']
name: b10902017, hole_card: ['CJ', 'H7']
Started the round 19
Street "preflop" started. (community card = [])
name: b10902118, hole_card: ['HK', 'HA']
name: b10902017, hole_card: ['CJ', 'H7']
"b10902017" declared "fold:0"
"['b10902118']" won the round 19 (stack = {'b10902118': 123.0, 'b10902017': 1875.0})
community cards of this round: ['H2', 'D7', 'H8', 'H6', 'CQ']
name: b10902118, hole_card: ['S9', 'H3']
name: b10902017, hole_card: ['H9', 'CT']
Started the round 20
Street "preflop" started. (community card = [])
name: b10902118, hole_card: ['S9', 'H3']
name: b10902017, hole_card: ['H9', 'CT']
"b10902118" declared "raise:123.0"
name: b10902118, hole_card: ['S9', 'H3']
name: b10902017, hole_card: ['H9', 'CT']
"b10902017" declared "fold:0"
"['b10902118']" won the round 20 (stack = {'b10902118': 133.0, 'b10902017': 1865.0})
b10902017 vs b10902118 - Game 1: {'rule': {'initial_stack': 1000, 'max_round': 20, 'small_blind_amount': 5, 'ante': 0, 'blind_structure': {}}, 'players': [{'name': 'b10902118', 'uuid': 'atwwpdrrwddudrktgglniw', 'stack': 133.0, 'state': 'participating'}, {'name': 'b10902017', 'uuid': 'fwvkmydftjetygyzizjtza', 'stack': 1865.0, 'state': 'participating'}]}
community cards of this round: ['D3', 'HA', 'H6', 'HQ', 'H2']
name: b10902017, hole_card: ['DQ', 'C6']
name: b10902118, hole_card: ['C3', 'ST']
Started the round 1
Street "preflop" started. (community card = [])
name: b10902017, hole_card: ['DQ', 'C6']
name: b10902118, hole_card: ['C3', 'ST']
"b10902118" declared "call:10"
name: b10902017, hole_card: ['DQ', 'C6']
name: b10902118, hole_card: ['C3', 'ST']
"b10902017" declared "call:10"
Street "flop" started. (community card = ['D3', 'HA', 'H6'])
name: b10902017, hole_card: ['DQ', 'C6']
name: b10902118, hole_card: ['C3', 'ST']
"b10902118" declared "raise:22.5"
name: b10902017, hole_card: ['DQ', 'C6']
name: b10902118, hole_card: ['C3', 'ST']
"b10902017" declared "raise:45.0"
name: b10902017, hole_card: ['DQ', 'C6']
name: b10902118, hole_card: ['C3', 'ST']
"b10902118" declared "call:45.0"
Street "turn" started. (community card = ['D3', 'HA', 'H6', 'HQ'])
name: b10902017, hole_card: ['DQ', 'C6']
name: b10902118, hole_card: ['C3', 'ST']
"b10902118" declared "call:0"
name: b10902017, hole_card: ['DQ', 'C6']
name: b10902118, hole_card: ['C3', 'ST']
"b10902017" declared "raise:93"
name: b10902017, hole_card: ['DQ', 'C6']
name: b10902118, hole_card: ['C3', 'ST']
"b10902118" declared "fold:0"
"['b10902017']" won the round 1 (stack = {'b10902017': 1055.0, 'b10902118': 945.0})
community cards of this round: ['C4', 'CA', 'DK', 'H3', 'DJ']
name: b10902017, hole_card: ['H2', 'D9']
name: b10902118, hole_card: ['HA', 'H9']
Started the round 2
Street "preflop" started. (community card = [])
name: b10902017, hole_card: ['H2', 'D9']
name: b10902118, hole_card: ['HA', 'H9']
"b10902017" declared "fold:0"
"['b10902118']" won the round 2 (stack = {'b10902017': 1050.0, 'b10902118': 950.0})
community cards of this round: ['DK', 'D9', 'C2', 'ST', 'HA']
name: b10902017, hole_card: ['S2', 'C3']
name: b10902118, hole_card: ['C9', 'C7']
Started the round 3
Street "preflop" started. (community card = [])
name: b10902017, hole_card: ['S2', 'C3']
name: b10902118, hole_card: ['C9', 'C7']
"b10902118" declared "call:10"
name: b10902017, hole_card: ['S2', 'C3']
name: b10902118, hole_card: ['C9', 'C7']
"b10902017" declared "fold:0"
"['b10902118']" won the round 3 (stack = {'b10902017': 1040.0, 'b10902118': 960.0})
community cards of this round: ['SJ', 'H8', 'S5', 'DJ', 'C2']
name: b10902017, hole_card: ['D4', 'D3']
name: b10902118, hole_card: ['H5', 'CT']
Started the round 4
Street "preflop" started. (community card = [])
name: b10902017, hole_card: ['D4', 'D3']
name: b10902118, hole_card: ['H5', 'CT']
"b10902017" declared "fold:0"
"['b10902118']" won the round 4 (stack = {'b10902017': 1035.0, 'b10902118': 965.0})
community cards of this round: ['S6', 'C5', 'HK', 'SK', 'S3']
name: b10902017, hole_card: ['H3', 'H6']
name: b10902118, hole_card: ['HT', 'SQ']
Started the round 5
Street "preflop" started. (community card = [])
name: b10902017, hole_card: ['H3', 'H6']
name: b10902118, hole_card: ['HT', 'SQ']
"b10902118" declared "call:10"
name: b10902017, hole_card: ['H3', 'H6']
name: b10902118, hole_card: ['HT', 'SQ']
"b10902017" declared "call:10"
Street "flop" started. (community card = ['S6', 'C5', 'HK'])
name: b10902017, hole_card: ['H3', 'H6']
name: b10902118, hole_card: ['HT', 'SQ']
"b10902118" declared "call:0"
name: b10902017, hole_card: ['H3', 'H6']
name: b10902118, hole_card: ['HT', 'SQ']
"b10902017" declared "raise:46"
name: b10902017, hole_card: ['H3', 'H6']
name: b10902118, hole_card: ['HT', 'SQ']
"b10902118" declared "fold:0"
"['b10902017']" won the round 5 (stack = {'b10902017': 1045.0, 'b10902118': 955.0})
community cards of this round: ['C5', 'HJ', 'S3', 'S8', 'D6']
name: b10902017, hole_card: ['HK', 'H6']
name: b10902118, hole_card: ['C2', 'D8']
Started the round 6
Street "preflop" started. (community card = [])
name: b10902017, hole_card: ['HK', 'H6']
name: b10902118, hole_card: ['C2', 'D8']
"b10902017" declared "call:10"
name: b10902017, hole_card: ['HK', 'H6']
name: b10902118, hole_card: ['C2', 'D8']
"b10902118" declared "call:10"
Street "flop" started. (community card = ['C5', 'HJ', 'S3'])
name: b10902017, hole_card: ['HK', 'H6']
name: b10902118, hole_card: ['C2', 'D8']
"b10902017" declared "call:0"
name: b10902017, hole_card: ['HK', 'H6']
name: b10902118, hole_card: ['C2', 'D8']
"b10902118" declared "call:0"
Street "turn" started. (community card = ['C5', 'HJ', 'S3', 'S8'])
name: b10902017, hole_card: ['HK', 'H6']
name: b10902118, hole_card: ['C2', 'D8']
"b10902017" declared "call:0"
name: b10902017, hole_card: ['HK', 'H6']
name: b10902118, hole_card: ['C2', 'D8']
"b10902118" declared "raise:140.0"
name: b10902017, hole_card: ['HK', 'H6']
name: b10902118, hole_card: ['C2', 'D8']
"b10902017" declared "fold:0"
"['b10902118']" won the round 6 (stack = {'b10902017': 1035.0, 'b10902118': 965.0})
community cards of this round: ['C2', 'D8', 'H8', 'C3', 'S6']
name: b10902017, hole_card: ['DA', 'CQ']
name: b10902118, hole_card: ['D7', 'CJ']
Started the round 7
Street "preflop" started. (community card = [])
name: b10902017, hole_card: ['DA', 'CQ']
name: b10902118, hole_card: ['D7', 'CJ']
"b10902118" declared "call:10"
name: b10902017, hole_card: ['DA', 'CQ']
name: b10902118, hole_card: ['D7', 'CJ']
"b10902017" declared "raise:31"
name: b10902017, hole_card: ['DA', 'CQ']
name: b10902118, hole_card: ['D7', 'CJ']
"b10902118" declared "call:31"
Street "flop" started. (community card = ['C2', 'D8', 'H8'])
name: b10902017, hole_card: ['DA', 'CQ']
name: b10902118, hole_card: ['D7', 'CJ']
"b10902118" declared "call:0"
name: b10902017, hole_card: ['DA', 'CQ']
name: b10902118, hole_card: ['D7', 'CJ']
"b10902017" declared "call:0"
Street "turn" started. (community card = ['C2', 'D8', 'H8', 'C3'])
name: b10902017, hole_card: ['DA', 'CQ']
name: b10902118, hole_card: ['D7', 'CJ']
"b10902118" declared "call:0"
name: b10902017, hole_card: ['DA', 'CQ']
name: b10902118, hole_card: ['D7', 'CJ']
"b10902017" declared "call:0"
Street "river" started. (community card = ['C2', 'D8', 'H8', 'C3', 'S6'])
name: b10902017, hole_card: ['DA', 'CQ']
name: b10902118, hole_card: ['D7', 'CJ']
"b10902118" declared "call:0"
name: b10902017, hole_card: ['DA', 'CQ']
name: b10902118, hole_card: ['D7', 'CJ']
"b10902017" declared "raise:121"
name: b10902017, hole_card: ['DA', 'CQ']
name: b10902118, hole_card: ['D7', 'CJ']
"b10902118" declared "fold:0"
"['b10902017']" won the round 7 (stack = {'b10902017': 1066.0, 'b10902118': 934.0})
community cards of this round: ['ST', 'DA', 'HA', 'SQ', 'D8']
name: b10902017, hole_card: ['H4', 'D6']
name: b10902118, hole_card: ['H2', 'H5']
Started the round 8
Street "preflop" started. (community card = [])
name: b10902017, hole_card: ['H4', 'D6']
name: b10902118, hole_card: ['H2', 'H5']
"b10902017" declared "fold:0"
"['b10902118']" won the round 8 (stack = {'b10902017': 1061.0, 'b10902118': 939.0})
community cards of this round: ['CJ', 'SJ', 'D5', 'SA', 'H4']
name: b10902017, hole_card: ['S6', 'S2']
name: b10902118, hole_card: ['S4', 'S3']
Started the round 9
Street "preflop" started. (community card = [])
name: b10902017, hole_card: ['S6', 'S2']
name: b10902118, hole_card: ['S4', 'S3']
"b10902118" declared "fold:0"
"['b10902017']" won the round 9 (stack = {'b10902017': 1066.0, 'b10902118': 934.0})
community cards of this round: ['S9', 'H6', 'SQ', 'H4', 'C5']
name: b10902017, hole_card: ['ST', 'DJ']
name: b10902118, hole_card: ['S2', 'S8']
Started the round 10
Street "preflop" started. (community card = [])
name: b10902017, hole_card: ['ST', 'DJ']
name: b10902118, hole_card: ['S2', 'S8']
"b10902017" declared "raise:15"
name: b10902017, hole_card: ['ST', 'DJ']
name: b10902118, hole_card: ['S2', 'S8']
"b10902118" declared "raise:141.0"
name: b10902017, hole_card: ['ST', 'DJ']
name: b10902118, hole_card: ['S2', 'S8']
"b10902017" declared "raise:267.0"
name: b10902017, hole_card: ['ST', 'DJ']
name: b10902118, hole_card: ['S2', 'S8']
"b10902118" declared "raise:934.0"
name: b10902017, hole_card: ['ST', 'DJ']
name: b10902118, hole_card: ['S2', 'S8']
"b10902017" declared "fold:0"
"['b10902118']" won the round 10 (stack = {'b10902017': 799.0, 'b10902118': 1201.0})
community cards of this round: ['S3', 'H2', 'S6', 'C3', 'D9']
name: b10902017, hole_card: ['H4', 'CJ']
name: b10902118, hole_card: ['HA', 'HT']
Started the round 11
Street "preflop" started. (community card = [])
name: b10902017, hole_card: ['H4', 'CJ']
name: b10902118, hole_card: ['HA', 'HT']
"b10902118" declared "fold:0"
"['b10902017']" won the round 11 (stack = {'b10902017': 804.0, 'b10902118': 1196.0})
community cards of this round: ['C8', 'H8', 'SK', 'C4', 'D2']
name: b10902017, hole_card: ['D3', 'C7']
name: b10902118, hole_card: ['ST', 'DQ']
Started the round 12
Street "preflop" started. (community card = [])
name: b10902017, hole_card: ['D3', 'C7']
name: b10902118, hole_card: ['ST', 'DQ']
"b10902017" declared "raise:804.0"
name: b10902017, hole_card: ['D3', 'C7']
name: b10902118, hole_card: ['ST', 'DQ']
"b10902118" declared "fold:0"
"['b10902017']" won the round 12 (stack = {'b10902017': 814.0, 'b10902118': 1186.0})
community cards of this round: ['SJ', 'D2', 'D7', 'S2', 'H7']
name: b10902017, hole_card: ['CA', 'DK']
name: b10902118, hole_card: ['D5', 'C5']
Started the round 13
Street "preflop" started. (community card = [])
name: b10902017, hole_card: ['CA', 'DK']
name: b10902118, hole_card: ['D5', 'C5']
"b10902118" declared "fold:0"
"['b10902017']" won the round 13 (stack = {'b10902017': 819.0, 'b10902118': 1181.0})
community cards of this round: ['S9', 'C8', 'C6', 'HT', 'D4']
name: b10902017, hole_card: ['SA', 'H2']
name: b10902118, hole_card: ['H8', 'H6']
Started the round 14
Street "preflop" started. (community card = [])
name: b10902017, hole_card: ['SA', 'H2']
name: b10902118, hole_card: ['H8', 'H6']
"b10902017" declared "raise:819.0"
name: b10902017, hole_card: ['SA', 'H2']
name: b10902118, hole_card: ['H8', 'H6']
"b10902118" declared "fold:0"
"['b10902017']" won the round 14 (stack = {'b10902017': 829.0, 'b10902118': 1171.0})
community cards of this round: ['CQ', 'S4', 'DA', 'D7', 'H7']
name: b10902017, hole_card: ['H8', 'HA']
name: b10902118, hole_card: ['D6', 'D4']
Started the round 15
Street "preflop" started. (community card = [])
name: b10902017, hole_card: ['H8', 'HA']
name: b10902118, hole_card: ['D6', 'D4']
"b10902118" declared "fold:0"
"['b10902017']" won the round 15 (stack = {'b10902017': 834.0, 'b10902118': 1166.0})
community cards of this round: ['DK', 'S3', 'ST', 'CK', 'D8']
name: b10902017, hole_card: ['CA', 'CJ']
name: b10902118, hole_card: ['HQ', 'H2']
Started the round 16
Street "preflop" started. (community card = [])
name: b10902017, hole_card: ['CA', 'CJ']
name: b10902118, hole_card: ['HQ', 'H2']
"b10902017" declared "raise:834.0"
name: b10902017, hole_card: ['CA', 'CJ']
name: b10902118, hole_card: ['HQ', 'H2']
"b10902118" declared "fold:0"
"['b10902017']" won the round 16 (stack = {'b10902017': 844.0, 'b10902118': 1156.0})
community cards of this round: ['S4', 'C4', 'C7', 'H3', 'CA']
name: b10902017, hole_card: ['CJ', 'HA']
name: b10902118, hole_card: ['CQ', 'DK']
Started the round 17
Street "preflop" started. (community card = [])
name: b10902017, hole_card: ['CJ', 'HA']
name: b10902118, hole_card: ['CQ', 'DK']
"b10902118" declared "fold:0"
"['b10902017']" won the round 17 (stack = {'b10902017': 849.0, 'b10902118': 1151.0})
community cards of this round: ['C2', 'D6', 'ST', 'CA', 'H2']
name: b10902017, hole_card: ['D5', 'C4']
name: b10902118, hole_card: ['C6', 'D2']
Started the round 18
Street "preflop" started. (community card = [])
name: b10902017, hole_card: ['D5', 'C4']
name: b10902118, hole_card: ['C6', 'D2']
"b10902017" declared "raise:849.0"
name: b10902017, hole_card: ['D5', 'C4']
name: b10902118, hole_card: ['C6', 'D2']
"b10902118" declared "fold:0"
"['b10902017']" won the round 18 (stack = {'b10902017': 859.0, 'b10902118': 1141.0})
community cards of this round: ['C9', 'SA', 'S8', 'C5', 'D7']
name: b10902017, hole_card: ['HK', 'HA']
name: b10902118, hole_card: ['CJ', 'H7']
Started the round 19
Street "preflop" started. (community card = [])
name: b10902017, hole_card: ['HK', 'HA']
name: b10902118, hole_card: ['CJ', 'H7']
"b10902118" declared "fold:0"
"['b10902017']" won the round 19 (stack = {'b10902017': 864.0, 'b10902118': 1136.0})
community cards of this round: ['H2', 'D7', 'H8', 'H6', 'CQ']
name: b10902017, hole_card: ['S9', 'H3']
name: b10902118, hole_card: ['H9', 'CT']
Started the round 20
Street "preflop" started. (community card = [])
name: b10902017, hole_card: ['S9', 'H3']
name: b10902118, hole_card: ['H9', 'CT']
"b10902017" declared "raise:864.0"
name: b10902017, hole_card: ['S9', 'H3']
name: b10902118, hole_card: ['H9', 'CT']
"b10902118" declared "fold:0"
"['b10902017']" won the round 20 (stack = {'b10902017': 874.0, 'b10902118': 1126.0})
b10902017 vs b10902118 - Game 2: {'rule': {'initial_stack': 1000, 'max_round': 20, 'small_blind_amount': 5, 'ante': 0, 'blind_structure': {}}, 'players': [{'name': 'b10902017', 'uuid': 'axdtsdtojhscgcpjeduwyl', 'stack': 874.0, 'state': 'participating'}, {'name': 'b10902118', 'uuid': 'mliblriadaakvkczrntoum', 'stack': 1126.0, 'state': 'participating'}]}
community cards of this round: ['C5', 'HK', 'C6', 'H7', 'CQ']
name: b10902118, hole_card: ['HQ', 'C3']
name: b10902017, hole_card: ['S7', 'SJ']
Started the round 1
Street "preflop" started. (community card = [])
name: b10902118, hole_card: ['HQ', 'C3']
name: b10902017, hole_card: ['S7', 'SJ']
"b10902017" declared "call:10"
name: b10902118, hole_card: ['HQ', 'C3']
name: b10902017, hole_card: ['S7', 'SJ']
"b10902118" declared "call:10"
Street "flop" started. (community card = ['C5', 'HK', 'C6'])
name: b10902118, hole_card: ['HQ', 'C3']
name: b10902017, hole_card: ['S7', 'SJ']
"b10902017" declared "call:0"
name: b10902118, hole_card: ['HQ', 'C3']
name: b10902017, hole_card: ['S7', 'SJ']
"b10902118" declared "raise:30"
name: b10902118, hole_card: ['HQ', 'C3']
name: b10902017, hole_card: ['S7', 'SJ']
"b10902017" declared "fold:0"
"['b10902118']" won the round 1 (stack = {'b10902118': 1010, 'b10902017': 990})
community cards of this round: ['C9', 'CQ', 'D6', 'D9', 'HJ']
name: b10902118, hole_card: ['H4', 'HK']
name: b10902017, hole_card: ['HT', 'H7']
Started the round 2
Street "preflop" started. (community card = [])
name: b10902118, hole_card: ['H4', 'HK']
name: b10902017, hole_card: ['HT', 'H7']
"b10902118" declared "raise:27.5"
name: b10902118, hole_card: ['H4', 'HK']
name: b10902017, hole_card: ['HT', 'H7']
"b10902017" declared "fold:0"
"['b10902118']" won the round 2 (stack = {'b10902118': 1019.5, 'b10902017': 980})
community cards of this round: ['CQ', 'D9', 'S8', 'D6', 'DJ']
name: b10902118, hole_card: ['CJ', 'S6']
name: b10902017, hole_card: ['HT', 'D3']
Started the round 3
Street "preflop" started. (community card = [])
name: b10902118, hole_card: ['CJ', 'S6']
name: b10902017, hole_card: ['HT', 'D3']
"b10902017" declared "fold:0"
"['b10902118']" won the round 3 (stack = {'b10902118': 1024.5, 'b10902017': 975})
community cards of this round: ['HA', 'S8', 'C3', 'D4', 'C8']
name: b10902118, hole_card: ['DK', 'SQ']
name: b10902017, hole_card: ['S4', 'D3']
Started the round 4
Street "preflop" started. (community card = [])
name: b10902118, hole_card: ['DK', 'SQ']
name: b10902017, hole_card: ['S4', 'D3']
"b10902118" declared "raise:15.0"
name: b10902118, hole_card: ['DK', 'SQ']
name: b10902017, hole_card: ['S4', 'D3']
"b10902017" declared "fold:0"
"['b10902118']" won the round 4 (stack = {'b10902118': 1034.5, 'b10902017': 965})
community cards of this round: ['D5', 'DA', 'SJ', 'C9', 'H4']
name: b10902118, hole_card: ['C2', 'C6']
name: b10902017, hole_card: ['HT', 'S4']
Started the round 5
Street "preflop" started. (community card = [])
name: b10902118, hole_card: ['C2', 'C6']
name: b10902017, hole_card: ['HT', 'S4']
"b10902017" declared "raise:15"
name: b10902118, hole_card: ['C2', 'C6']
name: b10902017, hole_card: ['HT', 'S4']
"b10902118" declared "fold:0"
"['b10902017']" won the round 5 (stack = {'b10902118': 1024.5, 'b10902017': 975})
community cards of this round: ['D4', 'CJ', 'CA', 'H5', 'DA']
name: b10902118, hole_card: ['C9', 'D9']
name: b10902017, hole_card: ['S8', 'H3']
Started the round 6
Street "preflop" started. (community card = [])
name: b10902118, hole_card: ['C9', 'D9']
name: b10902017, hole_card: ['S8', 'H3']
"b10902118" declared "raise:15.0"
name: b10902118, hole_card: ['C9', 'D9']
name: b10902017, hole_card: ['S8', 'H3']
"b10902017" declared "fold:0"
"['b10902118']" won the round 6 (stack = {'b10902118': 1034.5, 'b10902017': 965})
community cards of this round: ['C2', 'CT', 'S3', 'S9', 'H6']
name: b10902118, hole_card: ['D6', 'H2']
name: b10902017, hole_card: ['SQ', 'HQ']
Started the round 7
Street "preflop" started. (community card = [])
name: b10902118, hole_card: ['D6', 'H2']
name: b10902017, hole_card: ['SQ', 'HQ']
"b10902017" declared "raise:41"
name: b10902118, hole_card: ['D6', 'H2']
name: b10902017, hole_card: ['SQ', 'HQ']
"b10902118" declared "fold:0"
"['b10902017']" won the round 7 (stack = {'b10902118': 1024.5, 'b10902017': 975})
community cards of this round: ['H7', 'DK', 'D7', 'C7', 'C5']
name: b10902118, hole_card: ['S3', 'D9']
name: b10902017, hole_card: ['H9', 'DA']
Started the round 8
Street "preflop" started. (community card = [])
name: b10902118, hole_card: ['S3', 'D9']
name: b10902017, hole_card: ['H9', 'DA']
"b10902118" declared "fold:0"
"['b10902017']" won the round 8 (stack = {'b10902118': 1019.5, 'b10902017': 980})
community cards of this round: ['S4', 'DJ', 'CQ', 'S7', 'SK']
name: b10902118, hole_card: ['ST', 'DT']
name: b10902017, hole_card: ['DK', 'H6']
Started the round 9
Street "preflop" started. (community card = [])
name: b10902118, hole_card: ['ST', 'DT']
name: b10902017, hole_card: ['DK', 'H6']
"b10902017" declared "call:10"
name: b10902118, hole_card: ['ST', 'DT']
name: b10902017, hole_card: ['DK', 'H6']
"b10902118" declared "raise:20.0"
name: b10902118, hole_card: ['ST', 'DT']
name: b10902017, hole_card: ['DK', 'H6']
"b10902017" declared "call:20.0"
Street "flop" started. (community card = ['S4', 'DJ', 'CQ'])
name: b10902118, hole_card: ['ST', 'DT']
name: b10902017, hole_card: ['DK', 'H6']
"b10902017" declared "call:0"
name: b10902118, hole_card: ['ST', 'DT']
name: b10902017, hole_card: ['DK', 'H6']
"b10902118" declared "raise:13.333333333333329"
name: b10902118, hole_card: ['ST', 'DT']
name: b10902017, hole_card: ['DK', 'H6']
"b10902017" declared "fold:0"
"['b10902118']" won the round 9 (stack = {'b10902118': 1039.1666666666665, 'b10902017': 960.0})
community cards of this round: ['D7', 'C2', 'C6', 'H3', 'H5']
name: b10902118, hole_card: ['H6', 'HK']
name: b10902017, hole_card: ['C4', 'SQ']
Started the round 10
Street "preflop" started. (community card = [])
name: b10902118, hole_card: ['H6', 'HK']
name: b10902017, hole_card: ['C4', 'SQ']
"b10902118" declared "raise:27.5"
name: b10902118, hole_card: ['H6', 'HK']
name: b10902017, hole_card: ['C4', 'SQ']
"b10902017" declared "call:27.5"
Street "flop" started. (community card = ['D7', 'C2', 'C6'])
name: b10902118, hole_card: ['H6', 'HK']
name: b10902017, hole_card: ['C4', 'SQ']
"b10902118" declared "raise:18.33333333333333"
name: b10902118, hole_card: ['H6', 'HK']
name: b10902017, hole_card: ['C4', 'SQ']
"b10902017" declared "fold:0"
"['b10902118']" won the round 10 (stack = {'b10902118': 1066.333333333333, 'b10902017': 932.5})
community cards of this round: ['H2', 'C6', 'C8', 'S7', 'DT']
name: b10902118, hole_card: ['HT', 'S8']
name: b10902017, hole_card: ['S3', 'H3']
Started the round 11
Street "preflop" started. (community card = [])
name: b10902118, hole_card: ['HT', 'S8']
name: b10902017, hole_card: ['S3', 'H3']
"b10902017" declared "raise:932.5"
name: b10902118, hole_card: ['HT', 'S8']
name: b10902017, hole_card: ['S3', 'H3']
"b10902118" declared "fold:0"
"['b10902017']" won the round 11 (stack = {'b10902118': 1056.333333333333, 'b10902017': 942.0})
community cards of this round: ['C8', 'S4', 'D5', 'DK', 'D2']
name: b10902118, hole_card: ['C3', 'H8']
name: b10902017, hole_card: ['D9', 'C6']
Started the round 12
Street "preflop" started. (community card = [])
name: b10902118, hole_card: ['C3', 'H8']
name: b10902017, hole_card: ['D9', 'C6']
"b10902118" declared "fold:0"
"['b10902017']" won the round 12 (stack = {'b10902118': 1051.333333333333, 'b10902017': 947.0})
community cards of this round: ['H9', 'SQ', 'SA', 'DA', 'HT']
name: b10902118, hole_card: ['C5', 'HA']
name: b10902017, hole_card: ['HK', 'SJ']
Started the round 13
Street "preflop" started. (community card = [])
name: b10902118, hole_card: ['C5', 'HA']
name: b10902017, hole_card: ['HK', 'SJ']
"b10902017" declared "raise:947.0"
name: b10902118, hole_card: ['C5', 'HA']
name: b10902017, hole_card: ['HK', 'SJ']
"b10902118" declared "call:947.0"
Street "flop" started. (community card = ['H9', 'SQ', 'SA'])
Street "turn" started. (community card = ['H9', 'SQ', 'SA', 'DA'])
Street "river" started. (community card = ['H9', 'SQ', 'SA', 'DA', 'HT'])
"['b10902017']" won the round 13 (stack = {'b10902118': 104.33333333333303, 'b10902017': 1894.0})
community cards of this round: ['C3', 'D5', 'S4', 'HK', 'D6']
name: b10902118, hole_card: ['D7', 'DK']
name: b10902017, hole_card: ['S7', 'S8']
Started the round 14
Street "preflop" started. (community card = [])
name: b10902118, hole_card: ['D7', 'DK']
name: b10902017, hole_card: ['S7', 'S8']
"b10902118" declared "call:10"
name: b10902118, hole_card: ['D7', 'DK']
name: b10902017, hole_card: ['S7', 'S8']
"b10902017" declared "fold:0"
"['b10902118']" won the round 14 (stack = {'b10902118': 114.33333333333303, 'b10902017': 1884.0})
community cards of this round: ['S3', 'C9', 'DQ', 'H6', 'SJ']
name: b10902118, hole_card: ['D3', 'DT']
name: b10902017, hole_card: ['S7', 'D4']
Started the round 15
Street "preflop" started. (community card = [])
name: b10902118, hole_card: ['D3', 'DT']
name: b10902017, hole_card: ['S7', 'D4']
"b10902017" declared "fold:0"
"['b10902118']" won the round 15 (stack = {'b10902118': 119.33333333333303, 'b10902017': 1879.0})
community cards of this round: ['C8', 'C3', 'CQ', 'C4', 'H3']
name: b10902118, hole_card: ['CJ', 'CA']
name: b10902017, hole_card: ['SA', 'H5']
Started the round 16
Street "preflop" started. (community card = [])
name: b10902118, hole_card: ['CJ', 'CA']
name: b10902017, hole_card: ['SA', 'H5']
"b10902118" declared "raise:15.0"
name: b10902118, hole_card: ['CJ', 'CA']
name: b10902017, hole_card: ['SA', 'H5']
"b10902017" declared "fold:0"
"['b10902118']" won the round 16 (stack = {'b10902118': 129.33333333333303, 'b10902017': 1869.0})
community cards of this round: ['S6', 'C4', 'D4', 'S4', 'S3']
name: b10902118, hole_card: ['SA', 'HA']
name: b10902017, hole_card: ['CA', 'C7']
Started the round 17
Street "preflop" started. (community card = [])
name: b10902118, hole_card: ['SA', 'HA']
name: b10902017, hole_card: ['CA', 'C7']
"b10902017" declared "fold:0"
"['b10902118']" won the round 17 (stack = {'b10902118': 134.33333333333303, 'b10902017': 1864.0})
community cards of this round: ['SK', 'H8', 'C8', 'D3', 'HJ']
name: b10902118, hole_card: ['S3', 'HQ']
name: b10902017, hole_card: ['C9', 'DQ']
Started the round 18
Street "preflop" started. (community card = [])
name: b10902118, hole_card: ['S3', 'HQ']
name: b10902017, hole_card: ['C9', 'DQ']
"b10902118" declared "raise:27.5"
name: b10902118, hole_card: ['S3', 'HQ']
name: b10902017, hole_card: ['C9', 'DQ']
"b10902017" declared "fold:0"
"['b10902118']" won the round 18 (stack = {'b10902118': 143.83333333333303, 'b10902017': 1854.0})
community cards of this round: ['HJ', 'SK', 'C8', 'CA', 'H7']
name: b10902118, hole_card: ['S8', 'HT']
name: b10902017, hole_card: ['D4', 'S7']
Started the round 19
Street "preflop" started. (community card = [])
name: b10902118, hole_card: ['S8', 'HT']
name: b10902017, hole_card: ['D4', 'S7']
"b10902017" declared "fold:0"
"['b10902118']" won the round 19 (stack = {'b10902118': 148.83333333333303, 'b10902017': 1849.0})
community cards of this round: ['ST', 'S9', 'H7', 'DT', 'HK']
name: b10902118, hole_card: ['DA', 'D2']
name: b10902017, hole_card: ['D7', 'H3']
Started the round 20
Street "preflop" started. (community card = [])
name: b10902118, hole_card: ['DA', 'D2']
name: b10902017, hole_card: ['D7', 'H3']
"b10902118" declared "call:10"
name: b10902118, hole_card: ['DA', 'D2']
name: b10902017, hole_card: ['D7', 'H3']
"b10902017" declared "fold:0"
"['b10902118']" won the round 20 (stack = {'b10902118': 158.83333333333303, 'b10902017': 1839.0})
b10902017 vs b10902118 - Game 3: {'rule': {'initial_stack': 1000, 'max_round': 20, 'small_blind_amount': 5, 'ante': 0, 'blind_structure': {}}, 'players': [{'name': 'b10902118', 'uuid': 'phyiwufytjcpdbqvuzhvxh', 'stack': 158.83333333333303, 'state': 'participating'}, {'name': 'b10902017', 'uuid': 'aijmvexgvrgjedjipqcpfy', 'stack': 1839.0, 'state': 'participating'}]}
community cards of this round: ['C5', 'HK', 'C6', 'H7', 'CQ']
name: b10902017, hole_card: ['HQ', 'C3']
name: b10902118, hole_card: ['S7', 'SJ']
Started the round 1
Street "preflop" started. (community card = [])
name: b10902017, hole_card: ['HQ', 'C3']
name: b10902118, hole_card: ['S7', 'SJ']
"b10902118" declared "call:10"
name: b10902017, hole_card: ['HQ', 'C3']
name: b10902118, hole_card: ['S7', 'SJ']
"b10902017" declared "fold:0"
"['b10902118']" won the round 1 (stack = {'b10902017': 990, 'b10902118': 1010})
community cards of this round: ['C9', 'CQ', 'D6', 'D9', 'HJ']
name: b10902017, hole_card: ['H4', 'HK']
name: b10902118, hole_card: ['HT', 'H7']
Started the round 2
Street "preflop" started. (community card = [])
name: b10902017, hole_card: ['H4', 'HK']
name: b10902118, hole_card: ['HT', 'H7']
"b10902017" declared "raise:15"
name: b10902017, hole_card: ['H4', 'HK']
name: b10902118, hole_card: ['HT', 'H7']
"b10902118" declared "raise:32.5"
name: b10902017, hole_card: ['H4', 'HK']
name: b10902118, hole_card: ['HT', 'H7']
"b10902017" declared "fold:0"
"['b10902118']" won the round 2 (stack = {'b10902017': 975, 'b10902118': 1024.5})
community cards of this round: ['CQ', 'D9', 'S8', 'D6', 'DJ']
name: b10902017, hole_card: ['CJ', 'S6']
name: b10902118, hole_card: ['HT', 'D3']
Started the round 3
Street "preflop" started. (community card = [])
name: b10902017, hole_card: ['CJ', 'S6']
name: b10902118, hole_card: ['HT', 'D3']
"b10902118" declared "call:10"
name: b10902017, hole_card: ['CJ', 'S6']
name: b10902118, hole_card: ['HT', 'D3']
"b10902017" declared "raise:15"
name: b10902017, hole_card: ['CJ', 'S6']
name: b10902118, hole_card: ['HT', 'D3']
"b10902118" declared "fold:0"
"['b10902017']" won the round 3 (stack = {'b10902017': 985, 'b10902118': 1014.5})
community cards of this round: ['HA', 'S8', 'C3', 'D4', 'C8']
name: b10902017, hole_card: ['DK', 'SQ']
name: b10902118, hole_card: ['S4', 'D3']
Started the round 4
Street "preflop" started. (community card = [])
name: b10902017, hole_card: ['DK', 'SQ']
name: b10902118, hole_card: ['S4', 'D3']
"b10902017" declared "call:10"
name: b10902017, hole_card: ['DK', 'SQ']
name: b10902118, hole_card: ['S4', 'D3']
"b10902118" declared "call:10"
Street "flop" started. (community card = ['HA', 'S8', 'C3'])
name: b10902017, hole_card: ['DK', 'SQ']
name: b10902118, hole_card: ['S4', 'D3']
"b10902017" declared "call:0"
name: b10902017, hole_card: ['DK', 'SQ']
name: b10902118, hole_card: ['S4', 'D3']
"b10902118" declared "raise:95.25"
name: b10902017, hole_card: ['DK', 'SQ']
name: b10902118, hole_card: ['S4', 'D3']
"b10902017" declared "fold:0"
"['b10902118']" won the round 4 (stack = {'b10902017': 975, 'b10902118': 1024.25})
community cards of this round: ['D5', 'DA', 'SJ', 'C9', 'H4']
name: b10902017, hole_card: ['C2', 'C6']
name: b10902118, hole_card: ['HT', 'S4']
Started the round 5
Street "preflop" started. (community card = [])
name: b10902017, hole_card: ['C2', 'C6']
name: b10902118, hole_card: ['HT', 'S4']
"b10902118" declared "call:10"
name: b10902017, hole_card: ['C2', 'C6']
name: b10902118, hole_card: ['HT', 'S4']
"b10902017" declared "fold:0"
"['b10902118']" won the round 5 (stack = {'b10902017': 965, 'b10902118': 1034.25})
community cards of this round: ['D4', 'CJ', 'CA', 'H5', 'DA']
name: b10902017, hole_card: ['C9', 'D9']
name: b10902118, hole_card: ['S8', 'H3']
Started the round 6
Street "preflop" started. (community card = [])
name: b10902017, hole_card: ['C9', 'D9']
name: b10902118, hole_card: ['S8', 'H3']
"b10902017" declared "raise:34"
name: b10902017, hole_card: ['C9', 'D9']
name: b10902118, hole_card: ['S8', 'H3']
"b10902118" declared "fold:0"
"['b10902017']" won the round 6 (stack = {'b10902017': 975, 'b10902118': 1024.25})
community cards of this round: ['C2', 'CT', 'S3', 'S9', 'H6']
name: b10902017, hole_card: ['D6', 'H2']
name: b10902118, hole_card: ['SQ', 'HQ']
Started the round 7
Street "preflop" started. (community card = [])
name: b10902017, hole_card: ['D6', 'H2']
name: b10902118, hole_card: ['SQ', 'HQ']
"b10902118" declared "raise:15.0"
name: b10902017, hole_card: ['D6', 'H2']
name: b10902118, hole_card: ['SQ', 'HQ']
"b10902017" declared "fold:0"
"['b10902118']" won the round 7 (stack = {'b10902017': 965, 'b10902118': 1034.25})
community cards of this round: ['H7', 'DK', 'D7', 'C7', 'C5']
name: b10902017, hole_card: ['S3', 'D9']
name: b10902118, hole_card: ['H9', 'DA']
Started the round 8
Street "preflop" started. (community card = [])
name: b10902017, hole_card: ['S3', 'D9']
name: b10902118, hole_card: ['H9', 'DA']
"b10902017" declared "fold:0"
"['b10902118']" won the round 8 (stack = {'b10902017': 960, 'b10902118': 1039.25})
community cards of this round: ['S4', 'DJ', 'CQ', 'S7', 'SK']
name: b10902017, hole_card: ['ST', 'DT']
name: b10902118, hole_card: ['DK', 'H6']
Started the round 9
Street "preflop" started. (community card = [])
name: b10902017, hole_card: ['ST', 'DT']
name: b10902118, hole_card: ['DK', 'H6']
"b10902118" declared "raise:27.5"
name: b10902017, hole_card: ['ST', 'DT']
name: b10902118, hole_card: ['DK', 'H6']
"b10902017" declared "raise:45.0"
name: b10902017, hole_card: ['ST', 'DT']
name: b10902118, hole_card: ['DK', 'H6']
"b10902118" declared "call:45.0"
Street "flop" started. (community card = ['S4', 'DJ', 'CQ'])
name: b10902017, hole_card: ['ST', 'DT']
name: b10902118, hole_card: ['DK', 'H6']
"b10902118" declared "call:0"
name: b10902017, hole_card: ['ST', 'DT']
name: b10902118, hole_card: ['DK', 'H6']
"b10902017" declared "raise:915.0"
name: b10902017, hole_card: ['ST', 'DT']
name: b10902118, hole_card: ['DK', 'H6']
"b10902118" declared "fold:0"
"['b10902017']" won the round 9 (stack = {'b10902017': 1005.0, 'b10902118': 994.25})
community cards of this round: ['D7', 'C2', 'C6', 'H3', 'H5']
name: b10902017, hole_card: ['H6', 'HK']
name: b10902118, hole_card: ['C4', 'SQ']
Started the round 10
Street "preflop" started. (community card = [])
name: b10902017, hole_card: ['H6', 'HK']
name: b10902118, hole_card: ['C4', 'SQ']
"b10902017" declared "raise:15"
name: b10902017, hole_card: ['H6', 'HK']
name: b10902118, hole_card: ['C4', 'SQ']
"b10902118" declared "call:15"
Street "flop" started. (community card = ['D7', 'C2', 'C6'])
name: b10902017, hole_card: ['H6', 'HK']
name: b10902118, hole_card: ['C4', 'SQ']
"b10902017" declared "raise:62"
name: b10902017, hole_card: ['H6', 'HK']
name: b10902118, hole_card: ['C4', 'SQ']
"b10902118" declared "fold:0"
"['b10902017']" won the round 10 (stack = {'b10902017': 1020.0, 'b10902118': 979.25})
community cards of this round: ['H2', 'C6', 'C8', 'S7', 'DT']
name: b10902017, hole_card: ['HT', 'S8']
name: b10902118, hole_card: ['S3', 'H3']
Started the round 11
Street "preflop" started. (community card = [])
name: b10902017, hole_card: ['HT', 'S8']
name: b10902118, hole_card: ['S3', 'H3']
"b10902118" declared "raise:27.5"
name: b10902017, hole_card: ['HT', 'S8']
name: b10902118, hole_card: ['S3', 'H3']
"b10902017" declared "call:27.5"
Street "flop" started. (community card = ['H2', 'C6', 'C8'])
name: b10902017, hole_card: ['HT', 'S8']
name: b10902118, hole_card: ['S3', 'H3']
"b10902118" declared "raise:22.5"
name: b10902017, hole_card: ['HT', 'S8']
name: b10902118, hole_card: ['S3', 'H3']
"b10902017" declared "raise:77"
name: b10902017, hole_card: ['HT', 'S8']
name: b10902118, hole_card: ['S3', 'H3']
"b10902118" declared "call:77"
Street "turn" started. (community card = ['H2', 'C6', 'C8', 'S7'])
name: b10902017, hole_card: ['HT', 'S8']
name: b10902118, hole_card: ['S3', 'H3']
"b10902118" declared "call:0"
name: b10902017, hole_card: ['HT', 'S8']
name: b10902118, hole_card: ['S3', 'H3']
"b10902017" declared "raise:915.5"
name: b10902017, hole_card: ['HT', 'S8']
name: b10902118, hole_card: ['S3', 'H3']
"b10902118" declared "call:915.5"
Street "river" started. (community card = ['H2', 'C6', 'C8', 'S7', 'DT'])
"['b10902017']" won the round 11 (stack = {'b10902017': 1998.0, 'b10902118': 0.0})
b10902017 vs b10902118 - Game 4: {'rule': {'initial_stack': 1000, 'max_round': 20, 'small_blind_amount': 5, 'ante': 0, 'blind_structure': {}}, 'players': [{'name': 'b10902017', 'uuid': 'tbdpxvhcfkmyckimmkvhfs', 'stack': 1998.0, 'state': 'participating'}, {'name': 'b10902118', 'uuid': 'ikujbgeujrzyjutkycrjoy', 'stack': 0, 'state': 'folded'}]}
community cards of this round: ['D8', 'C2', 'H2', 'S5', 'H3']
name: b10902118, hole_card: ['HA', 'H4']
name: b10902017, hole_card: ['S9', 'HT']
Started the round 1
Street "preflop" started. (community card = [])
name: b10902118, hole_card: ['HA', 'H4']
name: b10902017, hole_card: ['S9', 'HT']
"b10902017" declared "raise:15"
name: b10902118, hole_card: ['HA', 'H4']
name: b10902017, hole_card: ['S9', 'HT']
"b10902118" declared "raise:32.5"
name: b10902118, hole_card: ['HA', 'H4']
name: b10902017, hole_card: ['S9', 'HT']
"b10902017" declared "fold:0"
"['b10902118']" won the round 1 (stack = {'b10902118': 1014.5, 'b10902017': 985})
community cards of this round: ['S2', 'HK', 'H8', 'SA', 'S5']
name: b10902118, hole_card: ['C5', 'HA']
name: b10902017, hole_card: ['H5', 'H6']
Started the round 2
Street "preflop" started. (community card = [])
name: b10902118, hole_card: ['C5', 'HA']
name: b10902017, hole_card: ['H5', 'H6']
"b10902118" declared "call:10"
name: b10902118, hole_card: ['C5', 'HA']
name: b10902017, hole_card: ['H5', 'H6']
"b10902017" declared "raise:15"
name: b10902118, hole_card: ['C5', 'HA']
name: b10902017, hole_card: ['H5', 'H6']
"b10902118" declared "call:15"
Street "flop" started. (community card = ['S2', 'HK', 'H8'])
name: b10902118, hole_card: ['C5', 'HA']
name: b10902017, hole_card: ['H5', 'H6']
"b10902118" declared "call:0"
name: b10902118, hole_card: ['C5', 'HA']
name: b10902017, hole_card: ['H5', 'H6']
"b10902017" declared "call:0"
Street "turn" started. (community card = ['S2', 'HK', 'H8', 'SA'])
name: b10902118, hole_card: ['C5', 'HA']
name: b10902017, hole_card: ['H5', 'H6']
"b10902118" declared "raise:10"
name: b10902118, hole_card: ['C5', 'HA']
name: b10902017, hole_card: ['H5', 'H6']
"b10902017" declared "fold:0"
"['b10902118']" won the round 2 (stack = {'b10902118': 1029.5, 'b10902017': 970})
community cards of this round: ['D5', 'H9', 'SK', 'D3', 'D6']
name: b10902118, hole_card: ['CQ', 'ST']
name: b10902017, hole_card: ['HQ', 'CJ']
Started the round 3
Street "preflop" started. (community card = [])
name: b10902118, hole_card: ['CQ', 'ST']
name: b10902017, hole_card: ['HQ', 'CJ']
"b10902017" declared "raise:15"
name: b10902118, hole_card: ['CQ', 'ST']
name: b10902017, hole_card: ['HQ', 'CJ']
"b10902118" declared "raise:32.5"
name: b10902118, hole_card: ['CQ', 'ST']
name: b10902017, hole_card: ['HQ', 'CJ']
"b10902017" declared "fold:0"
"['b10902118']" won the round 3 (stack = {'b10902118': 1044.0, 'b10902017': 955})
community cards of this round: ['HK', 'ST', 'DT', 'S2', 'H2']
name: b10902118, hole_card: ['DK', 'H5']
name: b10902017, hole_card: ['HT', 'CK']
Started the round 4
Street "preflop" started. (community card = [])
name: b10902118, hole_card: ['DK', 'H5']
name: b10902017, hole_card: ['HT', 'CK']
"b10902118" declared "call:10"
name: b10902118, hole_card: ['DK', 'H5']
name: b10902017, hole_card: ['HT', 'CK']
"b10902017" declared "call:10"
Street "flop" started. (community card = ['HK', 'ST', 'DT'])
name: b10902118, hole_card: ['DK', 'H5']
name: b10902017, hole_card: ['HT', 'CK']
"b10902118" declared "raise:65.5"
name: b10902118, hole_card: ['DK', 'H5']
name: b10902017, hole_card: ['HT', 'CK']
"b10902017" declared "raise:131.0"
name: b10902118, hole_card: ['DK', 'H5']
name: b10902017, hole_card: ['HT', 'CK']
"b10902118" declared "call:131.0"
Street "turn" started. (community card = ['HK', 'ST', 'DT', 'S2'])
name: b10902118, hole_card: ['DK', 'H5']
name: b10902017, hole_card: ['HT', 'CK']
"b10902118" declared "call:0"
name: b10902118, hole_card: ['DK', 'H5']
name: b10902017, hole_card: ['HT', 'CK']
"b10902017" declared "raise:814.0"
name: b10902118, hole_card: ['DK', 'H5']
name: b10902017, hole_card: ['HT', 'CK']
"b10902118" declared "call:814.0"
Street "river" started. (community card = ['HK', 'ST', 'DT', 'S2', 'H2'])
"['b10902017']" won the round 4 (stack = {'b10902118': 89.0, 'b10902017': 1910.0})
community cards of this round: ['C6', 'DT', 'HQ', 'D9', 'CA']
name: b10902118, hole_card: ['DK', 'C3']
name: b10902017, hole_card: ['ST', 'H8']
Started the round 5
Street "preflop" started. (community card = [])
name: b10902118, hole_card: ['DK', 'C3']
name: b10902017, hole_card: ['ST', 'H8']
"b10902017" declared "fold:0"
"['b10902118']" won the round 5 (stack = {'b10902118': 94.0, 'b10902017': 1905.0})
community cards of this round: ['D6', 'C7', 'D8', 'D4', 'CT']
name: b10902118, hole_card: ['S7', 'C6']
name: b10902017, hole_card: ['CA', 'HA']
Started the round 6
Street "preflop" started. (community card = [])
name: b10902118, hole_card: ['S7', 'C6']
name: b10902017, hole_card: ['CA', 'HA']
"b10902118" declared "raise:94.0"
name: b10902118, hole_card: ['S7', 'C6']
name: b10902017, hole_card: ['CA', 'HA']
"b10902017" declared "fold:0"
"['b10902118']" won the round 6 (stack = {'b10902118': 104.0, 'b10902017': 1895.0})
community cards of this round: ['DJ', 'S4', 'DT', 'D7', 'DQ']
name: b10902118, hole_card: ['S8', 'D3']
name: b10902017, hole_card: ['D2', 'CJ']
Started the round 7
Street "preflop" started. (community card = [])
name: b10902118, hole_card: ['S8', 'D3']
name: b10902017, hole_card: ['D2', 'CJ']
"b10902017" declared "fold:0"
"['b10902118']" won the round 7 (stack = {'b10902118': 109.0, 'b10902017': 1890.0})
community cards of this round: ['C8', 'S9', 'D7', 'SK', 'H4']
name: b10902118, hole_card: ['HA', 'D6']
name: b10902017, hole_card: ['HQ', 'C7']
Started the round 8
Street "preflop" started. (community card = [])
name: b10902118, hole_card: ['HA', 'D6']
name: b10902017, hole_card: ['HQ', 'C7']
"b10902118" declared "call:10"
name: b10902118, hole_card: ['HA', 'D6']
name: b10902017, hole_card: ['HQ', 'C7']
"b10902017" declared "fold:0"
"['b10902118']" won the round 8 (stack = {'b10902118': 119.0, 'b10902017': 1880.0})
community cards of this round: ['CJ', 'CT', 'ST', 'HJ', 'H3']
name: b10902118, hole_card: ['S9', 'C5']
name: b10902017, hole_card: ['SJ', 'S3']
Started the round 9
Street "preflop" started. (community card = [])
name: b10902118, hole_card: ['S9', 'C5']
name: b10902017, hole_card: ['SJ', 'S3']
"b10902017" declared "fold:0"
"['b10902118']" won the round 9 (stack = {'b10902118': 124.0, 'b10902017': 1875.0})
community cards of this round: ['D4', 'H6', 'CT', 'CJ', 'DK']
name: b10902118, hole_card: ['D7', 'DJ']
name: b10902017, hole_card: ['D6', 'C2']
Started the round 10
Street "preflop" started. (community card = [])
name: b10902118, hole_card: ['D7', 'DJ']
name: b10902017, hole_card: ['D6', 'C2']
"b10902118" declared "call:10"
name: b10902118, hole_card: ['D7', 'DJ']
name: b10902017, hole_card: ['D6', 'C2']
"b10902017" declared "fold:0"
"['b10902118']" won the round 10 (stack = {'b10902118': 134.0, 'b10902017': 1865.0})
community cards of this round: ['C7', 'DK', 'D6', 'C4', 'DQ']
name: b10902118, hole_card: ['H3', 'C6']
name: b10902017, hole_card: ['C8', 'HJ']
Started the round 11
Street "preflop" started. (community card = [])
name: b10902118, hole_card: ['H3', 'C6']
name: b10902017, hole_card: ['C8', 'HJ']
"b10902017" declared "fold:0"
"['b10902118']" won the round 11 (stack = {'b10902118': 139.0, 'b10902017': 1860.0})
community cards of this round: ['D4', 'C9', 'H5', 'D3', 'DT']
name: b10902118, hole_card: ['D7', 'D9']
name: b10902017, hole_card: ['DK', 'CT']
Started the round 12
Street "preflop" started. (community card = [])
name: b10902118, hole_card: ['D7', 'D9']
name: b10902017, hole_card: ['DK', 'CT']
"b10902118" declared "call:10"
name: b10902118, hole_card: ['D7', 'D9']
name: b10902017, hole_card: ['DK', 'CT']
"b10902017" declared "fold:0"
"['b10902118']" won the round 12 (stack = {'b10902118': 149.0, 'b10902017': 1850.0})
community cards of this round: ['S7', 'D5', 'SQ', 'D7', 'D8']
name: b10902118, hole_card: ['CA', 'S3']
name: b10902017, hole_card: ['C9', 'C3']
Started the round 13
Street "preflop" started. (community card = [])
name: b10902118, hole_card: ['CA', 'S3']
name: b10902017, hole_card: ['C9', 'C3']
"b10902017" declared "fold:0"
"['b10902118']" won the round 13 (stack = {'b10902118': 154.0, 'b10902017': 1845.0})
community cards of this round: ['SK', 'HA', 'SQ', 'C2', 'S5']
name: b10902118, hole_card: ['CQ', 'DA']
name: b10902017, hole_card: ['CA', 'S8']
Started the round 14
Street "preflop" started. (community card = [])
name: b10902118, hole_card: ['CQ', 'DA']
name: b10902017, hole_card: ['CA', 'S8']
"b10902118" declared "raise:15.0"
name: b10902118, hole_card: ['CQ', 'DA']
name: b10902017, hole_card: ['CA', 'S8']
"b10902017" declared "fold:0"
"['b10902118']" won the round 14 (stack = {'b10902118': 164.0, 'b10902017': 1835.0})
community cards of this round: ['CA', 'DQ', 'DT', 'H7', 'H6']
name: b10902118, hole_card: ['C6', 'C4']
name: b10902017, hole_card: ['S6', 'D2']
Started the round 15
Street "preflop" started. (community card = [])
name: b10902118, hole_card: ['C6', 'C4']
name: b10902017, hole_card: ['S6', 'D2']
"b10902017" declared "fold:0"
"['b10902118']" won the round 15 (stack = {'b10902118': 169.0, 'b10902017': 1830.0})
community cards of this round: ['H7', 'SK', 'SQ', 'SJ', 'HQ']
name: b10902118, hole_card: ['HT', 'DJ']
name: b10902017, hole_card: ['C2', 'CT']
Started the round 16
Street "preflop" started. (community card = [])
name: b10902118, hole_card: ['HT', 'DJ']
name: b10902017, hole_card: ['C2', 'CT']
"b10902118" declared "call:10"
name: b10902118, hole_card: ['HT', 'DJ']
name: b10902017, hole_card: ['C2', 'CT']
"b10902017" declared "fold:0"
"['b10902118']" won the round 16 (stack = {'b10902118': 179.0, 'b10902017': 1820.0})
community cards of this round: ['D9', 'S7', 'HA', 'D8', 'C8']
name: b10902118, hole_card: ['D3', 'D7']
name: b10902017, hole_card: ['H3', 'DA']
Started the round 17
Street "preflop" started. (community card = [])
name: b10902118, hole_card: ['D3', 'D7']
name: b10902017, hole_card: ['H3', 'DA']
"b10902017" declared "fold:0"
"['b10902118']" won the round 17 (stack = {'b10902118': 184.0, 'b10902017': 1815.0})
community cards of this round: ['ST', 'HA', 'C4', 'C2', 'S3']
name: b10902118, hole_card: ['S6', 'D7']
name: b10902017, hole_card: ['SJ', 'C7']
Started the round 18
Street "preflop" started. (community card = [])
name: b10902118, hole_card: ['S6', 'D7']
name: b10902017, hole_card: ['SJ', 'C7']
"b10902118" declared "raise:184.0"
name: b10902118, hole_card: ['S6', 'D7']
name: b10902017, hole_card: ['SJ', 'C7']
"b10902017" declared "fold:0"
"['b10902118']" won the round 18 (stack = {'b10902118': 194.0, 'b10902017': 1805.0})
community cards of this round: ['C4', 'H2', 'D4', 'CK', 'S8']
name: b10902118, hole_card: ['CT', 'DJ']
name: b10902017, hole_card: ['C7', 'H3']
Started the round 19
Street "preflop" started. (community card = [])
name: b10902118, hole_card: ['CT', 'DJ']
name: b10902017, hole_card: ['C7', 'H3']
"b10902017" declared "fold:0"
"['b10902118']" won the round 19 (stack = {'b10902118': 199.0, 'b10902017': 1800.0})
community cards of this round: ['CT', 'D7', 'SK', 'H5', 'HA']
name: b10902118, hole_card: ['D2', 'H8']
name: b10902017, hole_card: ['C7', 'D6']
Started the round 20
Street "preflop" started. (community card = [])
name: b10902118, hole_card: ['D2', 'H8']
name: b10902017, hole_card: ['C7', 'D6']
"b10902118" declared "raise:199.0"
name: b10902118, hole_card: ['D2', 'H8']
name: b10902017, hole_card: ['C7', 'D6']
"b10902017" declared "fold:0"
"['b10902118']" won the round 20 (stack = {'b10902118': 209.0, 'b10902017': 1790.0})
b10902017 vs b10902118 - Game 5: {'rule': {'initial_stack': 1000, 'max_round': 20, 'small_blind_amount': 5, 'ante': 0, 'blind_structure': {}}, 'players': [{'name': 'b10902118', 'uuid': 'nnoexywfatoaodnaeebkmo', 'stack': 209.0, 'state': 'participating'}, {'name': 'b10902017', 'uuid': 'criovskjhufqixtlzzfmhr', 'stack': 1790.0, 'state': 'participating'}]}
Final Result: b10902017 won 4 games (stack: 8366.0), b10902118 won 1 games (stack: 1626.833333333333), num ties: 0
