community cards of this round: ['D2', 'D9', 'D7', 'S3', 'CJ']
name: b10902125, hole_card: ['CQ', 'SA']
name: b10902015, hole_card: ['C4', 'CK']
Started the round 1
Street "preflop" started. (community card = [])
name: b10902125, hole_card: ['CQ', 'SA']
name: b10902015, hole_card: ['C4', 'CK']
"b10902015" declared "raise:29"
name: b10902125, hole_card: ['CQ', 'SA']
name: b10902015, hole_card: ['C4', 'CK']
"b10902125" declared "raise:48"
name: b10902125, hole_card: ['CQ', 'SA']
name: b10902015, hole_card: ['C4', 'CK']
"b10902015" declared "call:48"
Street "flop" started. (community card = ['D2', 'D9', 'D7'])
name: b10902125, hole_card: ['CQ', 'SA']
name: b10902015, hole_card: ['C4', 'CK']
"b10902015" declared "fold:0"
"['b10902125']" won the round 1 (stack = {'b10902125': 1048, 'b10902015': 952})
community cards of this round: ['H9', 'C5', 'S7', 'DK', 'H4']
name: b10902125, hole_card: ['D7', 'C6']
name: b10902015, hole_card: ['SJ', 'D5']
Started the round 2
Street "preflop" started. (community card = [])
name: b10902125, hole_card: ['D7', 'C6']
name: b10902015, hole_card: ['SJ', 'D5']
"b10902125" declared "fold:0"
"['b10902015']" won the round 2 (stack = {'b10902125': 1043, 'b10902015': 957})
community cards of this round: ['D2', 'C5', 'DT', 'S7', 'D6']
name: b10902125, hole_card: ['S3', 'S8']
name: b10902015, hole_card: ['H8', 'S9']
Started the round 3
Street "preflop" started. (community card = [])
name: b10902125, hole_card: ['S3', 'S8']
name: b10902015, hole_card: ['H8', 'S9']
"b10902015" declared "raise:34"
name: b10902125, hole_card: ['S3', 'S8']
name: b10902015, hole_card: ['H8', 'S9']
"b10902125" declared "fold:0"
"['b10902015']" won the round 3 (stack = {'b10902125': 1033, 'b10902015': 967})
community cards of this round: ['H8', 'C8', 'H9', 'S3', 'HJ']
name: b10902125, hole_card: ['H3', 'D4']
name: b10902015, hole_card: ['H7', 'D8']
Started the round 4
Street "preflop" started. (community card = [])
name: b10902125, hole_card: ['H3', 'D4']
name: b10902015, hole_card: ['H7', 'D8']
"b10902125" declared "fold:0"
"['b10902015']" won the round 4 (stack = {'b10902125': 1028, 'b10902015': 972})
community cards of this round: ['H2', 'S7', 'H8', 'S3', 'D8']
name: b10902125, hole_card: ['D7', 'S6']
name: b10902015, hole_card: ['D2', 'S9']
Started the round 5
Street "preflop" started. (community card = [])
name: b10902125, hole_card: ['D7', 'S6']
name: b10902015, hole_card: ['D2', 'S9']
"b10902015" declared "fold:0"
"['b10902125']" won the round 5 (stack = {'b10902125': 1033, 'b10902015': 967})
community cards of this round: ['S4', 'HK', 'DQ', 'H6', 'S7']
name: b10902125, hole_card: ['S9', 'C5']
name: b10902015, hole_card: ['H9', 'D8']
Started the round 6
Street "preflop" started. (community card = [])
name: b10902125, hole_card: ['S9', 'C5']
name: b10902015, hole_card: ['H9', 'D8']
"b10902125" declared "fold:0"
"['b10902015']" won the round 6 (stack = {'b10902125': 1028, 'b10902015': 972})
community cards of this round: ['H6', 'D8', 'HJ', 'D5', 'S3']
name: b10902125, hole_card: ['HA', 'S2']
name: b10902015, hole_card: ['H9', 'CJ']
Started the round 7
Street "preflop" started. (community card = [])
name: b10902125, hole_card: ['HA', 'S2']
name: b10902015, hole_card: ['H9', 'CJ']
"b10902015" declared "raise:25"
name: b10902125, hole_card: ['HA', 'S2']
name: b10902015, hole_card: ['H9', 'CJ']
"b10902125" declared "call:25"
Street "flop" started. (community card = ['H6', 'D8', 'HJ'])
name: b10902125, hole_card: ['HA', 'S2']
name: b10902015, hole_card: ['H9', 'CJ']
"b10902015" declared "raise:38"
name: b10902125, hole_card: ['HA', 'S2']
name: b10902015, hole_card: ['H9', 'CJ']
"b10902125" declared "fold:0"
"['b10902015']" won the round 7 (stack = {'b10902125': 1003, 'b10902015': 997})
community cards of this round: ['D4', 'D2', 'S6', 'CT', 'HJ']
name: b10902125, hole_card: ['S2', 'DQ']
name: b10902015, hole_card: ['H6', 'HK']
Started the round 8
Street "preflop" started. (community card = [])
name: b10902125, hole_card: ['S2', 'DQ']
name: b10902015, hole_card: ['H6', 'HK']
"b10902125" declared "fold:0"
"['b10902015']" won the round 8 (stack = {'b10902125': 998, 'b10902015': 1002})
community cards of this round: ['D9', 'S2', 'DA', 'D6', 'S3']
name: b10902125, hole_card: ['HJ', 'D7']
name: b10902015, hole_card: ['HT', 'SK']
Started the round 9
Street "preflop" started. (community card = [])
name: b10902125, hole_card: ['HJ', 'D7']
name: b10902015, hole_card: ['HT', 'SK']
"b10902015" declared "raise:16"
name: b10902125, hole_card: ['HJ', 'D7']
name: b10902015, hole_card: ['HT', 'SK']
"b10902125" declared "fold:0"
"['b10902015']" won the round 9 (stack = {'b10902125': 988, 'b10902015': 1012})
community cards of this round: ['SA', 'S6', 'C8', 'S3', 'ST']
name: b10902125, hole_card: ['C7', 'S7']
name: b10902015, hole_card: ['DA', 'H4']
Started the round 10
Street "preflop" started. (community card = [])
name: b10902125, hole_card: ['C7', 'S7']
name: b10902015, hole_card: ['DA', 'H4']
"b10902125" declared "raise:40.388288096600085"
name: b10902125, hole_card: ['C7', 'S7']
name: b10902015, hole_card: ['DA', 'H4']
"b10902015" declared "call:40.388288096600085"
Street "flop" started. (community card = ['SA', 'S6', 'C8'])
name: b10902125, hole_card: ['C7', 'S7']
name: b10902015, hole_card: ['DA', 'H4']
"b10902125" declared "raise:42.892947488816546"
name: b10902125, hole_card: ['C7', 'S7']
name: b10902015, hole_card: ['DA', 'H4']
"b10902015" declared "call:42.892947488816546"
Street "turn" started. (community card = ['SA', 'S6', 'C8', 'S3'])
name: b10902125, hole_card: ['C7', 'S7']
name: b10902015, hole_card: ['DA', 'H4']
"b10902125" declared "raise:904.7187644145835"
name: b10902125, hole_card: ['C7', 'S7']
name: b10902015, hole_card: ['DA', 'H4']
"b10902015" declared "call:904.7187644145835"
Street "river" started. (community card = ['SA', 'S6', 'C8', 'S3', 'ST'])
"['b10902125']" won the round 10 (stack = {'b10902125': 1976.0, 'b10902015': 24.0})
community cards of this round: ['C5', 'H7', 'C9', 'D2', 'CK']
name: b10902125, hole_card: ['D4', 'CA']
name: b10902015, hole_card: ['H2', 'S8']
Started the round 11
Street "preflop" started. (community card = [])
name: b10902125, hole_card: ['D4', 'CA']
name: b10902015, hole_card: ['H2', 'S8']
"b10902015" declared "fold:0"
"['b10902125']" won the round 11 (stack = {'b10902125': 1981.0, 'b10902015': 19.0})
community cards of this round: ['D5', 'HK', 'HJ', 'CQ', 'C7']
name: b10902125, hole_card: ['S9', 'S5']
name: b10902015, hole_card: ['D3', 'H9']
Started the round 12
Street "preflop" started. (community card = [])
name: b10902125, hole_card: ['S9', 'S5']
name: b10902015, hole_card: ['D3', 'H9']
"b10902125" declared "fold:0"
"['b10902015']" won the round 12 (stack = {'b10902125': 1976.0, 'b10902015': 24.0})
community cards of this round: ['S4', 'D3', 'D2', 'S6', 'C6']
name: b10902125, hole_card: ['H6', 'S9']
name: b10902015, hole_card: ['DK', 'SQ']
Started the round 13
Street "preflop" started. (community card = [])
name: b10902125, hole_card: ['H6', 'S9']
name: b10902015, hole_card: ['DK', 'SQ']
"b10902015" declared "raise:24.0"
name: b10902125, hole_card: ['H6', 'S9']
name: b10902015, hole_card: ['DK', 'SQ']
"b10902125" declared "fold:0"
"['b10902015']" won the round 13 (stack = {'b10902125': 1966.0, 'b10902015': 34.0})
community cards of this round: ['C9', 'HA', 'H6', 'SK', 'CJ']
name: b10902125, hole_card: ['CQ', 'S8']
name: b10902015, hole_card: ['HJ', 'CT']
Started the round 14
Street "preflop" started. (community card = [])
name: b10902125, hole_card: ['CQ', 'S8']
name: b10902015, hole_card: ['HJ', 'CT']
"b10902125" declared "fold:0"
"['b10902015']" won the round 14 (stack = {'b10902125': 1961.0, 'b10902015': 39.0})
community cards of this round: ['DT', 'HA', 'D3', 'HQ', 'CK']
name: b10902125, hole_card: ['H3', 'HJ']
name: b10902015, hole_card: ['DJ', 'S7']
Started the round 15
Street "preflop" started. (community card = [])
name: b10902125, hole_card: ['H3', 'HJ']
name: b10902015, hole_card: ['DJ', 'S7']
"b10902015" declared "fold:0"
"['b10902125']" won the round 15 (stack = {'b10902125': 1966.0, 'b10902015': 34.0})
community cards of this round: ['CA', 'C5', 'D3', 'H2', 'HA']
name: b10902125, hole_card: ['C8', 'D5']
name: b10902015, hole_card: ['SJ', 'CK']
Started the round 16
Street "preflop" started. (community card = [])
name: b10902125, hole_card: ['C8', 'D5']
name: b10902015, hole_card: ['SJ', 'CK']
"b10902125" declared "fold:0"
"['b10902015']" won the round 16 (stack = {'b10902125': 1961.0, 'b10902015': 39.0})
community cards of this round: ['H2', 'S3', 'D8', 'HJ', 'C7']
name: b10902125, hole_card: ['C2', 'HQ']
name: b10902015, hole_card: ['HA', 'C8']
Started the round 17
Street "preflop" started. (community card = [])
name: b10902125, hole_card: ['C2', 'HQ']
name: b10902015, hole_card: ['HA', 'C8']
"b10902015" declared "raise:39.0"
name: b10902125, hole_card: ['C2', 'HQ']
name: b10902015, hole_card: ['HA', 'C8']
"b10902125" declared "fold:0"
"['b10902015']" won the round 17 (stack = {'b10902125': 1951.0, 'b10902015': 49.0})
community cards of this round: ['S7', 'SQ', 'H3', 'C5', 'D9']
name: b10902125, hole_card: ['DJ', 'CJ']
name: b10902015, hole_card: ['D4', 'D7']
Started the round 18
Street "preflop" started. (community card = [])
name: b10902125, hole_card: ['DJ', 'CJ']
name: b10902015, hole_card: ['D4', 'D7']
"b10902125" declared "fold:0"
"['b10902015']" won the round 18 (stack = {'b10902125': 1946.0, 'b10902015': 54.0})
community cards of this round: ['H6', 'C5', 'C6', 'H4', 'DK']
name: b10902125, hole_card: ['H9', 'DT']
name: b10902015, hole_card: ['D8', 'C2']
Started the round 19
Street "preflop" started. (community card = [])
name: b10902125, hole_card: ['H9', 'DT']
name: b10902015, hole_card: ['D8', 'C2']
"b10902015" declared "fold:0"
"['b10902125']" won the round 19 (stack = {'b10902125': 1951.0, 'b10902015': 49.0})
community cards of this round: ['C6', 'H3', 'S7', 'HK', 'S8']
name: b10902125, hole_card: ['C8', 'SA']
name: b10902015, hole_card: ['CJ', 'CK']
Started the round 20
Street "preflop" started. (community card = [])
name: b10902125, hole_card: ['C8', 'SA']
name: b10902015, hole_card: ['CJ', 'CK']
"b10902125" declared "fold:0"
"['b10902015']" won the round 20 (stack = {'b10902125': 1946.0, 'b10902015': 54.0})
b10902015 vs b10902125 - Game 1: {'rule': {'initial_stack': 1000, 'max_round': 20, 'small_blind_amount': 5, 'ante': 0, 'blind_structure': {}}, 'players': [{'name': 'b10902125', 'uuid': 'giatlncfxqahmaoeshruhp', 'stack': 1946.0, 'state': 'participating'}, {'name': 'b10902015', 'uuid': 'jamhsktgxbaqtejdkuhvzs', 'stack': 54.0, 'state': 'participating'}]}
community cards of this round: ['D2', 'D9', 'D7', 'S3', 'CJ']
name: b10902015, hole_card: ['CQ', 'SA']
name: b10902125, hole_card: ['C4', 'CK']
Started the round 1
Street "preflop" started. (community card = [])
name: b10902015, hole_card: ['CQ', 'SA']
name: b10902125, hole_card: ['C4', 'CK']
"b10902125" declared "fold:0"
"['b10902015']" won the round 1 (stack = {'b10902015': 1005, 'b10902125': 995})
community cards of this round: ['H9', 'C5', 'S7', 'DK', 'H4']
name: b10902015, hole_card: ['D7', 'C6']
name: b10902125, hole_card: ['SJ', 'D5']
Started the round 2
Street "preflop" started. (community card = [])
name: b10902015, hole_card: ['D7', 'C6']
name: b10902125, hole_card: ['SJ', 'D5']
"b10902015" declared "raise:26"
name: b10902015, hole_card: ['D7', 'C6']
name: b10902125, hole_card: ['SJ', 'D5']
"b10902125" declared "fold:0"
"['b10902015']" won the round 2 (stack = {'b10902015': 1015, 'b10902125': 985})
community cards of this round: ['D2', 'C5', 'DT', 'S7', 'D6']
name: b10902015, hole_card: ['S3', 'S8']
name: b10902125, hole_card: ['H8', 'S9']
Started the round 3
Street "preflop" started. (community card = [])
name: b10902015, hole_card: ['S3', 'S8']
name: b10902125, hole_card: ['H8', 'S9']
"b10902125" declared "call:10"
name: b10902015, hole_card: ['S3', 'S8']
name: b10902125, hole_card: ['H8', 'S9']
"b10902015" declared "raise:22"
name: b10902015, hole_card: ['S3', 'S8']
name: b10902125, hole_card: ['H8', 'S9']
"b10902125" declared "call:22"
Street "flop" started. (community card = ['D2', 'C5', 'DT'])
name: b10902015, hole_card: ['S3', 'S8']
name: b10902125, hole_card: ['H8', 'S9']
"b10902125" declared "fold:0"
"['b10902015']" won the round 3 (stack = {'b10902015': 1037, 'b10902125': 963})
community cards of this round: ['H8', 'C8', 'H9', 'S3', 'HJ']
name: b10902015, hole_card: ['H3', 'D4']
name: b10902125, hole_card: ['H7', 'D8']
Started the round 4
Street "preflop" started. (community card = [])
name: b10902015, hole_card: ['H3', 'D4']
name: b10902125, hole_card: ['H7', 'D8']
"b10902015" declared "fold:0"
"['b10902125']" won the round 4 (stack = {'b10902015': 1032, 'b10902125': 968})
community cards of this round: ['H2', 'S7', 'H8', 'S3', 'D8']
name: b10902015, hole_card: ['D7', 'S6']
name: b10902125, hole_card: ['D2', 'S9']
Started the round 5
Street "preflop" started. (community card = [])
name: b10902015, hole_card: ['D7', 'S6']
name: b10902125, hole_card: ['D2', 'S9']
"b10902125" declared "fold:0"
"['b10902015']" won the round 5 (stack = {'b10902015': 1037, 'b10902125': 963})
community cards of this round: ['S4', 'HK', 'DQ', 'H6', 'S7']
name: b10902015, hole_card: ['S9', 'C5']
name: b10902125, hole_card: ['H9', 'D8']
Started the round 6
Street "preflop" started. (community card = [])
name: b10902015, hole_card: ['S9', 'C5']
name: b10902125, hole_card: ['H9', 'D8']
"b10902015" declared "raise:15"
name: b10902015, hole_card: ['S9', 'C5']
name: b10902125, hole_card: ['H9', 'D8']
"b10902125" declared "raise:20"
name: b10902015, hole_card: ['S9', 'C5']
name: b10902125, hole_card: ['H9', 'D8']
"b10902015" declared "call:20"
Street "flop" started. (community card = ['S4', 'HK', 'DQ'])
name: b10902015, hole_card: ['S9', 'C5']
name: b10902125, hole_card: ['H9', 'D8']
"b10902015" declared "fold:0"
"['b10902125']" won the round 6 (stack = {'b10902015': 1017, 'b10902125': 983})
community cards of this round: ['H6', 'D8', 'HJ', 'D5', 'S3']
name: b10902015, hole_card: ['HA', 'S2']
name: b10902125, hole_card: ['H9', 'CJ']
Started the round 7
Street "preflop" started. (community card = [])
name: b10902015, hole_card: ['HA', 'S2']
name: b10902125, hole_card: ['H9', 'CJ']
"b10902125" declared "raise:40.41589423052163"
name: b10902015, hole_card: ['HA', 'S2']
name: b10902125, hole_card: ['H9', 'CJ']
"b10902015" declared "call:40.41589423052163"
Street "flop" started. (community card = ['H6', 'D8', 'HJ'])
name: b10902015, hole_card: ['HA', 'S2']
name: b10902125, hole_card: ['H9', 'CJ']
"b10902125" declared "raise:942.5841057694784"
name: b10902015, hole_card: ['HA', 'S2']
name: b10902125, hole_card: ['H9', 'CJ']
"b10902015" declared "fold:0"
"['b10902125']" won the round 7 (stack = {'b10902015': 976.5841057694784, 'b10902125': 1023.0})
community cards of this round: ['D4', 'D2', 'S6', 'CT', 'HJ']
name: b10902015, hole_card: ['S2', 'DQ']
name: b10902125, hole_card: ['H6', 'HK']
Started the round 8
Street "preflop" started. (community card = [])
name: b10902015, hole_card: ['S2', 'DQ']
name: b10902125, hole_card: ['H6', 'HK']
"b10902015" declared "raise:22"
name: b10902015, hole_card: ['S2', 'DQ']
name: b10902125, hole_card: ['H6', 'HK']
"b10902125" declared "call:22"
Street "flop" started. (community card = ['D4', 'D2', 'S6'])
name: b10902015, hole_card: ['S2', 'DQ']
name: b10902125, hole_card: ['H6', 'HK']
"b10902015" declared "call:0"
name: b10902015, hole_card: ['S2', 'DQ']
name: b10902125, hole_card: ['H6', 'HK']
"b10902125" declared "raise:28.242219972735906"
name: b10902015, hole_card: ['S2', 'DQ']
name: b10902125, hole_card: ['H6', 'HK']
"b10902015" declared "call:28.242219972735906"
Street "turn" started. (community card = ['D4', 'D2', 'S6', 'CT'])
name: b10902015, hole_card: ['S2', 'DQ']
name: b10902125, hole_card: ['H6', 'HK']
"b10902015" declared "call:0"
name: b10902015, hole_card: ['S2', 'DQ']
name: b10902125, hole_card: ['H6', 'HK']
"b10902125" declared "call:0"
Street "river" started. (community card = ['D4', 'D2', 'S6', 'CT', 'HJ'])
name: b10902015, hole_card: ['S2', 'DQ']
name: b10902125, hole_card: ['H6', 'HK']
"b10902015" declared "call:0"
name: b10902015, hole_card: ['S2', 'DQ']
name: b10902125, hole_card: ['H6', 'HK']
"b10902125" declared "fold:0"
"['b10902015']" won the round 8 (stack = {'b10902015': 1026.3418857967424, 'b10902125': 972.7577800272641})
community cards of this round: ['D9', 'S2', 'DA', 'D6', 'S3']
name: b10902015, hole_card: ['HJ', 'D7']
name: b10902125, hole_card: ['HT', 'SK']
Started the round 9
Street "preflop" started. (community card = [])
name: b10902015, hole_card: ['HJ', 'D7']
name: b10902125, hole_card: ['HT', 'SK']
"b10902125" declared "raise:36.409245054953765"
name: b10902015, hole_card: ['HJ', 'D7']
name: b10902125, hole_card: ['HT', 'SK']
"b10902015" declared "call:36.409245054953765"
Street "flop" started. (community card = ['D9', 'S2', 'DA'])
name: b10902015, hole_card: ['HJ', 'D7']
name: b10902125, hole_card: ['HT', 'SK']
"b10902125" declared "fold:0"
"['b10902015']" won the round 9 (stack = {'b10902015': 1061.9326407417886, 'b10902125': 936.3485349723103})
community cards of this round: ['SA', 'S6', 'C8', 'S3', 'ST']
name: b10902015, hole_card: ['C7', 'S7']
name: b10902125, hole_card: ['DA', 'H4']
Started the round 10
Street "preflop" started. (community card = [])
name: b10902015, hole_card: ['C7', 'S7']
name: b10902125, hole_card: ['DA', 'H4']
"b10902015" declared "call:10"
name: b10902015, hole_card: ['C7', 'S7']
name: b10902125, hole_card: ['DA', 'H4']
"b10902125" declared "raise:936.3485349723103"
name: b10902015, hole_card: ['C7', 'S7']
name: b10902125, hole_card: ['DA', 'H4']
"b10902015" declared "call:936.3485349723103"
Street "flop" started. (community card = ['SA', 'S6', 'C8'])
Street "turn" started. (community card = ['SA', 'S6', 'C8', 'S3'])
Street "river" started. (community card = ['SA', 'S6', 'C8', 'S3', 'ST'])
"['b10902015']" won the round 10 (stack = {'b10902015': 1997.5841057694784, 'b10902125': 0.0})
b10902015 vs b10902125 - Game 2: {'rule': {'initial_stack': 1000, 'max_round': 20, 'small_blind_amount': 5, 'ante': 0, 'blind_structure': {}}, 'players': [{'name': 'b10902015', 'uuid': 'uocvjiegchwdmexplqsvfk', 'stack': 1997.5841057694784, 'state': 'participating'}, {'name': 'b10902125', 'uuid': 'jjgdsaqzzwnotihpbyyyfx', 'stack': 0, 'state': 'folded'}]}
community cards of this round: ['HK', 'C8', 'D2', 'S8', 'H4']
name: b10902125, hole_card: ['SQ', 'H6']
name: b10902015, hole_card: ['HJ', 'H3']
Started the round 1
Street "preflop" started. (community card = [])
name: b10902125, hole_card: ['SQ', 'H6']
name: b10902015, hole_card: ['HJ', 'H3']
"b10902015" declared "raise:29"
name: b10902125, hole_card: ['SQ', 'H6']
name: b10902015, hole_card: ['HJ', 'H3']
"b10902125" declared "fold:0"
"['b10902015']" won the round 1 (stack = {'b10902125': 990, 'b10902015': 1010})
community cards of this round: ['CJ', 'HT', 'S9', 'DJ', 'CT']
name: b10902125, hole_card: ['H4', 'DA']
name: b10902015, hole_card: ['D6', 'H8']
Started the round 2
Street "preflop" started. (community card = [])
name: b10902125, hole_card: ['H4', 'DA']
name: b10902015, hole_card: ['D6', 'H8']
"b10902125" declared "raise:24.612523890661002"
name: b10902125, hole_card: ['H4', 'DA']
name: b10902015, hole_card: ['D6', 'H8']
"b10902015" declared "raise:39.225047781322004"
name: b10902125, hole_card: ['H4', 'DA']
name: b10902015, hole_card: ['D6', 'H8']
"b10902125" declared "raise:74.56644727545054"
name: b10902125, hole_card: ['H4', 'DA']
name: b10902015, hole_card: ['D6', 'H8']
"b10902015" declared "call:74.56644727545054"
Street "flop" started. (community card = ['CJ', 'HT', 'S9'])
name: b10902125, hole_card: ['H4', 'DA']
name: b10902015, hole_card: ['D6', 'H8']
"b10902125" declared "fold:0"
"['b10902015']" won the round 2 (stack = {'b10902125': 915.4335527245495, 'b10902015': 1084.4335527245494})
community cards of this round: ['S6', 'DK', 'S9', 'D4', 'S2']
name: b10902125, hole_card: ['H2', 'CA']
name: b10902015, hole_card: ['D2', 'S4']
Started the round 3
Street "preflop" started. (community card = [])
name: b10902125, hole_card: ['H2', 'CA']
name: b10902015, hole_card: ['D2', 'S4']
"b10902015" declared "fold:0"
"['b10902125']" won the round 3 (stack = {'b10902125': 920.4335527245495, 'b10902015': 1079.4335527245494})
community cards of this round: ['DA', 'H7', 'S3', 'ST', 'H2']
name: b10902125, hole_card: ['H9', 'D9']
name: b10902015, hole_card: ['CK', 'H5']
Started the round 4
Street "preflop" started. (community card = [])
name: b10902125, hole_card: ['H9', 'D9']
name: b10902015, hole_card: ['CK', 'H5']
"b10902125" declared "raise:920.4335527245495"
name: b10902125, hole_card: ['H9', 'D9']
name: b10902015, hole_card: ['CK', 'H5']
"b10902015" declared "fold:0"
"['b10902125']" won the round 4 (stack = {'b10902125': 930.0, 'b10902015': 1069.4335527245494})
community cards of this round: ['H2', 'DA', 'CT', 'S3', 'D8']
name: b10902125, hole_card: ['D7', 'S5']
name: b10902015, hole_card: ['C5', 'D9']
Started the round 5
Street "preflop" started. (community card = [])
name: b10902125, hole_card: ['D7', 'S5']
name: b10902015, hole_card: ['C5', 'D9']
"b10902015" declared "call:10"
name: b10902125, hole_card: ['D7', 'S5']
name: b10902015, hole_card: ['C5', 'D9']
"b10902125" declared "call:10"
Street "flop" started. (community card = ['H2', 'DA', 'CT'])
name: b10902125, hole_card: ['D7', 'S5']
name: b10902015, hole_card: ['C5', 'D9']
"b10902015" declared "fold:0"
"['b10902125']" won the round 5 (stack = {'b10902125': 940.0, 'b10902015': 1059.4335527245494})
community cards of this round: ['D3', 'S9', 'CQ', 'H5', 'HQ']
name: b10902125, hole_card: ['S2', 'C9']
name: b10902015, hole_card: ['H7', 'S6']
Started the round 6
Street "preflop" started. (community card = [])
name: b10902125, hole_card: ['S2', 'C9']
name: b10902015, hole_card: ['H7', 'S6']
"b10902125" declared "fold:0"
"['b10902015']" won the round 6 (stack = {'b10902125': 935.0, 'b10902015': 1064.4335527245494})
community cards of this round: ['H4', 'H3', 'HT', 'SQ', 'C4']
name: b10902125, hole_card: ['SK', 'C2']
name: b10902015, hole_card: ['CQ', 'HQ']
Started the round 7
Street "preflop" started. (community card = [])
name: b10902125, hole_card: ['SK', 'C2']
name: b10902015, hole_card: ['CQ', 'HQ']
"b10902015" declared "call:10"
name: b10902125, hole_card: ['SK', 'C2']
name: b10902015, hole_card: ['CQ', 'HQ']
"b10902125" declared "raise:42.24589023170787"
name: b10902125, hole_card: ['SK', 'C2']
name: b10902015, hole_card: ['CQ', 'HQ']
"b10902015" declared "call:42.24589023170787"
Street "flop" started. (community card = ['H4', 'H3', 'HT'])
name: b10902125, hole_card: ['SK', 'C2']
name: b10902015, hole_card: ['CQ', 'HQ']
"b10902015" declared "raise:10"
name: b10902125, hole_card: ['SK', 'C2']
name: b10902015, hole_card: ['CQ', 'HQ']
"b10902125" declared "raise:892.7541097682921"
name: b10902125, hole_card: ['SK', 'C2']
name: b10902015, hole_card: ['CQ', 'HQ']
"b10902015" declared "call:892.7541097682921"
Street "turn" started. (community card = ['H4', 'H3', 'HT', 'SQ'])
Street "river" started. (community card = ['H4', 'H3', 'HT', 'SQ', 'C4'])
"['b10902015']" won the round 7 (stack = {'b10902125': 0.0, 'b10902015': 1999.4335527245494})
b10902015 vs b10902125 - Game 3: {'rule': {'initial_stack': 1000, 'max_round': 20, 'small_blind_amount': 5, 'ante': 0, 'blind_structure': {}}, 'players': [{'name': 'b10902125', 'uuid': 'godtnashqsowifuepnxrgt', 'stack': 0, 'state': 'folded'}, {'name': 'b10902015', 'uuid': 'gluoqnvouwnflduuymebyp', 'stack': 1999.4335527245494, 'state': 'participating'}]}
community cards of this round: ['HK', 'C8', 'D2', 'S8', 'H4']
name: b10902015, hole_card: ['SQ', 'H6']
name: b10902125, hole_card: ['HJ', 'H3']
Started the round 1
Street "preflop" started. (community card = [])
name: b10902015, hole_card: ['SQ', 'H6']
name: b10902125, hole_card: ['HJ', 'H3']
"b10902125" declared "fold:0"
"['b10902015']" won the round 1 (stack = {'b10902015': 1005, 'b10902125': 995})
community cards of this round: ['CJ', 'HT', 'S9', 'DJ', 'CT']
name: b10902015, hole_card: ['H4', 'DA']
name: b10902125, hole_card: ['D6', 'H8']
Started the round 2
Street "preflop" started. (community card = [])
name: b10902015, hole_card: ['H4', 'DA']
name: b10902125, hole_card: ['D6', 'H8']
"b10902015" declared "raise:26"
name: b10902015, hole_card: ['H4', 'DA']
name: b10902125, hole_card: ['D6', 'H8']
"b10902125" declared "fold:0"
"['b10902015']" won the round 2 (stack = {'b10902015': 1015, 'b10902125': 985})
community cards of this round: ['S6', 'DK', 'S9', 'D4', 'S2']
name: b10902015, hole_card: ['H2', 'CA']
name: b10902125, hole_card: ['D2', 'S4']
Started the round 3
Street "preflop" started. (community card = [])
name: b10902015, hole_card: ['H2', 'CA']
name: b10902125, hole_card: ['D2', 'S4']
"b10902125" declared "fold:0"
"['b10902015']" won the round 3 (stack = {'b10902015': 1020, 'b10902125': 980})
community cards of this round: ['DA', 'H7', 'S3', 'ST', 'H2']
name: b10902015, hole_card: ['H9', 'D9']
name: b10902125, hole_card: ['CK', 'H5']
Started the round 4
Street "preflop" started. (community card = [])
name: b10902015, hole_card: ['H9', 'D9']
name: b10902125, hole_card: ['CK', 'H5']
"b10902015" declared "raise:20"
name: b10902015, hole_card: ['H9', 'D9']
name: b10902125, hole_card: ['CK', 'H5']
"b10902125" declared "raise:30"
name: b10902015, hole_card: ['H9', 'D9']
name: b10902125, hole_card: ['CK', 'H5']
"b10902015" declared "call:30"
Street "flop" started. (community card = ['DA', 'H7', 'S3'])
name: b10902015, hole_card: ['H9', 'D9']
name: b10902125, hole_card: ['CK', 'H5']
"b10902015" declared "raise:30"
name: b10902015, hole_card: ['H9', 'D9']
name: b10902125, hole_card: ['CK', 'H5']
"b10902125" declared "call:30"
Street "turn" started. (community card = ['DA', 'H7', 'S3', 'ST'])
name: b10902015, hole_card: ['H9', 'D9']
name: b10902125, hole_card: ['CK', 'H5']
"b10902015" declared "call:0"
name: b10902015, hole_card: ['H9', 'D9']
name: b10902125, hole_card: ['CK', 'H5']
"b10902125" declared "fold:0"
"['b10902015']" won the round 4 (stack = {'b10902015': 1080, 'b10902125': 920})
community cards of this round: ['H2', 'DA', 'CT', 'S3', 'D8']
name: b10902015, hole_card: ['D7', 'S5']
name: b10902125, hole_card: ['C5', 'D9']
Started the round 5
Street "preflop" started. (community card = [])
name: b10902015, hole_card: ['D7', 'S5']
name: b10902125, hole_card: ['C5', 'D9']
"b10902125" declared "fold:0"
"['b10902015']" won the round 5 (stack = {'b10902015': 1085, 'b10902125': 915})
community cards of this round: ['D3', 'S9', 'CQ', 'H5', 'HQ']
name: b10902015, hole_card: ['S2', 'C9']
name: b10902125, hole_card: ['H7', 'S6']
Started the round 6
Street "preflop" started. (community card = [])
name: b10902015, hole_card: ['S2', 'C9']
name: b10902125, hole_card: ['H7', 'S6']
"b10902015" declared "fold:0"
"['b10902125']" won the round 6 (stack = {'b10902015': 1080, 'b10902125': 920})
community cards of this round: ['H4', 'H3', 'HT', 'SQ', 'C4']
name: b10902015, hole_card: ['SK', 'C2']
name: b10902125, hole_card: ['CQ', 'HQ']
Started the round 7
Street "preflop" started. (community card = [])
name: b10902015, hole_card: ['SK', 'C2']
name: b10902125, hole_card: ['CQ', 'HQ']
"b10902125" declared "raise:920"
name: b10902015, hole_card: ['SK', 'C2']
name: b10902125, hole_card: ['CQ', 'HQ']
"b10902015" declared "fold:0"
"['b10902125']" won the round 7 (stack = {'b10902015': 1070, 'b10902125': 930})
community cards of this round: ['DK', 'CQ', 'S5', 'DJ', 'H4']
name: b10902015, hole_card: ['C2', 'H7']
name: b10902125, hole_card: ['S6', 'H2']
Started the round 8
Street "preflop" started. (community card = [])
name: b10902015, hole_card: ['C2', 'H7']
name: b10902125, hole_card: ['S6', 'H2']
"b10902015" declared "fold:0"
"['b10902125']" won the round 8 (stack = {'b10902015': 1065, 'b10902125': 935})
community cards of this round: ['C7', 'S5', 'DJ', 'HQ', 'D5']
name: b10902015, hole_card: ['H3', 'D9']
name: b10902125, hole_card: ['C3', 'CQ']
Started the round 9
Street "preflop" started. (community card = [])
name: b10902015, hole_card: ['H3', 'D9']
name: b10902125, hole_card: ['C3', 'CQ']
"b10902125" declared "raise:36.05426988221533"
name: b10902015, hole_card: ['H3', 'D9']
name: b10902125, hole_card: ['C3', 'CQ']
"b10902015" declared "fold:0"
"['b10902125']" won the round 9 (stack = {'b10902015': 1055, 'b10902125': 944.9457301177847})
community cards of this round: ['D9', 'D6', 'H6', 'SK', 'H7']
name: b10902015, hole_card: ['S9', 'HA']
name: b10902125, hole_card: ['SQ', 'D7']
Started the round 10
Street "preflop" started. (community card = [])
name: b10902015, hole_card: ['S9', 'HA']
name: b10902125, hole_card: ['SQ', 'D7']
"b10902015" declared "call:10"
name: b10902015, hole_card: ['S9', 'HA']
name: b10902125, hole_card: ['SQ', 'D7']
"b10902125" declared "raise:31.93161293255414"
name: b10902015, hole_card: ['S9', 'HA']
name: b10902125, hole_card: ['SQ', 'D7']
"b10902015" declared "call:31.93161293255414"
Street "flop" started. (community card = ['D9', 'D6', 'H6'])
name: b10902015, hole_card: ['S9', 'HA']
name: b10902125, hole_card: ['SQ', 'D7']
"b10902015" declared "raise:10"
name: b10902015, hole_card: ['S9', 'HA']
name: b10902125, hole_card: ['SQ', 'D7']
"b10902125" declared "raise:913.0141171852306"
name: b10902015, hole_card: ['S9', 'HA']
name: b10902125, hole_card: ['SQ', 'D7']
"b10902015" declared "call:913.0141171852306"
Street "turn" started. (community card = ['D9', 'D6', 'H6', 'SK'])
Street "river" started. (community card = ['D9', 'D6', 'H6', 'SK', 'H7'])
"['b10902015']" won the round 10 (stack = {'b10902015': 1999.0542698822153, 'b10902125': 0.0})
b10902015 vs b10902125 - Game 4: {'rule': {'initial_stack': 1000, 'max_round': 20, 'small_blind_amount': 5, 'ante': 0, 'blind_structure': {}}, 'players': [{'name': 'b10902015', 'uuid': 'rjvjyhimcntrlayxqvseyu', 'stack': 1999.0542698822153, 'state': 'participating'}, {'name': 'b10902125', 'uuid': 'bmzedaoufpkkgxnchryyah', 'stack': 0, 'state': 'folded'}]}
community cards of this round: ['D5', 'D6', 'S2', 'C6', 'CA']
name: b10902125, hole_card: ['HQ', 'CT']
name: b10902015, hole_card: ['D3', 'HA']
Started the round 1
Street "preflop" started. (community card = [])
name: b10902125, hole_card: ['HQ', 'CT']
name: b10902015, hole_card: ['D3', 'HA']
"b10902015" declared "raise:29"
name: b10902125, hole_card: ['HQ', 'CT']
name: b10902015, hole_card: ['D3', 'HA']
"b10902125" declared "call:29"
Street "flop" started. (community card = ['D5', 'D6', 'S2'])
name: b10902125, hole_card: ['HQ', 'CT']
name: b10902015, hole_card: ['D3', 'HA']
"b10902015" declared "call:0"
name: b10902125, hole_card: ['HQ', 'CT']
name: b10902015, hole_card: ['D3', 'HA']
"b10902125" declared "fold:0"
"['b10902015']" won the round 1 (stack = {'b10902125': 971, 'b10902015': 1029})
community cards of this round: ['C6', 'HT', 'D2', 'H6', 'H8']
name: b10902125, hole_card: ['DQ', 'C5']
name: b10902015, hole_card: ['H7', 'D5']
Started the round 2
Street "preflop" started. (community card = [])
name: b10902125, hole_card: ['DQ', 'C5']
name: b10902015, hole_card: ['H7', 'D5']
"b10902125" declared "call:10"
name: b10902125, hole_card: ['DQ', 'C5']
name: b10902015, hole_card: ['H7', 'D5']
"b10902015" declared "raise:21"
name: b10902125, hole_card: ['DQ', 'C5']
name: b10902015, hole_card: ['H7', 'D5']
"b10902125" declared "call:21"
Street "flop" started. (community card = ['C6', 'HT', 'D2'])
name: b10902125, hole_card: ['DQ', 'C5']
name: b10902015, hole_card: ['H7', 'D5']
"b10902125" declared "fold:0"
"['b10902015']" won the round 2 (stack = {'b10902125': 950, 'b10902015': 1050})
community cards of this round: ['S7', 'S6', 'D5', 'DJ', 'D4']
name: b10902125, hole_card: ['CJ', 'CA']
name: b10902015, hole_card: ['C5', 'S2']
Started the round 3
Street "preflop" started. (community card = [])
name: b10902125, hole_card: ['CJ', 'CA']
name: b10902015, hole_card: ['C5', 'S2']
"b10902015" declared "fold:0"
"['b10902125']" won the round 3 (stack = {'b10902125': 955, 'b10902015': 1045})
community cards of this round: ['CJ', 'D4', 'S4', 'CQ', 'H2']
name: b10902125, hole_card: ['DQ', 'CK']
name: b10902015, hole_card: ['C3', 'D2']
Started the round 4
Street "preflop" started. (community card = [])
name: b10902125, hole_card: ['DQ', 'CK']
name: b10902015, hole_card: ['C3', 'D2']
"b10902125" declared "raise:37.35129831389281"
name: b10902125, hole_card: ['DQ', 'CK']
name: b10902015, hole_card: ['C3', 'D2']
"b10902015" declared "fold:0"
"['b10902125']" won the round 4 (stack = {'b10902125': 964.6487016861072, 'b10902015': 1035})
community cards of this round: ['H4', 'D8', 'CQ', 'H3', 'S2']
name: b10902125, hole_card: ['S6', 'C2']
name: b10902015, hole_card: ['DT', 'D3']
Started the round 5
Street "preflop" started. (community card = [])
name: b10902125, hole_card: ['S6', 'C2']
name: b10902015, hole_card: ['DT', 'D3']
"b10902015" declared "raise:16"
name: b10902125, hole_card: ['S6', 'C2']
name: b10902015, hole_card: ['DT', 'D3']
"b10902125" declared "fold:0"
"['b10902015']" won the round 5 (stack = {'b10902125': 954.6487016861072, 'b10902015': 1045})
community cards of this round: ['SA', 'HJ', 'CA', 'D6', 'CT']
name: b10902125, hole_card: ['D7', 'ST']
name: b10902015, hole_card: ['CQ', 'HA']
Started the round 6
Street "preflop" started. (community card = [])
name: b10902125, hole_card: ['D7', 'ST']
name: b10902015, hole_card: ['CQ', 'HA']
"b10902125" declared "raise:39.015490795935456"
name: b10902125, hole_card: ['D7', 'ST']
name: b10902015, hole_card: ['CQ', 'HA']
"b10902015" declared "call:39.015490795935456"
Street "flop" started. (community card = ['SA', 'HJ', 'CA'])
name: b10902125, hole_card: ['D7', 'ST']
name: b10902015, hole_card: ['CQ', 'HA']
"b10902125" declared "fold:0"
"['b10902015']" won the round 6 (stack = {'b10902125': 915.6332108901718, 'b10902015': 1083.9845092040646})
community cards of this round: ['C6', 'SA', 'HJ', 'D6', 'SJ']
name: b10902125, hole_card: ['D5', 'SK']
name: b10902015, hole_card: ['H3', 'D2']
Started the round 7
Street "preflop" started. (community card = [])
name: b10902125, hole_card: ['D5', 'SK']
name: b10902015, hole_card: ['H3', 'D2']
"b10902015" declared "fold:0"
"['b10902125']" won the round 7 (stack = {'b10902125': 920.6332108901718, 'b10902015': 1078.9845092040646})
community cards of this round: ['SK', 'D8', 'SJ', 'HA', 'ST']
name: b10902125, hole_card: ['CT', 'C6']
name: b10902015, hole_card: ['H2', 'H3']
Started the round 8
Street "preflop" started. (community card = [])
name: b10902125, hole_card: ['CT', 'C6']
name: b10902015, hole_card: ['H2', 'H3']
"b10902125" declared "raise:40.60793702854994"
name: b10902125, hole_card: ['CT', 'C6']
name: b10902015, hole_card: ['H2', 'H3']
"b10902015" declared "fold:0"
"['b10902125']" won the round 8 (stack = {'b10902125': 930.0252738616218, 'b10902015': 1068.9845092040646})
community cards of this round: ['DT', 'CT', 'H2', 'C4', 'CK']
name: b10902125, hole_card: ['S3', 'S9']
name: b10902015, hole_card: ['D4', 'S7']
Started the round 9
Street "preflop" started. (community card = [])
name: b10902125, hole_card: ['S3', 'S9']
name: b10902015, hole_card: ['D4', 'S7']
"b10902015" declared "call:10"
name: b10902125, hole_card: ['S3', 'S9']
name: b10902015, hole_card: ['D4', 'S7']
"b10902125" declared "raise:40.56440439105875"
name: b10902125, hole_card: ['S3', 'S9']
name: b10902015, hole_card: ['D4', 'S7']
"b10902015" declared "call:40.56440439105875"
Street "flop" started. (community card = ['DT', 'CT', 'H2'])
name: b10902125, hole_card: ['S3', 'S9']
name: b10902015, hole_card: ['D4', 'S7']
"b10902015" declared "fold:0"
"['b10902125']" won the round 9 (stack = {'b10902125': 970.4608694705631, 'b10902015': 1028.4201048130058})
community cards of this round: ['S8', 'H3', 'HJ', 'H8', 'C6']
name: b10902125, hole_card: ['DT', 'C9']
name: b10902015, hole_card: ['HT', 'D9']
Started the round 10
Street "preflop" started. (community card = [])
name: b10902125, hole_card: ['DT', 'C9']
name: b10902015, hole_card: ['HT', 'D9']
"b10902125" declared "raise:44.62928288573492"
name: b10902125, hole_card: ['DT', 'C9']
name: b10902015, hole_card: ['HT', 'D9']
"b10902015" declared "call:44.62928288573492"
Street "flop" started. (community card = ['S8', 'H3', 'HJ'])
name: b10902125, hole_card: ['DT', 'C9']
name: b10902015, hole_card: ['HT', 'D9']
"b10902125" declared "fold:0"
"['b10902015']" won the round 10 (stack = {'b10902125': 925.8315865848282, 'b10902015': 1072.7908219272708})
community cards of this round: ['H6', 'D7', 'S8', 'S7', 'C8']
name: b10902125, hole_card: ['DQ', 'S3']
name: b10902015, hole_card: ['SK', 'HJ']
Started the round 11
Street "preflop" started. (community card = [])
name: b10902125, hole_card: ['DQ', 'S3']
name: b10902015, hole_card: ['SK', 'HJ']
"b10902015" declared "call:10"
name: b10902125, hole_card: ['DQ', 'S3']
name: b10902015, hole_card: ['SK', 'HJ']
"b10902125" declared "raise:925.8315865848282"
name: b10902125, hole_card: ['DQ', 'S3']
name: b10902015, hole_card: ['SK', 'HJ']
"b10902015" declared "call:925.8315865848282"
Street "flop" started. (community card = ['H6', 'D7', 'S8'])
Street "turn" started. (community card = ['H6', 'D7', 'S8', 'S7'])
Street "river" started. (community card = ['H6', 'D7', 'S8', 'S7', 'C8'])
"['b10902015']" won the round 11 (stack = {'b10902125': 0.0, 'b10902015': 1997.9592353424428})
b10902015 vs b10902125 - Game 5: {'rule': {'initial_stack': 1000, 'max_round': 20, 'small_blind_amount': 5, 'ante': 0, 'blind_structure': {}}, 'players': [{'name': 'b10902125', 'uuid': 'hamppqvgyvzrwwzmkjuavv', 'stack': 0, 'state': 'folded'}, {'name': 'b10902015', 'uuid': 'yrpkbxxsbcspmdlqzflidl', 'stack': 1997.9592353424428, 'state': 'participating'}]}
Final Result: b10902015 won 4 games (stack: 8048.031163718686), b10902125 won 1 games (stack: 1946.0), num ties: 0
