community cards of this round: ['CA', 'C8', 'H8', 'DK', 'CK']
name: b11902043, hole_card: ['D6', 'CQ']
name: b11902138, hole_card: ['H2', 'H6']
Started the round 1
Street "preflop" started. (community card = [])
name: b11902043, hole_card: ['D6', 'CQ']
name: b11902138, hole_card: ['H2', 'H6']
"b11902138" declared "raise:15"
name: b11902043, hole_card: ['D6', 'CQ']
name: b11902138, hole_card: ['H2', 'H6']
"b11902043" declared "call:15"
Street "flop" started. (community card = ['CA', 'C8', 'H8'])
name: b11902043, hole_card: ['D6', 'CQ']
name: b11902138, hole_card: ['H2', 'H6']
"b11902138" declared "raise:10"
name: b11902043, hole_card: ['D6', 'CQ']
name: b11902138, hole_card: ['H2', 'H6']
"b11902043" declared "call:10"
Street "turn" started. (community card = ['CA', 'C8', 'H8', 'DK'])
name: b11902043, hole_card: ['D6', 'CQ']
name: b11902138, hole_card: ['H2', 'H6']
"b11902138" declared "raise:10"
name: b11902043, hole_card: ['D6', 'CQ']
name: b11902138, hole_card: ['H2', 'H6']
"b11902043" declared "fold:0"
"['b11902138']" won the round 1 (stack = {'b11902043': 975, 'b11902138': 1025})
community cards of this round: ['H9', 'HJ', 'S9', 'DJ', 'CK']
name: b11902043, hole_card: ['C5', 'H5']
name: b11902138, hole_card: ['H6', 'H3']
Started the round 2
Street "preflop" started. (community card = [])
name: b11902043, hole_card: ['C5', 'H5']
name: b11902138, hole_card: ['H6', 'H3']
"b11902043" declared "call:10"
name: b11902043, hole_card: ['C5', 'H5']
name: b11902138, hole_card: ['H6', 'H3']
"b11902138" declared "raise:15"
name: b11902043, hole_card: ['C5', 'H5']
name: b11902138, hole_card: ['H6', 'H3']
"b11902043" declared "call:15"
Street "flop" started. (community card = ['H9', 'HJ', 'S9'])
name: b11902043, hole_card: ['C5', 'H5']
name: b11902138, hole_card: ['H6', 'H3']
"b11902043" declared "call:0"
name: b11902043, hole_card: ['C5', 'H5']
name: b11902138, hole_card: ['H6', 'H3']
"b11902138" declared "raise:10"
name: b11902043, hole_card: ['C5', 'H5']
name: b11902138, hole_card: ['H6', 'H3']
"b11902043" declared "call:10"
Street "turn" started. (community card = ['H9', 'HJ', 'S9', 'DJ'])
name: b11902043, hole_card: ['C5', 'H5']
name: b11902138, hole_card: ['H6', 'H3']
"b11902043" declared "call:0"
name: b11902043, hole_card: ['C5', 'H5']
name: b11902138, hole_card: ['H6', 'H3']
"b11902138" declared "raise:10"
name: b11902043, hole_card: ['C5', 'H5']
name: b11902138, hole_card: ['H6', 'H3']
"b11902043" declared "fold:0"
"['b11902138']" won the round 2 (stack = {'b11902043': 950, 'b11902138': 1050})
community cards of this round: ['CJ', 'H6', 'H5', 'H7', 'DK']
name: b11902043, hole_card: ['C4', 'C3']
name: b11902138, hole_card: ['D5', 'D4']
Started the round 3
Street "preflop" started. (community card = [])
name: b11902043, hole_card: ['C4', 'C3']
name: b11902138, hole_card: ['D5', 'D4']
"b11902138" declared "raise:15"
name: b11902043, hole_card: ['C4', 'C3']
name: b11902138, hole_card: ['D5', 'D4']
"b11902043" declared "fold:0"
"['b11902138']" won the round 3 (stack = {'b11902043': 940, 'b11902138': 1060})
community cards of this round: ['S6', 'C2', 'DJ', 'C5', 'H5']
name: b11902043, hole_card: ['H4', 'C8']
name: b11902138, hole_card: ['H3', 'D3']
Started the round 4
Street "preflop" started. (community card = [])
name: b11902043, hole_card: ['H4', 'C8']
name: b11902138, hole_card: ['H3', 'D3']
"b11902043" declared "fold:0"
"['b11902138']" won the round 4 (stack = {'b11902043': 935, 'b11902138': 1065})
community cards of this round: ['S2', 'C9', 'D3', 'S5', 'S4']
name: b11902043, hole_card: ['DQ', 'SA']
name: b11902138, hole_card: ['D8', 'C2']
Started the round 5
Street "preflop" started. (community card = [])
name: b11902043, hole_card: ['DQ', 'SA']
name: b11902138, hole_card: ['D8', 'C2']
"b11902138" declared "raise:15"
name: b11902043, hole_card: ['DQ', 'SA']
name: b11902138, hole_card: ['D8', 'C2']
"b11902043" declared "raise:20"
name: b11902043, hole_card: ['DQ', 'SA']
name: b11902138, hole_card: ['D8', 'C2']
"b11902138" declared "fold:0"
"['b11902043']" won the round 5 (stack = {'b11902043': 950, 'b11902138': 1050})
{'preflop': 0, 'flop': 0, 'turn': 0, 'river': 0}
community cards of this round: ['D7', 'H4', 'S9', 'S7', 'DJ']
name: b11902043, hole_card: ['D8', 'C7']
name: b11902138, hole_card: ['CT', 'DK']
Started the round 6
Street "preflop" started. (community card = [])
name: b11902043, hole_card: ['D8', 'C7']
name: b11902138, hole_card: ['CT', 'DK']
"b11902043" declared "call:10"
name: b11902043, hole_card: ['D8', 'C7']
name: b11902138, hole_card: ['CT', 'DK']
"b11902138" declared "raise:15"
name: b11902043, hole_card: ['D8', 'C7']
name: b11902138, hole_card: ['CT', 'DK']
"b11902043" declared "fold:0"
"['b11902138']" won the round 6 (stack = {'b11902043': 940, 'b11902138': 1060})
community cards of this round: ['SQ', 'S4', 'HA', 'DA', 'S2']
name: b11902043, hole_card: ['S6', 'D7']
name: b11902138, hole_card: ['DQ', 'HJ']
Started the round 7
Street "preflop" started. (community card = [])
name: b11902043, hole_card: ['S6', 'D7']
name: b11902138, hole_card: ['DQ', 'HJ']
"b11902138" declared "raise:15"
name: b11902043, hole_card: ['S6', 'D7']
name: b11902138, hole_card: ['DQ', 'HJ']
"b11902043" declared "call:15"
Street "flop" started. (community card = ['SQ', 'S4', 'HA'])
name: b11902043, hole_card: ['S6', 'D7']
name: b11902138, hole_card: ['DQ', 'HJ']
"b11902138" declared "raise:10"
name: b11902043, hole_card: ['S6', 'D7']
name: b11902138, hole_card: ['DQ', 'HJ']
"b11902043" declared "fold:0"
"['b11902138']" won the round 7 (stack = {'b11902043': 925, 'b11902138': 1075})
community cards of this round: ['DK', 'C9', 'D3', 'SQ', 'S6']
name: b11902043, hole_card: ['D2', 'H4']
name: b11902138, hole_card: ['CJ', 'D7']
Started the round 8
Street "preflop" started. (community card = [])
name: b11902043, hole_card: ['D2', 'H4']
name: b11902138, hole_card: ['CJ', 'D7']
"b11902043" declared "fold:0"
"['b11902138']" won the round 8 (stack = {'b11902043': 920, 'b11902138': 1080})
community cards of this round: ['C2', 'SK', 'S9', 'HJ', 'HT']
name: b11902043, hole_card: ['H5', 'S6']
name: b11902138, hole_card: ['C7', 'D4']
Started the round 9
Street "preflop" started. (community card = [])
name: b11902043, hole_card: ['H5', 'S6']
name: b11902138, hole_card: ['C7', 'D4']
"b11902138" declared "raise:15"
name: b11902043, hole_card: ['H5', 'S6']
name: b11902138, hole_card: ['C7', 'D4']
"b11902043" declared "raise:920"
name: b11902043, hole_card: ['H5', 'S6']
name: b11902138, hole_card: ['C7', 'D4']
"b11902138" declared "fold:0"
"['b11902043']" won the round 9 (stack = {'b11902043': 935, 'b11902138': 1065})
{'preflop': 1, 'flop': 0, 'turn': 0, 'river': 0}
community cards of this round: ['C5', 'CK', 'D3', 'H4', 'H8']
name: b11902043, hole_card: ['S3', 'HQ']
name: b11902138, hole_card: ['HT', 'S4']
Started the round 10
Street "preflop" started. (community card = [])
name: b11902043, hole_card: ['S3', 'HQ']
name: b11902138, hole_card: ['HT', 'S4']
"b11902043" declared "raise:30"
name: b11902043, hole_card: ['S3', 'HQ']
name: b11902138, hole_card: ['HT', 'S4']
"b11902138" declared "fold:0"
"['b11902043']" won the round 10 (stack = {'b11902043': 945, 'b11902138': 1055})
{'preflop': 2, 'flop': 0, 'turn': 0, 'river': 0}
community cards of this round: ['C2', 'S6', 'S2', 'CT', 'D6']
name: b11902043, hole_card: ['C9', 'H3']
name: b11902138, hole_card: ['S8', 'C3']
Started the round 11
Street "preflop" started. (community card = [])
name: b11902043, hole_card: ['C9', 'H3']
name: b11902138, hole_card: ['S8', 'C3']
"b11902138" declared "raise:15"
name: b11902043, hole_card: ['C9', 'H3']
name: b11902138, hole_card: ['S8', 'C3']
"b11902043" declared "raise:945"
name: b11902043, hole_card: ['C9', 'H3']
name: b11902138, hole_card: ['S8', 'C3']
"b11902138" declared "fold:0"
"['b11902043']" won the round 11 (stack = {'b11902043': 960, 'b11902138': 1040})
{'preflop': 3, 'flop': 0, 'turn': 0, 'river': 0}
community cards of this round: ['C3', 'SA', 'CK', 'H6', 'SJ']
name: b11902043, hole_card: ['SK', 'DJ']
name: b11902138, hole_card: ['CT', 'D9']
Started the round 12
Street "preflop" started. (community card = [])
name: b11902043, hole_card: ['SK', 'DJ']
name: b11902138, hole_card: ['CT', 'D9']
"b11902043" declared "call:10"
name: b11902043, hole_card: ['SK', 'DJ']
name: b11902138, hole_card: ['CT', 'D9']
"b11902138" declared "raise:15"
name: b11902043, hole_card: ['SK', 'DJ']
name: b11902138, hole_card: ['CT', 'D9']
"b11902043" declared "call:15"
Street "flop" started. (community card = ['C3', 'SA', 'CK'])
name: b11902043, hole_card: ['SK', 'DJ']
name: b11902138, hole_card: ['CT', 'D9']
"b11902043" declared "raise:100"
name: b11902043, hole_card: ['SK', 'DJ']
name: b11902138, hole_card: ['CT', 'D9']
"b11902138" declared "fold:0"
"['b11902043']" won the round 12 (stack = {'b11902043': 975, 'b11902138': 1025})
{'preflop': 4, 'flop': 0, 'turn': 0, 'river': 0}
community cards of this round: ['D7', 'D9', 'SK', 'S8', 'H7']
name: b11902043, hole_card: ['D5', 'H9']
name: b11902138, hole_card: ['H3', 'HJ']
Started the round 13
Street "preflop" started. (community card = [])
name: b11902043, hole_card: ['D5', 'H9']
name: b11902138, hole_card: ['H3', 'HJ']
"b11902138" declared "raise:15"
name: b11902043, hole_card: ['D5', 'H9']
name: b11902138, hole_card: ['H3', 'HJ']
"b11902043" declared "fold:0"
"['b11902138']" won the round 13 (stack = {'b11902043': 965, 'b11902138': 1035})
community cards of this round: ['H9', 'CA', 'C5', 'S2', 'HJ']
name: b11902043, hole_card: ['S3', 'C7']
name: b11902138, hole_card: ['D2', 'D5']
Started the round 14
Street "preflop" started. (community card = [])
name: b11902043, hole_card: ['S3', 'C7']
name: b11902138, hole_card: ['D2', 'D5']
"b11902043" declared "fold:0"
"['b11902138']" won the round 14 (stack = {'b11902043': 960, 'b11902138': 1040})
community cards of this round: ['S8', 'C5', 'HJ', 'SK', 'C9']
name: b11902043, hole_card: ['HQ', 'D2']
name: b11902138, hole_card: ['S9', 'S4']
Started the round 15
Street "preflop" started. (community card = [])
name: b11902043, hole_card: ['HQ', 'D2']
name: b11902138, hole_card: ['S9', 'S4']
"b11902138" declared "raise:15"
name: b11902043, hole_card: ['HQ', 'D2']
name: b11902138, hole_card: ['S9', 'S4']
"b11902043" declared "raise:960"
name: b11902043, hole_card: ['HQ', 'D2']
name: b11902138, hole_card: ['S9', 'S4']
"b11902138" declared "fold:0"
"['b11902043']" won the round 15 (stack = {'b11902043': 975, 'b11902138': 1025})
{'preflop': 4, 'flop': 1, 'turn': 0, 'river': 0}
community cards of this round: ['C2', 'D9', 'H4', 'SQ', 'S8']
name: b11902043, hole_card: ['C7', 'S6']
name: b11902138, hole_card: ['D6', 'CQ']
Started the round 16
Street "preflop" started. (community card = [])
name: b11902043, hole_card: ['C7', 'S6']
name: b11902138, hole_card: ['D6', 'CQ']
"b11902043" declared "raise:975"
name: b11902043, hole_card: ['C7', 'S6']
name: b11902138, hole_card: ['D6', 'CQ']
"b11902138" declared "fold:0"
"['b11902043']" won the round 16 (stack = {'b11902043': 985, 'b11902138': 1015})
{'preflop': 5, 'flop': 1, 'turn': 0, 'river': 0}
community cards of this round: ['D4', 'CJ', 'S7', 'S2', 'CT']
name: b11902043, hole_card: ['SQ', 'DK']
name: b11902138, hole_card: ['DJ', 'ST']
Started the round 17
Street "preflop" started. (community card = [])
name: b11902043, hole_card: ['SQ', 'DK']
name: b11902138, hole_card: ['DJ', 'ST']
"b11902138" declared "raise:15"
name: b11902043, hole_card: ['SQ', 'DK']
name: b11902138, hole_card: ['DJ', 'ST']
"b11902043" declared "raise:985"
name: b11902043, hole_card: ['SQ', 'DK']
name: b11902138, hole_card: ['DJ', 'ST']
"b11902138" declared "call:985"
Street "flop" started. (community card = ['D4', 'CJ', 'S7'])
Street "turn" started. (community card = ['D4', 'CJ', 'S7', 'S2'])
Street "river" started. (community card = ['D4', 'CJ', 'S7', 'S2', 'CT'])
"['b11902138']" won the round 17 (stack = {'b11902043': 0, 'b11902138': 2000})
b11902138 vs b11902043 - Game 1: {'rule': {'initial_stack': 1000, 'max_round': 20, 'small_blind_amount': 5, 'ante': 0, 'blind_structure': {}}, 'players': [{'name': 'b11902043', 'uuid': 'nzspxxviqyqchjcqhrzogx', 'stack': 0, 'state': 'folded'}, {'name': 'b11902138', 'uuid': 'jtwxjjtwebspdxzlnaskll', 'stack': 2000, 'state': 'participating'}]}
community cards of this round: ['CA', 'C8', 'H8', 'DK', 'CK']
name: b11902138, hole_card: ['D6', 'CQ']
name: b11902043, hole_card: ['H2', 'H6']
Started the round 1
Street "preflop" started. (community card = [])
name: b11902138, hole_card: ['D6', 'CQ']
name: b11902043, hole_card: ['H2', 'H6']
"b11902043" declared "call:10"
name: b11902138, hole_card: ['D6', 'CQ']
name: b11902043, hole_card: ['H2', 'H6']
"b11902138" declared "raise:15"
name: b11902138, hole_card: ['D6', 'CQ']
name: b11902043, hole_card: ['H2', 'H6']
"b11902043" declared "fold:0"
"['b11902138']" won the round 1 (stack = {'b11902138': 1010, 'b11902043': 990})
community cards of this round: ['H9', 'HJ', 'S9', 'DJ', 'CK']
name: b11902138, hole_card: ['C5', 'H5']
name: b11902043, hole_card: ['H6', 'H3']
Started the round 2
Street "preflop" started. (community card = [])
name: b11902138, hole_card: ['C5', 'H5']
name: b11902043, hole_card: ['H6', 'H3']
"b11902138" declared "raise:15"
name: b11902138, hole_card: ['C5', 'H5']
name: b11902043, hole_card: ['H6', 'H3']
"b11902043" declared "fold:0"
"['b11902138']" won the round 2 (stack = {'b11902138': 1020, 'b11902043': 980})
community cards of this round: ['CJ', 'H6', 'H5', 'H7', 'DK']
name: b11902138, hole_card: ['C4', 'C3']
name: b11902043, hole_card: ['D5', 'D4']
Started the round 3
Street "preflop" started. (community card = [])
name: b11902138, hole_card: ['C4', 'C3']
name: b11902043, hole_card: ['D5', 'D4']
"b11902043" declared "fold:0"
"['b11902138']" won the round 3 (stack = {'b11902138': 1025, 'b11902043': 975})
community cards of this round: ['S6', 'C2', 'DJ', 'C5', 'H5']
name: b11902138, hole_card: ['H4', 'C8']
name: b11902043, hole_card: ['H3', 'D3']
Started the round 4
Street "preflop" started. (community card = [])
name: b11902138, hole_card: ['H4', 'C8']
name: b11902043, hole_card: ['H3', 'D3']
"b11902138" declared "raise:15"
name: b11902138, hole_card: ['H4', 'C8']
name: b11902043, hole_card: ['H3', 'D3']
"b11902043" declared "call:15"
Street "flop" started. (community card = ['S6', 'C2', 'DJ'])
name: b11902138, hole_card: ['H4', 'C8']
name: b11902043, hole_card: ['H3', 'D3']
"b11902138" declared "raise:10"
name: b11902138, hole_card: ['H4', 'C8']
name: b11902043, hole_card: ['H3', 'D3']
"b11902043" declared "call:10"
Street "turn" started. (community card = ['S6', 'C2', 'DJ', 'C5'])
name: b11902138, hole_card: ['H4', 'C8']
name: b11902043, hole_card: ['H3', 'D3']
"b11902138" declared "raise:10"
name: b11902138, hole_card: ['H4', 'C8']
name: b11902043, hole_card: ['H3', 'D3']
"b11902043" declared "call:10"
Street "river" started. (community card = ['S6', 'C2', 'DJ', 'C5', 'H5'])
name: b11902138, hole_card: ['H4', 'C8']
name: b11902043, hole_card: ['H3', 'D3']
"b11902138" declared "raise:10"
name: b11902138, hole_card: ['H4', 'C8']
name: b11902043, hole_card: ['H3', 'D3']
"b11902043" declared "raise:20"
name: b11902138, hole_card: ['H4', 'C8']
name: b11902043, hole_card: ['H3', 'D3']
"b11902138" declared "fold:0"
"['b11902043']" won the round 4 (stack = {'b11902138': 980, 'b11902043': 1020})
{'preflop': 0, 'flop': 0, 'turn': 0, 'river': 0}
community cards of this round: ['S2', 'C9', 'D3', 'S5', 'S4']
name: b11902138, hole_card: ['DQ', 'SA']
name: b11902043, hole_card: ['D8', 'C2']
Started the round 5
Street "preflop" started. (community card = [])
name: b11902138, hole_card: ['DQ', 'SA']
name: b11902043, hole_card: ['D8', 'C2']
"b11902043" declared "fold:0"
"['b11902138']" won the round 5 (stack = {'b11902138': 985, 'b11902043': 1015})
community cards of this round: ['D7', 'H4', 'S9', 'S7', 'DJ']
name: b11902138, hole_card: ['D8', 'C7']
name: b11902043, hole_card: ['CT', 'DK']
Started the round 6
Street "preflop" started. (community card = [])
name: b11902138, hole_card: ['D8', 'C7']
name: b11902043, hole_card: ['CT', 'DK']
"b11902138" declared "raise:15"
name: b11902138, hole_card: ['D8', 'C7']
name: b11902043, hole_card: ['CT', 'DK']
"b11902043" declared "call:15"
Street "flop" started. (community card = ['D7', 'H4', 'S9'])
name: b11902138, hole_card: ['D8', 'C7']
name: b11902043, hole_card: ['CT', 'DK']
"b11902138" declared "raise:10"
name: b11902138, hole_card: ['D8', 'C7']
name: b11902043, hole_card: ['CT', 'DK']
"b11902043" declared "call:10"
Street "turn" started. (community card = ['D7', 'H4', 'S9', 'S7'])
name: b11902138, hole_card: ['D8', 'C7']
name: b11902043, hole_card: ['CT', 'DK']
"b11902138" declared "raise:10"
name: b11902138, hole_card: ['D8', 'C7']
name: b11902043, hole_card: ['CT', 'DK']
"b11902043" declared "call:10"
Street "river" started. (community card = ['D7', 'H4', 'S9', 'S7', 'DJ'])
name: b11902138, hole_card: ['D8', 'C7']
name: b11902043, hole_card: ['CT', 'DK']
"b11902138" declared "raise:10"
name: b11902138, hole_card: ['D8', 'C7']
name: b11902043, hole_card: ['CT', 'DK']
"b11902043" declared "fold:0"
"['b11902138']" won the round 6 (stack = {'b11902138': 1020, 'b11902043': 980})
community cards of this round: ['SQ', 'S4', 'HA', 'DA', 'S2']
name: b11902138, hole_card: ['S6', 'D7']
name: b11902043, hole_card: ['DQ', 'HJ']
Started the round 7
Street "preflop" started. (community card = [])
name: b11902138, hole_card: ['S6', 'D7']
name: b11902043, hole_card: ['DQ', 'HJ']
"b11902043" declared "call:10"
name: b11902138, hole_card: ['S6', 'D7']
name: b11902043, hole_card: ['DQ', 'HJ']
"b11902138" declared "raise:15"
name: b11902138, hole_card: ['S6', 'D7']
name: b11902043, hole_card: ['DQ', 'HJ']
"b11902043" declared "call:15"
Street "flop" started. (community card = ['SQ', 'S4', 'HA'])
name: b11902138, hole_card: ['S6', 'D7']
name: b11902043, hole_card: ['DQ', 'HJ']
"b11902043" declared "raise:20"
name: b11902138, hole_card: ['S6', 'D7']
name: b11902043, hole_card: ['DQ', 'HJ']
"b11902138" declared "fold:0"
"['b11902043']" won the round 7 (stack = {'b11902138': 1005, 'b11902043': 995})
{'preflop': 0, 'flop': 0, 'turn': 0, 'river': 1}
community cards of this round: ['DK', 'C9', 'D3', 'SQ', 'S6']
name: b11902138, hole_card: ['D2', 'H4']
name: b11902043, hole_card: ['CJ', 'D7']
Started the round 8
Street "preflop" started. (community card = [])
name: b11902138, hole_card: ['D2', 'H4']
name: b11902043, hole_card: ['CJ', 'D7']
"b11902138" declared "raise:15"
name: b11902138, hole_card: ['D2', 'H4']
name: b11902043, hole_card: ['CJ', 'D7']
"b11902043" declared "call:15"
Street "flop" started. (community card = ['DK', 'C9', 'D3'])
name: b11902138, hole_card: ['D2', 'H4']
name: b11902043, hole_card: ['CJ', 'D7']
"b11902138" declared "raise:10"
name: b11902138, hole_card: ['D2', 'H4']
name: b11902043, hole_card: ['CJ', 'D7']
"b11902043" declared "fold:0"
"['b11902138']" won the round 8 (stack = {'b11902138': 1020, 'b11902043': 980})
community cards of this round: ['C2', 'SK', 'S9', 'HJ', 'HT']
name: b11902138, hole_card: ['H5', 'S6']
name: b11902043, hole_card: ['C7', 'D4']
Started the round 9
Street "preflop" started. (community card = [])
name: b11902138, hole_card: ['H5', 'S6']
name: b11902043, hole_card: ['C7', 'D4']
"b11902043" declared "fold:0"
"['b11902138']" won the round 9 (stack = {'b11902138': 1025, 'b11902043': 975})
community cards of this round: ['C5', 'CK', 'D3', 'H4', 'H8']
name: b11902138, hole_card: ['S3', 'HQ']
name: b11902043, hole_card: ['HT', 'S4']
Started the round 10
Street "preflop" started. (community card = [])
name: b11902138, hole_card: ['S3', 'HQ']
name: b11902043, hole_card: ['HT', 'S4']
"b11902138" declared "raise:15"
name: b11902138, hole_card: ['S3', 'HQ']
name: b11902043, hole_card: ['HT', 'S4']
"b11902043" declared "fold:0"
"['b11902138']" won the round 10 (stack = {'b11902138': 1035, 'b11902043': 965})
community cards of this round: ['C2', 'S6', 'S2', 'CT', 'D6']
name: b11902138, hole_card: ['C9', 'H3']
name: b11902043, hole_card: ['S8', 'C3']
Started the round 11
Street "preflop" started. (community card = [])
name: b11902138, hole_card: ['C9', 'H3']
name: b11902043, hole_card: ['S8', 'C3']
"b11902043" declared "fold:0"
"['b11902138']" won the round 11 (stack = {'b11902138': 1040, 'b11902043': 960})
community cards of this round: ['C3', 'SA', 'CK', 'H6', 'SJ']
name: b11902138, hole_card: ['SK', 'DJ']
name: b11902043, hole_card: ['CT', 'D9']
Started the round 12
Street "preflop" started. (community card = [])
name: b11902138, hole_card: ['SK', 'DJ']
name: b11902043, hole_card: ['CT', 'D9']
"b11902138" declared "raise:15"
name: b11902138, hole_card: ['SK', 'DJ']
name: b11902043, hole_card: ['CT', 'D9']
"b11902043" declared "call:15"
Street "flop" started. (community card = ['C3', 'SA', 'CK'])
name: b11902138, hole_card: ['SK', 'DJ']
name: b11902043, hole_card: ['CT', 'D9']
"b11902138" declared "raise:10"
name: b11902138, hole_card: ['SK', 'DJ']
name: b11902043, hole_card: ['CT', 'D9']
"b11902043" declared "raise:200"
name: b11902138, hole_card: ['SK', 'DJ']
name: b11902043, hole_card: ['CT', 'D9']
"b11902138" declared "call:200"
Street "turn" started. (community card = ['C3', 'SA', 'CK', 'H6'])
name: b11902138, hole_card: ['SK', 'DJ']
name: b11902043, hole_card: ['CT', 'D9']
"b11902138" declared "raise:10"
name: b11902138, hole_card: ['SK', 'DJ']
name: b11902043, hole_card: ['CT', 'D9']
"b11902043" declared "raise:745"
name: b11902138, hole_card: ['SK', 'DJ']
name: b11902043, hole_card: ['CT', 'D9']
"b11902138" declared "call:745"
Street "river" started. (community card = ['C3', 'SA', 'CK', 'H6', 'SJ'])
"['b11902138']" won the round 12 (stack = {'b11902138': 2000, 'b11902043': 0})
b11902138 vs b11902043 - Game 2: {'rule': {'initial_stack': 1000, 'max_round': 20, 'small_blind_amount': 5, 'ante': 0, 'blind_structure': {}}, 'players': [{'name': 'b11902138', 'uuid': 'rhqgdamlljipcgwfpfrmfv', 'stack': 2000, 'state': 'participating'}, {'name': 'b11902043', 'uuid': 'sidgocfhftzydekmbqyuot', 'stack': 0, 'state': 'folded'}]}
community cards of this round: ['SK', 'D5', 'C5', 'SA', 'H5']
name: b11902043, hole_card: ['CT', 'SQ']
name: b11902138, hole_card: ['H4', 'DT']
Started the round 1
Street "preflop" started. (community card = [])
name: b11902043, hole_card: ['CT', 'SQ']
name: b11902138, hole_card: ['H4', 'DT']
"b11902138" declared "raise:15"
name: b11902043, hole_card: ['CT', 'SQ']
name: b11902138, hole_card: ['H4', 'DT']
"b11902043" declared "call:15"
Street "flop" started. (community card = ['SK', 'D5', 'C5'])
name: b11902043, hole_card: ['CT', 'SQ']
name: b11902138, hole_card: ['H4', 'DT']
"b11902138" declared "raise:10"
name: b11902043, hole_card: ['CT', 'SQ']
name: b11902138, hole_card: ['H4', 'DT']
"b11902043" declared "call:10"
Street "turn" started. (community card = ['SK', 'D5', 'C5', 'SA'])
name: b11902043, hole_card: ['CT', 'SQ']
name: b11902138, hole_card: ['H4', 'DT']
"b11902138" declared "raise:10"
name: b11902043, hole_card: ['CT', 'SQ']
name: b11902138, hole_card: ['H4', 'DT']
"b11902043" declared "call:10"
Street "river" started. (community card = ['SK', 'D5', 'C5', 'SA', 'H5'])
name: b11902043, hole_card: ['CT', 'SQ']
name: b11902138, hole_card: ['H4', 'DT']
"b11902138" declared "raise:10"
name: b11902043, hole_card: ['CT', 'SQ']
name: b11902138, hole_card: ['H4', 'DT']
"b11902043" declared "raise:20"
name: b11902043, hole_card: ['CT', 'SQ']
name: b11902138, hole_card: ['H4', 'DT']
"b11902138" declared "fold:0"
"['b11902043']" won the round 1 (stack = {'b11902043': 1045, 'b11902138': 955})
{'preflop': 0, 'flop': 0, 'turn': 0, 'river': 0}
community cards of this round: ['D6', 'SK', 'S3', 'DT', 'HA']
name: b11902043, hole_card: ['DK', 'S7']
name: b11902138, hole_card: ['D9', 'S9']
Started the round 2
Street "preflop" started. (community card = [])
name: b11902043, hole_card: ['DK', 'S7']
name: b11902138, hole_card: ['D9', 'S9']
"b11902043" declared "call:10"
name: b11902043, hole_card: ['DK', 'S7']
name: b11902138, hole_card: ['D9', 'S9']
"b11902138" declared "raise:15"
name: b11902043, hole_card: ['DK', 'S7']
name: b11902138, hole_card: ['D9', 'S9']
"b11902043" declared "call:15"
Street "flop" started. (community card = ['D6', 'SK', 'S3'])
name: b11902043, hole_card: ['DK', 'S7']
name: b11902138, hole_card: ['D9', 'S9']
"b11902043" declared "raise:20"
name: b11902043, hole_card: ['DK', 'S7']
name: b11902138, hole_card: ['D9', 'S9']
"b11902138" declared "raise:60"
name: b11902043, hole_card: ['DK', 'S7']
name: b11902138, hole_card: ['D9', 'S9']
"b11902043" declared "raise:200"
name: b11902043, hole_card: ['DK', 'S7']
name: b11902138, hole_card: ['D9', 'S9']
"b11902138" declared "call:200"
Street "turn" started. (community card = ['D6', 'SK', 'S3', 'DT'])
name: b11902043, hole_card: ['DK', 'S7']
name: b11902138, hole_card: ['D9', 'S9']
"b11902043" declared "raise:830"
name: b11902043, hole_card: ['DK', 'S7']
name: b11902138, hole_card: ['D9', 'S9']
"b11902138" declared "fold:0"
"['b11902043']" won the round 2 (stack = {'b11902043': 1260, 'b11902138': 740})
{'preflop': 0, 'flop': 0, 'turn': 0, 'river': 1}
community cards of this round: ['H3', 'HK', 'DT', 'CT', 'HJ']
name: b11902043, hole_card: ['DQ', 'DJ']
name: b11902138, hole_card: ['D3', 'C9']
Started the round 3
Street "preflop" started. (community card = [])
name: b11902043, hole_card: ['DQ', 'DJ']
name: b11902138, hole_card: ['D3', 'C9']
"b11902138" declared "raise:15"
name: b11902043, hole_card: ['DQ', 'DJ']
name: b11902138, hole_card: ['D3', 'C9']
"b11902043" declared "fold:0"
"['b11902138']" won the round 3 (stack = {'b11902043': 1250, 'b11902138': 750})
community cards of this round: ['H6', 'SK', 'S7', 'CJ', 'HK']
name: b11902043, hole_card: ['ST', 'S3']
name: b11902138, hole_card: ['H3', 'C9']
Started the round 4
Street "preflop" started. (community card = [])
name: b11902043, hole_card: ['ST', 'S3']
name: b11902138, hole_card: ['H3', 'C9']
"b11902043" declared "fold:0"
"['b11902138']" won the round 4 (stack = {'b11902043': 1245, 'b11902138': 755})
community cards of this round: ['ST', 'HA', 'HK', 'CT', 'CK']
name: b11902043, hole_card: ['S7', 'H7']
name: b11902138, hole_card: ['D8', 'H2']
Started the round 5
Street "preflop" started. (community card = [])
name: b11902043, hole_card: ['S7', 'H7']
name: b11902138, hole_card: ['D8', 'H2']
"b11902138" declared "raise:15"
name: b11902043, hole_card: ['S7', 'H7']
name: b11902138, hole_card: ['D8', 'H2']
"b11902043" declared "fold:0"
"['b11902138']" won the round 5 (stack = {'b11902043': 1235, 'b11902138': 765})
community cards of this round: ['HK', 'CQ', 'H9', 'CK', 'S4']
name: b11902043, hole_card: ['S2', 'C2']
name: b11902138, hole_card: ['DK', 'SQ']
Started the round 6
Street "preflop" started. (community card = [])
name: b11902043, hole_card: ['S2', 'C2']
name: b11902138, hole_card: ['DK', 'SQ']
"b11902043" declared "fold:0"
"['b11902138']" won the round 6 (stack = {'b11902043': 1230, 'b11902138': 770})
community cards of this round: ['D2', 'S7', 'DK', 'CT', 'S4']
name: b11902043, hole_card: ['DA', 'HQ']
name: b11902138, hole_card: ['C6', 'D5']
Started the round 7
Street "preflop" started. (community card = [])
name: b11902043, hole_card: ['DA', 'HQ']
name: b11902138, hole_card: ['C6', 'D5']
"b11902138" declared "raise:15"
name: b11902043, hole_card: ['DA', 'HQ']
name: b11902138, hole_card: ['C6', 'D5']
"b11902043" declared "fold:0"
"['b11902138']" won the round 7 (stack = {'b11902043': 1220, 'b11902138': 780})
community cards of this round: ['C2', 'CT', 'HJ', 'S9', 'C4']
name: b11902043, hole_card: ['D4', 'H9']
name: b11902138, hole_card: ['DA', 'ST']
Started the round 8
Street "preflop" started. (community card = [])
name: b11902043, hole_card: ['D4', 'H9']
name: b11902138, hole_card: ['DA', 'ST']
"b11902043" declared "fold:0"
"['b11902138']" won the round 8 (stack = {'b11902043': 1215, 'b11902138': 785})
community cards of this round: ['ST', 'SJ', 'D8', 'H2', 'S2']
name: b11902043, hole_card: ['C5', 'S9']
name: b11902138, hole_card: ['DJ', 'DQ']
Started the round 9
Street "preflop" started. (community card = [])
name: b11902043, hole_card: ['C5', 'S9']
name: b11902138, hole_card: ['DJ', 'DQ']
"b11902138" declared "raise:15"
name: b11902043, hole_card: ['C5', 'S9']
name: b11902138, hole_card: ['DJ', 'DQ']
"b11902043" declared "fold:0"
"['b11902138']" won the round 9 (stack = {'b11902043': 1205, 'b11902138': 795})
community cards of this round: ['S3', 'SJ', 'D6', 'DQ', 'D9']
name: b11902043, hole_card: ['C6', 'HT']
name: b11902138, hole_card: ['H6', 'CT']
Started the round 10
Street "preflop" started. (community card = [])
name: b11902043, hole_card: ['C6', 'HT']
name: b11902138, hole_card: ['H6', 'CT']
"b11902043" declared "fold:0"
"['b11902138']" won the round 10 (stack = {'b11902043': 1200, 'b11902138': 800})
community cards of this round: ['CQ', 'D7', 'SA', 'C3', 'CA']
name: b11902043, hole_card: ['H2', 'S9']
name: b11902138, hole_card: ['HT', 'C6']
Started the round 11
Street "preflop" started. (community card = [])
name: b11902043, hole_card: ['H2', 'S9']
name: b11902138, hole_card: ['HT', 'C6']
"b11902138" declared "raise:15"
name: b11902043, hole_card: ['H2', 'S9']
name: b11902138, hole_card: ['HT', 'C6']
"b11902043" declared "fold:0"
"['b11902138']" won the round 11 (stack = {'b11902043': 1190, 'b11902138': 810})
community cards of this round: ['D4', 'C6', 'C3', 'C9', 'H4']
name: b11902043, hole_card: ['H8', 'SQ']
name: b11902138, hole_card: ['C8', 'D8']
Started the round 12
Street "preflop" started. (community card = [])
name: b11902043, hole_card: ['H8', 'SQ']
name: b11902138, hole_card: ['C8', 'D8']
"b11902043" declared "fold:0"
"['b11902138']" won the round 12 (stack = {'b11902043': 1185, 'b11902138': 815})
community cards of this round: ['DJ', 'CJ', 'H3', 'C8', 'HJ']
name: b11902043, hole_card: ['DK', 'S5']
name: b11902138, hole_card: ['S4', 'CA']
Started the round 13
Street "preflop" started. (community card = [])
name: b11902043, hole_card: ['DK', 'S5']
name: b11902138, hole_card: ['S4', 'CA']
"b11902138" declared "raise:15"
name: b11902043, hole_card: ['DK', 'S5']
name: b11902138, hole_card: ['S4', 'CA']
"b11902043" declared "fold:0"
"['b11902138']" won the round 13 (stack = {'b11902043': 1175, 'b11902138': 825})
community cards of this round: ['D4', 'S8', 'S6', 'C4', 'DJ']
name: b11902043, hole_card: ['S4', 'H6']
name: b11902138, hole_card: ['D6', 'SQ']
Started the round 14
Street "preflop" started. (community card = [])
name: b11902043, hole_card: ['S4', 'H6']
name: b11902138, hole_card: ['D6', 'SQ']
"b11902043" declared "fold:0"
"['b11902138']" won the round 14 (stack = {'b11902043': 1170, 'b11902138': 830})
community cards of this round: ['C9', 'H3', 'D2', 'D5', 'SK']
name: b11902043, hole_card: ['C8', 'SQ']
name: b11902138, hole_card: ['H8', 'CJ']
Started the round 15
Street "preflop" started. (community card = [])
name: b11902043, hole_card: ['C8', 'SQ']
name: b11902138, hole_card: ['H8', 'CJ']
"b11902138" declared "raise:15"
name: b11902043, hole_card: ['C8', 'SQ']
name: b11902138, hole_card: ['H8', 'CJ']
"b11902043" declared "fold:0"
"['b11902138']" won the round 15 (stack = {'b11902043': 1160, 'b11902138': 840})
community cards of this round: ['S8', 'H9', 'S2', 'C7', 'C2']
name: b11902043, hole_card: ['D2', 'S3']
name: b11902138, hole_card: ['ST', 'DA']
Started the round 16
Street "preflop" started. (community card = [])
name: b11902043, hole_card: ['D2', 'S3']
name: b11902138, hole_card: ['ST', 'DA']
"b11902043" declared "fold:0"
"['b11902138']" won the round 16 (stack = {'b11902043': 1155, 'b11902138': 845})
community cards of this round: ['HA', 'H9', 'D5', 'CQ', 'SK']
name: b11902043, hole_card: ['D7', 'S2']
name: b11902138, hole_card: ['S3', 'C2']
Started the round 17
Street "preflop" started. (community card = [])
name: b11902043, hole_card: ['D7', 'S2']
name: b11902138, hole_card: ['S3', 'C2']
"b11902138" declared "raise:15"
name: b11902043, hole_card: ['D7', 'S2']
name: b11902138, hole_card: ['S3', 'C2']
"b11902043" declared "fold:0"
"['b11902138']" won the round 17 (stack = {'b11902043': 1145, 'b11902138': 855})
community cards of this round: ['D9', 'HJ', 'C8', 'ST', 'HK']
name: b11902043, hole_card: ['CA', 'H2']
name: b11902138, hole_card: ['S9', 'DQ']
Started the round 18
Street "preflop" started. (community card = [])
name: b11902043, hole_card: ['CA', 'H2']
name: b11902138, hole_card: ['S9', 'DQ']
"b11902043" declared "fold:0"
"['b11902138']" won the round 18 (stack = {'b11902043': 1140, 'b11902138': 860})
community cards of this round: ['SQ', 'H3', 'D8', 'S8', 'H5']
name: b11902043, hole_card: ['HK', 'C6']
name: b11902138, hole_card: ['S6', 'SA']
Started the round 19
Street "preflop" started. (community card = [])
name: b11902043, hole_card: ['HK', 'C6']
name: b11902138, hole_card: ['S6', 'SA']
"b11902138" declared "raise:15"
name: b11902043, hole_card: ['HK', 'C6']
name: b11902138, hole_card: ['S6', 'SA']
"b11902043" declared "fold:0"
"['b11902138']" won the round 19 (stack = {'b11902043': 1130, 'b11902138': 870})
community cards of this round: ['SJ', 'DQ', 'SA', 'D5', 'ST']
name: b11902043, hole_card: ['HJ', 'S4']
name: b11902138, hole_card: ['S8', 'HQ']
Started the round 20
Street "preflop" started. (community card = [])
name: b11902043, hole_card: ['HJ', 'S4']
name: b11902138, hole_card: ['S8', 'HQ']
"b11902043" declared "fold:0"
"['b11902138']" won the round 20 (stack = {'b11902043': 1125, 'b11902138': 875})
b11902138 vs b11902043 - Game 3: {'rule': {'initial_stack': 1000, 'max_round': 20, 'small_blind_amount': 5, 'ante': 0, 'blind_structure': {}}, 'players': [{'name': 'b11902043', 'uuid': 'kagzdvaxcljkenoyivlibh', 'stack': 1125, 'state': 'participating'}, {'name': 'b11902138', 'uuid': 'rgloexzstizotqlfjupvli', 'stack': 875, 'state': 'participating'}]}
community cards of this round: ['SK', 'D5', 'C5', 'SA', 'H5']
name: b11902138, hole_card: ['CT', 'SQ']
name: b11902043, hole_card: ['H4', 'DT']
Started the round 1
Street "preflop" started. (community card = [])
name: b11902138, hole_card: ['CT', 'SQ']
name: b11902043, hole_card: ['H4', 'DT']
"b11902043" declared "call:10"
name: b11902138, hole_card: ['CT', 'SQ']
name: b11902043, hole_card: ['H4', 'DT']
"b11902138" declared "raise:15"
name: b11902138, hole_card: ['CT', 'SQ']
name: b11902043, hole_card: ['H4', 'DT']
"b11902043" declared "fold:0"
"['b11902138']" won the round 1 (stack = {'b11902138': 1010, 'b11902043': 990})
community cards of this round: ['D6', 'SK', 'S3', 'DT', 'HA']
name: b11902138, hole_card: ['DK', 'S7']
name: b11902043, hole_card: ['D9', 'S9']
Started the round 2
Street "preflop" started. (community card = [])
name: b11902138, hole_card: ['DK', 'S7']
name: b11902043, hole_card: ['D9', 'S9']
"b11902138" declared "raise:15"
name: b11902138, hole_card: ['DK', 'S7']
name: b11902043, hole_card: ['D9', 'S9']
"b11902043" declared "raise:40"
name: b11902138, hole_card: ['DK', 'S7']
name: b11902043, hole_card: ['D9', 'S9']
"b11902138" declared "call:40"
Street "flop" started. (community card = ['D6', 'SK', 'S3'])
name: b11902138, hole_card: ['DK', 'S7']
name: b11902043, hole_card: ['D9', 'S9']
"b11902138" declared "raise:10"
name: b11902138, hole_card: ['DK', 'S7']
name: b11902043, hole_card: ['D9', 'S9']
"b11902043" declared "raise:40"
name: b11902138, hole_card: ['DK', 'S7']
name: b11902043, hole_card: ['D9', 'S9']
"b11902138" declared "raise:105"
name: b11902138, hole_card: ['DK', 'S7']
name: b11902043, hole_card: ['D9', 'S9']
"b11902043" declared "raise:340"
name: b11902138, hole_card: ['DK', 'S7']
name: b11902043, hole_card: ['D9', 'S9']
"b11902138" declared "raise:862"
name: b11902138, hole_card: ['DK', 'S7']
name: b11902043, hole_card: ['D9', 'S9']
"b11902043" declared "call:862"
Street "turn" started. (community card = ['D6', 'SK', 'S3', 'DT'])
name: b11902138, hole_card: ['DK', 'S7']
name: b11902043, hole_card: ['D9', 'S9']
"b11902138" declared "raise:10"
name: b11902138, hole_card: ['DK', 'S7']
name: b11902043, hole_card: ['D9', 'S9']
"b11902043" declared "raise:88"
name: b11902138, hole_card: ['DK', 'S7']
name: b11902043, hole_card: ['D9', 'S9']
"b11902138" declared "call:88"
Street "river" started. (community card = ['D6', 'SK', 'S3', 'DT', 'HA'])
"['b11902138']" won the round 2 (stack = {'b11902138': 2000, 'b11902043': 0})
b11902138 vs b11902043 - Game 4: {'rule': {'initial_stack': 1000, 'max_round': 20, 'small_blind_amount': 5, 'ante': 0, 'blind_structure': {}}, 'players': [{'name': 'b11902138', 'uuid': 'jodlruuoztpbopyextncyx', 'stack': 2000, 'state': 'participating'}, {'name': 'b11902043', 'uuid': 'aohxcgruukovfhjqawvyfe', 'stack': 0, 'state': 'folded'}]}
community cards of this round: ['H6', 'DQ', 'S4', 'H5', 'HT']
name: b11902043, hole_card: ['H3', 'D2']
name: b11902138, hole_card: ['D5', 'DJ']
Started the round 1
Street "preflop" started. (community card = [])
name: b11902043, hole_card: ['H3', 'D2']
name: b11902138, hole_card: ['D5', 'DJ']
"b11902138" declared "raise:15"
name: b11902043, hole_card: ['H3', 'D2']
name: b11902138, hole_card: ['D5', 'DJ']
"b11902043" declared "fold:0"
"['b11902138']" won the round 1 (stack = {'b11902043': 990, 'b11902138': 1010})
community cards of this round: ['H5', 'S8', 'S2', 'H3', 'DA']
name: b11902043, hole_card: ['ST', 'D6']
name: b11902138, hole_card: ['D8', 'HA']
Started the round 2
Street "preflop" started. (community card = [])
name: b11902043, hole_card: ['ST', 'D6']
name: b11902138, hole_card: ['D8', 'HA']
"b11902043" declared "call:10"
name: b11902043, hole_card: ['ST', 'D6']
name: b11902138, hole_card: ['D8', 'HA']
"b11902138" declared "raise:15"
name: b11902043, hole_card: ['ST', 'D6']
name: b11902138, hole_card: ['D8', 'HA']
"b11902043" declared "fold:0"
"['b11902138']" won the round 2 (stack = {'b11902043': 980, 'b11902138': 1020})
community cards of this round: ['S7', 'HA', 'CA', 'H5', 'CK']
name: b11902043, hole_card: ['H2', 'S8']
name: b11902138, hole_card: ['CT', 'D2']
Started the round 3
Street "preflop" started. (community card = [])
name: b11902043, hole_card: ['H2', 'S8']
name: b11902138, hole_card: ['CT', 'D2']
"b11902138" declared "raise:15"
name: b11902043, hole_card: ['H2', 'S8']
name: b11902138, hole_card: ['CT', 'D2']
"b11902043" declared "fold:0"
"['b11902138']" won the round 3 (stack = {'b11902043': 970, 'b11902138': 1030})
community cards of this round: ['CK', 'H5', 'H7', 'H3', 'DQ']
name: b11902043, hole_card: ['H4', 'SQ']
name: b11902138, hole_card: ['S9', 'H6']
Started the round 4
Street "preflop" started. (community card = [])
name: b11902043, hole_card: ['H4', 'SQ']
name: b11902138, hole_card: ['S9', 'H6']
"b11902043" declared "call:10"
name: b11902043, hole_card: ['H4', 'SQ']
name: b11902138, hole_card: ['S9', 'H6']
"b11902138" declared "raise:15"
name: b11902043, hole_card: ['H4', 'SQ']
name: b11902138, hole_card: ['S9', 'H6']
"b11902043" declared "fold:0"
"['b11902138']" won the round 4 (stack = {'b11902043': 960, 'b11902138': 1040})
community cards of this round: ['S7', 'C7', 'C6', 'S5', 'D5']
name: b11902043, hole_card: ['C8', 'S3']
name: b11902138, hole_card: ['C9', 'HT']
Started the round 5
Street "preflop" started. (community card = [])
name: b11902043, hole_card: ['C8', 'S3']
name: b11902138, hole_card: ['C9', 'HT']
"b11902138" declared "raise:15"
name: b11902043, hole_card: ['C8', 'S3']
name: b11902138, hole_card: ['C9', 'HT']
"b11902043" declared "fold:0"
"['b11902138']" won the round 5 (stack = {'b11902043': 950, 'b11902138': 1050})
community cards of this round: ['H9', 'S6', 'D3', 'DT', 'D6']
name: b11902043, hole_card: ['SJ', 'C7']
name: b11902138, hole_card: ['HK', 'H6']
Started the round 6
Street "preflop" started. (community card = [])
name: b11902043, hole_card: ['SJ', 'C7']
name: b11902138, hole_card: ['HK', 'H6']
"b11902043" declared "call:10"
name: b11902043, hole_card: ['SJ', 'C7']
name: b11902138, hole_card: ['HK', 'H6']
"b11902138" declared "raise:15"
name: b11902043, hole_card: ['SJ', 'C7']
name: b11902138, hole_card: ['HK', 'H6']
"b11902043" declared "call:15"
Street "flop" started. (community card = ['H9', 'S6', 'D3'])
name: b11902043, hole_card: ['SJ', 'C7']
name: b11902138, hole_card: ['HK', 'H6']
"b11902043" declared "call:0"
name: b11902043, hole_card: ['SJ', 'C7']
name: b11902138, hole_card: ['HK', 'H6']
"b11902138" declared "raise:10"
name: b11902043, hole_card: ['SJ', 'C7']
name: b11902138, hole_card: ['HK', 'H6']
"b11902043" declared "fold:0"
"['b11902138']" won the round 6 (stack = {'b11902043': 935, 'b11902138': 1065})
community cards of this round: ['DK', 'HQ', 'C2', 'H8', 'CK']
name: b11902043, hole_card: ['ST', 'H6']
name: b11902138, hole_card: ['CQ', 'SA']
Started the round 7
Street "preflop" started. (community card = [])
name: b11902043, hole_card: ['ST', 'H6']
name: b11902138, hole_card: ['CQ', 'SA']
"b11902138" declared "raise:15"
name: b11902043, hole_card: ['ST', 'H6']
name: b11902138, hole_card: ['CQ', 'SA']
"b11902043" declared "call:15"
Street "flop" started. (community card = ['DK', 'HQ', 'C2'])
name: b11902043, hole_card: ['ST', 'H6']
name: b11902138, hole_card: ['CQ', 'SA']
"b11902138" declared "raise:10"
name: b11902043, hole_card: ['ST', 'H6']
name: b11902138, hole_card: ['CQ', 'SA']
"b11902043" declared "fold:0"
"['b11902138']" won the round 7 (stack = {'b11902043': 920, 'b11902138': 1080})
community cards of this round: ['C6', 'DJ', 'H7', 'S9', 'CA']
name: b11902043, hole_card: ['C9', 'S3']
name: b11902138, hole_card: ['ST', 'DQ']
Started the round 8
Street "preflop" started. (community card = [])
name: b11902043, hole_card: ['C9', 'S3']
name: b11902138, hole_card: ['ST', 'DQ']
"b11902043" declared "raise:920"
name: b11902043, hole_card: ['C9', 'S3']
name: b11902138, hole_card: ['ST', 'DQ']
"b11902138" declared "fold:0"
"['b11902043']" won the round 8 (stack = {'b11902043': 930, 'b11902138': 1070})
{'preflop': 0, 'flop': 0, 'turn': 0, 'river': 0}
community cards of this round: ['S3', 'HQ', 'S9', 'CJ', 'DA']
name: b11902043, hole_card: ['C9', 'ST']
name: b11902138, hole_card: ['HJ', 'C8']
Started the round 9
Street "preflop" started. (community card = [])
name: b11902043, hole_card: ['C9', 'ST']
name: b11902138, hole_card: ['HJ', 'C8']
"b11902138" declared "raise:15"
name: b11902043, hole_card: ['C9', 'ST']
name: b11902138, hole_card: ['HJ', 'C8']
"b11902043" declared "raise:930"
name: b11902043, hole_card: ['C9', 'ST']
name: b11902138, hole_card: ['HJ', 'C8']
"b11902138" declared "fold:0"
"['b11902043']" won the round 9 (stack = {'b11902043': 945, 'b11902138': 1055})
{'preflop': 1, 'flop': 0, 'turn': 0, 'river': 0}
community cards of this round: ['HA', 'S9', 'DQ', 'DT', 'S7']
name: b11902043, hole_card: ['SA', 'C3']
name: b11902138, hole_card: ['S6', 'D5']
Started the round 10
Street "preflop" started. (community card = [])
name: b11902043, hole_card: ['SA', 'C3']
name: b11902138, hole_card: ['S6', 'D5']
"b11902043" declared "call:10"
name: b11902043, hole_card: ['SA', 'C3']
name: b11902138, hole_card: ['S6', 'D5']
"b11902138" declared "raise:15"
name: b11902043, hole_card: ['SA', 'C3']
name: b11902138, hole_card: ['S6', 'D5']
"b11902043" declared "raise:200"
name: b11902043, hole_card: ['SA', 'C3']
name: b11902138, hole_card: ['S6', 'D5']
"b11902138" declared "fold:0"
"['b11902043']" won the round 10 (stack = {'b11902043': 960, 'b11902138': 1040})
{'preflop': 2, 'flop': 0, 'turn': 0, 'river': 0}
community cards of this round: ['DA', 'D6', 'C6', 'H6', 'DK']
name: b11902043, hole_card: ['C2', 'D3']
name: b11902138, hole_card: ['CJ', 'S9']
Started the round 11
Street "preflop" started. (community card = [])
name: b11902043, hole_card: ['C2', 'D3']
name: b11902138, hole_card: ['CJ', 'S9']
"b11902138" declared "raise:15"
name: b11902043, hole_card: ['C2', 'D3']
name: b11902138, hole_card: ['CJ', 'S9']
"b11902043" declared "fold:0"
"['b11902138']" won the round 11 (stack = {'b11902043': 950, 'b11902138': 1050})
community cards of this round: ['HT', 'SJ', 'C9', 'C4', 'C8']
name: b11902043, hole_card: ['S7', 'D7']
name: b11902138, hole_card: ['SK', 'ST']
Started the round 12
Street "preflop" started. (community card = [])
name: b11902043, hole_card: ['S7', 'D7']
name: b11902138, hole_card: ['SK', 'ST']
"b11902043" declared "raise:150"
name: b11902043, hole_card: ['S7', 'D7']
name: b11902138, hole_card: ['SK', 'ST']
"b11902138" declared "fold:0"
"['b11902043']" won the round 12 (stack = {'b11902043': 960, 'b11902138': 1040})
{'preflop': 3, 'flop': 0, 'turn': 0, 'river': 0}
community cards of this round: ['HT', 'H6', 'D7', 'DJ', 'HA']
name: b11902043, hole_card: ['HK', 'S7']
name: b11902138, hole_card: ['C2', 'D4']
Started the round 13
Street "preflop" started. (community card = [])
name: b11902043, hole_card: ['HK', 'S7']
name: b11902138, hole_card: ['C2', 'D4']
"b11902138" declared "raise:15"
name: b11902043, hole_card: ['HK', 'S7']
name: b11902138, hole_card: ['C2', 'D4']
"b11902043" declared "raise:960"
name: b11902043, hole_card: ['HK', 'S7']
name: b11902138, hole_card: ['C2', 'D4']
"b11902138" declared "fold:0"
"['b11902043']" won the round 13 (stack = {'b11902043': 975, 'b11902138': 1025})
{'preflop': 4, 'flop': 0, 'turn': 0, 'river': 0}
community cards of this round: ['S5', 'C8', 'HA', 'SK', 'D7']
name: b11902043, hole_card: ['CJ', 'C7']
name: b11902138, hole_card: ['S3', 'HK']
Started the round 14
Street "preflop" started. (community card = [])
name: b11902043, hole_card: ['CJ', 'C7']
name: b11902138, hole_card: ['S3', 'HK']
"b11902043" declared "call:10"
name: b11902043, hole_card: ['CJ', 'C7']
name: b11902138, hole_card: ['S3', 'HK']
"b11902138" declared "raise:15"
name: b11902043, hole_card: ['CJ', 'C7']
name: b11902138, hole_card: ['S3', 'HK']
"b11902043" declared "call:15"
Street "flop" started. (community card = ['S5', 'C8', 'HA'])
name: b11902043, hole_card: ['CJ', 'C7']
name: b11902138, hole_card: ['S3', 'HK']
"b11902043" declared "call:0"
name: b11902043, hole_card: ['CJ', 'C7']
name: b11902138, hole_card: ['S3', 'HK']
"b11902138" declared "raise:10"
name: b11902043, hole_card: ['CJ', 'C7']
name: b11902138, hole_card: ['S3', 'HK']
"b11902043" declared "call:10"
Street "turn" started. (community card = ['S5', 'C8', 'HA', 'SK'])
name: b11902043, hole_card: ['CJ', 'C7']
name: b11902138, hole_card: ['S3', 'HK']
"b11902043" declared "raise:950"
name: b11902043, hole_card: ['CJ', 'C7']
name: b11902138, hole_card: ['S3', 'HK']
"b11902138" declared "call:950"
Street "river" started. (community card = ['S5', 'C8', 'HA', 'SK', 'D7'])
"['b11902138']" won the round 14 (stack = {'b11902043': 0, 'b11902138': 2000})
b11902138 vs b11902043 - Game 5: {'rule': {'initial_stack': 1000, 'max_round': 20, 'small_blind_amount': 5, 'ante': 0, 'blind_structure': {}}, 'players': [{'name': 'b11902043', 'uuid': 'fcwtknqdljbwczszpzmiam', 'stack': 0, 'state': 'folded'}, {'name': 'b11902138', 'uuid': 'mfqibzbnsndeguwaflblhi', 'stack': 2000, 'state': 'participating'}]}
Final Result: b11902138 won 4 games (stack: 8875), b11902043 won 1 games (stack: 1125), num ties: 0
