community cards of this round: ['DK', 'HQ', 'C6', 'D8', 'C3']
name: b10902067, hole_card: ['S5', 'H4']
name: b09303036, hole_card: ['D7', 'C2']
Started the round 1
Street "preflop" started. (community card = [])
name: b10902067, hole_card: ['S5', 'H4']
name: b09303036, hole_card: ['D7', 'C2']
"b09303036" declared "fold:0"
"['b10902067']" won the round 1 (stack = {'b10902067': 1005, 'b09303036': 995})
community cards of this round: ['C6', 'CQ', 'H7', 'HA', 'CT']
name: b10902067, hole_card: ['H6', 'SQ']
name: b09303036, hole_card: ['HK', 'SA']
Started the round 2
Street "preflop" started. (community card = [])
name: b10902067, hole_card: ['H6', 'SQ']
name: b09303036, hole_card: ['HK', 'SA']
"b10902067" declared "raise:15"
name: b10902067, hole_card: ['H6', 'SQ']
name: b09303036, hole_card: ['HK', 'SA']
"b09303036" declared "fold:0"
"['b10902067']" won the round 2 (stack = {'b10902067': 1015, 'b09303036': 985})
community cards of this round: ['C8', 'D6', 'H9', 'S7', 'CQ']
name: b10902067, hole_card: ['S3', 'S9']
name: b09303036, hole_card: ['C7', 'H8']
Started the round 3
Street "preflop" started. (community card = [])
name: b10902067, hole_card: ['S3', 'S9']
name: b09303036, hole_card: ['C7', 'H8']
"b09303036" declared "fold:0"
"['b10902067']" won the round 3 (stack = {'b10902067': 1020, 'b09303036': 980})
community cards of this round: ['S5', 'CQ', 'S7', 'C2', 'HK']
name: b10902067, hole_card: ['H2', 'H8']
name: b09303036, hole_card: ['CJ', 'HJ']
Started the round 4
Street "preflop" started. (community card = [])
name: b10902067, hole_card: ['H2', 'H8']
name: b09303036, hole_card: ['CJ', 'HJ']
"b10902067" declared "raise:15"
name: b10902067, hole_card: ['H2', 'H8']
name: b09303036, hole_card: ['CJ', 'HJ']
"b09303036" declared "fold:0"
"['b10902067']" won the round 4 (stack = {'b10902067': 1030, 'b09303036': 970})
community cards of this round: ['S5', 'CA', 'H6', 'HA', 'SA']
name: b10902067, hole_card: ['H3', 'HT']
name: b09303036, hole_card: ['C8', 'S2']
Started the round 5
Street "preflop" started. (community card = [])
name: b10902067, hole_card: ['H3', 'HT']
name: b09303036, hole_card: ['C8', 'S2']
"b09303036" declared "fold:0"
"['b10902067']" won the round 5 (stack = {'b10902067': 1035, 'b09303036': 965})
community cards of this round: ['ST', 'HA', 'H8', 'H7', 'C3']
name: b10902067, hole_card: ['D2', 'SQ']
name: b09303036, hole_card: ['DT', 'C2']
Started the round 6
Street "preflop" started. (community card = [])
name: b10902067, hole_card: ['D2', 'SQ']
name: b09303036, hole_card: ['DT', 'C2']
"b10902067" declared "raise:15"
name: b10902067, hole_card: ['D2', 'SQ']
name: b09303036, hole_card: ['DT', 'C2']
"b09303036" declared "fold:0"
"['b10902067']" won the round 6 (stack = {'b10902067': 1045, 'b09303036': 955})
community cards of this round: ['D2', 'CT', 'H5', 'HK', 'HT']
name: b10902067, hole_card: ['C2', 'H4']
name: b09303036, hole_card: ['C5', 'ST']
Started the round 7
Street "preflop" started. (community card = [])
name: b10902067, hole_card: ['C2', 'H4']
name: b09303036, hole_card: ['C5', 'ST']
"b09303036" declared "fold:0"
"['b10902067']" won the round 7 (stack = {'b10902067': 1050, 'b09303036': 950})
community cards of this round: ['H6', 'DT', 'S5', 'SQ', 'CQ']
name: b10902067, hole_card: ['C8', 'HT']
name: b09303036, hole_card: ['HQ', 'CA']
Started the round 8
Street "preflop" started. (community card = [])
name: b10902067, hole_card: ['C8', 'HT']
name: b09303036, hole_card: ['HQ', 'CA']
"b10902067" declared "fold:0"
"['b09303036']" won the round 8 (stack = {'b10902067': 1045, 'b09303036': 955})
community cards of this round: ['H6', 'S4', 'D9', 'ST', 'D3']
name: b10902067, hole_card: ['C9', 'H2']
name: b09303036, hole_card: ['SK', 'C4']
Started the round 9
Street "preflop" started. (community card = [])
name: b10902067, hole_card: ['C9', 'H2']
name: b09303036, hole_card: ['SK', 'C4']
"b09303036" declared "fold:0"
"['b10902067']" won the round 9 (stack = {'b10902067': 1050, 'b09303036': 950})
community cards of this round: ['SQ', 'HJ', 'H3', 'S8', 'CA']
name: b10902067, hole_card: ['HK', 'HA']
name: b09303036, hole_card: ['C4', 'DA']
Started the round 10
Street "preflop" started. (community card = [])
name: b10902067, hole_card: ['HK', 'HA']
name: b09303036, hole_card: ['C4', 'DA']
"b10902067" declared "raise:15"
name: b10902067, hole_card: ['HK', 'HA']
name: b09303036, hole_card: ['C4', 'DA']
"b09303036" declared "fold:0"
"['b10902067']" won the round 10 (stack = {'b10902067': 1060, 'b09303036': 940})
community cards of this round: ['D3', 'C8', 'HJ', 'S4', 'C2']
name: b10902067, hole_card: ['ST', 'D7']
name: b09303036, hole_card: ['DA', 'C9']
Started the round 11
Street "preflop" started. (community card = [])
name: b10902067, hole_card: ['ST', 'D7']
name: b09303036, hole_card: ['DA', 'C9']
"b09303036" declared "fold:0"
"['b10902067']" won the round 11 (stack = {'b10902067': 1065, 'b09303036': 935})
community cards of this round: ['HK', 'S9', 'S8', 'HQ', 'H2']
name: b10902067, hole_card: ['C7', 'S2']
name: b09303036, hole_card: ['H5', 'ST']
Started the round 12
Street "preflop" started. (community card = [])
name: b10902067, hole_card: ['C7', 'S2']
name: b09303036, hole_card: ['H5', 'ST']
"b10902067" declared "fold:0"
"['b09303036']" won the round 12 (stack = {'b10902067': 1060, 'b09303036': 940})
community cards of this round: ['CT', 'C5', 'S4', 'H2', 'S2']
name: b10902067, hole_card: ['S8', 'S6']
name: b09303036, hole_card: ['C2', 'CJ']
Started the round 13
Street "preflop" started. (community card = [])
name: b10902067, hole_card: ['S8', 'S6']
name: b09303036, hole_card: ['C2', 'CJ']
"b09303036" declared "fold:0"
"['b10902067']" won the round 13 (stack = {'b10902067': 1065, 'b09303036': 935})
community cards of this round: ['C6', 'D2', 'C4', 'DA', 'C2']
name: b10902067, hole_card: ['CQ', 'S8']
name: b09303036, hole_card: ['S9', 'CK']
Started the round 14
Street "preflop" started. (community card = [])
name: b10902067, hole_card: ['CQ', 'S8']
name: b09303036, hole_card: ['S9', 'CK']
"b10902067" declared "fold:0"
"['b09303036']" won the round 14 (stack = {'b10902067': 1060, 'b09303036': 940})
community cards of this round: ['HQ', 'D4', 'DK', 'HT', 'HK']
name: b10902067, hole_card: ['D7', 'S7']
name: b09303036, hole_card: ['H2', 'DA']
Started the round 15
Street "preflop" started. (community card = [])
name: b10902067, hole_card: ['D7', 'S7']
name: b09303036, hole_card: ['H2', 'DA']
"b09303036" declared "fold:0"
"['b10902067']" won the round 15 (stack = {'b10902067': 1065, 'b09303036': 935})
community cards of this round: ['SJ', 'CA', 'DA', 'H7', 'S5']
name: b10902067, hole_card: ['C3', 'DT']
name: b09303036, hole_card: ['HQ', 'D7']
Started the round 16
Street "preflop" started. (community card = [])
name: b10902067, hole_card: ['C3', 'DT']
name: b09303036, hole_card: ['HQ', 'D7']
"b10902067" declared "fold:0"
"['b09303036']" won the round 16 (stack = {'b10902067': 1060, 'b09303036': 940})
community cards of this round: ['SQ', 'S3', 'H3', 'DT', 'SJ']
name: b10902067, hole_card: ['D6', 'DK']
name: b09303036, hole_card: ['CQ', 'HA']
Started the round 17
Street "preflop" started. (community card = [])
name: b10902067, hole_card: ['D6', 'DK']
name: b09303036, hole_card: ['CQ', 'HA']
"b09303036" declared "fold:0"
"['b10902067']" won the round 17 (stack = {'b10902067': 1065, 'b09303036': 935})
community cards of this round: ['SK', 'HK', 'D3', 'S4', 'HJ']
name: b10902067, hole_card: ['C9', 'SJ']
name: b09303036, hole_card: ['H9', 'H7']
Started the round 18
Street "preflop" started. (community card = [])
name: b10902067, hole_card: ['C9', 'SJ']
name: b09303036, hole_card: ['H9', 'H7']
"b10902067" declared "fold:0"
"['b09303036']" won the round 18 (stack = {'b10902067': 1060, 'b09303036': 940})
community cards of this round: ['HJ', 'D8', 'HT', 'S3', 'DT']
name: b10902067, hole_card: ['D6', 'D9']
name: b09303036, hole_card: ['C4', 'H2']
Started the round 19
Street "preflop" started. (community card = [])
name: b10902067, hole_card: ['D6', 'D9']
name: b09303036, hole_card: ['C4', 'H2']
"b09303036" declared "fold:0"
"['b10902067']" won the round 19 (stack = {'b10902067': 1065, 'b09303036': 935})
community cards of this round: ['DK', 'S3', 'C9', 'HT', 'S5']
name: b10902067, hole_card: ['CJ', 'CA']
name: b09303036, hole_card: ['H6', 'D8']
Started the round 20
Street "preflop" started. (community card = [])
name: b10902067, hole_card: ['CJ', 'CA']
name: b09303036, hole_card: ['H6', 'D8']
"b10902067" declared "fold:0"
"['b09303036']" won the round 20 (stack = {'b10902067': 1060, 'b09303036': 940})
b09303036 vs b10902067 - Game 1: {'rule': {'initial_stack': 1000, 'max_round': 20, 'small_blind_amount': 5, 'ante': 0, 'blind_structure': {}}, 'players': [{'name': 'b10902067', 'uuid': 'hbevybqpngtqjbffonkwyi', 'stack': 1060, 'state': 'participating'}, {'name': 'b09303036', 'uuid': 'khzzvkgdnxkxnkfmpdlobq', 'stack': 940, 'state': 'participating'}]}
community cards of this round: ['DK', 'HQ', 'C6', 'D8', 'C3']
name: b09303036, hole_card: ['S5', 'H4']
name: b10902067, hole_card: ['D7', 'C2']
Started the round 1
Street "preflop" started. (community card = [])
name: b09303036, hole_card: ['S5', 'H4']
name: b10902067, hole_card: ['D7', 'C2']
"b10902067" declared "fold:0"
"['b09303036']" won the round 1 (stack = {'b09303036': 1005, 'b10902067': 995})
community cards of this round: ['C6', 'CQ', 'H7', 'HA', 'CT']
name: b09303036, hole_card: ['H6', 'SQ']
name: b10902067, hole_card: ['HK', 'SA']
Started the round 2
Street "preflop" started. (community card = [])
name: b09303036, hole_card: ['H6', 'SQ']
name: b10902067, hole_card: ['HK', 'SA']
"b09303036" declared "fold:0"
"['b10902067']" won the round 2 (stack = {'b09303036': 1000, 'b10902067': 1000})
community cards of this round: ['C8', 'D6', 'H9', 'S7', 'CQ']
name: b09303036, hole_card: ['S3', 'S9']
name: b10902067, hole_card: ['C7', 'H8']
Started the round 3
Street "preflop" started. (community card = [])
name: b09303036, hole_card: ['S3', 'S9']
name: b10902067, hole_card: ['C7', 'H8']
"b10902067" declared "raise:15"
name: b09303036, hole_card: ['S3', 'S9']
name: b10902067, hole_card: ['C7', 'H8']
"b09303036" declared "fold:0"
"['b10902067']" won the round 3 (stack = {'b09303036': 990, 'b10902067': 1010})
community cards of this round: ['S5', 'CQ', 'S7', 'C2', 'HK']
name: b09303036, hole_card: ['H2', 'H8']
name: b10902067, hole_card: ['CJ', 'HJ']
Started the round 4
Street "preflop" started. (community card = [])
name: b09303036, hole_card: ['H2', 'H8']
name: b10902067, hole_card: ['CJ', 'HJ']
"b09303036" declared "fold:0"
"['b10902067']" won the round 4 (stack = {'b09303036': 985, 'b10902067': 1015})
community cards of this round: ['S5', 'CA', 'H6', 'HA', 'SA']
name: b09303036, hole_card: ['H3', 'HT']
name: b10902067, hole_card: ['C8', 'S2']
Started the round 5
Street "preflop" started. (community card = [])
name: b09303036, hole_card: ['H3', 'HT']
name: b10902067, hole_card: ['C8', 'S2']
"b10902067" declared "fold:0"
"['b09303036']" won the round 5 (stack = {'b09303036': 990, 'b10902067': 1010})
community cards of this round: ['ST', 'HA', 'H8', 'H7', 'C3']
name: b09303036, hole_card: ['D2', 'SQ']
name: b10902067, hole_card: ['DT', 'C2']
Started the round 6
Street "preflop" started. (community card = [])
name: b09303036, hole_card: ['D2', 'SQ']
name: b10902067, hole_card: ['DT', 'C2']
"b09303036" declared "fold:0"
"['b10902067']" won the round 6 (stack = {'b09303036': 985, 'b10902067': 1015})
community cards of this round: ['D2', 'CT', 'H5', 'HK', 'HT']
name: b09303036, hole_card: ['C2', 'H4']
name: b10902067, hole_card: ['C5', 'ST']
Started the round 7
Street "preflop" started. (community card = [])
name: b09303036, hole_card: ['C2', 'H4']
name: b10902067, hole_card: ['C5', 'ST']
"b10902067" declared "raise:15"
name: b09303036, hole_card: ['C2', 'H4']
name: b10902067, hole_card: ['C5', 'ST']
"b09303036" declared "fold:0"
"['b10902067']" won the round 7 (stack = {'b09303036': 975, 'b10902067': 1025})
community cards of this round: ['H6', 'DT', 'S5', 'SQ', 'CQ']
name: b09303036, hole_card: ['C8', 'HT']
name: b10902067, hole_card: ['HQ', 'CA']
Started the round 8
Street "preflop" started. (community card = [])
name: b09303036, hole_card: ['C8', 'HT']
name: b10902067, hole_card: ['HQ', 'CA']
"b09303036" declared "fold:0"
"['b10902067']" won the round 8 (stack = {'b09303036': 970, 'b10902067': 1030})
community cards of this round: ['H6', 'S4', 'D9', 'ST', 'D3']
name: b09303036, hole_card: ['C9', 'H2']
name: b10902067, hole_card: ['SK', 'C4']
Started the round 9
Street "preflop" started. (community card = [])
name: b09303036, hole_card: ['C9', 'H2']
name: b10902067, hole_card: ['SK', 'C4']
"b10902067" declared "raise:15"
name: b09303036, hole_card: ['C9', 'H2']
name: b10902067, hole_card: ['SK', 'C4']
"b09303036" declared "fold:0"
"['b10902067']" won the round 9 (stack = {'b09303036': 960, 'b10902067': 1040})
community cards of this round: ['SQ', 'HJ', 'H3', 'S8', 'CA']
name: b09303036, hole_card: ['HK', 'HA']
name: b10902067, hole_card: ['C4', 'DA']
Started the round 10
Street "preflop" started. (community card = [])
name: b09303036, hole_card: ['HK', 'HA']
name: b10902067, hole_card: ['C4', 'DA']
"b09303036" declared "fold:0"
"['b10902067']" won the round 10 (stack = {'b09303036': 955, 'b10902067': 1045})
community cards of this round: ['D3', 'C8', 'HJ', 'S4', 'C2']
name: b09303036, hole_card: ['ST', 'D7']
name: b10902067, hole_card: ['DA', 'C9']
Started the round 11
Street "preflop" started. (community card = [])
name: b09303036, hole_card: ['ST', 'D7']
name: b10902067, hole_card: ['DA', 'C9']
"b10902067" declared "raise:15"
name: b09303036, hole_card: ['ST', 'D7']
name: b10902067, hole_card: ['DA', 'C9']
"b09303036" declared "fold:0"
"['b10902067']" won the round 11 (stack = {'b09303036': 945, 'b10902067': 1055})
community cards of this round: ['HK', 'S9', 'S8', 'HQ', 'H2']
name: b09303036, hole_card: ['C7', 'S2']
name: b10902067, hole_card: ['H5', 'ST']
Started the round 12
Street "preflop" started. (community card = [])
name: b09303036, hole_card: ['C7', 'S2']
name: b10902067, hole_card: ['H5', 'ST']
"b09303036" declared "fold:0"
"['b10902067']" won the round 12 (stack = {'b09303036': 940, 'b10902067': 1060})
community cards of this round: ['CT', 'C5', 'S4', 'H2', 'S2']
name: b09303036, hole_card: ['S8', 'S6']
name: b10902067, hole_card: ['C2', 'CJ']
Started the round 13
Street "preflop" started. (community card = [])
name: b09303036, hole_card: ['S8', 'S6']
name: b10902067, hole_card: ['C2', 'CJ']
"b10902067" declared "fold:0"
"['b09303036']" won the round 13 (stack = {'b09303036': 945, 'b10902067': 1055})
community cards of this round: ['C6', 'D2', 'C4', 'DA', 'C2']
name: b09303036, hole_card: ['CQ', 'S8']
name: b10902067, hole_card: ['S9', 'CK']
Started the round 14
Street "preflop" started. (community card = [])
name: b09303036, hole_card: ['CQ', 'S8']
name: b10902067, hole_card: ['S9', 'CK']
"b09303036" declared "fold:0"
"['b10902067']" won the round 14 (stack = {'b09303036': 940, 'b10902067': 1060})
community cards of this round: ['HQ', 'D4', 'DK', 'HT', 'HK']
name: b09303036, hole_card: ['D7', 'S7']
name: b10902067, hole_card: ['H2', 'DA']
Started the round 15
Street "preflop" started. (community card = [])
name: b09303036, hole_card: ['D7', 'S7']
name: b10902067, hole_card: ['H2', 'DA']
"b10902067" declared "fold:0"
"['b09303036']" won the round 15 (stack = {'b09303036': 945, 'b10902067': 1055})
community cards of this round: ['SJ', 'CA', 'DA', 'H7', 'S5']
name: b09303036, hole_card: ['C3', 'DT']
name: b10902067, hole_card: ['HQ', 'D7']
Started the round 16
Street "preflop" started. (community card = [])
name: b09303036, hole_card: ['C3', 'DT']
name: b10902067, hole_card: ['HQ', 'D7']
"b09303036" declared "fold:0"
"['b10902067']" won the round 16 (stack = {'b09303036': 940, 'b10902067': 1060})
community cards of this round: ['SQ', 'S3', 'H3', 'DT', 'SJ']
name: b09303036, hole_card: ['D6', 'DK']
name: b10902067, hole_card: ['CQ', 'HA']
Started the round 17
Street "preflop" started. (community card = [])
name: b09303036, hole_card: ['D6', 'DK']
name: b10902067, hole_card: ['CQ', 'HA']
"b10902067" declared "fold:0"
"['b09303036']" won the round 17 (stack = {'b09303036': 945, 'b10902067': 1055})
community cards of this round: ['SK', 'HK', 'D3', 'S4', 'HJ']
name: b09303036, hole_card: ['C9', 'SJ']
name: b10902067, hole_card: ['H9', 'H7']
Started the round 18
Street "preflop" started. (community card = [])
name: b09303036, hole_card: ['C9', 'SJ']
name: b10902067, hole_card: ['H9', 'H7']
"b09303036" declared "fold:0"
"['b10902067']" won the round 18 (stack = {'b09303036': 940, 'b10902067': 1060})
community cards of this round: ['HJ', 'D8', 'HT', 'S3', 'DT']
name: b09303036, hole_card: ['D6', 'D9']
name: b10902067, hole_card: ['C4', 'H2']
Started the round 19
Street "preflop" started. (community card = [])
name: b09303036, hole_card: ['D6', 'D9']
name: b10902067, hole_card: ['C4', 'H2']
"b10902067" declared "fold:0"
"['b09303036']" won the round 19 (stack = {'b09303036': 945, 'b10902067': 1055})
community cards of this round: ['DK', 'S3', 'C9', 'HT', 'S5']
name: b09303036, hole_card: ['CJ', 'CA']
name: b10902067, hole_card: ['H6', 'D8']
Started the round 20
Street "preflop" started. (community card = [])
name: b09303036, hole_card: ['CJ', 'CA']
name: b10902067, hole_card: ['H6', 'D8']
"b09303036" declared "fold:0"
"['b10902067']" won the round 20 (stack = {'b09303036': 940, 'b10902067': 1060})
b09303036 vs b10902067 - Game 2: {'rule': {'initial_stack': 1000, 'max_round': 20, 'small_blind_amount': 5, 'ante': 0, 'blind_structure': {}}, 'players': [{'name': 'b09303036', 'uuid': 'aaiffbalgjexgaxnsrbuef', 'stack': 940, 'state': 'participating'}, {'name': 'b10902067', 'uuid': 'ollrcfiqyquisncmlkjbrp', 'stack': 1060, 'state': 'participating'}]}
community cards of this round: ['S7', 'H3', 'C9', 'C5', 'H6']
name: b10902067, hole_card: ['C2', 'HQ']
name: b09303036, hole_card: ['DT', 'HK']
Started the round 1
Street "preflop" started. (community card = [])
name: b10902067, hole_card: ['C2', 'HQ']
name: b09303036, hole_card: ['DT', 'HK']
"b09303036" declared "fold:0"
"['b10902067']" won the round 1 (stack = {'b10902067': 1005, 'b09303036': 995})
community cards of this round: ['H2', 'H9', 'H3', 'DK', 'D3']
name: b10902067, hole_card: ['HA', 'D5']
name: b09303036, hole_card: ['DT', 'C4']
Started the round 2
Street "preflop" started. (community card = [])
name: b10902067, hole_card: ['HA', 'D5']
name: b09303036, hole_card: ['DT', 'C4']
"b10902067" declared "raise:15"
name: b10902067, hole_card: ['HA', 'D5']
name: b09303036, hole_card: ['DT', 'C4']
"b09303036" declared "fold:0"
"['b10902067']" won the round 2 (stack = {'b10902067': 1015, 'b09303036': 985})
community cards of this round: ['H7', 'CJ', 'H8', 'HT', 'S8']
name: b10902067, hole_card: ['S9', 'HA']
name: b09303036, hole_card: ['DJ', 'C9']
Started the round 3
Street "preflop" started. (community card = [])
name: b10902067, hole_card: ['S9', 'HA']
name: b09303036, hole_card: ['DJ', 'C9']
"b09303036" declared "fold:0"
"['b10902067']" won the round 3 (stack = {'b10902067': 1020, 'b09303036': 980})
community cards of this round: ['HA', 'D2', 'D5', 'S2', 'D3']
name: b10902067, hole_card: ['S7', 'C3']
name: b09303036, hole_card: ['DT', 'H9']
Started the round 4
Street "preflop" started. (community card = [])
name: b10902067, hole_card: ['S7', 'C3']
name: b09303036, hole_card: ['DT', 'H9']
"b10902067" declared "fold:0"
"['b09303036']" won the round 4 (stack = {'b10902067': 1015, 'b09303036': 985})
community cards of this round: ['C2', 'DA', 'HQ', 'SJ', 'H9']
name: b10902067, hole_card: ['H3', 'CJ']
name: b09303036, hole_card: ['HA', 'S8']
Started the round 5
Street "preflop" started. (community card = [])
name: b10902067, hole_card: ['H3', 'CJ']
name: b09303036, hole_card: ['HA', 'S8']
"b09303036" declared "fold:0"
"['b10902067']" won the round 5 (stack = {'b10902067': 1020, 'b09303036': 980})
community cards of this round: ['H6', 'CA', 'C3', 'SK', 'C7']
name: b10902067, hole_card: ['DJ', 'D6']
name: b09303036, hole_card: ['H2', 'DQ']
Started the round 6
Street "preflop" started. (community card = [])
name: b10902067, hole_card: ['DJ', 'D6']
name: b09303036, hole_card: ['H2', 'DQ']
"b10902067" declared "raise:15"
name: b10902067, hole_card: ['DJ', 'D6']
name: b09303036, hole_card: ['H2', 'DQ']
"b09303036" declared "fold:0"
"['b10902067']" won the round 6 (stack = {'b10902067': 1030, 'b09303036': 970})
community cards of this round: ['C9', 'D8', 'HK', 'D4', 'S6']
name: b10902067, hole_card: ['DQ', 'S2']
name: b09303036, hole_card: ['HQ', 'S3']
Started the round 7
Street "preflop" started. (community card = [])
name: b10902067, hole_card: ['DQ', 'S2']
name: b09303036, hole_card: ['HQ', 'S3']
"b09303036" declared "fold:0"
"['b10902067']" won the round 7 (stack = {'b10902067': 1035, 'b09303036': 965})
community cards of this round: ['SJ', 'HK', 'S5', 'S6', 'H4']
name: b10902067, hole_card: ['CQ', 'DT']
name: b09303036, hole_card: ['H2', 'D4']
Started the round 8
Street "preflop" started. (community card = [])
name: b10902067, hole_card: ['CQ', 'DT']
name: b09303036, hole_card: ['H2', 'D4']
"b10902067" declared "raise:15"
name: b10902067, hole_card: ['CQ', 'DT']
name: b09303036, hole_card: ['H2', 'D4']
"b09303036" declared "fold:0"
"['b10902067']" won the round 8 (stack = {'b10902067': 1045, 'b09303036': 955})
community cards of this round: ['S4', 'D8', 'SQ', 'H6', 'SJ']
name: b10902067, hole_card: ['CJ', 'DQ']
name: b09303036, hole_card: ['C4', 'C3']
Started the round 9
Street "preflop" started. (community card = [])
name: b10902067, hole_card: ['CJ', 'DQ']
name: b09303036, hole_card: ['C4', 'C3']
"b09303036" declared "fold:0"
"['b10902067']" won the round 9 (stack = {'b10902067': 1050, 'b09303036': 950})
community cards of this round: ['C8', 'C9', 'CJ', 'SK', 'ST']
name: b10902067, hole_card: ['D9', 'S2']
name: b09303036, hole_card: ['C5', 'C2']
Started the round 10
Street "preflop" started. (community card = [])
name: b10902067, hole_card: ['D9', 'S2']
name: b09303036, hole_card: ['C5', 'C2']
"b10902067" declared "fold:0"
"['b09303036']" won the round 10 (stack = {'b10902067': 1045, 'b09303036': 955})
community cards of this round: ['D6', 'S9', 'H2', 'S5', 'D8']
name: b10902067, hole_card: ['CJ', 'DT']
name: b09303036, hole_card: ['S8', 'C4']
Started the round 11
Street "preflop" started. (community card = [])
name: b10902067, hole_card: ['CJ', 'DT']
name: b09303036, hole_card: ['S8', 'C4']
"b09303036" declared "fold:0"
"['b10902067']" won the round 11 (stack = {'b10902067': 1050, 'b09303036': 950})
community cards of this round: ['C7', 'CK', 'HK', 'D6', 'H2']
name: b10902067, hole_card: ['H7', 'HA']
name: b09303036, hole_card: ['H3', 'HQ']
Started the round 12
Street "preflop" started. (community card = [])
name: b10902067, hole_card: ['H7', 'HA']
name: b09303036, hole_card: ['H3', 'HQ']
"b10902067" declared "raise:15"
name: b10902067, hole_card: ['H7', 'HA']
name: b09303036, hole_card: ['H3', 'HQ']
"b09303036" declared "fold:0"
"['b10902067']" won the round 12 (stack = {'b10902067': 1060, 'b09303036': 940})
community cards of this round: ['DK', 'SJ', 'C5', 'CQ', 'H5']
name: b10902067, hole_card: ['HK', 'S7']
name: b09303036, hole_card: ['DT', 'HJ']
Started the round 13
Street "preflop" started. (community card = [])
name: b10902067, hole_card: ['HK', 'S7']
name: b09303036, hole_card: ['DT', 'HJ']
"b09303036" declared "fold:0"
"['b10902067']" won the round 13 (stack = {'b10902067': 1065, 'b09303036': 935})
community cards of this round: ['D7', 'HJ', 'C2', 'H7', 'DA']
name: b10902067, hole_card: ['S3', 'D5']
name: b09303036, hole_card: ['H6', 'H9']
Started the round 14
Street "preflop" started. (community card = [])
name: b10902067, hole_card: ['S3', 'D5']
name: b09303036, hole_card: ['H6', 'H9']
"b10902067" declared "fold:0"
"['b09303036']" won the round 14 (stack = {'b10902067': 1060, 'b09303036': 940})
community cards of this round: ['H7', 'CA', 'H3', 'S7', 'DA']
name: b10902067, hole_card: ['S6', 'DK']
name: b09303036, hole_card: ['S9', 'H9']
Started the round 15
Street "preflop" started. (community card = [])
name: b10902067, hole_card: ['S6', 'DK']
name: b09303036, hole_card: ['S9', 'H9']
"b09303036" declared "fold:0"
"['b10902067']" won the round 15 (stack = {'b10902067': 1065, 'b09303036': 935})
community cards of this round: ['S6', 'HJ', 'C7', 'S5', 'D3']
name: b10902067, hole_card: ['C2', 'S2']
name: b09303036, hole_card: ['D8', 'SQ']
Started the round 16
Street "preflop" started. (community card = [])
name: b10902067, hole_card: ['C2', 'S2']
name: b09303036, hole_card: ['D8', 'SQ']
"b10902067" declared "fold:0"
"['b09303036']" won the round 16 (stack = {'b10902067': 1060, 'b09303036': 940})
community cards of this round: ['H5', 'S2', 'S6', 'CK', 'S9']
name: b10902067, hole_card: ['SA', 'ST']
name: b09303036, hole_card: ['H2', 'SJ']
Started the round 17
Street "preflop" started. (community card = [])
name: b10902067, hole_card: ['SA', 'ST']
name: b09303036, hole_card: ['H2', 'SJ']
"b09303036" declared "fold:0"
"['b10902067']" won the round 17 (stack = {'b10902067': 1065, 'b09303036': 935})
community cards of this round: ['S4', 'DJ', 'HQ', 'S9', 'HK']
name: b10902067, hole_card: ['CT', 'D7']
name: b09303036, hole_card: ['CJ', 'DT']
Started the round 18
Street "preflop" started. (community card = [])
name: b10902067, hole_card: ['CT', 'D7']
name: b09303036, hole_card: ['CJ', 'DT']
"b10902067" declared "fold:0"
"['b09303036']" won the round 18 (stack = {'b10902067': 1060, 'b09303036': 940})
community cards of this round: ['D4', 'CJ', 'C2', 'C3', 'HQ']
name: b10902067, hole_card: ['H2', 'D3']
name: b09303036, hole_card: ['C5', 'ST']
Started the round 19
Street "preflop" started. (community card = [])
name: b10902067, hole_card: ['H2', 'D3']
name: b09303036, hole_card: ['C5', 'ST']
"b09303036" declared "fold:0"
"['b10902067']" won the round 19 (stack = {'b10902067': 1065, 'b09303036': 935})
community cards of this round: ['H6', 'D3', 'D7', 'C8', 'H4']
name: b10902067, hole_card: ['DT', 'DJ']
name: b09303036, hole_card: ['S8', 'SJ']
Started the round 20
Street "preflop" started. (community card = [])
name: b10902067, hole_card: ['DT', 'DJ']
name: b09303036, hole_card: ['S8', 'SJ']
"b10902067" declared "fold:0"
"['b09303036']" won the round 20 (stack = {'b10902067': 1060, 'b09303036': 940})
b09303036 vs b10902067 - Game 3: {'rule': {'initial_stack': 1000, 'max_round': 20, 'small_blind_amount': 5, 'ante': 0, 'blind_structure': {}}, 'players': [{'name': 'b10902067', 'uuid': 'ehbhgjqsuqoiyabltzlzeu', 'stack': 1060, 'state': 'participating'}, {'name': 'b09303036', 'uuid': 'confcsekfsaxsncblypyou', 'stack': 940, 'state': 'participating'}]}
community cards of this round: ['S7', 'H3', 'C9', 'C5', 'H6']
name: b09303036, hole_card: ['C2', 'HQ']
name: b10902067, hole_card: ['DT', 'HK']
Started the round 1
Street "preflop" started. (community card = [])
name: b09303036, hole_card: ['C2', 'HQ']
name: b10902067, hole_card: ['DT', 'HK']
"b10902067" declared "raise:15"
name: b09303036, hole_card: ['C2', 'HQ']
name: b10902067, hole_card: ['DT', 'HK']
"b09303036" declared "fold:0"
"['b10902067']" won the round 1 (stack = {'b09303036': 990, 'b10902067': 1010})
community cards of this round: ['H2', 'H9', 'H3', 'DK', 'D3']
name: b09303036, hole_card: ['HA', 'D5']
name: b10902067, hole_card: ['DT', 'C4']
Started the round 2
Street "preflop" started. (community card = [])
name: b09303036, hole_card: ['HA', 'D5']
name: b10902067, hole_card: ['DT', 'C4']
"b09303036" declared "fold:0"
"['b10902067']" won the round 2 (stack = {'b09303036': 985, 'b10902067': 1015})
community cards of this round: ['H7', 'CJ', 'H8', 'HT', 'S8']
name: b09303036, hole_card: ['S9', 'HA']
name: b10902067, hole_card: ['DJ', 'C9']
Started the round 3
Street "preflop" started. (community card = [])
name: b09303036, hole_card: ['S9', 'HA']
name: b10902067, hole_card: ['DJ', 'C9']
"b10902067" declared "raise:15"
name: b09303036, hole_card: ['S9', 'HA']
name: b10902067, hole_card: ['DJ', 'C9']
"b09303036" declared "fold:0"
"['b10902067']" won the round 3 (stack = {'b09303036': 975, 'b10902067': 1025})
community cards of this round: ['HA', 'D2', 'D5', 'S2', 'D3']
name: b09303036, hole_card: ['S7', 'C3']
name: b10902067, hole_card: ['DT', 'H9']
Started the round 4
Street "preflop" started. (community card = [])
name: b09303036, hole_card: ['S7', 'C3']
name: b10902067, hole_card: ['DT', 'H9']
"b09303036" declared "fold:0"
"['b10902067']" won the round 4 (stack = {'b09303036': 970, 'b10902067': 1030})
community cards of this round: ['C2', 'DA', 'HQ', 'SJ', 'H9']
name: b09303036, hole_card: ['H3', 'CJ']
name: b10902067, hole_card: ['HA', 'S8']
Started the round 5
Street "preflop" started. (community card = [])
name: b09303036, hole_card: ['H3', 'CJ']
name: b10902067, hole_card: ['HA', 'S8']
"b10902067" declared "raise:15"
name: b09303036, hole_card: ['H3', 'CJ']
name: b10902067, hole_card: ['HA', 'S8']
"b09303036" declared "fold:0"
"['b10902067']" won the round 5 (stack = {'b09303036': 960, 'b10902067': 1040})
community cards of this round: ['H6', 'CA', 'C3', 'SK', 'C7']
name: b09303036, hole_card: ['DJ', 'D6']
name: b10902067, hole_card: ['H2', 'DQ']
Started the round 6
Street "preflop" started. (community card = [])
name: b09303036, hole_card: ['DJ', 'D6']
name: b10902067, hole_card: ['H2', 'DQ']
"b09303036" declared "fold:0"
"['b10902067']" won the round 6 (stack = {'b09303036': 955, 'b10902067': 1045})
community cards of this round: ['C9', 'D8', 'HK', 'D4', 'S6']
name: b09303036, hole_card: ['DQ', 'S2']
name: b10902067, hole_card: ['HQ', 'S3']
Started the round 7
Street "preflop" started. (community card = [])
name: b09303036, hole_card: ['DQ', 'S2']
name: b10902067, hole_card: ['HQ', 'S3']
"b10902067" declared "raise:15"
name: b09303036, hole_card: ['DQ', 'S2']
name: b10902067, hole_card: ['HQ', 'S3']
"b09303036" declared "fold:0"
"['b10902067']" won the round 7 (stack = {'b09303036': 945, 'b10902067': 1055})
community cards of this round: ['SJ', 'HK', 'S5', 'S6', 'H4']
name: b09303036, hole_card: ['CQ', 'DT']
name: b10902067, hole_card: ['H2', 'D4']
Started the round 8
Street "preflop" started. (community card = [])
name: b09303036, hole_card: ['CQ', 'DT']
name: b10902067, hole_card: ['H2', 'D4']
"b09303036" declared "fold:0"
"['b10902067']" won the round 8 (stack = {'b09303036': 940, 'b10902067': 1060})
community cards of this round: ['S4', 'D8', 'SQ', 'H6', 'SJ']
name: b09303036, hole_card: ['CJ', 'DQ']
name: b10902067, hole_card: ['C4', 'C3']
Started the round 9
Street "preflop" started. (community card = [])
name: b09303036, hole_card: ['CJ', 'DQ']
name: b10902067, hole_card: ['C4', 'C3']
"b10902067" declared "fold:0"
"['b09303036']" won the round 9 (stack = {'b09303036': 945, 'b10902067': 1055})
community cards of this round: ['C8', 'C9', 'CJ', 'SK', 'ST']
name: b09303036, hole_card: ['D9', 'S2']
name: b10902067, hole_card: ['C5', 'C2']
Started the round 10
Street "preflop" started. (community card = [])
name: b09303036, hole_card: ['D9', 'S2']
name: b10902067, hole_card: ['C5', 'C2']
"b09303036" declared "fold:0"
"['b10902067']" won the round 10 (stack = {'b09303036': 940, 'b10902067': 1060})
community cards of this round: ['D6', 'S9', 'H2', 'S5', 'D8']
name: b09303036, hole_card: ['CJ', 'DT']
name: b10902067, hole_card: ['S8', 'C4']
Started the round 11
Street "preflop" started. (community card = [])
name: b09303036, hole_card: ['CJ', 'DT']
name: b10902067, hole_card: ['S8', 'C4']
"b10902067" declared "fold:0"
"['b09303036']" won the round 11 (stack = {'b09303036': 945, 'b10902067': 1055})
community cards of this round: ['C7', 'CK', 'HK', 'D6', 'H2']
name: b09303036, hole_card: ['H7', 'HA']
name: b10902067, hole_card: ['H3', 'HQ']
Started the round 12
Street "preflop" started. (community card = [])
name: b09303036, hole_card: ['H7', 'HA']
name: b10902067, hole_card: ['H3', 'HQ']
"b09303036" declared "fold:0"
"['b10902067']" won the round 12 (stack = {'b09303036': 940, 'b10902067': 1060})
community cards of this round: ['DK', 'SJ', 'C5', 'CQ', 'H5']
name: b09303036, hole_card: ['HK', 'S7']
name: b10902067, hole_card: ['DT', 'HJ']
Started the round 13
Street "preflop" started. (community card = [])
name: b09303036, hole_card: ['HK', 'S7']
name: b10902067, hole_card: ['DT', 'HJ']
"b10902067" declared "fold:0"
"['b09303036']" won the round 13 (stack = {'b09303036': 945, 'b10902067': 1055})
community cards of this round: ['D7', 'HJ', 'C2', 'H7', 'DA']
name: b09303036, hole_card: ['S3', 'D5']
name: b10902067, hole_card: ['H6', 'H9']
Started the round 14
Street "preflop" started. (community card = [])
name: b09303036, hole_card: ['S3', 'D5']
name: b10902067, hole_card: ['H6', 'H9']
"b09303036" declared "fold:0"
"['b10902067']" won the round 14 (stack = {'b09303036': 940, 'b10902067': 1060})
community cards of this round: ['H7', 'CA', 'H3', 'S7', 'DA']
name: b09303036, hole_card: ['S6', 'DK']
name: b10902067, hole_card: ['S9', 'H9']
Started the round 15
Street "preflop" started. (community card = [])
name: b09303036, hole_card: ['S6', 'DK']
name: b10902067, hole_card: ['S9', 'H9']
"b10902067" declared "fold:0"
"['b09303036']" won the round 15 (stack = {'b09303036': 945, 'b10902067': 1055})
community cards of this round: ['S6', 'HJ', 'C7', 'S5', 'D3']
name: b09303036, hole_card: ['C2', 'S2']
name: b10902067, hole_card: ['D8', 'SQ']
Started the round 16
Street "preflop" started. (community card = [])
name: b09303036, hole_card: ['C2', 'S2']
name: b10902067, hole_card: ['D8', 'SQ']
"b09303036" declared "fold:0"
"['b10902067']" won the round 16 (stack = {'b09303036': 940, 'b10902067': 1060})
community cards of this round: ['H5', 'S2', 'S6', 'CK', 'S9']
name: b09303036, hole_card: ['SA', 'ST']
name: b10902067, hole_card: ['H2', 'SJ']
Started the round 17
Street "preflop" started. (community card = [])
name: b09303036, hole_card: ['SA', 'ST']
name: b10902067, hole_card: ['H2', 'SJ']
"b10902067" declared "fold:0"
"['b09303036']" won the round 17 (stack = {'b09303036': 945, 'b10902067': 1055})
community cards of this round: ['S4', 'DJ', 'HQ', 'S9', 'HK']
name: b09303036, hole_card: ['CT', 'D7']
name: b10902067, hole_card: ['CJ', 'DT']
Started the round 18
Street "preflop" started. (community card = [])
name: b09303036, hole_card: ['CT', 'D7']
name: b10902067, hole_card: ['CJ', 'DT']
"b09303036" declared "fold:0"
"['b10902067']" won the round 18 (stack = {'b09303036': 940, 'b10902067': 1060})
community cards of this round: ['D4', 'CJ', 'C2', 'C3', 'HQ']
name: b09303036, hole_card: ['H2', 'D3']
name: b10902067, hole_card: ['C5', 'ST']
Started the round 19
Street "preflop" started. (community card = [])
name: b09303036, hole_card: ['H2', 'D3']
name: b10902067, hole_card: ['C5', 'ST']
"b10902067" declared "fold:0"
"['b09303036']" won the round 19 (stack = {'b09303036': 945, 'b10902067': 1055})
community cards of this round: ['H6', 'D3', 'D7', 'C8', 'H4']
name: b09303036, hole_card: ['DT', 'DJ']
name: b10902067, hole_card: ['S8', 'SJ']
Started the round 20
Street "preflop" started. (community card = [])
name: b09303036, hole_card: ['DT', 'DJ']
name: b10902067, hole_card: ['S8', 'SJ']
"b09303036" declared "fold:0"
"['b10902067']" won the round 20 (stack = {'b09303036': 940, 'b10902067': 1060})
b09303036 vs b10902067 - Game 4: {'rule': {'initial_stack': 1000, 'max_round': 20, 'small_blind_amount': 5, 'ante': 0, 'blind_structure': {}}, 'players': [{'name': 'b09303036', 'uuid': 'skdjezgpmqhiaqtnsppyxt', 'stack': 940, 'state': 'participating'}, {'name': 'b10902067', 'uuid': 'lkrdxtdesrrqwnsuyfwjuj', 'stack': 1060, 'state': 'participating'}]}
community cards of this round: ['D7', 'HQ', 'ST', 'S8', 'DT']
name: b10902067, hole_card: ['H9', 'D6']
name: b09303036, hole_card: ['C6', 'CT']
Started the round 1
Street "preflop" started. (community card = [])
name: b10902067, hole_card: ['H9', 'D6']
name: b09303036, hole_card: ['C6', 'CT']
"b09303036" declared "fold:0"
"['b10902067']" won the round 1 (stack = {'b10902067': 1005, 'b09303036': 995})
community cards of this round: ['C8', 'ST', 'SQ', 'DQ', 'CT']
name: b10902067, hole_card: ['HJ', 'S6']
name: b09303036, hole_card: ['C4', 'C5']
Started the round 2
Street "preflop" started. (community card = [])
name: b10902067, hole_card: ['HJ', 'S6']
name: b09303036, hole_card: ['C4', 'C5']
"b10902067" declared "raise:15"
name: b10902067, hole_card: ['HJ', 'S6']
name: b09303036, hole_card: ['C4', 'C5']
"b09303036" declared "fold:0"
"['b10902067']" won the round 2 (stack = {'b10902067': 1015, 'b09303036': 985})
community cards of this round: ['DT', 'CK', 'C7', 'D7', 'H7']
name: b10902067, hole_card: ['HK', 'C8']
name: b09303036, hole_card: ['D8', 'C6']
Started the round 3
Street "preflop" started. (community card = [])
name: b10902067, hole_card: ['HK', 'C8']
name: b09303036, hole_card: ['D8', 'C6']
"b09303036" declared "fold:0"
"['b10902067']" won the round 3 (stack = {'b10902067': 1020, 'b09303036': 980})
community cards of this round: ['D5', 'H6', 'D3', 'H2', 'H5']
name: b10902067, hole_card: ['DA', 'H9']
name: b09303036, hole_card: ['S7', 'S2']
Started the round 4
Street "preflop" started. (community card = [])
name: b10902067, hole_card: ['DA', 'H9']
name: b09303036, hole_card: ['S7', 'S2']
"b10902067" declared "raise:15"
name: b10902067, hole_card: ['DA', 'H9']
name: b09303036, hole_card: ['S7', 'S2']
"b09303036" declared "fold:0"
"['b10902067']" won the round 4 (stack = {'b10902067': 1030, 'b09303036': 970})
community cards of this round: ['S7', 'SQ', 'H5', 'HK', 'C8']
name: b10902067, hole_card: ['H7', 'DK']
name: b09303036, hole_card: ['D4', 'S6']
Started the round 5
Street "preflop" started. (community card = [])
name: b10902067, hole_card: ['H7', 'DK']
name: b09303036, hole_card: ['D4', 'S6']
"b09303036" declared "fold:0"
"['b10902067']" won the round 5 (stack = {'b10902067': 1035, 'b09303036': 965})
community cards of this round: ['C3', 'S7', 'DK', 'D4', 'CA']
name: b10902067, hole_card: ['SJ', 'HT']
name: b09303036, hole_card: ['H5', 'HJ']
Started the round 6
Street "preflop" started. (community card = [])
name: b10902067, hole_card: ['SJ', 'HT']
name: b09303036, hole_card: ['H5', 'HJ']
"b10902067" declared "raise:15"
name: b10902067, hole_card: ['SJ', 'HT']
name: b09303036, hole_card: ['H5', 'HJ']
"b09303036" declared "fold:0"
"['b10902067']" won the round 6 (stack = {'b10902067': 1045, 'b09303036': 955})
community cards of this round: ['D9', 'D6', 'SK', 'H3', 'S7']
name: b10902067, hole_card: ['CT', 'CJ']
name: b09303036, hole_card: ['DA', 'S9']
Started the round 7
Street "preflop" started. (community card = [])
name: b10902067, hole_card: ['CT', 'CJ']
name: b09303036, hole_card: ['DA', 'S9']
"b09303036" declared "fold:0"
"['b10902067']" won the round 7 (stack = {'b10902067': 1050, 'b09303036': 950})
community cards of this round: ['D4', 'CT', 'DA', 'SK', 'D6']
name: b10902067, hole_card: ['D3', 'ST']
name: b09303036, hole_card: ['S5', 'D9']
Started the round 8
Street "preflop" started. (community card = [])
name: b10902067, hole_card: ['D3', 'ST']
name: b09303036, hole_card: ['S5', 'D9']
"b10902067" declared "fold:0"
"['b09303036']" won the round 8 (stack = {'b10902067': 1045, 'b09303036': 955})
community cards of this round: ['S7', 'D8', 'D4', 'S4', 'D2']
name: b10902067, hole_card: ['C4', 'C6']
name: b09303036, hole_card: ['H9', 'D9']
Started the round 9
Street "preflop" started. (community card = [])
name: b10902067, hole_card: ['C4', 'C6']
name: b09303036, hole_card: ['H9', 'D9']
"b09303036" declared "fold:0"
"['b10902067']" won the round 9 (stack = {'b10902067': 1050, 'b09303036': 950})
community cards of this round: ['D6', 'S9', 'HK', 'SJ', 'DQ']
name: b10902067, hole_card: ['H4', 'HA']
name: b09303036, hole_card: ['HQ', 'H9']
Started the round 10
Street "preflop" started. (community card = [])
name: b10902067, hole_card: ['H4', 'HA']
name: b09303036, hole_card: ['HQ', 'H9']
"b10902067" declared "raise:15"
name: b10902067, hole_card: ['H4', 'HA']
name: b09303036, hole_card: ['HQ', 'H9']
"b09303036" declared "fold:0"
"['b10902067']" won the round 10 (stack = {'b10902067': 1060, 'b09303036': 940})
community cards of this round: ['H5', 'HJ', 'H8', 'C6', 'H7']
name: b10902067, hole_card: ['D9', 'CJ']
name: b09303036, hole_card: ['ST', 'SA']
Started the round 11
Street "preflop" started. (community card = [])
name: b10902067, hole_card: ['D9', 'CJ']
name: b09303036, hole_card: ['ST', 'SA']
"b09303036" declared "fold:0"
"['b10902067']" won the round 11 (stack = {'b10902067': 1065, 'b09303036': 935})
community cards of this round: ['D3', 'SA', 'ST', 'CT', 'H9']
name: b10902067, hole_card: ['S8', 'H5']
name: b09303036, hole_card: ['D6', 'D2']
Started the round 12
Street "preflop" started. (community card = [])
name: b10902067, hole_card: ['S8', 'H5']
name: b09303036, hole_card: ['D6', 'D2']
"b10902067" declared "fold:0"
"['b09303036']" won the round 12 (stack = {'b10902067': 1060, 'b09303036': 940})
community cards of this round: ['H2', 'H4', 'SJ', 'D9', 'SQ']
name: b10902067, hole_card: ['H6', 'D3']
name: b09303036, hole_card: ['HT', 'CQ']
Started the round 13
Street "preflop" started. (community card = [])
name: b10902067, hole_card: ['H6', 'D3']
name: b09303036, hole_card: ['HT', 'CQ']
"b09303036" declared "fold:0"
"['b10902067']" won the round 13 (stack = {'b10902067': 1065, 'b09303036': 935})
community cards of this round: ['HQ', 'HT', 'CT', 'C7', 'DQ']
name: b10902067, hole_card: ['S3', 'S4']
name: b09303036, hole_card: ['C6', 'SQ']
Started the round 14
Street "preflop" started. (community card = [])
name: b10902067, hole_card: ['S3', 'S4']
name: b09303036, hole_card: ['C6', 'SQ']
"b10902067" declared "fold:0"
"['b09303036']" won the round 14 (stack = {'b10902067': 1060, 'b09303036': 940})
community cards of this round: ['DQ', 'SJ', 'H2', 'C6', 'H3']
name: b10902067, hole_card: ['D5', 'S3']
name: b09303036, hole_card: ['HK', 'S9']
Started the round 15
Street "preflop" started. (community card = [])
name: b10902067, hole_card: ['D5', 'S3']
name: b09303036, hole_card: ['HK', 'S9']
"b09303036" declared "fold:0"
"['b10902067']" won the round 15 (stack = {'b10902067': 1065, 'b09303036': 935})
community cards of this round: ['HT', 'SQ', 'SJ', 'SK', 'D3']
name: b10902067, hole_card: ['S7', 'D6']
name: b09303036, hole_card: ['S4', 'S3']
Started the round 16
Street "preflop" started. (community card = [])
name: b10902067, hole_card: ['S7', 'D6']
name: b09303036, hole_card: ['S4', 'S3']
"b10902067" declared "fold:0"
"['b09303036']" won the round 16 (stack = {'b10902067': 1060, 'b09303036': 940})
community cards of this round: ['D8', 'S9', 'H5', 'CJ', 'DT']
name: b10902067, hole_card: ['HT', 'H3']
name: b09303036, hole_card: ['D9', 'DQ']
Started the round 17
Street "preflop" started. (community card = [])
name: b10902067, hole_card: ['HT', 'H3']
name: b09303036, hole_card: ['D9', 'DQ']
"b09303036" declared "fold:0"
"['b10902067']" won the round 17 (stack = {'b10902067': 1065, 'b09303036': 935})
community cards of this round: ['D5', 'S7', 'CQ', 'CA', 'H4']
name: b10902067, hole_card: ['HK', 'DK']
name: b09303036, hole_card: ['S9', 'S4']
Started the round 18
Street "preflop" started. (community card = [])
name: b10902067, hole_card: ['HK', 'DK']
name: b09303036, hole_card: ['S9', 'S4']
"b10902067" declared "fold:0"
"['b09303036']" won the round 18 (stack = {'b10902067': 1060, 'b09303036': 940})
community cards of this round: ['C6', 'ST', 'HK', 'H5', 'CJ']
name: b10902067, hole_card: ['C8', 'C9']
name: b09303036, hole_card: ['HA', 'SK']
Started the round 19
Street "preflop" started. (community card = [])
name: b10902067, hole_card: ['C8', 'C9']
name: b09303036, hole_card: ['HA', 'SK']
"b09303036" declared "fold:0"
"['b10902067']" won the round 19 (stack = {'b10902067': 1065, 'b09303036': 935})
community cards of this round: ['D3', 'C5', 'DQ', 'CK', 'DJ']
name: b10902067, hole_card: ['D8', 'SK']
name: b09303036, hole_card: ['H8', 'C6']
Started the round 20
Street "preflop" started. (community card = [])
name: b10902067, hole_card: ['D8', 'SK']
name: b09303036, hole_card: ['H8', 'C6']
"b10902067" declared "fold:0"
"['b09303036']" won the round 20 (stack = {'b10902067': 1060, 'b09303036': 940})
b09303036 vs b10902067 - Game 5: {'rule': {'initial_stack': 1000, 'max_round': 20, 'small_blind_amount': 5, 'ante': 0, 'blind_structure': {}}, 'players': [{'name': 'b10902067', 'uuid': 'emwjmxvuymqjezcurxsnog', 'stack': 1060, 'state': 'participating'}, {'name': 'b09303036', 'uuid': 'bdpkoqbxhvsnwiqsfgxvbz', 'stack': 940, 'state': 'participating'}]}
Final Result: b09303036 won 0 games (stack: 4700), b10902067 won 5 games (stack: 5300), num ties: 0
