community cards of this round: ['DK', 'S6', 'CQ', 'C8', 'HK']
name: b11902106, hole_card: ['S3', 'C3']
name: b09303036, hole_card: ['SQ', 'D7']
Started the round 1
Street "preflop" started. (community card = [])
name: b11902106, hole_card: ['S3', 'C3']
name: b09303036, hole_card: ['SQ', 'D7']
"b09303036" declared "fold:0"
"['b11902106']" won the round 1 (stack = {'b11902106': 1005, 'b09303036': 995})
community cards of this round: ['C6', 'H5', 'CA', 'S4', 'SJ']
name: b11902106, hole_card: ['D3', 'C9']
name: b09303036, hole_card: ['SQ', 'DT']
Started the round 2
Street "preflop" started. (community card = [])
name: b11902106, hole_card: ['D3', 'C9']
name: b09303036, hole_card: ['SQ', 'DT']
"b11902106" declared "fold:0"
"['b09303036']" won the round 2 (stack = {'b11902106': 1000, 'b09303036': 1000})
community cards of this round: ['D9', 'D4', 'S2', 'SQ', 'S5']
name: b11902106, hole_card: ['D8', 'DT']
name: b09303036, hole_card: ['SA', 'HK']
Started the round 3
Street "preflop" started. (community card = [])
name: b11902106, hole_card: ['D8', 'DT']
name: b09303036, hole_card: ['SA', 'HK']
"b09303036" declared "fold:0"
"['b11902106']" won the round 3 (stack = {'b11902106': 1005, 'b09303036': 995})
community cards of this round: ['C6', 'SA', 'C4', 'H4', 'DT']
name: b11902106, hole_card: ['C9', 'H2']
name: b09303036, hole_card: ['CQ', 'H6']
Started the round 4
Street "preflop" started. (community card = [])
monte carlo error block timedout after 5 seconds
EV calc error
name: b11902106, hole_card: ['C9', 'H2']
name: b09303036, hole_card: ['CQ', 'H6']
"b11902106" declared "fold:0"
"['b09303036']" won the round 4 (stack = {'b11902106': 1000, 'b09303036': 1000})
community cards of this round: ['H9', 'H4', 'ST', 'H3', 'SA']
name: b11902106, hole_card: ['D7', 'HT']
name: b09303036, hole_card: ['HK', 'C8']
Started the round 5
Street "preflop" started. (community card = [])
name: b11902106, hole_card: ['D7', 'HT']
name: b09303036, hole_card: ['HK', 'C8']
"b09303036" declared "fold:0"
"['b11902106']" won the round 5 (stack = {'b11902106': 1005, 'b09303036': 995})
community cards of this round: ['C8', 'D8', 'S6', 'D2', 'H2']
name: b11902106, hole_card: ['SA', 'D3']
name: b09303036, hole_card: ['H9', 'DA']
Started the round 6
Street "preflop" started. (community card = [])
monte carlo error block timedout after 5 seconds
EV calc error
name: b11902106, hole_card: ['SA', 'D3']
name: b09303036, hole_card: ['H9', 'DA']
"b11902106" declared "fold:0"
"['b09303036']" won the round 6 (stack = {'b11902106': 1000, 'b09303036': 1000})
community cards of this round: ['SQ', 'H4', 'DT', 'D7', 'C4']
name: b11902106, hole_card: ['CQ', 'ST']
name: b09303036, hole_card: ['HK', 'SJ']
Started the round 7
Street "preflop" started. (community card = [])
name: b11902106, hole_card: ['CQ', 'ST']
name: b09303036, hole_card: ['HK', 'SJ']
"b09303036" declared "fold:0"
"['b11902106']" won the round 7 (stack = {'b11902106': 1005, 'b09303036': 995})
community cards of this round: ['DT', 'HQ', 'H3', 'C7', 'HA']
name: b11902106, hole_card: ['H2', 'C6']
name: b09303036, hole_card: ['CT', 'HJ']
Started the round 8
Street "preflop" started. (community card = [])
monte carlo error block timedout after 5 seconds
EV calc error
name: b11902106, hole_card: ['H2', 'C6']
name: b09303036, hole_card: ['CT', 'HJ']
"b11902106" declared "fold:0"
"['b09303036']" won the round 8 (stack = {'b11902106': 1000, 'b09303036': 1000})
community cards of this round: ['C5', 'CJ', 'DQ', 'C6', 'SJ']
name: b11902106, hole_card: ['DJ', 'C4']
name: b09303036, hole_card: ['D9', 'S2']
Started the round 9
Street "preflop" started. (community card = [])
name: b11902106, hole_card: ['DJ', 'C4']
name: b09303036, hole_card: ['D9', 'S2']
"b09303036" declared "fold:0"
"['b11902106']" won the round 9 (stack = {'b11902106': 1005, 'b09303036': 995})
community cards of this round: ['C9', 'ST', 'S4', 'DT', 'H6']
name: b11902106, hole_card: ['S8', 'CK']
name: b09303036, hole_card: ['D7', 'H3']
Started the round 10
Street "preflop" started. (community card = [])
name: b11902106, hole_card: ['S8', 'CK']
name: b09303036, hole_card: ['D7', 'H3']
"b11902106" declared "raise:300"
name: b11902106, hole_card: ['S8', 'CK']
name: b09303036, hole_card: ['D7', 'H3']
"b09303036" declared "fold:0"
"['b11902106']" won the round 10 (stack = {'b11902106': 1015, 'b09303036': 985})
community cards of this round: ['HK', 'CJ', 'D6', 'HT', 'CK']
name: b11902106, hole_card: ['S4', 'D3']
name: b09303036, hole_card: ['S8', 'D2']
Started the round 11
Street "preflop" started. (community card = [])
name: b11902106, hole_card: ['S4', 'D3']
name: b09303036, hole_card: ['S8', 'D2']
"b09303036" declared "fold:0"
"['b11902106']" won the round 11 (stack = {'b11902106': 1020, 'b09303036': 980})
community cards of this round: ['H5', 'D8', 'DA', 'CK', 'S4']
name: b11902106, hole_card: ['CJ', 'D4']
name: b09303036, hole_card: ['D7', 'SK']
Started the round 12
Street "preflop" started. (community card = [])
name: b11902106, hole_card: ['CJ', 'D4']
name: b09303036, hole_card: ['D7', 'SK']
"b11902106" declared "call:10"
name: b11902106, hole_card: ['CJ', 'D4']
name: b09303036, hole_card: ['D7', 'SK']
"b09303036" declared "fold:0"
"['b11902106']" won the round 12 (stack = {'b11902106': 1030, 'b09303036': 970})
community cards of this round: ['C7', 'H2', 'SQ', 'DT', 'S7']
name: b11902106, hole_card: ['D3', 'S6']
name: b09303036, hole_card: ['HQ', 'C3']
Started the round 13
Street "preflop" started. (community card = [])
name: b11902106, hole_card: ['D3', 'S6']
name: b09303036, hole_card: ['HQ', 'C3']
"b09303036" declared "fold:0"
"['b11902106']" won the round 13 (stack = {'b11902106': 1035, 'b09303036': 965})
community cards of this round: ['H6', 'D4', 'CA', 'C9', 'H8']
name: b11902106, hole_card: ['HK', 'H5']
name: b09303036, hole_card: ['S4', 'S6']
Started the round 14
Street "preflop" started. (community card = [])
monte carlo error block timedout after 5 seconds
EV calc error
name: b11902106, hole_card: ['HK', 'H5']
name: b09303036, hole_card: ['S4', 'S6']
"b11902106" declared "fold:0"
"['b09303036']" won the round 14 (stack = {'b11902106': 1030, 'b09303036': 970})
community cards of this round: ['H8', 'S2', 'C7', 'H3', 'H5']
name: b11902106, hole_card: ['D2', 'CQ']
name: b09303036, hole_card: ['HJ', 'DJ']
Started the round 15
Street "preflop" started. (community card = [])
name: b11902106, hole_card: ['D2', 'CQ']
name: b09303036, hole_card: ['HJ', 'DJ']
"b09303036" declared "fold:0"
"['b11902106']" won the round 15 (stack = {'b11902106': 1035, 'b09303036': 965})
community cards of this round: ['H6', 'C4', 'D5', 'CQ', 'H8']
name: b11902106, hole_card: ['C3', 'DJ']
name: b09303036, hole_card: ['S8', 'S2']
Started the round 16
Street "preflop" started. (community card = [])
monte carlo error block timedout after 5 seconds
EV calc error
name: b11902106, hole_card: ['C3', 'DJ']
name: b09303036, hole_card: ['S8', 'S2']
"b11902106" declared "fold:0"
"['b09303036']" won the round 16 (stack = {'b11902106': 1030, 'b09303036': 970})
community cards of this round: ['S3', 'S2', 'DK', 'S9', 'H5']
name: b11902106, hole_card: ['D8', 'H8']
name: b09303036, hole_card: ['SJ', 'D7']
Started the round 17
Street "preflop" started. (community card = [])
name: b11902106, hole_card: ['D8', 'H8']
name: b09303036, hole_card: ['SJ', 'D7']
"b09303036" declared "fold:0"
"['b11902106']" won the round 17 (stack = {'b11902106': 1035, 'b09303036': 965})
community cards of this round: ['D2', 'D3', 'C5', 'D4', 'HA']
name: b11902106, hole_card: ['SA', 'H5']
name: b09303036, hole_card: ['C2', 'H6']
Started the round 18
Street "preflop" started. (community card = [])
monte carlo error block timedout after 5 seconds
EV calc error
name: b11902106, hole_card: ['SA', 'H5']
name: b09303036, hole_card: ['C2', 'H6']
"b11902106" declared "fold:0"
"['b09303036']" won the round 18 (stack = {'b11902106': 1030, 'b09303036': 970})
community cards of this round: ['DJ', 'DT', 'CA', 'D9', 'D3']
name: b11902106, hole_card: ['S6', 'C4']
name: b09303036, hole_card: ['H7', 'HK']
Started the round 19
Street "preflop" started. (community card = [])
name: b11902106, hole_card: ['S6', 'C4']
name: b09303036, hole_card: ['H7', 'HK']
"b09303036" declared "fold:0"
"['b11902106']" won the round 19 (stack = {'b11902106': 1035, 'b09303036': 965})
community cards of this round: ['H2', 'C2', 'D8', 'ST', 'DA']
name: b11902106, hole_card: ['H5', 'HK']
name: b09303036, hole_card: ['D6', 'S9']
Started the round 20
Street "preflop" started. (community card = [])
monte carlo error block timedout after 5 seconds
EV calc error
name: b11902106, hole_card: ['H5', 'HK']
name: b09303036, hole_card: ['D6', 'S9']
"b11902106" declared "fold:0"
"['b09303036']" won the round 20 (stack = {'b11902106': 1030, 'b09303036': 970})
b09303036 vs b11902106 - Game 1: {'rule': {'initial_stack': 1000, 'max_round': 20, 'small_blind_amount': 5, 'ante': 0, 'blind_structure': {}}, 'players': [{'name': 'b11902106', 'uuid': 'solseevlatujvsduoifarj', 'stack': 1030, 'state': 'participating'}, {'name': 'b09303036', 'uuid': 'lyrdddjreubxlttjzgpumo', 'stack': 970, 'state': 'participating'}]}
community cards of this round: ['DK', 'S6', 'CQ', 'C8', 'HK']
name: b09303036, hole_card: ['S3', 'C3']
name: b11902106, hole_card: ['SQ', 'D7']
Started the round 1
Street "preflop" started. (community card = [])
monte carlo error block timedout after 5 seconds
EV calc error
name: b09303036, hole_card: ['S3', 'C3']
name: b11902106, hole_card: ['SQ', 'D7']
"b11902106" declared "fold:0"
"['b09303036']" won the round 1 (stack = {'b09303036': 1005, 'b11902106': 995})
community cards of this round: ['C6', 'H5', 'CA', 'S4', 'SJ']
name: b09303036, hole_card: ['D3', 'C9']
name: b11902106, hole_card: ['SQ', 'DT']
Started the round 2
Street "preflop" started. (community card = [])
name: b09303036, hole_card: ['D3', 'C9']
name: b11902106, hole_card: ['SQ', 'DT']
"b09303036" declared "fold:0"
"['b11902106']" won the round 2 (stack = {'b09303036': 1000, 'b11902106': 1000})
community cards of this round: ['D9', 'D4', 'S2', 'SQ', 'S5']
name: b09303036, hole_card: ['D8', 'DT']
name: b11902106, hole_card: ['SA', 'HK']
Started the round 3
Street "preflop" started. (community card = [])
monte carlo error block timedout after 5 seconds
EV calc error
name: b09303036, hole_card: ['D8', 'DT']
name: b11902106, hole_card: ['SA', 'HK']
"b11902106" declared "fold:0"
"['b09303036']" won the round 3 (stack = {'b09303036': 1005, 'b11902106': 995})
community cards of this round: ['C6', 'SA', 'C4', 'H4', 'DT']
name: b09303036, hole_card: ['C9', 'H2']
name: b11902106, hole_card: ['CQ', 'H6']
Started the round 4
Street "preflop" started. (community card = [])
name: b09303036, hole_card: ['C9', 'H2']
name: b11902106, hole_card: ['CQ', 'H6']
"b09303036" declared "fold:0"
"['b11902106']" won the round 4 (stack = {'b09303036': 1000, 'b11902106': 1000})
community cards of this round: ['H9', 'H4', 'ST', 'H3', 'SA']
name: b09303036, hole_card: ['D7', 'HT']
name: b11902106, hole_card: ['HK', 'C8']
Started the round 5
Street "preflop" started. (community card = [])
monte carlo error block timedout after 5 seconds
EV calc error
name: b09303036, hole_card: ['D7', 'HT']
name: b11902106, hole_card: ['HK', 'C8']
"b11902106" declared "fold:0"
"['b09303036']" won the round 5 (stack = {'b09303036': 1005, 'b11902106': 995})
community cards of this round: ['C8', 'D8', 'S6', 'D2', 'H2']
name: b09303036, hole_card: ['SA', 'D3']
name: b11902106, hole_card: ['H9', 'DA']
Started the round 6
Street "preflop" started. (community card = [])
name: b09303036, hole_card: ['SA', 'D3']
name: b11902106, hole_card: ['H9', 'DA']
"b09303036" declared "fold:0"
"['b11902106']" won the round 6 (stack = {'b09303036': 1000, 'b11902106': 1000})
community cards of this round: ['SQ', 'H4', 'DT', 'D7', 'C4']
name: b09303036, hole_card: ['CQ', 'ST']
name: b11902106, hole_card: ['HK', 'SJ']
Started the round 7
Street "preflop" started. (community card = [])
name: b09303036, hole_card: ['CQ', 'ST']
name: b11902106, hole_card: ['HK', 'SJ']
"b11902106" declared "raise:300"
name: b09303036, hole_card: ['CQ', 'ST']
name: b11902106, hole_card: ['HK', 'SJ']
"b09303036" declared "fold:0"
"['b11902106']" won the round 7 (stack = {'b09303036': 990, 'b11902106': 1010})
community cards of this round: ['DT', 'HQ', 'H3', 'C7', 'HA']
name: b09303036, hole_card: ['H2', 'C6']
name: b11902106, hole_card: ['CT', 'HJ']
Started the round 8
Street "preflop" started. (community card = [])
name: b09303036, hole_card: ['H2', 'C6']
name: b11902106, hole_card: ['CT', 'HJ']
"b09303036" declared "fold:0"
"['b11902106']" won the round 8 (stack = {'b09303036': 985, 'b11902106': 1015})
community cards of this round: ['C5', 'CJ', 'DQ', 'C6', 'SJ']
name: b09303036, hole_card: ['DJ', 'C4']
name: b11902106, hole_card: ['D9', 'S2']
Started the round 9
Street "preflop" started. (community card = [])
monte carlo error block timedout after 5 seconds
EV calc error
name: b09303036, hole_card: ['DJ', 'C4']
name: b11902106, hole_card: ['D9', 'S2']
"b11902106" declared "fold:0"
"['b09303036']" won the round 9 (stack = {'b09303036': 990, 'b11902106': 1010})
community cards of this round: ['C9', 'ST', 'S4', 'DT', 'H6']
name: b09303036, hole_card: ['S8', 'CK']
name: b11902106, hole_card: ['D7', 'H3']
Started the round 10
Street "preflop" started. (community card = [])
name: b09303036, hole_card: ['S8', 'CK']
name: b11902106, hole_card: ['D7', 'H3']
"b09303036" declared "fold:0"
"['b11902106']" won the round 10 (stack = {'b09303036': 985, 'b11902106': 1015})
community cards of this round: ['HK', 'CJ', 'D6', 'HT', 'CK']
name: b09303036, hole_card: ['S4', 'D3']
name: b11902106, hole_card: ['S8', 'D2']
Started the round 11
Street "preflop" started. (community card = [])
name: b09303036, hole_card: ['S4', 'D3']
name: b11902106, hole_card: ['S8', 'D2']
"b11902106" declared "fold:0"
"['b09303036']" won the round 11 (stack = {'b09303036': 990, 'b11902106': 1010})
community cards of this round: ['H5', 'D8', 'DA', 'CK', 'S4']
name: b09303036, hole_card: ['CJ', 'D4']
name: b11902106, hole_card: ['D7', 'SK']
Started the round 12
Street "preflop" started. (community card = [])
name: b09303036, hole_card: ['CJ', 'D4']
name: b11902106, hole_card: ['D7', 'SK']
"b09303036" declared "fold:0"
"['b11902106']" won the round 12 (stack = {'b09303036': 985, 'b11902106': 1015})
community cards of this round: ['C7', 'H2', 'SQ', 'DT', 'S7']
name: b09303036, hole_card: ['D3', 'S6']
name: b11902106, hole_card: ['HQ', 'C3']
Started the round 13
Street "preflop" started. (community card = [])
name: b09303036, hole_card: ['D3', 'S6']
name: b11902106, hole_card: ['HQ', 'C3']
"b11902106" declared "call:10"
name: b09303036, hole_card: ['D3', 'S6']
name: b11902106, hole_card: ['HQ', 'C3']
"b09303036" declared "fold:0"
"['b11902106']" won the round 13 (stack = {'b09303036': 975, 'b11902106': 1025})
community cards of this round: ['H6', 'D4', 'CA', 'C9', 'H8']
name: b09303036, hole_card: ['HK', 'H5']
name: b11902106, hole_card: ['S4', 'S6']
Started the round 14
Street "preflop" started. (community card = [])
name: b09303036, hole_card: ['HK', 'H5']
name: b11902106, hole_card: ['S4', 'S6']
"b09303036" declared "fold:0"
"['b11902106']" won the round 14 (stack = {'b09303036': 970, 'b11902106': 1030})
community cards of this round: ['H8', 'S2', 'C7', 'H3', 'H5']
name: b09303036, hole_card: ['D2', 'CQ']
name: b11902106, hole_card: ['HJ', 'DJ']
Started the round 15
Street "preflop" started. (community card = [])
name: b09303036, hole_card: ['D2', 'CQ']
name: b11902106, hole_card: ['HJ', 'DJ']
"b11902106" declared "raise:300"
name: b09303036, hole_card: ['D2', 'CQ']
name: b11902106, hole_card: ['HJ', 'DJ']
"b09303036" declared "fold:0"
"['b11902106']" won the round 15 (stack = {'b09303036': 960, 'b11902106': 1040})
community cards of this round: ['H6', 'C4', 'D5', 'CQ', 'H8']
name: b09303036, hole_card: ['C3', 'DJ']
name: b11902106, hole_card: ['S8', 'S2']
Started the round 16
Street "preflop" started. (community card = [])
name: b09303036, hole_card: ['C3', 'DJ']
name: b11902106, hole_card: ['S8', 'S2']
"b09303036" declared "fold:0"
"['b11902106']" won the round 16 (stack = {'b09303036': 955, 'b11902106': 1045})
community cards of this round: ['S3', 'S2', 'DK', 'S9', 'H5']
name: b09303036, hole_card: ['D8', 'H8']
name: b11902106, hole_card: ['SJ', 'D7']
Started the round 17
Street "preflop" started. (community card = [])
name: b09303036, hole_card: ['D8', 'H8']
name: b11902106, hole_card: ['SJ', 'D7']
"b11902106" declared "call:10"
name: b09303036, hole_card: ['D8', 'H8']
name: b11902106, hole_card: ['SJ', 'D7']
"b09303036" declared "fold:0"
"['b11902106']" won the round 17 (stack = {'b09303036': 945, 'b11902106': 1055})
community cards of this round: ['D2', 'D3', 'C5', 'D4', 'HA']
name: b09303036, hole_card: ['SA', 'H5']
name: b11902106, hole_card: ['C2', 'H6']
Started the round 18
Street "preflop" started. (community card = [])
name: b09303036, hole_card: ['SA', 'H5']
name: b11902106, hole_card: ['C2', 'H6']
"b09303036" declared "fold:0"
"['b11902106']" won the round 18 (stack = {'b09303036': 940, 'b11902106': 1060})
community cards of this round: ['DJ', 'DT', 'CA', 'D9', 'D3']
name: b09303036, hole_card: ['S6', 'C4']
name: b11902106, hole_card: ['H7', 'HK']
Started the round 19
Street "preflop" started. (community card = [])
name: b09303036, hole_card: ['S6', 'C4']
name: b11902106, hole_card: ['H7', 'HK']
"b11902106" declared "raise:300"
name: b09303036, hole_card: ['S6', 'C4']
name: b11902106, hole_card: ['H7', 'HK']
"b09303036" declared "fold:0"
"['b11902106']" won the round 19 (stack = {'b09303036': 930, 'b11902106': 1070})
community cards of this round: ['H2', 'C2', 'D8', 'ST', 'DA']
name: b09303036, hole_card: ['H5', 'HK']
name: b11902106, hole_card: ['D6', 'S9']
Started the round 20
Street "preflop" started. (community card = [])
name: b09303036, hole_card: ['H5', 'HK']
name: b11902106, hole_card: ['D6', 'S9']
"b09303036" declared "fold:0"
"['b11902106']" won the round 20 (stack = {'b09303036': 925, 'b11902106': 1075})
b09303036 vs b11902106 - Game 2: {'rule': {'initial_stack': 1000, 'max_round': 20, 'small_blind_amount': 5, 'ante': 0, 'blind_structure': {}}, 'players': [{'name': 'b09303036', 'uuid': 'cejkkimpguynchbainphxn', 'stack': 925, 'state': 'participating'}, {'name': 'b11902106', 'uuid': 'ehahobjtkklqibwpzuwlnp', 'stack': 1075, 'state': 'participating'}]}
community cards of this round: ['H5', 'H9', 'S8', 'C9', 'DQ']
name: b11902106, hole_card: ['D9', 'D2']
name: b09303036, hole_card: ['H4', 'S2']
Started the round 1
Street "preflop" started. (community card = [])
name: b11902106, hole_card: ['D9', 'D2']
name: b09303036, hole_card: ['H4', 'S2']
"b09303036" declared "fold:0"
"['b11902106']" won the round 1 (stack = {'b11902106': 1005, 'b09303036': 995})
community cards of this round: ['S8', 'D3', 'D8', 'CK', 'C4']
name: b11902106, hole_card: ['S3', 'D4']
name: b09303036, hole_card: ['H8', 'C2']
Started the round 2
Street "preflop" started. (community card = [])
name: b11902106, hole_card: ['S3', 'D4']
name: b09303036, hole_card: ['H8', 'C2']
"b11902106" declared "fold:0"
"['b09303036']" won the round 2 (stack = {'b11902106': 1000, 'b09303036': 1000})
community cards of this round: ['CT', 'C5', 'SQ', 'D3', 'CJ']
name: b11902106, hole_card: ['D6', 'HJ']
name: b09303036, hole_card: ['HA', 'D8']
Started the round 3
Street "preflop" started. (community card = [])
name: b11902106, hole_card: ['D6', 'HJ']
name: b09303036, hole_card: ['HA', 'D8']
"b09303036" declared "fold:0"
"['b11902106']" won the round 3 (stack = {'b11902106': 1005, 'b09303036': 995})
community cards of this round: ['CT', 'H7', 'H2', 'H6', 'S8']
name: b11902106, hole_card: ['H8', 'S2']
name: b09303036, hole_card: ['SJ', 'SA']
Started the round 4
Street "preflop" started. (community card = [])
name: b11902106, hole_card: ['H8', 'S2']
name: b09303036, hole_card: ['SJ', 'SA']
"b11902106" declared "fold:0"
"['b09303036']" won the round 4 (stack = {'b11902106': 1000, 'b09303036': 1000})
community cards of this round: ['C2', 'H9', 'CJ', 'H7', 'C8']
name: b11902106, hole_card: ['S3', 'SK']
name: b09303036, hole_card: ['CK', 'HQ']
Started the round 5
Street "preflop" started. (community card = [])
name: b11902106, hole_card: ['S3', 'SK']
name: b09303036, hole_card: ['CK', 'HQ']
"b09303036" declared "fold:0"
"['b11902106']" won the round 5 (stack = {'b11902106': 1005, 'b09303036': 995})
community cards of this round: ['D7', 'H9', 'C5', 'D6', 'C7']
name: b11902106, hole_card: ['DT', 'S9']
name: b09303036, hole_card: ['C9', 'CK']
Started the round 6
Street "preflop" started. (community card = [])
name: b11902106, hole_card: ['DT', 'S9']
name: b09303036, hole_card: ['C9', 'CK']
"b11902106" declared "call:10"
name: b11902106, hole_card: ['DT', 'S9']
name: b09303036, hole_card: ['C9', 'CK']
"b09303036" declared "fold:0"
"['b11902106']" won the round 6 (stack = {'b11902106': 1015, 'b09303036': 985})
community cards of this round: ['C7', 'HA', 'D5', 'D6', 'SJ']
name: b11902106, hole_card: ['C5', 'H9']
name: b09303036, hole_card: ['HJ', 'S7']
Started the round 7
Street "preflop" started. (community card = [])
name: b11902106, hole_card: ['C5', 'H9']
name: b09303036, hole_card: ['HJ', 'S7']
"b09303036" declared "fold:0"
"['b11902106']" won the round 7 (stack = {'b11902106': 1020, 'b09303036': 980})
community cards of this round: ['SJ', 'D7', 'H8', 'DK', 'DT']
name: b11902106, hole_card: ['HA', 'DA']
name: b09303036, hole_card: ['D3', 'D2']
Started the round 8
Street "preflop" started. (community card = [])
name: b11902106, hole_card: ['HA', 'DA']
name: b09303036, hole_card: ['D3', 'D2']
"b11902106" declared "raise:300"
name: b11902106, hole_card: ['HA', 'DA']
name: b09303036, hole_card: ['D3', 'D2']
"b09303036" declared "fold:0"
"['b11902106']" won the round 8 (stack = {'b11902106': 1030, 'b09303036': 970})
community cards of this round: ['SJ', 'H2', 'DT', 'CQ', 'D2']
name: b11902106, hole_card: ['S2', 'D6']
name: b09303036, hole_card: ['ST', 'D9']
Started the round 9
Street "preflop" started. (community card = [])
name: b11902106, hole_card: ['S2', 'D6']
name: b09303036, hole_card: ['ST', 'D9']
"b09303036" declared "fold:0"
"['b11902106']" won the round 9 (stack = {'b11902106': 1035, 'b09303036': 965})
community cards of this round: ['D4', 'ST', 'H7', 'D5', 'S3']
name: b11902106, hole_card: ['H6', 'S5']
name: b09303036, hole_card: ['C6', 'D9']
Started the round 10
Street "preflop" started. (community card = [])
name: b11902106, hole_card: ['H6', 'S5']
name: b09303036, hole_card: ['C6', 'D9']
"b11902106" declared "fold:0"
"['b09303036']" won the round 10 (stack = {'b11902106': 1030, 'b09303036': 970})
community cards of this round: ['D7', 'ST', 'H6', 'HA', 'S9']
name: b11902106, hole_card: ['DK', 'D4']
name: b09303036, hole_card: ['D2', 'H5']
Started the round 11
Street "preflop" started. (community card = [])
name: b11902106, hole_card: ['DK', 'D4']
name: b09303036, hole_card: ['D2', 'H5']
"b09303036" declared "fold:0"
"['b11902106']" won the round 11 (stack = {'b11902106': 1035, 'b09303036': 965})
community cards of this round: ['DQ', 'CA', 'SJ', 'HQ', 'S8']
name: b11902106, hole_card: ['SA', 'S3']
name: b09303036, hole_card: ['CQ', 'CJ']
Started the round 12
Street "preflop" started. (community card = [])
name: b11902106, hole_card: ['SA', 'S3']
name: b09303036, hole_card: ['CQ', 'CJ']
"b11902106" declared "raise:300"
name: b11902106, hole_card: ['SA', 'S3']
name: b09303036, hole_card: ['CQ', 'CJ']
"b09303036" declared "fold:0"
"['b11902106']" won the round 12 (stack = {'b11902106': 1045, 'b09303036': 955})
community cards of this round: ['D2', 'C2', 'C6', 'D7', 'H4']
name: b11902106, hole_card: ['DK', 'C7']
name: b09303036, hole_card: ['D8', 'CA']
Started the round 13
Street "preflop" started. (community card = [])
name: b11902106, hole_card: ['DK', 'C7']
name: b09303036, hole_card: ['D8', 'CA']
"b09303036" declared "fold:0"
"['b11902106']" won the round 13 (stack = {'b11902106': 1050, 'b09303036': 950})
community cards of this round: ['C8', 'S7', 'S2', 'C9', 'HQ']
name: b11902106, hole_card: ['DA', 'D2']
name: b09303036, hole_card: ['SJ', 'C7']
Started the round 14
Street "preflop" started. (community card = [])
name: b11902106, hole_card: ['DA', 'D2']
name: b09303036, hole_card: ['SJ', 'C7']
"b11902106" declared "raise:300"
name: b11902106, hole_card: ['DA', 'D2']
name: b09303036, hole_card: ['SJ', 'C7']
"b09303036" declared "fold:0"
"['b11902106']" won the round 14 (stack = {'b11902106': 1060, 'b09303036': 940})
community cards of this round: ['S7', 'SJ', 'H5', 'H2', 'S2']
name: b11902106, hole_card: ['D5', 'H8']
name: b09303036, hole_card: ['S4', 'C2']
Started the round 15
Street "preflop" started. (community card = [])
name: b11902106, hole_card: ['D5', 'H8']
name: b09303036, hole_card: ['S4', 'C2']
"b09303036" declared "fold:0"
"['b11902106']" won the round 15 (stack = {'b11902106': 1065, 'b09303036': 935})
community cards of this round: ['H2', 'HA', 'S3', 'D2', 'D5']
name: b11902106, hole_card: ['D7', 'H7']
name: b09303036, hole_card: ['CJ', 'C4']
Started the round 16
Street "preflop" started. (community card = [])
name: b11902106, hole_card: ['D7', 'H7']
name: b09303036, hole_card: ['CJ', 'C4']
"b11902106" declared "raise:300"
name: b11902106, hole_card: ['D7', 'H7']
name: b09303036, hole_card: ['CJ', 'C4']
"b09303036" declared "fold:0"
"['b11902106']" won the round 16 (stack = {'b11902106': 1075, 'b09303036': 925})
community cards of this round: ['D6', 'ST', 'SA', 'DJ', 'H6']
name: b11902106, hole_card: ['D5', 'C6']
name: b09303036, hole_card: ['H5', 'S5']
Started the round 17
Street "preflop" started. (community card = [])
name: b11902106, hole_card: ['D5', 'C6']
name: b09303036, hole_card: ['H5', 'S5']
"b09303036" declared "fold:0"
"['b11902106']" won the round 17 (stack = {'b11902106': 1080, 'b09303036': 920})
community cards of this round: ['D6', 'CQ', 'C5', 'D9', 'D8']
name: b11902106, hole_card: ['DJ', 'S3']
name: b09303036, hole_card: ['D2', 'CK']
Started the round 18
Street "preflop" started. (community card = [])
name: b11902106, hole_card: ['DJ', 'S3']
name: b09303036, hole_card: ['D2', 'CK']
"b11902106" declared "fold:0"
"['b09303036']" won the round 18 (stack = {'b11902106': 1075, 'b09303036': 925})
community cards of this round: ['S3', 'H5', 'D9', 'D7', 'D4']
name: b11902106, hole_card: ['DK', 'D8']
name: b09303036, hole_card: ['D2', 'H3']
Started the round 19
Street "preflop" started. (community card = [])
name: b11902106, hole_card: ['DK', 'D8']
name: b09303036, hole_card: ['D2', 'H3']
"b09303036" declared "fold:0"
"['b11902106']" won the round 19 (stack = {'b11902106': 1080, 'b09303036': 920})
community cards of this round: ['C8', 'CQ', 'SJ', 'S9', 'S2']
name: b11902106, hole_card: ['D9', 'D7']
name: b09303036, hole_card: ['H6', 'HT']
Started the round 20
Street "preflop" started. (community card = [])
name: b11902106, hole_card: ['D9', 'D7']
name: b09303036, hole_card: ['H6', 'HT']
"b11902106" declared "fold:0"
"['b09303036']" won the round 20 (stack = {'b11902106': 1075, 'b09303036': 925})
b09303036 vs b11902106 - Game 3: {'rule': {'initial_stack': 1000, 'max_round': 20, 'small_blind_amount': 5, 'ante': 0, 'blind_structure': {}}, 'players': [{'name': 'b11902106', 'uuid': 'yiykvmfamtjkjtycvfmamp', 'stack': 1075, 'state': 'participating'}, {'name': 'b09303036', 'uuid': 'jxahwvxwsdptqcsnpagzhi', 'stack': 925, 'state': 'participating'}]}
community cards of this round: ['H5', 'H9', 'S8', 'C9', 'DQ']
name: b09303036, hole_card: ['D9', 'D2']
name: b11902106, hole_card: ['H4', 'S2']
Started the round 1
Street "preflop" started. (community card = [])
name: b09303036, hole_card: ['D9', 'D2']
name: b11902106, hole_card: ['H4', 'S2']
"b11902106" declared "fold:0"
"['b09303036']" won the round 1 (stack = {'b09303036': 1005, 'b11902106': 995})
community cards of this round: ['S8', 'D3', 'D8', 'CK', 'C4']
name: b09303036, hole_card: ['S3', 'D4']
name: b11902106, hole_card: ['H8', 'C2']
Started the round 2
Street "preflop" started. (community card = [])
name: b09303036, hole_card: ['S3', 'D4']
name: b11902106, hole_card: ['H8', 'C2']
"b09303036" declared "fold:0"
"['b11902106']" won the round 2 (stack = {'b09303036': 1000, 'b11902106': 1000})
community cards of this round: ['CT', 'C5', 'SQ', 'D3', 'CJ']
name: b09303036, hole_card: ['D6', 'HJ']
name: b11902106, hole_card: ['HA', 'D8']
Started the round 3
Street "preflop" started. (community card = [])
name: b09303036, hole_card: ['D6', 'HJ']
name: b11902106, hole_card: ['HA', 'D8']
"b11902106" declared "raise:300"
name: b09303036, hole_card: ['D6', 'HJ']
name: b11902106, hole_card: ['HA', 'D8']
"b09303036" declared "fold:0"
"['b11902106']" won the round 3 (stack = {'b09303036': 990, 'b11902106': 1010})
community cards of this round: ['CT', 'H7', 'H2', 'H6', 'S8']
name: b09303036, hole_card: ['H8', 'S2']
name: b11902106, hole_card: ['SJ', 'SA']
Started the round 4
Street "preflop" started. (community card = [])
name: b09303036, hole_card: ['H8', 'S2']
name: b11902106, hole_card: ['SJ', 'SA']
"b09303036" declared "fold:0"
"['b11902106']" won the round 4 (stack = {'b09303036': 985, 'b11902106': 1015})
community cards of this round: ['C2', 'H9', 'CJ', 'H7', 'C8']
name: b09303036, hole_card: ['S3', 'SK']
name: b11902106, hole_card: ['CK', 'HQ']
Started the round 5
Street "preflop" started. (community card = [])
name: b09303036, hole_card: ['S3', 'SK']
name: b11902106, hole_card: ['CK', 'HQ']
"b11902106" declared "raise:300"
name: b09303036, hole_card: ['S3', 'SK']
name: b11902106, hole_card: ['CK', 'HQ']
"b09303036" declared "fold:0"
"['b11902106']" won the round 5 (stack = {'b09303036': 975, 'b11902106': 1025})
community cards of this round: ['D7', 'H9', 'C5', 'D6', 'C7']
name: b09303036, hole_card: ['DT', 'S9']
name: b11902106, hole_card: ['C9', 'CK']
Started the round 6
Street "preflop" started. (community card = [])
name: b09303036, hole_card: ['DT', 'S9']
name: b11902106, hole_card: ['C9', 'CK']
"b09303036" declared "fold:0"
"['b11902106']" won the round 6 (stack = {'b09303036': 970, 'b11902106': 1030})
community cards of this round: ['C7', 'HA', 'D5', 'D6', 'SJ']
name: b09303036, hole_card: ['C5', 'H9']
name: b11902106, hole_card: ['HJ', 'S7']
Started the round 7
Street "preflop" started. (community card = [])
name: b09303036, hole_card: ['C5', 'H9']
name: b11902106, hole_card: ['HJ', 'S7']
"b11902106" declared "call:10"
name: b09303036, hole_card: ['C5', 'H9']
name: b11902106, hole_card: ['HJ', 'S7']
"b09303036" declared "fold:0"
"['b11902106']" won the round 7 (stack = {'b09303036': 960, 'b11902106': 1040})
community cards of this round: ['SJ', 'D7', 'H8', 'DK', 'DT']
name: b09303036, hole_card: ['HA', 'DA']
name: b11902106, hole_card: ['D3', 'D2']
Started the round 8
Street "preflop" started. (community card = [])
name: b09303036, hole_card: ['HA', 'DA']
name: b11902106, hole_card: ['D3', 'D2']
"b09303036" declared "fold:0"
"['b11902106']" won the round 8 (stack = {'b09303036': 955, 'b11902106': 1045})
community cards of this round: ['SJ', 'H2', 'DT', 'CQ', 'D2']
name: b09303036, hole_card: ['S2', 'D6']
name: b11902106, hole_card: ['ST', 'D9']
Started the round 9
Street "preflop" started. (community card = [])
name: b09303036, hole_card: ['S2', 'D6']
name: b11902106, hole_card: ['ST', 'D9']
"b11902106" declared "call:10"
name: b09303036, hole_card: ['S2', 'D6']
name: b11902106, hole_card: ['ST', 'D9']
"b09303036" declared "fold:0"
"['b11902106']" won the round 9 (stack = {'b09303036': 945, 'b11902106': 1055})
community cards of this round: ['D4', 'ST', 'H7', 'D5', 'S3']
name: b09303036, hole_card: ['H6', 'S5']
name: b11902106, hole_card: ['C6', 'D9']
Started the round 10
Street "preflop" started. (community card = [])
name: b09303036, hole_card: ['H6', 'S5']
name: b11902106, hole_card: ['C6', 'D9']
"b09303036" declared "fold:0"
"['b11902106']" won the round 10 (stack = {'b09303036': 940, 'b11902106': 1060})
community cards of this round: ['D7', 'ST', 'H6', 'HA', 'S9']
name: b09303036, hole_card: ['DK', 'D4']
name: b11902106, hole_card: ['D2', 'H5']
Started the round 11
Street "preflop" started. (community card = [])
name: b09303036, hole_card: ['DK', 'D4']
name: b11902106, hole_card: ['D2', 'H5']
"b11902106" declared "fold:0"
"['b09303036']" won the round 11 (stack = {'b09303036': 945, 'b11902106': 1055})
community cards of this round: ['DQ', 'CA', 'SJ', 'HQ', 'S8']
name: b09303036, hole_card: ['SA', 'S3']
name: b11902106, hole_card: ['CQ', 'CJ']
Started the round 12
Street "preflop" started. (community card = [])
name: b09303036, hole_card: ['SA', 'S3']
name: b11902106, hole_card: ['CQ', 'CJ']
"b09303036" declared "fold:0"
"['b11902106']" won the round 12 (stack = {'b09303036': 940, 'b11902106': 1060})
community cards of this round: ['D2', 'C2', 'C6', 'D7', 'H4']
name: b09303036, hole_card: ['DK', 'C7']
name: b11902106, hole_card: ['D8', 'CA']
Started the round 13
Street "preflop" started. (community card = [])
name: b09303036, hole_card: ['DK', 'C7']
name: b11902106, hole_card: ['D8', 'CA']
"b11902106" declared "raise:300"
name: b09303036, hole_card: ['DK', 'C7']
name: b11902106, hole_card: ['D8', 'CA']
"b09303036" declared "fold:0"
"['b11902106']" won the round 13 (stack = {'b09303036': 930, 'b11902106': 1070})
community cards of this round: ['C8', 'S7', 'S2', 'C9', 'HQ']
name: b09303036, hole_card: ['DA', 'D2']
name: b11902106, hole_card: ['SJ', 'C7']
Started the round 14
Street "preflop" started. (community card = [])
name: b09303036, hole_card: ['DA', 'D2']
name: b11902106, hole_card: ['SJ', 'C7']
"b09303036" declared "fold:0"
"['b11902106']" won the round 14 (stack = {'b09303036': 925, 'b11902106': 1075})
community cards of this round: ['S7', 'SJ', 'H5', 'H2', 'S2']
name: b09303036, hole_card: ['D5', 'H8']
name: b11902106, hole_card: ['S4', 'C2']
Started the round 15
Street "preflop" started. (community card = [])
name: b09303036, hole_card: ['D5', 'H8']
name: b11902106, hole_card: ['S4', 'C2']
"b11902106" declared "fold:0"
"['b09303036']" won the round 15 (stack = {'b09303036': 930, 'b11902106': 1070})
community cards of this round: ['H2', 'HA', 'S3', 'D2', 'D5']
name: b09303036, hole_card: ['D7', 'H7']
name: b11902106, hole_card: ['CJ', 'C4']
Started the round 16
Street "preflop" started. (community card = [])
name: b09303036, hole_card: ['D7', 'H7']
name: b11902106, hole_card: ['CJ', 'C4']
"b09303036" declared "fold:0"
"['b11902106']" won the round 16 (stack = {'b09303036': 925, 'b11902106': 1075})
community cards of this round: ['D6', 'ST', 'SA', 'DJ', 'H6']
name: b09303036, hole_card: ['D5', 'C6']
name: b11902106, hole_card: ['H5', 'S5']
Started the round 17
Street "preflop" started. (community card = [])
name: b09303036, hole_card: ['D5', 'C6']
name: b11902106, hole_card: ['H5', 'S5']
"b11902106" declared "fold:0"
"['b09303036']" won the round 17 (stack = {'b09303036': 930, 'b11902106': 1070})
community cards of this round: ['D6', 'CQ', 'C5', 'D9', 'D8']
name: b09303036, hole_card: ['DJ', 'S3']
name: b11902106, hole_card: ['D2', 'CK']
Started the round 18
Street "preflop" started. (community card = [])
name: b09303036, hole_card: ['DJ', 'S3']
name: b11902106, hole_card: ['D2', 'CK']
"b09303036" declared "fold:0"
"['b11902106']" won the round 18 (stack = {'b09303036': 925, 'b11902106': 1075})
community cards of this round: ['S3', 'H5', 'D9', 'D7', 'D4']
name: b09303036, hole_card: ['DK', 'D8']
name: b11902106, hole_card: ['D2', 'H3']
Started the round 19
Street "preflop" started. (community card = [])
name: b09303036, hole_card: ['DK', 'D8']
name: b11902106, hole_card: ['D2', 'H3']
"b11902106" declared "fold:0"
"['b09303036']" won the round 19 (stack = {'b09303036': 930, 'b11902106': 1070})
community cards of this round: ['C8', 'CQ', 'SJ', 'S9', 'S2']
name: b09303036, hole_card: ['D9', 'D7']
name: b11902106, hole_card: ['H6', 'HT']
Started the round 20
Street "preflop" started. (community card = [])
name: b09303036, hole_card: ['D9', 'D7']
name: b11902106, hole_card: ['H6', 'HT']
"b09303036" declared "fold:0"
"['b11902106']" won the round 20 (stack = {'b09303036': 925, 'b11902106': 1075})
b09303036 vs b11902106 - Game 4: {'rule': {'initial_stack': 1000, 'max_round': 20, 'small_blind_amount': 5, 'ante': 0, 'blind_structure': {}}, 'players': [{'name': 'b09303036', 'uuid': 'qqampwkbfpfirikmsdylub', 'stack': 925, 'state': 'participating'}, {'name': 'b11902106', 'uuid': 'etsfuajembvndcmmnrdrkc', 'stack': 1075, 'state': 'participating'}]}
community cards of this round: ['DQ', 'C3', 'DA', 'HJ', 'H9']
name: b11902106, hole_card: ['HT', 'S5']
name: b09303036, hole_card: ['D5', 'H2']
Started the round 1
Street "preflop" started. (community card = [])
name: b11902106, hole_card: ['HT', 'S5']
name: b09303036, hole_card: ['D5', 'H2']
"b09303036" declared "fold:0"
"['b11902106']" won the round 1 (stack = {'b11902106': 1005, 'b09303036': 995})
community cards of this round: ['C9', 'D6', 'S7', 'H7', 'S8']
name: b11902106, hole_card: ['C4', 'S2']
name: b09303036, hole_card: ['SJ', 'DT']
Started the round 2
Street "preflop" started. (community card = [])
name: b11902106, hole_card: ['C4', 'S2']
name: b09303036, hole_card: ['SJ', 'DT']
"b11902106" declared "fold:0"
"['b09303036']" won the round 2 (stack = {'b11902106': 1000, 'b09303036': 1000})
community cards of this round: ['D9', 'CQ', 'D2', 'HT', 'H3']
name: b11902106, hole_card: ['C5', 'DA']
name: b09303036, hole_card: ['CA', 'D4']
Started the round 3
Street "preflop" started. (community card = [])
name: b11902106, hole_card: ['C5', 'DA']
name: b09303036, hole_card: ['CA', 'D4']
"b09303036" declared "fold:0"
"['b11902106']" won the round 3 (stack = {'b11902106': 1005, 'b09303036': 995})
community cards of this round: ['D6', 'SA', 'H2', 'DQ', 'H5']
name: b11902106, hole_card: ['SJ', 'CJ']
name: b09303036, hole_card: ['C6', 'DJ']
Started the round 4
Street "preflop" started. (community card = [])
name: b11902106, hole_card: ['SJ', 'CJ']
name: b09303036, hole_card: ['C6', 'DJ']
"b11902106" declared "raise:300"
name: b11902106, hole_card: ['SJ', 'CJ']
name: b09303036, hole_card: ['C6', 'DJ']
"b09303036" declared "fold:0"
"['b11902106']" won the round 4 (stack = {'b11902106': 1015, 'b09303036': 985})
community cards of this round: ['SJ', 'C7', 'H3', 'HK', 'C8']
name: b11902106, hole_card: ['DK', 'H9']
name: b09303036, hole_card: ['S7', 'CJ']
Started the round 5
Street "preflop" started. (community card = [])
name: b11902106, hole_card: ['DK', 'H9']
name: b09303036, hole_card: ['S7', 'CJ']
"b09303036" declared "fold:0"
"['b11902106']" won the round 5 (stack = {'b11902106': 1020, 'b09303036': 980})
community cards of this round: ['D6', 'HA', 'D7', 'C4', 'CT']
name: b11902106, hole_card: ['CK', 'SK']
name: b09303036, hole_card: ['SQ', 'DT']
Started the round 6
Street "preflop" started. (community card = [])
name: b11902106, hole_card: ['CK', 'SK']
name: b09303036, hole_card: ['SQ', 'DT']
"b11902106" declared "raise:300"
name: b11902106, hole_card: ['CK', 'SK']
name: b09303036, hole_card: ['SQ', 'DT']
"b09303036" declared "fold:0"
"['b11902106']" won the round 6 (stack = {'b11902106': 1030, 'b09303036': 970})
community cards of this round: ['H9', 'C5', 'D6', 'CA', 'DT']
name: b11902106, hole_card: ['D4', 'HK']
name: b09303036, hole_card: ['SA', 'C8']
Started the round 7
Street "preflop" started. (community card = [])
name: b11902106, hole_card: ['D4', 'HK']
name: b09303036, hole_card: ['SA', 'C8']
"b09303036" declared "fold:0"
"['b11902106']" won the round 7 (stack = {'b11902106': 1035, 'b09303036': 965})
community cards of this round: ['HA', 'DJ', 'C3', 'S4', 'S3']
name: b11902106, hole_card: ['H7', 'HT']
name: b09303036, hole_card: ['H5', 'D2']
Started the round 8
Street "preflop" started. (community card = [])
name: b11902106, hole_card: ['H7', 'HT']
name: b09303036, hole_card: ['H5', 'D2']
"b11902106" declared "call:10"
name: b11902106, hole_card: ['H7', 'HT']
name: b09303036, hole_card: ['H5', 'D2']
"b09303036" declared "fold:0"
"['b11902106']" won the round 8 (stack = {'b11902106': 1045, 'b09303036': 955})
community cards of this round: ['CK', 'SQ', 'H7', 'C2', 'C3']
name: b11902106, hole_card: ['C5', 'SA']
name: b09303036, hole_card: ['H4', 'D2']
Started the round 9
Street "preflop" started. (community card = [])
name: b11902106, hole_card: ['C5', 'SA']
name: b09303036, hole_card: ['H4', 'D2']
"b09303036" declared "fold:0"
"['b11902106']" won the round 9 (stack = {'b11902106': 1050, 'b09303036': 950})
community cards of this round: ['SQ', 'C8', 'CQ', 'H7', 'C4']
name: b11902106, hole_card: ['D6', 'ST']
name: b09303036, hole_card: ['H5', 'HK']
Started the round 10
Street "preflop" started. (community card = [])
name: b11902106, hole_card: ['D6', 'ST']
name: b09303036, hole_card: ['H5', 'HK']
"b11902106" declared "fold:0"
"['b09303036']" won the round 10 (stack = {'b11902106': 1045, 'b09303036': 955})
community cards of this round: ['C6', 'HJ', 'H2', 'C7', 'DQ']
name: b11902106, hole_card: ['S7', 'H6']
name: b09303036, hole_card: ['S4', 'C2']
Started the round 11
Street "preflop" started. (community card = [])
name: b11902106, hole_card: ['S7', 'H6']
name: b09303036, hole_card: ['S4', 'C2']
"b09303036" declared "fold:0"
"['b11902106']" won the round 11 (stack = {'b11902106': 1050, 'b09303036': 950})
community cards of this round: ['H5', 'CA', 'C6', 'S9', 'DQ']
name: b11902106, hole_card: ['D2', 'D9']
name: b09303036, hole_card: ['ST', 'H2']
Started the round 12
Street "preflop" started. (community card = [])
name: b11902106, hole_card: ['D2', 'D9']
name: b09303036, hole_card: ['ST', 'H2']
"b11902106" declared "fold:0"
"['b09303036']" won the round 12 (stack = {'b11902106': 1045, 'b09303036': 955})
community cards of this round: ['S6', 'H4', 'D9', 'DQ', 'S4']
name: b11902106, hole_card: ['C3', 'SK']
name: b09303036, hole_card: ['DJ', 'C4']
Started the round 13
Street "preflop" started. (community card = [])
name: b11902106, hole_card: ['C3', 'SK']
name: b09303036, hole_card: ['DJ', 'C4']
"b09303036" declared "fold:0"
"['b11902106']" won the round 13 (stack = {'b11902106': 1050, 'b09303036': 950})
community cards of this round: ['D7', 'S6', 'C5', 'D5', 'D9']
name: b11902106, hole_card: ['D6', 'S3']
name: b09303036, hole_card: ['C8', 'DJ']
Started the round 14
Street "preflop" started. (community card = [])
name: b11902106, hole_card: ['D6', 'S3']
name: b09303036, hole_card: ['C8', 'DJ']
"b11902106" declared "fold:0"
"['b09303036']" won the round 14 (stack = {'b11902106': 1045, 'b09303036': 955})
community cards of this round: ['HT', 'SQ', 'CQ', 'H4', 'SK']
name: b11902106, hole_card: ['S9', 'C6']
name: b09303036, hole_card: ['C9', 'DQ']
Started the round 15
Street "preflop" started. (community card = [])
name: b11902106, hole_card: ['S9', 'C6']
name: b09303036, hole_card: ['C9', 'DQ']
"b09303036" declared "fold:0"
"['b11902106']" won the round 15 (stack = {'b11902106': 1050, 'b09303036': 950})
community cards of this round: ['C8', 'DT', 'C5', 'S4', 'HJ']
name: b11902106, hole_card: ['CA', 'C6']
name: b09303036, hole_card: ['C2', 'S8']
Started the round 16
Street "preflop" started. (community card = [])
name: b11902106, hole_card: ['CA', 'C6']
name: b09303036, hole_card: ['C2', 'S8']
"b11902106" declared "raise:300"
name: b11902106, hole_card: ['CA', 'C6']
name: b09303036, hole_card: ['C2', 'S8']
"b09303036" declared "fold:0"
"['b11902106']" won the round 16 (stack = {'b11902106': 1060, 'b09303036': 940})
community cards of this round: ['S8', 'S6', 'CQ', 'CT', 'D3']
name: b11902106, hole_card: ['D7', 'SJ']
name: b09303036, hole_card: ['D5', 'S5']
Started the round 17
Street "preflop" started. (community card = [])
name: b11902106, hole_card: ['D7', 'SJ']
name: b09303036, hole_card: ['D5', 'S5']
"b09303036" declared "fold:0"
"['b11902106']" won the round 17 (stack = {'b11902106': 1065, 'b09303036': 935})
community cards of this round: ['CA', 'CJ', 'DK', 'DT', 'CT']
name: b11902106, hole_card: ['H8', 'D6']
name: b09303036, hole_card: ['HT', 'C3']
Started the round 18
Street "preflop" started. (community card = [])
name: b11902106, hole_card: ['H8', 'D6']
name: b09303036, hole_card: ['HT', 'C3']
"b11902106" declared "call:10"
name: b11902106, hole_card: ['H8', 'D6']
name: b09303036, hole_card: ['HT', 'C3']
"b09303036" declared "fold:0"
"['b11902106']" won the round 18 (stack = {'b11902106': 1075, 'b09303036': 925})
community cards of this round: ['C7', 'H3', 'H9', 'DA', 'CJ']
name: b11902106, hole_card: ['HJ', 'S6']
name: b09303036, hole_card: ['D9', 'CA']
Started the round 19
Street "preflop" started. (community card = [])
name: b11902106, hole_card: ['HJ', 'S6']
name: b09303036, hole_card: ['D9', 'CA']
"b09303036" declared "fold:0"
"['b11902106']" won the round 19 (stack = {'b11902106': 1080, 'b09303036': 920})
community cards of this round: ['H8', 'SA', 'S7', 'H9', 'S4']
name: b11902106, hole_card: ['H6', 'DJ']
name: b09303036, hole_card: ['H3', 'HK']
Started the round 20
Street "preflop" started. (community card = [])
name: b11902106, hole_card: ['H6', 'DJ']
name: b09303036, hole_card: ['H3', 'HK']
"b11902106" declared "fold:0"
"['b09303036']" won the round 20 (stack = {'b11902106': 1075, 'b09303036': 925})
b09303036 vs b11902106 - Game 5: {'rule': {'initial_stack': 1000, 'max_round': 20, 'small_blind_amount': 5, 'ante': 0, 'blind_structure': {}}, 'players': [{'name': 'b11902106', 'uuid': 'hpajnatdqofgjuaylayvkv', 'stack': 1075, 'state': 'participating'}, {'name': 'b09303036', 'uuid': 'nufmcehlbdvpnulymzafwz', 'stack': 925, 'state': 'participating'}]}
Final Result: b09303036 won 3 games (stack: 5330), b11902106 won 2 games (stack: 4670)
