community cards of this round: ['S5', 'SA', 'D3', 'SJ', 'D6']
name: b10505057, hole_card: ['CQ', 'DK']
name: b09401140, hole_card: ['HT', 'C7']
Started the round 1
Street "preflop" started. (community card = [])
name: b10505057, hole_card: ['CQ', 'DK']
name: b09401140, hole_card: ['HT', 'C7']
"b09401140" declared "call:10"
name: b10505057, hole_card: ['CQ', 'DK']
name: b09401140, hole_card: ['HT', 'C7']
"b10505057" declared "raise:132.19272957874614"
name: b10505057, hole_card: ['CQ', 'DK']
name: b09401140, hole_card: ['HT', 'C7']
"b09401140" declared "call:132.19272957874614"
Street "flop" started. (community card = ['S5', 'SA', 'D3'])
name: b10505057, hole_card: ['CQ', 'DK']
name: b09401140, hole_card: ['HT', 'C7']
"b09401140" declared "fold:0"
"['b10505057']" won the round 1 (stack = {'b10505057': 1131.8072704212539, 'b09401140': 867.8072704212539})
community cards of this round: ['D5', 'DQ', 'DK', 'C8', 'H4']
name: b10505057, hole_card: ['D8', 'H2']
name: b09401140, hole_card: ['HQ', 'SJ']
Started the round 2
Street "preflop" started. (community card = [])
name: b10505057, hole_card: ['D8', 'H2']
name: b09401140, hole_card: ['HQ', 'SJ']
"b10505057" declared "fold:0"
"['b09401140']" won the round 2 (stack = {'b10505057': 1126.8072704212539, 'b09401140': 872.8072704212539})
community cards of this round: ['CA', 'C2', 'DJ', 'C4', 'H4']
name: b10505057, hole_card: ['HT', 'S7']
name: b09401140, hole_card: ['SK', 'S6']
Started the round 3
Street "preflop" started. (community card = [])
name: b10505057, hole_card: ['HT', 'S7']
name: b09401140, hole_card: ['SK', 'S6']
"b09401140" declared "raise:15"
name: b10505057, hole_card: ['HT', 'S7']
name: b09401140, hole_card: ['SK', 'S6']
"b10505057" declared "call:15"
Street "flop" started. (community card = ['CA', 'C2', 'DJ'])
name: b10505057, hole_card: ['HT', 'S7']
name: b09401140, hole_card: ['SK', 'S6']
"b09401140" declared "call:0"
name: b10505057, hole_card: ['HT', 'S7']
name: b09401140, hole_card: ['SK', 'S6']
"b10505057" declared "call:0"
Street "turn" started. (community card = ['CA', 'C2', 'DJ', 'C4'])
name: b10505057, hole_card: ['HT', 'S7']
name: b09401140, hole_card: ['SK', 'S6']
"b09401140" declared "fold:0"
"['b10505057']" won the round 3 (stack = {'b10505057': 1141.8072704212539, 'b09401140': 857.8072704212539})
community cards of this round: ['C6', 'D8', 'S6', 'DA', 'CA']
name: b10505057, hole_card: ['HA', 'C5']
name: b09401140, hole_card: ['HK', 'H5']
Started the round 4
Street "preflop" started. (community card = [])
name: b10505057, hole_card: ['HA', 'C5']
name: b09401140, hole_card: ['HK', 'H5']
"b10505057" declared "fold:0"
"['b09401140']" won the round 4 (stack = {'b10505057': 1136.8072704212539, 'b09401140': 862.8072704212539})
community cards of this round: ['DQ', 'S7', 'CT', 'H7', 'H2']
name: b10505057, hole_card: ['H5', 'D9']
name: b09401140, hole_card: ['CA', 'C9']
Started the round 5
Street "preflop" started. (community card = [])
name: b10505057, hole_card: ['H5', 'D9']
name: b09401140, hole_card: ['CA', 'C9']
"b09401140" declared "fold:0"
"['b10505057']" won the round 5 (stack = {'b10505057': 1141.8072704212539, 'b09401140': 857.8072704212539})
community cards of this round: ['DA', 'ST', 'HK', 'S6', 'HA']
name: b10505057, hole_card: ['S7', 'C6']
name: b09401140, hole_card: ['S4', 'S9']
Started the round 6
Street "preflop" started. (community card = [])
name: b10505057, hole_card: ['S7', 'C6']
name: b09401140, hole_card: ['S4', 'S9']
"b10505057" declared "fold:0"
"['b09401140']" won the round 6 (stack = {'b10505057': 1136.8072704212539, 'b09401140': 862.8072704212539})
community cards of this round: ['H2', 'DT', 'SA', 'H6', 'S7']
name: b10505057, hole_card: ['D7', 'CJ']
name: b09401140, hole_card: ['SJ', 'HT']
Started the round 7
Street "preflop" started. (community card = [])
name: b10505057, hole_card: ['D7', 'CJ']
name: b09401140, hole_card: ['SJ', 'HT']
"b09401140" declared "call:10"
name: b10505057, hole_card: ['D7', 'CJ']
name: b09401140, hole_card: ['SJ', 'HT']
"b10505057" declared "fold:0"
"['b09401140']" won the round 7 (stack = {'b10505057': 1126.8072704212539, 'b09401140': 872.8072704212539})
community cards of this round: ['H8', 'D6', 'C4', 'HJ', 'S4']
name: b10505057, hole_card: ['S6', 'SJ']
name: b09401140, hole_card: ['D3', 'CK']
Started the round 8
Street "preflop" started. (community card = [])
name: b10505057, hole_card: ['S6', 'SJ']
name: b09401140, hole_card: ['D3', 'CK']
"b10505057" declared "fold:0"
"['b09401140']" won the round 8 (stack = {'b10505057': 1121.8072704212539, 'b09401140': 877.8072704212539})
community cards of this round: ['D2', 'HK', 'H9', 'H4', 'H6']
name: b10505057, hole_card: ['DK', 'CT']
name: b09401140, hole_card: ['C2', 'C3']
Started the round 9
Street "preflop" started. (community card = [])
name: b10505057, hole_card: ['DK', 'CT']
name: b09401140, hole_card: ['C2', 'C3']
"b09401140" declared "fold:0"
"['b10505057']" won the round 9 (stack = {'b10505057': 1126.8072704212539, 'b09401140': 872.8072704212539})
community cards of this round: ['SK', 'C3', 'D2', 'CJ', 'D9']
name: b10505057, hole_card: ['CA', 'DJ']
name: b09401140, hole_card: ['DT', 'H8']
Started the round 10
Street "preflop" started. (community card = [])
name: b10505057, hole_card: ['CA', 'DJ']
name: b09401140, hole_card: ['DT', 'H8']
"b10505057" declared "fold:0"
"['b09401140']" won the round 10 (stack = {'b10505057': 1121.8072704212539, 'b09401140': 877.8072704212539})
community cards of this round: ['CJ', 'DQ', 'S4', 'D5', 'H4']
name: b10505057, hole_card: ['D9', 'H3']
name: b09401140, hole_card: ['S2', 'H5']
Started the round 11
Street "preflop" started. (community card = [])
name: b10505057, hole_card: ['D9', 'H3']
name: b09401140, hole_card: ['S2', 'H5']
"b09401140" declared "call:10"
name: b10505057, hole_card: ['D9', 'H3']
name: b09401140, hole_card: ['S2', 'H5']
"b10505057" declared "fold:0"
"['b09401140']" won the round 11 (stack = {'b10505057': 1111.8072704212539, 'b09401140': 887.8072704212539})
community cards of this round: ['SQ', 'S4', 'S6', 'HA', 'D4']
name: b10505057, hole_card: ['S3', 'DA']
name: b09401140, hole_card: ['C2', 'HK']
Started the round 12
Street "preflop" started. (community card = [])
name: b10505057, hole_card: ['S3', 'DA']
name: b09401140, hole_card: ['C2', 'HK']
"b10505057" declared "fold:0"
"['b09401140']" won the round 12 (stack = {'b10505057': 1106.8072704212539, 'b09401140': 892.8072704212539})
community cards of this round: ['D6', 'HQ', 'C5', 'S3', 'H3']
name: b10505057, hole_card: ['D2', 'S6']
name: b09401140, hole_card: ['CQ', 'C9']
Started the round 13
Street "preflop" started. (community card = [])
name: b10505057, hole_card: ['D2', 'S6']
name: b09401140, hole_card: ['CQ', 'C9']
"b09401140" declared "fold:0"
"['b10505057']" won the round 13 (stack = {'b10505057': 1111.8072704212539, 'b09401140': 887.8072704212539})
community cards of this round: ['HT', 'HA', 'H9', 'D3', 'D7']
name: b10505057, hole_card: ['DQ', 'C8']
name: b09401140, hole_card: ['H6', 'SQ']
Started the round 14
Street "preflop" started. (community card = [])
name: b10505057, hole_card: ['DQ', 'C8']
name: b09401140, hole_card: ['H6', 'SQ']
"b10505057" declared "fold:0"
"['b09401140']" won the round 14 (stack = {'b10505057': 1106.8072704212539, 'b09401140': 892.8072704212539})
community cards of this round: ['S2', 'CQ', 'S9', 'CT', 'C8']
name: b10505057, hole_card: ['S8', 'CK']
name: b09401140, hole_card: ['C9', 'HK']
Started the round 15
Street "preflop" started. (community card = [])
name: b10505057, hole_card: ['S8', 'CK']
name: b09401140, hole_card: ['C9', 'HK']
"b09401140" declared "call:10"
name: b10505057, hole_card: ['S8', 'CK']
name: b09401140, hole_card: ['C9', 'HK']
"b10505057" declared "fold:0"
"['b09401140']" won the round 15 (stack = {'b10505057': 1096.8072704212539, 'b09401140': 902.8072704212539})
community cards of this round: ['C8', 'HJ', 'C4', 'SK', 'D4']
name: b10505057, hole_card: ['C2', 'C5']
name: b09401140, hole_card: ['CJ', 'C7']
Started the round 16
Street "preflop" started. (community card = [])
name: b10505057, hole_card: ['C2', 'C5']
name: b09401140, hole_card: ['CJ', 'C7']
"b10505057" declared "fold:0"
"['b09401140']" won the round 16 (stack = {'b10505057': 1091.8072704212539, 'b09401140': 907.8072704212539})
community cards of this round: ['CT', 'S2', 'DK', 'SK', 'ST']
name: b10505057, hole_card: ['CQ', 'D9']
name: b09401140, hole_card: ['H4', 'C3']
Started the round 17
Street "preflop" started. (community card = [])
name: b10505057, hole_card: ['CQ', 'D9']
name: b09401140, hole_card: ['H4', 'C3']
"b09401140" declared "call:10"
name: b10505057, hole_card: ['CQ', 'D9']
name: b09401140, hole_card: ['H4', 'C3']
"b10505057" declared "fold:0"
"['b09401140']" won the round 17 (stack = {'b10505057': 1081.8072704212539, 'b09401140': 917.8072704212539})
community cards of this round: ['DJ', 'S6', 'S5', 'C3', 'H6']
name: b10505057, hole_card: ['C9', 'C5']
name: b09401140, hole_card: ['H8', 'S7']
Started the round 18
Street "preflop" started. (community card = [])
name: b10505057, hole_card: ['C9', 'C5']
name: b09401140, hole_card: ['H8', 'S7']
"b10505057" declared "fold:0"
"['b09401140']" won the round 18 (stack = {'b10505057': 1076.8072704212539, 'b09401140': 922.8072704212539})
community cards of this round: ['C5', 'SK', 'H8', 'D3', 'DK']
name: b10505057, hole_card: ['S6', 'D8']
name: b09401140, hole_card: ['S2', 'HK']
Started the round 19
Street "preflop" started. (community card = [])
name: b10505057, hole_card: ['S6', 'D8']
name: b09401140, hole_card: ['S2', 'HK']
"b09401140" declared "raise:15"
name: b10505057, hole_card: ['S6', 'D8']
name: b09401140, hole_card: ['S2', 'HK']
"b10505057" declared "fold:0"
"['b09401140']" won the round 19 (stack = {'b10505057': 1066.8072704212539, 'b09401140': 932.8072704212539})
community cards of this round: ['D7', 'C6', 'H2', 'HK', 'S8']
name: b10505057, hole_card: ['D2', 'C4']
name: b09401140, hole_card: ['D5', 'DT']
Started the round 20
Street "preflop" started. (community card = [])
name: b10505057, hole_card: ['D2', 'C4']
name: b09401140, hole_card: ['D5', 'DT']
"b10505057" declared "fold:0"
"['b09401140']" won the round 20 (stack = {'b10505057': 1061.8072704212539, 'b09401140': 937.8072704212539})
b09401140 vs b10505057 - Game 1: {'rule': {'initial_stack': 1000, 'max_round': 20, 'small_blind_amount': 5, 'ante': 0, 'blind_structure': {}}, 'players': [{'name': 'b10505057', 'uuid': 'ypvyhpxbwgpbjiilsktqhb', 'stack': 1061.8072704212539, 'state': 'participating'}, {'name': 'b09401140', 'uuid': 'fluwrwsieunedafizhqjjy', 'stack': 937.8072704212539, 'state': 'participating'}]}
community cards of this round: ['S5', 'SA', 'D3', 'SJ', 'D6']
name: b09401140, hole_card: ['CQ', 'DK']
name: b10505057, hole_card: ['HT', 'C7']
Started the round 1
Street "preflop" started. (community card = [])
name: b09401140, hole_card: ['CQ', 'DK']
name: b10505057, hole_card: ['HT', 'C7']
"b10505057" declared "call:10"
name: b09401140, hole_card: ['CQ', 'DK']
name: b10505057, hole_card: ['HT', 'C7']
"b09401140" declared "fold:0"
"['b10505057']" won the round 1 (stack = {'b09401140': 990, 'b10505057': 1010})
community cards of this round: ['D5', 'DQ', 'DK', 'C8', 'H4']
name: b09401140, hole_card: ['D8', 'H2']
name: b10505057, hole_card: ['HQ', 'SJ']
Started the round 2
Street "preflop" started. (community card = [])
name: b09401140, hole_card: ['D8', 'H2']
name: b10505057, hole_card: ['HQ', 'SJ']
"b09401140" declared "call:10"
name: b09401140, hole_card: ['D8', 'H2']
name: b10505057, hole_card: ['HQ', 'SJ']
"b10505057" declared "call:10"
Street "flop" started. (community card = ['D5', 'DQ', 'DK'])
name: b09401140, hole_card: ['D8', 'H2']
name: b10505057, hole_card: ['HQ', 'SJ']
"b09401140" declared "call:0"
name: b09401140, hole_card: ['D8', 'H2']
name: b10505057, hole_card: ['HQ', 'SJ']
"b10505057" declared "raise:146.30112216106295"
name: b09401140, hole_card: ['D8', 'H2']
name: b10505057, hole_card: ['HQ', 'SJ']
"b09401140" declared "fold:0"
"['b10505057']" won the round 2 (stack = {'b09401140': 980, 'b10505057': 1019.698877838937})
community cards of this round: ['CA', 'C2', 'DJ', 'C4', 'H4']
name: b09401140, hole_card: ['HT', 'S7']
name: b10505057, hole_card: ['SK', 'S6']
Started the round 3
Street "preflop" started. (community card = [])
name: b09401140, hole_card: ['HT', 'S7']
name: b10505057, hole_card: ['SK', 'S6']
"b10505057" declared "call:10"
name: b09401140, hole_card: ['HT', 'S7']
name: b10505057, hole_card: ['SK', 'S6']
"b09401140" declared "fold:0"
"['b10505057']" won the round 3 (stack = {'b09401140': 970, 'b10505057': 1029.698877838937})
community cards of this round: ['C6', 'D8', 'S6', 'DA', 'CA']
name: b09401140, hole_card: ['HA', 'C5']
name: b10505057, hole_card: ['HK', 'H5']
Started the round 4
Street "preflop" started. (community card = [])
name: b09401140, hole_card: ['HA', 'C5']
name: b10505057, hole_card: ['HK', 'H5']
"b09401140" declared "fold:0"
"['b10505057']" won the round 4 (stack = {'b09401140': 965, 'b10505057': 1034.698877838937})
community cards of this round: ['DQ', 'S7', 'CT', 'H7', 'H2']
name: b09401140, hole_card: ['H5', 'D9']
name: b10505057, hole_card: ['CA', 'C9']
Started the round 5
Street "preflop" started. (community card = [])
name: b09401140, hole_card: ['H5', 'D9']
name: b10505057, hole_card: ['CA', 'C9']
"b10505057" declared "raise:209.08895678542797"
name: b09401140, hole_card: ['H5', 'D9']
name: b10505057, hole_card: ['CA', 'C9']
"b09401140" declared "call:209.08895678542797"
Street "flop" started. (community card = ['DQ', 'S7', 'CT'])
name: b09401140, hole_card: ['H5', 'D9']
name: b10505057, hole_card: ['CA', 'C9']
"b10505057" declared "call:0"
name: b09401140, hole_card: ['H5', 'D9']
name: b10505057, hole_card: ['CA', 'C9']
"b09401140" declared "raise:10"
name: b09401140, hole_card: ['H5', 'D9']
name: b10505057, hole_card: ['CA', 'C9']
"b10505057" declared "call:10"
Street "turn" started. (community card = ['DQ', 'S7', 'CT', 'H7'])
name: b09401140, hole_card: ['H5', 'D9']
name: b10505057, hole_card: ['CA', 'C9']
"b10505057" declared "call:0"
name: b09401140, hole_card: ['H5', 'D9']
name: b10505057, hole_card: ['CA', 'C9']
"b09401140" declared "fold:0"
"['b10505057']" won the round 5 (stack = {'b09401140': 745.911043214572, 'b10505057': 1253.609921053509})
community cards of this round: ['DA', 'ST', 'HK', 'S6', 'HA']
name: b09401140, hole_card: ['S7', 'C6']
name: b10505057, hole_card: ['S4', 'S9']
Started the round 6
Street "preflop" started. (community card = [])
name: b09401140, hole_card: ['S7', 'C6']
name: b10505057, hole_card: ['S4', 'S9']
"b09401140" declared "fold:0"
"['b10505057']" won the round 6 (stack = {'b09401140': 740.911043214572, 'b10505057': 1258.609921053509})
community cards of this round: ['H2', 'DT', 'SA', 'H6', 'S7']
name: b09401140, hole_card: ['D7', 'CJ']
name: b10505057, hole_card: ['SJ', 'HT']
Started the round 7
Street "preflop" started. (community card = [])
name: b09401140, hole_card: ['D7', 'CJ']
name: b10505057, hole_card: ['SJ', 'HT']
"b10505057" declared "fold:0"
"['b09401140']" won the round 7 (stack = {'b09401140': 745.911043214572, 'b10505057': 1253.609921053509})
community cards of this round: ['H8', 'D6', 'C4', 'HJ', 'S4']
name: b09401140, hole_card: ['S6', 'SJ']
name: b10505057, hole_card: ['D3', 'CK']
Started the round 8
Street "preflop" started. (community card = [])
name: b09401140, hole_card: ['S6', 'SJ']
name: b10505057, hole_card: ['D3', 'CK']
"b09401140" declared "raise:15"
name: b09401140, hole_card: ['S6', 'SJ']
name: b10505057, hole_card: ['D3', 'CK']
"b10505057" declared "fold:0"
"['b09401140']" won the round 8 (stack = {'b09401140': 755.911043214572, 'b10505057': 1243.609921053509})
community cards of this round: ['D2', 'HK', 'H9', 'H4', 'H6']
name: b09401140, hole_card: ['DK', 'CT']
name: b10505057, hole_card: ['C2', 'C3']
Started the round 9
Street "preflop" started. (community card = [])
name: b09401140, hole_card: ['DK', 'CT']
name: b10505057, hole_card: ['C2', 'C3']
"b10505057" declared "fold:0"
"['b09401140']" won the round 9 (stack = {'b09401140': 760.911043214572, 'b10505057': 1238.609921053509})
community cards of this round: ['SK', 'C3', 'D2', 'CJ', 'D9']
name: b09401140, hole_card: ['CA', 'DJ']
name: b10505057, hole_card: ['DT', 'H8']
Started the round 10
Street "preflop" started. (community card = [])
name: b09401140, hole_card: ['CA', 'DJ']
name: b10505057, hole_card: ['DT', 'H8']
"b09401140" declared "fold:0"
"['b10505057']" won the round 10 (stack = {'b09401140': 755.911043214572, 'b10505057': 1243.609921053509})
community cards of this round: ['CJ', 'DQ', 'S4', 'D5', 'H4']
name: b09401140, hole_card: ['D9', 'H3']
name: b10505057, hole_card: ['S2', 'H5']
Started the round 11
Street "preflop" started. (community card = [])
name: b09401140, hole_card: ['D9', 'H3']
name: b10505057, hole_card: ['S2', 'H5']
"b10505057" declared "fold:0"
"['b09401140']" won the round 11 (stack = {'b09401140': 760.911043214572, 'b10505057': 1238.609921053509})
community cards of this round: ['SQ', 'S4', 'S6', 'HA', 'D4']
name: b09401140, hole_card: ['S3', 'DA']
name: b10505057, hole_card: ['C2', 'HK']
Started the round 12
Street "preflop" started. (community card = [])
name: b09401140, hole_card: ['S3', 'DA']
name: b10505057, hole_card: ['C2', 'HK']
"b09401140" declared "raise:15"
name: b09401140, hole_card: ['S3', 'DA']
name: b10505057, hole_card: ['C2', 'HK']
"b10505057" declared "fold:0"
"['b09401140']" won the round 12 (stack = {'b09401140': 770.911043214572, 'b10505057': 1228.609921053509})
community cards of this round: ['D6', 'HQ', 'C5', 'S3', 'H3']
name: b09401140, hole_card: ['D2', 'S6']
name: b10505057, hole_card: ['CQ', 'C9']
Started the round 13
Street "preflop" started. (community card = [])
name: b09401140, hole_card: ['D2', 'S6']
name: b10505057, hole_card: ['CQ', 'C9']
"b10505057" declared "fold:0"
"['b09401140']" won the round 13 (stack = {'b09401140': 775.911043214572, 'b10505057': 1223.609921053509})
community cards of this round: ['HT', 'HA', 'H9', 'D3', 'D7']
name: b09401140, hole_card: ['DQ', 'C8']
name: b10505057, hole_card: ['H6', 'SQ']
Started the round 14
Street "preflop" started. (community card = [])
name: b09401140, hole_card: ['DQ', 'C8']
name: b10505057, hole_card: ['H6', 'SQ']
"b09401140" declared "fold:0"
"['b10505057']" won the round 14 (stack = {'b09401140': 770.911043214572, 'b10505057': 1228.609921053509})
community cards of this round: ['S2', 'CQ', 'S9', 'CT', 'C8']
name: b09401140, hole_card: ['S8', 'CK']
name: b10505057, hole_card: ['C9', 'HK']
Started the round 15
Street "preflop" started. (community card = [])
name: b09401140, hole_card: ['S8', 'CK']
name: b10505057, hole_card: ['C9', 'HK']
"b10505057" declared "fold:0"
"['b09401140']" won the round 15 (stack = {'b09401140': 775.911043214572, 'b10505057': 1223.609921053509})
community cards of this round: ['C8', 'HJ', 'C4', 'SK', 'D4']
name: b09401140, hole_card: ['C2', 'C5']
name: b10505057, hole_card: ['CJ', 'C7']
Started the round 16
Street "preflop" started. (community card = [])
name: b09401140, hole_card: ['C2', 'C5']
name: b10505057, hole_card: ['CJ', 'C7']
"b09401140" declared "fold:0"
"['b10505057']" won the round 16 (stack = {'b09401140': 770.911043214572, 'b10505057': 1228.609921053509})
community cards of this round: ['CT', 'S2', 'DK', 'SK', 'ST']
name: b09401140, hole_card: ['CQ', 'D9']
name: b10505057, hole_card: ['H4', 'C3']
Started the round 17
Street "preflop" started. (community card = [])
name: b09401140, hole_card: ['CQ', 'D9']
name: b10505057, hole_card: ['H4', 'C3']
"b10505057" declared "fold:0"
"['b09401140']" won the round 17 (stack = {'b09401140': 775.911043214572, 'b10505057': 1223.609921053509})
community cards of this round: ['DJ', 'S6', 'S5', 'C3', 'H6']
name: b09401140, hole_card: ['C9', 'C5']
name: b10505057, hole_card: ['H8', 'S7']
Started the round 18
Street "preflop" started. (community card = [])
name: b09401140, hole_card: ['C9', 'C5']
name: b10505057, hole_card: ['H8', 'S7']
"b09401140" declared "raise:15"
name: b09401140, hole_card: ['C9', 'C5']
name: b10505057, hole_card: ['H8', 'S7']
"b10505057" declared "fold:0"
"['b09401140']" won the round 18 (stack = {'b09401140': 785.911043214572, 'b10505057': 1213.609921053509})
community cards of this round: ['C5', 'SK', 'H8', 'D3', 'DK']
name: b09401140, hole_card: ['S6', 'D8']
name: b10505057, hole_card: ['S2', 'HK']
Started the round 19
Street "preflop" started. (community card = [])
name: b09401140, hole_card: ['S6', 'D8']
name: b10505057, hole_card: ['S2', 'HK']
"b10505057" declared "fold:0"
"['b09401140']" won the round 19 (stack = {'b09401140': 790.911043214572, 'b10505057': 1208.609921053509})
community cards of this round: ['D7', 'C6', 'H2', 'HK', 'S8']
name: b09401140, hole_card: ['D2', 'C4']
name: b10505057, hole_card: ['D5', 'DT']
Started the round 20
Street "preflop" started. (community card = [])
name: b09401140, hole_card: ['D2', 'C4']
name: b10505057, hole_card: ['D5', 'DT']
"b09401140" declared "fold:0"
"['b10505057']" won the round 20 (stack = {'b09401140': 785.911043214572, 'b10505057': 1213.609921053509})
b09401140 vs b10505057 - Game 2: {'rule': {'initial_stack': 1000, 'max_round': 20, 'small_blind_amount': 5, 'ante': 0, 'blind_structure': {}}, 'players': [{'name': 'b09401140', 'uuid': 'mofoujtpmkzczlxrpqrgfh', 'stack': 785.911043214572, 'state': 'participating'}, {'name': 'b10505057', 'uuid': 'jwnxfgsblfxggpvzrdbaez', 'stack': 1213.609921053509, 'state': 'participating'}]}
community cards of this round: ['DQ', 'HK', 'CK', 'D9', 'S3']
name: b10505057, hole_card: ['HQ', 'DA']
name: b09401140, hole_card: ['D2', 'C4']
Started the round 1
Street "preflop" started. (community card = [])
name: b10505057, hole_card: ['HQ', 'DA']
name: b09401140, hole_card: ['D2', 'C4']
"b09401140" declared "call:10"
name: b10505057, hole_card: ['HQ', 'DA']
name: b09401140, hole_card: ['D2', 'C4']
"b10505057" declared "raise:196.19526337018763"
name: b10505057, hole_card: ['HQ', 'DA']
name: b09401140, hole_card: ['D2', 'C4']
"b09401140" declared "fold:0"
"['b10505057']" won the round 1 (stack = {'b10505057': 1009.8047366298124, 'b09401140': 990})
community cards of this round: ['C5', 'H4', 'C3', 'CQ', 'D3']
name: b10505057, hole_card: ['DQ', 'DK']
name: b09401140, hole_card: ['C9', 'DJ']
Started the round 2
Street "preflop" started. (community card = [])
name: b10505057, hole_card: ['DQ', 'DK']
name: b09401140, hole_card: ['C9', 'DJ']
"b10505057" declared "raise:137.17170327103108"
name: b10505057, hole_card: ['DQ', 'DK']
name: b09401140, hole_card: ['C9', 'DJ']
"b09401140" declared "raise:264.34340654206216"
name: b10505057, hole_card: ['DQ', 'DK']
name: b09401140, hole_card: ['C9', 'DJ']
"b10505057" declared "raise:503.7894081693059"
name: b10505057, hole_card: ['DQ', 'DK']
name: b09401140, hole_card: ['C9', 'DJ']
"b09401140" declared "call:503.7894081693059"
Street "flop" started. (community card = ['C5', 'H4', 'C3'])
name: b10505057, hole_card: ['DQ', 'DK']
name: b09401140, hole_card: ['C9', 'DJ']
"b10505057" declared "call:0"
name: b10505057, hole_card: ['DQ', 'DK']
name: b09401140, hole_card: ['C9', 'DJ']
"b09401140" declared "fold:0"
"['b10505057']" won the round 2 (stack = {'b10505057': 1513.0153284605065, 'b09401140': 486.21059183069406})
community cards of this round: ['H4', 'C4', 'HK', 'H3', 'D5']
name: b10505057, hole_card: ['DJ', 'CT']
name: b09401140, hole_card: ['HA', 'S5']
Started the round 3
Street "preflop" started. (community card = [])
name: b10505057, hole_card: ['DJ', 'CT']
name: b09401140, hole_card: ['HA', 'S5']
"b09401140" declared "fold:0"
"['b10505057']" won the round 3 (stack = {'b10505057': 1518.0153284605065, 'b09401140': 481.21059183069406})
community cards of this round: ['D8', 'SJ', 'S8', 'HT', 'CA']
name: b10505057, hole_card: ['SQ', 'C4']
name: b09401140, hole_card: ['S9', 'SA']
Started the round 4
Street "preflop" started. (community card = [])
name: b10505057, hole_card: ['SQ', 'C4']
name: b09401140, hole_card: ['S9', 'SA']
"b10505057" declared "fold:0"
"['b09401140']" won the round 4 (stack = {'b10505057': 1513.0153284605065, 'b09401140': 486.21059183069406})
community cards of this round: ['DT', 'CQ', 'DJ', 'HT', 'DA']
name: b10505057, hole_card: ['HQ', 'D8']
name: b09401140, hole_card: ['S5', 'CJ']
Started the round 5
Street "preflop" started. (community card = [])
name: b10505057, hole_card: ['HQ', 'D8']
name: b09401140, hole_card: ['S5', 'CJ']
"b09401140" declared "fold:0"
"['b10505057']" won the round 5 (stack = {'b10505057': 1518.0153284605065, 'b09401140': 481.21059183069406})
community cards of this round: ['HT', 'C8', 'CA', 'HQ', 'C9']
name: b10505057, hole_card: ['SJ', 'CK']
name: b09401140, hole_card: ['S8', 'DT']
Started the round 6
Street "preflop" started. (community card = [])
name: b10505057, hole_card: ['SJ', 'CK']
name: b09401140, hole_card: ['S8', 'DT']
"b10505057" declared "fold:0"
"['b09401140']" won the round 6 (stack = {'b10505057': 1513.0153284605065, 'b09401140': 486.21059183069406})
community cards of this round: ['DA', 'H7', 'H5', 'D6', 'C8']
name: b10505057, hole_card: ['C6', 'SJ']
name: b09401140, hole_card: ['HT', 'H6']
Started the round 7
Street "preflop" started. (community card = [])
name: b10505057, hole_card: ['C6', 'SJ']
name: b09401140, hole_card: ['HT', 'H6']
"b09401140" declared "call:10"
name: b10505057, hole_card: ['C6', 'SJ']
name: b09401140, hole_card: ['HT', 'H6']
"b10505057" declared "fold:0"
"['b09401140']" won the round 7 (stack = {'b10505057': 1503.0153284605065, 'b09401140': 496.21059183069406})
community cards of this round: ['CT', 'DA', 'C2', 'D5', 'HK']
name: b10505057, hole_card: ['HA', 'HQ']
name: b09401140, hole_card: ['HT', 'C4']
Started the round 8
Street "preflop" started. (community card = [])
name: b10505057, hole_card: ['HA', 'HQ']
name: b09401140, hole_card: ['HT', 'C4']
"b10505057" declared "fold:0"
"['b09401140']" won the round 8 (stack = {'b10505057': 1498.0153284605065, 'b09401140': 501.21059183069406})
community cards of this round: ['C8', 'ST', 'S6', 'DJ', 'C5']
name: b10505057, hole_card: ['HK', 'C6']
name: b09401140, hole_card: ['D6', 'SJ']
Started the round 9
Street "preflop" started. (community card = [])
name: b10505057, hole_card: ['HK', 'C6']
name: b09401140, hole_card: ['D6', 'SJ']
"b09401140" declared "fold:0"
"['b10505057']" won the round 9 (stack = {'b10505057': 1503.0153284605065, 'b09401140': 496.21059183069406})
community cards of this round: ['DA', 'H4', 'C5', 'HK', 'C3']
name: b10505057, hole_card: ['D2', 'CA']
name: b09401140, hole_card: ['D6', 'S2']
Started the round 10
Street "preflop" started. (community card = [])
name: b10505057, hole_card: ['D2', 'CA']
name: b09401140, hole_card: ['D6', 'S2']
"b10505057" declared "fold:0"
"['b09401140']" won the round 10 (stack = {'b10505057': 1498.0153284605065, 'b09401140': 501.21059183069406})
community cards of this round: ['DT', 'CA', 'CT', 'HQ', 'D4']
name: b10505057, hole_card: ['S4', 'CJ']
name: b09401140, hole_card: ['CK', 'DJ']
Started the round 11
Street "preflop" started. (community card = [])
name: b10505057, hole_card: ['S4', 'CJ']
name: b09401140, hole_card: ['CK', 'DJ']
"b09401140" declared "raise:15"
name: b10505057, hole_card: ['S4', 'CJ']
name: b09401140, hole_card: ['CK', 'DJ']
"b10505057" declared "fold:0"
"['b09401140']" won the round 11 (stack = {'b10505057': 1488.0153284605065, 'b09401140': 511.21059183069406})
community cards of this round: ['H5', 'CQ', 'H6', 'D2', 'D5']
name: b10505057, hole_card: ['CK', 'H3']
name: b09401140, hole_card: ['HT', 'D3']
Started the round 12
Street "preflop" started. (community card = [])
name: b10505057, hole_card: ['CK', 'H3']
name: b09401140, hole_card: ['HT', 'D3']
"b10505057" declared "fold:0"
"['b09401140']" won the round 12 (stack = {'b10505057': 1483.0153284605065, 'b09401140': 516.210591830694})
community cards of this round: ['D3', 'S8', 'HA', 'C3', 'HQ']
name: b10505057, hole_card: ['S3', 'H2']
name: b09401140, hole_card: ['S9', 'DQ']
Started the round 13
Street "preflop" started. (community card = [])
name: b10505057, hole_card: ['S3', 'H2']
name: b09401140, hole_card: ['S9', 'DQ']
"b09401140" declared "call:10"
name: b10505057, hole_card: ['S3', 'H2']
name: b09401140, hole_card: ['S9', 'DQ']
"b10505057" declared "fold:0"
"['b09401140']" won the round 13 (stack = {'b10505057': 1473.0153284605065, 'b09401140': 526.210591830694})
community cards of this round: ['D5', 'S2', 'D2', 'D8', 'C8']
name: b10505057, hole_card: ['S7', 'DA']
name: b09401140, hole_card: ['D3', 'SA']
Started the round 14
Street "preflop" started. (community card = [])
name: b10505057, hole_card: ['S7', 'DA']
name: b09401140, hole_card: ['D3', 'SA']
"b10505057" declared "fold:0"
"['b09401140']" won the round 14 (stack = {'b10505057': 1468.0153284605065, 'b09401140': 531.210591830694})
community cards of this round: ['SA', 'CQ', 'D6', 'HK', 'H4']
name: b10505057, hole_card: ['C2', 'D3']
name: b09401140, hole_card: ['HT', 'CK']
Started the round 15
Street "preflop" started. (community card = [])
name: b10505057, hole_card: ['C2', 'D3']
name: b09401140, hole_card: ['HT', 'CK']
"b09401140" declared "raise:15"
name: b10505057, hole_card: ['C2', 'D3']
name: b09401140, hole_card: ['HT', 'CK']
"b10505057" declared "fold:0"
"['b09401140']" won the round 15 (stack = {'b10505057': 1458.0153284605065, 'b09401140': 541.210591830694})
community cards of this round: ['SJ', 'DA', 'HT', 'C2', 'S7']
name: b10505057, hole_card: ['H8', 'HK']
name: b09401140, hole_card: ['SK', 'C6']
Started the round 16
Street "preflop" started. (community card = [])
name: b10505057, hole_card: ['H8', 'HK']
name: b09401140, hole_card: ['SK', 'C6']
"b10505057" declared "fold:0"
"['b09401140']" won the round 16 (stack = {'b10505057': 1453.0153284605065, 'b09401140': 546.210591830694})
community cards of this round: ['C8', 'D7', 'S8', 'S9', 'D3']
name: b10505057, hole_card: ['C9', 'D4']
name: b09401140, hole_card: ['DJ', 'DQ']
Started the round 17
Street "preflop" started. (community card = [])
name: b10505057, hole_card: ['C9', 'D4']
name: b09401140, hole_card: ['DJ', 'DQ']
"b09401140" declared "fold:0"
"['b10505057']" won the round 17 (stack = {'b10505057': 1458.0153284605065, 'b09401140': 541.210591830694})
community cards of this round: ['SJ', 'D7', 'HQ', 'SA', 'C6']
name: b10505057, hole_card: ['C4', 'DT']
name: b09401140, hole_card: ['C2', 'H4']
Started the round 18
Street "preflop" started. (community card = [])
name: b10505057, hole_card: ['C4', 'DT']
name: b09401140, hole_card: ['C2', 'H4']
"b10505057" declared "fold:0"
"['b09401140']" won the round 18 (stack = {'b10505057': 1453.0153284605065, 'b09401140': 546.210591830694})
community cards of this round: ['H2', 'C8', 'DA', 'S9', 'DT']
name: b10505057, hole_card: ['SK', 'S5']
name: b09401140, hole_card: ['CA', 'D3']
Started the round 19
Street "preflop" started. (community card = [])
name: b10505057, hole_card: ['SK', 'S5']
name: b09401140, hole_card: ['CA', 'D3']
"b09401140" declared "fold:0"
"['b10505057']" won the round 19 (stack = {'b10505057': 1458.0153284605065, 'b09401140': 541.210591830694})
community cards of this round: ['S5', 'D9', 'HA', 'DT', 'CK']
name: b10505057, hole_card: ['S7', 'DQ']
name: b09401140, hole_card: ['D3', 'S2']
Started the round 20
Street "preflop" started. (community card = [])
name: b10505057, hole_card: ['S7', 'DQ']
name: b09401140, hole_card: ['D3', 'S2']
"b10505057" declared "fold:0"
"['b09401140']" won the round 20 (stack = {'b10505057': 1453.0153284605065, 'b09401140': 546.210591830694})
b09401140 vs b10505057 - Game 3: {'rule': {'initial_stack': 1000, 'max_round': 20, 'small_blind_amount': 5, 'ante': 0, 'blind_structure': {}}, 'players': [{'name': 'b10505057', 'uuid': 'juxheejojfieysiidoghif', 'stack': 1453.0153284605065, 'state': 'participating'}, {'name': 'b09401140', 'uuid': 'xmjshjvzqpngxzcrgitljt', 'stack': 546.210591830694, 'state': 'participating'}]}
community cards of this round: ['DQ', 'HK', 'CK', 'D9', 'S3']
name: b09401140, hole_card: ['HQ', 'DA']
name: b10505057, hole_card: ['D2', 'C4']
Started the round 1
Street "preflop" started. (community card = [])
name: b09401140, hole_card: ['HQ', 'DA']
name: b10505057, hole_card: ['D2', 'C4']
"b10505057" declared "fold:0"
"['b09401140']" won the round 1 (stack = {'b09401140': 1005, 'b10505057': 995})
community cards of this round: ['C5', 'H4', 'C3', 'CQ', 'D3']
name: b09401140, hole_card: ['DQ', 'DK']
name: b10505057, hole_card: ['C9', 'DJ']
Started the round 2
Street "preflop" started. (community card = [])
name: b09401140, hole_card: ['DQ', 'DK']
name: b10505057, hole_card: ['C9', 'DJ']
"b09401140" declared "call:10"
name: b09401140, hole_card: ['DQ', 'DK']
name: b10505057, hole_card: ['C9', 'DJ']
"b10505057" declared "call:10"
Street "flop" started. (community card = ['C5', 'H4', 'C3'])
name: b09401140, hole_card: ['DQ', 'DK']
name: b10505057, hole_card: ['C9', 'DJ']
"b09401140" declared "raise:10"
name: b09401140, hole_card: ['DQ', 'DK']
name: b10505057, hole_card: ['C9', 'DJ']
"b10505057" declared "fold:10"
"['b09401140']" won the round 2 (stack = {'b09401140': 1015, 'b10505057': 985})
community cards of this round: ['H4', 'C4', 'HK', 'H3', 'D5']
name: b09401140, hole_card: ['DJ', 'CT']
name: b10505057, hole_card: ['HA', 'S5']
Started the round 3
Street "preflop" started. (community card = [])
name: b09401140, hole_card: ['DJ', 'CT']
name: b10505057, hole_card: ['HA', 'S5']
"b10505057" declared "call:10"
name: b09401140, hole_card: ['DJ', 'CT']
name: b10505057, hole_card: ['HA', 'S5']
"b09401140" declared "fold:0"
"['b10505057']" won the round 3 (stack = {'b09401140': 1005, 'b10505057': 995})
community cards of this round: ['D8', 'SJ', 'S8', 'HT', 'CA']
name: b09401140, hole_card: ['SQ', 'C4']
name: b10505057, hole_card: ['S9', 'SA']
Started the round 4
Street "preflop" started. (community card = [])
name: b09401140, hole_card: ['SQ', 'C4']
name: b10505057, hole_card: ['S9', 'SA']
"b09401140" declared "call:10"
name: b09401140, hole_card: ['SQ', 'C4']
name: b10505057, hole_card: ['S9', 'SA']
"b10505057" declared "raise:189.98695340251368"
name: b09401140, hole_card: ['SQ', 'C4']
name: b10505057, hole_card: ['S9', 'SA']
"b09401140" declared "call:189.98695340251368"
Street "flop" started. (community card = ['D8', 'SJ', 'S8'])
name: b09401140, hole_card: ['SQ', 'C4']
name: b10505057, hole_card: ['S9', 'SA']
"b09401140" declared "call:0"
name: b09401140, hole_card: ['SQ', 'C4']
name: b10505057, hole_card: ['S9', 'SA']
"b10505057" declared "raise:90.26198522829162"
name: b09401140, hole_card: ['SQ', 'C4']
name: b10505057, hole_card: ['S9', 'SA']
"b09401140" declared "call:90.26198522829162"
Street "turn" started. (community card = ['D8', 'SJ', 'S8', 'HT'])
name: b09401140, hole_card: ['SQ', 'C4']
name: b10505057, hole_card: ['S9', 'SA']
"b09401140" declared "raise:10"
name: b09401140, hole_card: ['SQ', 'C4']
name: b10505057, hole_card: ['S9', 'SA']
"b10505057" declared "fold:0"
"['b09401140']" won the round 4 (stack = {'b09401140': 1284.7510613691948, 'b10505057': 714.7510613691948})
community cards of this round: ['DT', 'CQ', 'DJ', 'HT', 'DA']
name: b09401140, hole_card: ['HQ', 'D8']
name: b10505057, hole_card: ['S5', 'CJ']
Started the round 5
Street "preflop" started. (community card = [])
name: b09401140, hole_card: ['HQ', 'D8']
name: b10505057, hole_card: ['S5', 'CJ']
"b10505057" declared "call:10"
name: b09401140, hole_card: ['HQ', 'D8']
name: b10505057, hole_card: ['S5', 'CJ']
"b09401140" declared "call:10"
Street "flop" started. (community card = ['DT', 'CQ', 'DJ'])
name: b09401140, hole_card: ['HQ', 'D8']
name: b10505057, hole_card: ['S5', 'CJ']
"b10505057" declared "call:0"
name: b09401140, hole_card: ['HQ', 'D8']
name: b10505057, hole_card: ['S5', 'CJ']
"b09401140" declared "raise:10"
name: b09401140, hole_card: ['HQ', 'D8']
name: b10505057, hole_card: ['S5', 'CJ']
"b10505057" declared "call:10"
Street "turn" started. (community card = ['DT', 'CQ', 'DJ', 'HT'])
name: b09401140, hole_card: ['HQ', 'D8']
name: b10505057, hole_card: ['S5', 'CJ']
"b10505057" declared "call:0"
name: b09401140, hole_card: ['HQ', 'D8']
name: b10505057, hole_card: ['S5', 'CJ']
"b09401140" declared "fold:0"
"['b10505057']" won the round 5 (stack = {'b09401140': 1264.7510613691948, 'b10505057': 734.7510613691948})
community cards of this round: ['HT', 'C8', 'CA', 'HQ', 'C9']
name: b09401140, hole_card: ['SJ', 'CK']
name: b10505057, hole_card: ['S8', 'DT']
Started the round 6
Street "preflop" started. (community card = [])
name: b09401140, hole_card: ['SJ', 'CK']
name: b10505057, hole_card: ['S8', 'DT']
"b09401140" declared "raise:15"
name: b09401140, hole_card: ['SJ', 'CK']
name: b10505057, hole_card: ['S8', 'DT']
"b10505057" declared "call:15"
Street "flop" started. (community card = ['HT', 'C8', 'CA'])
name: b09401140, hole_card: ['SJ', 'CK']
name: b10505057, hole_card: ['S8', 'DT']
"b09401140" declared "fold:0"
"['b10505057']" won the round 6 (stack = {'b09401140': 1249.7510613691948, 'b10505057': 749.7510613691948})
community cards of this round: ['DA', 'H7', 'H5', 'D6', 'C8']
name: b09401140, hole_card: ['C6', 'SJ']
name: b10505057, hole_card: ['HT', 'H6']
Started the round 7
Street "preflop" started. (community card = [])
name: b09401140, hole_card: ['C6', 'SJ']
name: b10505057, hole_card: ['HT', 'H6']
"b10505057" declared "call:10"
name: b09401140, hole_card: ['C6', 'SJ']
name: b10505057, hole_card: ['HT', 'H6']
"b09401140" declared "raise:15"
name: b09401140, hole_card: ['C6', 'SJ']
name: b10505057, hole_card: ['HT', 'H6']
"b10505057" declared "call:15"
Street "flop" started. (community card = ['DA', 'H7', 'H5'])
name: b09401140, hole_card: ['C6', 'SJ']
name: b10505057, hole_card: ['HT', 'H6']
"b10505057" declared "call:0"
name: b09401140, hole_card: ['C6', 'SJ']
name: b10505057, hole_card: ['HT', 'H6']
"b09401140" declared "fold:0"
"['b10505057']" won the round 7 (stack = {'b09401140': 1234.7510613691948, 'b10505057': 764.7510613691948})
community cards of this round: ['CT', 'DA', 'C2', 'D5', 'HK']
name: b09401140, hole_card: ['HA', 'HQ']
name: b10505057, hole_card: ['HT', 'C4']
Started the round 8
Street "preflop" started. (community card = [])
name: b09401140, hole_card: ['HA', 'HQ']
name: b10505057, hole_card: ['HT', 'C4']
"b09401140" declared "call:10"
name: b09401140, hole_card: ['HA', 'HQ']
name: b10505057, hole_card: ['HT', 'C4']
"b10505057" declared "call:10"
Street "flop" started. (community card = ['CT', 'DA', 'C2'])
name: b09401140, hole_card: ['HA', 'HQ']
name: b10505057, hole_card: ['HT', 'C4']
"b09401140" declared "fold:0"
"['b10505057']" won the round 8 (stack = {'b09401140': 1224.7510613691948, 'b10505057': 774.7510613691948})
community cards of this round: ['C8', 'ST', 'S6', 'DJ', 'C5']
name: b09401140, hole_card: ['HK', 'C6']
name: b10505057, hole_card: ['D6', 'SJ']
Started the round 9
Street "preflop" started. (community card = [])
name: b09401140, hole_card: ['HK', 'C6']
name: b10505057, hole_card: ['D6', 'SJ']
"b10505057" declared "call:10"
name: b09401140, hole_card: ['HK', 'C6']
name: b10505057, hole_card: ['D6', 'SJ']
"b09401140" declared "call:10"
Street "flop" started. (community card = ['C8', 'ST', 'S6'])
name: b09401140, hole_card: ['HK', 'C6']
name: b10505057, hole_card: ['D6', 'SJ']
"b10505057" declared "call:0"
name: b09401140, hole_card: ['HK', 'C6']
name: b10505057, hole_card: ['D6', 'SJ']
"b09401140" declared "raise:10"
name: b09401140, hole_card: ['HK', 'C6']
name: b10505057, hole_card: ['D6', 'SJ']
"b10505057" declared "call:10"
Street "turn" started. (community card = ['C8', 'ST', 'S6', 'DJ'])
name: b09401140, hole_card: ['HK', 'C6']
name: b10505057, hole_card: ['D6', 'SJ']
"b10505057" declared "raise:320.0505713991598"
name: b09401140, hole_card: ['HK', 'C6']
name: b10505057, hole_card: ['D6', 'SJ']
"b09401140" declared "raise:640.1011427983196"
name: b09401140, hole_card: ['HK', 'C6']
name: b10505057, hole_card: ['D6', 'SJ']
"b10505057" declared "raise:-1", Invalid action. Treat as fold...
"['b09401140']" won the round 9 (stack = {'b09401140': 1564.6499185708751, 'b10505057': 434.70048997003494})
community cards of this round: ['DA', 'H4', 'C5', 'HK', 'C3']
name: b09401140, hole_card: ['D2', 'CA']
name: b10505057, hole_card: ['D6', 'S2']
Started the round 10
Street "preflop" started. (community card = [])
name: b09401140, hole_card: ['D2', 'CA']
name: b10505057, hole_card: ['D6', 'S2']
"b09401140" declared "raise:15"
name: b09401140, hole_card: ['D2', 'CA']
name: b10505057, hole_card: ['D6', 'S2']
"b10505057" declared "fold:0"
"['b09401140']" won the round 10 (stack = {'b09401140': 1574.6499185708751, 'b10505057': 424.70048997003494})
community cards of this round: ['DT', 'CA', 'CT', 'HQ', 'D4']
name: b09401140, hole_card: ['S4', 'CJ']
name: b10505057, hole_card: ['CK', 'DJ']
Started the round 11
Street "preflop" started. (community card = [])
name: b09401140, hole_card: ['S4', 'CJ']
name: b10505057, hole_card: ['CK', 'DJ']
"b10505057" declared "raise:67.23743937812417"
name: b09401140, hole_card: ['S4', 'CJ']
name: b10505057, hole_card: ['CK', 'DJ']
"b09401140" declared "call:67.23743937812417"
Street "flop" started. (community card = ['DT', 'CA', 'CT'])
name: b09401140, hole_card: ['S4', 'CJ']
name: b10505057, hole_card: ['CK', 'DJ']
"b10505057" declared "raise:45.80594656687173"
name: b09401140, hole_card: ['S4', 'CJ']
name: b10505057, hole_card: ['CK', 'DJ']
"b09401140" declared "fold:0"
"['b10505057']" won the round 11 (stack = {'b09401140': 1507.4124791927509, 'b10505057': 491.657104025039})
community cards of this round: ['H5', 'CQ', 'H6', 'D2', 'D5']
name: b09401140, hole_card: ['CK', 'H3']
name: b10505057, hole_card: ['HT', 'D3']
Started the round 12
Street "preflop" started. (community card = [])
name: b09401140, hole_card: ['CK', 'H3']
name: b10505057, hole_card: ['HT', 'D3']
"b09401140" declared "fold:0"
"['b10505057']" won the round 12 (stack = {'b09401140': 1502.4124791927509, 'b10505057': 496.657104025039})
community cards of this round: ['D3', 'S8', 'HA', 'C3', 'HQ']
name: b09401140, hole_card: ['S3', 'H2']
name: b10505057, hole_card: ['S9', 'DQ']
Started the round 13
Street "preflop" started. (community card = [])
name: b09401140, hole_card: ['S3', 'H2']
name: b10505057, hole_card: ['S9', 'DQ']
"b10505057" declared "call:10"
name: b09401140, hole_card: ['S3', 'H2']
name: b10505057, hole_card: ['S9', 'DQ']
"b09401140" declared "raise:15"
name: b09401140, hole_card: ['S3', 'H2']
name: b10505057, hole_card: ['S9', 'DQ']
"b10505057" declared "call:15"
Street "flop" started. (community card = ['D3', 'S8', 'HA'])
name: b09401140, hole_card: ['S3', 'H2']
name: b10505057, hole_card: ['S9', 'DQ']
"b10505057" declared "call:0"
name: b09401140, hole_card: ['S3', 'H2']
name: b10505057, hole_card: ['S9', 'DQ']
"b09401140" declared "raise:10"
name: b09401140, hole_card: ['S3', 'H2']
name: b10505057, hole_card: ['S9', 'DQ']
"b10505057" declared "fold:0"
"['b09401140']" won the round 13 (stack = {'b09401140': 1517.4124791927509, 'b10505057': 481.657104025039})
community cards of this round: ['D5', 'S2', 'D2', 'D8', 'C8']
name: b09401140, hole_card: ['S7', 'DA']
name: b10505057, hole_card: ['D3', 'SA']
Started the round 14
Street "preflop" started. (community card = [])
name: b09401140, hole_card: ['S7', 'DA']
name: b10505057, hole_card: ['D3', 'SA']
"b09401140" declared "raise:15"
name: b09401140, hole_card: ['S7', 'DA']
name: b10505057, hole_card: ['D3', 'SA']
"b10505057" declared "call:15"
Street "flop" started. (community card = ['D5', 'S2', 'D2'])
name: b09401140, hole_card: ['S7', 'DA']
name: b10505057, hole_card: ['D3', 'SA']
"b09401140" declared "call:0"
name: b09401140, hole_card: ['S7', 'DA']
name: b10505057, hole_card: ['D3', 'SA']
"b10505057" declared "call:0"
Street "turn" started. (community card = ['D5', 'S2', 'D2', 'D8'])
name: b09401140, hole_card: ['S7', 'DA']
name: b10505057, hole_card: ['D3', 'SA']
"b09401140" declared "fold:0"
"['b10505057']" won the round 14 (stack = {'b09401140': 1502.4124791927509, 'b10505057': 496.657104025039})
community cards of this round: ['SA', 'CQ', 'D6', 'HK', 'H4']
name: b09401140, hole_card: ['C2', 'D3']
name: b10505057, hole_card: ['HT', 'CK']
Started the round 15
Street "preflop" started. (community card = [])
name: b09401140, hole_card: ['C2', 'D3']
name: b10505057, hole_card: ['HT', 'CK']
"b10505057" declared "raise:103.42715876558597"
name: b09401140, hole_card: ['C2', 'D3']
name: b10505057, hole_card: ['HT', 'CK']
"b09401140" declared "fold:0"
"['b10505057']" won the round 15 (stack = {'b09401140': 1492.4124791927509, 'b10505057': 506.2299452594531})
community cards of this round: ['SJ', 'DA', 'HT', 'C2', 'S7']
name: b09401140, hole_card: ['H8', 'HK']
name: b10505057, hole_card: ['SK', 'C6']
Started the round 16
Street "preflop" started. (community card = [])
name: b09401140, hole_card: ['H8', 'HK']
name: b10505057, hole_card: ['SK', 'C6']
"b09401140" declared "fold:0"
"['b10505057']" won the round 16 (stack = {'b09401140': 1487.4124791927509, 'b10505057': 511.2299452594531})
community cards of this round: ['C8', 'D7', 'S8', 'S9', 'D3']
name: b09401140, hole_card: ['C9', 'D4']
name: b10505057, hole_card: ['DJ', 'DQ']
Started the round 17
Street "preflop" started. (community card = [])
name: b09401140, hole_card: ['C9', 'D4']
name: b10505057, hole_card: ['DJ', 'DQ']
"b10505057" declared "raise:111.39484221015094"
name: b09401140, hole_card: ['C9', 'D4']
name: b10505057, hole_card: ['DJ', 'DQ']
"b09401140" declared "raise:212.78968442030188"
name: b09401140, hole_card: ['C9', 'D4']
name: b10505057, hole_card: ['DJ', 'DQ']
"b10505057" declared "raise:336.41353137791316"
name: b09401140, hole_card: ['C9', 'D4']
name: b10505057, hole_card: ['DJ', 'DQ']
"b09401140" declared "raise:460.0373783355244"
name: b09401140, hole_card: ['C9', 'D4']
name: b10505057, hole_card: ['DJ', 'DQ']
"b10505057" declared "raise:-1.0", Invalid action. Treat as fold...
"['b09401140']" won the round 17 (stack = {'b09401140': 1823.3751008572265, 'b10505057': 174.81641388153992})
community cards of this round: ['SJ', 'D7', 'HQ', 'SA', 'C6']
name: b09401140, hole_card: ['C4', 'DT']
name: b10505057, hole_card: ['C2', 'H4']
Started the round 18
Street "preflop" started. (community card = [])
name: b09401140, hole_card: ['C4', 'DT']
name: b10505057, hole_card: ['C2', 'H4']
"b09401140" declared "fold:0"
"['b10505057']" won the round 18 (stack = {'b09401140': 1818.3751008572265, 'b10505057': 179.81641388153992})
community cards of this round: ['H2', 'C8', 'DA', 'S9', 'DT']
name: b09401140, hole_card: ['SK', 'S5']
name: b10505057, hole_card: ['CA', 'D3']
Started the round 19
Street "preflop" started. (community card = [])
name: b09401140, hole_card: ['SK', 'S5']
name: b10505057, hole_card: ['CA', 'D3']
"b10505057" declared "call:10"
name: b09401140, hole_card: ['SK', 'S5']
name: b10505057, hole_card: ['CA', 'D3']
"b09401140" declared "fold:0"
"['b10505057']" won the round 19 (stack = {'b09401140': 1808.3751008572265, 'b10505057': 189.81641388153992})
community cards of this round: ['S5', 'D9', 'HA', 'DT', 'CK']
name: b09401140, hole_card: ['S7', 'DQ']
name: b10505057, hole_card: ['D3', 'S2']
Started the round 20
Street "preflop" started. (community card = [])
name: b09401140, hole_card: ['S7', 'DQ']
name: b10505057, hole_card: ['D3', 'S2']
"b09401140" declared "fold:0"
"['b10505057']" won the round 20 (stack = {'b09401140': 1803.3751008572265, 'b10505057': 194.81641388153992})
b09401140 vs b10505057 - Game 4: {'rule': {'initial_stack': 1000, 'max_round': 20, 'small_blind_amount': 5, 'ante': 0, 'blind_structure': {}}, 'players': [{'name': 'b09401140', 'uuid': 'dwrxxaecbqommnqspejsof', 'stack': 1803.3751008572265, 'state': 'participating'}, {'name': 'b10505057', 'uuid': 'ufpfphpxifvewnfffjplcg', 'stack': 194.81641388153992, 'state': 'participating'}]}
community cards of this round: ['S4', 'D7', 'S5', 'HK', 'SA']
name: b10505057, hole_card: ['HA', 'HQ']
name: b09401140, hole_card: ['D4', 'CT']
Started the round 1
Street "preflop" started. (community card = [])
name: b10505057, hole_card: ['HA', 'HQ']
name: b09401140, hole_card: ['D4', 'CT']
"b09401140" declared "raise:15"
name: b10505057, hole_card: ['HA', 'HQ']
name: b09401140, hole_card: ['D4', 'CT']
"b10505057" declared "raise:195.99110819226848"
name: b10505057, hole_card: ['HA', 'HQ']
name: b09401140, hole_card: ['D4', 'CT']
"b09401140" declared "call:195.99110819226848"
Street "flop" started. (community card = ['S4', 'D7', 'S5'])
name: b10505057, hole_card: ['HA', 'HQ']
name: b09401140, hole_card: ['D4', 'CT']
"b09401140" declared "call:0"
name: b10505057, hole_card: ['HA', 'HQ']
name: b09401140, hole_card: ['D4', 'CT']
"b10505057" declared "call:0"
Street "turn" started. (community card = ['S4', 'D7', 'S5', 'HK'])
name: b10505057, hole_card: ['HA', 'HQ']
name: b09401140, hole_card: ['D4', 'CT']
"b09401140" declared "fold:0"
"['b10505057']" won the round 1 (stack = {'b10505057': 1195.0088918077315, 'b09401140': 804.0088918077315})
community cards of this round: ['C3', 'S8', 'H2', 'D7', 'SJ']
name: b10505057, hole_card: ['DT', 'D2']
name: b09401140, hole_card: ['CJ', 'C7']
Started the round 2
Street "preflop" started. (community card = [])
name: b10505057, hole_card: ['DT', 'D2']
name: b09401140, hole_card: ['CJ', 'C7']
"b10505057" declared "fold:0"
"['b09401140']" won the round 2 (stack = {'b10505057': 1190.0088918077315, 'b09401140': 809.0088918077315})
community cards of this round: ['D6', 'H4', 'D3', 'C7', 'C9']
name: b10505057, hole_card: ['DK', 'S8']
name: b09401140, hole_card: ['C2', 'S4']
Started the round 3
Street "preflop" started. (community card = [])
name: b10505057, hole_card: ['DK', 'S8']
name: b09401140, hole_card: ['C2', 'S4']
"b09401140" declared "fold:0"
"['b10505057']" won the round 3 (stack = {'b10505057': 1195.0088918077315, 'b09401140': 804.0088918077315})
community cards of this round: ['ST', 'D3', 'HT', 'S4', 'SQ']
name: b10505057, hole_card: ['H7', 'SA']
name: b09401140, hole_card: ['DA', 'CT']
Started the round 4
Street "preflop" started. (community card = [])
name: b10505057, hole_card: ['H7', 'SA']
name: b09401140, hole_card: ['DA', 'CT']
"b10505057" declared "fold:0"
"['b09401140']" won the round 4 (stack = {'b10505057': 1190.0088918077315, 'b09401140': 809.0088918077315})
community cards of this round: ['C9', 'C8', 'S7', 'DA', 'HJ']
name: b10505057, hole_card: ['D5', 'H9']
name: b09401140, hole_card: ['C2', 'S5']
Started the round 5
Street "preflop" started. (community card = [])
name: b10505057, hole_card: ['D5', 'H9']
name: b09401140, hole_card: ['C2', 'S5']
"b09401140" declared "fold:0"
"['b10505057']" won the round 5 (stack = {'b10505057': 1195.0088918077315, 'b09401140': 804.0088918077315})
community cards of this round: ['D8', 'DA', 'D3', 'C8', 'CT']
name: b10505057, hole_card: ['CQ', 'D7']
name: b09401140, hole_card: ['HT', 'C4']
Started the round 6
Street "preflop" started. (community card = [])
name: b10505057, hole_card: ['CQ', 'D7']
name: b09401140, hole_card: ['HT', 'C4']
"b10505057" declared "fold:0"
"['b09401140']" won the round 6 (stack = {'b10505057': 1190.0088918077315, 'b09401140': 809.0088918077315})
community cards of this round: ['HT', 'CT', 'S4', 'D8', 'H2']
name: b10505057, hole_card: ['S5', 'D5']
name: b09401140, hole_card: ['HK', 'H6']
Started the round 7
Street "preflop" started. (community card = [])
name: b10505057, hole_card: ['S5', 'D5']
name: b09401140, hole_card: ['HK', 'H6']
"b09401140" declared "raise:15"
name: b10505057, hole_card: ['S5', 'D5']
name: b09401140, hole_card: ['HK', 'H6']
"b10505057" declared "fold:0"
"['b09401140']" won the round 7 (stack = {'b10505057': 1180.0088918077315, 'b09401140': 819.0088918077315})
community cards of this round: ['HQ', 'S7', 'C9', 'DA', 'S2']
name: b10505057, hole_card: ['H2', 'S5']
name: b09401140, hole_card: ['H7', 'C2']
Started the round 8
Street "preflop" started. (community card = [])
name: b10505057, hole_card: ['H2', 'S5']
name: b09401140, hole_card: ['H7', 'C2']
"b10505057" declared "fold:0"
"['b09401140']" won the round 8 (stack = {'b10505057': 1175.0088918077315, 'b09401140': 824.0088918077315})
community cards of this round: ['HJ', 'SQ', 'H8', 'S3', 'H7']
name: b10505057, hole_card: ['H9', 'SJ']
name: b09401140, hole_card: ['HA', 'D6']
Started the round 9
Street "preflop" started. (community card = [])
name: b10505057, hole_card: ['H9', 'SJ']
name: b09401140, hole_card: ['HA', 'D6']
"b09401140" declared "fold:0"
"['b10505057']" won the round 9 (stack = {'b10505057': 1180.0088918077315, 'b09401140': 819.0088918077315})
community cards of this round: ['S6', 'HJ', 'ST', 'CQ', 'D5']
name: b10505057, hole_card: ['S3', 'D7']
name: b09401140, hole_card: ['S8', 'SJ']
Started the round 10
Street "preflop" started. (community card = [])
name: b10505057, hole_card: ['S3', 'D7']
name: b09401140, hole_card: ['S8', 'SJ']
"b10505057" declared "fold:0"
"['b09401140']" won the round 10 (stack = {'b10505057': 1175.0088918077315, 'b09401140': 824.0088918077315})
community cards of this round: ['H9', 'CT', 'CK', 'D4', 'DT']
name: b10505057, hole_card: ['SJ', 'H3']
name: b09401140, hole_card: ['S4', 'C4']
Started the round 11
Street "preflop" started. (community card = [])
name: b10505057, hole_card: ['SJ', 'H3']
name: b09401140, hole_card: ['S4', 'C4']
"b09401140" declared "fold:0"
"['b10505057']" won the round 11 (stack = {'b10505057': 1180.0088918077315, 'b09401140': 819.0088918077315})
community cards of this round: ['S7', 'SJ', 'C7', 'C6', 'HA']
name: b10505057, hole_card: ['DT', 'ST']
name: b09401140, hole_card: ['HQ', 'HT']
Started the round 12
Street "preflop" started. (community card = [])
name: b10505057, hole_card: ['DT', 'ST']
name: b09401140, hole_card: ['HQ', 'HT']
"b10505057" declared "fold:0"
"['b09401140']" won the round 12 (stack = {'b10505057': 1175.0088918077315, 'b09401140': 824.0088918077315})
community cards of this round: ['S9', 'C7', 'H7', 'D9', 'SA']
name: b10505057, hole_card: ['C9', 'D7']
name: b09401140, hole_card: ['ST', 'C5']
Started the round 13
Street "preflop" started. (community card = [])
name: b10505057, hole_card: ['C9', 'D7']
name: b09401140, hole_card: ['ST', 'C5']
"b09401140" declared "fold:0"
"['b10505057']" won the round 13 (stack = {'b10505057': 1180.0088918077315, 'b09401140': 819.0088918077315})
community cards of this round: ['H9', 'C9', 'H3', 'S3', 'DJ']
name: b10505057, hole_card: ['H8', 'D2']
name: b09401140, hole_card: ['D5', 'S9']
Started the round 14
Street "preflop" started. (community card = [])
name: b10505057, hole_card: ['H8', 'D2']
name: b09401140, hole_card: ['D5', 'S9']
"b10505057" declared "fold:0"
"['b09401140']" won the round 14 (stack = {'b10505057': 1175.0088918077315, 'b09401140': 824.0088918077315})
community cards of this round: ['H8', 'C6', 'SJ', 'D2', 'H2']
name: b10505057, hole_card: ['SA', 'HQ']
name: b09401140, hole_card: ['H3', 'S9']
Started the round 15
Street "preflop" started. (community card = [])
name: b10505057, hole_card: ['SA', 'HQ']
name: b09401140, hole_card: ['H3', 'S9']
"b09401140" declared "call:10"
name: b10505057, hole_card: ['SA', 'HQ']
name: b09401140, hole_card: ['H3', 'S9']
"b10505057" declared "fold:0"
"['b09401140']" won the round 15 (stack = {'b10505057': 1165.0088918077315, 'b09401140': 834.0088918077315})
community cards of this round: ['S7', 'H3', 'C4', 'H6', 'HA']
name: b10505057, hole_card: ['H5', 'H9']
name: b09401140, hole_card: ['S5', 'C2']
Started the round 16
Street "preflop" started. (community card = [])
name: b10505057, hole_card: ['H5', 'H9']
name: b09401140, hole_card: ['S5', 'C2']
"b10505057" declared "fold:0"
"['b09401140']" won the round 16 (stack = {'b10505057': 1160.0088918077315, 'b09401140': 839.0088918077315})
community cards of this round: ['DJ', 'DK', 'H8', 'CJ', 'H6']
name: b10505057, hole_card: ['C7', 'H4']
name: b09401140, hole_card: ['S4', 'C9']
Started the round 17
Street "preflop" started. (community card = [])
name: b10505057, hole_card: ['C7', 'H4']
name: b09401140, hole_card: ['S4', 'C9']
"b09401140" declared "call:10"
name: b10505057, hole_card: ['C7', 'H4']
name: b09401140, hole_card: ['S4', 'C9']
"b10505057" declared "fold:0"
"['b09401140']" won the round 17 (stack = {'b10505057': 1150.0088918077315, 'b09401140': 849.0088918077315})
community cards of this round: ['C8', 'DQ', 'S8', 'DA', 'CA']
name: b10505057, hole_card: ['ST', 'D7']
name: b09401140, hole_card: ['S3', 'CJ']
Started the round 18
Street "preflop" started. (community card = [])
name: b10505057, hole_card: ['ST', 'D7']
name: b09401140, hole_card: ['S3', 'CJ']
"b10505057" declared "fold:0"
"['b09401140']" won the round 18 (stack = {'b10505057': 1145.0088918077315, 'b09401140': 854.0088918077315})
community cards of this round: ['S6', 'CJ', 'C6', 'C4', 'C2']
name: b10505057, hole_card: ['H7', 'DT']
name: b09401140, hole_card: ['H8', 'H6']
Started the round 19
Street "preflop" started. (community card = [])
name: b10505057, hole_card: ['H7', 'DT']
name: b09401140, hole_card: ['H8', 'H6']
"b09401140" declared "fold:0"
"['b10505057']" won the round 19 (stack = {'b10505057': 1150.0088918077315, 'b09401140': 849.0088918077315})
community cards of this round: ['SA', 'S7', 'CK', 'SQ', 'H4']
name: b10505057, hole_card: ['C9', 'S3']
name: b09401140, hole_card: ['D9', 'S6']
Started the round 20
Street "preflop" started. (community card = [])
name: b10505057, hole_card: ['C9', 'S3']
name: b09401140, hole_card: ['D9', 'S6']
"b10505057" declared "fold:0"
"['b09401140']" won the round 20 (stack = {'b10505057': 1145.0088918077315, 'b09401140': 854.0088918077315})
b09401140 vs b10505057 - Game 5: {'rule': {'initial_stack': 1000, 'max_round': 20, 'small_blind_amount': 5, 'ante': 0, 'blind_structure': {}}, 'players': [{'name': 'b10505057', 'uuid': 'kkjjtzkknsyedrpzahxhpp', 'stack': 1145.0088918077315, 'state': 'participating'}, {'name': 'b09401140', 'uuid': 'oqhvbnmhhwaorxocbjicha', 'stack': 854.0088918077315, 'state': 'participating'}]}
Final Result: b09401140 won 1 games (stack: 4927.312898131478), b10505057 won 4 games (stack: 5068.2578256245415), num ties: 0
