community cards of this round: ['DA', 'HK', 'C8', 'DK', 'H8']
name: b11902111, hole_card: ['S9', 'HA']
name: b09701248, hole_card: ['H7', 'D6']
Started the round 1
Street "preflop" started. (community card = [])
name: b11902111, hole_card: ['S9', 'HA']
name: b09701248, hole_card: ['H7', 'D6']
"b09701248" declared "fold:0"
"['b11902111']" won the round 1 (stack = {'b11902111': 1005, 'b09701248': 995})
community cards of this round: ['DK', 'HA', 'SA', 'CA', 'H4']
name: b11902111, hole_card: ['ST', 'CK']
name: b09701248, hole_card: ['H5', 'CT']
Started the round 2
Street "preflop" started. (community card = [])
name: b11902111, hole_card: ['ST', 'CK']
name: b09701248, hole_card: ['H5', 'CT']
"b11902111" declared "raise:50"
name: b11902111, hole_card: ['ST', 'CK']
name: b09701248, hole_card: ['H5', 'CT']
"b09701248" declared "call:50"
Street "flop" started. (community card = ['DK', 'HA', 'SA'])
name: b11902111, hole_card: ['ST', 'CK']
name: b09701248, hole_card: ['H5', 'CT']
"b11902111" declared "raise:955"
name: b11902111, hole_card: ['ST', 'CK']
name: b09701248, hole_card: ['H5', 'CT']
"b09701248" declared "call:955"
Street "turn" started. (community card = ['DK', 'HA', 'SA', 'CA'])
Street "river" started. (community card = ['DK', 'HA', 'SA', 'CA', 'H4'])
"['b11902111']" won the round 2 (stack = {'b11902111': 2000, 'b09701248': 0})
b09701248 vs b11902111 - Game 1: {'rule': {'initial_stack': 1000, 'max_round': 20, 'small_blind_amount': 5, 'ante': 0, 'blind_structure': {}}, 'players': [{'name': 'b11902111', 'uuid': 'qhbbfcinfeofwuwofmyhmj', 'stack': 2000, 'state': 'participating'}, {'name': 'b09701248', 'uuid': 'qqxbhhnlhfckhlzjjxplgv', 'stack': 0, 'state': 'folded'}]}
community cards of this round: ['DA', 'HK', 'C8', 'DK', 'H8']
name: b09701248, hole_card: ['S9', 'HA']
name: b11902111, hole_card: ['H7', 'D6']
Started the round 1
Street "preflop" started. (community card = [])
name: b09701248, hole_card: ['S9', 'HA']
name: b11902111, hole_card: ['H7', 'D6']
"b11902111" declared "call:10"
name: b09701248, hole_card: ['S9', 'HA']
name: b11902111, hole_card: ['H7', 'D6']
"b09701248" declared "raise:179.01749999999998"
name: b09701248, hole_card: ['S9', 'HA']
name: b11902111, hole_card: ['H7', 'D6']
"b11902111" declared "call:179.01749999999998"
Street "flop" started. (community card = ['DA', 'HK', 'C8'])
name: b09701248, hole_card: ['S9', 'HA']
name: b11902111, hole_card: ['H7', 'D6']
"b11902111" declared "call:0"
name: b09701248, hole_card: ['S9', 'HA']
name: b11902111, hole_card: ['H7', 'D6']
"b09701248" declared "raise:116.02223374999997"
name: b09701248, hole_card: ['S9', 'HA']
name: b11902111, hole_card: ['H7', 'D6']
"b11902111" declared "call:116.02223374999997"
Street "turn" started. (community card = ['DA', 'HK', 'C8', 'DK'])
name: b09701248, hole_card: ['S9', 'HA']
name: b11902111, hole_card: ['H7', 'D6']
"b11902111" declared "fold:0"
"['b09701248']" won the round 1 (stack = {'b09701248': 1294.9602662500001, 'b11902111': 704.9602662500001})
community cards of this round: ['DK', 'HA', 'SA', 'CA', 'H4']
name: b09701248, hole_card: ['ST', 'CK']
name: b11902111, hole_card: ['H5', 'CT']
Started the round 2
Street "preflop" started. (community card = [])
name: b09701248, hole_card: ['ST', 'CK']
name: b11902111, hole_card: ['H5', 'CT']
"b09701248" declared "raise:135.67628489437504"
name: b09701248, hole_card: ['ST', 'CK']
name: b11902111, hole_card: ['H5', 'CT']
"b11902111" declared "call:135.67628489437504"
Street "flop" started. (community card = ['DK', 'HA', 'SA'])
name: b09701248, hole_card: ['ST', 'CK']
name: b11902111, hole_card: ['H5', 'CT']
"b09701248" declared "raise:98.92022457370534"
name: b09701248, hole_card: ['ST', 'CK']
name: b11902111, hole_card: ['H5', 'CT']
"b11902111" declared "call:98.92022457370534"
Street "turn" started. (community card = ['DK', 'HA', 'SA', 'CA'])
name: b09701248, hole_card: ['ST', 'CK']
name: b11902111, hole_card: ['H5', 'CT']
"b09701248" declared "raise:85.05064485312536"
name: b09701248, hole_card: ['ST', 'CK']
name: b11902111, hole_card: ['H5', 'CT']
"b11902111" declared "call:85.05064485312536"
Street "river" started. (community card = ['DK', 'HA', 'SA', 'CA', 'H4'])
name: b09701248, hole_card: ['ST', 'CK']
name: b11902111, hole_card: ['H5', 'CT']
"b09701248" declared "raise:74.71066538730038"
name: b09701248, hole_card: ['ST', 'CK']
name: b11902111, hole_card: ['H5', 'CT']
"b11902111" declared "call:74.71066538730038"
"['b09701248']" won the round 2 (stack = {'b09701248': 1688.602446541494, 'b11902111': 310.602446541494})
community cards of this round: ['S7', 'D6', 'D9', 'C5', 'C2']
name: b09701248, hole_card: ['S6', 'CJ']
name: b11902111, hole_card: ['H3', 'C3']
Started the round 3
Street "preflop" started. (community card = [])
name: b09701248, hole_card: ['S6', 'CJ']
name: b11902111, hole_card: ['H3', 'C3']
"b11902111" declared "raise:50"
name: b09701248, hole_card: ['S6', 'CJ']
name: b11902111, hole_card: ['H3', 'C3']
"b09701248" declared "fold:0"
"['b11902111']" won the round 3 (stack = {'b09701248': 1678.602446541494, 'b11902111': 320.602446541494})
community cards of this round: ['S4', 'C9', 'CA', 'H4', 'SQ']
name: b09701248, hole_card: ['H7', 'S8']
name: b11902111, hole_card: ['S5', 'S3']
Started the round 4
Street "preflop" started. (community card = [])
name: b09701248, hole_card: ['H7', 'S8']
name: b11902111, hole_card: ['S5', 'S3']
"b09701248" declared "raise:603.2516636291474"
name: b09701248, hole_card: ['H7', 'S8']
name: b11902111, hole_card: ['S5', 'S3']
"b11902111" declared "fold:0"
"['b09701248']" won the round 4 (stack = {'b09701248': 1688.3507829123464, 'b11902111': 310.602446541494})
community cards of this round: ['H3', 'D4', 'HA', 'DA', 'D6']
name: b09701248, hole_card: ['S3', 'SQ']
name: b11902111, hole_card: ['SK', 'DQ']
Started the round 5
Street "preflop" started. (community card = [])
name: b09701248, hole_card: ['S3', 'SQ']
name: b11902111, hole_card: ['SK', 'DQ']
"b11902111" declared "raise:50"
name: b09701248, hole_card: ['S3', 'SQ']
name: b11902111, hole_card: ['SK', 'DQ']
"b09701248" declared "fold:0"
"['b11902111']" won the round 5 (stack = {'b09701248': 1678.3507829123464, 'b11902111': 320.602446541494})
community cards of this round: ['D9', 'DQ', 'C6', 'D5', 'S5']
name: b09701248, hole_card: ['DT', 'HJ']
name: b11902111, hole_card: ['HA', 'S2']
Started the round 6
Street "preflop" started. (community card = [])
name: b09701248, hole_card: ['DT', 'HJ']
name: b11902111, hole_card: ['HA', 'S2']
"b09701248" declared "raise:217.26544473239392"
name: b09701248, hole_card: ['DT', 'HJ']
name: b11902111, hole_card: ['HA', 'S2']
"b11902111" declared "call:217.26544473239392"
Street "flop" started. (community card = ['D9', 'DQ', 'C6'])
name: b09701248, hole_card: ['DT', 'HJ']
name: b11902111, hole_card: ['HA', 'S2']
"b09701248" declared "raise:189.48349659613416"
name: b09701248, hole_card: ['DT', 'HJ']
name: b11902111, hole_card: ['HA', 'S2']
"b11902111" declared "call:189.48349659613416"
Street "turn" started. (community card = ['D9', 'DQ', 'C6', 'D5'])
Street "river" started. (community card = ['D9', 'DQ', 'C6', 'D5', 'S5'])
"['b11902111']" won the round 6 (stack = {'b09701248': 1357.6018415838184, 'b11902111': 641.0})
community cards of this round: ['H2', 'CT', 'S4', 'SQ', 'S6']
name: b09701248, hole_card: ['D7', 'H5']
name: b11902111, hole_card: ['S5', 'HJ']
Started the round 7
Street "preflop" started. (community card = [])
name: b09701248, hole_card: ['D7', 'H5']
name: b11902111, hole_card: ['S5', 'HJ']
"b11902111" declared "call:10"
name: b09701248, hole_card: ['D7', 'H5']
name: b11902111, hole_card: ['S5', 'HJ']
"b09701248" declared "call:10"
Street "flop" started. (community card = ['H2', 'CT', 'S4'])
name: b09701248, hole_card: ['D7', 'H5']
name: b11902111, hole_card: ['S5', 'HJ']
"b11902111" declared "fold:0"
"['b09701248']" won the round 7 (stack = {'b09701248': 1367.6018415838184, 'b11902111': 631.0})
community cards of this round: ['S7', 'DT', 'S8', 'D6', 'CQ']
name: b09701248, hole_card: ['D9', 'H8']
name: b11902111, hole_card: ['DK', 'HK']
Started the round 8
Street "preflop" started. (community card = [])
name: b09701248, hole_card: ['D9', 'H8']
name: b11902111, hole_card: ['DK', 'HK']
"b09701248" declared "raise:365.647576049417"
name: b09701248, hole_card: ['D9', 'H8']
name: b11902111, hole_card: ['DK', 'HK']
"b11902111" declared "call:365.647576049417"
Street "flop" started. (community card = ['S7', 'DT', 'S8'])
name: b09701248, hole_card: ['D9', 'H8']
name: b11902111, hole_card: ['DK', 'HK']
"b09701248" declared "raise:251.05293225932516"
name: b09701248, hole_card: ['D9', 'H8']
name: b11902111, hole_card: ['DK', 'HK']
"b11902111" declared "call:251.05293225932516"
Street "turn" started. (community card = ['S7', 'DT', 'S8', 'D6'])
name: b09701248, hole_card: ['D9', 'H8']
name: b11902111, hole_card: ['DK', 'HK']
"b09701248" declared "raise:220.6750773168466"
name: b09701248, hole_card: ['D9', 'H8']
name: b11902111, hole_card: ['DK', 'HK']
"b11902111" declared "call:220.6750773168466"
Street "river" started. (community card = ['S7', 'DT', 'S8', 'D6', 'CQ'])
"['b09701248']" won the round 8 (stack = {'b09701248': 1998.2262559582296, 'b11902111': 0.0})
b09701248 vs b11902111 - Game 2: {'rule': {'initial_stack': 1000, 'max_round': 20, 'small_blind_amount': 5, 'ante': 0, 'blind_structure': {}}, 'players': [{'name': 'b09701248', 'uuid': 'fvqmlcpluynvytgplghyod', 'stack': 1998.2262559582296, 'state': 'participating'}, {'name': 'b11902111', 'uuid': 'sbfoizfrufbxshoyezeulh', 'stack': 0, 'state': 'folded'}]}
community cards of this round: ['C2', 'D3', 'CQ', 'CA', 'CJ']
name: b11902111, hole_card: ['S6', 'SQ']
name: b09701248, hole_card: ['S3', 'DJ']
Started the round 1
Street "preflop" started. (community card = [])
name: b11902111, hole_card: ['S6', 'SQ']
name: b09701248, hole_card: ['S3', 'DJ']
"b09701248" declared "fold:0"
"['b11902111']" won the round 1 (stack = {'b11902111': 1005, 'b09701248': 995})
community cards of this round: ['S9', 'S8', 'D2', 'H9', 'C5']
name: b11902111, hole_card: ['S2', 'H5']
name: b09701248, hole_card: ['ST', 'DA']
Started the round 2
Street "preflop" started. (community card = [])
name: b11902111, hole_card: ['S2', 'H5']
name: b09701248, hole_card: ['ST', 'DA']
"b11902111" declared "fold:0"
"['b09701248']" won the round 2 (stack = {'b11902111': 1000, 'b09701248': 1000})
community cards of this round: ['C8', 'S8', 'D7', 'ST', 'D2']
name: b11902111, hole_card: ['C9', 'HJ']
name: b09701248, hole_card: ['H6', 'H9']
Started the round 3
Street "preflop" started. (community card = [])
name: b11902111, hole_card: ['C9', 'HJ']
name: b09701248, hole_card: ['H6', 'H9']
"b09701248" declared "fold:0"
"['b11902111']" won the round 3 (stack = {'b11902111': 1005, 'b09701248': 995})
community cards of this round: ['C4', 'S3', 'HK', 'S4', 'H4']
name: b11902111, hole_card: ['D9', 'HA']
name: b09701248, hole_card: ['D8', 'S6']
Started the round 4
Street "preflop" started. (community card = [])
name: b11902111, hole_card: ['D9', 'HA']
name: b09701248, hole_card: ['D8', 'S6']
"b11902111" declared "raise:50"
name: b11902111, hole_card: ['D9', 'HA']
name: b09701248, hole_card: ['D8', 'S6']
"b09701248" declared "fold:0"
"['b11902111']" won the round 4 (stack = {'b11902111': 1015, 'b09701248': 985})
community cards of this round: ['S9', 'S3', 'C5', 'D7', 'S4']
name: b11902111, hole_card: ['HA', 'CT']
name: b09701248, hole_card: ['H2', 'CA']
Started the round 5
Street "preflop" started. (community card = [])
name: b11902111, hole_card: ['HA', 'CT']
name: b09701248, hole_card: ['H2', 'CA']
"b09701248" declared "fold:0"
"['b11902111']" won the round 5 (stack = {'b11902111': 1020, 'b09701248': 980})
community cards of this round: ['C5', 'C9', 'H2', 'H5', 'C8']
name: b11902111, hole_card: ['DQ', 'D2']
name: b09701248, hole_card: ['C6', 'C3']
Started the round 6
Street "preflop" started. (community card = [])
name: b11902111, hole_card: ['DQ', 'D2']
name: b09701248, hole_card: ['C6', 'C3']
"b11902111" declared "raise:50"
name: b11902111, hole_card: ['DQ', 'D2']
name: b09701248, hole_card: ['C6', 'C3']
"b09701248" declared "fold:0"
"['b11902111']" won the round 6 (stack = {'b11902111': 1030, 'b09701248': 970})
community cards of this round: ['SJ', 'D2', 'HA', 'C2', 'D6']
name: b11902111, hole_card: ['HQ', 'C7']
name: b09701248, hole_card: ['C8', 'H7']
Started the round 7
Street "preflop" started. (community card = [])
name: b11902111, hole_card: ['HQ', 'C7']
name: b09701248, hole_card: ['C8', 'H7']
"b09701248" declared "raise:367.9175000000001"
name: b11902111, hole_card: ['HQ', 'C7']
name: b09701248, hole_card: ['C8', 'H7']
"b11902111" declared "call:367.9175000000001"
Street "flop" started. (community card = ['SJ', 'D2', 'HA'])
name: b11902111, hole_card: ['HQ', 'C7']
name: b09701248, hole_card: ['C8', 'H7']
"b09701248" declared "raise:216.74866875"
name: b11902111, hole_card: ['HQ', 'C7']
name: b09701248, hole_card: ['C8', 'H7']
"b11902111" declared "call:216.74866875"
Street "turn" started. (community card = ['SJ', 'D2', 'HA', 'C2'])
name: b11902111, hole_card: ['HQ', 'C7']
name: b09701248, hole_card: ['C8', 'H7']
"b09701248" declared "raise:151.75018671875"
name: b11902111, hole_card: ['HQ', 'C7']
name: b09701248, hole_card: ['C8', 'H7']
"b11902111" declared "call:151.75018671875"
Street "river" started. (community card = ['SJ', 'D2', 'HA', 'C2', 'D6'])
name: b11902111, hole_card: ['HQ', 'C7']
name: b09701248, hole_card: ['C8', 'H7']
"b09701248" declared "raise:97.97403772265625"
name: b11902111, hole_card: ['HQ', 'C7']
name: b09701248, hole_card: ['C8', 'H7']
"b11902111" declared "call:97.97403772265625"
"['b11902111']" won the round 7 (stack = {'b11902111': 1863.6096068085938, 'b09701248': 135.60960680859375})
community cards of this round: ['D3', 'C9', 'SA', 'CJ', 'DA']
name: b11902111, hole_card: ['DK', 'SJ']
name: b09701248, hole_card: ['H4', 'C8']
Started the round 8
Street "preflop" started. (community card = [])
name: b11902111, hole_card: ['DK', 'SJ']
name: b09701248, hole_card: ['H4', 'C8']
"b11902111" declared "fold:0"
"['b09701248']" won the round 8 (stack = {'b11902111': 1858.6096068085938, 'b09701248': 140.60960680859375})
community cards of this round: ['S4', 'H4', 'DK', 'D5', 'HJ']
name: b11902111, hole_card: ['D9', 'D4']
name: b09701248, hole_card: ['DA', 'HA']
Started the round 9
Street "preflop" started. (community card = [])
name: b11902111, hole_card: ['D9', 'D4']
name: b09701248, hole_card: ['DA', 'HA']
"b09701248" declared "raise:16.0"
name: b11902111, hole_card: ['D9', 'D4']
name: b09701248, hole_card: ['DA', 'HA']
"b11902111" declared "fold:0"
"['b09701248']" won the round 9 (stack = {'b11902111': 1848.6096068085938, 'b09701248': 150.60960680859375})
community cards of this round: ['C8', 'H9', 'CA', 'DK', 'D6']
name: b11902111, hole_card: ['C7', 'SQ']
name: b09701248, hole_card: ['CK', 'HT']
Started the round 10
Street "preflop" started. (community card = [])
name: b11902111, hole_card: ['C7', 'SQ']
name: b09701248, hole_card: ['CK', 'HT']
"b11902111" declared "fold:0"
"['b09701248']" won the round 10 (stack = {'b11902111': 1843.6096068085938, 'b09701248': 155.60960680859375})
community cards of this round: ['HA', 'CA', 'S7', 'C9', 'S6']
name: b11902111, hole_card: ['CQ', 'S3']
name: b09701248, hole_card: ['SK', 'H2']
Started the round 11
Street "preflop" started. (community card = [])
name: b11902111, hole_card: ['CQ', 'S3']
name: b09701248, hole_card: ['SK', 'H2']
"b09701248" declared "fold:0"
"['b11902111']" won the round 11 (stack = {'b11902111': 1848.6096068085938, 'b09701248': 150.60960680859375})
community cards of this round: ['H9', 'C9', 'D4', 'CQ', 'H6']
name: b11902111, hole_card: ['D9', 'H5']
name: b09701248, hole_card: ['C7', 'S7']
Started the round 12
Street "preflop" started. (community card = [])
name: b11902111, hole_card: ['D9', 'H5']
name: b09701248, hole_card: ['C7', 'S7']
"b11902111" declared "fold:0"
"['b09701248']" won the round 12 (stack = {'b11902111': 1843.6096068085938, 'b09701248': 155.60960680859375})
community cards of this round: ['H7', 'S7', 'HJ', 'CJ', 'C5']
name: b11902111, hole_card: ['H6', 'S6']
name: b09701248, hole_card: ['D3', 'H8']
Started the round 13
Street "preflop" started. (community card = [])
name: b11902111, hole_card: ['H6', 'S6']
name: b09701248, hole_card: ['D3', 'H8']
"b09701248" declared "fold:0"
"['b11902111']" won the round 13 (stack = {'b11902111': 1848.6096068085938, 'b09701248': 150.60960680859375})
community cards of this round: ['D8', 'DQ', 'HK', 'H7', 'C3']
name: b11902111, hole_card: ['CA', 'D9']
name: b09701248, hole_card: ['HQ', 'S5']
Started the round 14
Street "preflop" started. (community card = [])
name: b11902111, hole_card: ['CA', 'D9']
name: b09701248, hole_card: ['HQ', 'S5']
"b11902111" declared "fold:0"
"['b09701248']" won the round 14 (stack = {'b11902111': 1843.6096068085938, 'b09701248': 155.60960680859375})
community cards of this round: ['D3', 'CK', 'H9', 'C9', 'SK']
name: b11902111, hole_card: ['H7', 'H2']
name: b09701248, hole_card: ['D6', 'H3']
Started the round 15
Street "preflop" started. (community card = [])
name: b11902111, hole_card: ['H7', 'H2']
name: b09701248, hole_card: ['D6', 'H3']
"b09701248" declared "fold:0"
"['b11902111']" won the round 15 (stack = {'b11902111': 1848.6096068085938, 'b09701248': 150.60960680859375})
community cards of this round: ['S2', 'H2', 'C6', 'D3', 'D9']
name: b11902111, hole_card: ['S4', 'HT']
name: b09701248, hole_card: ['SA', 'H4']
Started the round 16
Street "preflop" started. (community card = [])
name: b11902111, hole_card: ['S4', 'HT']
name: b09701248, hole_card: ['SA', 'H4']
"b11902111" declared "fold:0"
"['b09701248']" won the round 16 (stack = {'b11902111': 1843.6096068085938, 'b09701248': 155.60960680859375})
community cards of this round: ['DA', 'HK', 'H3', 'DQ', 'S5']
name: b11902111, hole_card: ['C9', 'S9']
name: b09701248, hole_card: ['H8', 'D6']
Started the round 17
Street "preflop" started. (community card = [])
name: b11902111, hole_card: ['C9', 'S9']
name: b09701248, hole_card: ['H8', 'D6']
"b09701248" declared "fold:0"
"['b11902111']" won the round 17 (stack = {'b11902111': 1848.6096068085938, 'b09701248': 150.60960680859375})
community cards of this round: ['H9', 'D8', 'SK', 'HA', 'S4']
name: b11902111, hole_card: ['S7', 'C2']
name: b09701248, hole_card: ['C6', 'S8']
Started the round 18
Street "preflop" started. (community card = [])
name: b11902111, hole_card: ['S7', 'C2']
name: b09701248, hole_card: ['C6', 'S8']
"b11902111" declared "fold:0"
"['b09701248']" won the round 18 (stack = {'b11902111': 1843.6096068085938, 'b09701248': 155.60960680859375})
community cards of this round: ['CQ', 'D6', 'C6', 'H2', 'H5']
name: b11902111, hole_card: ['SJ', 'D3']
name: b09701248, hole_card: ['HA', 'CA']
Started the round 19
Street "preflop" started. (community card = [])
name: b11902111, hole_card: ['SJ', 'D3']
name: b09701248, hole_card: ['HA', 'CA']
"b09701248" declared "raise:16.0"
name: b11902111, hole_card: ['SJ', 'D3']
name: b09701248, hole_card: ['HA', 'CA']
"b11902111" declared "fold:0"
"['b09701248']" won the round 19 (stack = {'b11902111': 1833.6096068085938, 'b09701248': 165.60960680859375})
community cards of this round: ['D4', 'H5', 'DJ', 'DA', 'H4']
name: b11902111, hole_card: ['S3', 'C4']
name: b09701248, hole_card: ['H2', 'D8']
Started the round 20
Street "preflop" started. (community card = [])
name: b11902111, hole_card: ['S3', 'C4']
name: b09701248, hole_card: ['H2', 'D8']
"b11902111" declared "fold:0"
"['b09701248']" won the round 20 (stack = {'b11902111': 1828.6096068085938, 'b09701248': 170.60960680859375})
b09701248 vs b11902111 - Game 3: {'rule': {'initial_stack': 1000, 'max_round': 20, 'small_blind_amount': 5, 'ante': 0, 'blind_structure': {}}, 'players': [{'name': 'b11902111', 'uuid': 'jngdkblavzpofrzhxtqneh', 'stack': 1828.6096068085938, 'state': 'participating'}, {'name': 'b09701248', 'uuid': 'ibrbsnfyiudknanizxmlcm', 'stack': 170.60960680859375, 'state': 'participating'}]}
community cards of this round: ['C2', 'D3', 'CQ', 'CA', 'CJ']
name: b09701248, hole_card: ['S6', 'SQ']
name: b11902111, hole_card: ['S3', 'DJ']
Started the round 1
Street "preflop" started. (community card = [])
name: b09701248, hole_card: ['S6', 'SQ']
name: b11902111, hole_card: ['S3', 'DJ']
"b11902111" declared "call:10"
name: b09701248, hole_card: ['S6', 'SQ']
name: b11902111, hole_card: ['S3', 'DJ']
"b09701248" declared "fold:0"
"['b11902111']" won the round 1 (stack = {'b09701248': 990, 'b11902111': 1010})
community cards of this round: ['S9', 'S8', 'D2', 'H9', 'C5']
name: b09701248, hole_card: ['S2', 'H5']
name: b11902111, hole_card: ['ST', 'DA']
Started the round 2
Street "preflop" started. (community card = [])
name: b09701248, hole_card: ['S2', 'H5']
name: b11902111, hole_card: ['ST', 'DA']
"b09701248" declared "fold:0"
"['b11902111']" won the round 2 (stack = {'b09701248': 985, 'b11902111': 1015})
community cards of this round: ['C8', 'S8', 'D7', 'ST', 'D2']
name: b09701248, hole_card: ['C9', 'HJ']
name: b11902111, hole_card: ['H6', 'H9']
Started the round 3
Street "preflop" started. (community card = [])
name: b09701248, hole_card: ['C9', 'HJ']
name: b11902111, hole_card: ['H6', 'H9']
"b11902111" declared "call:10"
name: b09701248, hole_card: ['C9', 'HJ']
name: b11902111, hole_card: ['H6', 'H9']
"b09701248" declared "raise:184.295"
name: b09701248, hole_card: ['C9', 'HJ']
name: b11902111, hole_card: ['H6', 'H9']
"b11902111" declared "call:184.295"
Street "flop" started. (community card = ['C8', 'S8', 'D7'])
name: b09701248, hole_card: ['C9', 'HJ']
name: b11902111, hole_card: ['H6', 'H9']
"b11902111" declared "call:0"
name: b09701248, hole_card: ['C9', 'HJ']
name: b11902111, hole_card: ['H6', 'H9']
"b09701248" declared "raise:173.88522999999998"
name: b09701248, hole_card: ['C9', 'HJ']
name: b11902111, hole_card: ['H6', 'H9']
"b11902111" declared "call:173.88522999999998"
Street "turn" started. (community card = ['C8', 'S8', 'D7', 'ST'])
name: b09701248, hole_card: ['C9', 'HJ']
name: b11902111, hole_card: ['H6', 'H9']
"b11902111" declared "raise:656.8197700000001"
name: b09701248, hole_card: ['C9', 'HJ']
name: b11902111, hole_card: ['H6', 'H9']
"b09701248" declared "raise:0.0", Invalid action. Treat as fold...
"['b11902111']" won the round 3 (stack = {'b09701248': 626.8197700000001, 'b11902111': 1373.0})
community cards of this round: ['C4', 'S3', 'HK', 'S4', 'H4']
name: b09701248, hole_card: ['D9', 'HA']
name: b11902111, hole_card: ['D8', 'S6']
Started the round 4
Street "preflop" started. (community card = [])
name: b09701248, hole_card: ['D9', 'HA']
name: b11902111, hole_card: ['D8', 'S6']
"b09701248" declared "raise:110.52615446499999"
name: b09701248, hole_card: ['D9', 'HA']
name: b11902111, hole_card: ['D8', 'S6']
"b11902111" declared "fold:0"
"['b09701248']" won the round 4 (stack = {'b09701248': 636.2936155350001, 'b11902111': 1363.0})
community cards of this round: ['S9', 'S3', 'C5', 'D7', 'S4']
name: b09701248, hole_card: ['HA', 'CT']
name: b11902111, hole_card: ['H2', 'CA']
Started the round 5
Street "preflop" started. (community card = [])
name: b09701248, hole_card: ['HA', 'CT']
name: b11902111, hole_card: ['H2', 'CA']
"b11902111" declared "fold:0"
"['b09701248']" won the round 5 (stack = {'b09701248': 641.2936155350001, 'b11902111': 1358.0})
community cards of this round: ['C5', 'C9', 'H2', 'H5', 'C8']
name: b09701248, hole_card: ['DQ', 'D2']
name: b11902111, hole_card: ['C6', 'C3']
Started the round 6
Street "preflop" started. (community card = [])
name: b09701248, hole_card: ['DQ', 'D2']
name: b11902111, hole_card: ['C6', 'C3']
"b09701248" declared "fold:0"
"['b11902111']" won the round 6 (stack = {'b09701248': 636.2936155350001, 'b11902111': 1363.0})
community cards of this round: ['SJ', 'D2', 'HA', 'C2', 'D6']
name: b09701248, hole_card: ['HQ', 'C7']
name: b11902111, hole_card: ['C8', 'H7']
Started the round 7
Street "preflop" started. (community card = [])
name: b09701248, hole_card: ['HQ', 'C7']
name: b11902111, hole_card: ['C8', 'H7']
"b11902111" declared "fold:0"
"['b09701248']" won the round 7 (stack = {'b09701248': 641.2936155350001, 'b11902111': 1358.0})
community cards of this round: ['D3', 'C9', 'SA', 'CJ', 'DA']
name: b09701248, hole_card: ['DK', 'SJ']
name: b11902111, hole_card: ['H4', 'C8']
Started the round 8
Street "preflop" started. (community card = [])
name: b09701248, hole_card: ['DK', 'SJ']
name: b11902111, hole_card: ['H4', 'C8']
"b09701248" declared "raise:57.6485254330775"
name: b09701248, hole_card: ['DK', 'SJ']
name: b11902111, hole_card: ['H4', 'C8']
"b11902111" declared "fold:0"
"['b09701248']" won the round 8 (stack = {'b09701248': 650.6450901019226, 'b11902111': 1348.0})
community cards of this round: ['S4', 'H4', 'DK', 'D5', 'HJ']
name: b09701248, hole_card: ['D9', 'D4']
name: b11902111, hole_card: ['DA', 'HA']
Started the round 9
Street "preflop" started. (community card = [])
name: b09701248, hole_card: ['D9', 'D4']
name: b11902111, hole_card: ['DA', 'HA']
"b11902111" declared "fold:0"
"['b09701248']" won the round 9 (stack = {'b09701248': 655.6450901019226, 'b11902111': 1343.0})
community cards of this round: ['C8', 'H9', 'CA', 'DK', 'D6']
name: b09701248, hole_card: ['C7', 'SQ']
name: b11902111, hole_card: ['CK', 'HT']
Started the round 10
Street "preflop" started. (community card = [])
name: b09701248, hole_card: ['C7', 'SQ']
name: b11902111, hole_card: ['CK', 'HT']
"b09701248" declared "raise:217.8032033821056"
name: b09701248, hole_card: ['C7', 'SQ']
name: b11902111, hole_card: ['CK', 'HT']
"b11902111" declared "fold:0"
"['b09701248']" won the round 10 (stack = {'b09701248': 664.841886719817, 'b11902111': 1333.0})
community cards of this round: ['HA', 'CA', 'S7', 'C9', 'S6']
name: b09701248, hole_card: ['CQ', 'S3']
name: b11902111, hole_card: ['SK', 'H2']
Started the round 11
Street "preflop" started. (community card = [])
name: b09701248, hole_card: ['CQ', 'S3']
name: b11902111, hole_card: ['SK', 'H2']
"b11902111" declared "fold:0"
"['b09701248']" won the round 11 (stack = {'b09701248': 669.841886719817, 'b11902111': 1328.0})
community cards of this round: ['H9', 'C9', 'D4', 'CQ', 'H6']
name: b09701248, hole_card: ['D9', 'H5']
name: b11902111, hole_card: ['C7', 'S7']
Started the round 12
Street "preflop" started. (community card = [])
name: b09701248, hole_card: ['D9', 'H5']
name: b11902111, hole_card: ['C7', 'S7']
"b09701248" declared "call:10"
name: b09701248, hole_card: ['D9', 'H5']
name: b11902111, hole_card: ['C7', 'S7']
"b11902111" declared "fold:0"
"['b09701248']" won the round 12 (stack = {'b09701248': 679.841886719817, 'b11902111': 1318.0})
community cards of this round: ['H7', 'S7', 'HJ', 'CJ', 'C5']
name: b09701248, hole_card: ['H6', 'S6']
name: b11902111, hole_card: ['D3', 'H8']
Started the round 13
Street "preflop" started. (community card = [])
name: b09701248, hole_card: ['H6', 'S6']
name: b11902111, hole_card: ['D3', 'H8']
"b11902111" declared "fold:0"
"['b09701248']" won the round 13 (stack = {'b09701248': 684.841886719817, 'b11902111': 1313.0})
community cards of this round: ['D8', 'DQ', 'HK', 'H7', 'C3']
name: b09701248, hole_card: ['CA', 'D9']
name: b11902111, hole_card: ['HQ', 'S5']
Started the round 14
Street "preflop" started. (community card = [])
name: b09701248, hole_card: ['CA', 'D9']
name: b11902111, hole_card: ['HQ', 'S5']
"b09701248" declared "raise:114.46675734781311"
name: b09701248, hole_card: ['CA', 'D9']
name: b11902111, hole_card: ['HQ', 'S5']
"b11902111" declared "fold:0"
"['b09701248']" won the round 14 (stack = {'b09701248': 694.3751293720039, 'b11902111': 1303.0})
community cards of this round: ['D3', 'CK', 'H9', 'C9', 'SK']
name: b09701248, hole_card: ['H7', 'H2']
name: b11902111, hole_card: ['D6', 'H3']
Started the round 15
Street "preflop" started. (community card = [])
name: b09701248, hole_card: ['H7', 'H2']
name: b11902111, hole_card: ['D6', 'H3']
"b11902111" declared "fold:0"
"['b09701248']" won the round 15 (stack = {'b09701248': 699.3751293720039, 'b11902111': 1298.0})
community cards of this round: ['S2', 'H2', 'C6', 'D3', 'D9']
name: b09701248, hole_card: ['S4', 'HT']
name: b11902111, hole_card: ['SA', 'H4']
Started the round 16
Street "preflop" started. (community card = [])
name: b09701248, hole_card: ['S4', 'HT']
name: b11902111, hole_card: ['SA', 'H4']
"b09701248" declared "fold:0"
"['b11902111']" won the round 16 (stack = {'b09701248': 694.3751293720039, 'b11902111': 1303.0})
community cards of this round: ['DA', 'HK', 'H3', 'DQ', 'S5']
name: b09701248, hole_card: ['C9', 'S9']
name: b11902111, hole_card: ['H8', 'D6']
Started the round 17
Street "preflop" started. (community card = [])
name: b09701248, hole_card: ['C9', 'S9']
name: b11902111, hole_card: ['H8', 'D6']
"b11902111" declared "fold:0"
"['b09701248']" won the round 17 (stack = {'b09701248': 699.3751293720039, 'b11902111': 1298.0})
community cards of this round: ['H9', 'D8', 'SK', 'HA', 'S4']
name: b09701248, hole_card: ['S7', 'C2']
name: b11902111, hole_card: ['C6', 'S8']
Started the round 18
Street "preflop" started. (community card = [])
name: b09701248, hole_card: ['S7', 'C2']
name: b11902111, hole_card: ['C6', 'S8']
"b09701248" declared "fold:0"
"['b11902111']" won the round 18 (stack = {'b09701248': 694.3751293720039, 'b11902111': 1303.0})
community cards of this round: ['CQ', 'D6', 'C6', 'H2', 'H5']
name: b09701248, hole_card: ['SJ', 'D3']
name: b11902111, hole_card: ['HA', 'CA']
Started the round 19
Street "preflop" started. (community card = [])
name: b09701248, hole_card: ['SJ', 'D3']
name: b11902111, hole_card: ['HA', 'CA']
"b11902111" declared "fold:0"
"['b09701248']" won the round 19 (stack = {'b09701248': 699.3751293720039, 'b11902111': 1298.0})
community cards of this round: ['D4', 'H5', 'DJ', 'DA', 'H4']
name: b09701248, hole_card: ['S3', 'C4']
name: b11902111, hole_card: ['H2', 'D8']
Started the round 20
Street "preflop" started. (community card = [])
name: b09701248, hole_card: ['S3', 'C4']
name: b11902111, hole_card: ['H2', 'D8']
"b09701248" declared "fold:0"
"['b11902111']" won the round 20 (stack = {'b09701248': 694.3751293720039, 'b11902111': 1303.0})
b09701248 vs b11902111 - Game 4: {'rule': {'initial_stack': 1000, 'max_round': 20, 'small_blind_amount': 5, 'ante': 0, 'blind_structure': {}}, 'players': [{'name': 'b09701248', 'uuid': 'uvndyhqjhxzigdntqrncnp', 'stack': 694.3751293720039, 'state': 'participating'}, {'name': 'b11902111', 'uuid': 'uoemgeplxorjiusdvqfxhl', 'stack': 1303.0, 'state': 'participating'}]}
community cards of this round: ['H6', 'HJ', 'HQ', 'HA', 'S6']
name: b11902111, hole_card: ['ST', 'HK']
name: b09701248, hole_card: ['D3', 'C3']
Started the round 1
Street "preflop" started. (community card = [])
name: b11902111, hole_card: ['ST', 'HK']
name: b09701248, hole_card: ['D3', 'C3']
"b09701248" declared "fold:0"
"['b11902111']" won the round 1 (stack = {'b11902111': 1005, 'b09701248': 995})
community cards of this round: ['S8', 'D5', 'S3', 'C7', 'HT']
name: b11902111, hole_card: ['DT', 'SQ']
name: b09701248, hole_card: ['H8', 'C4']
Started the round 2
Street "preflop" started. (community card = [])
name: b11902111, hole_card: ['DT', 'SQ']
name: b09701248, hole_card: ['H8', 'C4']
"b11902111" declared "raise:50"
name: b11902111, hole_card: ['DT', 'SQ']
name: b09701248, hole_card: ['H8', 'C4']
"b09701248" declared "fold:0"
"['b11902111']" won the round 2 (stack = {'b11902111': 1015, 'b09701248': 985})
community cards of this round: ['C9', 'DK', 'S7', 'DT', 'C7']
name: b11902111, hole_card: ['DJ', 'S4']
name: b09701248, hole_card: ['C8', 'D3']
Started the round 3
Street "preflop" started. (community card = [])
name: b11902111, hole_card: ['DJ', 'S4']
name: b09701248, hole_card: ['C8', 'D3']
"b09701248" declared "fold:0"
"['b11902111']" won the round 3 (stack = {'b11902111': 1020, 'b09701248': 980})
community cards of this round: ['HA', 'CJ', 'DK', 'H5', 'H2']
name: b11902111, hole_card: ['H6', 'D8']
name: b09701248, hole_card: ['C8', 'SA']
Started the round 4
Street "preflop" started. (community card = [])
name: b11902111, hole_card: ['H6', 'D8']
name: b09701248, hole_card: ['C8', 'SA']
"b11902111" declared "call:10"
name: b11902111, hole_card: ['H6', 'D8']
name: b09701248, hole_card: ['C8', 'SA']
"b09701248" declared "raise:227.81750000000002"
name: b11902111, hole_card: ['H6', 'D8']
name: b09701248, hole_card: ['C8', 'SA']
"b11902111" declared "call:227.81750000000002"
Street "flop" started. (community card = ['HA', 'CJ', 'DK'])
name: b11902111, hole_card: ['H6', 'D8']
name: b09701248, hole_card: ['C8', 'SA']
"b11902111" declared "call:0"
name: b11902111, hole_card: ['H6', 'D8']
name: b09701248, hole_card: ['C8', 'SA']
"b09701248" declared "raise:147.56158000000005"
name: b11902111, hole_card: ['H6', 'D8']
name: b09701248, hole_card: ['C8', 'SA']
"b11902111" declared "call:147.56158000000005"
Street "turn" started. (community card = ['HA', 'CJ', 'DK', 'H5'])
name: b11902111, hole_card: ['H6', 'D8']
name: b09701248, hole_card: ['C8', 'SA']
"b11902111" declared "fold:0"
"['b09701248']" won the round 4 (stack = {'b11902111': 644.62092, 'b09701248': 1354.6209199999998})
community cards of this round: ['CJ', 'HK', 'D7', 'D8', 'H9']
name: b11902111, hole_card: ['H5', 'SJ']
name: b09701248, hole_card: ['CA', 'D9']
Started the round 5
Street "preflop" started. (community card = [])
name: b11902111, hole_card: ['H5', 'SJ']
name: b09701248, hole_card: ['CA', 'D9']
"b09701248" declared "raise:213.59408569999994"
name: b11902111, hole_card: ['H5', 'SJ']
name: b09701248, hole_card: ['CA', 'D9']
"b11902111" declared "call:213.59408569999994"
Street "flop" started. (community card = ['CJ', 'HK', 'D7'])
name: b11902111, hole_card: ['H5', 'SJ']
name: b09701248, hole_card: ['CA', 'D9']
"b09701248" declared "raise:147.85424695029997"
name: b11902111, hole_card: ['H5', 'SJ']
name: b09701248, hole_card: ['CA', 'D9']
"b11902111" declared "raise:431.0268343"
name: b11902111, hole_card: ['H5', 'SJ']
name: b09701248, hole_card: ['CA', 'D9']
"b09701248" declared "raise:774.1016045954415"
Street "turn" started. (community card = ['CJ', 'HK', 'D7', 'D8'])
Street "river" started. (community card = ['CJ', 'HK', 'D7', 'D8', 'H9'])
"['b11902111']" won the round 5 (stack = {'b11902111': 1289.0, 'b09701248': 709.9252297045583})
community cards of this round: ['DJ', 'H5', 'HQ', 'S7', 'H2']
name: b11902111, hole_card: ['D2', 'D8']
name: b09701248, hole_card: ['D7', 'DT']
Started the round 6
Street "preflop" started. (community card = [])
name: b11902111, hole_card: ['D2', 'D8']
name: b09701248, hole_card: ['D7', 'DT']
"b11902111" declared "fold:0"
"['b09701248']" won the round 6 (stack = {'b11902111': 1284.0, 'b09701248': 714.9252297045583})
community cards of this round: ['CK', 'SQ', 'S7', 'S2', 'H5']
name: b11902111, hole_card: ['DJ', 'HT']
name: b09701248, hole_card: ['C3', 'C4']
Started the round 7
Street "preflop" started. (community card = [])
name: b11902111, hole_card: ['DJ', 'HT']
name: b09701248, hole_card: ['C3', 'C4']
"b09701248" declared "fold:0"
"['b11902111']" won the round 7 (stack = {'b11902111': 1289.0, 'b09701248': 709.9252297045583})
community cards of this round: ['C2', 'DK', 'D7', 'HT', 'SJ']
name: b11902111, hole_card: ['C4', 'S3']
name: b09701248, hole_card: ['H8', 'C7']
Started the round 8
Street "preflop" started. (community card = [])
name: b11902111, hole_card: ['C4', 'S3']
name: b09701248, hole_card: ['H8', 'C7']
"b11902111" declared "fold:0"
"['b09701248']" won the round 8 (stack = {'b11902111': 1284.0, 'b09701248': 714.9252297045583})
community cards of this round: ['D6', 'CA', 'H5', 'DK', 'HK']
name: b11902111, hole_card: ['S2', 'S5']
name: b09701248, hole_card: ['C4', 'DA']
Started the round 9
Street "preflop" started. (community card = [])
name: b11902111, hole_card: ['S2', 'S5']
name: b09701248, hole_card: ['C4', 'DA']
"b09701248" declared "call:10"
name: b11902111, hole_card: ['S2', 'S5']
name: b09701248, hole_card: ['C4', 'DA']
"b11902111" declared "fold:0"
"['b09701248']" won the round 9 (stack = {'b11902111': 1274.0, 'b09701248': 724.9252297045583})
community cards of this round: ['SK', 'D8', 'HA', 'H3', 'DJ']
name: b11902111, hole_card: ['C4', 'C2']
name: b09701248, hole_card: ['S7', 'S5']
Started the round 10
Street "preflop" started. (community card = [])
name: b11902111, hole_card: ['C4', 'C2']
name: b09701248, hole_card: ['S7', 'S5']
"b11902111" declared "fold:0"
"['b09701248']" won the round 10 (stack = {'b11902111': 1269.0, 'b09701248': 729.9252297045583})
community cards of this round: ['C9', 'HQ', 'S7', 'S8', 'CT']
name: b11902111, hole_card: ['DJ', 'CQ']
name: b09701248, hole_card: ['D8', 'DQ']
Started the round 11
Street "preflop" started. (community card = [])
name: b11902111, hole_card: ['DJ', 'CQ']
name: b09701248, hole_card: ['D8', 'DQ']
"b09701248" declared "raise:187.22459251424175"
name: b11902111, hole_card: ['DJ', 'CQ']
name: b09701248, hole_card: ['D8', 'DQ']
"b11902111" declared "fold:0"
"['b09701248']" won the round 11 (stack = {'b11902111': 1259.0, 'b09701248': 739.7006371903166})
community cards of this round: ['DA', 'H8', 'HA', 'SA', 'DT']
name: b11902111, hole_card: ['SJ', 'DJ']
name: b09701248, hole_card: ['H4', 'D8']
Started the round 12
Street "preflop" started. (community card = [])
name: b11902111, hole_card: ['SJ', 'DJ']
name: b09701248, hole_card: ['H4', 'D8']
"b11902111" declared "fold:0"
"['b09701248']" won the round 12 (stack = {'b11902111': 1254.0, 'b09701248': 744.7006371903166})
community cards of this round: ['DK', 'CQ', 'CT', 'C9', 'C3']
name: b11902111, hole_card: ['D4', 'D7']
name: b09701248, hole_card: ['HT', 'CK']
Started the round 13
Street "preflop" started. (community card = [])
name: b11902111, hole_card: ['D4', 'D7']
name: b09701248, hole_card: ['HT', 'CK']
"b09701248" declared "raise:91.8888662677929"
name: b11902111, hole_card: ['D4', 'D7']
name: b09701248, hole_card: ['HT', 'CK']
"b11902111" declared "fold:0"
"['b09701248']" won the round 13 (stack = {'b11902111': 1244.0, 'b09701248': 753.8117709225237})
community cards of this round: ['C8', 'CA', 'C4', 'D4', 'H9']
name: b11902111, hole_card: ['DA', 'S4']
name: b09701248, hole_card: ['HA', 'D7']
Started the round 14
Street "preflop" started. (community card = [])
name: b11902111, hole_card: ['DA', 'S4']
name: b09701248, hole_card: ['HA', 'D7']
"b11902111" declared "fold:0"
"['b09701248']" won the round 14 (stack = {'b11902111': 1239.0, 'b09701248': 758.8117709225237})
community cards of this round: ['S4', 'HQ', 'H3', 'S3', 'C5']
name: b11902111, hole_card: ['HJ', 'C4']
name: b09701248, hole_card: ['DA', 'HA']
Started the round 15
Street "preflop" started. (community card = [])
name: b11902111, hole_card: ['HJ', 'C4']
name: b09701248, hole_card: ['DA', 'HA']
"b09701248" declared "raise:16.743811770922523"
name: b11902111, hole_card: ['HJ', 'C4']
name: b09701248, hole_card: ['DA', 'HA']
"b11902111" declared "fold:0"
"['b09701248']" won the round 15 (stack = {'b11902111': 1229.0, 'b09701248': 768.0679591516011})
community cards of this round: ['D4', 'SK', 'H8', 'C9', 'CT']
name: b11902111, hole_card: ['H9', 'SA']
name: b09701248, hole_card: ['ST', 'HQ']
Started the round 16
Street "preflop" started. (community card = [])
name: b11902111, hole_card: ['H9', 'SA']
name: b09701248, hole_card: ['ST', 'HQ']
"b11902111" declared "fold:0"
"['b09701248']" won the round 16 (stack = {'b11902111': 1224.0, 'b09701248': 773.0679591516011})
community cards of this round: ['DQ', 'HQ', 'S8', 'S7', 'C8']
name: b11902111, hole_card: ['CT', 'D8']
name: b09701248, hole_card: ['SJ', 'S6']
Started the round 17
Street "preflop" started. (community card = [])
name: b11902111, hole_card: ['CT', 'D8']
name: b09701248, hole_card: ['SJ', 'S6']
"b09701248" declared "fold:0"
"['b11902111']" won the round 17 (stack = {'b11902111': 1229.0, 'b09701248': 768.0679591516011})
community cards of this round: ['C5', 'D4', 'C7', 'S4', 'C2']
name: b11902111, hole_card: ['S7', 'S5']
name: b09701248, hole_card: ['D2', 'D3']
Started the round 18
Street "preflop" started. (community card = [])
name: b11902111, hole_card: ['S7', 'S5']
name: b09701248, hole_card: ['D2', 'D3']
"b11902111" declared "fold:0"
"['b09701248']" won the round 18 (stack = {'b11902111': 1224.0, 'b09701248': 773.0679591516011})
community cards of this round: ['SJ', 'S8', 'D6', 'C4', 'C9']
name: b11902111, hole_card: ['CQ', 'DT']
name: b09701248, hole_card: ['H4', 'D2']
Started the round 19
Street "preflop" started. (community card = [])
name: b11902111, hole_card: ['CQ', 'DT']
name: b09701248, hole_card: ['H4', 'D2']
"b09701248" declared "fold:0"
"['b11902111']" won the round 19 (stack = {'b11902111': 1229.0, 'b09701248': 768.0679591516011})
community cards of this round: ['SA', 'CQ', 'D7', 'C5', 'HA']
name: b11902111, hole_card: ['DQ', 'C2']
name: b09701248, hole_card: ['DT', 'CA']
Started the round 20
Street "preflop" started. (community card = [])
name: b11902111, hole_card: ['DQ', 'C2']
name: b09701248, hole_card: ['DT', 'CA']
"b11902111" declared "fold:0"
"['b09701248']" won the round 20 (stack = {'b11902111': 1224.0, 'b09701248': 773.0679591516011})
b09701248 vs b11902111 - Game 5: {'rule': {'initial_stack': 1000, 'max_round': 20, 'small_blind_amount': 5, 'ante': 0, 'blind_structure': {}}, 'players': [{'name': 'b11902111', 'uuid': 'wvgewpktoewcyjisyoyexk', 'stack': 1224.0, 'state': 'participating'}, {'name': 'b09701248', 'uuid': 'ohbnrzmfpcuwqqmpomkwce', 'stack': 773.0679591516011, 'state': 'participating'}]}
Final Result: b09701248 won 1 games (stack: 3636.2789512904283), b11902111 won 4 games (stack: 6355.6096068085935), num ties: 0
