146630
106649
community cards of this round: ['S9', 'D4', 'H6', 'D8', 'C5']
name: b11902107, hole_card: ['C6', 'HJ']
name: b09701214, hole_card: ['S6', 'H7']
Started the round 1
Street "preflop" started. (community card = [])
name: b11902107, hole_card: ['C6', 'HJ']
name: b09701214, hole_card: ['S6', 'H7']
"b09701214" declared "call:10"
name: b11902107, hole_card: ['C6', 'HJ']
name: b09701214, hole_card: ['S6', 'H7']
"b11902107" declared "call:10"
Street "flop" started. (community card = ['S9', 'D4', 'H6'])
name: b11902107, hole_card: ['C6', 'HJ']
name: b09701214, hole_card: ['S6', 'H7']
"b09701214" declared "call:0"
name: b11902107, hole_card: ['C6', 'HJ']
name: b09701214, hole_card: ['S6', 'H7']
"b11902107" declared "raise:10"
name: b11902107, hole_card: ['C6', 'HJ']
name: b09701214, hole_card: ['S6', 'H7']
"b09701214" declared "call:10"
Street "turn" started. (community card = ['S9', 'D4', 'H6', 'D8'])
name: b11902107, hole_card: ['C6', 'HJ']
name: b09701214, hole_card: ['S6', 'H7']
"b09701214" declared "raise:321"
name: b11902107, hole_card: ['C6', 'HJ']
name: b09701214, hole_card: ['S6', 'H7']
"b11902107" declared "call:321"
Street "river" started. (community card = ['S9', 'D4', 'H6', 'D8', 'C5'])
name: b11902107, hole_card: ['C6', 'HJ']
name: b09701214, hole_card: ['S6', 'H7']
"b09701214" declared "raise:241"
name: b11902107, hole_card: ['C6', 'HJ']
name: b09701214, hole_card: ['S6', 'H7']
"b11902107" declared "call:241"
"['b09701214']" won the round 1 (stack = {'b11902107': 418, 'b09701214': 1582})
community cards of this round: ['CJ', 'C5', 'H9', 'S7', 'DK']
name: b11902107, hole_card: ['HA', 'HQ']
name: b09701214, hole_card: ['S4', 'D6']
Started the round 2
Street "preflop" started. (community card = [])
name: b11902107, hole_card: ['HA', 'HQ']
name: b09701214, hole_card: ['S4', 'D6']
"b11902107" declared "call:10"
name: b11902107, hole_card: ['HA', 'HQ']
name: b09701214, hole_card: ['S4', 'D6']
"b09701214" declared "raise:833"
name: b11902107, hole_card: ['HA', 'HQ']
name: b09701214, hole_card: ['S4', 'D6']
"b11902107" declared "raise:-1", Invalid action. Treat as fold...
"['b09701214']" won the round 2 (stack = {'b11902107': 408, 'b09701214': 1592})
community cards of this round: ['HQ', 'ST', 'H7', 'HJ', 'D8']
name: b11902107, hole_card: ['D5', 'S6']
name: b09701214, hole_card: ['DT', 'HT']
Started the round 3
Street "preflop" started. (community card = [])
name: b11902107, hole_card: ['D5', 'S6']
name: b09701214, hole_card: ['DT', 'HT']
"b09701214" declared "fold:0"
"['b11902107']" won the round 3 (stack = {'b11902107': 413, 'b09701214': 1587})
community cards of this round: ['S9', 'C5', 'S3', 'CQ', 'H2']
name: b11902107, hole_card: ['S4', 'D5']
name: b09701214, hole_card: ['HK', 'CK']
Started the round 4
Street "preflop" started. (community card = [])
name: b11902107, hole_card: ['S4', 'D5']
name: b09701214, hole_card: ['HK', 'CK']
"b11902107" declared "call:10"
name: b11902107, hole_card: ['S4', 'D5']
name: b09701214, hole_card: ['HK', 'CK']
"b09701214" declared "raise:449"
name: b11902107, hole_card: ['S4', 'D5']
name: b09701214, hole_card: ['HK', 'CK']
"b11902107" declared "call:449"
Street "flop" started. (community card = ['S9', 'C5', 'S3'])
Street "turn" started. (community card = ['S9', 'C5', 'S3', 'CQ'])
Street "river" started. (community card = ['S9', 'C5', 'S3', 'CQ', 'H2'])
"['b09701214']" won the round 4 (stack = {'b11902107': 0, 'b09701214': 2000})
b09701214 vs b11902107 - Game 1: {'rule': {'initial_stack': 1000, 'max_round': 20, 'small_blind_amount': 5, 'ante': 0, 'blind_structure': {}}, 'players': [{'name': 'b11902107', 'uuid': 'henlpwomrcdcxtbnonagun', 'stack': 0, 'state': 'folded'}, {'name': 'b09701214', 'uuid': 'qugvqywjhtlcxreudfdrsa', 'stack': 2000, 'state': 'participating'}]}
146630
106649
community cards of this round: ['S9', 'D4', 'H6', 'D8', 'C5']
name: b09701214, hole_card: ['C6', 'HJ']
name: b11902107, hole_card: ['S6', 'H7']
Started the round 1
Street "preflop" started. (community card = [])
name: b09701214, hole_card: ['C6', 'HJ']
name: b11902107, hole_card: ['S6', 'H7']
"b11902107" declared "call:10"
name: b09701214, hole_card: ['C6', 'HJ']
name: b11902107, hole_card: ['S6', 'H7']
"b09701214" declared "call:10"
Street "flop" started. (community card = ['S9', 'D4', 'H6'])
name: b09701214, hole_card: ['C6', 'HJ']
name: b11902107, hole_card: ['S6', 'H7']
"b11902107" declared "call:0"
name: b09701214, hole_card: ['C6', 'HJ']
name: b11902107, hole_card: ['S6', 'H7']
"b09701214" declared "call:0"
Street "turn" started. (community card = ['S9', 'D4', 'H6', 'D8'])
name: b09701214, hole_card: ['C6', 'HJ']
name: b11902107, hole_card: ['S6', 'H7']
"b11902107" declared "raise:43.36560729282933"
name: b09701214, hole_card: ['C6', 'HJ']
name: b11902107, hole_card: ['S6', 'H7']
"b09701214" declared "raise:284"
name: b09701214, hole_card: ['C6', 'HJ']
name: b11902107, hole_card: ['S6', 'H7']
"b11902107" declared "call:284"
Street "river" started. (community card = ['S9', 'D4', 'H6', 'D8', 'C5'])
name: b09701214, hole_card: ['C6', 'HJ']
name: b11902107, hole_card: ['S6', 'H7']
"b11902107" declared "raise:227.055152935232"
name: b09701214, hole_card: ['C6', 'HJ']
name: b11902107, hole_card: ['S6', 'H7']
"b09701214" declared "raise:513"
name: b09701214, hole_card: ['C6', 'HJ']
name: b11902107, hole_card: ['S6', 'H7']
"b11902107" declared "call:513"
"['b11902107']" won the round 1 (stack = {'b09701214': 193, 'b11902107': 1807.0})
community cards of this round: ['CJ', 'C5', 'H9', 'S7', 'DK']
name: b09701214, hole_card: ['HA', 'HQ']
name: b11902107, hole_card: ['S4', 'D6']
Started the round 2
Street "preflop" started. (community card = [])
name: b09701214, hole_card: ['HA', 'HQ']
name: b11902107, hole_card: ['S4', 'D6']
"b09701214" declared "raise:69"
name: b09701214, hole_card: ['HA', 'HQ']
name: b11902107, hole_card: ['S4', 'D6']
"b11902107" declared "fold:0"
"['b09701214']" won the round 2 (stack = {'b09701214': 203, 'b11902107': 1797.0})
community cards of this round: ['HQ', 'ST', 'H7', 'HJ', 'D8']
name: b09701214, hole_card: ['D5', 'S6']
name: b11902107, hole_card: ['DT', 'HT']
Started the round 3
Street "preflop" started. (community card = [])
name: b09701214, hole_card: ['D5', 'S6']
name: b11902107, hole_card: ['DT', 'HT']
"b11902107" declared "fold:0"
"['b09701214']" won the round 3 (stack = {'b09701214': 208, 'b11902107': 1792.0})
community cards of this round: ['S9', 'C5', 'S3', 'CQ', 'H2']
name: b09701214, hole_card: ['S4', 'D5']
name: b11902107, hole_card: ['HK', 'CK']
Started the round 4
Street "preflop" started. (community card = [])
name: b09701214, hole_card: ['S4', 'D5']
name: b11902107, hole_card: ['HK', 'CK']
"b09701214" declared "fold:0"
"['b11902107']" won the round 4 (stack = {'b09701214': 203, 'b11902107': 1797.0})
community cards of this round: ['HJ', 'D4', 'C9', 'C4', 'H3']
name: b09701214, hole_card: ['D2', 'D5']
name: b11902107, hole_card: ['CT', 'SQ']
Started the round 5
Street "preflop" started. (community card = [])
name: b09701214, hole_card: ['D2', 'D5']
name: b11902107, hole_card: ['CT', 'SQ']
"b11902107" declared "fold:0"
"['b09701214']" won the round 5 (stack = {'b09701214': 208, 'b11902107': 1792.0})
community cards of this round: ['D5', 'C6', 'CA', 'HT', 'D3']
name: b09701214, hole_card: ['H2', 'CJ']
name: b11902107, hole_card: ['DQ', 'D7']
Started the round 6
Street "preflop" started. (community card = [])
name: b09701214, hole_card: ['H2', 'CJ']
name: b11902107, hole_card: ['DQ', 'D7']
"b09701214" declared "raise:84"
name: b09701214, hole_card: ['H2', 'CJ']
name: b11902107, hole_card: ['DQ', 'D7']
"b11902107" declared "fold:0"
"['b09701214']" won the round 6 (stack = {'b09701214': 218, 'b11902107': 1782.0})
community cards of this round: ['CT', 'DK', 'S3', 'CK', 'C8']
name: b09701214, hole_card: ['D4', 'HQ']
name: b11902107, hole_card: ['D9', 'DQ']
Started the round 7
Street "preflop" started. (community card = [])
name: b09701214, hole_card: ['D4', 'HQ']
name: b11902107, hole_card: ['D9', 'DQ']
"b11902107" declared "fold:0"
"['b09701214']" won the round 7 (stack = {'b09701214': 223, 'b11902107': 1777.0})
community cards of this round: ['D3', 'C5', 'C8', 'CT', 'SK']
name: b09701214, hole_card: ['HJ', 'D4']
name: b11902107, hole_card: ['H5', 'H2']
Started the round 8
Street "preflop" started. (community card = [])
name: b09701214, hole_card: ['HJ', 'D4']
name: b11902107, hole_card: ['H5', 'H2']
"b09701214" declared "raise:72"
name: b09701214, hole_card: ['HJ', 'D4']
name: b11902107, hole_card: ['H5', 'H2']
"b11902107" declared "fold:0"
"['b09701214']" won the round 8 (stack = {'b09701214': 233, 'b11902107': 1767.0})
community cards of this round: ['H6', 'D5', 'D6', 'C3', 'D8']
name: b09701214, hole_card: ['H5', 'C2']
name: b11902107, hole_card: ['CA', 'D3']
Started the round 9
Street "preflop" started. (community card = [])
name: b09701214, hole_card: ['H5', 'C2']
name: b11902107, hole_card: ['CA', 'D3']
"b11902107" declared "fold:0"
"['b09701214']" won the round 9 (stack = {'b09701214': 238, 'b11902107': 1762.0})
community cards of this round: ['C8', 'DK', 'D2', 'C6', 'HT']
name: b09701214, hole_card: ['S3', 'D3']
name: b11902107, hole_card: ['H7', 'C3']
Started the round 10
Street "preflop" started. (community card = [])
name: b09701214, hole_card: ['S3', 'D3']
name: b11902107, hole_card: ['H7', 'C3']
"b09701214" declared "raise:115"
name: b09701214, hole_card: ['S3', 'D3']
name: b11902107, hole_card: ['H7', 'C3']
"b11902107" declared "fold:0"
"['b09701214']" won the round 10 (stack = {'b09701214': 248, 'b11902107': 1752.0})
community cards of this round: ['S5', 'HT', 'HJ', 'S9', 'C7']
name: b09701214, hole_card: ['SJ', 'CA']
name: b11902107, hole_card: ['S6', 'SK']
Started the round 11
Street "preflop" started. (community card = [])
name: b09701214, hole_card: ['SJ', 'CA']
name: b11902107, hole_card: ['S6', 'SK']
"b11902107" declared "fold:0"
"['b09701214']" won the round 11 (stack = {'b09701214': 253, 'b11902107': 1747.0})
community cards of this round: ['CQ', 'H9', 'H7', 'H5', 'C3']
name: b09701214, hole_card: ['DJ', 'SA']
name: b11902107, hole_card: ['CT', 'H3']
Started the round 12
Street "preflop" started. (community card = [])
name: b09701214, hole_card: ['DJ', 'SA']
name: b11902107, hole_card: ['CT', 'H3']
"b09701214" declared "raise:99"
name: b09701214, hole_card: ['DJ', 'SA']
name: b11902107, hole_card: ['CT', 'H3']
"b11902107" declared "fold:0"
"['b09701214']" won the round 12 (stack = {'b09701214': 263, 'b11902107': 1737.0})
community cards of this round: ['DJ', 'H4', 'CA', 'D7', 'C8']
name: b09701214, hole_card: ['D9', 'S4']
name: b11902107, hole_card: ['DQ', 'H2']
Started the round 13
Street "preflop" started. (community card = [])
name: b09701214, hole_card: ['D9', 'S4']
name: b11902107, hole_card: ['DQ', 'H2']
"b11902107" declared "fold:0"
"['b09701214']" won the round 13 (stack = {'b09701214': 268, 'b11902107': 1732.0})
community cards of this round: ['C5', 'D7', 'DQ', 'S9', 'DT']
name: b09701214, hole_card: ['CJ', 'S6']
name: b11902107, hole_card: ['SA', 'C7']
Started the round 14
Street "preflop" started. (community card = [])
name: b09701214, hole_card: ['CJ', 'S6']
name: b11902107, hole_card: ['SA', 'C7']
"b09701214" declared "fold:0"
"['b11902107']" won the round 14 (stack = {'b09701214': 263, 'b11902107': 1737.0})
community cards of this round: ['S2', 'CK', 'C4', 'S8', 'D4']
name: b09701214, hole_card: ['DQ', 'H7']
name: b11902107, hole_card: ['SQ', 'H9']
Started the round 15
Street "preflop" started. (community card = [])
name: b09701214, hole_card: ['DQ', 'H7']
name: b11902107, hole_card: ['SQ', 'H9']
"b11902107" declared "fold:0"
"['b09701214']" won the round 15 (stack = {'b09701214': 268, 'b11902107': 1732.0})
community cards of this round: ['DT', 'H5', 'CA', 'S5', 'C6']
name: b09701214, hole_card: ['HT', 'D7']
name: b11902107, hole_card: ['SK', 'ST']
Started the round 16
Street "preflop" started. (community card = [])
name: b09701214, hole_card: ['HT', 'D7']
name: b11902107, hole_card: ['SK', 'ST']
"b09701214" declared "raise:59"
name: b09701214, hole_card: ['HT', 'D7']
name: b11902107, hole_card: ['SK', 'ST']
"b11902107" declared "fold:0"
"['b09701214']" won the round 16 (stack = {'b09701214': 278, 'b11902107': 1722.0})
community cards of this round: ['C8', 'DQ', 'H2', 'S2', 'H9']
name: b09701214, hole_card: ['SQ', 'HQ']
name: b11902107, hole_card: ['C4', 'S9']
Started the round 17
Street "preflop" started. (community card = [])
name: b09701214, hole_card: ['SQ', 'HQ']
name: b11902107, hole_card: ['C4', 'S9']
"b11902107" declared "fold:0"
"['b09701214']" won the round 17 (stack = {'b09701214': 283, 'b11902107': 1717.0})
community cards of this round: ['D5', 'HT', 'HK', 'SQ', 'ST']
name: b09701214, hole_card: ['C9', 'C3']
name: b11902107, hole_card: ['S2', 'D8']
Started the round 18
Street "preflop" started. (community card = [])
name: b09701214, hole_card: ['C9', 'C3']
name: b11902107, hole_card: ['S2', 'D8']
"b09701214" declared "call:10"
name: b09701214, hole_card: ['C9', 'C3']
name: b11902107, hole_card: ['S2', 'D8']
"b11902107" declared "fold:0"
"['b09701214']" won the round 18 (stack = {'b09701214': 293, 'b11902107': 1707.0})
community cards of this round: ['C9', 'S5', 'H2', 'CJ', 'HA']
name: b09701214, hole_card: ['S7', 'C5']
name: b11902107, hole_card: ['CT', 'S3']
Started the round 19
Street "preflop" started. (community card = [])
name: b09701214, hole_card: ['S7', 'C5']
name: b11902107, hole_card: ['CT', 'S3']
"b11902107" declared "fold:0"
"['b09701214']" won the round 19 (stack = {'b09701214': 298, 'b11902107': 1702.0})
community cards of this round: ['HJ', 'S4', 'H7', 'DQ', 'D2']
name: b09701214, hole_card: ['SQ', 'C7']
name: b11902107, hole_card: ['H6', 'HT']
Started the round 20
Street "preflop" started. (community card = [])
name: b09701214, hole_card: ['SQ', 'C7']
name: b11902107, hole_card: ['H6', 'HT']
"b09701214" declared "call:10"
name: b09701214, hole_card: ['SQ', 'C7']
name: b11902107, hole_card: ['H6', 'HT']
"b11902107" declared "fold:0"
"['b09701214']" won the round 20 (stack = {'b09701214': 308, 'b11902107': 1692.0})
b09701214 vs b11902107 - Game 2: {'rule': {'initial_stack': 1000, 'max_round': 20, 'small_blind_amount': 5, 'ante': 0, 'blind_structure': {}}, 'players': [{'name': 'b09701214', 'uuid': 'ibjhckqrnsjymvctwbfusj', 'stack': 308, 'state': 'participating'}, {'name': 'b11902107', 'uuid': 'mdrkslbilijzpcmvnslihc', 'stack': 1692.0, 'state': 'participating'}]}
146630
106649
community cards of this round: ['DK', 'CK', 'D3', 'C3', 'H2']
name: b11902107, hole_card: ['S5', 'HJ']
name: b09701214, hole_card: ['H5', 'ST']
Started the round 1
Street "preflop" started. (community card = [])
name: b11902107, hole_card: ['S5', 'HJ']
name: b09701214, hole_card: ['H5', 'ST']
"b09701214" declared "raise:273"
name: b11902107, hole_card: ['S5', 'HJ']
name: b09701214, hole_card: ['H5', 'ST']
"b11902107" declared "fold:0"
"['b09701214']" won the round 1 (stack = {'b11902107': 990, 'b09701214': 1010})
community cards of this round: ['H4', 'DK', 'S9', 'CA', 'SJ']
name: b11902107, hole_card: ['H5', 'H3']
name: b09701214, hole_card: ['DA', 'C5']
Started the round 2
Street "preflop" started. (community card = [])
name: b11902107, hole_card: ['H5', 'H3']
name: b09701214, hole_card: ['DA', 'C5']
"b11902107" declared "call:10"
name: b11902107, hole_card: ['H5', 'H3']
name: b09701214, hole_card: ['DA', 'C5']
"b09701214" declared "raise:250"
name: b11902107, hole_card: ['H5', 'H3']
name: b09701214, hole_card: ['DA', 'C5']
"b11902107" declared "fold:0"
"['b09701214']" won the round 2 (stack = {'b11902107': 980, 'b09701214': 1020})
community cards of this round: ['C5', 'D5', 'H7', 'S3', 'DA']
name: b11902107, hole_card: ['CA', 'CK']
name: b09701214, hole_card: ['SK', 'D6']
Started the round 3
Street "preflop" started. (community card = [])
name: b11902107, hole_card: ['CA', 'CK']
name: b09701214, hole_card: ['SK', 'D6']
"b09701214" declared "call:10"
name: b11902107, hole_card: ['CA', 'CK']
name: b09701214, hole_card: ['SK', 'D6']
"b11902107" declared "call:10"
Street "flop" started. (community card = ['C5', 'D5', 'H7'])
name: b11902107, hole_card: ['CA', 'CK']
name: b09701214, hole_card: ['SK', 'D6']
"b09701214" declared "call:0"
name: b11902107, hole_card: ['CA', 'CK']
name: b09701214, hole_card: ['SK', 'D6']
"b11902107" declared "raise:10"
name: b11902107, hole_card: ['CA', 'CK']
name: b09701214, hole_card: ['SK', 'D6']
"b09701214" declared "call:10"
Street "turn" started. (community card = ['C5', 'D5', 'H7', 'S3'])
name: b11902107, hole_card: ['CA', 'CK']
name: b09701214, hole_card: ['SK', 'D6']
"b09701214" declared "call:0"
name: b11902107, hole_card: ['CA', 'CK']
name: b09701214, hole_card: ['SK', 'D6']
"b11902107" declared "call:0"
Street "river" started. (community card = ['C5', 'D5', 'H7', 'S3', 'DA'])
name: b11902107, hole_card: ['CA', 'CK']
name: b09701214, hole_card: ['SK', 'D6']
"b09701214" declared "call:0"
name: b11902107, hole_card: ['CA', 'CK']
name: b09701214, hole_card: ['SK', 'D6']
"b11902107" declared "raise:112.65372048170403"
name: b11902107, hole_card: ['CA', 'CK']
name: b09701214, hole_card: ['SK', 'D6']
"b09701214" declared "raise:435"
name: b11902107, hole_card: ['CA', 'CK']
name: b09701214, hole_card: ['SK', 'D6']
"b11902107" declared "call:435"
"['b11902107']" won the round 3 (stack = {'b11902107': 1435.0, 'b09701214': 565})
community cards of this round: ['S8', 'DK', 'DJ', 'D7', 'SQ']
name: b11902107, hole_card: ['CT', 'DA']
name: b09701214, hole_card: ['HA', 'H8']
Started the round 4
Street "preflop" started. (community card = [])
name: b11902107, hole_card: ['CT', 'DA']
name: b09701214, hole_card: ['HA', 'H8']
"b11902107" declared "fold:0"
"['b09701214']" won the round 4 (stack = {'b11902107': 1430.0, 'b09701214': 570})
community cards of this round: ['ST', 'SQ', 'CA', 'DK', 'HK']
name: b11902107, hole_card: ['C5', 'D9']
name: b09701214, hole_card: ['D3', 'CK']
Started the round 5
Street "preflop" started. (community card = [])
name: b11902107, hole_card: ['C5', 'D9']
name: b09701214, hole_card: ['D3', 'CK']
"b09701214" declared "raise:143"
name: b11902107, hole_card: ['C5', 'D9']
name: b09701214, hole_card: ['D3', 'CK']
"b11902107" declared "fold:0"
"['b09701214']" won the round 5 (stack = {'b11902107': 1420.0, 'b09701214': 580})
community cards of this round: ['CJ', 'DK', 'C7', 'C4', 'CK']
name: b11902107, hole_card: ['D4', 'D8']
name: b09701214, hole_card: ['C8', 'HK']
Started the round 6
Street "preflop" started. (community card = [])
name: b11902107, hole_card: ['D4', 'D8']
name: b09701214, hole_card: ['C8', 'HK']
"b11902107" declared "fold:0"
"['b09701214']" won the round 6 (stack = {'b11902107': 1415.0, 'b09701214': 585})
community cards of this round: ['C5', 'CJ', 'H8', 'HA', 'C6']
name: b11902107, hole_card: ['S4', 'D6']
name: b09701214, hole_card: ['CQ', 'SJ']
Started the round 7
Street "preflop" started. (community card = [])
name: b11902107, hole_card: ['S4', 'D6']
name: b09701214, hole_card: ['CQ', 'SJ']
"b09701214" declared "raise:142"
name: b11902107, hole_card: ['S4', 'D6']
name: b09701214, hole_card: ['CQ', 'SJ']
"b11902107" declared "fold:0"
"['b09701214']" won the round 7 (stack = {'b11902107': 1405.0, 'b09701214': 595})
community cards of this round: ['S3', 'SJ', 'CA', 'CT', 'D7']
name: b11902107, hole_card: ['SQ', 'SA']
name: b09701214, hole_card: ['SK', 'D6']
Started the round 8
Street "preflop" started. (community card = [])
name: b11902107, hole_card: ['SQ', 'SA']
name: b09701214, hole_card: ['SK', 'D6']
"b11902107" declared "fold:0"
"['b09701214']" won the round 8 (stack = {'b11902107': 1400.0, 'b09701214': 600})
community cards of this round: ['H5', 'D7', 'H4', 'D8', 'S3']
name: b11902107, hole_card: ['S7', 'CK']
name: b09701214, hole_card: ['S2', 'DT']
Started the round 9
Street "preflop" started. (community card = [])
name: b11902107, hole_card: ['S7', 'CK']
name: b09701214, hole_card: ['S2', 'DT']
"b09701214" declared "raise:140"
name: b11902107, hole_card: ['S7', 'CK']
name: b09701214, hole_card: ['S2', 'DT']
"b11902107" declared "fold:0"
"['b09701214']" won the round 9 (stack = {'b11902107': 1390.0, 'b09701214': 610})
community cards of this round: ['D8', 'C4', 'H5', 'D6', 'H3']
name: b11902107, hole_card: ['SK', 'H4']
name: b09701214, hole_card: ['CA', 'S8']
Started the round 10
Street "preflop" started. (community card = [])
name: b11902107, hole_card: ['SK', 'H4']
name: b09701214, hole_card: ['CA', 'S8']
"b11902107" declared "fold:0"
"['b09701214']" won the round 10 (stack = {'b11902107': 1385.0, 'b09701214': 615})
community cards of this round: ['CK', 'ST', 'D9', 'DJ', 'H8']
name: b11902107, hole_card: ['C4', 'C9']
name: b09701214, hole_card: ['CA', 'D5']
Started the round 11
Street "preflop" started. (community card = [])
name: b11902107, hole_card: ['C4', 'C9']
name: b09701214, hole_card: ['CA', 'D5']
"b09701214" declared "raise:175"
name: b11902107, hole_card: ['C4', 'C9']
name: b09701214, hole_card: ['CA', 'D5']
"b11902107" declared "fold:0"
"['b09701214']" won the round 11 (stack = {'b11902107': 1375.0, 'b09701214': 625})
community cards of this round: ['CT', 'C3', 'D9', 'D8', 'D7']
name: b11902107, hole_card: ['HQ', 'CQ']
name: b09701214, hole_card: ['SA', 'DQ']
Started the round 12
Street "preflop" started. (community card = [])
name: b11902107, hole_card: ['HQ', 'CQ']
name: b09701214, hole_card: ['SA', 'DQ']
"b11902107" declared "fold:0"
"['b09701214']" won the round 12 (stack = {'b11902107': 1370.0, 'b09701214': 630})
community cards of this round: ['S6', 'DA', 'H6', 'D6', 'C4']
name: b11902107, hole_card: ['DK', 'H3']
name: b09701214, hole_card: ['HA', 'SK']
Started the round 13
Street "preflop" started. (community card = [])
name: b11902107, hole_card: ['DK', 'H3']
name: b09701214, hole_card: ['HA', 'SK']
"b09701214" declared "raise:138"
name: b11902107, hole_card: ['DK', 'H3']
name: b09701214, hole_card: ['HA', 'SK']
"b11902107" declared "fold:0"
"['b09701214']" won the round 13 (stack = {'b11902107': 1360.0, 'b09701214': 640})
community cards of this round: ['D5', 'C9', 'S3', 'H5', 'S8']
name: b11902107, hole_card: ['D6', 'D3']
name: b09701214, hole_card: ['SK', 'SA']
Started the round 14
Street "preflop" started. (community card = [])
name: b11902107, hole_card: ['D6', 'D3']
name: b09701214, hole_card: ['SK', 'SA']
"b11902107" declared "fold:0"
"['b09701214']" won the round 14 (stack = {'b11902107': 1355.0, 'b09701214': 645})
community cards of this round: ['C4', 'S8', 'D2', 'D9', 'DA']
name: b11902107, hole_card: ['CK', 'HK']
name: b09701214, hole_card: ['H2', 'D4']
Started the round 15
Street "preflop" started. (community card = [])
name: b11902107, hole_card: ['CK', 'HK']
name: b09701214, hole_card: ['H2', 'D4']
"b09701214" declared "call:10"
name: b11902107, hole_card: ['CK', 'HK']
name: b09701214, hole_card: ['H2', 'D4']
"b11902107" declared "fold:0"
"['b09701214']" won the round 15 (stack = {'b11902107': 1345.0, 'b09701214': 655})
community cards of this round: ['SJ', 'D4', 'CT', 'CA', 'HK']
name: b11902107, hole_card: ['D8', 'C5']
name: b09701214, hole_card: ['D7', 'DJ']
Started the round 16
Street "preflop" started. (community card = [])
name: b11902107, hole_card: ['D8', 'C5']
name: b09701214, hole_card: ['D7', 'DJ']
"b11902107" declared "fold:0"
"['b09701214']" won the round 16 (stack = {'b11902107': 1340.0, 'b09701214': 660})
community cards of this round: ['HJ', 'S6', 'S9', 'DJ', 'D7']
name: b11902107, hole_card: ['D8', 'D2']
name: b09701214, hole_card: ['C8', 'S7']
Started the round 17
Street "preflop" started. (community card = [])
name: b11902107, hole_card: ['D8', 'D2']
name: b09701214, hole_card: ['C8', 'S7']
"b09701214" declared "raise:217"
name: b11902107, hole_card: ['D8', 'D2']
name: b09701214, hole_card: ['C8', 'S7']
"b11902107" declared "fold:0"
"['b09701214']" won the round 17 (stack = {'b11902107': 1330.0, 'b09701214': 670})
community cards of this round: ['DQ', 'D7', 'D8', 'ST', 'SQ']
name: b11902107, hole_card: ['H5', 'S8']
name: b09701214, hole_card: ['H7', 'C4']
Started the round 18
Street "preflop" started. (community card = [])
name: b11902107, hole_card: ['H5', 'S8']
name: b09701214, hole_card: ['H7', 'C4']
"b11902107" declared "fold:0"
"['b09701214']" won the round 18 (stack = {'b11902107': 1325.0, 'b09701214': 675})
community cards of this round: ['DT', 'D8', 'H2', 'SA', 'ST']
name: b11902107, hole_card: ['CT', 'H5']
name: b09701214, hole_card: ['H7', 'D5']
Started the round 19
Street "preflop" started. (community card = [])
name: b11902107, hole_card: ['CT', 'H5']
name: b09701214, hole_card: ['H7', 'D5']
"b09701214" declared "raise:108"
name: b11902107, hole_card: ['CT', 'H5']
name: b09701214, hole_card: ['H7', 'D5']
"b11902107" declared "fold:0"
"['b09701214']" won the round 19 (stack = {'b11902107': 1315.0, 'b09701214': 685})
community cards of this round: ['C7', 'S3', 'S7', 'H5', 'SK']
name: b11902107, hole_card: ['DA', 'D9']
name: b09701214, hole_card: ['C4', 'HJ']
Started the round 20
Street "preflop" started. (community card = [])
name: b11902107, hole_card: ['DA', 'D9']
name: b09701214, hole_card: ['C4', 'HJ']
"b11902107" declared "fold:0"
"['b09701214']" won the round 20 (stack = {'b11902107': 1310.0, 'b09701214': 690})
b09701214 vs b11902107 - Game 3: {'rule': {'initial_stack': 1000, 'max_round': 20, 'small_blind_amount': 5, 'ante': 0, 'blind_structure': {}}, 'players': [{'name': 'b11902107', 'uuid': 'igfzzmwbuyhtpzucqijwhs', 'stack': 1310.0, 'state': 'participating'}, {'name': 'b09701214', 'uuid': 'dtqunacwbvrgkhjbwbbizo', 'stack': 690, 'state': 'participating'}]}
146630
106649
community cards of this round: ['DK', 'CK', 'D3', 'C3', 'H2']
name: b09701214, hole_card: ['S5', 'HJ']
name: b11902107, hole_card: ['H5', 'ST']
Started the round 1
Street "preflop" started. (community card = [])
name: b09701214, hole_card: ['S5', 'HJ']
name: b11902107, hole_card: ['H5', 'ST']
"b11902107" declared "call:10"
name: b09701214, hole_card: ['S5', 'HJ']
name: b11902107, hole_card: ['H5', 'ST']
"b09701214" declared "call:10"
Street "flop" started. (community card = ['DK', 'CK', 'D3'])
name: b09701214, hole_card: ['S5', 'HJ']
name: b11902107, hole_card: ['H5', 'ST']
"b11902107" declared "call:0"
name: b09701214, hole_card: ['S5', 'HJ']
name: b11902107, hole_card: ['H5', 'ST']
"b09701214" declared "raise:354"
name: b09701214, hole_card: ['S5', 'HJ']
name: b11902107, hole_card: ['H5', 'ST']
"b11902107" declared "fold:0"
"['b09701214']" won the round 1 (stack = {'b09701214': 1010, 'b11902107': 990})
community cards of this round: ['H4', 'DK', 'S9', 'CA', 'SJ']
name: b09701214, hole_card: ['H5', 'H3']
name: b11902107, hole_card: ['DA', 'C5']
Started the round 2
Street "preflop" started. (community card = [])
name: b09701214, hole_card: ['H5', 'H3']
name: b11902107, hole_card: ['DA', 'C5']
"b09701214" declared "call:10"
name: b09701214, hole_card: ['H5', 'H3']
name: b11902107, hole_card: ['DA', 'C5']
"b11902107" declared "call:10"
Street "flop" started. (community card = ['H4', 'DK', 'S9'])
name: b09701214, hole_card: ['H5', 'H3']
name: b11902107, hole_card: ['DA', 'C5']
"b09701214" declared "raise:294"
name: b09701214, hole_card: ['H5', 'H3']
name: b11902107, hole_card: ['DA', 'C5']
"b11902107" declared "raise:588"
name: b09701214, hole_card: ['H5', 'H3']
name: b11902107, hole_card: ['DA', 'C5']
"b09701214" declared "raise:928"
name: b09701214, hole_card: ['H5', 'H3']
name: b11902107, hole_card: ['DA', 'C5']
"b11902107" declared "call:928"
Street "turn" started. (community card = ['H4', 'DK', 'S9', 'CA'])
name: b09701214, hole_card: ['H5', 'H3']
name: b11902107, hole_card: ['DA', 'C5']
"b09701214" declared "raise:39"
name: b09701214, hole_card: ['H5', 'H3']
name: b11902107, hole_card: ['DA', 'C5']
"b11902107" declared "call:39"
Street "river" started. (community card = ['H4', 'DK', 'S9', 'CA', 'SJ'])
name: b09701214, hole_card: ['H5', 'H3']
name: b11902107, hole_card: ['DA', 'C5']
"b09701214" declared "raise:17"
name: b09701214, hole_card: ['H5', 'H3']
name: b11902107, hole_card: ['DA', 'C5']
"b11902107" declared "call:17"
"['b11902107']" won the round 2 (stack = {'b09701214': 20, 'b11902107': 1980})
community cards of this round: ['C5', 'D5', 'H7', 'S3', 'DA']
name: b09701214, hole_card: ['CA', 'CK']
name: b11902107, hole_card: ['SK', 'D6']
Started the round 3
Street "preflop" started. (community card = [])
name: b09701214, hole_card: ['CA', 'CK']
name: b11902107, hole_card: ['SK', 'D6']
"b11902107" declared "fold:0"
"['b09701214']" won the round 3 (stack = {'b09701214': 25, 'b11902107': 1975})
community cards of this round: ['S8', 'DK', 'DJ', 'D7', 'SQ']
name: b09701214, hole_card: ['CT', 'DA']
name: b11902107, hole_card: ['HA', 'H8']
Started the round 4
Street "preflop" started. (community card = [])
name: b09701214, hole_card: ['CT', 'DA']
name: b11902107, hole_card: ['HA', 'H8']
"b09701214" declared "raise:17"
name: b09701214, hole_card: ['CT', 'DA']
name: b11902107, hole_card: ['HA', 'H8']
"b11902107" declared "fold:0"
"['b09701214']" won the round 4 (stack = {'b09701214': 35, 'b11902107': 1965})
community cards of this round: ['ST', 'SQ', 'CA', 'DK', 'HK']
name: b09701214, hole_card: ['C5', 'D9']
name: b11902107, hole_card: ['D3', 'CK']
Started the round 5
Street "preflop" started. (community card = [])
name: b09701214, hole_card: ['C5', 'D9']
name: b11902107, hole_card: ['D3', 'CK']
"b11902107" declared "fold:0"
"['b09701214']" won the round 5 (stack = {'b09701214': 40, 'b11902107': 1960})
community cards of this round: ['CJ', 'DK', 'C7', 'C4', 'CK']
name: b09701214, hole_card: ['D4', 'D8']
name: b11902107, hole_card: ['C8', 'HK']
Started the round 6
Street "preflop" started. (community card = [])
name: b09701214, hole_card: ['D4', 'D8']
name: b11902107, hole_card: ['C8', 'HK']
"b09701214" declared "fold:0"
"['b11902107']" won the round 6 (stack = {'b09701214': 35, 'b11902107': 1965})
community cards of this round: ['C5', 'CJ', 'H8', 'HA', 'C6']
name: b09701214, hole_card: ['S4', 'D6']
name: b11902107, hole_card: ['CQ', 'SJ']
Started the round 7
Street "preflop" started. (community card = [])
name: b09701214, hole_card: ['S4', 'D6']
name: b11902107, hole_card: ['CQ', 'SJ']
"b11902107" declared "fold:0"
"['b09701214']" won the round 7 (stack = {'b09701214': 40, 'b11902107': 1960})
community cards of this round: ['S3', 'SJ', 'CA', 'CT', 'D7']
name: b09701214, hole_card: ['SQ', 'SA']
name: b11902107, hole_card: ['SK', 'D6']
Started the round 8
Street "preflop" started. (community card = [])
name: b09701214, hole_card: ['SQ', 'SA']
name: b11902107, hole_card: ['SK', 'D6']
"b09701214" declared "raise:34"
name: b09701214, hole_card: ['SQ', 'SA']
name: b11902107, hole_card: ['SK', 'D6']
"b11902107" declared "fold:0"
"['b09701214']" won the round 8 (stack = {'b09701214': 50, 'b11902107': 1950})
community cards of this round: ['H5', 'D7', 'H4', 'D8', 'S3']
name: b09701214, hole_card: ['S7', 'CK']
name: b11902107, hole_card: ['S2', 'DT']
Started the round 9
Street "preflop" started. (community card = [])
name: b09701214, hole_card: ['S7', 'CK']
name: b11902107, hole_card: ['S2', 'DT']
"b11902107" declared "fold:0"
"['b09701214']" won the round 9 (stack = {'b09701214': 55, 'b11902107': 1945})
community cards of this round: ['D8', 'C4', 'H5', 'D6', 'H3']
name: b09701214, hole_card: ['SK', 'H4']
name: b11902107, hole_card: ['CA', 'S8']
Started the round 10
Street "preflop" started. (community card = [])
name: b09701214, hole_card: ['SK', 'H4']
name: b11902107, hole_card: ['CA', 'S8']
"b09701214" declared "fold:0"
"['b11902107']" won the round 10 (stack = {'b09701214': 50, 'b11902107': 1950})
community cards of this round: ['CK', 'ST', 'D9', 'DJ', 'H8']
name: b09701214, hole_card: ['C4', 'C9']
name: b11902107, hole_card: ['CA', 'D5']
Started the round 11
Street "preflop" started. (community card = [])
name: b09701214, hole_card: ['C4', 'C9']
name: b11902107, hole_card: ['CA', 'D5']
"b11902107" declared "fold:0"
"['b09701214']" won the round 11 (stack = {'b09701214': 55, 'b11902107': 1945})
community cards of this round: ['CT', 'C3', 'D9', 'D8', 'D7']
name: b09701214, hole_card: ['HQ', 'CQ']
name: b11902107, hole_card: ['SA', 'DQ']
Started the round 12
Street "preflop" started. (community card = [])
name: b09701214, hole_card: ['HQ', 'CQ']
name: b11902107, hole_card: ['SA', 'DQ']
"b09701214" declared "fold:0"
"['b11902107']" won the round 12 (stack = {'b09701214': 50, 'b11902107': 1950})
community cards of this round: ['S6', 'DA', 'H6', 'D6', 'C4']
name: b09701214, hole_card: ['DK', 'H3']
name: b11902107, hole_card: ['HA', 'SK']
Started the round 13
Street "preflop" started. (community card = [])
name: b09701214, hole_card: ['DK', 'H3']
name: b11902107, hole_card: ['HA', 'SK']
"b11902107" declared "fold:0"
"['b09701214']" won the round 13 (stack = {'b09701214': 55, 'b11902107': 1945})
community cards of this round: ['D5', 'C9', 'S3', 'H5', 'S8']
name: b09701214, hole_card: ['D6', 'D3']
name: b11902107, hole_card: ['SK', 'SA']
Started the round 14
Street "preflop" started. (community card = [])
name: b09701214, hole_card: ['D6', 'D3']
name: b11902107, hole_card: ['SK', 'SA']
"b09701214" declared "fold:0"
"['b11902107']" won the round 14 (stack = {'b09701214': 50, 'b11902107': 1950})
community cards of this round: ['C4', 'S8', 'D2', 'D9', 'DA']
name: b09701214, hole_card: ['CK', 'HK']
name: b11902107, hole_card: ['H2', 'D4']
Started the round 15
Street "preflop" started. (community card = [])
name: b09701214, hole_card: ['CK', 'HK']
name: b11902107, hole_card: ['H2', 'D4']
"b11902107" declared "fold:0"
"['b09701214']" won the round 15 (stack = {'b09701214': 55, 'b11902107': 1945})
community cards of this round: ['SJ', 'D4', 'CT', 'CA', 'HK']
name: b09701214, hole_card: ['D8', 'C5']
name: b11902107, hole_card: ['D7', 'DJ']
Started the round 16
Street "preflop" started. (community card = [])
name: b09701214, hole_card: ['D8', 'C5']
name: b11902107, hole_card: ['D7', 'DJ']
"b09701214" declared "raise:24"
name: b09701214, hole_card: ['D8', 'C5']
name: b11902107, hole_card: ['D7', 'DJ']
"b11902107" declared "fold:0"
"['b09701214']" won the round 16 (stack = {'b09701214': 65, 'b11902107': 1935})
community cards of this round: ['HJ', 'S6', 'S9', 'DJ', 'D7']
name: b09701214, hole_card: ['D8', 'D2']
name: b11902107, hole_card: ['C8', 'S7']
Started the round 17
Street "preflop" started. (community card = [])
name: b09701214, hole_card: ['D8', 'D2']
name: b11902107, hole_card: ['C8', 'S7']
"b11902107" declared "fold:0"
"['b09701214']" won the round 17 (stack = {'b09701214': 70, 'b11902107': 1930})
community cards of this round: ['DQ', 'D7', 'D8', 'ST', 'SQ']
name: b09701214, hole_card: ['H5', 'S8']
name: b11902107, hole_card: ['H7', 'C4']
Started the round 18
Street "preflop" started. (community card = [])
name: b09701214, hole_card: ['H5', 'S8']
name: b11902107, hole_card: ['H7', 'C4']
"b09701214" declared "raise:29"
name: b09701214, hole_card: ['H5', 'S8']
name: b11902107, hole_card: ['H7', 'C4']
"b11902107" declared "fold:0"
"['b09701214']" won the round 18 (stack = {'b09701214': 80, 'b11902107': 1920})
community cards of this round: ['DT', 'D8', 'H2', 'SA', 'ST']
name: b09701214, hole_card: ['CT', 'H5']
name: b11902107, hole_card: ['H7', 'D5']
Started the round 19
Street "preflop" started. (community card = [])
name: b09701214, hole_card: ['CT', 'H5']
name: b11902107, hole_card: ['H7', 'D5']
"b11902107" declared "fold:0"
"['b09701214']" won the round 19 (stack = {'b09701214': 85, 'b11902107': 1915})
community cards of this round: ['C7', 'S3', 'S7', 'H5', 'SK']
name: b09701214, hole_card: ['DA', 'D9']
name: b11902107, hole_card: ['C4', 'HJ']
Started the round 20
Street "preflop" started. (community card = [])
name: b09701214, hole_card: ['DA', 'D9']
name: b11902107, hole_card: ['C4', 'HJ']
"b09701214" declared "raise:38"
name: b09701214, hole_card: ['DA', 'D9']
name: b11902107, hole_card: ['C4', 'HJ']
"b11902107" declared "fold:0"
"['b09701214']" won the round 20 (stack = {'b09701214': 95, 'b11902107': 1905})
b09701214 vs b11902107 - Game 4: {'rule': {'initial_stack': 1000, 'max_round': 20, 'small_blind_amount': 5, 'ante': 0, 'blind_structure': {}}, 'players': [{'name': 'b09701214', 'uuid': 'edqydntgtqbqsyzimlxkru', 'stack': 95, 'state': 'participating'}, {'name': 'b11902107', 'uuid': 'cgmzszqsxsadoxsayqebnd', 'stack': 1905, 'state': 'participating'}]}
146630
106649
community cards of this round: ['S5', 'CT', 'C2', 'S6', 'HT']
name: b11902107, hole_card: ['S9', 'H9']
name: b09701214, hole_card: ['D3', 'H2']
Started the round 1
Street "preflop" started. (community card = [])
name: b11902107, hole_card: ['S9', 'H9']
name: b09701214, hole_card: ['D3', 'H2']
"b09701214" declared "raise:268"
name: b11902107, hole_card: ['S9', 'H9']
name: b09701214, hole_card: ['D3', 'H2']
"b11902107" declared "raise:526"
name: b11902107, hole_card: ['S9', 'H9']
name: b09701214, hole_card: ['D3', 'H2']
"b09701214" declared "call:526"
Street "flop" started. (community card = ['S5', 'CT', 'C2'])
name: b11902107, hole_card: ['S9', 'H9']
name: b09701214, hole_card: ['D3', 'H2']
"b09701214" declared "raise:153"
name: b11902107, hole_card: ['S9', 'H9']
name: b09701214, hole_card: ['D3', 'H2']
"b11902107" declared "raise:474"
name: b11902107, hole_card: ['S9', 'H9']
name: b09701214, hole_card: ['D3', 'H2']
"b09701214" declared "fold:0"
"['b11902107']" won the round 1 (stack = {'b11902107': 1679, 'b09701214': 321})
community cards of this round: ['SJ', 'D6', 'H8', 'S2', 'HK']
name: b11902107, hole_card: ['ST', 'SQ']
name: b09701214, hole_card: ['H2', 'S6']
Started the round 2
Street "preflop" started. (community card = [])
name: b11902107, hole_card: ['ST', 'SQ']
name: b09701214, hole_card: ['H2', 'S6']
"b11902107" declared "fold:0"
"['b09701214']" won the round 2 (stack = {'b11902107': 1674, 'b09701214': 326})
community cards of this round: ['C8', 'D4', 'DT', 'S5', 'C2']
name: b11902107, hole_card: ['DK', 'D3']
name: b09701214, hole_card: ['C5', 'D6']
Started the round 3
Street "preflop" started. (community card = [])
name: b11902107, hole_card: ['DK', 'D3']
name: b09701214, hole_card: ['C5', 'D6']
"b09701214" declared "fold:0"
"['b11902107']" won the round 3 (stack = {'b11902107': 1679, 'b09701214': 321})
community cards of this round: ['S4', 'S2', 'SA', 'DJ', 'S9']
name: b11902107, hole_card: ['SJ', 'DA']
name: b09701214, hole_card: ['H6', 'C4']
Started the round 4
Street "preflop" started. (community card = [])
name: b11902107, hole_card: ['SJ', 'DA']
name: b09701214, hole_card: ['H6', 'C4']
"b11902107" declared "fold:0"
"['b09701214']" won the round 4 (stack = {'b11902107': 1674, 'b09701214': 326})
community cards of this round: ['H2', 'HA', 'C5', 'C6', 'D9']
name: b11902107, hole_card: ['D4', 'H9']
name: b09701214, hole_card: ['DQ', 'DT']
Started the round 5
Street "preflop" started. (community card = [])
name: b11902107, hole_card: ['D4', 'H9']
name: b09701214, hole_card: ['DQ', 'DT']
"b09701214" declared "call:10"
name: b11902107, hole_card: ['D4', 'H9']
name: b09701214, hole_card: ['DQ', 'DT']
"b11902107" declared "fold:0"
"['b09701214']" won the round 5 (stack = {'b11902107': 1664, 'b09701214': 336})
community cards of this round: ['D4', 'D2', 'HQ', 'C2', 'CK']
name: b11902107, hole_card: ['D8', 'S4']
name: b09701214, hole_card: ['S5', 'S7']
Started the round 6
Street "preflop" started. (community card = [])
name: b11902107, hole_card: ['D8', 'S4']
name: b09701214, hole_card: ['S5', 'S7']
"b11902107" declared "fold:0"
"['b09701214']" won the round 6 (stack = {'b11902107': 1659, 'b09701214': 341})
community cards of this round: ['D5', 'D2', 'H6', 'CA', 'HJ']
name: b11902107, hole_card: ['DT', 'CJ']
name: b09701214, hole_card: ['S7', 'ST']
Started the round 7
Street "preflop" started. (community card = [])
name: b11902107, hole_card: ['DT', 'CJ']
name: b09701214, hole_card: ['S7', 'ST']
"b09701214" declared "fold:0"
"['b11902107']" won the round 7 (stack = {'b11902107': 1664, 'b09701214': 336})
community cards of this round: ['S5', 'S9', 'SJ', 'D3', 'H6']
name: b11902107, hole_card: ['CK', 'C9']
name: b09701214, hole_card: ['CQ', 'C5']
Started the round 8
Street "preflop" started. (community card = [])
name: b11902107, hole_card: ['CK', 'C9']
name: b09701214, hole_card: ['CQ', 'C5']
"b11902107" declared "fold:0"
"['b09701214']" won the round 8 (stack = {'b11902107': 1659, 'b09701214': 341})
community cards of this round: ['D9', 'D5', 'HJ', 'D8', 'H6']
name: b11902107, hole_card: ['S7', 'D3']
name: b09701214, hole_card: ['H5', 'S6']
Started the round 9
Street "preflop" started. (community card = [])
name: b11902107, hole_card: ['S7', 'D3']
name: b09701214, hole_card: ['H5', 'S6']
"b09701214" declared "raise:83"
name: b11902107, hole_card: ['S7', 'D3']
name: b09701214, hole_card: ['H5', 'S6']
"b11902107" declared "fold:0"
"['b09701214']" won the round 9 (stack = {'b11902107': 1649, 'b09701214': 351})
/home/ubitus03/miniconda3/envs/poker/lib/python3.8/site-packages/torch/cuda/__init__.py:619: UserWarning: Can't initialize NVML
  warnings.warn("Can't initialize NVML")
/home/ubitus03/miniconda3/envs/poker/lib/python3.8/site-packages/torch/cuda/__init__.py:749: UserWarning: CUDA initialization: CUDA driver initialization failed, you might not have a CUDA gpu. (Triggered internally at ../c10/cuda/CUDAFunctions.cpp:108.)
  return torch._C._cuda_getDeviceCount() if nvml_count < 0 else nvml_count
community cards of this round: ['DT', 'H3', 'C6', 'CQ', 'D9']
name: b11902107, hole_card: ['SQ', 'C7']
name: b09701214, hole_card: ['SJ', 'CJ']
Started the round 10
Street "preflop" started. (community card = [])
name: b11902107, hole_card: ['SQ', 'C7']
name: b09701214, hole_card: ['SJ', 'CJ']
"b11902107" declared "fold:0"
"['b09701214']" won the round 10 (stack = {'b11902107': 1644, 'b09701214': 356})
community cards of this round: ['D9', 'H3', 'H5', 'H7', 'DK']
name: b11902107, hole_card: ['SQ', 'HT']
name: b09701214, hole_card: ['C6', 'SK']
Started the round 11
Street "preflop" started. (community card = [])
name: b11902107, hole_card: ['SQ', 'HT']
name: b09701214, hole_card: ['C6', 'SK']
"b09701214" declared "raise:64"
name: b11902107, hole_card: ['SQ', 'HT']
name: b09701214, hole_card: ['C6', 'SK']
"b11902107" declared "fold:0"
"['b09701214']" won the round 11 (stack = {'b11902107': 1634, 'b09701214': 366})
community cards of this round: ['H5', 'CT', 'H2', 'H9', 'D4']
name: b11902107, hole_card: ['C9', 'H8']
name: b09701214, hole_card: ['DT', 'S6']
Started the round 12
Street "preflop" started. (community card = [])
name: b11902107, hole_card: ['C9', 'H8']
name: b09701214, hole_card: ['DT', 'S6']
"b11902107" declared "fold:0"
"['b09701214']" won the round 12 (stack = {'b11902107': 1629, 'b09701214': 371})
community cards of this round: ['H3', 'S4', 'D8', 'C5', 'CA']
name: b11902107, hole_card: ['C6', 'SA']
name: b09701214, hole_card: ['D7', 'ST']
Started the round 13
Street "preflop" started. (community card = [])
name: b11902107, hole_card: ['C6', 'SA']
name: b09701214, hole_card: ['D7', 'ST']
"b09701214" declared "raise:93"
name: b11902107, hole_card: ['C6', 'SA']
name: b09701214, hole_card: ['D7', 'ST']
"b11902107" declared "fold:0"
"['b09701214']" won the round 13 (stack = {'b11902107': 1619, 'b09701214': 381})
community cards of this round: ['H6', 'DT', 'DQ', 'C9', 'CK']
name: b11902107, hole_card: ['H8', 'H3']
name: b09701214, hole_card: ['DA', 'S8']
Started the round 14
Street "preflop" started. (community card = [])
name: b11902107, hole_card: ['H8', 'H3']
name: b09701214, hole_card: ['DA', 'S8']
"b11902107" declared "fold:0"
"['b09701214']" won the round 14 (stack = {'b11902107': 1614, 'b09701214': 386})
community cards of this round: ['D3', 'D4', 'S5', 'C9', 'S8']
name: b11902107, hole_card: ['HK', 'HT']
name: b09701214, hole_card: ['CJ', 'DQ']
Started the round 15
Street "preflop" started. (community card = [])
name: b11902107, hole_card: ['HK', 'HT']
name: b09701214, hole_card: ['CJ', 'DQ']
"b09701214" declared "raise:90"
name: b11902107, hole_card: ['HK', 'HT']
name: b09701214, hole_card: ['CJ', 'DQ']
"b11902107" declared "fold:0"
"['b09701214']" won the round 15 (stack = {'b11902107': 1604, 'b09701214': 396})
community cards of this round: ['C4', 'C2', 'C9', 'D8', 'D5']
name: b11902107, hole_card: ['CJ', 'S6']
name: b09701214, hole_card: ['H2', 'HA']
Started the round 16
Street "preflop" started. (community card = [])
name: b11902107, hole_card: ['CJ', 'S6']
name: b09701214, hole_card: ['H2', 'HA']
"b11902107" declared "fold:0"
"['b09701214']" won the round 16 (stack = {'b11902107': 1599, 'b09701214': 401})
community cards of this round: ['H8', 'S9', 'S5', 'C4', 'D5']
name: b11902107, hole_card: ['S8', 'DJ']
name: b09701214, hole_card: ['H5', 'C3']
Started the round 17
Street "preflop" started. (community card = [])
name: b11902107, hole_card: ['S8', 'DJ']
name: b09701214, hole_card: ['H5', 'C3']
"b09701214" declared "raise:110"
name: b11902107, hole_card: ['S8', 'DJ']
name: b09701214, hole_card: ['H5', 'C3']
"b11902107" declared "fold:0"
"['b09701214']" won the round 17 (stack = {'b11902107': 1589, 'b09701214': 411})
community cards of this round: ['H7', 'CA', 'S5', 'ST', 'HJ']
name: b11902107, hole_card: ['S8', 'S2']
name: b09701214, hole_card: ['S9', 'SA']
Started the round 18
Street "preflop" started. (community card = [])
name: b11902107, hole_card: ['S8', 'S2']
name: b09701214, hole_card: ['S9', 'SA']
"b11902107" declared "fold:0"
"['b09701214']" won the round 18 (stack = {'b11902107': 1584, 'b09701214': 416})
community cards of this round: ['C7', 'HK', 'D6', 'ST', 'SJ']
name: b11902107, hole_card: ['CA', 'D4']
name: b09701214, hole_card: ['S6', 'D8']
Started the round 19
Street "preflop" started. (community card = [])
name: b11902107, hole_card: ['CA', 'D4']
name: b09701214, hole_card: ['S6', 'D8']
"b09701214" declared "raise:132"
name: b11902107, hole_card: ['CA', 'D4']
name: b09701214, hole_card: ['S6', 'D8']
"b11902107" declared "fold:0"
"['b09701214']" won the round 19 (stack = {'b11902107': 1574, 'b09701214': 426})
community cards of this round: ['S9', 'CQ', 'H8', 'C6', 'D4']
name: b11902107, hole_card: ['S4', 'SQ']
name: b09701214, hole_card: ['DT', 'CT']
Started the round 20
Street "preflop" started. (community card = [])
name: b11902107, hole_card: ['S4', 'SQ']
name: b09701214, hole_card: ['DT', 'CT']
"b11902107" declared "fold:0"
"['b09701214']" won the round 20 (stack = {'b11902107': 1569, 'b09701214': 431})
b09701214 vs b11902107 - Game 5: {'rule': {'initial_stack': 1000, 'max_round': 20, 'small_blind_amount': 5, 'ante': 0, 'blind_structure': {}}, 'players': [{'name': 'b11902107', 'uuid': 'svzahfxdbhdtblnvqhppfs', 'stack': 1569, 'state': 'participating'}, {'name': 'b09701214', 'uuid': 'tpavoigfqvtcdvtrxhwwdf', 'stack': 431, 'state': 'participating'}]}
Final Result: b09701214 won 1 games (stack: 3524), b11902107 won 4 games (stack: 6476.0), num ties: 0
