community cards of this round: ['H8', 'CA', 'D2', 'HJ', 'C4']
name: b11902114, hole_card: ['D5', 'C9']
name: b09701248, hole_card: ['SJ', 'H2']
Started the round 1
Street "preflop" started. (community card = [])
name: b11902114, hole_card: ['D5', 'C9']
name: b09701248, hole_card: ['SJ', 'H2']
"b09701248" declared "fold:0"
"['b11902114']" won the round 1 (stack = {'b11902114': 1005, 'b09701248': 995})
community cards of this round: ['S6', 'D6', 'C7', 'D3', 'HQ']
name: b11902114, hole_card: ['S3', 'C6']
name: b09701248, hole_card: ['H4', 'CQ']
Started the round 2
Street "preflop" started. (community card = [])
name: b11902114, hole_card: ['S3', 'C6']
name: b09701248, hole_card: ['H4', 'CQ']
"b11902114" declared "fold:0"
"['b09701248']" won the round 2 (stack = {'b11902114': 1000, 'b09701248': 1000})
community cards of this round: ['C8', 'DQ', 'CJ', 'DA', 'H6']
name: b11902114, hole_card: ['D2', 'C2']
name: b09701248, hole_card: ['H9', 'SK']
Started the round 3
Street "preflop" started. (community card = [])
name: b11902114, hole_card: ['D2', 'C2']
name: b09701248, hole_card: ['H9', 'SK']
"b09701248" declared "raise:163.25749999999996"
name: b11902114, hole_card: ['D2', 'C2']
name: b09701248, hole_card: ['H9', 'SK']
"b11902114" declared "fold:0"
"['b09701248']" won the round 3 (stack = {'b11902114': 990, 'b09701248': 1009.7425000000001})
community cards of this round: ['DK', 'D4', 'H8', 'SK', 'H5']
name: b11902114, hole_card: ['HK', 'H7']
name: b09701248, hole_card: ['S8', 'S3']
Started the round 4
Street "preflop" started. (community card = [])
name: b11902114, hole_card: ['HK', 'H7']
name: b09701248, hole_card: ['S8', 'S3']
"b11902114" declared "raise:25"
name: b11902114, hole_card: ['HK', 'H7']
name: b09701248, hole_card: ['S8', 'S3']
"b09701248" declared "fold:0"
"['b11902114']" won the round 4 (stack = {'b11902114': 1000, 'b09701248': 999.7425000000001})
community cards of this round: ['CK', 'S2', 'S7', 'C6', 'DQ']
name: b11902114, hole_card: ['HQ', 'S4']
name: b09701248, hole_card: ['HK', 'SJ']
Started the round 5
Street "preflop" started. (community card = [])
name: b11902114, hole_card: ['HQ', 'S4']
name: b09701248, hole_card: ['HK', 'SJ']
"b09701248" declared "raise:70.65320875"
name: b11902114, hole_card: ['HQ', 'S4']
name: b09701248, hole_card: ['HK', 'SJ']
"b11902114" declared "fold:0"
"['b09701248']" won the round 5 (stack = {'b11902114': 990, 'b09701248': 1009.0892912500001})
community cards of this round: ['DQ', 'H3', 'D3', 'S3', 'SA']
name: b11902114, hole_card: ['S9', 'CQ']
name: b09701248, hole_card: ['S5', 'H9']
Started the round 6
Street "preflop" started. (community card = [])
name: b11902114, hole_card: ['S9', 'CQ']
name: b09701248, hole_card: ['S5', 'H9']
"b11902114" declared "raise:25"
name: b11902114, hole_card: ['S9', 'CQ']
name: b09701248, hole_card: ['S5', 'H9']
"b09701248" declared "call:25"
Street "flop" started. (community card = ['DQ', 'H3', 'D3'])
name: b11902114, hole_card: ['S9', 'CQ']
name: b09701248, hole_card: ['S5', 'H9']
"b11902114" declared "call:0"
name: b11902114, hole_card: ['S9', 'CQ']
name: b09701248, hole_card: ['S5', 'H9']
"b09701248" declared "fold:0"
"['b11902114']" won the round 6 (stack = {'b11902114': 1015, 'b09701248': 984.0892912500001})
community cards of this round: ['SK', 'D3', 'C3', 'C4', 'HQ']
name: b11902114, hole_card: ['HT', 'DQ']
name: b09701248, hole_card: ['H8', 'D2']
Started the round 7
Street "preflop" started. (community card = [])
name: b11902114, hole_card: ['HT', 'DQ']
name: b09701248, hole_card: ['H8', 'D2']
"b09701248" declared "fold:0"
"['b11902114']" won the round 7 (stack = {'b11902114': 1020, 'b09701248': 979.0892912500001})
community cards of this round: ['C5', 'H4', 'H7', 'S7', 'D7']
name: b11902114, hole_card: ['SJ', 'H5']
name: b09701248, hole_card: ['CA', 'C3']
Started the round 8
Street "preflop" started. (community card = [])
name: b11902114, hole_card: ['SJ', 'H5']
name: b09701248, hole_card: ['CA', 'C3']
"b11902114" declared "fold:0"
"['b09701248']" won the round 8 (stack = {'b11902114': 1015, 'b09701248': 984.0892912500001})
community cards of this round: ['DA', 'D7', 'HQ', 'CT', 'D8']
name: b11902114, hole_card: ['SQ', 'H3']
name: b09701248, hole_card: ['S9', 'S7']
Started the round 9
Street "preflop" started. (community card = [])
name: b11902114, hole_card: ['SQ', 'H3']
name: b09701248, hole_card: ['S9', 'S7']
"b09701248" declared "raise:361.48033233062506"
name: b11902114, hole_card: ['SQ', 'H3']
name: b09701248, hole_card: ['S9', 'S7']
"b11902114" declared "fold:0"
"['b09701248']" won the round 9 (stack = {'b11902114': 1005, 'b09701248': 993.608958919375})
community cards of this round: ['D6', 'CA', 'HK', 'HQ', 'ST']
name: b11902114, hole_card: ['D7', 'D9']
name: b09701248, hole_card: ['H4', 'S3']
Started the round 10
Street "preflop" started. (community card = [])
name: b11902114, hole_card: ['D7', 'D9']
name: b09701248, hole_card: ['H4', 'S3']
"b11902114" declared "fold:0"
"['b09701248']" won the round 10 (stack = {'b11902114': 1000, 'b09701248': 998.608958919375})
community cards of this round: ['H9', 'HA', 'CK', 'D3', 'S5']
name: b11902114, hole_card: ['C8', 'C3']
name: b09701248, hole_card: ['S7', 'C5']
Started the round 11
Street "preflop" started. (community card = [])
name: b11902114, hole_card: ['C8', 'C3']
name: b09701248, hole_card: ['S7', 'C5']
"b09701248" declared "call:10"
name: b11902114, hole_card: ['C8', 'C3']
name: b09701248, hole_card: ['S7', 'C5']
"b11902114" declared "call:10"
Street "flop" started. (community card = ['H9', 'HA', 'CK'])
name: b11902114, hole_card: ['C8', 'C3']
name: b09701248, hole_card: ['S7', 'C5']
"b09701248" declared "fold:0"
"['b11902114']" won the round 11 (stack = {'b11902114': 1010, 'b09701248': 988.608958919375})
community cards of this round: ['S4', 'SQ', 'C6', 'D5', 'DT']
name: b11902114, hole_card: ['D4', 'C5']
name: b09701248, hole_card: ['S3', 'H4']
Started the round 12
Street "preflop" started. (community card = [])
name: b11902114, hole_card: ['D4', 'C5']
name: b09701248, hole_card: ['S3', 'H4']
"b11902114" declared "fold:0"
"['b09701248']" won the round 12 (stack = {'b11902114': 1005, 'b09701248': 993.608958919375})
community cards of this round: ['C9', 'D7', 'DK', 'HT', 'CJ']
name: b11902114, hole_card: ['HA', 'HJ']
name: b09701248, hole_card: ['H8', 'DQ']
Started the round 13
Street "preflop" started. (community card = [])
name: b11902114, hole_card: ['HA', 'HJ']
name: b09701248, hole_card: ['H8', 'DQ']
"b09701248" declared "raise:259.6736307709244"
name: b11902114, hole_card: ['HA', 'HJ']
name: b09701248, hole_card: ['H8', 'DQ']
"b11902114" declared "raise:519.3472615418488"
name: b11902114, hole_card: ['HA', 'HJ']
name: b09701248, hole_card: ['H8', 'DQ']
"b09701248" declared "raise:830.4490879653246"
name: b11902114, hole_card: ['HA', 'HJ']
name: b09701248, hole_card: ['H8', 'DQ']
"b11902114" declared "call:830.4490879653246"
Street "flop" started. (community card = ['C9', 'D7', 'DK'])
name: b11902114, hole_card: ['HA', 'HJ']
name: b09701248, hole_card: ['H8', 'DQ']
"b09701248" declared "raise:46.456510125862714"
name: b11902114, hole_card: ['HA', 'HJ']
name: b09701248, hole_card: ['H8', 'DQ']
"b11902114" declared "raise:174.55091203467543"
name: b11902114, hole_card: ['HA', 'HJ']
name: b09701248, hole_card: ['H8', 'DQ']
"b09701248" declared "raise:0.0", Invalid action. Treat as fold...
"['b11902114']" won the round 13 (stack = {'b11902114': 1881.0, 'b09701248': 116.70336082818787})
community cards of this round: ['ST', 'D7', 'C4', 'DK', 'DJ']
name: b11902114, hole_card: ['S2', 'C8']
name: b09701248, hole_card: ['SJ', 'DQ']
Started the round 14
Street "preflop" started. (community card = [])
name: b11902114, hole_card: ['S2', 'C8']
name: b09701248, hole_card: ['SJ', 'DQ']
"b11902114" declared "fold:0"
"['b09701248']" won the round 14 (stack = {'b11902114': 1876.0, 'b09701248': 121.70336082818787})
community cards of this round: ['HK', 'D9', 'C5', 'SQ', 'SA']
name: b11902114, hole_card: ['SK', 'C6']
name: b09701248, hole_card: ['D5', 'H3']
Started the round 15
Street "preflop" started. (community card = [])
name: b11902114, hole_card: ['SK', 'C6']
name: b09701248, hole_card: ['D5', 'H3']
"b09701248" declared "fold:0"
"['b11902114']" won the round 15 (stack = {'b11902114': 1881.0, 'b09701248': 116.70336082818787})
community cards of this round: ['C4', 'S4', 'DT', 'ST', 'HQ']
name: b11902114, hole_card: ['HT', 'C8']
name: b09701248, hole_card: ['S6', 'D4']
Started the round 16
Street "preflop" started. (community card = [])
name: b11902114, hole_card: ['HT', 'C8']
name: b09701248, hole_card: ['S6', 'D4']
"b11902114" declared "fold:0"
"['b09701248']" won the round 16 (stack = {'b11902114': 1876.0, 'b09701248': 121.70336082818787})
community cards of this round: ['C8', 'D8', 'HQ', 'DJ', 'SJ']
name: b11902114, hole_card: ['S8', 'HA']
name: b09701248, hole_card: ['SA', 'C7']
Started the round 17
Street "preflop" started. (community card = [])
name: b11902114, hole_card: ['S8', 'HA']
name: b09701248, hole_card: ['SA', 'C7']
"b09701248" declared "raise:47.797601526799994"
name: b11902114, hole_card: ['S8', 'HA']
name: b09701248, hole_card: ['SA', 'C7']
"b11902114" declared "fold:0"
"['b09701248']" won the round 17 (stack = {'b11902114': 1866.0, 'b09701248': 130.9057593013879})
community cards of this round: ['SK', 'C5', 'DJ', 'HT', 'CA']
name: b11902114, hole_card: ['CJ', 'C3']
name: b09701248, hole_card: ['C8', 'H5']
Started the round 18
Street "preflop" started. (community card = [])
name: b11902114, hole_card: ['CJ', 'C3']
name: b09701248, hole_card: ['C8', 'H5']
"b11902114" declared "fold:0"
"['b09701248']" won the round 18 (stack = {'b11902114': 1861.0, 'b09701248': 135.9057593013879})
community cards of this round: ['D6', 'D2', 'HJ', 'S4', 'C6']
name: b11902114, hole_card: ['H2', 'HK']
name: b09701248, hole_card: ['H4', 'C9']
Started the round 19
Street "preflop" started. (community card = [])
name: b11902114, hole_card: ['H2', 'HK']
name: b09701248, hole_card: ['H4', 'C9']
"b09701248" declared "call:10"
name: b11902114, hole_card: ['H2', 'HK']
name: b09701248, hole_card: ['H4', 'C9']
"b11902114" declared "fold:0"
"['b09701248']" won the round 19 (stack = {'b11902114': 1851.0, 'b09701248': 145.9057593013879})
community cards of this round: ['H6', 'H3', 'D2', 'D8', 'S7']
name: b11902114, hole_card: ['SA', 'S3']
name: b09701248, hole_card: ['D6', 'C5']
Started the round 20
Street "preflop" started. (community card = [])
name: b11902114, hole_card: ['SA', 'S3']
name: b09701248, hole_card: ['D6', 'C5']
"b11902114" declared "fold:0"
"['b09701248']" won the round 20 (stack = {'b11902114': 1846.0, 'b09701248': 150.9057593013879})
b09701248 vs b11902114 - Game 1: {'rule': {'initial_stack': 1000, 'max_round': 20, 'small_blind_amount': 5, 'ante': 0, 'blind_structure': {}}, 'players': [{'name': 'b11902114', 'uuid': 'fbjtricpnbwjkfuqyzskmm', 'stack': 1846.0, 'state': 'participating'}, {'name': 'b09701248', 'uuid': 'tkbpruqbfqbxjlqbwgqvwp', 'stack': 150.9057593013879, 'state': 'participating'}]}
community cards of this round: ['H8', 'CA', 'D2', 'HJ', 'C4']
name: b09701248, hole_card: ['D5', 'C9']
name: b11902114, hole_card: ['SJ', 'H2']
Started the round 1
Street "preflop" started. (community card = [])
name: b09701248, hole_card: ['D5', 'C9']
name: b11902114, hole_card: ['SJ', 'H2']
"b11902114" declared "fold:0"
"['b09701248']" won the round 1 (stack = {'b09701248': 1005, 'b11902114': 995})
community cards of this round: ['S6', 'D6', 'C7', 'D3', 'HQ']
name: b09701248, hole_card: ['S3', 'C6']
name: b11902114, hole_card: ['H4', 'CQ']
Started the round 2
Street "preflop" started. (community card = [])
name: b09701248, hole_card: ['S3', 'C6']
name: b11902114, hole_card: ['H4', 'CQ']
"b09701248" declared "fold:0"
"['b11902114']" won the round 2 (stack = {'b09701248': 1000, 'b11902114': 1000})
community cards of this round: ['C8', 'DQ', 'CJ', 'DA', 'H6']
name: b09701248, hole_card: ['D2', 'C2']
name: b11902114, hole_card: ['H9', 'SK']
Started the round 3
Street "preflop" started. (community card = [])
name: b09701248, hole_card: ['D2', 'C2']
name: b11902114, hole_card: ['H9', 'SK']
"b11902114" declared "raise:25"
name: b09701248, hole_card: ['D2', 'C2']
name: b11902114, hole_card: ['H9', 'SK']
"b09701248" declared "fold:0"
"['b11902114']" won the round 3 (stack = {'b09701248': 990, 'b11902114': 1010})
community cards of this round: ['DK', 'D4', 'H8', 'SK', 'H5']
name: b09701248, hole_card: ['HK', 'H7']
name: b11902114, hole_card: ['S8', 'S3']
Started the round 4
Street "preflop" started. (community card = [])
name: b09701248, hole_card: ['HK', 'H7']
name: b11902114, hole_card: ['S8', 'S3']
"b09701248" declared "raise:304.11249999999995"
name: b09701248, hole_card: ['HK', 'H7']
name: b11902114, hole_card: ['S8', 'S3']
"b11902114" declared "fold:0"
"['b09701248']" won the round 4 (stack = {'b09701248': 999.8875, 'b11902114': 1000})
community cards of this round: ['CK', 'S2', 'S7', 'C6', 'DQ']
name: b09701248, hole_card: ['HQ', 'S4']
name: b11902114, hole_card: ['HK', 'SJ']
Started the round 5
Street "preflop" started. (community card = [])
name: b09701248, hole_card: ['HQ', 'S4']
name: b11902114, hole_card: ['HK', 'SJ']
"b11902114" declared "raise:25"
name: b09701248, hole_card: ['HQ', 'S4']
name: b11902114, hole_card: ['HK', 'SJ']
"b09701248" declared "fold:0"
"['b11902114']" won the round 5 (stack = {'b09701248': 989.8875, 'b11902114': 1010})
community cards of this round: ['DQ', 'H3', 'D3', 'S3', 'SA']
name: b09701248, hole_card: ['S9', 'CQ']
name: b11902114, hole_card: ['S5', 'H9']
Started the round 6
Street "preflop" started. (community card = [])
name: b09701248, hole_card: ['S9', 'CQ']
name: b11902114, hole_card: ['S5', 'H9']
"b09701248" declared "raise:173.44433125"
name: b09701248, hole_card: ['S9', 'CQ']
name: b11902114, hole_card: ['S5', 'H9']
"b11902114" declared "fold:0"
"['b09701248']" won the round 6 (stack = {'b09701248': 999.44316875, 'b11902114': 1000})
community cards of this round: ['SK', 'D3', 'C3', 'C4', 'HQ']
name: b09701248, hole_card: ['HT', 'DQ']
name: b11902114, hole_card: ['H8', 'D2']
Started the round 7
Street "preflop" started. (community card = [])
name: b09701248, hole_card: ['HT', 'DQ']
name: b11902114, hole_card: ['H8', 'D2']
"b11902114" declared "fold:0"
"['b09701248']" won the round 7 (stack = {'b09701248': 1004.44316875, 'b11902114': 995})
community cards of this round: ['C5', 'H4', 'H7', 'S7', 'D7']
name: b09701248, hole_card: ['SJ', 'H5']
name: b11902114, hole_card: ['CA', 'C3']
Started the round 8
Street "preflop" started. (community card = [])
name: b09701248, hole_card: ['SJ', 'H5']
name: b11902114, hole_card: ['CA', 'C3']
"b09701248" declared "call:10"
name: b09701248, hole_card: ['SJ', 'H5']
name: b11902114, hole_card: ['CA', 'C3']
"b11902114" declared "raise:25"
name: b09701248, hole_card: ['SJ', 'H5']
name: b11902114, hole_card: ['CA', 'C3']
"b09701248" declared "call:25"
Street "flop" started. (community card = ['C5', 'H4', 'H7'])
name: b09701248, hole_card: ['SJ', 'H5']
name: b11902114, hole_card: ['CA', 'C3']
"b09701248" declared "fold:0"
"['b11902114']" won the round 8 (stack = {'b09701248': 979.44316875, 'b11902114': 1020})
community cards of this round: ['DA', 'D7', 'HQ', 'CT', 'D8']
name: b09701248, hole_card: ['SQ', 'H3']
name: b11902114, hole_card: ['S9', 'S7']
Started the round 9
Street "preflop" started. (community card = [])
name: b09701248, hole_card: ['SQ', 'H3']
name: b11902114, hole_card: ['S9', 'S7']
"b11902114" declared "fold:0"
"['b09701248']" won the round 9 (stack = {'b09701248': 984.44316875, 'b11902114': 1015})
community cards of this round: ['D6', 'CA', 'HK', 'HQ', 'ST']
name: b09701248, hole_card: ['D7', 'D9']
name: b11902114, hole_card: ['H4', 'S3']
Started the round 10
Street "preflop" started. (community card = [])
name: b09701248, hole_card: ['D7', 'D9']
name: b11902114, hole_card: ['H4', 'S3']
"b09701248" declared "raise:361.12176807500003"
name: b09701248, hole_card: ['D7', 'D9']
name: b11902114, hole_card: ['H4', 'S3']
"b11902114" declared "fold:0"
"['b09701248']" won the round 10 (stack = {'b09701248': 994.321400675, 'b11902114': 1005})
community cards of this round: ['H9', 'HA', 'CK', 'D3', 'S5']
name: b09701248, hole_card: ['C8', 'C3']
name: b11902114, hole_card: ['S7', 'C5']
Started the round 11
Street "preflop" started. (community card = [])
name: b09701248, hole_card: ['C8', 'C3']
name: b11902114, hole_card: ['S7', 'C5']
"b11902114" declared "fold:0"
"['b09701248']" won the round 11 (stack = {'b09701248': 999.321400675, 'b11902114': 1000})
community cards of this round: ['S4', 'SQ', 'C6', 'D5', 'DT']
name: b09701248, hole_card: ['D4', 'C5']
name: b11902114, hole_card: ['S3', 'H4']
Started the round 12
Street "preflop" started. (community card = [])
name: b09701248, hole_card: ['D4', 'C5']
name: b11902114, hole_card: ['S3', 'H4']
"b09701248" declared "fold:0"
"['b11902114']" won the round 12 (stack = {'b09701248': 994.321400675, 'b11902114': 1005})
community cards of this round: ['C9', 'D7', 'DK', 'HT', 'CJ']
name: b09701248, hole_card: ['HA', 'HJ']
name: b11902114, hole_card: ['H8', 'DQ']
Started the round 13
Street "preflop" started. (community card = [])
name: b09701248, hole_card: ['HA', 'HJ']
name: b11902114, hole_card: ['H8', 'DQ']
"b11902114" declared "fold:0"
"['b09701248']" won the round 13 (stack = {'b09701248': 999.321400675, 'b11902114': 1000})
community cards of this round: ['ST', 'D7', 'C4', 'DK', 'DJ']
name: b09701248, hole_card: ['S2', 'C8']
name: b11902114, hole_card: ['SJ', 'DQ']
Started the round 14
Street "preflop" started. (community card = [])
name: b09701248, hole_card: ['S2', 'C8']
name: b11902114, hole_card: ['SJ', 'DQ']
"b09701248" declared "fold:0"
"['b11902114']" won the round 14 (stack = {'b09701248': 994.321400675, 'b11902114': 1005})
community cards of this round: ['HK', 'D9', 'C5', 'SQ', 'SA']
name: b09701248, hole_card: ['SK', 'C6']
name: b11902114, hole_card: ['D5', 'H3']
Started the round 15
Street "preflop" started. (community card = [])
name: b09701248, hole_card: ['SK', 'C6']
name: b11902114, hole_card: ['D5', 'H3']
"b11902114" declared "fold:0"
"['b09701248']" won the round 15 (stack = {'b09701248': 999.321400675, 'b11902114': 1000})
community cards of this round: ['C4', 'S4', 'DT', 'ST', 'HQ']
name: b09701248, hole_card: ['HT', 'C8']
name: b11902114, hole_card: ['S6', 'D4']
Started the round 16
Street "preflop" started. (community card = [])
name: b09701248, hole_card: ['HT', 'C8']
name: b11902114, hole_card: ['S6', 'D4']
"b09701248" declared "raise:267.001957172125"
name: b09701248, hole_card: ['HT', 'C8']
name: b11902114, hole_card: ['S6', 'D4']
"b11902114" declared "raise:1000"
name: b09701248, hole_card: ['HT', 'C8']
name: b11902114, hole_card: ['S6', 'D4']
"b09701248" declared "raise:0.0", Invalid action. Treat as fold...
"['b11902114']" won the round 16 (stack = {'b09701248': 732.319443502875, 'b11902114': 1267})
community cards of this round: ['C8', 'D8', 'HQ', 'DJ', 'SJ']
name: b09701248, hole_card: ['S8', 'HA']
name: b11902114, hole_card: ['SA', 'C7']
Started the round 17
Street "preflop" started. (community card = [])
name: b09701248, hole_card: ['S8', 'HA']
name: b11902114, hole_card: ['SA', 'C7']
"b11902114" declared "fold:0"
"['b09701248']" won the round 17 (stack = {'b09701248': 737.319443502875, 'b11902114': 1262})
community cards of this round: ['SK', 'C5', 'DJ', 'HT', 'CA']
name: b09701248, hole_card: ['CJ', 'C3']
name: b11902114, hole_card: ['C8', 'H5']
Started the round 18
Street "preflop" started. (community card = [])
name: b09701248, hole_card: ['CJ', 'C3']
name: b11902114, hole_card: ['C8', 'H5']
"b09701248" declared "fold:0"
"['b11902114']" won the round 18 (stack = {'b09701248': 732.319443502875, 'b11902114': 1267})
community cards of this round: ['D6', 'D2', 'HJ', 'S4', 'C6']
name: b09701248, hole_card: ['H2', 'HK']
name: b11902114, hole_card: ['H4', 'C9']
Started the round 19
Street "preflop" started. (community card = [])
name: b09701248, hole_card: ['H2', 'HK']
name: b11902114, hole_card: ['H4', 'C9']
"b11902114" declared "fold:0"
"['b09701248']" won the round 19 (stack = {'b09701248': 737.319443502875, 'b11902114': 1262})
community cards of this round: ['H6', 'H3', 'D2', 'D8', 'S7']
name: b09701248, hole_card: ['SA', 'S3']
name: b11902114, hole_card: ['D6', 'C5']
Started the round 20
Street "preflop" started. (community card = [])
name: b09701248, hole_card: ['SA', 'S3']
name: b11902114, hole_card: ['D6', 'C5']
"b09701248" declared "fold:0"
"['b11902114']" won the round 20 (stack = {'b09701248': 732.319443502875, 'b11902114': 1267})
b09701248 vs b11902114 - Game 2: {'rule': {'initial_stack': 1000, 'max_round': 20, 'small_blind_amount': 5, 'ante': 0, 'blind_structure': {}}, 'players': [{'name': 'b09701248', 'uuid': 'qohvgygflnwlfpwytxkxjr', 'stack': 732.319443502875, 'state': 'participating'}, {'name': 'b11902114', 'uuid': 'kvspxdoobjrwbohmvebgsu', 'stack': 1267, 'state': 'participating'}]}
community cards of this round: ['CT', 'CK', 'H8', 'DK', 'SK']
name: b11902114, hole_card: ['D6', 'D8']
name: b09701248, hole_card: ['D7', 'DQ']
Started the round 1
Street "preflop" started. (community card = [])
name: b11902114, hole_card: ['D6', 'D8']
name: b09701248, hole_card: ['D7', 'DQ']
"b09701248" declared "raise:331.6925"
name: b11902114, hole_card: ['D6', 'D8']
name: b09701248, hole_card: ['D7', 'DQ']
"b11902114" declared "fold:0"
"['b09701248']" won the round 1 (stack = {'b11902114': 990, 'b09701248': 1009.3075})
community cards of this round: ['C2', 'H6', 'C7', 'SJ', 'CA']
name: b11902114, hole_card: ['C4', 'H9']
name: b09701248, hole_card: ['HT', 'C5']
Started the round 2
Street "preflop" started. (community card = [])
name: b11902114, hole_card: ['C4', 'H9']
name: b09701248, hole_card: ['HT', 'C5']
"b11902114" declared "fold:0"
"['b09701248']" won the round 2 (stack = {'b11902114': 985, 'b09701248': 1014.3075})
community cards of this round: ['D6', 'HA', 'H2', 'DJ', 'H7']
name: b11902114, hole_card: ['C9', 'D9']
name: b09701248, hole_card: ['HT', 'DK']
Started the round 3
Street "preflop" started. (community card = [])
name: b11902114, hole_card: ['C9', 'D9']
name: b09701248, hole_card: ['HT', 'DK']
"b09701248" declared "raise:128.42209375000004"
name: b11902114, hole_card: ['C9', 'D9']
name: b09701248, hole_card: ['HT', 'DK']
"b11902114" declared "raise:256.8441875000001"
name: b11902114, hole_card: ['C9', 'D9']
name: b09701248, hole_card: ['HT', 'DK']
"b09701248" declared "raise:448.8558825156251"
name: b11902114, hole_card: ['C9', 'D9']
name: b09701248, hole_card: ['HT', 'DK']
"b11902114" declared "raise:650.8675775312502"
name: b11902114, hole_card: ['C9', 'D9']
name: b09701248, hole_card: ['HT', 'DK']
"b09701248" declared "raise:869.4570964961017"
name: b11902114, hole_card: ['C9', 'D9']
name: b09701248, hole_card: ['HT', 'DK']
"b11902114" declared "call:869.4570964961017"
Street "flop" started. (community card = ['D6', 'HA', 'H2'])
name: b11902114, hole_card: ['C9', 'D9']
name: b09701248, hole_card: ['HT', 'DK']
"b09701248" declared "raise:24.552465552141783"
name: b11902114, hole_card: ['C9', 'D9']
name: b09701248, hole_card: ['HT', 'DK']
"b11902114" declared "raise:115.54290350389829"
name: b11902114, hole_card: ['C9', 'D9']
name: b09701248, hole_card: ['HT', 'DK']
"b09701248" declared "raise:0.0", Invalid action. Treat as fold...
"['b11902114']" won the round 3 (stack = {'b11902114': 1879.0, 'b09701248': 120.29793795175651})
community cards of this round: ['D9', 'SK', 'C7', 'C8', 'S5']
name: b11902114, hole_card: ['H6', 'ST']
name: b09701248, hole_card: ['DT', 'H4']
Started the round 4
Street "preflop" started. (community card = [])
name: b11902114, hole_card: ['H6', 'ST']
name: b09701248, hole_card: ['DT', 'H4']
"b11902114" declared "fold:0"
"['b09701248']" won the round 4 (stack = {'b11902114': 1874.0, 'b09701248': 125.29793795175651})
community cards of this round: ['D4', 'H3', 'CQ', 'S6', 'CJ']
name: b11902114, hole_card: ['S7', 'DQ']
name: b09701248, hole_card: ['D8', 'CT']
Started the round 5
Street "preflop" started. (community card = [])
name: b11902114, hole_card: ['S7', 'DQ']
name: b09701248, hole_card: ['D8', 'CT']
"b09701248" declared "raise:42.526654077397446"
name: b11902114, hole_card: ['S7', 'DQ']
name: b09701248, hole_card: ['D8', 'CT']
"b11902114" declared "fold:0"
"['b09701248']" won the round 5 (stack = {'b11902114': 1864.0, 'b09701248': 134.77128387435906})
community cards of this round: ['H7', 'H5', 'ST', 'DT', 'C3']
name: b11902114, hole_card: ['H3', 'H4']
name: b09701248, hole_card: ['CJ', 'HJ']
Started the round 6
Street "preflop" started. (community card = [])
name: b11902114, hole_card: ['H3', 'H4']
name: b09701248, hole_card: ['CJ', 'HJ']
"b11902114" declared "fold:0"
"['b09701248']" won the round 6 (stack = {'b11902114': 1859.0, 'b09701248': 139.77128387435906})
community cards of this round: ['C3', 'H5', 'C9', 'HT', 'H3']
name: b11902114, hole_card: ['D7', 'S9']
name: b09701248, hole_card: ['S4', 'C6']
Started the round 7
Street "preflop" started. (community card = [])
name: b11902114, hole_card: ['D7', 'S9']
name: b09701248, hole_card: ['S4', 'C6']
"b09701248" declared "fold:0"
"['b11902114']" won the round 7 (stack = {'b11902114': 1864.0, 'b09701248': 134.77128387435906})
community cards of this round: ['C9', 'C3', 'H3', 'S5', 'D3']
name: b11902114, hole_card: ['HK', 'S3']
name: b09701248, hole_card: ['S8', 'HA']
Started the round 8
Street "preflop" started. (community card = [])
name: b11902114, hole_card: ['HK', 'S3']
name: b09701248, hole_card: ['S8', 'HA']
"b11902114" declared "fold:0"
"['b09701248']" won the round 8 (stack = {'b11902114': 1859.0, 'b09701248': 139.77128387435906})
community cards of this round: ['DA', 'C3', 'CQ', 'C6', 'SQ']
name: b11902114, hole_card: ['D2', 'SA']
name: b09701248, hole_card: ['DQ', 'CJ']
Started the round 9
Street "preflop" started. (community card = [])
name: b11902114, hole_card: ['D2', 'SA']
name: b09701248, hole_card: ['DQ', 'CJ']
"b09701248" declared "raise:25.98170270994872"
name: b11902114, hole_card: ['D2', 'SA']
name: b09701248, hole_card: ['DQ', 'CJ']
"b11902114" declared "fold:0"
"['b09701248']" won the round 9 (stack = {'b11902114': 1849.0, 'b09701248': 148.78958116441032})
community cards of this round: ['D4', 'C6', 'ST', 'DA', 'C7']
name: b11902114, hole_card: ['CK', 'DK']
name: b09701248, hole_card: ['H4', 'C5']
Started the round 10
Street "preflop" started. (community card = [])
name: b11902114, hole_card: ['CK', 'DK']
name: b09701248, hole_card: ['H4', 'C5']
"b11902114" declared "fold:0"
"['b09701248']" won the round 10 (stack = {'b11902114': 1844.0, 'b09701248': 153.78958116441032})
community cards of this round: ['S5', 'HA', 'D7', 'CQ', 'C6']
name: b11902114, hole_card: ['HT', 'DA']
name: b09701248, hole_card: ['S3', 'SQ']
Started the round 11
Street "preflop" started. (community card = [])
name: b11902114, hole_card: ['HT', 'DA']
name: b09701248, hole_card: ['S3', 'SQ']
"b09701248" declared "fold:0"
"['b11902114']" won the round 11 (stack = {'b11902114': 1849.0, 'b09701248': 148.78958116441032})
community cards of this round: ['D8', 'H7', 'CK', 'H4', 'S5']
name: b11902114, hole_card: ['S9', 'D5']
name: b09701248, hole_card: ['HJ', 'DJ']
Started the round 12
Street "preflop" started. (community card = [])
name: b11902114, hole_card: ['S9', 'D5']
name: b09701248, hole_card: ['HJ', 'DJ']
"b11902114" declared "fold:0"
"['b09701248']" won the round 12 (stack = {'b11902114': 1844.0, 'b09701248': 153.78958116441032})
community cards of this round: ['H5', 'H7', 'C2', 'H4', 'HA']
name: b11902114, hole_card: ['SK', 'S2']
name: b09701248, hole_card: ['DK', 'C8']
Started the round 13
Street "preflop" started. (community card = [])
name: b11902114, hole_card: ['SK', 'S2']
name: b09701248, hole_card: ['DK', 'C8']
"b09701248" declared "raise:47.92160366781437"
name: b11902114, hole_card: ['SK', 'S2']
name: b09701248, hole_card: ['DK', 'C8']
"b11902114" declared "fold:0"
"['b09701248']" won the round 13 (stack = {'b11902114': 1834.0, 'b09701248': 162.86797749659596})
community cards of this round: ['S7', 'H2', 'DA', 'DT', 'DK']
name: b11902114, hole_card: ['D4', 'H7']
name: b09701248, hole_card: ['S4', 'D3']
Started the round 14
Street "preflop" started. (community card = [])
name: b11902114, hole_card: ['D4', 'H7']
name: b09701248, hole_card: ['S4', 'D3']
"b11902114" declared "fold:0"
"['b09701248']" won the round 14 (stack = {'b11902114': 1829.0, 'b09701248': 167.86797749659596})
community cards of this round: ['S6', 'H5', 'SQ', 'CT', 'CJ']
name: b11902114, hole_card: ['C8', 'SK']
name: b09701248, hole_card: ['D3', 'S3']
Started the round 15
Street "preflop" started. (community card = [])
name: b11902114, hole_card: ['C8', 'SK']
name: b09701248, hole_card: ['D3', 'S3']
"b09701248" declared "fold:0"
"['b11902114']" won the round 15 (stack = {'b11902114': 1834.0, 'b09701248': 162.86797749659596})
community cards of this round: ['S2', 'CK', 'HK', 'D7', 'H4']
name: b11902114, hole_card: ['C9', 'S3']
name: b09701248, hole_card: ['C5', 'ST']
Started the round 16
Street "preflop" started. (community card = [])
name: b11902114, hole_card: ['C9', 'S3']
name: b09701248, hole_card: ['C5', 'ST']
"b11902114" declared "fold:0"
"['b09701248']" won the round 16 (stack = {'b11902114': 1829.0, 'b09701248': 167.86797749659596})
community cards of this round: ['SQ', 'SA', 'C4', 'ST', 'CA']
name: b11902114, hole_card: ['DA', 'D6']
name: b09701248, hole_card: ['C9', 'C6']
Started the round 17
Street "preflop" started. (community card = [])
name: b11902114, hole_card: ['DA', 'D6']
name: b09701248, hole_card: ['C9', 'C6']
"b09701248" declared "fold:0"
"['b11902114']" won the round 17 (stack = {'b11902114': 1834.0, 'b09701248': 162.86797749659596})
community cards of this round: ['DJ', 'S3', 'D3', 'SA', 'C9']
name: b11902114, hole_card: ['ST', 'C2']
name: b09701248, hole_card: ['CA', 'H6']
Started the round 18
Street "preflop" started. (community card = [])
name: b11902114, hole_card: ['ST', 'C2']
name: b09701248, hole_card: ['CA', 'H6']
"b11902114" declared "fold:0"
"['b09701248']" won the round 18 (stack = {'b11902114': 1829.0, 'b09701248': 167.86797749659596})
community cards of this round: ['C6', 'CT', 'C5', 'C4', 'CK']
name: b11902114, hole_card: ['CA', 'C3']
name: b09701248, hole_card: ['HJ', 'C9']
Started the round 19
Street "preflop" started. (community card = [])
name: b11902114, hole_card: ['CA', 'C3']
name: b09701248, hole_card: ['HJ', 'C9']
"b09701248" declared "raise:42.67546207315599"
name: b11902114, hole_card: ['CA', 'C3']
name: b09701248, hole_card: ['HJ', 'C9']
"b11902114" declared "fold:0"
"['b09701248']" won the round 19 (stack = {'b11902114': 1819.0, 'b09701248': 177.19251542343997})
community cards of this round: ['ST', 'S6', 'HK', 'C6', 'DK']
name: b11902114, hole_card: ['SJ', 'C5']
name: b09701248, hole_card: ['SQ', 'D2']
Started the round 20
Street "preflop" started. (community card = [])
name: b11902114, hole_card: ['SJ', 'C5']
name: b09701248, hole_card: ['SQ', 'D2']
"b11902114" declared "fold:0"
"['b09701248']" won the round 20 (stack = {'b11902114': 1814.0, 'b09701248': 182.19251542343997})
b09701248 vs b11902114 - Game 3: {'rule': {'initial_stack': 1000, 'max_round': 20, 'small_blind_amount': 5, 'ante': 0, 'blind_structure': {}}, 'players': [{'name': 'b11902114', 'uuid': 'vhppjetlobaejdslpyxlqi', 'stack': 1814.0, 'state': 'participating'}, {'name': 'b09701248', 'uuid': 'mhqrddsdyucmsmzcpjintx', 'stack': 182.19251542343997, 'state': 'participating'}]}
community cards of this round: ['CT', 'CK', 'H8', 'DK', 'SK']
name: b09701248, hole_card: ['D6', 'D8']
name: b11902114, hole_card: ['D7', 'DQ']
Started the round 1
Street "preflop" started. (community card = [])
name: b09701248, hole_card: ['D6', 'D8']
name: b11902114, hole_card: ['D7', 'DQ']
"b11902114" declared "fold:0"
"['b09701248']" won the round 1 (stack = {'b09701248': 1005, 'b11902114': 995})
community cards of this round: ['C2', 'H6', 'C7', 'SJ', 'CA']
name: b09701248, hole_card: ['C4', 'H9']
name: b11902114, hole_card: ['HT', 'C5']
Started the round 2
Street "preflop" started. (community card = [])
name: b09701248, hole_card: ['C4', 'H9']
name: b11902114, hole_card: ['HT', 'C5']
"b09701248" declared "fold:0"
"['b11902114']" won the round 2 (stack = {'b09701248': 1000, 'b11902114': 1000})
community cards of this round: ['D6', 'HA', 'H2', 'DJ', 'H7']
name: b09701248, hole_card: ['C9', 'D9']
name: b11902114, hole_card: ['HT', 'DK']
Started the round 3
Street "preflop" started. (community card = [])
name: b09701248, hole_card: ['C9', 'D9']
name: b11902114, hole_card: ['HT', 'DK']
"b11902114" declared "raise:25"
name: b09701248, hole_card: ['C9', 'D9']
name: b11902114, hole_card: ['HT', 'DK']
"b09701248" declared "raise:204.20000000000002"
name: b09701248, hole_card: ['C9', 'D9']
name: b11902114, hole_card: ['HT', 'DK']
"b11902114" declared "raise:393.40000000000003"
name: b09701248, hole_card: ['C9', 'D9']
name: b11902114, hole_card: ['HT', 'DK']
"b09701248" declared "raise:667.9148"
name: b09701248, hole_card: ['C9', 'D9']
name: b11902114, hole_card: ['HT', 'DK']
"b11902114" declared "raise:952.4295999999999"
name: b09701248, hole_card: ['C9', 'D9']
name: b11902114, hole_card: ['HT', 'DK']
"b09701248" declared "raise:0.0", Invalid action. Treat as fold...
"['b11902114']" won the round 3 (stack = {'b09701248': 332.0852, 'b11902114': 1667.5704})
community cards of this round: ['D9', 'SK', 'C7', 'C8', 'S5']
name: b09701248, hole_card: ['H6', 'ST']
name: b11902114, hole_card: ['DT', 'H4']
Started the round 4
Street "preflop" started. (community card = [])
name: b09701248, hole_card: ['H6', 'ST']
name: b11902114, hole_card: ['DT', 'H4']
"b09701248" declared "fold:0"
"['b11902114']" won the round 4 (stack = {'b09701248': 327.0852, 'b11902114': 1672.5704})
community cards of this round: ['D4', 'H3', 'CQ', 'S6', 'CJ']
name: b09701248, hole_card: ['S7', 'DQ']
name: b11902114, hole_card: ['D8', 'CT']
Started the round 5
Street "preflop" started. (community card = [])
name: b09701248, hole_card: ['S7', 'DQ']
name: b11902114, hole_card: ['D8', 'CT']
"b11902114" declared "fold:0"
"['b09701248']" won the round 5 (stack = {'b09701248': 332.0852, 'b11902114': 1667.5704})
community cards of this round: ['H7', 'H5', 'ST', 'DT', 'C3']
name: b09701248, hole_card: ['H3', 'H4']
name: b11902114, hole_card: ['CJ', 'HJ']
Started the round 6
Street "preflop" started. (community card = [])
name: b09701248, hole_card: ['H3', 'H4']
name: b11902114, hole_card: ['CJ', 'HJ']
"b09701248" declared "fold:0"
"['b11902114']" won the round 6 (stack = {'b09701248': 327.0852, 'b11902114': 1672.5704})
community cards of this round: ['C3', 'H5', 'C9', 'HT', 'H3']
name: b09701248, hole_card: ['D7', 'S9']
name: b11902114, hole_card: ['S4', 'C6']
Started the round 7
Street "preflop" started. (community card = [])
name: b09701248, hole_card: ['D7', 'S9']
name: b11902114, hole_card: ['S4', 'C6']
"b11902114" declared "fold:0"
"['b09701248']" won the round 7 (stack = {'b09701248': 332.0852, 'b11902114': 1667.5704})
community cards of this round: ['C9', 'C3', 'H3', 'S5', 'D3']
name: b09701248, hole_card: ['HK', 'S3']
name: b11902114, hole_card: ['S8', 'HA']
Started the round 8
Street "preflop" started. (community card = [])
name: b09701248, hole_card: ['HK', 'S3']
name: b11902114, hole_card: ['S8', 'HA']
"b09701248" declared "fold:0"
"['b11902114']" won the round 8 (stack = {'b09701248': 327.0852, 'b11902114': 1672.5704})
community cards of this round: ['DA', 'C3', 'CQ', 'C6', 'SQ']
name: b09701248, hole_card: ['D2', 'SA']
name: b11902114, hole_card: ['DQ', 'CJ']
Started the round 9
Street "preflop" started. (community card = [])
name: b09701248, hole_card: ['D2', 'SA']
name: b11902114, hole_card: ['DQ', 'CJ']
"b11902114" declared "fold:0"
"['b09701248']" won the round 9 (stack = {'b09701248': 332.0852, 'b11902114': 1667.5704})
community cards of this round: ['D4', 'C6', 'ST', 'DA', 'C7']
name: b09701248, hole_card: ['CK', 'DK']
name: b11902114, hole_card: ['H4', 'C5']
Started the round 10
Street "preflop" started. (community card = [])
name: b09701248, hole_card: ['CK', 'DK']
name: b11902114, hole_card: ['H4', 'C5']
"b09701248" declared "raise:19.963564999999985"
name: b09701248, hole_card: ['CK', 'DK']
name: b11902114, hole_card: ['H4', 'C5']
"b11902114" declared "fold:0"
"['b09701248']" won the round 10 (stack = {'b09701248': 341.121635, 'b11902114': 1657.5704})
community cards of this round: ['S5', 'HA', 'D7', 'CQ', 'C6']
name: b09701248, hole_card: ['HT', 'DA']
name: b11902114, hole_card: ['S3', 'SQ']
Started the round 11
Street "preflop" started. (community card = [])
name: b09701248, hole_card: ['HT', 'DA']
name: b11902114, hole_card: ['S3', 'SQ']
"b11902114" declared "fold:0"
"['b09701248']" won the round 11 (stack = {'b09701248': 346.121635, 'b11902114': 1652.5704})
community cards of this round: ['D8', 'H7', 'CK', 'H4', 'S5']
name: b09701248, hole_card: ['S9', 'D5']
name: b11902114, hole_card: ['HJ', 'DJ']
Started the round 12
Street "preflop" started. (community card = [])
name: b09701248, hole_card: ['S9', 'D5']
name: b11902114, hole_card: ['HJ', 'DJ']
"b09701248" declared "call:10"
name: b09701248, hole_card: ['S9', 'D5']
name: b11902114, hole_card: ['HJ', 'DJ']
"b11902114" declared "fold:0"
"['b09701248']" won the round 12 (stack = {'b09701248': 356.121635, 'b11902114': 1642.5704})
community cards of this round: ['H5', 'H7', 'C2', 'H4', 'HA']
name: b09701248, hole_card: ['SK', 'S2']
name: b11902114, hole_card: ['DK', 'C8']
Started the round 13
Street "preflop" started. (community card = [])
name: b09701248, hole_card: ['SK', 'S2']
name: b11902114, hole_card: ['DK', 'C8']
"b11902114" declared "fold:0"
"['b09701248']" won the round 13 (stack = {'b09701248': 361.121635, 'b11902114': 1637.5704})
community cards of this round: ['S7', 'H2', 'DA', 'DT', 'DK']
name: b09701248, hole_card: ['D4', 'H7']
name: b11902114, hole_card: ['S4', 'D3']
Started the round 14
Street "preflop" started. (community card = [])
name: b09701248, hole_card: ['D4', 'H7']
name: b11902114, hole_card: ['S4', 'D3']
"b09701248" declared "fold:0"
"['b11902114']" won the round 14 (stack = {'b09701248': 356.121635, 'b11902114': 1642.5704})
community cards of this round: ['S6', 'H5', 'SQ', 'CT', 'CJ']
name: b09701248, hole_card: ['C8', 'SK']
name: b11902114, hole_card: ['D3', 'S3']
Started the round 15
Street "preflop" started. (community card = [])
name: b09701248, hole_card: ['C8', 'SK']
name: b11902114, hole_card: ['D3', 'S3']
"b11902114" declared "fold:0"
"['b09701248']" won the round 15 (stack = {'b09701248': 361.121635, 'b11902114': 1637.5704})
community cards of this round: ['S2', 'CK', 'HK', 'D7', 'H4']
name: b09701248, hole_card: ['C9', 'S3']
name: b11902114, hole_card: ['C5', 'ST']
Started the round 16
Street "preflop" started. (community card = [])
name: b09701248, hole_card: ['C9', 'S3']
name: b11902114, hole_card: ['C5', 'ST']
"b09701248" declared "fold:0"
"['b11902114']" won the round 16 (stack = {'b09701248': 356.121635, 'b11902114': 1642.5704})
community cards of this round: ['SQ', 'SA', 'C4', 'ST', 'CA']
name: b09701248, hole_card: ['DA', 'D6']
name: b11902114, hole_card: ['C9', 'C6']
Started the round 17
Street "preflop" started. (community card = [])
name: b09701248, hole_card: ['DA', 'D6']
name: b11902114, hole_card: ['C9', 'C6']
"b11902114" declared "fold:0"
"['b09701248']" won the round 17 (stack = {'b09701248': 361.121635, 'b11902114': 1637.5704})
community cards of this round: ['DJ', 'S3', 'D3', 'SA', 'C9']
name: b09701248, hole_card: ['ST', 'C2']
name: b11902114, hole_card: ['CA', 'H6']
Started the round 18
Street "preflop" started. (community card = [])
name: b09701248, hole_card: ['ST', 'C2']
name: b11902114, hole_card: ['CA', 'H6']
"b09701248" declared "fold:0"
"['b11902114']" won the round 18 (stack = {'b09701248': 356.121635, 'b11902114': 1642.5704})
community cards of this round: ['C6', 'CT', 'C5', 'C4', 'CK']
name: b09701248, hole_card: ['CA', 'C3']
name: b11902114, hole_card: ['HJ', 'C9']
Started the round 19
Street "preflop" started. (community card = [])
name: b09701248, hole_card: ['CA', 'C3']
name: b11902114, hole_card: ['HJ', 'C9']
"b11902114" declared "fold:0"
"['b09701248']" won the round 19 (stack = {'b09701248': 361.121635, 'b11902114': 1637.5704})
community cards of this round: ['ST', 'S6', 'HK', 'C6', 'DK']
name: b09701248, hole_card: ['SJ', 'C5']
name: b11902114, hole_card: ['SQ', 'D2']
Started the round 20
Street "preflop" started. (community card = [])
name: b09701248, hole_card: ['SJ', 'C5']
name: b11902114, hole_card: ['SQ', 'D2']
"b09701248" declared "call:10"
name: b09701248, hole_card: ['SJ', 'C5']
name: b11902114, hole_card: ['SQ', 'D2']
"b11902114" declared "fold:0"
"['b09701248']" won the round 20 (stack = {'b09701248': 371.121635, 'b11902114': 1627.5704})
b09701248 vs b11902114 - Game 4: {'rule': {'initial_stack': 1000, 'max_round': 20, 'small_blind_amount': 5, 'ante': 0, 'blind_structure': {}}, 'players': [{'name': 'b09701248', 'uuid': 'mdpwkrltzxpiudlglhlquj', 'stack': 371.121635, 'state': 'participating'}, {'name': 'b11902114', 'uuid': 'vgrzviasxqsbupfpwbowii', 'stack': 1627.5704, 'state': 'participating'}]}
community cards of this round: ['C2', 'D4', 'CQ', 'C9', 'H8']
name: b11902114, hole_card: ['D6', 'C5']
name: b09701248, hole_card: ['S2', 'H2']
Started the round 1
Street "preflop" started. (community card = [])
name: b11902114, hole_card: ['D6', 'C5']
name: b09701248, hole_card: ['S2', 'H2']
"b09701248" declared "fold:0"
"['b11902114']" won the round 1 (stack = {'b11902114': 1005, 'b09701248': 995})
community cards of this round: ['C5', 'DT', 'C4', 'ST', 'CA']
name: b11902114, hole_card: ['H5', 'C3']
name: b09701248, hole_card: ['S3', 'H3']
Started the round 2
Street "preflop" started. (community card = [])
name: b11902114, hole_card: ['H5', 'C3']
name: b09701248, hole_card: ['S3', 'H3']
"b11902114" declared "fold:0"
"['b09701248']" won the round 2 (stack = {'b11902114': 1000, 'b09701248': 1000})
community cards of this round: ['HA', 'ST', 'H5', 'C4', 'CQ']
name: b11902114, hole_card: ['DK', 'HQ']
name: b09701248, hole_card: ['S6', 'S4']
Started the round 3
Street "preflop" started. (community card = [])
name: b11902114, hole_card: ['DK', 'HQ']
name: b09701248, hole_card: ['S6', 'S4']
"b09701248" declared "fold:0"
"['b11902114']" won the round 3 (stack = {'b11902114': 1005, 'b09701248': 995})
community cards of this round: ['S9', 'S5', 'D8', 'C5', 'SK']
name: b11902114, hole_card: ['H2', 'C4']
name: b09701248, hole_card: ['S3', 'H3']
Started the round 4
Street "preflop" started. (community card = [])
name: b11902114, hole_card: ['H2', 'C4']
name: b09701248, hole_card: ['S3', 'H3']
"b11902114" declared "fold:0"
"['b09701248']" won the round 4 (stack = {'b11902114': 1000, 'b09701248': 1000})
community cards of this round: ['D6', 'S4', 'H3', 'ST', 'CT']
name: b11902114, hole_card: ['DK', 'HJ']
name: b09701248, hole_card: ['C7', 'D2']
Started the round 5
Street "preflop" started. (community card = [])
name: b11902114, hole_card: ['DK', 'HJ']
name: b09701248, hole_card: ['C7', 'D2']
"b09701248" declared "fold:0"
"['b11902114']" won the round 5 (stack = {'b11902114': 1005, 'b09701248': 995})
community cards of this round: ['C5', 'C2', 'H3', 'CQ', 'H5']
name: b11902114, hole_card: ['D9', 'D8']
name: b09701248, hole_card: ['S4', 'S3']
Started the round 6
Street "preflop" started. (community card = [])
name: b11902114, hole_card: ['D9', 'D8']
name: b09701248, hole_card: ['S4', 'S3']
"b11902114" declared "fold:0"
"['b09701248']" won the round 6 (stack = {'b11902114': 1000, 'b09701248': 1000})
community cards of this round: ['HK', 'S9', 'D7', 'H9', 'S6']
name: b11902114, hole_card: ['D4', 'C7']
name: b09701248, hole_card: ['HA', 'HJ']
Started the round 7
Street "preflop" started. (community card = [])
name: b11902114, hole_card: ['D4', 'C7']
name: b09701248, hole_card: ['HA', 'HJ']
"b09701248" declared "raise:69.19000000000005"
name: b11902114, hole_card: ['D4', 'C7']
name: b09701248, hole_card: ['HA', 'HJ']
"b11902114" declared "fold:0"
"['b09701248']" won the round 7 (stack = {'b11902114': 990, 'b09701248': 1009.81})
community cards of this round: ['C2', 'S2', 'CK', 'H6', 'CT']
name: b11902114, hole_card: ['D7', 'SK']
name: b09701248, hole_card: ['H8', 'HJ']
Started the round 8
Street "preflop" started. (community card = [])
name: b11902114, hole_card: ['D7', 'SK']
name: b09701248, hole_card: ['H8', 'HJ']
"b11902114" declared "raise:25"
name: b11902114, hole_card: ['D7', 'SK']
name: b09701248, hole_card: ['H8', 'HJ']
"b09701248" declared "raise:286.36193"
name: b11902114, hole_card: ['D7', 'SK']
name: b09701248, hole_card: ['H8', 'HJ']
"b11902114" declared "raise:557.72386"
name: b11902114, hole_card: ['D7', 'SK']
name: b09701248, hole_card: ['H8', 'HJ']
"b09701248" declared "raise:874.9957561849999"
name: b11902114, hole_card: ['D7', 'SK']
name: b09701248, hole_card: ['H8', 'HJ']
"b11902114" declared "call:874.9957561849999"
Street "flop" started. (community card = ['C2', 'S2', 'CK'])
name: b11902114, hole_card: ['D7', 'SK']
name: b09701248, hole_card: ['H8', 'HJ']
"b11902114" declared "call:0"
name: b11902114, hole_card: ['D7', 'SK']
name: b09701248, hole_card: ['H8', 'HJ']
"b09701248" declared "raise:43.638924757622505"
name: b11902114, hole_card: ['D7', 'SK']
name: b09701248, hole_card: ['H8', 'HJ']
"b11902114" declared "raise:115.00424381500011"
name: b11902114, hole_card: ['D7', 'SK']
name: b09701248, hole_card: ['H8', 'HJ']
"b09701248" declared "raise:0.0", Invalid action. Treat as fold...
"['b11902114']" won the round 8 (stack = {'b11902114': 1908.0, 'b09701248': 91.17531905737755})
community cards of this round: ['HA', 'S5', 'H3', 'S9', 'DK']
name: b11902114, hole_card: ['D5', 'C3']
name: b09701248, hole_card: ['S2', 'C5']
Started the round 9
Street "preflop" started. (community card = [])
name: b11902114, hole_card: ['D5', 'C3']
name: b09701248, hole_card: ['S2', 'C5']
"b09701248" declared "fold:0"
"['b11902114']" won the round 9 (stack = {'b11902114': 1913.0, 'b09701248': 86.17531905737755})
community cards of this round: ['S2', 'S7', 'C2', 'DK', 'SK']
name: b11902114, hole_card: ['H4', 'CK']
name: b09701248, hole_card: ['SQ', 'HT']
Started the round 10
Street "preflop" started. (community card = [])
name: b11902114, hole_card: ['H4', 'CK']
name: b09701248, hole_card: ['SQ', 'HT']
"b11902114" declared "fold:0"
"['b09701248']" won the round 10 (stack = {'b11902114': 1908.0, 'b09701248': 91.17531905737755})
community cards of this round: ['D2', 'CJ', 'H8', 'S2', 'C5']
name: b11902114, hole_card: ['H6', 'HQ']
name: b09701248, hole_card: ['CK', 'C2']
Started the round 11
Street "preflop" started. (community card = [])
name: b11902114, hole_card: ['H6', 'HQ']
name: b09701248, hole_card: ['CK', 'C2']
"b09701248" declared "fold:0"
"['b11902114']" won the round 11 (stack = {'b11902114': 1913.0, 'b09701248': 86.17531905737755})
community cards of this round: ['SQ', 'C4', 'S9', 'H2', 'D5']
name: b11902114, hole_card: ['DT', 'H5']
name: b09701248, hole_card: ['C9', 'D3']
Started the round 12
Street "preflop" started. (community card = [])
name: b11902114, hole_card: ['DT', 'H5']
name: b09701248, hole_card: ['C9', 'D3']
"b11902114" declared "fold:0"
"['b09701248']" won the round 12 (stack = {'b11902114': 1908.0, 'b09701248': 91.17531905737755})
community cards of this round: ['DK', 'CA', 'D4', 'HA', 'DT']
name: b11902114, hole_card: ['C7', 'D5']
name: b09701248, hole_card: ['H2', 'S2']
Started the round 13
Street "preflop" started. (community card = [])
name: b11902114, hole_card: ['C7', 'D5']
name: b09701248, hole_card: ['H2', 'S2']
"b09701248" declared "fold:0"
"['b11902114']" won the round 13 (stack = {'b11902114': 1913.0, 'b09701248': 86.17531905737755})
community cards of this round: ['C6', 'SK', 'D3', 'HJ', 'HT']
name: b11902114, hole_card: ['D5', 'D8']
name: b09701248, hole_card: ['C7', 'C2']
Started the round 14
Street "preflop" started. (community card = [])
name: b11902114, hole_card: ['D5', 'D8']
name: b09701248, hole_card: ['C7', 'C2']
"b11902114" declared "fold:0"
"['b09701248']" won the round 14 (stack = {'b11902114': 1908.0, 'b09701248': 91.17531905737755})
community cards of this round: ['S9', 'D2', 'C9', 'D7', 'H6']
name: b11902114, hole_card: ['ST', 'C5']
name: b09701248, hole_card: ['H5', 'S4']
Started the round 15
Street "preflop" started. (community card = [])
name: b11902114, hole_card: ['ST', 'C5']
name: b09701248, hole_card: ['H5', 'S4']
"b09701248" declared "fold:0"
"['b11902114']" won the round 15 (stack = {'b11902114': 1913.0, 'b09701248': 86.17531905737755})
community cards of this round: ['D9', 'D7', 'D6', 'DK', 'CT']
name: b11902114, hole_card: ['DQ', 'S9']
name: b09701248, hole_card: ['DT', 'C4']
Started the round 16
Street "preflop" started. (community card = [])
name: b11902114, hole_card: ['DQ', 'S9']
name: b09701248, hole_card: ['DT', 'C4']
"b11902114" declared "fold:0"
"['b09701248']" won the round 16 (stack = {'b11902114': 1908.0, 'b09701248': 91.17531905737755})
community cards of this round: ['D6', 'SA', 'C8', 'DQ', 'S5']
name: b11902114, hole_card: ['DJ', 'D2']
name: b09701248, hole_card: ['S4', 'H3']
Started the round 17
Street "preflop" started. (community card = [])
name: b11902114, hole_card: ['DJ', 'D2']
name: b09701248, hole_card: ['S4', 'H3']
"b09701248" declared "fold:0"
"['b11902114']" won the round 17 (stack = {'b11902114': 1913.0, 'b09701248': 86.17531905737755})
community cards of this round: ['C8', 'DJ', 'H4', 'C4', 'H3']
name: b11902114, hole_card: ['H5', 'H6']
name: b09701248, hole_card: ['DK', 'CK']
Started the round 18
Street "preflop" started. (community card = [])
name: b11902114, hole_card: ['H5', 'H6']
name: b09701248, hole_card: ['DK', 'CK']
"b11902114" declared "fold:0"
"['b09701248']" won the round 18 (stack = {'b11902114': 1908.0, 'b09701248': 91.17531905737755})
community cards of this round: ['DT', 'D6', 'S2', 'SA', 'S3']
name: b11902114, hole_card: ['CJ', 'S7']
name: b09701248, hole_card: ['DA', 'S5']
Started the round 19
Street "preflop" started. (community card = [])
name: b11902114, hole_card: ['CJ', 'S7']
name: b09701248, hole_card: ['DA', 'S5']
"b09701248" declared "fold:0"
"['b11902114']" won the round 19 (stack = {'b11902114': 1913.0, 'b09701248': 86.17531905737755})
community cards of this round: ['S9', 'HT', 'HJ', 'CA', 'HQ']
name: b11902114, hole_card: ['C3', 'H9']
name: b09701248, hole_card: ['D8', 'DJ']
Started the round 20
Street "preflop" started. (community card = [])
name: b11902114, hole_card: ['C3', 'H9']
name: b09701248, hole_card: ['D8', 'DJ']
"b11902114" declared "fold:0"
"['b09701248']" won the round 20 (stack = {'b11902114': 1908.0, 'b09701248': 91.17531905737755})
b09701248 vs b11902114 - Game 5: {'rule': {'initial_stack': 1000, 'max_round': 20, 'small_blind_amount': 5, 'ante': 0, 'blind_structure': {}}, 'players': [{'name': 'b11902114', 'uuid': 'fidiqickkkkpgyairfrylf', 'stack': 1908.0, 'state': 'participating'}, {'name': 'b09701248', 'uuid': 'zsyrydqkadornsxfuyxtot', 'stack': 91.17531905737755, 'state': 'participating'}]}
Final Result: b09701248 won 0 games (stack: 1527.7146722850803), b11902114 won 5 games (stack: 8462.5704), num ties: 0
