community cards of this round: ['H8', 'CJ', 'SJ', 'CK', 'D6']
name: b09902013, hole_card: ['C7', 'D5']
name: b09705048, hole_card: ['S7', 'S6']
---round_count--- 1
Started the round 1
Street "preflop" started. (community card = [])
name: b09902013, hole_card: ['C7', 'D5']
name: b09705048, hole_card: ['S7', 'S6']
"b09705048" declared "call:10"
name: b09902013, hole_card: ['C7', 'D5']
name: b09705048, hole_card: ['S7', 'S6']
"b09902013" declared "call:10"
Street "flop" started. (community card = ['H8', 'CJ', 'SJ'])
name: b09902013, hole_card: ['C7', 'D5']
name: b09705048, hole_card: ['S7', 'S6']
"b09705048" declared "call:0"
name: b09902013, hole_card: ['C7', 'D5']
name: b09705048, hole_card: ['S7', 'S6']
"b09902013" declared "call:0"
Street "turn" started. (community card = ['H8', 'CJ', 'SJ', 'CK'])
name: b09902013, hole_card: ['C7', 'D5']
name: b09705048, hole_card: ['S7', 'S6']
"b09705048" declared "call:0"
name: b09902013, hole_card: ['C7', 'D5']
name: b09705048, hole_card: ['S7', 'S6']
"b09902013" declared "call:0"
Street "river" started. (community card = ['H8', 'CJ', 'SJ', 'CK', 'D6'])
name: b09902013, hole_card: ['C7', 'D5']
name: b09705048, hole_card: ['S7', 'S6']
"b09705048" declared "raise:11"
name: b09902013, hole_card: ['C7', 'D5']
name: b09705048, hole_card: ['S7', 'S6']
"b09902013" declared "fold:0"
"['b09705048']" won the round 1 (stack = {'b09902013': 990, 'b09705048': 1010})
b09705048win
community cards of this round: ['D8', 'HA', 'SA', 'H8', 'DA']
name: b09902013, hole_card: ['D3', 'S7']
name: b09705048, hole_card: ['C8', 'HT']
---round_count--- 2
Started the round 2
Street "preflop" started. (community card = [])
name: b09902013, hole_card: ['D3', 'S7']
name: b09705048, hole_card: ['C8', 'HT']
"b09902013" declared "fold:0"
"['b09705048']" won the round 2 (stack = {'b09902013': 985, 'b09705048': 1015})
b09705048win
community cards of this round: ['CT', 'C9', 'C4', 'SK', 'D3']
name: b09902013, hole_card: ['H8', 'S5']
name: b09705048, hole_card: ['SJ', 'S8']
---round_count--- 3
Started the round 3
Street "preflop" started. (community card = [])
name: b09902013, hole_card: ['H8', 'S5']
name: b09705048, hole_card: ['SJ', 'S8']
"b09705048" declared "raise:30"
name: b09902013, hole_card: ['H8', 'S5']
name: b09705048, hole_card: ['SJ', 'S8']
"b09902013" declared "fold:0"
"['b09705048']" won the round 3 (stack = {'b09902013': 975, 'b09705048': 1025})
b09705048win
community cards of this round: ['S8', 'SA', 'CT', 'CQ', 'C5']
name: b09902013, hole_card: ['H6', 'S2']
name: b09705048, hole_card: ['HJ', 'D5']
---round_count--- 4
Started the round 4
Street "preflop" started. (community card = [])
name: b09902013, hole_card: ['H6', 'S2']
name: b09705048, hole_card: ['HJ', 'D5']
"b09902013" declared "fold:0"
"['b09705048']" won the round 4 (stack = {'b09902013': 970, 'b09705048': 1030})
b09705048win
community cards of this round: ['H6', 'C9', 'H7', 'S5', 'HJ']
name: b09902013, hole_card: ['DJ', 'DK']
name: b09705048, hole_card: ['ST', 'SQ']
---round_count--- 5
Started the round 5
Street "preflop" started. (community card = [])
name: b09902013, hole_card: ['DJ', 'DK']
name: b09705048, hole_card: ['ST', 'SQ']
"b09705048" declared "raise:30"
name: b09902013, hole_card: ['DJ', 'DK']
name: b09705048, hole_card: ['ST', 'SQ']
"b09902013" declared "raise:93.0"
name: b09902013, hole_card: ['DJ', 'DK']
name: b09705048, hole_card: ['ST', 'SQ']
"b09705048" declared "call:93.0"
Street "flop" started. (community card = ['H6', 'C9', 'H7'])
name: b09902013, hole_card: ['DJ', 'DK']
name: b09705048, hole_card: ['ST', 'SQ']
"b09705048" declared "raise:10"
name: b09902013, hole_card: ['DJ', 'DK']
name: b09705048, hole_card: ['ST', 'SQ']
"b09902013" declared "call:10"
Street "turn" started. (community card = ['H6', 'C9', 'H7', 'S5'])
name: b09902013, hole_card: ['DJ', 'DK']
name: b09705048, hole_card: ['ST', 'SQ']
"b09705048" declared "call:0"
name: b09902013, hole_card: ['DJ', 'DK']
name: b09705048, hole_card: ['ST', 'SQ']
"b09902013" declared "call:0"
Street "river" started. (community card = ['H6', 'C9', 'H7', 'S5', 'HJ'])
name: b09902013, hole_card: ['DJ', 'DK']
name: b09705048, hole_card: ['ST', 'SQ']
"b09705048" declared "call:0"
name: b09902013, hole_card: ['DJ', 'DK']
name: b09705048, hole_card: ['ST', 'SQ']
"b09902013" declared "raise:10"
name: b09902013, hole_card: ['DJ', 'DK']
name: b09705048, hole_card: ['ST', 'SQ']
"b09705048" declared "call:10"
"['b09902013']" won the round 5 (stack = {'b09902013': 1083.0, 'b09705048': 917.0})
b09902013win
community cards of this round: ['H9', 'DA', 'S3', 'C5', 'CK']
name: b09902013, hole_card: ['SJ', 'H6']
name: b09705048, hole_card: ['H8', 'C6']
---round_count--- 6
Started the round 6
Street "preflop" started. (community card = [])
name: b09902013, hole_card: ['SJ', 'H6']
name: b09705048, hole_card: ['H8', 'C6']
"b09902013" declared "call:10"
name: b09902013, hole_card: ['SJ', 'H6']
name: b09705048, hole_card: ['H8', 'C6']
"b09705048" declared "call:10"
Street "flop" started. (community card = ['H9', 'DA', 'S3'])
name: b09902013, hole_card: ['SJ', 'H6']
name: b09705048, hole_card: ['H8', 'C6']
"b09902013" declared "call:0"
name: b09902013, hole_card: ['SJ', 'H6']
name: b09705048, hole_card: ['H8', 'C6']
"b09705048" declared "call:0"
Street "turn" started. (community card = ['H9', 'DA', 'S3', 'C5'])
name: b09902013, hole_card: ['SJ', 'H6']
name: b09705048, hole_card: ['H8', 'C6']
"b09902013" declared "call:0"
name: b09902013, hole_card: ['SJ', 'H6']
name: b09705048, hole_card: ['H8', 'C6']
"b09705048" declared "call:0"
Street "river" started. (community card = ['H9', 'DA', 'S3', 'C5', 'CK'])
name: b09902013, hole_card: ['SJ', 'H6']
name: b09705048, hole_card: ['H8', 'C6']
"b09902013" declared "call:0"
name: b09902013, hole_card: ['SJ', 'H6']
name: b09705048, hole_card: ['H8', 'C6']
"b09705048" declared "call:0"
"['b09902013']" won the round 6 (stack = {'b09902013': 1093.0, 'b09705048': 907.0})
b09902013win
community cards of this round: ['S5', 'CA', 'S7', 'H7', 'H6']
name: b09902013, hole_card: ['HK', 'DA']
name: b09705048, hole_card: ['CQ', 'HA']
---round_count--- 7
Started the round 7
Street "preflop" started. (community card = [])
name: b09902013, hole_card: ['HK', 'DA']
name: b09705048, hole_card: ['CQ', 'HA']
"b09705048" declared "raise:30"
name: b09902013, hole_card: ['HK', 'DA']
name: b09705048, hole_card: ['CQ', 'HA']
"b09902013" declared "raise:1093.0"
name: b09902013, hole_card: ['HK', 'DA']
name: b09705048, hole_card: ['CQ', 'HA']
"b09705048" declared "raise:-1", Invalid action. Treat as fold...
"['b09902013']" won the round 7 (stack = {'b09902013': 1123.0, 'b09705048': 877.0})
b09902013win
community cards of this round: ['D4', 'HT', 'H6', 'CJ', 'SA']
name: b09902013, hole_card: ['S3', 'C8']
name: b09705048, hole_card: ['SJ', 'H9']
---round_count--- 8
Started the round 8
Street "preflop" started. (community card = [])
name: b09902013, hole_card: ['S3', 'C8']
name: b09705048, hole_card: ['SJ', 'H9']
"b09902013" declared "fold:0"
"['b09705048']" won the round 8 (stack = {'b09902013': 1118.0, 'b09705048': 882.0})
b09705048win
community cards of this round: ['CT', 'HK', 'D3', 'H8', 'S8']
name: b09902013, hole_card: ['S5', 'CK']
name: b09705048, hole_card: ['HT', 'CJ']
---round_count--- 9
Started the round 9
Street "preflop" started. (community card = [])
name: b09902013, hole_card: ['S5', 'CK']
name: b09705048, hole_card: ['HT', 'CJ']
"b09705048" declared "call:10"
name: b09902013, hole_card: ['S5', 'CK']
name: b09705048, hole_card: ['HT', 'CJ']
"b09902013" declared "fold:0"
"['b09705048']" won the round 9 (stack = {'b09902013': 1108.0, 'b09705048': 892.0})
b09705048win
community cards of this round: ['DK', 'C6', 'H3', 'H8', 'D5']
name: b09902013, hole_card: ['C5', 'C7']
name: b09705048, hole_card: ['C4', 'HQ']
---round_count--- 10
Started the round 10
Street "preflop" started. (community card = [])
name: b09902013, hole_card: ['C5', 'C7']
name: b09705048, hole_card: ['C4', 'HQ']
"b09902013" declared "fold:0"
"['b09705048']" won the round 10 (stack = {'b09902013': 1103.0, 'b09705048': 897.0})
b09705048win
community cards of this round: ['C9', 'D2', 'D8', 'D6', 'C4']
name: b09902013, hole_card: ['C8', 'H2']
name: b09705048, hole_card: ['S6', 'H5']
---round_count--- 11
Started the round 11
Street "preflop" started. (community card = [])
name: b09902013, hole_card: ['C8', 'H2']
name: b09705048, hole_card: ['S6', 'H5']
"b09705048" declared "call:10"
name: b09902013, hole_card: ['C8', 'H2']
name: b09705048, hole_card: ['S6', 'H5']
"b09902013" declared "fold:0"
"['b09705048']" won the round 11 (stack = {'b09902013': 1093.0, 'b09705048': 907.0})
b09705048win
community cards of this round: ['H5', 'CQ', 'C9', 'H8', 'CK']
name: b09902013, hole_card: ['D6', 'C7']
name: b09705048, hole_card: ['H4', 'C3']
---round_count--- 12
Started the round 12
Street "preflop" started. (community card = [])
name: b09902013, hole_card: ['D6', 'C7']
name: b09705048, hole_card: ['H4', 'C3']
"b09902013" declared "fold:0"
"['b09705048']" won the round 12 (stack = {'b09902013': 1088.0, 'b09705048': 912.0})
b09705048win
community cards of this round: ['C2', 'S6', 'SK', 'H9', 'H7']
name: b09902013, hole_card: ['CJ', 'DT']
name: b09705048, hole_card: ['D7', 'D9']
---round_count--- 13
Started the round 13
Street "preflop" started. (community card = [])
name: b09902013, hole_card: ['CJ', 'DT']
name: b09705048, hole_card: ['D7', 'D9']
"b09705048" declared "call:10"
name: b09902013, hole_card: ['CJ', 'DT']
name: b09705048, hole_card: ['D7', 'D9']
"b09902013" declared "fold:0"
"['b09705048']" won the round 13 (stack = {'b09902013': 1078.0, 'b09705048': 922.0})
b09705048win
community cards of this round: ['S8', 'H4', 'DQ', 'DT', 'ST']
name: b09902013, hole_card: ['S4', 'S6']
name: b09705048, hole_card: ['H7', 'H9']
---round_count--- 14
Started the round 14
Street "preflop" started. (community card = [])
name: b09902013, hole_card: ['S4', 'S6']
name: b09705048, hole_card: ['H7', 'H9']
"b09902013" declared "fold:0"
"['b09705048']" won the round 14 (stack = {'b09902013': 1073.0, 'b09705048': 927.0})
b09705048win
community cards of this round: ['C7', 'H5', 'S6', 'SJ', 'H6']
name: b09902013, hole_card: ['CJ', 'DJ']
name: b09705048, hole_card: ['C3', 'DK']
---round_count--- 15
Started the round 15
Street "preflop" started. (community card = [])
name: b09902013, hole_card: ['CJ', 'DJ']
name: b09705048, hole_card: ['C3', 'DK']
"b09705048" declared "call:10"
name: b09902013, hole_card: ['CJ', 'DJ']
name: b09705048, hole_card: ['C3', 'DK']
"b09902013" declared "fold:0"
"['b09705048']" won the round 15 (stack = {'b09902013': 1063.0, 'b09705048': 937.0})
b09705048win
community cards of this round: ['H4', 'DJ', 'S6', 'C7', 'H3']
name: b09902013, hole_card: ['C9', 'D7']
name: b09705048, hole_card: ['D3', 'CK']
---round_count--- 16
Started the round 16
Street "preflop" started. (community card = [])
name: b09902013, hole_card: ['C9', 'D7']
name: b09705048, hole_card: ['D3', 'CK']
"b09902013" declared "fold:0"
"['b09705048']" won the round 16 (stack = {'b09902013': 1058.0, 'b09705048': 942.0})
b09705048win
community cards of this round: ['C2', 'D4', 'D2', 'C9', 'ST']
name: b09902013, hole_card: ['DQ', 'SJ']
name: b09705048, hole_card: ['C5', 'CA']
---round_count--- 17
Started the round 17
Street "preflop" started. (community card = [])
name: b09902013, hole_card: ['DQ', 'SJ']
name: b09705048, hole_card: ['C5', 'CA']
"b09705048" declared "call:10"
name: b09902013, hole_card: ['DQ', 'SJ']
name: b09705048, hole_card: ['C5', 'CA']
"b09902013" declared "fold:0"
"['b09705048']" won the round 17 (stack = {'b09902013': 1048.0, 'b09705048': 952.0})
b09705048win
community cards of this round: ['S2', 'D3', 'H4', 'D7', 'CT']
name: b09902013, hole_card: ['S4', 'H2']
name: b09705048, hole_card: ['H9', 'C6']
---round_count--- 18
Started the round 18
Street "preflop" started. (community card = [])
name: b09902013, hole_card: ['S4', 'H2']
name: b09705048, hole_card: ['H9', 'C6']
"b09902013" declared "fold:0"
"['b09705048']" won the round 18 (stack = {'b09902013': 1043.0, 'b09705048': 957.0})
b09705048win
community cards of this round: ['D3', 'C9', 'D9', 'H8', 'C6']
name: b09902013, hole_card: ['C4', 'DT']
name: b09705048, hole_card: ['D6', 'S5']
---round_count--- 19
Started the round 19
Street "preflop" started. (community card = [])
name: b09902013, hole_card: ['C4', 'DT']
name: b09705048, hole_card: ['D6', 'S5']
"b09705048" declared "call:10"
name: b09902013, hole_card: ['C4', 'DT']
name: b09705048, hole_card: ['D6', 'S5']
"b09902013" declared "fold:0"
"['b09705048']" won the round 19 (stack = {'b09902013': 1033.0, 'b09705048': 967.0})
b09705048win
community cards of this round: ['D4', 'C4', 'S6', 'H3', 'D3']
name: b09902013, hole_card: ['HK', 'H8']
name: b09705048, hole_card: ['ST', 'C2']
---round_count--- 20
Started the round 20
Street "preflop" started. (community card = [])
name: b09902013, hole_card: ['HK', 'H8']
name: b09705048, hole_card: ['ST', 'C2']
"b09902013" declared "fold:0"
"['b09705048']" won the round 20 (stack = {'b09902013': 1028.0, 'b09705048': 972.0})
b09705048win
b09705048 vs b09902013 - Game 1: {'rule': {'initial_stack': 1000, 'max_round': 20, 'small_blind_amount': 5, 'ante': 0, 'blind_structure': {}}, 'players': [{'name': 'b09902013', 'uuid': 'vjkddavudhvvyncxuydlvr', 'stack': 1028.0, 'state': 'participating'}, {'name': 'b09705048', 'uuid': 'vtkfqcuavrimxgtceqtzjw', 'stack': 972.0, 'state': 'participating'}]}
community cards of this round: ['H8', 'CJ', 'SJ', 'CK', 'D6']
name: b09705048, hole_card: ['C7', 'D5']
name: b09902013, hole_card: ['S7', 'S6']
---round_count--- 1
Started the round 1
Street "preflop" started. (community card = [])
name: b09705048, hole_card: ['C7', 'D5']
name: b09902013, hole_card: ['S7', 'S6']
"b09902013" declared "call:10"
name: b09705048, hole_card: ['C7', 'D5']
name: b09902013, hole_card: ['S7', 'S6']
"b09705048" declared "call:10"
Street "flop" started. (community card = ['H8', 'CJ', 'SJ'])
name: b09705048, hole_card: ['C7', 'D5']
name: b09902013, hole_card: ['S7', 'S6']
"b09902013" declared "call:0"
name: b09705048, hole_card: ['C7', 'D5']
name: b09902013, hole_card: ['S7', 'S6']
"b09705048" declared "call:0"
Street "turn" started. (community card = ['H8', 'CJ', 'SJ', 'CK'])
name: b09705048, hole_card: ['C7', 'D5']
name: b09902013, hole_card: ['S7', 'S6']
"b09902013" declared "call:0"
name: b09705048, hole_card: ['C7', 'D5']
name: b09902013, hole_card: ['S7', 'S6']
"b09705048" declared "call:0"
Street "river" started. (community card = ['H8', 'CJ', 'SJ', 'CK', 'D6'])
name: b09705048, hole_card: ['C7', 'D5']
name: b09902013, hole_card: ['S7', 'S6']
"b09902013" declared "raise:10"
name: b09705048, hole_card: ['C7', 'D5']
name: b09902013, hole_card: ['S7', 'S6']
"b09705048" declared "call:10"
"['b09902013']" won the round 1 (stack = {'b09705048': 980, 'b09902013': 1020})
b09902013win
community cards of this round: ['D8', 'HA', 'SA', 'H8', 'DA']
name: b09705048, hole_card: ['D3', 'S7']
name: b09902013, hole_card: ['C8', 'HT']
---round_count--- 2
Started the round 2
Street "preflop" started. (community card = [])
name: b09705048, hole_card: ['D3', 'S7']
name: b09902013, hole_card: ['C8', 'HT']
"b09705048" declared "call:10"
name: b09705048, hole_card: ['D3', 'S7']
name: b09902013, hole_card: ['C8', 'HT']
"b09902013" declared "call:10"
Street "flop" started. (community card = ['D8', 'HA', 'SA'])
name: b09705048, hole_card: ['D3', 'S7']
name: b09902013, hole_card: ['C8', 'HT']
"b09705048" declared "call:0"
name: b09705048, hole_card: ['D3', 'S7']
name: b09902013, hole_card: ['C8', 'HT']
"b09902013" declared "raise:102.0"
name: b09705048, hole_card: ['D3', 'S7']
name: b09902013, hole_card: ['C8', 'HT']
"b09705048" declared "fold:0"
"['b09902013']" won the round 2 (stack = {'b09705048': 970, 'b09902013': 1030.0})
b09902013win
community cards of this round: ['CT', 'C9', 'C4', 'SK', 'D3']
name: b09705048, hole_card: ['H8', 'S5']
name: b09902013, hole_card: ['SJ', 'S8']
---round_count--- 3
Started the round 3
Street "preflop" started. (community card = [])
name: b09705048, hole_card: ['H8', 'S5']
name: b09902013, hole_card: ['SJ', 'S8']
"b09902013" declared "call:10"
name: b09705048, hole_card: ['H8', 'S5']
name: b09902013, hole_card: ['SJ', 'S8']
"b09705048" declared "call:10"
Street "flop" started. (community card = ['CT', 'C9', 'C4'])
name: b09705048, hole_card: ['H8', 'S5']
name: b09902013, hole_card: ['SJ', 'S8']
"b09902013" declared "call:0"
name: b09705048, hole_card: ['H8', 'S5']
name: b09902013, hole_card: ['SJ', 'S8']
"b09705048" declared "call:0"
Street "turn" started. (community card = ['CT', 'C9', 'C4', 'SK'])
name: b09705048, hole_card: ['H8', 'S5']
name: b09902013, hole_card: ['SJ', 'S8']
"b09902013" declared "call:0"
name: b09705048, hole_card: ['H8', 'S5']
name: b09902013, hole_card: ['SJ', 'S8']
"b09705048" declared "call:0"
Street "river" started. (community card = ['CT', 'C9', 'C4', 'SK', 'D3'])
name: b09705048, hole_card: ['H8', 'S5']
name: b09902013, hole_card: ['SJ', 'S8']
"b09902013" declared "call:0"
name: b09705048, hole_card: ['H8', 'S5']
name: b09902013, hole_card: ['SJ', 'S8']
"b09705048" declared "call:0"
"['b09902013']" won the round 3 (stack = {'b09705048': 960, 'b09902013': 1040.0})
b09902013win
community cards of this round: ['S8', 'SA', 'CT', 'CQ', 'C5']
name: b09705048, hole_card: ['H6', 'S2']
name: b09902013, hole_card: ['HJ', 'D5']
---round_count--- 4
Started the round 4
Street "preflop" started. (community card = [])
name: b09705048, hole_card: ['H6', 'S2']
name: b09902013, hole_card: ['HJ', 'D5']
"b09705048" declared "call:10"
name: b09705048, hole_card: ['H6', 'S2']
name: b09902013, hole_card: ['HJ', 'D5']
"b09902013" declared "call:10"
Street "flop" started. (community card = ['S8', 'SA', 'CT'])
name: b09705048, hole_card: ['H6', 'S2']
name: b09902013, hole_card: ['HJ', 'D5']
"b09705048" declared "call:0"
name: b09705048, hole_card: ['H6', 'S2']
name: b09902013, hole_card: ['HJ', 'D5']
"b09902013" declared "call:0"
Street "turn" started. (community card = ['S8', 'SA', 'CT', 'CQ'])
name: b09705048, hole_card: ['H6', 'S2']
name: b09902013, hole_card: ['HJ', 'D5']
"b09705048" declared "call:0"
name: b09705048, hole_card: ['H6', 'S2']
name: b09902013, hole_card: ['HJ', 'D5']
"b09902013" declared "call:0"
Street "river" started. (community card = ['S8', 'SA', 'CT', 'CQ', 'C5'])
name: b09705048, hole_card: ['H6', 'S2']
name: b09902013, hole_card: ['HJ', 'D5']
"b09705048" declared "call:0"
name: b09705048, hole_card: ['H6', 'S2']
name: b09902013, hole_card: ['HJ', 'D5']
"b09902013" declared "call:0"
"['b09902013']" won the round 4 (stack = {'b09705048': 950, 'b09902013': 1050.0})
b09902013win
community cards of this round: ['H6', 'C9', 'H7', 'S5', 'HJ']
name: b09705048, hole_card: ['DJ', 'DK']
name: b09902013, hole_card: ['ST', 'SQ']
---round_count--- 5
Started the round 5
Street "preflop" started. (community card = [])
name: b09705048, hole_card: ['DJ', 'DK']
name: b09902013, hole_card: ['ST', 'SQ']
"b09902013" declared "raise:42.0"
name: b09705048, hole_card: ['DJ', 'DK']
name: b09902013, hole_card: ['ST', 'SQ']
"b09705048" declared "call:42.0"
Street "flop" started. (community card = ['H6', 'C9', 'H7'])
name: b09705048, hole_card: ['DJ', 'DK']
name: b09902013, hole_card: ['ST', 'SQ']
"b09902013" declared "call:0"
name: b09705048, hole_card: ['DJ', 'DK']
name: b09902013, hole_card: ['ST', 'SQ']
"b09705048" declared "call:0"
Street "turn" started. (community card = ['H6', 'C9', 'H7', 'S5'])
name: b09705048, hole_card: ['DJ', 'DK']
name: b09902013, hole_card: ['ST', 'SQ']
"b09902013" declared "call:0"
name: b09705048, hole_card: ['DJ', 'DK']
name: b09902013, hole_card: ['ST', 'SQ']
"b09705048" declared "call:0"
Street "river" started. (community card = ['H6', 'C9', 'H7', 'S5', 'HJ'])
name: b09705048, hole_card: ['DJ', 'DK']
name: b09902013, hole_card: ['ST', 'SQ']
"b09902013" declared "call:0"
name: b09705048, hole_card: ['DJ', 'DK']
name: b09902013, hole_card: ['ST', 'SQ']
"b09705048" declared "raise:11"
name: b09705048, hole_card: ['DJ', 'DK']
name: b09902013, hole_card: ['ST', 'SQ']
"b09902013" declared "fold:0"
"['b09705048']" won the round 5 (stack = {'b09705048': 992.0, 'b09902013': 1008.0})
b09705048win
community cards of this round: ['H9', 'DA', 'S3', 'C5', 'CK']
name: b09705048, hole_card: ['SJ', 'H6']
name: b09902013, hole_card: ['H8', 'C6']
---round_count--- 6
Started the round 6
Street "preflop" started. (community card = [])
name: b09705048, hole_card: ['SJ', 'H6']
name: b09902013, hole_card: ['H8', 'C6']
"b09705048" declared "call:10"
name: b09705048, hole_card: ['SJ', 'H6']
name: b09902013, hole_card: ['H8', 'C6']
"b09902013" declared "call:10"
Street "flop" started. (community card = ['H9', 'DA', 'S3'])
name: b09705048, hole_card: ['SJ', 'H6']
name: b09902013, hole_card: ['H8', 'C6']
"b09705048" declared "call:0"
name: b09705048, hole_card: ['SJ', 'H6']
name: b09902013, hole_card: ['H8', 'C6']
"b09902013" declared "call:0"
Street "turn" started. (community card = ['H9', 'DA', 'S3', 'C5'])
name: b09705048, hole_card: ['SJ', 'H6']
name: b09902013, hole_card: ['H8', 'C6']
"b09705048" declared "call:0"
name: b09705048, hole_card: ['SJ', 'H6']
name: b09902013, hole_card: ['H8', 'C6']
"b09902013" declared "call:0"
Street "river" started. (community card = ['H9', 'DA', 'S3', 'C5', 'CK'])
name: b09705048, hole_card: ['SJ', 'H6']
name: b09902013, hole_card: ['H8', 'C6']
"b09705048" declared "call:0"
name: b09705048, hole_card: ['SJ', 'H6']
name: b09902013, hole_card: ['H8', 'C6']
"b09902013" declared "call:0"
"['b09705048']" won the round 6 (stack = {'b09705048': 1002.0, 'b09902013': 998.0})
b09705048win
community cards of this round: ['S5', 'CA', 'S7', 'H7', 'H6']
name: b09705048, hole_card: ['HK', 'DA']
name: b09902013, hole_card: ['CQ', 'HA']
---round_count--- 7
Started the round 7
Street "preflop" started. (community card = [])
name: b09705048, hole_card: ['HK', 'DA']
name: b09902013, hole_card: ['CQ', 'HA']
"b09902013" declared "raise:64.2"
name: b09705048, hole_card: ['HK', 'DA']
name: b09902013, hole_card: ['CQ', 'HA']
"b09705048" declared "call:64.2"
Street "flop" started. (community card = ['S5', 'CA', 'S7'])
name: b09705048, hole_card: ['HK', 'DA']
name: b09902013, hole_card: ['CQ', 'HA']
"b09902013" declared "raise:85.60000000000001"
name: b09705048, hole_card: ['HK', 'DA']
name: b09902013, hole_card: ['CQ', 'HA']
"b09705048" declared "raise:172"
name: b09705048, hole_card: ['HK', 'DA']
name: b09902013, hole_card: ['CQ', 'HA']
"b09902013" declared "call:172"
Street "turn" started. (community card = ['S5', 'CA', 'S7', 'H7'])
name: b09705048, hole_card: ['HK', 'DA']
name: b09902013, hole_card: ['CQ', 'HA']
"b09902013" declared "call:0"
name: b09705048, hole_card: ['HK', 'DA']
name: b09902013, hole_card: ['CQ', 'HA']
"b09705048" declared "call:0"
Street "river" started. (community card = ['S5', 'CA', 'S7', 'H7', 'H6'])
name: b09705048, hole_card: ['HK', 'DA']
name: b09902013, hole_card: ['CQ', 'HA']
"b09902013" declared "call:0"
name: b09705048, hole_card: ['HK', 'DA']
name: b09902013, hole_card: ['CQ', 'HA']
"b09705048" declared "call:0"
"['b09705048']" won the round 7 (stack = {'b09705048': 1237.8, 'b09902013': 761.8})
b09705048win
community cards of this round: ['D4', 'HT', 'H6', 'CJ', 'SA']
name: b09705048, hole_card: ['S3', 'C8']
name: b09902013, hole_card: ['SJ', 'H9']
---round_count--- 8
Started the round 8
Street "preflop" started. (community card = [])
name: b09705048, hole_card: ['S3', 'C8']
name: b09902013, hole_card: ['SJ', 'H9']
"b09705048" declared "fold:0"
"['b09902013']" won the round 8 (stack = {'b09705048': 1232.8, 'b09902013': 766.8})
b09902013win
community cards of this round: ['CT', 'HK', 'D3', 'H8', 'S8']
name: b09705048, hole_card: ['S5', 'CK']
name: b09902013, hole_card: ['HT', 'CJ']
---round_count--- 9
Started the round 9
Street "preflop" started. (community card = [])
name: b09705048, hole_card: ['S5', 'CK']
name: b09902013, hole_card: ['HT', 'CJ']
"b09902013" declared "raise:766.8"
name: b09705048, hole_card: ['S5', 'CK']
name: b09902013, hole_card: ['HT', 'CJ']
"b09705048" declared "fold:0"
"['b09902013']" won the round 9 (stack = {'b09705048': 1222.8, 'b09902013': 776.0})
b09902013win
community cards of this round: ['DK', 'C6', 'H3', 'H8', 'D5']
name: b09705048, hole_card: ['C5', 'C7']
name: b09902013, hole_card: ['C4', 'HQ']
---round_count--- 10
Started the round 10
Street "preflop" started. (community card = [])
name: b09705048, hole_card: ['C5', 'C7']
name: b09902013, hole_card: ['C4', 'HQ']
"b09705048" declared "fold:0"
"['b09902013']" won the round 10 (stack = {'b09705048': 1217.8, 'b09902013': 781.0})
b09902013win
community cards of this round: ['C9', 'D2', 'D8', 'D6', 'C4']
name: b09705048, hole_card: ['C8', 'H2']
name: b09902013, hole_card: ['S6', 'H5']
---round_count--- 11
Started the round 11
Street "preflop" started. (community card = [])
name: b09705048, hole_card: ['C8', 'H2']
name: b09902013, hole_card: ['S6', 'H5']
"b09902013" declared "call:10"
name: b09705048, hole_card: ['C8', 'H2']
name: b09902013, hole_card: ['S6', 'H5']
"b09705048" declared "fold:0"
"['b09902013']" won the round 11 (stack = {'b09705048': 1207.8, 'b09902013': 791.0})
b09902013win
community cards of this round: ['H5', 'CQ', 'C9', 'H8', 'CK']
name: b09705048, hole_card: ['D6', 'C7']
name: b09902013, hole_card: ['H4', 'C3']
---round_count--- 12
Started the round 12
Street "preflop" started. (community card = [])
name: b09705048, hole_card: ['D6', 'C7']
name: b09902013, hole_card: ['H4', 'C3']
"b09705048" declared "fold:0"
"['b09902013']" won the round 12 (stack = {'b09705048': 1202.8, 'b09902013': 796.0})
b09902013win
community cards of this round: ['C2', 'S6', 'SK', 'H9', 'H7']
name: b09705048, hole_card: ['CJ', 'DT']
name: b09902013, hole_card: ['D7', 'D9']
---round_count--- 13
Started the round 13
Street "preflop" started. (community card = [])
name: b09705048, hole_card: ['CJ', 'DT']
name: b09902013, hole_card: ['D7', 'D9']
"b09902013" declared "call:10"
name: b09705048, hole_card: ['CJ', 'DT']
name: b09902013, hole_card: ['D7', 'D9']
"b09705048" declared "fold:0"
"['b09902013']" won the round 13 (stack = {'b09705048': 1192.8, 'b09902013': 806.0})
b09902013win
community cards of this round: ['S8', 'H4', 'DQ', 'DT', 'ST']
name: b09705048, hole_card: ['S4', 'S6']
name: b09902013, hole_card: ['H7', 'H9']
---round_count--- 14
Started the round 14
Street "preflop" started. (community card = [])
name: b09705048, hole_card: ['S4', 'S6']
name: b09902013, hole_card: ['H7', 'H9']
"b09705048" declared "fold:0"
"['b09902013']" won the round 14 (stack = {'b09705048': 1187.8, 'b09902013': 811.0})
b09902013win
community cards of this round: ['C7', 'H5', 'S6', 'SJ', 'H6']
name: b09705048, hole_card: ['CJ', 'DJ']
name: b09902013, hole_card: ['C3', 'DK']
---round_count--- 15
Started the round 15
Street "preflop" started. (community card = [])
name: b09705048, hole_card: ['CJ', 'DJ']
name: b09902013, hole_card: ['C3', 'DK']
"b09902013" declared "call:10"
name: b09705048, hole_card: ['CJ', 'DJ']
name: b09902013, hole_card: ['C3', 'DK']
"b09705048" declared "fold:0"
"['b09902013']" won the round 15 (stack = {'b09705048': 1177.8, 'b09902013': 821.0})
b09902013win
community cards of this round: ['H4', 'DJ', 'S6', 'C7', 'H3']
name: b09705048, hole_card: ['C9', 'D7']
name: b09902013, hole_card: ['D3', 'CK']
---round_count--- 16
Started the round 16
Street "preflop" started. (community card = [])
name: b09705048, hole_card: ['C9', 'D7']
name: b09902013, hole_card: ['D3', 'CK']
"b09705048" declared "fold:0"
"['b09902013']" won the round 16 (stack = {'b09705048': 1172.8, 'b09902013': 826.0})
b09902013win
community cards of this round: ['C2', 'D4', 'D2', 'C9', 'ST']
name: b09705048, hole_card: ['DQ', 'SJ']
name: b09902013, hole_card: ['C5', 'CA']
---round_count--- 17
Started the round 17
Street "preflop" started. (community card = [])
name: b09705048, hole_card: ['DQ', 'SJ']
name: b09902013, hole_card: ['C5', 'CA']
"b09902013" declared "raise:826.0"
name: b09705048, hole_card: ['DQ', 'SJ']
name: b09902013, hole_card: ['C5', 'CA']
"b09705048" declared "fold:0"
"['b09902013']" won the round 17 (stack = {'b09705048': 1162.8, 'b09902013': 836.0})
b09902013win
community cards of this round: ['S2', 'D3', 'H4', 'D7', 'CT']
name: b09705048, hole_card: ['S4', 'H2']
name: b09902013, hole_card: ['H9', 'C6']
---round_count--- 18
Started the round 18
Street "preflop" started. (community card = [])
name: b09705048, hole_card: ['S4', 'H2']
name: b09902013, hole_card: ['H9', 'C6']
"b09705048" declared "fold:0"
"['b09902013']" won the round 18 (stack = {'b09705048': 1157.8, 'b09902013': 841.0})
b09902013win
community cards of this round: ['D3', 'C9', 'D9', 'H8', 'C6']
name: b09705048, hole_card: ['C4', 'DT']
name: b09902013, hole_card: ['D6', 'S5']
---round_count--- 19
Started the round 19
Street "preflop" started. (community card = [])
name: b09705048, hole_card: ['C4', 'DT']
name: b09902013, hole_card: ['D6', 'S5']
"b09902013" declared "raise:841.0"
name: b09705048, hole_card: ['C4', 'DT']
name: b09902013, hole_card: ['D6', 'S5']
"b09705048" declared "fold:0"
"['b09902013']" won the round 19 (stack = {'b09705048': 1147.8, 'b09902013': 851.0})
b09902013win
community cards of this round: ['D4', 'C4', 'S6', 'H3', 'D3']
name: b09705048, hole_card: ['HK', 'H8']
name: b09902013, hole_card: ['ST', 'C2']
---round_count--- 20
Started the round 20
Street "preflop" started. (community card = [])
name: b09705048, hole_card: ['HK', 'H8']
name: b09902013, hole_card: ['ST', 'C2']
"b09705048" declared "fold:0"
"['b09902013']" won the round 20 (stack = {'b09705048': 1142.8, 'b09902013': 856.0})
b09902013win
b09705048 vs b09902013 - Game 2: {'rule': {'initial_stack': 1000, 'max_round': 20, 'small_blind_amount': 5, 'ante': 0, 'blind_structure': {}}, 'players': [{'name': 'b09705048', 'uuid': 'uvigxwvzmbwphtzclmcfqo', 'stack': 1142.8, 'state': 'participating'}, {'name': 'b09902013', 'uuid': 'elivviqxvrnmjulutqfrye', 'stack': 856.0, 'state': 'participating'}]}
community cards of this round: ['S3', 'S9', 'HT', 'H9', 'CK']
name: b09902013, hole_card: ['H6', 'DA']
name: b09705048, hole_card: ['SJ', 'S8']
---round_count--- 1
Started the round 1
Street "preflop" started. (community card = [])
name: b09902013, hole_card: ['H6', 'DA']
name: b09705048, hole_card: ['SJ', 'S8']
"b09705048" declared "raise:30"
name: b09902013, hole_card: ['H6', 'DA']
name: b09705048, hole_card: ['SJ', 'S8']
"b09902013" declared "call:30"
Street "flop" started. (community card = ['S3', 'S9', 'HT'])
name: b09902013, hole_card: ['H6', 'DA']
name: b09705048, hole_card: ['SJ', 'S8']
"b09705048" declared "raise:10"
name: b09902013, hole_card: ['H6', 'DA']
name: b09705048, hole_card: ['SJ', 'S8']
"b09902013" declared "call:10"
Street "turn" started. (community card = ['S3', 'S9', 'HT', 'H9'])
name: b09902013, hole_card: ['H6', 'DA']
name: b09705048, hole_card: ['SJ', 'S8']
"b09705048" declared "raise:11"
name: b09902013, hole_card: ['H6', 'DA']
name: b09705048, hole_card: ['SJ', 'S8']
"b09902013" declared "call:11"
Street "river" started. (community card = ['S3', 'S9', 'HT', 'H9', 'CK'])
name: b09902013, hole_card: ['H6', 'DA']
name: b09705048, hole_card: ['SJ', 'S8']
"b09705048" declared "call:0"
name: b09902013, hole_card: ['H6', 'DA']
name: b09705048, hole_card: ['SJ', 'S8']
"b09902013" declared "call:0"
"['b09902013']" won the round 1 (stack = {'b09902013': 1051, 'b09705048': 949})
b09902013win
community cards of this round: ['C6', 'SA', 'CK', 'D7', 'H2']
name: b09902013, hole_card: ['H5', 'D9']
name: b09705048, hole_card: ['D4', 'D6']
---round_count--- 2
Started the round 2
Street "preflop" started. (community card = [])
name: b09902013, hole_card: ['H5', 'D9']
name: b09705048, hole_card: ['D4', 'D6']
"b09902013" declared "fold:0"
"['b09705048']" won the round 2 (stack = {'b09902013': 1046, 'b09705048': 954})
b09705048win
community cards of this round: ['D3', 'DT', 'H6', 'CQ', 'S8']
name: b09902013, hole_card: ['DK', 'H8']
name: b09705048, hole_card: ['D5', 'D4']
---round_count--- 3
Started the round 3
Street "preflop" started. (community card = [])
name: b09902013, hole_card: ['DK', 'H8']
name: b09705048, hole_card: ['D5', 'D4']
"b09705048" declared "call:10"
name: b09902013, hole_card: ['DK', 'H8']
name: b09705048, hole_card: ['D5', 'D4']
"b09902013" declared "call:10"
Street "flop" started. (community card = ['D3', 'DT', 'H6'])
name: b09902013, hole_card: ['DK', 'H8']
name: b09705048, hole_card: ['D5', 'D4']
"b09705048" declared "raise:10"
name: b09902013, hole_card: ['DK', 'H8']
name: b09705048, hole_card: ['D5', 'D4']
"b09902013" declared "fold:0"
"['b09705048']" won the round 3 (stack = {'b09902013': 1036, 'b09705048': 964})
b09705048win
community cards of this round: ['H2', 'D5', 'D9', 'SJ', 'S7']
name: b09902013, hole_card: ['DQ', 'H5']
name: b09705048, hole_card: ['C4', 'S3']
---round_count--- 4
Started the round 4
Street "preflop" started. (community card = [])
name: b09902013, hole_card: ['DQ', 'H5']
name: b09705048, hole_card: ['C4', 'S3']
"b09902013" declared "call:10"
name: b09902013, hole_card: ['DQ', 'H5']
name: b09705048, hole_card: ['C4', 'S3']
"b09705048" declared "call:10"
Street "flop" started. (community card = ['H2', 'D5', 'D9'])
name: b09902013, hole_card: ['DQ', 'H5']
name: b09705048, hole_card: ['C4', 'S3']
"b09902013" declared "raise:73.2"
name: b09902013, hole_card: ['DQ', 'H5']
name: b09705048, hole_card: ['C4', 'S3']
"b09705048" declared "fold:0"
"['b09902013']" won the round 4 (stack = {'b09902013': 1045.8, 'b09705048': 954})
b09902013win
community cards of this round: ['HQ', 'DA', 'DJ', 'HT', 'C4']
name: b09902013, hole_card: ['CJ', 'C8']
name: b09705048, hole_card: ['SK', 'HK']
---round_count--- 5
Started the round 5
Street "preflop" started. (community card = [])
name: b09902013, hole_card: ['CJ', 'C8']
name: b09705048, hole_card: ['SK', 'HK']
"b09705048" declared "raise:30"
name: b09902013, hole_card: ['CJ', 'C8']
name: b09705048, hole_card: ['SK', 'HK']
"b09902013" declared "call:30"
Street "flop" started. (community card = ['HQ', 'DA', 'DJ'])
name: b09902013, hole_card: ['CJ', 'C8']
name: b09705048, hole_card: ['SK', 'HK']
"b09705048" declared "raise:10"
name: b09902013, hole_card: ['CJ', 'C8']
name: b09705048, hole_card: ['SK', 'HK']
"b09902013" declared "raise:20"
name: b09902013, hole_card: ['CJ', 'C8']
name: b09705048, hole_card: ['SK', 'HK']
"b09705048" declared "raise:31"
name: b09902013, hole_card: ['CJ', 'C8']
name: b09705048, hole_card: ['SK', 'HK']
"b09902013" declared "call:31"
Street "turn" started. (community card = ['HQ', 'DA', 'DJ', 'HT'])
name: b09902013, hole_card: ['CJ', 'C8']
name: b09705048, hole_card: ['SK', 'HK']
"b09705048" declared "raise:11"
name: b09902013, hole_card: ['CJ', 'C8']
name: b09705048, hole_card: ['SK', 'HK']
"b09902013" declared "call:11"
Street "river" started. (community card = ['HQ', 'DA', 'DJ', 'HT', 'C4'])
name: b09902013, hole_card: ['CJ', 'C8']
name: b09705048, hole_card: ['SK', 'HK']
"b09705048" declared "raise:11"
name: b09902013, hole_card: ['CJ', 'C8']
name: b09705048, hole_card: ['SK', 'HK']
"b09902013" declared "call:11"
"['b09705048']" won the round 5 (stack = {'b09902013': 962.8, 'b09705048': 1037})
b09705048win
community cards of this round: ['D7', 'CQ', 'S8', 'H8', 'SQ']
name: b09902013, hole_card: ['SK', 'C7']
name: b09705048, hole_card: ['H2', 'S9']
---round_count--- 6
Started the round 6
Street "preflop" started. (community card = [])
name: b09902013, hole_card: ['SK', 'C7']
name: b09705048, hole_card: ['H2', 'S9']
"b09902013" declared "call:10"
name: b09902013, hole_card: ['SK', 'C7']
name: b09705048, hole_card: ['H2', 'S9']
"b09705048" declared "call:10"
Street "flop" started. (community card = ['D7', 'CQ', 'S8'])
name: b09902013, hole_card: ['SK', 'C7']
name: b09705048, hole_card: ['H2', 'S9']
"b09902013" declared "raise:10"
name: b09902013, hole_card: ['SK', 'C7']
name: b09705048, hole_card: ['H2', 'S9']
"b09705048" declared "call:10"
Street "turn" started. (community card = ['D7', 'CQ', 'S8', 'H8'])
name: b09902013, hole_card: ['SK', 'C7']
name: b09705048, hole_card: ['H2', 'S9']
"b09902013" declared "call:0"
name: b09902013, hole_card: ['SK', 'C7']
name: b09705048, hole_card: ['H2', 'S9']
"b09705048" declared "call:0"
Street "river" started. (community card = ['D7', 'CQ', 'S8', 'H8', 'SQ'])
name: b09902013, hole_card: ['SK', 'C7']
name: b09705048, hole_card: ['H2', 'S9']
"b09902013" declared "call:0"
name: b09902013, hole_card: ['SK', 'C7']
name: b09705048, hole_card: ['H2', 'S9']
"b09705048" declared "call:0"
"['b09902013']" won the round 6 (stack = {'b09902013': 982.8, 'b09705048': 1017})
b09902013win
community cards of this round: ['S2', 'HK', 'DJ', 'SQ', 'H3']
name: b09902013, hole_card: ['D4', 'S8']
name: b09705048, hole_card: ['SJ', 'S5']
---round_count--- 7
Started the round 7
Street "preflop" started. (community card = [])
name: b09902013, hole_card: ['D4', 'S8']
name: b09705048, hole_card: ['SJ', 'S5']
"b09705048" declared "call:10"
name: b09902013, hole_card: ['D4', 'S8']
name: b09705048, hole_card: ['SJ', 'S5']
"b09902013" declared "call:10"
Street "flop" started. (community card = ['S2', 'HK', 'DJ'])
name: b09902013, hole_card: ['D4', 'S8']
name: b09705048, hole_card: ['SJ', 'S5']
"b09705048" declared "raise:10"
name: b09902013, hole_card: ['D4', 'S8']
name: b09705048, hole_card: ['SJ', 'S5']
"b09902013" declared "fold:0"
"['b09705048']" won the round 7 (stack = {'b09902013': 972.8, 'b09705048': 1027})
b09705048win
community cards of this round: ['H7', 'HA', 'HT', 'CK', 'DJ']
name: b09902013, hole_card: ['H9', 'D3']
name: b09705048, hole_card: ['C7', 'S6']
---round_count--- 8
Started the round 8
Street "preflop" started. (community card = [])
name: b09902013, hole_card: ['H9', 'D3']
name: b09705048, hole_card: ['C7', 'S6']
"b09902013" declared "fold:0"
"['b09705048']" won the round 8 (stack = {'b09902013': 967.8, 'b09705048': 1032})
b09705048win
community cards of this round: ['HT', 'C5', 'S8', 'D5', 'CA']
name: b09902013, hole_card: ['DK', 'H7']
name: b09705048, hole_card: ['C8', 'CQ']
---round_count--- 9
Started the round 9
Street "preflop" started. (community card = [])
name: b09902013, hole_card: ['DK', 'H7']
name: b09705048, hole_card: ['C8', 'CQ']
"b09705048" declared "raise:30"
name: b09902013, hole_card: ['DK', 'H7']
name: b09705048, hole_card: ['C8', 'CQ']
"b09902013" declared "call:30"
Street "flop" started. (community card = ['HT', 'C5', 'S8'])
name: b09902013, hole_card: ['DK', 'H7']
name: b09705048, hole_card: ['C8', 'CQ']
"b09705048" declared "raise:10"
name: b09902013, hole_card: ['DK', 'H7']
name: b09705048, hole_card: ['C8', 'CQ']
"b09902013" declared "fold:0"
"['b09705048']" won the round 9 (stack = {'b09902013': 937.8, 'b09705048': 1062})
b09705048win
community cards of this round: ['D9', 'DT', 'C7', 'H3', 'S3']
name: b09902013, hole_card: ['S8', 'SQ']
name: b09705048, hole_card: ['D6', 'C5']
---round_count--- 10
Started the round 10
Street "preflop" started. (community card = [])
name: b09902013, hole_card: ['S8', 'SQ']
name: b09705048, hole_card: ['D6', 'C5']
"b09902013" declared "call:10"
name: b09902013, hole_card: ['S8', 'SQ']
name: b09705048, hole_card: ['D6', 'C5']
"b09705048" declared "call:10"
Street "flop" started. (community card = ['D9', 'DT', 'C7'])
name: b09902013, hole_card: ['S8', 'SQ']
name: b09705048, hole_card: ['D6', 'C5']
"b09902013" declared "call:0"
name: b09902013, hole_card: ['S8', 'SQ']
name: b09705048, hole_card: ['D6', 'C5']
"b09705048" declared "call:0"
Street "turn" started. (community card = ['D9', 'DT', 'C7', 'H3'])
name: b09902013, hole_card: ['S8', 'SQ']
name: b09705048, hole_card: ['D6', 'C5']
"b09902013" declared "call:0"
name: b09902013, hole_card: ['S8', 'SQ']
name: b09705048, hole_card: ['D6', 'C5']
"b09705048" declared "call:0"
Street "river" started. (community card = ['D9', 'DT', 'C7', 'H3', 'S3'])
name: b09902013, hole_card: ['S8', 'SQ']
name: b09705048, hole_card: ['D6', 'C5']
"b09902013" declared "call:0"
name: b09902013, hole_card: ['S8', 'SQ']
name: b09705048, hole_card: ['D6', 'C5']
"b09705048" declared "call:0"
"['b09902013']" won the round 10 (stack = {'b09902013': 947.8, 'b09705048': 1052})
b09902013win
community cards of this round: ['CA', 'SJ', 'HJ', 'D7', 'DJ']
name: b09902013, hole_card: ['H9', 'D9']
name: b09705048, hole_card: ['C4', 'D8']
---round_count--- 11
Started the round 11
Street "preflop" started. (community card = [])
name: b09902013, hole_card: ['H9', 'D9']
name: b09705048, hole_card: ['C4', 'D8']
"b09705048" declared "call:10"
name: b09902013, hole_card: ['H9', 'D9']
name: b09705048, hole_card: ['C4', 'D8']
"b09902013" declared "raise:947.8"
name: b09902013, hole_card: ['H9', 'D9']
name: b09705048, hole_card: ['C4', 'D8']
"b09705048" declared "fold:0"
"['b09902013']" won the round 11 (stack = {'b09902013': 957.0, 'b09705048': 1042})
b09902013win
community cards of this round: ['SJ', 'S8', 'D3', 'S7', 'H8']
name: b09902013, hole_card: ['C5', 'S3']
name: b09705048, hole_card: ['H5', 'C7']
---round_count--- 12
Started the round 12
Street "preflop" started. (community card = [])
name: b09902013, hole_card: ['C5', 'S3']
name: b09705048, hole_card: ['H5', 'C7']
"b09902013" declared "fold:0"
"['b09705048']" won the round 12 (stack = {'b09902013': 952.0, 'b09705048': 1047})
b09705048win
community cards of this round: ['CJ', 'HQ', 'HK', 'H3', 'C5']
name: b09902013, hole_card: ['S9', 'CT']
name: b09705048, hole_card: ['DK', 'CQ']
---round_count--- 13
Started the round 13
Street "preflop" started. (community card = [])
name: b09902013, hole_card: ['S9', 'CT']
name: b09705048, hole_card: ['DK', 'CQ']
"b09705048" declared "raise:30"
name: b09902013, hole_card: ['S9', 'CT']
name: b09705048, hole_card: ['DK', 'CQ']
"b09902013" declared "call:30"
Street "flop" started. (community card = ['CJ', 'HQ', 'HK'])
name: b09902013, hole_card: ['S9', 'CT']
name: b09705048, hole_card: ['DK', 'CQ']
"b09705048" declared "raise:10"
name: b09902013, hole_card: ['S9', 'CT']
name: b09705048, hole_card: ['DK', 'CQ']
"b09902013" declared "raise:922.0"
name: b09902013, hole_card: ['S9', 'CT']
name: b09705048, hole_card: ['DK', 'CQ']
"b09705048" declared "call:922.0"
Street "turn" started. (community card = ['CJ', 'HQ', 'HK', 'H3'])
Street "river" started. (community card = ['CJ', 'HQ', 'HK', 'H3', 'C5'])
"['b09902013']" won the round 13 (stack = {'b09902013': 1904.0, 'b09705048': 95.0})
b09902013win
community cards of this round: ['DK', 'C2', 'C8', 'CJ', 'C6']
name: b09902013, hole_card: ['HA', 'D9']
name: b09705048, hole_card: ['DT', 'H2']
---round_count--- 14
Started the round 14
Street "preflop" started. (community card = [])
name: b09902013, hole_card: ['HA', 'D9']
name: b09705048, hole_card: ['DT', 'H2']
"b09902013" declared "fold:0"
"['b09705048']" won the round 14 (stack = {'b09902013': 1899.0, 'b09705048': 100.0})
b09705048win
community cards of this round: ['CQ', 'S2', 'D3', 'C6', 'S4']
name: b09902013, hole_card: ['H2', 'S3']
name: b09705048, hole_card: ['D7', 'DT']
---round_count--- 15
Started the round 15
Street "preflop" started. (community card = [])
name: b09902013, hole_card: ['H2', 'S3']
name: b09705048, hole_card: ['D7', 'DT']
"b09705048" declared "call:10"
name: b09902013, hole_card: ['H2', 'S3']
name: b09705048, hole_card: ['D7', 'DT']
"b09902013" declared "fold:0"
"['b09705048']" won the round 15 (stack = {'b09902013': 1889.0, 'b09705048': 110.0})
b09705048win
community cards of this round: ['C3', 'H7', 'D6', 'C7', 'C5']
name: b09902013, hole_card: ['CT', 'S8']
name: b09705048, hole_card: ['D9', 'DJ']
---round_count--- 16
Started the round 16
Street "preflop" started. (community card = [])
name: b09902013, hole_card: ['CT', 'S8']
name: b09705048, hole_card: ['D9', 'DJ']
"b09902013" declared "fold:0"
"['b09705048']" won the round 16 (stack = {'b09902013': 1884.0, 'b09705048': 115.0})
b09705048win
community cards of this round: ['C9', 'HJ', 'CA', 'H7', 'D5']
name: b09902013, hole_card: ['S8', 'D3']
name: b09705048, hole_card: ['C8', 'H5']
---round_count--- 17
Started the round 17
Street "preflop" started. (community card = [])
name: b09902013, hole_card: ['S8', 'D3']
name: b09705048, hole_card: ['C8', 'H5']
"b09705048" declared "call:10"
name: b09902013, hole_card: ['S8', 'D3']
name: b09705048, hole_card: ['C8', 'H5']
"b09902013" declared "fold:0"
"['b09705048']" won the round 17 (stack = {'b09902013': 1874.0, 'b09705048': 125.0})
b09705048win
community cards of this round: ['SQ', 'C8', 'D4', 'CK', 'DT']
name: b09902013, hole_card: ['DJ', 'HT']
name: b09705048, hole_card: ['H8', 'H7']
---round_count--- 18
Started the round 18
Street "preflop" started. (community card = [])
name: b09902013, hole_card: ['DJ', 'HT']
name: b09705048, hole_card: ['H8', 'H7']
"b09902013" declared "fold:0"
"['b09705048']" won the round 18 (stack = {'b09902013': 1869.0, 'b09705048': 130.0})
b09705048win
community cards of this round: ['D6', 'SA', 'DJ', 'DT', 'C9']
name: b09902013, hole_card: ['CA', 'HA']
name: b09705048, hole_card: ['H5', 'DA']
---round_count--- 19
Started the round 19
Street "preflop" started. (community card = [])
name: b09902013, hole_card: ['CA', 'HA']
name: b09705048, hole_card: ['H5', 'DA']
"b09705048" declared "call:10"
name: b09902013, hole_card: ['CA', 'HA']
name: b09705048, hole_card: ['H5', 'DA']
"b09902013" declared "fold:0"
"['b09705048']" won the round 19 (stack = {'b09902013': 1859.0, 'b09705048': 140.0})
b09705048win
community cards of this round: ['C2', 'DT', 'H6', 'HT', 'D5']
name: b09902013, hole_card: ['H3', 'D3']
name: b09705048, hole_card: ['H8', 'SQ']
---round_count--- 20
Started the round 20
Street "preflop" started. (community card = [])
name: b09902013, hole_card: ['H3', 'D3']
name: b09705048, hole_card: ['H8', 'SQ']
"b09902013" declared "fold:0"
"['b09705048']" won the round 20 (stack = {'b09902013': 1854.0, 'b09705048': 145.0})
b09705048win
b09705048 vs b09902013 - Game 3: {'rule': {'initial_stack': 1000, 'max_round': 20, 'small_blind_amount': 5, 'ante': 0, 'blind_structure': {}}, 'players': [{'name': 'b09902013', 'uuid': 'irqccehsuomawxnfjfaakk', 'stack': 1854.0, 'state': 'participating'}, {'name': 'b09705048', 'uuid': 'mpgwyudhxvynjmsjtoopyi', 'stack': 145.0, 'state': 'participating'}]}
community cards of this round: ['S3', 'S9', 'HT', 'H9', 'CK']
name: b09705048, hole_card: ['H6', 'DA']
name: b09902013, hole_card: ['SJ', 'S8']
---round_count--- 1
Started the round 1
Street "preflop" started. (community card = [])
name: b09705048, hole_card: ['H6', 'DA']
name: b09902013, hole_card: ['SJ', 'S8']
"b09902013" declared "call:10"
name: b09705048, hole_card: ['H6', 'DA']
name: b09902013, hole_card: ['SJ', 'S8']
"b09705048" declared "raise:30"
name: b09705048, hole_card: ['H6', 'DA']
name: b09902013, hole_card: ['SJ', 'S8']
"b09902013" declared "call:30"
Street "flop" started. (community card = ['S3', 'S9', 'HT'])
name: b09705048, hole_card: ['H6', 'DA']
name: b09902013, hole_card: ['SJ', 'S8']
"b09902013" declared "call:0"
name: b09705048, hole_card: ['H6', 'DA']
name: b09902013, hole_card: ['SJ', 'S8']
"b09705048" declared "raise:11"
name: b09705048, hole_card: ['H6', 'DA']
name: b09902013, hole_card: ['SJ', 'S8']
"b09902013" declared "fold:0"
"['b09705048']" won the round 1 (stack = {'b09705048': 1030, 'b09902013': 970})
b09705048win
community cards of this round: ['C6', 'SA', 'CK', 'D7', 'H2']
name: b09705048, hole_card: ['H5', 'D9']
name: b09902013, hole_card: ['D4', 'D6']
---round_count--- 2
Started the round 2
Street "preflop" started. (community card = [])
name: b09705048, hole_card: ['H5', 'D9']
name: b09902013, hole_card: ['D4', 'D6']
"b09705048" declared "call:10"
name: b09705048, hole_card: ['H5', 'D9']
name: b09902013, hole_card: ['D4', 'D6']
"b09902013" declared "call:10"
Street "flop" started. (community card = ['C6', 'SA', 'CK'])
name: b09705048, hole_card: ['H5', 'D9']
name: b09902013, hole_card: ['D4', 'D6']
"b09705048" declared "call:0"
name: b09705048, hole_card: ['H5', 'D9']
name: b09902013, hole_card: ['D4', 'D6']
"b09902013" declared "call:0"
Street "turn" started. (community card = ['C6', 'SA', 'CK', 'D7'])
name: b09705048, hole_card: ['H5', 'D9']
name: b09902013, hole_card: ['D4', 'D6']
"b09705048" declared "call:0"
name: b09705048, hole_card: ['H5', 'D9']
name: b09902013, hole_card: ['D4', 'D6']
"b09902013" declared "call:0"
Street "river" started. (community card = ['C6', 'SA', 'CK', 'D7', 'H2'])
name: b09705048, hole_card: ['H5', 'D9']
name: b09902013, hole_card: ['D4', 'D6']
"b09705048" declared "call:0"
name: b09705048, hole_card: ['H5', 'D9']
name: b09902013, hole_card: ['D4', 'D6']
"b09902013" declared "call:0"
"['b09902013']" won the round 2 (stack = {'b09705048': 1020, 'b09902013': 980})
b09902013win
community cards of this round: ['D3', 'DT', 'H6', 'CQ', 'S8']
name: b09705048, hole_card: ['DK', 'H8']
name: b09902013, hole_card: ['D5', 'D4']
---round_count--- 3
Started the round 3
Street "preflop" started. (community card = [])
name: b09705048, hole_card: ['DK', 'H8']
name: b09902013, hole_card: ['D5', 'D4']
"b09902013" declared "fold:0"
"['b09705048']" won the round 3 (stack = {'b09705048': 1025, 'b09902013': 975})
b09705048win
community cards of this round: ['H2', 'D5', 'D9', 'SJ', 'S7']
name: b09705048, hole_card: ['DQ', 'H5']
name: b09902013, hole_card: ['C4', 'S3']
---round_count--- 4
Started the round 4
Street "preflop" started. (community card = [])
name: b09705048, hole_card: ['DQ', 'H5']
name: b09902013, hole_card: ['C4', 'S3']
"b09705048" declared "call:10"
name: b09705048, hole_card: ['DQ', 'H5']
name: b09902013, hole_card: ['C4', 'S3']
"b09902013" declared "call:10"
Street "flop" started. (community card = ['H2', 'D5', 'D9'])
name: b09705048, hole_card: ['DQ', 'H5']
name: b09902013, hole_card: ['C4', 'S3']
"b09705048" declared "raise:10"
name: b09705048, hole_card: ['DQ', 'H5']
name: b09902013, hole_card: ['C4', 'S3']
"b09902013" declared "fold:0"
"['b09705048']" won the round 4 (stack = {'b09705048': 1035, 'b09902013': 965})
b09705048win
community cards of this round: ['HQ', 'DA', 'DJ', 'HT', 'C4']
name: b09705048, hole_card: ['CJ', 'C8']
name: b09902013, hole_card: ['SK', 'HK']
---round_count--- 5
Started the round 5
Street "preflop" started. (community card = [])
name: b09705048, hole_card: ['CJ', 'C8']
name: b09902013, hole_card: ['SK', 'HK']
"b09902013" declared "raise:965"
name: b09705048, hole_card: ['CJ', 'C8']
name: b09902013, hole_card: ['SK', 'HK']
"b09705048" declared "call:965"
Street "flop" started. (community card = ['HQ', 'DA', 'DJ'])
Street "turn" started. (community card = ['HQ', 'DA', 'DJ', 'HT'])
Street "river" started. (community card = ['HQ', 'DA', 'DJ', 'HT', 'C4'])
"['b09902013']" won the round 5 (stack = {'b09705048': 70, 'b09902013': 1930})
b09902013win
community cards of this round: ['D7', 'CQ', 'S8', 'H8', 'SQ']
name: b09705048, hole_card: ['SK', 'C7']
name: b09902013, hole_card: ['H2', 'S9']
---round_count--- 6
Started the round 6
Street "preflop" started. (community card = [])
name: b09705048, hole_card: ['SK', 'C7']
name: b09902013, hole_card: ['H2', 'S9']
"b09705048" declared "call:10"
name: b09705048, hole_card: ['SK', 'C7']
name: b09902013, hole_card: ['H2', 'S9']
"b09902013" declared "fold:0"
"['b09705048']" won the round 6 (stack = {'b09705048': 80, 'b09902013': 1920})
b09705048win
community cards of this round: ['S2', 'HK', 'DJ', 'SQ', 'H3']
name: b09705048, hole_card: ['D4', 'S8']
name: b09902013, hole_card: ['SJ', 'S5']
---round_count--- 7
Started the round 7
Street "preflop" started. (community card = [])
name: b09705048, hole_card: ['D4', 'S8']
name: b09902013, hole_card: ['SJ', 'S5']
"b09902013" declared "fold:0"
"['b09705048']" won the round 7 (stack = {'b09705048': 85, 'b09902013': 1915})
b09705048win
community cards of this round: ['H7', 'HA', 'HT', 'CK', 'DJ']
name: b09705048, hole_card: ['H9', 'D3']
name: b09902013, hole_card: ['C7', 'S6']
---round_count--- 8
Started the round 8
Street "preflop" started. (community card = [])
name: b09705048, hole_card: ['H9', 'D3']
name: b09902013, hole_card: ['C7', 'S6']
"b09705048" declared "call:10"
name: b09705048, hole_card: ['H9', 'D3']
name: b09902013, hole_card: ['C7', 'S6']
"b09902013" declared "fold:0"
"['b09705048']" won the round 8 (stack = {'b09705048': 95, 'b09902013': 1905})
b09705048win
community cards of this round: ['HT', 'C5', 'S8', 'D5', 'CA']
name: b09705048, hole_card: ['DK', 'H7']
name: b09902013, hole_card: ['C8', 'CQ']
---round_count--- 9
Started the round 9
Street "preflop" started. (community card = [])
name: b09705048, hole_card: ['DK', 'H7']
name: b09902013, hole_card: ['C8', 'CQ']
"b09902013" declared "fold:0"
"['b09705048']" won the round 9 (stack = {'b09705048': 100, 'b09902013': 1900})
b09705048win
community cards of this round: ['D9', 'DT', 'C7', 'H3', 'S3']
name: b09705048, hole_card: ['S8', 'SQ']
name: b09902013, hole_card: ['D6', 'C5']
---round_count--- 10
Started the round 10
Street "preflop" started. (community card = [])
name: b09705048, hole_card: ['S8', 'SQ']
name: b09902013, hole_card: ['D6', 'C5']
"b09705048" declared "call:10"
name: b09705048, hole_card: ['S8', 'SQ']
name: b09902013, hole_card: ['D6', 'C5']
"b09902013" declared "fold:0"
"['b09705048']" won the round 10 (stack = {'b09705048': 110, 'b09902013': 1890})
b09705048win
community cards of this round: ['CA', 'SJ', 'HJ', 'D7', 'DJ']
name: b09705048, hole_card: ['H9', 'D9']
name: b09902013, hole_card: ['C4', 'D8']
---round_count--- 11
Started the round 11
Street "preflop" started. (community card = [])
name: b09705048, hole_card: ['H9', 'D9']
name: b09902013, hole_card: ['C4', 'D8']
"b09902013" declared "fold:0"
"['b09705048']" won the round 11 (stack = {'b09705048': 115, 'b09902013': 1885})
b09705048win
community cards of this round: ['SJ', 'S8', 'D3', 'S7', 'H8']
name: b09705048, hole_card: ['C5', 'S3']
name: b09902013, hole_card: ['H5', 'C7']
---round_count--- 12
Started the round 12
Street "preflop" started. (community card = [])
name: b09705048, hole_card: ['C5', 'S3']
name: b09902013, hole_card: ['H5', 'C7']
"b09705048" declared "call:10"
name: b09705048, hole_card: ['C5', 'S3']
name: b09902013, hole_card: ['H5', 'C7']
"b09902013" declared "fold:0"
"['b09705048']" won the round 12 (stack = {'b09705048': 125, 'b09902013': 1875})
b09705048win
community cards of this round: ['CJ', 'HQ', 'HK', 'H3', 'C5']
name: b09705048, hole_card: ['S9', 'CT']
name: b09902013, hole_card: ['DK', 'CQ']
---round_count--- 13
Started the round 13
Street "preflop" started. (community card = [])
name: b09705048, hole_card: ['S9', 'CT']
name: b09902013, hole_card: ['DK', 'CQ']
"b09902013" declared "fold:0"
"['b09705048']" won the round 13 (stack = {'b09705048': 130, 'b09902013': 1870})
b09705048win
community cards of this round: ['DK', 'C2', 'C8', 'CJ', 'C6']
name: b09705048, hole_card: ['HA', 'D9']
name: b09902013, hole_card: ['DT', 'H2']
---round_count--- 14
Started the round 14
Street "preflop" started. (community card = [])
name: b09705048, hole_card: ['HA', 'D9']
name: b09902013, hole_card: ['DT', 'H2']
"b09705048" declared "call:10"
name: b09705048, hole_card: ['HA', 'D9']
name: b09902013, hole_card: ['DT', 'H2']
"b09902013" declared "fold:0"
"['b09705048']" won the round 14 (stack = {'b09705048': 140, 'b09902013': 1860})
b09705048win
community cards of this round: ['CQ', 'S2', 'D3', 'C6', 'S4']
name: b09705048, hole_card: ['H2', 'S3']
name: b09902013, hole_card: ['D7', 'DT']
---round_count--- 15
Started the round 15
Street "preflop" started. (community card = [])
name: b09705048, hole_card: ['H2', 'S3']
name: b09902013, hole_card: ['D7', 'DT']
"b09902013" declared "fold:0"
"['b09705048']" won the round 15 (stack = {'b09705048': 145, 'b09902013': 1855})
b09705048win
community cards of this round: ['C3', 'H7', 'D6', 'C7', 'C5']
name: b09705048, hole_card: ['CT', 'S8']
name: b09902013, hole_card: ['D9', 'DJ']
---round_count--- 16
Started the round 16
Street "preflop" started. (community card = [])
name: b09705048, hole_card: ['CT', 'S8']
name: b09902013, hole_card: ['D9', 'DJ']
"b09705048" declared "call:10"
name: b09705048, hole_card: ['CT', 'S8']
name: b09902013, hole_card: ['D9', 'DJ']
"b09902013" declared "fold:0"
"['b09705048']" won the round 16 (stack = {'b09705048': 155, 'b09902013': 1845})
b09705048win
community cards of this round: ['C9', 'HJ', 'CA', 'H7', 'D5']
name: b09705048, hole_card: ['S8', 'D3']
name: b09902013, hole_card: ['C8', 'H5']
---round_count--- 17
Started the round 17
Street "preflop" started. (community card = [])
name: b09705048, hole_card: ['S8', 'D3']
name: b09902013, hole_card: ['C8', 'H5']
"b09902013" declared "fold:0"
"['b09705048']" won the round 17 (stack = {'b09705048': 160, 'b09902013': 1840})
b09705048win
community cards of this round: ['SQ', 'C8', 'D4', 'CK', 'DT']
name: b09705048, hole_card: ['DJ', 'HT']
name: b09902013, hole_card: ['H8', 'H7']
---round_count--- 18
Started the round 18
Street "preflop" started. (community card = [])
name: b09705048, hole_card: ['DJ', 'HT']
name: b09902013, hole_card: ['H8', 'H7']
"b09705048" declared "call:10"
name: b09705048, hole_card: ['DJ', 'HT']
name: b09902013, hole_card: ['H8', 'H7']
"b09902013" declared "fold:0"
"['b09705048']" won the round 18 (stack = {'b09705048': 170, 'b09902013': 1830})
b09705048win
community cards of this round: ['D6', 'SA', 'DJ', 'DT', 'C9']
name: b09705048, hole_card: ['CA', 'HA']
name: b09902013, hole_card: ['H5', 'DA']
---round_count--- 19
Started the round 19
Street "preflop" started. (community card = [])
name: b09705048, hole_card: ['CA', 'HA']
name: b09902013, hole_card: ['H5', 'DA']
"b09902013" declared "fold:0"
"['b09705048']" won the round 19 (stack = {'b09705048': 175, 'b09902013': 1825})
b09705048win
community cards of this round: ['C2', 'DT', 'H6', 'HT', 'D5']
name: b09705048, hole_card: ['H3', 'D3']
name: b09902013, hole_card: ['H8', 'SQ']
---round_count--- 20
Started the round 20
Street "preflop" started. (community card = [])
name: b09705048, hole_card: ['H3', 'D3']
name: b09902013, hole_card: ['H8', 'SQ']
"b09705048" declared "call:10"
name: b09705048, hole_card: ['H3', 'D3']
name: b09902013, hole_card: ['H8', 'SQ']
"b09902013" declared "fold:0"
"['b09705048']" won the round 20 (stack = {'b09705048': 185, 'b09902013': 1815})
b09705048win
b09705048 vs b09902013 - Game 4: {'rule': {'initial_stack': 1000, 'max_round': 20, 'small_blind_amount': 5, 'ante': 0, 'blind_structure': {}}, 'players': [{'name': 'b09705048', 'uuid': 'kznnqpyqxviugenkumvvdq', 'stack': 185, 'state': 'participating'}, {'name': 'b09902013', 'uuid': 'tjygpycsyevnndxkshuais', 'stack': 1815, 'state': 'participating'}]}
community cards of this round: ['DK', 'CK', 'H7', 'D8', 'SA']
name: b09902013, hole_card: ['C2', 'C3']
name: b09705048, hole_card: ['D7', 'C8']
---round_count--- 1
Started the round 1
Street "preflop" started. (community card = [])
name: b09902013, hole_card: ['C2', 'C3']
name: b09705048, hole_card: ['D7', 'C8']
"b09705048" declared "call:10"
name: b09902013, hole_card: ['C2', 'C3']
name: b09705048, hole_card: ['D7', 'C8']
"b09902013" declared "call:10"
Street "flop" started. (community card = ['DK', 'CK', 'H7'])
name: b09902013, hole_card: ['C2', 'C3']
name: b09705048, hole_card: ['D7', 'C8']
"b09705048" declared "raise:10"
name: b09902013, hole_card: ['C2', 'C3']
name: b09705048, hole_card: ['D7', 'C8']
"b09902013" declared "fold:0"
"['b09705048']" won the round 1 (stack = {'b09902013': 990, 'b09705048': 1010})
b09705048win
community cards of this round: ['S6', 'S5', 'H7', 'D6', 'C3']
name: b09902013, hole_card: ['S7', 'D9']
name: b09705048, hole_card: ['H3', 'S2']
---round_count--- 2
Started the round 2
Street "preflop" started. (community card = [])
name: b09902013, hole_card: ['S7', 'D9']
name: b09705048, hole_card: ['H3', 'S2']
"b09902013" declared "call:10"
name: b09902013, hole_card: ['S7', 'D9']
name: b09705048, hole_card: ['H3', 'S2']
"b09705048" declared "call:10"
Street "flop" started. (community card = ['S6', 'S5', 'H7'])
name: b09902013, hole_card: ['S7', 'D9']
name: b09705048, hole_card: ['H3', 'S2']
"b09902013" declared "raise:122.0"
name: b09902013, hole_card: ['S7', 'D9']
name: b09705048, hole_card: ['H3', 'S2']
"b09705048" declared "fold:0"
"['b09902013']" won the round 2 (stack = {'b09902013': 1000.0, 'b09705048': 1000})
b09902013win
community cards of this round: ['C6', 'D2', 'DA', 'D4', 'DK']
name: b09902013, hole_card: ['H9', 'H2']
name: b09705048, hole_card: ['CK', 'C9']
---round_count--- 3
Started the round 3
Street "preflop" started. (community card = [])
name: b09902013, hole_card: ['H9', 'H2']
name: b09705048, hole_card: ['CK', 'C9']
"b09705048" declared "raise:30"
name: b09902013, hole_card: ['H9', 'H2']
name: b09705048, hole_card: ['CK', 'C9']
"b09902013" declared "fold:0"
"['b09705048']" won the round 3 (stack = {'b09902013': 990.0, 'b09705048': 1010})
b09705048win
community cards of this round: ['DQ', 'S5', 'H4', 'HT', 'HJ']
name: b09902013, hole_card: ['C8', 'HA']
name: b09705048, hole_card: ['C2', 'S6']
---round_count--- 4
Started the round 4
Street "preflop" started. (community card = [])
name: b09902013, hole_card: ['C8', 'HA']
name: b09705048, hole_card: ['C2', 'S6']
"b09902013" declared "raise:82.5"
name: b09902013, hole_card: ['C8', 'HA']
name: b09705048, hole_card: ['C2', 'S6']
"b09705048" declared "fold:0"
"['b09902013']" won the round 4 (stack = {'b09902013': 999.5, 'b09705048': 1000})
b09902013win
community cards of this round: ['S7', 'H6', 'H2', 'DK', 'D9']
name: b09902013, hole_card: ['H9', 'S5']
name: b09705048, hole_card: ['H4', 'D7']
---round_count--- 5
Started the round 5
Street "preflop" started. (community card = [])
name: b09902013, hole_card: ['H9', 'S5']
name: b09705048, hole_card: ['H4', 'D7']
"b09705048" declared "call:10"
name: b09902013, hole_card: ['H9', 'S5']
name: b09705048, hole_card: ['H4', 'D7']
"b09902013" declared "call:10"
Street "flop" started. (community card = ['S7', 'H6', 'H2'])
name: b09902013, hole_card: ['H9', 'S5']
name: b09705048, hole_card: ['H4', 'D7']
"b09705048" declared "raise:10"
name: b09902013, hole_card: ['H9', 'S5']
name: b09705048, hole_card: ['H4', 'D7']
"b09902013" declared "fold:0"
"['b09705048']" won the round 5 (stack = {'b09902013': 989.5, 'b09705048': 1010})
b09705048win
community cards of this round: ['D4', 'D6', 'HA', 'S5', 'H9']
name: b09902013, hole_card: ['H3', 'S9']
name: b09705048, hole_card: ['HK', 'CA']
---round_count--- 6
Started the round 6
Street "preflop" started. (community card = [])
name: b09902013, hole_card: ['H3', 'S9']
name: b09705048, hole_card: ['HK', 'CA']
"b09902013" declared "fold:0"
"['b09705048']" won the round 6 (stack = {'b09902013': 984.5, 'b09705048': 1015})
b09705048win
community cards of this round: ['C5', 'S5', 'C2', 'S9', 'H5']
name: b09902013, hole_card: ['H6', 'D2']
name: b09705048, hole_card: ['ST', 'S3']
---round_count--- 7
Started the round 7
Street "preflop" started. (community card = [])
name: b09902013, hole_card: ['H6', 'D2']
name: b09705048, hole_card: ['ST', 'S3']
"b09705048" declared "call:10"
name: b09902013, hole_card: ['H6', 'D2']
name: b09705048, hole_card: ['ST', 'S3']
"b09902013" declared "call:10"
Street "flop" started. (community card = ['C5', 'S5', 'C2'])
name: b09902013, hole_card: ['H6', 'D2']
name: b09705048, hole_card: ['ST', 'S3']
"b09705048" declared "call:0"
name: b09902013, hole_card: ['H6', 'D2']
name: b09705048, hole_card: ['ST', 'S3']
"b09902013" declared "raise:10"
name: b09902013, hole_card: ['H6', 'D2']
name: b09705048, hole_card: ['ST', 'S3']
"b09705048" declared "call:10"
Street "turn" started. (community card = ['C5', 'S5', 'C2', 'S9'])
name: b09902013, hole_card: ['H6', 'D2']
name: b09705048, hole_card: ['ST', 'S3']
"b09705048" declared "raise:11"
name: b09902013, hole_card: ['H6', 'D2']
name: b09705048, hole_card: ['ST', 'S3']
"b09902013" declared "call:11"
Street "river" started. (community card = ['C5', 'S5', 'C2', 'S9', 'H5'])
name: b09902013, hole_card: ['H6', 'D2']
name: b09705048, hole_card: ['ST', 'S3']
"b09705048" declared "call:0"
name: b09902013, hole_card: ['H6', 'D2']
name: b09705048, hole_card: ['ST', 'S3']
"b09902013" declared "call:0"
"['b09902013']" won the round 7 (stack = {'b09902013': 1015.5, 'b09705048': 984})
b09902013win
community cards of this round: ['DK', 'C5', 'H5', 'H8', 'C4']
name: b09902013, hole_card: ['S8', 'S2']
name: b09705048, hole_card: ['CA', 'S5']
---round_count--- 8
Started the round 8
Street "preflop" started. (community card = [])
name: b09902013, hole_card: ['S8', 'S2']
name: b09705048, hole_card: ['CA', 'S5']
"b09902013" declared "fold:0"
"['b09705048']" won the round 8 (stack = {'b09902013': 1010.5, 'b09705048': 989})
b09705048win
community cards of this round: ['H8', 'S9', 'H4', 'C6', 'HT']
name: b09902013, hole_card: ['H7', 'S3']
name: b09705048, hole_card: ['SK', 'C2']
---round_count--- 9
Started the round 9
Street "preflop" started. (community card = [])
name: b09902013, hole_card: ['H7', 'S3']
name: b09705048, hole_card: ['SK', 'C2']
"b09705048" declared "call:10"
name: b09902013, hole_card: ['H7', 'S3']
name: b09705048, hole_card: ['SK', 'C2']
"b09902013" declared "call:10"
Street "flop" started. (community card = ['H8', 'S9', 'H4'])
name: b09902013, hole_card: ['H7', 'S3']
name: b09705048, hole_card: ['SK', 'C2']
"b09705048" declared "call:0"
name: b09902013, hole_card: ['H7', 'S3']
name: b09705048, hole_card: ['SK', 'C2']
"b09902013" declared "call:0"
Street "turn" started. (community card = ['H8', 'S9', 'H4', 'C6'])
name: b09902013, hole_card: ['H7', 'S3']
name: b09705048, hole_card: ['SK', 'C2']
"b09705048" declared "call:0"
name: b09902013, hole_card: ['H7', 'S3']
name: b09705048, hole_card: ['SK', 'C2']
"b09902013" declared "call:0"
Street "river" started. (community card = ['H8', 'S9', 'H4', 'C6', 'HT'])
name: b09902013, hole_card: ['H7', 'S3']
name: b09705048, hole_card: ['SK', 'C2']
"b09705048" declared "call:0"
name: b09902013, hole_card: ['H7', 'S3']
name: b09705048, hole_card: ['SK', 'C2']
"b09902013" declared "raise:10"
name: b09902013, hole_card: ['H7', 'S3']
name: b09705048, hole_card: ['SK', 'C2']
"b09705048" declared "call:10"
"['b09902013']" won the round 9 (stack = {'b09902013': 1030.5, 'b09705048': 969})
b09902013win
community cards of this round: ['C3', 'DJ', 'H6', 'S9', 'C8']
name: b09902013, hole_card: ['C5', 'DQ']
name: b09705048, hole_card: ['HA', 'H7']
---round_count--- 10
Started the round 10
Street "preflop" started. (community card = [])
name: b09902013, hole_card: ['C5', 'DQ']
name: b09705048, hole_card: ['HA', 'H7']
"b09902013" declared "call:10"
name: b09902013, hole_card: ['C5', 'DQ']
name: b09705048, hole_card: ['HA', 'H7']
"b09705048" declared "raise:30"
name: b09902013, hole_card: ['C5', 'DQ']
name: b09705048, hole_card: ['HA', 'H7']
"b09902013" declared "fold:0"
"['b09705048']" won the round 10 (stack = {'b09902013': 1020.5, 'b09705048': 979})
b09705048win
community cards of this round: ['C6', 'DT', 'SA', 'SK', 'H3']
name: b09902013, hole_card: ['HJ', 'HQ']
name: b09705048, hole_card: ['H8', 'S4']
---round_count--- 11
Started the round 11
Street "preflop" started. (community card = [])
name: b09902013, hole_card: ['HJ', 'HQ']
name: b09705048, hole_card: ['H8', 'S4']
"b09705048" declared "call:10"
name: b09902013, hole_card: ['HJ', 'HQ']
name: b09705048, hole_card: ['H8', 'S4']
"b09902013" declared "raise:35.55"
name: b09902013, hole_card: ['HJ', 'HQ']
name: b09705048, hole_card: ['H8', 'S4']
"b09705048" declared "fold:0"
"['b09902013']" won the round 11 (stack = {'b09902013': 1029.95, 'b09705048': 969})
b09902013win
community cards of this round: ['H2', 'D2', 'CA', 'HA', 'H8']
name: b09902013, hole_card: ['S6', 'DJ']
name: b09705048, hole_card: ['D5', 'ST']
---round_count--- 12
Started the round 12
Street "preflop" started. (community card = [])
name: b09902013, hole_card: ['S6', 'DJ']
name: b09705048, hole_card: ['D5', 'ST']
"b09902013" declared "call:10"
name: b09902013, hole_card: ['S6', 'DJ']
name: b09705048, hole_card: ['D5', 'ST']
"b09705048" declared "call:10"
Street "flop" started. (community card = ['H2', 'D2', 'CA'])
name: b09902013, hole_card: ['S6', 'DJ']
name: b09705048, hole_card: ['D5', 'ST']
"b09902013" declared "call:0"
name: b09902013, hole_card: ['S6', 'DJ']
name: b09705048, hole_card: ['D5', 'ST']
"b09705048" declared "call:0"
Street "turn" started. (community card = ['H2', 'D2', 'CA', 'HA'])
name: b09902013, hole_card: ['S6', 'DJ']
name: b09705048, hole_card: ['D5', 'ST']
"b09902013" declared "call:0"
name: b09902013, hole_card: ['S6', 'DJ']
name: b09705048, hole_card: ['D5', 'ST']
"b09705048" declared "call:0"
Street "river" started. (community card = ['H2', 'D2', 'CA', 'HA', 'H8'])
name: b09902013, hole_card: ['S6', 'DJ']
name: b09705048, hole_card: ['D5', 'ST']
"b09902013" declared "call:0"
name: b09902013, hole_card: ['S6', 'DJ']
name: b09705048, hole_card: ['D5', 'ST']
"b09705048" declared "call:0"
"['b09902013']" won the round 12 (stack = {'b09902013': 1039.95, 'b09705048': 959})
b09902013win
community cards of this round: ['S8', 'CJ', 'H7', 'H2', 'S6']
name: b09902013, hole_card: ['D9', 'HA']
name: b09705048, hole_card: ['S5', 'SJ']
---round_count--- 13
Started the round 13
Street "preflop" started. (community card = [])
name: b09902013, hole_card: ['D9', 'HA']
name: b09705048, hole_card: ['S5', 'SJ']
"b09705048" declared "call:10"
name: b09902013, hole_card: ['D9', 'HA']
name: b09705048, hole_card: ['S5', 'SJ']
"b09902013" declared "raise:15"
name: b09902013, hole_card: ['D9', 'HA']
name: b09705048, hole_card: ['S5', 'SJ']
"b09705048" declared "call:15"
Street "flop" started. (community card = ['S8', 'CJ', 'H7'])
name: b09902013, hole_card: ['D9', 'HA']
name: b09705048, hole_card: ['S5', 'SJ']
"b09705048" declared "raise:10"
name: b09902013, hole_card: ['D9', 'HA']
name: b09705048, hole_card: ['S5', 'SJ']
"b09902013" declared "call:10"
Street "turn" started. (community card = ['S8', 'CJ', 'H7', 'H2'])
name: b09902013, hole_card: ['D9', 'HA']
name: b09705048, hole_card: ['S5', 'SJ']
"b09705048" declared "call:0"
name: b09902013, hole_card: ['D9', 'HA']
name: b09705048, hole_card: ['S5', 'SJ']
"b09902013" declared "call:0"
Street "river" started. (community card = ['S8', 'CJ', 'H7', 'H2', 'S6'])
name: b09902013, hole_card: ['D9', 'HA']
name: b09705048, hole_card: ['S5', 'SJ']
"b09705048" declared "call:0"
name: b09902013, hole_card: ['D9', 'HA']
name: b09705048, hole_card: ['S5', 'SJ']
"b09902013" declared "call:0"
"['b09705048']" won the round 13 (stack = {'b09902013': 1014.95, 'b09705048': 984})
b09705048win
community cards of this round: ['SQ', 'D3', 'S3', 'H4', 'D4']
name: b09902013, hole_card: ['CA', 'DJ']
name: b09705048, hole_card: ['S4', 'C3']
---round_count--- 14
Started the round 14
Street "preflop" started. (community card = [])
name: b09902013, hole_card: ['CA', 'DJ']
name: b09705048, hole_card: ['S4', 'C3']
"b09902013" declared "raise:22.214999999999986"
name: b09902013, hole_card: ['CA', 'DJ']
name: b09705048, hole_card: ['S4', 'C3']
"b09705048" declared "fold:0"
"['b09902013']" won the round 14 (stack = {'b09902013': 1024.7350000000001, 'b09705048': 974})
b09902013win
community cards of this round: ['D2', 'C6', 'HT', 'H5', 'S2']
name: b09902013, hole_card: ['D5', 'S5']
name: b09705048, hole_card: ['CT', 'C4']
---round_count--- 15
Started the round 15
Street "preflop" started. (community card = [])
name: b09902013, hole_card: ['D5', 'S5']
name: b09705048, hole_card: ['CT', 'C4']
"b09705048" declared "call:10"
name: b09902013, hole_card: ['D5', 'S5']
name: b09705048, hole_card: ['CT', 'C4']
"b09902013" declared "call:10"
Street "flop" started. (community card = ['D2', 'C6', 'HT'])
name: b09902013, hole_card: ['D5', 'S5']
name: b09705048, hole_card: ['CT', 'C4']
"b09705048" declared "raise:10"
name: b09902013, hole_card: ['D5', 'S5']
name: b09705048, hole_card: ['CT', 'C4']
"b09902013" declared "raise:20"
name: b09902013, hole_card: ['D5', 'S5']
name: b09705048, hole_card: ['CT', 'C4']
"b09705048" declared "raise:31"
name: b09902013, hole_card: ['D5', 'S5']
name: b09705048, hole_card: ['CT', 'C4']
"b09902013" declared "call:31"
Street "turn" started. (community card = ['D2', 'C6', 'HT', 'H5'])
name: b09902013, hole_card: ['D5', 'S5']
name: b09705048, hole_card: ['CT', 'C4']
"b09705048" declared "call:0"
name: b09902013, hole_card: ['D5', 'S5']
name: b09705048, hole_card: ['CT', 'C4']
"b09902013" declared "raise:983.7350000000001"
name: b09902013, hole_card: ['D5', 'S5']
name: b09705048, hole_card: ['CT', 'C4']
"b09705048" declared "raise:-1", Invalid action. Treat as fold...
"['b09902013']" won the round 15 (stack = {'b09902013': 1065.0, 'b09705048': 933})
b09902013win
community cards of this round: ['HT', 'D2', 'C4', 'H5', 'HJ']
name: b09902013, hole_card: ['C3', 'DT']
name: b09705048, hole_card: ['CJ', 'CK']
---round_count--- 16
Started the round 16
Street "preflop" started. (community card = [])
name: b09902013, hole_card: ['C3', 'DT']
name: b09705048, hole_card: ['CJ', 'CK']
"b09902013" declared "fold:0"
"['b09705048']" won the round 16 (stack = {'b09902013': 1060.0, 'b09705048': 938})
b09705048win
community cards of this round: ['S5', 'S4', 'S9', 'S3', 'HJ']
name: b09902013, hole_card: ['HT', 'HA']
name: b09705048, hole_card: ['C3', 'CJ']
---round_count--- 17
Started the round 17
Street "preflop" started. (community card = [])
name: b09902013, hole_card: ['HT', 'HA']
name: b09705048, hole_card: ['C3', 'CJ']
"b09705048" declared "call:10"
name: b09902013, hole_card: ['HT', 'HA']
name: b09705048, hole_card: ['C3', 'CJ']
"b09902013" declared "fold:0"
"['b09705048']" won the round 17 (stack = {'b09902013': 1050.0, 'b09705048': 948})
b09705048win
community cards of this round: ['CT', 'H9', 'DQ', 'D8', 'S6']
name: b09902013, hole_card: ['HT', 'D5']
name: b09705048, hole_card: ['H2', 'DK']
---round_count--- 18
Started the round 18
Street "preflop" started. (community card = [])
name: b09902013, hole_card: ['HT', 'D5']
name: b09705048, hole_card: ['H2', 'DK']
"b09902013" declared "fold:0"
"['b09705048']" won the round 18 (stack = {'b09902013': 1045.0, 'b09705048': 953})
b09705048win
community cards of this round: ['CA', 'H5', 'DA', 'HK', 'SK']
name: b09902013, hole_card: ['SA', 'D7']
name: b09705048, hole_card: ['CK', 'S8']
---round_count--- 19
Started the round 19
Street "preflop" started. (community card = [])
name: b09902013, hole_card: ['SA', 'D7']
name: b09705048, hole_card: ['CK', 'S8']
"b09705048" declared "call:10"
name: b09902013, hole_card: ['SA', 'D7']
name: b09705048, hole_card: ['CK', 'S8']
"b09902013" declared "fold:0"
"['b09705048']" won the round 19 (stack = {'b09902013': 1035.0, 'b09705048': 963})
b09705048win
community cards of this round: ['D4', 'H9', 'S4', 'DK', 'CJ']
name: b09902013, hole_card: ['S9', 'DQ']
name: b09705048, hole_card: ['SQ', 'HK']
---round_count--- 20
Started the round 20
Street "preflop" started. (community card = [])
name: b09902013, hole_card: ['S9', 'DQ']
name: b09705048, hole_card: ['SQ', 'HK']
"b09902013" declared "fold:0"
"['b09705048']" won the round 20 (stack = {'b09902013': 1030.0, 'b09705048': 968})
b09705048win
b09705048 vs b09902013 - Game 5: {'rule': {'initial_stack': 1000, 'max_round': 20, 'small_blind_amount': 5, 'ante': 0, 'blind_structure': {}}, 'players': [{'name': 'b09902013', 'uuid': 'ydnvlavtydhinknefpzshn', 'stack': 1030.0, 'state': 'participating'}, {'name': 'b09705048', 'uuid': 'hbtpgtkcefoclplzpvpuwt', 'stack': 968, 'state': 'participating'}]}
Final Result: b09705048 won 1 games (stack: 3412.8), b09902013 won 4 games (stack: 6583.0), num ties: 0
