community cards of this round: ['H2', 'C8', 'DT', 'C9', 'C6']
name: b09202004, hole_card: ['D8', 'D5']
name: b09901028, hole_card: ['D3', 'S3']
Started the round 1
Street "preflop" started. (community card = [])
name: b09202004, hole_card: ['D8', 'D5']
name: b09901028, hole_card: ['D3', 'S3']
"b09901028" declared "raise:290"
name: b09202004, hole_card: ['D8', 'D5']
name: b09901028, hole_card: ['D3', 'S3']
"b09202004" declared "fold:0"
"['b09901028']" won the round 1 (stack = {'b09202004': 990, 'b09901028': 1010})
community cards of this round: ['D4', 'S4', 'SJ', 'HK', 'C9']
name: b09202004, hole_card: ['H9', 'C5']
name: b09901028, hole_card: ['SA', 'H8']
Started the round 2
Street "preflop" started. (community card = [])
name: b09202004, hole_card: ['H9', 'C5']
name: b09901028, hole_card: ['SA', 'H8']
"b09202004" declared "call:10"
name: b09202004, hole_card: ['H9', 'C5']
name: b09901028, hole_card: ['SA', 'H8']
"b09901028" declared "fold:0"
"['b09202004']" won the round 2 (stack = {'b09202004': 1000, 'b09901028': 1000})
community cards of this round: ['CT', 'H9', 'C5', 'S5', 'CQ']
name: b09202004, hole_card: ['D8', 'D7']
name: b09901028, hole_card: ['ST', 'H8']
Started the round 3
Street "preflop" started. (community card = [])
name: b09202004, hole_card: ['D8', 'D7']
name: b09901028, hole_card: ['ST', 'H8']
"b09901028" declared "raise:969"
name: b09202004, hole_card: ['D8', 'D7']
name: b09901028, hole_card: ['ST', 'H8']
"b09202004" declared "raise:0", Invalid action. Treat as fold...
"['b09901028']" won the round 3 (stack = {'b09202004': 990, 'b09901028': 1010})
community cards of this round: ['D7', 'HK', 'H5', 'SJ', 'S5']
name: b09202004, hole_card: ['D6', 'D3']
name: b09901028, hole_card: ['D8', 'S8']
Started the round 4
Street "preflop" started. (community card = [])
name: b09202004, hole_card: ['D6', 'D3']
name: b09901028, hole_card: ['D8', 'S8']
"b09202004" declared "fold:0"
"['b09901028']" won the round 4 (stack = {'b09202004': 985, 'b09901028': 1015})
community cards of this round: ['S4', 'D5', 'H8', 'H7', 'DJ']
name: b09202004, hole_card: ['S2', 'ST']
name: b09901028, hole_card: ['S6', 'C3']
Started the round 5
Street "preflop" started. (community card = [])
name: b09202004, hole_card: ['S2', 'ST']
name: b09901028, hole_card: ['S6', 'C3']
"b09901028" declared "fold:0"
"['b09202004']" won the round 5 (stack = {'b09202004': 990, 'b09901028': 1010})
community cards of this round: ['H8', 'DT', 'HA', 'S3', 'C7']
name: b09202004, hole_card: ['D9', 'CJ']
name: b09901028, hole_card: ['S4', 'H5']
Started the round 6
Street "preflop" started. (community card = [])
name: b09202004, hole_card: ['D9', 'CJ']
name: b09901028, hole_card: ['S4', 'H5']
"b09202004" declared "call:10"
name: b09202004, hole_card: ['D9', 'CJ']
name: b09901028, hole_card: ['S4', 'H5']
"b09901028" declared "raise:137"
name: b09202004, hole_card: ['D9', 'CJ']
name: b09901028, hole_card: ['S4', 'H5']
"b09202004" declared "call:137"
Street "flop" started. (community card = ['H8', 'DT', 'HA'])
name: b09202004, hole_card: ['D9', 'CJ']
name: b09901028, hole_card: ['S4', 'H5']
"b09202004" declared "call:0"
name: b09202004, hole_card: ['D9', 'CJ']
name: b09901028, hole_card: ['S4', 'H5']
"b09901028" declared "fold:0"
"['b09202004']" won the round 6 (stack = {'b09202004': 1127, 'b09901028': 873})
community cards of this round: ['C5', 'SQ', 'S2', 'S5', 'H6']
name: b09202004, hole_card: ['HK', 'C3']
name: b09901028, hole_card: ['D9', 'HJ']
Started the round 7
Street "preflop" started. (community card = [])
name: b09202004, hole_card: ['HK', 'C3']
name: b09901028, hole_card: ['D9', 'HJ']
"b09901028" declared "raise:658"
name: b09202004, hole_card: ['HK', 'C3']
name: b09901028, hole_card: ['D9', 'HJ']
"b09202004" declared "fold:0"
"['b09901028']" won the round 7 (stack = {'b09202004': 1117, 'b09901028': 883})
community cards of this round: ['HT', 'DQ', 'C5', 'H8', 'S9']
name: b09202004, hole_card: ['DK', 'C9']
name: b09901028, hole_card: ['H9', 'CA']
Started the round 8
Street "preflop" started. (community card = [])
name: b09202004, hole_card: ['DK', 'C9']
name: b09901028, hole_card: ['H9', 'CA']
"b09202004" declared "fold:0"
"['b09901028']" won the round 8 (stack = {'b09202004': 1112, 'b09901028': 888})
community cards of this round: ['H9', 'DA', 'D3', 'H2', 'DQ']
name: b09202004, hole_card: ['D7', 'CT']
name: b09901028, hole_card: ['S5', 'D2']
Started the round 9
Street "preflop" started. (community card = [])
name: b09202004, hole_card: ['D7', 'CT']
name: b09901028, hole_card: ['S5', 'D2']
"b09901028" declared "raise:112"
name: b09202004, hole_card: ['D7', 'CT']
name: b09901028, hole_card: ['S5', 'D2']
"b09202004" declared "fold:0"
"['b09901028']" won the round 9 (stack = {'b09202004': 1102, 'b09901028': 898})
community cards of this round: ['S8', 'D5', 'C2', 'CK', 'DA']
name: b09202004, hole_card: ['D4', 'S5']
name: b09901028, hole_card: ['D9', 'DJ']
Started the round 10
Street "preflop" started. (community card = [])
name: b09202004, hole_card: ['D4', 'S5']
name: b09901028, hole_card: ['D9', 'DJ']
"b09202004" declared "call:10"
name: b09202004, hole_card: ['D4', 'S5']
name: b09901028, hole_card: ['D9', 'DJ']
"b09901028" declared "raise:105"
name: b09202004, hole_card: ['D4', 'S5']
name: b09901028, hole_card: ['D9', 'DJ']
"b09202004" declared "call:105"
Street "flop" started. (community card = ['S8', 'D5', 'C2'])
name: b09202004, hole_card: ['D4', 'S5']
name: b09901028, hole_card: ['D9', 'DJ']
"b09202004" declared "call:0"
name: b09202004, hole_card: ['D4', 'S5']
name: b09901028, hole_card: ['D9', 'DJ']
"b09901028" declared "fold:0"
"['b09202004']" won the round 10 (stack = {'b09202004': 1207, 'b09901028': 793})
community cards of this round: ['S4', 'DK', 'DJ', 'HQ', 'H6']
name: b09202004, hole_card: ['SK', 'D4']
name: b09901028, hole_card: ['DT', 'C6']
Started the round 11
Street "preflop" started. (community card = [])
name: b09202004, hole_card: ['SK', 'D4']
name: b09901028, hole_card: ['DT', 'C6']
"b09901028" declared "raise:382"
name: b09202004, hole_card: ['SK', 'D4']
name: b09901028, hole_card: ['DT', 'C6']
"b09202004" declared "raise:453", Invalid action. Treat as fold...
"['b09901028']" won the round 11 (stack = {'b09202004': 1197, 'b09901028': 803})
community cards of this round: ['D5', 'S2', 'D9', 'CT', 'CK']
name: b09202004, hole_card: ['H5', 'D2']
name: b09901028, hole_card: ['D8', 'HT']
Started the round 12
Street "preflop" started. (community card = [])
name: b09202004, hole_card: ['H5', 'D2']
name: b09901028, hole_card: ['D8', 'HT']
"b09202004" declared "fold:0"
"['b09901028']" won the round 12 (stack = {'b09202004': 1192, 'b09901028': 808})
community cards of this round: ['C9', 'S6', 'HJ', 'H7', 'DK']
name: b09202004, hole_card: ['DQ', 'SJ']
name: b09901028, hole_card: ['S2', 'H3']
Started the round 13
Street "preflop" started. (community card = [])
name: b09202004, hole_card: ['DQ', 'SJ']
name: b09901028, hole_card: ['S2', 'H3']
"b09901028" declared "raise:503"
name: b09202004, hole_card: ['DQ', 'SJ']
name: b09901028, hole_card: ['S2', 'H3']
"b09202004" declared "raise:196", Invalid action. Treat as fold...
"['b09901028']" won the round 13 (stack = {'b09202004': 1182, 'b09901028': 818})
community cards of this round: ['S3', 'C3', 'SJ', 'CA', 'DK']
name: b09202004, hole_card: ['SK', 'D3']
name: b09901028, hole_card: ['CJ', 'H4']
Started the round 14
Street "preflop" started. (community card = [])
name: b09202004, hole_card: ['SK', 'D3']
name: b09901028, hole_card: ['CJ', 'H4']
"b09202004" declared "call:10"
name: b09202004, hole_card: ['SK', 'D3']
name: b09901028, hole_card: ['CJ', 'H4']
"b09901028" declared "raise:511"
name: b09202004, hole_card: ['SK', 'D3']
name: b09901028, hole_card: ['CJ', 'H4']
"b09202004" declared "raise:170", Invalid action. Treat as fold...
"['b09901028']" won the round 14 (stack = {'b09202004': 1172, 'b09901028': 828})
community cards of this round: ['S5', 'D3', 'D6', 'H8', 'DT']
name: b09202004, hole_card: ['S8', 'HQ']
name: b09901028, hole_card: ['S6', 'HA']
Started the round 15
Street "preflop" started. (community card = [])
name: b09202004, hole_card: ['S8', 'HQ']
name: b09901028, hole_card: ['S6', 'HA']
"b09901028" declared "raise:108"
name: b09202004, hole_card: ['S8', 'HQ']
name: b09901028, hole_card: ['S6', 'HA']
"b09202004" declared "raise:966"
name: b09202004, hole_card: ['S8', 'HQ']
name: b09901028, hole_card: ['S6', 'HA']
"b09901028" declared "call:966"
Street "flop" started. (community card = ['S5', 'D3', 'D6'])
Street "turn" started. (community card = ['S5', 'D3', 'D6', 'H8'])
Street "river" started. (community card = ['S5', 'D3', 'D6', 'H8', 'DT'])
"['b09202004']" won the round 15 (stack = {'b09202004': 2000, 'b09901028': 0})
b09901028 vs b09202004 - Game 1: {'rule': {'initial_stack': 1000, 'max_round': 20, 'small_blind_amount': 5, 'ante': 0, 'blind_structure': {}}, 'players': [{'name': 'b09202004', 'uuid': 'eluhvbbianwmywwxxgeabh', 'stack': 2000, 'state': 'participating'}, {'name': 'b09901028', 'uuid': 'dcxnmbztfcjrrvyvguzijg', 'stack': 0, 'state': 'folded'}]}
community cards of this round: ['H2', 'C8', 'DT', 'C9', 'C6']
name: b09901028, hole_card: ['D8', 'D5']
name: b09202004, hole_card: ['D3', 'S3']
Started the round 1
Street "preflop" started. (community card = [])
name: b09901028, hole_card: ['D8', 'D5']
name: b09202004, hole_card: ['D3', 'S3']
"b09202004" declared "call:10"
name: b09901028, hole_card: ['D8', 'D5']
name: b09202004, hole_card: ['D3', 'S3']
"b09901028" declared "fold:0"
"['b09202004']" won the round 1 (stack = {'b09901028': 990, 'b09202004': 1010})
community cards of this round: ['D4', 'S4', 'SJ', 'HK', 'C9']
name: b09901028, hole_card: ['H9', 'C5']
name: b09202004, hole_card: ['SA', 'H8']
Started the round 2
Street "preflop" started. (community card = [])
name: b09901028, hole_card: ['H9', 'C5']
name: b09202004, hole_card: ['SA', 'H8']
"b09901028" declared "fold:0"
"['b09202004']" won the round 2 (stack = {'b09901028': 985, 'b09202004': 1015})
community cards of this round: ['CT', 'H9', 'C5', 'S5', 'CQ']
name: b09901028, hole_card: ['D8', 'D7']
name: b09202004, hole_card: ['ST', 'H8']
Started the round 3
Street "preflop" started. (community card = [])
name: b09901028, hole_card: ['D8', 'D7']
name: b09202004, hole_card: ['ST', 'H8']
"b09202004" declared "fold:0"
"['b09901028']" won the round 3 (stack = {'b09901028': 990, 'b09202004': 1010})
community cards of this round: ['D7', 'HK', 'H5', 'SJ', 'S5']
name: b09901028, hole_card: ['D6', 'D3']
name: b09202004, hole_card: ['D8', 'S8']
Started the round 4
Street "preflop" started. (community card = [])
name: b09901028, hole_card: ['D6', 'D3']
name: b09202004, hole_card: ['D8', 'S8']
"b09901028" declared "fold:0"
"['b09202004']" won the round 4 (stack = {'b09901028': 985, 'b09202004': 1015})
community cards of this round: ['S4', 'D5', 'H8', 'H7', 'DJ']
name: b09901028, hole_card: ['S2', 'ST']
name: b09202004, hole_card: ['S6', 'C3']
Started the round 5
Street "preflop" started. (community card = [])
name: b09901028, hole_card: ['S2', 'ST']
name: b09202004, hole_card: ['S6', 'C3']
"b09202004" declared "call:10"
name: b09901028, hole_card: ['S2', 'ST']
name: b09202004, hole_card: ['S6', 'C3']
"b09901028" declared "fold:0"
"['b09202004']" won the round 5 (stack = {'b09901028': 975, 'b09202004': 1025})
community cards of this round: ['H8', 'DT', 'HA', 'S3', 'C7']
name: b09901028, hole_card: ['D9', 'CJ']
name: b09202004, hole_card: ['S4', 'H5']
Started the round 6
Street "preflop" started. (community card = [])
name: b09901028, hole_card: ['D9', 'CJ']
name: b09202004, hole_card: ['S4', 'H5']
"b09901028" declared "fold:0"
"['b09202004']" won the round 6 (stack = {'b09901028': 970, 'b09202004': 1030})
community cards of this round: ['C5', 'SQ', 'S2', 'S5', 'H6']
name: b09901028, hole_card: ['HK', 'C3']
name: b09202004, hole_card: ['D9', 'HJ']
Started the round 7
Street "preflop" started. (community card = [])
name: b09901028, hole_card: ['HK', 'C3']
name: b09202004, hole_card: ['D9', 'HJ']
"b09202004" declared "fold:0"
"['b09901028']" won the round 7 (stack = {'b09901028': 975, 'b09202004': 1025})
community cards of this round: ['HT', 'DQ', 'C5', 'H8', 'S9']
name: b09901028, hole_card: ['DK', 'C9']
name: b09202004, hole_card: ['H9', 'CA']
Started the round 8
Street "preflop" started. (community card = [])
name: b09901028, hole_card: ['DK', 'C9']
name: b09202004, hole_card: ['H9', 'CA']
"b09901028" declared "fold:0"
"['b09202004']" won the round 8 (stack = {'b09901028': 970, 'b09202004': 1030})
community cards of this round: ['H9', 'DA', 'D3', 'H2', 'DQ']
name: b09901028, hole_card: ['D7', 'CT']
name: b09202004, hole_card: ['S5', 'D2']
Started the round 9
Street "preflop" started. (community card = [])
name: b09901028, hole_card: ['D7', 'CT']
name: b09202004, hole_card: ['S5', 'D2']
"b09202004" declared "raise:1015"
name: b09901028, hole_card: ['D7', 'CT']
name: b09202004, hole_card: ['S5', 'D2']
"b09901028" declared "fold:0"
"['b09202004']" won the round 9 (stack = {'b09901028': 960, 'b09202004': 1040})
community cards of this round: ['S8', 'D5', 'C2', 'CK', 'DA']
name: b09901028, hole_card: ['D4', 'S5']
name: b09202004, hole_card: ['D9', 'DJ']
Started the round 10
Street "preflop" started. (community card = [])
name: b09901028, hole_card: ['D4', 'S5']
name: b09202004, hole_card: ['D9', 'DJ']
"b09901028" declared "call:10"
name: b09901028, hole_card: ['D4', 'S5']
name: b09202004, hole_card: ['D9', 'DJ']
"b09202004" declared "call:10"
Street "flop" started. (community card = ['S8', 'D5', 'C2'])
name: b09901028, hole_card: ['D4', 'S5']
name: b09202004, hole_card: ['D9', 'DJ']
"b09901028" declared "fold:0"
"['b09202004']" won the round 10 (stack = {'b09901028': 950, 'b09202004': 1050})
community cards of this round: ['S4', 'DK', 'DJ', 'HQ', 'H6']
name: b09901028, hole_card: ['SK', 'D4']
name: b09202004, hole_card: ['DT', 'C6']
Started the round 11
Street "preflop" started. (community card = [])
name: b09901028, hole_card: ['SK', 'D4']
name: b09202004, hole_card: ['DT', 'C6']
"b09202004" declared "fold:0"
"['b09901028']" won the round 11 (stack = {'b09901028': 955, 'b09202004': 1045})
community cards of this round: ['D5', 'S2', 'D9', 'CT', 'CK']
name: b09901028, hole_card: ['H5', 'D2']
name: b09202004, hole_card: ['D8', 'HT']
Started the round 12
Street "preflop" started. (community card = [])
name: b09901028, hole_card: ['H5', 'D2']
name: b09202004, hole_card: ['D8', 'HT']
"b09901028" declared "fold:0"
"['b09202004']" won the round 12 (stack = {'b09901028': 950, 'b09202004': 1050})
community cards of this round: ['C9', 'S6', 'HJ', 'H7', 'DK']
name: b09901028, hole_card: ['DQ', 'SJ']
name: b09202004, hole_card: ['S2', 'H3']
Started the round 13
Street "preflop" started. (community card = [])
name: b09901028, hole_card: ['DQ', 'SJ']
name: b09202004, hole_card: ['S2', 'H3']
"b09202004" declared "fold:0"
"['b09901028']" won the round 13 (stack = {'b09901028': 955, 'b09202004': 1045})
community cards of this round: ['S3', 'C3', 'SJ', 'CA', 'DK']
name: b09901028, hole_card: ['SK', 'D3']
name: b09202004, hole_card: ['CJ', 'H4']
Started the round 14
Street "preflop" started. (community card = [])
name: b09901028, hole_card: ['SK', 'D3']
name: b09202004, hole_card: ['CJ', 'H4']
"b09901028" declared "fold:0"
"['b09202004']" won the round 14 (stack = {'b09901028': 950, 'b09202004': 1050})
community cards of this round: ['S5', 'D3', 'D6', 'H8', 'DT']
name: b09901028, hole_card: ['S8', 'HQ']
name: b09202004, hole_card: ['S6', 'HA']
Started the round 15
Street "preflop" started. (community card = [])
name: b09901028, hole_card: ['S8', 'HQ']
name: b09202004, hole_card: ['S6', 'HA']
"b09202004" declared "fold:0"
"['b09901028']" won the round 15 (stack = {'b09901028': 955, 'b09202004': 1045})
community cards of this round: ['C9', 'S4', 'HA', 'C2', 'H7']
name: b09901028, hole_card: ['HJ', 'CQ']
name: b09202004, hole_card: ['S6', 'C7']
Started the round 16
Street "preflop" started. (community card = [])
name: b09901028, hole_card: ['HJ', 'CQ']
name: b09202004, hole_card: ['S6', 'C7']
"b09901028" declared "fold:0"
"['b09202004']" won the round 16 (stack = {'b09901028': 950, 'b09202004': 1050})
community cards of this round: ['S3', 'HA', 'D4', 'SA', 'D8']
name: b09901028, hole_card: ['D7', 'H9']
name: b09202004, hole_card: ['HJ', 'H7']
Started the round 17
Street "preflop" started. (community card = [])
name: b09901028, hole_card: ['D7', 'H9']
name: b09202004, hole_card: ['HJ', 'H7']
"b09202004" declared "fold:0"
"['b09901028']" won the round 17 (stack = {'b09901028': 955, 'b09202004': 1045})
community cards of this round: ['D7', 'HQ', 'SA', 'CT', 'DJ']
name: b09901028, hole_card: ['C7', 'H7']
name: b09202004, hole_card: ['CA', 'S3']
Started the round 18
Street "preflop" started. (community card = [])
name: b09901028, hole_card: ['C7', 'H7']
name: b09202004, hole_card: ['CA', 'S3']
"b09901028" declared "raise:614"
name: b09901028, hole_card: ['C7', 'H7']
name: b09202004, hole_card: ['CA', 'S3']
"b09202004" declared "call:614"
Street "flop" started. (community card = ['D7', 'HQ', 'SA'])
name: b09901028, hole_card: ['C7', 'H7']
name: b09202004, hole_card: ['CA', 'S3']
"b09901028" declared "fold:0"
"['b09202004']" won the round 18 (stack = {'b09901028': 341, 'b09202004': 1659})
community cards of this round: ['HQ', 'H8', 'H2', 'HJ', 'C4']
name: b09901028, hole_card: ['C9', 'S5']
name: b09202004, hole_card: ['CK', 'SJ']
Started the round 19
Street "preflop" started. (community card = [])
name: b09901028, hole_card: ['C9', 'S5']
name: b09202004, hole_card: ['CK', 'SJ']
"b09202004" declared "fold:0"
"['b09901028']" won the round 19 (stack = {'b09901028': 346, 'b09202004': 1654})
community cards of this round: ['H6', 'C8', 'D5', 'S9', 'DA']
name: b09901028, hole_card: ['CJ', 'H3']
name: b09202004, hole_card: ['D8', 'DJ']
Started the round 20
Street "preflop" started. (community card = [])
name: b09901028, hole_card: ['CJ', 'H3']
name: b09202004, hole_card: ['D8', 'DJ']
"b09901028" declared "raise:257"
name: b09901028, hole_card: ['CJ', 'H3']
name: b09202004, hole_card: ['D8', 'DJ']
"b09202004" declared "fold:0"
"['b09901028']" won the round 20 (stack = {'b09901028': 356, 'b09202004': 1644})
b09901028 vs b09202004 - Game 2: {'rule': {'initial_stack': 1000, 'max_round': 20, 'small_blind_amount': 5, 'ante': 0, 'blind_structure': {}}, 'players': [{'name': 'b09901028', 'uuid': 'bizzpvvmxlxkvvydenajdi', 'stack': 356, 'state': 'participating'}, {'name': 'b09202004', 'uuid': 'gkqhdvzuxgnstmlcgkkdga', 'stack': 1644, 'state': 'participating'}]}
community cards of this round: ['D9', 'H8', 'C7', 'CJ', 'HA']
name: b09202004, hole_card: ['CK', 'SK']
name: b09901028, hole_card: ['D2', 'D6']
Started the round 1
Street "preflop" started. (community card = [])
name: b09202004, hole_card: ['CK', 'SK']
name: b09901028, hole_card: ['D2', 'D6']
"b09901028" declared "raise:985"
name: b09202004, hole_card: ['CK', 'SK']
name: b09901028, hole_card: ['D2', 'D6']
"b09202004" declared "raise:0", Invalid action. Treat as fold...
"['b09901028']" won the round 1 (stack = {'b09202004': 990, 'b09901028': 1010})
community cards of this round: ['ST', 'H5', 'C4', 'HK', 'D4']
name: b09202004, hole_card: ['S5', 'SK']
name: b09901028, hole_card: ['S7', 'H7']
Started the round 2
Street "preflop" started. (community card = [])
name: b09202004, hole_card: ['S5', 'SK']
name: b09901028, hole_card: ['S7', 'H7']
"b09202004" declared "call:10"
name: b09202004, hole_card: ['S5', 'SK']
name: b09901028, hole_card: ['S7', 'H7']
"b09901028" declared "raise:714"
name: b09202004, hole_card: ['S5', 'SK']
name: b09901028, hole_card: ['S7', 'H7']
"b09202004" declared "raise:0", Invalid action. Treat as fold...
"['b09901028']" won the round 2 (stack = {'b09202004': 980, 'b09901028': 1020})
community cards of this round: ['DJ', 'H2', 'S4', 'C8', 'S8']
name: b09202004, hole_card: ['C9', 'S3']
name: b09901028, hole_card: ['CJ', 'DK']
Started the round 3
Street "preflop" started. (community card = [])
name: b09202004, hole_card: ['C9', 'S3']
name: b09901028, hole_card: ['CJ', 'DK']
"b09901028" declared "raise:976"
name: b09202004, hole_card: ['C9', 'S3']
name: b09901028, hole_card: ['CJ', 'DK']
"b09202004" declared "fold:0"
"['b09901028']" won the round 3 (stack = {'b09202004': 970, 'b09901028': 1030})
community cards of this round: ['D5', 'C5', 'CT', 'S9', 'S2']
name: b09202004, hole_card: ['C3', 'HT']
name: b09901028, hole_card: ['H6', 'C6']
Started the round 4
Street "preflop" started. (community card = [])
name: b09202004, hole_card: ['C3', 'HT']
name: b09901028, hole_card: ['H6', 'C6']
"b09202004" declared "call:10"
name: b09202004, hole_card: ['C3', 'HT']
name: b09901028, hole_card: ['H6', 'C6']
"b09901028" declared "raise:311"
name: b09202004, hole_card: ['C3', 'HT']
name: b09901028, hole_card: ['H6', 'C6']
"b09202004" declared "call:311"
Street "flop" started. (community card = ['D5', 'C5', 'CT'])
name: b09202004, hole_card: ['C3', 'HT']
name: b09901028, hole_card: ['H6', 'C6']
"b09202004" declared "raise:649"
name: b09202004, hole_card: ['C3', 'HT']
name: b09901028, hole_card: ['H6', 'C6']
"b09901028" declared "raise:1", Invalid action. Treat as fold...
"['b09202004']" won the round 4 (stack = {'b09202004': 1281, 'b09901028': 719})
community cards of this round: ['DT', 'D4', 'ST', 'H5', 'S8']
name: b09202004, hole_card: ['D6', 'HT']
name: b09901028, hole_card: ['DK', 'D5']
Started the round 5
Street "preflop" started. (community card = [])
name: b09202004, hole_card: ['D6', 'HT']
name: b09901028, hole_card: ['DK', 'D5']
"b09901028" declared "raise:295"
name: b09202004, hole_card: ['D6', 'HT']
name: b09901028, hole_card: ['DK', 'D5']
"b09202004" declared "fold:0"
"['b09901028']" won the round 5 (stack = {'b09202004': 1271, 'b09901028': 729})
community cards of this round: ['C5', 'DJ', 'S2', 'ST', 'SK']
name: b09202004, hole_card: ['SA', 'C2']
name: b09901028, hole_card: ['S8', 'S9']
Started the round 6
Street "preflop" started. (community card = [])
name: b09202004, hole_card: ['SA', 'C2']
name: b09901028, hole_card: ['S8', 'S9']
"b09202004" declared "fold:0"
"['b09901028']" won the round 6 (stack = {'b09202004': 1266, 'b09901028': 734})
community cards of this round: ['C7', 'D3', 'DT', 'SK', 'D8']
name: b09202004, hole_card: ['HJ', 'ST']
name: b09901028, hole_card: ['D5', 'CT']
Started the round 7
Street "preflop" started. (community card = [])
name: b09202004, hole_card: ['HJ', 'ST']
name: b09901028, hole_card: ['D5', 'CT']
"b09901028" declared "raise:291"
name: b09202004, hole_card: ['HJ', 'ST']
name: b09901028, hole_card: ['D5', 'CT']
"b09202004" declared "raise:694"
name: b09202004, hole_card: ['HJ', 'ST']
name: b09901028, hole_card: ['D5', 'CT']
"b09901028" declared "raise:1", Invalid action. Treat as fold...
"['b09202004']" won the round 7 (stack = {'b09202004': 1557, 'b09901028': 443})
community cards of this round: ['D8', 'H2', 'DJ', 'C9', 'H7']
name: b09202004, hole_card: ['ST', 'S3']
name: b09901028, hole_card: ['HJ', 'C8']
Started the round 8
Street "preflop" started. (community card = [])
name: b09202004, hole_card: ['ST', 'S3']
name: b09901028, hole_card: ['HJ', 'C8']
"b09202004" declared "fold:0"
"['b09901028']" won the round 8 (stack = {'b09202004': 1552, 'b09901028': 448})
community cards of this round: ['C7', 'DJ', 'SA', 'S5', 'H5']
name: b09202004, hole_card: ['S6', 'H9']
name: b09901028, hole_card: ['D3', 'CT']
Started the round 9
Street "preflop" started. (community card = [])
name: b09202004, hole_card: ['S6', 'H9']
name: b09901028, hole_card: ['D3', 'CT']
"b09901028" declared "raise:218"
name: b09202004, hole_card: ['S6', 'H9']
name: b09901028, hole_card: ['D3', 'CT']
"b09202004" declared "call:218"
Street "flop" started. (community card = ['C7', 'DJ', 'SA'])
name: b09202004, hole_card: ['S6', 'H9']
name: b09901028, hole_card: ['D3', 'CT']
"b09901028" declared "call:0"
name: b09202004, hole_card: ['S6', 'H9']
name: b09901028, hole_card: ['D3', 'CT']
"b09202004" declared "call:0"
Street "turn" started. (community card = ['C7', 'DJ', 'SA', 'S5'])
name: b09202004, hole_card: ['S6', 'H9']
name: b09901028, hole_card: ['D3', 'CT']
"b09901028" declared "raise:222"
name: b09202004, hole_card: ['S6', 'H9']
name: b09901028, hole_card: ['D3', 'CT']
"b09202004" declared "fold:0"
"['b09901028']" won the round 9 (stack = {'b09202004': 1334, 'b09901028': 666})
community cards of this round: ['SQ', 'SK', 'H3', 'C4', 'ST']
name: b09202004, hole_card: ['D8', 'C9']
name: b09901028, hole_card: ['D9', 'C8']
Started the round 10
Street "preflop" started. (community card = [])
name: b09202004, hole_card: ['D8', 'C9']
name: b09901028, hole_card: ['D9', 'C8']
"b09202004" declared "raise:1319"
name: b09202004, hole_card: ['D8', 'C9']
name: b09901028, hole_card: ['D9', 'C8']
"b09901028" declared "raise:1", Invalid action. Treat as fold...
"['b09202004']" won the round 10 (stack = {'b09202004': 1344, 'b09901028': 656})
community cards of this round: ['C4', 'HQ', 'HT', 'S6', 'D4']
name: b09202004, hole_card: ['D2', 'S5']
name: b09901028, hole_card: ['H3', 'C6']
Started the round 11
Street "preflop" started. (community card = [])
name: b09202004, hole_card: ['D2', 'S5']
name: b09901028, hole_card: ['H3', 'C6']
"b09901028" declared "call:10"
name: b09202004, hole_card: ['D2', 'S5']
name: b09901028, hole_card: ['H3', 'C6']
"b09202004" declared "fold:0"
"['b09901028']" won the round 11 (stack = {'b09202004': 1334, 'b09901028': 666})
community cards of this round: ['H3', 'HT', 'H4', 'SK', 'C2']
name: b09202004, hole_card: ['SJ', 'C3']
name: b09901028, hole_card: ['DT', 'H8']
Started the round 12
Street "preflop" started. (community card = [])
name: b09202004, hole_card: ['SJ', 'C3']
name: b09901028, hole_card: ['DT', 'H8']
"b09202004" declared "call:10"
name: b09202004, hole_card: ['SJ', 'C3']
name: b09901028, hole_card: ['DT', 'H8']
"b09901028" declared "raise:387"
name: b09202004, hole_card: ['SJ', 'C3']
name: b09901028, hole_card: ['DT', 'H8']
"b09202004" declared "call:387"
Street "flop" started. (community card = ['H3', 'HT', 'H4'])
name: b09202004, hole_card: ['SJ', 'C3']
name: b09901028, hole_card: ['DT', 'H8']
"b09202004" declared "call:0"
name: b09202004, hole_card: ['SJ', 'C3']
name: b09901028, hole_card: ['DT', 'H8']
"b09901028" declared "call:0"
Street "turn" started. (community card = ['H3', 'HT', 'H4', 'SK'])
name: b09202004, hole_card: ['SJ', 'C3']
name: b09901028, hole_card: ['DT', 'H8']
"b09202004" declared "call:0"
name: b09202004, hole_card: ['SJ', 'C3']
name: b09901028, hole_card: ['DT', 'H8']
"b09901028" declared "raise:76"
name: b09202004, hole_card: ['SJ', 'C3']
name: b09901028, hole_card: ['DT', 'H8']
"b09202004" declared "call:76"
Street "river" started. (community card = ['H3', 'HT', 'H4', 'SK', 'C2'])
name: b09202004, hole_card: ['SJ', 'C3']
name: b09901028, hole_card: ['DT', 'H8']
"b09202004" declared "call:0"
name: b09202004, hole_card: ['SJ', 'C3']
name: b09901028, hole_card: ['DT', 'H8']
"b09901028" declared "raise:185"
name: b09202004, hole_card: ['SJ', 'C3']
name: b09901028, hole_card: ['DT', 'H8']
"b09202004" declared "call:185"
"['b09901028']" won the round 12 (stack = {'b09202004': 686, 'b09901028': 1314})
community cards of this round: ['C3', 'HK', 'CT', 'S6', 'S4']
name: b09202004, hole_card: ['D4', 'C2']
name: b09901028, hole_card: ['DT', 'CK']
Started the round 13
Street "preflop" started. (community card = [])
name: b09202004, hole_card: ['D4', 'C2']
name: b09901028, hole_card: ['DT', 'CK']
"b09901028" declared "raise:180"
name: b09202004, hole_card: ['D4', 'C2']
name: b09901028, hole_card: ['DT', 'CK']
"b09202004" declared "fold:0"
"['b09901028']" won the round 13 (stack = {'b09202004': 676, 'b09901028': 1324})
community cards of this round: ['C3', 'DQ', 'C4', 'S3', 'HJ']
name: b09202004, hole_card: ['C2', 'H4']
name: b09901028, hole_card: ['DT', 'D8']
Started the round 14
Street "preflop" started. (community card = [])
name: b09202004, hole_card: ['C2', 'H4']
name: b09901028, hole_card: ['DT', 'D8']
"b09202004" declared "fold:0"
"['b09901028']" won the round 14 (stack = {'b09202004': 671, 'b09901028': 1329})
community cards of this round: ['D6', 'H5', 'S4', 'DK', 'D8']
name: b09202004, hole_card: ['S8', 'H7']
name: b09901028, hole_card: ['DQ', 'S7']
Started the round 15
Street "preflop" started. (community card = [])
name: b09202004, hole_card: ['S8', 'H7']
name: b09901028, hole_card: ['DQ', 'S7']
"b09901028" declared "fold:0"
"['b09202004']" won the round 15 (stack = {'b09202004': 676, 'b09901028': 1324})
community cards of this round: ['CQ', 'D8', 'H3', 'D4', 'D3']
name: b09202004, hole_card: ['CJ', 'S4']
name: b09901028, hole_card: ['CA', 'SA']
Started the round 16
Street "preflop" started. (community card = [])
name: b09202004, hole_card: ['CJ', 'S4']
name: b09901028, hole_card: ['CA', 'SA']
"b09202004" declared "fold:0"
"['b09901028']" won the round 16 (stack = {'b09202004': 671, 'b09901028': 1329})
community cards of this round: ['H8', 'C8', 'CT', 'CQ', 'HT']
name: b09202004, hole_card: ['SA', 'HJ']
name: b09901028, hole_card: ['H6', 'CJ']
Started the round 17
Street "preflop" started. (community card = [])
name: b09202004, hole_card: ['SA', 'HJ']
name: b09901028, hole_card: ['H6', 'CJ']
"b09901028" declared "call:10"
name: b09202004, hole_card: ['SA', 'HJ']
name: b09901028, hole_card: ['H6', 'CJ']
"b09202004" declared "raise:656"
name: b09202004, hole_card: ['SA', 'HJ']
name: b09901028, hole_card: ['H6', 'CJ']
"b09901028" declared "raise:1326"
name: b09202004, hole_card: ['SA', 'HJ']
name: b09901028, hole_card: ['H6', 'CJ']
"b09202004" declared "raise:0", Invalid action. Treat as fold...
"['b09901028']" won the round 17 (stack = {'b09202004': 15, 'b09901028': 1985})
community cards of this round: ['S6', 'HT', 'S2', 'D8', 'D5']
name: b09202004, hole_card: ['D9', 'SA']
name: b09901028, hole_card: ['D4', 'H9']
Started the round 18
Street "preflop" started. (community card = [])
name: b09202004, hole_card: ['D9', 'SA']
name: b09901028, hole_card: ['D4', 'H9']
"b09202004" declared "call:10"
name: b09202004, hole_card: ['D9', 'SA']
name: b09901028, hole_card: ['D4', 'H9']
"b09901028" declared "call:10"
Street "flop" started. (community card = ['S6', 'HT', 'S2'])
name: b09202004, hole_card: ['D9', 'SA']
name: b09901028, hole_card: ['D4', 'H9']
"b09202004" declared "call:0"
name: b09202004, hole_card: ['D9', 'SA']
name: b09901028, hole_card: ['D4', 'H9']
"b09901028" declared "raise:881"
name: b09202004, hole_card: ['D9', 'SA']
name: b09901028, hole_card: ['D4', 'H9']
"b09202004" declared "fold:0"
"['b09901028']" won the round 18 (stack = {'b09202004': 5, 'b09901028': 1995})
b09901028 vs b09202004 - Game 3: {'rule': {'initial_stack': 1000, 'max_round': 20, 'small_blind_amount': 5, 'ante': 0, 'blind_structure': {}}, 'players': [{'name': 'b09202004', 'uuid': 'hffasccnflzjsfnwylsxlg', 'stack': 0, 'state': 'folded'}, {'name': 'b09901028', 'uuid': 'krtwcomyygukquzousrksk', 'stack': 1995, 'state': 'participating'}]}
community cards of this round: ['D9', 'H8', 'C7', 'CJ', 'HA']
name: b09901028, hole_card: ['CK', 'SK']
name: b09202004, hole_card: ['D2', 'D6']
Started the round 1
Street "preflop" started. (community card = [])
name: b09901028, hole_card: ['CK', 'SK']
name: b09202004, hole_card: ['D2', 'D6']
"b09202004" declared "call:10"
name: b09901028, hole_card: ['CK', 'SK']
name: b09202004, hole_card: ['D2', 'D6']
"b09901028" declared "raise:769"
name: b09901028, hole_card: ['CK', 'SK']
name: b09202004, hole_card: ['D2', 'D6']
"b09202004" declared "raise:0", Invalid action. Treat as fold...
"['b09901028']" won the round 1 (stack = {'b09901028': 1010, 'b09202004': 990})
community cards of this round: ['ST', 'H5', 'C4', 'HK', 'D4']
name: b09901028, hole_card: ['S5', 'SK']
name: b09202004, hole_card: ['S7', 'H7']
Started the round 2
Street "preflop" started. (community card = [])
name: b09901028, hole_card: ['S5', 'SK']
name: b09202004, hole_card: ['S7', 'H7']
"b09901028" declared "call:10"
name: b09901028, hole_card: ['S5', 'SK']
name: b09202004, hole_card: ['S7', 'H7']
"b09202004" declared "fold:0"
"['b09901028']" won the round 2 (stack = {'b09901028': 1020, 'b09202004': 980})
community cards of this round: ['DJ', 'H2', 'S4', 'C8', 'S8']
name: b09901028, hole_card: ['C9', 'S3']
name: b09202004, hole_card: ['CJ', 'DK']
Started the round 3
Street "preflop" started. (community card = [])
name: b09901028, hole_card: ['C9', 'S3']
name: b09202004, hole_card: ['CJ', 'DK']
"b09202004" declared "raise:965"
name: b09901028, hole_card: ['C9', 'S3']
name: b09202004, hole_card: ['CJ', 'DK']
"b09901028" declared "call:965"
Street "flop" started. (community card = ['DJ', 'H2', 'S4'])
name: b09901028, hole_card: ['C9', 'S3']
name: b09202004, hole_card: ['CJ', 'DK']
"b09202004" declared "raise:5", Invalid action. Treat as fold...
"['b09901028']" won the round 3 (stack = {'b09901028': 1985, 'b09202004': 15})
community cards of this round: ['D5', 'C5', 'CT', 'S9', 'S2']
name: b09901028, hole_card: ['C3', 'HT']
name: b09202004, hole_card: ['H6', 'C6']
Started the round 4
Street "preflop" started. (community card = [])
name: b09901028, hole_card: ['C3', 'HT']
name: b09202004, hole_card: ['H6', 'C6']
"b09901028" declared "raise:1772"
name: b09901028, hole_card: ['C3', 'HT']
name: b09202004, hole_card: ['H6', 'C6']
"b09202004" declared "call:1772"
Street "flop" started. (community card = ['D5', 'C5', 'CT'])
Street "turn" started. (community card = ['D5', 'C5', 'CT', 'S9'])
Street "river" started. (community card = ['D5', 'C5', 'CT', 'S9', 'S2'])
"['b09901028']" won the round 4 (stack = {'b09901028': 2000, 'b09202004': 0})
b09901028 vs b09202004 - Game 4: {'rule': {'initial_stack': 1000, 'max_round': 20, 'small_blind_amount': 5, 'ante': 0, 'blind_structure': {}}, 'players': [{'name': 'b09901028', 'uuid': 'cgzbbdwhuiivhmdnjwrasz', 'stack': 2000, 'state': 'participating'}, {'name': 'b09202004', 'uuid': 'chhhugqbcebqlyeeoumwqn', 'stack': 0, 'state': 'folded'}]}
community cards of this round: ['D3', 'DK', 'SQ', 'H9', 'D8']
name: b09202004, hole_card: ['C9', 'C7']
name: b09901028, hole_card: ['ST', 'CQ']
Started the round 1
Street "preflop" started. (community card = [])
name: b09202004, hole_card: ['C9', 'C7']
name: b09901028, hole_card: ['ST', 'CQ']
"b09901028" declared "call:10"
name: b09202004, hole_card: ['C9', 'C7']
name: b09901028, hole_card: ['ST', 'CQ']
"b09202004" declared "call:10"
Street "flop" started. (community card = ['D3', 'DK', 'SQ'])
name: b09202004, hole_card: ['C9', 'C7']
name: b09901028, hole_card: ['ST', 'CQ']
"b09901028" declared "call:0"
name: b09202004, hole_card: ['C9', 'C7']
name: b09901028, hole_card: ['ST', 'CQ']
"b09202004" declared "call:0"
Street "turn" started. (community card = ['D3', 'DK', 'SQ', 'H9'])
name: b09202004, hole_card: ['C9', 'C7']
name: b09901028, hole_card: ['ST', 'CQ']
"b09901028" declared "call:0"
name: b09202004, hole_card: ['C9', 'C7']
name: b09901028, hole_card: ['ST', 'CQ']
"b09202004" declared "call:0"
Street "river" started. (community card = ['D3', 'DK', 'SQ', 'H9', 'D8'])
name: b09202004, hole_card: ['C9', 'C7']
name: b09901028, hole_card: ['ST', 'CQ']
"b09901028" declared "call:0"
name: b09202004, hole_card: ['C9', 'C7']
name: b09901028, hole_card: ['ST', 'CQ']
"b09202004" declared "call:0"
"['b09901028']" won the round 1 (stack = {'b09202004': 990, 'b09901028': 1010})
community cards of this round: ['HJ', 'C3', 'CT', 'HA', 'C4']
name: b09202004, hole_card: ['H8', 'CJ']
name: b09901028, hole_card: ['D9', 'D7']
Started the round 2
Street "preflop" started. (community card = [])
name: b09202004, hole_card: ['H8', 'CJ']
name: b09901028, hole_card: ['D9', 'D7']
"b09202004" declared "fold:0"
"['b09901028']" won the round 2 (stack = {'b09202004': 985, 'b09901028': 1015})
community cards of this round: ['S2', 'H5', 'CK', 'H2', 'S4']
name: b09202004, hole_card: ['S7', 'D4']
name: b09901028, hole_card: ['C5', 'D8']
Started the round 3
Street "preflop" started. (community card = [])
name: b09202004, hole_card: ['S7', 'D4']
name: b09901028, hole_card: ['C5', 'D8']
"b09901028" declared "call:10"
name: b09202004, hole_card: ['S7', 'D4']
name: b09901028, hole_card: ['C5', 'D8']
"b09202004" declared "call:10"
Street "flop" started. (community card = ['S2', 'H5', 'CK'])
name: b09202004, hole_card: ['S7', 'D4']
name: b09901028, hole_card: ['C5', 'D8']
"b09901028" declared "call:0"
name: b09202004, hole_card: ['S7', 'D4']
name: b09901028, hole_card: ['C5', 'D8']
"b09202004" declared "call:0"
Street "turn" started. (community card = ['S2', 'H5', 'CK', 'H2'])
name: b09202004, hole_card: ['S7', 'D4']
name: b09901028, hole_card: ['C5', 'D8']
"b09901028" declared "call:0"
name: b09202004, hole_card: ['S7', 'D4']
name: b09901028, hole_card: ['C5', 'D8']
"b09202004" declared "call:0"
Street "river" started. (community card = ['S2', 'H5', 'CK', 'H2', 'S4'])
name: b09202004, hole_card: ['S7', 'D4']
name: b09901028, hole_card: ['C5', 'D8']
"b09901028" declared "call:0"
name: b09202004, hole_card: ['S7', 'D4']
name: b09901028, hole_card: ['C5', 'D8']
"b09202004" declared "call:0"
"['b09901028']" won the round 3 (stack = {'b09202004': 975, 'b09901028': 1025})
community cards of this round: ['H7', 'D8', 'C5', 'C9', 'HT']
name: b09202004, hole_card: ['CJ', 'C3']
name: b09901028, hole_card: ['HK', 'DQ']
Started the round 4
Street "preflop" started. (community card = [])
name: b09202004, hole_card: ['CJ', 'C3']
name: b09901028, hole_card: ['HK', 'DQ']
"b09202004" declared "call:10"
name: b09202004, hole_card: ['CJ', 'C3']
name: b09901028, hole_card: ['HK', 'DQ']
"b09901028" declared "call:10"
Street "flop" started. (community card = ['H7', 'D8', 'C5'])
name: b09202004, hole_card: ['CJ', 'C3']
name: b09901028, hole_card: ['HK', 'DQ']
"b09202004" declared "call:0"
name: b09202004, hole_card: ['CJ', 'C3']
name: b09901028, hole_card: ['HK', 'DQ']
"b09901028" declared "call:0"
Street "turn" started. (community card = ['H7', 'D8', 'C5', 'C9'])
name: b09202004, hole_card: ['CJ', 'C3']
name: b09901028, hole_card: ['HK', 'DQ']
"b09202004" declared "call:0"
name: b09202004, hole_card: ['CJ', 'C3']
name: b09901028, hole_card: ['HK', 'DQ']
"b09901028" declared "call:0"
Street "river" started. (community card = ['H7', 'D8', 'C5', 'C9', 'HT'])
name: b09202004, hole_card: ['CJ', 'C3']
name: b09901028, hole_card: ['HK', 'DQ']
"b09202004" declared "raise:955"
name: b09202004, hole_card: ['CJ', 'C3']
name: b09901028, hole_card: ['HK', 'DQ']
"b09901028" declared "raise:1", Invalid action. Treat as fold...
"['b09202004']" won the round 4 (stack = {'b09202004': 985, 'b09901028': 1015})
community cards of this round: ['C7', 'DT', 'SQ', 'S5', 'S6']
name: b09202004, hole_card: ['C9', 'C3']
name: b09901028, hole_card: ['CT', 'D3']
Started the round 5
Street "preflop" started. (community card = [])
name: b09202004, hole_card: ['C9', 'C3']
name: b09901028, hole_card: ['CT', 'D3']
"b09901028" declared "call:10"
name: b09202004, hole_card: ['C9', 'C3']
name: b09901028, hole_card: ['CT', 'D3']
"b09202004" declared "call:10"
Street "flop" started. (community card = ['C7', 'DT', 'SQ'])
name: b09202004, hole_card: ['C9', 'C3']
name: b09901028, hole_card: ['CT', 'D3']
"b09901028" declared "call:0"
name: b09202004, hole_card: ['C9', 'C3']
name: b09901028, hole_card: ['CT', 'D3']
"b09202004" declared "call:0"
Street "turn" started. (community card = ['C7', 'DT', 'SQ', 'S5'])
name: b09202004, hole_card: ['C9', 'C3']
name: b09901028, hole_card: ['CT', 'D3']
"b09901028" declared "fold:0"
"['b09202004']" won the round 5 (stack = {'b09202004': 995, 'b09901028': 1005})
community cards of this round: ['CT', 'S3', 'S4', 'S6', 'S8']
name: b09202004, hole_card: ['S9', 'D4']
name: b09901028, hole_card: ['CK', 'C3']
Started the round 6
Street "preflop" started. (community card = [])
name: b09202004, hole_card: ['S9', 'D4']
name: b09901028, hole_card: ['CK', 'C3']
"b09202004" declared "call:10"
name: b09202004, hole_card: ['S9', 'D4']
name: b09901028, hole_card: ['CK', 'C3']
"b09901028" declared "call:10"
Street "flop" started. (community card = ['CT', 'S3', 'S4'])
name: b09202004, hole_card: ['S9', 'D4']
name: b09901028, hole_card: ['CK', 'C3']
"b09202004" declared "raise:975"
name: b09202004, hole_card: ['S9', 'D4']
name: b09901028, hole_card: ['CK', 'C3']
"b09901028" declared "call:975"
Street "turn" started. (community card = ['CT', 'S3', 'S4', 'S6'])
name: b09202004, hole_card: ['S9', 'D4']
name: b09901028, hole_card: ['CK', 'C3']
"b09202004" declared "call:0"
name: b09202004, hole_card: ['S9', 'D4']
name: b09901028, hole_card: ['CK', 'C3']
"b09901028" declared "call:0"
Street "river" started. (community card = ['CT', 'S3', 'S4', 'S6', 'S8'])
name: b09202004, hole_card: ['S9', 'D4']
name: b09901028, hole_card: ['CK', 'C3']
"b09202004" declared "raise:0", Invalid action. Treat as fold...
"['b09901028']" won the round 6 (stack = {'b09202004': 10, 'b09901028': 1990})
/home/ubitus03/miniconda3/envs/poker/lib/python3.8/site-packages/torch/cuda/__init__.py:118: UserWarning: CUDA initialization: CUDA driver initialization failed, you might not have a CUDA gpu. (Triggered internally at ../c10/cuda/CUDAFunctions.cpp:108.)
  return torch._C._cuda_getDeviceCount() > 0
/home/ubitus03/miniconda3/envs/poker/lib/python3.8/site-packages/torch/cuda/__init__.py:619: UserWarning: Can't initialize NVML
  warnings.warn("Can't initialize NVML")
community cards of this round: ['H2', 'S3', 'S5', 'D8', 'H5']
name: b09202004, hole_card: ['SJ', 'SQ']
name: b09901028, hole_card: ['C3', 'D5']
Started the round 7
Street "preflop" started. (community card = [])
name: b09202004, hole_card: ['SJ', 'SQ']
name: b09901028, hole_card: ['C3', 'D5']
"b09901028" declared "call:10"
name: b09202004, hole_card: ['SJ', 'SQ']
name: b09901028, hole_card: ['C3', 'D5']
"b09202004" declared "call:10"
Street "flop" started. (community card = ['H2', 'S3', 'S5'])
Street "turn" started. (community card = ['H2', 'S3', 'S5', 'D8'])
Street "river" started. (community card = ['H2', 'S3', 'S5', 'D8', 'H5'])
"['b09901028']" won the round 7 (stack = {'b09202004': 0, 'b09901028': 2000})
b09901028 vs b09202004 - Game 5: {'rule': {'initial_stack': 1000, 'max_round': 20, 'small_blind_amount': 5, 'ante': 0, 'blind_structure': {}}, 'players': [{'name': 'b09202004', 'uuid': 'ugmhymwbqetwhoyyhihhmv', 'stack': 0, 'state': 'folded'}, {'name': 'b09901028', 'uuid': 'dlpikzcpazuuxittwlytcs', 'stack': 2000, 'state': 'participating'}]}
Final Result: b09901028 won 3 games (stack: 6351), b09202004 won 2 games (stack: 3644), num ties: 0
