community cards of this round: ['S6', 'HJ', 'C8', 'SJ', 'H9']
name: b11902127, hole_card: ['H6', 'H2']
name: b09901142, hole_card: ['S2', 'C4']
Started the round 1
Street "preflop" started. (community card = [])
name: b11902127, hole_card: ['H6', 'H2']
name: b09901142, hole_card: ['S2', 'C4']
"b09901142" declared "call:10"
name: b11902127, hole_card: ['H6', 'H2']
name: b09901142, hole_card: ['S2', 'C4']
"b11902127" declared "call:10"
Street "flop" started. (community card = ['S6', 'HJ', 'C8'])
name: b11902127, hole_card: ['H6', 'H2']
name: b09901142, hole_card: ['S2', 'C4']
"b09901142" declared "call:0"
name: b11902127, hole_card: ['H6', 'H2']
name: b09901142, hole_card: ['S2', 'C4']
"b11902127" declared "raise:10"
name: b11902127, hole_card: ['H6', 'H2']
name: b09901142, hole_card: ['S2', 'C4']
"b09901142" declared "fold:0"
"['b11902127']" won the round 1 (stack = {'b11902127': 1010, 'b09901142': 990})
community cards of this round: ['S9', 'H5', 'DA', 'DQ', 'S3']
name: b11902127, hole_card: ['CA', 'SQ']
name: b09901142, hole_card: ['H3', 'CT']
Started the round 2
Street "preflop" started. (community card = [])
name: b11902127, hole_card: ['CA', 'SQ']
name: b09901142, hole_card: ['H3', 'CT']
"b11902127" declared "raise:75"
name: b11902127, hole_card: ['CA', 'SQ']
name: b09901142, hole_card: ['H3', 'CT']
"b09901142" declared "call:75"
Street "flop" started. (community card = ['S9', 'H5', 'DA'])
name: b11902127, hole_card: ['CA', 'SQ']
name: b09901142, hole_card: ['H3', 'CT']
"b11902127" declared "raise:30"
name: b11902127, hole_card: ['CA', 'SQ']
name: b09901142, hole_card: ['H3', 'CT']
"b09901142" declared "fold:0"
"['b11902127']" won the round 2 (stack = {'b11902127': 1085, 'b09901142': 915})
community cards of this round: ['C2', 'CJ', 'D2', 'H6', 'S5']
name: b11902127, hole_card: ['S7', 'HA']
name: b09901142, hole_card: ['CQ', 'D8']
Started the round 3
Street "preflop" started. (community card = [])
name: b11902127, hole_card: ['S7', 'HA']
name: b09901142, hole_card: ['CQ', 'D8']
"b09901142" declared "call:10"
name: b11902127, hole_card: ['S7', 'HA']
name: b09901142, hole_card: ['CQ', 'D8']
"b11902127" declared "call:10"
Street "flop" started. (community card = ['C2', 'CJ', 'D2'])
name: b11902127, hole_card: ['S7', 'HA']
name: b09901142, hole_card: ['CQ', 'D8']
"b09901142" declared "call:0"
name: b11902127, hole_card: ['S7', 'HA']
name: b09901142, hole_card: ['CQ', 'D8']
"b11902127" declared "raise:10"
name: b11902127, hole_card: ['S7', 'HA']
name: b09901142, hole_card: ['CQ', 'D8']
"b09901142" declared "fold:0"
"['b11902127']" won the round 3 (stack = {'b11902127': 1095, 'b09901142': 905})
community cards of this round: ['S3', 'D7', 'D2', 'H8', 'DJ']
name: b11902127, hole_card: ['H6', 'SK']
name: b09901142, hole_card: ['H3', 'ST']
Started the round 4
Street "preflop" started. (community card = [])
name: b11902127, hole_card: ['H6', 'SK']
name: b09901142, hole_card: ['H3', 'ST']
"b11902127" declared "call:10"
name: b11902127, hole_card: ['H6', 'SK']
name: b09901142, hole_card: ['H3', 'ST']
"b09901142" declared "call:10"
Street "flop" started. (community card = ['S3', 'D7', 'D2'])
name: b11902127, hole_card: ['H6', 'SK']
name: b09901142, hole_card: ['H3', 'ST']
"b11902127" declared "call:0"
{'aggressive': 0.5, 'passive': 0.0, 'neutral': 0.5}
Opponent Model: aggressive
name: b11902127, hole_card: ['H6', 'SK']
name: b09901142, hole_card: ['H3', 'ST']
"b09901142" declared "call:0"
Street "turn" started. (community card = ['S3', 'D7', 'D2', 'H8'])
name: b11902127, hole_card: ['H6', 'SK']
name: b09901142, hole_card: ['H3', 'ST']
"b11902127" declared "call:0"
name: b11902127, hole_card: ['H6', 'SK']
name: b09901142, hole_card: ['H3', 'ST']
"b09901142" declared "call:0"
Street "river" started. (community card = ['S3', 'D7', 'D2', 'H8', 'DJ'])
name: b11902127, hole_card: ['H6', 'SK']
name: b09901142, hole_card: ['H3', 'ST']
"b11902127" declared "call:0"
name: b11902127, hole_card: ['H6', 'SK']
name: b09901142, hole_card: ['H3', 'ST']
"b09901142" declared "call:0"
"['b09901142']" won the round 4 (stack = {'b11902127': 1085, 'b09901142': 915})
community cards of this round: ['S8', 'D3', 'DT', 'H4', 'D4']
name: b11902127, hole_card: ['CJ', 'S6']
name: b09901142, hole_card: ['C8', 'H8']
Started the round 5
Street "preflop" started. (community card = [])
name: b11902127, hole_card: ['CJ', 'S6']
name: b09901142, hole_card: ['C8', 'H8']
"b09901142" declared "call:10"
name: b11902127, hole_card: ['CJ', 'S6']
name: b09901142, hole_card: ['C8', 'H8']
"b11902127" declared "call:10"
Street "flop" started. (community card = ['S8', 'D3', 'DT'])
name: b11902127, hole_card: ['CJ', 'S6']
name: b09901142, hole_card: ['C8', 'H8']
"b09901142" declared "raise:500"
name: b11902127, hole_card: ['CJ', 'S6']
name: b09901142, hole_card: ['C8', 'H8']
"b11902127" declared "fold:0"
"['b09901142']" won the round 5 (stack = {'b11902127': 1075, 'b09901142': 925})
community cards of this round: ['H2', 'S9', 'CJ', 'HQ', 'C7']
name: b11902127, hole_card: ['S5', 'C6']
name: b09901142, hole_card: ['SA', 'D4']
Started the round 6
Street "preflop" started. (community card = [])
name: b11902127, hole_card: ['S5', 'C6']
name: b09901142, hole_card: ['SA', 'D4']
"b11902127" declared "fold:0"
"['b09901142']" won the round 6 (stack = {'b11902127': 1070, 'b09901142': 930})
community cards of this round: ['SK', 'D3', 'S5', 'CJ', 'S2']
name: b11902127, hole_card: ['DJ', 'D2']
name: b09901142, hole_card: ['H9', 'C2']
Started the round 7
Street "preflop" started. (community card = [])
name: b11902127, hole_card: ['DJ', 'D2']
name: b09901142, hole_card: ['H9', 'C2']
"b09901142" declared "call:10"
name: b11902127, hole_card: ['DJ', 'D2']
name: b09901142, hole_card: ['H9', 'C2']
"b11902127" declared "call:10"
Street "flop" started. (community card = ['SK', 'D3', 'S5'])
name: b11902127, hole_card: ['DJ', 'D2']
name: b09901142, hole_card: ['H9', 'C2']
"b09901142" declared "call:0"
name: b11902127, hole_card: ['DJ', 'D2']
name: b09901142, hole_card: ['H9', 'C2']
"b11902127" declared "call:0"
Street "turn" started. (community card = ['SK', 'D3', 'S5', 'CJ'])
name: b11902127, hole_card: ['DJ', 'D2']
name: b09901142, hole_card: ['H9', 'C2']
"b09901142" declared "call:0"
name: b11902127, hole_card: ['DJ', 'D2']
name: b09901142, hole_card: ['H9', 'C2']
"b11902127" declared "raise:30"
name: b11902127, hole_card: ['DJ', 'D2']
name: b09901142, hole_card: ['H9', 'C2']
"b09901142" declared "fold:0"
"['b11902127']" won the round 7 (stack = {'b11902127': 1080, 'b09901142': 920})
community cards of this round: ['S9', 'H2', 'C5', 'C3', 'S8']
name: b11902127, hole_card: ['SJ', 'SK']
name: b09901142, hole_card: ['H6', 'C2']
Started the round 8
Street "preflop" started. (community card = [])
name: b11902127, hole_card: ['SJ', 'SK']
name: b09901142, hole_card: ['H6', 'C2']
"b11902127" declared "raise:30"
name: b11902127, hole_card: ['SJ', 'SK']
name: b09901142, hole_card: ['H6', 'C2']
"b09901142" declared "fold:30"
"['b11902127']" won the round 8 (stack = {'b11902127': 1090, 'b09901142': 910})
community cards of this round: ['CT', 'D5', 'C9', 'D3', 'S9']
name: b11902127, hole_card: ['C8', 'HJ']
name: b09901142, hole_card: ['C3', 'CA']
Started the round 9
Street "preflop" started. (community card = [])
name: b11902127, hole_card: ['C8', 'HJ']
name: b09901142, hole_card: ['C3', 'CA']
"b09901142" declared "call:10"
name: b11902127, hole_card: ['C8', 'HJ']
name: b09901142, hole_card: ['C3', 'CA']
"b11902127" declared "call:10"
Street "flop" started. (community card = ['CT', 'D5', 'C9'])
name: b11902127, hole_card: ['C8', 'HJ']
name: b09901142, hole_card: ['C3', 'CA']
"b09901142" declared "call:0"
name: b11902127, hole_card: ['C8', 'HJ']
name: b09901142, hole_card: ['C3', 'CA']
"b11902127" declared "raise:10"
name: b11902127, hole_card: ['C8', 'HJ']
name: b09901142, hole_card: ['C3', 'CA']
"b09901142" declared "call:10"
Street "turn" started. (community card = ['CT', 'D5', 'C9', 'D3'])
name: b11902127, hole_card: ['C8', 'HJ']
name: b09901142, hole_card: ['C3', 'CA']
"b09901142" declared "call:0"
name: b11902127, hole_card: ['C8', 'HJ']
name: b09901142, hole_card: ['C3', 'CA']
"b11902127" declared "call:0"
Street "river" started. (community card = ['CT', 'D5', 'C9', 'D3', 'S9'])
name: b11902127, hole_card: ['C8', 'HJ']
name: b09901142, hole_card: ['C3', 'CA']
"b09901142" declared "call:0"
name: b11902127, hole_card: ['C8', 'HJ']
name: b09901142, hole_card: ['C3', 'CA']
"b11902127" declared "call:0"
"['b09901142']" won the round 9 (stack = {'b11902127': 1070, 'b09901142': 930})
community cards of this round: ['HT', 'DA', 'CJ', 'DJ', 'D5']
name: b11902127, hole_card: ['S8', 'SK']
name: b09901142, hole_card: ['D7', 'S6']
Started the round 10
Street "preflop" started. (community card = [])
name: b11902127, hole_card: ['S8', 'SK']
name: b09901142, hole_card: ['D7', 'S6']
"b11902127" declared "call:10"
name: b11902127, hole_card: ['S8', 'SK']
name: b09901142, hole_card: ['D7', 'S6']
"b09901142" declared "call:10"
Street "flop" started. (community card = ['HT', 'DA', 'CJ'])
name: b11902127, hole_card: ['S8', 'SK']
name: b09901142, hole_card: ['D7', 'S6']
"b11902127" declared "call:0"
name: b11902127, hole_card: ['S8', 'SK']
name: b09901142, hole_card: ['D7', 'S6']
"b09901142" declared "call:0"
Street "turn" started. (community card = ['HT', 'DA', 'CJ', 'DJ'])
name: b11902127, hole_card: ['S8', 'SK']
name: b09901142, hole_card: ['D7', 'S6']
"b11902127" declared "call:0"
name: b11902127, hole_card: ['S8', 'SK']
name: b09901142, hole_card: ['D7', 'S6']
"b09901142" declared "call:0"
Street "river" started. (community card = ['HT', 'DA', 'CJ', 'DJ', 'D5'])
name: b11902127, hole_card: ['S8', 'SK']
name: b09901142, hole_card: ['D7', 'S6']
"b11902127" declared "raise:30"
name: b11902127, hole_card: ['S8', 'SK']
name: b09901142, hole_card: ['D7', 'S6']
"b09901142" declared "fold:0"
"['b11902127']" won the round 10 (stack = {'b11902127': 1080, 'b09901142': 920})
community cards of this round: ['CA', 'HK', 'C2', 'CQ', 'CK']
name: b11902127, hole_card: ['D4', 'D9']
name: b09901142, hole_card: ['DA', 'DQ']
Started the round 11
Street "preflop" started. (community card = [])
name: b11902127, hole_card: ['D4', 'D9']
name: b09901142, hole_card: ['DA', 'DQ']
"b09901142" declared "call:10"
name: b11902127, hole_card: ['D4', 'D9']
name: b09901142, hole_card: ['DA', 'DQ']
"b11902127" declared "fold:0"
"['b09901142']" won the round 11 (stack = {'b11902127': 1070, 'b09901142': 930})
community cards of this round: ['H4', 'SJ', 'C4', 'H5', 'CJ']
name: b11902127, hole_card: ['S3', 'DK']
name: b09901142, hole_card: ['S5', 'HA']
Started the round 12
Street "preflop" started. (community card = [])
name: b11902127, hole_card: ['S3', 'DK']
name: b09901142, hole_card: ['S5', 'HA']
"b11902127" declared "call:10"
name: b11902127, hole_card: ['S3', 'DK']
name: b09901142, hole_card: ['S5', 'HA']
"b09901142" declared "call:10"
Street "flop" started. (community card = ['H4', 'SJ', 'C4'])
name: b11902127, hole_card: ['S3', 'DK']
name: b09901142, hole_card: ['S5', 'HA']
"b11902127" declared "call:0"
name: b11902127, hole_card: ['S3', 'DK']
name: b09901142, hole_card: ['S5', 'HA']
"b09901142" declared "call:0"
Street "turn" started. (community card = ['H4', 'SJ', 'C4', 'H5'])
name: b11902127, hole_card: ['S3', 'DK']
name: b09901142, hole_card: ['S5', 'HA']
"b11902127" declared "call:0"
name: b11902127, hole_card: ['S3', 'DK']
name: b09901142, hole_card: ['S5', 'HA']
"b09901142" declared "call:0"
Street "river" started. (community card = ['H4', 'SJ', 'C4', 'H5', 'CJ'])
name: b11902127, hole_card: ['S3', 'DK']
name: b09901142, hole_card: ['S5', 'HA']
"b11902127" declared "raise:30"
name: b11902127, hole_card: ['S3', 'DK']
name: b09901142, hole_card: ['S5', 'HA']
"b09901142" declared "raise:524"
name: b11902127, hole_card: ['S3', 'DK']
name: b09901142, hole_card: ['S5', 'HA']
"b11902127" declared "fold:0"
"['b09901142']" won the round 12 (stack = {'b11902127': 1030, 'b09901142': 970})
community cards of this round: ['C8', 'H9', 'S6', 'S3', 'HQ']
name: b11902127, hole_card: ['S2', 'S5']
name: b09901142, hole_card: ['CT', 'D3']
Started the round 13
Street "preflop" started. (community card = [])
name: b11902127, hole_card: ['S2', 'S5']
name: b09901142, hole_card: ['CT', 'D3']
"b09901142" declared "call:10"
name: b11902127, hole_card: ['S2', 'S5']
name: b09901142, hole_card: ['CT', 'D3']
"b11902127" declared "call:10"
Street "flop" started. (community card = ['C8', 'H9', 'S6'])
name: b11902127, hole_card: ['S2', 'S5']
name: b09901142, hole_card: ['CT', 'D3']
"b09901142" declared "call:0"
name: b11902127, hole_card: ['S2', 'S5']
name: b09901142, hole_card: ['CT', 'D3']
"b11902127" declared "call:0"
Street "turn" started. (community card = ['C8', 'H9', 'S6', 'S3'])
name: b11902127, hole_card: ['S2', 'S5']
name: b09901142, hole_card: ['CT', 'D3']
"b09901142" declared "call:0"
name: b11902127, hole_card: ['S2', 'S5']
name: b09901142, hole_card: ['CT', 'D3']
"b11902127" declared "call:0"
Street "river" started. (community card = ['C8', 'H9', 'S6', 'S3', 'HQ'])
name: b11902127, hole_card: ['S2', 'S5']
name: b09901142, hole_card: ['CT', 'D3']
"b09901142" declared "call:0"
name: b11902127, hole_card: ['S2', 'S5']
name: b09901142, hole_card: ['CT', 'D3']
"b11902127" declared "call:0"
"['b09901142']" won the round 13 (stack = {'b11902127': 1020, 'b09901142': 980})
community cards of this round: ['S9', 'DA', 'H2', 'SK', 'CA']
name: b11902127, hole_card: ['S6', 'HK']
name: b09901142, hole_card: ['H4', 'H7']
Started the round 14
Street "preflop" started. (community card = [])
name: b11902127, hole_card: ['S6', 'HK']
name: b09901142, hole_card: ['H4', 'H7']
"b11902127" declared "call:10"
name: b11902127, hole_card: ['S6', 'HK']
name: b09901142, hole_card: ['H4', 'H7']
"b09901142" declared "call:10"
Street "flop" started. (community card = ['S9', 'DA', 'H2'])
name: b11902127, hole_card: ['S6', 'HK']
name: b09901142, hole_card: ['H4', 'H7']
"b11902127" declared "call:0"
name: b11902127, hole_card: ['S6', 'HK']
name: b09901142, hole_card: ['H4', 'H7']
"b09901142" declared "call:0"
Street "turn" started. (community card = ['S9', 'DA', 'H2', 'SK'])
name: b11902127, hole_card: ['S6', 'HK']
name: b09901142, hole_card: ['H4', 'H7']
"b11902127" declared "raise:30"
name: b11902127, hole_card: ['S6', 'HK']
name: b09901142, hole_card: ['H4', 'H7']
"b09901142" declared "fold:0"
"['b11902127']" won the round 14 (stack = {'b11902127': 1030, 'b09901142': 970})
community cards of this round: ['C8', 'DT', 'S3', 'CA', 'S4']
name: b11902127, hole_card: ['S8', 'HQ']
name: b09901142, hole_card: ['HT', 'H5']
Started the round 15
Street "preflop" started. (community card = [])
name: b11902127, hole_card: ['S8', 'HQ']
name: b09901142, hole_card: ['HT', 'H5']
"b09901142" declared "call:10"
name: b11902127, hole_card: ['S8', 'HQ']
name: b09901142, hole_card: ['HT', 'H5']
"b11902127" declared "call:10"
Street "flop" started. (community card = ['C8', 'DT', 'S3'])
name: b11902127, hole_card: ['S8', 'HQ']
name: b09901142, hole_card: ['HT', 'H5']
"b09901142" declared "raise:380"
name: b11902127, hole_card: ['S8', 'HQ']
name: b09901142, hole_card: ['HT', 'H5']
"b11902127" declared "call:380"
Street "turn" started. (community card = ['C8', 'DT', 'S3', 'CA'])
name: b11902127, hole_card: ['S8', 'HQ']
name: b09901142, hole_card: ['HT', 'H5']
"b09901142" declared "raise:313"
name: b11902127, hole_card: ['S8', 'HQ']
name: b09901142, hole_card: ['HT', 'H5']
"b11902127" declared "raise:640"
name: b11902127, hole_card: ['S8', 'HQ']
name: b09901142, hole_card: ['HT', 'H5']
"b09901142" declared "call:640"
Street "river" started. (community card = ['C8', 'DT', 'S3', 'CA', 'S4'])
"['b09901142']" won the round 15 (stack = {'b11902127': 60, 'b09901142': 1940})
community cards of this round: ['DT', 'D7', 'H4', 'C3', 'C9']
name: b11902127, hole_card: ['ST', 'C6']
name: b09901142, hole_card: ['D9', 'CT']
Started the round 16
Street "preflop" started. (community card = [])
name: b11902127, hole_card: ['ST', 'C6']
name: b09901142, hole_card: ['D9', 'CT']
"b11902127" declared "call:10"
name: b11902127, hole_card: ['ST', 'C6']
name: b09901142, hole_card: ['D9', 'CT']
"b09901142" declared "call:10"
Street "flop" started. (community card = ['DT', 'D7', 'H4'])
name: b11902127, hole_card: ['ST', 'C6']
name: b09901142, hole_card: ['D9', 'CT']
"b11902127" declared "raise:30"
name: b11902127, hole_card: ['ST', 'C6']
name: b09901142, hole_card: ['D9', 'CT']
"b09901142" declared "raise:125"
name: b11902127, hole_card: ['ST', 'C6']
name: b09901142, hole_card: ['D9', 'CT']
"b11902127" declared "call:125"
Street "turn" started. (community card = ['DT', 'D7', 'H4', 'C3'])
Street "river" started. (community card = ['DT', 'D7', 'H4', 'C3', 'C9'])
"['b09901142']" won the round 16 (stack = {'b11902127': 0, 'b09901142': 2000})
b09901142 vs b11902127 - Game 1: {'rule': {'initial_stack': 1000, 'max_round': 20, 'small_blind_amount': 5, 'ante': 0, 'blind_structure': {}}, 'players': [{'name': 'b11902127', 'uuid': 'tryydbpvfibyityidnjtwn', 'stack': 0, 'state': 'folded'}, {'name': 'b09901142', 'uuid': 'nmqaxnfvgrzfxwqzqfwzjf', 'stack': 2000, 'state': 'participating'}]}
community cards of this round: ['S6', 'HJ', 'C8', 'SJ', 'H9']
name: b09901142, hole_card: ['H6', 'H2']
name: b11902127, hole_card: ['S2', 'C4']
Started the round 1
Street "preflop" started. (community card = [])
name: b09901142, hole_card: ['H6', 'H2']
name: b11902127, hole_card: ['S2', 'C4']
"b11902127" declared "fold:0"
"['b09901142']" won the round 1 (stack = {'b09901142': 1005, 'b11902127': 995})
community cards of this round: ['S9', 'H5', 'DA', 'DQ', 'S3']
name: b09901142, hole_card: ['CA', 'SQ']
name: b11902127, hole_card: ['H3', 'CT']
Started the round 2
Street "preflop" started. (community card = [])
name: b09901142, hole_card: ['CA', 'SQ']
name: b11902127, hole_card: ['H3', 'CT']
"b09901142" declared "call:10"
name: b09901142, hole_card: ['CA', 'SQ']
name: b11902127, hole_card: ['H3', 'CT']
"b11902127" declared "call:10"
Street "flop" started. (community card = ['S9', 'H5', 'DA'])
name: b09901142, hole_card: ['CA', 'SQ']
name: b11902127, hole_card: ['H3', 'CT']
"b09901142" declared "raise:504"
name: b09901142, hole_card: ['CA', 'SQ']
name: b11902127, hole_card: ['H3', 'CT']
"b11902127" declared "fold:0"
"['b09901142']" won the round 2 (stack = {'b09901142': 1015, 'b11902127': 985})
community cards of this round: ['C2', 'CJ', 'D2', 'H6', 'S5']
name: b09901142, hole_card: ['S7', 'HA']
name: b11902127, hole_card: ['CQ', 'D8']
Started the round 3
Street "preflop" started. (community card = [])
name: b09901142, hole_card: ['S7', 'HA']
name: b11902127, hole_card: ['CQ', 'D8']
"b11902127" declared "call:10"
name: b09901142, hole_card: ['S7', 'HA']
name: b11902127, hole_card: ['CQ', 'D8']
"b09901142" declared "call:10"
Street "flop" started. (community card = ['C2', 'CJ', 'D2'])
name: b09901142, hole_card: ['S7', 'HA']
name: b11902127, hole_card: ['CQ', 'D8']
"b11902127" declared "call:0"
name: b09901142, hole_card: ['S7', 'HA']
name: b11902127, hole_card: ['CQ', 'D8']
"b09901142" declared "call:0"
Street "turn" started. (community card = ['C2', 'CJ', 'D2', 'H6'])
name: b09901142, hole_card: ['S7', 'HA']
name: b11902127, hole_card: ['CQ', 'D8']
"b11902127" declared "call:0"
name: b09901142, hole_card: ['S7', 'HA']
name: b11902127, hole_card: ['CQ', 'D8']
"b09901142" declared "call:0"
Street "river" started. (community card = ['C2', 'CJ', 'D2', 'H6', 'S5'])
name: b09901142, hole_card: ['S7', 'HA']
name: b11902127, hole_card: ['CQ', 'D8']
"b11902127" declared "call:0"
name: b09901142, hole_card: ['S7', 'HA']
name: b11902127, hole_card: ['CQ', 'D8']
"b09901142" declared "call:0"
"['b09901142']" won the round 3 (stack = {'b09901142': 1025, 'b11902127': 975})
community cards of this round: ['S3', 'D7', 'D2', 'H8', 'DJ']
name: b09901142, hole_card: ['H6', 'SK']
name: b11902127, hole_card: ['H3', 'ST']
Started the round 4
Street "preflop" started. (community card = [])
name: b09901142, hole_card: ['H6', 'SK']
name: b11902127, hole_card: ['H3', 'ST']
"b09901142" declared "call:10"
name: b09901142, hole_card: ['H6', 'SK']
name: b11902127, hole_card: ['H3', 'ST']
"b11902127" declared "call:10"
Street "flop" started. (community card = ['S3', 'D7', 'D2'])
name: b09901142, hole_card: ['H6', 'SK']
name: b11902127, hole_card: ['H3', 'ST']
"b09901142" declared "call:0"
name: b09901142, hole_card: ['H6', 'SK']
name: b11902127, hole_card: ['H3', 'ST']
"b11902127" declared "raise:20"
name: b09901142, hole_card: ['H6', 'SK']
name: b11902127, hole_card: ['H3', 'ST']
"b09901142" declared "fold:0"
"['b11902127']" won the round 4 (stack = {'b09901142': 1015, 'b11902127': 985})
community cards of this round: ['S8', 'D3', 'DT', 'H4', 'D4']
name: b09901142, hole_card: ['CJ', 'S6']
name: b11902127, hole_card: ['C8', 'H8']
Started the round 5
Street "preflop" started. (community card = [])
name: b09901142, hole_card: ['CJ', 'S6']
name: b11902127, hole_card: ['C8', 'H8']
"b11902127" declared "raise:30"
{'aggressive': 0.25, 'passive': 0.0, 'neutral': 0.75}
Opponent Model: neutral
name: b09901142, hole_card: ['CJ', 'S6']
name: b11902127, hole_card: ['C8', 'H8']
"b09901142" declared "call:30"
Street "flop" started. (community card = ['S8', 'D3', 'DT'])
name: b09901142, hole_card: ['CJ', 'S6']
name: b11902127, hole_card: ['C8', 'H8']
"b11902127" declared "raise:30"
name: b09901142, hole_card: ['CJ', 'S6']
name: b11902127, hole_card: ['C8', 'H8']
"b09901142" declared "fold:0"
"['b11902127']" won the round 5 (stack = {'b09901142': 985, 'b11902127': 1015})
community cards of this round: ['H2', 'S9', 'CJ', 'HQ', 'C7']
name: b09901142, hole_card: ['S5', 'C6']
name: b11902127, hole_card: ['SA', 'D4']
Started the round 6
Street "preflop" started. (community card = [])
name: b09901142, hole_card: ['S5', 'C6']
name: b11902127, hole_card: ['SA', 'D4']
"b09901142" declared "call:10"
name: b09901142, hole_card: ['S5', 'C6']
name: b11902127, hole_card: ['SA', 'D4']
"b11902127" declared "call:10"
Street "flop" started. (community card = ['H2', 'S9', 'CJ'])
name: b09901142, hole_card: ['S5', 'C6']
name: b11902127, hole_card: ['SA', 'D4']
"b09901142" declared "call:0"
name: b09901142, hole_card: ['S5', 'C6']
name: b11902127, hole_card: ['SA', 'D4']
"b11902127" declared "call:0"
Street "turn" started. (community card = ['H2', 'S9', 'CJ', 'HQ'])
name: b09901142, hole_card: ['S5', 'C6']
name: b11902127, hole_card: ['SA', 'D4']
"b09901142" declared "call:0"
name: b09901142, hole_card: ['S5', 'C6']
name: b11902127, hole_card: ['SA', 'D4']
"b11902127" declared "call:0"
Street "river" started. (community card = ['H2', 'S9', 'CJ', 'HQ', 'C7'])
name: b09901142, hole_card: ['S5', 'C6']
name: b11902127, hole_card: ['SA', 'D4']
"b09901142" declared "call:0"
name: b09901142, hole_card: ['S5', 'C6']
name: b11902127, hole_card: ['SA', 'D4']
"b11902127" declared "call:0"
"['b11902127']" won the round 6 (stack = {'b09901142': 975, 'b11902127': 1025})
community cards of this round: ['SK', 'D3', 'S5', 'CJ', 'S2']
name: b09901142, hole_card: ['DJ', 'D2']
name: b11902127, hole_card: ['H9', 'C2']
Started the round 7
Street "preflop" started. (community card = [])
name: b09901142, hole_card: ['DJ', 'D2']
name: b11902127, hole_card: ['H9', 'C2']
"b11902127" declared "fold:0"
"['b09901142']" won the round 7 (stack = {'b09901142': 980, 'b11902127': 1020})
community cards of this round: ['S9', 'H2', 'C5', 'C3', 'S8']
name: b09901142, hole_card: ['SJ', 'SK']
name: b11902127, hole_card: ['H6', 'C2']
Started the round 8
Street "preflop" started. (community card = [])
name: b09901142, hole_card: ['SJ', 'SK']
name: b11902127, hole_card: ['H6', 'C2']
"b09901142" declared "call:10"
name: b09901142, hole_card: ['SJ', 'SK']
name: b11902127, hole_card: ['H6', 'C2']
"b11902127" declared "call:10"
Street "flop" started. (community card = ['S9', 'H2', 'C5'])
name: b09901142, hole_card: ['SJ', 'SK']
name: b11902127, hole_card: ['H6', 'C2']
"b09901142" declared "call:0"
name: b09901142, hole_card: ['SJ', 'SK']
name: b11902127, hole_card: ['H6', 'C2']
"b11902127" declared "raise:10"
name: b09901142, hole_card: ['SJ', 'SK']
name: b11902127, hole_card: ['H6', 'C2']
"b09901142" declared "fold:0"
"['b11902127']" won the round 8 (stack = {'b09901142': 970, 'b11902127': 1030})
community cards of this round: ['CT', 'D5', 'C9', 'D3', 'S9']
name: b09901142, hole_card: ['C8', 'HJ']
name: b11902127, hole_card: ['C3', 'CA']
Started the round 9
Street "preflop" started. (community card = [])
name: b09901142, hole_card: ['C8', 'HJ']
name: b11902127, hole_card: ['C3', 'CA']
"b11902127" declared "raise:30"
name: b09901142, hole_card: ['C8', 'HJ']
name: b11902127, hole_card: ['C3', 'CA']
"b09901142" declared "call:30"
Street "flop" started. (community card = ['CT', 'D5', 'C9'])
name: b09901142, hole_card: ['C8', 'HJ']
name: b11902127, hole_card: ['C3', 'CA']
"b11902127" declared "raise:20"
name: b09901142, hole_card: ['C8', 'HJ']
name: b11902127, hole_card: ['C3', 'CA']
"b09901142" declared "fold:0"
"['b11902127']" won the round 9 (stack = {'b09901142': 940, 'b11902127': 1060})
community cards of this round: ['HT', 'DA', 'CJ', 'DJ', 'D5']
name: b09901142, hole_card: ['S8', 'SK']
name: b11902127, hole_card: ['D7', 'S6']
Started the round 10
Street "preflop" started. (community card = [])
name: b09901142, hole_card: ['S8', 'SK']
name: b11902127, hole_card: ['D7', 'S6']
"b09901142" declared "call:10"
name: b09901142, hole_card: ['S8', 'SK']
name: b11902127, hole_card: ['D7', 'S6']
"b11902127" declared "call:10"
Street "flop" started. (community card = ['HT', 'DA', 'CJ'])
name: b09901142, hole_card: ['S8', 'SK']
name: b11902127, hole_card: ['D7', 'S6']
"b09901142" declared "call:0"
name: b09901142, hole_card: ['S8', 'SK']
name: b11902127, hole_card: ['D7', 'S6']
"b11902127" declared "call:0"
Street "turn" started. (community card = ['HT', 'DA', 'CJ', 'DJ'])
name: b09901142, hole_card: ['S8', 'SK']
name: b11902127, hole_card: ['D7', 'S6']
"b09901142" declared "call:0"
name: b09901142, hole_card: ['S8', 'SK']
name: b11902127, hole_card: ['D7', 'S6']
"b11902127" declared "call:0"
Street "river" started. (community card = ['HT', 'DA', 'CJ', 'DJ', 'D5'])
name: b09901142, hole_card: ['S8', 'SK']
name: b11902127, hole_card: ['D7', 'S6']
"b09901142" declared "call:0"
name: b09901142, hole_card: ['S8', 'SK']
name: b11902127, hole_card: ['D7', 'S6']
"b11902127" declared "call:0"
"['b09901142']" won the round 10 (stack = {'b09901142': 950, 'b11902127': 1050})
community cards of this round: ['CA', 'HK', 'C2', 'CQ', 'CK']
name: b09901142, hole_card: ['D4', 'D9']
name: b11902127, hole_card: ['DA', 'DQ']
Started the round 11
Street "preflop" started. (community card = [])
name: b09901142, hole_card: ['D4', 'D9']
name: b11902127, hole_card: ['DA', 'DQ']
"b11902127" declared "raise:45"
name: b09901142, hole_card: ['D4', 'D9']
name: b11902127, hole_card: ['DA', 'DQ']
"b09901142" declared "call:45"
Street "flop" started. (community card = ['CA', 'HK', 'C2'])
name: b09901142, hole_card: ['D4', 'D9']
name: b11902127, hole_card: ['DA', 'DQ']
"b11902127" declared "raise:30"
name: b09901142, hole_card: ['D4', 'D9']
name: b11902127, hole_card: ['DA', 'DQ']
"b09901142" declared "fold:0"
"['b11902127']" won the round 11 (stack = {'b09901142': 905, 'b11902127': 1095})
community cards of this round: ['H4', 'SJ', 'C4', 'H5', 'CJ']
name: b09901142, hole_card: ['S3', 'DK']
name: b11902127, hole_card: ['S5', 'HA']
Started the round 12
Street "preflop" started. (community card = [])
name: b09901142, hole_card: ['S3', 'DK']
name: b11902127, hole_card: ['S5', 'HA']
"b09901142" declared "call:10"
name: b09901142, hole_card: ['S3', 'DK']
name: b11902127, hole_card: ['S5', 'HA']
"b11902127" declared "fold:0"
"['b09901142']" won the round 12 (stack = {'b09901142': 915, 'b11902127': 1085})
community cards of this round: ['C8', 'H9', 'S6', 'S3', 'HQ']
name: b09901142, hole_card: ['S2', 'S5']
name: b11902127, hole_card: ['CT', 'D3']
Started the round 13
Street "preflop" started. (community card = [])
name: b09901142, hole_card: ['S2', 'S5']
name: b11902127, hole_card: ['CT', 'D3']
"b11902127" declared "fold:0"
"['b09901142']" won the round 13 (stack = {'b09901142': 920, 'b11902127': 1080})
community cards of this round: ['S9', 'DA', 'H2', 'SK', 'CA']
name: b09901142, hole_card: ['S6', 'HK']
name: b11902127, hole_card: ['H4', 'H7']
Started the round 14
Street "preflop" started. (community card = [])
name: b09901142, hole_card: ['S6', 'HK']
name: b11902127, hole_card: ['H4', 'H7']
"b09901142" declared "call:10"
name: b09901142, hole_card: ['S6', 'HK']
name: b11902127, hole_card: ['H4', 'H7']
"b11902127" declared "fold:0"
"['b09901142']" won the round 14 (stack = {'b09901142': 930, 'b11902127': 1070})
community cards of this round: ['C8', 'DT', 'S3', 'CA', 'S4']
name: b09901142, hole_card: ['S8', 'HQ']
name: b11902127, hole_card: ['HT', 'H5']
Started the round 15
Street "preflop" started. (community card = [])
name: b09901142, hole_card: ['S8', 'HQ']
name: b11902127, hole_card: ['HT', 'H5']
"b11902127" declared "fold:0"
"['b09901142']" won the round 15 (stack = {'b09901142': 935, 'b11902127': 1065})
community cards of this round: ['DT', 'D7', 'H4', 'C3', 'C9']
name: b09901142, hole_card: ['ST', 'C6']
name: b11902127, hole_card: ['D9', 'CT']
Started the round 16
Street "preflop" started. (community card = [])
name: b09901142, hole_card: ['ST', 'C6']
name: b11902127, hole_card: ['D9', 'CT']
"b09901142" declared "call:10"
name: b09901142, hole_card: ['ST', 'C6']
name: b11902127, hole_card: ['D9', 'CT']
"b11902127" declared "fold:0"
"['b09901142']" won the round 16 (stack = {'b09901142': 945, 'b11902127': 1055})
community cards of this round: ['C5', 'H8', 'SK', 'D9', 'CK']
name: b09901142, hole_card: ['S6', 'CT']
name: b11902127, hole_card: ['S5', 'DK']
Started the round 17
Street "preflop" started. (community card = [])
name: b09901142, hole_card: ['S6', 'CT']
name: b11902127, hole_card: ['S5', 'DK']
"b11902127" declared "fold:0"
"['b09901142']" won the round 17 (stack = {'b09901142': 950, 'b11902127': 1050})
community cards of this round: ['HA', 'HT', 'CK', 'D3', 'D7']
name: b09901142, hole_card: ['DJ', 'CT']
name: b11902127, hole_card: ['S5', 'S6']
Started the round 18
Street "preflop" started. (community card = [])
name: b09901142, hole_card: ['DJ', 'CT']
name: b11902127, hole_card: ['S5', 'S6']
"b09901142" declared "call:10"
name: b09901142, hole_card: ['DJ', 'CT']
name: b11902127, hole_card: ['S5', 'S6']
"b11902127" declared "fold:0"
"['b09901142']" won the round 18 (stack = {'b09901142': 960, 'b11902127': 1040})
community cards of this round: ['HJ', 'H6', 'S8', 'H4', 'S3']
name: b09901142, hole_card: ['CA', 'S2']
name: b11902127, hole_card: ['CQ', 'CJ']
Started the round 19
Street "preflop" started. (community card = [])
name: b09901142, hole_card: ['CA', 'S2']
name: b11902127, hole_card: ['CQ', 'CJ']
"b11902127" declared "fold:0"
"['b09901142']" won the round 19 (stack = {'b09901142': 965, 'b11902127': 1035})
community cards of this round: ['SA', 'C5', 'C2', 'S5', 'S6']
name: b09901142, hole_card: ['D5', 'C4']
name: b11902127, hole_card: ['ST', 'S7']
Started the round 20
Street "preflop" started. (community card = [])
name: b09901142, hole_card: ['D5', 'C4']
name: b11902127, hole_card: ['ST', 'S7']
"b09901142" declared "call:10"
name: b09901142, hole_card: ['D5', 'C4']
name: b11902127, hole_card: ['ST', 'S7']
"b11902127" declared "fold:0"
"['b09901142']" won the round 20 (stack = {'b09901142': 975, 'b11902127': 1025})
b09901142 vs b11902127 - Game 2: {'rule': {'initial_stack': 1000, 'max_round': 20, 'small_blind_amount': 5, 'ante': 0, 'blind_structure': {}}, 'players': [{'name': 'b09901142', 'uuid': 'geucwzpysyyzgldctmrnwj', 'stack': 975, 'state': 'participating'}, {'name': 'b11902127', 'uuid': 'ckmtfrodzbgylmvockjmlm', 'stack': 1025, 'state': 'participating'}]}
community cards of this round: ['S8', 'D8', 'C4', 'C3', 'H4']
name: b11902127, hole_card: ['D3', 'HT']
name: b09901142, hole_card: ['SK', 'SQ']
Started the round 1
Street "preflop" started. (community card = [])
name: b11902127, hole_card: ['D3', 'HT']
name: b09901142, hole_card: ['SK', 'SQ']
"b09901142" declared "call:10"
name: b11902127, hole_card: ['D3', 'HT']
name: b09901142, hole_card: ['SK', 'SQ']
"b11902127" declared "call:10"
Street "flop" started. (community card = ['S8', 'D8', 'C4'])
name: b11902127, hole_card: ['D3', 'HT']
name: b09901142, hole_card: ['SK', 'SQ']
"b09901142" declared "call:0"
name: b11902127, hole_card: ['D3', 'HT']
name: b09901142, hole_card: ['SK', 'SQ']
"b11902127" declared "call:0"
Street "turn" started. (community card = ['S8', 'D8', 'C4', 'C3'])
name: b11902127, hole_card: ['D3', 'HT']
name: b09901142, hole_card: ['SK', 'SQ']
"b09901142" declared "call:0"
name: b11902127, hole_card: ['D3', 'HT']
name: b09901142, hole_card: ['SK', 'SQ']
"b11902127" declared "raise:20"
name: b11902127, hole_card: ['D3', 'HT']
name: b09901142, hole_card: ['SK', 'SQ']
"b09901142" declared "fold:0"
"['b11902127']" won the round 1 (stack = {'b11902127': 1010, 'b09901142': 990})
community cards of this round: ['H2', 'DQ', 'D6', 'SK', 'H5']
name: b11902127, hole_card: ['C7', 'D7']
name: b09901142, hole_card: ['DA', 'C2']
Started the round 2
Street "preflop" started. (community card = [])
name: b11902127, hole_card: ['C7', 'D7']
name: b09901142, hole_card: ['DA', 'C2']
"b11902127" declared "raise:30"
name: b11902127, hole_card: ['C7', 'D7']
name: b09901142, hole_card: ['DA', 'C2']
"b09901142" declared "call:30"
Street "flop" started. (community card = ['H2', 'DQ', 'D6'])
name: b11902127, hole_card: ['C7', 'D7']
name: b09901142, hole_card: ['DA', 'C2']
"b11902127" declared "raise:20"
name: b11902127, hole_card: ['C7', 'D7']
name: b09901142, hole_card: ['DA', 'C2']
"b09901142" declared "call:20"
Street "turn" started. (community card = ['H2', 'DQ', 'D6', 'SK'])
name: b11902127, hole_card: ['C7', 'D7']
name: b09901142, hole_card: ['DA', 'C2']
"b11902127" declared "raise:20"
name: b11902127, hole_card: ['C7', 'D7']
name: b09901142, hole_card: ['DA', 'C2']
"b09901142" declared "call:20"
Street "river" started. (community card = ['H2', 'DQ', 'D6', 'SK', 'H5'])
name: b11902127, hole_card: ['C7', 'D7']
name: b09901142, hole_card: ['DA', 'C2']
"b11902127" declared "raise:20"
name: b11902127, hole_card: ['C7', 'D7']
name: b09901142, hole_card: ['DA', 'C2']
"b09901142" declared "fold:0"
"['b11902127']" won the round 2 (stack = {'b11902127': 1080, 'b09901142': 920})
community cards of this round: ['S4', 'CQ', 'SJ', 'C3', 'CT']
name: b11902127, hole_card: ['H3', 'HA']
name: b09901142, hole_card: ['H8', 'HT']
Started the round 3
Street "preflop" started. (community card = [])
name: b11902127, hole_card: ['H3', 'HA']
name: b09901142, hole_card: ['H8', 'HT']
"b09901142" declared "call:10"
name: b11902127, hole_card: ['H3', 'HA']
name: b09901142, hole_card: ['H8', 'HT']
"b11902127" declared "raise:30"
{'aggressive': 0.75, 'passive': 0.0, 'neutral': 0.25}
Opponent Model: aggressive
name: b11902127, hole_card: ['H3', 'HA']
name: b09901142, hole_card: ['H8', 'HT']
"b09901142" declared "call:30"
Street "flop" started. (community card = ['S4', 'CQ', 'SJ'])
name: b11902127, hole_card: ['H3', 'HA']
name: b09901142, hole_card: ['H8', 'HT']
"b09901142" declared "call:0"
name: b11902127, hole_card: ['H3', 'HA']
name: b09901142, hole_card: ['H8', 'HT']
"b11902127" declared "call:0"
Street "turn" started. (community card = ['S4', 'CQ', 'SJ', 'C3'])
name: b11902127, hole_card: ['H3', 'HA']
name: b09901142, hole_card: ['H8', 'HT']
"b09901142" declared "call:0"
name: b11902127, hole_card: ['H3', 'HA']
name: b09901142, hole_card: ['H8', 'HT']
"b11902127" declared "raise:50"
name: b11902127, hole_card: ['H3', 'HA']
name: b09901142, hole_card: ['H8', 'HT']
"b09901142" declared "call:50"
Street "river" started. (community card = ['S4', 'CQ', 'SJ', 'C3', 'CT'])
name: b11902127, hole_card: ['H3', 'HA']
name: b09901142, hole_card: ['H8', 'HT']
"b09901142" declared "call:0"
name: b11902127, hole_card: ['H3', 'HA']
name: b09901142, hole_card: ['H8', 'HT']
"b11902127" declared "raise:50"
name: b11902127, hole_card: ['H3', 'HA']
name: b09901142, hole_card: ['H8', 'HT']
"b09901142" declared "call:50"
"['b09901142']" won the round 3 (stack = {'b11902127': 950, 'b09901142': 1050})
community cards of this round: ['SQ', 'S9', 'S5', 'C4', 'H4']
name: b11902127, hole_card: ['CA', 'CT']
name: b09901142, hole_card: ['D5', 'C2']
Started the round 4
Street "preflop" started. (community card = [])
name: b11902127, hole_card: ['CA', 'CT']
name: b09901142, hole_card: ['D5', 'C2']
"b11902127" declared "raise:75"
name: b11902127, hole_card: ['CA', 'CT']
name: b09901142, hole_card: ['D5', 'C2']
"b09901142" declared "fold:75"
"['b11902127']" won the round 4 (stack = {'b11902127': 960, 'b09901142': 1040})
community cards of this round: ['SK', 'H7', 'S2', 'DA', 'D5']
name: b11902127, hole_card: ['CK', 'S3']
name: b09901142, hole_card: ['DT', 'S4']
Started the round 5
Street "preflop" started. (community card = [])
name: b11902127, hole_card: ['CK', 'S3']
name: b09901142, hole_card: ['DT', 'S4']
"b09901142" declared "call:10"
name: b11902127, hole_card: ['CK', 'S3']
name: b09901142, hole_card: ['DT', 'S4']
"b11902127" declared "call:10"
Street "flop" started. (community card = ['SK', 'H7', 'S2'])
name: b11902127, hole_card: ['CK', 'S3']
name: b09901142, hole_card: ['DT', 'S4']
"b09901142" declared "call:0"
name: b11902127, hole_card: ['CK', 'S3']
name: b09901142, hole_card: ['DT', 'S4']
"b11902127" declared "raise:30"
name: b11902127, hole_card: ['CK', 'S3']
name: b09901142, hole_card: ['DT', 'S4']
"b09901142" declared "fold:0"
"['b11902127']" won the round 5 (stack = {'b11902127': 970, 'b09901142': 1030})
community cards of this round: ['SQ', 'C4', 'D2', 'HT', 'H9']
name: b11902127, hole_card: ['D5', 'S8']
name: b09901142, hole_card: ['HJ', 'SJ']
Started the round 6
Street "preflop" started. (community card = [])
name: b11902127, hole_card: ['D5', 'S8']
name: b09901142, hole_card: ['HJ', 'SJ']
"b11902127" declared "fold:0"
"['b09901142']" won the round 6 (stack = {'b11902127': 965, 'b09901142': 1035})
community cards of this round: ['SQ', 'HA', 'DA', 'SK', 'ST']
name: b11902127, hole_card: ['HK', 'D3']
name: b09901142, hole_card: ['S9', 'DT']
Started the round 7
Street "preflop" started. (community card = [])
name: b11902127, hole_card: ['HK', 'D3']
name: b09901142, hole_card: ['S9', 'DT']
"b09901142" declared "call:10"
name: b11902127, hole_card: ['HK', 'D3']
name: b09901142, hole_card: ['S9', 'DT']
"b11902127" declared "call:10"
Street "flop" started. (community card = ['SQ', 'HA', 'DA'])
name: b11902127, hole_card: ['HK', 'D3']
name: b09901142, hole_card: ['S9', 'DT']
"b09901142" declared "call:0"
name: b11902127, hole_card: ['HK', 'D3']
name: b09901142, hole_card: ['S9', 'DT']
"b11902127" declared "raise:10"
name: b11902127, hole_card: ['HK', 'D3']
name: b09901142, hole_card: ['S9', 'DT']
"b09901142" declared "call:10"
Street "turn" started. (community card = ['SQ', 'HA', 'DA', 'SK'])
name: b11902127, hole_card: ['HK', 'D3']
name: b09901142, hole_card: ['S9', 'DT']
"b09901142" declared "call:0"
name: b11902127, hole_card: ['HK', 'D3']
name: b09901142, hole_card: ['S9', 'DT']
"b11902127" declared "raise:30"
name: b11902127, hole_card: ['HK', 'D3']
name: b09901142, hole_card: ['S9', 'DT']
"b09901142" declared "call:30"
Street "river" started. (community card = ['SQ', 'HA', 'DA', 'SK', 'ST'])
name: b11902127, hole_card: ['HK', 'D3']
name: b09901142, hole_card: ['S9', 'DT']
"b09901142" declared "call:0"
name: b11902127, hole_card: ['HK', 'D3']
name: b09901142, hole_card: ['S9', 'DT']
"b11902127" declared "raise:50"
name: b11902127, hole_card: ['HK', 'D3']
name: b09901142, hole_card: ['S9', 'DT']
"b09901142" declared "call:50"
"['b11902127']" won the round 7 (stack = {'b11902127': 1065, 'b09901142': 935})
community cards of this round: ['C2', 'SA', 'CK', 'C9', 'S6']
name: b11902127, hole_card: ['D6', 'S2']
name: b09901142, hole_card: ['D3', 'S3']
Started the round 8
Street "preflop" started. (community card = [])
name: b11902127, hole_card: ['D6', 'S2']
name: b09901142, hole_card: ['D3', 'S3']
"b11902127" declared "fold:0"
"['b09901142']" won the round 8 (stack = {'b11902127': 1060, 'b09901142': 940})
community cards of this round: ['C8', 'DK', 'DQ', 'SA', 'SQ']
name: b11902127, hole_card: ['D2', 'H4']
name: b09901142, hole_card: ['CA', 'S9']
Started the round 9
Street "preflop" started. (community card = [])
name: b11902127, hole_card: ['D2', 'H4']
name: b09901142, hole_card: ['CA', 'S9']
"b09901142" declared "call:10"
name: b11902127, hole_card: ['D2', 'H4']
name: b09901142, hole_card: ['CA', 'S9']
"b11902127" declared "call:10"
Street "flop" started. (community card = ['C8', 'DK', 'DQ'])
name: b11902127, hole_card: ['D2', 'H4']
name: b09901142, hole_card: ['CA', 'S9']
"b09901142" declared "call:0"
name: b11902127, hole_card: ['D2', 'H4']
name: b09901142, hole_card: ['CA', 'S9']
"b11902127" declared "call:0"
Street "turn" started. (community card = ['C8', 'DK', 'DQ', 'SA'])
name: b11902127, hole_card: ['D2', 'H4']
name: b09901142, hole_card: ['CA', 'S9']
"b09901142" declared "raise:379"
name: b11902127, hole_card: ['D2', 'H4']
name: b09901142, hole_card: ['CA', 'S9']
"b11902127" declared "fold:0"
"['b09901142']" won the round 9 (stack = {'b11902127': 1050, 'b09901142': 950})
community cards of this round: ['D7', 'D5', 'S7', 'CT', 'SK']
name: b11902127, hole_card: ['S5', 'H7']
name: b09901142, hole_card: ['DQ', 'D2']
Started the round 10
Street "preflop" started. (community card = [])
name: b11902127, hole_card: ['S5', 'H7']
name: b09901142, hole_card: ['DQ', 'D2']
"b11902127" declared "fold:0"
"['b09901142']" won the round 10 (stack = {'b11902127': 1045, 'b09901142': 955})
community cards of this round: ['HK', 'C8', 'SJ', 'H4', 'H3']
name: b11902127, hole_card: ['SA', 'DA']
name: b09901142, hole_card: ['S3', 'C3']
Started the round 11
Street "preflop" started. (community card = [])
name: b11902127, hole_card: ['SA', 'DA']
name: b09901142, hole_card: ['S3', 'C3']
"b09901142" declared "call:10"
name: b11902127, hole_card: ['SA', 'DA']
name: b09901142, hole_card: ['S3', 'C3']
"b11902127" declared "raise:45"
name: b11902127, hole_card: ['SA', 'DA']
name: b09901142, hole_card: ['S3', 'C3']
"b09901142" declared "call:45"
Street "flop" started. (community card = ['HK', 'C8', 'SJ'])
name: b11902127, hole_card: ['SA', 'DA']
name: b09901142, hole_card: ['S3', 'C3']
"b09901142" declared "call:0"
name: b11902127, hole_card: ['SA', 'DA']
name: b09901142, hole_card: ['S3', 'C3']
"b11902127" declared "raise:30"
name: b11902127, hole_card: ['SA', 'DA']
name: b09901142, hole_card: ['S3', 'C3']
"b09901142" declared "call:30"
Street "turn" started. (community card = ['HK', 'C8', 'SJ', 'H4'])
name: b11902127, hole_card: ['SA', 'DA']
name: b09901142, hole_card: ['S3', 'C3']
"b09901142" declared "call:0"
name: b11902127, hole_card: ['SA', 'DA']
name: b09901142, hole_card: ['S3', 'C3']
"b11902127" declared "raise:30"
name: b11902127, hole_card: ['SA', 'DA']
name: b09901142, hole_card: ['S3', 'C3']
"b09901142" declared "call:30"
Street "river" started. (community card = ['HK', 'C8', 'SJ', 'H4', 'H3'])
name: b11902127, hole_card: ['SA', 'DA']
name: b09901142, hole_card: ['S3', 'C3']
"b09901142" declared "raise:492"
name: b11902127, hole_card: ['SA', 'DA']
name: b09901142, hole_card: ['S3', 'C3']
"b11902127" declared "call:492"
"['b09901142']" won the round 11 (stack = {'b11902127': 448, 'b09901142': 1552})
community cards of this round: ['D2', 'H5', 'D4', 'SK', 'H9']
name: b11902127, hole_card: ['SA', 'S5']
name: b09901142, hole_card: ['CJ', 'DA']
Started the round 12
Street "preflop" started. (community card = [])
name: b11902127, hole_card: ['SA', 'S5']
name: b09901142, hole_card: ['CJ', 'DA']
"b11902127" declared "raise:30"
name: b11902127, hole_card: ['SA', 'S5']
name: b09901142, hole_card: ['CJ', 'DA']
"b09901142" declared "call:30"
Street "flop" started. (community card = ['D2', 'H5', 'D4'])
name: b11902127, hole_card: ['SA', 'S5']
name: b09901142, hole_card: ['CJ', 'DA']
"b11902127" declared "raise:20"
name: b11902127, hole_card: ['SA', 'S5']
name: b09901142, hole_card: ['CJ', 'DA']
"b09901142" declared "call:20"
Street "turn" started. (community card = ['D2', 'H5', 'D4', 'SK'])
name: b11902127, hole_card: ['SA', 'S5']
name: b09901142, hole_card: ['CJ', 'DA']
"b11902127" declared "raise:398"
name: b11902127, hole_card: ['SA', 'S5']
name: b09901142, hole_card: ['CJ', 'DA']
"b09901142" declared "fold:0"
"['b11902127']" won the round 12 (stack = {'b11902127': 498, 'b09901142': 1502})
community cards of this round: ['D3', 'H5', 'ST', 'HK', 'D4']
name: b11902127, hole_card: ['CJ', 'H7']
name: b09901142, hole_card: ['S5', 'S8']
Started the round 13
Street "preflop" started. (community card = [])
name: b11902127, hole_card: ['CJ', 'H7']
name: b09901142, hole_card: ['S5', 'S8']
"b09901142" declared "call:10"
name: b11902127, hole_card: ['CJ', 'H7']
name: b09901142, hole_card: ['S5', 'S8']
"b11902127" declared "call:10"
Street "flop" started. (community card = ['D3', 'H5', 'ST'])
name: b11902127, hole_card: ['CJ', 'H7']
name: b09901142, hole_card: ['S5', 'S8']
"b09901142" declared "call:0"
name: b11902127, hole_card: ['CJ', 'H7']
name: b09901142, hole_card: ['S5', 'S8']
"b11902127" declared "call:0"
Street "turn" started. (community card = ['D3', 'H5', 'ST', 'HK'])
name: b11902127, hole_card: ['CJ', 'H7']
name: b09901142, hole_card: ['S5', 'S8']
"b09901142" declared "call:0"
name: b11902127, hole_card: ['CJ', 'H7']
name: b09901142, hole_card: ['S5', 'S8']
"b11902127" declared "call:0"
Street "river" started. (community card = ['D3', 'H5', 'ST', 'HK', 'D4'])
name: b11902127, hole_card: ['CJ', 'H7']
name: b09901142, hole_card: ['S5', 'S8']
"b09901142" declared "raise:286"
name: b11902127, hole_card: ['CJ', 'H7']
name: b09901142, hole_card: ['S5', 'S8']
"b11902127" declared "fold:0"
"['b09901142']" won the round 13 (stack = {'b11902127': 488, 'b09901142': 1512})
community cards of this round: ['HQ', 'D9', 'H7', 'H9', 'S2']
name: b11902127, hole_card: ['CT', 'HJ']
name: b09901142, hole_card: ['SJ', 'C2']
Started the round 14
Street "preflop" started. (community card = [])
name: b11902127, hole_card: ['CT', 'HJ']
name: b09901142, hole_card: ['SJ', 'C2']
"b11902127" declared "call:10"
name: b11902127, hole_card: ['CT', 'HJ']
name: b09901142, hole_card: ['SJ', 'C2']
"b09901142" declared "call:10"
Street "flop" started. (community card = ['HQ', 'D9', 'H7'])
name: b11902127, hole_card: ['CT', 'HJ']
name: b09901142, hole_card: ['SJ', 'C2']
"b11902127" declared "call:0"
name: b11902127, hole_card: ['CT', 'HJ']
name: b09901142, hole_card: ['SJ', 'C2']
"b09901142" declared "call:0"
Street "turn" started. (community card = ['HQ', 'D9', 'H7', 'H9'])
name: b11902127, hole_card: ['CT', 'HJ']
name: b09901142, hole_card: ['SJ', 'C2']
"b11902127" declared "call:0"
name: b11902127, hole_card: ['CT', 'HJ']
name: b09901142, hole_card: ['SJ', 'C2']
"b09901142" declared "call:0"
Street "river" started. (community card = ['HQ', 'D9', 'H7', 'H9', 'S2'])
name: b11902127, hole_card: ['CT', 'HJ']
name: b09901142, hole_card: ['SJ', 'C2']
"b11902127" declared "call:0"
name: b11902127, hole_card: ['CT', 'HJ']
name: b09901142, hole_card: ['SJ', 'C2']
"b09901142" declared "call:0"
"['b09901142']" won the round 14 (stack = {'b11902127': 478, 'b09901142': 1522})
community cards of this round: ['C6', 'H8', 'C9', 'SA', 'DK']
name: b11902127, hole_card: ['D7', 'D4']
name: b09901142, hole_card: ['S3', 'DA']
Started the round 15
Street "preflop" started. (community card = [])
name: b11902127, hole_card: ['D7', 'D4']
name: b09901142, hole_card: ['S3', 'DA']
"b09901142" declared "call:10"
name: b11902127, hole_card: ['D7', 'D4']
name: b09901142, hole_card: ['S3', 'DA']
"b11902127" declared "call:10"
Street "flop" started. (community card = ['C6', 'H8', 'C9'])
name: b11902127, hole_card: ['D7', 'D4']
name: b09901142, hole_card: ['S3', 'DA']
"b09901142" declared "call:0"
name: b11902127, hole_card: ['D7', 'D4']
name: b09901142, hole_card: ['S3', 'DA']
"b11902127" declared "call:0"
Street "turn" started. (community card = ['C6', 'H8', 'C9', 'SA'])
name: b11902127, hole_card: ['D7', 'D4']
name: b09901142, hole_card: ['S3', 'DA']
"b09901142" declared "raise:284"
name: b11902127, hole_card: ['D7', 'D4']
name: b09901142, hole_card: ['S3', 'DA']
"b11902127" declared "fold:0"
"['b09901142']" won the round 15 (stack = {'b11902127': 468, 'b09901142': 1532})
community cards of this round: ['CJ', 'DK', 'SJ', 'CA', 'C3']
name: b11902127, hole_card: ['DA', 'D2']
name: b09901142, hole_card: ['H7', 'H2']
Started the round 16
Street "preflop" started. (community card = [])
name: b11902127, hole_card: ['DA', 'D2']
name: b09901142, hole_card: ['H7', 'H2']
"b11902127" declared "raise:75"
name: b11902127, hole_card: ['DA', 'D2']
name: b09901142, hole_card: ['H7', 'H2']
"b09901142" declared "fold:75"
"['b11902127']" won the round 16 (stack = {'b11902127': 478, 'b09901142': 1522})
community cards of this round: ['C7', 'C2', 'H9', 'C5', 'DK']
name: b11902127, hole_card: ['D2', 'S3']
name: b09901142, hole_card: ['H8', 'D6']
Started the round 17
Street "preflop" started. (community card = [])
name: b11902127, hole_card: ['D2', 'S3']
name: b09901142, hole_card: ['H8', 'D6']
"b09901142" declared "call:10"
name: b11902127, hole_card: ['D2', 'S3']
name: b09901142, hole_card: ['H8', 'D6']
"b11902127" declared "call:10"
Street "flop" started. (community card = ['C7', 'C2', 'H9'])
name: b11902127, hole_card: ['D2', 'S3']
name: b09901142, hole_card: ['H8', 'D6']
"b09901142" declared "raise:293"
name: b11902127, hole_card: ['D2', 'S3']
name: b09901142, hole_card: ['H8', 'D6']
"b11902127" declared "fold:0"
"['b09901142']" won the round 17 (stack = {'b11902127': 468, 'b09901142': 1532})
community cards of this round: ['S7', 'CT', 'S4', 'H4', 'C5']
name: b11902127, hole_card: ['D6', 'S5']
name: b09901142, hole_card: ['SA', 'H9']
Started the round 18
Street "preflop" started. (community card = [])
name: b11902127, hole_card: ['D6', 'S5']
name: b09901142, hole_card: ['SA', 'H9']
"b11902127" declared "fold:0"
"['b09901142']" won the round 18 (stack = {'b11902127': 463, 'b09901142': 1537})
community cards of this round: ['SJ', 'HA', 'S9', 'H8', 'H2']
name: b11902127, hole_card: ['S8', 'C7']
name: b09901142, hole_card: ['HQ', 'CQ']
Started the round 19
Street "preflop" started. (community card = [])
name: b11902127, hole_card: ['S8', 'C7']
name: b09901142, hole_card: ['HQ', 'CQ']
"b09901142" declared "call:10"
name: b11902127, hole_card: ['S8', 'C7']
name: b09901142, hole_card: ['HQ', 'CQ']
"b11902127" declared "call:10"
Street "flop" started. (community card = ['SJ', 'HA', 'S9'])
name: b11902127, hole_card: ['S8', 'C7']
name: b09901142, hole_card: ['HQ', 'CQ']
"b09901142" declared "raise:279"
name: b11902127, hole_card: ['S8', 'C7']
name: b09901142, hole_card: ['HQ', 'CQ']
"b11902127" declared "fold:0"
"['b09901142']" won the round 19 (stack = {'b11902127': 453, 'b09901142': 1547})
community cards of this round: ['H3', 'D4', 'D8', 'CJ', 'S6']
name: b11902127, hole_card: ['SQ', 'C6']
name: b09901142, hole_card: ['S9', 'D2']
Started the round 20
Street "preflop" started. (community card = [])
name: b11902127, hole_card: ['SQ', 'C6']
name: b09901142, hole_card: ['S9', 'D2']
"b11902127" declared "call:10"
name: b11902127, hole_card: ['SQ', 'C6']
name: b09901142, hole_card: ['S9', 'D2']
"b09901142" declared "call:10"
Street "flop" started. (community card = ['H3', 'D4', 'D8'])
name: b11902127, hole_card: ['SQ', 'C6']
name: b09901142, hole_card: ['S9', 'D2']
"b11902127" declared "call:0"
name: b11902127, hole_card: ['SQ', 'C6']
name: b09901142, hole_card: ['S9', 'D2']
"b09901142" declared "call:0"
Street "turn" started. (community card = ['H3', 'D4', 'D8', 'CJ'])
name: b11902127, hole_card: ['SQ', 'C6']
name: b09901142, hole_card: ['S9', 'D2']
"b11902127" declared "call:0"
name: b11902127, hole_card: ['SQ', 'C6']
name: b09901142, hole_card: ['S9', 'D2']
"b09901142" declared "call:0"
Street "river" started. (community card = ['H3', 'D4', 'D8', 'CJ', 'S6'])
name: b11902127, hole_card: ['SQ', 'C6']
name: b09901142, hole_card: ['S9', 'D2']
"b11902127" declared "raise:20"
name: b11902127, hole_card: ['SQ', 'C6']
name: b09901142, hole_card: ['S9', 'D2']
"b09901142" declared "fold:0"
"['b11902127']" won the round 20 (stack = {'b11902127': 463, 'b09901142': 1537})
b09901142 vs b11902127 - Game 3: {'rule': {'initial_stack': 1000, 'max_round': 20, 'small_blind_amount': 5, 'ante': 0, 'blind_structure': {}}, 'players': [{'name': 'b11902127', 'uuid': 'qigbhcxuyaytejfpsyrcgt', 'stack': 463, 'state': 'participating'}, {'name': 'b09901142', 'uuid': 'ushvsqjgkdpqbawysfimhj', 'stack': 1537, 'state': 'participating'}]}
community cards of this round: ['S8', 'D8', 'C4', 'C3', 'H4']
name: b09901142, hole_card: ['D3', 'HT']
name: b11902127, hole_card: ['SK', 'SQ']
Started the round 1
Street "preflop" started. (community card = [])
name: b09901142, hole_card: ['D3', 'HT']
name: b11902127, hole_card: ['SK', 'SQ']
"b11902127" declared "raise:75"
name: b09901142, hole_card: ['D3', 'HT']
name: b11902127, hole_card: ['SK', 'SQ']
"b09901142" declared "call:75"
Street "flop" started. (community card = ['S8', 'D8', 'C4'])
name: b09901142, hole_card: ['D3', 'HT']
name: b11902127, hole_card: ['SK', 'SQ']
"b11902127" declared "call:0"
name: b09901142, hole_card: ['D3', 'HT']
name: b11902127, hole_card: ['SK', 'SQ']
"b09901142" declared "call:0"
Street "turn" started. (community card = ['S8', 'D8', 'C4', 'C3'])
name: b09901142, hole_card: ['D3', 'HT']
name: b11902127, hole_card: ['SK', 'SQ']
"b11902127" declared "call:0"
name: b09901142, hole_card: ['D3', 'HT']
name: b11902127, hole_card: ['SK', 'SQ']
"b09901142" declared "call:0"
Street "river" started. (community card = ['S8', 'D8', 'C4', 'C3', 'H4'])
name: b09901142, hole_card: ['D3', 'HT']
name: b11902127, hole_card: ['SK', 'SQ']
"b11902127" declared "raise:20"
name: b09901142, hole_card: ['D3', 'HT']
name: b11902127, hole_card: ['SK', 'SQ']
"b09901142" declared "fold:0"
"['b11902127']" won the round 1 (stack = {'b09901142': 925, 'b11902127': 1075})
community cards of this round: ['H2', 'DQ', 'D6', 'SK', 'H5']
name: b09901142, hole_card: ['C7', 'D7']
name: b11902127, hole_card: ['DA', 'C2']
Started the round 2
Street "preflop" started. (community card = [])
name: b09901142, hole_card: ['C7', 'D7']
name: b11902127, hole_card: ['DA', 'C2']
"b09901142" declared "call:10"
name: b09901142, hole_card: ['C7', 'D7']
name: b11902127, hole_card: ['DA', 'C2']
"b11902127" declared "raise:30"
name: b09901142, hole_card: ['C7', 'D7']
name: b11902127, hole_card: ['DA', 'C2']
"b09901142" declared "raise:524"
name: b09901142, hole_card: ['C7', 'D7']
name: b11902127, hole_card: ['DA', 'C2']
"b11902127" declared "call:524"
Street "flop" started. (community card = ['H2', 'DQ', 'D6'])
name: b09901142, hole_card: ['C7', 'D7']
name: b11902127, hole_card: ['DA', 'C2']
"b09901142" declared "raise:244"
name: b09901142, hole_card: ['C7', 'D7']
name: b11902127, hole_card: ['DA', 'C2']
"b11902127" declared "raise:551"
name: b09901142, hole_card: ['C7', 'D7']
name: b11902127, hole_card: ['DA', 'C2']
"b09901142" declared "call:551"
Street "turn" started. (community card = ['H2', 'DQ', 'D6', 'SK'])
Street "river" started. (community card = ['H2', 'DQ', 'D6', 'SK', 'H5'])
"['b09901142']" won the round 2 (stack = {'b09901142': 1850, 'b11902127': 150})
community cards of this round: ['S4', 'CQ', 'SJ', 'C3', 'CT']
name: b09901142, hole_card: ['H3', 'HA']
name: b11902127, hole_card: ['H8', 'HT']
Started the round 3
Street "preflop" started. (community card = [])
name: b09901142, hole_card: ['H3', 'HA']
name: b11902127, hole_card: ['H8', 'HT']
"b11902127" declared "call:10"
{'aggressive': 0.5, 'passive': 0.0, 'neutral': 0.5}
Opponent Model: aggressive
name: b09901142, hole_card: ['H3', 'HA']
name: b11902127, hole_card: ['H8', 'HT']
"b09901142" declared "call:10"
Street "flop" started. (community card = ['S4', 'CQ', 'SJ'])
name: b09901142, hole_card: ['H3', 'HA']
name: b11902127, hole_card: ['H8', 'HT']
"b11902127" declared "call:0"
name: b09901142, hole_card: ['H3', 'HA']
name: b11902127, hole_card: ['H8', 'HT']
"b09901142" declared "call:0"
Street "turn" started. (community card = ['S4', 'CQ', 'SJ', 'C3'])
name: b09901142, hole_card: ['H3', 'HA']
name: b11902127, hole_card: ['H8', 'HT']
"b11902127" declared "call:0"
name: b09901142, hole_card: ['H3', 'HA']
name: b11902127, hole_card: ['H8', 'HT']
"b09901142" declared "call:0"
Street "river" started. (community card = ['S4', 'CQ', 'SJ', 'C3', 'CT'])
name: b09901142, hole_card: ['H3', 'HA']
name: b11902127, hole_card: ['H8', 'HT']
"b11902127" declared "raise:20"
name: b09901142, hole_card: ['H3', 'HA']
name: b11902127, hole_card: ['H8', 'HT']
"b09901142" declared "call:20"
"['b11902127']" won the round 3 (stack = {'b09901142': 1820, 'b11902127': 180})
community cards of this round: ['SQ', 'S9', 'S5', 'C4', 'H4']
name: b09901142, hole_card: ['CA', 'CT']
name: b11902127, hole_card: ['D5', 'C2']
Started the round 4
Street "preflop" started. (community card = [])
name: b09901142, hole_card: ['CA', 'CT']
name: b11902127, hole_card: ['D5', 'C2']
"b09901142" declared "call:10"
name: b09901142, hole_card: ['CA', 'CT']
name: b11902127, hole_card: ['D5', 'C2']
"b11902127" declared "call:10"
Street "flop" started. (community card = ['SQ', 'S9', 'S5'])
name: b09901142, hole_card: ['CA', 'CT']
name: b11902127, hole_card: ['D5', 'C2']
"b09901142" declared "call:0"
name: b09901142, hole_card: ['CA', 'CT']
name: b11902127, hole_card: ['D5', 'C2']
"b11902127" declared "call:0"
Street "turn" started. (community card = ['SQ', 'S9', 'S5', 'C4'])
name: b09901142, hole_card: ['CA', 'CT']
name: b11902127, hole_card: ['D5', 'C2']
"b09901142" declared "call:0"
name: b09901142, hole_card: ['CA', 'CT']
name: b11902127, hole_card: ['D5', 'C2']
"b11902127" declared "raise:50"
name: b09901142, hole_card: ['CA', 'CT']
name: b11902127, hole_card: ['D5', 'C2']
"b09901142" declared "call:50"
Street "river" started. (community card = ['SQ', 'S9', 'S5', 'C4', 'H4'])
name: b09901142, hole_card: ['CA', 'CT']
name: b11902127, hole_card: ['D5', 'C2']
"b09901142" declared "call:0"
name: b09901142, hole_card: ['CA', 'CT']
name: b11902127, hole_card: ['D5', 'C2']
"b11902127" declared "raise:120"
name: b09901142, hole_card: ['CA', 'CT']
name: b11902127, hole_card: ['D5', 'C2']
"b09901142" declared "call:120"
"['b11902127']" won the round 4 (stack = {'b09901142': 1640, 'b11902127': 360})
community cards of this round: ['SK', 'H7', 'S2', 'DA', 'D5']
name: b09901142, hole_card: ['CK', 'S3']
name: b11902127, hole_card: ['DT', 'S4']
Started the round 5
Street "preflop" started. (community card = [])
name: b09901142, hole_card: ['CK', 'S3']
name: b11902127, hole_card: ['DT', 'S4']
"b11902127" declared "fold:0"
"['b09901142']" won the round 5 (stack = {'b09901142': 1645, 'b11902127': 355})
community cards of this round: ['SQ', 'C4', 'D2', 'HT', 'H9']
name: b09901142, hole_card: ['D5', 'S8']
name: b11902127, hole_card: ['HJ', 'SJ']
Started the round 6
Street "preflop" started. (community card = [])
name: b09901142, hole_card: ['D5', 'S8']
name: b11902127, hole_card: ['HJ', 'SJ']
"b09901142" declared "call:10"
name: b09901142, hole_card: ['D5', 'S8']
name: b11902127, hole_card: ['HJ', 'SJ']
"b11902127" declared "raise:45"
name: b09901142, hole_card: ['D5', 'S8']
name: b11902127, hole_card: ['HJ', 'SJ']
"b09901142" declared "call:45"
Street "flop" started. (community card = ['SQ', 'C4', 'D2'])
name: b09901142, hole_card: ['D5', 'S8']
name: b11902127, hole_card: ['HJ', 'SJ']
"b09901142" declared "call:0"
name: b09901142, hole_card: ['D5', 'S8']
name: b11902127, hole_card: ['HJ', 'SJ']
"b11902127" declared "raise:30"
name: b09901142, hole_card: ['D5', 'S8']
name: b11902127, hole_card: ['HJ', 'SJ']
"b09901142" declared "call:30"
Street "turn" started. (community card = ['SQ', 'C4', 'D2', 'HT'])
name: b09901142, hole_card: ['D5', 'S8']
name: b11902127, hole_card: ['HJ', 'SJ']
"b09901142" declared "call:0"
name: b09901142, hole_card: ['D5', 'S8']
name: b11902127, hole_card: ['HJ', 'SJ']
"b11902127" declared "raise:280"
name: b09901142, hole_card: ['D5', 'S8']
name: b11902127, hole_card: ['HJ', 'SJ']
"b09901142" declared "fold:0"
"['b11902127']" won the round 6 (stack = {'b09901142': 1570, 'b11902127': 430})
community cards of this round: ['SQ', 'HA', 'DA', 'SK', 'ST']
name: b09901142, hole_card: ['HK', 'D3']
name: b11902127, hole_card: ['S9', 'DT']
Started the round 7
Street "preflop" started. (community card = [])
name: b09901142, hole_card: ['HK', 'D3']
name: b11902127, hole_card: ['S9', 'DT']
"b11902127" declared "call:10"
name: b09901142, hole_card: ['HK', 'D3']
name: b11902127, hole_card: ['S9', 'DT']
"b09901142" declared "call:10"
Street "flop" started. (community card = ['SQ', 'HA', 'DA'])
name: b09901142, hole_card: ['HK', 'D3']
name: b11902127, hole_card: ['S9', 'DT']
"b11902127" declared "call:0"
name: b09901142, hole_card: ['HK', 'D3']
name: b11902127, hole_card: ['S9', 'DT']
"b09901142" declared "call:0"
Street "turn" started. (community card = ['SQ', 'HA', 'DA', 'SK'])
name: b09901142, hole_card: ['HK', 'D3']
name: b11902127, hole_card: ['S9', 'DT']
"b11902127" declared "call:0"
name: b09901142, hole_card: ['HK', 'D3']
name: b11902127, hole_card: ['S9', 'DT']
"b09901142" declared "raise:265"
name: b09901142, hole_card: ['HK', 'D3']
name: b11902127, hole_card: ['S9', 'DT']
"b11902127" declared "fold:0"
"['b09901142']" won the round 7 (stack = {'b09901142': 1580, 'b11902127': 420})
community cards of this round: ['C2', 'SA', 'CK', 'C9', 'S6']
name: b09901142, hole_card: ['D6', 'S2']
name: b11902127, hole_card: ['D3', 'S3']
Started the round 8
Street "preflop" started. (community card = [])
name: b09901142, hole_card: ['D6', 'S2']
name: b11902127, hole_card: ['D3', 'S3']
"b09901142" declared "call:10"
name: b09901142, hole_card: ['D6', 'S2']
name: b11902127, hole_card: ['D3', 'S3']
"b11902127" declared "raise:30"
name: b09901142, hole_card: ['D6', 'S2']
name: b11902127, hole_card: ['D3', 'S3']
"b09901142" declared "call:30"
Street "flop" started. (community card = ['C2', 'SA', 'CK'])
name: b09901142, hole_card: ['D6', 'S2']
name: b11902127, hole_card: ['D3', 'S3']
"b09901142" declared "call:0"
name: b09901142, hole_card: ['D6', 'S2']
name: b11902127, hole_card: ['D3', 'S3']
"b11902127" declared "raise:10"
name: b09901142, hole_card: ['D6', 'S2']
name: b11902127, hole_card: ['D3', 'S3']
"b09901142" declared "call:10"
Street "turn" started. (community card = ['C2', 'SA', 'CK', 'C9'])
name: b09901142, hole_card: ['D6', 'S2']
name: b11902127, hole_card: ['D3', 'S3']
"b09901142" declared "call:0"
name: b09901142, hole_card: ['D6', 'S2']
name: b11902127, hole_card: ['D3', 'S3']
"b11902127" declared "raise:50"
name: b09901142, hole_card: ['D6', 'S2']
name: b11902127, hole_card: ['D3', 'S3']
"b09901142" declared "call:50"
Street "river" started. (community card = ['C2', 'SA', 'CK', 'C9', 'S6'])
name: b09901142, hole_card: ['D6', 'S2']
name: b11902127, hole_card: ['D3', 'S3']
"b09901142" declared "raise:387"
name: b09901142, hole_card: ['D6', 'S2']
name: b11902127, hole_card: ['D3', 'S3']
"b11902127" declared "call:387"
"['b09901142']" won the round 8 (stack = {'b09901142': 2000, 'b11902127': 0})
b09901142 vs b11902127 - Game 4: {'rule': {'initial_stack': 1000, 'max_round': 20, 'small_blind_amount': 5, 'ante': 0, 'blind_structure': {}}, 'players': [{'name': 'b09901142', 'uuid': 'tdmxaawflrlpbtxksdncap', 'stack': 2000, 'state': 'participating'}, {'name': 'b11902127', 'uuid': 'jfcmbsabcajarwmzkltniq', 'stack': 0, 'state': 'folded'}]}
community cards of this round: ['C8', 'SK', 'D8', 'S4', 'S2']
name: b11902127, hole_card: ['C4', 'C2']
name: b09901142, hole_card: ['CJ', 'C3']
Started the round 1
Street "preflop" started. (community card = [])
name: b11902127, hole_card: ['C4', 'C2']
name: b09901142, hole_card: ['CJ', 'C3']
"b09901142" declared "call:10"
name: b11902127, hole_card: ['C4', 'C2']
name: b09901142, hole_card: ['CJ', 'C3']
"b11902127" declared "call:10"
Street "flop" started. (community card = ['C8', 'SK', 'D8'])
name: b11902127, hole_card: ['C4', 'C2']
name: b09901142, hole_card: ['CJ', 'C3']
"b09901142" declared "call:0"
name: b11902127, hole_card: ['C4', 'C2']
name: b09901142, hole_card: ['CJ', 'C3']
"b11902127" declared "call:0"
Street "turn" started. (community card = ['C8', 'SK', 'D8', 'S4'])
name: b11902127, hole_card: ['C4', 'C2']
name: b09901142, hole_card: ['CJ', 'C3']
"b09901142" declared "call:0"
name: b11902127, hole_card: ['C4', 'C2']
name: b09901142, hole_card: ['CJ', 'C3']
"b11902127" declared "raise:50"
name: b11902127, hole_card: ['C4', 'C2']
name: b09901142, hole_card: ['CJ', 'C3']
"b09901142" declared "call:50"
Street "river" started. (community card = ['C8', 'SK', 'D8', 'S4', 'S2'])
name: b11902127, hole_card: ['C4', 'C2']
name: b09901142, hole_card: ['CJ', 'C3']
"b09901142" declared "raise:119"
name: b11902127, hole_card: ['C4', 'C2']
name: b09901142, hole_card: ['CJ', 'C3']
"b11902127" declared "call:119"
"['b11902127']" won the round 1 (stack = {'b11902127': 1179, 'b09901142': 821})
community cards of this round: ['S2', 'SQ', 'H9', 'C6', 'D8']
name: b11902127, hole_card: ['CQ', 'S9']
name: b09901142, hole_card: ['S3', 'CK']
Started the round 2
Street "preflop" started. (community card = [])
name: b11902127, hole_card: ['CQ', 'S9']
name: b09901142, hole_card: ['S3', 'CK']
"b11902127" declared "fold:0"
"['b09901142']" won the round 2 (stack = {'b11902127': 1174, 'b09901142': 826})
community cards of this round: ['HT', 'CK', 'C3', 'H3', 'DK']
name: b11902127, hole_card: ['C8', 'H8']
name: b09901142, hole_card: ['DT', 'CQ']
Started the round 3
Street "preflop" started. (community card = [])
name: b11902127, hole_card: ['C8', 'H8']
name: b09901142, hole_card: ['DT', 'CQ']
"b09901142" declared "call:10"
name: b11902127, hole_card: ['C8', 'H8']
name: b09901142, hole_card: ['DT', 'CQ']
"b11902127" declared "fold:0"
"['b09901142']" won the round 3 (stack = {'b11902127': 1164, 'b09901142': 836})
community cards of this round: ['SJ', 'C2', 'H7', 'S3', 'C5']
name: b11902127, hole_card: ['H8', 'DJ']
name: b09901142, hole_card: ['SA', 'DK']
Started the round 4
Street "preflop" started. (community card = [])
name: b11902127, hole_card: ['H8', 'DJ']
name: b09901142, hole_card: ['SA', 'DK']
"b11902127" declared "fold:0"
"['b09901142']" won the round 4 (stack = {'b11902127': 1159, 'b09901142': 841})
community cards of this round: ['CT', 'CJ', 'S7', 'SQ', 'D2']
name: b11902127, hole_card: ['DA', 'SA']
name: b09901142, hole_card: ['S4', 'H9']
Started the round 5
Street "preflop" started. (community card = [])
name: b11902127, hole_card: ['DA', 'SA']
name: b09901142, hole_card: ['S4', 'H9']
"b09901142" declared "call:10"
name: b11902127, hole_card: ['DA', 'SA']
name: b09901142, hole_card: ['S4', 'H9']
"b11902127" declared "fold:0"
"['b09901142']" won the round 5 (stack = {'b11902127': 1149, 'b09901142': 851})
community cards of this round: ['CQ', 'H3', 'CJ', 'D6', 'S6']
name: b11902127, hole_card: ['D8', 'H8']
name: b09901142, hole_card: ['C9', 'HA']
Started the round 6
Street "preflop" started. (community card = [])
name: b11902127, hole_card: ['D8', 'H8']
name: b09901142, hole_card: ['C9', 'HA']
"b11902127" declared "fold:0"
"['b09901142']" won the round 6 (stack = {'b11902127': 1144, 'b09901142': 856})
community cards of this round: ['C5', 'SQ', 'H4', 'SJ', 'CJ']
name: b11902127, hole_card: ['D3', 'H7']
name: b09901142, hole_card: ['S6', 'D7']
Started the round 7
Street "preflop" started. (community card = [])
name: b11902127, hole_card: ['D3', 'H7']
name: b09901142, hole_card: ['S6', 'D7']
"b09901142" declared "call:10"
name: b11902127, hole_card: ['D3', 'H7']
name: b09901142, hole_card: ['S6', 'D7']
"b11902127" declared "fold:0"
"['b09901142']" won the round 7 (stack = {'b11902127': 1134, 'b09901142': 866})
community cards of this round: ['S4', 'D7', 'CT', 'C3', 'H5']
name: b11902127, hole_card: ['S6', 'DA']
name: b09901142, hole_card: ['H9', 'DQ']
Started the round 8
Street "preflop" started. (community card = [])
name: b11902127, hole_card: ['S6', 'DA']
name: b09901142, hole_card: ['H9', 'DQ']
"b11902127" declared "fold:0"
"['b09901142']" won the round 8 (stack = {'b11902127': 1129, 'b09901142': 871})
community cards of this round: ['DQ', 'D7', 'DK', 'C9', 'HQ']
name: b11902127, hole_card: ['D8', 'S6']
name: b09901142, hole_card: ['DA', 'CQ']
Started the round 9
Street "preflop" started. (community card = [])
name: b11902127, hole_card: ['D8', 'S6']
name: b09901142, hole_card: ['DA', 'CQ']
"b09901142" declared "call:10"
name: b11902127, hole_card: ['D8', 'S6']
name: b09901142, hole_card: ['DA', 'CQ']
"b11902127" declared "fold:0"
"['b09901142']" won the round 9 (stack = {'b11902127': 1119, 'b09901142': 881})
community cards of this round: ['S4', 'DJ', 'CT', 'HJ', 'H7']
name: b11902127, hole_card: ['CK', 'H5']
name: b09901142, hole_card: ['DT', 'H2']
Started the round 10
Street "preflop" started. (community card = [])
name: b11902127, hole_card: ['CK', 'H5']
name: b09901142, hole_card: ['DT', 'H2']
"b11902127" declared "fold:0"
"['b09901142']" won the round 10 (stack = {'b11902127': 1114, 'b09901142': 886})
community cards of this round: ['S5', 'HQ', 'HJ', 'SQ', 'H9']
name: b11902127, hole_card: ['ST', 'S8']
name: b09901142, hole_card: ['DT', 'CT']
Started the round 11
Street "preflop" started. (community card = [])
name: b11902127, hole_card: ['ST', 'S8']
name: b09901142, hole_card: ['DT', 'CT']
"b09901142" declared "call:10"
name: b11902127, hole_card: ['ST', 'S8']
name: b09901142, hole_card: ['DT', 'CT']
"b11902127" declared "fold:0"
"['b09901142']" won the round 11 (stack = {'b11902127': 1104, 'b09901142': 896})
community cards of this round: ['C2', 'S5', 'D5', 'HQ', 'HJ']
name: b11902127, hole_card: ['S8', 'DT']
name: b09901142, hole_card: ['C6', 'H7']
Started the round 12
Street "preflop" started. (community card = [])
name: b11902127, hole_card: ['S8', 'DT']
name: b09901142, hole_card: ['C6', 'H7']
"b11902127" declared "fold:0"
"['b09901142']" won the round 12 (stack = {'b11902127': 1099, 'b09901142': 901})
community cards of this round: ['S8', 'DA', 'C2', 'S4', 'C9']
name: b11902127, hole_card: ['H6', 'C7']
name: b09901142, hole_card: ['DT', 'HJ']
Started the round 13
Street "preflop" started. (community card = [])
name: b11902127, hole_card: ['H6', 'C7']
name: b09901142, hole_card: ['DT', 'HJ']
"b09901142" declared "call:10"
name: b11902127, hole_card: ['H6', 'C7']
name: b09901142, hole_card: ['DT', 'HJ']
"b11902127" declared "fold:0"
"['b09901142']" won the round 13 (stack = {'b11902127': 1089, 'b09901142': 911})
community cards of this round: ['CJ', 'H8', 'CQ', 'SA', 'C9']
name: b11902127, hole_card: ['S6', 'ST']
name: b09901142, hole_card: ['DQ', 'CT']
Started the round 14
Street "preflop" started. (community card = [])
name: b11902127, hole_card: ['S6', 'ST']
name: b09901142, hole_card: ['DQ', 'CT']
"b11902127" declared "fold:0"
"['b09901142']" won the round 14 (stack = {'b11902127': 1084, 'b09901142': 916})
community cards of this round: ['HT', 'SA', 'DA', 'S2', 'CT']
name: b11902127, hole_card: ['C4', 'D7']
name: b09901142, hole_card: ['CJ', 'SQ']
Started the round 15
Street "preflop" started. (community card = [])
name: b11902127, hole_card: ['C4', 'D7']
name: b09901142, hole_card: ['CJ', 'SQ']
"b09901142" declared "call:10"
name: b11902127, hole_card: ['C4', 'D7']
name: b09901142, hole_card: ['CJ', 'SQ']
"b11902127" declared "fold:0"
"['b09901142']" won the round 15 (stack = {'b11902127': 1074, 'b09901142': 926})
community cards of this round: ['C2', 'CK', 'H9', 'D5', 'D4']
name: b11902127, hole_card: ['H3', 'D9']
name: b09901142, hole_card: ['C4', 'C3']
Started the round 16
Street "preflop" started. (community card = [])
name: b11902127, hole_card: ['H3', 'D9']
name: b09901142, hole_card: ['C4', 'C3']
"b11902127" declared "fold:0"
"['b09901142']" won the round 16 (stack = {'b11902127': 1069, 'b09901142': 931})
community cards of this round: ['H2', 'H4', 'C5', 'CJ', 'D7']
name: b11902127, hole_card: ['C2', 'DQ']
name: b09901142, hole_card: ['D3', 'DT']
Started the round 17
Street "preflop" started. (community card = [])
name: b11902127, hole_card: ['C2', 'DQ']
name: b09901142, hole_card: ['D3', 'DT']
"b09901142" declared "call:10"
name: b11902127, hole_card: ['C2', 'DQ']
name: b09901142, hole_card: ['D3', 'DT']
"b11902127" declared "fold:0"
"['b09901142']" won the round 17 (stack = {'b11902127': 1059, 'b09901142': 941})
community cards of this round: ['S2', 'C9', 'DT', 'S5', 'D7']
name: b11902127, hole_card: ['SQ', 'ST']
name: b09901142, hole_card: ['DK', 'DA']
Started the round 18
Street "preflop" started. (community card = [])
name: b11902127, hole_card: ['SQ', 'ST']
name: b09901142, hole_card: ['DK', 'DA']
"b11902127" declared "fold:0"
"['b09901142']" won the round 18 (stack = {'b11902127': 1054, 'b09901142': 946})
community cards of this round: ['D3', 'H9', 'C2', 'S9', 'C5']
name: b11902127, hole_card: ['DJ', 'DQ']
name: b09901142, hole_card: ['H5', 'SQ']
Started the round 19
Street "preflop" started. (community card = [])
name: b11902127, hole_card: ['DJ', 'DQ']
name: b09901142, hole_card: ['H5', 'SQ']
"b09901142" declared "call:10"
name: b11902127, hole_card: ['DJ', 'DQ']
name: b09901142, hole_card: ['H5', 'SQ']
"b11902127" declared "fold:0"
"['b09901142']" won the round 19 (stack = {'b11902127': 1044, 'b09901142': 956})
community cards of this round: ['HT', 'D9', 'C9', 'SJ', 'S7']
name: b11902127, hole_card: ['C4', 'D4']
name: b09901142, hole_card: ['H4', 'S6']
Started the round 20
Street "preflop" started. (community card = [])
name: b11902127, hole_card: ['C4', 'D4']
name: b09901142, hole_card: ['H4', 'S6']
"b11902127" declared "fold:0"
"['b09901142']" won the round 20 (stack = {'b11902127': 1039, 'b09901142': 961})
b09901142 vs b11902127 - Game 5: {'rule': {'initial_stack': 1000, 'max_round': 20, 'small_blind_amount': 5, 'ante': 0, 'blind_structure': {}}, 'players': [{'name': 'b11902127', 'uuid': 'gniggoubxdjpbysebafwsh', 'stack': 1039, 'state': 'participating'}, {'name': 'b09901142', 'uuid': 'jrsjtxdnhdgofnddisklvt', 'stack': 961, 'state': 'participating'}]}
Final Result: b09901142 won 3 games (stack: 7473), b11902127 won 2 games (stack: 2527), num ties: 0
