community cards of this round: ['S9', 'C5', 'S4', 'S6', 'D3']
name: b10902075, hole_card: ['C3', 'DA']
name: b09902122, hole_card: ['H3', 'HK']
Started the round 1
Street "preflop" started. (community card = [])
{'fold': 0, 'call': 10, 'raise': {'min': 15, 'max': 1000}}
name: b10902075, hole_card: ['C3', 'DA']
name: b09902122, hole_card: ['H3', 'HK']
"b09902122" declared "raise:1000"
name: b10902075, hole_card: ['C3', 'DA']
name: b09902122, hole_card: ['H3', 'HK']
"b10902075" declared "fold:0"
"['b09902122']" won the round 1 (stack = {'b10902075': 990, 'b09902122': 1010})
community cards of this round: ['HK', 'D4', 'CJ', 'DQ', 'DT']
name: b10902075, hole_card: ['C9', 'D2']
name: b09902122, hole_card: ['H7', 'S2']
Started the round 2
Street "preflop" started. (community card = [])
name: b10902075, hole_card: ['C9', 'D2']
name: b09902122, hole_card: ['H7', 'S2']
"b10902075" declared "fold:0"
"['b09902122']" won the round 2 (stack = {'b10902075': 985, 'b09902122': 1015})
community cards of this round: ['C5', 'H3', 'D6', 'S5', 'H6']
name: b10902075, hole_card: ['HK', 'H2']
name: b09902122, hole_card: ['SQ', 'S4']
Started the round 3
Street "preflop" started. (community card = [])
{'fold': 0, 'call': 10, 'raise': {'min': 15, 'max': 1015}}
name: b10902075, hole_card: ['HK', 'H2']
name: b09902122, hole_card: ['SQ', 'S4']
"b09902122" declared "raise:1015"
name: b10902075, hole_card: ['HK', 'H2']
name: b09902122, hole_card: ['SQ', 'S4']
"b10902075" declared "fold:0"
"['b09902122']" won the round 3 (stack = {'b10902075': 975, 'b09902122': 1025})
community cards of this round: ['H7', 'H6', 'S8', 'C2', 'C9']
name: b10902075, hole_card: ['C7', 'D7']
name: b09902122, hole_card: ['S4', 'SK']
Started the round 4
Street "preflop" started. (community card = [])
name: b10902075, hole_card: ['C7', 'D7']
name: b09902122, hole_card: ['S4', 'SK']
"b10902075" declared "raise:975"
{'fold': 0, 'call': 975, 'raise': {'min': -1, 'max': -1}}
name: b10902075, hole_card: ['C7', 'D7']
name: b09902122, hole_card: ['S4', 'SK']
"b09902122" declared "raise:-1", Invalid action. Treat as fold...
"['b10902075']" won the round 4 (stack = {'b10902075': 985, 'b09902122': 1015})
community cards of this round: ['H4', 'HT', 'DJ', 'D8', 'H6']
name: b10902075, hole_card: ['CT', 'C6']
name: b09902122, hole_card: ['ST', 'D9']
Started the round 5
Street "preflop" started. (community card = [])
{'fold': 0, 'call': 10, 'raise': {'min': 15, 'max': 1015}}
name: b10902075, hole_card: ['CT', 'C6']
name: b09902122, hole_card: ['ST', 'D9']
"b09902122" declared "raise:1015"
name: b10902075, hole_card: ['CT', 'C6']
name: b09902122, hole_card: ['ST', 'D9']
"b10902075" declared "fold:0"
"['b09902122']" won the round 5 (stack = {'b10902075': 975, 'b09902122': 1025})
community cards of this round: ['C6', 'S5', 'CJ', 'S2', 'H3']
name: b10902075, hole_card: ['C8', 'HT']
name: b09902122, hole_card: ['C5', 'H6']
Started the round 6
Street "preflop" started. (community card = [])
name: b10902075, hole_card: ['C8', 'HT']
name: b09902122, hole_card: ['C5', 'H6']
"b10902075" declared "fold:0"
"['b09902122']" won the round 6 (stack = {'b10902075': 970, 'b09902122': 1030})
community cards of this round: ['S8', 'D6', 'C3', 'D7', 'H3']
name: b10902075, hole_card: ['SQ', 'D2']
name: b09902122, hole_card: ['CJ', 'SA']
Started the round 7
Street "preflop" started. (community card = [])
{'fold': 0, 'call': 10, 'raise': {'min': 15, 'max': 1030}}
name: b10902075, hole_card: ['SQ', 'D2']
name: b09902122, hole_card: ['CJ', 'SA']
"b09902122" declared "raise:1030"
name: b10902075, hole_card: ['SQ', 'D2']
name: b09902122, hole_card: ['CJ', 'SA']
"b10902075" declared "fold:0"
"['b09902122']" won the round 7 (stack = {'b10902075': 960, 'b09902122': 1040})
community cards of this round: ['C3', 'D5', 'DQ', 'S5', 'HA']
name: b10902075, hole_card: ['C9', 'D2']
name: b09902122, hole_card: ['C5', 'CA']
Started the round 8
Street "preflop" started. (community card = [])
name: b10902075, hole_card: ['C9', 'D2']
name: b09902122, hole_card: ['C5', 'CA']
"b10902075" declared "fold:0"
"['b09902122']" won the round 8 (stack = {'b10902075': 955, 'b09902122': 1045})
community cards of this round: ['SA', 'S2', 'H4', 'CK', 'CA']
name: b10902075, hole_card: ['C8', 'H7']
name: b09902122, hole_card: ['DK', 'H2']
Started the round 9
Street "preflop" started. (community card = [])
{'fold': 0, 'call': 10, 'raise': {'min': 15, 'max': 1045}}
name: b10902075, hole_card: ['C8', 'H7']
name: b09902122, hole_card: ['DK', 'H2']
"b09902122" declared "raise:1045"
name: b10902075, hole_card: ['C8', 'H7']
name: b09902122, hole_card: ['DK', 'H2']
"b10902075" declared "fold:0"
"['b09902122']" won the round 9 (stack = {'b10902075': 945, 'b09902122': 1055})
community cards of this round: ['D9', 'H2', 'DT', 'H3', 'S6']
name: b10902075, hole_card: ['S5', 'DK']
name: b09902122, hole_card: ['DA', 'HA']
Started the round 10
Street "preflop" started. (community card = [])
name: b10902075, hole_card: ['S5', 'DK']
name: b09902122, hole_card: ['DA', 'HA']
"b10902075" declared "call:10"
{'fold': 0, 'call': 10, 'raise': {'min': 15, 'max': 1055}}
name: b10902075, hole_card: ['S5', 'DK']
name: b09902122, hole_card: ['DA', 'HA']
"b09902122" declared "raise:1055"
name: b10902075, hole_card: ['S5', 'DK']
name: b09902122, hole_card: ['DA', 'HA']
"b10902075" declared "fold:0"
"['b09902122']" won the round 10 (stack = {'b10902075': 935, 'b09902122': 1065})
community cards of this round: ['S8', 'S3', 'H9', 'H3', 'S9']
name: b10902075, hole_card: ['S4', 'DQ']
name: b09902122, hole_card: ['D7', 'HQ']
Started the round 11
Street "preflop" started. (community card = [])
{'fold': 0, 'call': 10, 'raise': {'min': 15, 'max': 1065}}
name: b10902075, hole_card: ['S4', 'DQ']
name: b09902122, hole_card: ['D7', 'HQ']
"b09902122" declared "raise:1065"
name: b10902075, hole_card: ['S4', 'DQ']
name: b09902122, hole_card: ['D7', 'HQ']
"b10902075" declared "call:1065"
Street "flop" started. (community card = ['S8', 'S3', 'H9'])
Street "turn" started. (community card = ['S8', 'S3', 'H9', 'H3'])
Street "river" started. (community card = ['S8', 'S3', 'H9', 'H3', 'S9'])
"['b09902122']" won the round 11 (stack = {'b10902075': 0, 'b09902122': 2000})
b09902122 vs b10902075 - Game 1: {'rule': {'initial_stack': 1000, 'max_round': 20, 'small_blind_amount': 5, 'ante': 0, 'blind_structure': {}}, 'players': [{'name': 'b10902075', 'uuid': 'whuisgrllvlcxeohgwmqjj', 'stack': 0, 'state': 'folded'}, {'name': 'b09902122', 'uuid': 'vqjvkxssizhqcyfjygowyn', 'stack': 2000, 'state': 'participating'}]}
community cards of this round: ['S9', 'C5', 'S4', 'S6', 'D3']
name: b09902122, hole_card: ['C3', 'DA']
name: b10902075, hole_card: ['H3', 'HK']
Started the round 1
Street "preflop" started. (community card = [])
name: b09902122, hole_card: ['C3', 'DA']
name: b10902075, hole_card: ['H3', 'HK']
"b10902075" declared "call:10"
{'fold': 0, 'call': 10, 'raise': {'min': 15, 'max': 1000}}
name: b09902122, hole_card: ['C3', 'DA']
name: b10902075, hole_card: ['H3', 'HK']
"b09902122" declared "raise:1000"
name: b09902122, hole_card: ['C3', 'DA']
name: b10902075, hole_card: ['H3', 'HK']
"b10902075" declared "fold:0"
"['b09902122']" won the round 1 (stack = {'b09902122': 1010, 'b10902075': 990})
community cards of this round: ['HK', 'D4', 'CJ', 'DQ', 'DT']
name: b09902122, hole_card: ['C9', 'D2']
name: b10902075, hole_card: ['H7', 'S2']
Started the round 2
Street "preflop" started. (community card = [])
{'fold': 0, 'call': 10, 'raise': {'min': 15, 'max': 1010}}
name: b09902122, hole_card: ['C9', 'D2']
name: b10902075, hole_card: ['H7', 'S2']
"b09902122" declared "raise:1010"
name: b09902122, hole_card: ['C9', 'D2']
name: b10902075, hole_card: ['H7', 'S2']
"b10902075" declared "fold:0"
"['b09902122']" won the round 2 (stack = {'b09902122': 1020, 'b10902075': 980})
community cards of this round: ['C5', 'H3', 'D6', 'S5', 'H6']
name: b09902122, hole_card: ['HK', 'H2']
name: b10902075, hole_card: ['SQ', 'S4']
Started the round 3
Street "preflop" started. (community card = [])
name: b09902122, hole_card: ['HK', 'H2']
name: b10902075, hole_card: ['SQ', 'S4']
"b10902075" declared "fold:0"
"['b09902122']" won the round 3 (stack = {'b09902122': 1025, 'b10902075': 975})
community cards of this round: ['H7', 'H6', 'S8', 'C2', 'C9']
name: b09902122, hole_card: ['C7', 'D7']
name: b10902075, hole_card: ['S4', 'SK']
Started the round 4
Street "preflop" started. (community card = [])
{'fold': 0, 'call': 10, 'raise': {'min': 15, 'max': 1025}}
name: b09902122, hole_card: ['C7', 'D7']
name: b10902075, hole_card: ['S4', 'SK']
"b09902122" declared "raise:1025"
name: b09902122, hole_card: ['C7', 'D7']
name: b10902075, hole_card: ['S4', 'SK']
"b10902075" declared "fold:0"
"['b09902122']" won the round 4 (stack = {'b09902122': 1035, 'b10902075': 965})
community cards of this round: ['H4', 'HT', 'DJ', 'D8', 'H6']
name: b09902122, hole_card: ['CT', 'C6']
name: b10902075, hole_card: ['ST', 'D9']
Started the round 5
Street "preflop" started. (community card = [])
name: b09902122, hole_card: ['CT', 'C6']
name: b10902075, hole_card: ['ST', 'D9']
"b10902075" declared "fold:0"
"['b09902122']" won the round 5 (stack = {'b09902122': 1040, 'b10902075': 960})
community cards of this round: ['C6', 'S5', 'CJ', 'S2', 'H3']
name: b09902122, hole_card: ['C8', 'HT']
name: b10902075, hole_card: ['C5', 'H6']
Started the round 6
Street "preflop" started. (community card = [])
{'fold': 0, 'call': 10, 'raise': {'min': 15, 'max': 1040}}
name: b09902122, hole_card: ['C8', 'HT']
name: b10902075, hole_card: ['C5', 'H6']
"b09902122" declared "raise:1040"
name: b09902122, hole_card: ['C8', 'HT']
name: b10902075, hole_card: ['C5', 'H6']
"b10902075" declared "fold:0"
"['b09902122']" won the round 6 (stack = {'b09902122': 1050, 'b10902075': 950})
community cards of this round: ['S8', 'D6', 'C3', 'D7', 'H3']
name: b09902122, hole_card: ['SQ', 'D2']
name: b10902075, hole_card: ['CJ', 'SA']
Started the round 7
Street "preflop" started. (community card = [])
name: b09902122, hole_card: ['SQ', 'D2']
name: b10902075, hole_card: ['CJ', 'SA']
"b10902075" declared "call:10"
{'fold': 0, 'call': 10, 'raise': {'min': 15, 'max': 1050}}
name: b09902122, hole_card: ['SQ', 'D2']
name: b10902075, hole_card: ['CJ', 'SA']
"b09902122" declared "raise:1050"
name: b09902122, hole_card: ['SQ', 'D2']
name: b10902075, hole_card: ['CJ', 'SA']
"b10902075" declared "fold:0"
"['b09902122']" won the round 7 (stack = {'b09902122': 1060, 'b10902075': 940})
community cards of this round: ['C3', 'D5', 'DQ', 'S5', 'HA']
name: b09902122, hole_card: ['C9', 'D2']
name: b10902075, hole_card: ['C5', 'CA']
Started the round 8
Street "preflop" started. (community card = [])
{'fold': 0, 'call': 10, 'raise': {'min': 15, 'max': 1060}}
name: b09902122, hole_card: ['C9', 'D2']
name: b10902075, hole_card: ['C5', 'CA']
"b09902122" declared "raise:1060"
name: b09902122, hole_card: ['C9', 'D2']
name: b10902075, hole_card: ['C5', 'CA']
"b10902075" declared "fold:0"
"['b09902122']" won the round 8 (stack = {'b09902122': 1070, 'b10902075': 930})
community cards of this round: ['SA', 'S2', 'H4', 'CK', 'CA']
name: b09902122, hole_card: ['C8', 'H7']
name: b10902075, hole_card: ['DK', 'H2']
Started the round 9
Street "preflop" started. (community card = [])
name: b09902122, hole_card: ['C8', 'H7']
name: b10902075, hole_card: ['DK', 'H2']
"b10902075" declared "fold:0"
"['b09902122']" won the round 9 (stack = {'b09902122': 1075, 'b10902075': 925})
community cards of this round: ['D9', 'H2', 'DT', 'H3', 'S6']
name: b09902122, hole_card: ['S5', 'DK']
name: b10902075, hole_card: ['DA', 'HA']
Started the round 10
Street "preflop" started. (community card = [])
{'fold': 0, 'call': 10, 'raise': {'min': 15, 'max': 1075}}
name: b09902122, hole_card: ['S5', 'DK']
name: b10902075, hole_card: ['DA', 'HA']
"b09902122" declared "raise:1075"
name: b09902122, hole_card: ['S5', 'DK']
name: b10902075, hole_card: ['DA', 'HA']
"b10902075" declared "call:1075"
Street "flop" started. (community card = ['D9', 'H2', 'DT'])
Street "turn" started. (community card = ['D9', 'H2', 'DT', 'H3'])
Street "river" started. (community card = ['D9', 'H2', 'DT', 'H3', 'S6'])
"['b10902075']" won the round 10 (stack = {'b09902122': 150, 'b10902075': 1850})
community cards of this round: ['S8', 'S3', 'H9', 'H3', 'S9']
name: b09902122, hole_card: ['S4', 'DQ']
name: b10902075, hole_card: ['D7', 'HQ']
Started the round 11
Street "preflop" started. (community card = [])
name: b09902122, hole_card: ['S4', 'DQ']
name: b10902075, hole_card: ['D7', 'HQ']
"b10902075" declared "fold:0"
"['b09902122']" won the round 11 (stack = {'b09902122': 155, 'b10902075': 1845})
community cards of this round: ['C3', 'S6', 'S8', 'D5', 'C5']
name: b09902122, hole_card: ['SK', 'CK']
name: b10902075, hole_card: ['C8', 'DT']
Started the round 12
Street "preflop" started. (community card = [])
{'fold': 0, 'call': 10, 'raise': {'min': 15, 'max': 155}}
name: b09902122, hole_card: ['SK', 'CK']
name: b10902075, hole_card: ['C8', 'DT']
"b09902122" declared "raise:155"
name: b09902122, hole_card: ['SK', 'CK']
name: b10902075, hole_card: ['C8', 'DT']
"b10902075" declared "fold:0"
"['b09902122']" won the round 12 (stack = {'b09902122': 165, 'b10902075': 1835})
community cards of this round: ['HQ', 'CJ', 'CA', 'SQ', 'C8']
name: b09902122, hole_card: ['ST', 'D6']
name: b10902075, hole_card: ['S3', 'D9']
Started the round 13
Street "preflop" started. (community card = [])
name: b09902122, hole_card: ['ST', 'D6']
name: b10902075, hole_card: ['S3', 'D9']
"b10902075" declared "fold:0"
"['b09902122']" won the round 13 (stack = {'b09902122': 170, 'b10902075': 1830})
community cards of this round: ['CK', 'ST', 'SA', 'D3', 'HT']
name: b09902122, hole_card: ['H5', 'H7']
name: b10902075, hole_card: ['C9', 'S9']
Started the round 14
Street "preflop" started. (community card = [])
{'fold': 0, 'call': 10, 'raise': {'min': 15, 'max': 170}}
name: b09902122, hole_card: ['H5', 'H7']
name: b10902075, hole_card: ['C9', 'S9']
"b09902122" declared "raise:170"
name: b09902122, hole_card: ['H5', 'H7']
name: b10902075, hole_card: ['C9', 'S9']
"b10902075" declared "fold:0"
"['b09902122']" won the round 14 (stack = {'b09902122': 180, 'b10902075': 1820})
community cards of this round: ['DJ', 'D4', 'DK', 'DA', 'C8']
name: b09902122, hole_card: ['D6', 'SQ']
name: b10902075, hole_card: ['CQ', 'H8']
Started the round 15
Street "preflop" started. (community card = [])
name: b09902122, hole_card: ['D6', 'SQ']
name: b10902075, hole_card: ['CQ', 'H8']
"b10902075" declared "fold:0"
"['b09902122']" won the round 15 (stack = {'b09902122': 185, 'b10902075': 1815})
community cards of this round: ['C2', 'S7', 'SK', 'DQ', 'D4']
name: b09902122, hole_card: ['S6', 'DT']
name: b10902075, hole_card: ['C4', 'D3']
Started the round 16
Street "preflop" started. (community card = [])
{'fold': 0, 'call': 10, 'raise': {'min': 15, 'max': 185}}
name: b09902122, hole_card: ['S6', 'DT']
name: b10902075, hole_card: ['C4', 'D3']
"b09902122" declared "raise:185"
name: b09902122, hole_card: ['S6', 'DT']
name: b10902075, hole_card: ['C4', 'D3']
"b10902075" declared "fold:0"
"['b09902122']" won the round 16 (stack = {'b09902122': 195, 'b10902075': 1805})
community cards of this round: ['C8', 'D2', 'HJ', 'S9', 'H8']
name: b09902122, hole_card: ['DQ', 'C5']
name: b10902075, hole_card: ['H5', 'H2']
Started the round 17
Street "preflop" started. (community card = [])
name: b09902122, hole_card: ['DQ', 'C5']
name: b10902075, hole_card: ['H5', 'H2']
"b10902075" declared "fold:0"
"['b09902122']" won the round 17 (stack = {'b09902122': 200, 'b10902075': 1800})
community cards of this round: ['C2', 'DA', 'ST', 'CK', 'D2']
name: b09902122, hole_card: ['S2', 'S5']
name: b10902075, hole_card: ['HQ', 'S9']
Started the round 18
Street "preflop" started. (community card = [])
{'fold': 0, 'call': 10, 'raise': {'min': 15, 'max': 200}}
name: b09902122, hole_card: ['S2', 'S5']
name: b10902075, hole_card: ['HQ', 'S9']
"b09902122" declared "raise:200"
name: b09902122, hole_card: ['S2', 'S5']
name: b10902075, hole_card: ['HQ', 'S9']
"b10902075" declared "fold:0"
"['b09902122']" won the round 18 (stack = {'b09902122': 210, 'b10902075': 1790})
community cards of this round: ['CJ', 'C5', 'C4', 'H6', 'HT']
name: b09902122, hole_card: ['CA', 'SJ']
name: b10902075, hole_card: ['C9', 'D8']
Started the round 19
Street "preflop" started. (community card = [])
name: b09902122, hole_card: ['CA', 'SJ']
name: b10902075, hole_card: ['C9', 'D8']
"b10902075" declared "fold:0"
"['b09902122']" won the round 19 (stack = {'b09902122': 215, 'b10902075': 1785})
community cards of this round: ['D5', 'C6', 'H3', 'C3', 'SK']
name: b09902122, hole_card: ['CK', 'DJ']
name: b10902075, hole_card: ['H8', 'H5']
Started the round 20
Street "preflop" started. (community card = [])
{'fold': 0, 'call': 10, 'raise': {'min': 15, 'max': 215}}
name: b09902122, hole_card: ['CK', 'DJ']
name: b10902075, hole_card: ['H8', 'H5']
"b09902122" declared "raise:215"
name: b09902122, hole_card: ['CK', 'DJ']
name: b10902075, hole_card: ['H8', 'H5']
"b10902075" declared "fold:0"
"['b09902122']" won the round 20 (stack = {'b09902122': 225, 'b10902075': 1775})
b09902122 vs b10902075 - Game 2: {'rule': {'initial_stack': 1000, 'max_round': 20, 'small_blind_amount': 5, 'ante': 0, 'blind_structure': {}}, 'players': [{'name': 'b09902122', 'uuid': 'fbtcusvgoqvxhkgkpsjohv', 'stack': 225, 'state': 'participating'}, {'name': 'b10902075', 'uuid': 'znslpsvyckjbtpafbnrnkc', 'stack': 1775, 'state': 'participating'}]}
community cards of this round: ['CA', 'C7', 'HK', 'D7', 'D3']
name: b10902075, hole_card: ['SK', 'SJ']
name: b09902122, hole_card: ['H5', 'DT']
Started the round 1
Street "preflop" started. (community card = [])
{'fold': 0, 'call': 10, 'raise': {'min': 15, 'max': 1000}}
name: b10902075, hole_card: ['SK', 'SJ']
name: b09902122, hole_card: ['H5', 'DT']
"b09902122" declared "raise:1000"
name: b10902075, hole_card: ['SK', 'SJ']
name: b09902122, hole_card: ['H5', 'DT']
"b10902075" declared "fold:0"
"['b09902122']" won the round 1 (stack = {'b10902075': 990, 'b09902122': 1010})
community cards of this round: ['C3', 'DT', 'S5', 'H6', 'SA']
name: b10902075, hole_card: ['CQ', 'S2']
name: b09902122, hole_card: ['D3', 'SK']
Started the round 2
Street "preflop" started. (community card = [])
name: b10902075, hole_card: ['CQ', 'S2']
name: b09902122, hole_card: ['D3', 'SK']
"b10902075" declared "fold:0"
"['b09902122']" won the round 2 (stack = {'b10902075': 985, 'b09902122': 1015})
community cards of this round: ['H4', 'DT', 'S8', 'S7', 'S3']
name: b10902075, hole_card: ['C2', 'DQ']
name: b09902122, hole_card: ['CQ', 'D7']
Started the round 3
Street "preflop" started. (community card = [])
{'fold': 0, 'call': 10, 'raise': {'min': 15, 'max': 1015}}
name: b10902075, hole_card: ['C2', 'DQ']
name: b09902122, hole_card: ['CQ', 'D7']
"b09902122" declared "raise:1015"
name: b10902075, hole_card: ['C2', 'DQ']
name: b09902122, hole_card: ['CQ', 'D7']
"b10902075" declared "fold:0"
"['b09902122']" won the round 3 (stack = {'b10902075': 975, 'b09902122': 1025})
community cards of this round: ['D6', 'D8', 'CT', 'S2', 'C5']
name: b10902075, hole_card: ['CJ', 'DA']
name: b09902122, hole_card: ['HA', 'C6']
Started the round 4
Street "preflop" started. (community card = [])
name: b10902075, hole_card: ['CJ', 'DA']
name: b09902122, hole_card: ['HA', 'C6']
"b10902075" declared "call:10"
{'fold': 0, 'call': 10, 'raise': {'min': 15, 'max': 1025}}
name: b10902075, hole_card: ['CJ', 'DA']
name: b09902122, hole_card: ['HA', 'C6']
"b09902122" declared "raise:1025"
name: b10902075, hole_card: ['CJ', 'DA']
name: b09902122, hole_card: ['HA', 'C6']
"b10902075" declared "fold:0"
"['b09902122']" won the round 4 (stack = {'b10902075': 965, 'b09902122': 1035})
community cards of this round: ['S6', 'SJ', 'DQ', 'C9', 'D6']
name: b10902075, hole_card: ['C2', 'S7']
name: b09902122, hole_card: ['HA', 'C4']
Started the round 5
Street "preflop" started. (community card = [])
{'fold': 0, 'call': 10, 'raise': {'min': 15, 'max': 1035}}
name: b10902075, hole_card: ['C2', 'S7']
name: b09902122, hole_card: ['HA', 'C4']
"b09902122" declared "raise:1035"
name: b10902075, hole_card: ['C2', 'S7']
name: b09902122, hole_card: ['HA', 'C4']
"b10902075" declared "fold:0"
"['b09902122']" won the round 5 (stack = {'b10902075': 955, 'b09902122': 1045})
community cards of this round: ['D7', 'DA', 'C6', 'DJ', 'S9']
name: b10902075, hole_card: ['DQ', 'H4']
name: b09902122, hole_card: ['C3', 'S5']
Started the round 6
Street "preflop" started. (community card = [])
name: b10902075, hole_card: ['DQ', 'H4']
name: b09902122, hole_card: ['C3', 'S5']
"b10902075" declared "fold:0"
"['b09902122']" won the round 6 (stack = {'b10902075': 950, 'b09902122': 1050})
community cards of this round: ['S6', 'C7', 'CT', 'CQ', 'CA']
name: b10902075, hole_card: ['SJ', 'ST']
name: b09902122, hole_card: ['D5', 'C6']
Started the round 7
Street "preflop" started. (community card = [])
{'fold': 0, 'call': 10, 'raise': {'min': 15, 'max': 1050}}
name: b10902075, hole_card: ['SJ', 'ST']
name: b09902122, hole_card: ['D5', 'C6']
"b09902122" declared "raise:1050"
name: b10902075, hole_card: ['SJ', 'ST']
name: b09902122, hole_card: ['D5', 'C6']
"b10902075" declared "fold:0"
"['b09902122']" won the round 7 (stack = {'b10902075': 940, 'b09902122': 1060})
community cards of this round: ['CA', 'S3', 'DT', 'CK', 'C4']
name: b10902075, hole_card: ['D5', 'C3']
name: b09902122, hole_card: ['DK', 'ST']
Started the round 8
Street "preflop" started. (community card = [])
name: b10902075, hole_card: ['D5', 'C3']
name: b09902122, hole_card: ['DK', 'ST']
"b10902075" declared "fold:0"
"['b09902122']" won the round 8 (stack = {'b10902075': 935, 'b09902122': 1065})
community cards of this round: ['S6', 'S5', 'HJ', 'C6', 'CA']
name: b10902075, hole_card: ['S7', 'SK']
name: b09902122, hole_card: ['CQ', 'C2']
Started the round 9
Street "preflop" started. (community card = [])
{'fold': 0, 'call': 10, 'raise': {'min': 15, 'max': 1065}}
name: b10902075, hole_card: ['S7', 'SK']
name: b09902122, hole_card: ['CQ', 'C2']
"b09902122" declared "raise:1065"
name: b10902075, hole_card: ['S7', 'SK']
name: b09902122, hole_card: ['CQ', 'C2']
"b10902075" declared "fold:0"
"['b09902122']" won the round 9 (stack = {'b10902075': 925, 'b09902122': 1075})
community cards of this round: ['C5', 'S4', 'H4', 'DT', 'H6']
name: b10902075, hole_card: ['SJ', 'C4']
name: b09902122, hole_card: ['DA', 'C9']
Started the round 10
Street "preflop" started. (community card = [])
name: b10902075, hole_card: ['SJ', 'C4']
name: b09902122, hole_card: ['DA', 'C9']
"b10902075" declared "raise:925"
{'fold': 0, 'call': 925, 'raise': {'min': -1, 'max': -1}}
name: b10902075, hole_card: ['SJ', 'C4']
name: b09902122, hole_card: ['DA', 'C9']
"b09902122" declared "raise:-1", Invalid action. Treat as fold...
"['b10902075']" won the round 10 (stack = {'b10902075': 935, 'b09902122': 1065})
community cards of this round: ['S3', 'C3', 'D3', 'DK', 'H5']
name: b10902075, hole_card: ['C6', 'HA']
name: b09902122, hole_card: ['CA', 'DT']
Started the round 11
Street "preflop" started. (community card = [])
{'fold': 0, 'call': 10, 'raise': {'min': 15, 'max': 1065}}
name: b10902075, hole_card: ['C6', 'HA']
name: b09902122, hole_card: ['CA', 'DT']
"b09902122" declared "raise:1065"
name: b10902075, hole_card: ['C6', 'HA']
name: b09902122, hole_card: ['CA', 'DT']
"b10902075" declared "call:1065"
Street "flop" started. (community card = ['S3', 'C3', 'D3'])
Street "turn" started. (community card = ['S3', 'C3', 'D3', 'DK'])
Street "river" started. (community card = ['S3', 'C3', 'D3', 'DK', 'H5'])
"['b09902122']" won the round 11 (stack = {'b10902075': 0, 'b09902122': 2000})
b09902122 vs b10902075 - Game 3: {'rule': {'initial_stack': 1000, 'max_round': 20, 'small_blind_amount': 5, 'ante': 0, 'blind_structure': {}}, 'players': [{'name': 'b10902075', 'uuid': 'jjlpjftoipbmrxycrnglad', 'stack': 0, 'state': 'folded'}, {'name': 'b09902122', 'uuid': 'tioolhgkyaxduwvdieateb', 'stack': 2000, 'state': 'participating'}]}
community cards of this round: ['CA', 'C7', 'HK', 'D7', 'D3']
name: b09902122, hole_card: ['SK', 'SJ']
name: b10902075, hole_card: ['H5', 'DT']
Started the round 1
Street "preflop" started. (community card = [])
name: b09902122, hole_card: ['SK', 'SJ']
name: b10902075, hole_card: ['H5', 'DT']
"b10902075" declared "fold:0"
"['b09902122']" won the round 1 (stack = {'b09902122': 1005, 'b10902075': 995})
community cards of this round: ['C3', 'DT', 'S5', 'H6', 'SA']
name: b09902122, hole_card: ['CQ', 'S2']
name: b10902075, hole_card: ['D3', 'SK']
Started the round 2
Street "preflop" started. (community card = [])
{'fold': 0, 'call': 10, 'raise': {'min': 15, 'max': 1005}}
name: b09902122, hole_card: ['CQ', 'S2']
name: b10902075, hole_card: ['D3', 'SK']
"b09902122" declared "raise:1005"
name: b09902122, hole_card: ['CQ', 'S2']
name: b10902075, hole_card: ['D3', 'SK']
"b10902075" declared "fold:0"
"['b09902122']" won the round 2 (stack = {'b09902122': 1015, 'b10902075': 985})
community cards of this round: ['H4', 'DT', 'S8', 'S7', 'S3']
name: b09902122, hole_card: ['C2', 'DQ']
name: b10902075, hole_card: ['CQ', 'D7']
Started the round 3
Street "preflop" started. (community card = [])
name: b09902122, hole_card: ['C2', 'DQ']
name: b10902075, hole_card: ['CQ', 'D7']
"b10902075" declared "fold:0"
"['b09902122']" won the round 3 (stack = {'b09902122': 1020, 'b10902075': 980})
community cards of this round: ['D6', 'D8', 'CT', 'S2', 'C5']
name: b09902122, hole_card: ['CJ', 'DA']
name: b10902075, hole_card: ['HA', 'C6']
Started the round 4
Street "preflop" started. (community card = [])
{'fold': 0, 'call': 10, 'raise': {'min': 15, 'max': 1020}}
name: b09902122, hole_card: ['CJ', 'DA']
name: b10902075, hole_card: ['HA', 'C6']
"b09902122" declared "raise:1020"
name: b09902122, hole_card: ['CJ', 'DA']
name: b10902075, hole_card: ['HA', 'C6']
"b10902075" declared "fold:0"
"['b09902122']" won the round 4 (stack = {'b09902122': 1030, 'b10902075': 970})
community cards of this round: ['S6', 'SJ', 'DQ', 'C9', 'D6']
name: b09902122, hole_card: ['C2', 'S7']
name: b10902075, hole_card: ['HA', 'C4']
Started the round 5
Street "preflop" started. (community card = [])
name: b09902122, hole_card: ['C2', 'S7']
name: b10902075, hole_card: ['HA', 'C4']
"b10902075" declared "call:10"
{'fold': 0, 'call': 10, 'raise': {'min': 15, 'max': 1030}}
name: b09902122, hole_card: ['C2', 'S7']
name: b10902075, hole_card: ['HA', 'C4']
"b09902122" declared "raise:1030"
name: b09902122, hole_card: ['C2', 'S7']
name: b10902075, hole_card: ['HA', 'C4']
"b10902075" declared "fold:0"
"['b09902122']" won the round 5 (stack = {'b09902122': 1040, 'b10902075': 960})
community cards of this round: ['D7', 'DA', 'C6', 'DJ', 'S9']
name: b09902122, hole_card: ['DQ', 'H4']
name: b10902075, hole_card: ['C3', 'S5']
Started the round 6
Street "preflop" started. (community card = [])
{'fold': 0, 'call': 10, 'raise': {'min': 15, 'max': 1040}}
name: b09902122, hole_card: ['DQ', 'H4']
name: b10902075, hole_card: ['C3', 'S5']
"b09902122" declared "raise:1040"
name: b09902122, hole_card: ['DQ', 'H4']
name: b10902075, hole_card: ['C3', 'S5']
"b10902075" declared "fold:0"
"['b09902122']" won the round 6 (stack = {'b09902122': 1050, 'b10902075': 950})
community cards of this round: ['S6', 'C7', 'CT', 'CQ', 'CA']
name: b09902122, hole_card: ['SJ', 'ST']
name: b10902075, hole_card: ['D5', 'C6']
Started the round 7
Street "preflop" started. (community card = [])
name: b09902122, hole_card: ['SJ', 'ST']
name: b10902075, hole_card: ['D5', 'C6']
"b10902075" declared "fold:0"
"['b09902122']" won the round 7 (stack = {'b09902122': 1055, 'b10902075': 945})
community cards of this round: ['CA', 'S3', 'DT', 'CK', 'C4']
name: b09902122, hole_card: ['D5', 'C3']
name: b10902075, hole_card: ['DK', 'ST']
Started the round 8
Street "preflop" started. (community card = [])
{'fold': 0, 'call': 10, 'raise': {'min': 15, 'max': 1055}}
name: b09902122, hole_card: ['D5', 'C3']
name: b10902075, hole_card: ['DK', 'ST']
"b09902122" declared "raise:1055"
name: b09902122, hole_card: ['D5', 'C3']
name: b10902075, hole_card: ['DK', 'ST']
"b10902075" declared "fold:0"
"['b09902122']" won the round 8 (stack = {'b09902122': 1065, 'b10902075': 935})
community cards of this round: ['S6', 'S5', 'HJ', 'C6', 'CA']
name: b09902122, hole_card: ['S7', 'SK']
name: b10902075, hole_card: ['CQ', 'C2']
Started the round 9
Street "preflop" started. (community card = [])
name: b09902122, hole_card: ['S7', 'SK']
name: b10902075, hole_card: ['CQ', 'C2']
"b10902075" declared "fold:0"
"['b09902122']" won the round 9 (stack = {'b09902122': 1070, 'b10902075': 930})
community cards of this round: ['C5', 'S4', 'H4', 'DT', 'H6']
name: b09902122, hole_card: ['SJ', 'C4']
name: b10902075, hole_card: ['DA', 'C9']
Started the round 10
Street "preflop" started. (community card = [])
{'fold': 0, 'call': 10, 'raise': {'min': 15, 'max': 1070}}
name: b09902122, hole_card: ['SJ', 'C4']
name: b10902075, hole_card: ['DA', 'C9']
"b09902122" declared "raise:1070"
name: b09902122, hole_card: ['SJ', 'C4']
name: b10902075, hole_card: ['DA', 'C9']
"b10902075" declared "call:1070"
Street "flop" started. (community card = ['C5', 'S4', 'H4'])
Street "turn" started. (community card = ['C5', 'S4', 'H4', 'DT'])
Street "river" started. (community card = ['C5', 'S4', 'H4', 'DT', 'H6'])
"['b09902122']" won the round 10 (stack = {'b09902122': 2000, 'b10902075': 0})
b09902122 vs b10902075 - Game 4: {'rule': {'initial_stack': 1000, 'max_round': 20, 'small_blind_amount': 5, 'ante': 0, 'blind_structure': {}}, 'players': [{'name': 'b09902122', 'uuid': 'suawefnsaaeqtipmhldzym', 'stack': 2000, 'state': 'participating'}, {'name': 'b10902075', 'uuid': 'pozidkfuwlrflnjanslgik', 'stack': 0, 'state': 'folded'}]}
community cards of this round: ['C9', 'S5', 'H2', 'D9', 'H3']
name: b10902075, hole_card: ['HT', 'D6']
name: b09902122, hole_card: ['S6', 'DQ']
Started the round 1
Street "preflop" started. (community card = [])
{'fold': 0, 'call': 10, 'raise': {'min': 15, 'max': 1000}}
name: b10902075, hole_card: ['HT', 'D6']
name: b09902122, hole_card: ['S6', 'DQ']
"b09902122" declared "raise:1000"
name: b10902075, hole_card: ['HT', 'D6']
name: b09902122, hole_card: ['S6', 'DQ']
"b10902075" declared "fold:0"
"['b09902122']" won the round 1 (stack = {'b10902075': 990, 'b09902122': 1010})
community cards of this round: ['DA', 'DK', 'S4', 'DT', 'S9']
name: b10902075, hole_card: ['CT', 'H3']
name: b09902122, hole_card: ['D6', 'C9']
Started the round 2
Street "preflop" started. (community card = [])
name: b10902075, hole_card: ['CT', 'H3']
name: b09902122, hole_card: ['D6', 'C9']
"b10902075" declared "fold:0"
"['b09902122']" won the round 2 (stack = {'b10902075': 985, 'b09902122': 1015})
community cards of this round: ['SK', 'CK', 'DK', 'D5', 'D9']
name: b10902075, hole_card: ['SJ', 'H7']
name: b09902122, hole_card: ['CT', 'D6']
Started the round 3
Street "preflop" started. (community card = [])
{'fold': 0, 'call': 10, 'raise': {'min': 15, 'max': 1015}}
name: b10902075, hole_card: ['SJ', 'H7']
name: b09902122, hole_card: ['CT', 'D6']
"b09902122" declared "raise:1015"
name: b10902075, hole_card: ['SJ', 'H7']
name: b09902122, hole_card: ['CT', 'D6']
"b10902075" declared "fold:0"
"['b09902122']" won the round 3 (stack = {'b10902075': 975, 'b09902122': 1025})
community cards of this round: ['D2', 'DT', 'HK', 'CK', 'S8']
name: b10902075, hole_card: ['C2', 'S7']
name: b09902122, hole_card: ['H5', 'C3']
Started the round 4
Street "preflop" started. (community card = [])
name: b10902075, hole_card: ['C2', 'S7']
name: b09902122, hole_card: ['H5', 'C3']
"b10902075" declared "fold:0"
"['b09902122']" won the round 4 (stack = {'b10902075': 970, 'b09902122': 1030})
community cards of this round: ['D7', 'H8', 'C5', 'S9', 'C8']
name: b10902075, hole_card: ['HA', 'CK']
name: b09902122, hole_card: ['D2', 'D4']
Started the round 5
Street "preflop" started. (community card = [])
{'fold': 0, 'call': 10, 'raise': {'min': 15, 'max': 1030}}
name: b10902075, hole_card: ['HA', 'CK']
name: b09902122, hole_card: ['D2', 'D4']
"b09902122" declared "raise:1030"
name: b10902075, hole_card: ['HA', 'CK']
name: b09902122, hole_card: ['D2', 'D4']
"b10902075" declared "fold:0"
"['b09902122']" won the round 5 (stack = {'b10902075': 960, 'b09902122': 1040})
community cards of this round: ['H5', 'C7', 'D6', 'HT', 'H3']
name: b10902075, hole_card: ['CK', 'SQ']
name: b09902122, hole_card: ['CT', 'SA']
Started the round 6
Street "preflop" started. (community card = [])
name: b10902075, hole_card: ['CK', 'SQ']
name: b09902122, hole_card: ['CT', 'SA']
"b10902075" declared "call:10"
{'fold': 0, 'call': 10, 'raise': {'min': 15, 'max': 1040}}
name: b10902075, hole_card: ['CK', 'SQ']
name: b09902122, hole_card: ['CT', 'SA']
"b09902122" declared "raise:1040"
name: b10902075, hole_card: ['CK', 'SQ']
name: b09902122, hole_card: ['CT', 'SA']
"b10902075" declared "fold:0"
"['b09902122']" won the round 6 (stack = {'b10902075': 950, 'b09902122': 1050})
community cards of this round: ['HA', 'H2', 'H3', 'S7', 'C2']
name: b10902075, hole_card: ['D9', 'S8']
name: b09902122, hole_card: ['H8', 'C8']
Started the round 7
Street "preflop" started. (community card = [])
{'fold': 0, 'call': 10, 'raise': {'min': 15, 'max': 1050}}
name: b10902075, hole_card: ['D9', 'S8']
name: b09902122, hole_card: ['H8', 'C8']
"b09902122" declared "raise:1050"
name: b10902075, hole_card: ['D9', 'S8']
name: b09902122, hole_card: ['H8', 'C8']
"b10902075" declared "fold:0"
"['b09902122']" won the round 7 (stack = {'b10902075': 940, 'b09902122': 1060})
community cards of this round: ['C4', 'H3', 'D5', 'C6', 'DK']
name: b10902075, hole_card: ['H9', 'CQ']
name: b09902122, hole_card: ['S2', 'S7']
Started the round 8
Street "preflop" started. (community card = [])
name: b10902075, hole_card: ['H9', 'CQ']
name: b09902122, hole_card: ['S2', 'S7']
"b10902075" declared "call:10"
{'fold': 0, 'call': 10, 'raise': {'min': 15, 'max': 1060}}
name: b10902075, hole_card: ['H9', 'CQ']
name: b09902122, hole_card: ['S2', 'S7']
"b09902122" declared "raise:1060"
name: b10902075, hole_card: ['H9', 'CQ']
name: b09902122, hole_card: ['S2', 'S7']
"b10902075" declared "fold:0"
"['b09902122']" won the round 8 (stack = {'b10902075': 930, 'b09902122': 1070})
community cards of this round: ['SK', 'D9', 'S6', 'D8', 'D6']
name: b10902075, hole_card: ['D5', 'C5']
name: b09902122, hole_card: ['DJ', 'DA']
Started the round 9
Street "preflop" started. (community card = [])
{'fold': 0, 'call': 10, 'raise': {'min': 15, 'max': 1070}}
name: b10902075, hole_card: ['D5', 'C5']
name: b09902122, hole_card: ['DJ', 'DA']
"b09902122" declared "raise:1070"
name: b10902075, hole_card: ['D5', 'C5']
name: b09902122, hole_card: ['DJ', 'DA']
"b10902075" declared "call:1070"
Street "flop" started. (community card = ['SK', 'D9', 'S6'])
Street "turn" started. (community card = ['SK', 'D9', 'S6', 'D8'])
Street "river" started. (community card = ['SK', 'D9', 'S6', 'D8', 'D6'])
"['b09902122']" won the round 9 (stack = {'b10902075': 0, 'b09902122': 2000})
b09902122 vs b10902075 - Game 5: {'rule': {'initial_stack': 1000, 'max_round': 20, 'small_blind_amount': 5, 'ante': 0, 'blind_structure': {}}, 'players': [{'name': 'b10902075', 'uuid': 'schymdopkdbfyfxoujouas', 'stack': 0, 'state': 'folded'}, {'name': 'b09902122', 'uuid': 'xaigfzzenqcaofkzbkqdxq', 'stack': 2000, 'state': 'participating'}]}
Final Result: b09902122 won 4 games (stack: 8225), b10902075 won 1 games (stack: 1775), num ties: 0
