community cards of this round: ['HT', 'S2', 'H9', 'H7', 'C3']
name: b10902118, hole_card: ['C6', 'D2']
name: b10201026, hole_card: ['H8', 'C4']
Started the round 1
Street "preflop" started. (community card = [])
name: b10902118, hole_card: ['C6', 'D2']
name: b10201026, hole_card: ['H8', 'C4']
"b10201026" declared "fold:0"
"['b10902118']" won the round 1 (stack = {'b10902118': 1005, 'b10201026': 995})
community cards of this round: ['S9', 'CT', 'H8', 'S6', 'S4']
name: b10902118, hole_card: ['D9', 'HT']
name: b10201026, hole_card: ['D7', 'H6']
Started the round 2
Street "preflop" started. (community card = [])
name: b10902118, hole_card: ['D9', 'HT']
name: b10201026, hole_card: ['D7', 'H6']
"b10902118" declared "call:10"
name: b10902118, hole_card: ['D9', 'HT']
name: b10201026, hole_card: ['D7', 'H6']
"b10201026" declared "fold:0"
"['b10902118']" won the round 2 (stack = {'b10902118': 1015, 'b10201026': 985})
community cards of this round: ['C8', 'C9', 'D8', 'D5', 'DJ']
name: b10902118, hole_card: ['CK', 'C2']
name: b10201026, hole_card: ['DK', 'H9']
Started the round 3
Street "preflop" started. (community card = [])
name: b10902118, hole_card: ['CK', 'C2']
name: b10201026, hole_card: ['DK', 'H9']
"b10201026" declared "call:10"
name: b10902118, hole_card: ['CK', 'C2']
name: b10201026, hole_card: ['DK', 'H9']
"b10902118" declared "call:10"
Street "flop" started. (community card = ['C8', 'C9', 'D8'])
name: b10902118, hole_card: ['CK', 'C2']
name: b10201026, hole_card: ['DK', 'H9']
"b10201026" declared "raise:15.0"
name: b10902118, hole_card: ['CK', 'C2']
name: b10201026, hole_card: ['DK', 'H9']
"b10902118" declared "raise:30.0"
name: b10902118, hole_card: ['CK', 'C2']
name: b10201026, hole_card: ['DK', 'H9']
"b10201026" declared "call:30.0"
Street "turn" started. (community card = ['C8', 'C9', 'D8', 'D5'])
name: b10902118, hole_card: ['CK', 'C2']
name: b10201026, hole_card: ['DK', 'H9']
"b10201026" declared "raise:15.0"
name: b10902118, hole_card: ['CK', 'C2']
name: b10201026, hole_card: ['DK', 'H9']
"b10902118" declared "call:15.0"
Street "river" started. (community card = ['C8', 'C9', 'D8', 'D5', 'DJ'])
name: b10902118, hole_card: ['CK', 'C2']
name: b10201026, hole_card: ['DK', 'H9']
"b10201026" declared "raise:90.09999999999991"
name: b10902118, hole_card: ['CK', 'C2']
name: b10201026, hole_card: ['DK', 'H9']
"b10902118" declared "fold:0"
"['b10201026']" won the round 3 (stack = {'b10902118': 960.0, 'b10201026': 1039.9})
community cards of this round: ['DA', 'SQ', 'HT', 'D8', 'HK']
name: b10902118, hole_card: ['HQ', 'CK']
name: b10201026, hole_card: ['CJ', 'D9']
Started the round 4
Street "preflop" started. (community card = [])
name: b10902118, hole_card: ['HQ', 'CK']
name: b10201026, hole_card: ['CJ', 'D9']
"b10902118" declared "raise:15.0"
name: b10902118, hole_card: ['HQ', 'CK']
name: b10201026, hole_card: ['CJ', 'D9']
"b10201026" declared "call:15.0"
Street "flop" started. (community card = ['DA', 'SQ', 'HT'])
name: b10902118, hole_card: ['HQ', 'CK']
name: b10201026, hole_card: ['CJ', 'D9']
"b10902118" declared "raise:10"
name: b10902118, hole_card: ['HQ', 'CK']
name: b10201026, hole_card: ['CJ', 'D9']
"b10201026" declared "raise:55.19999999999982"
name: b10902118, hole_card: ['HQ', 'CK']
name: b10201026, hole_card: ['CJ', 'D9']
"b10902118" declared "raise:144.95000000000005"
name: b10902118, hole_card: ['HQ', 'CK']
name: b10201026, hole_card: ['CJ', 'D9']
"b10201026" declared "call:144.95000000000005"
Street "turn" started. (community card = ['DA', 'SQ', 'HT', 'D8'])
name: b10902118, hole_card: ['HQ', 'CK']
name: b10201026, hole_card: ['CJ', 'D9']
"b10902118" declared "raise:79.97500000000002"
name: b10902118, hole_card: ['HQ', 'CK']
name: b10201026, hole_card: ['CJ', 'D9']
"b10201026" declared "raise:879.95"
name: b10902118, hole_card: ['HQ', 'CK']
name: b10201026, hole_card: ['CJ', 'D9']
"b10902118" declared "call:879.95"
Street "river" started. (community card = ['DA', 'SQ', 'HT', 'D8', 'HK'])
"['b10201026']" won the round 4 (stack = {'b10902118': 0.0, 'b10201026': 1999.0})
b10201026 vs b10902118 - Game 1: {'rule': {'initial_stack': 1000, 'max_round': 20, 'small_blind_amount': 5, 'ante': 0, 'blind_structure': {}}, 'players': [{'name': 'b10902118', 'uuid': 'pzvnnhqrhtgwudwafkiizk', 'stack': 0, 'state': 'folded'}, {'name': 'b10201026', 'uuid': 'upufkghcvoeranazqaecqu', 'stack': 1999.0, 'state': 'participating'}]}
community cards of this round: ['HT', 'S2', 'H9', 'H7', 'C3']
name: b10201026, hole_card: ['C6', 'D2']
name: b10902118, hole_card: ['H8', 'C4']
Started the round 1
Street "preflop" started. (community card = [])
name: b10201026, hole_card: ['C6', 'D2']
name: b10902118, hole_card: ['H8', 'C4']
"b10902118" declared "call:10"
name: b10201026, hole_card: ['C6', 'D2']
name: b10902118, hole_card: ['H8', 'C4']
"b10201026" declared "fold:0"
"['b10902118']" won the round 1 (stack = {'b10201026': 990, 'b10902118': 1010})
community cards of this round: ['S9', 'CT', 'H8', 'S6', 'S4']
name: b10201026, hole_card: ['D9', 'HT']
name: b10902118, hole_card: ['D7', 'H6']
Started the round 2
Street "preflop" started. (community card = [])
name: b10201026, hole_card: ['D9', 'HT']
name: b10902118, hole_card: ['D7', 'H6']
"b10201026" declared "call:10"
name: b10201026, hole_card: ['D9', 'HT']
name: b10902118, hole_card: ['D7', 'H6']
"b10902118" declared "call:10"
Street "flop" started. (community card = ['S9', 'CT', 'H8'])
name: b10201026, hole_card: ['D9', 'HT']
name: b10902118, hole_card: ['D7', 'H6']
"b10201026" declared "raise:15.0"
name: b10201026, hole_card: ['D9', 'HT']
name: b10902118, hole_card: ['D7', 'H6']
"b10902118" declared "raise:30.0"
name: b10201026, hole_card: ['D9', 'HT']
name: b10902118, hole_card: ['D7', 'H6']
"b10201026" declared "call:30.0"
Street "turn" started. (community card = ['S9', 'CT', 'H8', 'S6'])
name: b10201026, hole_card: ['D9', 'HT']
name: b10902118, hole_card: ['D7', 'H6']
"b10201026" declared "raise:15.0"
name: b10201026, hole_card: ['D9', 'HT']
name: b10902118, hole_card: ['D7', 'H6']
"b10902118" declared "raise:31.25"
name: b10201026, hole_card: ['D9', 'HT']
name: b10902118, hole_card: ['D7', 'H6']
"b10201026" declared "raise:90.09999999999991"
name: b10201026, hole_card: ['D9', 'HT']
name: b10902118, hole_card: ['D7', 'H6']
"b10902118" declared "raise:148.94999999999982"
name: b10201026, hole_card: ['D9', 'HT']
name: b10902118, hole_card: ['D7', 'H6']
"b10201026" declared "call:148.94999999999982"
Street "river" started. (community card = ['S9', 'CT', 'H8', 'S6', 'S4'])
name: b10201026, hole_card: ['D9', 'HT']
name: b10902118, hole_card: ['D7', 'H6']
"b10201026" declared "raise:801.0500000000002"
name: b10201026, hole_card: ['D9', 'HT']
name: b10902118, hole_card: ['D7', 'H6']
"b10902118" declared "call:801.0500000000002"
"['b10902118']" won the round 2 (stack = {'b10201026': 0.0, 'b10902118': 2000.0})
b10201026 vs b10902118 - Game 2: {'rule': {'initial_stack': 1000, 'max_round': 20, 'small_blind_amount': 5, 'ante': 0, 'blind_structure': {}}, 'players': [{'name': 'b10201026', 'uuid': 'zknbjbmrvmcblqkqohgnlw', 'stack': 0, 'state': 'folded'}, {'name': 'b10902118', 'uuid': 'xnptietxnazslxjpcgqrnf', 'stack': 2000.0, 'state': 'participating'}]}
community cards of this round: ['HA', 'H6', 'D6', 'DA', 'ST']
name: b10902118, hole_card: ['S6', 'C9']
name: b10201026, hole_card: ['H9', 'DQ']
Started the round 1
Street "preflop" started. (community card = [])
name: b10902118, hole_card: ['S6', 'C9']
name: b10201026, hole_card: ['H9', 'DQ']
"b10201026" declared "call:10"
name: b10902118, hole_card: ['S6', 'C9']
name: b10201026, hole_card: ['H9', 'DQ']
"b10902118" declared "call:10"
Street "flop" started. (community card = ['HA', 'H6', 'D6'])
name: b10902118, hole_card: ['S6', 'C9']
name: b10201026, hole_card: ['H9', 'DQ']
"b10201026" declared "call:0"
name: b10902118, hole_card: ['S6', 'C9']
name: b10201026, hole_card: ['H9', 'DQ']
"b10902118" declared "raise:10"
name: b10902118, hole_card: ['S6', 'C9']
name: b10201026, hole_card: ['H9', 'DQ']
"b10201026" declared "fold:0"
"['b10902118']" won the round 1 (stack = {'b10902118': 1010, 'b10201026': 990})
community cards of this round: ['HT', 'SJ', 'S9', 'DA', 'H9']
name: b10902118, hole_card: ['S7', 'D5']
name: b10201026, hole_card: ['HJ', 'H5']
Started the round 2
Street "preflop" started. (community card = [])
name: b10902118, hole_card: ['S7', 'D5']
name: b10201026, hole_card: ['HJ', 'H5']
"b10902118" declared "call:10"
name: b10902118, hole_card: ['S7', 'D5']
name: b10201026, hole_card: ['HJ', 'H5']
"b10201026" declared "call:10"
Street "flop" started. (community card = ['HT', 'SJ', 'S9'])
name: b10902118, hole_card: ['S7', 'D5']
name: b10201026, hole_card: ['HJ', 'H5']
"b10902118" declared "call:0"
name: b10902118, hole_card: ['S7', 'D5']
name: b10201026, hole_card: ['HJ', 'H5']
"b10201026" declared "raise:135.0999999999999"
name: b10902118, hole_card: ['S7', 'D5']
name: b10201026, hole_card: ['HJ', 'H5']
"b10902118" declared "fold:0"
"['b10201026']" won the round 2 (stack = {'b10902118': 1000, 'b10201026': 999.9000000000001})
community cards of this round: ['S5', 'H4', 'HA', 'CT', 'D2']
name: b10902118, hole_card: ['S9', 'S2']
name: b10201026, hole_card: ['DK', 'D7']
Started the round 3
Street "preflop" started. (community card = [])
name: b10902118, hole_card: ['S9', 'S2']
name: b10201026, hole_card: ['DK', 'D7']
"b10201026" declared "call:10"
name: b10902118, hole_card: ['S9', 'S2']
name: b10201026, hole_card: ['DK', 'D7']
"b10902118" declared "call:10"
Street "flop" started. (community card = ['S5', 'H4', 'HA'])
name: b10902118, hole_card: ['S9', 'S2']
name: b10201026, hole_card: ['DK', 'D7']
"b10201026" declared "call:0"
name: b10902118, hole_card: ['S9', 'S2']
name: b10201026, hole_card: ['DK', 'D7']
"b10902118" declared "call:0"
Street "turn" started. (community card = ['S5', 'H4', 'HA', 'CT'])
name: b10902118, hole_card: ['S9', 'S2']
name: b10201026, hole_card: ['DK', 'D7']
"b10201026" declared "call:0"
name: b10902118, hole_card: ['S9', 'S2']
name: b10201026, hole_card: ['DK', 'D7']
"b10902118" declared "call:0"
Street "river" started. (community card = ['S5', 'H4', 'HA', 'CT', 'D2'])
name: b10902118, hole_card: ['S9', 'S2']
name: b10201026, hole_card: ['DK', 'D7']
"b10201026" declared "call:0"
name: b10902118, hole_card: ['S9', 'S2']
name: b10201026, hole_card: ['DK', 'D7']
"b10902118" declared "raise:114.95000000000005"
name: b10902118, hole_card: ['S9', 'S2']
name: b10201026, hole_card: ['DK', 'D7']
"b10201026" declared "fold:0"
"['b10902118']" won the round 3 (stack = {'b10902118': 1009.05, 'b10201026': 989.9000000000001})
community cards of this round: ['H5', 'C4', 'S4', 'S2', 'HQ']
name: b10902118, hole_card: ['C6', 'D7']
name: b10201026, hole_card: ['H9', 'C7']
Started the round 4
Street "preflop" started. (community card = [])
name: b10902118, hole_card: ['C6', 'D7']
name: b10201026, hole_card: ['H9', 'C7']
"b10902118" declared "call:10"
name: b10902118, hole_card: ['C6', 'D7']
name: b10201026, hole_card: ['H9', 'C7']
"b10201026" declared "fold:0"
"['b10902118']" won the round 4 (stack = {'b10902118': 1019.05, 'b10201026': 979.9000000000001})
community cards of this round: ['DK', 'C4', 'H9', 'HK', 'HQ']
name: b10902118, hole_card: ['H8', 'S4']
name: b10201026, hole_card: ['S6', 'H4']
Started the round 5
Street "preflop" started. (community card = [])
name: b10902118, hole_card: ['H8', 'S4']
name: b10201026, hole_card: ['S6', 'H4']
"b10201026" declared "fold:0"
"['b10902118']" won the round 5 (stack = {'b10902118': 1024.05, 'b10201026': 974.9000000000001})
community cards of this round: ['D7', 'H2', 'H5', 'C9', 'DK']
name: b10902118, hole_card: ['C7', 'DJ']
name: b10201026, hole_card: ['C6', 'D2']
Started the round 6
Street "preflop" started. (community card = [])
name: b10902118, hole_card: ['C7', 'DJ']
name: b10201026, hole_card: ['C6', 'D2']
"b10902118" declared "raise:27.5"
name: b10902118, hole_card: ['C7', 'DJ']
name: b10201026, hole_card: ['C6', 'D2']
"b10201026" declared "fold:0"
"['b10902118']" won the round 6 (stack = {'b10902118': 1033.55, 'b10201026': 964.9000000000001})
community cards of this round: ['H8', 'SK', 'CJ', 'C3', 'H2']
name: b10902118, hole_card: ['DK', 'H6']
name: b10201026, hole_card: ['C5', 'DJ']
Started the round 7
Street "preflop" started. (community card = [])
name: b10902118, hole_card: ['DK', 'H6']
name: b10201026, hole_card: ['C5', 'DJ']
"b10201026" declared "fold:0"
"['b10902118']" won the round 7 (stack = {'b10902118': 1038.55, 'b10201026': 959.9000000000001})
community cards of this round: ['DA', 'CQ', 'HK', 'H9', 'H5']
name: b10902118, hole_card: ['C2', 'CJ']
name: b10201026, hole_card: ['D9', 'D2']
Started the round 8
Street "preflop" started. (community card = [])
name: b10902118, hole_card: ['C2', 'CJ']
name: b10201026, hole_card: ['D9', 'D2']
"b10902118" declared "call:10"
name: b10902118, hole_card: ['C2', 'CJ']
name: b10201026, hole_card: ['D9', 'D2']
"b10201026" declared "fold:0"
"['b10902118']" won the round 8 (stack = {'b10902118': 1048.55, 'b10201026': 949.9000000000001})
community cards of this round: ['S9', 'DQ', 'C2', 'H9', 'CJ']
name: b10902118, hole_card: ['H2', 'D9']
name: b10201026, hole_card: ['SK', 'HJ']
Started the round 9
Street "preflop" started. (community card = [])
name: b10902118, hole_card: ['H2', 'D9']
name: b10201026, hole_card: ['SK', 'HJ']
"b10201026" declared "raise:125.19999999999982"
name: b10902118, hole_card: ['H2', 'D9']
name: b10201026, hole_card: ['SK', 'HJ']
"b10902118" declared "fold:0"
"['b10201026']" won the round 9 (stack = {'b10902118': 1038.55, 'b10201026': 959.7000000000003})
community cards of this round: ['DQ', 'H9', 'S7', 'C2', 'C6']
name: b10902118, hole_card: ['H5', 'D9']
name: b10201026, hole_card: ['D2', 'D8']
Started the round 10
Street "preflop" started. (community card = [])
name: b10902118, hole_card: ['H5', 'D9']
name: b10201026, hole_card: ['D2', 'D8']
"b10902118" declared "fold:0"
"['b10201026']" won the round 10 (stack = {'b10902118': 1033.55, 'b10201026': 964.7000000000003})
community cards of this round: ['S9', 'CA', 'D5', 'S8', 'S7']
name: b10902118, hole_card: ['DA', 'S2']
name: b10201026, hole_card: ['DK', 'CK']
Started the round 11
Street "preflop" started. (community card = [])
name: b10902118, hole_card: ['DA', 'S2']
name: b10201026, hole_card: ['DK', 'CK']
"b10201026" declared "call:10"
name: b10902118, hole_card: ['DA', 'S2']
name: b10201026, hole_card: ['DK', 'CK']
"b10902118" declared "call:10"
Street "flop" started. (community card = ['S9', 'CA', 'D5'])
name: b10902118, hole_card: ['DA', 'S2']
name: b10201026, hole_card: ['DK', 'CK']
"b10201026" declared "raise:15.0"
name: b10902118, hole_card: ['DA', 'S2']
name: b10201026, hole_card: ['DK', 'CK']
"b10902118" declared "raise:30.0"
name: b10902118, hole_card: ['DA', 'S2']
name: b10201026, hole_card: ['DK', 'CK']
"b10201026" declared "call:30.0"
Street "turn" started. (community card = ['S9', 'CA', 'D5', 'S8'])
name: b10902118, hole_card: ['DA', 'S2']
name: b10201026, hole_card: ['DK', 'CK']
"b10201026" declared "raise:21.978977999999877"
name: b10902118, hole_card: ['DA', 'S2']
name: b10201026, hole_card: ['DK', 'CK']
"b10902118" declared "raise:43.957955999999754"
name: b10902118, hole_card: ['DA', 'S2']
name: b10201026, hole_card: ['DK', 'CK']
"b10201026" declared "raise:924.7000000000003"
name: b10902118, hole_card: ['DA', 'S2']
name: b10201026, hole_card: ['DK', 'CK']
"b10902118" declared "call:924.7000000000003"
Street "river" started. (community card = ['S9', 'CA', 'D5', 'S8', 'S7'])
"['b10902118']" won the round 11 (stack = {'b10902118': 1997.8499999999997, 'b10201026': 0.0})
b10201026 vs b10902118 - Game 3: {'rule': {'initial_stack': 1000, 'max_round': 20, 'small_blind_amount': 5, 'ante': 0, 'blind_structure': {}}, 'players': [{'name': 'b10902118', 'uuid': 'qnlrftpfnsgetlnfdmfojw', 'stack': 1997.8499999999997, 'state': 'participating'}, {'name': 'b10201026', 'uuid': 'yzgufjwyhlvfpxeoyoltvg', 'stack': 0, 'state': 'folded'}]}
community cards of this round: ['HA', 'H6', 'D6', 'DA', 'ST']
name: b10201026, hole_card: ['S6', 'C9']
name: b10902118, hole_card: ['H9', 'DQ']
Started the round 1
Street "preflop" started. (community card = [])
name: b10201026, hole_card: ['S6', 'C9']
name: b10902118, hole_card: ['H9', 'DQ']
"b10902118" declared "raise:27.5"
name: b10201026, hole_card: ['S6', 'C9']
name: b10902118, hole_card: ['H9', 'DQ']
"b10201026" declared "fold:0"
"['b10902118']" won the round 1 (stack = {'b10201026': 990, 'b10902118': 1009.5})
community cards of this round: ['HT', 'SJ', 'S9', 'DA', 'H9']
name: b10201026, hole_card: ['S7', 'D5']
name: b10902118, hole_card: ['HJ', 'H5']
Started the round 2
Street "preflop" started. (community card = [])
name: b10201026, hole_card: ['S7', 'D5']
name: b10902118, hole_card: ['HJ', 'H5']
"b10201026" declared "fold:0"
"['b10902118']" won the round 2 (stack = {'b10201026': 985, 'b10902118': 1014.5})
community cards of this round: ['S5', 'H4', 'HA', 'CT', 'D2']
name: b10201026, hole_card: ['S9', 'S2']
name: b10902118, hole_card: ['DK', 'D7']
Started the round 3
Street "preflop" started. (community card = [])
name: b10201026, hole_card: ['S9', 'S2']
name: b10902118, hole_card: ['DK', 'D7']
"b10902118" declared "call:10"
name: b10201026, hole_card: ['S9', 'S2']
name: b10902118, hole_card: ['DK', 'D7']
"b10201026" declared "fold:0"
"['b10902118']" won the round 3 (stack = {'b10201026': 975, 'b10902118': 1024.5})
community cards of this round: ['H5', 'C4', 'S4', 'S2', 'HQ']
name: b10201026, hole_card: ['C6', 'D7']
name: b10902118, hole_card: ['H9', 'C7']
Started the round 4
Street "preflop" started. (community card = [])
name: b10201026, hole_card: ['C6', 'D7']
name: b10902118, hole_card: ['H9', 'C7']
"b10201026" declared "fold:0"
"['b10902118']" won the round 4 (stack = {'b10201026': 970, 'b10902118': 1029.5})
community cards of this round: ['DK', 'C4', 'H9', 'HK', 'HQ']
name: b10201026, hole_card: ['H8', 'S4']
name: b10902118, hole_card: ['S6', 'H4']
Started the round 5
Street "preflop" started. (community card = [])
name: b10201026, hole_card: ['H8', 'S4']
name: b10902118, hole_card: ['S6', 'H4']
"b10902118" declared "fold:0"
"['b10201026']" won the round 5 (stack = {'b10201026': 975, 'b10902118': 1024.5})
community cards of this round: ['D7', 'H2', 'H5', 'C9', 'DK']
name: b10201026, hole_card: ['C7', 'DJ']
name: b10902118, hole_card: ['C6', 'D2']
Started the round 6
Street "preflop" started. (community card = [])
name: b10201026, hole_card: ['C7', 'DJ']
name: b10902118, hole_card: ['C6', 'D2']
"b10201026" declared "call:10"
name: b10201026, hole_card: ['C7', 'DJ']
name: b10902118, hole_card: ['C6', 'D2']
"b10902118" declared "call:10"
Street "flop" started. (community card = ['D7', 'H2', 'H5'])
name: b10201026, hole_card: ['C7', 'DJ']
name: b10902118, hole_card: ['C6', 'D2']
"b10201026" declared "raise:15.0"
name: b10201026, hole_card: ['C7', 'DJ']
name: b10902118, hole_card: ['C6', 'D2']
"b10902118" declared "call:15.0"
Street "turn" started. (community card = ['D7', 'H2', 'H5', 'C9'])
name: b10201026, hole_card: ['C7', 'DJ']
name: b10902118, hole_card: ['C6', 'D2']
"b10201026" declared "raise:15.0"
name: b10201026, hole_card: ['C7', 'DJ']
name: b10902118, hole_card: ['C6', 'D2']
"b10902118" declared "call:15.0"
Street "river" started. (community card = ['D7', 'H2', 'H5', 'C9', 'DK'])
name: b10201026, hole_card: ['C7', 'DJ']
name: b10902118, hole_card: ['C6', 'D2']
"b10201026" declared "raise:90.09999999999991"
name: b10201026, hole_card: ['C7', 'DJ']
name: b10902118, hole_card: ['C6', 'D2']
"b10902118" declared "fold:0"
"['b10201026']" won the round 6 (stack = {'b10201026': 1014.9000000000001, 'b10902118': 984.5})
community cards of this round: ['H8', 'SK', 'CJ', 'C3', 'H2']
name: b10201026, hole_card: ['DK', 'H6']
name: b10902118, hole_card: ['C5', 'DJ']
Started the round 7
Street "preflop" started. (community card = [])
name: b10201026, hole_card: ['DK', 'H6']
name: b10902118, hole_card: ['C5', 'DJ']
"b10902118" declared "call:10"
name: b10201026, hole_card: ['DK', 'H6']
name: b10902118, hole_card: ['C5', 'DJ']
"b10201026" declared "call:10"
Street "flop" started. (community card = ['H8', 'SK', 'CJ'])
name: b10201026, hole_card: ['DK', 'H6']
name: b10902118, hole_card: ['C5', 'DJ']
"b10902118" declared "raise:10"
name: b10201026, hole_card: ['DK', 'H6']
name: b10902118, hole_card: ['C5', 'DJ']
"b10201026" declared "call:10"
Street "turn" started. (community card = ['H8', 'SK', 'CJ', 'C3'])
name: b10201026, hole_card: ['DK', 'H6']
name: b10902118, hole_card: ['C5', 'DJ']
"b10902118" declared "raise:95.20000000000005"
name: b10201026, hole_card: ['DK', 'H6']
name: b10902118, hole_card: ['C5', 'DJ']
"b10201026" declared "call:95.20000000000005"
Street "river" started. (community card = ['H8', 'SK', 'CJ', 'C3', 'H2'])
name: b10201026, hole_card: ['DK', 'H6']
name: b10902118, hole_card: ['C5', 'DJ']
"b10902118" declared "raise:10"
name: b10201026, hole_card: ['DK', 'H6']
name: b10902118, hole_card: ['C5', 'DJ']
"b10201026" declared "raise:899.7"
name: b10201026, hole_card: ['DK', 'H6']
name: b10902118, hole_card: ['C5', 'DJ']
"b10902118" declared "call:899.7"
"['b10201026']" won the round 7 (stack = {'b10201026': 1999.0, 'b10902118': 0.0})
b10201026 vs b10902118 - Game 4: {'rule': {'initial_stack': 1000, 'max_round': 20, 'small_blind_amount': 5, 'ante': 0, 'blind_structure': {}}, 'players': [{'name': 'b10201026', 'uuid': 'oaqkdcoigdftdjprldndjr', 'stack': 1999.0, 'state': 'participating'}, {'name': 'b10902118', 'uuid': 'hhbzqoulhekckdcmbwhcyi', 'stack': 0, 'state': 'folded'}]}
community cards of this round: ['H4', 'C2', 'C9', 'C5', 'H8']
name: b10902118, hole_card: ['H5', 'SK']
name: b10201026, hole_card: ['S5', 'D7']
Started the round 1
Street "preflop" started. (community card = [])
name: b10902118, hole_card: ['H5', 'SK']
name: b10201026, hole_card: ['S5', 'D7']
"b10201026" declared "fold:0"
"['b10902118']" won the round 1 (stack = {'b10902118': 1005, 'b10201026': 995})
community cards of this round: ['ST', 'S3', 'C8', 'DK', 'DJ']
name: b10902118, hole_card: ['CQ', 'D4']
name: b10201026, hole_card: ['H3', 'C9']
Started the round 2
Street "preflop" started. (community card = [])
name: b10902118, hole_card: ['CQ', 'D4']
name: b10201026, hole_card: ['H3', 'C9']
"b10902118" declared "call:10"
name: b10902118, hole_card: ['CQ', 'D4']
name: b10201026, hole_card: ['H3', 'C9']
"b10201026" declared "fold:0"
"['b10902118']" won the round 2 (stack = {'b10902118': 1015, 'b10201026': 985})
community cards of this round: ['S4', 'DQ', 'ST', 'H3', 'CA']
name: b10902118, hole_card: ['S6', 'HA']
name: b10201026, hole_card: ['C4', 'SK']
Started the round 3
Street "preflop" started. (community card = [])
name: b10902118, hole_card: ['S6', 'HA']
name: b10201026, hole_card: ['C4', 'SK']
"b10201026" declared "call:10"
name: b10902118, hole_card: ['S6', 'HA']
name: b10201026, hole_card: ['C4', 'SK']
"b10902118" declared "raise:40"
name: b10902118, hole_card: ['S6', 'HA']
name: b10201026, hole_card: ['C4', 'SK']
"b10201026" declared "fold:0"
"['b10902118']" won the round 3 (stack = {'b10902118': 1025, 'b10201026': 975})
community cards of this round: ['CA', 'SQ', 'S6', 'D6', 'CQ']
name: b10902118, hole_card: ['H6', 'SA']
name: b10201026, hole_card: ['C4', 'D7']
Started the round 4
Street "preflop" started. (community card = [])
name: b10902118, hole_card: ['H6', 'SA']
name: b10201026, hole_card: ['C4', 'D7']
"b10902118" declared "raise:27.5"
name: b10902118, hole_card: ['H6', 'SA']
name: b10201026, hole_card: ['C4', 'D7']
"b10201026" declared "fold:0"
"['b10902118']" won the round 4 (stack = {'b10902118': 1034.5, 'b10201026': 965})
community cards of this round: ['S2', 'HT', 'C3', 'HQ', 'ST']
name: b10902118, hole_card: ['H2', 'S6']
name: b10201026, hole_card: ['D6', 'S8']
Started the round 5
Street "preflop" started. (community card = [])
name: b10902118, hole_card: ['H2', 'S6']
name: b10201026, hole_card: ['D6', 'S8']
"b10201026" declared "fold:0"
"['b10902118']" won the round 5 (stack = {'b10902118': 1039.5, 'b10201026': 960})
community cards of this round: ['HJ', 'C2', 'D3', 'DK', 'C8']
name: b10902118, hole_card: ['C3', 'H8']
name: b10201026, hole_card: ['D6', 'H5']
Started the round 6
Street "preflop" started. (community card = [])
name: b10902118, hole_card: ['C3', 'H8']
name: b10201026, hole_card: ['D6', 'H5']
"b10902118" declared "fold:0"
"['b10201026']" won the round 6 (stack = {'b10902118': 1034.5, 'b10201026': 965})
community cards of this round: ['S9', 'D5', 'HA', 'C2', 'CQ']
name: b10902118, hole_card: ['HK', 'DA']
name: b10201026, hole_card: ['C7', 'S8']
Started the round 7
Street "preflop" started. (community card = [])
name: b10902118, hole_card: ['HK', 'DA']
name: b10201026, hole_card: ['C7', 'S8']
"b10201026" declared "fold:0"
"['b10902118']" won the round 7 (stack = {'b10902118': 1039.5, 'b10201026': 960})
community cards of this round: ['SQ', 'H6', 'C7', 'S3', 'C9']
name: b10902118, hole_card: ['S9', 'CJ']
name: b10201026, hole_card: ['C4', 'HA']
Started the round 8
Street "preflop" started. (community card = [])
name: b10902118, hole_card: ['S9', 'CJ']
name: b10201026, hole_card: ['C4', 'HA']
"b10902118" declared "call:10"
name: b10902118, hole_card: ['S9', 'CJ']
name: b10201026, hole_card: ['C4', 'HA']
"b10201026" declared "call:10"
Street "flop" started. (community card = ['SQ', 'H6', 'C7'])
name: b10902118, hole_card: ['S9', 'CJ']
name: b10201026, hole_card: ['C4', 'HA']
"b10902118" declared "call:0"
name: b10902118, hole_card: ['S9', 'CJ']
name: b10201026, hole_card: ['C4', 'HA']
"b10201026" declared "call:0"
Street "turn" started. (community card = ['SQ', 'H6', 'C7', 'S3'])
name: b10902118, hole_card: ['S9', 'CJ']
name: b10201026, hole_card: ['C4', 'HA']
"b10902118" declared "call:0"
name: b10902118, hole_card: ['S9', 'CJ']
name: b10201026, hole_card: ['C4', 'HA']
"b10201026" declared "call:0"
Street "river" started. (community card = ['SQ', 'H6', 'C7', 'S3', 'C9'])
name: b10902118, hole_card: ['S9', 'CJ']
name: b10201026, hole_card: ['C4', 'HA']
"b10902118" declared "raise:40.25"
name: b10902118, hole_card: ['S9', 'CJ']
name: b10201026, hole_card: ['C4', 'HA']
"b10201026" declared "fold:0"
"['b10902118']" won the round 8 (stack = {'b10902118': 1049.25, 'b10201026': 950})
community cards of this round: ['D6', 'HQ', 'HT', 'H2', 'SJ']
name: b10902118, hole_card: ['S7', 'H9']
name: b10201026, hole_card: ['ST', 'C5']
Started the round 9
Street "preflop" started. (community card = [])
name: b10902118, hole_card: ['S7', 'H9']
name: b10201026, hole_card: ['ST', 'C5']
"b10201026" declared "fold:0"
"['b10902118']" won the round 9 (stack = {'b10902118': 1054.25, 'b10201026': 945})
community cards of this round: ['SQ', 'D6', 'S7', 'HA', 'H6']
name: b10902118, hole_card: ['C8', 'H8']
name: b10201026, hole_card: ['S4', 'DJ']
Started the round 10
Street "preflop" started. (community card = [])
name: b10902118, hole_card: ['C8', 'H8']
name: b10201026, hole_card: ['S4', 'DJ']
"b10902118" declared "raise:15.0"
name: b10902118, hole_card: ['C8', 'H8']
name: b10201026, hole_card: ['S4', 'DJ']
"b10201026" declared "fold:0"
"['b10902118']" won the round 10 (stack = {'b10902118': 1064.25, 'b10201026': 935})
community cards of this round: ['H9', 'C8', 'S6', 'S8', 'C3']
name: b10902118, hole_card: ['CQ', 'S5']
name: b10201026, hole_card: ['S7', 'SQ']
Started the round 11
Street "preflop" started. (community card = [])
name: b10902118, hole_card: ['CQ', 'S5']
name: b10201026, hole_card: ['S7', 'SQ']
"b10201026" declared "call:10"
name: b10902118, hole_card: ['CQ', 'S5']
name: b10201026, hole_card: ['S7', 'SQ']
"b10902118" declared "call:10"
Street "flop" started. (community card = ['H9', 'C8', 'S6'])
name: b10902118, hole_card: ['CQ', 'S5']
name: b10201026, hole_card: ['S7', 'SQ']
"b10201026" declared "raise:925"
name: b10902118, hole_card: ['CQ', 'S5']
name: b10201026, hole_card: ['S7', 'SQ']
"b10902118" declared "fold:0"
"['b10201026']" won the round 11 (stack = {'b10902118': 1054.25, 'b10201026': 945})
community cards of this round: ['D4', 'D6', 'HA', 'C8', 'C7']
name: b10902118, hole_card: ['D3', 'H4']
name: b10201026, hole_card: ['CA', 'ST']
Started the round 12
Street "preflop" started. (community card = [])
name: b10902118, hole_card: ['D3', 'H4']
name: b10201026, hole_card: ['CA', 'ST']
"b10902118" declared "fold:0"
"['b10201026']" won the round 12 (stack = {'b10902118': 1049.25, 'b10201026': 950})
community cards of this round: ['C6', 'DQ', 'H6', 'DJ', 'HA']
name: b10902118, hole_card: ['S3', 'DT']
name: b10201026, hole_card: ['H8', 'SK']
Started the round 13
Street "preflop" started. (community card = [])
name: b10902118, hole_card: ['S3', 'DT']
name: b10201026, hole_card: ['H8', 'SK']
"b10201026" declared "call:10"
name: b10902118, hole_card: ['S3', 'DT']
name: b10201026, hole_card: ['H8', 'SK']
"b10902118" declared "call:10"
Street "flop" started. (community card = ['C6', 'DQ', 'H6'])
name: b10902118, hole_card: ['S3', 'DT']
name: b10201026, hole_card: ['H8', 'SK']
"b10201026" declared "raise:940"
name: b10902118, hole_card: ['S3', 'DT']
name: b10201026, hole_card: ['H8', 'SK']
"b10902118" declared "fold:0"
"['b10201026']" won the round 13 (stack = {'b10902118': 1039.25, 'b10201026': 960})
community cards of this round: ['HK', 'H4', 'C3', 'C5', 'H8']
name: b10902118, hole_card: ['H2', 'C9']
name: b10201026, hole_card: ['D9', 'C8']
Started the round 14
Street "preflop" started. (community card = [])
name: b10902118, hole_card: ['H2', 'C9']
name: b10201026, hole_card: ['D9', 'C8']
"b10902118" declared "fold:0"
"['b10201026']" won the round 14 (stack = {'b10902118': 1034.25, 'b10201026': 965})
community cards of this round: ['DT', 'S3', 'HK', 'D7', 'HA']
name: b10902118, hole_card: ['CT', 'D2']
name: b10201026, hole_card: ['S5', 'D4']
Started the round 15
Street "preflop" started. (community card = [])
name: b10902118, hole_card: ['CT', 'D2']
name: b10201026, hole_card: ['S5', 'D4']
"b10201026" declared "raise:965"
name: b10902118, hole_card: ['CT', 'D2']
name: b10201026, hole_card: ['S5', 'D4']
"b10902118" declared "fold:0"
"['b10201026']" won the round 15 (stack = {'b10902118': 1024.25, 'b10201026': 975})
community cards of this round: ['S3', 'DK', 'H9', 'HJ', 'C2']
name: b10902118, hole_card: ['D5', 'H3']
name: b10201026, hole_card: ['H5', 'CT']
Started the round 16
Street "preflop" started. (community card = [])
name: b10902118, hole_card: ['D5', 'H3']
name: b10201026, hole_card: ['H5', 'CT']
"b10902118" declared "fold:0"
"['b10201026']" won the round 16 (stack = {'b10902118': 1019.25, 'b10201026': 980})
community cards of this round: ['HT', 'H3', 'SQ', 'C8', 'HJ']
name: b10902118, hole_card: ['SA', 'S3']
name: b10201026, hole_card: ['S5', 'S6']
Started the round 17
Street "preflop" started. (community card = [])
name: b10902118, hole_card: ['SA', 'S3']
name: b10201026, hole_card: ['S5', 'S6']
"b10201026" declared "raise:980"
name: b10902118, hole_card: ['SA', 'S3']
name: b10201026, hole_card: ['S5', 'S6']
"b10902118" declared "call:980"
Street "flop" started. (community card = ['HT', 'H3', 'SQ'])
Street "turn" started. (community card = ['HT', 'H3', 'SQ', 'C8'])
Street "river" started. (community card = ['HT', 'H3', 'SQ', 'C8', 'HJ'])
"['b10902118']" won the round 17 (stack = {'b10902118': 1999.25, 'b10201026': 0})
b10201026 vs b10902118 - Game 5: {'rule': {'initial_stack': 1000, 'max_round': 20, 'small_blind_amount': 5, 'ante': 0, 'blind_structure': {}}, 'players': [{'name': 'b10902118', 'uuid': 'spqvsrrsuyxqngsdiammra', 'stack': 1999.25, 'state': 'participating'}, {'name': 'b10201026', 'uuid': 'vysozqiekkcgahcnqxmnfa', 'stack': 0, 'state': 'folded'}]}
Final Result: b10201026 won 2 games (stack: 3998.0), b10902118 won 3 games (stack: 5997.099999999999), num ties: 0
