community cards of this round: ['C5', 'CQ', 'C9', 'H4', 'HJ']
name: b10902044, hole_card: ['SJ', 'HA']
name: b10401008, hole_card: ['H2', 'S3']
Started the round 1
Street "preflop" started. (community card = [])
name: b10902044, hole_card: ['SJ', 'HA']
name: b10401008, hole_card: ['H2', 'S3']
"b10401008" declared "call:10"
name: b10902044, hole_card: ['SJ', 'HA']
name: b10401008, hole_card: ['H2', 'S3']
"b10902044" declared "raise:20"
name: b10902044, hole_card: ['SJ', 'HA']
name: b10401008, hole_card: ['H2', 'S3']
"b10401008" declared "call:20"
Street "flop" started. (community card = ['C5', 'CQ', 'C9'])
name: b10902044, hole_card: ['SJ', 'HA']
name: b10401008, hole_card: ['H2', 'S3']
"b10401008" declared "call:0"
name: b10902044, hole_card: ['SJ', 'HA']
name: b10401008, hole_card: ['H2', 'S3']
"b10902044" declared "raise:35"
name: b10902044, hole_card: ['SJ', 'HA']
name: b10401008, hole_card: ['H2', 'S3']
"b10401008" declared "fold:0"
"['b10902044']" won the round 1 (stack = {'b10902044': 1020, 'b10401008': 980})
community cards of this round: ['H5', 'CK', 'H4', 'D2', 'C9']
name: b10902044, hole_card: ['ST', 'C5']
name: b10401008, hole_card: ['D4', 'HA']
Started the round 2
Street "preflop" started. (community card = [])
name: b10902044, hole_card: ['ST', 'C5']
name: b10401008, hole_card: ['D4', 'HA']
"b10902044" declared "fold:0"
"['b10401008']" won the round 2 (stack = {'b10902044': 1015, 'b10401008': 985})
community cards of this round: ['S3', 'DK', 'ST', 'D6', 'CJ']
name: b10902044, hole_card: ['HA', 'DT']
name: b10401008, hole_card: ['CQ', 'S5']
Started the round 3
Street "preflop" started. (community card = [])
name: b10902044, hole_card: ['HA', 'DT']
name: b10401008, hole_card: ['CQ', 'S5']
"b10401008" declared "call:10"
name: b10902044, hole_card: ['HA', 'DT']
name: b10401008, hole_card: ['CQ', 'S5']
"b10902044" declared "raise:19"
name: b10902044, hole_card: ['HA', 'DT']
name: b10401008, hole_card: ['CQ', 'S5']
"b10401008" declared "call:19"
Street "flop" started. (community card = ['S3', 'DK', 'ST'])
name: b10902044, hole_card: ['HA', 'DT']
name: b10401008, hole_card: ['CQ', 'S5']
"b10401008" declared "call:0"
name: b10902044, hole_card: ['HA', 'DT']
name: b10401008, hole_card: ['CQ', 'S5']
"b10902044" declared "raise:35"
name: b10902044, hole_card: ['HA', 'DT']
name: b10401008, hole_card: ['CQ', 'S5']
"b10401008" declared "call:35"
Street "turn" started. (community card = ['S3', 'DK', 'ST', 'D6'])
name: b10902044, hole_card: ['HA', 'DT']
name: b10401008, hole_card: ['CQ', 'S5']
"b10401008" declared "call:0"
name: b10902044, hole_card: ['HA', 'DT']
name: b10401008, hole_card: ['CQ', 'S5']
"b10902044" declared "raise:104"
name: b10902044, hole_card: ['HA', 'DT']
name: b10401008, hole_card: ['CQ', 'S5']
"b10401008" declared "fold:0"
"['b10902044']" won the round 3 (stack = {'b10902044': 1069, 'b10401008': 931})
community cards of this round: ['D8', 'S3', 'C2', 'H2', 'S4']
name: b10902044, hole_card: ['C3', 'CA']
name: b10401008, hole_card: ['D2', 'SA']
Started the round 4
Street "preflop" started. (community card = [])
name: b10902044, hole_card: ['C3', 'CA']
name: b10401008, hole_card: ['D2', 'SA']
"b10902044" declared "raise:15"
name: b10902044, hole_card: ['C3', 'CA']
name: b10401008, hole_card: ['D2', 'SA']
"b10401008" declared "raise:30"
name: b10902044, hole_card: ['C3', 'CA']
name: b10401008, hole_card: ['D2', 'SA']
"b10902044" declared "raise:45"
name: b10902044, hole_card: ['C3', 'CA']
name: b10401008, hole_card: ['D2', 'SA']
"b10401008" declared "call:45"
Street "flop" started. (community card = ['D8', 'S3', 'C2'])
name: b10902044, hole_card: ['C3', 'CA']
name: b10401008, hole_card: ['D2', 'SA']
"b10902044" declared "raise:10"
name: b10902044, hole_card: ['C3', 'CA']
name: b10401008, hole_card: ['D2', 'SA']
"b10401008" declared "raise:20"
name: b10902044, hole_card: ['C3', 'CA']
name: b10401008, hole_card: ['D2', 'SA']
"b10902044" declared "raise:30"
name: b10902044, hole_card: ['C3', 'CA']
name: b10401008, hole_card: ['D2', 'SA']
"b10401008" declared "raise:40"
name: b10902044, hole_card: ['C3', 'CA']
name: b10401008, hole_card: ['D2', 'SA']
"b10902044" declared "raise:103"
name: b10902044, hole_card: ['C3', 'CA']
name: b10401008, hole_card: ['D2', 'SA']
"b10401008" declared "raise:166"
name: b10902044, hole_card: ['C3', 'CA']
name: b10401008, hole_card: ['D2', 'SA']
"b10902044" declared "raise:229"
name: b10902044, hole_card: ['C3', 'CA']
name: b10401008, hole_card: ['D2', 'SA']
"b10401008" declared "raise:292"
name: b10902044, hole_card: ['C3', 'CA']
name: b10401008, hole_card: ['D2', 'SA']
"b10902044" declared "raise:355"
name: b10902044, hole_card: ['C3', 'CA']
name: b10401008, hole_card: ['D2', 'SA']
"b10401008" declared "raise:418"
name: b10902044, hole_card: ['C3', 'CA']
name: b10401008, hole_card: ['D2', 'SA']
"b10902044" declared "raise:481"
name: b10902044, hole_card: ['C3', 'CA']
name: b10401008, hole_card: ['D2', 'SA']
"b10401008" declared "raise:544"
name: b10902044, hole_card: ['C3', 'CA']
name: b10401008, hole_card: ['D2', 'SA']
"b10902044" declared "raise:607"
name: b10902044, hole_card: ['C3', 'CA']
name: b10401008, hole_card: ['D2', 'SA']
"b10401008" declared "raise:670"
name: b10902044, hole_card: ['C3', 'CA']
name: b10401008, hole_card: ['D2', 'SA']
"b10902044" declared "raise:805"
name: b10902044, hole_card: ['C3', 'CA']
name: b10401008, hole_card: ['D2', 'SA']
"b10401008" declared "call:805"
Street "turn" started. (community card = ['D8', 'S3', 'C2', 'H2'])
name: b10902044, hole_card: ['C3', 'CA']
name: b10401008, hole_card: ['D2', 'SA']
"b10902044" declared "raise:219"
name: b10902044, hole_card: ['C3', 'CA']
name: b10401008, hole_card: ['D2', 'SA']
"b10401008" declared "call:219"
Street "river" started. (community card = ['D8', 'S3', 'C2', 'H2', 'S4'])
"['b10401008']" won the round 4 (stack = {'b10902044': 138, 'b10401008': 1862})
community cards of this round: ['S9', 'DJ', 'C4', 'D6', 'SJ']
name: b10902044, hole_card: ['SQ', 'D8']
name: b10401008, hole_card: ['CQ', 'H2']
Started the round 5
Street "preflop" started. (community card = [])
name: b10902044, hole_card: ['SQ', 'D8']
name: b10401008, hole_card: ['CQ', 'H2']
"b10401008" declared "fold:0"
"['b10902044']" won the round 5 (stack = {'b10902044': 143, 'b10401008': 1857})
community cards of this round: ['H8', 'SA', 'C5', 'DT', 'CJ']
name: b10902044, hole_card: ['S5', 'D8']
name: b10401008, hole_card: ['C2', 'S9']
Started the round 6
Street "preflop" started. (community card = [])
name: b10902044, hole_card: ['S5', 'D8']
name: b10401008, hole_card: ['C2', 'S9']
"b10902044" declared "fold:0"
"['b10401008']" won the round 6 (stack = {'b10902044': 138, 'b10401008': 1862})
community cards of this round: ['H8', 'SA', 'H5', 'D3', 'D8']
name: b10902044, hole_card: ['H4', 'HK']
name: b10401008, hole_card: ['S2', 'DK']
Started the round 7
Street "preflop" started. (community card = [])
name: b10902044, hole_card: ['H4', 'HK']
name: b10401008, hole_card: ['S2', 'DK']
"b10401008" declared "fold:0"
"['b10902044']" won the round 7 (stack = {'b10902044': 143, 'b10401008': 1857})
community cards of this round: ['HJ', 'CK', 'H2', 'H8', 'H3']
name: b10902044, hole_card: ['C2', 'S4']
name: b10401008, hole_card: ['H7', 'H4']
Started the round 8
Street "preflop" started. (community card = [])
name: b10902044, hole_card: ['C2', 'S4']
name: b10401008, hole_card: ['H7', 'H4']
"b10902044" declared "fold:0"
"['b10401008']" won the round 8 (stack = {'b10902044': 138, 'b10401008': 1862})
community cards of this round: ['CT', 'DK', 'CA', 'D3', 'CK']
name: b10902044, hole_card: ['SA', 'D4']
name: b10401008, hole_card: ['SK', 'H8']
Started the round 9
Street "preflop" started. (community card = [])
name: b10902044, hole_card: ['SA', 'D4']
name: b10401008, hole_card: ['SK', 'H8']
"b10401008" declared "fold:0"
"['b10902044']" won the round 9 (stack = {'b10902044': 143, 'b10401008': 1857})
community cards of this round: ['CQ', 'HT', 'H6', 'DJ', 'HJ']
name: b10902044, hole_card: ['D8', 'D5']
name: b10401008, hole_card: ['H5', 'C8']
Started the round 10
Street "preflop" started. (community card = [])
name: b10902044, hole_card: ['D8', 'D5']
name: b10401008, hole_card: ['H5', 'C8']
"b10902044" declared "raise:15"
name: b10902044, hole_card: ['D8', 'D5']
name: b10401008, hole_card: ['H5', 'C8']
"b10401008" declared "fold:0"
"['b10902044']" won the round 10 (stack = {'b10902044': 153, 'b10401008': 1847})
community cards of this round: ['D6', 'C5', 'DQ', 'D5', 'S7']
name: b10902044, hole_card: ['C7', 'S8']
name: b10401008, hole_card: ['H3', 'C4']
Started the round 11
Street "preflop" started. (community card = [])
name: b10902044, hole_card: ['C7', 'S8']
name: b10401008, hole_card: ['H3', 'C4']
"b10401008" declared "fold:0"
"['b10902044']" won the round 11 (stack = {'b10902044': 158, 'b10401008': 1842})
community cards of this round: ['D5', 'CJ', 'S9', 'D2', 'S7']
name: b10902044, hole_card: ['H5', 'H6']
name: b10401008, hole_card: ['S2', 'H3']
Started the round 12
Street "preflop" started. (community card = [])
name: b10902044, hole_card: ['H5', 'H6']
name: b10401008, hole_card: ['S2', 'H3']
"b10902044" declared "raise:15"
name: b10902044, hole_card: ['H5', 'H6']
name: b10401008, hole_card: ['S2', 'H3']
"b10401008" declared "fold:0"
"['b10902044']" won the round 12 (stack = {'b10902044': 168, 'b10401008': 1832})
community cards of this round: ['H3', 'H2', 'S2', 'SA', 'CT']
name: b10902044, hole_card: ['ST', 'SJ']
name: b10401008, hole_card: ['S9', 'D6']
Started the round 13
Street "preflop" started. (community card = [])
name: b10902044, hole_card: ['ST', 'SJ']
name: b10401008, hole_card: ['S9', 'D6']
"b10401008" declared "fold:0"
"['b10902044']" won the round 13 (stack = {'b10902044': 173, 'b10401008': 1827})
community cards of this round: ['D7', 'HJ', 'C4', 'S9', 'H2']
name: b10902044, hole_card: ['HQ', 'DA']
name: b10401008, hole_card: ['DJ', 'C8']
Started the round 14
Street "preflop" started. (community card = [])
name: b10902044, hole_card: ['HQ', 'DA']
name: b10401008, hole_card: ['DJ', 'C8']
"b10902044" declared "raise:15"
name: b10902044, hole_card: ['HQ', 'DA']
name: b10401008, hole_card: ['DJ', 'C8']
"b10401008" declared "fold:0"
"['b10902044']" won the round 14 (stack = {'b10902044': 183, 'b10401008': 1817})
community cards of this round: ['S3', 'CT', 'DK', 'SJ', 'C7']
name: b10902044, hole_card: ['DQ', 'S5']
name: b10401008, hole_card: ['H2', 'H3']
Started the round 15
Street "preflop" started. (community card = [])
name: b10902044, hole_card: ['DQ', 'S5']
name: b10401008, hole_card: ['H2', 'H3']
"b10401008" declared "fold:0"
"['b10902044']" won the round 15 (stack = {'b10902044': 188, 'b10401008': 1812})
community cards of this round: ['C6', 'DT', 'C8', 'H2', 'H6']
name: b10902044, hole_card: ['SJ', 'SA']
name: b10401008, hole_card: ['D6', 'CQ']
Started the round 16
Street "preflop" started. (community card = [])
name: b10902044, hole_card: ['SJ', 'SA']
name: b10401008, hole_card: ['D6', 'CQ']
"b10902044" declared "raise:15"
name: b10902044, hole_card: ['SJ', 'SA']
name: b10401008, hole_card: ['D6', 'CQ']
"b10401008" declared "fold:0"
"['b10902044']" won the round 16 (stack = {'b10902044': 198, 'b10401008': 1802})
community cards of this round: ['CK', 'D8', 'DQ', 'HA', 'S8']
name: b10902044, hole_card: ['CQ', 'C3']
name: b10401008, hole_card: ['D9', 'DJ']
Started the round 17
Street "preflop" started. (community card = [])
name: b10902044, hole_card: ['CQ', 'C3']
name: b10401008, hole_card: ['D9', 'DJ']
"b10401008" declared "fold:0"
"['b10902044']" won the round 17 (stack = {'b10902044': 203, 'b10401008': 1797})
community cards of this round: ['DQ', 'HK', 'H8', 'CK', 'C7']
name: b10902044, hole_card: ['CJ', 'D7']
name: b10401008, hole_card: ['D9', 'S4']
Started the round 18
Street "preflop" started. (community card = [])
name: b10902044, hole_card: ['CJ', 'D7']
name: b10401008, hole_card: ['D9', 'S4']
"b10902044" declared "fold:0"
"['b10401008']" won the round 18 (stack = {'b10902044': 198, 'b10401008': 1802})
community cards of this round: ['DT', 'SA', 'D6', 'H7', 'DK']
name: b10902044, hole_card: ['D5', 'C5']
name: b10401008, hole_card: ['H9', 'C8']
Started the round 19
Street "preflop" started. (community card = [])
name: b10902044, hole_card: ['D5', 'C5']
name: b10401008, hole_card: ['H9', 'C8']
"b10401008" declared "fold:0"
"['b10902044']" won the round 19 (stack = {'b10902044': 203, 'b10401008': 1797})
community cards of this round: ['C2', 'H2', 'DQ', 'CK', 'ST']
name: b10902044, hole_card: ['D4', 'C8']
name: b10401008, hole_card: ['DK', 'SK']
Started the round 20
Street "preflop" started. (community card = [])
name: b10902044, hole_card: ['D4', 'C8']
name: b10401008, hole_card: ['DK', 'SK']
"b10902044" declared "fold:0"
"['b10401008']" won the round 20 (stack = {'b10902044': 198, 'b10401008': 1802})
b10401008 vs b10902044 - Game 1: {'rule': {'initial_stack': 1000, 'max_round': 20, 'small_blind_amount': 5, 'ante': 0, 'blind_structure': {}}, 'players': [{'name': 'b10902044', 'uuid': 'rdnhbcxfeqbluscftmjmoi', 'stack': 198, 'state': 'participating'}, {'name': 'b10401008', 'uuid': 'rfqxmpeniwifhbsisyrfbb', 'stack': 1802, 'state': 'participating'}]}
community cards of this round: ['C5', 'CQ', 'C9', 'H4', 'HJ']
name: b10401008, hole_card: ['SJ', 'HA']
name: b10902044, hole_card: ['H2', 'S3']
Started the round 1
Street "preflop" started. (community card = [])
name: b10401008, hole_card: ['SJ', 'HA']
name: b10902044, hole_card: ['H2', 'S3']
"b10902044" declared "raise:15"
name: b10401008, hole_card: ['SJ', 'HA']
name: b10902044, hole_card: ['H2', 'S3']
"b10401008" declared "raise:30"
name: b10401008, hole_card: ['SJ', 'HA']
name: b10902044, hole_card: ['H2', 'S3']
"b10902044" declared "raise:45"
name: b10401008, hole_card: ['SJ', 'HA']
name: b10902044, hole_card: ['H2', 'S3']
"b10401008" declared "call:45"
Street "flop" started. (community card = ['C5', 'CQ', 'C9'])
name: b10401008, hole_card: ['SJ', 'HA']
name: b10902044, hole_card: ['H2', 'S3']
"b10902044" declared "raise:10"
name: b10401008, hole_card: ['SJ', 'HA']
name: b10902044, hole_card: ['H2', 'S3']
"b10401008" declared "call:10"
Street "turn" started. (community card = ['C5', 'CQ', 'C9', 'H4'])
name: b10401008, hole_card: ['SJ', 'HA']
name: b10902044, hole_card: ['H2', 'S3']
"b10902044" declared "raise:69"
name: b10401008, hole_card: ['SJ', 'HA']
name: b10902044, hole_card: ['H2', 'S3']
"b10401008" declared "fold:0"
"['b10902044']" won the round 1 (stack = {'b10401008': 945, 'b10902044': 1055})
community cards of this round: ['H5', 'CK', 'H4', 'D2', 'C9']
name: b10401008, hole_card: ['ST', 'C5']
name: b10902044, hole_card: ['D4', 'HA']
Started the round 2
Street "preflop" started. (community card = [])
name: b10401008, hole_card: ['ST', 'C5']
name: b10902044, hole_card: ['D4', 'HA']
"b10401008" declared "call:10"
name: b10401008, hole_card: ['ST', 'C5']
name: b10902044, hole_card: ['D4', 'HA']
"b10902044" declared "fold:0"
"['b10401008']" won the round 2 (stack = {'b10401008': 955, 'b10902044': 1045})
community cards of this round: ['S3', 'DK', 'ST', 'D6', 'CJ']
name: b10401008, hole_card: ['HA', 'DT']
name: b10902044, hole_card: ['CQ', 'S5']
Started the round 3
Street "preflop" started. (community card = [])
name: b10401008, hole_card: ['HA', 'DT']
name: b10902044, hole_card: ['CQ', 'S5']
"b10902044" declared "raise:15"
name: b10401008, hole_card: ['HA', 'DT']
name: b10902044, hole_card: ['CQ', 'S5']
"b10401008" declared "raise:30"
name: b10401008, hole_card: ['HA', 'DT']
name: b10902044, hole_card: ['CQ', 'S5']
"b10902044" declared "raise:45"
name: b10401008, hole_card: ['HA', 'DT']
name: b10902044, hole_card: ['CQ', 'S5']
"b10401008" declared "call:45"
Street "flop" started. (community card = ['S3', 'DK', 'ST'])
name: b10401008, hole_card: ['HA', 'DT']
name: b10902044, hole_card: ['CQ', 'S5']
"b10902044" declared "raise:50"
name: b10401008, hole_card: ['HA', 'DT']
name: b10902044, hole_card: ['CQ', 'S5']
"b10401008" declared "raise:100"
name: b10401008, hole_card: ['HA', 'DT']
name: b10902044, hole_card: ['CQ', 'S5']
"b10902044" declared "raise:150"
name: b10401008, hole_card: ['HA', 'DT']
name: b10902044, hole_card: ['CQ', 'S5']
"b10401008" declared "raise:200"
name: b10401008, hole_card: ['HA', 'DT']
name: b10902044, hole_card: ['CQ', 'S5']
"b10902044" declared "raise:258"
name: b10401008, hole_card: ['HA', 'DT']
name: b10902044, hole_card: ['CQ', 'S5']
"b10401008" declared "raise:316"
name: b10401008, hole_card: ['HA', 'DT']
name: b10902044, hole_card: ['CQ', 'S5']
"b10902044" declared "raise:419"
name: b10401008, hole_card: ['HA', 'DT']
name: b10902044, hole_card: ['CQ', 'S5']
"b10401008" declared "raise:522"
name: b10401008, hole_card: ['HA', 'DT']
name: b10902044, hole_card: ['CQ', 'S5']
"b10902044" declared "raise:625"
name: b10401008, hole_card: ['HA', 'DT']
name: b10902044, hole_card: ['CQ', 'S5']
"b10401008" declared "raise:728"
name: b10401008, hole_card: ['HA', 'DT']
name: b10902044, hole_card: ['CQ', 'S5']
"b10902044" declared "raise:831"
name: b10401008, hole_card: ['HA', 'DT']
name: b10902044, hole_card: ['CQ', 'S5']
"b10401008" declared "call:831"
Street "turn" started. (community card = ['S3', 'DK', 'ST', 'D6'])
name: b10401008, hole_card: ['HA', 'DT']
name: b10902044, hole_card: ['CQ', 'S5']
"b10902044" declared "raise:10"
name: b10401008, hole_card: ['HA', 'DT']
name: b10902044, hole_card: ['CQ', 'S5']
"b10401008" declared "raise:50"
name: b10401008, hole_card: ['HA', 'DT']
name: b10902044, hole_card: ['CQ', 'S5']
"b10902044" declared "raise:90"
name: b10401008, hole_card: ['HA', 'DT']
name: b10902044, hole_card: ['CQ', 'S5']
"b10401008" declared "call:90"
Street "river" started. (community card = ['S3', 'DK', 'ST', 'D6', 'CJ'])
"['b10401008']" won the round 3 (stack = {'b10401008': 1910, 'b10902044': 90})
community cards of this round: ['D8', 'S3', 'C2', 'H2', 'S4']
name: b10401008, hole_card: ['C3', 'CA']
name: b10902044, hole_card: ['D2', 'SA']
Started the round 4
Street "preflop" started. (community card = [])
name: b10401008, hole_card: ['C3', 'CA']
name: b10902044, hole_card: ['D2', 'SA']
"b10401008" declared "raise:25"
name: b10401008, hole_card: ['C3', 'CA']
name: b10902044, hole_card: ['D2', 'SA']
"b10902044" declared "raise:40"
name: b10401008, hole_card: ['C3', 'CA']
name: b10902044, hole_card: ['D2', 'SA']
"b10401008" declared "call:40"
Street "flop" started. (community card = ['D8', 'S3', 'C2'])
name: b10401008, hole_card: ['C3', 'CA']
name: b10902044, hole_card: ['D2', 'SA']
"b10401008" declared "raise:20"
name: b10401008, hole_card: ['C3', 'CA']
name: b10902044, hole_card: ['D2', 'SA']
"b10902044" declared "raise:40"
name: b10401008, hole_card: ['C3', 'CA']
name: b10902044, hole_card: ['D2', 'SA']
"b10401008" declared "raise:60"
name: b10401008, hole_card: ['C3', 'CA']
name: b10902044, hole_card: ['D2', 'SA']
"b10902044" declared "call:60"
Street "turn" started. (community card = ['D8', 'S3', 'C2', 'H2'])
Street "river" started. (community card = ['D8', 'S3', 'C2', 'H2', 'S4'])
"['b10902044']" won the round 4 (stack = {'b10401008': 1820, 'b10902044': 180})
community cards of this round: ['S9', 'DJ', 'C4', 'D6', 'SJ']
name: b10401008, hole_card: ['SQ', 'D8']
name: b10902044, hole_card: ['CQ', 'H2']
Started the round 5
Street "preflop" started. (community card = [])
name: b10401008, hole_card: ['SQ', 'D8']
name: b10902044, hole_card: ['CQ', 'H2']
"b10902044" declared "raise:15"
name: b10401008, hole_card: ['SQ', 'D8']
name: b10902044, hole_card: ['CQ', 'H2']
"b10401008" declared "call:15"
Street "flop" started. (community card = ['S9', 'DJ', 'C4'])
name: b10401008, hole_card: ['SQ', 'D8']
name: b10902044, hole_card: ['CQ', 'H2']
"b10902044" declared "raise:17"
name: b10401008, hole_card: ['SQ', 'D8']
name: b10902044, hole_card: ['CQ', 'H2']
"b10401008" declared "call:17"
Street "turn" started. (community card = ['S9', 'DJ', 'C4', 'D6'])
name: b10401008, hole_card: ['SQ', 'D8']
name: b10902044, hole_card: ['CQ', 'H2']
"b10902044" declared "raise:10"
name: b10401008, hole_card: ['SQ', 'D8']
name: b10902044, hole_card: ['CQ', 'H2']
"b10401008" declared "call:10"
Street "river" started. (community card = ['S9', 'DJ', 'C4', 'D6', 'SJ'])
name: b10401008, hole_card: ['SQ', 'D8']
name: b10902044, hole_card: ['CQ', 'H2']
"b10902044" declared "raise:10"
name: b10401008, hole_card: ['SQ', 'D8']
name: b10902044, hole_card: ['CQ', 'H2']
"b10401008" declared "raise:899"
name: b10401008, hole_card: ['SQ', 'D8']
name: b10902044, hole_card: ['CQ', 'H2']
"b10902044" declared "call:899"
"['b10401008']" won the round 5 (stack = {'b10401008': 2000, 'b10902044': 0})
b10401008 vs b10902044 - Game 2: {'rule': {'initial_stack': 1000, 'max_round': 20, 'small_blind_amount': 5, 'ante': 0, 'blind_structure': {}}, 'players': [{'name': 'b10401008', 'uuid': 'okmghrbqfzwjqvscdcezjv', 'stack': 2000, 'state': 'participating'}, {'name': 'b10902044', 'uuid': 'ihmgrnymjduicbqwemclxi', 'stack': 0, 'state': 'folded'}]}
community cards of this round: ['S6', 'DJ', 'D9', 'H3', 'D5']
name: b10902044, hole_card: ['CT', 'HQ']
name: b10401008, hole_card: ['S3', 'D4']
Started the round 1
Street "preflop" started. (community card = [])
name: b10902044, hole_card: ['CT', 'HQ']
name: b10401008, hole_card: ['S3', 'D4']
"b10401008" declared "call:10"
name: b10902044, hole_card: ['CT', 'HQ']
name: b10401008, hole_card: ['S3', 'D4']
"b10902044" declared "raise:20"
name: b10902044, hole_card: ['CT', 'HQ']
name: b10401008, hole_card: ['S3', 'D4']
"b10401008" declared "call:20"
Street "flop" started. (community card = ['S6', 'DJ', 'D9'])
name: b10902044, hole_card: ['CT', 'HQ']
name: b10401008, hole_card: ['S3', 'D4']
"b10401008" declared "call:0"
name: b10902044, hole_card: ['CT', 'HQ']
name: b10401008, hole_card: ['S3', 'D4']
"b10902044" declared "raise:38"
name: b10902044, hole_card: ['CT', 'HQ']
name: b10401008, hole_card: ['S3', 'D4']
"b10401008" declared "fold:0"
"['b10902044']" won the round 1 (stack = {'b10902044': 1020, 'b10401008': 980})
community cards of this round: ['C3', 'S5', 'SA', 'C5', 'D3']
name: b10902044, hole_card: ['S2', 'S8']
name: b10401008, hole_card: ['H8', 'D8']
Started the round 2
Street "preflop" started. (community card = [])
name: b10902044, hole_card: ['S2', 'S8']
name: b10401008, hole_card: ['H8', 'D8']
"b10902044" declared "raise:15"
name: b10902044, hole_card: ['S2', 'S8']
name: b10401008, hole_card: ['H8', 'D8']
"b10401008" declared "raise:30"
name: b10902044, hole_card: ['S2', 'S8']
name: b10401008, hole_card: ['H8', 'D8']
"b10902044" declared "raise:45"
name: b10902044, hole_card: ['S2', 'S8']
name: b10401008, hole_card: ['H8', 'D8']
"b10401008" declared "call:45"
Street "flop" started. (community card = ['C3', 'S5', 'SA'])
name: b10902044, hole_card: ['S2', 'S8']
name: b10401008, hole_card: ['H8', 'D8']
"b10902044" declared "raise:63"
name: b10902044, hole_card: ['S2', 'S8']
name: b10401008, hole_card: ['H8', 'D8']
"b10401008" declared "call:63"
Street "turn" started. (community card = ['C3', 'S5', 'SA', 'C5'])
name: b10902044, hole_card: ['S2', 'S8']
name: b10401008, hole_card: ['H8', 'D8']
"b10902044" declared "raise:127"
name: b10902044, hole_card: ['S2', 'S8']
name: b10401008, hole_card: ['H8', 'D8']
"b10401008" declared "call:127"
Street "river" started. (community card = ['C3', 'S5', 'SA', 'C5', 'D3'])
name: b10902044, hole_card: ['S2', 'S8']
name: b10401008, hole_card: ['H8', 'D8']
"b10902044" declared "raise:10"
name: b10902044, hole_card: ['S2', 'S8']
name: b10401008, hole_card: ['H8', 'D8']
"b10401008" declared "call:10"
"['b10401008']" won the round 2 (stack = {'b10902044': 775, 'b10401008': 1225})
community cards of this round: ['DJ', 'C5', 'S9', 'SQ', 'DA']
name: b10902044, hole_card: ['H2', 'S8']
name: b10401008, hole_card: ['D5', 'CK']
Started the round 3
Street "preflop" started. (community card = [])
name: b10902044, hole_card: ['H2', 'S8']
name: b10401008, hole_card: ['D5', 'CK']
"b10401008" declared "fold:0"
"['b10902044']" won the round 3 (stack = {'b10902044': 780, 'b10401008': 1220})
community cards of this round: ['D7', 'S6', 'HT', 'D5', 'SQ']
name: b10902044, hole_card: ['H2', 'H7']
name: b10401008, hole_card: ['C8', 'C7']
Started the round 4
Street "preflop" started. (community card = [])
name: b10902044, hole_card: ['H2', 'H7']
name: b10401008, hole_card: ['C8', 'C7']
"b10902044" declared "raise:15"
name: b10902044, hole_card: ['H2', 'H7']
name: b10401008, hole_card: ['C8', 'C7']
"b10401008" declared "fold:0"
"['b10902044']" won the round 4 (stack = {'b10902044': 790, 'b10401008': 1210})
community cards of this round: ['HA', 'CQ', 'D5', 'S3', 'S9']
name: b10902044, hole_card: ['D4', 'SA']
name: b10401008, hole_card: ['H2', 'S6']
Started the round 5
Street "preflop" started. (community card = [])
name: b10902044, hole_card: ['D4', 'SA']
name: b10401008, hole_card: ['H2', 'S6']
"b10401008" declared "fold:0"
"['b10902044']" won the round 5 (stack = {'b10902044': 795, 'b10401008': 1205})
community cards of this round: ['D9', 'DQ', 'SA', 'HT', 'H6']
name: b10902044, hole_card: ['DT', 'HA']
name: b10401008, hole_card: ['CQ', 'S3']
Started the round 6
Street "preflop" started. (community card = [])
name: b10902044, hole_card: ['DT', 'HA']
name: b10401008, hole_card: ['CQ', 'S3']
"b10902044" declared "raise:15"
name: b10902044, hole_card: ['DT', 'HA']
name: b10401008, hole_card: ['CQ', 'S3']
"b10401008" declared "fold:0"
"['b10902044']" won the round 6 (stack = {'b10902044': 805, 'b10401008': 1195})
community cards of this round: ['C8', 'CQ', 'S2', 'D2', 'D5']
name: b10902044, hole_card: ['DK', 'S7']
name: b10401008, hole_card: ['HJ', 'DT']
Started the round 7
Street "preflop" started. (community card = [])
name: b10902044, hole_card: ['DK', 'S7']
name: b10401008, hole_card: ['HJ', 'DT']
"b10401008" declared "fold:0"
"['b10902044']" won the round 7 (stack = {'b10902044': 810, 'b10401008': 1190})
community cards of this round: ['CQ', 'DJ', 'SK', 'SA', 'C7']
name: b10902044, hole_card: ['CJ', 'SQ']
name: b10401008, hole_card: ['D9', 'C8']
Started the round 8
Street "preflop" started. (community card = [])
name: b10902044, hole_card: ['CJ', 'SQ']
name: b10401008, hole_card: ['D9', 'C8']
"b10902044" declared "raise:15"
name: b10902044, hole_card: ['CJ', 'SQ']
name: b10401008, hole_card: ['D9', 'C8']
"b10401008" declared "fold:0"
"['b10902044']" won the round 8 (stack = {'b10902044': 820, 'b10401008': 1180})
community cards of this round: ['DK', 'CA', 'ST', 'SQ', 'H3']
name: b10902044, hole_card: ['HQ', 'CJ']
name: b10401008, hole_card: ['SJ', 'C2']
Started the round 9
Street "preflop" started. (community card = [])
name: b10902044, hole_card: ['HQ', 'CJ']
name: b10401008, hole_card: ['SJ', 'C2']
"b10401008" declared "fold:0"
"['b10902044']" won the round 9 (stack = {'b10902044': 825, 'b10401008': 1175})
community cards of this round: ['C5', 'DT', 'C4', 'C9', 'CQ']
name: b10902044, hole_card: ['D3', 'S3']
name: b10401008, hole_card: ['SA', 'C6']
Started the round 10
Street "preflop" started. (community card = [])
name: b10902044, hole_card: ['D3', 'S3']
name: b10401008, hole_card: ['SA', 'C6']
"b10902044" declared "fold:0"
"['b10401008']" won the round 10 (stack = {'b10902044': 820, 'b10401008': 1180})
community cards of this round: ['C6', 'CK', 'DK', 'H5', 'SJ']
name: b10902044, hole_card: ['S7', 'DQ']
name: b10401008, hole_card: ['C9', 'SA']
Started the round 11
Street "preflop" started. (community card = [])
name: b10902044, hole_card: ['S7', 'DQ']
name: b10401008, hole_card: ['C9', 'SA']
"b10401008" declared "fold:0"
"['b10902044']" won the round 11 (stack = {'b10902044': 825, 'b10401008': 1175})
community cards of this round: ['C7', 'DA', 'D9', 'H5', 'D7']
name: b10902044, hole_card: ['D4', 'H9']
name: b10401008, hole_card: ['S7', 'D5']
Started the round 12
Street "preflop" started. (community card = [])
name: b10902044, hole_card: ['D4', 'H9']
name: b10401008, hole_card: ['S7', 'D5']
"b10902044" declared "fold:0"
"['b10401008']" won the round 12 (stack = {'b10902044': 820, 'b10401008': 1180})
community cards of this round: ['C2', 'C9', 'SQ', 'H6', 'C3']
name: b10902044, hole_card: ['H3', 'D8']
name: b10401008, hole_card: ['D9', 'C5']
Started the round 13
Street "preflop" started. (community card = [])
name: b10902044, hole_card: ['H3', 'D8']
name: b10401008, hole_card: ['D9', 'C5']
"b10401008" declared "fold:0"
"['b10902044']" won the round 13 (stack = {'b10902044': 825, 'b10401008': 1175})
community cards of this round: ['C5', 'CT', 'CQ', 'HA', 'C2']
name: b10902044, hole_card: ['C6', 'HQ']
name: b10401008, hole_card: ['D2', 'HT']
Started the round 14
Street "preflop" started. (community card = [])
name: b10902044, hole_card: ['C6', 'HQ']
name: b10401008, hole_card: ['D2', 'HT']
"b10902044" declared "raise:15"
name: b10902044, hole_card: ['C6', 'HQ']
name: b10401008, hole_card: ['D2', 'HT']
"b10401008" declared "fold:0"
"['b10902044']" won the round 14 (stack = {'b10902044': 835, 'b10401008': 1165})
community cards of this round: ['H7', 'D3', 'H4', 'S5', 'H6']
name: b10902044, hole_card: ['DK', 'DJ']
name: b10401008, hole_card: ['S6', 'CK']
Started the round 15
Street "preflop" started. (community card = [])
name: b10902044, hole_card: ['DK', 'DJ']
name: b10401008, hole_card: ['S6', 'CK']
"b10401008" declared "fold:0"
"['b10902044']" won the round 15 (stack = {'b10902044': 840, 'b10401008': 1160})
community cards of this round: ['CK', 'H9', 'C3', 'CJ', 'H2']
name: b10902044, hole_card: ['H4', 'H7']
name: b10401008, hole_card: ['DJ', 'HJ']
Started the round 16
Street "preflop" started. (community card = [])
name: b10902044, hole_card: ['H4', 'H7']
name: b10401008, hole_card: ['DJ', 'HJ']
"b10902044" declared "raise:15"
name: b10902044, hole_card: ['H4', 'H7']
name: b10401008, hole_card: ['DJ', 'HJ']
"b10401008" declared "fold:0"
"['b10902044']" won the round 16 (stack = {'b10902044': 850, 'b10401008': 1150})
community cards of this round: ['C2', 'S2', 'H8', 'S6', 'D4']
name: b10902044, hole_card: ['C6', 'DK']
name: b10401008, hole_card: ['S4', 'DT']
Started the round 17
Street "preflop" started. (community card = [])
name: b10902044, hole_card: ['C6', 'DK']
name: b10401008, hole_card: ['S4', 'DT']
"b10401008" declared "fold:0"
"['b10902044']" won the round 17 (stack = {'b10902044': 855, 'b10401008': 1145})
community cards of this round: ['SA', 'H6', 'CK', 'H3', 'D7']
name: b10902044, hole_card: ['HJ', 'S7']
name: b10401008, hole_card: ['DQ', 'CT']
Started the round 18
Street "preflop" started. (community card = [])
name: b10902044, hole_card: ['HJ', 'S7']
name: b10401008, hole_card: ['DQ', 'CT']
"b10902044" declared "fold:0"
"['b10401008']" won the round 18 (stack = {'b10902044': 850, 'b10401008': 1150})
community cards of this round: ['D6', 'ST', 'S8', 'C4', 'CQ']
name: b10902044, hole_card: ['H5', 'D9']
name: b10401008, hole_card: ['SK', 'D8']
Started the round 19
Street "preflop" started. (community card = [])
name: b10902044, hole_card: ['H5', 'D9']
name: b10401008, hole_card: ['SK', 'D8']
"b10401008" declared "fold:0"
"['b10902044']" won the round 19 (stack = {'b10902044': 855, 'b10401008': 1145})
community cards of this round: ['CJ', 'DJ', 'H5', 'S3', 'H4']
name: b10902044, hole_card: ['H7', 'D2']
name: b10401008, hole_card: ['H9', 'H8']
Started the round 20
Street "preflop" started. (community card = [])
name: b10902044, hole_card: ['H7', 'D2']
name: b10401008, hole_card: ['H9', 'H8']
"b10902044" declared "raise:15"
name: b10902044, hole_card: ['H7', 'D2']
name: b10401008, hole_card: ['H9', 'H8']
"b10401008" declared "fold:0"
"['b10902044']" won the round 20 (stack = {'b10902044': 865, 'b10401008': 1135})
b10401008 vs b10902044 - Game 3: {'rule': {'initial_stack': 1000, 'max_round': 20, 'small_blind_amount': 5, 'ante': 0, 'blind_structure': {}}, 'players': [{'name': 'b10902044', 'uuid': 'ueikogvxfvrhoamvjfvvgo', 'stack': 865, 'state': 'participating'}, {'name': 'b10401008', 'uuid': 'elyiozzxgdjmkzhuaoooml', 'stack': 1135, 'state': 'participating'}]}
community cards of this round: ['S6', 'DJ', 'D9', 'H3', 'D5']
name: b10401008, hole_card: ['CT', 'HQ']
name: b10902044, hole_card: ['S3', 'D4']
Started the round 1
Street "preflop" started. (community card = [])
name: b10401008, hole_card: ['CT', 'HQ']
name: b10902044, hole_card: ['S3', 'D4']
"b10902044" declared "raise:15"
name: b10401008, hole_card: ['CT', 'HQ']
name: b10902044, hole_card: ['S3', 'D4']
"b10401008" declared "call:15"
Street "flop" started. (community card = ['S6', 'DJ', 'D9'])
name: b10401008, hole_card: ['CT', 'HQ']
name: b10902044, hole_card: ['S3', 'D4']
"b10902044" declared "raise:17"
name: b10401008, hole_card: ['CT', 'HQ']
name: b10902044, hole_card: ['S3', 'D4']
"b10401008" declared "call:17"
Street "turn" started. (community card = ['S6', 'DJ', 'D9', 'H3'])
name: b10401008, hole_card: ['CT', 'HQ']
name: b10902044, hole_card: ['S3', 'D4']
"b10902044" declared "raise:39"
name: b10401008, hole_card: ['CT', 'HQ']
name: b10902044, hole_card: ['S3', 'D4']
"b10401008" declared "fold:0"
"['b10902044']" won the round 1 (stack = {'b10401008': 968, 'b10902044': 1032})
community cards of this round: ['C3', 'S5', 'SA', 'C5', 'D3']
name: b10401008, hole_card: ['S2', 'S8']
name: b10902044, hole_card: ['H8', 'D8']
Started the round 2
Street "preflop" started. (community card = [])
name: b10401008, hole_card: ['S2', 'S8']
name: b10902044, hole_card: ['H8', 'D8']
"b10401008" declared "call:10"
name: b10401008, hole_card: ['S2', 'S8']
name: b10902044, hole_card: ['H8', 'D8']
"b10902044" declared "raise:18"
name: b10401008, hole_card: ['S2', 'S8']
name: b10902044, hole_card: ['H8', 'D8']
"b10401008" declared "call:18"
Street "flop" started. (community card = ['C3', 'S5', 'SA'])
name: b10401008, hole_card: ['S2', 'S8']
name: b10902044, hole_card: ['H8', 'D8']
"b10401008" declared "call:0"
name: b10401008, hole_card: ['S2', 'S8']
name: b10902044, hole_card: ['H8', 'D8']
"b10902044" declared "raise:36"
name: b10401008, hole_card: ['S2', 'S8']
name: b10902044, hole_card: ['H8', 'D8']
"b10401008" declared "fold:0"
"['b10902044']" won the round 2 (stack = {'b10401008': 950, 'b10902044': 1050})
community cards of this round: ['DJ', 'C5', 'S9', 'SQ', 'DA']
name: b10401008, hole_card: ['H2', 'S8']
name: b10902044, hole_card: ['D5', 'CK']
Started the round 3
Street "preflop" started. (community card = [])
name: b10401008, hole_card: ['H2', 'S8']
name: b10902044, hole_card: ['D5', 'CK']
"b10902044" declared "fold:0"
"['b10401008']" won the round 3 (stack = {'b10401008': 955, 'b10902044': 1045})
community cards of this round: ['D7', 'S6', 'HT', 'D5', 'SQ']
name: b10401008, hole_card: ['H2', 'H7']
name: b10902044, hole_card: ['C8', 'C7']
Started the round 4
Street "preflop" started. (community card = [])
name: b10401008, hole_card: ['H2', 'H7']
name: b10902044, hole_card: ['C8', 'C7']
"b10401008" declared "call:10"
name: b10401008, hole_card: ['H2', 'H7']
name: b10902044, hole_card: ['C8', 'C7']
"b10902044" declared "fold:0"
"['b10401008']" won the round 4 (stack = {'b10401008': 965, 'b10902044': 1035})
community cards of this round: ['HA', 'CQ', 'D5', 'S3', 'S9']
name: b10401008, hole_card: ['D4', 'SA']
name: b10902044, hole_card: ['H2', 'S6']
Started the round 5
Street "preflop" started. (community card = [])
name: b10401008, hole_card: ['D4', 'SA']
name: b10902044, hole_card: ['H2', 'S6']
"b10902044" declared "fold:0"
"['b10401008']" won the round 5 (stack = {'b10401008': 970, 'b10902044': 1030})
community cards of this round: ['D9', 'DQ', 'SA', 'HT', 'H6']
name: b10401008, hole_card: ['DT', 'HA']
name: b10902044, hole_card: ['CQ', 'S3']
Started the round 6
Street "preflop" started. (community card = [])
name: b10401008, hole_card: ['DT', 'HA']
name: b10902044, hole_card: ['CQ', 'S3']
"b10401008" declared "raise:25"
name: b10401008, hole_card: ['DT', 'HA']
name: b10902044, hole_card: ['CQ', 'S3']
"b10902044" declared "raise:40"
name: b10401008, hole_card: ['DT', 'HA']
name: b10902044, hole_card: ['CQ', 'S3']
"b10401008" declared "call:40"
Street "flop" started. (community card = ['D9', 'DQ', 'SA'])
name: b10401008, hole_card: ['DT', 'HA']
name: b10902044, hole_card: ['CQ', 'S3']
"b10401008" declared "raise:20"
name: b10401008, hole_card: ['DT', 'HA']
name: b10902044, hole_card: ['CQ', 'S3']
"b10902044" declared "raise:40"
name: b10401008, hole_card: ['DT', 'HA']
name: b10902044, hole_card: ['CQ', 'S3']
"b10401008" declared "raise:60"
name: b10401008, hole_card: ['DT', 'HA']
name: b10902044, hole_card: ['CQ', 'S3']
"b10902044" declared "raise:80"
name: b10401008, hole_card: ['DT', 'HA']
name: b10902044, hole_card: ['CQ', 'S3']
"b10401008" declared "raise:100"
name: b10401008, hole_card: ['DT', 'HA']
name: b10902044, hole_card: ['CQ', 'S3']
"b10902044" declared "raise:120"
name: b10401008, hole_card: ['DT', 'HA']
name: b10902044, hole_card: ['CQ', 'S3']
"b10401008" declared "raise:140"
name: b10401008, hole_card: ['DT', 'HA']
name: b10902044, hole_card: ['CQ', 'S3']
"b10902044" declared "raise:160"
name: b10401008, hole_card: ['DT', 'HA']
name: b10902044, hole_card: ['CQ', 'S3']
"b10401008" declared "raise:180"
name: b10401008, hole_card: ['DT', 'HA']
name: b10902044, hole_card: ['CQ', 'S3']
"b10902044" declared "raise:247"
name: b10401008, hole_card: ['DT', 'HA']
name: b10902044, hole_card: ['CQ', 'S3']
"b10401008" declared "raise:314"
name: b10401008, hole_card: ['DT', 'HA']
name: b10902044, hole_card: ['CQ', 'S3']
"b10902044" declared "raise:381"
name: b10401008, hole_card: ['DT', 'HA']
name: b10902044, hole_card: ['CQ', 'S3']
"b10401008" declared "raise:448"
name: b10401008, hole_card: ['DT', 'HA']
name: b10902044, hole_card: ['CQ', 'S3']
"b10902044" declared "raise:518"
name: b10401008, hole_card: ['DT', 'HA']
name: b10902044, hole_card: ['CQ', 'S3']
"b10401008" declared "raise:588"
name: b10401008, hole_card: ['DT', 'HA']
name: b10902044, hole_card: ['CQ', 'S3']
"b10902044" declared "raise:658"
name: b10401008, hole_card: ['DT', 'HA']
name: b10902044, hole_card: ['CQ', 'S3']
"b10401008" declared "raise:728"
name: b10401008, hole_card: ['DT', 'HA']
name: b10902044, hole_card: ['CQ', 'S3']
"b10902044" declared "raise:798"
name: b10401008, hole_card: ['DT', 'HA']
name: b10902044, hole_card: ['CQ', 'S3']
"b10401008" declared "raise:868"
name: b10401008, hole_card: ['DT', 'HA']
name: b10902044, hole_card: ['CQ', 'S3']
"b10902044" declared "raise:956"
name: b10401008, hole_card: ['DT', 'HA']
name: b10902044, hole_card: ['CQ', 'S3']
"b10401008" declared "call:956"
Street "turn" started. (community card = ['D9', 'DQ', 'SA', 'HT'])
Street "river" started. (community card = ['D9', 'DQ', 'SA', 'HT', 'H6'])
"['b10401008']" won the round 6 (stack = {'b10401008': 1940, 'b10902044': 60})
community cards of this round: ['C8', 'CQ', 'S2', 'D2', 'D5']
name: b10401008, hole_card: ['DK', 'S7']
name: b10902044, hole_card: ['HJ', 'DT']
Started the round 7
Street "preflop" started. (community card = [])
name: b10401008, hole_card: ['DK', 'S7']
name: b10902044, hole_card: ['HJ', 'DT']
"b10902044" declared "raise:15"
name: b10401008, hole_card: ['DK', 'S7']
name: b10902044, hole_card: ['HJ', 'DT']
"b10401008" declared "raise:30"
name: b10401008, hole_card: ['DK', 'S7']
name: b10902044, hole_card: ['HJ', 'DT']
"b10902044" declared "raise:45"
name: b10401008, hole_card: ['DK', 'S7']
name: b10902044, hole_card: ['HJ', 'DT']
"b10401008" declared "call:45"
Street "flop" started. (community card = ['C8', 'CQ', 'S2'])
name: b10401008, hole_card: ['DK', 'S7']
name: b10902044, hole_card: ['HJ', 'DT']
"b10902044" declared "raise:10"
name: b10401008, hole_card: ['DK', 'S7']
name: b10902044, hole_card: ['HJ', 'DT']
"b10401008" declared "call:10"
Street "turn" started. (community card = ['C8', 'CQ', 'S2', 'D2'])
name: b10401008, hole_card: ['DK', 'S7']
name: b10902044, hole_card: ['HJ', 'DT']
"b10902044" declared "call:0"
name: b10401008, hole_card: ['DK', 'S7']
name: b10902044, hole_card: ['HJ', 'DT']
"b10401008" declared "call:0"
Street "river" started. (community card = ['C8', 'CQ', 'S2', 'D2', 'D5'])
name: b10401008, hole_card: ['DK', 'S7']
name: b10902044, hole_card: ['HJ', 'DT']
"b10902044" declared "call:0"
name: b10401008, hole_card: ['DK', 'S7']
name: b10902044, hole_card: ['HJ', 'DT']
"b10401008" declared "call:0"
"['b10401008']" won the round 7 (stack = {'b10401008': 1995, 'b10902044': 5})
b10401008 vs b10902044 - Game 4: {'rule': {'initial_stack': 1000, 'max_round': 20, 'small_blind_amount': 5, 'ante': 0, 'blind_structure': {}}, 'players': [{'name': 'b10401008', 'uuid': 'dnmpwfjwopkknslyzaicmq', 'stack': 1995, 'state': 'participating'}, {'name': 'b10902044', 'uuid': 'oxswnwzliwsgictoufpsus', 'stack': 0, 'state': 'folded'}]}
community cards of this round: ['C4', 'DQ', 'C6', 'C3', 'CA']
name: b10902044, hole_card: ['D3', 'S2']
name: b10401008, hole_card: ['S7', 'C5']
Started the round 1
Street "preflop" started. (community card = [])
name: b10902044, hole_card: ['D3', 'S2']
name: b10401008, hole_card: ['S7', 'C5']
"b10401008" declared "call:10"
name: b10902044, hole_card: ['D3', 'S2']
name: b10401008, hole_card: ['S7', 'C5']
"b10902044" declared "raise:15"
name: b10902044, hole_card: ['D3', 'S2']
name: b10401008, hole_card: ['S7', 'C5']
"b10401008" declared "call:15"
Street "flop" started. (community card = ['C4', 'DQ', 'C6'])
name: b10902044, hole_card: ['D3', 'S2']
name: b10401008, hole_card: ['S7', 'C5']
"b10401008" declared "call:0"
name: b10902044, hole_card: ['D3', 'S2']
name: b10401008, hole_card: ['S7', 'C5']
"b10902044" declared "raise:10"
name: b10902044, hole_card: ['D3', 'S2']
name: b10401008, hole_card: ['S7', 'C5']
"b10401008" declared "call:10"
Street "turn" started. (community card = ['C4', 'DQ', 'C6', 'C3'])
name: b10902044, hole_card: ['D3', 'S2']
name: b10401008, hole_card: ['S7', 'C5']
"b10401008" declared "raise:50"
name: b10902044, hole_card: ['D3', 'S2']
name: b10401008, hole_card: ['S7', 'C5']
"b10902044" declared "raise:100"
name: b10902044, hole_card: ['D3', 'S2']
name: b10401008, hole_card: ['S7', 'C5']
"b10401008" declared "raise:150"
name: b10902044, hole_card: ['D3', 'S2']
name: b10401008, hole_card: ['S7', 'C5']
"b10902044" declared "raise:200"
name: b10902044, hole_card: ['D3', 'S2']
name: b10401008, hole_card: ['S7', 'C5']
"b10401008" declared "raise:250"
name: b10902044, hole_card: ['D3', 'S2']
name: b10401008, hole_card: ['S7', 'C5']
"b10902044" declared "raise:300"
name: b10902044, hole_card: ['D3', 'S2']
name: b10401008, hole_card: ['S7', 'C5']
"b10401008" declared "raise:350"
name: b10902044, hole_card: ['D3', 'S2']
name: b10401008, hole_card: ['S7', 'C5']
"b10902044" declared "raise:400"
name: b10902044, hole_card: ['D3', 'S2']
name: b10401008, hole_card: ['S7', 'C5']
"b10401008" declared "raise:450"
name: b10902044, hole_card: ['D3', 'S2']
name: b10401008, hole_card: ['S7', 'C5']
"b10902044" declared "raise:500"
name: b10902044, hole_card: ['D3', 'S2']
name: b10401008, hole_card: ['S7', 'C5']
"b10401008" declared "raise:550"
name: b10902044, hole_card: ['D3', 'S2']
name: b10401008, hole_card: ['S7', 'C5']
"b10902044" declared "raise:639"
name: b10902044, hole_card: ['D3', 'S2']
name: b10401008, hole_card: ['S7', 'C5']
"b10401008" declared "raise:728"
name: b10902044, hole_card: ['D3', 'S2']
name: b10401008, hole_card: ['S7', 'C5']
"b10902044" declared "raise:817"
name: b10902044, hole_card: ['D3', 'S2']
name: b10401008, hole_card: ['S7', 'C5']
"b10401008" declared "raise:906"
name: b10902044, hole_card: ['D3', 'S2']
name: b10401008, hole_card: ['S7', 'C5']
"b10902044" declared "call:906"
Street "river" started. (community card = ['C4', 'DQ', 'C6', 'C3', 'CA'])
name: b10902044, hole_card: ['D3', 'S2']
name: b10401008, hole_card: ['S7', 'C5']
"b10401008" declared "raise:20"
name: b10902044, hole_card: ['D3', 'S2']
name: b10401008, hole_card: ['S7', 'C5']
"b10902044" declared "raise:69"
name: b10902044, hole_card: ['D3', 'S2']
name: b10401008, hole_card: ['S7', 'C5']
"b10401008" declared "call:69"
"['b10401008']" won the round 1 (stack = {'b10902044': 0, 'b10401008': 2000})
b10401008 vs b10902044 - Game 5: {'rule': {'initial_stack': 1000, 'max_round': 20, 'small_blind_amount': 5, 'ante': 0, 'blind_structure': {}}, 'players': [{'name': 'b10902044', 'uuid': 'gzxfuayibtcdlonowqkvfs', 'stack': 0, 'state': 'folded'}, {'name': 'b10401008', 'uuid': 'ktyhraiidafexfekrfykif', 'stack': 2000, 'state': 'participating'}]}
Final Result: b10401008 won 5 games (stack: 8932), b10902044 won 0 games (stack: 1063), num ties: 0
