community cards of this round: ['H2', 'S8', 'S4', 'S3', 'HT']
name: b10902039, hole_card: ['D6', 'HQ']
name: b10505029, hole_card: ['H8', 'H4']
Started the round 1
Street "preflop" started. (community card = [])
name: b10902039, hole_card: ['D6', 'HQ']
name: b10505029, hole_card: ['H8', 'H4']
"b10505029" declared "raise:75"
name: b10902039, hole_card: ['D6', 'HQ']
name: b10505029, hole_card: ['H8', 'H4']
"b10902039" declared "fold:0"
"['b10505029']" won the round 1 (stack = {'b10902039': 990, 'b10505029': 1010})
community cards of this round: ['DQ', 'C2', 'S2', 'C3', 'D9']
name: b10902039, hole_card: ['CA', 'H7']
name: b10505029, hole_card: ['CT', 'SK']
Started the round 2
Street "preflop" started. (community card = [])
name: b10902039, hole_card: ['CA', 'H7']
name: b10505029, hole_card: ['CT', 'SK']
"b10902039" declared "call:10"
name: b10902039, hole_card: ['CA', 'H7']
name: b10505029, hole_card: ['CT', 'SK']
"b10505029" declared "raise:30"
name: b10902039, hole_card: ['CA', 'H7']
name: b10505029, hole_card: ['CT', 'SK']
"b10902039" declared "call:30"
Street "flop" started. (community card = ['DQ', 'C2', 'S2'])
name: b10902039, hole_card: ['CA', 'H7']
name: b10505029, hole_card: ['CT', 'SK']
"b10902039" declared "call:0"
name: b10902039, hole_card: ['CA', 'H7']
name: b10505029, hole_card: ['CT', 'SK']
"b10505029" declared "raise:30"
name: b10902039, hole_card: ['CA', 'H7']
name: b10505029, hole_card: ['CT', 'SK']
"b10902039" declared "call:30"
Street "turn" started. (community card = ['DQ', 'C2', 'S2', 'C3'])
name: b10902039, hole_card: ['CA', 'H7']
name: b10505029, hole_card: ['CT', 'SK']
"b10902039" declared "call:0"
name: b10902039, hole_card: ['CA', 'H7']
name: b10505029, hole_card: ['CT', 'SK']
"b10505029" declared "raise:50"
name: b10902039, hole_card: ['CA', 'H7']
name: b10505029, hole_card: ['CT', 'SK']
"b10902039" declared "call:50"
Street "river" started. (community card = ['DQ', 'C2', 'S2', 'C3', 'D9'])
name: b10902039, hole_card: ['CA', 'H7']
name: b10505029, hole_card: ['CT', 'SK']
"b10902039" declared "raise:445.0"
name: b10902039, hole_card: ['CA', 'H7']
name: b10505029, hole_card: ['CT', 'SK']
"b10505029" declared "fold:0"
"['b10902039']" won the round 2 (stack = {'b10902039': 1100.0, 'b10505029': 900})
community cards of this round: ['HT', 'HJ', 'H8', 'SQ', 'D3']
name: b10902039, hole_card: ['H4', 'H5']
name: b10505029, hole_card: ['C3', 'ST']
Started the round 3
Street "preflop" started. (community card = [])
name: b10902039, hole_card: ['H4', 'H5']
name: b10505029, hole_card: ['C3', 'ST']
"b10505029" declared "fold:0"
"['b10902039']" won the round 3 (stack = {'b10902039': 1105.0, 'b10505029': 895})
community cards of this round: ['DK', 'S5', 'CT', 'D9', 'D5']
name: b10902039, hole_card: ['HT', 'S2']
name: b10505029, hole_card: ['S9', 'C7']
Started the round 4
Street "preflop" started. (community card = [])
fold directly
name: b10902039, hole_card: ['HT', 'S2']
name: b10505029, hole_card: ['S9', 'C7']
"b10902039" declared "fold:0"
"['b10505029']" won the round 4 (stack = {'b10902039': 1100.0, 'b10505029': 900})
community cards of this round: ['C8', 'S8', 'D8', 'C9', 'H2']
name: b10902039, hole_card: ['HQ', 'S9']
name: b10505029, hole_card: ['S2', 'S6']
Started the round 5
Street "preflop" started. (community card = [])
name: b10902039, hole_card: ['HQ', 'S9']
name: b10505029, hole_card: ['S2', 'S6']
"b10505029" declared "fold:0"
"['b10902039']" won the round 5 (stack = {'b10902039': 1105.0, 'b10505029': 895})
community cards of this round: ['H6', 'C8', 'H7', 'H3', 'H8']
name: b10902039, hole_card: ['C9', 'H5']
name: b10505029, hole_card: ['D9', 'SJ']
Started the round 6
Street "preflop" started. (community card = [])
name: b10902039, hole_card: ['C9', 'H5']
name: b10505029, hole_card: ['D9', 'SJ']
"b10902039" declared "fold:0"
"['b10505029']" won the round 6 (stack = {'b10902039': 1100.0, 'b10505029': 900})
community cards of this round: ['S9', 'DQ', 'D8', 'C7', 'HK']
name: b10902039, hole_card: ['SJ', 'ST']
name: b10505029, hole_card: ['S8', 'D3']
Started the round 7
Street "preflop" started. (community card = [])
name: b10902039, hole_card: ['SJ', 'ST']
name: b10505029, hole_card: ['S8', 'D3']
"b10505029" declared "fold:0"
"['b10902039']" won the round 7 (stack = {'b10902039': 1105.0, 'b10505029': 895})
community cards of this round: ['S8', 'DT', 'C2', 'D9', 'CK']
name: b10902039, hole_card: ['DJ', 'HQ']
name: b10505029, hole_card: ['H3', 'D5']
Started the round 8
Street "preflop" started. (community card = [])
name: b10902039, hole_card: ['DJ', 'HQ']
name: b10505029, hole_card: ['H3', 'D5']
"b10902039" declared "fold:0"
"['b10505029']" won the round 8 (stack = {'b10902039': 1100.0, 'b10505029': 900})
community cards of this round: ['SK', 'D6', 'S9', 'DK', 'HQ']
name: b10902039, hole_card: ['CT', 'H5']
name: b10505029, hole_card: ['S3', 'S8']
Started the round 9
Street "preflop" started. (community card = [])
name: b10902039, hole_card: ['CT', 'H5']
name: b10505029, hole_card: ['S3', 'S8']
"b10505029" declared "raise:60"
name: b10902039, hole_card: ['CT', 'H5']
name: b10505029, hole_card: ['S3', 'S8']
"b10902039" declared "fold:0"
"['b10505029']" won the round 9 (stack = {'b10902039': 1090.0, 'b10505029': 910})
community cards of this round: ['H7', 'HJ', 'S6', 'D6', 'H3']
name: b10902039, hole_card: ['ST', 'CA']
name: b10505029, hole_card: ['HK', 'C9']
Started the round 10
Street "preflop" started. (community card = [])
name: b10902039, hole_card: ['ST', 'CA']
name: b10505029, hole_card: ['HK', 'C9']
"b10902039" declared "fold:0"
"['b10505029']" won the round 10 (stack = {'b10902039': 1085.0, 'b10505029': 915})
community cards of this round: ['HK', 'HJ', 'D8', 'DA', 'C7']
name: b10902039, hole_card: ['C4', 'C2']
name: b10505029, hole_card: ['D6', 'SJ']
Started the round 11
Street "preflop" started. (community card = [])
name: b10902039, hole_card: ['C4', 'C2']
name: b10505029, hole_card: ['D6', 'SJ']
"b10505029" declared "raise:45"
name: b10902039, hole_card: ['C4', 'C2']
name: b10505029, hole_card: ['D6', 'SJ']
"b10902039" declared "fold:0"
"['b10505029']" won the round 11 (stack = {'b10902039': 1075.0, 'b10505029': 925})
community cards of this round: ['H5', 'S7', 'S3', 'SA', 'D3']
name: b10902039, hole_card: ['DK', 'C9']
name: b10505029, hole_card: ['H2', 'ST']
Started the round 12
Street "preflop" started. (community card = [])
name: b10902039, hole_card: ['DK', 'C9']
name: b10505029, hole_card: ['H2', 'ST']
"b10902039" declared "fold:0"
"['b10505029']" won the round 12 (stack = {'b10902039': 1070.0, 'b10505029': 930})
community cards of this round: ['H7', 'H5', 'H4', 'C8', 'C6']
name: b10902039, hole_card: ['D9', 'HK']
name: b10505029, hole_card: ['HA', 'S6']
Started the round 13
Street "preflop" started. (community card = [])
name: b10902039, hole_card: ['D9', 'HK']
name: b10505029, hole_card: ['HA', 'S6']
"b10505029" declared "raise:75"
name: b10902039, hole_card: ['D9', 'HK']
name: b10505029, hole_card: ['HA', 'S6']
"b10902039" declared "fold:0"
"['b10505029']" won the round 13 (stack = {'b10902039': 1060.0, 'b10505029': 940})
community cards of this round: ['H7', 'H6', 'H5', 'C5', 'DQ']
name: b10902039, hole_card: ['ST', 'S2']
name: b10505029, hole_card: ['D7', 'DT']
Started the round 14
Street "preflop" started. (community card = [])
name: b10902039, hole_card: ['ST', 'S2']
name: b10505029, hole_card: ['D7', 'DT']
"b10902039" declared "fold:0"
"['b10505029']" won the round 14 (stack = {'b10902039': 1055.0, 'b10505029': 945})
community cards of this round: ['CQ', 'CJ', 'C4', 'S8', 'S5']
name: b10902039, hole_card: ['DA', 'H5']
name: b10505029, hole_card: ['C9', 'C7']
Started the round 15
Street "preflop" started. (community card = [])
name: b10902039, hole_card: ['DA', 'H5']
name: b10505029, hole_card: ['C9', 'C7']
"b10505029" declared "raise:60"
name: b10902039, hole_card: ['DA', 'H5']
name: b10505029, hole_card: ['C9', 'C7']
"b10902039" declared "fold:0"
"['b10505029']" won the round 15 (stack = {'b10902039': 1045.0, 'b10505029': 955})
community cards of this round: ['H6', 'DK', 'H7', 'S4', 'DA']
name: b10902039, hole_card: ['S2', 'H9']
name: b10505029, hole_card: ['S9', 'H8']
Started the round 16
Street "preflop" started. (community card = [])
name: b10902039, hole_card: ['S2', 'H9']
name: b10505029, hole_card: ['S9', 'H8']
"b10902039" declared "fold:0"
"['b10505029']" won the round 16 (stack = {'b10902039': 1040.0, 'b10505029': 960})
community cards of this round: ['HQ', 'D9', 'H8', 'D6', 'H9']
name: b10902039, hole_card: ['C9', 'S6']
name: b10505029, hole_card: ['DQ', 'S7']
Started the round 17
Street "preflop" started. (community card = [])
name: b10902039, hole_card: ['C9', 'S6']
name: b10505029, hole_card: ['DQ', 'S7']
"b10505029" declared "raise:60"
name: b10902039, hole_card: ['C9', 'S6']
name: b10505029, hole_card: ['DQ', 'S7']
"b10902039" declared "fold:0"
"['b10505029']" won the round 17 (stack = {'b10902039': 1030.0, 'b10505029': 970})
community cards of this round: ['C5', 'H5', 'D7', 'CA', 'D9']
name: b10902039, hole_card: ['C3', 'HQ']
name: b10505029, hole_card: ['C2', 'HJ']
Started the round 18
Street "preflop" started. (community card = [])
name: b10902039, hole_card: ['C3', 'HQ']
name: b10505029, hole_card: ['C2', 'HJ']
"b10902039" declared "fold:0"
"['b10505029']" won the round 18 (stack = {'b10902039': 1025.0, 'b10505029': 975})
community cards of this round: ['HA', 'H9', 'D3', 'S9', 'H5']
name: b10902039, hole_card: ['D6', 'C6']
name: b10505029, hole_card: ['H4', 'S6']
Started the round 19
Street "preflop" started. (community card = [])
name: b10902039, hole_card: ['D6', 'C6']
name: b10505029, hole_card: ['H4', 'S6']
"b10505029" declared "fold:0"
"['b10902039']" won the round 19 (stack = {'b10902039': 1030.0, 'b10505029': 970})
community cards of this round: ['SJ', 'H6', 'CK', 'H4', 'DA']
name: b10902039, hole_card: ['D4', 'D9']
name: b10505029, hole_card: ['H2', 'DQ']
Started the round 20
Street "preflop" started. (community card = [])
name: b10902039, hole_card: ['D4', 'D9']
name: b10505029, hole_card: ['H2', 'DQ']
"b10902039" declared "fold:0"
"['b10505029']" won the round 20 (stack = {'b10902039': 1025.0, 'b10505029': 975})
b10505029 vs b10902039 - Game 1: {'rule': {'initial_stack': 1000, 'max_round': 20, 'small_blind_amount': 5, 'ante': 0, 'blind_structure': {}}, 'players': [{'name': 'b10902039', 'uuid': 'enyrzqxiipqikautclwqks', 'stack': 1025.0, 'state': 'participating'}, {'name': 'b10505029', 'uuid': 'irlwbvwbdjlgodeguvwuic', 'stack': 975, 'state': 'participating'}]}
community cards of this round: ['H2', 'S8', 'S4', 'S3', 'HT']
name: b10505029, hole_card: ['D6', 'HQ']
name: b10902039, hole_card: ['H8', 'H4']
Started the round 1
Street "preflop" started. (community card = [])
name: b10505029, hole_card: ['D6', 'HQ']
name: b10902039, hole_card: ['H8', 'H4']
"b10902039" declared "call:10"
name: b10505029, hole_card: ['D6', 'HQ']
name: b10902039, hole_card: ['H8', 'H4']
"b10505029" declared "raise:60"
name: b10505029, hole_card: ['D6', 'HQ']
name: b10902039, hole_card: ['H8', 'H4']
"b10902039" declared "call:60"
Street "flop" started. (community card = ['H2', 'S8', 'S4'])
name: b10505029, hole_card: ['D6', 'HQ']
name: b10902039, hole_card: ['H8', 'H4']
"b10902039" declared "call:0"
name: b10505029, hole_card: ['D6', 'HQ']
name: b10902039, hole_card: ['H8', 'H4']
"b10505029" declared "raise:50"
name: b10505029, hole_card: ['D6', 'HQ']
name: b10902039, hole_card: ['H8', 'H4']
"b10902039" declared "call:50"
Street "turn" started. (community card = ['H2', 'S8', 'S4', 'S3'])
name: b10505029, hole_card: ['D6', 'HQ']
name: b10902039, hole_card: ['H8', 'H4']
"b10902039" declared "call:0"
name: b10505029, hole_card: ['D6', 'HQ']
name: b10902039, hole_card: ['H8', 'H4']
"b10505029" declared "fold:0"
"['b10902039']" won the round 1 (stack = {'b10505029': 890, 'b10902039': 1110})
community cards of this round: ['DQ', 'C2', 'S2', 'C3', 'D9']
name: b10505029, hole_card: ['CA', 'H7']
name: b10902039, hole_card: ['CT', 'SK']
Started the round 2
Street "preflop" started. (community card = [])
name: b10505029, hole_card: ['CA', 'H7']
name: b10902039, hole_card: ['CT', 'SK']
"b10505029" declared "raise:75"
name: b10505029, hole_card: ['CA', 'H7']
name: b10902039, hole_card: ['CT', 'SK']
"b10902039" declared "call:75"
Street "flop" started. (community card = ['DQ', 'C2', 'S2'])
name: b10505029, hole_card: ['CA', 'H7']
name: b10902039, hole_card: ['CT', 'SK']
"b10505029" declared "raise:30"
name: b10505029, hole_card: ['CA', 'H7']
name: b10902039, hole_card: ['CT', 'SK']
"b10902039" declared "call:30"
Street "turn" started. (community card = ['DQ', 'C2', 'S2', 'C3'])
name: b10505029, hole_card: ['CA', 'H7']
name: b10902039, hole_card: ['CT', 'SK']
"b10505029" declared "raise:40"
name: b10505029, hole_card: ['CA', 'H7']
name: b10902039, hole_card: ['CT', 'SK']
"b10902039" declared "call:40"
Street "river" started. (community card = ['DQ', 'C2', 'S2', 'C3', 'D9'])
name: b10505029, hole_card: ['CA', 'H7']
name: b10902039, hole_card: ['CT', 'SK']
"b10505029" declared "raise:50"
name: b10505029, hole_card: ['CA', 'H7']
name: b10902039, hole_card: ['CT', 'SK']
"b10902039" declared "call:50"
"['b10505029']" won the round 2 (stack = {'b10505029': 1085, 'b10902039': 915})
community cards of this round: ['HT', 'HJ', 'H8', 'SQ', 'D3']
name: b10505029, hole_card: ['H4', 'H5']
name: b10902039, hole_card: ['C3', 'ST']
Started the round 3
Street "preflop" started. (community card = [])
name: b10505029, hole_card: ['H4', 'H5']
name: b10902039, hole_card: ['C3', 'ST']
"b10902039" declared "fold:0"
"['b10505029']" won the round 3 (stack = {'b10505029': 1090, 'b10902039': 910})
community cards of this round: ['DK', 'S5', 'CT', 'D9', 'D5']
name: b10505029, hole_card: ['HT', 'S2']
name: b10902039, hole_card: ['S9', 'C7']
Started the round 4
Street "preflop" started. (community card = [])
name: b10505029, hole_card: ['HT', 'S2']
name: b10902039, hole_card: ['S9', 'C7']
"b10505029" declared "raise:60"
name: b10505029, hole_card: ['HT', 'S2']
name: b10902039, hole_card: ['S9', 'C7']
"b10902039" declared "call:60"
Street "flop" started. (community card = ['DK', 'S5', 'CT'])
name: b10505029, hole_card: ['HT', 'S2']
name: b10902039, hole_card: ['S9', 'C7']
"b10505029" declared "raise:30"
name: b10505029, hole_card: ['HT', 'S2']
name: b10902039, hole_card: ['S9', 'C7']
"b10902039" declared "raise:455.0"
name: b10505029, hole_card: ['HT', 'S2']
name: b10902039, hole_card: ['S9', 'C7']
"b10505029" declared "raise:1760.0", Invalid action. Treat as fold...
"['b10902039']" won the round 4 (stack = {'b10505029': 1000, 'b10902039': 1000.0})
community cards of this round: ['C8', 'S8', 'D8', 'C9', 'H2']
name: b10505029, hole_card: ['HQ', 'S9']
name: b10902039, hole_card: ['S2', 'S6']
Started the round 5
Street "preflop" started. (community card = [])
name: b10505029, hole_card: ['HQ', 'S9']
name: b10902039, hole_card: ['S2', 'S6']
"b10902039" declared "call:10"
name: b10505029, hole_card: ['HQ', 'S9']
name: b10902039, hole_card: ['S2', 'S6']
"b10505029" declared "raise:60"
name: b10505029, hole_card: ['HQ', 'S9']
name: b10902039, hole_card: ['S2', 'S6']
"b10902039" declared "call:60"
Street "flop" started. (community card = ['C8', 'S8', 'D8'])
name: b10505029, hole_card: ['HQ', 'S9']
name: b10902039, hole_card: ['S2', 'S6']
"b10902039" declared "call:0"
name: b10505029, hole_card: ['HQ', 'S9']
name: b10902039, hole_card: ['S2', 'S6']
"b10505029" declared "raise:20"
name: b10505029, hole_card: ['HQ', 'S9']
name: b10902039, hole_card: ['S2', 'S6']
"b10902039" declared "call:20"
Street "turn" started. (community card = ['C8', 'S8', 'D8', 'C9'])
name: b10505029, hole_card: ['HQ', 'S9']
name: b10902039, hole_card: ['S2', 'S6']
"b10902039" declared "call:0"
name: b10505029, hole_card: ['HQ', 'S9']
name: b10902039, hole_card: ['S2', 'S6']
"b10505029" declared "raise:20"
name: b10505029, hole_card: ['HQ', 'S9']
name: b10902039, hole_card: ['S2', 'S6']
"b10902039" declared "call:20"
Street "river" started. (community card = ['C8', 'S8', 'D8', 'C9', 'H2'])
name: b10505029, hole_card: ['HQ', 'S9']
name: b10902039, hole_card: ['S2', 'S6']
"b10902039" declared "raise:455.0"
name: b10505029, hole_card: ['HQ', 'S9']
name: b10902039, hole_card: ['S2', 'S6']
"b10505029" declared "raise:-4", Invalid action. Treat as fold...
"['b10902039']" won the round 5 (stack = {'b10505029': 900, 'b10902039': 1100.0})
community cards of this round: ['H6', 'C8', 'H7', 'H3', 'H8']
name: b10505029, hole_card: ['C9', 'H5']
name: b10902039, hole_card: ['D9', 'SJ']
Started the round 6
Street "preflop" started. (community card = [])
name: b10505029, hole_card: ['C9', 'H5']
name: b10902039, hole_card: ['D9', 'SJ']
"b10505029" declared "raise:45"
name: b10505029, hole_card: ['C9', 'H5']
name: b10902039, hole_card: ['D9', 'SJ']
"b10902039" declared "call:45"
Street "flop" started. (community card = ['H6', 'C8', 'H7'])
name: b10505029, hole_card: ['C9', 'H5']
name: b10902039, hole_card: ['D9', 'SJ']
"b10505029" declared "raise:50"
name: b10505029, hole_card: ['C9', 'H5']
name: b10902039, hole_card: ['D9', 'SJ']
"b10902039" declared "call:50"
Street "turn" started. (community card = ['H6', 'C8', 'H7', 'H3'])
name: b10505029, hole_card: ['C9', 'H5']
name: b10902039, hole_card: ['D9', 'SJ']
"b10505029" declared "raise:20"
name: b10505029, hole_card: ['C9', 'H5']
name: b10902039, hole_card: ['D9', 'SJ']
"b10902039" declared "call:20"
Street "river" started. (community card = ['H6', 'C8', 'H7', 'H3', 'H8'])
name: b10505029, hole_card: ['C9', 'H5']
name: b10902039, hole_card: ['D9', 'SJ']
"b10505029" declared "raise:30"
name: b10505029, hole_card: ['C9', 'H5']
name: b10902039, hole_card: ['D9', 'SJ']
"b10902039" declared "call:30"
"['b10505029']" won the round 6 (stack = {'b10505029': 1045, 'b10902039': 955.0})
community cards of this round: ['S9', 'DQ', 'D8', 'C7', 'HK']
name: b10505029, hole_card: ['SJ', 'ST']
name: b10902039, hole_card: ['S8', 'D3']
Started the round 7
Street "preflop" started. (community card = [])
fold directly
name: b10505029, hole_card: ['SJ', 'ST']
name: b10902039, hole_card: ['S8', 'D3']
"b10902039" declared "fold:0"
"['b10505029']" won the round 7 (stack = {'b10505029': 1050, 'b10902039': 950.0})
community cards of this round: ['S8', 'DT', 'C2', 'D9', 'CK']
name: b10505029, hole_card: ['DJ', 'HQ']
name: b10902039, hole_card: ['H3', 'D5']
Started the round 8
Street "preflop" started. (community card = [])
name: b10505029, hole_card: ['DJ', 'HQ']
name: b10902039, hole_card: ['H3', 'D5']
"b10505029" declared "raise:30"
name: b10505029, hole_card: ['DJ', 'HQ']
name: b10902039, hole_card: ['H3', 'D5']
"b10902039" declared "fold:0"
"['b10505029']" won the round 8 (stack = {'b10505029': 1060, 'b10902039': 940.0})
community cards of this round: ['SK', 'D6', 'S9', 'DK', 'HQ']
name: b10505029, hole_card: ['CT', 'H5']
name: b10902039, hole_card: ['S3', 'S8']
Started the round 9
Street "preflop" started. (community card = [])
name: b10505029, hole_card: ['CT', 'H5']
name: b10902039, hole_card: ['S3', 'S8']
"b10902039" declared "call:10"
name: b10505029, hole_card: ['CT', 'H5']
name: b10902039, hole_card: ['S3', 'S8']
"b10505029" declared "raise:60"
name: b10505029, hole_card: ['CT', 'H5']
name: b10902039, hole_card: ['S3', 'S8']
"b10902039" declared "call:60"
Street "flop" started. (community card = ['SK', 'D6', 'S9'])
name: b10505029, hole_card: ['CT', 'H5']
name: b10902039, hole_card: ['S3', 'S8']
"b10902039" declared "raise:445.0"
name: b10505029, hole_card: ['CT', 'H5']
name: b10902039, hole_card: ['S3', 'S8']
"b10505029" declared "fold:0"
"['b10902039']" won the round 9 (stack = {'b10505029': 1000, 'b10902039': 1000.0})
community cards of this round: ['H7', 'HJ', 'S6', 'D6', 'H3']
name: b10505029, hole_card: ['ST', 'CA']
name: b10902039, hole_card: ['HK', 'C9']
Started the round 10
Street "preflop" started. (community card = [])
name: b10505029, hole_card: ['ST', 'CA']
name: b10902039, hole_card: ['HK', 'C9']
"b10505029" declared "raise:30"
name: b10505029, hole_card: ['ST', 'CA']
name: b10902039, hole_card: ['HK', 'C9']
"b10902039" declared "call:30"
Street "flop" started. (community card = ['H7', 'HJ', 'S6'])
name: b10505029, hole_card: ['ST', 'CA']
name: b10902039, hole_card: ['HK', 'C9']
"b10505029" declared "raise:30"
name: b10505029, hole_card: ['ST', 'CA']
name: b10902039, hole_card: ['HK', 'C9']
"b10902039" declared "call:30"
Street "turn" started. (community card = ['H7', 'HJ', 'S6', 'D6'])
name: b10505029, hole_card: ['ST', 'CA']
name: b10902039, hole_card: ['HK', 'C9']
"b10505029" declared "raise:30"
name: b10505029, hole_card: ['ST', 'CA']
name: b10902039, hole_card: ['HK', 'C9']
"b10902039" declared "call:30"
Street "river" started. (community card = ['H7', 'HJ', 'S6', 'D6', 'H3'])
name: b10505029, hole_card: ['ST', 'CA']
name: b10902039, hole_card: ['HK', 'C9']
"b10505029" declared "raise:20"
name: b10505029, hole_card: ['ST', 'CA']
name: b10902039, hole_card: ['HK', 'C9']
"b10902039" declared "raise:475.0"
name: b10505029, hole_card: ['ST', 'CA']
name: b10902039, hole_card: ['HK', 'C9']
"b10505029" declared "raise:-2", Invalid action. Treat as fold...
"['b10902039']" won the round 10 (stack = {'b10505029': 890, 'b10902039': 1110.0})
community cards of this round: ['HK', 'HJ', 'D8', 'DA', 'C7']
name: b10505029, hole_card: ['C4', 'C2']
name: b10902039, hole_card: ['D6', 'SJ']
Started the round 11
Street "preflop" started. (community card = [])
name: b10505029, hole_card: ['C4', 'C2']
name: b10902039, hole_card: ['D6', 'SJ']
"b10902039" declared "fold:0"
"['b10505029']" won the round 11 (stack = {'b10505029': 895, 'b10902039': 1105.0})
community cards of this round: ['H5', 'S7', 'S3', 'SA', 'D3']
name: b10505029, hole_card: ['DK', 'C9']
name: b10902039, hole_card: ['H2', 'ST']
Started the round 12
Street "preflop" started. (community card = [])
name: b10505029, hole_card: ['DK', 'C9']
name: b10902039, hole_card: ['H2', 'ST']
"b10505029" declared "raise:75"
name: b10505029, hole_card: ['DK', 'C9']
name: b10902039, hole_card: ['H2', 'ST']
"b10902039" declared "fold:0"
"['b10505029']" won the round 12 (stack = {'b10505029': 905, 'b10902039': 1095.0})
community cards of this round: ['H7', 'H5', 'H4', 'C8', 'C6']
name: b10505029, hole_card: ['D9', 'HK']
name: b10902039, hole_card: ['HA', 'S6']
Started the round 13
Street "preflop" started. (community card = [])
name: b10505029, hole_card: ['D9', 'HK']
name: b10902039, hole_card: ['HA', 'S6']
"b10902039" declared "fold:0"
"['b10505029']" won the round 13 (stack = {'b10505029': 910, 'b10902039': 1090.0})
community cards of this round: ['H7', 'H6', 'H5', 'C5', 'DQ']
name: b10505029, hole_card: ['ST', 'S2']
name: b10902039, hole_card: ['D7', 'DT']
Started the round 14
Street "preflop" started. (community card = [])
name: b10505029, hole_card: ['ST', 'S2']
name: b10902039, hole_card: ['D7', 'DT']
"b10505029" declared "raise:45"
name: b10505029, hole_card: ['ST', 'S2']
name: b10902039, hole_card: ['D7', 'DT']
"b10902039" declared "fold:0"
"['b10505029']" won the round 14 (stack = {'b10505029': 920, 'b10902039': 1080.0})
community cards of this round: ['CQ', 'CJ', 'C4', 'S8', 'S5']
name: b10505029, hole_card: ['DA', 'H5']
name: b10902039, hole_card: ['C9', 'C7']
Started the round 15
Street "preflop" started. (community card = [])
name: b10505029, hole_card: ['DA', 'H5']
name: b10902039, hole_card: ['C9', 'C7']
"b10902039" declared "fold:0"
"['b10505029']" won the round 15 (stack = {'b10505029': 925, 'b10902039': 1075.0})
community cards of this round: ['H6', 'DK', 'H7', 'S4', 'DA']
name: b10505029, hole_card: ['S2', 'H9']
name: b10902039, hole_card: ['S9', 'H8']
Started the round 16
Street "preflop" started. (community card = [])
name: b10505029, hole_card: ['S2', 'H9']
name: b10902039, hole_card: ['S9', 'H8']
"b10505029" declared "fold:0"
"['b10902039']" won the round 16 (stack = {'b10505029': 920, 'b10902039': 1080.0})
community cards of this round: ['HQ', 'D9', 'H8', 'D6', 'H9']
name: b10505029, hole_card: ['C9', 'S6']
name: b10902039, hole_card: ['DQ', 'S7']
Started the round 17
Street "preflop" started. (community card = [])
name: b10505029, hole_card: ['C9', 'S6']
name: b10902039, hole_card: ['DQ', 'S7']
"b10902039" declared "fold:0"
"['b10505029']" won the round 17 (stack = {'b10505029': 925, 'b10902039': 1075.0})
community cards of this round: ['C5', 'H5', 'D7', 'CA', 'D9']
name: b10505029, hole_card: ['C3', 'HQ']
name: b10902039, hole_card: ['C2', 'HJ']
Started the round 18
Street "preflop" started. (community card = [])
name: b10505029, hole_card: ['C3', 'HQ']
name: b10902039, hole_card: ['C2', 'HJ']
"b10505029" declared "raise:60"
name: b10505029, hole_card: ['C3', 'HQ']
name: b10902039, hole_card: ['C2', 'HJ']
"b10902039" declared "fold:0"
"['b10505029']" won the round 18 (stack = {'b10505029': 935, 'b10902039': 1065.0})
community cards of this round: ['HA', 'H9', 'D3', 'S9', 'H5']
name: b10505029, hole_card: ['D6', 'C6']
name: b10902039, hole_card: ['H4', 'S6']
Started the round 19
Street "preflop" started. (community card = [])
name: b10505029, hole_card: ['D6', 'C6']
name: b10902039, hole_card: ['H4', 'S6']
"b10902039" declared "fold:0"
"['b10505029']" won the round 19 (stack = {'b10505029': 940, 'b10902039': 1060.0})
community cards of this round: ['SJ', 'H6', 'CK', 'H4', 'DA']
name: b10505029, hole_card: ['D4', 'D9']
name: b10902039, hole_card: ['H2', 'DQ']
Started the round 20
Street "preflop" started. (community card = [])
name: b10505029, hole_card: ['D4', 'D9']
name: b10902039, hole_card: ['H2', 'DQ']
"b10505029" declared "raise:30"
name: b10505029, hole_card: ['D4', 'D9']
name: b10902039, hole_card: ['H2', 'DQ']
"b10902039" declared "fold:0"
"['b10505029']" won the round 20 (stack = {'b10505029': 950, 'b10902039': 1050.0})
b10505029 vs b10902039 - Game 2: {'rule': {'initial_stack': 1000, 'max_round': 20, 'small_blind_amount': 5, 'ante': 0, 'blind_structure': {}}, 'players': [{'name': 'b10505029', 'uuid': 'awkkzmvzjstpokihvgusjk', 'stack': 950, 'state': 'participating'}, {'name': 'b10902039', 'uuid': 'zlwnhzsjdmlpxivfqqwmtj', 'stack': 1050.0, 'state': 'participating'}]}
community cards of this round: ['D3', 'D2', 'DQ', 'H5', 'DA']
name: b10902039, hole_card: ['C3', 'S9']
name: b10505029, hole_card: ['S3', 'H6']
Started the round 1
Street "preflop" started. (community card = [])
name: b10902039, hole_card: ['C3', 'S9']
name: b10505029, hole_card: ['S3', 'H6']
"b10505029" declared "fold:0"
"['b10902039']" won the round 1 (stack = {'b10902039': 1005, 'b10505029': 995})
community cards of this round: ['DQ', 'CJ', 'HA', 'HQ', 'DK']
name: b10902039, hole_card: ['CT', 'D5']
name: b10505029, hole_card: ['D3', 'H8']
Started the round 2
Street "preflop" started. (community card = [])
name: b10902039, hole_card: ['CT', 'D5']
name: b10505029, hole_card: ['D3', 'H8']
"b10902039" declared "fold:0"
"['b10505029']" won the round 2 (stack = {'b10902039': 1000, 'b10505029': 1000})
community cards of this round: ['D6', 'CK', 'S6', 'CA', 'D7']
name: b10902039, hole_card: ['H4', 'H7']
name: b10505029, hole_card: ['CT', 'HQ']
Started the round 3
Street "preflop" started. (community card = [])
name: b10902039, hole_card: ['H4', 'H7']
name: b10505029, hole_card: ['CT', 'HQ']
"b10505029" declared "raise:75"
name: b10902039, hole_card: ['H4', 'H7']
name: b10505029, hole_card: ['CT', 'HQ']
"b10902039" declared "call:75"
Street "flop" started. (community card = ['D6', 'CK', 'S6'])
name: b10902039, hole_card: ['H4', 'H7']
name: b10505029, hole_card: ['CT', 'HQ']
"b10505029" declared "raise:20"
name: b10902039, hole_card: ['H4', 'H7']
name: b10505029, hole_card: ['CT', 'HQ']
"b10902039" declared "call:20"
Street "turn" started. (community card = ['D6', 'CK', 'S6', 'CA'])
name: b10902039, hole_card: ['H4', 'H7']
name: b10505029, hole_card: ['CT', 'HQ']
"b10505029" declared "raise:50"
name: b10902039, hole_card: ['H4', 'H7']
name: b10505029, hole_card: ['CT', 'HQ']
"b10902039" declared "call:50"
Street "river" started. (community card = ['D6', 'CK', 'S6', 'CA', 'D7'])
name: b10902039, hole_card: ['H4', 'H7']
name: b10505029, hole_card: ['CT', 'HQ']
"b10505029" declared "raise:20"
name: b10902039, hole_card: ['H4', 'H7']
name: b10505029, hole_card: ['CT', 'HQ']
"b10902039" declared "raise:447.5"
name: b10902039, hole_card: ['H4', 'H7']
name: b10505029, hole_card: ['CT', 'HQ']
"b10505029" declared "raise:-2", Invalid action. Treat as fold...
"['b10902039']" won the round 3 (stack = {'b10902039': 1164.5, 'b10505029': 835})
community cards of this round: ['S8', 'HT', 'S6', 'S7', 'C3']
name: b10902039, hole_card: ['S3', 'C4']
name: b10505029, hole_card: ['H2', 'D6']
Started the round 4
Street "preflop" started. (community card = [])
name: b10902039, hole_card: ['S3', 'C4']
name: b10505029, hole_card: ['H2', 'D6']
"b10902039" declared "fold:0"
"['b10505029']" won the round 4 (stack = {'b10902039': 1159.5, 'b10505029': 840})
community cards of this round: ['S3', 'D9', 'S8', 'DJ', 'H3']
name: b10902039, hole_card: ['CQ', 'C4']
name: b10505029, hole_card: ['DT', 'S5']
Started the round 5
Street "preflop" started. (community card = [])
name: b10902039, hole_card: ['CQ', 'C4']
name: b10505029, hole_card: ['DT', 'S5']
"b10505029" declared "raise:30"
name: b10902039, hole_card: ['CQ', 'C4']
name: b10505029, hole_card: ['DT', 'S5']
"b10902039" declared "fold:0"
"['b10505029']" won the round 5 (stack = {'b10902039': 1149.5, 'b10505029': 850})
community cards of this round: ['C7', 'CT', 'H3', 'H8', 'DK']
name: b10902039, hole_card: ['CJ', 'DA']
name: b10505029, hole_card: ['CA', 'DQ']
Started the round 6
Street "preflop" started. (community card = [])
name: b10902039, hole_card: ['CJ', 'DA']
name: b10505029, hole_card: ['CA', 'DQ']
"b10902039" declared "fold:0"
"['b10505029']" won the round 6 (stack = {'b10902039': 1144.5, 'b10505029': 855})
community cards of this round: ['H2', 'S5', 'CT', 'C7', 'DA']
name: b10902039, hole_card: ['S3', 'S2']
name: b10505029, hole_card: ['HA', 'S6']
Started the round 7
Street "preflop" started. (community card = [])
name: b10902039, hole_card: ['S3', 'S2']
name: b10505029, hole_card: ['HA', 'S6']
"b10505029" declared "raise:45"
name: b10902039, hole_card: ['S3', 'S2']
name: b10505029, hole_card: ['HA', 'S6']
"b10902039" declared "fold:0"
"['b10505029']" won the round 7 (stack = {'b10902039': 1134.5, 'b10505029': 865})
community cards of this round: ['HA', 'CT', 'S6', 'CK', 'S4']
name: b10902039, hole_card: ['C7', 'DK']
name: b10505029, hole_card: ['H3', 'D4']
Started the round 8
Street "preflop" started. (community card = [])
name: b10902039, hole_card: ['C7', 'DK']
name: b10505029, hole_card: ['H3', 'D4']
"b10902039" declared "fold:0"
"['b10505029']" won the round 8 (stack = {'b10902039': 1129.5, 'b10505029': 870})
community cards of this round: ['D3', 'HQ', 'S8', 'H9', 'S9']
name: b10902039, hole_card: ['DT', 'CK']
name: b10505029, hole_card: ['C9', 'H4']
Started the round 9
Street "preflop" started. (community card = [])
name: b10902039, hole_card: ['DT', 'CK']
name: b10505029, hole_card: ['C9', 'H4']
"b10505029" declared "raise:75"
name: b10902039, hole_card: ['DT', 'CK']
name: b10505029, hole_card: ['C9', 'H4']
"b10902039" declared "fold:0"
"['b10505029']" won the round 9 (stack = {'b10902039': 1119.5, 'b10505029': 880})
community cards of this round: ['CJ', 'SA', 'H7', 'SJ', 'S6']
name: b10902039, hole_card: ['D5', 'HA']
name: b10505029, hole_card: ['SK', 'S3']
Started the round 10
Street "preflop" started. (community card = [])
name: b10902039, hole_card: ['D5', 'HA']
name: b10505029, hole_card: ['SK', 'S3']
"b10902039" declared "fold:0"
"['b10505029']" won the round 10 (stack = {'b10902039': 1114.5, 'b10505029': 885})
community cards of this round: ['CT', 'HT', 'H5', 'HQ', 'SK']
name: b10902039, hole_card: ['H4', 'S5']
name: b10505029, hole_card: ['DA', 'D9']
Started the round 11
Street "preflop" started. (community card = [])
name: b10902039, hole_card: ['H4', 'S5']
name: b10505029, hole_card: ['DA', 'D9']
"b10505029" declared "raise:75"
name: b10902039, hole_card: ['H4', 'S5']
name: b10505029, hole_card: ['DA', 'D9']
"b10902039" declared "fold:0"
"['b10505029']" won the round 11 (stack = {'b10902039': 1104.5, 'b10505029': 895})
community cards of this round: ['D5', 'DJ', 'S6', 'D9', 'CQ']
name: b10902039, hole_card: ['CA', 'C9']
name: b10505029, hole_card: ['C2', 'HA']
Started the round 12
Street "preflop" started. (community card = [])
name: b10902039, hole_card: ['CA', 'C9']
name: b10505029, hole_card: ['C2', 'HA']
"b10902039" declared "fold:0"
"['b10505029']" won the round 12 (stack = {'b10902039': 1099.5, 'b10505029': 900})
community cards of this round: ['D9', 'CA', 'CQ', 'CJ', 'H4']
name: b10902039, hole_card: ['D4', 'C6']
name: b10505029, hole_card: ['SJ', 'H9']
Started the round 13
Street "preflop" started. (community card = [])
name: b10902039, hole_card: ['D4', 'C6']
name: b10505029, hole_card: ['SJ', 'H9']
"b10505029" declared "raise:30"
name: b10902039, hole_card: ['D4', 'C6']
name: b10505029, hole_card: ['SJ', 'H9']
"b10902039" declared "fold:0"
"['b10505029']" won the round 13 (stack = {'b10902039': 1089.5, 'b10505029': 910})
community cards of this round: ['H9', 'H6', 'S3', 'HK', 'ST']
name: b10902039, hole_card: ['D7', 'C3']
name: b10505029, hole_card: ['C8', 'D9']
Started the round 14
Street "preflop" started. (community card = [])
name: b10902039, hole_card: ['D7', 'C3']
name: b10505029, hole_card: ['C8', 'D9']
"b10902039" declared "fold:0"
"['b10505029']" won the round 14 (stack = {'b10902039': 1084.5, 'b10505029': 915})
community cards of this round: ['D6', 'HK', 'C4', 'DJ', 'C6']
name: b10902039, hole_card: ['CA', 'CQ']
name: b10505029, hole_card: ['D3', 'D5']
Started the round 15
Street "preflop" started. (community card = [])
name: b10902039, hole_card: ['CA', 'CQ']
name: b10505029, hole_card: ['D3', 'D5']
"b10505029" declared "fold:0"
"['b10902039']" won the round 15 (stack = {'b10902039': 1089.5, 'b10505029': 910})
community cards of this round: ['S4', 'H3', 'S6', 'S5', 'D6']
name: b10902039, hole_card: ['DJ', 'ST']
name: b10505029, hole_card: ['H6', 'D2']
Started the round 16
Street "preflop" started. (community card = [])
name: b10902039, hole_card: ['DJ', 'ST']
name: b10505029, hole_card: ['H6', 'D2']
"b10902039" declared "fold:0"
"['b10505029']" won the round 16 (stack = {'b10902039': 1084.5, 'b10505029': 915})
community cards of this round: ['C9', 'CT', 'D4', 'HJ', 'C4']
name: b10902039, hole_card: ['C7', 'CQ']
name: b10505029, hole_card: ['CJ', 'S8']
Started the round 17
Street "preflop" started. (community card = [])
name: b10902039, hole_card: ['C7', 'CQ']
name: b10505029, hole_card: ['CJ', 'S8']
"b10505029" declared "raise:30"
name: b10902039, hole_card: ['C7', 'CQ']
name: b10505029, hole_card: ['CJ', 'S8']
"b10902039" declared "fold:0"
"['b10505029']" won the round 17 (stack = {'b10902039': 1074.5, 'b10505029': 925})
community cards of this round: ['SJ', 'C8', 'H6', 'HK', 'D4']
name: b10902039, hole_card: ['D5', 'C5']
name: b10505029, hole_card: ['DK', 'C9']
Started the round 18
Street "preflop" started. (community card = [])
name: b10902039, hole_card: ['D5', 'C5']
name: b10505029, hole_card: ['DK', 'C9']
"b10902039" declared "fold:0"
"['b10505029']" won the round 18 (stack = {'b10902039': 1069.5, 'b10505029': 930})
community cards of this round: ['HK', 'D8', 'C8', 'DK', 'S8']
name: b10902039, hole_card: ['HA', 'S7']
name: b10505029, hole_card: ['C7', 'H8']
Started the round 19
Street "preflop" started. (community card = [])
name: b10902039, hole_card: ['HA', 'S7']
name: b10505029, hole_card: ['C7', 'H8']
"b10505029" declared "raise:45"
name: b10902039, hole_card: ['HA', 'S7']
name: b10505029, hole_card: ['C7', 'H8']
"b10902039" declared "fold:0"
"['b10505029']" won the round 19 (stack = {'b10902039': 1059.5, 'b10505029': 940})
community cards of this round: ['H6', 'D3', 'H7', 'H9', 'C7']
name: b10902039, hole_card: ['HT', 'D4']
name: b10505029, hole_card: ['HJ', 'S4']
Started the round 20
Street "preflop" started. (community card = [])
name: b10902039, hole_card: ['HT', 'D4']
name: b10505029, hole_card: ['HJ', 'S4']
"b10902039" declared "fold:0"
"['b10505029']" won the round 20 (stack = {'b10902039': 1054.5, 'b10505029': 945})
b10505029 vs b10902039 - Game 3: {'rule': {'initial_stack': 1000, 'max_round': 20, 'small_blind_amount': 5, 'ante': 0, 'blind_structure': {}}, 'players': [{'name': 'b10902039', 'uuid': 'rfvuvcprwozkhruiktuyjq', 'stack': 1054.5, 'state': 'participating'}, {'name': 'b10505029', 'uuid': 'johwdoheybkejvuenyogeg', 'stack': 945, 'state': 'participating'}]}
community cards of this round: ['D3', 'D2', 'DQ', 'H5', 'DA']
name: b10505029, hole_card: ['C3', 'S9']
name: b10902039, hole_card: ['S3', 'H6']
Started the round 1
Street "preflop" started. (community card = [])
name: b10505029, hole_card: ['C3', 'S9']
name: b10902039, hole_card: ['S3', 'H6']
"b10902039" declared "fold:0"
"['b10505029']" won the round 1 (stack = {'b10505029': 1005, 'b10902039': 995})
community cards of this round: ['DQ', 'CJ', 'HA', 'HQ', 'DK']
name: b10505029, hole_card: ['CT', 'D5']
name: b10902039, hole_card: ['D3', 'H8']
Started the round 2
Street "preflop" started. (community card = [])
name: b10505029, hole_card: ['CT', 'D5']
name: b10902039, hole_card: ['D3', 'H8']
"b10505029" declared "raise:75"
fold directly
name: b10505029, hole_card: ['CT', 'D5']
name: b10902039, hole_card: ['D3', 'H8']
"b10902039" declared "fold:0"
"['b10505029']" won the round 2 (stack = {'b10505029': 1015, 'b10902039': 985})
community cards of this round: ['D6', 'CK', 'S6', 'CA', 'D7']
name: b10505029, hole_card: ['H4', 'H7']
name: b10902039, hole_card: ['CT', 'HQ']
Started the round 3
Street "preflop" started. (community card = [])
name: b10505029, hole_card: ['H4', 'H7']
name: b10902039, hole_card: ['CT', 'HQ']
"b10902039" declared "call:10"
name: b10505029, hole_card: ['H4', 'H7']
name: b10902039, hole_card: ['CT', 'HQ']
"b10505029" declared "raise:75"
name: b10505029, hole_card: ['H4', 'H7']
name: b10902039, hole_card: ['CT', 'HQ']
"b10902039" declared "call:75"
Street "flop" started. (community card = ['D6', 'CK', 'S6'])
name: b10505029, hole_card: ['H4', 'H7']
name: b10902039, hole_card: ['CT', 'HQ']
"b10902039" declared "call:0"
name: b10505029, hole_card: ['H4', 'H7']
name: b10902039, hole_card: ['CT', 'HQ']
"b10505029" declared "fold:0"
"['b10902039']" won the round 3 (stack = {'b10505029': 940, 'b10902039': 1060})
community cards of this round: ['S8', 'HT', 'S6', 'S7', 'C3']
name: b10505029, hole_card: ['S3', 'C4']
name: b10902039, hole_card: ['H2', 'D6']
Started the round 4
Street "preflop" started. (community card = [])
name: b10505029, hole_card: ['S3', 'C4']
name: b10902039, hole_card: ['H2', 'D6']
"b10505029" declared "fold:0"
"['b10902039']" won the round 4 (stack = {'b10505029': 935, 'b10902039': 1065})
community cards of this round: ['S3', 'D9', 'S8', 'DJ', 'H3']
name: b10505029, hole_card: ['CQ', 'C4']
name: b10902039, hole_card: ['DT', 'S5']
Started the round 5
Street "preflop" started. (community card = [])
name: b10505029, hole_card: ['CQ', 'C4']
name: b10902039, hole_card: ['DT', 'S5']
"b10902039" declared "fold:0"
"['b10505029']" won the round 5 (stack = {'b10505029': 940, 'b10902039': 1060})
community cards of this round: ['C7', 'CT', 'H3', 'H8', 'DK']
name: b10505029, hole_card: ['CJ', 'DA']
name: b10902039, hole_card: ['CA', 'DQ']
Started the round 6
Street "preflop" started. (community card = [])
name: b10505029, hole_card: ['CJ', 'DA']
name: b10902039, hole_card: ['CA', 'DQ']
"b10505029" declared "raise:60"
name: b10505029, hole_card: ['CJ', 'DA']
name: b10902039, hole_card: ['CA', 'DQ']
"b10902039" declared "call:60"
Street "flop" started. (community card = ['C7', 'CT', 'H3'])
name: b10505029, hole_card: ['CJ', 'DA']
name: b10902039, hole_card: ['CA', 'DQ']
"b10505029" declared "raise:30"
name: b10505029, hole_card: ['CJ', 'DA']
name: b10902039, hole_card: ['CA', 'DQ']
"b10902039" declared "call:30"
Street "turn" started. (community card = ['C7', 'CT', 'H3', 'H8'])
name: b10505029, hole_card: ['CJ', 'DA']
name: b10902039, hole_card: ['CA', 'DQ']
"b10505029" declared "raise:20"
name: b10505029, hole_card: ['CJ', 'DA']
name: b10902039, hole_card: ['CA', 'DQ']
"b10902039" declared "call:20"
Street "river" started. (community card = ['C7', 'CT', 'H3', 'H8', 'DK'])
name: b10505029, hole_card: ['CJ', 'DA']
name: b10902039, hole_card: ['CA', 'DQ']
"b10505029" declared "raise:40"
name: b10505029, hole_card: ['CJ', 'DA']
name: b10902039, hole_card: ['CA', 'DQ']
"b10902039" declared "call:40"
"['b10902039']" won the round 6 (stack = {'b10505029': 790, 'b10902039': 1210})
community cards of this round: ['H2', 'S5', 'CT', 'C7', 'DA']
name: b10505029, hole_card: ['S3', 'S2']
name: b10902039, hole_card: ['HA', 'S6']
Started the round 7
Street "preflop" started. (community card = [])
name: b10505029, hole_card: ['S3', 'S2']
name: b10902039, hole_card: ['HA', 'S6']
"b10902039" declared "fold:0"
"['b10505029']" won the round 7 (stack = {'b10505029': 795, 'b10902039': 1205})
community cards of this round: ['HA', 'CT', 'S6', 'CK', 'S4']
name: b10505029, hole_card: ['C7', 'DK']
name: b10902039, hole_card: ['H3', 'D4']
Started the round 8
Street "preflop" started. (community card = [])
name: b10505029, hole_card: ['C7', 'DK']
name: b10902039, hole_card: ['H3', 'D4']
"b10505029" declared "raise:75"
name: b10505029, hole_card: ['C7', 'DK']
name: b10902039, hole_card: ['H3', 'D4']
"b10902039" declared "fold:0"
"['b10505029']" won the round 8 (stack = {'b10505029': 805, 'b10902039': 1195})
community cards of this round: ['D3', 'HQ', 'S8', 'H9', 'S9']
name: b10505029, hole_card: ['DT', 'CK']
name: b10902039, hole_card: ['C9', 'H4']
Started the round 9
Street "preflop" started. (community card = [])
name: b10505029, hole_card: ['DT', 'CK']
name: b10902039, hole_card: ['C9', 'H4']
"b10902039" declared "fold:0"
"['b10505029']" won the round 9 (stack = {'b10505029': 810, 'b10902039': 1190})
community cards of this round: ['CJ', 'SA', 'H7', 'SJ', 'S6']
name: b10505029, hole_card: ['D5', 'HA']
name: b10902039, hole_card: ['SK', 'S3']
Started the round 10
Street "preflop" started. (community card = [])
name: b10505029, hole_card: ['D5', 'HA']
name: b10902039, hole_card: ['SK', 'S3']
"b10505029" declared "raise:45"
name: b10505029, hole_card: ['D5', 'HA']
name: b10902039, hole_card: ['SK', 'S3']
"b10902039" declared "fold:0"
"['b10505029']" won the round 10 (stack = {'b10505029': 820, 'b10902039': 1180})
community cards of this round: ['CT', 'HT', 'H5', 'HQ', 'SK']
name: b10505029, hole_card: ['H4', 'S5']
name: b10902039, hole_card: ['DA', 'D9']
Started the round 11
Street "preflop" started. (community card = [])
name: b10505029, hole_card: ['H4', 'S5']
name: b10902039, hole_card: ['DA', 'D9']
"b10902039" declared "fold:0"
"['b10505029']" won the round 11 (stack = {'b10505029': 825, 'b10902039': 1175})
community cards of this round: ['D5', 'DJ', 'S6', 'D9', 'CQ']
name: b10505029, hole_card: ['CA', 'C9']
name: b10902039, hole_card: ['C2', 'HA']
Started the round 12
Street "preflop" started. (community card = [])
name: b10505029, hole_card: ['CA', 'C9']
name: b10902039, hole_card: ['C2', 'HA']
"b10505029" declared "raise:75"
name: b10505029, hole_card: ['CA', 'C9']
name: b10902039, hole_card: ['C2', 'HA']
"b10902039" declared "fold:0"
"['b10505029']" won the round 12 (stack = {'b10505029': 835, 'b10902039': 1165})
community cards of this round: ['D9', 'CA', 'CQ', 'CJ', 'H4']
name: b10505029, hole_card: ['D4', 'C6']
name: b10902039, hole_card: ['SJ', 'H9']
Started the round 13
Street "preflop" started. (community card = [])
name: b10505029, hole_card: ['D4', 'C6']
name: b10902039, hole_card: ['SJ', 'H9']
"b10902039" declared "fold:0"
"['b10505029']" won the round 13 (stack = {'b10505029': 840, 'b10902039': 1160})
community cards of this round: ['H9', 'H6', 'S3', 'HK', 'ST']
name: b10505029, hole_card: ['D7', 'C3']
name: b10902039, hole_card: ['C8', 'D9']
Started the round 14
Street "preflop" started. (community card = [])
name: b10505029, hole_card: ['D7', 'C3']
name: b10902039, hole_card: ['C8', 'D9']
"b10505029" declared "fold:0"
"['b10902039']" won the round 14 (stack = {'b10505029': 835, 'b10902039': 1165})
community cards of this round: ['D6', 'HK', 'C4', 'DJ', 'C6']
name: b10505029, hole_card: ['CA', 'CQ']
name: b10902039, hole_card: ['D3', 'D5']
Started the round 15
Street "preflop" started. (community card = [])
name: b10505029, hole_card: ['CA', 'CQ']
name: b10902039, hole_card: ['D3', 'D5']
"b10902039" declared "fold:0"
"['b10505029']" won the round 15 (stack = {'b10505029': 840, 'b10902039': 1160})
community cards of this round: ['S4', 'H3', 'S6', 'S5', 'D6']
name: b10505029, hole_card: ['DJ', 'ST']
name: b10902039, hole_card: ['H6', 'D2']
Started the round 16
Street "preflop" started. (community card = [])
name: b10505029, hole_card: ['DJ', 'ST']
name: b10902039, hole_card: ['H6', 'D2']
"b10505029" declared "raise:45"
name: b10505029, hole_card: ['DJ', 'ST']
name: b10902039, hole_card: ['H6', 'D2']
"b10902039" declared "fold:0"
"['b10505029']" won the round 16 (stack = {'b10505029': 850, 'b10902039': 1150})
community cards of this round: ['C9', 'CT', 'D4', 'HJ', 'C4']
name: b10505029, hole_card: ['C7', 'CQ']
name: b10902039, hole_card: ['CJ', 'S8']
Started the round 17
Street "preflop" started. (community card = [])
name: b10505029, hole_card: ['C7', 'CQ']
name: b10902039, hole_card: ['CJ', 'S8']
"b10902039" declared "fold:0"
"['b10505029']" won the round 17 (stack = {'b10505029': 855, 'b10902039': 1145})
community cards of this round: ['SJ', 'C8', 'H6', 'HK', 'D4']
name: b10505029, hole_card: ['D5', 'C5']
name: b10902039, hole_card: ['DK', 'C9']
Started the round 18
Street "preflop" started. (community card = [])
name: b10505029, hole_card: ['D5', 'C5']
name: b10902039, hole_card: ['DK', 'C9']
"b10505029" declared "raise:75"
name: b10505029, hole_card: ['D5', 'C5']
name: b10902039, hole_card: ['DK', 'C9']
"b10902039" declared "fold:0"
"['b10505029']" won the round 18 (stack = {'b10505029': 865, 'b10902039': 1135})
community cards of this round: ['HK', 'D8', 'C8', 'DK', 'S8']
name: b10505029, hole_card: ['HA', 'S7']
name: b10902039, hole_card: ['C7', 'H8']
Started the round 19
Street "preflop" started. (community card = [])
name: b10505029, hole_card: ['HA', 'S7']
name: b10902039, hole_card: ['C7', 'H8']
"b10902039" declared "fold:0"
"['b10505029']" won the round 19 (stack = {'b10505029': 870, 'b10902039': 1130})
community cards of this round: ['H6', 'D3', 'H7', 'H9', 'C7']
name: b10505029, hole_card: ['HT', 'D4']
name: b10902039, hole_card: ['HJ', 'S4']
Started the round 20
Street "preflop" started. (community card = [])
name: b10505029, hole_card: ['HT', 'D4']
name: b10902039, hole_card: ['HJ', 'S4']
"b10505029" declared "raise:60"
name: b10505029, hole_card: ['HT', 'D4']
name: b10902039, hole_card: ['HJ', 'S4']
"b10902039" declared "fold:0"
"['b10505029']" won the round 20 (stack = {'b10505029': 880, 'b10902039': 1120})
b10505029 vs b10902039 - Game 4: {'rule': {'initial_stack': 1000, 'max_round': 20, 'small_blind_amount': 5, 'ante': 0, 'blind_structure': {}}, 'players': [{'name': 'b10505029', 'uuid': 'rugcgdwfsvoeksvbxekgko', 'stack': 880, 'state': 'participating'}, {'name': 'b10902039', 'uuid': 'dbguwcvkbqjabpsfasousb', 'stack': 1120, 'state': 'participating'}]}
community cards of this round: ['CK', 'H6', 'D3', 'S8', 'S3']
name: b10902039, hole_card: ['C4', 'DJ']
name: b10505029, hole_card: ['CJ', 'HJ']
Started the round 1
Street "preflop" started. (community card = [])
name: b10902039, hole_card: ['C4', 'DJ']
name: b10505029, hole_card: ['CJ', 'HJ']
"b10505029" declared "raise:75"
name: b10902039, hole_card: ['C4', 'DJ']
name: b10505029, hole_card: ['CJ', 'HJ']
"b10902039" declared "fold:0"
"['b10505029']" won the round 1 (stack = {'b10902039': 990, 'b10505029': 1010})
community cards of this round: ['D4', 'H5', 'CK', 'ST', 'H3']
name: b10902039, hole_card: ['HA', 'C9']
name: b10505029, hole_card: ['DQ', 'S3']
Started the round 2
Street "preflop" started. (community card = [])
name: b10902039, hole_card: ['HA', 'C9']
name: b10505029, hole_card: ['DQ', 'S3']
"b10902039" declared "call:10"
name: b10902039, hole_card: ['HA', 'C9']
name: b10505029, hole_card: ['DQ', 'S3']
"b10505029" declared "raise:75"
name: b10902039, hole_card: ['HA', 'C9']
name: b10505029, hole_card: ['DQ', 'S3']
"b10902039" declared "call:75"
Street "flop" started. (community card = ['D4', 'H5', 'CK'])
name: b10902039, hole_card: ['HA', 'C9']
name: b10505029, hole_card: ['DQ', 'S3']
"b10902039" declared "call:0"
name: b10902039, hole_card: ['HA', 'C9']
name: b10505029, hole_card: ['DQ', 'S3']
"b10505029" declared "raise:30"
name: b10902039, hole_card: ['HA', 'C9']
name: b10505029, hole_card: ['DQ', 'S3']
"b10902039" declared "call:30"
Street "turn" started. (community card = ['D4', 'H5', 'CK', 'ST'])
name: b10902039, hole_card: ['HA', 'C9']
name: b10505029, hole_card: ['DQ', 'S3']
"b10902039" declared "raise:447.5"
name: b10902039, hole_card: ['HA', 'C9']
name: b10505029, hole_card: ['DQ', 'S3']
"b10505029" declared "fold:0"
"['b10902039']" won the round 2 (stack = {'b10902039': 1094.5, 'b10505029': 905})
community cards of this round: ['H6', 'S5', 'D2', 'CT', 'S9']
name: b10902039, hole_card: ['S2', 'H4']
name: b10505029, hole_card: ['H7', 'D7']
Started the round 3
Street "preflop" started. (community card = [])
name: b10902039, hole_card: ['S2', 'H4']
name: b10505029, hole_card: ['H7', 'D7']
"b10505029" declared "raise:60"
name: b10902039, hole_card: ['S2', 'H4']
name: b10505029, hole_card: ['H7', 'D7']
"b10902039" declared "fold:0"
"['b10505029']" won the round 3 (stack = {'b10902039': 1084.5, 'b10505029': 915})
community cards of this round: ['SK', 'DQ', 'H7', 'SJ', 'HT']
name: b10902039, hole_card: ['CT', 'HQ']
name: b10505029, hole_card: ['CK', 'DK']
Started the round 4
Street "preflop" started. (community card = [])
name: b10902039, hole_card: ['CT', 'HQ']
name: b10505029, hole_card: ['CK', 'DK']
"b10902039" declared "call:10"
name: b10902039, hole_card: ['CT', 'HQ']
name: b10505029, hole_card: ['CK', 'DK']
"b10505029" declared "raise:60"
name: b10902039, hole_card: ['CT', 'HQ']
name: b10505029, hole_card: ['CK', 'DK']
"b10902039" declared "call:60"
Street "flop" started. (community card = ['SK', 'DQ', 'H7'])
name: b10902039, hole_card: ['CT', 'HQ']
name: b10505029, hole_card: ['CK', 'DK']
"b10902039" declared "call:0"
name: b10902039, hole_card: ['CT', 'HQ']
name: b10505029, hole_card: ['CK', 'DK']
"b10505029" declared "raise:50"
name: b10902039, hole_card: ['CT', 'HQ']
name: b10505029, hole_card: ['CK', 'DK']
"b10902039" declared "call:50"
Street "turn" started. (community card = ['SK', 'DQ', 'H7', 'SJ'])
name: b10902039, hole_card: ['CT', 'HQ']
name: b10505029, hole_card: ['CK', 'DK']
"b10902039" declared "call:0"
name: b10902039, hole_card: ['CT', 'HQ']
name: b10505029, hole_card: ['CK', 'DK']
"b10505029" declared "raise:40"
name: b10902039, hole_card: ['CT', 'HQ']
name: b10505029, hole_card: ['CK', 'DK']
"b10902039" declared "call:40"
Street "river" started. (community card = ['SK', 'DQ', 'H7', 'SJ', 'HT'])
name: b10902039, hole_card: ['CT', 'HQ']
name: b10505029, hole_card: ['CK', 'DK']
"b10902039" declared "call:0"
name: b10902039, hole_card: ['CT', 'HQ']
name: b10505029, hole_card: ['CK', 'DK']
"b10505029" declared "raise:20"
name: b10902039, hole_card: ['CT', 'HQ']
name: b10505029, hole_card: ['CK', 'DK']
"b10902039" declared "call:20"
"['b10505029']" won the round 4 (stack = {'b10902039': 914.5, 'b10505029': 1085})
community cards of this round: ['HA', 'C3', 'H2', 'SJ', 'H5']
name: b10902039, hole_card: ['D7', 'HQ']
name: b10505029, hole_card: ['S4', 'D5']
Started the round 5
Street "preflop" started. (community card = [])
name: b10902039, hole_card: ['D7', 'HQ']
name: b10505029, hole_card: ['S4', 'D5']
"b10505029" declared "fold:0"
"['b10902039']" won the round 5 (stack = {'b10902039': 919.5, 'b10505029': 1080})
community cards of this round: ['D4', 'DQ', 'HQ', 'DK', 'CK']
name: b10902039, hole_card: ['CJ', 'C7']
name: b10505029, hole_card: ['ST', 'HT']
Started the round 6
Street "preflop" started. (community card = [])
name: b10902039, hole_card: ['CJ', 'C7']
name: b10505029, hole_card: ['ST', 'HT']
"b10902039" declared "call:10"
name: b10902039, hole_card: ['CJ', 'C7']
name: b10505029, hole_card: ['ST', 'HT']
"b10505029" declared "raise:45"
name: b10902039, hole_card: ['CJ', 'C7']
name: b10505029, hole_card: ['ST', 'HT']
"b10902039" declared "call:45"
Street "flop" started. (community card = ['D4', 'DQ', 'HQ'])
name: b10902039, hole_card: ['CJ', 'C7']
name: b10505029, hole_card: ['ST', 'HT']
"b10902039" declared "raise:442.25"
name: b10902039, hole_card: ['CJ', 'C7']
name: b10505029, hole_card: ['ST', 'HT']
"b10505029" declared "raise:1769.0", Invalid action. Treat as fold...
"['b10902039']" won the round 6 (stack = {'b10902039': 964.25, 'b10505029': 1035})
community cards of this round: ['D3', 'D5', 'DA', 'H9', 'C5']
name: b10902039, hole_card: ['CJ', 'S4']
name: b10505029, hole_card: ['S6', 'H6']
Started the round 7
Street "preflop" started. (community card = [])
name: b10902039, hole_card: ['CJ', 'S4']
name: b10505029, hole_card: ['S6', 'H6']
"b10505029" declared "raise:30"
name: b10902039, hole_card: ['CJ', 'S4']
name: b10505029, hole_card: ['S6', 'H6']
"b10902039" declared "fold:0"
"['b10505029']" won the round 7 (stack = {'b10902039': 954.25, 'b10505029': 1045})
community cards of this round: ['C4', 'H6', 'HK', 'S4', 'SJ']
name: b10902039, hole_card: ['SA', 'DJ']
name: b10505029, hole_card: ['D3', 'H5']
Started the round 8
Street "preflop" started. (community card = [])
name: b10902039, hole_card: ['SA', 'DJ']
name: b10505029, hole_card: ['D3', 'H5']
"b10902039" declared "call:10"
name: b10902039, hole_card: ['SA', 'DJ']
name: b10505029, hole_card: ['D3', 'H5']
"b10505029" declared "raise:45"
name: b10902039, hole_card: ['SA', 'DJ']
name: b10505029, hole_card: ['D3', 'H5']
"b10902039" declared "call:45"
Street "flop" started. (community card = ['C4', 'H6', 'HK'])
name: b10902039, hole_card: ['SA', 'DJ']
name: b10505029, hole_card: ['D3', 'H5']
"b10902039" declared "raise:459.625"
name: b10902039, hole_card: ['SA', 'DJ']
name: b10505029, hole_card: ['D3', 'H5']
"b10505029" declared "fold:0"
"['b10902039']" won the round 8 (stack = {'b10902039': 998.625, 'b10505029': 1000})
community cards of this round: ['SK', 'HJ', 'CA', 'SJ', 'CT']
name: b10902039, hole_card: ['DQ', 'C4']
name: b10505029, hole_card: ['D8', 'DA']
Started the round 9
Street "preflop" started. (community card = [])
name: b10902039, hole_card: ['DQ', 'C4']
name: b10505029, hole_card: ['D8', 'DA']
"b10505029" declared "raise:45"
name: b10902039, hole_card: ['DQ', 'C4']
name: b10505029, hole_card: ['D8', 'DA']
"b10902039" declared "fold:0"
"['b10505029']" won the round 9 (stack = {'b10902039': 988.625, 'b10505029': 1010})
community cards of this round: ['SJ', 'DK', 'H2', 'S9', 'D6']
name: b10902039, hole_card: ['C5', 'D5']
name: b10505029, hole_card: ['S4', 'CT']
Started the round 10
Street "preflop" started. (community card = [])
name: b10902039, hole_card: ['C5', 'D5']
name: b10505029, hole_card: ['S4', 'CT']
"b10902039" declared "call:10"
name: b10902039, hole_card: ['C5', 'D5']
name: b10505029, hole_card: ['S4', 'CT']
"b10505029" declared "raise:30"
name: b10902039, hole_card: ['C5', 'D5']
name: b10505029, hole_card: ['S4', 'CT']
"b10902039" declared "call:30"
Street "flop" started. (community card = ['SJ', 'DK', 'H2'])
name: b10902039, hole_card: ['C5', 'D5']
name: b10505029, hole_card: ['S4', 'CT']
"b10902039" declared "call:0"
name: b10902039, hole_card: ['C5', 'D5']
name: b10505029, hole_card: ['S4', 'CT']
"b10505029" declared "raise:40"
name: b10902039, hole_card: ['C5', 'D5']
name: b10505029, hole_card: ['S4', 'CT']
"b10902039" declared "call:40"
Street "turn" started. (community card = ['SJ', 'DK', 'H2', 'S9'])
name: b10902039, hole_card: ['C5', 'D5']
name: b10505029, hole_card: ['S4', 'CT']
"b10902039" declared "raise:464.3125"
name: b10902039, hole_card: ['C5', 'D5']
name: b10505029, hole_card: ['S4', 'CT']
"b10505029" declared "fold:0"
"['b10902039']" won the round 10 (stack = {'b10902039': 1058.3125, 'b10505029': 940})
community cards of this round: ['HA', 'H7', 'H6', 'D5', 'D3']
name: b10902039, hole_card: ['D9', 'C8']
name: b10505029, hole_card: ['DJ', 'CT']
Started the round 11
Street "preflop" started. (community card = [])
name: b10902039, hole_card: ['D9', 'C8']
name: b10505029, hole_card: ['DJ', 'CT']
"b10505029" declared "raise:30"
name: b10902039, hole_card: ['D9', 'C8']
name: b10505029, hole_card: ['DJ', 'CT']
"b10902039" declared "call:30"
Street "flop" started. (community card = ['HA', 'H7', 'H6'])
name: b10902039, hole_card: ['D9', 'C8']
name: b10505029, hole_card: ['DJ', 'CT']
"b10505029" declared "raise:50"
name: b10902039, hole_card: ['D9', 'C8']
name: b10505029, hole_card: ['DJ', 'CT']
"b10902039" declared "call:50"
Street "turn" started. (community card = ['HA', 'H7', 'H6', 'D5'])
name: b10902039, hole_card: ['D9', 'C8']
name: b10505029, hole_card: ['DJ', 'CT']
"b10505029" declared "fold:0"
"['b10902039']" won the round 11 (stack = {'b10902039': 1138.3125, 'b10505029': 860})
community cards of this round: ['S5', 'ST', 'SA', 'D2', 'C5']
name: b10902039, hole_card: ['CK', 'SK']
name: b10505029, hole_card: ['C8', 'HJ']
Started the round 12
Street "preflop" started. (community card = [])
name: b10902039, hole_card: ['CK', 'SK']
name: b10505029, hole_card: ['C8', 'HJ']
"b10902039" declared "fold:0"
"['b10505029']" won the round 12 (stack = {'b10902039': 1133.3125, 'b10505029': 865})
community cards of this round: ['H3', 'CK', 'D7', 'D3', 'D2']
name: b10902039, hole_card: ['S9', 'C2']
name: b10505029, hole_card: ['HA', 'S6']
Started the round 13
Street "preflop" started. (community card = [])
name: b10902039, hole_card: ['S9', 'C2']
name: b10505029, hole_card: ['HA', 'S6']
"b10505029" declared "raise:45"
name: b10902039, hole_card: ['S9', 'C2']
name: b10505029, hole_card: ['HA', 'S6']
"b10902039" declared "fold:0"
"['b10505029']" won the round 13 (stack = {'b10902039': 1123.3125, 'b10505029': 875})
community cards of this round: ['DK', 'D6', 'H3', 'S6', 'ST']
name: b10902039, hole_card: ['D2', 'S4']
name: b10505029, hole_card: ['HQ', 'S8']
Started the round 14
Street "preflop" started. (community card = [])
name: b10902039, hole_card: ['D2', 'S4']
name: b10505029, hole_card: ['HQ', 'S8']
"b10902039" declared "fold:0"
"['b10505029']" won the round 14 (stack = {'b10902039': 1118.3125, 'b10505029': 880})
community cards of this round: ['S3', 'H2', 'DK', 'SJ', 'H9']
name: b10902039, hole_card: ['C9', 'H5']
name: b10505029, hole_card: ['HJ', 'CJ']
Started the round 15
Street "preflop" started. (community card = [])
name: b10902039, hole_card: ['C9', 'H5']
name: b10505029, hole_card: ['HJ', 'CJ']
"b10505029" declared "raise:60"
name: b10902039, hole_card: ['C9', 'H5']
name: b10505029, hole_card: ['HJ', 'CJ']
"b10902039" declared "fold:0"
"['b10505029']" won the round 15 (stack = {'b10902039': 1108.3125, 'b10505029': 890})
community cards of this round: ['CA', 'D7', 'CQ', 'C9', 'HJ']
name: b10902039, hole_card: ['CK', 'H6']
name: b10505029, hole_card: ['SA', 'C2']
Started the round 16
Street "preflop" started. (community card = [])
name: b10902039, hole_card: ['CK', 'H6']
name: b10505029, hole_card: ['SA', 'C2']
"b10902039" declared "fold:0"
"['b10505029']" won the round 16 (stack = {'b10902039': 1103.3125, 'b10505029': 895})
community cards of this round: ['DT', 'D6', 'D8', 'C2', 'H6']
name: b10902039, hole_card: ['SQ', 'S9']
name: b10505029, hole_card: ['C8', 'DA']
Started the round 17
Street "preflop" started. (community card = [])
name: b10902039, hole_card: ['SQ', 'S9']
name: b10505029, hole_card: ['C8', 'DA']
"b10505029" declared "raise:75"
name: b10902039, hole_card: ['SQ', 'S9']
name: b10505029, hole_card: ['C8', 'DA']
"b10902039" declared "fold:0"
"['b10505029']" won the round 17 (stack = {'b10902039': 1093.3125, 'b10505029': 905})
community cards of this round: ['S4', 'C8', 'DT', 'SA', 'S6']
name: b10902039, hole_card: ['CQ', 'CT']
name: b10505029, hole_card: ['D5', 'D8']
Started the round 18
Street "preflop" started. (community card = [])
name: b10902039, hole_card: ['CQ', 'CT']
name: b10505029, hole_card: ['D5', 'D8']
"b10902039" declared "fold:0"
"['b10505029']" won the round 18 (stack = {'b10902039': 1088.3125, 'b10505029': 910})
community cards of this round: ['ST', 'C2', 'HQ', 'CQ', 'HK']
name: b10902039, hole_card: ['C7', 'DK']
name: b10505029, hole_card: ['H6', 'D8']
Started the round 19
Street "preflop" started. (community card = [])
name: b10902039, hole_card: ['C7', 'DK']
name: b10505029, hole_card: ['H6', 'D8']
"b10505029" declared "raise:30"
name: b10902039, hole_card: ['C7', 'DK']
name: b10505029, hole_card: ['H6', 'D8']
"b10902039" declared "fold:0"
"['b10505029']" won the round 19 (stack = {'b10902039': 1078.3125, 'b10505029': 920})
community cards of this round: ['HK', 'SK', 'C2', 'D4', 'DK']
name: b10902039, hole_card: ['S6', 'HQ']
name: b10505029, hole_card: ['S4', 'H3']
Started the round 20
Street "preflop" started. (community card = [])
name: b10902039, hole_card: ['S6', 'HQ']
name: b10505029, hole_card: ['S4', 'H3']
"b10902039" declared "fold:0"
"['b10505029']" won the round 20 (stack = {'b10902039': 1073.3125, 'b10505029': 925})
b10505029 vs b10902039 - Game 5: {'rule': {'initial_stack': 1000, 'max_round': 20, 'small_blind_amount': 5, 'ante': 0, 'blind_structure': {}}, 'players': [{'name': 'b10902039', 'uuid': 'osdljjenbzhhsehbsmopzu', 'stack': 1073.3125, 'state': 'participating'}, {'name': 'b10505029', 'uuid': 'tepyrrrawurvtpshoudlco', 'stack': 925, 'state': 'participating'}]}
Final Result: b10505029 won 3 games (stack: 5322.8125), b10902039 won 2 games (stack: 4675)
