community cards of this round: ['C6', 'D3', 'S4', 'D2', 'SK']
name: b11902087, hole_card: ['DK', 'H8']
name: b10902138, hole_card: ['C3', 'S8']
Started the round 1
Street "preflop" started. (community card = [])
name: b11902087, hole_card: ['DK', 'H8']
name: b10902138, hole_card: ['C3', 'S8']
"b10902138" declared "fold:0"
"['b11902087']" won the round 1 (stack = {'b11902087': 1005, 'b10902138': 995})
community cards of this round: ['H4', 'H8', 'C7', 'C6', 'HT']
name: b11902087, hole_card: ['D4', 'DQ']
name: b10902138, hole_card: ['S8', 'CK']
Started the round 2
Street "preflop" started. (community card = [])
name: b11902087, hole_card: ['D4', 'DQ']
name: b10902138, hole_card: ['S8', 'CK']
"b11902087" declared "raise:15"
name: b11902087, hole_card: ['D4', 'DQ']
name: b10902138, hole_card: ['S8', 'CK']
"b10902138" declared "raise:45"
name: b11902087, hole_card: ['D4', 'DQ']
name: b10902138, hole_card: ['S8', 'CK']
"b11902087" declared "call:45"
Street "flop" started. (community card = ['H4', 'H8', 'C7'])
name: b11902087, hole_card: ['D4', 'DQ']
name: b10902138, hole_card: ['S8', 'CK']
"b11902087" declared "raise:10"
name: b11902087, hole_card: ['D4', 'DQ']
name: b10902138, hole_card: ['S8', 'CK']
"b10902138" declared "raise:25.0"
name: b11902087, hole_card: ['D4', 'DQ']
name: b10902138, hole_card: ['S8', 'CK']
"b11902087" declared "raise:40.0"
name: b11902087, hole_card: ['D4', 'DQ']
name: b10902138, hole_card: ['S8', 'CK']
"b10902138" declared "raise:950.0"
name: b11902087, hole_card: ['D4', 'DQ']
name: b10902138, hole_card: ['S8', 'CK']
"b11902087" declared "call:950.0"
Street "turn" started. (community card = ['H4', 'H8', 'C7', 'C6'])
Street "river" started. (community card = ['H4', 'H8', 'C7', 'C6', 'HT'])
"['b10902138']" won the round 2 (stack = {'b11902087': 10.0, 'b10902138': 1990.0})
community cards of this round: ['D4', 'HK', 'HA', 'H4', 'H8']
name: b11902087, hole_card: ['H7', 'C4']
name: b10902138, hole_card: ['H5', 'C9']
Started the round 3
Street "preflop" started. (community card = [])
name: b11902087, hole_card: ['H7', 'C4']
name: b10902138, hole_card: ['H5', 'C9']
"b10902138" declared "fold:0"
"['b11902087']" won the round 3 (stack = {'b11902087': 15.0, 'b10902138': 1985.0})
community cards of this round: ['D8', 'SQ', 'S9', 'CJ', 'C5']
name: b11902087, hole_card: ['H9', 'DQ']
name: b10902138, hole_card: ['D5', 'CA']
Started the round 4
Street "preflop" started. (community card = [])
name: b11902087, hole_card: ['H9', 'DQ']
name: b10902138, hole_card: ['D5', 'CA']
"b11902087" declared "raise:15"
name: b11902087, hole_card: ['H9', 'DQ']
name: b10902138, hole_card: ['D5', 'CA']
"b10902138" declared "fold:0"
"['b11902087']" won the round 4 (stack = {'b11902087': 25.0, 'b10902138': 1975.0})
community cards of this round: ['H7', 'CJ', 'SQ', 'S6', 'CT']
name: b11902087, hole_card: ['S4', 'C6']
name: b10902138, hole_card: ['S5', 'C9']
Started the round 5
Street "preflop" started. (community card = [])
name: b11902087, hole_card: ['S4', 'C6']
name: b10902138, hole_card: ['S5', 'C9']
"b10902138" declared "fold:0"
"['b11902087']" won the round 5 (stack = {'b11902087': 30.0, 'b10902138': 1970.0})
community cards of this round: ['S6', 'S4', 'H2', 'D4', 'H9']
name: b11902087, hole_card: ['S8', 'HK']
name: b10902138, hole_card: ['C4', 'S3']
Started the round 6
Street "preflop" started. (community card = [])
name: b11902087, hole_card: ['S8', 'HK']
name: b10902138, hole_card: ['C4', 'S3']
"b11902087" declared "raise:15"
name: b11902087, hole_card: ['S8', 'HK']
name: b10902138, hole_card: ['C4', 'S3']
"b10902138" declared "fold:0"
"['b11902087']" won the round 6 (stack = {'b11902087': 40.0, 'b10902138': 1960.0})
community cards of this round: ['S4', 'H4', 'SK', 'D8', 'C8']
name: b11902087, hole_card: ['D2', 'DQ']
name: b10902138, hole_card: ['CT', 'D5']
Started the round 7
Street "preflop" started. (community card = [])
name: b11902087, hole_card: ['D2', 'DQ']
name: b10902138, hole_card: ['CT', 'D5']
"b10902138" declared "fold:0"
"['b11902087']" won the round 7 (stack = {'b11902087': 45.0, 'b10902138': 1955.0})
community cards of this round: ['S4', 'C6', 'H7', 'S2', 'S5']
name: b11902087, hole_card: ['CJ', 'D6']
name: b10902138, hole_card: ['SK', 'CT']
Started the round 8
Street "preflop" started. (community card = [])
name: b11902087, hole_card: ['CJ', 'D6']
name: b10902138, hole_card: ['SK', 'CT']
"b11902087" declared "call:10"
name: b11902087, hole_card: ['CJ', 'D6']
name: b10902138, hole_card: ['SK', 'CT']
"b10902138" declared "fold:0"
"['b11902087']" won the round 8 (stack = {'b11902087': 55.0, 'b10902138': 1945.0})
community cards of this round: ['DQ', 'S8', 'D4', 'HA', 'DT']
name: b11902087, hole_card: ['D9', 'H3']
name: b10902138, hole_card: ['D5', 'C6']
Started the round 9
Street "preflop" started. (community card = [])
name: b11902087, hole_card: ['D9', 'H3']
name: b10902138, hole_card: ['D5', 'C6']
"b10902138" declared "fold:0"
"['b11902087']" won the round 9 (stack = {'b11902087': 60.0, 'b10902138': 1940.0})
community cards of this round: ['S5', 'H8', 'DT', 'H3', 'S6']
name: b11902087, hole_card: ['C9', 'D7']
name: b10902138, hole_card: ['SJ', 'S7']
Started the round 10
Street "preflop" started. (community card = [])
name: b11902087, hole_card: ['C9', 'D7']
name: b10902138, hole_card: ['SJ', 'S7']
"b11902087" declared "call:10"
name: b11902087, hole_card: ['C9', 'D7']
name: b10902138, hole_card: ['SJ', 'S7']
"b10902138" declared "fold:0"
"['b11902087']" won the round 10 (stack = {'b11902087': 70.0, 'b10902138': 1930.0})
community cards of this round: ['H5', 'C7', 'HK', 'S9', 'C8']
name: b11902087, hole_card: ['S6', 'C6']
name: b10902138, hole_card: ['CK', 'CT']
Started the round 11
Street "preflop" started. (community card = [])
name: b11902087, hole_card: ['S6', 'C6']
name: b10902138, hole_card: ['CK', 'CT']
"b10902138" declared "fold:0"
"['b11902087']" won the round 11 (stack = {'b11902087': 75.0, 'b10902138': 1925.0})
community cards of this round: ['S6', 'S3', 'HA', 'D2', 'DT']
name: b11902087, hole_card: ['H2', 'HJ']
name: b10902138, hole_card: ['H8', 'C8']
Started the round 12
Street "preflop" started. (community card = [])
name: b11902087, hole_card: ['H2', 'HJ']
name: b10902138, hole_card: ['H8', 'C8']
"b11902087" declared "call:10"
name: b11902087, hole_card: ['H2', 'HJ']
name: b10902138, hole_card: ['H8', 'C8']
"b10902138" declared "fold:0"
"['b11902087']" won the round 12 (stack = {'b11902087': 85.0, 'b10902138': 1915.0})
community cards of this round: ['HT', 'S5', 'H2', 'H7', 'S3']
name: b11902087, hole_card: ['SA', 'C4']
name: b10902138, hole_card: ['S4', 'D2']
Started the round 13
Street "preflop" started. (community card = [])
name: b11902087, hole_card: ['SA', 'C4']
name: b10902138, hole_card: ['S4', 'D2']
"b10902138" declared "fold:0"
"['b11902087']" won the round 13 (stack = {'b11902087': 90.0, 'b10902138': 1910.0})
community cards of this round: ['CT', 'SJ', 'D2', 'CK', 'D4']
name: b11902087, hole_card: ['C6', 'H6']
name: b10902138, hole_card: ['DJ', 'HJ']
Started the round 14
Street "preflop" started. (community card = [])
name: b11902087, hole_card: ['C6', 'H6']
name: b10902138, hole_card: ['DJ', 'HJ']
"b11902087" declared "raise:15"
name: b11902087, hole_card: ['C6', 'H6']
name: b10902138, hole_card: ['DJ', 'HJ']
"b10902138" declared "fold:0"
"['b11902087']" won the round 14 (stack = {'b11902087': 100.0, 'b10902138': 1900.0})
community cards of this round: ['S2', 'H8', 'CT', 'HA', 'ST']
name: b11902087, hole_card: ['H3', 'SK']
name: b10902138, hole_card: ['C8', 'D5']
Started the round 15
Street "preflop" started. (community card = [])
name: b11902087, hole_card: ['H3', 'SK']
name: b10902138, hole_card: ['C8', 'D5']
"b10902138" declared "fold:0"
"['b11902087']" won the round 15 (stack = {'b11902087': 105.0, 'b10902138': 1895.0})
community cards of this round: ['D8', 'C3', 'HA', 'H5', 'C2']
name: b11902087, hole_card: ['H2', 'H8']
name: b10902138, hole_card: ['CQ', 'C4']
Started the round 16
Street "preflop" started. (community card = [])
name: b11902087, hole_card: ['H2', 'H8']
name: b10902138, hole_card: ['CQ', 'C4']
"b11902087" declared "fold:0"
"['b10902138']" won the round 16 (stack = {'b11902087': 100.0, 'b10902138': 1900.0})
community cards of this round: ['D5', 'CT', 'CJ', 'H8', 'C3']
name: b11902087, hole_card: ['C4', 'H2']
name: b10902138, hole_card: ['C2', 'S8']
Started the round 17
Street "preflop" started. (community card = [])
name: b11902087, hole_card: ['C4', 'H2']
name: b10902138, hole_card: ['C2', 'S8']
"b10902138" declared "fold:0"
"['b11902087']" won the round 17 (stack = {'b11902087': 105.0, 'b10902138': 1895.0})
community cards of this round: ['D6', 'HA', 'SQ', 'SJ', 'S5']
name: b11902087, hole_card: ['CT', 'D8']
name: b10902138, hole_card: ['DT', 'CA']
Started the round 18
Street "preflop" started. (community card = [])
name: b11902087, hole_card: ['CT', 'D8']
name: b10902138, hole_card: ['DT', 'CA']
"b11902087" declared "raise:15"
name: b11902087, hole_card: ['CT', 'D8']
name: b10902138, hole_card: ['DT', 'CA']
"b10902138" declared "fold:0"
"['b11902087']" won the round 18 (stack = {'b11902087': 115.0, 'b10902138': 1885.0})
community cards of this round: ['H2', 'CA', 'DJ', 'D2', 'H5']
name: b11902087, hole_card: ['S2', 'S9']
name: b10902138, hole_card: ['H9', 'S5']
Started the round 19
Street "preflop" started. (community card = [])
name: b11902087, hole_card: ['S2', 'S9']
name: b10902138, hole_card: ['H9', 'S5']
"b10902138" declared "fold:0"
"['b11902087']" won the round 19 (stack = {'b11902087': 120.0, 'b10902138': 1880.0})
community cards of this round: ['H4', 'C6', 'S8', 'H2', 'S6']
name: b11902087, hole_card: ['DQ', 'SQ']
name: b10902138, hole_card: ['S5', 'H9']
Started the round 20
Street "preflop" started. (community card = [])
name: b11902087, hole_card: ['DQ', 'SQ']
name: b10902138, hole_card: ['S5', 'H9']
"b11902087" declared "raise:15"
name: b11902087, hole_card: ['DQ', 'SQ']
name: b10902138, hole_card: ['S5', 'H9']
"b10902138" declared "fold:0"
"['b11902087']" won the round 20 (stack = {'b11902087': 130.0, 'b10902138': 1870.0})
b10902138 vs b11902087 - Game 1: {'rule': {'initial_stack': 1000, 'max_round': 20, 'small_blind_amount': 5, 'ante': 0, 'blind_structure': {}}, 'players': [{'name': 'b11902087', 'uuid': 'aezdyhdolxrblhmripenid', 'stack': 130.0, 'state': 'participating'}, {'name': 'b10902138', 'uuid': 'lrmyvnhdqulaxlvyxpiomg', 'stack': 1870.0, 'state': 'participating'}]}
community cards of this round: ['C6', 'D3', 'S4', 'D2', 'SK']
name: b10902138, hole_card: ['DK', 'H8']
name: b11902087, hole_card: ['C3', 'S8']
Started the round 1
Street "preflop" started. (community card = [])
name: b10902138, hole_card: ['DK', 'H8']
name: b11902087, hole_card: ['C3', 'S8']
"b11902087" declared "fold:0"
"['b10902138']" won the round 1 (stack = {'b10902138': 1005, 'b11902087': 995})
community cards of this round: ['H4', 'H8', 'C7', 'C6', 'HT']
name: b10902138, hole_card: ['D4', 'DQ']
name: b11902087, hole_card: ['S8', 'CK']
Started the round 2
Street "preflop" started. (community card = [])
name: b10902138, hole_card: ['D4', 'DQ']
name: b11902087, hole_card: ['S8', 'CK']
"b10902138" declared "fold:0"
"['b11902087']" won the round 2 (stack = {'b10902138': 1000, 'b11902087': 1000})
community cards of this round: ['D4', 'HK', 'HA', 'H4', 'H8']
name: b10902138, hole_card: ['H7', 'C4']
name: b11902087, hole_card: ['H5', 'C9']
Started the round 3
Street "preflop" started. (community card = [])
name: b10902138, hole_card: ['H7', 'C4']
name: b11902087, hole_card: ['H5', 'C9']
"b11902087" declared "call:10"
name: b10902138, hole_card: ['H7', 'C4']
name: b11902087, hole_card: ['H5', 'C9']
"b10902138" declared "call:10"
Street "flop" started. (community card = ['D4', 'HK', 'HA'])
name: b10902138, hole_card: ['H7', 'C4']
name: b11902087, hole_card: ['H5', 'C9']
"b11902087" declared "call:0"
name: b10902138, hole_card: ['H7', 'C4']
name: b11902087, hole_card: ['H5', 'C9']
"b10902138" declared "raise:10"
name: b10902138, hole_card: ['H7', 'C4']
name: b11902087, hole_card: ['H5', 'C9']
"b11902087" declared "call:10"
Street "turn" started. (community card = ['D4', 'HK', 'HA', 'H4'])
name: b10902138, hole_card: ['H7', 'C4']
name: b11902087, hole_card: ['H5', 'C9']
"b11902087" declared "raise:10"
name: b10902138, hole_card: ['H7', 'C4']
name: b11902087, hole_card: ['H5', 'C9']
"b10902138" declared "raise:980"
name: b10902138, hole_card: ['H7', 'C4']
name: b11902087, hole_card: ['H5', 'C9']
"b11902087" declared "fold:0"
"['b10902138']" won the round 3 (stack = {'b10902138': 1030, 'b11902087': 970})
community cards of this round: ['D8', 'SQ', 'S9', 'CJ', 'C5']
name: b10902138, hole_card: ['H9', 'DQ']
name: b11902087, hole_card: ['D5', 'CA']
Started the round 4
Street "preflop" started. (community card = [])
name: b10902138, hole_card: ['H9', 'DQ']
name: b11902087, hole_card: ['D5', 'CA']
"b10902138" declared "raise:25.0"
name: b10902138, hole_card: ['H9', 'DQ']
name: b11902087, hole_card: ['D5', 'CA']
"b11902087" declared "raise:40.0"
name: b10902138, hole_card: ['H9', 'DQ']
name: b11902087, hole_card: ['D5', 'CA']
"b10902138" declared "raise:1030.0"
name: b10902138, hole_card: ['H9', 'DQ']
name: b11902087, hole_card: ['D5', 'CA']
"b11902087" declared "call:1030.0"
Street "flop" started. (community card = ['D8', 'SQ', 'S9'])
Street "turn" started. (community card = ['D8', 'SQ', 'S9', 'CJ'])
Street "river" started. (community card = ['D8', 'SQ', 'S9', 'CJ', 'C5'])
"['b10902138']" won the round 4 (stack = {'b10902138': 2000.0, 'b11902087': 0.0})
b10902138 vs b11902087 - Game 2: {'rule': {'initial_stack': 1000, 'max_round': 20, 'small_blind_amount': 5, 'ante': 0, 'blind_structure': {}}, 'players': [{'name': 'b10902138', 'uuid': 'ecabezuzszhhkvjhqucrhw', 'stack': 2000.0, 'state': 'participating'}, {'name': 'b11902087', 'uuid': 'aeirhdctalkbrrhwicqbwe', 'stack': 0, 'state': 'folded'}]}
community cards of this round: ['ST', 'SA', 'HK', 'H8', 'D9']
name: b11902087, hole_card: ['CK', 'CA']
name: b10902138, hole_card: ['SJ', 'C9']
Started the round 1
Street "preflop" started. (community card = [])
name: b11902087, hole_card: ['CK', 'CA']
name: b10902138, hole_card: ['SJ', 'C9']
"b10902138" declared "raise:25.0"
name: b11902087, hole_card: ['CK', 'CA']
name: b10902138, hole_card: ['SJ', 'C9']
"b11902087" declared "raise:40.0"
name: b11902087, hole_card: ['CK', 'CA']
name: b10902138, hole_card: ['SJ', 'C9']
"b10902138" declared "raise:1000.0"
name: b11902087, hole_card: ['CK', 'CA']
name: b10902138, hole_card: ['SJ', 'C9']
"b11902087" declared "call:1000.0"
Street "flop" started. (community card = ['ST', 'SA', 'HK'])
Street "turn" started. (community card = ['ST', 'SA', 'HK', 'H8'])
Street "river" started. (community card = ['ST', 'SA', 'HK', 'H8', 'D9'])
"['b11902087']" won the round 1 (stack = {'b11902087': 2000.0, 'b10902138': 0.0})
b10902138 vs b11902087 - Game 3: {'rule': {'initial_stack': 1000, 'max_round': 20, 'small_blind_amount': 5, 'ante': 0, 'blind_structure': {}}, 'players': [{'name': 'b11902087', 'uuid': 'fcuswbghhytpthgwnkgwxu', 'stack': 2000.0, 'state': 'participating'}, {'name': 'b10902138', 'uuid': 'mrajcewsuybdqougvflfql', 'stack': 0, 'state': 'folded'}]}
community cards of this round: ['ST', 'SA', 'HK', 'H8', 'D9']
name: b10902138, hole_card: ['CK', 'CA']
name: b11902087, hole_card: ['SJ', 'C9']
Started the round 1
Street "preflop" started. (community card = [])
name: b10902138, hole_card: ['CK', 'CA']
name: b11902087, hole_card: ['SJ', 'C9']
"b11902087" declared "raise:15"
name: b10902138, hole_card: ['CK', 'CA']
name: b11902087, hole_card: ['SJ', 'C9']
"b10902138" declared "raise:45"
name: b10902138, hole_card: ['CK', 'CA']
name: b11902087, hole_card: ['SJ', 'C9']
"b11902087" declared "call:45"
Street "flop" started. (community card = ['ST', 'SA', 'HK'])
name: b10902138, hole_card: ['CK', 'CA']
name: b11902087, hole_card: ['SJ', 'C9']
"b11902087" declared "raise:10"
name: b10902138, hole_card: ['CK', 'CA']
name: b11902087, hole_card: ['SJ', 'C9']
"b10902138" declared "raise:955"
name: b10902138, hole_card: ['CK', 'CA']
name: b11902087, hole_card: ['SJ', 'C9']
"b11902087" declared "call:955"
Street "turn" started. (community card = ['ST', 'SA', 'HK', 'H8'])
Street "river" started. (community card = ['ST', 'SA', 'HK', 'H8', 'D9'])
"['b10902138']" won the round 1 (stack = {'b10902138': 2000, 'b11902087': 0})
b10902138 vs b11902087 - Game 4: {'rule': {'initial_stack': 1000, 'max_round': 20, 'small_blind_amount': 5, 'ante': 0, 'blind_structure': {}}, 'players': [{'name': 'b10902138', 'uuid': 'fdigyzooizqxughkatuzzm', 'stack': 2000, 'state': 'participating'}, {'name': 'b11902087', 'uuid': 'dgtdjqckncopvlnyhnmscm', 'stack': 0, 'state': 'folded'}]}
community cards of this round: ['CK', 'D2', 'C7', 'H3', 'C3']
name: b11902087, hole_card: ['C9', 'S8']
name: b10902138, hole_card: ['SJ', 'SA']
Started the round 1
Street "preflop" started. (community card = [])
name: b11902087, hole_card: ['C9', 'S8']
name: b10902138, hole_card: ['SJ', 'SA']
"b10902138" declared "raise:25.0"
name: b11902087, hole_card: ['C9', 'S8']
name: b10902138, hole_card: ['SJ', 'SA']
"b11902087" declared "call:25.0"
Street "flop" started. (community card = ['CK', 'D2', 'C7'])
name: b11902087, hole_card: ['C9', 'S8']
name: b10902138, hole_card: ['SJ', 'SA']
"b10902138" declared "raise:16.666666666666664"
name: b11902087, hole_card: ['C9', 'S8']
name: b10902138, hole_card: ['SJ', 'SA']
"b11902087" declared "raise:33.33333333333333"
name: b11902087, hole_card: ['C9', 'S8']
name: b10902138, hole_card: ['SJ', 'SA']
"b10902138" declared "call:33.33333333333333"
Street "turn" started. (community card = ['CK', 'D2', 'C7', 'H3'])
name: b11902087, hole_card: ['C9', 'S8']
name: b10902138, hole_card: ['SJ', 'SA']
"b10902138" declared "raise:38.888888888888886"
name: b11902087, hole_card: ['C9', 'S8']
name: b10902138, hole_card: ['SJ', 'SA']
"b11902087" declared "fold:0"
"['b10902138']" won the round 1 (stack = {'b11902087': 941.6666666666666, 'b10902138': 1057.7777777777778})
community cards of this round: ['CQ', 'DQ', 'S3', 'D4', 'D3']
name: b11902087, hole_card: ['D5', 'D2']
name: b10902138, hole_card: ['C9', 'HJ']
Started the round 2
Street "preflop" started. (community card = [])
name: b11902087, hole_card: ['D5', 'D2']
name: b10902138, hole_card: ['C9', 'HJ']
"b11902087" declared "fold:0"
"['b10902138']" won the round 2 (stack = {'b11902087': 936.6666666666666, 'b10902138': 1062.7777777777778})
community cards of this round: ['CK', 'H4', 'SQ', 'HK', 'C2']
name: b11902087, hole_card: ['DQ', 'S8']
name: b10902138, hole_card: ['DT', 'S6']
Started the round 3
Street "preflop" started. (community card = [])
name: b11902087, hole_card: ['DQ', 'S8']
name: b10902138, hole_card: ['DT', 'S6']
"b10902138" declared "raise:25.0"
name: b11902087, hole_card: ['DQ', 'S8']
name: b10902138, hole_card: ['DT', 'S6']
"b11902087" declared "raise:40.0"
name: b11902087, hole_card: ['DQ', 'S8']
name: b10902138, hole_card: ['DT', 'S6']
"b10902138" declared "fold:0"
"['b11902087']" won the round 3 (stack = {'b11902087': 961.6666666666666, 'b10902138': 1037.7777777777778})
community cards of this round: ['C8', 'DA', 'C5', 'D5', 'D7']
name: b11902087, hole_card: ['D4', 'C7']
name: b10902138, hole_card: ['S4', 'HA']
Started the round 4
Street "preflop" started. (community card = [])
name: b11902087, hole_card: ['D4', 'C7']
name: b10902138, hole_card: ['S4', 'HA']
"b11902087" declared "fold:0"
"['b10902138']" won the round 4 (stack = {'b11902087': 956.6666666666666, 'b10902138': 1042.7777777777778})
community cards of this round: ['DA', 'D5', 'H7', 'SA', 'H9']
name: b11902087, hole_card: ['D7', 'CQ']
name: b10902138, hole_card: ['S7', 'H5']
Started the round 5
Street "preflop" started. (community card = [])
name: b11902087, hole_card: ['D7', 'CQ']
name: b10902138, hole_card: ['S7', 'H5']
"b10902138" declared "raise:25.0"
name: b11902087, hole_card: ['D7', 'CQ']
name: b10902138, hole_card: ['S7', 'H5']
"b11902087" declared "call:25.0"
Street "flop" started. (community card = ['DA', 'D5', 'H7'])
name: b11902087, hole_card: ['D7', 'CQ']
name: b10902138, hole_card: ['S7', 'H5']
"b10902138" declared "raise:16.666666666666664"
name: b11902087, hole_card: ['D7', 'CQ']
name: b10902138, hole_card: ['S7', 'H5']
"b11902087" declared "raise:33.33333333333333"
name: b11902087, hole_card: ['D7', 'CQ']
name: b10902138, hole_card: ['S7', 'H5']
"b10902138" declared "raise:1017.7777777777778"
name: b11902087, hole_card: ['D7', 'CQ']
name: b10902138, hole_card: ['S7', 'H5']
"b11902087" declared "call:1017.7777777777778"
Street "turn" started. (community card = ['DA', 'D5', 'H7', 'SA'])
Street "river" started. (community card = ['DA', 'D5', 'H7', 'SA', 'H9'])
"['b11902087']" won the round 5 (stack = {'b11902087': 1913.0, 'b10902138': 86.0})
community cards of this round: ['D9', 'SQ', 'H7', 'HJ', 'D4']
name: b11902087, hole_card: ['HT', 'D8']
name: b10902138, hole_card: ['DJ', 'C6']
Started the round 6
Street "preflop" started. (community card = [])
name: b11902087, hole_card: ['HT', 'D8']
name: b10902138, hole_card: ['DJ', 'C6']
"b11902087" declared "fold:0"
"['b10902138']" won the round 6 (stack = {'b11902087': 1908.0, 'b10902138': 91.0})
community cards of this round: ['H3', 'C9', 'HA', 'CA', 'DT']
name: b11902087, hole_card: ['H5', 'SA']
name: b10902138, hole_card: ['SK', 'S3']
Started the round 7
Street "preflop" started. (community card = [])
name: b11902087, hole_card: ['H5', 'SA']
name: b10902138, hole_card: ['SK', 'S3']
"b10902138" declared "raise:91.0"
name: b11902087, hole_card: ['H5', 'SA']
name: b10902138, hole_card: ['SK', 'S3']
"b11902087" declared "fold:0"
"['b10902138']" won the round 7 (stack = {'b11902087': 1898.0, 'b10902138': 101.0})
community cards of this round: ['D8', 'HA', 'HQ', 'S8', 'CQ']
name: b11902087, hole_card: ['S5', 'SA']
name: b10902138, hole_card: ['C7', 'C2']
Started the round 8
Street "preflop" started. (community card = [])
name: b11902087, hole_card: ['S5', 'SA']
name: b10902138, hole_card: ['C7', 'C2']
"b11902087" declared "fold:0"
"['b10902138']" won the round 8 (stack = {'b11902087': 1893.0, 'b10902138': 106.0})
community cards of this round: ['DA', 'DQ', 'H9', 'S6', 'CK']
name: b11902087, hole_card: ['S7', 'DJ']
name: b10902138, hole_card: ['C5', 'CT']
Started the round 9
Street "preflop" started. (community card = [])
name: b11902087, hole_card: ['S7', 'DJ']
name: b10902138, hole_card: ['C5', 'CT']
"b10902138" declared "raise:106.0"
name: b11902087, hole_card: ['S7', 'DJ']
name: b10902138, hole_card: ['C5', 'CT']
"b11902087" declared "fold:0"
"['b10902138']" won the round 9 (stack = {'b11902087': 1883.0, 'b10902138': 116.0})
community cards of this round: ['S5', 'C3', 'S2', 'DQ', 'D9']
name: b11902087, hole_card: ['HA', 'H7']
name: b10902138, hole_card: ['S4', 'D8']
Started the round 10
Street "preflop" started. (community card = [])
name: b11902087, hole_card: ['HA', 'H7']
name: b10902138, hole_card: ['S4', 'D8']
"b11902087" declared "fold:0"
"['b10902138']" won the round 10 (stack = {'b11902087': 1878.0, 'b10902138': 121.0})
community cards of this round: ['H4', 'SK', 'CJ', 'SQ', 'HQ']
name: b11902087, hole_card: ['S6', 'DT']
name: b10902138, hole_card: ['SJ', 'HT']
Started the round 11
Street "preflop" started. (community card = [])
name: b11902087, hole_card: ['S6', 'DT']
name: b10902138, hole_card: ['SJ', 'HT']
"b10902138" declared "raise:121.0"
name: b11902087, hole_card: ['S6', 'DT']
name: b10902138, hole_card: ['SJ', 'HT']
"b11902087" declared "fold:0"
"['b10902138']" won the round 11 (stack = {'b11902087': 1868.0, 'b10902138': 131.0})
community cards of this round: ['C6', 'SJ', 'C4', 'CA', 'S8']
name: b11902087, hole_card: ['DK', 'H7']
name: b10902138, hole_card: ['CJ', 'H4']
Started the round 12
Street "preflop" started. (community card = [])
name: b11902087, hole_card: ['DK', 'H7']
name: b10902138, hole_card: ['CJ', 'H4']
"b11902087" declared "fold:0"
"['b10902138']" won the round 12 (stack = {'b11902087': 1863.0, 'b10902138': 136.0})
community cards of this round: ['H6', 'S6', 'S2', 'SJ', 'D5']
name: b11902087, hole_card: ['C5', 'HT']
name: b10902138, hole_card: ['DQ', 'H8']
Started the round 13
Street "preflop" started. (community card = [])
name: b11902087, hole_card: ['C5', 'HT']
name: b10902138, hole_card: ['DQ', 'H8']
"b10902138" declared "raise:136.0"
name: b11902087, hole_card: ['C5', 'HT']
name: b10902138, hole_card: ['DQ', 'H8']
"b11902087" declared "fold:0"
"['b10902138']" won the round 13 (stack = {'b11902087': 1853.0, 'b10902138': 146.0})
community cards of this round: ['D7', 'DT', 'H3', 'CK', 'S9']
name: b11902087, hole_card: ['H5', 'D9']
name: b10902138, hole_card: ['H8', 'C4']
Started the round 14
Street "preflop" started. (community card = [])
name: b11902087, hole_card: ['H5', 'D9']
name: b10902138, hole_card: ['H8', 'C4']
"b11902087" declared "fold:0"
"['b10902138']" won the round 14 (stack = {'b11902087': 1848.0, 'b10902138': 151.0})
community cards of this round: ['CA', 'H6', 'SA', 'C3', 'DA']
name: b11902087, hole_card: ['D4', 'H3']
name: b10902138, hole_card: ['H7', 'D5']
Started the round 15
Street "preflop" started. (community card = [])
name: b11902087, hole_card: ['D4', 'H3']
name: b10902138, hole_card: ['H7', 'D5']
"b10902138" declared "raise:151.0"
name: b11902087, hole_card: ['D4', 'H3']
name: b10902138, hole_card: ['H7', 'D5']
"b11902087" declared "fold:0"
"['b10902138']" won the round 15 (stack = {'b11902087': 1838.0, 'b10902138': 161.0})
community cards of this round: ['C5', 'D9', 'S9', 'HQ', 'HJ']
name: b11902087, hole_card: ['S3', 'H3']
name: b10902138, hole_card: ['D5', 'S5']
Started the round 16
Street "preflop" started. (community card = [])
name: b11902087, hole_card: ['S3', 'H3']
name: b10902138, hole_card: ['D5', 'S5']
"b11902087" declared "fold:0"
"['b10902138']" won the round 16 (stack = {'b11902087': 1833.0, 'b10902138': 166.0})
community cards of this round: ['S2', 'C2', 'H7', 'S4', 'C3']
name: b11902087, hole_card: ['C9', 'H5']
name: b10902138, hole_card: ['HQ', 'HJ']
Started the round 17
Street "preflop" started. (community card = [])
name: b11902087, hole_card: ['C9', 'H5']
name: b10902138, hole_card: ['HQ', 'HJ']
"b10902138" declared "raise:166.0"
name: b11902087, hole_card: ['C9', 'H5']
name: b10902138, hole_card: ['HQ', 'HJ']
"b11902087" declared "fold:0"
"['b10902138']" won the round 17 (stack = {'b11902087': 1823.0, 'b10902138': 176.0})
community cards of this round: ['H5', 'ST', 'SJ', 'C6', 'HQ']
name: b11902087, hole_card: ['C7', 'S6']
name: b10902138, hole_card: ['DQ', 'SQ']
Started the round 18
Street "preflop" started. (community card = [])
name: b11902087, hole_card: ['C7', 'S6']
name: b10902138, hole_card: ['DQ', 'SQ']
"b11902087" declared "fold:0"
"['b10902138']" won the round 18 (stack = {'b11902087': 1818.0, 'b10902138': 181.0})
community cards of this round: ['H4', 'C3', 'S8', 'C6', 'C2']
name: b11902087, hole_card: ['SK', 'SQ']
name: b10902138, hole_card: ['D9', 'H9']
Started the round 19
Street "preflop" started. (community card = [])
name: b11902087, hole_card: ['SK', 'SQ']
name: b10902138, hole_card: ['D9', 'H9']
"b10902138" declared "raise:181.0"
name: b11902087, hole_card: ['SK', 'SQ']
name: b10902138, hole_card: ['D9', 'H9']
"b11902087" declared "fold:0"
"['b10902138']" won the round 19 (stack = {'b11902087': 1808.0, 'b10902138': 191.0})
community cards of this round: ['CJ', 'C6', 'C8', 'C4', 'H6']
name: b11902087, hole_card: ['SA', 'D4']
name: b10902138, hole_card: ['DT', 'H3']
Started the round 20
Street "preflop" started. (community card = [])
name: b11902087, hole_card: ['SA', 'D4']
name: b10902138, hole_card: ['DT', 'H3']
"b11902087" declared "fold:0"
"['b10902138']" won the round 20 (stack = {'b11902087': 1803.0, 'b10902138': 196.0})
b10902138 vs b11902087 - Game 5: {'rule': {'initial_stack': 1000, 'max_round': 20, 'small_blind_amount': 5, 'ante': 0, 'blind_structure': {}}, 'players': [{'name': 'b11902087', 'uuid': 'newxuefhgmjkxizymyutvr', 'stack': 1803.0, 'state': 'participating'}, {'name': 'b10902138', 'uuid': 'vabiadrolqbryexucaownz', 'stack': 196.0, 'state': 'participating'}]}
Final Result: b10902138 won 3 games (stack: 6066.0), b11902087 won 2 games (stack: 3933.0), num ties: 0
