community cards of this round: ['HJ', 'CJ', 'C9', 'D2', 'D4']
name: b11902009, hole_card: ['ST', 'D7']
name: b10902051, hole_card: ['D3', 'C6']
Started the round 1
Street "preflop" started. (community card = [])
name: b11902009, hole_card: ['ST', 'D7']
name: b10902051, hole_card: ['D3', 'C6']
win_rate 0.378
put_in: 10.0
"b10902051" declared "call:10"
name: b11902009, hole_card: ['ST', 'D7']
name: b10902051, hole_card: ['D3', 'C6']
win_rate 0.378
put_in: 10.0
"b11902009" declared "call:10"
Street "flop" started. (community card = ['HJ', 'CJ', 'C9'])
name: b11902009, hole_card: ['ST', 'D7']
name: b10902051, hole_card: ['D3', 'C6']
win_rate 0.226
put_in: 10.0
"b10902051" declared "call:0"
name: b11902009, hole_card: ['ST', 'D7']
name: b10902051, hole_card: ['D3', 'C6']
win_rate 0.226
put_in: 10.0
"b11902009" declared "call:0"
Street "turn" started. (community card = ['HJ', 'CJ', 'C9', 'D2'])
name: b11902009, hole_card: ['ST', 'D7']
name: b10902051, hole_card: ['D3', 'C6']
win_rate 0.127
put_in: 10.0
"b10902051" declared "call:0"
name: b11902009, hole_card: ['ST', 'D7']
name: b10902051, hole_card: ['D3', 'C6']
win_rate 0.127
put_in: 10.0
"b11902009" declared "call:0"
Street "river" started. (community card = ['HJ', 'CJ', 'C9', 'D2', 'D4'])
name: b11902009, hole_card: ['ST', 'D7']
name: b10902051, hole_card: ['D3', 'C6']
win_rate 0.023
put_in: 10.0
"b10902051" declared "fold:0"
"['b11902009']" won the round 1 (stack = {'b11902009': 1010, 'b10902051': 990})
community cards of this round: ['D6', 'H9', 'HJ', 'CT', 'C4']
name: b11902009, hole_card: ['S4', 'DA']
name: b10902051, hole_card: ['C3', 'S6']
Started the round 2
Street "preflop" started. (community card = [])
name: b11902009, hole_card: ['S4', 'DA']
name: b10902051, hole_card: ['C3', 'S6']
win_rate 0.023
put_in: 0.0
"b11902009" declared "raise:45"
name: b11902009, hole_card: ['S4', 'DA']
name: b10902051, hole_card: ['C3', 'S6']
win_rate 0.353
put_in: 45.0
"b10902051" declared "call:45"
Street "flop" started. (community card = ['D6', 'H9', 'HJ'])
name: b11902009, hole_card: ['S4', 'DA']
name: b10902051, hole_card: ['C3', 'S6']
win_rate 0.353
put_in: 45.0
"b11902009" declared "call:0"
name: b11902009, hole_card: ['S4', 'DA']
name: b10902051, hole_card: ['C3', 'S6']
win_rate 0.54
put_in: 58.44444444444444
"b10902051" declared "raise:13.444444444444445"
name: b11902009, hole_card: ['S4', 'DA']
name: b10902051, hole_card: ['C3', 'S6']
win_rate 0.54
put_in: 58.44444444444444
"b11902009" declared "call:13.444444444444445"
Street "turn" started. (community card = ['D6', 'H9', 'HJ', 'CT'])
name: b11902009, hole_card: ['S4', 'DA']
name: b10902051, hole_card: ['C3', 'S6']
win_rate 0.54
put_in: 58.44444444444444
"b11902009" declared "call:0"
name: b11902009, hole_card: ['S4', 'DA']
name: b10902051, hole_card: ['C3', 'S6']
win_rate 0.459
put_in: 58.44444444444444
"b10902051" declared "call:0"
Street "river" started. (community card = ['D6', 'H9', 'HJ', 'CT', 'C4'])
name: b11902009, hole_card: ['S4', 'DA']
name: b10902051, hole_card: ['C3', 'S6']
win_rate 0.459
put_in: 58.44444444444444
"b11902009" declared "call:0"
name: b11902009, hole_card: ['S4', 'DA']
name: b10902051, hole_card: ['C3', 'S6']
win_rate 0.484
put_in: 58.44444444444444
"b10902051" declared "call:0"
"['b10902051']" won the round 2 (stack = {'b11902009': 951.5555555555555, 'b10902051': 1047.5555555555557})
community cards of this round: ['H3', 'H5', 'CA', 'D6', 'S5']
name: b11902009, hole_card: ['H9', 'S6']
name: b10902051, hole_card: ['H2', 'H6']
Started the round 3
Street "preflop" started. (community card = [])
name: b11902009, hole_card: ['H9', 'S6']
name: b10902051, hole_card: ['H2', 'H6']
win_rate 0.344
put_in: 0.0
"b10902051" declared "fold:0"
"['b11902009']" won the round 3 (stack = {'b11902009': 956.5555555555555, 'b10902051': 1042.5555555555557})
community cards of this round: ['D3', 'C4', 'HA', 'DK', 'C3']
name: b11902009, hole_card: ['SQ', 'CT']
name: b10902051, hole_card: ['D6', 'H5']
Started the round 4
Street "preflop" started. (community card = [])
name: b11902009, hole_card: ['SQ', 'CT']
name: b10902051, hole_card: ['D6', 'H5']
win_rate 0.344
put_in: 0.0
"b11902009" declared "raise:45"
name: b11902009, hole_card: ['SQ', 'CT']
name: b10902051, hole_card: ['D6', 'H5']
win_rate 0.39
put_in: 0.0
"b10902051" declared "fold:0"
"['b11902009']" won the round 4 (stack = {'b11902009': 966.5555555555555, 'b10902051': 1032.5555555555557})
community cards of this round: ['D3', 'DJ', 'D7', 'HJ', 'CJ']
name: b11902009, hole_card: ['DA', 'CA']
name: b10902051, hole_card: ['C3', 'D8']
Started the round 5
Street "preflop" started. (community card = [])
name: b11902009, hole_card: ['DA', 'CA']
name: b10902051, hole_card: ['C3', 'D8']
win_rate 0.364
put_in: 0.0
"b10902051" declared "fold:0"
"['b11902009']" won the round 5 (stack = {'b11902009': 971.5555555555555, 'b10902051': 1027.5555555555557})
community cards of this round: ['S5', 'D3', 'C3', 'CQ', 'D7']
name: b11902009, hole_card: ['H7', 'H2']
name: b10902051, hole_card: ['SK', 'C6']
Started the round 6
Street "preflop" started. (community card = [])
name: b11902009, hole_card: ['H7', 'H2']
name: b10902051, hole_card: ['SK', 'C6']
win_rate 0.364
put_in: 0.0
"b11902009" declared "call:10"
name: b11902009, hole_card: ['H7', 'H2']
name: b10902051, hole_card: ['SK', 'C6']
win_rate 0.519
put_in: 15.0
"b10902051" declared "raise:15"
name: b11902009, hole_card: ['H7', 'H2']
name: b10902051, hole_card: ['SK', 'C6']
win_rate 0.519
put_in: 15.0
"b11902009" declared "fold:0"
"['b10902051']" won the round 6 (stack = {'b11902009': 961.5555555555555, 'b10902051': 1037.5555555555557})
community cards of this round: ['SK', 'D7', 'C9', 'D6', 'D5']
name: b11902009, hole_card: ['DA', 'D4']
name: b10902051, hole_card: ['C2', 'HQ']
Started the round 7
Street "preflop" started. (community card = [])
name: b11902009, hole_card: ['DA', 'D4']
name: b10902051, hole_card: ['C2', 'HQ']
win_rate 0.469
put_in: 15.0
"b10902051" declared "raise:15"
name: b11902009, hole_card: ['DA', 'D4']
name: b10902051, hole_card: ['C2', 'HQ']
win_rate 0.469
put_in: 15.0
"b11902009" declared "raise:60"
name: b11902009, hole_card: ['DA', 'D4']
name: b10902051, hole_card: ['C2', 'HQ']
win_rate 0.446
put_in: 120.0
"b10902051" declared "raise:105"
name: b11902009, hole_card: ['DA', 'D4']
name: b10902051, hole_card: ['C2', 'HQ']
win_rate 0.446
put_in: 120.0
"b11902009" declared "raise:961.5555555555555"
name: b11902009, hole_card: ['DA', 'D4']
name: b10902051, hole_card: ['C2', 'HQ']
win_rate 0.483
put_in: 120.0
"b10902051" declared "fold:0"
"['b11902009']" won the round 7 (stack = {'b11902009': 1066.0, 'b10902051': 932.5555555555557})
community cards of this round: ['SK', 'C6', 'HT', 'S9', 'DT']
name: b11902009, hole_card: ['CQ', 'C8']
name: b10902051, hole_card: ['H6', 'DQ']
Started the round 8
Street "preflop" started. (community card = [])
name: b11902009, hole_card: ['CQ', 'C8']
name: b10902051, hole_card: ['H6', 'DQ']
win_rate 0.483
put_in: 0.0
"b11902009" declared "raise:45"
name: b11902009, hole_card: ['CQ', 'C8']
name: b10902051, hole_card: ['H6', 'DQ']
win_rate 0.501
put_in: 80.0
"b10902051" declared "raise:80"
name: b11902009, hole_card: ['CQ', 'C8']
name: b10902051, hole_card: ['H6', 'DQ']
win_rate 0.501
put_in: 80.0
"b11902009" declared "call:80"
Street "flop" started. (community card = ['SK', 'C6', 'HT'])
name: b11902009, hole_card: ['CQ', 'C8']
name: b10902051, hole_card: ['H6', 'DQ']
win_rate 0.501
put_in: 80.0
"b11902009" declared "call:0"
name: b11902009, hole_card: ['CQ', 'C8']
name: b10902051, hole_card: ['H6', 'DQ']
win_rate 0.657
put_in: 80.0
"b10902051" declared "call:0"
Street "turn" started. (community card = ['SK', 'C6', 'HT', 'S9'])
name: b11902009, hole_card: ['CQ', 'C8']
name: b10902051, hole_card: ['H6', 'DQ']
win_rate 0.657
put_in: 80.0
"b11902009" declared "call:0"
name: b11902009, hole_card: ['CQ', 'C8']
name: b10902051, hole_card: ['H6', 'DQ']
win_rate 0.574
put_in: 80.0
"b10902051" declared "call:0"
Street "river" started. (community card = ['SK', 'C6', 'HT', 'S9', 'DT'])
name: b11902009, hole_card: ['CQ', 'C8']
name: b10902051, hole_card: ['H6', 'DQ']
win_rate 0.574
put_in: 80.0
"b11902009" declared "call:0"
name: b11902009, hole_card: ['CQ', 'C8']
name: b10902051, hole_card: ['H6', 'DQ']
win_rate 0.633
put_in: 90.0
"b10902051" declared "raise:10"
name: b11902009, hole_card: ['CQ', 'C8']
name: b10902051, hole_card: ['H6', 'DQ']
win_rate 0.633
put_in: 90.0
"b11902009" declared "call:10"
"['b10902051']" won the round 8 (stack = {'b11902009': 976.0, 'b10902051': 1022.5555555555557})
community cards of this round: ['HQ', 'S7', 'H2', 'S3', 'H3']
name: b11902009, hole_card: ['DK', 'SK']
name: b10902051, hole_card: ['CJ', 'H9']
Started the round 9
Street "preflop" started. (community card = [])
name: b11902009, hole_card: ['DK', 'SK']
name: b10902051, hole_card: ['CJ', 'H9']
win_rate 0.532
put_in: 15.0
"b10902051" declared "raise:15"
name: b11902009, hole_card: ['DK', 'SK']
name: b10902051, hole_card: ['CJ', 'H9']
win_rate 0.532
put_in: 15.0
"b11902009" declared "raise:60"
name: b11902009, hole_card: ['DK', 'SK']
name: b10902051, hole_card: ['CJ', 'H9']
win_rate 0.542
put_in: 75.0
"b10902051" declared "call:60"
Street "flop" started. (community card = ['HQ', 'S7', 'H2'])
name: b11902009, hole_card: ['DK', 'SK']
name: b10902051, hole_card: ['CJ', 'H9']
win_rate 0.441
put_in: 75.0
"b10902051" declared "call:0"
name: b11902009, hole_card: ['DK', 'SK']
name: b10902051, hole_card: ['CJ', 'H9']
win_rate 0.441
put_in: 75.0
"b11902009" declared "raise:916.0"
name: b11902009, hole_card: ['DK', 'SK']
name: b10902051, hole_card: ['CJ', 'H9']
win_rate 0.444
put_in: 75.0
"b10902051" declared "fold:0"
"['b11902009']" won the round 9 (stack = {'b11902009': 1036.0, 'b10902051': 962.5555555555557})
community cards of this round: ['CK', 'CA', 'S5', 'SK', 'H9']
name: b11902009, hole_card: ['H4', 'H3']
name: b10902051, hole_card: ['C7', 'SA']
Started the round 10
Street "preflop" started. (community card = [])
name: b11902009, hole_card: ['H4', 'H3']
name: b10902051, hole_card: ['C7', 'SA']
win_rate 0.444
put_in: 0.0
"b11902009" declared "raise:30"
name: b11902009, hole_card: ['H4', 'H3']
name: b10902051, hole_card: ['C7', 'SA']
win_rate 0.622
put_in: 50.0
"b10902051" declared "raise:50"
name: b11902009, hole_card: ['H4', 'H3']
name: b10902051, hole_card: ['C7', 'SA']
win_rate 0.622
put_in: 50.0
"b11902009" declared "call:50"
Street "flop" started. (community card = ['CK', 'CA', 'S5'])
name: b11902009, hole_card: ['H4', 'H3']
name: b10902051, hole_card: ['C7', 'SA']
win_rate 0.622
put_in: 50.0
"b11902009" declared "fold:0"
"['b10902051']" won the round 10 (stack = {'b11902009': 986.0, 'b10902051': 1012.5555555555557})
community cards of this round: ['CK', 'C7', 'ST', 'S2', 'C3']
name: b11902009, hole_card: ['D9', 'D7']
name: b10902051, hole_card: ['HK', 'DJ']
Started the round 11
Street "preflop" started. (community card = [])
name: b11902009, hole_card: ['D9', 'D7']
name: b10902051, hole_card: ['HK', 'DJ']
win_rate 0.608
put_in: 15.0
"b10902051" declared "raise:15"
name: b11902009, hole_card: ['D9', 'D7']
name: b10902051, hole_card: ['HK', 'DJ']
win_rate 0.608
put_in: 15.0
"b11902009" declared "raise:60"
name: b11902009, hole_card: ['D9', 'D7']
name: b10902051, hole_card: ['HK', 'DJ']
win_rate 0.604
put_in: 75.0
"b10902051" declared "call:60"
Street "flop" started. (community card = ['CK', 'C7', 'ST'])
name: b11902009, hole_card: ['D9', 'D7']
name: b10902051, hole_card: ['HK', 'DJ']
win_rate 0.83
put_in: 75.0
"b10902051" declared "call:0"
name: b11902009, hole_card: ['D9', 'D7']
name: b10902051, hole_card: ['HK', 'DJ']
win_rate 0.83
put_in: 75.0
"b11902009" declared "call:0"
Street "turn" started. (community card = ['CK', 'C7', 'ST', 'S2'])
name: b11902009, hole_card: ['D9', 'D7']
name: b10902051, hole_card: ['HK', 'DJ']
win_rate 0.867
put_in: 75.0
"b10902051" declared "call:0"
name: b11902009, hole_card: ['D9', 'D7']
name: b10902051, hole_card: ['HK', 'DJ']
win_rate 0.867
put_in: 75.0
"b11902009" declared "call:0"
Street "river" started. (community card = ['CK', 'C7', 'ST', 'S2', 'C3'])
name: b11902009, hole_card: ['D9', 'D7']
name: b10902051, hole_card: ['HK', 'DJ']
win_rate 0.853
put_in: 75.0
"b10902051" declared "call:0"
name: b11902009, hole_card: ['D9', 'D7']
name: b10902051, hole_card: ['HK', 'DJ']
win_rate 0.853
put_in: 75.0
"b11902009" declared "call:0"
"['b10902051']" won the round 11 (stack = {'b11902009': 926.0, 'b10902051': 1072.5555555555557})
community cards of this round: ['CA', 'S3', 'DJ', 'D3', 'C3']
name: b11902009, hole_card: ['H4', 'S5']
name: b10902051, hole_card: ['D7', 'D2']
Started the round 12
Street "preflop" started. (community card = [])
name: b11902009, hole_card: ['H4', 'S5']
name: b10902051, hole_card: ['D7', 'D2']
win_rate 0.853
put_in: 0.0
"b11902009" declared "call:10"
name: b11902009, hole_card: ['H4', 'S5']
name: b10902051, hole_card: ['D7', 'D2']
win_rate 0.372
put_in: 0.0
"b10902051" declared "fold:0"
"['b11902009']" won the round 12 (stack = {'b11902009': 936.0, 'b10902051': 1062.5555555555557})
community cards of this round: ['H4', 'C7', 'HT', 'H2', 'S6']
name: b11902009, hole_card: ['D8', 'DQ']
name: b10902051, hole_card: ['C2', 'C8']
Started the round 13
Street "preflop" started. (community card = [])
name: b11902009, hole_card: ['D8', 'DQ']
name: b10902051, hole_card: ['C2', 'C8']
win_rate 0.378
put_in: 10.0
"b10902051" declared "call:10"
name: b11902009, hole_card: ['D8', 'DQ']
name: b10902051, hole_card: ['C2', 'C8']
win_rate 0.378
put_in: 10.0
"b11902009" declared "call:10"
Street "flop" started. (community card = ['H4', 'C7', 'HT'])
name: b11902009, hole_card: ['D8', 'DQ']
name: b10902051, hole_card: ['C2', 'C8']
win_rate 0.236
put_in: 10.0
"b10902051" declared "call:0"
name: b11902009, hole_card: ['D8', 'DQ']
name: b10902051, hole_card: ['C2', 'C8']
win_rate 0.236
put_in: 10.0
"b11902009" declared "call:0"
Street "turn" started. (community card = ['H4', 'C7', 'HT', 'H2'])
name: b11902009, hole_card: ['D8', 'DQ']
name: b10902051, hole_card: ['C2', 'C8']
win_rate 0.459
put_in: 10.0
"b10902051" declared "call:0"
name: b11902009, hole_card: ['D8', 'DQ']
name: b10902051, hole_card: ['C2', 'C8']
win_rate 0.459
put_in: 10.0
"b11902009" declared "call:0"
Street "river" started. (community card = ['H4', 'C7', 'HT', 'H2', 'S6'])
name: b11902009, hole_card: ['D8', 'DQ']
name: b10902051, hole_card: ['C2', 'C8']
win_rate 0.357
put_in: 10.0
"b10902051" declared "call:0"
name: b11902009, hole_card: ['D8', 'DQ']
name: b10902051, hole_card: ['C2', 'C8']
win_rate 0.357
put_in: 10.0
"b11902009" declared "call:0"
"['b10902051']" won the round 13 (stack = {'b11902009': 926.0, 'b10902051': 1072.5555555555557})
community cards of this round: ['HQ', 'HJ', 'C3', 'H8', 'C9']
name: b11902009, hole_card: ['SK', 'C4']
name: b10902051, hole_card: ['D7', 'S6']
Started the round 14
Street "preflop" started. (community card = [])
name: b11902009, hole_card: ['SK', 'C4']
name: b10902051, hole_card: ['D7', 'S6']
win_rate 0.357
put_in: 0.0
"b11902009" declared "call:10"
name: b11902009, hole_card: ['SK', 'C4']
name: b10902051, hole_card: ['D7', 'S6']
win_rate 0.432
put_in: 10.0
"b10902051" declared "call:10"
Street "flop" started. (community card = ['HQ', 'HJ', 'C3'])
name: b11902009, hole_card: ['SK', 'C4']
name: b10902051, hole_card: ['D7', 'S6']
win_rate 0.432
put_in: 10.0
"b11902009" declared "call:0"
name: b11902009, hole_card: ['SK', 'C4']
name: b10902051, hole_card: ['D7', 'S6']
win_rate 0.228
put_in: 10.0
"b10902051" declared "call:0"
Street "turn" started. (community card = ['HQ', 'HJ', 'C3', 'H8'])
name: b11902009, hole_card: ['SK', 'C4']
name: b10902051, hole_card: ['D7', 'S6']
win_rate 0.228
put_in: 10.0
"b11902009" declared "fold:0"
"['b10902051']" won the round 14 (stack = {'b11902009': 916.0, 'b10902051': 1082.5555555555557})
community cards of this round: ['D8', 'H8', 'H3', 'SQ', 'S4']
name: b11902009, hole_card: ['S6', 'HK']
name: b10902051, hole_card: ['S9', 'D2']
Started the round 15
Street "preflop" started. (community card = [])
name: b11902009, hole_card: ['S6', 'HK']
name: b10902051, hole_card: ['S9', 'D2']
win_rate 0.228
put_in: 0.0
"b10902051" declared "fold:0"
"['b11902009']" won the round 15 (stack = {'b11902009': 921.0, 'b10902051': 1077.5555555555557})
community cards of this round: ['C9', 'HJ', 'HQ', 'H9', 'DK']
name: b11902009, hole_card: ['HK', 'D8']
name: b10902051, hole_card: ['S5', 'C3']
Started the round 16
Street "preflop" started. (community card = [])
name: b11902009, hole_card: ['HK', 'D8']
name: b10902051, hole_card: ['S5', 'C3']
win_rate 0.228
put_in: 0.0
"b11902009" declared "raise:921.0"
name: b11902009, hole_card: ['HK', 'D8']
name: b10902051, hole_card: ['S5', 'C3']
win_rate 0.228
put_in: 0.0
"b10902051" declared "fold:0"
"['b11902009']" won the round 16 (stack = {'b11902009': 931.0, 'b10902051': 1067.5555555555557})
community cards of this round: ['SJ', 'SA', 'C6', 'H5', 'HK']
name: b11902009, hole_card: ['H6', 'C9']
name: b10902051, hole_card: ['DQ', 'SK']
Started the round 17
Street "preflop" started. (community card = [])
name: b11902009, hole_card: ['H6', 'C9']
name: b10902051, hole_card: ['DQ', 'SK']
win_rate 0.228
put_in: 0.0
"b10902051" declared "fold:0"
"['b11902009']" won the round 17 (stack = {'b11902009': 936.0, 'b10902051': 1062.5555555555557})
community cards of this round: ['S8', 'SQ', 'S7', 'CJ', 'C3']
name: b11902009, hole_card: ['CQ', 'D2']
name: b10902051, hole_card: ['D3', 'DA']
Started the round 18
Street "preflop" started. (community card = [])
name: b11902009, hole_card: ['CQ', 'D2']
name: b10902051, hole_card: ['D3', 'DA']
win_rate 0.228
put_in: 0.0
"b11902009" declared "raise:15"
name: b11902009, hole_card: ['CQ', 'D2']
name: b10902051, hole_card: ['D3', 'DA']
win_rate 0.228
put_in: 0.0
"b10902051" declared "fold:0"
"['b11902009']" won the round 18 (stack = {'b11902009': 946.0, 'b10902051': 1052.5555555555557})
community cards of this round: ['CQ', 'SA', 'S2', 'S4', 'DJ']
name: b11902009, hole_card: ['D6', 'D4']
name: b10902051, hole_card: ['H4', 'HQ']
Started the round 19
Street "preflop" started. (community card = [])
name: b11902009, hole_card: ['D6', 'D4']
name: b10902051, hole_card: ['H4', 'HQ']
win_rate 0.228
put_in: 0.0
"b10902051" declared "fold:0"
"['b11902009']" won the round 19 (stack = {'b11902009': 951.0, 'b10902051': 1047.5555555555557})
community cards of this round: ['CA', 'C2', 'D7', 'HA', 'C6']
name: b11902009, hole_card: ['CK', 'HJ']
name: b10902051, hole_card: ['CT', 'S7']
Started the round 20
Street "preflop" started. (community card = [])
name: b11902009, hole_card: ['CK', 'HJ']
name: b10902051, hole_card: ['CT', 'S7']
win_rate 0.228
put_in: 0.0
"b11902009" declared "raise:951.0"
name: b11902009, hole_card: ['CK', 'HJ']
name: b10902051, hole_card: ['CT', 'S7']
win_rate 0.228
put_in: 0.0
"b10902051" declared "fold:0"
"['b11902009']" won the round 20 (stack = {'b11902009': 961.0, 'b10902051': 1037.5555555555557})
b10902051 vs b11902009 - Game 1: {'rule': {'initial_stack': 1000, 'max_round': 20, 'small_blind_amount': 5, 'ante': 0, 'blind_structure': {}}, 'players': [{'name': 'b11902009', 'uuid': 'jlqpltozjhctdlpspdfqnd', 'stack': 961.0, 'state': 'participating'}, {'name': 'b10902051', 'uuid': 'vyjnnnvjlocyusrvswlcav', 'stack': 1037.5555555555557, 'state': 'participating'}]}
community cards of this round: ['HJ', 'CJ', 'C9', 'D2', 'D4']
name: b10902051, hole_card: ['ST', 'D7']
name: b11902009, hole_card: ['D3', 'C6']
Started the round 1
Street "preflop" started. (community card = [])
name: b10902051, hole_card: ['ST', 'D7']
name: b11902009, hole_card: ['D3', 'C6']
win_rate 0.0
put_in: 0.0
"b11902009" declared "fold:0"
"['b10902051']" won the round 1 (stack = {'b10902051': 1005, 'b11902009': 995})
community cards of this round: ['D6', 'H9', 'HJ', 'CT', 'C4']
name: b10902051, hole_card: ['S4', 'DA']
name: b11902009, hole_card: ['C3', 'S6']
Started the round 2
Street "preflop" started. (community card = [])
name: b10902051, hole_card: ['S4', 'DA']
name: b11902009, hole_card: ['C3', 'S6']
win_rate 0.568
put_in: 19.555555555555557
"b10902051" declared "raise:19.555555555555557"
name: b10902051, hole_card: ['S4', 'DA']
name: b11902009, hole_card: ['C3', 'S6']
win_rate 0.568
put_in: 19.555555555555557
"b11902009" declared "fold:0"
"['b10902051']" won the round 2 (stack = {'b10902051': 1014.4444444444445, 'b11902009': 985})
community cards of this round: ['H3', 'H5', 'CA', 'D6', 'S5']
name: b10902051, hole_card: ['H9', 'S6']
name: b11902009, hole_card: ['H2', 'H6']
Started the round 3
Street "preflop" started. (community card = [])
name: b10902051, hole_card: ['H9', 'S6']
name: b11902009, hole_card: ['H2', 'H6']
win_rate 0.568
put_in: 0.0
"b11902009" declared "raise:30"
name: b10902051, hole_card: ['H9', 'S6']
name: b11902009, hole_card: ['H2', 'H6']
win_rate 0.458
put_in: 50.0
"b10902051" declared "raise:50"
name: b10902051, hole_card: ['H9', 'S6']
name: b11902009, hole_card: ['H2', 'H6']
win_rate 0.458
put_in: 50.0
"b11902009" declared "call:50"
Street "flop" started. (community card = ['H3', 'H5', 'CA'])
name: b10902051, hole_card: ['H9', 'S6']
name: b11902009, hole_card: ['H2', 'H6']
win_rate 0.458
put_in: 50.0
"b11902009" declared "raise:71.05000000000005"
name: b10902051, hole_card: ['H9', 'S6']
name: b11902009, hole_card: ['H2', 'H6']
win_rate 0.319
put_in: 50.0
"b10902051" declared "fold:0"
"['b11902009']" won the round 3 (stack = {'b10902051': 964.4444444444445, 'b11902009': 1034.9499999999998})
community cards of this round: ['D3', 'C4', 'HA', 'DK', 'C3']
name: b10902051, hole_card: ['SQ', 'CT']
name: b11902009, hole_card: ['D6', 'H5']
Started the round 4
Street "preflop" started. (community card = [])
name: b10902051, hole_card: ['SQ', 'CT']
name: b11902009, hole_card: ['D6', 'H5']
win_rate 0.57
put_in: 21.839506172839506
"b10902051" declared "raise:21.839506172839506"
name: b10902051, hole_card: ['SQ', 'CT']
name: b11902009, hole_card: ['D6', 'H5']
win_rate 0.57
put_in: 21.839506172839506
"b11902009" declared "fold:0"
"['b10902051']" won the round 4 (stack = {'b10902051': 973.604938271605, 'b11902009': 1024.9499999999998})
community cards of this round: ['D3', 'DJ', 'D7', 'HJ', 'CJ']
name: b10902051, hole_card: ['DA', 'CA']
name: b11902009, hole_card: ['C3', 'D8']
Started the round 5
Street "preflop" started. (community card = [])
name: b10902051, hole_card: ['DA', 'CA']
name: b11902009, hole_card: ['C3', 'D8']
win_rate 0.57
put_in: 0.0
"b11902009" declared "fold:0"
"['b10902051']" won the round 5 (stack = {'b10902051': 978.604938271605, 'b11902009': 1019.9499999999998})
community cards of this round: ['S5', 'D3', 'C3', 'CQ', 'D7']
name: b10902051, hole_card: ['H7', 'H2']
name: b11902009, hole_card: ['SK', 'C6']
Started the round 6
Street "preflop" started. (community card = [])
name: b10902051, hole_card: ['H7', 'H2']
name: b11902009, hole_card: ['SK', 'C6']
win_rate 0.388
put_in: 10.0
"b10902051" declared "call:10"
name: b10902051, hole_card: ['H7', 'H2']
name: b11902009, hole_card: ['SK', 'C6']
win_rate 0.388
put_in: 10.0
"b11902009" declared "call:10"
Street "flop" started. (community card = ['S5', 'D3', 'C3'])
name: b10902051, hole_card: ['H7', 'H2']
name: b11902009, hole_card: ['SK', 'C6']
win_rate 0.183
put_in: 10.0
"b10902051" declared "call:0"
name: b10902051, hole_card: ['H7', 'H2']
name: b11902009, hole_card: ['SK', 'C6']
win_rate 0.183
put_in: 10.0
"b11902009" declared "call:0"
Street "turn" started. (community card = ['S5', 'D3', 'C3', 'CQ'])
name: b10902051, hole_card: ['H7', 'H2']
name: b11902009, hole_card: ['SK', 'C6']
win_rate 0.118
put_in: 10.0
"b10902051" declared "call:0"
name: b10902051, hole_card: ['H7', 'H2']
name: b11902009, hole_card: ['SK', 'C6']
win_rate 0.118
put_in: 10.0
"b11902009" declared "call:0"
Street "river" started. (community card = ['S5', 'D3', 'C3', 'CQ', 'D7'])
name: b10902051, hole_card: ['H7', 'H2']
name: b11902009, hole_card: ['SK', 'C6']
win_rate 0.669
put_in: 27.488340192043893
"b10902051" declared "raise:17.488340192043893"
name: b10902051, hole_card: ['H7', 'H2']
name: b11902009, hole_card: ['SK', 'C6']
win_rate 0.669
put_in: 27.488340192043893
"b11902009" declared "call:17.488340192043893"
"['b10902051']" won the round 6 (stack = {'b10902051': 1005.1165980795611, 'b11902009': 992.4616598079559})
community cards of this round: ['SK', 'D7', 'C9', 'D6', 'D5']
name: b10902051, hole_card: ['DA', 'D4']
name: b11902009, hole_card: ['C2', 'HQ']
Started the round 7
Street "preflop" started. (community card = [])
name: b10902051, hole_card: ['DA', 'D4']
name: b11902009, hole_card: ['C2', 'HQ']
win_rate 0.669
put_in: 0.0
"b11902009" declared "fold:0"
"['b10902051']" won the round 7 (stack = {'b10902051': 1010.1165980795611, 'b11902009': 987.4616598079559})
community cards of this round: ['SK', 'C6', 'HT', 'S9', 'DT']
name: b10902051, hole_card: ['CQ', 'C8']
name: b11902009, hole_card: ['H6', 'DQ']
Started the round 8
Street "preflop" started. (community card = [])
name: b10902051, hole_card: ['CQ', 'C8']
name: b11902009, hole_card: ['H6', 'DQ']
win_rate 0.547
put_in: 15.0
"b10902051" declared "raise:15"
name: b10902051, hole_card: ['CQ', 'C8']
name: b11902009, hole_card: ['H6', 'DQ']
win_rate 0.547
put_in: 15.0
"b11902009" declared "fold:0"
"['b10902051']" won the round 8 (stack = {'b10902051': 1020.1165980795611, 'b11902009': 977.4616598079559})
community cards of this round: ['HQ', 'S7', 'H2', 'S3', 'H3']
name: b10902051, hole_card: ['DK', 'SK']
name: b11902009, hole_card: ['CJ', 'H9']
Started the round 9
Street "preflop" started. (community card = [])
name: b10902051, hole_card: ['DK', 'SK']
name: b11902009, hole_card: ['CJ', 'H9']
win_rate 0.547
put_in: 0.0
"b11902009" declared "raise:45"
name: b10902051, hole_card: ['DK', 'SK']
name: b11902009, hole_card: ['CJ', 'H9']
win_rate 0.848
put_in: 80.0
"b10902051" declared "raise:80"
name: b10902051, hole_card: ['DK', 'SK']
name: b11902009, hole_card: ['CJ', 'H9']
win_rate 0.848
put_in: 80.0
"b11902009" declared "call:80"
Street "flop" started. (community card = ['HQ', 'S7', 'H2'])
name: b10902051, hole_card: ['DK', 'SK']
name: b11902009, hole_card: ['CJ', 'H9']
win_rate 0.848
put_in: 80.0
"b11902009" declared "call:0"
name: b10902051, hole_card: ['DK', 'SK']
name: b11902009, hole_card: ['CJ', 'H9']
win_rate 0.835
put_in: 80.0
"b10902051" declared "call:0"
Street "turn" started. (community card = ['HQ', 'S7', 'H2', 'S3'])
name: b10902051, hole_card: ['DK', 'SK']
name: b11902009, hole_card: ['CJ', 'H9']
win_rate 0.835
put_in: 80.0
"b11902009" declared "fold:0"
"['b10902051']" won the round 9 (stack = {'b10902051': 1100.116598079561, 'b11902009': 897.4616598079559})
community cards of this round: ['CK', 'CA', 'S5', 'SK', 'H9']
name: b10902051, hole_card: ['H4', 'H3']
name: b11902009, hole_card: ['C7', 'SA']
Started the round 10
Street "preflop" started. (community card = [])
name: b10902051, hole_card: ['H4', 'H3']
name: b11902009, hole_card: ['C7', 'SA']
win_rate 0.354
put_in: 0.0
"b10902051" declared "fold:0"
"['b11902009']" won the round 10 (stack = {'b10902051': 1095.116598079561, 'b11902009': 902.4616598079559})
community cards of this round: ['CK', 'C7', 'ST', 'S2', 'C3']
name: b10902051, hole_card: ['D9', 'D7']
name: b11902009, hole_card: ['HK', 'DJ']
Started the round 11
Street "preflop" started. (community card = [])
name: b10902051, hole_card: ['D9', 'D7']
name: b11902009, hole_card: ['HK', 'DJ']
win_rate 0.354
put_in: 0.0
"b11902009" declared "raise:45"
name: b10902051, hole_card: ['D9', 'D7']
name: b11902009, hole_card: ['HK', 'DJ']
win_rate 0.502
put_in: 45.0
"b10902051" declared "call:45"
Street "flop" started. (community card = ['CK', 'C7', 'ST'])
name: b10902051, hole_card: ['D9', 'D7']
name: b11902009, hole_card: ['HK', 'DJ']
win_rate 0.502
put_in: 45.0
"b11902009" declared "raise:20"
name: b10902051, hole_card: ['D9', 'D7']
name: b11902009, hole_card: ['HK', 'DJ']
win_rate 0.653
put_in: 65.0
"b10902051" declared "call:20"
Street "turn" started. (community card = ['CK', 'C7', 'ST', 'S2'])
name: b10902051, hole_card: ['D9', 'D7']
name: b11902009, hole_card: ['HK', 'DJ']
win_rate 0.653
put_in: 65.0
"b11902009" declared "raise:20"
name: b10902051, hole_card: ['D9', 'D7']
name: b11902009, hole_card: ['HK', 'DJ']
win_rate 0.649
put_in: 85.0
"b10902051" declared "call:20"
Street "river" started. (community card = ['CK', 'C7', 'ST', 'S2', 'C3'])
name: b10902051, hole_card: ['D9', 'D7']
name: b11902009, hole_card: ['HK', 'DJ']
win_rate 0.649
put_in: 85.0
"b11902009" declared "raise:20"
name: b10902051, hole_card: ['D9', 'D7']
name: b11902009, hole_card: ['HK', 'DJ']
win_rate 0.634
put_in: 105.0
"b10902051" declared "call:20"
"['b11902009']" won the round 11 (stack = {'b10902051': 990.1165980795611, 'b11902009': 1007.4616598079559})
community cards of this round: ['CA', 'S3', 'DJ', 'D3', 'C3']
name: b10902051, hole_card: ['H4', 'S5']
name: b11902009, hole_card: ['D7', 'D2']
Started the round 12
Street "preflop" started. (community card = [])
name: b10902051, hole_card: ['H4', 'S5']
name: b11902009, hole_card: ['D7', 'D2']
win_rate 0.356
put_in: 10.0
"b10902051" declared "call:10"
name: b10902051, hole_card: ['H4', 'S5']
name: b11902009, hole_card: ['D7', 'D2']
win_rate 0.356
put_in: 10.0
"b11902009" declared "call:10"
Street "flop" started. (community card = ['CA', 'S3', 'DJ'])
name: b10902051, hole_card: ['H4', 'S5']
name: b11902009, hole_card: ['D7', 'D2']
win_rate 0.201
put_in: 10.0
"b10902051" declared "call:0"
name: b10902051, hole_card: ['H4', 'S5']
name: b11902009, hole_card: ['D7', 'D2']
win_rate 0.201
put_in: 10.0
"b11902009" declared "call:0"
Street "turn" started. (community card = ['CA', 'S3', 'DJ', 'D3'])
name: b10902051, hole_card: ['H4', 'S5']
name: b11902009, hole_card: ['D7', 'D2']
win_rate 0.097
put_in: 10.0
"b10902051" declared "fold:0"
"['b11902009']" won the round 12 (stack = {'b10902051': 980.1165980795611, 'b11902009': 1017.4616598079559})
community cards of this round: ['H4', 'C7', 'HT', 'H2', 'S6']
name: b10902051, hole_card: ['D8', 'DQ']
name: b11902009, hole_card: ['C2', 'C8']
Started the round 13
Street "preflop" started. (community card = [])
name: b10902051, hole_card: ['D8', 'DQ']
name: b11902009, hole_card: ['C2', 'C8']
win_rate 0.097
put_in: 0.0
"b11902009" declared "call:10"
name: b10902051, hole_card: ['D8', 'DQ']
name: b11902009, hole_card: ['C2', 'C8']
win_rate 0.585
put_in: 15.0
"b10902051" declared "raise:15"
name: b10902051, hole_card: ['D8', 'DQ']
name: b11902009, hole_card: ['C2', 'C8']
win_rate 0.585
put_in: 15.0
"b11902009" declared "fold:0"
"['b10902051']" won the round 13 (stack = {'b10902051': 990.1165980795611, 'b11902009': 1007.4616598079559})
community cards of this round: ['HQ', 'HJ', 'C3', 'H8', 'C9']
name: b10902051, hole_card: ['SK', 'C4']
name: b11902009, hole_card: ['D7', 'S6']
Started the round 14
Street "preflop" started. (community card = [])
name: b10902051, hole_card: ['SK', 'C4']
name: b11902009, hole_card: ['D7', 'S6']
win_rate 0.508
put_in: 15.0
"b10902051" declared "raise:15"
name: b10902051, hole_card: ['SK', 'C4']
name: b11902009, hole_card: ['D7', 'S6']
win_rate 0.508
put_in: 15.0
"b11902009" declared "fold:0"
"['b10902051']" won the round 14 (stack = {'b10902051': 1000.1165980795611, 'b11902009': 997.4616598079559})
community cards of this round: ['D8', 'H8', 'H3', 'SQ', 'S4']
name: b10902051, hole_card: ['S6', 'HK']
name: b11902009, hole_card: ['S9', 'D2']
Started the round 15
Street "preflop" started. (community card = [])
name: b10902051, hole_card: ['S6', 'HK']
name: b11902009, hole_card: ['S9', 'D2']
win_rate 0.508
put_in: 0.0
"b11902009" declared "fold:0"
"['b10902051']" won the round 15 (stack = {'b10902051': 1005.1165980795611, 'b11902009': 992.4616598079559})
community cards of this round: ['C9', 'HJ', 'HQ', 'H9', 'DK']
name: b10902051, hole_card: ['HK', 'D8']
name: b11902009, hole_card: ['S5', 'C3']
Started the round 16
Street "preflop" started. (community card = [])
name: b10902051, hole_card: ['HK', 'D8']
name: b11902009, hole_card: ['S5', 'C3']
win_rate 0.59
put_in: 15.0
"b10902051" declared "raise:15"
name: b10902051, hole_card: ['HK', 'D8']
name: b11902009, hole_card: ['S5', 'C3']
win_rate 0.59
put_in: 15.0
"b11902009" declared "raise:20"
name: b10902051, hole_card: ['HK', 'D8']
name: b11902009, hole_card: ['S5', 'C3']
win_rate 0.59
put_in: 35.0
"b10902051" declared "call:20"
Street "flop" started. (community card = ['C9', 'HJ', 'HQ'])
name: b10902051, hole_card: ['HK', 'D8']
name: b11902009, hole_card: ['S5', 'C3']
win_rate 0.475
put_in: 35.0
"b10902051" declared "call:0"
name: b10902051, hole_card: ['HK', 'D8']
name: b11902009, hole_card: ['S5', 'C3']
win_rate 0.475
put_in: 35.0
"b11902009" declared "raise:10"
name: b10902051, hole_card: ['HK', 'D8']
name: b11902009, hole_card: ['S5', 'C3']
win_rate 0.512
put_in: 45.0
"b10902051" declared "call:10"
Street "turn" started. (community card = ['C9', 'HJ', 'HQ', 'H9'])
name: b10902051, hole_card: ['HK', 'D8']
name: b11902009, hole_card: ['S5', 'C3']
win_rate 0.552
put_in: 45.0
"b10902051" declared "call:0"
name: b10902051, hole_card: ['HK', 'D8']
name: b11902009, hole_card: ['S5', 'C3']
win_rate 0.552
put_in: 45.0
"b11902009" declared "raise:10"
name: b10902051, hole_card: ['HK', 'D8']
name: b11902009, hole_card: ['S5', 'C3']
win_rate 0.571
put_in: 55.0
"b10902051" declared "call:10"
Street "river" started. (community card = ['C9', 'HJ', 'HQ', 'H9', 'DK'])
name: b10902051, hole_card: ['HK', 'D8']
name: b11902009, hole_card: ['S5', 'C3']
win_rate 0.692
put_in: 55.0
"b10902051" declared "call:0"
name: b10902051, hole_card: ['HK', 'D8']
name: b11902009, hole_card: ['S5', 'C3']
win_rate 0.692
put_in: 55.0
"b11902009" declared "raise:10"
name: b10902051, hole_card: ['HK', 'D8']
name: b11902009, hole_card: ['S5', 'C3']
win_rate 0.686
put_in: 65.0
"b10902051" declared "call:10"
"['b10902051']" won the round 16 (stack = {'b10902051': 1055.116598079561, 'b11902009': 942.4616598079559})
community cards of this round: ['SJ', 'SA', 'C6', 'H5', 'HK']
name: b10902051, hole_card: ['H6', 'C9']
name: b11902009, hole_card: ['DQ', 'SK']
Started the round 17
Street "preflop" started. (community card = [])
name: b10902051, hole_card: ['H6', 'C9']
name: b11902009, hole_card: ['DQ', 'SK']
win_rate 0.686
put_in: 0.0
"b11902009" declared "raise:942.4616598079559"
name: b10902051, hole_card: ['H6', 'C9']
name: b11902009, hole_card: ['DQ', 'SK']
win_rate 0.686
put_in: 0.0
"b10902051" declared "fold:0"
"['b11902009']" won the round 17 (stack = {'b10902051': 1045.116598079561, 'b11902009': 952.0})
community cards of this round: ['S8', 'SQ', 'S7', 'CJ', 'C3']
name: b10902051, hole_card: ['CQ', 'D2']
name: b11902009, hole_card: ['D3', 'DA']
Started the round 18
Street "preflop" started. (community card = [])
name: b10902051, hole_card: ['CQ', 'D2']
name: b11902009, hole_card: ['D3', 'DA']
win_rate 0.686
put_in: 0.0
"b10902051" declared "fold:0"
"['b11902009']" won the round 18 (stack = {'b10902051': 1040.116598079561, 'b11902009': 957.0})
community cards of this round: ['CQ', 'SA', 'S2', 'S4', 'DJ']
name: b10902051, hole_card: ['D6', 'D4']
name: b11902009, hole_card: ['H4', 'HQ']
Started the round 19
Street "preflop" started. (community card = [])
name: b10902051, hole_card: ['D6', 'D4']
name: b11902009, hole_card: ['H4', 'HQ']
win_rate 0.686
put_in: 0.0
"b11902009" declared "raise:957.0"
name: b10902051, hole_card: ['D6', 'D4']
name: b11902009, hole_card: ['H4', 'HQ']
win_rate 0.686
put_in: 0.0
"b10902051" declared "fold:0"
"['b11902009']" won the round 19 (stack = {'b10902051': 1030.116598079561, 'b11902009': 967.0})
community cards of this round: ['CA', 'C2', 'D7', 'HA', 'C6']
name: b10902051, hole_card: ['CK', 'HJ']
name: b11902009, hole_card: ['CT', 'S7']
Started the round 20
Street "preflop" started. (community card = [])
name: b10902051, hole_card: ['CK', 'HJ']
name: b11902009, hole_card: ['CT', 'S7']
win_rate 0.686
put_in: 0.0
"b10902051" declared "fold:0"
"['b11902009']" won the round 20 (stack = {'b10902051': 1025.116598079561, 'b11902009': 972.0})
b10902051 vs b11902009 - Game 2: {'rule': {'initial_stack': 1000, 'max_round': 20, 'small_blind_amount': 5, 'ante': 0, 'blind_structure': {}}, 'players': [{'name': 'b10902051', 'uuid': 'crhxqbrmmksombctrxqtam', 'stack': 1025.116598079561, 'state': 'participating'}, {'name': 'b11902009', 'uuid': 'edptmfpxnlcecaxwuwafcx', 'stack': 972.0, 'state': 'participating'}]}
community cards of this round: ['H3', 'HA', 'HK', 'S5', 'S3']
name: b11902009, hole_card: ['D4', 'S9']
name: b10902051, hole_card: ['SQ', 'SK']
Started the round 1
Street "preflop" started. (community card = [])
name: b11902009, hole_card: ['D4', 'S9']
name: b10902051, hole_card: ['SQ', 'SK']
win_rate 0.645
put_in: 21.77777777777778
"b10902051" declared "raise:21.77777777777778"
name: b11902009, hole_card: ['D4', 'S9']
name: b10902051, hole_card: ['SQ', 'SK']
win_rate 0.645
put_in: 21.77777777777778
"b11902009" declared "fold:0"
"['b10902051']" won the round 1 (stack = {'b11902009': 990, 'b10902051': 1009.2222222222222})
community cards of this round: ['H5', 'C9', 'C5', 'H9', 'CK']
name: b11902009, hole_card: ['S6', 'D3']
name: b10902051, hole_card: ['C7', 'HA']
Started the round 2
Street "preflop" started. (community card = [])
name: b11902009, hole_card: ['S6', 'D3']
name: b10902051, hole_card: ['C7', 'HA']
win_rate 0.645
put_in: 0.0
"b11902009" declared "fold:0"
"['b10902051']" won the round 2 (stack = {'b11902009': 985, 'b10902051': 1014.2222222222222})
community cards of this round: ['C7', 'D7', 'C6', 'HQ', 'HA']
name: b11902009, hole_card: ['DK', 'DJ']
name: b10902051, hole_card: ['S5', 'DQ']
Started the round 3
Street "preflop" started. (community card = [])
name: b11902009, hole_card: ['DK', 'DJ']
name: b10902051, hole_card: ['S5', 'DQ']
win_rate 0.536
put_in: 17.41975308641976
"b10902051" declared "raise:17.41975308641976"
name: b11902009, hole_card: ['DK', 'DJ']
name: b10902051, hole_card: ['S5', 'DQ']
win_rate 0.536
put_in: 17.41975308641976
"b11902009" declared "raise:74.51851851851856"
name: b11902009, hole_card: ['DK', 'DJ']
name: b10902051, hole_card: ['S5', 'DQ']
win_rate 0.483
put_in: 149.03703703703712
"b10902051" declared "raise:131.61728395061738"
name: b11902009, hole_card: ['DK', 'DJ']
name: b10902051, hole_card: ['S5', 'DQ']
win_rate 0.483
put_in: 149.03703703703712
"b11902009" declared "raise:985.0"
name: b11902009, hole_card: ['DK', 'DJ']
name: b10902051, hole_card: ['S5', 'DQ']
win_rate 0.518
put_in: 149.03703703703712
"b10902051" declared "fold:0"
"['b11902009']" won the round 3 (stack = {'b11902009': 1116.0, 'b10902051': 882.6049382716049})
community cards of this round: ['D2', 'SK', 'DQ', 'C8', 'SJ']
name: b11902009, hole_card: ['CK', 'C7']
name: b10902051, hole_card: ['H4', 'C5']
Started the round 4
Street "preflop" started. (community card = [])
name: b11902009, hole_card: ['CK', 'C7']
name: b10902051, hole_card: ['H4', 'C5']
win_rate 0.518
put_in: 0.0
"b11902009" declared "raise:45"
name: b11902009, hole_card: ['CK', 'C7']
name: b10902051, hole_card: ['H4', 'C5']
win_rate 0.407
put_in: 80.0
"b10902051" declared "raise:80"
name: b11902009, hole_card: ['CK', 'C7']
name: b10902051, hole_card: ['H4', 'C5']
win_rate 0.407
put_in: 80.0
"b11902009" declared "call:80"
Street "flop" started. (community card = ['D2', 'SK', 'DQ'])
name: b11902009, hole_card: ['CK', 'C7']
name: b10902051, hole_card: ['H4', 'C5']
win_rate 0.407
put_in: 80.0
"b11902009" declared "raise:20"
name: b11902009, hole_card: ['CK', 'C7']
name: b10902051, hole_card: ['H4', 'C5']
win_rate 0.152
put_in: 100.0
"b10902051" declared "call:20"
Street "turn" started. (community card = ['D2', 'SK', 'DQ', 'C8'])
name: b11902009, hole_card: ['CK', 'C7']
name: b10902051, hole_card: ['H4', 'C5']
win_rate 0.152
put_in: 100.0
"b11902009" declared "raise:20"
name: b11902009, hole_card: ['CK', 'C7']
name: b10902051, hole_card: ['H4', 'C5']
win_rate 0.074
put_in: 100.0
"b10902051" declared "fold:0"
"['b11902009']" won the round 4 (stack = {'b11902009': 1216.0, 'b10902051': 782.6049382716049})
community cards of this round: ['C4', 'C3', 'H8', 'HQ', 'D4']
name: b11902009, hole_card: ['D7', 'CJ']
name: b10902051, hole_card: ['S6', 'C5']
Started the round 5
Street "preflop" started. (community card = [])
name: b11902009, hole_card: ['D7', 'CJ']
name: b10902051, hole_card: ['S6', 'C5']
win_rate 0.387
put_in: 40.93278463648835
"b10902051" declared "raise:40.93278463648835"
name: b11902009, hole_card: ['D7', 'CJ']
name: b10902051, hole_card: ['S6', 'C5']
win_rate 0.387
put_in: 40.93278463648835
"b11902009" declared "fold:0"
"['b10902051']" won the round 5 (stack = {'b11902009': 1206.0, 'b10902051': 791.6721536351165})
community cards of this round: ['CT', 'S5', 'D2', 'H6', 'H3']
name: b11902009, hole_card: ['H5', 'HJ']
name: b10902051, hole_card: ['H4', 'DK']
Started the round 6
Street "preflop" started. (community card = [])
name: b11902009, hole_card: ['H5', 'HJ']
name: b10902051, hole_card: ['H4', 'DK']
win_rate 0.387
put_in: 0.0
"b11902009" declared "fold:0"
"['b10902051']" won the round 6 (stack = {'b11902009': 1201.0, 'b10902051': 796.6721536351165})
community cards of this round: ['H3', 'CK', 'DA', 'HK', 'HJ']
name: b11902009, hole_card: ['C3', 'CA']
name: b10902051, hole_card: ['H7', 'C4']
Started the round 7
Street "preflop" started. (community card = [])
name: b11902009, hole_card: ['C3', 'CA']
name: b10902051, hole_card: ['H7', 'C4']
win_rate 0.371
put_in: 37.14753848498705
"b10902051" declared "raise:37.14753848498705"
name: b11902009, hole_card: ['C3', 'CA']
name: b10902051, hole_card: ['H7', 'C4']
win_rate 0.371
put_in: 37.14753848498705
"b11902009" declared "fold:0"
"['b10902051']" won the round 7 (stack = {'b11902009': 1191.0, 'b10902051': 806.5246151501294})
community cards of this round: ['HK', 'H4', 'ST', 'C8', 'SJ']
name: b11902009, hole_card: ['CK', 'S5']
name: b10902051, hole_card: ['CQ', 'H6']
Started the round 8
Street "preflop" started. (community card = [])
name: b11902009, hole_card: ['CK', 'S5']
name: b10902051, hole_card: ['CQ', 'H6']
win_rate 0.371
put_in: 0.0
"b11902009" declared "fold:0"
"['b10902051']" won the round 8 (stack = {'b11902009': 1186.0, 'b10902051': 811.5246151501294})
community cards of this round: ['C4', 'ST', 'C2', 'H3', 'HK']
name: b11902009, hole_card: ['H6', 'S8']
name: b10902051, hole_card: ['HQ', 'H2']
Started the round 9
Street "preflop" started. (community card = [])
name: b11902009, hole_card: ['H6', 'S8']
name: b10902051, hole_card: ['HQ', 'H2']
win_rate 0.52
put_in: 10.0
"b10902051" declared "call:10"
name: b11902009, hole_card: ['H6', 'S8']
name: b10902051, hole_card: ['HQ', 'H2']
win_rate 0.52
put_in: 10.0
"b11902009" declared "fold:0"
"['b10902051']" won the round 9 (stack = {'b11902009': 1176.0, 'b10902051': 821.5246151501294})
community cards of this round: ['S7', 'HT', 'DK', 'D7', 'HA']
name: b11902009, hole_card: ['HQ', 'C2']
name: b10902051, hole_card: ['SA', 'S4']
Started the round 10
Street "preflop" started. (community card = [])
name: b11902009, hole_card: ['HQ', 'C2']
name: b10902051, hole_card: ['SA', 'S4']
win_rate 0.52
put_in: 0.0
"b11902009" declared "fold:0"
"['b10902051']" won the round 10 (stack = {'b11902009': 1171.0, 'b10902051': 826.5246151501294})
community cards of this round: ['D4', 'C3', 'S8', 'CJ', 'D9']
name: b11902009, hole_card: ['HQ', 'H9']
name: b10902051, hole_card: ['C8', 'D7']
Started the round 11
Street "preflop" started. (community card = [])
name: b11902009, hole_card: ['HQ', 'H9']
name: b10902051, hole_card: ['C8', 'D7']
win_rate 0.482
put_in: 10.0
"b10902051" declared "call:10"
name: b11902009, hole_card: ['HQ', 'H9']
name: b10902051, hole_card: ['C8', 'D7']
win_rate 0.482
put_in: 10.0
"b11902009" declared "fold:0"
"['b10902051']" won the round 11 (stack = {'b11902009': 1161.0, 'b10902051': 836.5246151501294})
community cards of this round: ['H6', 'D4', 'S5', 'C6', 'CK']
name: b11902009, hole_card: ['S3', 'SQ']
name: b10902051, hole_card: ['D2', 'C9']
Started the round 12
Street "preflop" started. (community card = [])
name: b11902009, hole_card: ['S3', 'SQ']
name: b10902051, hole_card: ['D2', 'C9']
win_rate 0.482
put_in: 0.0
"b11902009" declared "fold:0"
"['b10902051']" won the round 12 (stack = {'b11902009': 1156.0, 'b10902051': 841.5246151501294})
community cards of this round: ['DK', 'DQ', 'CA', 'HT', 'D5']
name: b11902009, hole_card: ['H2', 'SK']
name: b10902051, hole_card: ['H3', 'SJ']
Started the round 13
Street "preflop" started. (community card = [])
name: b11902009, hole_card: ['H2', 'SK']
name: b10902051, hole_card: ['H3', 'SJ']
win_rate 0.457
put_in: 10.0
"b10902051" declared "call:10"
name: b11902009, hole_card: ['H2', 'SK']
name: b10902051, hole_card: ['H3', 'SJ']
win_rate 0.457
put_in: 10.0
"b11902009" declared "fold:0"
"['b10902051']" won the round 13 (stack = {'b11902009': 1146.0, 'b10902051': 851.5246151501294})
community cards of this round: ['HT', 'H7', 'DQ', 'HA', 'D7']
name: b11902009, hole_card: ['C5', 'S7']
name: b10902051, hole_card: ['SK', 'CT']
Started the round 14
Street "preflop" started. (community card = [])
name: b11902009, hole_card: ['C5', 'S7']
name: b10902051, hole_card: ['SK', 'CT']
win_rate 0.457
put_in: 0.0
"b11902009" declared "fold:0"
"['b10902051']" won the round 14 (stack = {'b11902009': 1141.0, 'b10902051': 856.5246151501294})
community cards of this round: ['S4', 'D6', 'HQ', 'CK', 'CA']
name: b11902009, hole_card: ['DT', 'C2']
name: b10902051, hole_card: ['HT', 'C6']
Started the round 15
Street "preflop" started. (community card = [])
name: b11902009, hole_card: ['DT', 'C2']
name: b10902051, hole_card: ['HT', 'C6']
win_rate 0.498
put_in: 10.0
"b10902051" declared "call:10"
name: b11902009, hole_card: ['DT', 'C2']
name: b10902051, hole_card: ['HT', 'C6']
win_rate 0.498
put_in: 10.0
"b11902009" declared "fold:0"
"['b10902051']" won the round 15 (stack = {'b11902009': 1131.0, 'b10902051': 866.5246151501294})
community cards of this round: ['HK', 'C5', 'HJ', 'D3', 'C2']
name: b11902009, hole_card: ['DA', 'D5']
name: b10902051, hole_card: ['H7', 'CK']
Started the round 16
Street "preflop" started. (community card = [])
name: b11902009, hole_card: ['DA', 'D5']
name: b10902051, hole_card: ['H7', 'CK']
win_rate 0.498
put_in: 0.0
"b11902009" declared "fold:0"
"['b10902051']" won the round 16 (stack = {'b11902009': 1126.0, 'b10902051': 871.5246151501294})
community cards of this round: ['CT', 'SQ', 'H5', 'H8', 'S5']
name: b11902009, hole_card: ['HT', 'DA']
name: b10902051, hole_card: ['D4', 'CK']
Started the round 17
Street "preflop" started. (community card = [])
name: b11902009, hole_card: ['HT', 'DA']
name: b10902051, hole_card: ['D4', 'CK']
win_rate 0.536
put_in: 10.0
"b10902051" declared "call:10"
name: b11902009, hole_card: ['HT', 'DA']
name: b10902051, hole_card: ['D4', 'CK']
win_rate 0.536
put_in: 10.0
"b11902009" declared "fold:0"
"['b10902051']" won the round 17 (stack = {'b11902009': 1116.0, 'b10902051': 881.5246151501294})
community cards of this round: ['ST', 'CQ', 'S7', 'D3', 'D6']
name: b11902009, hole_card: ['H9', 'S5']
name: b10902051, hole_card: ['D5', 'DK']
Started the round 18
Street "preflop" started. (community card = [])
name: b11902009, hole_card: ['H9', 'S5']
name: b10902051, hole_card: ['D5', 'DK']
win_rate 0.536
put_in: 0.0
"b11902009" declared "fold:0"
"['b10902051']" won the round 18 (stack = {'b11902009': 1111.0, 'b10902051': 886.5246151501294})
community cards of this round: ['D6', 'CJ', 'D5', 'D7', 'CA']
name: b11902009, hole_card: ['CT', 'DT']
name: b10902051, hole_card: ['HJ', 'D2']
Started the round 19
Street "preflop" started. (community card = [])
name: b11902009, hole_card: ['CT', 'DT']
name: b10902051, hole_card: ['HJ', 'D2']
win_rate 0.415
put_in: 10.0
"b10902051" declared "call:10"
name: b11902009, hole_card: ['CT', 'DT']
name: b10902051, hole_card: ['HJ', 'D2']
win_rate 0.415
put_in: 10.0
"b11902009" declared "fold:0"
"['b10902051']" won the round 19 (stack = {'b11902009': 1101.0, 'b10902051': 896.5246151501294})
community cards of this round: ['H9', 'D4', 'HQ', 'HK', 'S6']
name: b11902009, hole_card: ['S9', 'S4']
name: b10902051, hole_card: ['C5', 'SA']
Started the round 20
Street "preflop" started. (community card = [])
name: b11902009, hole_card: ['S9', 'S4']
name: b10902051, hole_card: ['C5', 'SA']
win_rate 0.415
put_in: 0.0
"b11902009" declared "fold:0"
"['b10902051']" won the round 20 (stack = {'b11902009': 1096.0, 'b10902051': 901.5246151501294})
b10902051 vs b11902009 - Game 3: {'rule': {'initial_stack': 1000, 'max_round': 20, 'small_blind_amount': 5, 'ante': 0, 'blind_structure': {}}, 'players': [{'name': 'b11902009', 'uuid': 'rkeatuhaudiylaefbphfvj', 'stack': 1096.0, 'state': 'participating'}, {'name': 'b10902051', 'uuid': 'gmdzywsdnzwqmmebrujxqp', 'stack': 901.5246151501294, 'state': 'participating'}]}
community cards of this round: ['H3', 'HA', 'HK', 'S5', 'S3']
name: b10902051, hole_card: ['D4', 'S9']
name: b11902009, hole_card: ['SQ', 'SK']
Started the round 1
Street "preflop" started. (community card = [])
name: b10902051, hole_card: ['D4', 'S9']
name: b11902009, hole_card: ['SQ', 'SK']
win_rate 0.0
put_in: 0.0
"b11902009" declared "raise:45"
name: b10902051, hole_card: ['D4', 'S9']
name: b11902009, hole_card: ['SQ', 'SK']
win_rate 0.436
put_in: 80.0
"b10902051" declared "raise:80"
name: b10902051, hole_card: ['D4', 'S9']
name: b11902009, hole_card: ['SQ', 'SK']
win_rate 0.436
put_in: 80.0
"b11902009" declared "raise:1000"
name: b10902051, hole_card: ['D4', 'S9']
name: b11902009, hole_card: ['SQ', 'SK']
win_rate 0.385
put_in: 80.0
"b10902051" declared "fold:0"
"['b11902009']" won the round 1 (stack = {'b10902051': 920, 'b11902009': 1080})
community cards of this round: ['H5', 'C9', 'C5', 'H9', 'CK']
name: b10902051, hole_card: ['S6', 'D3']
name: b11902009, hole_card: ['C7', 'HA']
Started the round 2
Street "preflop" started. (community card = [])
name: b10902051, hole_card: ['S6', 'D3']
name: b11902009, hole_card: ['C7', 'HA']
win_rate 0.346
put_in: 10.0
"b10902051" declared "call:10"
name: b10902051, hole_card: ['S6', 'D3']
name: b11902009, hole_card: ['C7', 'HA']
win_rate 0.346
put_in: 10.0
"b11902009" declared "call:10"
Street "flop" started. (community card = ['H5', 'C9', 'C5'])
name: b10902051, hole_card: ['S6', 'D3']
name: b11902009, hole_card: ['C7', 'HA']
win_rate 0.221
put_in: 10.0
"b10902051" declared "call:0"
name: b10902051, hole_card: ['S6', 'D3']
name: b11902009, hole_card: ['C7', 'HA']
win_rate 0.221
put_in: 10.0
"b11902009" declared "call:0"
Street "turn" started. (community card = ['H5', 'C9', 'C5', 'H9'])
name: b10902051, hole_card: ['S6', 'D3']
name: b11902009, hole_card: ['C7', 'HA']
win_rate 0.11
put_in: 10.0
"b10902051" declared "call:0"
name: b10902051, hole_card: ['S6', 'D3']
name: b11902009, hole_card: ['C7', 'HA']
win_rate 0.11
put_in: 10.0
"b11902009" declared "call:0"
Street "river" started. (community card = ['H5', 'C9', 'C5', 'H9', 'CK'])
name: b10902051, hole_card: ['S6', 'D3']
name: b11902009, hole_card: ['C7', 'HA']
win_rate 0.079
put_in: 10.0
"b10902051" declared "fold:0"
"['b11902009']" won the round 2 (stack = {'b10902051': 910, 'b11902009': 1090})
community cards of this round: ['C7', 'D7', 'C6', 'HQ', 'HA']
name: b10902051, hole_card: ['DK', 'DJ']
name: b11902009, hole_card: ['S5', 'DQ']
Started the round 3
Street "preflop" started. (community card = [])
name: b10902051, hole_card: ['DK', 'DJ']
name: b11902009, hole_card: ['S5', 'DQ']
win_rate 0.079
put_in: 0.0
"b11902009" declared "fold:0"
"['b10902051']" won the round 3 (stack = {'b10902051': 915, 'b11902009': 1085})
community cards of this round: ['D2', 'SK', 'DQ', 'C8', 'SJ']
name: b10902051, hole_card: ['CK', 'C7']
name: b11902009, hole_card: ['H4', 'C5']
Started the round 4
Street "preflop" started. (community card = [])
name: b10902051, hole_card: ['CK', 'C7']
name: b11902009, hole_card: ['H4', 'C5']
win_rate 0.612
put_in: 27.333333333333332
"b10902051" declared "raise:27.333333333333332"
name: b10902051, hole_card: ['CK', 'C7']
name: b11902009, hole_card: ['H4', 'C5']
win_rate 0.612
put_in: 27.333333333333332
"b11902009" declared "fold:0"
"['b10902051']" won the round 4 (stack = {'b10902051': 924.6666666666666, 'b11902009': 1075})
community cards of this round: ['C4', 'C3', 'H8', 'HQ', 'D4']
name: b10902051, hole_card: ['D7', 'CJ']
name: b11902009, hole_card: ['S6', 'C5']
Started the round 5
Street "preflop" started. (community card = [])
name: b10902051, hole_card: ['D7', 'CJ']
name: b11902009, hole_card: ['S6', 'C5']
win_rate 0.612
put_in: 0.0
"b11902009" declared "call:10"
name: b10902051, hole_card: ['D7', 'CJ']
name: b11902009, hole_card: ['S6', 'C5']
win_rate 0.523
put_in: 25.148148148148152
"b10902051" declared "raise:25.148148148148152"
name: b10902051, hole_card: ['D7', 'CJ']
name: b11902009, hole_card: ['S6', 'C5']
win_rate 0.523
put_in: 25.148148148148152
"b11902009" declared "fold:0"
"['b10902051']" won the round 5 (stack = {'b10902051': 934.5185185185185, 'b11902009': 1065})
community cards of this round: ['CT', 'S5', 'D2', 'H6', 'H3']
name: b10902051, hole_card: ['H5', 'HJ']
name: b11902009, hole_card: ['H4', 'DK']
Started the round 6
Street "preflop" started. (community card = [])
name: b10902051, hole_card: ['H5', 'HJ']
name: b11902009, hole_card: ['H4', 'DK']
win_rate 0.495
put_in: 22.942386831275726
"b10902051" declared "raise:22.942386831275726"
name: b10902051, hole_card: ['H5', 'HJ']
name: b11902009, hole_card: ['H4', 'DK']
win_rate 0.495
put_in: 22.942386831275726
"b11902009" declared "fold:0"
"['b10902051']" won the round 6 (stack = {'b10902051': 943.5761316872428, 'b11902009': 1055})
community cards of this round: ['H3', 'CK', 'DA', 'HK', 'HJ']
name: b10902051, hole_card: ['C3', 'CA']
name: b11902009, hole_card: ['H7', 'C4']
Started the round 7
Street "preflop" started. (community card = [])
name: b10902051, hole_card: ['C3', 'CA']
name: b11902009, hole_card: ['H7', 'C4']
win_rate 0.495
put_in: 0.0
"b11902009" declared "fold:0"
"['b10902051']" won the round 7 (stack = {'b10902051': 948.5761316872428, 'b11902009': 1050})
community cards of this round: ['HK', 'H4', 'ST', 'C8', 'SJ']
name: b10902051, hole_card: ['CK', 'S5']
name: b11902009, hole_card: ['CQ', 'H6']
Started the round 8
Street "preflop" started. (community card = [])
name: b10902051, hole_card: ['CK', 'S5']
name: b11902009, hole_card: ['CQ', 'H6']
win_rate 0.527
put_in: 19.15820759030636
"b10902051" declared "raise:19.15820759030636"
name: b10902051, hole_card: ['CK', 'S5']
name: b11902009, hole_card: ['CQ', 'H6']
win_rate 0.527
put_in: 19.15820759030636
"b11902009" declared "fold:0"
"['b10902051']" won the round 8 (stack = {'b10902051': 958.4179240969364, 'b11902009': 1040})
community cards of this round: ['C4', 'ST', 'C2', 'H3', 'HK']
name: b10902051, hole_card: ['H6', 'S8']
name: b11902009, hole_card: ['HQ', 'H2']
Started the round 9
Street "preflop" started. (community card = [])
name: b10902051, hole_card: ['H6', 'S8']
name: b11902009, hole_card: ['HQ', 'H2']
win_rate 0.527
put_in: 0.0
"b11902009" declared "raise:45"
name: b10902051, hole_card: ['H6', 'S8']
name: b11902009, hole_card: ['HQ', 'H2']
win_rate 0.429
put_in: 45.0
"b10902051" declared "call:45"
Street "flop" started. (community card = ['C4', 'ST', 'C2'])
name: b10902051, hole_card: ['H6', 'S8']
name: b11902009, hole_card: ['HQ', 'H2']
win_rate 0.429
put_in: 45.0
"b11902009" declared "raise:108.50000000000009"
name: b10902051, hole_card: ['H6', 'S8']
name: b11902009, hole_card: ['HQ', 'H2']
win_rate 0.257
put_in: 153.50000000000009
"b10902051" declared "call:108.50000000000009"
Street "turn" started. (community card = ['C4', 'ST', 'C2', 'H3'])
name: b10902051, hole_card: ['H6', 'S8']
name: b11902009, hole_card: ['HQ', 'H2']
win_rate 0.257
put_in: 153.50000000000009
"b11902009" declared "raise:64.34300000000005"
name: b10902051, hole_card: ['H6', 'S8']
name: b11902009, hole_card: ['HQ', 'H2']
win_rate 0.204
put_in: 217.84300000000013
"b10902051" declared "call:64.34300000000005"
Street "river" started. (community card = ['C4', 'ST', 'C2', 'H3', 'HK'])
name: b10902051, hole_card: ['H6', 'S8']
name: b11902009, hole_card: ['HQ', 'H2']
win_rate 0.204
put_in: 217.84300000000013
"b11902009" declared "call:0"
name: b10902051, hole_card: ['H6', 'S8']
name: b11902009, hole_card: ['HQ', 'H2']
win_rate 0.054
put_in: 217.84300000000013
"b10902051" declared "fold:0"
"['b11902009']" won the round 9 (stack = {'b10902051': 740.5749240969362, 'b11902009': 1257.1569999999997})
community cards of this round: ['S7', 'HT', 'DK', 'D7', 'HA']
name: b10902051, hole_card: ['HQ', 'C2']
name: b11902009, hole_card: ['SA', 'S4']
Started the round 10
Street "preflop" started. (community card = [])
name: b10902051, hole_card: ['HQ', 'C2']
name: b11902009, hole_card: ['SA', 'S4']
win_rate 0.451
put_in: 10.0
"b10902051" declared "call:10"
name: b10902051, hole_card: ['HQ', 'C2']
name: b11902009, hole_card: ['SA', 'S4']
win_rate 0.451
put_in: 10.0
"b11902009" declared "fold:0"
"['b10902051']" won the round 10 (stack = {'b10902051': 750.5749240969362, 'b11902009': 1247.1569999999997})
community cards of this round: ['D4', 'C3', 'S8', 'CJ', 'D9']
name: b10902051, hole_card: ['HQ', 'H9']
name: b11902009, hole_card: ['C8', 'D7']
Started the round 11
Street "preflop" started. (community card = [])
name: b10902051, hole_card: ['HQ', 'H9']
name: b11902009, hole_card: ['C8', 'D7']
win_rate 0.451
put_in: 0.0
"b11902009" declared "fold:0"
"['b10902051']" won the round 11 (stack = {'b10902051': 755.5749240969362, 'b11902009': 1242.1569999999997})
community cards of this round: ['H6', 'D4', 'S5', 'C6', 'CK']
name: b10902051, hole_card: ['S3', 'SQ']
name: b11902009, hole_card: ['D2', 'C9']
Started the round 12
Street "preflop" started. (community card = [])
name: b10902051, hole_card: ['S3', 'SQ']
name: b11902009, hole_card: ['D2', 'C9']
win_rate 0.508
put_in: 10.0
"b10902051" declared "call:10"
name: b10902051, hole_card: ['S3', 'SQ']
name: b11902009, hole_card: ['D2', 'C9']
win_rate 0.508
put_in: 10.0
"b11902009" declared "fold:0"
"['b10902051']" won the round 12 (stack = {'b10902051': 765.5749240969362, 'b11902009': 1232.1569999999997})
community cards of this round: ['DK', 'DQ', 'CA', 'HT', 'D5']
name: b10902051, hole_card: ['H2', 'SK']
name: b11902009, hole_card: ['H3', 'SJ']
Started the round 13
Street "preflop" started. (community card = [])
name: b10902051, hole_card: ['H2', 'SK']
name: b11902009, hole_card: ['H3', 'SJ']
win_rate 0.508
put_in: 0.0
"b11902009" declared "fold:0"
"['b10902051']" won the round 13 (stack = {'b10902051': 770.5749240969362, 'b11902009': 1227.1569999999997})
community cards of this round: ['HT', 'H7', 'DQ', 'HA', 'D7']
name: b10902051, hole_card: ['C5', 'S7']
name: b11902009, hole_card: ['SK', 'CT']
Started the round 14
Street "preflop" started. (community card = [])
name: b10902051, hole_card: ['C5', 'S7']
name: b11902009, hole_card: ['SK', 'CT']
win_rate 0.391
put_in: 32.269452878118194
"b10902051" declared "raise:32.269452878118194"
name: b10902051, hole_card: ['C5', 'S7']
name: b11902009, hole_card: ['SK', 'CT']
win_rate 0.391
put_in: 32.269452878118194
"b11902009" declared "fold:0"
"['b10902051']" won the round 14 (stack = {'b10902051': 780.3054712188181, 'b11902009': 1217.1569999999997})
community cards of this round: ['S4', 'D6', 'HQ', 'CK', 'CA']
name: b10902051, hole_card: ['DT', 'C2']
name: b11902009, hole_card: ['HT', 'C6']
Started the round 15
Street "preflop" started. (community card = [])
name: b10902051, hole_card: ['DT', 'C2']
name: b11902009, hole_card: ['HT', 'C6']
win_rate 0.391
put_in: 0.0
"b11902009" declared "fold:0"
"['b10902051']" won the round 15 (stack = {'b10902051': 785.3054712188181, 'b11902009': 1212.1569999999997})
community cards of this round: ['HK', 'C5', 'HJ', 'D3', 'C2']
name: b10902051, hole_card: ['DA', 'D5']
name: b11902009, hole_card: ['H7', 'CK']
Started the round 16
Street "preflop" started. (community card = [])
name: b10902051, hole_card: ['DA', 'D5']
name: b11902009, hole_card: ['H7', 'CK']
win_rate 0.6
put_in: 10.0
"b10902051" declared "call:10"
name: b10902051, hole_card: ['DA', 'D5']
name: b11902009, hole_card: ['H7', 'CK']
win_rate 0.6
put_in: 10.0
"b11902009" declared "fold:0"
"['b10902051']" won the round 16 (stack = {'b10902051': 795.3054712188181, 'b11902009': 1202.1569999999997})
community cards of this round: ['CT', 'SQ', 'H5', 'H8', 'S5']
name: b10902051, hole_card: ['HT', 'DA']
name: b11902009, hole_card: ['D4', 'CK']
Started the round 17
Street "preflop" started. (community card = [])
name: b10902051, hole_card: ['HT', 'DA']
name: b11902009, hole_card: ['D4', 'CK']
win_rate 0.6
put_in: 0.0
"b11902009" declared "fold:0"
"['b10902051']" won the round 17 (stack = {'b10902051': 800.3054712188181, 'b11902009': 1197.1569999999997})
community cards of this round: ['ST', 'CQ', 'S7', 'D3', 'D6']
name: b10902051, hole_card: ['H9', 'S5']
name: b11902009, hole_card: ['D5', 'DK']
Started the round 18
Street "preflop" started. (community card = [])
name: b10902051, hole_card: ['H9', 'S5']
name: b11902009, hole_card: ['D5', 'DK']
win_rate 0.451
put_in: 10.0
"b10902051" declared "call:10"
name: b10902051, hole_card: ['H9', 'S5']
name: b11902009, hole_card: ['D5', 'DK']
win_rate 0.451
put_in: 10.0
"b11902009" declared "fold:0"
"['b10902051']" won the round 18 (stack = {'b10902051': 810.3054712188181, 'b11902009': 1187.1569999999997})
community cards of this round: ['D6', 'CJ', 'D5', 'D7', 'CA']
name: b10902051, hole_card: ['CT', 'DT']
name: b11902009, hole_card: ['HJ', 'D2']
Started the round 19
Street "preflop" started. (community card = [])
name: b10902051, hole_card: ['CT', 'DT']
name: b11902009, hole_card: ['HJ', 'D2']
win_rate 0.451
put_in: 0.0
"b11902009" declared "fold:0"
"['b10902051']" won the round 19 (stack = {'b10902051': 815.3054712188181, 'b11902009': 1182.1569999999997})
community cards of this round: ['H9', 'D4', 'HQ', 'HK', 'S6']
name: b10902051, hole_card: ['S9', 'S4']
name: b11902009, hole_card: ['C5', 'SA']
Started the round 20
Street "preflop" started. (community card = [])
name: b10902051, hole_card: ['S9', 'S4']
name: b11902009, hole_card: ['C5', 'SA']
win_rate 0.443
put_in: 10.0
"b10902051" declared "call:10"
name: b10902051, hole_card: ['S9', 'S4']
name: b11902009, hole_card: ['C5', 'SA']
win_rate 0.443
put_in: 10.0
"b11902009" declared "fold:0"
"['b10902051']" won the round 20 (stack = {'b10902051': 825.3054712188181, 'b11902009': 1172.1569999999997})
b10902051 vs b11902009 - Game 4: {'rule': {'initial_stack': 1000, 'max_round': 20, 'small_blind_amount': 5, 'ante': 0, 'blind_structure': {}}, 'players': [{'name': 'b10902051', 'uuid': 'tmisrsrvqdruxsngwggcuz', 'stack': 825.3054712188181, 'state': 'participating'}, {'name': 'b11902009', 'uuid': 'iidswuqethwrbpbfmkcejz', 'stack': 1172.1569999999997, 'state': 'participating'}]}
community cards of this round: ['DK', 'H7', 'S8', 'C9', 'CQ']
name: b11902009, hole_card: ['H3', 'DQ']
name: b10902051, hole_card: ['S9', 'C7']
Started the round 1
Street "preflop" started. (community card = [])
name: b11902009, hole_card: ['H3', 'DQ']
name: b10902051, hole_card: ['S9', 'C7']
win_rate 0.486
put_in: 21.77777777777778
"b10902051" declared "raise:21.77777777777778"
name: b11902009, hole_card: ['H3', 'DQ']
name: b10902051, hole_card: ['S9', 'C7']
win_rate 0.486
put_in: 21.77777777777778
"b11902009" declared "fold:0"
"['b10902051']" won the round 1 (stack = {'b11902009': 990, 'b10902051': 1009.2222222222222})
community cards of this round: ['S2', 'D8', 'C3', 'S6', 'H8']
name: b11902009, hole_card: ['H9', 'CT']
name: b10902051, hole_card: ['S9', 'C5']
Started the round 2
Street "preflop" started. (community card = [])
name: b11902009, hole_card: ['H9', 'CT']
name: b10902051, hole_card: ['S9', 'C5']
win_rate 0.486
put_in: 0.0
"b11902009" declared "raise:45"
name: b11902009, hole_card: ['H9', 'CT']
name: b10902051, hole_card: ['S9', 'C5']
win_rate 0.449
put_in: 80.0
"b10902051" declared "raise:80"
name: b11902009, hole_card: ['H9', 'CT']
name: b10902051, hole_card: ['S9', 'C5']
win_rate 0.449
put_in: 80.0
"b11902009" declared "call:80"
Street "flop" started. (community card = ['S2', 'D8', 'C3'])
name: b11902009, hole_card: ['H9', 'CT']
name: b10902051, hole_card: ['S9', 'C5']
win_rate 0.449
put_in: 80.0
"b11902009" declared "call:0"
name: b11902009, hole_card: ['H9', 'CT']
name: b10902051, hole_card: ['S9', 'C5']
win_rate 0.262
put_in: 80.0
"b10902051" declared "call:0"
Street "turn" started. (community card = ['S2', 'D8', 'C3', 'S6'])
name: b11902009, hole_card: ['H9', 'CT']
name: b10902051, hole_card: ['S9', 'C5']
win_rate 0.262
put_in: 80.0
"b11902009" declared "fold:0"
"['b10902051']" won the round 2 (stack = {'b11902009': 910, 'b10902051': 1089.2222222222222})
community cards of this round: ['D7', 'C6', 'DJ', 'CQ', 'H9']
name: b11902009, hole_card: ['D5', 'HA']
name: b10902051, hole_card: ['HQ', 'C7']
Started the round 3
Street "preflop" started. (community card = [])
name: b11902009, hole_card: ['D5', 'HA']
name: b10902051, hole_card: ['HQ', 'C7']
win_rate 0.522
put_in: 15.0
"b10902051" declared "raise:15"
name: b11902009, hole_card: ['D5', 'HA']
name: b10902051, hole_card: ['HQ', 'C7']
win_rate 0.522
put_in: 15.0
"b11902009" declared "raise:60"
name: b11902009, hole_card: ['D5', 'HA']
name: b10902051, hole_card: ['HQ', 'C7']
win_rate 0.527
put_in: 120.0
"b10902051" declared "raise:105"
name: b11902009, hole_card: ['D5', 'HA']
name: b10902051, hole_card: ['HQ', 'C7']
win_rate 0.527
put_in: 120.0
"b11902009" declared "raise:910"
name: b11902009, hole_card: ['D5', 'HA']
name: b10902051, hole_card: ['HQ', 'C7']
win_rate 0.538
put_in: 120.0
"b10902051" declared "fold:0"
"['b11902009']" won the round 3 (stack = {'b11902009': 1015, 'b10902051': 984.2222222222222})
community cards of this round: ['D9', 'S5', 'H3', 'SK', 'CQ']
name: b11902009, hole_card: ['HJ', 'CA']
name: b10902051, hole_card: ['ST', 'SJ']
Started the round 4
Street "preflop" started. (community card = [])
name: b11902009, hole_card: ['HJ', 'CA']
name: b10902051, hole_card: ['ST', 'SJ']
win_rate 0.538
put_in: 0.0
"b11902009" declared "raise:30"
name: b11902009, hole_card: ['HJ', 'CA']
name: b10902051, hole_card: ['ST', 'SJ']
win_rate 0.586
put_in: 50.0
"b10902051" declared "raise:50"
name: b11902009, hole_card: ['HJ', 'CA']
name: b10902051, hole_card: ['ST', 'SJ']
win_rate 0.586
put_in: 50.0
"b11902009" declared "call:50"
Street "flop" started. (community card = ['D9', 'S5', 'H3'])
name: b11902009, hole_card: ['HJ', 'CA']
name: b10902051, hole_card: ['ST', 'SJ']
win_rate 0.586
put_in: 50.0
"b11902009" declared "call:0"
name: b11902009, hole_card: ['HJ', 'CA']
name: b10902051, hole_card: ['ST', 'SJ']
win_rate 0.397
put_in: 50.0
"b10902051" declared "call:0"
Street "turn" started. (community card = ['D9', 'S5', 'H3', 'SK'])
name: b11902009, hole_card: ['HJ', 'CA']
name: b10902051, hole_card: ['ST', 'SJ']
win_rate 0.397
put_in: 50.0
"b11902009" declared "call:0"
name: b11902009, hole_card: ['HJ', 'CA']
name: b10902051, hole_card: ['ST', 'SJ']
win_rate 0.478
put_in: 50.0
"b10902051" declared "call:0"
Street "river" started. (community card = ['D9', 'S5', 'H3', 'SK', 'CQ'])
name: b11902009, hole_card: ['HJ', 'CA']
name: b10902051, hole_card: ['ST', 'SJ']
win_rate 0.478
put_in: 50.0
"b11902009" declared "call:0"
name: b11902009, hole_card: ['HJ', 'CA']
name: b10902051, hole_card: ['ST', 'SJ']
win_rate 1.0
put_in: 82.25925925925927
"b10902051" declared "raise:32.259259259259274"
name: b11902009, hole_card: ['HJ', 'CA']
name: b10902051, hole_card: ['ST', 'SJ']
win_rate 1.0
put_in: 82.25925925925927
"b11902009" declared "call:32.259259259259274"
"['b10902051']" won the round 4 (stack = {'b11902009': 932.7407407407408, 'b10902051': 1065.962962962963})
community cards of this round: ['SK', 'D5', 'HK', 'H7', 'S6']
name: b11902009, hole_card: ['S2', 'DA']
name: b10902051, hole_card: ['CT', 'H4']
Started the round 5
Street "preflop" started. (community card = [])
name: b11902009, hole_card: ['S2', 'DA']
name: b10902051, hole_card: ['CT', 'H4']
win_rate 0.413
put_in: 15.0
"b10902051" declared "raise:15"
name: b11902009, hole_card: ['S2', 'DA']
name: b10902051, hole_card: ['CT', 'H4']
win_rate 0.413
put_in: 15.0
"b11902009" declared "raise:60"
name: b11902009, hole_card: ['S2', 'DA']
name: b10902051, hole_card: ['CT', 'H4']
win_rate 0.426
put_in: 120.0
"b10902051" declared "raise:105"
name: b11902009, hole_card: ['S2', 'DA']
name: b10902051, hole_card: ['CT', 'H4']
win_rate 0.426
put_in: 120.0
"b11902009" declared "raise:932.7407407407408"
name: b11902009, hole_card: ['S2', 'DA']
name: b10902051, hole_card: ['CT', 'H4']
win_rate 0.433
put_in: 120.0
"b10902051" declared "fold:0"
"['b11902009']" won the round 5 (stack = {'b11902009': 1037.0, 'b10902051': 960.962962962963})
community cards of this round: ['CA', 'S2', 'HQ', 'H7', 'D9']
name: b11902009, hole_card: ['HA', 'D4']
name: b10902051, hole_card: ['C9', 'D6']
Started the round 6
Street "preflop" started. (community card = [])
name: b11902009, hole_card: ['HA', 'D4']
name: b10902051, hole_card: ['C9', 'D6']
win_rate 0.433
put_in: 0.0
"b11902009" declared "raise:45"
name: b11902009, hole_card: ['HA', 'D4']
name: b10902051, hole_card: ['C9', 'D6']
win_rate 0.449
put_in: 80.0
"b10902051" declared "raise:80"
name: b11902009, hole_card: ['HA', 'D4']
name: b10902051, hole_card: ['C9', 'D6']
win_rate 0.449
put_in: 80.0
"b11902009" declared "raise:1037.0"
name: b11902009, hole_card: ['HA', 'D4']
name: b10902051, hole_card: ['C9', 'D6']
win_rate 0.463
put_in: 80.0
"b10902051" declared "fold:0"
"['b11902009']" won the round 6 (stack = {'b11902009': 1117.0, 'b10902051': 880.962962962963})
community cards of this round: ['HA', 'SK', 'SA', 'S7', 'DQ']
name: b11902009, hole_card: ['C7', 'C3']
name: b10902051, hole_card: ['SJ', 'H9']
Started the round 7
Street "preflop" started. (community card = [])
name: b11902009, hole_card: ['C7', 'C3']
name: b10902051, hole_card: ['SJ', 'H9']
win_rate 0.545
put_in: 27.78189300411522
"b10902051" declared "raise:27.78189300411522"
name: b11902009, hole_card: ['C7', 'C3']
name: b10902051, hole_card: ['SJ', 'H9']
win_rate 0.545
put_in: 27.78189300411522
"b11902009" declared "fold:0"
"['b10902051']" won the round 7 (stack = {'b11902009': 1107.0, 'b10902051': 890.1810699588478})
community cards of this round: ['S2', 'D5', 'DK', 'DJ', 'S3']
name: b11902009, hole_card: ['ST', 'C7']
name: b10902051, hole_card: ['DA', 'SK']
Started the round 8
Street "preflop" started. (community card = [])
name: b11902009, hole_card: ['ST', 'C7']
name: b10902051, hole_card: ['DA', 'SK']
win_rate 0.545
put_in: 0.0
"b11902009" declared "fold:0"
"['b10902051']" won the round 8 (stack = {'b11902009': 1102.0, 'b10902051': 895.1810699588478})
community cards of this round: ['CJ', 'SQ', 'H9', 'S8', 'H8']
name: b11902009, hole_card: ['CA', 'S4']
name: b10902051, hole_card: ['SK', 'S6']
Started the round 9
Street "preflop" started. (community card = [])
name: b11902009, hole_card: ['CA', 'S4']
name: b10902051, hole_card: ['SK', 'S6']
win_rate 0.612
put_in: 10.0
"b10902051" declared "call:10"
name: b11902009, hole_card: ['CA', 'S4']
name: b10902051, hole_card: ['SK', 'S6']
win_rate 0.612
put_in: 10.0
"b11902009" declared "fold:0"
"['b10902051']" won the round 9 (stack = {'b11902009': 1092.0, 'b10902051': 905.1810699588478})
community cards of this round: ['S8', 'S4', 'CK', 'H2', 'H6']
name: b11902009, hole_card: ['DT', 'S6']
name: b10902051, hole_card: ['C9', 'DQ']
Started the round 10
Street "preflop" started. (community card = [])
name: b11902009, hole_card: ['DT', 'S6']
name: b10902051, hole_card: ['C9', 'DQ']
win_rate 0.612
put_in: 0.0
"b11902009" declared "fold:0"
"['b10902051']" won the round 10 (stack = {'b11902009': 1087.0, 'b10902051': 910.1810699588478})
community cards of this round: ['DA', 'C3', 'S4', 'S3', 'H4']
name: b11902009, hole_card: ['C7', 'C4']
name: b10902051, hole_card: ['SA', 'D2']
Started the round 11
Street "preflop" started. (community card = [])
name: b11902009, hole_card: ['C7', 'C4']
name: b10902051, hole_card: ['SA', 'D2']
win_rate 0.575
put_in: 10.0
"b10902051" declared "call:10"
name: b11902009, hole_card: ['C7', 'C4']
name: b10902051, hole_card: ['SA', 'D2']
win_rate 0.575
put_in: 10.0
"b11902009" declared "fold:0"
"['b10902051']" won the round 11 (stack = {'b11902009': 1077.0, 'b10902051': 920.1810699588478})
community cards of this round: ['HT', 'HJ', 'CQ', 'S6', 'ST']
name: b11902009, hole_card: ['S4', 'DK']
name: b10902051, hole_card: ['DJ', 'H8']
Started the round 12
Street "preflop" started. (community card = [])
name: b11902009, hole_card: ['S4', 'DK']
name: b10902051, hole_card: ['DJ', 'H8']
win_rate 0.575
put_in: 0.0
"b11902009" declared "fold:0"
"['b10902051']" won the round 12 (stack = {'b11902009': 1072.0, 'b10902051': 925.1810699588478})
community cards of this round: ['CT', 'H4', 'S8', 'S7', 'C2']
name: b11902009, hole_card: ['C8', 'HK']
name: b10902051, hole_card: ['DQ', 'SK']
Started the round 13
Street "preflop" started. (community card = [])
name: b11902009, hole_card: ['C8', 'HK']
name: b10902051, hole_card: ['DQ', 'SK']
win_rate 0.635
put_in: 10.0
"b10902051" declared "call:10"
name: b11902009, hole_card: ['C8', 'HK']
name: b10902051, hole_card: ['DQ', 'SK']
win_rate 0.635
put_in: 10.0
"b11902009" declared "fold:0"
"['b10902051']" won the round 13 (stack = {'b11902009': 1062.0, 'b10902051': 935.1810699588478})
community cards of this round: ['H9', 'C8', 'H3', 'S3', 'D5']
name: b11902009, hole_card: ['CA', 'DQ']
name: b10902051, hole_card: ['HK', 'C4']
Started the round 14
Street "preflop" started. (community card = [])
name: b11902009, hole_card: ['CA', 'DQ']
name: b10902051, hole_card: ['HK', 'C4']
win_rate 0.635
put_in: 0.0
"b11902009" declared "fold:0"
"['b10902051']" won the round 14 (stack = {'b11902009': 1057.0, 'b10902051': 940.1810699588478})
community cards of this round: ['SK', 'D3', 'S3', 'H7', 'S4']
name: b11902009, hole_card: ['C8', 'D8']
name: b10902051, hole_card: ['S2', 'HA']
Started the round 15
Street "preflop" started. (community card = [])
name: b11902009, hole_card: ['C8', 'D8']
name: b10902051, hole_card: ['S2', 'HA']
win_rate 0.532
put_in: 10.0
"b10902051" declared "call:10"
name: b11902009, hole_card: ['C8', 'D8']
name: b10902051, hole_card: ['S2', 'HA']
win_rate 0.532
put_in: 10.0
"b11902009" declared "fold:0"
"['b10902051']" won the round 15 (stack = {'b11902009': 1047.0, 'b10902051': 950.1810699588478})
community cards of this round: ['C5', 'D6', 'C3', 'CT', 'SJ']
name: b11902009, hole_card: ['SQ', 'D5']
name: b10902051, hole_card: ['C8', 'D4']
Started the round 16
Street "preflop" started. (community card = [])
name: b11902009, hole_card: ['SQ', 'D5']
name: b10902051, hole_card: ['C8', 'D4']
win_rate 0.532
put_in: 0.0
"b11902009" declared "fold:0"
"['b10902051']" won the round 16 (stack = {'b11902009': 1042.0, 'b10902051': 955.1810699588478})
community cards of this round: ['S5', 'HQ', 'D4', 'DJ', 'C2']
name: b11902009, hole_card: ['C8', 'C5']
name: b10902051, hole_card: ['DQ', 'D6']
Started the round 17
Street "preflop" started. (community card = [])
name: b11902009, hole_card: ['C8', 'C5']
name: b10902051, hole_card: ['DQ', 'D6']
win_rate 0.518
put_in: 10.0
"b10902051" declared "call:10"
name: b11902009, hole_card: ['C8', 'C5']
name: b10902051, hole_card: ['DQ', 'D6']
win_rate 0.518
put_in: 10.0
"b11902009" declared "fold:0"
"['b10902051']" won the round 17 (stack = {'b11902009': 1032.0, 'b10902051': 965.1810699588478})
community cards of this round: ['H3', 'DK', 'C3', 'DQ', 'SA']
name: b11902009, hole_card: ['ST', 'C2']
name: b10902051, hole_card: ['C9', 'S5']
Started the round 18
Street "preflop" started. (community card = [])
name: b11902009, hole_card: ['ST', 'C2']
name: b10902051, hole_card: ['C9', 'S5']
win_rate 0.518
put_in: 0.0
"b11902009" declared "fold:0"
"['b10902051']" won the round 18 (stack = {'b11902009': 1027.0, 'b10902051': 970.1810699588478})
community cards of this round: ['C5', 'D6', 'SK', 'D5', 'C7']
name: b11902009, hole_card: ['H9', 'S7']
name: b10902051, hole_card: ['H3', 'C4']
Started the round 19
Street "preflop" started. (community card = [])
name: b11902009, hole_card: ['H9', 'S7']
name: b10902051, hole_card: ['H3', 'C4']
win_rate 0.332
put_in: 15.0
"b10902051" declared "raise:15"
name: b11902009, hole_card: ['H9', 'S7']
name: b10902051, hole_card: ['H3', 'C4']
win_rate 0.332
put_in: 15.0
"b11902009" declared "fold:0"
"['b10902051']" won the round 19 (stack = {'b11902009': 1017.0, 'b10902051': 980.1810699588478})
community cards of this round: ['SQ', 'CT', 'H8', 'D9', 'H7']
name: b11902009, hole_card: ['H5', 'H4']
name: b10902051, hole_card: ['CK', 'DA']
Started the round 20
Street "preflop" started. (community card = [])
name: b11902009, hole_card: ['H5', 'H4']
name: b10902051, hole_card: ['CK', 'DA']
win_rate 0.332
put_in: 0.0
"b11902009" declared "fold:0"
"['b10902051']" won the round 20 (stack = {'b11902009': 1012.0, 'b10902051': 985.1810699588478})
b10902051 vs b11902009 - Game 5: {'rule': {'initial_stack': 1000, 'max_round': 20, 'small_blind_amount': 5, 'ante': 0, 'blind_structure': {}}, 'players': [{'name': 'b11902009', 'uuid': 'mesvfapglhqfwrjgtfmowk', 'stack': 1012.0, 'state': 'participating'}, {'name': 'b10902051', 'uuid': 'mcuoidtsxsqdwfcjuraepk', 'stack': 985.1810699588478, 'state': 'participating'}]}
Final Result: b10902051 won 2 games (stack: 4774.683309962913), b11902009 won 3 games (stack: 5213.156999999999), num ties: 0
