community cards of this round: ['HT', 'HK', 'C8', 'C5', 'CJ']
name: b10902127, hole_card: ['SJ', 'CA']
name: b10902009, hole_card: ['S3', 'SA']
Started the round 1
Street "preflop" started. (community card = [])
winning gap =  150
False
0.5663636363636364 0.007727272727272728
Elapsed time: 0.6042299270629883 seconds
name: b10902127, hole_card: ['SJ', 'CA']
name: b10902009, hole_card: ['S3', 'SA']
"b10902009" declared "call:10"
name: b10902127, hole_card: ['SJ', 'CA']
name: b10902009, hole_card: ['S3', 'SA']
"b10902127" declared "raise:70"
winning gap =  150
False
0.5845454545454546 0.007727272727272728
Elapsed time: 0.566547155380249 seconds
name: b10902127, hole_card: ['SJ', 'CA']
name: b10902009, hole_card: ['S3', 'SA']
"b10902009" declared "call:70"
Street "flop" started. (community card = ['HT', 'HK', 'C8'])
winning gap =  150
False
0.405 0.005909090909090909
Elapsed time: 0.5952882766723633 seconds
name: b10902127, hole_card: ['SJ', 'CA']
name: b10902009, hole_card: ['S3', 'SA']
"b10902009" declared "call:0"
name: b10902127, hole_card: ['SJ', 'CA']
name: b10902009, hole_card: ['S3', 'SA']
"b10902127" declared "call:0"
Street "turn" started. (community card = ['HT', 'HK', 'C8', 'C5'])
winning gap =  150
False
0.3690909090909091 0.009545454545454546
Elapsed time: 0.6659500598907471 seconds
name: b10902127, hole_card: ['SJ', 'CA']
name: b10902009, hole_card: ['S3', 'SA']
"b10902009" declared "call:0"
name: b10902127, hole_card: ['SJ', 'CA']
name: b10902009, hole_card: ['S3', 'SA']
"b10902127" declared "call:0"
Street "river" started. (community card = ['HT', 'HK', 'C8', 'C5', 'CJ'])
winning gap =  150
False
0.2740909090909091 0.006818181818181818
Elapsed time: 0.661383867263794 seconds
name: b10902127, hole_card: ['SJ', 'CA']
name: b10902009, hole_card: ['S3', 'SA']
"b10902009" declared "call:0"
name: b10902127, hole_card: ['SJ', 'CA']
name: b10902009, hole_card: ['S3', 'SA']
"b10902127" declared "raise:20"
winning gap =  150
False
0.2918181818181818 0.009545454545454546
Elapsed time: 0.5792245864868164 seconds
name: b10902127, hole_card: ['SJ', 'CA']
name: b10902009, hole_card: ['S3', 'SA']
"b10902009" declared "fold:0"
"['b10902127']" won the round 1 (stack = {'b10902127': 1070, 'b10902009': 930})
winner goes to b10902127
--------------------------------------
community cards of this round: ['CJ', 'HA', 'H2', 'HK', 'H6']
name: b10902127, hole_card: ['SK', 'SA']
name: b10902009, hole_card: ['HQ', 'S6']
Started the round 2
Street "preflop" started. (community card = [])
name: b10902127, hole_card: ['SK', 'SA']
name: b10902009, hole_card: ['HQ', 'S6']
"b10902127" declared "raise:20"
winning gap =  145
False
0.5272727272727272 0.005909090909090909
Elapsed time: 0.9010591506958008 seconds
name: b10902127, hole_card: ['SK', 'SA']
name: b10902009, hole_card: ['HQ', 'S6']
"b10902009" declared "call:20"
Street "flop" started. (community card = ['CJ', 'HA', 'H2'])
name: b10902127, hole_card: ['SK', 'SA']
name: b10902009, hole_card: ['HQ', 'S6']
"b10902127" declared "raise:40"
winning gap =  145
False
0.4304545454545455 0.01
Elapsed time: 0.5780656337738037 seconds
name: b10902127, hole_card: ['SK', 'SA']
name: b10902009, hole_card: ['HQ', 'S6']
"b10902009" declared "fold:0"
"['b10902127']" won the round 2 (stack = {'b10902127': 1090, 'b10902009': 910})
winner goes to b10902127
--------------------------------------
community cards of this round: ['S3', 'S8', 'H8', 'DQ', 'D4']
name: b10902127, hole_card: ['SK', 'C5']
name: b10902009, hole_card: ['D7', 'H3']
Started the round 3
Street "preflop" started. (community card = [])
winning gap =  135
False
0.3668181818181818 0.008181818181818182
Elapsed time: 0.6194531917572021 seconds
name: b10902127, hole_card: ['SK', 'C5']
name: b10902009, hole_card: ['D7', 'H3']
"b10902009" declared "call:10"
name: b10902127, hole_card: ['SK', 'C5']
name: b10902009, hole_card: ['D7', 'H3']
"b10902127" declared "call:10"
Street "flop" started. (community card = ['S3', 'S8', 'H8'])
winning gap =  135
False
0.5868181818181818 0.0027272727272727275
Elapsed time: 0.6113862991333008 seconds
name: b10902127, hole_card: ['SK', 'C5']
name: b10902009, hole_card: ['D7', 'H3']
"b10902009" declared "call:0"
name: b10902127, hole_card: ['SK', 'C5']
name: b10902009, hole_card: ['D7', 'H3']
"b10902127" declared "call:0"
Street "turn" started. (community card = ['S3', 'S8', 'H8', 'DQ'])
winning gap =  135
False
0.5731818181818182 0.006363636363636364
Elapsed time: 0.6503934860229492 seconds
name: b10902127, hole_card: ['SK', 'C5']
name: b10902009, hole_card: ['D7', 'H3']
"b10902009" declared "call:0"
name: b10902127, hole_card: ['SK', 'C5']
name: b10902009, hole_card: ['D7', 'H3']
"b10902127" declared "call:0"
Street "river" started. (community card = ['S3', 'S8', 'H8', 'DQ', 'D4'])
winning gap =  135
False
0.5572727272727273 0.005909090909090909
Elapsed time: 0.7002296447753906 seconds
name: b10902127, hole_card: ['SK', 'C5']
name: b10902009, hole_card: ['D7', 'H3']
"b10902009" declared "call:0"
name: b10902127, hole_card: ['SK', 'C5']
name: b10902009, hole_card: ['D7', 'H3']
"b10902127" declared "call:0"
"['b10902009']" won the round 3 (stack = {'b10902127': 1080, 'b10902009': 920})
uuid:  ejjckhhxcliebilikkzije , strength is:  ONEPAIR
uuid:  cnwivifcwdvmqemavfpajz , strength is:  TWOPAIR
winner goes to b10902009
--------------------------------------
community cards of this round: ['S6', 'HJ', 'H6', 'H8', 'D3']
name: b10902127, hole_card: ['C8', 'HK']
name: b10902009, hole_card: ['DJ', 'C7']
Started the round 4
Street "preflop" started. (community card = [])
name: b10902127, hole_card: ['C8', 'HK']
name: b10902009, hole_card: ['DJ', 'C7']
"b10902127" declared "call:10"
winning gap =  130
False
0.4990909090909091 0.01
Elapsed time: 0.5608415603637695 seconds
name: b10902127, hole_card: ['C8', 'HK']
name: b10902009, hole_card: ['DJ', 'C7']
"b10902009" declared "call:10"
Street "flop" started. (community card = ['S6', 'HJ', 'H6'])
name: b10902127, hole_card: ['C8', 'HK']
name: b10902009, hole_card: ['DJ', 'C7']
"b10902127" declared "call:0"
winning gap =  130
False
0.764090909090909 0.004090909090909091
Elapsed time: 0.48414087295532227 seconds
name: b10902127, hole_card: ['C8', 'HK']
name: b10902009, hole_card: ['DJ', 'C7']
"b10902009" declared "raise:40"
name: b10902127, hole_card: ['C8', 'HK']
name: b10902009, hole_card: ['DJ', 'C7']
"b10902127" declared "call:40"
Street "turn" started. (community card = ['S6', 'HJ', 'H6', 'H8'])
name: b10902127, hole_card: ['C8', 'HK']
name: b10902009, hole_card: ['DJ', 'C7']
"b10902127" declared "call:0"
winning gap =  130
True
0.7136363636363636 0.005909090909090909
Elapsed time: 0.5177516937255859 seconds
name: b10902127, hole_card: ['C8', 'HK']
name: b10902009, hole_card: ['DJ', 'C7']
"b10902009" declared "raise:150"
name: b10902127, hole_card: ['C8', 'HK']
name: b10902009, hole_card: ['DJ', 'C7']
"b10902127" declared "fold:0"
"['b10902009']" won the round 4 (stack = {'b10902127': 1030, 'b10902009': 970})
winner goes to b10902009
--------------------------------------
community cards of this round: ['C5', 'DK', 'C9', 'S6', 'CK']
name: b10902127, hole_card: ['D7', 'H2']
name: b10902009, hole_card: ['H9', 'C6']
Started the round 5
Street "preflop" started. (community card = [])
winning gap =  120
False
0.4495454545454545 0.008181818181818182
Elapsed time: 0.7278146743774414 seconds
name: b10902127, hole_card: ['D7', 'H2']
name: b10902009, hole_card: ['H9', 'C6']
"b10902009" declared "call:10"
name: b10902127, hole_card: ['D7', 'H2']
name: b10902009, hole_card: ['H9', 'C6']
"b10902127" declared "fold:0"
"['b10902009']" won the round 5 (stack = {'b10902127': 1020, 'b10902009': 980})
winner goes to b10902009
--------------------------------------
community cards of this round: ['C6', 'H3', 'DK', 'HQ', 'S3']
name: b10902127, hole_card: ['HT', 'S9']
name: b10902009, hole_card: ['C7', 'S7']
Started the round 6
Street "preflop" started. (community card = [])
name: b10902127, hole_card: ['HT', 'S9']
name: b10902009, hole_card: ['C7', 'S7']
"b10902127" declared "call:10"
winning gap =  115
False
0.6704545454545454 0.0
Elapsed time: 0.6666910648345947 seconds
name: b10902127, hole_card: ['HT', 'S9']
name: b10902009, hole_card: ['C7', 'S7']
"b10902009" declared "raise:30"
name: b10902127, hole_card: ['HT', 'S9']
name: b10902009, hole_card: ['C7', 'S7']
"b10902127" declared "call:30"
Street "flop" started. (community card = ['C6', 'H3', 'DK'])
name: b10902127, hole_card: ['HT', 'S9']
name: b10902009, hole_card: ['C7', 'S7']
"b10902127" declared "call:0"
winning gap =  115
False
0.675 0.0018181818181818182
Elapsed time: 0.5934581756591797 seconds
name: b10902127, hole_card: ['HT', 'S9']
name: b10902009, hole_card: ['C7', 'S7']
"b10902009" declared "raise:25"
name: b10902127, hole_card: ['HT', 'S9']
name: b10902009, hole_card: ['C7', 'S7']
"b10902127" declared "fold:0"
"['b10902009']" won the round 6 (stack = {'b10902127': 990, 'b10902009': 1010})
winner goes to b10902009
--------------------------------------
community cards of this round: ['H7', 'SJ', 'HQ', 'D7', 'S5']
name: b10902127, hole_card: ['C8', 'S9']
name: b10902009, hole_card: ['S4', 'SA']
Started the round 7
Street "preflop" started. (community card = [])
winning gap =  105
False
0.5559090909090909 0.006363636363636364
Elapsed time: 0.6071650981903076 seconds
name: b10902127, hole_card: ['C8', 'S9']
name: b10902009, hole_card: ['S4', 'SA']
"b10902009" declared "call:10"
name: b10902127, hole_card: ['C8', 'S9']
name: b10902009, hole_card: ['S4', 'SA']
"b10902127" declared "call:10"
Street "flop" started. (community card = ['H7', 'SJ', 'HQ'])
winning gap =  105
False
0.4495454545454545 0.006363636363636364
Elapsed time: 0.7867498397827148 seconds
name: b10902127, hole_card: ['C8', 'S9']
name: b10902009, hole_card: ['S4', 'SA']
"b10902009" declared "call:0"
name: b10902127, hole_card: ['C8', 'S9']
name: b10902009, hole_card: ['S4', 'SA']
"b10902127" declared "call:0"
Street "turn" started. (community card = ['H7', 'SJ', 'HQ', 'D7'])
winning gap =  105
False
0.49954545454545457 0.00909090909090909
Elapsed time: 0.5911486148834229 seconds
name: b10902127, hole_card: ['C8', 'S9']
name: b10902009, hole_card: ['S4', 'SA']
"b10902009" declared "call:0"
name: b10902127, hole_card: ['C8', 'S9']
name: b10902009, hole_card: ['S4', 'SA']
"b10902127" declared "call:0"
Street "river" started. (community card = ['H7', 'SJ', 'HQ', 'D7', 'S5'])
winning gap =  105
False
0.455 0.008636363636363636
Elapsed time: 0.5646083354949951 seconds
name: b10902127, hole_card: ['C8', 'S9']
name: b10902009, hole_card: ['S4', 'SA']
"b10902009" declared "call:0"
name: b10902127, hole_card: ['C8', 'S9']
name: b10902009, hole_card: ['S4', 'SA']
"b10902127" declared "call:0"
"['b10902009']" won the round 7 (stack = {'b10902127': 980, 'b10902009': 1020})
uuid:  ejjckhhxcliebilikkzije , strength is:  ONEPAIR
uuid:  cnwivifcwdvmqemavfpajz , strength is:  ONEPAIR
winner goes to b10902009
--------------------------------------
community cards of this round: ['HJ', 'S3', 'D5', 'H9', 'H2']
name: b10902127, hole_card: ['SK', 'DA']
name: b10902009, hole_card: ['HQ', 'CK']
Started the round 8
Street "preflop" started. (community card = [])
name: b10902127, hole_card: ['SK', 'DA']
name: b10902009, hole_card: ['HQ', 'CK']
"b10902127" declared "raise:35"
winning gap =  100
False
0.6368181818181818 0.006363636363636364
Elapsed time: 0.7277417182922363 seconds
name: b10902127, hole_card: ['SK', 'DA']
name: b10902009, hole_card: ['HQ', 'CK']
"b10902009" declared "call:35"
Street "flop" started. (community card = ['HJ', 'S3', 'D5'])
name: b10902127, hole_card: ['SK', 'DA']
name: b10902009, hole_card: ['HQ', 'CK']
"b10902127" declared "call:0"
winning gap =  100
False
0.46954545454545454 0.006818181818181818
Elapsed time: 1.0778088569641113 seconds
name: b10902127, hole_card: ['SK', 'DA']
name: b10902009, hole_card: ['HQ', 'CK']
"b10902009" declared "call:0"
Street "turn" started. (community card = ['HJ', 'S3', 'D5', 'H9'])
name: b10902127, hole_card: ['SK', 'DA']
name: b10902009, hole_card: ['HQ', 'CK']
"b10902127" declared "call:0"
winning gap =  100
False
0.42818181818181816 0.009545454545454546
Elapsed time: 0.6456224918365479 seconds
name: b10902127, hole_card: ['SK', 'DA']
name: b10902009, hole_card: ['HQ', 'CK']
"b10902009" declared "call:0"
Street "river" started. (community card = ['HJ', 'S3', 'D5', 'H9', 'H2'])
name: b10902127, hole_card: ['SK', 'DA']
name: b10902009, hole_card: ['HQ', 'CK']
"b10902127" declared "call:0"
winning gap =  100
False
0.23954545454545453 0.007272727272727273
Elapsed time: 0.6903223991394043 seconds
name: b10902127, hole_card: ['SK', 'DA']
name: b10902009, hole_card: ['HQ', 'CK']
"b10902009" declared "call:0"
"['b10902127']" won the round 8 (stack = {'b10902127': 1015, 'b10902009': 985})
uuid:  ejjckhhxcliebilikkzije , strength is:  HIGHCARD
uuid:  cnwivifcwdvmqemavfpajz , strength is:  HIGHCARD
winner goes to b10902127
--------------------------------------
community cards of this round: ['D3', 'HA', 'DA', 'C7', 'H8']
name: b10902127, hole_card: ['S5', 'H6']
name: b10902009, hole_card: ['S9', 'DK']
Started the round 9
Street "preflop" started. (community card = [])
winning gap =  90
False
0.5790909090909091 0.007727272727272728
Elapsed time: 0.8342611789703369 seconds
name: b10902127, hole_card: ['S5', 'H6']
name: b10902009, hole_card: ['S9', 'DK']
"b10902009" declared "call:10"
name: b10902127, hole_card: ['S5', 'H6']
name: b10902009, hole_card: ['S9', 'DK']
"b10902127" declared "fold:0"
"['b10902009']" won the round 9 (stack = {'b10902127': 1005, 'b10902009': 995})
winner goes to b10902009
--------------------------------------
community cards of this round: ['C2', 'CT', 'D4', 'D5', 'H7']
name: b10902127, hole_card: ['H5', 'CK']
name: b10902009, hole_card: ['C7', 'S5']
Started the round 10
Street "preflop" started. (community card = [])
name: b10902127, hole_card: ['H5', 'CK']
name: b10902009, hole_card: ['C7', 'S5']
"b10902127" declared "call:10"
winning gap =  85
False
0.3922727272727273 0.006818181818181818
Elapsed time: 0.672147274017334 seconds
name: b10902127, hole_card: ['H5', 'CK']
name: b10902009, hole_card: ['C7', 'S5']
"b10902009" declared "call:10"
Street "flop" started. (community card = ['C2', 'CT', 'D4'])
name: b10902127, hole_card: ['H5', 'CK']
name: b10902009, hole_card: ['C7', 'S5']
"b10902127" declared "call:0"
winning gap =  85
False
0.23 0.01090909090909091
Elapsed time: 0.5390658378601074 seconds
name: b10902127, hole_card: ['H5', 'CK']
name: b10902009, hole_card: ['C7', 'S5']
"b10902009" declared "call:0"
Street "turn" started. (community card = ['C2', 'CT', 'D4', 'D5'])
name: b10902127, hole_card: ['H5', 'CK']
name: b10902009, hole_card: ['C7', 'S5']
"b10902127" declared "call:0"
winning gap =  85
False
0.6190909090909091 0.007727272727272728
Elapsed time: 0.8190770149230957 seconds
name: b10902127, hole_card: ['H5', 'CK']
name: b10902009, hole_card: ['C7', 'S5']
"b10902009" declared "raise:60"
name: b10902127, hole_card: ['H5', 'CK']
name: b10902009, hole_card: ['C7', 'S5']
"b10902127" declared "call:60"
Street "river" started. (community card = ['C2', 'CT', 'D4', 'D5', 'H7'])
name: b10902127, hole_card: ['H5', 'CK']
name: b10902009, hole_card: ['C7', 'S5']
"b10902127" declared "call:0"
winning gap =  85
True
0.9186363636363636 0.0036363636363636364
Elapsed time: 0.8160524368286133 seconds
name: b10902127, hole_card: ['H5', 'CK']
name: b10902009, hole_card: ['C7', 'S5']
"b10902009" declared "raise:10"
name: b10902127, hole_card: ['H5', 'CK']
name: b10902009, hole_card: ['C7', 'S5']
"b10902127" declared "call:10"
"['b10902009']" won the round 10 (stack = {'b10902127': 925, 'b10902009': 1075})
uuid:  ejjckhhxcliebilikkzije , strength is:  ONEPAIR
uuid:  cnwivifcwdvmqemavfpajz , strength is:  TWOPAIR
winner goes to b10902009
--------------------------------------
community cards of this round: ['D6', 'S6', 'D7', 'D5', 'D2']
name: b10902127, hole_card: ['H3', 'DA']
name: b10902009, hole_card: ['DT', 'S4']
Started the round 11
Street "preflop" started. (community card = [])
winning gap =  75
False
0.425 0.008181818181818182
Elapsed time: 0.5835144519805908 seconds
name: b10902127, hole_card: ['H3', 'DA']
name: b10902009, hole_card: ['DT', 'S4']
"b10902009" declared "call:10"
name: b10902127, hole_card: ['H3', 'DA']
name: b10902009, hole_card: ['DT', 'S4']
"b10902127" declared "raise:925"
winning gap =  75
False
0.41454545454545455 0.005454545454545455
Elapsed time: 0.6601521968841553 seconds
name: b10902127, hole_card: ['H3', 'DA']
name: b10902009, hole_card: ['DT', 'S4']
"b10902009" declared "fold:0"
"['b10902127']" won the round 11 (stack = {'b10902127': 935, 'b10902009': 1065})
winner goes to b10902127
--------------------------------------
community cards of this round: ['S4', 'S3', 'HK', 'S5', 'D2']
name: b10902127, hole_card: ['DQ', 'D9']
name: b10902009, hole_card: ['DK', 'CJ']
Started the round 12
Street "preflop" started. (community card = [])
name: b10902127, hole_card: ['DQ', 'D9']
name: b10902009, hole_card: ['DK', 'CJ']
"b10902127" declared "raise:935"
winning gap =  70
False
0.6195454545454545 0.006363636363636364
Elapsed time: 0.9197647571563721 seconds
name: b10902127, hole_card: ['DQ', 'D9']
name: b10902009, hole_card: ['DK', 'CJ']
"b10902009" declared "fold:0"
"['b10902127']" won the round 12 (stack = {'b10902127': 945, 'b10902009': 1055})
winner goes to b10902127
--------------------------------------
community cards of this round: ['S3', 'SA', 'DJ', 'DK', 'CQ']
name: b10902127, hole_card: ['CA', 'SQ']
name: b10902009, hole_card: ['HT', 'S9']
Started the round 13
Street "preflop" started. (community card = [])
winning gap =  60
False
0.5163636363636364 0.005454545454545455
Elapsed time: 0.7117917537689209 seconds
name: b10902127, hole_card: ['CA', 'SQ']
name: b10902009, hole_card: ['HT', 'S9']
"b10902009" declared "call:10"
name: b10902127, hole_card: ['CA', 'SQ']
name: b10902009, hole_card: ['HT', 'S9']
"b10902127" declared "raise:945"
winning gap =  60
False
0.5336363636363637 0.006363636363636364
Elapsed time: 0.6066737174987793 seconds
name: b10902127, hole_card: ['CA', 'SQ']
name: b10902009, hole_card: ['HT', 'S9']
"b10902009" declared "fold:0"
"['b10902127']" won the round 13 (stack = {'b10902127': 955, 'b10902009': 1045})
winner goes to b10902127
--------------------------------------
community cards of this round: ['ST', 'S5', 'D4', 'H4', 'HQ']
name: b10902127, hole_card: ['D5', 'S9']
name: b10902009, hole_card: ['H5', 'S8']
Started the round 14
Street "preflop" started. (community card = [])
name: b10902127, hole_card: ['D5', 'S9']
name: b10902009, hole_card: ['H5', 'S8']
"b10902127" declared "raise:955"
winning gap =  55
False
0.3936363636363636 0.005
Elapsed time: 0.7432389259338379 seconds
name: b10902127, hole_card: ['D5', 'S9']
name: b10902009, hole_card: ['H5', 'S8']
"b10902009" declared "fold:0"
"['b10902127']" won the round 14 (stack = {'b10902127': 965, 'b10902009': 1035})
winner goes to b10902127
--------------------------------------
community cards of this round: ['HA', 'CQ', 'C7', 'SQ', 'C4']
name: b10902127, hole_card: ['HJ', 'S7']
name: b10902009, hole_card: ['S9', 'C6']
Started the round 15
Street "preflop" started. (community card = [])
winning gap =  45
False
0.44727272727272727 0.008636363636363636
Elapsed time: 0.7174875736236572 seconds
name: b10902127, hole_card: ['HJ', 'S7']
name: b10902009, hole_card: ['S9', 'C6']
"b10902009" declared "call:10"
name: b10902127, hole_card: ['HJ', 'S7']
name: b10902009, hole_card: ['S9', 'C6']
"b10902127" declared "raise:965"
winning gap =  45
False
0.4540909090909091 0.005454545454545455
Elapsed time: 0.64662766456604 seconds
name: b10902127, hole_card: ['HJ', 'S7']
name: b10902009, hole_card: ['S9', 'C6']
"b10902009" declared "fold:0"
"['b10902127']" won the round 15 (stack = {'b10902127': 975, 'b10902009': 1025})
winner goes to b10902127
--------------------------------------
community cards of this round: ['H7', 'H6', 'DA', 'H8', 'D6']
name: b10902127, hole_card: ['H5', 'D7']
name: b10902009, hole_card: ['C4', 'D8']
Started the round 16
Street "preflop" started. (community card = [])
name: b10902127, hole_card: ['H5', 'D7']
name: b10902009, hole_card: ['C4', 'D8']
"b10902127" declared "fold:0"
"['b10902009']" won the round 16 (stack = {'b10902127': 970, 'b10902009': 1030})
winner goes to b10902009
--------------------------------------
community cards of this round: ['HT', 'H3', 'S9', 'D3', 'CK']
name: b10902127, hole_card: ['D6', 'HK']
name: b10902009, hole_card: ['C7', 'S2']
Started the round 17
Street "preflop" started. (community card = [])
winning gap =  30
False
0.3277272727272727 0.007727272727272728
Elapsed time: 0.8006820678710938 seconds
name: b10902127, hole_card: ['D6', 'HK']
name: b10902009, hole_card: ['C7', 'S2']
"b10902009" declared "call:10"
name: b10902127, hole_card: ['D6', 'HK']
name: b10902009, hole_card: ['C7', 'S2']
"b10902127" declared "raise:970"
winning gap =  30
False
0.32272727272727275 0.009545454545454546
Elapsed time: 0.7703642845153809 seconds
name: b10902127, hole_card: ['D6', 'HK']
name: b10902009, hole_card: ['C7', 'S2']
"b10902009" declared "fold:0"
"['b10902127']" won the round 17 (stack = {'b10902127': 980, 'b10902009': 1020})
winner goes to b10902127
--------------------------------------
community cards of this round: ['H5', 'DQ', 'C9', 'H6', 'C5']
name: b10902127, hole_card: ['C6', 'SK']
name: b10902009, hole_card: ['HQ', 'H7']
Started the round 18
Street "preflop" started. (community card = [])
name: b10902127, hole_card: ['C6', 'SK']
name: b10902009, hole_card: ['HQ', 'H7']
"b10902127" declared "raise:980"
winning gap =  25
False
0.5440909090909091 0.005454545454545455
Elapsed time: 0.7510476112365723 seconds
name: b10902127, hole_card: ['C6', 'SK']
name: b10902009, hole_card: ['HQ', 'H7']
"b10902009" declared "fold:0"
"['b10902127']" won the round 18 (stack = {'b10902127': 990, 'b10902009': 1010})
winner goes to b10902127
--------------------------------------
community cards of this round: ['SK', 'C2', 'D8', 'CJ', 'C5']
name: b10902127, hole_card: ['D5', 'ST']
name: b10902009, hole_card: ['DK', 'D7']
Started the round 19
Street "preflop" started. (community card = [])
winning gap =  15
False
0.5895454545454546 0.005
Elapsed time: 0.7319128513336182 seconds
name: b10902127, hole_card: ['D5', 'ST']
name: b10902009, hole_card: ['DK', 'D7']
"b10902009" declared "call:10"
name: b10902127, hole_card: ['D5', 'ST']
name: b10902009, hole_card: ['DK', 'D7']
"b10902127" declared "raise:990"
winning gap =  15
False
0.58 0.009545454545454546
Elapsed time: 0.6477408409118652 seconds
name: b10902127, hole_card: ['D5', 'ST']
name: b10902009, hole_card: ['DK', 'D7']
"b10902009" declared "fold:0"
"['b10902127']" won the round 19 (stack = {'b10902127': 1000, 'b10902009': 1000})
winner goes to b10902127
--------------------------------------
community cards of this round: ['C3', 'S9', 'C8', 'S8', 'CT']
name: b10902127, hole_card: ['CQ', 'S3']
name: b10902009, hole_card: ['C9', 'C4']
Started the round 20
Street "preflop" started. (community card = [])
name: b10902127, hole_card: ['CQ', 'S3']
name: b10902009, hole_card: ['C9', 'C4']
"b10902127" declared "raise:1000"
winning gap =  10
False
0.4581818181818182 0.006818181818181818
Elapsed time: 0.7762343883514404 seconds
name: b10902127, hole_card: ['CQ', 'S3']
name: b10902009, hole_card: ['C9', 'C4']
"b10902009" declared "fold:0"
"['b10902127']" won the round 20 (stack = {'b10902127': 1010, 'b10902009': 990})
winner goes to b10902127
--------------------------------------
b10902009 vs b10902127 - Game 1: {'rule': {'initial_stack': 1000, 'max_round': 20, 'small_blind_amount': 5, 'ante': 0, 'blind_structure': {}}, 'players': [{'name': 'b10902127', 'uuid': 'ejjckhhxcliebilikkzije', 'stack': 1010, 'state': 'participating'}, {'name': 'b10902009', 'uuid': 'cnwivifcwdvmqemavfpajz', 'stack': 990, 'state': 'participating'}]}
community cards of this round: ['HT', 'HK', 'C8', 'C5', 'CJ']
name: b10902009, hole_card: ['SJ', 'CA']
name: b10902127, hole_card: ['S3', 'SA']
Started the round 1
Street "preflop" started. (community card = [])
name: b10902009, hole_card: ['SJ', 'CA']
name: b10902127, hole_card: ['S3', 'SA']
"b10902127" declared "call:10"
winning gap =  150
False
0.6313636363636363 0.004090909090909091
Elapsed time: 0.8233344554901123 seconds
name: b10902009, hole_card: ['SJ', 'CA']
name: b10902127, hole_card: ['S3', 'SA']
"b10902009" declared "call:10"
Street "flop" started. (community card = ['HT', 'HK', 'C8'])
name: b10902009, hole_card: ['SJ', 'CA']
name: b10902127, hole_card: ['S3', 'SA']
"b10902127" declared "call:0"
winning gap =  150
False
0.5922727272727273 0.01090909090909091
Elapsed time: 0.6428897380828857 seconds
name: b10902009, hole_card: ['SJ', 'CA']
name: b10902127, hole_card: ['S3', 'SA']
"b10902009" declared "call:0"
Street "turn" started. (community card = ['HT', 'HK', 'C8', 'C5'])
name: b10902009, hole_card: ['SJ', 'CA']
name: b10902127, hole_card: ['S3', 'SA']
"b10902127" declared "call:0"
winning gap =  150
False
0.5 0.006818181818181818
Elapsed time: 1.1117260456085205 seconds
name: b10902009, hole_card: ['SJ', 'CA']
name: b10902127, hole_card: ['S3', 'SA']
"b10902009" declared "call:0"
Street "river" started. (community card = ['HT', 'HK', 'C8', 'C5', 'CJ'])
name: b10902009, hole_card: ['SJ', 'CA']
name: b10902127, hole_card: ['S3', 'SA']
"b10902127" declared "call:0"
winning gap =  150
False
0.7245454545454545 0.005454545454545455
Elapsed time: 0.680962324142456 seconds
name: b10902009, hole_card: ['SJ', 'CA']
name: b10902127, hole_card: ['S3', 'SA']
"b10902009" declared "raise:130"
name: b10902009, hole_card: ['SJ', 'CA']
name: b10902127, hole_card: ['S3', 'SA']
"b10902127" declared "fold:0"
"['b10902009']" won the round 1 (stack = {'b10902009': 1010, 'b10902127': 990})
winner goes to b10902009
--------------------------------------
community cards of this round: ['CJ', 'HA', 'H2', 'HK', 'H6']
name: b10902009, hole_card: ['SK', 'SA']
name: b10902127, hole_card: ['HQ', 'S6']
Started the round 2
Street "preflop" started. (community card = [])
winning gap =  140
False
0.6654545454545454 0.007272727272727273
Elapsed time: 0.8408210277557373 seconds
name: b10902009, hole_card: ['SK', 'SA']
name: b10902127, hole_card: ['HQ', 'S6']
"b10902009" declared "raise:30"
name: b10902009, hole_card: ['SK', 'SA']
name: b10902127, hole_card: ['HQ', 'S6']
"b10902127" declared "call:30"
Street "flop" started. (community card = ['CJ', 'HA', 'H2'])
winning gap =  140
False
0.8668181818181818 0.005909090909090909
Elapsed time: 0.6186058521270752 seconds
name: b10902009, hole_card: ['SK', 'SA']
name: b10902127, hole_card: ['HQ', 'S6']
"b10902009" declared "raise:40"
name: b10902009, hole_card: ['SK', 'SA']
name: b10902127, hole_card: ['HQ', 'S6']
"b10902127" declared "call:40"
Street "turn" started. (community card = ['CJ', 'HA', 'H2', 'HK'])
winning gap =  140
False
0.8372727272727273 0.005454545454545455
Elapsed time: 0.5477864742279053 seconds
name: b10902009, hole_card: ['SK', 'SA']
name: b10902127, hole_card: ['HQ', 'S6']
"b10902009" declared "raise:55"
name: b10902009, hole_card: ['SK', 'SA']
name: b10902127, hole_card: ['HQ', 'S6']
"b10902127" declared "call:55"
Street "river" started. (community card = ['CJ', 'HA', 'H2', 'HK', 'H6'])
winning gap =  140
False
0.6181818181818182 0.005
Elapsed time: 0.5924515724182129 seconds
name: b10902009, hole_card: ['SK', 'SA']
name: b10902127, hole_card: ['HQ', 'S6']
"b10902009" declared "call:0"
name: b10902009, hole_card: ['SK', 'SA']
name: b10902127, hole_card: ['HQ', 'S6']
"b10902127" declared "raise:865"
winning gap =  140
False
0.6231818181818182 0.004090909090909091
Elapsed time: 0.6562104225158691 seconds
name: b10902009, hole_card: ['SK', 'SA']
name: b10902127, hole_card: ['HQ', 'S6']
"b10902009" declared "call:865"
"['b10902127']" won the round 2 (stack = {'b10902009': 20, 'b10902127': 1980})
uuid:  aovbyrucapmmkilewxowdv , strength is:  TWOPAIR
uuid:  xskibqrohpmxqyyboscphv , strength is:  FLASH
winner goes to b10902127
--------------------------------------
community cards of this round: ['S3', 'S8', 'H8', 'DQ', 'D4']
name: b10902009, hole_card: ['SK', 'C5']
name: b10902127, hole_card: ['D7', 'H3']
Started the round 3
Street "preflop" started. (community card = [])
name: b10902009, hole_card: ['SK', 'C5']
name: b10902127, hole_card: ['D7', 'H3']
"b10902127" declared "fold:0"
"['b10902009']" won the round 3 (stack = {'b10902009': 25, 'b10902127': 1975})
winner goes to b10902009
--------------------------------------
community cards of this round: ['S6', 'HJ', 'H6', 'H8', 'D3']
name: b10902009, hole_card: ['C8', 'HK']
name: b10902127, hole_card: ['DJ', 'C7']
Started the round 4
Street "preflop" started. (community card = [])
winning gap =  125
True
0.5740909090909091 0.007272727272727273
Elapsed time: 0.694329023361206 seconds
name: b10902009, hole_card: ['C8', 'HK']
name: b10902127, hole_card: ['DJ', 'C7']
"b10902009" declared "call:10"
name: b10902009, hole_card: ['C8', 'HK']
name: b10902127, hole_card: ['DJ', 'C7']
"b10902127" declared "fold:0"
"['b10902009']" won the round 4 (stack = {'b10902009': 35, 'b10902127': 1965})
winner goes to b10902009
--------------------------------------
community cards of this round: ['C5', 'DK', 'C9', 'S6', 'CK']
name: b10902009, hole_card: ['D7', 'H2']
name: b10902127, hole_card: ['H9', 'C6']
Started the round 5
Street "preflop" started. (community card = [])
name: b10902009, hole_card: ['D7', 'H2']
name: b10902127, hole_card: ['H9', 'C6']
"b10902127" declared "fold:0"
"['b10902009']" won the round 5 (stack = {'b10902009': 40, 'b10902127': 1960})
winner goes to b10902009
--------------------------------------
community cards of this round: ['C6', 'H3', 'DK', 'HQ', 'S3']
name: b10902009, hole_card: ['HT', 'S9']
name: b10902127, hole_card: ['C7', 'S7']
Started the round 6
Street "preflop" started. (community card = [])
winning gap =  110
True
0.5318181818181819 0.005
Elapsed time: 0.5613343715667725 seconds
name: b10902009, hole_card: ['HT', 'S9']
name: b10902127, hole_card: ['C7', 'S7']
"b10902009" declared "call:10"
name: b10902009, hole_card: ['HT', 'S9']
name: b10902127, hole_card: ['C7', 'S7']
"b10902127" declared "fold:0"
"['b10902009']" won the round 6 (stack = {'b10902009': 50, 'b10902127': 1950})
winner goes to b10902009
--------------------------------------
community cards of this round: ['H7', 'SJ', 'HQ', 'D7', 'S5']
name: b10902009, hole_card: ['C8', 'S9']
name: b10902127, hole_card: ['S4', 'SA']
Started the round 7
Street "preflop" started. (community card = [])
name: b10902009, hole_card: ['C8', 'S9']
name: b10902127, hole_card: ['S4', 'SA']
"b10902127" declared "fold:0"
"['b10902009']" won the round 7 (stack = {'b10902009': 55, 'b10902127': 1945})
winner goes to b10902009
--------------------------------------
community cards of this round: ['HJ', 'S3', 'D5', 'H9', 'H2']
name: b10902009, hole_card: ['SK', 'DA']
name: b10902127, hole_card: ['HQ', 'CK']
Started the round 8
Street "preflop" started. (community card = [])
winning gap =  95
True
0.6659090909090909 0.008181818181818182
Elapsed time: 0.7349605560302734 seconds
name: b10902009, hole_card: ['SK', 'DA']
name: b10902127, hole_card: ['HQ', 'CK']
"b10902009" declared "call:10"
name: b10902009, hole_card: ['SK', 'DA']
name: b10902127, hole_card: ['HQ', 'CK']
"b10902127" declared "fold:0"
"['b10902009']" won the round 8 (stack = {'b10902009': 65, 'b10902127': 1935})
winner goes to b10902009
--------------------------------------
community cards of this round: ['D3', 'HA', 'DA', 'C7', 'H8']
name: b10902009, hole_card: ['S5', 'H6']
name: b10902127, hole_card: ['S9', 'DK']
Started the round 9
Street "preflop" started. (community card = [])
name: b10902009, hole_card: ['S5', 'H6']
name: b10902127, hole_card: ['S9', 'DK']
"b10902127" declared "fold:0"
"['b10902009']" won the round 9 (stack = {'b10902009': 70, 'b10902127': 1930})
winner goes to b10902009
--------------------------------------
community cards of this round: ['C2', 'CT', 'D4', 'D5', 'H7']
name: b10902009, hole_card: ['H5', 'CK']
name: b10902127, hole_card: ['C7', 'S5']
Started the round 10
Street "preflop" started. (community card = [])
winning gap =  80
True
0.5363636363636364 0.008636363636363636
Elapsed time: 0.7728271484375 seconds
name: b10902009, hole_card: ['H5', 'CK']
name: b10902127, hole_card: ['C7', 'S5']
"b10902009" declared "raise:45"
name: b10902009, hole_card: ['H5', 'CK']
name: b10902127, hole_card: ['C7', 'S5']
"b10902127" declared "fold:0"
"['b10902009']" won the round 10 (stack = {'b10902009': 80, 'b10902127': 1920})
winner goes to b10902009
--------------------------------------
community cards of this round: ['D6', 'S6', 'D7', 'D5', 'D2']
name: b10902009, hole_card: ['H3', 'DA']
name: b10902127, hole_card: ['DT', 'S4']
Started the round 11
Street "preflop" started. (community card = [])
name: b10902009, hole_card: ['H3', 'DA']
name: b10902127, hole_card: ['DT', 'S4']
"b10902127" declared "fold:0"
"['b10902009']" won the round 11 (stack = {'b10902009': 85, 'b10902127': 1915})
winner goes to b10902009
--------------------------------------
community cards of this round: ['S4', 'S3', 'HK', 'S5', 'D2']
name: b10902009, hole_card: ['DQ', 'D9']
name: b10902127, hole_card: ['DK', 'CJ']
Started the round 12
Street "preflop" started. (community card = [])
winning gap =  65
True
0.5877272727272728 0.006818181818181818
Elapsed time: 0.6693222522735596 seconds
name: b10902009, hole_card: ['DQ', 'D9']
name: b10902127, hole_card: ['DK', 'CJ']
"b10902009" declared "raise:45"
name: b10902009, hole_card: ['DQ', 'D9']
name: b10902127, hole_card: ['DK', 'CJ']
"b10902127" declared "fold:0"
"['b10902009']" won the round 12 (stack = {'b10902009': 95, 'b10902127': 1905})
winner goes to b10902009
--------------------------------------
community cards of this round: ['S3', 'SA', 'DJ', 'DK', 'CQ']
name: b10902009, hole_card: ['CA', 'SQ']
name: b10902127, hole_card: ['HT', 'S9']
Started the round 13
Street "preflop" started. (community card = [])
name: b10902009, hole_card: ['CA', 'SQ']
name: b10902127, hole_card: ['HT', 'S9']
"b10902127" declared "fold:0"
"['b10902009']" won the round 13 (stack = {'b10902009': 100, 'b10902127': 1900})
winner goes to b10902009
--------------------------------------
community cards of this round: ['ST', 'S5', 'D4', 'H4', 'HQ']
name: b10902009, hole_card: ['D5', 'S9']
name: b10902127, hole_card: ['H5', 'S8']
Started the round 14
Street "preflop" started. (community card = [])
winning gap =  50
True
0.42818181818181816 0.008636363636363636
Elapsed time: 0.6473197937011719 seconds
name: b10902009, hole_card: ['D5', 'S9']
name: b10902127, hole_card: ['H5', 'S8']
"b10902009" declared "raise:45"
name: b10902009, hole_card: ['D5', 'S9']
name: b10902127, hole_card: ['H5', 'S8']
"b10902127" declared "fold:0"
"['b10902009']" won the round 14 (stack = {'b10902009': 110, 'b10902127': 1890})
winner goes to b10902009
--------------------------------------
community cards of this round: ['HA', 'CQ', 'C7', 'SQ', 'C4']
name: b10902009, hole_card: ['HJ', 'S7']
name: b10902127, hole_card: ['S9', 'C6']
Started the round 15
Street "preflop" started. (community card = [])
name: b10902009, hole_card: ['HJ', 'S7']
name: b10902127, hole_card: ['S9', 'C6']
"b10902127" declared "fold:0"
"['b10902009']" won the round 15 (stack = {'b10902009': 115, 'b10902127': 1885})
winner goes to b10902009
--------------------------------------
community cards of this round: ['H7', 'H6', 'DA', 'H8', 'D6']
name: b10902009, hole_card: ['H5', 'D7']
name: b10902127, hole_card: ['C4', 'D8']
Started the round 16
Street "preflop" started. (community card = [])
winning gap =  35
True
0.4 0.011363636363636364
Elapsed time: 0.7347762584686279 seconds
name: b10902009, hole_card: ['H5', 'D7']
name: b10902127, hole_card: ['C4', 'D8']
"b10902009" declared "raise:45"
name: b10902009, hole_card: ['H5', 'D7']
name: b10902127, hole_card: ['C4', 'D8']
"b10902127" declared "fold:0"
"['b10902009']" won the round 16 (stack = {'b10902009': 125, 'b10902127': 1875})
winner goes to b10902009
--------------------------------------
community cards of this round: ['HT', 'H3', 'S9', 'D3', 'CK']
name: b10902009, hole_card: ['D6', 'HK']
name: b10902127, hole_card: ['C7', 'S2']
Started the round 17
Street "preflop" started. (community card = [])
name: b10902009, hole_card: ['D6', 'HK']
name: b10902127, hole_card: ['C7', 'S2']
"b10902127" declared "fold:0"
"['b10902009']" won the round 17 (stack = {'b10902009': 130, 'b10902127': 1870})
winner goes to b10902009
--------------------------------------
community cards of this round: ['H5', 'DQ', 'C9', 'H6', 'C5']
name: b10902009, hole_card: ['C6', 'SK']
name: b10902127, hole_card: ['HQ', 'H7']
Started the round 18
Street "preflop" started. (community card = [])
winning gap =  20
True
0.5359090909090909 0.008636363636363636
Elapsed time: 0.7590413093566895 seconds
name: b10902009, hole_card: ['C6', 'SK']
name: b10902127, hole_card: ['HQ', 'H7']
"b10902009" declared "raise:45"
name: b10902009, hole_card: ['C6', 'SK']
name: b10902127, hole_card: ['HQ', 'H7']
"b10902127" declared "fold:0"
"['b10902009']" won the round 18 (stack = {'b10902009': 140, 'b10902127': 1860})
winner goes to b10902009
--------------------------------------
community cards of this round: ['SK', 'C2', 'D8', 'CJ', 'C5']
name: b10902009, hole_card: ['D5', 'ST']
name: b10902127, hole_card: ['DK', 'D7']
Started the round 19
Street "preflop" started. (community card = [])
name: b10902009, hole_card: ['D5', 'ST']
name: b10902127, hole_card: ['DK', 'D7']
"b10902127" declared "fold:0"
"['b10902009']" won the round 19 (stack = {'b10902009': 145, 'b10902127': 1855})
winner goes to b10902009
--------------------------------------
community cards of this round: ['C3', 'S9', 'C8', 'S8', 'CT']
name: b10902009, hole_card: ['CQ', 'S3']
name: b10902127, hole_card: ['C9', 'C4']
Started the round 20
Street "preflop" started. (community card = [])
winning gap =  5
True
0.46863636363636363 0.008636363636363636
Elapsed time: 0.897348165512085 seconds
name: b10902009, hole_card: ['CQ', 'S3']
name: b10902127, hole_card: ['C9', 'C4']
"b10902009" declared "raise:45"
name: b10902009, hole_card: ['CQ', 'S3']
name: b10902127, hole_card: ['C9', 'C4']
"b10902127" declared "fold:0"
"['b10902009']" won the round 20 (stack = {'b10902009': 155, 'b10902127': 1845})
winner goes to b10902009
--------------------------------------
b10902009 vs b10902127 - Game 2: {'rule': {'initial_stack': 1000, 'max_round': 20, 'small_blind_amount': 5, 'ante': 0, 'blind_structure': {}}, 'players': [{'name': 'b10902009', 'uuid': 'aovbyrucapmmkilewxowdv', 'stack': 155, 'state': 'participating'}, {'name': 'b10902127', 'uuid': 'xskibqrohpmxqyyboscphv', 'stack': 1845, 'state': 'participating'}]}
community cards of this round: ['H5', 'D7', 'SJ', 'SA', 'D9']
name: b10902127, hole_card: ['DJ', 'S5']
name: b10902009, hole_card: ['DA', 'C2']
Started the round 1
Street "preflop" started. (community card = [])
winning gap =  150
False
0.5018181818181818 0.009545454545454546
Elapsed time: 0.5976452827453613 seconds
name: b10902127, hole_card: ['DJ', 'S5']
name: b10902009, hole_card: ['DA', 'C2']
"b10902009" declared "call:10"
name: b10902127, hole_card: ['DJ', 'S5']
name: b10902009, hole_card: ['DA', 'C2']
"b10902127" declared "call:10"
Street "flop" started. (community card = ['H5', 'D7', 'SJ'])
winning gap =  150
False
0.4068181818181818 0.007727272727272728
Elapsed time: 0.7199819087982178 seconds
name: b10902127, hole_card: ['DJ', 'S5']
name: b10902009, hole_card: ['DA', 'C2']
"b10902009" declared "call:0"
name: b10902127, hole_card: ['DJ', 'S5']
name: b10902009, hole_card: ['DA', 'C2']
"b10902127" declared "raise:110"
winning gap =  150
False
0.4 0.007727272727272728
Elapsed time: 0.6363160610198975 seconds
name: b10902127, hole_card: ['DJ', 'S5']
name: b10902009, hole_card: ['DA', 'C2']
"b10902009" declared "fold:0"
"['b10902127']" won the round 1 (stack = {'b10902127': 1010, 'b10902009': 990})
winner goes to b10902127
--------------------------------------
community cards of this round: ['D7', 'CJ', 'SA', 'C5', 'HA']
name: b10902127, hole_card: ['H7', 'D8']
name: b10902009, hole_card: ['DA', 'D4']
Started the round 2
Street "preflop" started. (community card = [])
name: b10902127, hole_card: ['H7', 'D8']
name: b10902009, hole_card: ['DA', 'D4']
"b10902127" declared "call:10"
winning gap =  145
False
0.5759090909090909 0.005
Elapsed time: 0.5521867275238037 seconds
name: b10902127, hole_card: ['H7', 'D8']
name: b10902009, hole_card: ['DA', 'D4']
"b10902009" declared "call:10"
Street "flop" started. (community card = ['D7', 'CJ', 'SA'])
name: b10902127, hole_card: ['H7', 'D8']
name: b10902009, hole_card: ['DA', 'D4']
"b10902127" declared "call:0"
winning gap =  145
False
0.8518181818181818 0.005
Elapsed time: 0.5640711784362793 seconds
name: b10902127, hole_card: ['H7', 'D8']
name: b10902009, hole_card: ['DA', 'D4']
"b10902009" declared "raise:40"
name: b10902127, hole_card: ['H7', 'D8']
name: b10902009, hole_card: ['DA', 'D4']
"b10902127" declared "call:40"
Street "turn" started. (community card = ['D7', 'CJ', 'SA', 'C5'])
name: b10902127, hole_card: ['H7', 'D8']
name: b10902009, hole_card: ['DA', 'D4']
"b10902127" declared "call:0"
winning gap =  145
False
0.8259090909090909 0.006363636363636364
Elapsed time: 0.6033904552459717 seconds
name: b10902127, hole_card: ['H7', 'D8']
name: b10902009, hole_card: ['DA', 'D4']
"b10902009" declared "raise:95"
name: b10902127, hole_card: ['H7', 'D8']
name: b10902009, hole_card: ['DA', 'D4']
"b10902127" declared "call:95"
Street "river" started. (community card = ['D7', 'CJ', 'SA', 'C5', 'HA'])
name: b10902127, hole_card: ['H7', 'D8']
name: b10902009, hole_card: ['DA', 'D4']
"b10902127" declared "raise:865"
winning gap =  145
True
0.955 0.0036363636363636364
Elapsed time: 0.6050221920013428 seconds
name: b10902127, hole_card: ['H7', 'D8']
name: b10902009, hole_card: ['DA', 'D4']
"b10902009" declared "call:865"
"['b10902009']" won the round 2 (stack = {'b10902127': 20, 'b10902009': 1980})
uuid:  eacbejdpzcnqgeqxcjlwdh , strength is:  TWOPAIR
uuid:  ssenwywggbvdcsqouphleb , strength is:  THREECARD
winner goes to b10902009
--------------------------------------
community cards of this round: ['S4', 'DJ', 'ST', 'CJ', 'C2']
name: b10902127, hole_card: ['H5', 'S9']
name: b10902009, hole_card: ['H9', 'HT']
Started the round 3
Street "preflop" started. (community card = [])
winning gap =  135
False
name: b10902127, hole_card: ['H5', 'S9']
name: b10902009, hole_card: ['H9', 'HT']
"b10902009" declared "fold:0"
"['b10902127']" won the round 3 (stack = {'b10902127': 25, 'b10902009': 1975})
winner goes to b10902127
--------------------------------------
community cards of this round: ['D7', 'CK', 'D2', 'S3', 'C6']
name: b10902127, hole_card: ['HT', 'SA']
name: b10902009, hole_card: ['H5', 'CJ']
Started the round 4
Street "preflop" started. (community card = [])
name: b10902127, hole_card: ['HT', 'SA']
name: b10902009, hole_card: ['H5', 'CJ']
"b10902127" declared "raise:25"
winning gap =  130
False
name: b10902127, hole_card: ['HT', 'SA']
name: b10902009, hole_card: ['H5', 'CJ']
"b10902009" declared "fold:0"
"['b10902127']" won the round 4 (stack = {'b10902127': 35, 'b10902009': 1965})
winner goes to b10902127
--------------------------------------
community cards of this round: ['C7', 'HT', 'H9', 'HK', 'CT']
name: b10902127, hole_card: ['H7', 'SJ']
name: b10902009, hole_card: ['C6', 'C9']
Started the round 5
Street "preflop" started. (community card = [])
winning gap =  120
False
name: b10902127, hole_card: ['H7', 'SJ']
name: b10902009, hole_card: ['C6', 'C9']
"b10902009" declared "fold:0"
"['b10902127']" won the round 5 (stack = {'b10902127': 40, 'b10902009': 1960})
winner goes to b10902127
--------------------------------------
community cards of this round: ['CJ', 'H8', 'SA', 'S2', 'C2']
name: b10902127, hole_card: ['DT', 'C9']
name: b10902009, hole_card: ['D7', 'C4']
Started the round 6
Street "preflop" started. (community card = [])
name: b10902127, hole_card: ['DT', 'C9']
name: b10902009, hole_card: ['D7', 'C4']
"b10902127" declared "raise:40"
winning gap =  115
False
name: b10902127, hole_card: ['DT', 'C9']
name: b10902009, hole_card: ['D7', 'C4']
"b10902009" declared "fold:0"
"['b10902127']" won the round 6 (stack = {'b10902127': 50, 'b10902009': 1950})
winner goes to b10902127
--------------------------------------
community cards of this round: ['C6', 'H5', 'S8', 'S5', 'S9']
name: b10902127, hole_card: ['H3', 'SQ']
name: b10902009, hole_card: ['DK', 'S4']
Started the round 7
Street "preflop" started. (community card = [])
winning gap =  105
False
name: b10902127, hole_card: ['H3', 'SQ']
name: b10902009, hole_card: ['DK', 'S4']
"b10902009" declared "fold:0"
"['b10902127']" won the round 7 (stack = {'b10902127': 55, 'b10902009': 1945})
winner goes to b10902127
--------------------------------------
community cards of this round: ['DQ', 'HJ', 'C5', 'SA', 'DT']
name: b10902127, hole_card: ['HT', 'D5']
name: b10902009, hole_card: ['CK', 'ST']
Started the round 8
Street "preflop" started. (community card = [])
name: b10902127, hole_card: ['HT', 'D5']
name: b10902009, hole_card: ['CK', 'ST']
"b10902127" declared "raise:55"
winning gap =  100
False
name: b10902127, hole_card: ['HT', 'D5']
name: b10902009, hole_card: ['CK', 'ST']
"b10902009" declared "fold:0"
"['b10902127']" won the round 8 (stack = {'b10902127': 65, 'b10902009': 1935})
winner goes to b10902127
--------------------------------------
community cards of this round: ['D6', 'S2', 'S3', 'C5', 'H9']
name: b10902127, hole_card: ['D9', 'H4']
name: b10902009, hole_card: ['DK', 'C3']
Started the round 9
Street "preflop" started. (community card = [])
winning gap =  90
False
name: b10902127, hole_card: ['D9', 'H4']
name: b10902009, hole_card: ['DK', 'C3']
"b10902009" declared "fold:0"
"['b10902127']" won the round 9 (stack = {'b10902127': 70, 'b10902009': 1930})
winner goes to b10902127
--------------------------------------
community cards of this round: ['C4', 'S2', 'D3', 'DJ', 'S8']
name: b10902127, hole_card: ['D4', 'H7']
name: b10902009, hole_card: ['S6', 'DQ']
Started the round 10
Street "preflop" started. (community card = [])
name: b10902127, hole_card: ['D4', 'H7']
name: b10902009, hole_card: ['S6', 'DQ']
"b10902127" declared "raise:70"
winning gap =  85
False
name: b10902127, hole_card: ['D4', 'H7']
name: b10902009, hole_card: ['S6', 'DQ']
"b10902009" declared "fold:0"
"['b10902127']" won the round 10 (stack = {'b10902127': 80, 'b10902009': 1920})
winner goes to b10902127
--------------------------------------
community cards of this round: ['S8', 'H4', 'H5', 'DJ', 'HA']
name: b10902127, hole_card: ['DT', 'D3']
name: b10902009, hole_card: ['C8', 'DK']
Started the round 11
Street "preflop" started. (community card = [])
winning gap =  75
False
name: b10902127, hole_card: ['DT', 'D3']
name: b10902009, hole_card: ['C8', 'DK']
"b10902009" declared "fold:0"
"['b10902127']" won the round 11 (stack = {'b10902127': 85, 'b10902009': 1915})
winner goes to b10902127
--------------------------------------
community cards of this round: ['C7', 'SA', 'ST', 'D9', 'H7']
name: b10902127, hole_card: ['SJ', 'D5']
name: b10902009, hole_card: ['C6', 'CK']
Started the round 12
Street "preflop" started. (community card = [])
name: b10902127, hole_card: ['SJ', 'D5']
name: b10902009, hole_card: ['C6', 'CK']
"b10902127" declared "raise:85"
winning gap =  70
False
name: b10902127, hole_card: ['SJ', 'D5']
name: b10902009, hole_card: ['C6', 'CK']
"b10902009" declared "fold:0"
"['b10902127']" won the round 12 (stack = {'b10902127': 95, 'b10902009': 1905})
winner goes to b10902127
--------------------------------------
community cards of this round: ['D9', 'S9', 'C4', 'D8', 'D6']
name: b10902127, hole_card: ['D5', 'H7']
name: b10902009, hole_card: ['C5', 'DA']
Started the round 13
Street "preflop" started. (community card = [])
winning gap =  60
False
name: b10902127, hole_card: ['D5', 'H7']
name: b10902009, hole_card: ['C5', 'DA']
"b10902009" declared "fold:0"
"['b10902127']" won the round 13 (stack = {'b10902127': 100, 'b10902009': 1900})
winner goes to b10902127
--------------------------------------
community cards of this round: ['S2', 'D7', 'DK', 'S8', 'HJ']
name: b10902127, hole_card: ['C8', 'H5']
name: b10902009, hole_card: ['DQ', 'D6']
Started the round 14
Street "preflop" started. (community card = [])
name: b10902127, hole_card: ['C8', 'H5']
name: b10902009, hole_card: ['DQ', 'D6']
"b10902127" declared "raise:100"
winning gap =  55
False
name: b10902127, hole_card: ['C8', 'H5']
name: b10902009, hole_card: ['DQ', 'D6']
"b10902009" declared "fold:0"
"['b10902127']" won the round 14 (stack = {'b10902127': 110, 'b10902009': 1890})
winner goes to b10902127
--------------------------------------
community cards of this round: ['DA', 'HT', 'H7', 'CJ', 'CQ']
name: b10902127, hole_card: ['D6', 'C5']
name: b10902009, hole_card: ['H8', 'D5']
Started the round 15
Street "preflop" started. (community card = [])
winning gap =  45
False
name: b10902127, hole_card: ['D6', 'C5']
name: b10902009, hole_card: ['H8', 'D5']
"b10902009" declared "fold:0"
"['b10902127']" won the round 15 (stack = {'b10902127': 115, 'b10902009': 1885})
winner goes to b10902127
--------------------------------------
community cards of this round: ['D5', 'C2', 'HK', 'D9', 'H3']
name: b10902127, hole_card: ['S3', 'C5']
name: b10902009, hole_card: ['HA', 'S4']
Started the round 16
Street "preflop" started. (community card = [])
name: b10902127, hole_card: ['S3', 'C5']
name: b10902009, hole_card: ['HA', 'S4']
"b10902127" declared "raise:115"
winning gap =  40
False
name: b10902127, hole_card: ['S3', 'C5']
name: b10902009, hole_card: ['HA', 'S4']
"b10902009" declared "fold:0"
"['b10902127']" won the round 16 (stack = {'b10902127': 125, 'b10902009': 1875})
winner goes to b10902127
--------------------------------------
community cards of this round: ['HT', 'CJ', 'S7', 'DK', 'D7']
name: b10902127, hole_card: ['D9', 'CT']
name: b10902009, hole_card: ['SK', 'D5']
Started the round 17
Street "preflop" started. (community card = [])
winning gap =  30
False
name: b10902127, hole_card: ['D9', 'CT']
name: b10902009, hole_card: ['SK', 'D5']
"b10902009" declared "fold:0"
"['b10902127']" won the round 17 (stack = {'b10902127': 130, 'b10902009': 1870})
winner goes to b10902127
--------------------------------------
community cards of this round: ['C6', 'D6', 'C5', 'D4', 'S8']
name: b10902127, hole_card: ['HA', 'SJ']
name: b10902009, hole_card: ['D7', 'H6']
Started the round 18
Street "preflop" started. (community card = [])
name: b10902127, hole_card: ['HA', 'SJ']
name: b10902009, hole_card: ['D7', 'H6']
"b10902127" declared "raise:130"
winning gap =  25
False
name: b10902127, hole_card: ['HA', 'SJ']
name: b10902009, hole_card: ['D7', 'H6']
"b10902009" declared "fold:0"
"['b10902127']" won the round 18 (stack = {'b10902127': 140, 'b10902009': 1860})
winner goes to b10902127
--------------------------------------
community cards of this round: ['CT', 'HA', 'D8', 'SJ', 'S6']
name: b10902127, hole_card: ['CK', 'H6']
name: b10902009, hole_card: ['D3', 'H3']
Started the round 19
Street "preflop" started. (community card = [])
winning gap =  15
False
name: b10902127, hole_card: ['CK', 'H6']
name: b10902009, hole_card: ['D3', 'H3']
"b10902009" declared "fold:0"
"['b10902127']" won the round 19 (stack = {'b10902127': 145, 'b10902009': 1855})
winner goes to b10902127
--------------------------------------
community cards of this round: ['CJ', 'C5', 'C2', 'C4', 'D5']
name: b10902127, hole_card: ['H9', 'DK']
name: b10902009, hole_card: ['HQ', 'D9']
Started the round 20
Street "preflop" started. (community card = [])
name: b10902127, hole_card: ['H9', 'DK']
name: b10902009, hole_card: ['HQ', 'D9']
"b10902127" declared "raise:145"
winning gap =  10
False
name: b10902127, hole_card: ['H9', 'DK']
name: b10902009, hole_card: ['HQ', 'D9']
"b10902009" declared "fold:0"
"['b10902127']" won the round 20 (stack = {'b10902127': 155, 'b10902009': 1845})
winner goes to b10902127
--------------------------------------
b10902009 vs b10902127 - Game 3: {'rule': {'initial_stack': 1000, 'max_round': 20, 'small_blind_amount': 5, 'ante': 0, 'blind_structure': {}}, 'players': [{'name': 'b10902127', 'uuid': 'eacbejdpzcnqgeqxcjlwdh', 'stack': 155, 'state': 'participating'}, {'name': 'b10902009', 'uuid': 'ssenwywggbvdcsqouphleb', 'stack': 1845, 'state': 'participating'}]}
community cards of this round: ['H5', 'D7', 'SJ', 'SA', 'D9']
name: b10902009, hole_card: ['DJ', 'S5']
name: b10902127, hole_card: ['DA', 'C2']
Started the round 1
Street "preflop" started. (community card = [])
name: b10902009, hole_card: ['DJ', 'S5']
name: b10902127, hole_card: ['DA', 'C2']
"b10902127" declared "call:10"
winning gap =  150
False
0.4677272727272727 0.005909090909090909
Elapsed time: 0.7678380012512207 seconds
name: b10902009, hole_card: ['DJ', 'S5']
name: b10902127, hole_card: ['DA', 'C2']
"b10902009" declared "call:10"
Street "flop" started. (community card = ['H5', 'D7', 'SJ'])
name: b10902009, hole_card: ['DJ', 'S5']
name: b10902127, hole_card: ['DA', 'C2']
"b10902127" declared "call:0"
winning gap =  150
False
0.8795454545454545 0.004090909090909091
Elapsed time: 0.7957358360290527 seconds
name: b10902009, hole_card: ['DJ', 'S5']
name: b10902127, hole_card: ['DA', 'C2']
"b10902009" declared "raise:40"
name: b10902009, hole_card: ['DJ', 'S5']
name: b10902127, hole_card: ['DA', 'C2']
"b10902127" declared "fold:0"
"['b10902009']" won the round 1 (stack = {'b10902009': 1010, 'b10902127': 990})
winner goes to b10902009
--------------------------------------
community cards of this round: ['D7', 'CJ', 'SA', 'C5', 'HA']
name: b10902009, hole_card: ['H7', 'D8']
name: b10902127, hole_card: ['DA', 'D4']
Started the round 2
Street "preflop" started. (community card = [])
winning gap =  140
False
0.44363636363636366 0.00909090909090909
Elapsed time: 0.5289306640625 seconds
name: b10902009, hole_card: ['H7', 'D8']
name: b10902127, hole_card: ['DA', 'D4']
"b10902009" declared "call:10"
name: b10902009, hole_card: ['H7', 'D8']
name: b10902127, hole_card: ['DA', 'D4']
"b10902127" declared "call:10"
Street "flop" started. (community card = ['D7', 'CJ', 'SA'])
winning gap =  140
False
0.6586363636363637 0.008181818181818182
Elapsed time: 0.6448330879211426 seconds
name: b10902009, hole_card: ['H7', 'D8']
name: b10902127, hole_card: ['DA', 'D4']
"b10902009" declared "raise:25"
name: b10902009, hole_card: ['H7', 'D8']
name: b10902127, hole_card: ['DA', 'D4']
"b10902127" declared "raise:90"
winning gap =  140
False
0.6627272727272727 0.006818181818181818
Elapsed time: 0.6229016780853271 seconds
name: b10902009, hole_card: ['H7', 'D8']
name: b10902127, hole_card: ['DA', 'D4']
"b10902009" declared "call:90"
Street "turn" started. (community card = ['D7', 'CJ', 'SA', 'C5'])
winning gap =  140
False
0.639090909090909 0.004545454545454545
Elapsed time: 0.7027308940887451 seconds
name: b10902009, hole_card: ['H7', 'D8']
name: b10902127, hole_card: ['DA', 'D4']
"b10902009" declared "raise:25"
name: b10902009, hole_card: ['H7', 'D8']
name: b10902127, hole_card: ['DA', 'D4']
"b10902127" declared "raise:890"
winning gap =  140
False
0.6381818181818182 0.003181818181818182
Elapsed time: 0.7681524753570557 seconds
name: b10902009, hole_card: ['H7', 'D8']
name: b10902127, hole_card: ['DA', 'D4']
"b10902009" declared "call:890"
Street "river" started. (community card = ['D7', 'CJ', 'SA', 'C5', 'HA'])
"['b10902127']" won the round 2 (stack = {'b10902009': 20, 'b10902127': 1980})
uuid:  vasngajtwhvdomvnaojphd , strength is:  TWOPAIR
uuid:  oexqiovzlbdomtggqjjddq , strength is:  THREECARD
winner goes to b10902127
--------------------------------------
community cards of this round: ['S4', 'DJ', 'ST', 'CJ', 'C2']
name: b10902009, hole_card: ['H5', 'S9']
name: b10902127, hole_card: ['H9', 'HT']
Started the round 3
Street "preflop" started. (community card = [])
name: b10902009, hole_card: ['H5', 'S9']
name: b10902127, hole_card: ['H9', 'HT']
"b10902127" declared "fold:0"
"['b10902009']" won the round 3 (stack = {'b10902009': 25, 'b10902127': 1975})
winner goes to b10902009
--------------------------------------
community cards of this round: ['D7', 'CK', 'D2', 'S3', 'C6']
name: b10902009, hole_card: ['HT', 'SA']
name: b10902127, hole_card: ['H5', 'CJ']
Started the round 4
Street "preflop" started. (community card = [])
winning gap =  125
True
0.6304545454545455 0.008181818181818182
Elapsed time: 0.5763647556304932 seconds
name: b10902009, hole_card: ['HT', 'SA']
name: b10902127, hole_card: ['H5', 'CJ']
"b10902009" declared "call:10"
name: b10902009, hole_card: ['HT', 'SA']
name: b10902127, hole_card: ['H5', 'CJ']
"b10902127" declared "fold:0"
"['b10902009']" won the round 4 (stack = {'b10902009': 35, 'b10902127': 1965})
winner goes to b10902009
--------------------------------------
community cards of this round: ['C7', 'HT', 'H9', 'HK', 'CT']
name: b10902009, hole_card: ['H7', 'SJ']
name: b10902127, hole_card: ['C6', 'C9']
Started the round 5
Street "preflop" started. (community card = [])
name: b10902009, hole_card: ['H7', 'SJ']
name: b10902127, hole_card: ['C6', 'C9']
"b10902127" declared "fold:0"
"['b10902009']" won the round 5 (stack = {'b10902009': 40, 'b10902127': 1960})
winner goes to b10902009
--------------------------------------
community cards of this round: ['CJ', 'H8', 'SA', 'S2', 'C2']
name: b10902009, hole_card: ['DT', 'C9']
name: b10902127, hole_card: ['D7', 'C4']
Started the round 6
Street "preflop" started. (community card = [])
winning gap =  110
True
0.5172727272727272 0.01
Elapsed time: 0.6612696647644043 seconds
name: b10902009, hole_card: ['DT', 'C9']
name: b10902127, hole_card: ['D7', 'C4']
"b10902009" declared "call:10"
name: b10902009, hole_card: ['DT', 'C9']
name: b10902127, hole_card: ['D7', 'C4']
"b10902127" declared "fold:0"
"['b10902009']" won the round 6 (stack = {'b10902009': 50, 'b10902127': 1950})
winner goes to b10902009
--------------------------------------
community cards of this round: ['C6', 'H5', 'S8', 'S5', 'S9']
name: b10902009, hole_card: ['H3', 'SQ']
name: b10902127, hole_card: ['DK', 'S4']
Started the round 7
Street "preflop" started. (community card = [])
name: b10902009, hole_card: ['H3', 'SQ']
name: b10902127, hole_card: ['DK', 'S4']
"b10902127" declared "fold:0"
"['b10902009']" won the round 7 (stack = {'b10902009': 55, 'b10902127': 1945})
winner goes to b10902009
--------------------------------------
community cards of this round: ['DQ', 'HJ', 'C5', 'SA', 'DT']
name: b10902009, hole_card: ['HT', 'D5']
name: b10902127, hole_card: ['CK', 'ST']
Started the round 8
Street "preflop" started. (community card = [])
winning gap =  95
True
0.42818181818181816 0.006363636363636364
Elapsed time: 0.7315127849578857 seconds
name: b10902009, hole_card: ['HT', 'D5']
name: b10902127, hole_card: ['CK', 'ST']
"b10902009" declared "raise:45"
name: b10902009, hole_card: ['HT', 'D5']
name: b10902127, hole_card: ['CK', 'ST']
"b10902127" declared "fold:0"
"['b10902009']" won the round 8 (stack = {'b10902009': 65, 'b10902127': 1935})
winner goes to b10902009
--------------------------------------
community cards of this round: ['D6', 'S2', 'S3', 'C5', 'H9']
name: b10902009, hole_card: ['D9', 'H4']
name: b10902127, hole_card: ['DK', 'C3']
Started the round 9
Street "preflop" started. (community card = [])
name: b10902009, hole_card: ['D9', 'H4']
name: b10902127, hole_card: ['DK', 'C3']
"b10902127" declared "fold:0"
"['b10902009']" won the round 9 (stack = {'b10902009': 70, 'b10902127': 1930})
winner goes to b10902009
--------------------------------------
community cards of this round: ['C4', 'S2', 'D3', 'DJ', 'S8']
name: b10902009, hole_card: ['D4', 'H7']
name: b10902127, hole_card: ['S6', 'DQ']
Started the round 10
Street "preflop" started. (community card = [])
winning gap =  80
True
0.39590909090909093 0.007272727272727273
Elapsed time: 0.6806542873382568 seconds
name: b10902009, hole_card: ['D4', 'H7']
name: b10902127, hole_card: ['S6', 'DQ']
"b10902009" declared "raise:45"
name: b10902009, hole_card: ['D4', 'H7']
name: b10902127, hole_card: ['S6', 'DQ']
"b10902127" declared "fold:0"
"['b10902009']" won the round 10 (stack = {'b10902009': 80, 'b10902127': 1920})
winner goes to b10902009
--------------------------------------
community cards of this round: ['S8', 'H4', 'H5', 'DJ', 'HA']
name: b10902009, hole_card: ['DT', 'D3']
name: b10902127, hole_card: ['C8', 'DK']
Started the round 11
Street "preflop" started. (community card = [])
name: b10902009, hole_card: ['DT', 'D3']
name: b10902127, hole_card: ['C8', 'DK']
"b10902127" declared "fold:0"
"['b10902009']" won the round 11 (stack = {'b10902009': 85, 'b10902127': 1915})
winner goes to b10902009
--------------------------------------
community cards of this round: ['C7', 'SA', 'ST', 'D9', 'H7']
name: b10902009, hole_card: ['SJ', 'D5']
name: b10902127, hole_card: ['C6', 'CK']
Started the round 12
Street "preflop" started. (community card = [])
winning gap =  65
True
0.46090909090909093 0.008636363636363636
Elapsed time: 0.5908081531524658 seconds
name: b10902009, hole_card: ['SJ', 'D5']
name: b10902127, hole_card: ['C6', 'CK']
"b10902009" declared "raise:45"
name: b10902009, hole_card: ['SJ', 'D5']
name: b10902127, hole_card: ['C6', 'CK']
"b10902127" declared "fold:0"
"['b10902009']" won the round 12 (stack = {'b10902009': 95, 'b10902127': 1905})
winner goes to b10902009
--------------------------------------
community cards of this round: ['D9', 'S9', 'C4', 'D8', 'D6']
name: b10902009, hole_card: ['D5', 'H7']
name: b10902127, hole_card: ['C5', 'DA']
Started the round 13
Street "preflop" started. (community card = [])
name: b10902009, hole_card: ['D5', 'H7']
name: b10902127, hole_card: ['C5', 'DA']
"b10902127" declared "fold:0"
"['b10902009']" won the round 13 (stack = {'b10902009': 100, 'b10902127': 1900})
winner goes to b10902009
--------------------------------------
community cards of this round: ['S2', 'D7', 'DK', 'S8', 'HJ']
name: b10902009, hole_card: ['C8', 'H5']
name: b10902127, hole_card: ['DQ', 'D6']
Started the round 14
Street "preflop" started. (community card = [])
winning gap =  50
True
0.41818181818181815 0.006818181818181818
Elapsed time: 0.7217457294464111 seconds
name: b10902009, hole_card: ['C8', 'H5']
name: b10902127, hole_card: ['DQ', 'D6']
"b10902009" declared "raise:45"
name: b10902009, hole_card: ['C8', 'H5']
name: b10902127, hole_card: ['DQ', 'D6']
"b10902127" declared "fold:0"
"['b10902009']" won the round 14 (stack = {'b10902009': 110, 'b10902127': 1890})
winner goes to b10902009
--------------------------------------
community cards of this round: ['DA', 'HT', 'H7', 'CJ', 'CQ']
name: b10902009, hole_card: ['D6', 'C5']
name: b10902127, hole_card: ['H8', 'D5']
Started the round 15
Street "preflop" started. (community card = [])
name: b10902009, hole_card: ['D6', 'C5']
name: b10902127, hole_card: ['H8', 'D5']
"b10902127" declared "fold:0"
"['b10902009']" won the round 15 (stack = {'b10902009': 115, 'b10902127': 1885})
winner goes to b10902009
--------------------------------------
community cards of this round: ['D5', 'C2', 'HK', 'D9', 'H3']
name: b10902009, hole_card: ['S3', 'C5']
name: b10902127, hole_card: ['HA', 'S4']
Started the round 16
Street "preflop" started. (community card = [])
winning gap =  35
True
0.3390909090909091 0.00909090909090909
Elapsed time: 0.8567380905151367 seconds
name: b10902009, hole_card: ['S3', 'C5']
name: b10902127, hole_card: ['HA', 'S4']
"b10902009" declared "raise:45"
name: b10902009, hole_card: ['S3', 'C5']
name: b10902127, hole_card: ['HA', 'S4']
"b10902127" declared "fold:0"
"['b10902009']" won the round 16 (stack = {'b10902009': 125, 'b10902127': 1875})
winner goes to b10902009
--------------------------------------
community cards of this round: ['HT', 'CJ', 'S7', 'DK', 'D7']
name: b10902009, hole_card: ['D9', 'CT']
name: b10902127, hole_card: ['SK', 'D5']
Started the round 17
Street "preflop" started. (community card = [])
name: b10902009, hole_card: ['D9', 'CT']
name: b10902127, hole_card: ['SK', 'D5']
"b10902127" declared "fold:0"
"['b10902009']" won the round 17 (stack = {'b10902009': 130, 'b10902127': 1870})
winner goes to b10902009
--------------------------------------
community cards of this round: ['C6', 'D6', 'C5', 'D4', 'S8']
name: b10902009, hole_card: ['HA', 'SJ']
name: b10902127, hole_card: ['D7', 'H6']
Started the round 18
Street "preflop" started. (community card = [])
winning gap =  20
True
0.6463636363636364 0.011363636363636364
Elapsed time: 0.5826971530914307 seconds
name: b10902009, hole_card: ['HA', 'SJ']
name: b10902127, hole_card: ['D7', 'H6']
"b10902009" declared "raise:45"
name: b10902009, hole_card: ['HA', 'SJ']
name: b10902127, hole_card: ['D7', 'H6']
"b10902127" declared "fold:0"
"['b10902009']" won the round 18 (stack = {'b10902009': 140, 'b10902127': 1860})
winner goes to b10902009
--------------------------------------
community cards of this round: ['CT', 'HA', 'D8', 'SJ', 'S6']
name: b10902009, hole_card: ['CK', 'H6']
name: b10902127, hole_card: ['D3', 'H3']
Started the round 19
Street "preflop" started. (community card = [])
name: b10902009, hole_card: ['CK', 'H6']
name: b10902127, hole_card: ['D3', 'H3']
"b10902127" declared "fold:0"
"['b10902009']" won the round 19 (stack = {'b10902009': 145, 'b10902127': 1855})
winner goes to b10902009
--------------------------------------
community cards of this round: ['CJ', 'C5', 'C2', 'C4', 'D5']
name: b10902009, hole_card: ['H9', 'DK']
name: b10902127, hole_card: ['HQ', 'D9']
Started the round 20
Street "preflop" started. (community card = [])
winning gap =  5
True
0.5922727272727273 0.005454545454545455
Elapsed time: 0.7109413146972656 seconds
name: b10902009, hole_card: ['H9', 'DK']
name: b10902127, hole_card: ['HQ', 'D9']
"b10902009" declared "raise:45"
name: b10902009, hole_card: ['H9', 'DK']
name: b10902127, hole_card: ['HQ', 'D9']
"b10902127" declared "fold:0"
"['b10902009']" won the round 20 (stack = {'b10902009': 155, 'b10902127': 1845})
winner goes to b10902009
--------------------------------------
b10902009 vs b10902127 - Game 4: {'rule': {'initial_stack': 1000, 'max_round': 20, 'small_blind_amount': 5, 'ante': 0, 'blind_structure': {}}, 'players': [{'name': 'b10902009', 'uuid': 'vasngajtwhvdomvnaojphd', 'stack': 155, 'state': 'participating'}, {'name': 'b10902127', 'uuid': 'oexqiovzlbdomtggqjjddq', 'stack': 1845, 'state': 'participating'}]}
community cards of this round: ['S8', 'D5', 'SQ', 'CA', 'DJ']
name: b10902127, hole_card: ['S9', 'D6']
name: b10902009, hole_card: ['S6', 'SJ']
Started the round 1
Street "preflop" started. (community card = [])
winning gap =  150
False
0.5159090909090909 0.009545454545454546
Elapsed time: 0.5873420238494873 seconds
name: b10902127, hole_card: ['S9', 'D6']
name: b10902009, hole_card: ['S6', 'SJ']
"b10902009" declared "call:10"
name: b10902127, hole_card: ['S9', 'D6']
name: b10902009, hole_card: ['S6', 'SJ']
"b10902127" declared "call:10"
Street "flop" started. (community card = ['S8', 'D5', 'SQ'])
winning gap =  150
False
0.5872727272727273 0.0018181818181818182
Elapsed time: 0.5963521003723145 seconds
name: b10902127, hole_card: ['S9', 'D6']
name: b10902009, hole_card: ['S6', 'SJ']
"b10902009" declared "call:0"
name: b10902127, hole_card: ['S9', 'D6']
name: b10902009, hole_card: ['S6', 'SJ']
"b10902127" declared "call:0"
Street "turn" started. (community card = ['S8', 'D5', 'SQ', 'CA'])
winning gap =  150
False
0.44636363636363635 0.008636363636363636
Elapsed time: 0.6244561672210693 seconds
name: b10902127, hole_card: ['S9', 'D6']
name: b10902009, hole_card: ['S6', 'SJ']
"b10902009" declared "call:0"
name: b10902127, hole_card: ['S9', 'D6']
name: b10902009, hole_card: ['S6', 'SJ']
"b10902127" declared "call:0"
Street "river" started. (community card = ['S8', 'D5', 'SQ', 'CA', 'DJ'])
winning gap =  150
False
0.6590909090909091 0.005454545454545455
Elapsed time: 0.8991296291351318 seconds
name: b10902127, hole_card: ['S9', 'D6']
name: b10902009, hole_card: ['S6', 'SJ']
"b10902009" declared "raise:100"
name: b10902127, hole_card: ['S9', 'D6']
name: b10902009, hole_card: ['S6', 'SJ']
"b10902127" declared "fold:0"
"['b10902009']" won the round 1 (stack = {'b10902127': 990, 'b10902009': 1010})
winner goes to b10902009
--------------------------------------
community cards of this round: ['DJ', 'H6', 'S7', 'H5', 'H8']
name: b10902127, hole_card: ['HQ', 'C9']
name: b10902009, hole_card: ['H3', 'D9']
Started the round 2
Street "preflop" started. (community card = [])
name: b10902127, hole_card: ['HQ', 'C9']
name: b10902009, hole_card: ['H3', 'D9']
"b10902127" declared "call:10"
winning gap =  145
False
0.4072727272727273 0.004545454545454545
Elapsed time: 0.5778284072875977 seconds
name: b10902127, hole_card: ['HQ', 'C9']
name: b10902009, hole_card: ['H3', 'D9']
"b10902009" declared "call:10"
Street "flop" started. (community card = ['DJ', 'H6', 'S7'])
name: b10902127, hole_card: ['HQ', 'C9']
name: b10902009, hole_card: ['H3', 'D9']
"b10902127" declared "call:0"
winning gap =  145
False
0.2431818181818182 0.006363636363636364
Elapsed time: 0.607750654220581 seconds
name: b10902127, hole_card: ['HQ', 'C9']
name: b10902009, hole_card: ['H3', 'D9']
"b10902009" declared "call:0"
Street "turn" started. (community card = ['DJ', 'H6', 'S7', 'H5'])
name: b10902127, hole_card: ['HQ', 'C9']
name: b10902009, hole_card: ['H3', 'D9']
"b10902127" declared "call:0"
winning gap =  145
False
0.24409090909090908 0.008181818181818182
Elapsed time: 0.5860288143157959 seconds
name: b10902127, hole_card: ['HQ', 'C9']
name: b10902009, hole_card: ['H3', 'D9']
"b10902009" declared "call:0"
Street "river" started. (community card = ['DJ', 'H6', 'S7', 'H5', 'H8'])
name: b10902127, hole_card: ['HQ', 'C9']
name: b10902009, hole_card: ['H3', 'D9']
"b10902127" declared "raise:980"
winning gap =  145
False
0.8404545454545455 0.012272727272727272
Elapsed time: 0.5686326026916504 seconds
name: b10902127, hole_card: ['HQ', 'C9']
name: b10902009, hole_card: ['H3', 'D9']
"b10902009" declared "call:980"
"['b10902127']" won the round 2 (stack = {'b10902127': 1980, 'b10902009': 20})
uuid:  qxtvndhlrriuwxaitymanc , strength is:  STRAIGHT
uuid:  bhvytnvjgvnqncpiofzqvq , strength is:  STRAIGHT
winner goes to b10902127
--------------------------------------
community cards of this round: ['S4', 'D3', 'HJ', 'HQ', 'S2']
name: b10902127, hole_card: ['H3', 'D7']
name: b10902009, hole_card: ['C7', 'CA']
Started the round 3
Street "preflop" started. (community card = [])
winning gap =  135
True
0.6404545454545455 0.005909090909090909
Elapsed time: 0.5909667015075684 seconds
name: b10902127, hole_card: ['H3', 'D7']
name: b10902009, hole_card: ['C7', 'CA']
"b10902009" declared "call:10"
name: b10902127, hole_card: ['H3', 'D7']
name: b10902009, hole_card: ['C7', 'CA']
"b10902127" declared "fold:0"
"['b10902009']" won the round 3 (stack = {'b10902127': 1970, 'b10902009': 30})
winner goes to b10902009
--------------------------------------
community cards of this round: ['SQ', 'HJ', 'HK', 'D9', 'DQ']
name: b10902127, hole_card: ['S5', 'HA']
name: b10902009, hole_card: ['S7', 'C5']
Started the round 4
Street "preflop" started. (community card = [])
name: b10902127, hole_card: ['S5', 'HA']
name: b10902009, hole_card: ['S7', 'C5']
"b10902127" declared "fold:0"
"['b10902009']" won the round 4 (stack = {'b10902127': 1965, 'b10902009': 35})
winner goes to b10902009
--------------------------------------
community cards of this round: ['H9', 'D7', 'S7', 'SJ', 'DT']
name: b10902127, hole_card: ['C2', 'C3']
name: b10902009, hole_card: ['D3', 'D9']
Started the round 5
Street "preflop" started. (community card = [])
winning gap =  120
True
0.43272727272727274 0.005
Elapsed time: 0.5754373073577881 seconds
name: b10902127, hole_card: ['C2', 'C3']
name: b10902009, hole_card: ['D3', 'D9']
"b10902009" declared "call:10"
name: b10902127, hole_card: ['C2', 'C3']
name: b10902009, hole_card: ['D3', 'D9']
"b10902127" declared "fold:0"
"['b10902009']" won the round 5 (stack = {'b10902127': 1955, 'b10902009': 45})
winner goes to b10902009
--------------------------------------
community cards of this round: ['SJ', 'D3', 'HA', 'DK', 'D2']
name: b10902127, hole_card: ['H4', 'C2']
name: b10902009, hole_card: ['H8', 'S8']
Started the round 6
Street "preflop" started. (community card = [])
name: b10902127, hole_card: ['H4', 'C2']
name: b10902009, hole_card: ['H8', 'S8']
"b10902127" declared "fold:0"
"['b10902009']" won the round 6 (stack = {'b10902127': 1950, 'b10902009': 50})
winner goes to b10902009
--------------------------------------
community cards of this round: ['HJ', 'CA', 'DQ', 'D5', 'D4']
name: b10902127, hole_card: ['H8', 'S2']
name: b10902009, hole_card: ['D9', 'HK']
Started the round 7
Street "preflop" started. (community card = [])
winning gap =  105
True
0.5722727272727273 0.006363636363636364
Elapsed time: 0.7054305076599121 seconds
name: b10902127, hole_card: ['H8', 'S2']
name: b10902009, hole_card: ['D9', 'HK']
"b10902009" declared "raise:45"
name: b10902127, hole_card: ['H8', 'S2']
name: b10902009, hole_card: ['D9', 'HK']
"b10902127" declared "fold:0"
"['b10902009']" won the round 7 (stack = {'b10902127': 1940, 'b10902009': 60})
winner goes to b10902009
--------------------------------------
community cards of this round: ['C6', 'SA', 'SK', 'S4', 'CT']
name: b10902127, hole_card: ['H7', 'C9']
name: b10902009, hole_card: ['S6', 'S2']
Started the round 8
Street "preflop" started. (community card = [])
name: b10902127, hole_card: ['H7', 'C9']
name: b10902009, hole_card: ['S6', 'S2']
"b10902127" declared "fold:0"
"['b10902009']" won the round 8 (stack = {'b10902127': 1935, 'b10902009': 65})
winner goes to b10902009
--------------------------------------
community cards of this round: ['HA', 'DQ', 'S7', 'SA', 'S4']
name: b10902127, hole_card: ['C5', 'D9']
name: b10902009, hole_card: ['H8', 'H5']
Started the round 9
Street "preflop" started. (community card = [])
winning gap =  90
True
0.4531818181818182 0.004090909090909091
Elapsed time: 0.7539002895355225 seconds
name: b10902127, hole_card: ['C5', 'D9']
name: b10902009, hole_card: ['H8', 'H5']
"b10902009" declared "raise:45"
name: b10902127, hole_card: ['C5', 'D9']
name: b10902009, hole_card: ['H8', 'H5']
"b10902127" declared "fold:0"
"['b10902009']" won the round 9 (stack = {'b10902127': 1925, 'b10902009': 75})
winner goes to b10902009
--------------------------------------
community cards of this round: ['C9', 'H3', 'DA', 'C5', 'S5']
name: b10902127, hole_card: ['D8', 'SA']
name: b10902009, hole_card: ['S7', 'H5']
Started the round 10
Street "preflop" started. (community card = [])
name: b10902127, hole_card: ['D8', 'SA']
name: b10902009, hole_card: ['S7', 'H5']
"b10902127" declared "fold:0"
"['b10902009']" won the round 10 (stack = {'b10902127': 1920, 'b10902009': 80})
winner goes to b10902009
--------------------------------------
community cards of this round: ['D8', 'SK', 'C2', 'H8', 'S8']
name: b10902127, hole_card: ['DT', 'HT']
name: b10902009, hole_card: ['H2', 'S5']
Started the round 11
Street "preflop" started. (community card = [])
winning gap =  75
True
0.31227272727272726 0.007272727272727273
Elapsed time: 0.5676059722900391 seconds
name: b10902127, hole_card: ['DT', 'HT']
name: b10902009, hole_card: ['H2', 'S5']
"b10902009" declared "raise:45"
name: b10902127, hole_card: ['DT', 'HT']
name: b10902009, hole_card: ['H2', 'S5']
"b10902127" declared "fold:0"
"['b10902009']" won the round 11 (stack = {'b10902127': 1910, 'b10902009': 90})
winner goes to b10902009
--------------------------------------
community cards of this round: ['DJ', 'HK', 'C8', 'S6', 'SA']
name: b10902127, hole_card: ['H8', 'D4']
name: b10902009, hole_card: ['S9', 'CT']
Started the round 12
Street "preflop" started. (community card = [])
name: b10902127, hole_card: ['H8', 'D4']
name: b10902009, hole_card: ['S9', 'CT']
"b10902127" declared "fold:0"
"['b10902009']" won the round 12 (stack = {'b10902127': 1905, 'b10902009': 95})
winner goes to b10902009
--------------------------------------
community cards of this round: ['S2', 'C3', 'HJ', 'S5', 'SA']
name: b10902127, hole_card: ['CK', 'H5']
name: b10902009, hole_card: ['H9', 'H2']
Started the round 13
Street "preflop" started. (community card = [])
winning gap =  60
True
0.41045454545454546 0.005454545454545455
Elapsed time: 0.5346951484680176 seconds
name: b10902127, hole_card: ['CK', 'H5']
name: b10902009, hole_card: ['H9', 'H2']
"b10902009" declared "raise:45"
name: b10902127, hole_card: ['CK', 'H5']
name: b10902009, hole_card: ['H9', 'H2']
"b10902127" declared "fold:0"
"['b10902009']" won the round 13 (stack = {'b10902127': 1895, 'b10902009': 105})
winner goes to b10902009
--------------------------------------
community cards of this round: ['C6', 'S5', 'S3', 'C3', 'SJ']
name: b10902127, hole_card: ['S6', 'D2']
name: b10902009, hole_card: ['H5', 'DT']
Started the round 14
Street "preflop" started. (community card = [])
name: b10902127, hole_card: ['S6', 'D2']
name: b10902009, hole_card: ['H5', 'DT']
"b10902127" declared "fold:0"
"['b10902009']" won the round 14 (stack = {'b10902127': 1890, 'b10902009': 110})
winner goes to b10902009
--------------------------------------
community cards of this round: ['C8', 'H5', 'CK', 'H8', 'SQ']
name: b10902127, hole_card: ['HA', 'HT']
name: b10902009, hole_card: ['CQ', 'D2']
Started the round 15
Street "preflop" started. (community card = [])
winning gap =  45
True
0.46045454545454545 0.008181818181818182
Elapsed time: 0.5780303478240967 seconds
name: b10902127, hole_card: ['HA', 'HT']
name: b10902009, hole_card: ['CQ', 'D2']
"b10902009" declared "raise:45"
name: b10902127, hole_card: ['HA', 'HT']
name: b10902009, hole_card: ['CQ', 'D2']
"b10902127" declared "fold:0"
"['b10902009']" won the round 15 (stack = {'b10902127': 1880, 'b10902009': 120})
winner goes to b10902009
--------------------------------------
community cards of this round: ['HQ', 'DQ', 'S5', 'C8', 'C9']
name: b10902127, hole_card: ['SK', 'H2']
name: b10902009, hole_card: ['S6', 'S4']
Started the round 16
Street "preflop" started. (community card = [])
name: b10902127, hole_card: ['SK', 'H2']
name: b10902009, hole_card: ['S6', 'S4']
"b10902127" declared "fold:0"
"['b10902009']" won the round 16 (stack = {'b10902127': 1875, 'b10902009': 125})
winner goes to b10902009
--------------------------------------
community cards of this round: ['H4', 'H8', 'DA', 'DT', 'S7']
name: b10902127, hole_card: ['H6', 'SK']
name: b10902009, hole_card: ['D3', 'H2']
Started the round 17
Street "preflop" started. (community card = [])
winning gap =  30
True
0.28954545454545455 0.008636363636363636
Elapsed time: 0.5903747081756592 seconds
name: b10902127, hole_card: ['H6', 'SK']
name: b10902009, hole_card: ['D3', 'H2']
"b10902009" declared "raise:45"
name: b10902127, hole_card: ['H6', 'SK']
name: b10902009, hole_card: ['D3', 'H2']
"b10902127" declared "fold:0"
"['b10902009']" won the round 17 (stack = {'b10902127': 1865, 'b10902009': 135})
winner goes to b10902009
--------------------------------------
community cards of this round: ['CJ', 'S3', 'C2', 'C4', 'C7']
name: b10902127, hole_card: ['D5', 'CA']
name: b10902009, hole_card: ['D6', 'H9']
Started the round 18
Street "preflop" started. (community card = [])
name: b10902127, hole_card: ['D5', 'CA']
name: b10902009, hole_card: ['D6', 'H9']
"b10902127" declared "fold:0"
"['b10902009']" won the round 18 (stack = {'b10902127': 1860, 'b10902009': 140})
winner goes to b10902009
--------------------------------------
community cards of this round: ['D3', 'D7', 'DT', 'H6', 'D6']
name: b10902127, hole_card: ['C4', 'DA']
name: b10902009, hole_card: ['HA', 'C7']
Started the round 19
Street "preflop" started. (community card = [])
winning gap =  15
True
0.5931818181818181 0.008181818181818182
Elapsed time: 0.5861468315124512 seconds
name: b10902127, hole_card: ['C4', 'DA']
name: b10902009, hole_card: ['HA', 'C7']
"b10902009" declared "raise:45"
name: b10902127, hole_card: ['C4', 'DA']
name: b10902009, hole_card: ['HA', 'C7']
"b10902127" declared "fold:0"
"['b10902009']" won the round 19 (stack = {'b10902127': 1850, 'b10902009': 150})
winner goes to b10902009
--------------------------------------
community cards of this round: ['S8', 'S2', 'H9', 'DA', 'D4']
name: b10902127, hole_card: ['C3', 'DQ']
name: b10902009, hole_card: ['C7', 'HA']
Started the round 20
Street "preflop" started. (community card = [])
name: b10902127, hole_card: ['C3', 'DQ']
name: b10902009, hole_card: ['C7', 'HA']
"b10902127" declared "fold:0"
"['b10902009']" won the round 20 (stack = {'b10902127': 1845, 'b10902009': 155})
winner goes to b10902009
--------------------------------------
b10902009 vs b10902127 - Game 5: {'rule': {'initial_stack': 1000, 'max_round': 20, 'small_blind_amount': 5, 'ante': 0, 'blind_structure': {}}, 'players': [{'name': 'b10902127', 'uuid': 'qxtvndhlrriuwxaitymanc', 'stack': 1845, 'state': 'participating'}, {'name': 'b10902009', 'uuid': 'bhvytnvjgvnqncpiofzqvq', 'stack': 155, 'state': 'participating'}]}
Final Result: b10902009 won 1 games (stack: 3300), b10902127 won 4 games (stack: 6700), num ties: 0
