community cards of this round: ['H3', 'CQ', 'D4', 'C9', 'S7']
name: b10902045, hole_card: ['C6', 'D3']
name: b10902024, hole_card: ['DT', 'DJ']
Started the round 1
Street "preflop" started. (community card = [])
name: b10902045, hole_card: ['C6', 'D3']
name: b10902024, hole_card: ['DT', 'DJ']
"b10902024" declared "raise:81.10482730761461"
name: b10902045, hole_card: ['C6', 'D3']
name: b10902024, hole_card: ['DT', 'DJ']
"b10902045" declared "call:81.10482730761461"
Street "flop" started. (community card = ['H3', 'CQ', 'D4'])
name: b10902045, hole_card: ['C6', 'D3']
name: b10902024, hole_card: ['DT', 'DJ']
"b10902024" declared "call:0"
name: b10902045, hole_card: ['C6', 'D3']
name: b10902024, hole_card: ['DT', 'DJ']
"b10902045" declared "raise:82.71161381539083"
name: b10902045, hole_card: ['C6', 'D3']
name: b10902024, hole_card: ['DT', 'DJ']
"b10902024" declared "fold:0"
"['b10902045']" won the round 1 (stack = {'b10902045': 1080.1835588769945, 'b10902024': 918.8951726923854})
community cards of this round: ['S3', 'H4', 'SK', 'H7', 'ST']
name: b10902045, hole_card: ['HQ', 'SA']
name: b10902024, hole_card: ['D9', 'CT']
Started the round 2
Street "preflop" started. (community card = [])
name: b10902045, hole_card: ['HQ', 'SA']
name: b10902024, hole_card: ['D9', 'CT']
"b10902045" declared "call:10"
name: b10902045, hole_card: ['HQ', 'SA']
name: b10902024, hole_card: ['D9', 'CT']
"b10902024" declared "raise:231.10482730761464"
name: b10902045, hole_card: ['HQ', 'SA']
name: b10902024, hole_card: ['D9', 'CT']
"b10902045" declared "call:231.10482730761464"
Street "flop" started. (community card = ['S3', 'H4', 'SK'])
name: b10902045, hole_card: ['HQ', 'SA']
name: b10902024, hole_card: ['D9', 'CT']
"b10902045" declared "fold:0"
"['b10902024']" won the round 2 (stack = {'b10902045': 849.0787315693799, 'b10902024': 1149.7903453847707})
community cards of this round: ['DQ', 'H3', 'C2', 'D8', 'ST']
name: b10902045, hole_card: ['S4', 'HJ']
name: b10902024, hole_card: ['C6', 'C5']
Started the round 3
Street "preflop" started. (community card = [])
name: b10902045, hole_card: ['S4', 'HJ']
name: b10902024, hole_card: ['C6', 'C5']
"b10902024" declared "fold:0"
"['b10902045']" won the round 3 (stack = {'b10902045': 854.0787315693799, 'b10902024': 1144.7903453847707})
community cards of this round: ['C9', 'HA', 'ST', 'S9', 'DA']
name: b10902045, hole_card: ['D3', 'D4']
name: b10902024, hole_card: ['D2', 'C7']
Started the round 4
Street "preflop" started. (community card = [])
name: b10902045, hole_card: ['D3', 'D4']
name: b10902024, hole_card: ['D2', 'C7']
"b10902045" declared "call:10"
name: b10902045, hole_card: ['D3', 'D4']
name: b10902024, hole_card: ['D2', 'C7']
"b10902024" declared "fold:0"
"['b10902045']" won the round 4 (stack = {'b10902045': 864.0787315693799, 'b10902024': 1134.7903453847707})
community cards of this round: ['CK', 'H2', 'S4', 'D8', 'H7']
name: b10902045, hole_card: ['S8', 'CJ']
name: b10902024, hole_card: ['HA', 'DA']
Started the round 5
Street "preflop" started. (community card = [])
name: b10902045, hole_card: ['S8', 'CJ']
name: b10902024, hole_card: ['HA', 'DA']
"b10902024" declared "fold:0"
"['b10902045']" won the round 5 (stack = {'b10902045': 869.0787315693799, 'b10902024': 1129.7903453847707})
community cards of this round: ['SJ', 'HQ', 'DT', 'D7', 'S9']
name: b10902045, hole_card: ['SA', 'DK']
name: b10902024, hole_card: ['CT', 'CJ']
Started the round 6
Street "preflop" started. (community card = [])
name: b10902045, hole_card: ['SA', 'DK']
name: b10902024, hole_card: ['CT', 'CJ']
"b10902045" declared "call:10"
name: b10902045, hole_card: ['SA', 'DK']
name: b10902024, hole_card: ['CT', 'CJ']
"b10902024" declared "fold:0"
"['b10902045']" won the round 6 (stack = {'b10902045': 879.0787315693799, 'b10902024': 1119.7903453847707})
community cards of this round: ['SQ', 'CJ', 'C2', 'H4', 'DA']
name: b10902045, hole_card: ['DK', 'S2']
name: b10902024, hole_card: ['H9', 'HT']
Started the round 7
Street "preflop" started. (community card = [])
name: b10902045, hole_card: ['DK', 'S2']
name: b10902024, hole_card: ['H9', 'HT']
"b10902024" declared "fold:0"
"['b10902045']" won the round 7 (stack = {'b10902045': 884.0787315693799, 'b10902024': 1114.7903453847707})
community cards of this round: ['S6', 'HQ', 'H9', 'C7', 'D8']
name: b10902045, hole_card: ['HA', 'C8']
name: b10902024, hole_card: ['H6', 'DA']
Started the round 8
Street "preflop" started. (community card = [])
name: b10902045, hole_card: ['HA', 'C8']
name: b10902024, hole_card: ['H6', 'DA']
"b10902045" declared "call:10"
name: b10902045, hole_card: ['HA', 'C8']
name: b10902024, hole_card: ['H6', 'DA']
"b10902024" declared "fold:0"
"['b10902045']" won the round 8 (stack = {'b10902045': 894.0787315693799, 'b10902024': 1104.7903453847707})
community cards of this round: ['HQ', 'HA', 'CJ', 'D4', 'DJ']
name: b10902045, hole_card: ['C5', 'S7']
name: b10902024, hole_card: ['C7', 'H3']
Started the round 9
Street "preflop" started. (community card = [])
name: b10902045, hole_card: ['C5', 'S7']
name: b10902024, hole_card: ['C7', 'H3']
"b10902024" declared "fold:0"
"['b10902045']" won the round 9 (stack = {'b10902045': 899.0787315693799, 'b10902024': 1099.7903453847707})
community cards of this round: ['HQ', 'C7', 'H9', 'D9', 'DT']
name: b10902045, hole_card: ['H2', 'H6']
name: b10902024, hole_card: ['S3', 'DQ']
Started the round 10
Street "preflop" started. (community card = [])
name: b10902045, hole_card: ['H2', 'H6']
name: b10902024, hole_card: ['S3', 'DQ']
"b10902045" declared "call:10"
name: b10902045, hole_card: ['H2', 'H6']
name: b10902024, hole_card: ['S3', 'DQ']
"b10902024" declared "fold:0"
"['b10902045']" won the round 10 (stack = {'b10902045': 909.0787315693799, 'b10902024': 1089.7903453847707})
community cards of this round: ['C5', 'D2', 'H5', 'SQ', 'DJ']
name: b10902045, hole_card: ['DK', 'HA']
name: b10902024, hole_card: ['S3', 'H7']
Started the round 11
Street "preflop" started. (community card = [])
name: b10902045, hole_card: ['DK', 'HA']
name: b10902024, hole_card: ['S3', 'H7']
"b10902024" declared "fold:0"
"['b10902045']" won the round 11 (stack = {'b10902045': 914.0787315693799, 'b10902024': 1084.7903453847707})
community cards of this round: ['DK', 'D4', 'H2', 'HA', 'D2']
name: b10902045, hole_card: ['C3', 'D7']
name: b10902024, hole_card: ['CK', 'H8']
Started the round 12
Street "preflop" started. (community card = [])
name: b10902045, hole_card: ['C3', 'D7']
name: b10902024, hole_card: ['CK', 'H8']
"b10902045" declared "call:10"
name: b10902045, hole_card: ['C3', 'D7']
name: b10902024, hole_card: ['CK', 'H8']
"b10902024" declared "fold:0"
"['b10902045']" won the round 12 (stack = {'b10902045': 924.0787315693799, 'b10902024': 1074.7903453847707})
community cards of this round: ['H4', 'S9', 'H5', 'D4', 'C7']
name: b10902045, hole_card: ['H8', 'S4']
name: b10902024, hole_card: ['HJ', 'H7']
Started the round 13
Street "preflop" started. (community card = [])
name: b10902045, hole_card: ['H8', 'S4']
name: b10902024, hole_card: ['HJ', 'H7']
"b10902024" declared "fold:0"
"['b10902045']" won the round 13 (stack = {'b10902045': 929.0787315693799, 'b10902024': 1069.7903453847707})
community cards of this round: ['SK', 'H3', 'HQ', 'D7', 'DQ']
name: b10902045, hole_card: ['D6', 'D8']
name: b10902024, hole_card: ['H6', 'C3']
Started the round 14
Street "preflop" started. (community card = [])
name: b10902045, hole_card: ['D6', 'D8']
name: b10902024, hole_card: ['H6', 'C3']
"b10902045" declared "call:10"
name: b10902045, hole_card: ['D6', 'D8']
name: b10902024, hole_card: ['H6', 'C3']
"b10902024" declared "fold:0"
"['b10902045']" won the round 14 (stack = {'b10902045': 939.0787315693799, 'b10902024': 1059.7903453847707})
community cards of this round: ['DK', 'C7', 'S6', 'HK', 'H5']
name: b10902045, hole_card: ['H7', 'SA']
name: b10902024, hole_card: ['DJ', 'S8']
Started the round 15
Street "preflop" started. (community card = [])
name: b10902045, hole_card: ['H7', 'SA']
name: b10902024, hole_card: ['DJ', 'S8']
"b10902024" declared "fold:0"
"['b10902045']" won the round 15 (stack = {'b10902045': 944.0787315693799, 'b10902024': 1054.7903453847707})
community cards of this round: ['C3', 'H2', 'H8', 'DA', 'C2']
name: b10902045, hole_card: ['C6', 'DT']
name: b10902024, hole_card: ['CA', 'S9']
Started the round 16
Street "preflop" started. (community card = [])
name: b10902045, hole_card: ['C6', 'DT']
name: b10902024, hole_card: ['CA', 'S9']
"b10902045" declared "raise:61.453936578469"
name: b10902045, hole_card: ['C6', 'DT']
name: b10902024, hole_card: ['CA', 'S9']
"b10902024" declared "fold:0"
"['b10902045']" won the round 16 (stack = {'b10902045': 953.6247949909109, 'b10902024': 1044.7903453847707})
community cards of this round: ['D6', 'ST', 'C9', 'H8', 'HA']
name: b10902045, hole_card: ['CK', 'S2']
name: b10902024, hole_card: ['S6', 'H9']
Started the round 17
Street "preflop" started. (community card = [])
name: b10902045, hole_card: ['CK', 'S2']
name: b10902024, hole_card: ['S6', 'H9']
"b10902024" declared "fold:0"
"['b10902045']" won the round 17 (stack = {'b10902045': 958.6247949909109, 'b10902024': 1039.7903453847707})
community cards of this round: ['ST', 'C6', 'H8', 'C8', 'C2']
name: b10902045, hole_card: ['S5', 'H5']
name: b10902024, hole_card: ['D6', 'H7']
Started the round 18
Street "preflop" started. (community card = [])
name: b10902045, hole_card: ['S5', 'H5']
name: b10902024, hole_card: ['D6', 'H7']
"b10902045" declared "call:10"
name: b10902045, hole_card: ['S5', 'H5']
name: b10902024, hole_card: ['D6', 'H7']
"b10902024" declared "fold:0"
"['b10902045']" won the round 18 (stack = {'b10902045': 968.6247949909109, 'b10902024': 1029.7903453847707})
community cards of this round: ['D8', 'H3', 'HA', 'S2', 'C7']
name: b10902045, hole_card: ['H5', 'SQ']
name: b10902024, hole_card: ['H6', 'CK']
Started the round 19
Street "preflop" started. (community card = [])
name: b10902045, hole_card: ['H5', 'SQ']
name: b10902024, hole_card: ['H6', 'CK']
"b10902024" declared "fold:0"
"['b10902045']" won the round 19 (stack = {'b10902045': 973.6247949909109, 'b10902024': 1024.7903453847707})
community cards of this round: ['DT', 'SQ', 'S2', 'D5', 'S7']
name: b10902045, hole_card: ['S6', 'S5']
name: b10902024, hole_card: ['C4', 'DQ']
Started the round 20
Street "preflop" started. (community card = [])
name: b10902045, hole_card: ['S6', 'S5']
name: b10902024, hole_card: ['C4', 'DQ']
"b10902045" declared "call:10"
name: b10902045, hole_card: ['S6', 'S5']
name: b10902024, hole_card: ['C4', 'DQ']
"b10902024" declared "fold:0"
"['b10902045']" won the round 20 (stack = {'b10902045': 983.6247949909109, 'b10902024': 1014.7903453847707})
b10902024 vs b10902045 - Game 1: {'rule': {'initial_stack': 1000, 'max_round': 20, 'small_blind_amount': 5, 'ante': 0, 'blind_structure': {}}, 'players': [{'name': 'b10902045', 'uuid': 'urhrsybtkkadcmpcjpxzpl', 'stack': 983.6247949909109, 'state': 'participating'}, {'name': 'b10902024', 'uuid': 'iugrfoghllrcrxmrscsniv', 'stack': 1014.7903453847707, 'state': 'participating'}]}
community cards of this round: ['H3', 'CQ', 'D4', 'C9', 'S7']
name: b10902024, hole_card: ['C6', 'D3']
name: b10902045, hole_card: ['DT', 'DJ']
Started the round 1
Street "preflop" started. (community card = [])
name: b10902024, hole_card: ['C6', 'D3']
name: b10902045, hole_card: ['DT', 'DJ']
"b10902045" declared "call:10"
name: b10902024, hole_card: ['C6', 'D3']
name: b10902045, hole_card: ['DT', 'DJ']
"b10902024" declared "raise:30"
name: b10902024, hole_card: ['C6', 'D3']
name: b10902045, hole_card: ['DT', 'DJ']
"b10902045" declared "call:30"
Street "flop" started. (community card = ['H3', 'CQ', 'D4'])
name: b10902024, hole_card: ['C6', 'D3']
name: b10902045, hole_card: ['DT', 'DJ']
"b10902045" declared "raise:86.8"
name: b10902024, hole_card: ['C6', 'D3']
name: b10902045, hole_card: ['DT', 'DJ']
"b10902024" declared "call:86.8"
Street "turn" started. (community card = ['H3', 'CQ', 'D4', 'C9'])
name: b10902024, hole_card: ['C6', 'D3']
name: b10902045, hole_card: ['DT', 'DJ']
"b10902045" declared "raise:79.85600000000001"
name: b10902024, hole_card: ['C6', 'D3']
name: b10902045, hole_card: ['DT', 'DJ']
"b10902024" declared "fold:0"
"['b10902045']" won the round 1 (stack = {'b10902024': 883.2, 'b10902045': 1116.344})
community cards of this round: ['S3', 'H4', 'SK', 'H7', 'ST']
name: b10902024, hole_card: ['HQ', 'SA']
name: b10902045, hole_card: ['D9', 'CT']
Started the round 2
Street "preflop" started. (community card = [])
name: b10902024, hole_card: ['HQ', 'SA']
name: b10902045, hole_card: ['D9', 'CT']
"b10902024" declared "raise:150.48417644678264"
name: b10902024, hole_card: ['HQ', 'SA']
name: b10902045, hole_card: ['D9', 'CT']
"b10902045" declared "call:150.48417644678264"
Street "flop" started. (community card = ['S3', 'H4', 'SK'])
name: b10902024, hole_card: ['HQ', 'SA']
name: b10902045, hole_card: ['D9', 'CT']
"b10902024" declared "raise:732.7158235532174"
name: b10902024, hole_card: ['HQ', 'SA']
name: b10902045, hole_card: ['D9', 'CT']
"b10902045" declared "fold:0"
"['b10902024']" won the round 2 (stack = {'b10902024': 1033.0, 'b10902045': 965.8598235532174})
community cards of this round: ['DQ', 'H3', 'C2', 'D8', 'ST']
name: b10902024, hole_card: ['S4', 'HJ']
name: b10902045, hole_card: ['C6', 'C5']
Started the round 3
Street "preflop" started. (community card = [])
name: b10902024, hole_card: ['S4', 'HJ']
name: b10902045, hole_card: ['C6', 'C5']
"b10902045" declared "call:10"
name: b10902024, hole_card: ['S4', 'HJ']
name: b10902045, hole_card: ['C6', 'C5']
"b10902024" declared "raise:30"
name: b10902024, hole_card: ['S4', 'HJ']
name: b10902045, hole_card: ['C6', 'C5']
"b10902045" declared "call:30"
Street "flop" started. (community card = ['DQ', 'H3', 'C2'])
name: b10902024, hole_card: ['S4', 'HJ']
name: b10902045, hole_card: ['C6', 'C5']
"b10902045" declared "raise:84.0687858842574"
name: b10902024, hole_card: ['S4', 'HJ']
name: b10902045, hole_card: ['C6', 'C5']
"b10902024" declared "fold:0"
"['b10902045']" won the round 3 (stack = {'b10902024': 1003.0, 'b10902045': 995.79103766896})
community cards of this round: ['C9', 'HA', 'ST', 'S9', 'DA']
name: b10902024, hole_card: ['D3', 'D4']
name: b10902045, hole_card: ['D2', 'C7']
Started the round 4
Street "preflop" started. (community card = [])
name: b10902024, hole_card: ['D3', 'D4']
name: b10902045, hole_card: ['D2', 'C7']
"b10902024" declared "call:10"
name: b10902024, hole_card: ['D3', 'D4']
name: b10902045, hole_card: ['D2', 'C7']
"b10902045" declared "call:10"
Street "flop" started. (community card = ['C9', 'HA', 'ST'])
name: b10902024, hole_card: ['D3', 'D4']
name: b10902045, hole_card: ['D2', 'C7']
"b10902024" declared "call:0"
name: b10902024, hole_card: ['D3', 'D4']
name: b10902045, hole_card: ['D2', 'C7']
"b10902045" declared "raise:88.06328301351681"
name: b10902024, hole_card: ['D3', 'D4']
name: b10902045, hole_card: ['D2', 'C7']
"b10902024" declared "fold:0"
"['b10902045']" won the round 4 (stack = {'b10902024': 993.0, 'b10902045': 1005.7277546554433})
community cards of this round: ['CK', 'H2', 'S4', 'D8', 'H7']
name: b10902024, hole_card: ['S8', 'CJ']
name: b10902045, hole_card: ['HA', 'DA']
Started the round 5
Street "preflop" started. (community card = [])
name: b10902024, hole_card: ['S8', 'CJ']
name: b10902045, hole_card: ['HA', 'DA']
"b10902045" declared "call:10"
name: b10902024, hole_card: ['S8', 'CJ']
name: b10902045, hole_card: ['HA', 'DA']
"b10902024" declared "raise:132.0"
name: b10902024, hole_card: ['S8', 'CJ']
name: b10902045, hole_card: ['HA', 'DA']
"b10902045" declared "call:132.0"
Street "flop" started. (community card = ['CK', 'H2', 'S4'])
name: b10902024, hole_card: ['S8', 'CJ']
name: b10902045, hole_card: ['HA', 'DA']
"b10902045" declared "fold:0"
"['b10902024']" won the round 5 (stack = {'b10902024': 1125.0, 'b10902045': 873.7277546554433})
community cards of this round: ['SJ', 'HQ', 'DT', 'D7', 'S9']
name: b10902024, hole_card: ['SA', 'DK']
name: b10902045, hole_card: ['CT', 'CJ']
Started the round 6
Street "preflop" started. (community card = [])
name: b10902024, hole_card: ['SA', 'DK']
name: b10902045, hole_card: ['CT', 'CJ']
"b10902024" declared "fold:0"
"['b10902045']" won the round 6 (stack = {'b10902024': 1120.0, 'b10902045': 878.7277546554433})
community cards of this round: ['SQ', 'CJ', 'C2', 'H4', 'DA']
name: b10902024, hole_card: ['DK', 'S2']
name: b10902045, hole_card: ['H9', 'HT']
Started the round 7
Street "preflop" started. (community card = [])
name: b10902024, hole_card: ['DK', 'S2']
name: b10902045, hole_card: ['H9', 'HT']
"b10902045" declared "call:10"
name: b10902024, hole_card: ['DK', 'S2']
name: b10902045, hole_card: ['H9', 'HT']
"b10902024" declared "fold:0"
"['b10902045']" won the round 7 (stack = {'b10902024': 1110.0, 'b10902045': 888.7277546554433})
community cards of this round: ['S6', 'HQ', 'H9', 'C7', 'D8']
name: b10902024, hole_card: ['HA', 'C8']
name: b10902045, hole_card: ['H6', 'DA']
Started the round 8
Street "preflop" started. (community card = [])
name: b10902024, hole_card: ['HA', 'C8']
name: b10902045, hole_card: ['H6', 'DA']
"b10902024" declared "fold:0"
"['b10902045']" won the round 8 (stack = {'b10902024': 1105.0, 'b10902045': 893.7277546554433})
community cards of this round: ['HQ', 'HA', 'CJ', 'D4', 'DJ']
name: b10902024, hole_card: ['C5', 'S7']
name: b10902045, hole_card: ['C7', 'H3']
Started the round 9
Street "preflop" started. (community card = [])
name: b10902024, hole_card: ['C5', 'S7']
name: b10902045, hole_card: ['C7', 'H3']
"b10902045" declared "raise:58.93638773277217"
name: b10902024, hole_card: ['C5', 'S7']
name: b10902045, hole_card: ['C7', 'H3']
"b10902024" declared "fold:0"
"['b10902045']" won the round 9 (stack = {'b10902024': 1095.0, 'b10902045': 902.7913669226712})
community cards of this round: ['HQ', 'C7', 'H9', 'D9', 'DT']
name: b10902024, hole_card: ['H2', 'H6']
name: b10902045, hole_card: ['S3', 'DQ']
Started the round 10
Street "preflop" started. (community card = [])
name: b10902024, hole_card: ['H2', 'H6']
name: b10902045, hole_card: ['S3', 'DQ']
"b10902024" declared "fold:0"
"['b10902045']" won the round 10 (stack = {'b10902024': 1090.0, 'b10902045': 907.7913669226712})
community cards of this round: ['C5', 'D2', 'H5', 'SQ', 'DJ']
name: b10902024, hole_card: ['DK', 'HA']
name: b10902045, hole_card: ['S3', 'H7']
Started the round 11
Street "preflop" started. (community card = [])
name: b10902024, hole_card: ['DK', 'HA']
name: b10902045, hole_card: ['S3', 'H7']
"b10902045" declared "call:10"
name: b10902024, hole_card: ['DK', 'HA']
name: b10902045, hole_card: ['S3', 'H7']
"b10902024" declared "fold:0"
"['b10902045']" won the round 11 (stack = {'b10902024': 1080.0, 'b10902045': 917.7913669226712})
community cards of this round: ['DK', 'D4', 'H2', 'HA', 'D2']
name: b10902024, hole_card: ['C3', 'D7']
name: b10902045, hole_card: ['CK', 'H8']
Started the round 12
Street "preflop" started. (community card = [])
name: b10902024, hole_card: ['C3', 'D7']
name: b10902045, hole_card: ['CK', 'H8']
"b10902024" declared "fold:0"
"['b10902045']" won the round 12 (stack = {'b10902024': 1075.0, 'b10902045': 922.7913669226712})
community cards of this round: ['H4', 'S9', 'H5', 'D4', 'C7']
name: b10902024, hole_card: ['H8', 'S4']
name: b10902045, hole_card: ['HJ', 'H7']
Started the round 13
Street "preflop" started. (community card = [])
name: b10902024, hole_card: ['H8', 'S4']
name: b10902045, hole_card: ['HJ', 'H7']
"b10902045" declared "call:10"
name: b10902024, hole_card: ['H8', 'S4']
name: b10902045, hole_card: ['HJ', 'H7']
"b10902024" declared "fold:0"
"['b10902045']" won the round 13 (stack = {'b10902024': 1065.0, 'b10902045': 932.7913669226712})
community cards of this round: ['SK', 'H3', 'HQ', 'D7', 'DQ']
name: b10902024, hole_card: ['D6', 'D8']
name: b10902045, hole_card: ['H6', 'C3']
Started the round 14
Street "preflop" started. (community card = [])
name: b10902024, hole_card: ['D6', 'D8']
name: b10902045, hole_card: ['H6', 'C3']
"b10902024" declared "fold:0"
"['b10902045']" won the round 14 (stack = {'b10902024': 1060.0, 'b10902045': 937.7913669226712})
community cards of this round: ['DK', 'C7', 'S6', 'HK', 'H5']
name: b10902024, hole_card: ['H7', 'SA']
name: b10902045, hole_card: ['DJ', 'S8']
Started the round 15
Street "preflop" started. (community card = [])
name: b10902024, hole_card: ['H7', 'SA']
name: b10902045, hole_card: ['DJ', 'S8']
"b10902045" declared "call:10"
name: b10902024, hole_card: ['H7', 'SA']
name: b10902045, hole_card: ['DJ', 'S8']
"b10902024" declared "fold:0"
"['b10902045']" won the round 15 (stack = {'b10902024': 1050.0, 'b10902045': 947.7913669226712})
community cards of this round: ['C3', 'H2', 'H8', 'DA', 'C2']
name: b10902024, hole_card: ['C6', 'DT']
name: b10902045, hole_card: ['CA', 'S9']
Started the round 16
Street "preflop" started. (community card = [])
name: b10902024, hole_card: ['C6', 'DT']
name: b10902045, hole_card: ['CA', 'S9']
"b10902024" declared "fold:0"
"['b10902045']" won the round 16 (stack = {'b10902024': 1045.0, 'b10902045': 952.7913669226712})
community cards of this round: ['D6', 'ST', 'C9', 'H8', 'HA']
name: b10902024, hole_card: ['CK', 'S2']
name: b10902045, hole_card: ['S6', 'H9']
Started the round 17
Street "preflop" started. (community card = [])
name: b10902024, hole_card: ['CK', 'S2']
name: b10902045, hole_card: ['S6', 'H9']
"b10902045" declared "call:10"
name: b10902024, hole_card: ['CK', 'S2']
name: b10902045, hole_card: ['S6', 'H9']
"b10902024" declared "fold:0"
"['b10902045']" won the round 17 (stack = {'b10902024': 1035.0, 'b10902045': 962.7913669226712})
community cards of this round: ['ST', 'C6', 'H8', 'C8', 'C2']
name: b10902024, hole_card: ['S5', 'H5']
name: b10902045, hole_card: ['D6', 'H7']
Started the round 18
Street "preflop" started. (community card = [])
name: b10902024, hole_card: ['S5', 'H5']
name: b10902045, hole_card: ['D6', 'H7']
"b10902024" declared "fold:0"
"['b10902045']" won the round 18 (stack = {'b10902024': 1030.0, 'b10902045': 967.7913669226712})
community cards of this round: ['D8', 'H3', 'HA', 'S2', 'C7']
name: b10902024, hole_card: ['H5', 'SQ']
name: b10902045, hole_card: ['H6', 'CK']
Started the round 19
Street "preflop" started. (community card = [])
name: b10902024, hole_card: ['H5', 'SQ']
name: b10902045, hole_card: ['H6', 'CK']
"b10902045" declared "call:10"
name: b10902024, hole_card: ['H5', 'SQ']
name: b10902045, hole_card: ['H6', 'CK']
"b10902024" declared "fold:0"
"['b10902045']" won the round 19 (stack = {'b10902024': 1020.0, 'b10902045': 977.7913669226712})
community cards of this round: ['DT', 'SQ', 'S2', 'D5', 'S7']
name: b10902024, hole_card: ['S6', 'S5']
name: b10902045, hole_card: ['C4', 'DQ']
Started the round 20
Street "preflop" started. (community card = [])
name: b10902024, hole_card: ['S6', 'S5']
name: b10902045, hole_card: ['C4', 'DQ']
"b10902024" declared "fold:0"
"['b10902045']" won the round 20 (stack = {'b10902024': 1015.0, 'b10902045': 982.7913669226712})
b10902024 vs b10902045 - Game 2: {'rule': {'initial_stack': 1000, 'max_round': 20, 'small_blind_amount': 5, 'ante': 0, 'blind_structure': {}}, 'players': [{'name': 'b10902024', 'uuid': 'emoexdshrppgncydkhwgoa', 'stack': 1015.0, 'state': 'participating'}, {'name': 'b10902045', 'uuid': 'budickaaiolbaqahiwzmzo', 'stack': 982.7913669226712, 'state': 'participating'}]}
community cards of this round: ['H7', 'C2', 'S7', 'H3', 'S2']
name: b10902045, hole_card: ['S3', 'ST']
name: b10902024, hole_card: ['S8', 'S9']
Started the round 1
Street "preflop" started. (community card = [])
name: b10902045, hole_card: ['S3', 'ST']
name: b10902024, hole_card: ['S8', 'S9']
"b10902024" declared "raise:71.46684189243834"
name: b10902045, hole_card: ['S3', 'ST']
name: b10902024, hole_card: ['S8', 'S9']
"b10902045" declared "call:71.46684189243834"
Street "flop" started. (community card = ['H7', 'C2', 'S7'])
name: b10902045, hole_card: ['S3', 'ST']
name: b10902024, hole_card: ['S8', 'S9']
"b10902024" declared "call:0"
name: b10902045, hole_card: ['S3', 'ST']
name: b10902024, hole_card: ['S8', 'S9']
"b10902045" declared "call:0"
Street "turn" started. (community card = ['H7', 'C2', 'S7', 'H3'])
name: b10902045, hole_card: ['S3', 'ST']
name: b10902024, hole_card: ['S8', 'S9']
"b10902024" declared "call:0"
name: b10902045, hole_card: ['S3', 'ST']
name: b10902024, hole_card: ['S8', 'S9']
"b10902045" declared "raise:101.85331581075617"
name: b10902045, hole_card: ['S3', 'ST']
name: b10902024, hole_card: ['S8', 'S9']
"b10902024" declared "fold:0"
"['b10902045']" won the round 1 (stack = {'b10902045': 1070.6798422968054, 'b10902024': 928.5331581075617})
community cards of this round: ['S5', 'H6', 'DA', 'C2', 'C9']
name: b10902045, hole_card: ['S4', 'S6']
name: b10902024, hole_card: ['H9', 'H3']
Started the round 2
Street "preflop" started. (community card = [])
name: b10902045, hole_card: ['S4', 'S6']
name: b10902024, hole_card: ['H9', 'H3']
"b10902045" declared "raise:67.78399211484027"
name: b10902045, hole_card: ['S4', 'S6']
name: b10902024, hole_card: ['H9', 'H3']
"b10902024" declared "fold:0"
"['b10902045']" won the round 2 (stack = {'b10902045': 1079.8958501819652, 'b10902024': 918.5331581075617})
community cards of this round: ['D3', 'HA', 'SK', 'H7', 'C9']
name: b10902045, hole_card: ['S8', 'DQ']
name: b10902024, hole_card: ['H2', 'C3']
Started the round 3
Street "preflop" started. (community card = [])
name: b10902045, hole_card: ['S8', 'DQ']
name: b10902024, hole_card: ['H2', 'C3']
"b10902024" declared "fold:0"
"['b10902045']" won the round 3 (stack = {'b10902045': 1084.8958501819652, 'b10902024': 913.5331581075617})
community cards of this round: ['S4', 'C2', 'HT', 'ST', 'SQ']
name: b10902045, hole_card: ['DQ', 'H5']
name: b10902024, hole_card: ['CQ', 'D8']
Started the round 4
Street "preflop" started. (community card = [])
name: b10902045, hole_card: ['DQ', 'H5']
name: b10902024, hole_card: ['CQ', 'D8']
"b10902045" declared "call:10"
name: b10902045, hole_card: ['DQ', 'H5']
name: b10902024, hole_card: ['CQ', 'D8']
"b10902024" declared "raise:221.4668418924383"
name: b10902045, hole_card: ['DQ', 'H5']
name: b10902024, hole_card: ['CQ', 'D8']
"b10902045" declared "call:221.4668418924383"
Street "flop" started. (community card = ['S4', 'C2', 'HT'])
name: b10902045, hole_card: ['DQ', 'H5']
name: b10902024, hole_card: ['CQ', 'D8']
"b10902045" declared "fold:0"
"['b10902024']" won the round 4 (stack = {'b10902045': 863.4290082895269, 'b10902024': 1134.0663162151234})
community cards of this round: ['CT', 'SJ', 'HT', 'C7', 'HQ']
name: b10902045, hole_card: ['S7', 'DK']
name: b10902024, hole_card: ['C3', 'C8']
Started the round 5
Street "preflop" started. (community card = [])
name: b10902045, hole_card: ['S7', 'DK']
name: b10902024, hole_card: ['C3', 'C8']
"b10902024" declared "fold:0"
"['b10902045']" won the round 5 (stack = {'b10902045': 868.4290082895269, 'b10902024': 1129.0663162151234})
community cards of this round: ['H8', 'D6', 'DT', 'DJ', 'S9']
name: b10902045, hole_card: ['C2', 'S2']
name: b10902024, hole_card: ['CQ', 'C4']
Started the round 6
Street "preflop" started. (community card = [])
name: b10902045, hole_card: ['C2', 'S2']
name: b10902024, hole_card: ['CQ', 'C4']
"b10902045" declared "call:10"
name: b10902045, hole_card: ['C2', 'S2']
name: b10902024, hole_card: ['CQ', 'C4']
"b10902024" declared "fold:0"
"['b10902045']" won the round 6 (stack = {'b10902045': 878.4290082895269, 'b10902024': 1119.0663162151234})
community cards of this round: ['HJ', 'HT', 'D9', 'HA', 'H3']
name: b10902045, hole_card: ['SK', 'S4']
name: b10902024, hole_card: ['CK', 'DK']
Started the round 7
Street "preflop" started. (community card = [])
name: b10902045, hole_card: ['SK', 'S4']
name: b10902024, hole_card: ['CK', 'DK']
"b10902024" declared "fold:0"
"['b10902045']" won the round 7 (stack = {'b10902045': 883.4290082895269, 'b10902024': 1114.0663162151234})
community cards of this round: ['D6', 'CA', 'C9', 'S3', 'S9']
name: b10902045, hole_card: ['C4', 'DA']
name: b10902024, hole_card: ['C2', 'CT']
Started the round 8
Street "preflop" started. (community card = [])
name: b10902045, hole_card: ['C4', 'DA']
name: b10902024, hole_card: ['C2', 'CT']
"b10902045" declared "call:10"
name: b10902045, hole_card: ['C4', 'DA']
name: b10902024, hole_card: ['C2', 'CT']
"b10902024" declared "fold:0"
"['b10902045']" won the round 8 (stack = {'b10902045': 893.4290082895269, 'b10902024': 1104.0663162151234})
community cards of this round: ['C2', 'H6', 'S6', 'H4', 'HT']
name: b10902045, hole_card: ['HQ', 'D9']
name: b10902024, hole_card: ['C6', 'CJ']
Started the round 9
Street "preflop" started. (community card = [])
name: b10902045, hole_card: ['HQ', 'D9']
name: b10902024, hole_card: ['C6', 'CJ']
"b10902024" declared "fold:0"
"['b10902045']" won the round 9 (stack = {'b10902045': 898.4290082895269, 'b10902024': 1099.0663162151234})
community cards of this round: ['HK', 'C4', 'H3', 'DJ', 'SJ']
name: b10902045, hole_card: ['HJ', 'ST']
name: b10902024, hole_card: ['CJ', 'H8']
Started the round 10
Street "preflop" started. (community card = [])
name: b10902045, hole_card: ['HJ', 'ST']
name: b10902024, hole_card: ['CJ', 'H8']
"b10902045" declared "call:10"
name: b10902045, hole_card: ['HJ', 'ST']
name: b10902024, hole_card: ['CJ', 'H8']
"b10902024" declared "fold:0"
"['b10902045']" won the round 10 (stack = {'b10902045': 908.4290082895269, 'b10902024': 1089.0663162151234})
community cards of this round: ['DJ', 'D4', 'S4', 'H7', 'S3']
name: b10902045, hole_card: ['D6', 'HK']
name: b10902024, hole_card: ['S6', 'DK']
Started the round 11
Street "preflop" started. (community card = [])
name: b10902045, hole_card: ['D6', 'HK']
name: b10902024, hole_card: ['S6', 'DK']
"b10902024" declared "fold:0"
"['b10902045']" won the round 11 (stack = {'b10902045': 913.4290082895269, 'b10902024': 1084.0663162151234})
community cards of this round: ['H5', 'HQ', 'D5', 'H3', 'DA']
name: b10902045, hole_card: ['CJ', 'HJ']
name: b10902024, hole_card: ['C3', 'DQ']
Started the round 12
Street "preflop" started. (community card = [])
name: b10902045, hole_card: ['CJ', 'HJ']
name: b10902024, hole_card: ['C3', 'DQ']
"b10902045" declared "call:10"
name: b10902045, hole_card: ['CJ', 'HJ']
name: b10902024, hole_card: ['C3', 'DQ']
"b10902024" declared "fold:0"
"['b10902045']" won the round 12 (stack = {'b10902045': 923.4290082895269, 'b10902024': 1074.0663162151234})
community cards of this round: ['C8', 'S3', 'HJ', 'H7', 'H4']
name: b10902045, hole_card: ['S9', 'SJ']
name: b10902024, hole_card: ['ST', 'DA']
Started the round 13
Street "preflop" started. (community card = [])
name: b10902045, hole_card: ['S9', 'SJ']
name: b10902024, hole_card: ['ST', 'DA']
"b10902024" declared "fold:0"
"['b10902045']" won the round 13 (stack = {'b10902045': 928.4290082895269, 'b10902024': 1069.0663162151234})
community cards of this round: ['D2', 'S4', 'DJ', 'CJ', 'D6']
name: b10902045, hole_card: ['H7', 'H9']
name: b10902024, hole_card: ['CQ', 'H5']
Started the round 14
Street "preflop" started. (community card = [])
name: b10902045, hole_card: ['H7', 'H9']
name: b10902024, hole_card: ['CQ', 'H5']
"b10902045" declared "call:10"
name: b10902045, hole_card: ['H7', 'H9']
name: b10902024, hole_card: ['CQ', 'H5']
"b10902024" declared "fold:0"
"['b10902045']" won the round 14 (stack = {'b10902045': 938.4290082895269, 'b10902024': 1059.0663162151234})
community cards of this round: ['C3', 'DJ', 'HT', 'H4', 'CT']
name: b10902045, hole_card: ['H2', 'HA']
name: b10902024, hole_card: ['S2', 'S5']
Started the round 15
Street "preflop" started. (community card = [])
name: b10902045, hole_card: ['H2', 'HA']
name: b10902024, hole_card: ['S2', 'S5']
"b10902024" declared "fold:0"
"['b10902045']" won the round 15 (stack = {'b10902045': 943.4290082895269, 'b10902024': 1054.0663162151234})
community cards of this round: ['C9', 'H4', 'D2', 'D5', 'C2']
name: b10902045, hole_card: ['HQ', 'D3']
name: b10902024, hole_card: ['H5', 'CJ']
Started the round 16
Street "preflop" started. (community card = [])
name: b10902045, hole_card: ['HQ', 'D3']
name: b10902024, hole_card: ['H5', 'CJ']
"b10902045" declared "call:10"
name: b10902045, hole_card: ['HQ', 'D3']
name: b10902024, hole_card: ['H5', 'CJ']
"b10902024" declared "fold:0"
"['b10902045']" won the round 16 (stack = {'b10902045': 953.4290082895269, 'b10902024': 1044.0663162151234})
community cards of this round: ['S9', 'HA', 'DQ', 'DJ', 'SK']
name: b10902045, hole_card: ['C6', 'C7']
name: b10902024, hole_card: ['HQ', 'H5']
Started the round 17
Street "preflop" started. (community card = [])
name: b10902045, hole_card: ['C6', 'C7']
name: b10902024, hole_card: ['HQ', 'H5']
"b10902024" declared "fold:0"
"['b10902045']" won the round 17 (stack = {'b10902045': 958.4290082895269, 'b10902024': 1039.0663162151234})
community cards of this round: ['S7', 'H3', 'H9', 'D9', 'CJ']
name: b10902045, hole_card: ['D2', 'S4']
name: b10902024, hole_card: ['C3', 'C8']
Started the round 18
Street "preflop" started. (community card = [])
name: b10902045, hole_card: ['D2', 'S4']
name: b10902024, hole_card: ['C3', 'C8']
"b10902045" declared "call:10"
name: b10902045, hole_card: ['D2', 'S4']
name: b10902024, hole_card: ['C3', 'C8']
"b10902024" declared "fold:0"
"['b10902045']" won the round 18 (stack = {'b10902045': 968.4290082895269, 'b10902024': 1029.0663162151234})
community cards of this round: ['DQ', 'D4', 'D5', 'H7', 'H9']
name: b10902045, hole_card: ['H2', 'ST']
name: b10902024, hole_card: ['SJ', 'D9']
Started the round 19
Street "preflop" started. (community card = [])
name: b10902045, hole_card: ['H2', 'ST']
name: b10902024, hole_card: ['SJ', 'D9']
"b10902024" declared "fold:0"
"['b10902045']" won the round 19 (stack = {'b10902045': 973.4290082895269, 'b10902024': 1024.0663162151234})
community cards of this round: ['ST', 'D9', 'S9', 'CA', 'HQ']
name: b10902045, hole_card: ['S2', 'C4']
name: b10902024, hole_card: ['D4', 'S4']
Started the round 20
Street "preflop" started. (community card = [])
name: b10902045, hole_card: ['S2', 'C4']
name: b10902024, hole_card: ['D4', 'S4']
"b10902045" declared "call:10"
name: b10902045, hole_card: ['S2', 'C4']
name: b10902024, hole_card: ['D4', 'S4']
"b10902024" declared "fold:0"
"['b10902045']" won the round 20 (stack = {'b10902045': 983.4290082895269, 'b10902024': 1014.0663162151234})
b10902024 vs b10902045 - Game 3: {'rule': {'initial_stack': 1000, 'max_round': 20, 'small_blind_amount': 5, 'ante': 0, 'blind_structure': {}}, 'players': [{'name': 'b10902045', 'uuid': 'gmkodsyronczgoxymezgdo', 'stack': 983.4290082895269, 'state': 'participating'}, {'name': 'b10902024', 'uuid': 'srbnneaajcyqbiphgzwoan', 'stack': 1014.0663162151234, 'state': 'participating'}]}
community cards of this round: ['H7', 'C2', 'S7', 'H3', 'S2']
name: b10902024, hole_card: ['S3', 'ST']
name: b10902045, hole_card: ['S8', 'S9']
Started the round 1
Street "preflop" started. (community card = [])
name: b10902024, hole_card: ['S3', 'ST']
name: b10902045, hole_card: ['S8', 'S9']
"b10902045" declared "call:10"
name: b10902024, hole_card: ['S3', 'ST']
name: b10902045, hole_card: ['S8', 'S9']
"b10902024" declared "raise:60.43034649964643"
name: b10902024, hole_card: ['S3', 'ST']
name: b10902045, hole_card: ['S8', 'S9']
"b10902045" declared "call:60.43034649964643"
Street "flop" started. (community card = ['H7', 'C2', 'S7'])
name: b10902024, hole_card: ['S3', 'ST']
name: b10902045, hole_card: ['S8', 'S9']
"b10902045" declared "raise:84.36557228002829"
name: b10902024, hole_card: ['S3', 'ST']
name: b10902045, hole_card: ['S8', 'S9']
"b10902024" declared "fold:0"
"['b10902045']" won the round 1 (stack = {'b10902024': 939.5696535003535, 'b10902045': 1060.2040812203252})
community cards of this round: ['S5', 'H6', 'DA', 'C2', 'C9']
name: b10902024, hole_card: ['S4', 'S6']
name: b10902045, hole_card: ['H9', 'H3']
Started the round 2
Street "preflop" started. (community card = [])
name: b10902024, hole_card: ['S4', 'S6']
name: b10902045, hole_card: ['H9', 'H3']
"b10902024" declared "call:10"
name: b10902024, hole_card: ['S4', 'S6']
name: b10902045, hole_card: ['H9', 'H3']
"b10902045" declared "call:10"
Street "flop" started. (community card = ['S5', 'H6', 'DA'])
name: b10902024, hole_card: ['S4', 'S6']
name: b10902045, hole_card: ['H9', 'H3']
"b10902024" declared "raise:929.5696535003535"
name: b10902024, hole_card: ['S4', 'S6']
name: b10902045, hole_card: ['H9', 'H3']
"b10902045" declared "fold:0"
"['b10902024']" won the round 2 (stack = {'b10902024': 949.0, 'b10902045': 1050.2040812203252})
community cards of this round: ['D3', 'HA', 'SK', 'H7', 'C9']
name: b10902024, hole_card: ['S8', 'DQ']
name: b10902045, hole_card: ['H2', 'C3']
Started the round 3
Street "preflop" started. (community card = [])
name: b10902024, hole_card: ['S8', 'DQ']
name: b10902045, hole_card: ['H2', 'C3']
"b10902045" declared "call:10"
name: b10902024, hole_card: ['S8', 'DQ']
name: b10902045, hole_card: ['H2', 'C3']
"b10902024" declared "raise:191.0"
name: b10902024, hole_card: ['S8', 'DQ']
name: b10902045, hole_card: ['H2', 'C3']
"b10902045" declared "call:191.0"
Street "flop" started. (community card = ['D3', 'HA', 'SK'])
name: b10902024, hole_card: ['S8', 'DQ']
name: b10902045, hole_card: ['H2', 'C3']
"b10902045" declared "fold:0"
"['b10902024']" won the round 3 (stack = {'b10902024': 1140.0, 'b10902045': 859.2040812203252})
community cards of this round: ['S4', 'C2', 'HT', 'ST', 'SQ']
name: b10902024, hole_card: ['DQ', 'H5']
name: b10902045, hole_card: ['CQ', 'D8']
Started the round 4
Street "preflop" started. (community card = [])
name: b10902024, hole_card: ['DQ', 'H5']
name: b10902045, hole_card: ['CQ', 'D8']
"b10902024" declared "fold:0"
"['b10902045']" won the round 4 (stack = {'b10902024': 1135.0, 'b10902045': 864.2040812203252})
community cards of this round: ['CT', 'SJ', 'HT', 'C7', 'HQ']
name: b10902024, hole_card: ['S7', 'DK']
name: b10902045, hole_card: ['C3', 'C8']
Started the round 5
Street "preflop" started. (community card = [])
name: b10902024, hole_card: ['S7', 'DK']
name: b10902045, hole_card: ['C3', 'C8']
"b10902045" declared "raise:57.46020406101626"
name: b10902024, hole_card: ['S7', 'DK']
name: b10902045, hole_card: ['C3', 'C8']
"b10902024" declared "fold:0"
"['b10902045']" won the round 5 (stack = {'b10902024': 1125.0, 'b10902045': 873.7438771593089})
community cards of this round: ['H8', 'D6', 'DT', 'DJ', 'S9']
name: b10902024, hole_card: ['C2', 'S2']
name: b10902045, hole_card: ['CQ', 'C4']
Started the round 6
Street "preflop" started. (community card = [])
name: b10902024, hole_card: ['C2', 'S2']
name: b10902045, hole_card: ['CQ', 'C4']
"b10902024" declared "fold:0"
"['b10902045']" won the round 6 (stack = {'b10902024': 1120.0, 'b10902045': 878.7438771593089})
community cards of this round: ['HJ', 'HT', 'D9', 'HA', 'H3']
name: b10902024, hole_card: ['SK', 'S4']
name: b10902045, hole_card: ['CK', 'DK']
Started the round 7
Street "preflop" started. (community card = [])
name: b10902024, hole_card: ['SK', 'S4']
name: b10902045, hole_card: ['CK', 'DK']
"b10902045" declared "call:10"
name: b10902024, hole_card: ['SK', 'S4']
name: b10902045, hole_card: ['CK', 'DK']
"b10902024" declared "fold:0"
"['b10902045']" won the round 7 (stack = {'b10902024': 1110.0, 'b10902045': 888.7438771593089})
community cards of this round: ['D6', 'CA', 'C9', 'S3', 'S9']
name: b10902024, hole_card: ['C4', 'DA']
name: b10902045, hole_card: ['C2', 'CT']
Started the round 8
Street "preflop" started. (community card = [])
name: b10902024, hole_card: ['C4', 'DA']
name: b10902045, hole_card: ['C2', 'CT']
"b10902024" declared "fold:0"
"['b10902045']" won the round 8 (stack = {'b10902024': 1105.0, 'b10902045': 893.7438771593089})
community cards of this round: ['C2', 'H6', 'S6', 'H4', 'HT']
name: b10902024, hole_card: ['HQ', 'D9']
name: b10902045, hole_card: ['C6', 'CJ']
Started the round 9
Street "preflop" started. (community card = [])
name: b10902024, hole_card: ['HQ', 'D9']
name: b10902045, hole_card: ['C6', 'CJ']
"b10902045" declared "call:10"
name: b10902024, hole_card: ['HQ', 'D9']
name: b10902045, hole_card: ['C6', 'CJ']
"b10902024" declared "fold:0"
"['b10902045']" won the round 9 (stack = {'b10902024': 1095.0, 'b10902045': 903.7438771593089})
community cards of this round: ['HK', 'C4', 'H3', 'DJ', 'SJ']
name: b10902024, hole_card: ['HJ', 'ST']
name: b10902045, hole_card: ['CJ', 'H8']
Started the round 10
Street "preflop" started. (community card = [])
name: b10902024, hole_card: ['HJ', 'ST']
name: b10902045, hole_card: ['CJ', 'H8']
"b10902024" declared "fold:0"
"['b10902045']" won the round 10 (stack = {'b10902024': 1090.0, 'b10902045': 908.7438771593089})
community cards of this round: ['DJ', 'D4', 'S4', 'H7', 'S3']
name: b10902024, hole_card: ['D6', 'HK']
name: b10902045, hole_card: ['S6', 'DK']
Started the round 11
Street "preflop" started. (community card = [])
name: b10902024, hole_card: ['D6', 'HK']
name: b10902045, hole_card: ['S6', 'DK']
"b10902045" declared "call:10"
name: b10902024, hole_card: ['D6', 'HK']
name: b10902045, hole_card: ['S6', 'DK']
"b10902024" declared "fold:0"
"['b10902045']" won the round 11 (stack = {'b10902024': 1080.0, 'b10902045': 918.7438771593089})
community cards of this round: ['H5', 'HQ', 'D5', 'H3', 'DA']
name: b10902024, hole_card: ['CJ', 'HJ']
name: b10902045, hole_card: ['C3', 'DQ']
Started the round 12
Street "preflop" started. (community card = [])
name: b10902024, hole_card: ['CJ', 'HJ']
name: b10902045, hole_card: ['C3', 'DQ']
"b10902024" declared "fold:0"
"['b10902045']" won the round 12 (stack = {'b10902024': 1075.0, 'b10902045': 923.7438771593089})
community cards of this round: ['C8', 'S3', 'HJ', 'H7', 'H4']
name: b10902024, hole_card: ['S9', 'SJ']
name: b10902045, hole_card: ['ST', 'DA']
Started the round 13
Street "preflop" started. (community card = [])
name: b10902024, hole_card: ['S9', 'SJ']
name: b10902045, hole_card: ['ST', 'DA']
"b10902045" declared "call:10"
name: b10902024, hole_card: ['S9', 'SJ']
name: b10902045, hole_card: ['ST', 'DA']
"b10902024" declared "fold:0"
"['b10902045']" won the round 13 (stack = {'b10902024': 1065.0, 'b10902045': 933.7438771593089})
community cards of this round: ['D2', 'S4', 'DJ', 'CJ', 'D6']
name: b10902024, hole_card: ['H7', 'H9']
name: b10902045, hole_card: ['CQ', 'H5']
Started the round 14
Street "preflop" started. (community card = [])
name: b10902024, hole_card: ['H7', 'H9']
name: b10902045, hole_card: ['CQ', 'H5']
"b10902024" declared "fold:0"
"['b10902045']" won the round 14 (stack = {'b10902024': 1060.0, 'b10902045': 938.7438771593089})
community cards of this round: ['C3', 'DJ', 'HT', 'H4', 'CT']
name: b10902024, hole_card: ['H2', 'HA']
name: b10902045, hole_card: ['S2', 'S5']
Started the round 15
Street "preflop" started. (community card = [])
name: b10902024, hole_card: ['H2', 'HA']
name: b10902045, hole_card: ['S2', 'S5']
"b10902045" declared "call:10"
name: b10902024, hole_card: ['H2', 'HA']
name: b10902045, hole_card: ['S2', 'S5']
"b10902024" declared "fold:0"
"['b10902045']" won the round 15 (stack = {'b10902024': 1050.0, 'b10902045': 948.7438771593089})
community cards of this round: ['C9', 'H4', 'D2', 'D5', 'C2']
name: b10902024, hole_card: ['HQ', 'D3']
name: b10902045, hole_card: ['H5', 'CJ']
Started the round 16
Street "preflop" started. (community card = [])
name: b10902024, hole_card: ['HQ', 'D3']
name: b10902045, hole_card: ['H5', 'CJ']
"b10902024" declared "fold:0"
"['b10902045']" won the round 16 (stack = {'b10902024': 1045.0, 'b10902045': 953.7438771593089})
community cards of this round: ['S9', 'HA', 'DQ', 'DJ', 'SK']
name: b10902024, hole_card: ['C6', 'C7']
name: b10902045, hole_card: ['HQ', 'H5']
Started the round 17
Street "preflop" started. (community card = [])
name: b10902024, hole_card: ['C6', 'C7']
name: b10902045, hole_card: ['HQ', 'H5']
"b10902045" declared "call:10"
name: b10902024, hole_card: ['C6', 'C7']
name: b10902045, hole_card: ['HQ', 'H5']
"b10902024" declared "fold:0"
"['b10902045']" won the round 17 (stack = {'b10902024': 1035.0, 'b10902045': 963.7438771593089})
community cards of this round: ['S7', 'H3', 'H9', 'D9', 'CJ']
name: b10902024, hole_card: ['D2', 'S4']
name: b10902045, hole_card: ['C3', 'C8']
Started the round 18
Street "preflop" started. (community card = [])
name: b10902024, hole_card: ['D2', 'S4']
name: b10902045, hole_card: ['C3', 'C8']
"b10902024" declared "fold:0"
"['b10902045']" won the round 18 (stack = {'b10902024': 1030.0, 'b10902045': 968.7438771593089})
community cards of this round: ['DQ', 'D4', 'D5', 'H7', 'H9']
name: b10902024, hole_card: ['H2', 'ST']
name: b10902045, hole_card: ['SJ', 'D9']
Started the round 19
Street "preflop" started. (community card = [])
name: b10902024, hole_card: ['H2', 'ST']
name: b10902045, hole_card: ['SJ', 'D9']
"b10902045" declared "call:10"
name: b10902024, hole_card: ['H2', 'ST']
name: b10902045, hole_card: ['SJ', 'D9']
"b10902024" declared "fold:0"
"['b10902045']" won the round 19 (stack = {'b10902024': 1020.0, 'b10902045': 978.7438771593089})
community cards of this round: ['ST', 'D9', 'S9', 'CA', 'HQ']
name: b10902024, hole_card: ['S2', 'C4']
name: b10902045, hole_card: ['D4', 'S4']
Started the round 20
Street "preflop" started. (community card = [])
name: b10902024, hole_card: ['S2', 'C4']
name: b10902045, hole_card: ['D4', 'S4']
"b10902024" declared "fold:0"
"['b10902045']" won the round 20 (stack = {'b10902024': 1015.0, 'b10902045': 983.7438771593089})
b10902024 vs b10902045 - Game 4: {'rule': {'initial_stack': 1000, 'max_round': 20, 'small_blind_amount': 5, 'ante': 0, 'blind_structure': {}}, 'players': [{'name': 'b10902024', 'uuid': 'zqipvfesujnbllwtfxuntx', 'stack': 1015.0, 'state': 'participating'}, {'name': 'b10902045', 'uuid': 'znyprpintkhrctbbbplcih', 'stack': 983.7438771593089, 'state': 'participating'}]}
community cards of this round: ['CT', 'S4', 'S3', 'C2', 'H7']
name: b10902045, hole_card: ['H6', 'SJ']
name: b10902024, hole_card: ['H5', 'H2']
Started the round 1
Street "preflop" started. (community card = [])
name: b10902045, hole_card: ['H6', 'SJ']
name: b10902024, hole_card: ['H5', 'H2']
"b10902024" declared "call:10"
name: b10902045, hole_card: ['H6', 'SJ']
name: b10902024, hole_card: ['H5', 'H2']
"b10902045" declared "raise:64.25"
name: b10902045, hole_card: ['H6', 'SJ']
name: b10902024, hole_card: ['H5', 'H2']
"b10902024" declared "fold:0"
"['b10902045']" won the round 1 (stack = {'b10902045': 1009.75, 'b10902024': 990})
community cards of this round: ['D5', 'C8', 'CQ', 'S8', 'H7']
name: b10902045, hole_card: ['D9', 'SK']
name: b10902024, hole_card: ['DA', 'H4']
Started the round 2
Street "preflop" started. (community card = [])
name: b10902045, hole_card: ['D9', 'SK']
name: b10902024, hole_card: ['DA', 'H4']
"b10902045" declared "call:10"
name: b10902045, hole_card: ['D9', 'SK']
name: b10902024, hole_card: ['DA', 'H4']
"b10902024" declared "raise:160"
name: b10902045, hole_card: ['D9', 'SK']
name: b10902024, hole_card: ['DA', 'H4']
"b10902045" declared "call:160"
Street "flop" started. (community card = ['D5', 'C8', 'CQ'])
name: b10902045, hole_card: ['D9', 'SK']
name: b10902024, hole_card: ['DA', 'H4']
"b10902045" declared "fold:0"
"['b10902024']" won the round 2 (stack = {'b10902045': 849.75, 'b10902024': 1150})
community cards of this round: ['D5', 'D6', 'H5', 'CA', 'S6']
name: b10902045, hole_card: ['CK', 'H4']
name: b10902024, hole_card: ['S9', 'HQ']
Started the round 3
Street "preflop" started. (community card = [])
name: b10902045, hole_card: ['CK', 'H4']
name: b10902024, hole_card: ['S9', 'HQ']
"b10902024" declared "fold:0"
"['b10902045']" won the round 3 (stack = {'b10902045': 854.75, 'b10902024': 1145})
community cards of this round: ['S3', 'SK', 'H7', 'HJ', 'D2']
name: b10902045, hole_card: ['S5', 'C9']
name: b10902024, hole_card: ['CJ', 'SQ']
Started the round 4
Street "preflop" started. (community card = [])
name: b10902045, hole_card: ['S5', 'C9']
name: b10902024, hole_card: ['CJ', 'SQ']
"b10902045" declared "call:10"
name: b10902045, hole_card: ['S5', 'C9']
name: b10902024, hole_card: ['CJ', 'SQ']
"b10902024" declared "fold:0"
"['b10902045']" won the round 4 (stack = {'b10902045': 864.75, 'b10902024': 1135})
community cards of this round: ['C5', 'HJ', 'HT', 'C7', 'D5']
name: b10902045, hole_card: ['D6', 'H5']
name: b10902024, hole_card: ['DJ', 'S9']
Started the round 5
Street "preflop" started. (community card = [])
name: b10902045, hole_card: ['D6', 'H5']
name: b10902024, hole_card: ['DJ', 'S9']
"b10902024" declared "fold:0"
"['b10902045']" won the round 5 (stack = {'b10902045': 869.75, 'b10902024': 1130})
community cards of this round: ['S9', 'D2', 'D4', 'CJ', 'H7']
name: b10902045, hole_card: ['H9', 'H2']
name: b10902024, hole_card: ['HJ', 'CA']
Started the round 6
Street "preflop" started. (community card = [])
name: b10902045, hole_card: ['H9', 'H2']
name: b10902024, hole_card: ['HJ', 'CA']
"b10902045" declared "raise:57.737500000000004"
name: b10902045, hole_card: ['H9', 'H2']
name: b10902024, hole_card: ['HJ', 'CA']
"b10902024" declared "fold:0"
"['b10902045']" won the round 6 (stack = {'b10902045': 879.0125, 'b10902024': 1120})
community cards of this round: ['D4', 'H8', 'SQ', 'D6', 'S4']
name: b10902045, hole_card: ['D3', 'D8']
name: b10902024, hole_card: ['D5', 'D9']
Started the round 7
Street "preflop" started. (community card = [])
name: b10902045, hole_card: ['D3', 'D8']
name: b10902024, hole_card: ['D5', 'D9']
"b10902024" declared "fold:0"
"['b10902045']" won the round 7 (stack = {'b10902045': 884.0125, 'b10902024': 1115})
community cards of this round: ['DJ', 'S5', 'S8', 'C4', 'H8']
name: b10902045, hole_card: ['SK', 'S3']
name: b10902024, hole_card: ['D2', 'CJ']
Started the round 8
Street "preflop" started. (community card = [])
name: b10902045, hole_card: ['SK', 'S3']
name: b10902024, hole_card: ['D2', 'CJ']
"b10902045" declared "call:10"
name: b10902045, hole_card: ['SK', 'S3']
name: b10902024, hole_card: ['D2', 'CJ']
"b10902024" declared "fold:0"
"['b10902045']" won the round 8 (stack = {'b10902045': 894.0125, 'b10902024': 1105})
community cards of this round: ['H4', 'CJ', 'S7', 'C6', 'H5']
name: b10902045, hole_card: ['H9', 'DK']
name: b10902024, hole_card: ['HJ', 'H3']
Started the round 9
Street "preflop" started. (community card = [])
name: b10902045, hole_card: ['H9', 'DK']
name: b10902024, hole_card: ['HJ', 'H3']
"b10902024" declared "fold:0"
"['b10902045']" won the round 9 (stack = {'b10902045': 899.0125, 'b10902024': 1100})
community cards of this round: ['DQ', 'D8', 'S4', 'CK', 'DA']
name: b10902045, hole_card: ['CJ', 'H3']
name: b10902024, hole_card: ['CQ', 'DK']
Started the round 10
Street "preflop" started. (community card = [])
name: b10902045, hole_card: ['CJ', 'H3']
name: b10902024, hole_card: ['CQ', 'DK']
"b10902045" declared "call:10"
name: b10902045, hole_card: ['CJ', 'H3']
name: b10902024, hole_card: ['CQ', 'DK']
"b10902024" declared "fold:0"
"['b10902045']" won the round 10 (stack = {'b10902045': 909.0125, 'b10902024': 1090})
community cards of this round: ['HT', 'C9', 'SK', 'H3', 'C4']
name: b10902045, hole_card: ['DJ', 'C7']
name: b10902024, hole_card: ['H2', 'S3']
Started the round 11
Street "preflop" started. (community card = [])
name: b10902045, hole_card: ['DJ', 'C7']
name: b10902024, hole_card: ['H2', 'S3']
"b10902024" declared "fold:0"
"['b10902045']" won the round 11 (stack = {'b10902045': 914.0125, 'b10902024': 1085})
community cards of this round: ['S4', 'C9', 'D6', 'S9', 'C5']
name: b10902045, hole_card: ['C4', 'D8']
name: b10902024, hole_card: ['C2', 'SA']
Started the round 12
Street "preflop" started. (community card = [])
name: b10902045, hole_card: ['C4', 'D8']
name: b10902024, hole_card: ['C2', 'SA']
"b10902045" declared "call:10"
name: b10902045, hole_card: ['C4', 'D8']
name: b10902024, hole_card: ['C2', 'SA']
"b10902024" declared "fold:0"
"['b10902045']" won the round 12 (stack = {'b10902045': 924.0125, 'b10902024': 1075})
community cards of this round: ['CT', 'S9', 'S3', 'H9', 'S5']
name: b10902045, hole_card: ['HA', 'H4']
name: b10902024, hole_card: ['H3', 'C4']
Started the round 13
Street "preflop" started. (community card = [])
name: b10902045, hole_card: ['HA', 'H4']
name: b10902024, hole_card: ['H3', 'C4']
"b10902024" declared "fold:0"
"['b10902045']" won the round 13 (stack = {'b10902045': 929.0125, 'b10902024': 1070})
community cards of this round: ['H7', 'C8', 'C7', 'HA', 'C3']
name: b10902045, hole_card: ['S3', 'H4']
name: b10902024, hole_card: ['S8', 'S7']
Started the round 14
Street "preflop" started. (community card = [])
name: b10902045, hole_card: ['S3', 'H4']
name: b10902024, hole_card: ['S8', 'S7']
"b10902045" declared "call:10"
name: b10902045, hole_card: ['S3', 'H4']
name: b10902024, hole_card: ['S8', 'S7']
"b10902024" declared "fold:0"
"['b10902045']" won the round 14 (stack = {'b10902045': 939.0125, 'b10902024': 1060})
community cards of this round: ['HJ', 'D5', 'CK', 'C9', 'S9']
name: b10902045, hole_card: ['S2', 'H8']
name: b10902024, hole_card: ['DQ', 'C7']
Started the round 15
Street "preflop" started. (community card = [])
name: b10902045, hole_card: ['S2', 'H8']
name: b10902024, hole_card: ['DQ', 'C7']
"b10902024" declared "fold:0"
"['b10902045']" won the round 15 (stack = {'b10902045': 944.0125, 'b10902024': 1055})
community cards of this round: ['SJ', 'D2', 'DT', 'HA', 'D9']
name: b10902045, hole_card: ['S8', 'HT']
name: b10902024, hole_card: ['CJ', 'C7']
Started the round 16
Street "preflop" started. (community card = [])
name: b10902045, hole_card: ['S8', 'HT']
name: b10902024, hole_card: ['CJ', 'C7']
"b10902045" declared "call:10"
name: b10902045, hole_card: ['S8', 'HT']
name: b10902024, hole_card: ['CJ', 'C7']
"b10902024" declared "fold:0"
"['b10902045']" won the round 16 (stack = {'b10902045': 954.0125, 'b10902024': 1045})
community cards of this round: ['D6', 'C3', 'C4', 'C9', 'C2']
name: b10902045, hole_card: ['S4', 'S3']
name: b10902024, hole_card: ['H9', 'CK']
Started the round 17
Street "preflop" started. (community card = [])
name: b10902045, hole_card: ['S4', 'S3']
name: b10902024, hole_card: ['H9', 'CK']
"b10902024" declared "fold:0"
"['b10902045']" won the round 17 (stack = {'b10902045': 959.0125, 'b10902024': 1040})
community cards of this round: ['S2', 'C8', 'C5', 'S6', 'C2']
name: b10902045, hole_card: ['H8', 'D8']
name: b10902024, hole_card: ['S4', 'S3']
Started the round 18
Street "preflop" started. (community card = [])
name: b10902045, hole_card: ['H8', 'D8']
name: b10902024, hole_card: ['S4', 'S3']
"b10902045" declared "call:10"
name: b10902045, hole_card: ['H8', 'D8']
name: b10902024, hole_card: ['S4', 'S3']
"b10902024" declared "fold:0"
"['b10902045']" won the round 18 (stack = {'b10902045': 969.0125, 'b10902024': 1030})
community cards of this round: ['DA', 'HJ', 'DJ', 'HQ', 'C8']
name: b10902045, hole_card: ['H2', 'ST']
name: b10902024, hole_card: ['S8', 'D4']
Started the round 19
Street "preflop" started. (community card = [])
name: b10902045, hole_card: ['H2', 'ST']
name: b10902024, hole_card: ['S8', 'D4']
"b10902024" declared "fold:0"
"['b10902045']" won the round 19 (stack = {'b10902045': 974.0125, 'b10902024': 1025})
community cards of this round: ['D5', 'C9', 'CA', 'DQ', 'H9']
name: b10902045, hole_card: ['HK', 'S3']
name: b10902024, hole_card: ['D7', 'C5']
Started the round 20
Street "preflop" started. (community card = [])
name: b10902045, hole_card: ['HK', 'S3']
name: b10902024, hole_card: ['D7', 'C5']
"b10902045" declared "call:10"
name: b10902045, hole_card: ['HK', 'S3']
name: b10902024, hole_card: ['D7', 'C5']
"b10902024" declared "fold:0"
"['b10902045']" won the round 20 (stack = {'b10902045': 984.0125, 'b10902024': 1015})
b10902024 vs b10902045 - Game 5: {'rule': {'initial_stack': 1000, 'max_round': 20, 'small_blind_amount': 5, 'ante': 0, 'blind_structure': {}}, 'players': [{'name': 'b10902045', 'uuid': 'vlrrqsptzdeunyrapfiadt', 'stack': 984.0125, 'state': 'participating'}, {'name': 'b10902024', 'uuid': 'cjmtjuggdkgbyumidfxpyv', 'stack': 1015, 'state': 'participating'}]}
Final Result: b10902024 won 5 games (stack: 5073.856661599894), b10902045 won 0 games (stack: 4917.6015473624175), num ties: 0
