community cards of this round: ['C4', 'D4', 'D3', 'C3', 'S5']
name: b10902012, hole_card: ['H6', 'S9']
name: b10902087, hole_card: ['SA', 'H4']
['H6', 'S9']
Started the round 1
Street "preflop" started. (community card = [])
name: b10902012, hole_card: ['H6', 'S9']
name: b10902087, hole_card: ['SA', 'H4']
"b10902087" declared "raise:98"
0th fold
    eval: 38550, range: (10, 0)
name: b10902012, hole_card: ['H6', 'S9']
name: b10902087, hole_card: ['SA', 'H4']
"b10902012" declared "fold:0"
"['b10902087']" won the round 1 (stack = {'b10902012': 990, 'b10902087': 1010})
community cards of this round: ['S5', 'H7', 'H6', 'D2', 'S7']
name: b10902012, hole_card: ['CQ', 'ST']
name: b10902087, hole_card: ['H8', 'H2']
['CQ', 'ST']
Started the round 2
Street "preflop" started. (community card = [])
    eval: 51914, range: (10, 0)
name: b10902012, hole_card: ['CQ', 'ST']
name: b10902087, hole_card: ['H8', 'H2']
"b10902012" declared "call:10"
name: b10902012, hole_card: ['CQ', 'ST']
name: b10902087, hole_card: ['H8', 'H2']
"b10902087" declared "call:10"
Street "flop" started. (community card = ['S5', 'H7', 'H6'])
    eval: 51914, range: (5.0, 0)
name: b10902012, hole_card: ['CQ', 'ST']
name: b10902087, hole_card: ['H8', 'H2']
"b10902012" declared "call:0"
name: b10902012, hole_card: ['CQ', 'ST']
name: b10902087, hole_card: ['H8', 'H2']
"b10902087" declared "raise:62"
1th fold
    eval: 51914, range: (5.0, 0)
name: b10902012, hole_card: ['CQ', 'ST']
name: b10902087, hole_card: ['H8', 'H2']
"b10902012" declared "fold:0"
"['b10902087']" won the round 2 (stack = {'b10902012': 980, 'b10902087': 1020})
community cards of this round: ['H6', 'D7', 'DA', 'HK', 'DQ']
name: b10902012, hole_card: ['H8', 'D6']
name: b10902087, hole_card: ['D4', 'CT']
['H8', 'D6']
Started the round 3
Street "preflop" started. (community card = [])
name: b10902012, hole_card: ['H8', 'D6']
name: b10902087, hole_card: ['D4', 'CT']
"b10902087" declared "call:10"
    eval: 34438, range: (10, 0)
name: b10902012, hole_card: ['H8', 'D6']
name: b10902087, hole_card: ['D4', 'CT']
"b10902012" declared "call:10"
Street "flop" started. (community card = ['H6', 'D7', 'DA'])
name: b10902012, hole_card: ['H8', 'D6']
name: b10902087, hole_card: ['D4', 'CT']
"b10902087" declared "call:0"
    eval: 90246, range: (10, 0)
name: b10902012, hole_card: ['H8', 'D6']
name: b10902087, hole_card: ['D4', 'CT']
"b10902012" declared "call:0"
Street "turn" started. (community card = ['H6', 'D7', 'DA', 'HK'])
name: b10902012, hole_card: ['H8', 'D6']
name: b10902087, hole_card: ['D4', 'CT']
"b10902087" declared "fold:0"
"['b10902012']" won the round 3 (stack = {'b10902012': 990, 'b10902087': 1010})
community cards of this round: ['D3', 'S9', 'H9', 'C3', 'S5']
name: b10902012, hole_card: ['D7', 'HQ']
name: b10902087, hole_card: ['H8', 'S7']
['D7', 'HQ']
Started the round 4
Street "preflop" started. (community card = [])
    eval: 51143, range: (10, 0)
name: b10902012, hole_card: ['D7', 'HQ']
name: b10902087, hole_card: ['H8', 'S7']
"b10902012" declared "call:10"
name: b10902012, hole_card: ['D7', 'HQ']
name: b10902087, hole_card: ['H8', 'S7']
"b10902087" declared "call:10"
Street "flop" started. (community card = ['D3', 'S9', 'H9'])
    eval: 102599, range: (10, 0)
name: b10902012, hole_card: ['D7', 'HQ']
name: b10902087, hole_card: ['H8', 'S7']
"b10902012" declared "call:0"
name: b10902012, hole_card: ['D7', 'HQ']
name: b10902087, hole_card: ['H8', 'S7']
"b10902087" declared "call:0"
Street "turn" started. (community card = ['D3', 'S9', 'H9', 'C3'])
    eval: 168903, range: (38.44743832413935, 0)
name: b10902012, hole_card: ['D7', 'HQ']
name: b10902087, hole_card: ['H8', 'S7']
"b10902012" declared "call:0"
name: b10902012, hole_card: ['D7', 'HQ']
name: b10902087, hole_card: ['H8', 'S7']
"b10902087" declared "fold:0"
"['b10902012']" won the round 4 (stack = {'b10902012': 1000, 'b10902087': 1000})
community cards of this round: ['S7', 'H6', 'DJ', 'C2', 'S6']
name: b10902012, hole_card: ['HJ', 'H4']
name: b10902087, hole_card: ['SJ', 'H9']
['HJ', 'H4']
Started the round 5
Street "preflop" started. (community card = [])
name: b10902012, hole_card: ['HJ', 'H4']
name: b10902087, hole_card: ['SJ', 'H9']
"b10902087" declared "raise:98"
0th fold
    eval: 46260, range: (10, 0)
name: b10902012, hole_card: ['HJ', 'H4']
name: b10902087, hole_card: ['SJ', 'H9']
"b10902012" declared "fold:0"
"['b10902087']" won the round 5 (stack = {'b10902012': 990, 'b10902087': 1010})
community cards of this round: ['DA', 'S7', 'D6', 'CK', 'SA']
name: b10902012, hole_card: ['D3', 'H5']
name: b10902087, hole_card: ['SQ', 'D7']
['D3', 'H5']
Started the round 6
Street "preflop" started. (community card = [])
    eval: 21331, range: (10, 0)
name: b10902012, hole_card: ['D3', 'H5']
name: b10902087, hole_card: ['SQ', 'D7']
"b10902012" declared "call:10"
name: b10902012, hole_card: ['D3', 'H5']
name: b10902087, hole_card: ['SQ', 'D7']
"b10902087" declared "raise:18"
    eval: 21331, range: (10, 0)
name: b10902012, hole_card: ['D3', 'H5']
name: b10902087, hole_card: ['SQ', 'D7']
"b10902012" declared "call:18"
Street "flop" started. (community card = ['DA', 'S7', 'D6'])
    eval: 21331, range: (5.0, 0)
name: b10902012, hole_card: ['D3', 'H5']
name: b10902087, hole_card: ['SQ', 'D7']
"b10902012" declared "call:0"
name: b10902012, hole_card: ['D3', 'H5']
name: b10902087, hole_card: ['SQ', 'D7']
"b10902087" declared "raise:58"
1th fold
    eval: 21331, range: (5.0, 0)
name: b10902012, hole_card: ['D3', 'H5']
name: b10902087, hole_card: ['SQ', 'D7']
"b10902012" declared "fold:0"
"['b10902087']" won the round 6 (stack = {'b10902012': 972, 'b10902087': 1028})
community cards of this round: ['S7', 'H2', 'H7', 'C7', 'DJ']
name: b10902012, hole_card: ['H8', 'HA']
name: b10902087, hole_card: ['DA', 'C6']
['H8', 'HA']
Started the round 7
Street "preflop" started. (community card = [])
name: b10902012, hole_card: ['H8', 'HA']
name: b10902087, hole_card: ['DA', 'C6']
"b10902087" declared "raise:125"
2th fold
    eval: 59624, range: (10, 0)
name: b10902012, hole_card: ['H8', 'HA']
name: b10902087, hole_card: ['DA', 'C6']
"b10902012" declared "fold:0"
"['b10902087']" won the round 7 (stack = {'b10902012': 962, 'b10902087': 1038})
community cards of this round: ['C9', 'C7', 'SJ', 'CQ', 'CT']
name: b10902012, hole_card: ['S9', 'HJ']
name: b10902087, hole_card: ['HT', 'S5']
['S9', 'HJ']
Started the round 8
Street "preflop" started. (community card = [])
    eval: 47545, range: (10, 0)
name: b10902012, hole_card: ['S9', 'HJ']
name: b10902087, hole_card: ['HT', 'S5']
"b10902012" declared "call:10"
name: b10902012, hole_card: ['S9', 'HJ']
name: b10902087, hole_card: ['HT', 'S5']
"b10902087" declared "call:10"
Street "flop" started. (community card = ['C9', 'C7', 'SJ'])
    eval: 178617, range: (10, 0)
name: b10902012, hole_card: ['S9', 'HJ']
name: b10902087, hole_card: ['HT', 'S5']
"b10902012" declared "call:0"
name: b10902012, hole_card: ['S9', 'HJ']
name: b10902087, hole_card: ['HT', 'S5']
"b10902087" declared "call:0"
Street "turn" started. (community card = ['C9', 'C7', 'SJ', 'CQ'])
    eval: 178617, range: (632.3253466844635, 60)
name: b10902012, hole_card: ['S9', 'HJ']
name: b10902087, hole_card: ['HT', 'S5']
"b10902012" declared "raise:60"
name: b10902012, hole_card: ['S9', 'HJ']
name: b10902087, hole_card: ['HT', 'S5']
"b10902087" declared "call:60"
Street "river" started. (community card = ['C9', 'C7', 'SJ', 'CQ', 'CT'])
    eval: 178617, range: (10, 0)
name: b10902012, hole_card: ['S9', 'HJ']
name: b10902087, hole_card: ['HT', 'S5']
"b10902012" declared "call:0"
name: b10902012, hole_card: ['S9', 'HJ']
name: b10902087, hole_card: ['HT', 'S5']
"b10902087" declared "fold:0"
"['b10902012']" won the round 8 (stack = {'b10902012': 1032, 'b10902087': 968})
community cards of this round: ['D6', 'H7', 'SK', 'D7', 'DT']
name: b10902012, hole_card: ['CA', 'C8']
name: b10902087, hole_card: ['D9', 'C6']
['CA', 'C8']
Started the round 9
Street "preflop" started. (community card = [])
name: b10902012, hole_card: ['CA', 'C8']
name: b10902087, hole_card: ['D9', 'C6']
"b10902087" declared "call:10"
    eval: 59624, range: (10, 0)
name: b10902012, hole_card: ['CA', 'C8']
name: b10902087, hole_card: ['D9', 'C6']
"b10902012" declared "call:10"
Street "flop" started. (community card = ['D6', 'H7', 'SK'])
name: b10902012, hole_card: ['CA', 'C8']
name: b10902087, hole_card: ['D9', 'C6']
"b10902087" declared "raise:62"
0th fold
    eval: 59624, range: (5.0, 0)
name: b10902012, hole_card: ['CA', 'C8']
name: b10902087, hole_card: ['D9', 'C6']
"b10902012" declared "fold:0"
"['b10902087']" won the round 9 (stack = {'b10902012': 1022, 'b10902087': 978})
community cards of this round: ['D8', 'CK', 'C3', 'HK', 'DT']
name: b10902012, hole_card: ['H2', 'ST']
name: b10902087, hole_card: ['HQ', 'D2']
['H2', 'ST']
Started the round 10
Street "preflop" started. (community card = [])
    eval: 41634, range: (10, 0)
name: b10902012, hole_card: ['H2', 'ST']
name: b10902087, hole_card: ['HQ', 'D2']
"b10902012" declared "call:10"
name: b10902012, hole_card: ['H2', 'ST']
name: b10902087, hole_card: ['HQ', 'D2']
"b10902087" declared "call:10"
Street "flop" started. (community card = ['D8', 'CK', 'C3'])
    eval: 41634, range: (5.0, 0)
name: b10902012, hole_card: ['H2', 'ST']
name: b10902087, hole_card: ['HQ', 'D2']
"b10902012" declared "call:0"
name: b10902012, hole_card: ['H2', 'ST']
name: b10902087, hole_card: ['HQ', 'D2']
"b10902087" declared "call:0"
Street "turn" started. (community card = ['D8', 'CK', 'C3', 'HK'])
    eval: 118946, range: (10, 0)
name: b10902012, hole_card: ['H2', 'ST']
name: b10902087, hole_card: ['HQ', 'D2']
"b10902012" declared "call:0"
name: b10902012, hole_card: ['H2', 'ST']
name: b10902087, hole_card: ['HQ', 'D2']
"b10902087" declared "call:0"
Street "river" started. (community card = ['D8', 'CK', 'C3', 'HK', 'DT'])
    eval: 187042, range: (769.2222222222221, 384.21099887766525)
name: b10902012, hole_card: ['H2', 'ST']
name: b10902087, hole_card: ['HQ', 'D2']
"b10902012" declared "raise:384.21099887766525"
name: b10902012, hole_card: ['H2', 'ST']
name: b10902087, hole_card: ['HQ', 'D2']
"b10902087" declared "fold:0"
"['b10902012']" won the round 10 (stack = {'b10902012': 1031.7890011223349, 'b10902087': 968})
community cards of this round: ['HJ', 'S3', 'DQ', 'D7', 'D5']
name: b10902012, hole_card: ['D2', 'CA']
name: b10902087, hole_card: ['HK', 'CQ']
['D2', 'CA']
Started the round 11
Street "preflop" started. (community card = [])
name: b10902012, hole_card: ['D2', 'CA']
name: b10902087, hole_card: ['HK', 'CQ']
"b10902087" declared "raise:61"
0th fold
    eval: 58082, range: (10, 0)
name: b10902012, hole_card: ['D2', 'CA']
name: b10902087, hole_card: ['HK', 'CQ']
"b10902012" declared "fold:0"
"['b10902087']" won the round 11 (stack = {'b10902012': 1021.7890011223349, 'b10902087': 978})
community cards of this round: ['DJ', 'C7', 'C5', 'H5', 'C6']
name: b10902012, hole_card: ['S6', 'ST']
name: b10902087, hole_card: ['S3', 'C8']
['S6', 'ST']
Started the round 12
Street "preflop" started. (community card = [])
    eval: 42662, range: (10, 0)
name: b10902012, hole_card: ['S6', 'ST']
name: b10902087, hole_card: ['S3', 'C8']
"b10902012" declared "call:10"
name: b10902012, hole_card: ['S6', 'ST']
name: b10902087, hole_card: ['S3', 'C8']
"b10902087" declared "call:10"
Street "flop" started. (community card = ['DJ', 'C7', 'C5'])
    eval: 42662, range: (5.0, 0)
name: b10902012, hole_card: ['S6', 'ST']
name: b10902087, hole_card: ['S3', 'C8']
"b10902012" declared "call:0"
name: b10902012, hole_card: ['S6', 'ST']
name: b10902087, hole_card: ['S3', 'C8']
"b10902087" declared "call:0"
Street "turn" started. (community card = ['DJ', 'C7', 'C5', 'H5'])
    eval: 86182, range: (10, 0)
name: b10902012, hole_card: ['S6', 'ST']
name: b10902087, hole_card: ['S3', 'C8']
"b10902012" declared "call:0"
name: b10902012, hole_card: ['S6', 'ST']
name: b10902087, hole_card: ['S3', 'C8']
"b10902087" declared "fold:0"
"['b10902012']" won the round 12 (stack = {'b10902012': 1031.7890011223349, 'b10902087': 968})
community cards of this round: ['DT', 'DQ', 'S5', 'D2', 'H8']
name: b10902012, hole_card: ['S6', 'H5']
name: b10902087, hole_card: ['C9', 'C7']
['S6', 'H5']
Started the round 13
Street "preflop" started. (community card = [])
name: b10902012, hole_card: ['S6', 'H5']
name: b10902087, hole_card: ['C9', 'C7']
"b10902087" declared "raise:52"
0th fold
    eval: 25957, range: (10, 0)
name: b10902012, hole_card: ['S6', 'H5']
name: b10902087, hole_card: ['C9', 'C7']
"b10902012" declared "fold:0"
"['b10902087']" won the round 13 (stack = {'b10902012': 1021.7890011223349, 'b10902087': 978})
community cards of this round: ['H9', 'D7', 'CJ', 'D2', 'CK']
name: b10902012, hole_card: ['C2', 'C7']
name: b10902087, hole_card: ['H3', 'C4']
['C2', 'C7']
Started the round 14
Street "preflop" started. (community card = [])
    eval: 29298, range: (10, 0)
name: b10902012, hole_card: ['C2', 'C7']
name: b10902087, hole_card: ['H3', 'C4']
"b10902012" declared "call:10"
name: b10902012, hole_card: ['C2', 'C7']
name: b10902087, hole_card: ['H3', 'C4']
"b10902087" declared "call:10"
Street "flop" started. (community card = ['H9', 'D7', 'CJ'])
    eval: 94322, range: (10, 0)
name: b10902012, hole_card: ['C2', 'C7']
name: b10902087, hole_card: ['H3', 'C4']
"b10902012" declared "call:0"
name: b10902012, hole_card: ['C2', 'C7']
name: b10902087, hole_card: ['H3', 'C4']
"b10902087" declared "fold:0"
"['b10902012']" won the round 14 (stack = {'b10902012': 1031.7890011223349, 'b10902087': 968})
community cards of this round: ['S8', 'CT', 'D6', 'CJ', 'HJ']
name: b10902012, hole_card: ['C3', 'S2']
name: b10902087, hole_card: ['CK', 'S3']
['C3', 'S2']
Started the round 15
Street "preflop" started. (community card = [])
name: b10902012, hole_card: ['C3', 'S2']
name: b10902087, hole_card: ['CK', 'S3']
"b10902087" declared "raise:12", Invalid action. Treat as fold...
"['b10902012']" won the round 15 (stack = {'b10902012': 1036.7890011223349, 'b10902087': 963})
community cards of this round: ['SK', 'H8', 'C4', 'H2', 'D3']
name: b10902012, hole_card: ['HJ', 'D9']
name: b10902087, hole_card: ['CT', 'C6']
['HJ', 'D9']
Started the round 16
Street "preflop" started. (community card = [])
    eval: 47545, range: (10, 0)
name: b10902012, hole_card: ['HJ', 'D9']
name: b10902087, hole_card: ['CT', 'C6']
"b10902012" declared "call:10"
name: b10902012, hole_card: ['HJ', 'D9']
name: b10902087, hole_card: ['CT', 'C6']
"b10902087" declared "raise:81"
0th fold
    eval: 47545, range: (10, 0)
name: b10902012, hole_card: ['HJ', 'D9']
name: b10902087, hole_card: ['CT', 'C6']
"b10902012" declared "fold:0"
"['b10902087']" won the round 16 (stack = {'b10902012': 1026.7890011223349, 'b10902087': 973})
community cards of this round: ['DK', 'HJ', 'DT', 'SA', 'H7']
name: b10902012, hole_card: ['C4', 'DA']
name: b10902087, hole_card: ['D4', 'HA']
['C4', 'DA']
Started the round 17
Street "preflop" started. (community card = [])
name: b10902012, hole_card: ['C4', 'DA']
name: b10902087, hole_card: ['D4', 'HA']
"b10902087" declared "raise:172"
1th fold
    eval: 58596, range: (10, 0)
name: b10902012, hole_card: ['C4', 'DA']
name: b10902087, hole_card: ['D4', 'HA']
"b10902012" declared "fold:0"
"['b10902087']" won the round 17 (stack = {'b10902012': 1016.7890011223349, 'b10902087': 983})
community cards of this round: ['C7', 'H5', 'S3', 'D5', 'DK']
name: b10902012, hole_card: ['SA', 'DT']
name: b10902087, hole_card: ['C8', 'HJ']
['SA', 'DT']
Started the round 18
Street "preflop" started. (community card = [])
    eval: 60138, range: (10, 0)
name: b10902012, hole_card: ['SA', 'DT']
name: b10902087, hole_card: ['C8', 'HJ']
"b10902012" declared "call:10"
name: b10902012, hole_card: ['SA', 'DT']
name: b10902087, hole_card: ['C8', 'HJ']
"b10902087" declared "raise:133"
2th fold
    eval: 60138, range: (10, 0)
name: b10902012, hole_card: ['SA', 'DT']
name: b10902087, hole_card: ['C8', 'HJ']
"b10902012" declared "fold:0"
"['b10902087']" won the round 18 (stack = {'b10902012': 1006.7890011223349, 'b10902087': 993})
community cards of this round: ['HK', 'H7', 'D5', 'D8', 'S2']
name: b10902012, hole_card: ['C9', 'CJ']
name: b10902087, hole_card: ['ST', 'C6']
['C9', 'CJ']
Started the round 19
Street "preflop" started. (community card = [])
name: b10902012, hole_card: ['C9', 'CJ']
name: b10902087, hole_card: ['ST', 'C6']
"b10902087" declared "raise:56"
    eval: 47545, range: (10, 0)
name: b10902012, hole_card: ['C9', 'CJ']
name: b10902087, hole_card: ['ST', 'C6']
"b10902012" declared "call:56"
Street "flop" started. (community card = ['HK', 'H7', 'D5'])
name: b10902012, hole_card: ['C9', 'CJ']
name: b10902087, hole_card: ['ST', 'C6']
"b10902087" declared "call:0"
    eval: 47545, range: (5.0, 0)
name: b10902012, hole_card: ['C9', 'CJ']
name: b10902087, hole_card: ['ST', 'C6']
"b10902012" declared "call:0"
Street "turn" started. (community card = ['HK', 'H7', 'D5', 'D8'])
name: b10902012, hole_card: ['C9', 'CJ']
name: b10902087, hole_card: ['ST', 'C6']
"b10902087" declared "call:0"
    eval: 47545, range: (10, 0)
name: b10902012, hole_card: ['C9', 'CJ']
name: b10902087, hole_card: ['ST', 'C6']
"b10902012" declared "call:0"
Street "river" started. (community card = ['HK', 'H7', 'D5', 'D8', 'S2'])
name: b10902012, hole_card: ['C9', 'CJ']
name: b10902087, hole_card: ['ST', 'C6']
"b10902087" declared "fold:0"
"['b10902012']" won the round 19 (stack = {'b10902012': 1062.7890011223349, 'b10902087': 937})
community cards of this round: ['HQ', 'DQ', 'H4', 'S7', 'D9']
name: b10902012, hole_card: ['C7', 'C4']
name: b10902087, hole_card: ['S4', 'HA']
['C7', 'C4']
Started the round 20
Street "preflop" started. (community card = [])
name: b10902012, hole_card: ['C7', 'C4']
name: b10902087, hole_card: ['S4', 'HA']
"b10902012" declared "fold:0"
"['b10902087']" won the round 20 (stack = {'b10902012': 1057.7890011223349, 'b10902087': 942})
b10902087 vs b10902012 - Game 1: {'rule': {'initial_stack': 1000, 'max_round': 20, 'small_blind_amount': 5, 'ante': 0, 'blind_structure': {}}, 'players': [{'name': 'b10902012', 'uuid': 'xswspzyivrvpaxrevkrtgt', 'stack': 1057.7890011223349, 'state': 'participating'}, {'name': 'b10902087', 'uuid': 'cpyesvvjasmrwljgbrjlxd', 'stack': 942, 'state': 'participating'}]}
community cards of this round: ['C4', 'D4', 'D3', 'C3', 'S5']
name: b10902087, hole_card: ['H6', 'S9']
name: b10902012, hole_card: ['SA', 'H4']
['SA', 'H4']
Started the round 1
Street "preflop" started. (community card = [])
    eval: 58596, range: (10, 0)
name: b10902087, hole_card: ['H6', 'S9']
name: b10902012, hole_card: ['SA', 'H4']
"b10902012" declared "call:10"
name: b10902087, hole_card: ['H6', 'S9']
name: b10902012, hole_card: ['SA', 'H4']
"b10902087" declared "call:10"
Street "flop" started. (community card = ['C4', 'D4', 'D3'])
    eval: 278756, range: (10, 0)
name: b10902087, hole_card: ['H6', 'S9']
name: b10902012, hole_card: ['SA', 'H4']
"b10902012" declared "call:0"
name: b10902087, hole_card: ['H6', 'S9']
name: b10902012, hole_card: ['SA', 'H4']
"b10902087" declared "call:0"
Street "turn" started. (community card = ['C4', 'D4', 'D3', 'C3'])
    eval: 2114532, range: (990, 60)
name: b10902087, hole_card: ['H6', 'S9']
name: b10902012, hole_card: ['SA', 'H4']
"b10902012" declared "raise:60"
name: b10902087, hole_card: ['H6', 'S9']
name: b10902012, hole_card: ['SA', 'H4']
"b10902087" declared "fold:0"
"['b10902012']" won the round 1 (stack = {'b10902087': 990, 'b10902012': 1010})
community cards of this round: ['S5', 'H7', 'H6', 'D2', 'S7']
name: b10902087, hole_card: ['CQ', 'ST']
name: b10902012, hole_card: ['H8', 'H2']
['H8', 'H2']
Started the round 2
Street "preflop" started. (community card = [])
name: b10902087, hole_card: ['CQ', 'ST']
name: b10902012, hole_card: ['H8', 'H2']
"b10902087" declared "raise:177"
0th fold
    eval: 33410, range: (10, 0)
name: b10902087, hole_card: ['CQ', 'ST']
name: b10902012, hole_card: ['H8', 'H2']
"b10902012" declared "fold:0"
"['b10902087']" won the round 2 (stack = {'b10902087': 1000, 'b10902012': 1000})
community cards of this round: ['H6', 'D7', 'DA', 'HK', 'DQ']
name: b10902087, hole_card: ['H8', 'D6']
name: b10902012, hole_card: ['D4', 'CT']
['D4', 'CT']
Started the round 3
Street "preflop" started. (community card = [])
    eval: 42148, range: (10, 0)
name: b10902087, hole_card: ['H8', 'D6']
name: b10902012, hole_card: ['D4', 'CT']
"b10902012" declared "call:10"
name: b10902087, hole_card: ['H8', 'D6']
name: b10902012, hole_card: ['D4', 'CT']
"b10902087" declared "call:10"
Street "flop" started. (community card = ['H6', 'D7', 'DA'])
    eval: 42148, range: (5.0, 0)
name: b10902087, hole_card: ['H8', 'D6']
name: b10902012, hole_card: ['D4', 'CT']
"b10902012" declared "call:0"
name: b10902087, hole_card: ['H8', 'D6']
name: b10902012, hole_card: ['D4', 'CT']
"b10902087" declared "raise:85"
1th fold
    eval: 42148, range: (5.0, 0)
name: b10902087, hole_card: ['H8', 'D6']
name: b10902012, hole_card: ['D4', 'CT']
"b10902012" declared "fold:0"
"['b10902087']" won the round 3 (stack = {'b10902087': 1010, 'b10902012': 990})
community cards of this round: ['D3', 'S9', 'H9', 'C3', 'S5']
name: b10902087, hole_card: ['D7', 'HQ']
name: b10902012, hole_card: ['H8', 'S7']
['H8', 'S7']
Started the round 4
Street "preflop" started. (community card = [])
name: b10902087, hole_card: ['D7', 'HQ']
name: b10902012, hole_card: ['H8', 'S7']
"b10902087" declared "raise:30"
    eval: 34695, range: (10, 0)
name: b10902087, hole_card: ['D7', 'HQ']
name: b10902012, hole_card: ['H8', 'S7']
"b10902012" declared "call:30"
Street "flop" started. (community card = ['D3', 'S9', 'H9'])
name: b10902087, hole_card: ['D7', 'HQ']
name: b10902012, hole_card: ['H8', 'S7']
"b10902087" declared "call:0"
    eval: 102535, range: (10, 0)
name: b10902087, hole_card: ['D7', 'HQ']
name: b10902012, hole_card: ['H8', 'S7']
"b10902012" declared "call:0"
Street "turn" started. (community card = ['D3', 'S9', 'H9', 'C3'])
name: b10902087, hole_card: ['D7', 'HQ']
name: b10902012, hole_card: ['H8', 'S7']
"b10902087" declared "call:0"
    eval: 168839, range: (10, 0)
name: b10902087, hole_card: ['D7', 'HQ']
name: b10902012, hole_card: ['H8', 'S7']
"b10902012" declared "call:0"
Street "river" started. (community card = ['D3', 'S9', 'H9', 'C3', 'S5'])
name: b10902087, hole_card: ['D7', 'HQ']
name: b10902012, hole_card: ['H8', 'S7']
"b10902087" declared "fold:0"
"['b10902012']" won the round 4 (stack = {'b10902087': 980, 'b10902012': 1020})
community cards of this round: ['S7', 'H6', 'DJ', 'C2', 'S6']
name: b10902087, hole_card: ['HJ', 'H4']
name: b10902012, hole_card: ['SJ', 'H9']
['SJ', 'H9']
Started the round 5
Street "preflop" started. (community card = [])
    eval: 47545, range: (10, 0)
name: b10902087, hole_card: ['HJ', 'H4']
name: b10902012, hole_card: ['SJ', 'H9']
"b10902012" declared "call:10"
name: b10902087, hole_card: ['HJ', 'H4']
name: b10902012, hole_card: ['SJ', 'H9']
"b10902087" declared "raise:9", Invalid action. Treat as fold...
"['b10902012']" won the round 5 (stack = {'b10902087': 970, 'b10902012': 1030})
community cards of this round: ['DA', 'S7', 'D6', 'CK', 'SA']
name: b10902087, hole_card: ['D3', 'H5']
name: b10902012, hole_card: ['SQ', 'D7']
['SQ', 'D7']
Started the round 6
Street "preflop" started. (community card = [])
name: b10902087, hole_card: ['D3', 'H5']
name: b10902012, hole_card: ['SQ', 'D7']
"b10902087" declared "call:10"
    eval: 51143, range: (10, 0)
name: b10902087, hole_card: ['D3', 'H5']
name: b10902012, hole_card: ['SQ', 'D7']
"b10902012" declared "call:10"
Street "flop" started. (community card = ['DA', 'S7', 'D6'])
name: b10902087, hole_card: ['D3', 'H5']
name: b10902012, hole_card: ['SQ', 'D7']
"b10902087" declared "call:0"
    eval: 94407, range: (10, 0)
name: b10902087, hole_card: ['D3', 'H5']
name: b10902012, hole_card: ['SQ', 'D7']
"b10902012" declared "call:0"
Street "turn" started. (community card = ['DA', 'S7', 'D6', 'CK'])
name: b10902087, hole_card: ['D3', 'H5']
name: b10902012, hole_card: ['SQ', 'D7']
"b10902087" declared "call:0"
    eval: 94407, range: (391.358613279034, 60)
name: b10902087, hole_card: ['D3', 'H5']
name: b10902012, hole_card: ['SQ', 'D7']
"b10902012" declared "raise:60"
name: b10902087, hole_card: ['D3', 'H5']
name: b10902012, hole_card: ['SQ', 'D7']
"b10902087" declared "call:60"
Street "river" started. (community card = ['DA', 'S7', 'D6', 'CK', 'SA'])
name: b10902087, hole_card: ['D3', 'H5']
name: b10902012, hole_card: ['SQ', 'D7']
"b10902087" declared "fold:0"
"['b10902012']" won the round 6 (stack = {'b10902087': 900, 'b10902012': 1100})
community cards of this round: ['S7', 'H2', 'H7', 'C7', 'DJ']
name: b10902087, hole_card: ['H8', 'HA']
name: b10902012, hole_card: ['DA', 'C6']
['DA', 'C6']
Started the round 7
Street "preflop" started. (community card = [])
    eval: 59110, range: (10, 0)
name: b10902087, hole_card: ['H8', 'HA']
name: b10902012, hole_card: ['DA', 'C6']
"b10902012" declared "call:10"
name: b10902087, hole_card: ['H8', 'HA']
name: b10902012, hole_card: ['DA', 'C6']
"b10902087" declared "raise:23"
0th fold
    eval: 59110, range: (10, 0)
name: b10902087, hole_card: ['H8', 'HA']
name: b10902012, hole_card: ['DA', 'C6']
"b10902012" declared "fold:0"
"['b10902087']" won the round 7 (stack = {'b10902087': 910, 'b10902012': 1090})
community cards of this round: ['C9', 'C7', 'SJ', 'CQ', 'CT']
name: b10902087, hole_card: ['S9', 'HJ']
name: b10902012, hole_card: ['HT', 'S5']
['HT', 'S5']
Started the round 8
Street "preflop" started. (community card = [])
name: b10902087, hole_card: ['S9', 'HJ']
name: b10902012, hole_card: ['HT', 'S5']
"b10902087" declared "raise:78"
1th fold
    eval: 42405, range: (10, 0)
name: b10902087, hole_card: ['S9', 'HJ']
name: b10902012, hole_card: ['HT', 'S5']
"b10902012" declared "fold:0"
"['b10902087']" won the round 8 (stack = {'b10902087': 920, 'b10902012': 1080})
community cards of this round: ['D6', 'H7', 'SK', 'D7', 'DT']
name: b10902087, hole_card: ['CA', 'C8']
name: b10902012, hole_card: ['D9', 'C6']
['D9', 'C6']
Started the round 9
Street "preflop" started. (community card = [])
    eval: 38550, range: (10, 0)
name: b10902087, hole_card: ['CA', 'C8']
name: b10902012, hole_card: ['D9', 'C6']
"b10902012" declared "call:10"
name: b10902087, hole_card: ['CA', 'C8']
name: b10902012, hole_card: ['D9', 'C6']
"b10902087" declared "raise:27"
    eval: 38550, range: (10, 0)
name: b10902087, hole_card: ['CA', 'C8']
name: b10902012, hole_card: ['D9', 'C6']
"b10902012" declared "call:27"
Street "flop" started. (community card = ['D6', 'H7', 'SK'])
    eval: 90262, range: (10, 0)
name: b10902087, hole_card: ['CA', 'C8']
name: b10902012, hole_card: ['D9', 'C6']
"b10902012" declared "call:0"
name: b10902087, hole_card: ['CA', 'C8']
name: b10902012, hole_card: ['D9', 'C6']
"b10902087" declared "call:0"
Street "turn" started. (community card = ['D6', 'H7', 'SK', 'D7'])
    eval: 161430, range: (328.0427332159181, 60)
name: b10902087, hole_card: ['CA', 'C8']
name: b10902012, hole_card: ['D9', 'C6']
"b10902012" declared "raise:60"
name: b10902087, hole_card: ['CA', 'C8']
name: b10902012, hole_card: ['D9', 'C6']
"b10902087" declared "call:60"
Street "river" started. (community card = ['D6', 'H7', 'SK', 'D7', 'DT'])
    eval: 161430, range: (183.05303030303037, 0)
name: b10902087, hole_card: ['CA', 'C8']
name: b10902012, hole_card: ['D9', 'C6']
"b10902012" declared "call:0"
name: b10902087, hole_card: ['CA', 'C8']
name: b10902012, hole_card: ['D9', 'C6']
"b10902087" declared "call:0"
"['b10902012']" won the round 9 (stack = {'b10902087': 833, 'b10902012': 1167})
community cards of this round: ['D8', 'CK', 'C3', 'HK', 'DT']
name: b10902087, hole_card: ['H2', 'ST']
name: b10902012, hole_card: ['HQ', 'D2']
['HQ', 'D2']
Started the round 10
Street "preflop" started. (community card = [])
name: b10902087, hole_card: ['H2', 'ST']
name: b10902012, hole_card: ['HQ', 'D2']
"b10902087" declared "call:10"
name: b10902087, hole_card: ['H2', 'ST']
name: b10902012, hole_card: ['HQ', 'D2']
"b10902012" declared "fold:0"
"['b10902087']" won the round 10 (stack = {'b10902087': 843, 'b10902012': 1157})
community cards of this round: ['HJ', 'S3', 'DQ', 'D7', 'D5']
name: b10902087, hole_card: ['D2', 'CA']
name: b10902012, hole_card: ['HK', 'CQ']
['HK', 'CQ']
Started the round 11
Street "preflop" started. (community card = [])
name: b10902087, hole_card: ['D2', 'CA']
name: b10902012, hole_card: ['HK', 'CQ']
"b10902012" declared "fold:0"
"['b10902087']" won the round 11 (stack = {'b10902087': 848, 'b10902012': 1152})
community cards of this round: ['DJ', 'C7', 'C5', 'H5', 'C6']
name: b10902087, hole_card: ['S6', 'ST']
name: b10902012, hole_card: ['S3', 'C8']
['S3', 'C8']
Started the round 12
Street "preflop" started. (community card = [])
name: b10902087, hole_card: ['S6', 'ST']
name: b10902012, hole_card: ['S3', 'C8']
"b10902087" declared "raise:21"
name: b10902087, hole_card: ['S6', 'ST']
name: b10902012, hole_card: ['S3', 'C8']
"b10902012" declared "fold:0"
"['b10902087']" won the round 12 (stack = {'b10902087': 858, 'b10902012': 1142})
community cards of this round: ['DT', 'DQ', 'S5', 'D2', 'H8']
name: b10902087, hole_card: ['S6', 'H5']
name: b10902012, hole_card: ['C9', 'C7']
['C9', 'C7']
Started the round 13
Street "preflop" started. (community card = [])
name: b10902087, hole_card: ['S6', 'H5']
name: b10902012, hole_card: ['C9', 'C7']
"b10902012" declared "fold:0"
"['b10902087']" won the round 13 (stack = {'b10902087': 863, 'b10902012': 1137})
community cards of this round: ['H9', 'D7', 'CJ', 'D2', 'CK']
name: b10902087, hole_card: ['C2', 'C7']
name: b10902012, hole_card: ['H3', 'C4']
['H3', 'C4']
Started the round 14
Street "preflop" started. (community card = [])
name: b10902087, hole_card: ['C2', 'C7']
name: b10902012, hole_card: ['H3', 'C4']
"b10902087" declared "call:10"
name: b10902087, hole_card: ['C2', 'C7']
name: b10902012, hole_card: ['H3', 'C4']
"b10902012" declared "fold:0"
"['b10902087']" won the round 14 (stack = {'b10902087': 873, 'b10902012': 1127})
community cards of this round: ['S8', 'CT', 'D6', 'CJ', 'HJ']
name: b10902087, hole_card: ['C3', 'S2']
name: b10902012, hole_card: ['CK', 'S3']
['CK', 'S3']
Started the round 15
Street "preflop" started. (community card = [])
name: b10902087, hole_card: ['C3', 'S2']
name: b10902012, hole_card: ['CK', 'S3']
"b10902012" declared "fold:0"
"['b10902087']" won the round 15 (stack = {'b10902087': 878, 'b10902012': 1122})
community cards of this round: ['SK', 'H8', 'C4', 'H2', 'D3']
name: b10902087, hole_card: ['HJ', 'D9']
name: b10902012, hole_card: ['CT', 'C6']
['CT', 'C6']
Started the round 16
Street "preflop" started. (community card = [])
name: b10902087, hole_card: ['HJ', 'D9']
name: b10902012, hole_card: ['CT', 'C6']
"b10902087" declared "raise:152"
name: b10902087, hole_card: ['HJ', 'D9']
name: b10902012, hole_card: ['CT', 'C6']
"b10902012" declared "fold:0"
"['b10902087']" won the round 16 (stack = {'b10902087': 888, 'b10902012': 1112})
community cards of this round: ['DK', 'HJ', 'DT', 'SA', 'H7']
name: b10902087, hole_card: ['C4', 'DA']
name: b10902012, hole_card: ['D4', 'HA']
['D4', 'HA']
Started the round 17
Street "preflop" started. (community card = [])
name: b10902087, hole_card: ['C4', 'DA']
name: b10902012, hole_card: ['D4', 'HA']
"b10902012" declared "fold:0"
"['b10902087']" won the round 17 (stack = {'b10902087': 893, 'b10902012': 1107})
community cards of this round: ['C7', 'H5', 'S3', 'D5', 'DK']
name: b10902087, hole_card: ['SA', 'DT']
name: b10902012, hole_card: ['C8', 'HJ']
['C8', 'HJ']
Started the round 18
Street "preflop" started. (community card = [])
name: b10902087, hole_card: ['SA', 'DT']
name: b10902012, hole_card: ['C8', 'HJ']
"b10902087" declared "raise:128"
name: b10902087, hole_card: ['SA', 'DT']
name: b10902012, hole_card: ['C8', 'HJ']
"b10902012" declared "fold:0"
"['b10902087']" won the round 18 (stack = {'b10902087': 903, 'b10902012': 1097})
community cards of this round: ['HK', 'H7', 'D5', 'D8', 'S2']
name: b10902087, hole_card: ['C9', 'CJ']
name: b10902012, hole_card: ['ST', 'C6']
['ST', 'C6']
Started the round 19
Street "preflop" started. (community card = [])
name: b10902087, hole_card: ['C9', 'CJ']
name: b10902012, hole_card: ['ST', 'C6']
"b10902012" declared "fold:0"
"['b10902087']" won the round 19 (stack = {'b10902087': 908, 'b10902012': 1092})
community cards of this round: ['HQ', 'DQ', 'H4', 'S7', 'D9']
name: b10902087, hole_card: ['C7', 'C4']
name: b10902012, hole_card: ['S4', 'HA']
['S4', 'HA']
Started the round 20
Street "preflop" started. (community card = [])
name: b10902087, hole_card: ['C7', 'C4']
name: b10902012, hole_card: ['S4', 'HA']
"b10902087" declared "raise:32"
name: b10902087, hole_card: ['C7', 'C4']
name: b10902012, hole_card: ['S4', 'HA']
"b10902012" declared "fold:0"
"['b10902087']" won the round 20 (stack = {'b10902087': 918, 'b10902012': 1082})
b10902087 vs b10902012 - Game 2: {'rule': {'initial_stack': 1000, 'max_round': 20, 'small_blind_amount': 5, 'ante': 0, 'blind_structure': {}}, 'players': [{'name': 'b10902087', 'uuid': 'gvjiysclmikadnuwekalqf', 'stack': 918, 'state': 'participating'}, {'name': 'b10902012', 'uuid': 'lyconrgvqbecmwtivpkzds', 'stack': 1082, 'state': 'participating'}]}
community cards of this round: ['S6', 'D4', 'SQ', 'H2', 'DT']
name: b10902012, hole_card: ['D7', 'HQ']
name: b10902087, hole_card: ['C2', 'SJ']
['D7', 'HQ']
Started the round 1
Street "preflop" started. (community card = [])
name: b10902012, hole_card: ['D7', 'HQ']
name: b10902087, hole_card: ['C2', 'SJ']
"b10902087" declared "call:10"
    eval: 51143, range: (10, 0)
name: b10902012, hole_card: ['D7', 'HQ']
name: b10902087, hole_card: ['C2', 'SJ']
"b10902012" declared "call:10"
Street "flop" started. (community card = ['S6', 'D4', 'SQ'])
name: b10902012, hole_card: ['D7', 'HQ']
name: b10902087, hole_card: ['C2', 'SJ']
"b10902087" declared "call:0"
    eval: 114887, range: (10, 0)
name: b10902012, hole_card: ['D7', 'HQ']
name: b10902087, hole_card: ['C2', 'SJ']
"b10902012" declared "call:0"
Street "turn" started. (community card = ['S6', 'D4', 'SQ', 'H2'])
name: b10902012, hole_card: ['D7', 'HQ']
name: b10902087, hole_card: ['C2', 'SJ']
"b10902087" declared "call:0"
    eval: 114887, range: (672.6445360315321, 60)
name: b10902012, hole_card: ['D7', 'HQ']
name: b10902087, hole_card: ['C2', 'SJ']
"b10902012" declared "raise:60"
name: b10902012, hole_card: ['D7', 'HQ']
name: b10902087, hole_card: ['C2', 'SJ']
"b10902087" declared "call:60"
Street "river" started. (community card = ['S6', 'D4', 'SQ', 'H2', 'DT'])
name: b10902012, hole_card: ['D7', 'HQ']
name: b10902087, hole_card: ['C2', 'SJ']
"b10902087" declared "call:0"
    eval: 114887, range: (775.0, 500.13333333333344)
name: b10902012, hole_card: ['D7', 'HQ']
name: b10902087, hole_card: ['C2', 'SJ']
"b10902012" declared "raise:500.13333333333344"
name: b10902012, hole_card: ['D7', 'HQ']
name: b10902087, hole_card: ['C2', 'SJ']
"b10902087" declared "call:500.13333333333344"
"['b10902012']" won the round 1 (stack = {'b10902012': 1569.8666666666666, 'b10902087': 429.86666666666656})
community cards of this round: ['HQ', 'S7', 'DJ', 'S6', 'C6']
name: b10902012, hole_card: ['SA', 'H6']
name: b10902087, hole_card: ['ST', 'D9']
['SA', 'H6']
Started the round 2
Street "preflop" started. (community card = [])
name: b10902012, hole_card: ['SA', 'H6']
name: b10902087, hole_card: ['ST', 'D9']
"b10902012" declared "fold:0"
"['b10902087']" won the round 2 (stack = {'b10902012': 1564.8666666666666, 'b10902087': 434.86666666666656})
community cards of this round: ['SJ', 'S4', 'CA', 'HK', 'C6']
name: b10902012, hole_card: ['H5', 'SK']
name: b10902087, hole_card: ['D2', 'DQ']
['H5', 'SK']
Started the round 3
Street "preflop" started. (community card = [])
name: b10902012, hole_card: ['H5', 'SK']
name: b10902087, hole_card: ['D2', 'DQ']
"b10902087" declared "raise:6", Invalid action. Treat as fold...
"['b10902012']" won the round 3 (stack = {'b10902012': 1569.8666666666666, 'b10902087': 429.86666666666656})
community cards of this round: ['HJ', 'S3', 'HT', 'C4', 'S5']
name: b10902012, hole_card: ['S7', 'S9']
name: b10902087, hole_card: ['CQ', 'SA']
['S7', 'S9']
Started the round 4
Street "preflop" started. (community card = [])
name: b10902012, hole_card: ['S7', 'S9']
name: b10902087, hole_card: ['CQ', 'SA']
"b10902012" declared "fold:0"
"['b10902087']" won the round 4 (stack = {'b10902012': 1564.8666666666666, 'b10902087': 434.86666666666656})
community cards of this round: ['S8', 'D3', 'H4', 'SA', 'D8']
name: b10902012, hole_card: ['C2', 'C9']
name: b10902087, hole_card: ['C4', 'C5']
['C2', 'C9']
Started the round 5
Street "preflop" started. (community card = [])
name: b10902012, hole_card: ['C2', 'C9']
name: b10902087, hole_card: ['C4', 'C5']
"b10902087" declared "call:10"
name: b10902012, hole_card: ['C2', 'C9']
name: b10902087, hole_card: ['C4', 'C5']
"b10902012" declared "fold:0"
"['b10902087']" won the round 5 (stack = {'b10902012': 1554.8666666666666, 'b10902087': 444.86666666666656})
community cards of this round: ['D4', 'C9', 'HK', 'S8', 'S4']
name: b10902012, hole_card: ['H9', 'DA']
name: b10902087, hole_card: ['HQ', 'DQ']
['H9', 'DA']
Started the round 6
Street "preflop" started. (community card = [])
name: b10902012, hole_card: ['H9', 'DA']
name: b10902087, hole_card: ['HQ', 'DQ']
"b10902012" declared "fold:0"
"['b10902087']" won the round 6 (stack = {'b10902012': 1549.8666666666666, 'b10902087': 449.86666666666656})
community cards of this round: ['C7', 'C8', 'DA', 'H7', 'DQ']
name: b10902012, hole_card: ['ST', 'H6']
name: b10902087, hole_card: ['H4', 'H2']
['ST', 'H6']
Started the round 7
Street "preflop" started. (community card = [])
name: b10902012, hole_card: ['ST', 'H6']
name: b10902087, hole_card: ['H4', 'H2']
"b10902087" declared "call:10"
name: b10902012, hole_card: ['ST', 'H6']
name: b10902087, hole_card: ['H4', 'H2']
"b10902012" declared "fold:0"
"['b10902087']" won the round 7 (stack = {'b10902012': 1539.8666666666666, 'b10902087': 459.86666666666656})
community cards of this round: ['C3', 'SK', 'S4', 'H3', 'C7']
name: b10902012, hole_card: ['D5', 'C5']
name: b10902087, hole_card: ['D6', 'D9']
['D5', 'C5']
Started the round 8
Street "preflop" started. (community card = [])
name: b10902012, hole_card: ['D5', 'C5']
name: b10902087, hole_card: ['D6', 'D9']
"b10902012" declared "fold:0"
"['b10902087']" won the round 8 (stack = {'b10902012': 1534.8666666666666, 'b10902087': 464.86666666666656})
community cards of this round: ['HK', 'CJ', 'C5', 'CQ', 'H8']
name: b10902012, hole_card: ['DT', 'SK']
name: b10902087, hole_card: ['HA', 'D7']
['DT', 'SK']
Started the round 9
Street "preflop" started. (community card = [])
name: b10902012, hole_card: ['DT', 'SK']
name: b10902087, hole_card: ['HA', 'D7']
"b10902087" declared "raise:65"
name: b10902012, hole_card: ['DT', 'SK']
name: b10902087, hole_card: ['HA', 'D7']
"b10902012" declared "fold:0"
"['b10902087']" won the round 9 (stack = {'b10902012': 1524.8666666666666, 'b10902087': 474.86666666666656})
community cards of this round: ['CA', 'D6', 'H2', 'CT', 'D8']
name: b10902012, hole_card: ['S9', 'HT']
name: b10902087, hole_card: ['DT', 'CK']
['S9', 'HT']
Started the round 10
Street "preflop" started. (community card = [])
name: b10902012, hole_card: ['S9', 'HT']
name: b10902087, hole_card: ['DT', 'CK']
"b10902012" declared "fold:0"
"['b10902087']" won the round 10 (stack = {'b10902012': 1519.8666666666666, 'b10902087': 479.86666666666656})
community cards of this round: ['C2', 'ST', 'C3', 'C5', 'DQ']
name: b10902012, hole_card: ['H5', 'C9']
name: b10902087, hole_card: ['H2', 'C6']
['H5', 'C9']
Started the round 11
Street "preflop" started. (community card = [])
name: b10902012, hole_card: ['H5', 'C9']
name: b10902087, hole_card: ['H2', 'C6']
"b10902087" declared "fold:0"
"['b10902012']" won the round 11 (stack = {'b10902012': 1524.8666666666666, 'b10902087': 474.86666666666656})
community cards of this round: ['C6', 'D5', 'S6', 'C7', 'CQ']
name: b10902012, hole_card: ['D4', 'DQ']
name: b10902087, hole_card: ['D9', 'ST']
['D4', 'DQ']
Started the round 12
Street "preflop" started. (community card = [])
name: b10902012, hole_card: ['D4', 'DQ']
name: b10902087, hole_card: ['D9', 'ST']
"b10902012" declared "fold:0"
"['b10902087']" won the round 12 (stack = {'b10902012': 1519.8666666666666, 'b10902087': 479.86666666666656})
community cards of this round: ['HT', 'D9', 'C4', 'DK', 'HA']
name: b10902012, hole_card: ['C7', 'CQ']
name: b10902087, hole_card: ['DJ', 'D8']
['C7', 'CQ']
Started the round 13
Street "preflop" started. (community card = [])
name: b10902012, hole_card: ['C7', 'CQ']
name: b10902087, hole_card: ['DJ', 'D8']
"b10902087" declared "raise:53"
name: b10902012, hole_card: ['C7', 'CQ']
name: b10902087, hole_card: ['DJ', 'D8']
"b10902012" declared "fold:0"
"['b10902087']" won the round 13 (stack = {'b10902012': 1509.8666666666666, 'b10902087': 489.86666666666656})
community cards of this round: ['SK', 'H7', 'ST', 'H5', 'S9']
name: b10902012, hole_card: ['DQ', 'CA']
name: b10902087, hole_card: ['DA', 'C6']
['DQ', 'CA']
Started the round 14
Street "preflop" started. (community card = [])
name: b10902012, hole_card: ['DQ', 'CA']
name: b10902087, hole_card: ['DA', 'C6']
"b10902012" declared "fold:0"
"['b10902087']" won the round 14 (stack = {'b10902012': 1504.8666666666666, 'b10902087': 494.86666666666656})
community cards of this round: ['C8', 'H7', 'D5', 'C4', 'SA']
name: b10902012, hole_card: ['S3', 'S4']
name: b10902087, hole_card: ['D8', 'C6']
['S3', 'S4']
Started the round 15
Street "preflop" started. (community card = [])
name: b10902012, hole_card: ['S3', 'S4']
name: b10902087, hole_card: ['D8', 'C6']
"b10902087" declared "call:10"
name: b10902012, hole_card: ['S3', 'S4']
name: b10902087, hole_card: ['D8', 'C6']
"b10902012" declared "fold:0"
"['b10902087']" won the round 15 (stack = {'b10902012': 1494.8666666666666, 'b10902087': 504.86666666666656})
community cards of this round: ['ST', 'D7', 'S5', 'DJ', 'S3']
name: b10902012, hole_card: ['S8', 'DK']
name: b10902087, hole_card: ['D8', 'S4']
['S8', 'DK']
Started the round 16
Street "preflop" started. (community card = [])
name: b10902012, hole_card: ['S8', 'DK']
name: b10902087, hole_card: ['D8', 'S4']
"b10902012" declared "fold:0"
"['b10902087']" won the round 16 (stack = {'b10902012': 1489.8666666666666, 'b10902087': 509.86666666666656})
community cards of this round: ['H3', 'D3', 'DA', 'C9', 'D9']
name: b10902012, hole_card: ['ST', 'C2']
name: b10902087, hole_card: ['H5', 'HK']
['ST', 'C2']
Started the round 17
Street "preflop" started. (community card = [])
name: b10902012, hole_card: ['ST', 'C2']
name: b10902087, hole_card: ['H5', 'HK']
"b10902087" declared "raise:1", Invalid action. Treat as fold...
"['b10902012']" won the round 17 (stack = {'b10902012': 1494.8666666666666, 'b10902087': 504.86666666666656})
community cards of this round: ['CK', 'H8', 'DA', 'S8', 'DT']
name: b10902012, hole_card: ['C3', 'H6']
name: b10902087, hole_card: ['HA', 'D9']
['C3', 'H6']
Started the round 18
Street "preflop" started. (community card = [])
name: b10902012, hole_card: ['C3', 'H6']
name: b10902087, hole_card: ['HA', 'D9']
"b10902012" declared "fold:0"
"['b10902087']" won the round 18 (stack = {'b10902012': 1489.8666666666666, 'b10902087': 509.86666666666656})
community cards of this round: ['C6', 'SJ', 'C5', 'S4', 'H5']
name: b10902012, hole_card: ['CQ', 'D8']
name: b10902087, hole_card: ['D3', 'C9']
['CQ', 'D8']
Started the round 19
Street "preflop" started. (community card = [])
name: b10902012, hole_card: ['CQ', 'D8']
name: b10902087, hole_card: ['D3', 'C9']
"b10902087" declared "call:10"
name: b10902012, hole_card: ['CQ', 'D8']
name: b10902087, hole_card: ['D3', 'C9']
"b10902012" declared "fold:0"
"['b10902087']" won the round 19 (stack = {'b10902012': 1479.8666666666666, 'b10902087': 519.8666666666666})
community cards of this round: ['S9', 'S5', 'SJ', 'SA', 'D6']
name: b10902012, hole_card: ['C5', 'D3']
name: b10902087, hole_card: ['H3', 'HJ']
['C5', 'D3']
Started the round 20
Street "preflop" started. (community card = [])
name: b10902012, hole_card: ['C5', 'D3']
name: b10902087, hole_card: ['H3', 'HJ']
"b10902012" declared "fold:0"
"['b10902087']" won the round 20 (stack = {'b10902012': 1474.8666666666666, 'b10902087': 524.8666666666666})
b10902087 vs b10902012 - Game 3: {'rule': {'initial_stack': 1000, 'max_round': 20, 'small_blind_amount': 5, 'ante': 0, 'blind_structure': {}}, 'players': [{'name': 'b10902012', 'uuid': 'npubcxcejjrdmmdzpqbwqe', 'stack': 1474.8666666666666, 'state': 'participating'}, {'name': 'b10902087', 'uuid': 'tmsnxxxrgablqoruwbhnxa', 'stack': 524.8666666666666, 'state': 'participating'}]}
community cards of this round: ['S6', 'D4', 'SQ', 'H2', 'DT']
name: b10902087, hole_card: ['D7', 'HQ']
name: b10902012, hole_card: ['C2', 'SJ']
['C2', 'SJ']
Started the round 1
Street "preflop" started. (community card = [])
    eval: 45746, range: (10, 0)
name: b10902087, hole_card: ['D7', 'HQ']
name: b10902012, hole_card: ['C2', 'SJ']
"b10902012" declared "call:10"
name: b10902087, hole_card: ['D7', 'HQ']
name: b10902012, hole_card: ['C2', 'SJ']
"b10902087" declared "raise:28"
0th fold
    eval: 45746, range: (10, 0)
name: b10902087, hole_card: ['D7', 'HQ']
name: b10902012, hole_card: ['C2', 'SJ']
"b10902012" declared "fold:0"
"['b10902087']" won the round 1 (stack = {'b10902087': 1010, 'b10902012': 990})
community cards of this round: ['HQ', 'S7', 'DJ', 'S6', 'C6']
name: b10902087, hole_card: ['SA', 'H6']
name: b10902012, hole_card: ['ST', 'D9']
['ST', 'D9']
Started the round 2
Street "preflop" started. (community card = [])
name: b10902087, hole_card: ['SA', 'H6']
name: b10902012, hole_card: ['ST', 'D9']
"b10902087" declared "raise:114"
1th fold
    eval: 43433, range: (10, 0)
name: b10902087, hole_card: ['SA', 'H6']
name: b10902012, hole_card: ['ST', 'D9']
"b10902012" declared "fold:0"
"['b10902087']" won the round 2 (stack = {'b10902087': 1020, 'b10902012': 980})
community cards of this round: ['SJ', 'S4', 'CA', 'HK', 'C6']
name: b10902087, hole_card: ['H5', 'SK']
name: b10902012, hole_card: ['D2', 'DQ']
['D2', 'DQ']
Started the round 3
Street "preflop" started. (community card = [])
    eval: 49858, range: (10, 0)
name: b10902087, hole_card: ['H5', 'SK']
name: b10902012, hole_card: ['D2', 'DQ']
"b10902012" declared "call:10"
name: b10902087, hole_card: ['H5', 'SK']
name: b10902012, hole_card: ['D2', 'DQ']
"b10902087" declared "raise:63"
    eval: 49858, range: (10, 0)
name: b10902087, hole_card: ['H5', 'SK']
name: b10902012, hole_card: ['D2', 'DQ']
"b10902012" declared "call:63"
Street "flop" started. (community card = ['SJ', 'S4', 'CA'])
    eval: 49858, range: (5.0, 0)
name: b10902087, hole_card: ['H5', 'SK']
name: b10902012, hole_card: ['D2', 'DQ']
"b10902012" declared "call:0"
name: b10902087, hole_card: ['H5', 'SK']
name: b10902012, hole_card: ['D2', 'DQ']
"b10902087" declared "call:0"
Street "turn" started. (community card = ['SJ', 'S4', 'CA', 'HK'])
    eval: 49858, range: (10, 0)
name: b10902087, hole_card: ['H5', 'SK']
name: b10902012, hole_card: ['D2', 'DQ']
"b10902012" declared "call:0"
name: b10902087, hole_card: ['H5', 'SK']
name: b10902012, hole_card: ['D2', 'DQ']
"b10902087" declared "raise:241"
2th fold
    eval: 49858, range: (10, 0)
name: b10902087, hole_card: ['H5', 'SK']
name: b10902012, hole_card: ['D2', 'DQ']
"b10902012" declared "fold:0"
"['b10902087']" won the round 3 (stack = {'b10902087': 1083, 'b10902012': 917})
community cards of this round: ['HJ', 'S3', 'HT', 'C4', 'S5']
name: b10902087, hole_card: ['S7', 'S9']
name: b10902012, hole_card: ['CQ', 'SA']
['CQ', 'SA']
Started the round 4
Street "preflop" started. (community card = [])
name: b10902087, hole_card: ['S7', 'S9']
name: b10902012, hole_card: ['CQ', 'SA']
"b10902087" declared "raise:66"
0th fold
    eval: 60652, range: (10, 0)
name: b10902087, hole_card: ['S7', 'S9']
name: b10902012, hole_card: ['CQ', 'SA']
"b10902012" declared "fold:0"
"['b10902087']" won the round 4 (stack = {'b10902087': 1093, 'b10902012': 907})
community cards of this round: ['S8', 'D3', 'H4', 'SA', 'D8']
name: b10902087, hole_card: ['C2', 'C9']
name: b10902012, hole_card: ['C4', 'C5']
['C4', 'C5']
Started the round 5
Street "preflop" started. (community card = [])
    eval: 21588, range: (10, 0)
name: b10902087, hole_card: ['C2', 'C9']
name: b10902012, hole_card: ['C4', 'C5']
"b10902012" declared "call:10"
name: b10902087, hole_card: ['C2', 'C9']
name: b10902012, hole_card: ['C4', 'C5']
"b10902087" declared "call:10"
Street "flop" started. (community card = ['S8', 'D3', 'H4'])
    eval: 82004, range: (10, 0)
name: b10902087, hole_card: ['C2', 'C9']
name: b10902012, hole_card: ['C4', 'C5']
"b10902012" declared "call:0"
name: b10902087, hole_card: ['C2', 'C9']
name: b10902012, hole_card: ['C4', 'C5']
"b10902087" declared "call:0"
Street "turn" started. (community card = ['S8', 'D3', 'H4', 'SA'])
    eval: 82004, range: (208.2797532285322, 20.881474328373116)
name: b10902087, hole_card: ['C2', 'C9']
name: b10902012, hole_card: ['C4', 'C5']
"b10902012" declared "raise:20.881474328373116"
name: b10902087, hole_card: ['C2', 'C9']
name: b10902012, hole_card: ['C4', 'C5']
"b10902087" declared "call:20.881474328373116"
Street "river" started. (community card = ['S8', 'D3', 'H4', 'SA', 'D8'])
    eval: 164948, range: (384.9611703708664, 9.300211346890732)
name: b10902087, hole_card: ['C2', 'C9']
name: b10902012, hole_card: ['C4', 'C5']
"b10902012" declared "call:0"
name: b10902087, hole_card: ['C2', 'C9']
name: b10902012, hole_card: ['C4', 'C5']
"b10902087" declared "fold:0"
"['b10902012']" won the round 5 (stack = {'b10902087': 1062.118525671627, 'b10902012': 937.1185256716269})
community cards of this round: ['D4', 'C9', 'HK', 'S8', 'S4']
name: b10902087, hole_card: ['H9', 'DA']
name: b10902012, hole_card: ['HQ', 'DQ']
['HQ', 'DQ']
Started the round 6
Street "preflop" started. (community card = [])
name: b10902087, hole_card: ['H9', 'DA']
name: b10902012, hole_card: ['HQ', 'DQ']
"b10902087" declared "raise:4", Invalid action. Treat as fold...
"['b10902012']" won the round 6 (stack = {'b10902087': 1057.118525671627, 'b10902012': 942.1185256716269})
community cards of this round: ['C7', 'C8', 'DA', 'H7', 'DQ']
name: b10902087, hole_card: ['ST', 'H6']
name: b10902012, hole_card: ['H4', 'H2']
['H4', 'H2']
Started the round 7
Street "preflop" started. (community card = [])
    eval: 16962, range: (10, 0)
name: b10902087, hole_card: ['ST', 'H6']
name: b10902012, hole_card: ['H4', 'H2']
"b10902012" declared "call:10"
name: b10902087, hole_card: ['ST', 'H6']
name: b10902012, hole_card: ['H4', 'H2']
"b10902087" declared "call:10"
Street "flop" started. (community card = ['C7', 'C8', 'DA'])
    eval: 16962, range: (5.0, 0)
name: b10902087, hole_card: ['ST', 'H6']
name: b10902012, hole_card: ['H4', 'H2']
"b10902012" declared "call:0"
name: b10902087, hole_card: ['ST', 'H6']
name: b10902012, hole_card: ['H4', 'H2']
"b10902087" declared "call:0"
Street "turn" started. (community card = ['C7', 'C8', 'DA', 'H7'])
    eval: 94274, range: (10, 0)
name: b10902087, hole_card: ['ST', 'H6']
name: b10902012, hole_card: ['H4', 'H2']
"b10902012" declared "call:0"
name: b10902087, hole_card: ['ST', 'H6']
name: b10902012, hole_card: ['H4', 'H2']
"b10902087" declared "call:0"
Street "river" started. (community card = ['C7', 'C8', 'DA', 'H7', 'DQ'])
    eval: 94274, range: (10, 0)
name: b10902087, hole_card: ['ST', 'H6']
name: b10902012, hole_card: ['H4', 'H2']
"b10902012" declared "call:0"
name: b10902087, hole_card: ['ST', 'H6']
name: b10902012, hole_card: ['H4', 'H2']
"b10902087" declared "fold:0"
"['b10902012']" won the round 7 (stack = {'b10902087': 1047.118525671627, 'b10902012': 952.1185256716269})
community cards of this round: ['C3', 'SK', 'S4', 'H3', 'C7']
name: b10902087, hole_card: ['D5', 'C5']
name: b10902012, hole_card: ['D6', 'D9']
['D6', 'D9']
Started the round 8
Street "preflop" started. (community card = [])
name: b10902087, hole_card: ['D5', 'C5']
name: b10902012, hole_card: ['D6', 'D9']
"b10902087" declared "raise:1", Invalid action. Treat as fold...
"['b10902012']" won the round 8 (stack = {'b10902087': 1042.118525671627, 'b10902012': 957.1185256716269})
community cards of this round: ['HK', 'CJ', 'C5', 'CQ', 'H8']
name: b10902087, hole_card: ['DT', 'SK']
name: b10902012, hole_card: ['HA', 'D7']
['HA', 'D7']
Started the round 9
Street "preflop" started. (community card = [])
    eval: 59367, range: (10, 0)
name: b10902087, hole_card: ['DT', 'SK']
name: b10902012, hole_card: ['HA', 'D7']
"b10902012" declared "call:10"
name: b10902087, hole_card: ['DT', 'SK']
name: b10902012, hole_card: ['HA', 'D7']
"b10902087" declared "raise:208"
0th fold
    eval: 59367, range: (10, 0)
name: b10902087, hole_card: ['DT', 'SK']
name: b10902012, hole_card: ['HA', 'D7']
"b10902012" declared "fold:0"
"['b10902087']" won the round 9 (stack = {'b10902087': 1052.118525671627, 'b10902012': 947.1185256716269})
community cards of this round: ['CA', 'D6', 'H2', 'CT', 'D8']
name: b10902087, hole_card: ['S9', 'HT']
name: b10902012, hole_card: ['DT', 'CK']
['DT', 'CK']
Started the round 10
Street "preflop" started. (community card = [])
name: b10902087, hole_card: ['S9', 'HT']
name: b10902012, hole_card: ['DT', 'CK']
"b10902087" declared "raise:98"
1th fold
    eval: 56026, range: (10, 0)
name: b10902087, hole_card: ['S9', 'HT']
name: b10902012, hole_card: ['DT', 'CK']
"b10902012" declared "fold:0"
"['b10902087']" won the round 10 (stack = {'b10902087': 1062.118525671627, 'b10902012': 937.1185256716269})
community cards of this round: ['C2', 'ST', 'C3', 'C5', 'DQ']
name: b10902087, hole_card: ['H5', 'C9']
name: b10902012, hole_card: ['H2', 'C6']
['H2', 'C6']
Started the round 11
Street "preflop" started. (community card = [])
    eval: 25186, range: (10, 0)
name: b10902087, hole_card: ['H5', 'C9']
name: b10902012, hole_card: ['H2', 'C6']
"b10902012" declared "call:10"
name: b10902087, hole_card: ['H5', 'C9']
name: b10902012, hole_card: ['H2', 'C6']
"b10902087" declared "call:10"
Street "flop" started. (community card = ['C2', 'ST', 'C3'])
    eval: 73826, range: (10, 0)
name: b10902087, hole_card: ['H5', 'C9']
name: b10902012, hole_card: ['H2', 'C6']
"b10902012" declared "call:0"
name: b10902087, hole_card: ['H5', 'C9']
name: b10902012, hole_card: ['H2', 'C6']
"b10902087" declared "call:0"
Street "turn" started. (community card = ['C2', 'ST', 'C3', 'C5'])
    eval: 73826, range: (165.70953187712777, 7.6328624347385)
name: b10902087, hole_card: ['H5', 'C9']
name: b10902012, hole_card: ['H2', 'C6']
"b10902012" declared "call:0"
name: b10902087, hole_card: ['H5', 'C9']
name: b10902012, hole_card: ['H2', 'C6']
"b10902087" declared "raise:103"
    eval: 73826, range: (165.70953187712777, 7.6328624347385)
name: b10902087, hole_card: ['H5', 'C9']
name: b10902012, hole_card: ['H2', 'C6']
"b10902012" declared "call:103"
Street "river" started. (community card = ['C2', 'ST', 'C3', 'C5', 'DQ'])
    eval: 73826, range: (10, 0)
name: b10902087, hole_card: ['H5', 'C9']
name: b10902012, hole_card: ['H2', 'C6']
"b10902012" declared "call:0"
name: b10902087, hole_card: ['H5', 'C9']
name: b10902012, hole_card: ['H2', 'C6']
"b10902087" declared "call:0"
"['b10902087']" won the round 11 (stack = {'b10902087': 1175.118525671627, 'b10902012': 824.1185256716269})
community cards of this round: ['C6', 'D5', 'S6', 'C7', 'CQ']
name: b10902087, hole_card: ['D4', 'DQ']
name: b10902012, hole_card: ['D9', 'ST']
['D9', 'ST']
Started the round 12
Street "preflop" started. (community card = [])
name: b10902087, hole_card: ['D4', 'DQ']
name: b10902012, hole_card: ['D9', 'ST']
"b10902087" declared "raise:71"
    eval: 43433, range: (10, 0)
name: b10902087, hole_card: ['D4', 'DQ']
name: b10902012, hole_card: ['D9', 'ST']
"b10902012" declared "call:71"
Street "flop" started. (community card = ['C6', 'D5', 'S6'])
name: b10902087, hole_card: ['D4', 'DQ']
name: b10902012, hole_card: ['D9', 'ST']
"b10902087" declared "call:0"
    eval: 90281, range: (10, 0)
name: b10902087, hole_card: ['D4', 'DQ']
name: b10902012, hole_card: ['D9', 'ST']
"b10902012" declared "call:0"
Street "turn" started. (community card = ['C6', 'D5', 'S6', 'C7'])
name: b10902087, hole_card: ['D4', 'DQ']
name: b10902012, hole_card: ['D9', 'ST']
"b10902087" declared "call:0"
    eval: 90281, range: (10, 0)
name: b10902087, hole_card: ['D4', 'DQ']
name: b10902012, hole_card: ['D9', 'ST']
"b10902012" declared "call:0"
Street "river" started. (community card = ['C6', 'D5', 'S6', 'C7', 'CQ'])
name: b10902087, hole_card: ['D4', 'DQ']
name: b10902012, hole_card: ['D9', 'ST']
"b10902087" declared "call:0"
    eval: 90281, range: (10, 0)
name: b10902087, hole_card: ['D4', 'DQ']
name: b10902012, hole_card: ['D9', 'ST']
"b10902012" declared "call:0"
"['b10902087']" won the round 12 (stack = {'b10902087': 1246.118525671627, 'b10902012': 753.1185256716269})
community cards of this round: ['HT', 'D9', 'C4', 'DK', 'HA']
name: b10902087, hole_card: ['C7', 'CQ']
name: b10902012, hole_card: ['DJ', 'D8']
['DJ', 'D8']
Started the round 13
Street "preflop" started. (community card = [])
    eval: 47288, range: (10, 0)
name: b10902087, hole_card: ['C7', 'CQ']
name: b10902012, hole_card: ['DJ', 'D8']
"b10902012" declared "call:10"
name: b10902087, hole_card: ['C7', 'CQ']
name: b10902012, hole_card: ['DJ', 'D8']
"b10902087" declared "raise:110"
    eval: 47288, range: (10, 0)
name: b10902087, hole_card: ['C7', 'CQ']
name: b10902012, hole_card: ['DJ', 'D8']
"b10902012" declared "call:110"
Street "flop" started. (community card = ['HT', 'D9', 'C4'])
    eval: 47288, range: (5.0, 0)
name: b10902087, hole_card: ['C7', 'CQ']
name: b10902012, hole_card: ['DJ', 'D8']
"b10902012" declared "call:0"
name: b10902087, hole_card: ['C7', 'CQ']
name: b10902012, hole_card: ['DJ', 'D8']
"b10902087" declared "call:0"
Street "turn" started. (community card = ['HT', 'D9', 'C4', 'DK'])
    eval: 47288, range: (78.75372685484919, 0.5265588734354953)
name: b10902087, hole_card: ['C7', 'CQ']
name: b10902012, hole_card: ['DJ', 'D8']
"b10902012" declared "call:0"
name: b10902087, hole_card: ['C7', 'CQ']
name: b10902012, hole_card: ['DJ', 'D8']
"b10902087" declared "call:0"
Street "river" started. (community card = ['HT', 'D9', 'C4', 'DK', 'HA'])
    eval: 47288, range: (10, 0)
name: b10902087, hole_card: ['C7', 'CQ']
name: b10902012, hole_card: ['DJ', 'D8']
"b10902012" declared "call:0"
name: b10902087, hole_card: ['C7', 'CQ']
name: b10902012, hole_card: ['DJ', 'D8']
"b10902087" declared "fold:0"
"['b10902012']" won the round 13 (stack = {'b10902087': 1136.118525671627, 'b10902012': 863.1185256716269})
community cards of this round: ['SK', 'H7', 'ST', 'H5', 'S9']
name: b10902087, hole_card: ['DQ', 'CA']
name: b10902012, hole_card: ['DA', 'C6']
['DA', 'C6']
Started the round 14
Street "preflop" started. (community card = [])
name: b10902087, hole_card: ['DQ', 'CA']
name: b10902012, hole_card: ['DA', 'C6']
"b10902087" declared "raise:117"
    eval: 59110, range: (10, 0)
name: b10902087, hole_card: ['DQ', 'CA']
name: b10902012, hole_card: ['DA', 'C6']
"b10902012" declared "call:117"
Street "flop" started. (community card = ['SK', 'H7', 'ST'])
name: b10902087, hole_card: ['DQ', 'CA']
name: b10902012, hole_card: ['DA', 'C6']
"b10902087" declared "raise:60"
    eval: 59110, range: (5.0, 0)
name: b10902087, hole_card: ['DQ', 'CA']
name: b10902012, hole_card: ['DA', 'C6']
"b10902012" declared "call:60"
Street "turn" started. (community card = ['SK', 'H7', 'ST', 'H5'])
name: b10902087, hole_card: ['DQ', 'CA']
name: b10902012, hole_card: ['DA', 'C6']
"b10902087" declared "call:0"
    eval: 59110, range: (10, 0)
name: b10902087, hole_card: ['DQ', 'CA']
name: b10902012, hole_card: ['DA', 'C6']
"b10902012" declared "call:0"
Street "river" started. (community card = ['SK', 'H7', 'ST', 'H5', 'S9'])
name: b10902087, hole_card: ['DQ', 'CA']
name: b10902012, hole_card: ['DA', 'C6']
"b10902087" declared "fold:0"
"['b10902012']" won the round 14 (stack = {'b10902087': 959.1185256716269, 'b10902012': 1040.118525671627})
community cards of this round: ['C8', 'H7', 'D5', 'C4', 'SA']
name: b10902087, hole_card: ['S3', 'S4']
name: b10902012, hole_card: ['D8', 'C6']
['D8', 'C6']
Started the round 15
Street "preflop" started. (community card = [])
    eval: 34438, range: (10, 0)
name: b10902087, hole_card: ['S3', 'S4']
name: b10902012, hole_card: ['D8', 'C6']
"b10902012" declared "call:10"
name: b10902087, hole_card: ['S3', 'S4']
name: b10902012, hole_card: ['D8', 'C6']
"b10902087" declared "call:10"
Street "flop" started. (community card = ['C8', 'H7', 'D5'])
    eval: 98438, range: (10, 0)
name: b10902087, hole_card: ['S3', 'S4']
name: b10902012, hole_card: ['D8', 'C6']
"b10902012" declared "call:0"
name: b10902087, hole_card: ['S3', 'S4']
name: b10902012, hole_card: ['D8', 'C6']
"b10902087" declared "call:0"
Street "turn" started. (community card = ['C8', 'H7', 'D5', 'C4'])
    eval: 540806, range: (911.1984571468347, 60)
name: b10902087, hole_card: ['S3', 'S4']
name: b10902012, hole_card: ['D8', 'C6']
"b10902012" declared "raise:60"
name: b10902087, hole_card: ['S3', 'S4']
name: b10902012, hole_card: ['D8', 'C6']
"b10902087" declared "call:60"
Street "river" started. (community card = ['C8', 'H7', 'D5', 'C4', 'SA'])
    eval: 540806, range: (970.1185256716269, 970.1185256716269)
name: b10902087, hole_card: ['S3', 'S4']
name: b10902012, hole_card: ['D8', 'C6']
"b10902012" declared "raise:970.1185256716269"
name: b10902087, hole_card: ['S3', 'S4']
name: b10902012, hole_card: ['D8', 'C6']
"b10902087" declared "fold:0"
"['b10902012']" won the round 15 (stack = {'b10902087': 889.1185256716269, 'b10902012': 1110.0})
community cards of this round: ['ST', 'D7', 'S5', 'DJ', 'S3']
name: b10902087, hole_card: ['S8', 'DK']
name: b10902012, hole_card: ['D8', 'S4']
['D8', 'S4']
Started the round 16
Street "preflop" started. (community card = [])
name: b10902087, hole_card: ['S8', 'DK']
name: b10902012, hole_card: ['D8', 'S4']
"b10902087" declared "raise:163"
name: b10902087, hole_card: ['S8', 'DK']
name: b10902012, hole_card: ['D8', 'S4']
"b10902012" declared "fold:0"
"['b10902087']" won the round 16 (stack = {'b10902087': 899.1185256716269, 'b10902012': 1100.0})
community cards of this round: ['H3', 'D3', 'DA', 'C9', 'D9']
name: b10902087, hole_card: ['ST', 'C2']
name: b10902012, hole_card: ['H5', 'HK']
['H5', 'HK']
Started the round 17
Street "preflop" started. (community card = [])
name: b10902087, hole_card: ['ST', 'C2']
name: b10902012, hole_card: ['H5', 'HK']
"b10902012" declared "fold:0"
"['b10902087']" won the round 17 (stack = {'b10902087': 904.1185256716269, 'b10902012': 1095.0})
community cards of this round: ['CK', 'H8', 'DA', 'S8', 'DT']
name: b10902087, hole_card: ['C3', 'H6']
name: b10902012, hole_card: ['HA', 'D9']
['HA', 'D9']
Started the round 18
Street "preflop" started. (community card = [])
name: b10902087, hole_card: ['C3', 'H6']
name: b10902012, hole_card: ['HA', 'D9']
"b10902087" declared "call:10"
name: b10902087, hole_card: ['C3', 'H6']
name: b10902012, hole_card: ['HA', 'D9']
"b10902012" declared "fold:0"
"['b10902087']" won the round 18 (stack = {'b10902087': 914.1185256716269, 'b10902012': 1085.0})
community cards of this round: ['C6', 'SJ', 'C5', 'S4', 'H5']
name: b10902087, hole_card: ['CQ', 'D8']
name: b10902012, hole_card: ['D3', 'C9']
['D3', 'C9']
Started the round 19
Street "preflop" started. (community card = [])
name: b10902087, hole_card: ['CQ', 'D8']
name: b10902012, hole_card: ['D3', 'C9']
"b10902012" declared "fold:0"
"['b10902087']" won the round 19 (stack = {'b10902087': 919.1185256716269, 'b10902012': 1080.0})
community cards of this round: ['S9', 'S5', 'SJ', 'SA', 'D6']
name: b10902087, hole_card: ['C5', 'D3']
name: b10902012, hole_card: ['H3', 'HJ']
['H3', 'HJ']
Started the round 20
Street "preflop" started. (community card = [])
name: b10902087, hole_card: ['C5', 'D3']
name: b10902012, hole_card: ['H3', 'HJ']
"b10902087" declared "call:10"
name: b10902087, hole_card: ['C5', 'D3']
name: b10902012, hole_card: ['H3', 'HJ']
"b10902012" declared "fold:0"
"['b10902087']" won the round 20 (stack = {'b10902087': 929.1185256716269, 'b10902012': 1070.0})
b10902087 vs b10902012 - Game 4: {'rule': {'initial_stack': 1000, 'max_round': 20, 'small_blind_amount': 5, 'ante': 0, 'blind_structure': {}}, 'players': [{'name': 'b10902087', 'uuid': 'gxieunqubzhpqthvqpulgt', 'stack': 929.1185256716269, 'state': 'participating'}, {'name': 'b10902012', 'uuid': 'xuipizpetvblqclgbmwjyz', 'stack': 1070.0, 'state': 'participating'}]}
community cards of this round: ['ST', 'H7', 'SQ', 'D2', 'C2']
name: b10902012, hole_card: ['H9', 'C8']
name: b10902087, hole_card: ['S3', 'S5']
['H9', 'C8']
Started the round 1
Street "preflop" started. (community card = [])
name: b10902012, hole_card: ['H9', 'C8']
name: b10902087, hole_card: ['S3', 'S5']
"b10902087" declared "call:10"
    eval: 39064, range: (10, 0)
name: b10902012, hole_card: ['H9', 'C8']
name: b10902087, hole_card: ['S3', 'S5']
"b10902012" declared "call:10"
Street "flop" started. (community card = ['ST', 'H7', 'SQ'])
name: b10902012, hole_card: ['H9', 'C8']
name: b10902087, hole_card: ['S3', 'S5']
"b10902087" declared "raise:44"
0th fold
    eval: 39064, range: (5.0, 0)
name: b10902012, hole_card: ['H9', 'C8']
name: b10902087, hole_card: ['S3', 'S5']
"b10902012" declared "fold:0"
"['b10902087']" won the round 1 (stack = {'b10902012': 990, 'b10902087': 1010})
community cards of this round: ['SK', 'DT', 'CJ', 'D3', 'SA']
name: b10902012, hole_card: ['H6', 'D9']
name: b10902087, hole_card: ['CQ', 'D5']
['H6', 'D9']
Started the round 2
Street "preflop" started. (community card = [])
    eval: 38550, range: (10, 0)
name: b10902012, hole_card: ['H6', 'D9']
name: b10902087, hole_card: ['CQ', 'D5']
"b10902012" declared "call:10"
name: b10902012, hole_card: ['H6', 'D9']
name: b10902087, hole_card: ['CQ', 'D5']
"b10902087" declared "call:10"
Street "flop" started. (community card = ['SK', 'DT', 'CJ'])
    eval: 38550, range: (5.0, 0)
name: b10902012, hole_card: ['H6', 'D9']
name: b10902087, hole_card: ['CQ', 'D5']
"b10902012" declared "call:0"
name: b10902012, hole_card: ['H6', 'D9']
name: b10902087, hole_card: ['CQ', 'D5']
"b10902087" declared "call:0"
Street "turn" started. (community card = ['SK', 'DT', 'CJ', 'D3'])
    eval: 38550, range: (10, 0)
name: b10902012, hole_card: ['H6', 'D9']
name: b10902087, hole_card: ['CQ', 'D5']
"b10902012" declared "call:0"
name: b10902012, hole_card: ['H6', 'D9']
name: b10902087, hole_card: ['CQ', 'D5']
"b10902087" declared "call:0"
Street "river" started. (community card = ['SK', 'DT', 'CJ', 'D3', 'SA'])
    eval: 38550, range: (10, 0)
name: b10902012, hole_card: ['H6', 'D9']
name: b10902087, hole_card: ['CQ', 'D5']
"b10902012" declared "call:0"
name: b10902012, hole_card: ['H6', 'D9']
name: b10902087, hole_card: ['CQ', 'D5']
"b10902087" declared "raise:200"
1th fold
    eval: 38550, range: (10, 0)
name: b10902012, hole_card: ['H6', 'D9']
name: b10902087, hole_card: ['CQ', 'D5']
"b10902012" declared "fold:0"
"['b10902087']" won the round 2 (stack = {'b10902012': 980, 'b10902087': 1020})
community cards of this round: ['C4', 'HA', 'H6', 'D9', 'CA']
name: b10902012, hole_card: ['SK', 'C9']
name: b10902087, hole_card: ['SQ', 'D2']
['SK', 'C9']
Started the round 3
Street "preflop" started. (community card = [])
name: b10902012, hole_card: ['SK', 'C9']
name: b10902087, hole_card: ['SQ', 'D2']
"b10902087" declared "call:10"
    eval: 55769, range: (10, 0)
name: b10902012, hole_card: ['SK', 'C9']
name: b10902087, hole_card: ['SQ', 'D2']
"b10902012" declared "call:10"
Street "flop" started. (community card = ['C4', 'HA', 'H6'])
name: b10902012, hole_card: ['SK', 'C9']
name: b10902087, hole_card: ['SQ', 'D2']
"b10902087" declared "call:0"
    eval: 55769, range: (5.0, 0)
name: b10902012, hole_card: ['SK', 'C9']
name: b10902087, hole_card: ['SQ', 'D2']
"b10902012" declared "call:0"
Street "turn" started. (community card = ['C4', 'HA', 'H6', 'D9'])
name: b10902012, hole_card: ['SK', 'C9']
name: b10902087, hole_card: ['SQ', 'D2']
"b10902087" declared "fold:0"
"['b10902012']" won the round 3 (stack = {'b10902012': 990, 'b10902087': 1010})
community cards of this round: ['DJ', 'C3', 'H4', 'SA', 'H6']
name: b10902012, hole_card: ['C9', 'S5']
name: b10902087, hole_card: ['C2', 'D4']
['C9', 'S5']
Started the round 4
Street "preflop" started. (community card = [])
    eval: 38293, range: (10, 0)
name: b10902012, hole_card: ['C9', 'S5']
name: b10902087, hole_card: ['C2', 'D4']
"b10902012" declared "call:10"
name: b10902012, hole_card: ['C9', 'S5']
name: b10902087, hole_card: ['C2', 'D4']
"b10902087" declared "fold:0"
"['b10902012']" won the round 4 (stack = {'b10902012': 1000, 'b10902087': 1000})
community cards of this round: ['C6', 'DJ', 'D7', 'SJ', 'CQ']
name: b10902012, hole_card: ['S6', 'DQ']
name: b10902087, hole_card: ['H4', 'HA']
['S6', 'DQ']
Started the round 5
Street "preflop" started. (community card = [])
name: b10902012, hole_card: ['S6', 'DQ']
name: b10902087, hole_card: ['H4', 'HA']
"b10902087" declared "raise:168"
0th fold
    eval: 50886, range: (10, 0)
name: b10902012, hole_card: ['S6', 'DQ']
name: b10902087, hole_card: ['H4', 'HA']
"b10902012" declared "fold:0"
"['b10902087']" won the round 5 (stack = {'b10902012': 990, 'b10902087': 1010})
community cards of this round: ['HK', 'DJ', 'D9', 'S7', 'D5']
name: b10902012, hole_card: ['S6', 'S3']
name: b10902087, hole_card: ['S9', 'D4']
['S6', 'S3']
Started the round 6
Street "preflop" started. (community card = [])
    eval: 25443, range: (10, 0)
name: b10902012, hole_card: ['S6', 'S3']
name: b10902087, hole_card: ['S9', 'D4']
"b10902012" declared "call:10"
name: b10902012, hole_card: ['S6', 'S3']
name: b10902087, hole_card: ['S9', 'D4']
"b10902087" declared "call:10"
Street "flop" started. (community card = ['HK', 'DJ', 'D9'])
    eval: 25443, range: (5.0, 0)
name: b10902012, hole_card: ['S6', 'S3']
name: b10902087, hole_card: ['S9', 'D4']
"b10902012" declared "call:0"
name: b10902012, hole_card: ['S6', 'S3']
name: b10902087, hole_card: ['S9', 'D4']
"b10902087" declared "raise:52"
1th fold
    eval: 25443, range: (5.0, 0)
name: b10902012, hole_card: ['S6', 'S3']
name: b10902087, hole_card: ['S9', 'D4']
"b10902012" declared "fold:0"
"['b10902087']" won the round 6 (stack = {'b10902012': 980, 'b10902087': 1020})
community cards of this round: ['DA', 'D8', 'C3', 'D5', 'C6']
name: b10902012, hole_card: ['S4', 'ST']
name: b10902087, hole_card: ['C2', 'S8']
['S4', 'ST']
Started the round 7
Street "preflop" started. (community card = [])
name: b10902012, hole_card: ['S4', 'ST']
name: b10902087, hole_card: ['C2', 'S8']
"b10902087" declared "call:10"
    eval: 42148, range: (10, 0)
name: b10902012, hole_card: ['S4', 'ST']
name: b10902087, hole_card: ['C2', 'S8']
"b10902012" declared "call:10"
Street "flop" started. (community card = ['DA', 'D8', 'C3'])
name: b10902012, hole_card: ['S4', 'ST']
name: b10902087, hole_card: ['C2', 'S8']
"b10902087" declared "raise:177"
2th fold
    eval: 42148, range: (5.0, 0)
name: b10902012, hole_card: ['S4', 'ST']
name: b10902087, hole_card: ['C2', 'S8']
"b10902012" declared "fold:0"
"['b10902087']" won the round 7 (stack = {'b10902012': 970, 'b10902087': 1030})
community cards of this round: ['CA', 'H3', 'H8', 'H4', 'DQ']
name: b10902012, hole_card: ['DT', 'H2']
name: b10902087, hole_card: ['CT', 'D3']
['DT', 'H2']
Started the round 8
Street "preflop" started. (community card = [])
    eval: 41634, range: (10, 0)
name: b10902012, hole_card: ['DT', 'H2']
name: b10902087, hole_card: ['CT', 'D3']
"b10902012" declared "call:10"
name: b10902012, hole_card: ['DT', 'H2']
name: b10902087, hole_card: ['CT', 'D3']
"b10902087" declared "call:10"
Street "flop" started. (community card = ['CA', 'H3', 'H8'])
    eval: 41634, range: (5.0, 0)
name: b10902012, hole_card: ['DT', 'H2']
name: b10902087, hole_card: ['CT', 'D3']
"b10902012" declared "call:0"
name: b10902012, hole_card: ['DT', 'H2']
name: b10902087, hole_card: ['CT', 'D3']
"b10902087" declared "call:0"
Street "turn" started. (community card = ['CA', 'H3', 'H8', 'H4'])
    eval: 41634, range: (10, 0)
name: b10902012, hole_card: ['DT', 'H2']
name: b10902087, hole_card: ['CT', 'D3']
"b10902012" declared "call:0"
name: b10902012, hole_card: ['DT', 'H2']
name: b10902087, hole_card: ['CT', 'D3']
"b10902087" declared "call:0"
Street "river" started. (community card = ['CA', 'H3', 'H8', 'H4', 'DQ'])
    eval: 41634, range: (10, 0)
name: b10902012, hole_card: ['DT', 'H2']
name: b10902087, hole_card: ['CT', 'D3']
"b10902012" declared "call:0"
name: b10902012, hole_card: ['DT', 'H2']
name: b10902087, hole_card: ['CT', 'D3']
"b10902087" declared "call:0"
"['b10902087']" won the round 8 (stack = {'b10902012': 960, 'b10902087': 1040})
community cards of this round: ['D4', 'S6', 'SK', 'H8', 'DT']
name: b10902012, hole_card: ['C2', 'H9']
name: b10902087, hole_card: ['S5', 'DK']
['C2', 'H9']
Started the round 9
Street "preflop" started. (community card = [])
name: b10902012, hole_card: ['C2', 'H9']
name: b10902087, hole_card: ['S5', 'DK']
"b10902087" declared "raise:35"
0th fold
    eval: 37522, range: (10, 0)
name: b10902012, hole_card: ['C2', 'H9']
name: b10902087, hole_card: ['S5', 'DK']
"b10902012" declared "fold:0"
"['b10902087']" won the round 9 (stack = {'b10902012': 950, 'b10902087': 1050})
community cards of this round: ['SK', 'SQ', 'H6', 'D2', 'S3']
name: b10902012, hole_card: ['S2', 'D9']
name: b10902087, hole_card: ['H5', 'D3']
['S2', 'D9']
Started the round 10
Street "preflop" started. (community card = [])
    eval: 37522, range: (10, 0)
name: b10902012, hole_card: ['S2', 'D9']
name: b10902087, hole_card: ['H5', 'D3']
"b10902012" declared "call:10"
name: b10902012, hole_card: ['S2', 'D9']
name: b10902087, hole_card: ['H5', 'D3']
"b10902087" declared "call:10"
Street "flop" started. (community card = ['SK', 'SQ', 'H6'])
    eval: 37522, range: (5.0, 0)
name: b10902012, hole_card: ['S2', 'D9']
name: b10902087, hole_card: ['H5', 'D3']
"b10902012" declared "call:0"
name: b10902012, hole_card: ['S2', 'D9']
name: b10902087, hole_card: ['H5', 'D3']
"b10902087" declared "fold:0"
"['b10902012']" won the round 10 (stack = {'b10902012': 960, 'b10902087': 1040})
community cards of this round: ['S5', 'H9', 'C9', 'HT', 'C5']
name: b10902012, hole_card: ['D9', 'S4']
name: b10902087, hole_card: ['CJ', 'S3']
['D9', 'S4']
Started the round 11
Street "preflop" started. (community card = [])
name: b10902012, hole_card: ['D9', 'S4']
name: b10902087, hole_card: ['CJ', 'S3']
"b10902087" declared "call:10"
    eval: 38036, range: (10, 0)
name: b10902012, hole_card: ['D9', 'S4']
name: b10902087, hole_card: ['CJ', 'S3']
"b10902012" declared "call:10"
Street "flop" started. (community card = ['S5', 'H9', 'C9'])
name: b10902012, hole_card: ['D9', 'S4']
name: b10902087, hole_card: ['CJ', 'S3']
"b10902087" declared "call:0"
    eval: 299156, range: (10, 0)
name: b10902012, hole_card: ['D9', 'S4']
name: b10902087, hole_card: ['CJ', 'S3']
"b10902012" declared "call:0"
Street "turn" started. (community card = ['S5', 'H9', 'C9', 'HT'])
name: b10902012, hole_card: ['D9', 'S4']
name: b10902087, hole_card: ['CJ', 'S3']
"b10902087" declared "fold:0"
"['b10902012']" won the round 11 (stack = {'b10902012': 970, 'b10902087': 1030})
community cards of this round: ['S7', 'DA', 'HQ', 'HK', 'S9']
name: b10902012, hole_card: ['D9', 'H4']
name: b10902087, hole_card: ['H8', 'D7']
['D9', 'H4']
Started the round 12
Street "preflop" started. (community card = [])
    eval: 38036, range: (10, 0)
name: b10902012, hole_card: ['D9', 'H4']
name: b10902087, hole_card: ['H8', 'D7']
"b10902012" declared "call:10"
name: b10902012, hole_card: ['D9', 'H4']
name: b10902087, hole_card: ['H8', 'D7']
"b10902087" declared "call:10"
Street "flop" started. (community card = ['S7', 'DA', 'HQ'])
    eval: 38036, range: (5.0, 0)
name: b10902012, hole_card: ['D9', 'H4']
name: b10902087, hole_card: ['H8', 'D7']
"b10902012" declared "call:0"
name: b10902012, hole_card: ['D9', 'H4']
name: b10902087, hole_card: ['H8', 'D7']
"b10902087" declared "raise:116"
0th fold
    eval: 38036, range: (5.0, 0)
name: b10902012, hole_card: ['D9', 'H4']
name: b10902087, hole_card: ['H8', 'D7']
"b10902012" declared "fold:0"
"['b10902087']" won the round 12 (stack = {'b10902012': 960, 'b10902087': 1040})
community cards of this round: ['HK', 'SJ', 'H7', 'C6', 'D6']
name: b10902012, hole_card: ['S5', 'H5']
name: b10902087, hole_card: ['C8', 'S6']
['S5', 'H5']
Started the round 13
Street "preflop" started. (community card = [])
name: b10902012, hole_card: ['S5', 'H5']
name: b10902087, hole_card: ['C8', 'S6']
"b10902087" declared "call:10"
    eval: 86101, range: (295.38461538461536, 0)
name: b10902012, hole_card: ['S5', 'H5']
name: b10902087, hole_card: ['C8', 'S6']
"b10902012" declared "call:10"
Street "flop" started. (community card = ['HK', 'SJ', 'H7'])
name: b10902012, hole_card: ['S5', 'H5']
name: b10902087, hole_card: ['C8', 'S6']
"b10902087" declared "call:0"
    eval: 86101, range: (10, 0)
name: b10902012, hole_card: ['S5', 'H5']
name: b10902087, hole_card: ['C8', 'S6']
"b10902012" declared "call:0"
Street "turn" started. (community card = ['HK', 'SJ', 'H7', 'C6'])
name: b10902012, hole_card: ['S5', 'H5']
name: b10902087, hole_card: ['C8', 'S6']
"b10902087" declared "call:0"
    eval: 86101, range: (48.858266078773525, 0)
name: b10902012, hole_card: ['S5', 'H5']
name: b10902087, hole_card: ['C8', 'S6']
"b10902012" declared "call:0"
Street "river" started. (community card = ['HK', 'SJ', 'H7', 'C6', 'D6'])
name: b10902012, hole_card: ['S5', 'H5']
name: b10902087, hole_card: ['C8', 'S6']
"b10902087" declared "raise:499"
1th fold
    eval: 157013, range: (44.103535353535364, 0)
name: b10902012, hole_card: ['S5', 'H5']
name: b10902087, hole_card: ['C8', 'S6']
"b10902012" declared "fold:0"
"['b10902087']" won the round 13 (stack = {'b10902012': 950, 'b10902087': 1050})
community cards of this round: ['H6', 'S5', 'S8', 'D4', 'DQ']
name: b10902012, hole_card: ['D9', 'C8']
name: b10902087, hole_card: ['ST', 'D8']
['D9', 'C8']
Started the round 14
Street "preflop" started. (community card = [])
    eval: 39064, range: (10, 0)
name: b10902012, hole_card: ['D9', 'C8']
name: b10902087, hole_card: ['ST', 'D8']
"b10902012" declared "call:10"
name: b10902012, hole_card: ['D9', 'C8']
name: b10902087, hole_card: ['ST', 'D8']
"b10902087" declared "raise:32"
0th fold
    eval: 39064, range: (10, 0)
name: b10902012, hole_card: ['D9', 'C8']
name: b10902087, hole_card: ['ST', 'D8']
"b10902012" declared "fold:0"
"['b10902087']" won the round 14 (stack = {'b10902012': 940, 'b10902087': 1060})
community cards of this round: ['S3', 'CK', 'D6', 'SK', 'HJ']
name: b10902012, hole_card: ['D5', 'D3']
name: b10902087, hole_card: ['HK', 'D9']
['D5', 'D3']
Started the round 15
Street "preflop" started. (community card = [])
name: b10902012, hole_card: ['D5', 'D3']
name: b10902087, hole_card: ['HK', 'D9']
"b10902087" declared "raise:159"
1th fold
    eval: 21331, range: (10, 0)
name: b10902012, hole_card: ['D5', 'D3']
name: b10902087, hole_card: ['HK', 'D9']
"b10902012" declared "fold:0"
"['b10902087']" won the round 15 (stack = {'b10902012': 930, 'b10902087': 1070})
community cards of this round: ['S8', 'D4', 'D3', 'CA', 'S2']
name: b10902012, hole_card: ['D7', 'H3']
name: b10902087, hole_card: ['H9', 'D2']
['D7', 'H3']
Started the round 16
Street "preflop" started. (community card = [])
    eval: 29555, range: (10, 0)
name: b10902012, hole_card: ['D7', 'H3']
name: b10902087, hole_card: ['H9', 'D2']
"b10902012" declared "call:10"
name: b10902012, hole_card: ['D7', 'H3']
name: b10902087, hole_card: ['H9', 'D2']
"b10902087" declared "call:10"
Street "flop" started. (community card = ['S8', 'D4', 'D3'])
    eval: 77939, range: (10, 0)
name: b10902012, hole_card: ['D7', 'H3']
name: b10902087, hole_card: ['H9', 'D2']
"b10902012" declared "call:0"
name: b10902012, hole_card: ['D7', 'H3']
name: b10902087, hole_card: ['H9', 'D2']
"b10902087" declared "call:0"
Street "turn" started. (community card = ['S8', 'D4', 'D3', 'CA'])
    eval: 77939, range: (115.13639058214923, 0.907341675947832)
name: b10902012, hole_card: ['D7', 'H3']
name: b10902087, hole_card: ['H9', 'D2']
"b10902012" declared "call:0"
name: b10902012, hole_card: ['D7', 'H3']
name: b10902087, hole_card: ['H9', 'D2']
"b10902087" declared "call:0"
Street "river" started. (community card = ['S8', 'D4', 'D3', 'CA', 'S2'])
    eval: 77939, range: (41.818181818181834, 0)
name: b10902012, hole_card: ['D7', 'H3']
name: b10902087, hole_card: ['H9', 'D2']
"b10902012" declared "call:0"
name: b10902012, hole_card: ['D7', 'H3']
name: b10902087, hole_card: ['H9', 'D2']
"b10902087" declared "call:0"
"['b10902012']" won the round 16 (stack = {'b10902012': 940, 'b10902087': 1060})
community cards of this round: ['HJ', 'C5', 'S6', 'D6', 'HQ']
name: b10902012, hole_card: ['CA', 'DJ']
name: b10902087, hole_card: ['D4', 'C6']
['CA', 'DJ']
Started the round 17
Street "preflop" started. (community card = [])
name: b10902012, hole_card: ['CA', 'DJ']
name: b10902087, hole_card: ['D4', 'C6']
"b10902087" declared "call:10"
    eval: 60395, range: (10, 0)
name: b10902012, hole_card: ['CA', 'DJ']
name: b10902087, hole_card: ['D4', 'C6']
"b10902012" declared "call:10"
Street "flop" started. (community card = ['HJ', 'C5', 'S6'])
name: b10902012, hole_card: ['CA', 'DJ']
name: b10902087, hole_card: ['D4', 'C6']
"b10902087" declared "raise:33"
0th fold
    eval: 110827, range: (10, 0)
name: b10902012, hole_card: ['CA', 'DJ']
name: b10902087, hole_card: ['D4', 'C6']
"b10902012" declared "fold:0"
"['b10902087']" won the round 17 (stack = {'b10902012': 930, 'b10902087': 1070})
community cards of this round: ['D9', 'DJ', 'CA', 'C4', 'HK']
name: b10902012, hole_card: ['SK', 'S3']
name: b10902087, hole_card: ['HQ', 'DT']
['SK', 'S3']
Started the round 18
Street "preflop" started. (community card = [])
    eval: 54227, range: (10, 0)
name: b10902012, hole_card: ['SK', 'S3']
name: b10902087, hole_card: ['HQ', 'DT']
"b10902012" declared "call:10"
name: b10902012, hole_card: ['SK', 'S3']
name: b10902087, hole_card: ['HQ', 'DT']
"b10902087" declared "raise:66"
1th fold
    eval: 54227, range: (10, 0)
name: b10902012, hole_card: ['SK', 'S3']
name: b10902087, hole_card: ['HQ', 'DT']
"b10902012" declared "fold:0"
"['b10902087']" won the round 18 (stack = {'b10902012': 920, 'b10902087': 1080})
community cards of this round: ['CT', 'H7', 'D9', 'SK', 'DQ']
name: b10902012, hole_card: ['H4', 'HK']
name: b10902087, hole_card: ['SA', 'C8']
['H4', 'HK']
Started the round 19
Street "preflop" started. (community card = [])
name: b10902012, hole_card: ['H4', 'HK']
name: b10902087, hole_card: ['SA', 'C8']
"b10902087" declared "raise:74"
    eval: 54484, range: (10, 0)
name: b10902012, hole_card: ['H4', 'HK']
name: b10902087, hole_card: ['SA', 'C8']
"b10902012" declared "call:74"
Street "flop" started. (community card = ['CT', 'H7', 'D9'])
name: b10902012, hole_card: ['H4', 'HK']
name: b10902087, hole_card: ['SA', 'C8']
"b10902087" declared "raise:106"
    eval: 54484, range: (5.0, 0)
name: b10902012, hole_card: ['H4', 'HK']
name: b10902087, hole_card: ['SA', 'C8']
"b10902012" declared "call:106"
Street "turn" started. (community card = ['CT', 'H7', 'D9', 'SK'])
name: b10902012, hole_card: ['H4', 'HK']
name: b10902087, hole_card: ['SA', 'C8']
"b10902087" declared "call:0"
    eval: 118996, range: (408.5901554877867, 60)
name: b10902012, hole_card: ['H4', 'HK']
name: b10902087, hole_card: ['SA', 'C8']
"b10902012" declared "raise:60"
name: b10902012, hole_card: ['H4', 'HK']
name: b10902087, hole_card: ['SA', 'C8']
"b10902087" declared "call:60"
Street "river" started. (community card = ['CT', 'H7', 'D9', 'SK', 'DQ'])
name: b10902012, hole_card: ['H4', 'HK']
name: b10902087, hole_card: ['SA', 'C8']
"b10902087" declared "fold:0"
"['b10902012']" won the round 19 (stack = {'b10902012': 1160, 'b10902087': 840})
community cards of this round: ['D2', 'H2', 'SJ', 'CK', 'CJ']
name: b10902012, hole_card: ['CQ', 'HQ']
name: b10902087, hole_card: ['H6', 'DT']
['CQ', 'HQ']
Started the round 20
Street "preflop" started. (community card = [])
name: b10902012, hole_card: ['CQ', 'HQ']
name: b10902087, hole_card: ['H6', 'DT']
"b10902012" declared "fold:0"
"['b10902087']" won the round 20 (stack = {'b10902012': 1155, 'b10902087': 845})
b10902087 vs b10902012 - Game 5: {'rule': {'initial_stack': 1000, 'max_round': 20, 'small_blind_amount': 5, 'ante': 0, 'blind_structure': {}}, 'players': [{'name': 'b10902012', 'uuid': 'kycqgybyniqkkitrvaqnka', 'stack': 1155, 'state': 'participating'}, {'name': 'b10902087', 'uuid': 'zrvlzkxcqfnawavbpolsqs', 'stack': 845, 'state': 'participating'}]}
Final Result: b10902087 won 3 games (stack: 5839.655667789001), b10902012 won 2 games (stack: 4158.985192338294)
