community cards of this round: ['CK', 'C7', 'D6', 'H4', 'SQ']
name: b11902158, hole_card: ['DQ', 'HJ']
name: b10902074, hole_card: ['DT', 'H6']
Started the round 1
Street "preflop" started. (community card = [])
name: b11902158, hole_card: ['DQ', 'HJ']
name: b10902074, hole_card: ['DT', 'H6']
"b10902074" declared "fold:0"
"['b11902158']" won the round 1 (stack = {'b11902158': 1005, 'b10902074': 995})
community cards of this round: ['SQ', 'SJ', 'H7', 'D7', 'S3']
name: b11902158, hole_card: ['D8', 'C3']
name: b10902074, hole_card: ['S6', 'D6']
Started the round 2
Street "preflop" started. (community card = [])
name: b11902158, hole_card: ['D8', 'C3']
name: b10902074, hole_card: ['S6', 'D6']
"b11902158" declared "fold:0"
"['b10902074']" won the round 2 (stack = {'b11902158': 1000, 'b10902074': 1000})
community cards of this round: ['HA', 'D2', 'DT', 'HQ', 'SQ']
name: b11902158, hole_card: ['ST', 'D7']
name: b10902074, hole_card: ['S3', 'D9']
Started the round 3
Street "preflop" started. (community card = [])
name: b11902158, hole_card: ['ST', 'D7']
name: b10902074, hole_card: ['S3', 'D9']
"b10902074" declared "fold:0"
"['b11902158']" won the round 3 (stack = {'b11902158': 1005, 'b10902074': 995})
community cards of this round: ['HK', 'D7', 'H6', 'S3', 'C2']
name: b11902158, hole_card: ['DK', 'DA']
name: b10902074, hole_card: ['H3', 'H5']
Started the round 4
Street "preflop" started. (community card = [])
name: b11902158, hole_card: ['DK', 'DA']
name: b10902074, hole_card: ['H3', 'H5']
"b11902158" declared "raise:20"
name: b11902158, hole_card: ['DK', 'DA']
name: b10902074, hole_card: ['H3', 'H5']
"b10902074" declared "fold:0"
"['b11902158']" won the round 4 (stack = {'b11902158': 1015, 'b10902074': 985})
community cards of this round: ['CJ', 'C5', 'ST', 'C3', 'CT']
name: b11902158, hole_card: ['CK', 'D9']
name: b10902074, hole_card: ['S4', 'H8']
Started the round 5
Street "preflop" started. (community card = [])
name: b11902158, hole_card: ['CK', 'D9']
name: b10902074, hole_card: ['S4', 'H8']
"b10902074" declared "fold:0"
"['b11902158']" won the round 5 (stack = {'b11902158': 1020, 'b10902074': 980})
community cards of this round: ['H2', 'CQ', 'CT', 'SA', 'ST']
name: b11902158, hole_card: ['H7', 'C5']
name: b10902074, hole_card: ['S6', 'D5']
Started the round 6
Street "preflop" started. (community card = [])
name: b11902158, hole_card: ['H7', 'C5']
name: b10902074, hole_card: ['S6', 'D5']
"b11902158" declared "fold:0"
"['b10902074']" won the round 6 (stack = {'b11902158': 1015, 'b10902074': 985})
community cards of this round: ['DQ', 'S9', 'H3', 'D8', 'C8']
name: b11902158, hole_card: ['CQ', 'S2']
name: b10902074, hole_card: ['CJ', 'ST']
Started the round 7
Street "preflop" started. (community card = [])
name: b11902158, hole_card: ['CQ', 'S2']
name: b10902074, hole_card: ['CJ', 'ST']
"b10902074" declared "call:10"
name: b11902158, hole_card: ['CQ', 'S2']
name: b10902074, hole_card: ['CJ', 'ST']
"b11902158" declared "call:10"
Street "flop" started. (community card = ['DQ', 'S9', 'H3'])
name: b11902158, hole_card: ['CQ', 'S2']
name: b10902074, hole_card: ['CJ', 'ST']
"b10902074" declared "raise:10"
name: b11902158, hole_card: ['CQ', 'S2']
name: b10902074, hole_card: ['CJ', 'ST']
"b11902158" declared "raise:42.75"
name: b11902158, hole_card: ['CQ', 'S2']
name: b10902074, hole_card: ['CJ', 'ST']
"b10902074" declared "raise:10", Invalid action. Treat as fold...
"['b11902158']" won the round 7 (stack = {'b11902158': 1034.25, 'b10902074': 965})
community cards of this round: ['H2', 'DJ', 'D8', 'S6', 'ST']
name: b11902158, hole_card: ['H4', 'H5']
name: b10902074, hole_card: ['C2', 'C9']
Started the round 8
Street "preflop" started. (community card = [])
name: b11902158, hole_card: ['H4', 'H5']
name: b10902074, hole_card: ['C2', 'C9']
"b11902158" declared "fold:0"
"['b10902074']" won the round 8 (stack = {'b11902158': 1029.25, 'b10902074': 970})
community cards of this round: ['DQ', 'H3', 'DK', 'DT', 'H6']
name: b11902158, hole_card: ['DJ', 'CJ']
name: b10902074, hole_card: ['HJ', 'C2']
Started the round 9
Street "preflop" started. (community card = [])
name: b11902158, hole_card: ['DJ', 'CJ']
name: b10902074, hole_card: ['HJ', 'C2']
"b10902074" declared "fold:0"
"['b11902158']" won the round 9 (stack = {'b11902158': 1034.25, 'b10902074': 965})
community cards of this round: ['C4', 'S7', 'C8', 'D9', 'S2']
name: b11902158, hole_card: ['H7', 'SJ']
name: b10902074, hole_card: ['HA', 'S9']
Started the round 10
Street "preflop" started. (community card = [])
name: b11902158, hole_card: ['H7', 'SJ']
name: b10902074, hole_card: ['HA', 'S9']
"b11902158" declared "fold:0"
"['b10902074']" won the round 10 (stack = {'b11902158': 1029.25, 'b10902074': 970})
community cards of this round: ['C2', 'CQ', 'H7', 'C6', 'H2']
name: b11902158, hole_card: ['H5', 'C9']
name: b10902074, hole_card: ['HK', 'C5']
Started the round 11
Street "preflop" started. (community card = [])
name: b11902158, hole_card: ['H5', 'C9']
name: b10902074, hole_card: ['HK', 'C5']
"b10902074" declared "call:10"
name: b11902158, hole_card: ['H5', 'C9']
name: b10902074, hole_card: ['HK', 'C5']
"b11902158" declared "fold:0"
"['b10902074']" won the round 11 (stack = {'b11902158': 1019.25, 'b10902074': 980})
community cards of this round: ['HK', 'C8', 'HQ', 'H3', 'D7']
name: b11902158, hole_card: ['DJ', 'HJ']
name: b10902074, hole_card: ['H2', 'D5']
Started the round 12
Street "preflop" started. (community card = [])
name: b11902158, hole_card: ['DJ', 'HJ']
name: b10902074, hole_card: ['H2', 'D5']
"b11902158" declared "raise:20"
name: b11902158, hole_card: ['DJ', 'HJ']
name: b10902074, hole_card: ['H2', 'D5']
"b10902074" declared "fold:0"
"['b11902158']" won the round 12 (stack = {'b11902158': 1029.25, 'b10902074': 970})
community cards of this round: ['DJ', 'HT', 'HK', 'S4', 'H7']
name: b11902158, hole_card: ['H9', 'H6']
name: b10902074, hole_card: ['C2', 'D7']
Started the round 13
Street "preflop" started. (community card = [])
name: b11902158, hole_card: ['H9', 'H6']
name: b10902074, hole_card: ['C2', 'D7']
"b10902074" declared "fold:0"
"['b11902158']" won the round 13 (stack = {'b11902158': 1034.25, 'b10902074': 965})
community cards of this round: ['CQ', 'HA', 'D2', 'C6', 'D5']
name: b11902158, hole_card: ['S8', 'H5']
name: b10902074, hole_card: ['D3', 'HT']
Started the round 14
Street "preflop" started. (community card = [])
name: b11902158, hole_card: ['S8', 'H5']
name: b10902074, hole_card: ['D3', 'HT']
"b11902158" declared "fold:0"
"['b10902074']" won the round 14 (stack = {'b11902158': 1029.25, 'b10902074': 970})
community cards of this round: ['HK', 'D9', 'S7', 'H3', 'S4']
name: b11902158, hole_card: ['C4', 'C9']
name: b10902074, hole_card: ['D4', 'C5']
Started the round 15
Street "preflop" started. (community card = [])
name: b11902158, hole_card: ['C4', 'C9']
name: b10902074, hole_card: ['D4', 'C5']
"b10902074" declared "raise:970"
name: b11902158, hole_card: ['C4', 'C9']
name: b10902074, hole_card: ['D4', 'C5']
"b11902158" declared "fold:0"
"['b10902074']" won the round 15 (stack = {'b11902158': 1019.25, 'b10902074': 980})
community cards of this round: ['C9', 'CA', 'SA', 'HJ', 'CQ']
name: b11902158, hole_card: ['H6', 'C3']
name: b10902074, hole_card: ['S6', 'DQ']
Started the round 16
Street "preflop" started. (community card = [])
name: b11902158, hole_card: ['H6', 'C3']
name: b10902074, hole_card: ['S6', 'DQ']
"b11902158" declared "fold:0"
"['b10902074']" won the round 16 (stack = {'b11902158': 1014.25, 'b10902074': 985})
community cards of this round: ['CT', 'S2', 'S3', 'D4', 'C2']
name: b11902158, hole_card: ['C9', 'SQ']
name: b10902074, hole_card: ['H7', 'CQ']
Started the round 17
Street "preflop" started. (community card = [])
name: b11902158, hole_card: ['C9', 'SQ']
name: b10902074, hole_card: ['H7', 'CQ']
"b10902074" declared "raise:985"
name: b11902158, hole_card: ['C9', 'SQ']
name: b10902074, hole_card: ['H7', 'CQ']
"b11902158" declared "fold:0"
"['b10902074']" won the round 17 (stack = {'b11902158': 1004.25, 'b10902074': 995})
community cards of this round: ['S4', 'C5', 'HK', 'D6', 'C4']
name: b11902158, hole_card: ['H6', 'S5']
name: b10902074, hole_card: ['CQ', 'SQ']
Started the round 18
Street "preflop" started. (community card = [])
name: b11902158, hole_card: ['H6', 'S5']
name: b10902074, hole_card: ['CQ', 'SQ']
"b11902158" declared "fold:0"
"['b10902074']" won the round 18 (stack = {'b11902158': 999.25, 'b10902074': 1000})
community cards of this round: ['D4', 'H7', 'H6', 'H4', 'S6']
name: b11902158, hole_card: ['SA', 'D9']
name: b10902074, hole_card: ['HJ', 'DK']
Started the round 19
Street "preflop" started. (community card = [])
name: b11902158, hole_card: ['SA', 'D9']
name: b10902074, hole_card: ['HJ', 'DK']
"b10902074" declared "raise:1000"
name: b11902158, hole_card: ['SA', 'D9']
name: b10902074, hole_card: ['HJ', 'DK']
"b11902158" declared "call:1000"
Street "flop" started. (community card = ['D4', 'H7', 'H6'])
Street "turn" started. (community card = ['D4', 'H7', 'H6', 'H4'])
Street "river" started. (community card = ['D4', 'H7', 'H6', 'H4', 'S6'])
"['b11902158']" won the round 19 (stack = {'b11902158': 1998.0, 'b10902074': 0})
b10902074 vs b11902158 - Game 1: {'rule': {'initial_stack': 1000, 'max_round': 20, 'small_blind_amount': 5, 'ante': 0, 'blind_structure': {}}, 'players': [{'name': 'b11902158', 'uuid': 'psdvvllvwhpjiotmzcyrlf', 'stack': 1998.0, 'state': 'participating'}, {'name': 'b10902074', 'uuid': 'hhcvukccbejalvstyubsty', 'stack': 0, 'state': 'folded'}]}
community cards of this round: ['CK', 'C7', 'D6', 'H4', 'SQ']
name: b10902074, hole_card: ['DQ', 'HJ']
name: b11902158, hole_card: ['DT', 'H6']
Started the round 1
Street "preflop" started. (community card = [])
name: b10902074, hole_card: ['DQ', 'HJ']
name: b11902158, hole_card: ['DT', 'H6']
"b11902158" declared "fold:0"
"['b10902074']" won the round 1 (stack = {'b10902074': 1005, 'b11902158': 995})
community cards of this round: ['SQ', 'SJ', 'H7', 'D7', 'S3']
name: b10902074, hole_card: ['D8', 'C3']
name: b11902158, hole_card: ['S6', 'D6']
Started the round 2
Street "preflop" started. (community card = [])
name: b10902074, hole_card: ['D8', 'C3']
name: b11902158, hole_card: ['S6', 'D6']
"b10902074" declared "fold:0"
"['b11902158']" won the round 2 (stack = {'b10902074': 1000, 'b11902158': 1000})
community cards of this round: ['HA', 'D2', 'DT', 'HQ', 'SQ']
name: b10902074, hole_card: ['ST', 'D7']
name: b11902158, hole_card: ['S3', 'D9']
Started the round 3
Street "preflop" started. (community card = [])
name: b10902074, hole_card: ['ST', 'D7']
name: b11902158, hole_card: ['S3', 'D9']
"b11902158" declared "fold:0"
"['b10902074']" won the round 3 (stack = {'b10902074': 1005, 'b11902158': 995})
community cards of this round: ['HK', 'D7', 'H6', 'S3', 'C2']
name: b10902074, hole_card: ['DK', 'DA']
name: b11902158, hole_card: ['H3', 'H5']
Started the round 4
Street "preflop" started. (community card = [])
name: b10902074, hole_card: ['DK', 'DA']
name: b11902158, hole_card: ['H3', 'H5']
"b10902074" declared "raise:10", Invalid action. Treat as fold...
"['b11902158']" won the round 4 (stack = {'b10902074': 1000, 'b11902158': 1000})
community cards of this round: ['CJ', 'C5', 'ST', 'C3', 'CT']
name: b10902074, hole_card: ['CK', 'D9']
name: b11902158, hole_card: ['S4', 'H8']
Started the round 5
Street "preflop" started. (community card = [])
name: b10902074, hole_card: ['CK', 'D9']
name: b11902158, hole_card: ['S4', 'H8']
"b11902158" declared "fold:0"
"['b10902074']" won the round 5 (stack = {'b10902074': 1005, 'b11902158': 995})
community cards of this round: ['H2', 'CQ', 'CT', 'SA', 'ST']
name: b10902074, hole_card: ['H7', 'C5']
name: b11902158, hole_card: ['S6', 'D5']
Started the round 6
Street "preflop" started. (community card = [])
name: b10902074, hole_card: ['H7', 'C5']
name: b11902158, hole_card: ['S6', 'D5']
"b10902074" declared "fold:0"
"['b11902158']" won the round 6 (stack = {'b10902074': 1000, 'b11902158': 1000})
community cards of this round: ['DQ', 'S9', 'H3', 'D8', 'C8']
name: b10902074, hole_card: ['CQ', 'S2']
name: b11902158, hole_card: ['CJ', 'ST']
Started the round 7
Street "preflop" started. (community card = [])
name: b10902074, hole_card: ['CQ', 'S2']
name: b11902158, hole_card: ['CJ', 'ST']
"b11902158" declared "call:10"
name: b10902074, hole_card: ['CQ', 'S2']
name: b11902158, hole_card: ['CJ', 'ST']
"b10902074" declared "fold:0"
"['b11902158']" won the round 7 (stack = {'b10902074': 990, 'b11902158': 1010})
community cards of this round: ['H2', 'DJ', 'D8', 'S6', 'ST']
name: b10902074, hole_card: ['H4', 'H5']
name: b11902158, hole_card: ['C2', 'C9']
Started the round 8
Street "preflop" started. (community card = [])
name: b10902074, hole_card: ['H4', 'H5']
name: b11902158, hole_card: ['C2', 'C9']
"b10902074" declared "fold:0"
"['b11902158']" won the round 8 (stack = {'b10902074': 985, 'b11902158': 1015})
community cards of this round: ['DQ', 'H3', 'DK', 'DT', 'H6']
name: b10902074, hole_card: ['DJ', 'CJ']
name: b11902158, hole_card: ['HJ', 'C2']
Started the round 9
Street "preflop" started. (community card = [])
name: b10902074, hole_card: ['DJ', 'CJ']
name: b11902158, hole_card: ['HJ', 'C2']
"b11902158" declared "fold:0"
"['b10902074']" won the round 9 (stack = {'b10902074': 990, 'b11902158': 1010})
community cards of this round: ['C4', 'S7', 'C8', 'D9', 'S2']
name: b10902074, hole_card: ['H7', 'SJ']
name: b11902158, hole_card: ['HA', 'S9']
Started the round 10
Street "preflop" started. (community card = [])
name: b10902074, hole_card: ['H7', 'SJ']
name: b11902158, hole_card: ['HA', 'S9']
"b10902074" declared "call:10"
name: b10902074, hole_card: ['H7', 'SJ']
name: b11902158, hole_card: ['HA', 'S9']
"b11902158" declared "raise:20"
name: b10902074, hole_card: ['H7', 'SJ']
name: b11902158, hole_card: ['HA', 'S9']
"b10902074" declared "call:20"
Street "flop" started. (community card = ['C4', 'S7', 'C8'])
name: b10902074, hole_card: ['H7', 'SJ']
name: b11902158, hole_card: ['HA', 'S9']
"b10902074" declared "raise:10"
name: b10902074, hole_card: ['H7', 'SJ']
name: b11902158, hole_card: ['HA', 'S9']
"b11902158" declared "call:10"
Street "turn" started. (community card = ['C4', 'S7', 'C8', 'D9'])
name: b10902074, hole_card: ['H7', 'SJ']
name: b11902158, hole_card: ['HA', 'S9']
"b10902074" declared "fold:0"
"['b11902158']" won the round 10 (stack = {'b10902074': 960, 'b11902158': 1040})
community cards of this round: ['C2', 'CQ', 'H7', 'C6', 'H2']
name: b10902074, hole_card: ['H5', 'C9']
name: b11902158, hole_card: ['HK', 'C5']
Started the round 11
Street "preflop" started. (community card = [])
name: b10902074, hole_card: ['H5', 'C9']
name: b11902158, hole_card: ['HK', 'C5']
"b11902158" declared "raise:20"
name: b10902074, hole_card: ['H5', 'C9']
name: b11902158, hole_card: ['HK', 'C5']
"b10902074" declared "fold:0"
"['b11902158']" won the round 11 (stack = {'b10902074': 950, 'b11902158': 1050})
community cards of this round: ['HK', 'C8', 'HQ', 'H3', 'D7']
name: b10902074, hole_card: ['DJ', 'HJ']
name: b11902158, hole_card: ['H2', 'D5']
Started the round 12
Street "preflop" started. (community card = [])
name: b10902074, hole_card: ['DJ', 'HJ']
name: b11902158, hole_card: ['H2', 'D5']
"b10902074" declared "raise:950"
name: b10902074, hole_card: ['DJ', 'HJ']
name: b11902158, hole_card: ['H2', 'D5']
"b11902158" declared "fold:0"
"['b10902074']" won the round 12 (stack = {'b10902074': 960, 'b11902158': 1040})
community cards of this round: ['DJ', 'HT', 'HK', 'S4', 'H7']
name: b10902074, hole_card: ['H9', 'H6']
name: b11902158, hole_card: ['C2', 'D7']
Started the round 13
Street "preflop" started. (community card = [])
name: b10902074, hole_card: ['H9', 'H6']
name: b11902158, hole_card: ['C2', 'D7']
"b11902158" declared "fold:0"
"['b10902074']" won the round 13 (stack = {'b10902074': 965, 'b11902158': 1035})
community cards of this round: ['CQ', 'HA', 'D2', 'C6', 'D5']
name: b10902074, hole_card: ['S8', 'H5']
name: b11902158, hole_card: ['D3', 'HT']
Started the round 14
Street "preflop" started. (community card = [])
name: b10902074, hole_card: ['S8', 'H5']
name: b11902158, hole_card: ['D3', 'HT']
"b10902074" declared "raise:965"
name: b10902074, hole_card: ['S8', 'H5']
name: b11902158, hole_card: ['D3', 'HT']
"b11902158" declared "fold:0"
"['b10902074']" won the round 14 (stack = {'b10902074': 975, 'b11902158': 1025})
community cards of this round: ['HK', 'D9', 'S7', 'H3', 'S4']
name: b10902074, hole_card: ['C4', 'C9']
name: b11902158, hole_card: ['D4', 'C5']
Started the round 15
Street "preflop" started. (community card = [])
name: b10902074, hole_card: ['C4', 'C9']
name: b11902158, hole_card: ['D4', 'C5']
"b11902158" declared "fold:0"
"['b10902074']" won the round 15 (stack = {'b10902074': 980, 'b11902158': 1020})
community cards of this round: ['C9', 'CA', 'SA', 'HJ', 'CQ']
name: b10902074, hole_card: ['H6', 'C3']
name: b11902158, hole_card: ['S6', 'DQ']
Started the round 16
Street "preflop" started. (community card = [])
name: b10902074, hole_card: ['H6', 'C3']
name: b11902158, hole_card: ['S6', 'DQ']
"b10902074" declared "raise:980"
name: b10902074, hole_card: ['H6', 'C3']
name: b11902158, hole_card: ['S6', 'DQ']
"b11902158" declared "fold:0"
"['b10902074']" won the round 16 (stack = {'b10902074': 990, 'b11902158': 1010})
community cards of this round: ['CT', 'S2', 'S3', 'D4', 'C2']
name: b10902074, hole_card: ['C9', 'SQ']
name: b11902158, hole_card: ['H7', 'CQ']
Started the round 17
Street "preflop" started. (community card = [])
name: b10902074, hole_card: ['C9', 'SQ']
name: b11902158, hole_card: ['H7', 'CQ']
"b11902158" declared "call:10"
name: b10902074, hole_card: ['C9', 'SQ']
name: b11902158, hole_card: ['H7', 'CQ']
"b10902074" declared "raise:990"
name: b10902074, hole_card: ['C9', 'SQ']
name: b11902158, hole_card: ['H7', 'CQ']
"b11902158" declared "fold:0"
"['b10902074']" won the round 17 (stack = {'b10902074': 1000, 'b11902158': 1000})
community cards of this round: ['S4', 'C5', 'HK', 'D6', 'C4']
name: b10902074, hole_card: ['H6', 'S5']
name: b11902158, hole_card: ['CQ', 'SQ']
Started the round 18
Street "preflop" started. (community card = [])
name: b10902074, hole_card: ['H6', 'S5']
name: b11902158, hole_card: ['CQ', 'SQ']
"b10902074" declared "fold:0"
"['b11902158']" won the round 18 (stack = {'b10902074': 995, 'b11902158': 1005})
community cards of this round: ['D4', 'H7', 'H6', 'H4', 'S6']
name: b10902074, hole_card: ['SA', 'D9']
name: b11902158, hole_card: ['HJ', 'DK']
Started the round 19
Street "preflop" started. (community card = [])
name: b10902074, hole_card: ['SA', 'D9']
name: b11902158, hole_card: ['HJ', 'DK']
"b11902158" declared "raise:20"
name: b10902074, hole_card: ['SA', 'D9']
name: b11902158, hole_card: ['HJ', 'DK']
"b10902074" declared "raise:995"
name: b10902074, hole_card: ['SA', 'D9']
name: b11902158, hole_card: ['HJ', 'DK']
"b11902158" declared "call:995"
Street "flop" started. (community card = ['D4', 'H7', 'H6'])
Street "turn" started. (community card = ['D4', 'H7', 'H6', 'H4'])
Street "river" started. (community card = ['D4', 'H7', 'H6', 'H4', 'S6'])
"['b10902074']" won the round 19 (stack = {'b10902074': 1990, 'b11902158': 10})
community cards of this round: ['H5', 'DJ', 'S8', 'DQ', 'D4']
name: b10902074, hole_card: ['C4', 'DK']
name: b11902158, hole_card: ['D3', 'S2']
Started the round 20
Street "preflop" started. (community card = [])
name: b10902074, hole_card: ['C4', 'DK']
name: b11902158, hole_card: ['D3', 'S2']
"b10902074" declared "fold:0"
"['b11902158']" won the round 20 (stack = {'b10902074': 1985, 'b11902158': 15})
b10902074 vs b11902158 - Game 2: {'rule': {'initial_stack': 1000, 'max_round': 20, 'small_blind_amount': 5, 'ante': 0, 'blind_structure': {}}, 'players': [{'name': 'b10902074', 'uuid': 'eyoiyremmeuovkmrxnvpsc', 'stack': 1985, 'state': 'participating'}, {'name': 'b11902158', 'uuid': 'sdbwnlgzhjkohoqsgbcgch', 'stack': 15, 'state': 'participating'}]}
community cards of this round: ['SK', 'C5', 'H6', 'D4', 'D7']
name: b11902158, hole_card: ['C2', 'S5']
name: b10902074, hole_card: ['C6', 'H8']
Started the round 1
Street "preflop" started. (community card = [])
name: b11902158, hole_card: ['C2', 'S5']
name: b10902074, hole_card: ['C6', 'H8']
"b10902074" declared "fold:0"
"['b11902158']" won the round 1 (stack = {'b11902158': 1005, 'b10902074': 995})
community cards of this round: ['SA', 'HK', 'CQ', 'D2', 'S5']
name: b11902158, hole_card: ['D9', 'CJ']
name: b10902074, hole_card: ['S8', 'C8']
Started the round 2
Street "preflop" started. (community card = [])
name: b11902158, hole_card: ['D9', 'CJ']
name: b10902074, hole_card: ['S8', 'C8']
"b11902158" declared "call:10"
name: b11902158, hole_card: ['D9', 'CJ']
name: b10902074, hole_card: ['S8', 'C8']
"b10902074" declared "raise:20"
name: b11902158, hole_card: ['D9', 'CJ']
name: b10902074, hole_card: ['S8', 'C8']
"b11902158" declared "fold:0"
"['b10902074']" won the round 2 (stack = {'b11902158': 995, 'b10902074': 1005})
community cards of this round: ['HA', 'DK', 'C9', 'D9', 'C6']
name: b11902158, hole_card: ['D6', 'SK']
name: b10902074, hole_card: ['HJ', 'S7']
Started the round 3
Street "preflop" started. (community card = [])
name: b11902158, hole_card: ['D6', 'SK']
name: b10902074, hole_card: ['HJ', 'S7']
"b10902074" declared "call:10"
name: b11902158, hole_card: ['D6', 'SK']
name: b10902074, hole_card: ['HJ', 'S7']
"b11902158" declared "raise:20"
name: b11902158, hole_card: ['D6', 'SK']
name: b10902074, hole_card: ['HJ', 'S7']
"b10902074" declared "call:20"
Street "flop" started. (community card = ['HA', 'DK', 'C9'])
name: b11902158, hole_card: ['D6', 'SK']
name: b10902074, hole_card: ['HJ', 'S7']
"b10902074" declared "fold:0"
"['b11902158']" won the round 3 (stack = {'b11902158': 1015, 'b10902074': 985})
community cards of this round: ['H8', 'C8', 'D5', 'S8', 'S9']
name: b11902158, hole_card: ['S3', 'SQ']
name: b10902074, hole_card: ['C2', 'ST']
Started the round 4
Street "preflop" started. (community card = [])
name: b11902158, hole_card: ['S3', 'SQ']
name: b10902074, hole_card: ['C2', 'ST']
"b11902158" declared "call:10"
name: b11902158, hole_card: ['S3', 'SQ']
name: b10902074, hole_card: ['C2', 'ST']
"b10902074" declared "fold:0"
"['b11902158']" won the round 4 (stack = {'b11902158': 1025, 'b10902074': 975})
community cards of this round: ['CQ', 'S6', 'C5', 'S9', 'DK']
name: b11902158, hole_card: ['C9', 'CA']
name: b10902074, hole_card: ['D8', 'C3']
Started the round 5
Street "preflop" started. (community card = [])
name: b11902158, hole_card: ['C9', 'CA']
name: b10902074, hole_card: ['D8', 'C3']
"b10902074" declared "fold:0"
"['b11902158']" won the round 5 (stack = {'b11902158': 1030, 'b10902074': 970})
community cards of this round: ['H2', 'CK', 'C6', 'D6', 'S9']
name: b11902158, hole_card: ['DT', 'CQ']
name: b10902074, hole_card: ['C9', 'S3']
Started the round 6
Street "preflop" started. (community card = [])
name: b11902158, hole_card: ['DT', 'CQ']
name: b10902074, hole_card: ['C9', 'S3']
"b11902158" declared "call:10"
name: b11902158, hole_card: ['DT', 'CQ']
name: b10902074, hole_card: ['C9', 'S3']
"b10902074" declared "fold:0"
"['b11902158']" won the round 6 (stack = {'b11902158': 1040, 'b10902074': 960})
community cards of this round: ['H3', 'DJ', 'H6', 'C7', 'D4']
name: b11902158, hole_card: ['H2', 'SJ']
name: b10902074, hole_card: ['HK', 'H9']
Started the round 7
Street "preflop" started. (community card = [])
name: b11902158, hole_card: ['H2', 'SJ']
name: b10902074, hole_card: ['HK', 'H9']
"b10902074" declared "raise:10", Invalid action. Treat as fold...
"['b11902158']" won the round 7 (stack = {'b11902158': 1045, 'b10902074': 955})
community cards of this round: ['H2', 'CK', 'H7', 'D4', 'DJ']
name: b11902158, hole_card: ['C4', 'S9']
name: b10902074, hole_card: ['HJ', 'S6']
Started the round 8
Street "preflop" started. (community card = [])
name: b11902158, hole_card: ['C4', 'S9']
name: b10902074, hole_card: ['HJ', 'S6']
"b11902158" declared "fold:0"
"['b10902074']" won the round 8 (stack = {'b11902158': 1040, 'b10902074': 960})
community cards of this round: ['S4', 'S2', 'DK', 'C7', 'H9']
name: b11902158, hole_card: ['CJ', 'HA']
name: b10902074, hole_card: ['S8', 'D8']
Started the round 9
Street "preflop" started. (community card = [])
name: b11902158, hole_card: ['CJ', 'HA']
name: b10902074, hole_card: ['S8', 'D8']
"b10902074" declared "raise:10", Invalid action. Treat as fold...
"['b11902158']" won the round 9 (stack = {'b11902158': 1045, 'b10902074': 955})
community cards of this round: ['C7', 'D5', 'S5', 'S9', 'CT']
name: b11902158, hole_card: ['S2', 'H9']
name: b10902074, hole_card: ['D8', 'C9']
Started the round 10
Street "preflop" started. (community card = [])
name: b11902158, hole_card: ['S2', 'H9']
name: b10902074, hole_card: ['D8', 'C9']
"b11902158" declared "fold:0"
"['b10902074']" won the round 10 (stack = {'b11902158': 1040, 'b10902074': 960})
community cards of this round: ['SQ', 'CA', 'SK', 'D2', 'HA']
name: b11902158, hole_card: ['DQ', 'SJ']
name: b10902074, hole_card: ['H4', 'C8']
Started the round 11
Street "preflop" started. (community card = [])
name: b11902158, hole_card: ['DQ', 'SJ']
name: b10902074, hole_card: ['H4', 'C8']
"b10902074" declared "fold:0"
"['b11902158']" won the round 11 (stack = {'b11902158': 1045, 'b10902074': 955})
community cards of this round: ['S4', 'S5', 'HQ', 'S9', 'S8']
name: b11902158, hole_card: ['HK', 'S6']
name: b10902074, hole_card: ['D7', 'H9']
Started the round 12
Street "preflop" started. (community card = [])
name: b11902158, hole_card: ['HK', 'S6']
name: b10902074, hole_card: ['D7', 'H9']
"b11902158" declared "call:10"
name: b11902158, hole_card: ['HK', 'S6']
name: b10902074, hole_card: ['D7', 'H9']
"b10902074" declared "raise:955"
name: b11902158, hole_card: ['HK', 'S6']
name: b10902074, hole_card: ['D7', 'H9']
"b11902158" declared "call:955"
Street "flop" started. (community card = ['S4', 'S5', 'HQ'])
Street "turn" started. (community card = ['S4', 'S5', 'HQ', 'S9'])
Street "river" started. (community card = ['S4', 'S5', 'HQ', 'S9', 'S8'])
"['b11902158']" won the round 12 (stack = {'b11902158': 2000, 'b10902074': 0})
b10902074 vs b11902158 - Game 3: {'rule': {'initial_stack': 1000, 'max_round': 20, 'small_blind_amount': 5, 'ante': 0, 'blind_structure': {}}, 'players': [{'name': 'b11902158', 'uuid': 'qgapfnznweycgernqgezeu', 'stack': 2000, 'state': 'participating'}, {'name': 'b10902074', 'uuid': 'vksbrrixxgnghoxqjglubj', 'stack': 0, 'state': 'folded'}]}
community cards of this round: ['SK', 'C5', 'H6', 'D4', 'D7']
name: b10902074, hole_card: ['C2', 'S5']
name: b11902158, hole_card: ['C6', 'H8']
Started the round 1
Street "preflop" started. (community card = [])
name: b10902074, hole_card: ['C2', 'S5']
name: b11902158, hole_card: ['C6', 'H8']
"b11902158" declared "fold:0"
"['b10902074']" won the round 1 (stack = {'b10902074': 1005, 'b11902158': 995})
community cards of this round: ['SA', 'HK', 'CQ', 'D2', 'S5']
name: b10902074, hole_card: ['D9', 'CJ']
name: b11902158, hole_card: ['S8', 'C8']
Started the round 2
Street "preflop" started. (community card = [])
name: b10902074, hole_card: ['D9', 'CJ']
name: b11902158, hole_card: ['S8', 'C8']
"b10902074" declared "call:10"
name: b10902074, hole_card: ['D9', 'CJ']
name: b11902158, hole_card: ['S8', 'C8']
"b11902158" declared "raise:20"
name: b10902074, hole_card: ['D9', 'CJ']
name: b11902158, hole_card: ['S8', 'C8']
"b10902074" declared "call:20"
Street "flop" started. (community card = ['SA', 'HK', 'CQ'])
name: b10902074, hole_card: ['D9', 'CJ']
name: b11902158, hole_card: ['S8', 'C8']
"b10902074" declared "call:0"
name: b10902074, hole_card: ['D9', 'CJ']
name: b11902158, hole_card: ['S8', 'C8']
"b11902158" declared "raise:74.0"
name: b10902074, hole_card: ['D9', 'CJ']
name: b11902158, hole_card: ['S8', 'C8']
"b10902074" declared "call:74.0"
Street "turn" started. (community card = ['SA', 'HK', 'CQ', 'D2'])
name: b10902074, hole_card: ['D9', 'CJ']
name: b11902158, hole_card: ['S8', 'C8']
"b10902074" declared "fold:0"
"['b11902158']" won the round 2 (stack = {'b10902074': 911.0, 'b11902158': 1089.0})
community cards of this round: ['HA', 'DK', 'C9', 'D9', 'C6']
name: b10902074, hole_card: ['D6', 'SK']
name: b11902158, hole_card: ['HJ', 'S7']
Started the round 3
Street "preflop" started. (community card = [])
name: b10902074, hole_card: ['D6', 'SK']
name: b11902158, hole_card: ['HJ', 'S7']
"b11902158" declared "fold:0"
"['b10902074']" won the round 3 (stack = {'b10902074': 916.0, 'b11902158': 1084.0})
community cards of this round: ['H8', 'C8', 'D5', 'S8', 'S9']
name: b10902074, hole_card: ['S3', 'SQ']
name: b11902158, hole_card: ['C2', 'ST']
Started the round 4
Street "preflop" started. (community card = [])
name: b10902074, hole_card: ['S3', 'SQ']
name: b11902158, hole_card: ['C2', 'ST']
"b10902074" declared "fold:0"
"['b11902158']" won the round 4 (stack = {'b10902074': 911.0, 'b11902158': 1089.0})
community cards of this round: ['CQ', 'S6', 'C5', 'S9', 'DK']
name: b10902074, hole_card: ['C9', 'CA']
name: b11902158, hole_card: ['D8', 'C3']
Started the round 5
Street "preflop" started. (community card = [])
name: b10902074, hole_card: ['C9', 'CA']
name: b11902158, hole_card: ['D8', 'C3']
"b11902158" declared "fold:0"
"['b10902074']" won the round 5 (stack = {'b10902074': 916.0, 'b11902158': 1084.0})
community cards of this round: ['H2', 'CK', 'C6', 'D6', 'S9']
name: b10902074, hole_card: ['DT', 'CQ']
name: b11902158, hole_card: ['C9', 'S3']
Started the round 6
Street "preflop" started. (community card = [])
name: b10902074, hole_card: ['DT', 'CQ']
name: b11902158, hole_card: ['C9', 'S3']
"b10902074" declared "call:10"
name: b10902074, hole_card: ['DT', 'CQ']
name: b11902158, hole_card: ['C9', 'S3']
"b11902158" declared "fold:0"
"['b10902074']" won the round 6 (stack = {'b10902074': 926.0, 'b11902158': 1074.0})
community cards of this round: ['H3', 'DJ', 'H6', 'C7', 'D4']
name: b10902074, hole_card: ['H2', 'SJ']
name: b11902158, hole_card: ['HK', 'H9']
Started the round 7
Street "preflop" started. (community card = [])
name: b10902074, hole_card: ['H2', 'SJ']
name: b11902158, hole_card: ['HK', 'H9']
"b11902158" declared "raise:20"
name: b10902074, hole_card: ['H2', 'SJ']
name: b11902158, hole_card: ['HK', 'H9']
"b10902074" declared "fold:0"
"['b11902158']" won the round 7 (stack = {'b10902074': 916.0, 'b11902158': 1084.0})
community cards of this round: ['H2', 'CK', 'H7', 'D4', 'DJ']
name: b10902074, hole_card: ['C4', 'S9']
name: b11902158, hole_card: ['HJ', 'S6']
Started the round 8
Street "preflop" started. (community card = [])
name: b10902074, hole_card: ['C4', 'S9']
name: b11902158, hole_card: ['HJ', 'S6']
"b10902074" declared "raise:916.0"
name: b10902074, hole_card: ['C4', 'S9']
name: b11902158, hole_card: ['HJ', 'S6']
"b11902158" declared "fold:0"
"['b10902074']" won the round 8 (stack = {'b10902074': 926.0, 'b11902158': 1074.0})
community cards of this round: ['S4', 'S2', 'DK', 'C7', 'H9']
name: b10902074, hole_card: ['CJ', 'HA']
name: b11902158, hole_card: ['S8', 'D8']
Started the round 9
Street "preflop" started. (community card = [])
name: b10902074, hole_card: ['CJ', 'HA']
name: b11902158, hole_card: ['S8', 'D8']
"b11902158" declared "raise:20"
name: b10902074, hole_card: ['CJ', 'HA']
name: b11902158, hole_card: ['S8', 'D8']
"b10902074" declared "raise:926.0"
name: b10902074, hole_card: ['CJ', 'HA']
name: b11902158, hole_card: ['S8', 'D8']
"b11902158" declared "call:926.0"
Street "flop" started. (community card = ['S4', 'S2', 'DK'])
Street "turn" started. (community card = ['S4', 'S2', 'DK', 'C7'])
Street "river" started. (community card = ['S4', 'S2', 'DK', 'C7', 'H9'])
"['b11902158']" won the round 9 (stack = {'b10902074': 0.0, 'b11902158': 2000.0})
b10902074 vs b11902158 - Game 4: {'rule': {'initial_stack': 1000, 'max_round': 20, 'small_blind_amount': 5, 'ante': 0, 'blind_structure': {}}, 'players': [{'name': 'b10902074', 'uuid': 'crczjavyouhlthzejikbvw', 'stack': 0, 'state': 'folded'}, {'name': 'b11902158', 'uuid': 'hjcdmjwcgprmsefhxlrnzu', 'stack': 2000.0, 'state': 'participating'}]}
community cards of this round: ['C7', 'SK', 'CT', 'D3', 'CK']
name: b11902158, hole_card: ['D7', 'DK']
name: b10902074, hole_card: ['C3', 'SA']
Started the round 1
Street "preflop" started. (community card = [])
name: b11902158, hole_card: ['D7', 'DK']
name: b10902074, hole_card: ['C3', 'SA']
"b10902074" declared "call:10"
name: b11902158, hole_card: ['D7', 'DK']
name: b10902074, hole_card: ['C3', 'SA']
"b11902158" declared "raise:20"
name: b11902158, hole_card: ['D7', 'DK']
name: b10902074, hole_card: ['C3', 'SA']
"b10902074" declared "call:20"
Street "flop" started. (community card = ['C7', 'SK', 'CT'])
name: b11902158, hole_card: ['D7', 'DK']
name: b10902074, hole_card: ['C3', 'SA']
"b10902074" declared "fold:0"
"['b11902158']" won the round 1 (stack = {'b11902158': 1020, 'b10902074': 980})
community cards of this round: ['SK', 'D2', 'C9', 'C5', 'H6']
name: b11902158, hole_card: ['HK', 'DJ']
name: b10902074, hole_card: ['ST', 'CK']
Started the round 2
Street "preflop" started. (community card = [])
name: b11902158, hole_card: ['HK', 'DJ']
name: b10902074, hole_card: ['ST', 'CK']
"b11902158" declared "raise:20"
name: b11902158, hole_card: ['HK', 'DJ']
name: b10902074, hole_card: ['ST', 'CK']
"b10902074" declared "raise:10", Invalid action. Treat as fold...
"['b11902158']" won the round 2 (stack = {'b11902158': 1030, 'b10902074': 970})
community cards of this round: ['HA', 'S2', 'H4', 'S3', 'C7']
name: b11902158, hole_card: ['D8', 'S4']
name: b10902074, hole_card: ['C4', 'DJ']
Started the round 3
Street "preflop" started. (community card = [])
name: b11902158, hole_card: ['D8', 'S4']
name: b10902074, hole_card: ['C4', 'DJ']
"b10902074" declared "fold:0"
"['b11902158']" won the round 3 (stack = {'b11902158': 1035, 'b10902074': 965})
community cards of this round: ['C7', 'H7', 'C3', 'S5', 'CK']
name: b11902158, hole_card: ['CQ', 'HJ']
name: b10902074, hole_card: ['S8', 'D9']
Started the round 4
Street "preflop" started. (community card = [])
name: b11902158, hole_card: ['CQ', 'HJ']
name: b10902074, hole_card: ['S8', 'D9']
"b11902158" declared "call:10"
name: b11902158, hole_card: ['CQ', 'HJ']
name: b10902074, hole_card: ['S8', 'D9']
"b10902074" declared "fold:0"
"['b11902158']" won the round 4 (stack = {'b11902158': 1045, 'b10902074': 955})
community cards of this round: ['H4', 'D3', 'C2', 'C6', 'HA']
name: b11902158, hole_card: ['ST', 'SJ']
name: b10902074, hole_card: ['H8', 'DQ']
Started the round 5
Street "preflop" started. (community card = [])
name: b11902158, hole_card: ['ST', 'SJ']
name: b10902074, hole_card: ['H8', 'DQ']
"b10902074" declared "call:10"
name: b11902158, hole_card: ['ST', 'SJ']
name: b10902074, hole_card: ['H8', 'DQ']
"b11902158" declared "call:10"
Street "flop" started. (community card = ['H4', 'D3', 'C2'])
name: b11902158, hole_card: ['ST', 'SJ']
name: b10902074, hole_card: ['H8', 'DQ']
"b10902074" declared "fold:0"
"['b11902158']" won the round 5 (stack = {'b11902158': 1055, 'b10902074': 945})
community cards of this round: ['C5', 'H5', 'H8', 'S7', 'H9']
name: b11902158, hole_card: ['CK', 'C7']
name: b10902074, hole_card: ['CT', 'DA']
Started the round 6
Street "preflop" started. (community card = [])
name: b11902158, hole_card: ['CK', 'C7']
name: b10902074, hole_card: ['CT', 'DA']
"b11902158" declared "raise:20"
name: b11902158, hole_card: ['CK', 'C7']
name: b10902074, hole_card: ['CT', 'DA']
"b10902074" declared "raise:10", Invalid action. Treat as fold...
"['b11902158']" won the round 6 (stack = {'b11902158': 1065, 'b10902074': 935})
community cards of this round: ['HK', 'HT', 'H3', 'C4', 'HQ']
name: b11902158, hole_card: ['D4', 'SK']
name: b10902074, hole_card: ['DQ', 'H9']
Started the round 7
Street "preflop" started. (community card = [])
name: b11902158, hole_card: ['D4', 'SK']
name: b10902074, hole_card: ['DQ', 'H9']
"b10902074" declared "call:10"
name: b11902158, hole_card: ['D4', 'SK']
name: b10902074, hole_card: ['DQ', 'H9']
"b11902158" declared "raise:20"
name: b11902158, hole_card: ['D4', 'SK']
name: b10902074, hole_card: ['DQ', 'H9']
"b10902074" declared "call:20"
Street "flop" started. (community card = ['HK', 'HT', 'H3'])
name: b11902158, hole_card: ['D4', 'SK']
name: b10902074, hole_card: ['DQ', 'H9']
"b10902074" declared "raise:10"
name: b11902158, hole_card: ['D4', 'SK']
name: b10902074, hole_card: ['DQ', 'H9']
"b11902158" declared "call:10"
Street "turn" started. (community card = ['HK', 'HT', 'H3', 'C4'])
name: b11902158, hole_card: ['D4', 'SK']
name: b10902074, hole_card: ['DQ', 'H9']
"b10902074" declared "raise:905"
name: b11902158, hole_card: ['D4', 'SK']
name: b10902074, hole_card: ['DQ', 'H9']
"b11902158" declared "call:905"
Street "river" started. (community card = ['HK', 'HT', 'H3', 'C4', 'HQ'])
"['b10902074']" won the round 7 (stack = {'b11902158': 130, 'b10902074': 1870})
community cards of this round: ['HA', 'C8', 'H9', 'HQ', 'SK']
name: b11902158, hole_card: ['S8', 'H7']
name: b10902074, hole_card: ['D3', 'D7']
Started the round 8
Street "preflop" started. (community card = [])
name: b11902158, hole_card: ['S8', 'H7']
name: b10902074, hole_card: ['D3', 'D7']
"b11902158" declared "fold:0"
"['b10902074']" won the round 8 (stack = {'b11902158': 125, 'b10902074': 1875})
community cards of this round: ['CJ', 'D4', 'D7', 'HK', 'CQ']
name: b11902158, hole_card: ['D5', 'H8']
name: b10902074, hole_card: ['CK', 'S3']
Started the round 9
Street "preflop" started. (community card = [])
name: b11902158, hole_card: ['D5', 'H8']
name: b10902074, hole_card: ['CK', 'S3']
"b10902074" declared "fold:0"
"['b11902158']" won the round 9 (stack = {'b11902158': 130, 'b10902074': 1870})
community cards of this round: ['C8', 'DJ', 'DA', 'HT', 'H7']
name: b11902158, hole_card: ['D3', 'S3']
name: b10902074, hole_card: ['S8', 'C3']
Started the round 10
Street "preflop" started. (community card = [])
name: b11902158, hole_card: ['D3', 'S3']
name: b10902074, hole_card: ['S8', 'C3']
"b11902158" declared "raise:20"
name: b11902158, hole_card: ['D3', 'S3']
name: b10902074, hole_card: ['S8', 'C3']
"b10902074" declared "fold:0"
"['b11902158']" won the round 10 (stack = {'b11902158': 140, 'b10902074': 1860})
community cards of this round: ['CT', 'H6', 'C2', 'D3', 'CA']
name: b11902158, hole_card: ['S8', 'HJ']
name: b10902074, hole_card: ['S4', 'SQ']
Started the round 11
Street "preflop" started. (community card = [])
name: b11902158, hole_card: ['S8', 'HJ']
name: b10902074, hole_card: ['S4', 'SQ']
"b10902074" declared "fold:0"
"['b11902158']" won the round 11 (stack = {'b11902158': 145, 'b10902074': 1855})
community cards of this round: ['DA', 'H4', 'S9', 'SK', 'CT']
name: b11902158, hole_card: ['H3', 'DT']
name: b10902074, hole_card: ['S4', 'C9']
Started the round 12
Street "preflop" started. (community card = [])
name: b11902158, hole_card: ['H3', 'DT']
name: b10902074, hole_card: ['S4', 'C9']
"b11902158" declared "fold:0"
"['b10902074']" won the round 12 (stack = {'b11902158': 140, 'b10902074': 1860})
community cards of this round: ['HK', 'H4', 'D8', 'S9', 'H8']
name: b11902158, hole_card: ['C4', 'SA']
name: b10902074, hole_card: ['H3', 'D2']
Started the round 13
Street "preflop" started. (community card = [])
name: b11902158, hole_card: ['C4', 'SA']
name: b10902074, hole_card: ['H3', 'D2']
"b10902074" declared "fold:0"
"['b11902158']" won the round 13 (stack = {'b11902158': 145, 'b10902074': 1855})
community cards of this round: ['C9', 'CJ', 'D2', 'S5', 'D8']
name: b11902158, hole_card: ['D6', 'D9']
name: b10902074, hole_card: ['C4', 'CQ']
Started the round 14
Street "preflop" started. (community card = [])
name: b11902158, hole_card: ['D6', 'D9']
name: b10902074, hole_card: ['C4', 'CQ']
"b11902158" declared "fold:0"
"['b10902074']" won the round 14 (stack = {'b11902158': 140, 'b10902074': 1860})
community cards of this round: ['S7', 'CT', 'CA', 'C5', 'S9']
name: b11902158, hole_card: ['C3', 'D2']
name: b10902074, hole_card: ['HJ', 'D3']
Started the round 15
Street "preflop" started. (community card = [])
name: b11902158, hole_card: ['C3', 'D2']
name: b10902074, hole_card: ['HJ', 'D3']
"b10902074" declared "fold:0"
"['b11902158']" won the round 15 (stack = {'b11902158': 145, 'b10902074': 1855})
community cards of this round: ['CT', 'D9', 'HQ', 'D8', 'C2']
name: b11902158, hole_card: ['S9', 'H4']
name: b10902074, hole_card: ['DK', 'C4']
Started the round 16
Street "preflop" started. (community card = [])
name: b11902158, hole_card: ['S9', 'H4']
name: b10902074, hole_card: ['DK', 'C4']
"b11902158" declared "fold:0"
"['b10902074']" won the round 16 (stack = {'b11902158': 140, 'b10902074': 1860})
community cards of this round: ['HT', 'SJ', 'DK', 'DJ', 'HJ']
name: b11902158, hole_card: ['C9', 'S4']
name: b10902074, hole_card: ['H7', 'S2']
Started the round 17
Street "preflop" started. (community card = [])
name: b11902158, hole_card: ['C9', 'S4']
name: b10902074, hole_card: ['H7', 'S2']
"b10902074" declared "fold:0"
"['b11902158']" won the round 17 (stack = {'b11902158': 145, 'b10902074': 1855})
community cards of this round: ['SJ', 'H2', 'SA', 'DQ', 'CK']
name: b11902158, hole_card: ['H8', 'HA']
name: b10902074, hole_card: ['CJ', 'DT']
Started the round 18
Street "preflop" started. (community card = [])
name: b11902158, hole_card: ['H8', 'HA']
name: b10902074, hole_card: ['CJ', 'DT']
"b11902158" declared "raise:20"
name: b11902158, hole_card: ['H8', 'HA']
name: b10902074, hole_card: ['CJ', 'DT']
"b10902074" declared "fold:0"
"['b11902158']" won the round 18 (stack = {'b11902158': 155, 'b10902074': 1845})
community cards of this round: ['CQ', 'D4', 'C3', 'C7', 'S2']
name: b11902158, hole_card: ['HQ', 'DK']
name: b10902074, hole_card: ['C2', 'D7']
Started the round 19
Street "preflop" started. (community card = [])
name: b11902158, hole_card: ['HQ', 'DK']
name: b10902074, hole_card: ['C2', 'D7']
"b10902074" declared "fold:0"
"['b11902158']" won the round 19 (stack = {'b11902158': 160, 'b10902074': 1840})
community cards of this round: ['SJ', 'C4', 'SA', 'S5', 'S7']
name: b11902158, hole_card: ['D3', 'HQ']
name: b10902074, hole_card: ['SK', 'C8']
Started the round 20
Street "preflop" started. (community card = [])
name: b11902158, hole_card: ['D3', 'HQ']
name: b10902074, hole_card: ['SK', 'C8']
"b11902158" declared "call:10"
name: b11902158, hole_card: ['D3', 'HQ']
name: b10902074, hole_card: ['SK', 'C8']
"b10902074" declared "fold:0"
"['b11902158']" won the round 20 (stack = {'b11902158': 170, 'b10902074': 1830})
b10902074 vs b11902158 - Game 5: {'rule': {'initial_stack': 1000, 'max_round': 20, 'small_blind_amount': 5, 'ante': 0, 'blind_structure': {}}, 'players': [{'name': 'b11902158', 'uuid': 'dhufxwxxozjahuadznitxh', 'stack': 170, 'state': 'participating'}, {'name': 'b10902074', 'uuid': 'czdffydxhhcrkoydvnfrnh', 'stack': 1830, 'state': 'participating'}]}
Final Result: b10902074 won 2 games (stack: 3815), b11902158 won 3 games (stack: 6183.0), num ties: 0
