community cards of this round: ['DA', 'S6', 'CT', 'H6', 'HJ']
name: b10902108, hole_card: ['DT', 'CQ']
name: b10902134, hole_card: ['S5', 'S2']
Started the round 1
Street "preflop" started. (community card = [])
name: b10902108, hole_card: ['DT', 'CQ']
name: b10902134, hole_card: ['S5', 'S2']
"b10902134" declared "fold:0"
"['b10902108']" won the round 1 (stack = {'b10902108': 1005, 'b10902134': 995})
community cards of this round: ['SJ', 'S2', 'D6', 'S6', 'SQ']
name: b10902108, hole_card: ['D3', 'CJ']
name: b10902134, hole_card: ['SA', 'CQ']
Started the round 2
Street "preflop" started. (community card = [])
name: b10902108, hole_card: ['D3', 'CJ']
name: b10902134, hole_card: ['SA', 'CQ']
"b10902108" declared "fold:0"
"['b10902134']" won the round 2 (stack = {'b10902108': 1000, 'b10902134': 1000})
community cards of this round: ['CT', 'HT', 'C4', 'HK', 'H6']
name: b10902108, hole_card: ['C9', 'C8']
name: b10902134, hole_card: ['S3', 'DA']
Started the round 3
Street "preflop" started. (community card = [])
name: b10902108, hole_card: ['C9', 'C8']
name: b10902134, hole_card: ['S3', 'DA']
"b10902134" declared "call:10"
name: b10902108, hole_card: ['C9', 'C8']
name: b10902134, hole_card: ['S3', 'DA']
"b10902108" declared "call:10"
Street "flop" started. (community card = ['CT', 'HT', 'C4'])
name: b10902108, hole_card: ['C9', 'C8']
name: b10902134, hole_card: ['S3', 'DA']
"b10902134" declared "call:0"
name: b10902108, hole_card: ['C9', 'C8']
name: b10902134, hole_card: ['S3', 'DA']
"b10902108" declared "call:0"
Street "turn" started. (community card = ['CT', 'HT', 'C4', 'HK'])
name: b10902108, hole_card: ['C9', 'C8']
name: b10902134, hole_card: ['S3', 'DA']
"b10902134" declared "call:0"
BLUFF!!!!
name: b10902108, hole_card: ['C9', 'C8']
name: b10902134, hole_card: ['S3', 'DA']
"b10902108" declared "raise:403.0"
name: b10902108, hole_card: ['C9', 'C8']
name: b10902134, hole_card: ['S3', 'DA']
"b10902134" declared "call:403.0"
Street "river" started. (community card = ['CT', 'HT', 'C4', 'HK', 'H6'])
name: b10902108, hole_card: ['C9', 'C8']
name: b10902134, hole_card: ['S3', 'DA']
"b10902134" declared "call:0"
BLUFF!!!!
name: b10902108, hole_card: ['C9', 'C8']
name: b10902134, hole_card: ['S3', 'DA']
"b10902108" declared "raise:261.95"
name: b10902108, hole_card: ['C9', 'C8']
name: b10902134, hole_card: ['S3', 'DA']
"b10902134" declared "call:261.95"
"['b10902134']" won the round 3 (stack = {'b10902108': 325.05, 'b10902134': 1674.05})
community cards of this round: ['H7', 'C9', 'C7', 'DK', 'CJ']
name: b10902108, hole_card: ['S3', 'CA']
name: b10902134, hole_card: ['C6', 'DJ']
Started the round 4
Street "preflop" started. (community card = [])
name: b10902108, hole_card: ['S3', 'CA']
name: b10902134, hole_card: ['C6', 'DJ']
"b10902108" declared "call:10"
name: b10902108, hole_card: ['S3', 'CA']
name: b10902134, hole_card: ['C6', 'DJ']
"b10902134" declared "fold:0"
"['b10902108']" won the round 4 (stack = {'b10902108': 335.05, 'b10902134': 1664.05})
community cards of this round: ['H5', 'D4', 'S4', 'C5', 'S9']
name: b10902108, hole_card: ['CK', 'D2']
name: b10902134, hole_card: ['C9', 'S7']
Started the round 5
Street "preflop" started. (community card = [])
name: b10902108, hole_card: ['CK', 'D2']
name: b10902134, hole_card: ['C9', 'S7']
"b10902134" declared "fold:0"
"['b10902108']" won the round 5 (stack = {'b10902108': 340.05, 'b10902134': 1659.05})
community cards of this round: ['C7', 'S2', 'DT', 'CQ', 'H2']
name: b10902108, hole_card: ['S7', 'D2']
name: b10902134, hole_card: ['S4', 'DA']
Started the round 6
Street "preflop" started. (community card = [])
name: b10902108, hole_card: ['S7', 'D2']
name: b10902134, hole_card: ['S4', 'DA']
"b10902108" declared "call:10"
name: b10902108, hole_card: ['S7', 'D2']
name: b10902134, hole_card: ['S4', 'DA']
"b10902134" declared "fold:0"
"['b10902108']" won the round 6 (stack = {'b10902108': 350.05, 'b10902134': 1649.05})
community cards of this round: ['CK', 'C3', 'H8', 'HK', 'CT']
name: b10902108, hole_card: ['D5', 'S2']
name: b10902134, hole_card: ['D9', 'S6']
Started the round 7
Street "preflop" started. (community card = [])
name: b10902108, hole_card: ['D5', 'S2']
name: b10902134, hole_card: ['D9', 'S6']
"b10902134" declared "fold:0"
"['b10902108']" won the round 7 (stack = {'b10902108': 355.05, 'b10902134': 1644.05})
community cards of this round: ['DK', 'DQ', 'S8', 'HK', 'S9']
name: b10902108, hole_card: ['SJ', 'D4']
name: b10902134, hole_card: ['HA', 'C6']
Started the round 8
Street "preflop" started. (community card = [])
name: b10902108, hole_card: ['SJ', 'D4']
name: b10902134, hole_card: ['HA', 'C6']
"b10902108" declared "call:10"
name: b10902108, hole_card: ['SJ', 'D4']
name: b10902134, hole_card: ['HA', 'C6']
"b10902134" declared "fold:0"
"['b10902108']" won the round 8 (stack = {'b10902108': 365.05, 'b10902134': 1634.05})
community cards of this round: ['SQ', 'CA', 'CJ', 'S7', 'D6']
name: b10902108, hole_card: ['S8', 'S3']
name: b10902134, hole_card: ['H3', 'D9']
Started the round 9
Street "preflop" started. (community card = [])
name: b10902108, hole_card: ['S8', 'S3']
name: b10902134, hole_card: ['H3', 'D9']
"b10902134" declared "fold:0"
"['b10902108']" won the round 9 (stack = {'b10902108': 370.05, 'b10902134': 1629.05})
community cards of this round: ['C7', 'CQ', 'D7', 'D8', 'SQ']
name: b10902108, hole_card: ['D5', 'SJ']
name: b10902134, hole_card: ['D6', 'C9']
Started the round 10
Street "preflop" started. (community card = [])
name: b10902108, hole_card: ['D5', 'SJ']
name: b10902134, hole_card: ['D6', 'C9']
"b10902108" declared "call:10"
name: b10902108, hole_card: ['D5', 'SJ']
name: b10902134, hole_card: ['D6', 'C9']
"b10902134" declared "fold:0"
"['b10902108']" won the round 10 (stack = {'b10902108': 380.05, 'b10902134': 1619.05})
community cards of this round: ['C7', 'C6', 'S5', 'DQ', 'H6']
name: b10902108, hole_card: ['S3', 'D9']
name: b10902134, hole_card: ['DK', 'DJ']
Started the round 11
Street "preflop" started. (community card = [])
name: b10902108, hole_card: ['S3', 'D9']
name: b10902134, hole_card: ['DK', 'DJ']
"b10902134" declared "fold:0"
"['b10902108']" won the round 11 (stack = {'b10902108': 385.05, 'b10902134': 1614.05})
community cards of this round: ['S4', 'CK', 'S2', 'ST', 'D4']
name: b10902108, hole_card: ['DQ', 'C6']
name: b10902134, hole_card: ['D9', 'H5']
Started the round 12
Street "preflop" started. (community card = [])
name: b10902108, hole_card: ['DQ', 'C6']
name: b10902134, hole_card: ['D9', 'H5']
"b10902108" declared "call:10"
name: b10902108, hole_card: ['DQ', 'C6']
name: b10902134, hole_card: ['D9', 'H5']
"b10902134" declared "fold:0"
"['b10902108']" won the round 12 (stack = {'b10902108': 395.05, 'b10902134': 1604.05})
community cards of this round: ['SJ', 'C4', 'D7', 'HJ', 'H3']
name: b10902108, hole_card: ['H8', 'S9']
name: b10902134, hole_card: ['DJ', 'HK']
Started the round 13
Street "preflop" started. (community card = [])
name: b10902108, hole_card: ['H8', 'S9']
name: b10902134, hole_card: ['DJ', 'HK']
"b10902134" declared "fold:0"
"['b10902108']" won the round 13 (stack = {'b10902108': 400.05, 'b10902134': 1599.05})
community cards of this round: ['HT', 'D7', 'H3', 'CK', 'D8']
name: b10902108, hole_card: ['D4', 'DT']
name: b10902134, hole_card: ['CT', 'DJ']
Started the round 14
Street "preflop" started. (community card = [])
name: b10902108, hole_card: ['D4', 'DT']
name: b10902134, hole_card: ['CT', 'DJ']
"b10902108" declared "call:10"
name: b10902108, hole_card: ['D4', 'DT']
name: b10902134, hole_card: ['CT', 'DJ']
"b10902134" declared "fold:0"
"['b10902108']" won the round 14 (stack = {'b10902108': 410.05, 'b10902134': 1589.05})
community cards of this round: ['H7', 'D4', 'D3', 'C5', 'D7']
name: b10902108, hole_card: ['S8', 'H5']
name: b10902134, hole_card: ['DK', 'H3']
Started the round 15
Street "preflop" started. (community card = [])
name: b10902108, hole_card: ['S8', 'H5']
name: b10902134, hole_card: ['DK', 'H3']
"b10902134" declared "fold:0"
"['b10902108']" won the round 15 (stack = {'b10902108': 415.05, 'b10902134': 1584.05})
community cards of this round: ['H6', 'DK', 'S7', 'S9', 'CA']
name: b10902108, hole_card: ['HQ', 'H9']
name: b10902134, hole_card: ['DA', 'DQ']
Started the round 16
Street "preflop" started. (community card = [])
name: b10902108, hole_card: ['HQ', 'H9']
name: b10902134, hole_card: ['DA', 'DQ']
"b10902108" declared "call:10"
name: b10902108, hole_card: ['HQ', 'H9']
name: b10902134, hole_card: ['DA', 'DQ']
"b10902134" declared "fold:0"
"['b10902108']" won the round 16 (stack = {'b10902108': 425.05, 'b10902134': 1574.05})
community cards of this round: ['C6', 'H3', 'H6', 'S6', 'D9']
name: b10902108, hole_card: ['C4', 'H7']
name: b10902134, hole_card: ['D8', 'DA']
Started the round 17
Street "preflop" started. (community card = [])
name: b10902108, hole_card: ['C4', 'H7']
name: b10902134, hole_card: ['D8', 'DA']
"b10902134" declared "fold:0"
"['b10902108']" won the round 17 (stack = {'b10902108': 430.05, 'b10902134': 1569.05})
community cards of this round: ['SJ', 'C7', 'S3', 'DA', 'H9']
name: b10902108, hole_card: ['HA', 'H3']
name: b10902134, hole_card: ['C9', 'D9']
Started the round 18
Street "preflop" started. (community card = [])
name: b10902108, hole_card: ['HA', 'H3']
name: b10902134, hole_card: ['C9', 'D9']
"b10902108" declared "raise:344.97"
name: b10902108, hole_card: ['HA', 'H3']
name: b10902134, hole_card: ['C9', 'D9']
"b10902134" declared "fold:0"
"['b10902108']" won the round 18 (stack = {'b10902108': 439.08, 'b10902134': 1559.05})
community cards of this round: ['H9', 'D6', 'S8', 'ST', 'S5']
name: b10902108, hole_card: ['CA', 'H4']
name: b10902134, hole_card: ['DT', 'S7']
Started the round 19
Street "preflop" started. (community card = [])
name: b10902108, hole_card: ['CA', 'H4']
name: b10902134, hole_card: ['DT', 'S7']
"b10902134" declared "fold:0"
"['b10902108']" won the round 19 (stack = {'b10902108': 444.08, 'b10902134': 1554.05})
community cards of this round: ['ST', 'C5', 'C9', 'CA', 'S9']
name: b10902108, hole_card: ['C7', 'D8']
name: b10902134, hole_card: ['S5', 'H8']
Started the round 20
Street "preflop" started. (community card = [])
name: b10902108, hole_card: ['C7', 'D8']
name: b10902134, hole_card: ['S5', 'H8']
"b10902108" declared "call:10"
name: b10902108, hole_card: ['C7', 'D8']
name: b10902134, hole_card: ['S5', 'H8']
"b10902134" declared "fold:0"
"['b10902108']" won the round 20 (stack = {'b10902108': 454.08, 'b10902134': 1544.05})
b10902134 vs b10902108 - Game 1: {'rule': {'initial_stack': 1000, 'max_round': 20, 'small_blind_amount': 5, 'ante': 0, 'blind_structure': {}}, 'players': [{'name': 'b10902108', 'uuid': 'dwlszrifpotbkqdgczaaan', 'stack': 454.08, 'state': 'participating'}, {'name': 'b10902134', 'uuid': 'cziuufwpultkzvvvelsfad', 'stack': 1544.05, 'state': 'participating'}]}
community cards of this round: ['DA', 'S6', 'CT', 'H6', 'HJ']
name: b10902134, hole_card: ['DT', 'CQ']
name: b10902108, hole_card: ['S5', 'S2']
Started the round 1
Street "preflop" started. (community card = [])
name: b10902134, hole_card: ['DT', 'CQ']
name: b10902108, hole_card: ['S5', 'S2']
"b10902108" declared "fold:0"
"['b10902134']" won the round 1 (stack = {'b10902134': 1005, 'b10902108': 995})
community cards of this round: ['SJ', 'S2', 'D6', 'S6', 'SQ']
name: b10902134, hole_card: ['D3', 'CJ']
name: b10902108, hole_card: ['SA', 'CQ']
Started the round 2
Street "preflop" started. (community card = [])
name: b10902134, hole_card: ['D3', 'CJ']
name: b10902108, hole_card: ['SA', 'CQ']
"b10902134" declared "call:10"
name: b10902134, hole_card: ['D3', 'CJ']
name: b10902108, hole_card: ['SA', 'CQ']
"b10902108" declared "raise:33.0"
name: b10902134, hole_card: ['D3', 'CJ']
name: b10902108, hole_card: ['SA', 'CQ']
"b10902134" declared "call:33.0"
Street "flop" started. (community card = ['SJ', 'S2', 'D6'])
name: b10902134, hole_card: ['D3', 'CJ']
name: b10902108, hole_card: ['SA', 'CQ']
"b10902134" declared "raise:651.3333333333334"
name: b10902134, hole_card: ['D3', 'CJ']
name: b10902108, hole_card: ['SA', 'CQ']
"b10902108" declared "fold:0"
"['b10902134']" won the round 2 (stack = {'b10902134': 1037.6666666666665, 'b10902108': 962.0})
community cards of this round: ['CT', 'HT', 'C4', 'HK', 'H6']
name: b10902134, hole_card: ['C9', 'C8']
name: b10902108, hole_card: ['S3', 'DA']
Started the round 3
Street "preflop" started. (community card = [])
name: b10902134, hole_card: ['C9', 'C8']
name: b10902108, hole_card: ['S3', 'DA']
"b10902108" declared "call:10"
name: b10902134, hole_card: ['C9', 'C8']
name: b10902108, hole_card: ['S3', 'DA']
"b10902134" declared "call:10"
Street "flop" started. (community card = ['CT', 'HT', 'C4'])
name: b10902134, hole_card: ['C9', 'C8']
name: b10902108, hole_card: ['S3', 'DA']
"b10902108" declared "call:0"
name: b10902134, hole_card: ['C9', 'C8']
name: b10902108, hole_card: ['S3', 'DA']
"b10902134" declared "call:0"
Street "turn" started. (community card = ['CT', 'HT', 'C4', 'HK'])
BLUFF!!!!
name: b10902134, hole_card: ['C9', 'C8']
name: b10902108, hole_card: ['S3', 'DA']
"b10902108" declared "raise:389.7"
name: b10902134, hole_card: ['C9', 'C8']
name: b10902108, hole_card: ['S3', 'DA']
"b10902134" declared "fold:0"
"['b10902108']" won the round 3 (stack = {'b10902134': 1027.6666666666665, 'b10902108': 971.3})
community cards of this round: ['H7', 'C9', 'C7', 'DK', 'CJ']
name: b10902134, hole_card: ['S3', 'CA']
name: b10902108, hole_card: ['C6', 'DJ']
Started the round 4
Street "preflop" started. (community card = [])
name: b10902134, hole_card: ['S3', 'CA']
name: b10902108, hole_card: ['C6', 'DJ']
"b10902134" declared "call:10"
name: b10902134, hole_card: ['S3', 'CA']
name: b10902108, hole_card: ['C6', 'DJ']
"b10902108" declared "call:10"
Street "flop" started. (community card = ['H7', 'C9', 'C7'])
name: b10902134, hole_card: ['S3', 'CA']
name: b10902108, hole_card: ['C6', 'DJ']
"b10902134" declared "call:0"
name: b10902134, hole_card: ['S3', 'CA']
name: b10902108, hole_card: ['C6', 'DJ']
"b10902108" declared "call:0"
Street "turn" started. (community card = ['H7', 'C9', 'C7', 'DK'])
name: b10902134, hole_card: ['S3', 'CA']
name: b10902108, hole_card: ['C6', 'DJ']
"b10902134" declared "call:0"
BLUFF!!!!
name: b10902134, hole_card: ['S3', 'CA']
name: b10902108, hole_card: ['C6', 'DJ']
"b10902108" declared "raise:392.955"
name: b10902134, hole_card: ['S3', 'CA']
name: b10902108, hole_card: ['C6', 'DJ']
"b10902134" declared "fold:0"
"['b10902108']" won the round 4 (stack = {'b10902134': 1017.6666666666665, 'b10902108': 980.345})
community cards of this round: ['H5', 'D4', 'S4', 'C5', 'S9']
name: b10902134, hole_card: ['CK', 'D2']
name: b10902108, hole_card: ['C9', 'S7']
Started the round 5
Street "preflop" started. (community card = [])
name: b10902134, hole_card: ['CK', 'D2']
name: b10902108, hole_card: ['C9', 'S7']
"b10902108" declared "fold:0"
"['b10902134']" won the round 5 (stack = {'b10902134': 1022.6666666666665, 'b10902108': 975.345})
community cards of this round: ['C7', 'S2', 'DT', 'CQ', 'H2']
name: b10902134, hole_card: ['S7', 'D2']
name: b10902108, hole_card: ['S4', 'DA']
Started the round 6
Street "preflop" started. (community card = [])
name: b10902134, hole_card: ['S7', 'D2']
name: b10902108, hole_card: ['S4', 'DA']
"b10902134" declared "fold:0"
"['b10902108']" won the round 6 (stack = {'b10902134': 1017.6666666666665, 'b10902108': 980.345})
community cards of this round: ['CK', 'C3', 'H8', 'HK', 'CT']
name: b10902134, hole_card: ['D5', 'S2']
name: b10902108, hole_card: ['D9', 'S6']
Started the round 7
Street "preflop" started. (community card = [])
name: b10902134, hole_card: ['D5', 'S2']
name: b10902108, hole_card: ['D9', 'S6']
"b10902108" declared "fold:0"
"['b10902134']" won the round 7 (stack = {'b10902134': 1022.6666666666665, 'b10902108': 975.345})
community cards of this round: ['DK', 'DQ', 'S8', 'HK', 'S9']
name: b10902134, hole_card: ['SJ', 'D4']
name: b10902108, hole_card: ['HA', 'C6']
Started the round 8
Street "preflop" started. (community card = [])
name: b10902134, hole_card: ['SJ', 'D4']
name: b10902108, hole_card: ['HA', 'C6']
"b10902134" declared "call:10"
name: b10902134, hole_card: ['SJ', 'D4']
name: b10902108, hole_card: ['HA', 'C6']
"b10902108" declared "call:10"
Street "flop" started. (community card = ['DK', 'DQ', 'S8'])
name: b10902134, hole_card: ['SJ', 'D4']
name: b10902108, hole_card: ['HA', 'C6']
"b10902134" declared "call:0"
name: b10902134, hole_card: ['SJ', 'D4']
name: b10902108, hole_card: ['HA', 'C6']
"b10902108" declared "call:0"
Street "turn" started. (community card = ['DK', 'DQ', 'S8', 'HK'])
name: b10902134, hole_card: ['SJ', 'D4']
name: b10902108, hole_card: ['HA', 'C6']
"b10902134" declared "call:0"
name: b10902134, hole_card: ['SJ', 'D4']
name: b10902108, hole_card: ['HA', 'C6']
"b10902108" declared "call:0"
Street "river" started. (community card = ['DK', 'DQ', 'S8', 'HK', 'S9'])
name: b10902134, hole_card: ['SJ', 'D4']
name: b10902108, hole_card: ['HA', 'C6']
"b10902134" declared "call:0"
name: b10902134, hole_card: ['SJ', 'D4']
name: b10902108, hole_card: ['HA', 'C6']
"b10902108" declared "call:0"
"['b10902108']" won the round 8 (stack = {'b10902134': 1012.6666666666665, 'b10902108': 985.345})
community cards of this round: ['SQ', 'CA', 'CJ', 'S7', 'D6']
name: b10902134, hole_card: ['S8', 'S3']
name: b10902108, hole_card: ['H3', 'D9']
Started the round 9
Street "preflop" started. (community card = [])
name: b10902134, hole_card: ['S8', 'S3']
name: b10902108, hole_card: ['H3', 'D9']
"b10902108" declared "fold:0"
"['b10902134']" won the round 9 (stack = {'b10902134': 1017.6666666666665, 'b10902108': 980.345})
community cards of this round: ['C7', 'CQ', 'D7', 'D8', 'SQ']
name: b10902134, hole_card: ['D5', 'SJ']
name: b10902108, hole_card: ['D6', 'C9']
Started the round 10
Street "preflop" started. (community card = [])
name: b10902134, hole_card: ['D5', 'SJ']
name: b10902108, hole_card: ['D6', 'C9']
"b10902134" declared "call:10"
name: b10902134, hole_card: ['D5', 'SJ']
name: b10902108, hole_card: ['D6', 'C9']
"b10902108" declared "call:10"
Street "flop" started. (community card = ['C7', 'CQ', 'D7'])
name: b10902134, hole_card: ['D5', 'SJ']
name: b10902108, hole_card: ['D6', 'C9']
"b10902134" declared "call:0"
name: b10902134, hole_card: ['D5', 'SJ']
name: b10902108, hole_card: ['D6', 'C9']
"b10902108" declared "call:0"
Street "turn" started. (community card = ['C7', 'CQ', 'D7', 'D8'])
name: b10902134, hole_card: ['D5', 'SJ']
name: b10902108, hole_card: ['D6', 'C9']
"b10902134" declared "call:0"
name: b10902134, hole_card: ['D5', 'SJ']
name: b10902108, hole_card: ['D6', 'C9']
"b10902108" declared "call:0"
Street "river" started. (community card = ['C7', 'CQ', 'D7', 'D8', 'SQ'])
name: b10902134, hole_card: ['D5', 'SJ']
name: b10902108, hole_card: ['D6', 'C9']
"b10902134" declared "call:0"
name: b10902134, hole_card: ['D5', 'SJ']
name: b10902108, hole_card: ['D6', 'C9']
"b10902108" declared "call:0"
"['b10902134']" won the round 10 (stack = {'b10902134': 1027.6666666666665, 'b10902108': 970.345})
community cards of this round: ['C7', 'C6', 'S5', 'DQ', 'H6']
name: b10902134, hole_card: ['S3', 'D9']
name: b10902108, hole_card: ['DK', 'DJ']
Started the round 11
Street "preflop" started. (community card = [])
name: b10902134, hole_card: ['S3', 'D9']
name: b10902108, hole_card: ['DK', 'DJ']
"b10902108" declared "raise:57.37919999999998"
name: b10902134, hole_card: ['S3', 'D9']
name: b10902108, hole_card: ['DK', 'DJ']
"b10902134" declared "fold:0"
"['b10902108']" won the round 11 (stack = {'b10902134': 1017.6666666666665, 'b10902108': 979.9658000000001})
community cards of this round: ['S4', 'CK', 'S2', 'ST', 'D4']
name: b10902134, hole_card: ['DQ', 'C6']
name: b10902108, hole_card: ['D9', 'H5']
Started the round 12
Street "preflop" started. (community card = [])
name: b10902134, hole_card: ['DQ', 'C6']
name: b10902108, hole_card: ['D9', 'H5']
"b10902134" declared "call:10"
name: b10902134, hole_card: ['DQ', 'C6']
name: b10902108, hole_card: ['D9', 'H5']
"b10902108" declared "call:10"
Street "flop" started. (community card = ['S4', 'CK', 'S2'])
name: b10902134, hole_card: ['DQ', 'C6']
name: b10902108, hole_card: ['D9', 'H5']
"b10902134" declared "call:0"
name: b10902134, hole_card: ['DQ', 'C6']
name: b10902108, hole_card: ['D9', 'H5']
"b10902108" declared "call:0"
Street "turn" started. (community card = ['S4', 'CK', 'S2', 'ST'])
name: b10902134, hole_card: ['DQ', 'C6']
name: b10902108, hole_card: ['D9', 'H5']
"b10902134" declared "call:0"
name: b10902134, hole_card: ['DQ', 'C6']
name: b10902108, hole_card: ['D9', 'H5']
"b10902108" declared "call:0"
Street "river" started. (community card = ['S4', 'CK', 'S2', 'ST', 'D4'])
name: b10902134, hole_card: ['DQ', 'C6']
name: b10902108, hole_card: ['D9', 'H5']
"b10902134" declared "call:0"
name: b10902134, hole_card: ['DQ', 'C6']
name: b10902108, hole_card: ['D9', 'H5']
"b10902108" declared "call:0"
"['b10902134']" won the round 12 (stack = {'b10902134': 1027.6666666666665, 'b10902108': 969.9658000000001})
community cards of this round: ['SJ', 'C4', 'D7', 'HJ', 'H3']
name: b10902134, hole_card: ['H8', 'S9']
name: b10902108, hole_card: ['DJ', 'HK']
Started the round 13
Street "preflop" started. (community card = [])
name: b10902134, hole_card: ['H8', 'S9']
name: b10902108, hole_card: ['DJ', 'HK']
"b10902108" declared "raise:46.52120399999996"
name: b10902134, hole_card: ['H8', 'S9']
name: b10902108, hole_card: ['DJ', 'HK']
"b10902134" declared "call:46.52120399999996"
Street "flop" started. (community card = ['SJ', 'C4', 'D7'])
name: b10902134, hole_card: ['H8', 'S9']
name: b10902108, hole_card: ['DJ', 'HK']
"b10902108" declared "raise:31.341876144800036"
name: b10902134, hole_card: ['H8', 'S9']
name: b10902108, hole_card: ['DJ', 'HK']
"b10902134" declared "call:31.341876144800036"
Street "turn" started. (community card = ['SJ', 'C4', 'D7', 'HJ'])
name: b10902134, hole_card: ['H8', 'S9']
name: b10902108, hole_card: ['DJ', 'HK']
"b10902108" declared "raise:10"
name: b10902134, hole_card: ['H8', 'S9']
name: b10902108, hole_card: ['DJ', 'HK']
"b10902134" declared "call:10"
Street "river" started. (community card = ['SJ', 'C4', 'D7', 'HJ', 'H3'])
name: b10902134, hole_card: ['H8', 'S9']
name: b10902108, hole_card: ['DJ', 'HK']
"b10902108" declared "raise:10"
name: b10902134, hole_card: ['H8', 'S9']
name: b10902108, hole_card: ['DJ', 'HK']
"b10902134" declared "call:10"
"['b10902108']" won the round 13 (stack = {'b10902134': 929.8035865218665, 'b10902108': 1067.1027198552001})
community cards of this round: ['HT', 'D7', 'H3', 'CK', 'D8']
name: b10902134, hole_card: ['D4', 'DT']
name: b10902108, hole_card: ['CT', 'DJ']
Started the round 14
Street "preflop" started. (community card = [])
name: b10902134, hole_card: ['D4', 'DT']
name: b10902108, hole_card: ['CT', 'DJ']
"b10902134" declared "call:10"
name: b10902134, hole_card: ['D4', 'DT']
name: b10902108, hole_card: ['CT', 'DJ']
"b10902108" declared "fold:0"
"['b10902134']" won the round 14 (stack = {'b10902134': 939.8035865218665, 'b10902108': 1057.1027198552001})
community cards of this round: ['H7', 'D4', 'D3', 'C5', 'D7']
name: b10902134, hole_card: ['S8', 'H5']
name: b10902108, hole_card: ['DK', 'H3']
Started the round 15
Street "preflop" started. (community card = [])
name: b10902134, hole_card: ['S8', 'H5']
name: b10902108, hole_card: ['DK', 'H3']
"b10902108" declared "fold:0"
"['b10902134']" won the round 15 (stack = {'b10902134': 944.8035865218665, 'b10902108': 1052.1027198552001})
community cards of this round: ['H6', 'DK', 'S7', 'S9', 'CA']
name: b10902134, hole_card: ['HQ', 'H9']
name: b10902108, hole_card: ['DA', 'DQ']
Started the round 16
Street "preflop" started. (community card = [])
name: b10902134, hole_card: ['HQ', 'H9']
name: b10902108, hole_card: ['DA', 'DQ']
"b10902134" declared "call:10"
name: b10902134, hole_card: ['HQ', 'H9']
name: b10902108, hole_card: ['DA', 'DQ']
"b10902108" declared "fold:0"
"['b10902134']" won the round 16 (stack = {'b10902134': 954.8035865218665, 'b10902108': 1042.1027198552001})
community cards of this round: ['C6', 'H3', 'H6', 'S6', 'D9']
name: b10902134, hole_card: ['C4', 'H7']
name: b10902108, hole_card: ['D8', 'DA']
Started the round 17
Street "preflop" started. (community card = [])
name: b10902134, hole_card: ['C4', 'H7']
name: b10902108, hole_card: ['D8', 'DA']
"b10902108" declared "fold:0"
"['b10902134']" won the round 17 (stack = {'b10902134': 959.8035865218665, 'b10902108': 1037.1027198552001})
community cards of this round: ['SJ', 'C7', 'S3', 'DA', 'H9']
name: b10902134, hole_card: ['HA', 'H3']
name: b10902108, hole_card: ['C9', 'D9']
Started the round 18
Street "preflop" started. (community card = [])
name: b10902134, hole_card: ['HA', 'H3']
name: b10902108, hole_card: ['C9', 'D9']
"b10902134" declared "raise:15"
name: b10902134, hole_card: ['HA', 'H3']
name: b10902108, hole_card: ['C9', 'D9']
"b10902108" declared "fold:0"
"['b10902134']" won the round 18 (stack = {'b10902134': 969.8035865218665, 'b10902108': 1027.1027198552001})
community cards of this round: ['H9', 'D6', 'S8', 'ST', 'S5']
name: b10902134, hole_card: ['CA', 'H4']
name: b10902108, hole_card: ['DT', 'S7']
Started the round 19
Street "preflop" started. (community card = [])
name: b10902134, hole_card: ['CA', 'H4']
name: b10902108, hole_card: ['DT', 'S7']
"b10902108" declared "fold:0"
"['b10902134']" won the round 19 (stack = {'b10902134': 974.8035865218665, 'b10902108': 1022.1027198552001})
community cards of this round: ['ST', 'C5', 'C9', 'CA', 'S9']
name: b10902134, hole_card: ['C7', 'D8']
name: b10902108, hole_card: ['S5', 'H8']
Started the round 20
Street "preflop" started. (community card = [])
name: b10902134, hole_card: ['C7', 'D8']
name: b10902108, hole_card: ['S5', 'H8']
"b10902134" declared "raise:974.8035865218665"
name: b10902134, hole_card: ['C7', 'D8']
name: b10902108, hole_card: ['S5', 'H8']
"b10902108" declared "fold:0"
"['b10902134']" won the round 20 (stack = {'b10902134': 984.0, 'b10902108': 1012.1027198552001})
b10902134 vs b10902108 - Game 2: {'rule': {'initial_stack': 1000, 'max_round': 20, 'small_blind_amount': 5, 'ante': 0, 'blind_structure': {}}, 'players': [{'name': 'b10902134', 'uuid': 'rcxvjmrwxhnyewcjciwozl', 'stack': 984.0, 'state': 'participating'}, {'name': 'b10902108', 'uuid': 'nxmoqbokadlutxrbvqgkfe', 'stack': 1012.1027198552001, 'state': 'participating'}]}
community cards of this round: ['SK', 'S2', 'H2', 'S3', 'HT']
name: b10902108, hole_card: ['SJ', 'C6']
name: b10902134, hole_card: ['D4', 'ST']
Started the round 1
Street "preflop" started. (community card = [])
name: b10902108, hole_card: ['SJ', 'C6']
name: b10902134, hole_card: ['D4', 'ST']
"b10902134" declared "call:10"
name: b10902108, hole_card: ['SJ', 'C6']
name: b10902134, hole_card: ['D4', 'ST']
"b10902108" declared "call:10"
Street "flop" started. (community card = ['SK', 'S2', 'H2'])
name: b10902108, hole_card: ['SJ', 'C6']
name: b10902134, hole_card: ['D4', 'ST']
"b10902134" declared "call:0"
name: b10902108, hole_card: ['SJ', 'C6']
name: b10902134, hole_card: ['D4', 'ST']
"b10902108" declared "call:0"
Street "turn" started. (community card = ['SK', 'S2', 'H2', 'S3'])
name: b10902108, hole_card: ['SJ', 'C6']
name: b10902134, hole_card: ['D4', 'ST']
"b10902134" declared "call:0"
BLUFF!!!!
name: b10902108, hole_card: ['SJ', 'C6']
name: b10902134, hole_card: ['D4', 'ST']
"b10902108" declared "raise:403.0"
name: b10902108, hole_card: ['SJ', 'C6']
name: b10902134, hole_card: ['D4', 'ST']
"b10902134" declared "fold:0"
"['b10902108']" won the round 1 (stack = {'b10902108': 1010.0, 'b10902134': 990})
community cards of this round: ['C2', 'S8', 'S4', 'C8', 'D6']
name: b10902108, hole_card: ['D8', 'H8']
name: b10902134, hole_card: ['S5', 'HQ']
Started the round 2
Street "preflop" started. (community card = [])
name: b10902108, hole_card: ['D8', 'H8']
name: b10902134, hole_card: ['S5', 'HQ']
"b10902108" declared "raise:80.5"
name: b10902108, hole_card: ['D8', 'H8']
name: b10902134, hole_card: ['S5', 'HQ']
"b10902134" declared "call:80.5"
Street "flop" started. (community card = ['C2', 'S8', 'S4'])
name: b10902108, hole_card: ['D8', 'H8']
name: b10902134, hole_card: ['S5', 'HQ']
"b10902108" declared "raise:41.8834"
name: b10902108, hole_card: ['D8', 'H8']
name: b10902134, hole_card: ['S5', 'HQ']
"b10902134" declared "call:41.8834"
Street "turn" started. (community card = ['C2', 'S8', 'S4', 'C8'])
name: b10902108, hole_card: ['D8', 'H8']
name: b10902134, hole_card: ['S5', 'HQ']
"b10902108" declared "raise:10"
name: b10902108, hole_card: ['D8', 'H8']
name: b10902134, hole_card: ['S5', 'HQ']
"b10902134" declared "call:10"
Street "river" started. (community card = ['C2', 'S8', 'S4', 'C8', 'D6'])
name: b10902108, hole_card: ['D8', 'H8']
name: b10902134, hole_card: ['S5', 'HQ']
"b10902108" declared "raise:10"
name: b10902108, hole_card: ['D8', 'H8']
name: b10902134, hole_card: ['S5', 'HQ']
"b10902134" declared "call:10"
"['b10902108']" won the round 2 (stack = {'b10902108': 1151.6165999999998, 'b10902134': 847.6166})
community cards of this round: ['DT', 'C9', 'SA', 'C8', 'S5']
name: b10902108, hole_card: ['HJ', 'S9']
name: b10902134, hole_card: ['D2', 'HT']
Started the round 3
Street "preflop" started. (community card = [])
name: b10902108, hole_card: ['HJ', 'S9']
name: b10902134, hole_card: ['D2', 'HT']
"b10902134" declared "fold:0"
"['b10902108']" won the round 3 (stack = {'b10902108': 1156.6165999999998, 'b10902134': 842.6166})
community cards of this round: ['CT', 'D8', 'H4', 'H2', 'S4']
name: b10902108, hole_card: ['HK', 'D4']
name: b10902134, hole_card: ['DT', 'H8']
Started the round 4
Street "preflop" started. (community card = [])
name: b10902108, hole_card: ['HK', 'D4']
name: b10902134, hole_card: ['DT', 'H8']
"b10902108" declared "fold:0"
"['b10902134']" won the round 4 (stack = {'b10902108': 1151.6165999999998, 'b10902134': 847.6166})
community cards of this round: ['CA', 'C3', 'H3', 'C7', 'C2']
name: b10902108, hole_card: ['DA', 'S6']
name: b10902134, hole_card: ['C9', 'D3']
Started the round 5
Street "preflop" started. (community card = [])
name: b10902108, hole_card: ['DA', 'S6']
name: b10902134, hole_card: ['C9', 'D3']
"b10902134" declared "fold:0"
"['b10902108']" won the round 5 (stack = {'b10902108': 1156.6165999999998, 'b10902134': 842.6166})
community cards of this round: ['D6', 'S4', 'H4', 'CA', 'C5']
name: b10902108, hole_card: ['SQ', 'D5']
name: b10902134, hole_card: ['DA', 'H2']
Started the round 6
Street "preflop" started. (community card = [])
name: b10902108, hole_card: ['SQ', 'D5']
name: b10902134, hole_card: ['DA', 'H2']
"b10902108" declared "fold:0"
"['b10902134']" won the round 6 (stack = {'b10902108': 1151.6165999999998, 'b10902134': 847.6166})
community cards of this round: ['C7', 'DA', 'C3', 'H6', 'H9']
name: b10902108, hole_card: ['SK', 'CJ']
name: b10902134, hole_card: ['S8', 'ST']
Started the round 7
Street "preflop" started. (community card = [])
name: b10902108, hole_card: ['SK', 'CJ']
name: b10902134, hole_card: ['S8', 'ST']
"b10902134" declared "call:10"
name: b10902108, hole_card: ['SK', 'CJ']
name: b10902134, hole_card: ['S8', 'ST']
"b10902108" declared "fold:0"
"['b10902134']" won the round 7 (stack = {'b10902108': 1141.6165999999998, 'b10902134': 857.6166})
community cards of this round: ['C4', 'S2', 'H2', 'SA', 'DA']
name: b10902108, hole_card: ['HT', 'H7']
name: b10902134, hole_card: ['D9', 'CT']
Started the round 8
Street "preflop" started. (community card = [])
name: b10902108, hole_card: ['HT', 'H7']
name: b10902134, hole_card: ['D9', 'CT']
"b10902108" declared "fold:0"
"['b10902134']" won the round 8 (stack = {'b10902108': 1136.6165999999998, 'b10902134': 862.6166})
community cards of this round: ['C6', 'DK', 'H5', 'C7', 'H3']
name: b10902108, hole_card: ['ST', 'H7']
name: b10902134, hole_card: ['D7', 'D6']
Started the round 9
Street "preflop" started. (community card = [])
name: b10902108, hole_card: ['ST', 'H7']
name: b10902134, hole_card: ['D7', 'D6']
"b10902134" declared "call:10"
name: b10902108, hole_card: ['ST', 'H7']
name: b10902134, hole_card: ['D7', 'D6']
"b10902108" declared "fold:0"
"['b10902134']" won the round 9 (stack = {'b10902108': 1126.6165999999998, 'b10902134': 872.6166})
community cards of this round: ['DJ', 'D8', 'CK', 'S5', 'D9']
name: b10902108, hole_card: ['CQ', 'S2']
name: b10902134, hole_card: ['H8', 'CT']
Started the round 10
Street "preflop" started. (community card = [])
name: b10902108, hole_card: ['CQ', 'S2']
name: b10902134, hole_card: ['H8', 'CT']
"b10902108" declared "fold:0"
"['b10902134']" won the round 10 (stack = {'b10902108': 1121.6165999999998, 'b10902134': 877.6166})

win_rate:0.348 my_amount:0 hole_card:['S5', 'S2'] community_card:[]
pot_size:15 call_amount:10 call_prof:0.4

win_rate:0.5606666666666666 my_amount:0 hole_card:['S3', 'DA'] community_card:[]
pot_size:15 call_amount:10 call_prof:0.4

win_rate:0.502 my_amount:10 hole_card:['S3', 'DA'] community_card:['CT', 'HT', 'C4']
pot_size:20 call_amount:0 call_prof:0.0

win_rate:0.5133333333333333 my_amount:10 hole_card:['S3', 'DA'] community_card:['CT', 'HT', 'C4', 'HK']
pot_size:20 call_amount:0 call_prof:0.0

win_rate:0.512 my_amount:10 hole_card:['S3', 'DA'] community_card:['CT', 'HT', 'C4', 'HK']
pot_size:423.0 call_amount:403.0 call_prof:0.48789346246973364

win_rate:0.42333333333333334 my_amount:413.0 hole_card:['S3', 'DA'] community_card:['CT', 'HT', 'C4', 'HK', 'H6']
pot_size:826.0 call_amount:0 call_prof:0.0

win_rate:0.426 my_amount:413.0 hole_card:['S3', 'DA'] community_card:['CT', 'HT', 'C4', 'HK', 'H6']
pot_size:1087.95 call_amount:261.95 call_prof:0.1940514112156456

win_rate:0.4593333333333333 my_amount:0 hole_card:['D3', 'CJ'] community_card:[]
pot_size:15 call_amount:10 call_prof:0.4

win_rate:0.476 my_amount:10 hole_card:['D3', 'CJ'] community_card:[]
pot_size:43.0 call_amount:33.0 call_prof:0.4342105263157895

win_rate:0.7646666666666667 my_amount:43.0 hole_card:['D3', 'CJ'] community_card:['SJ', 'S2', 'D6']
pot_size:66.0 call_amount:0 call_prof:0.0

win_rate:0.5033333333333333 my_amount:0 hole_card:['C9', 'C8'] community_card:[]
pot_size:20 call_amount:10 call_prof:0.3333333333333333

win_rate:0.57 my_amount:10 hole_card:['C9', 'C8'] community_card:['CT', 'HT', 'C4']
pot_size:20 call_amount:0 call_prof:0.0

win_rate:0.4513333333333333 my_amount:10 hole_card:['C9', 'C8'] community_card:['CT', 'HT', 'C4', 'HK']
pot_size:409.7 call_amount:389.7 call_prof:0.4874906179634726

win_rate:0.5513333333333333 my_amount:0 hole_card:['S3', 'CA'] community_card:[]
pot_size:15 call_amount:10 call_prof:0.4

win_rate:0.5266666666666666 my_amount:10 hole_card:['S3', 'CA'] community_card:['H7', 'C9', 'C7']
pot_size:20 call_amount:0 call_prof:0.0

win_rate:0.4686666666666667 my_amount:10 hole_card:['S3', 'CA'] community_card:['H7', 'C9', 'C7', 'DK']
pot_size:20 call_amount:0 call_prof:0.0

win_rate:0.478 my_amount:10 hole_card:['S3', 'CA'] community_card:['H7', 'C9', 'C7', 'DK']
pot_size:412.955 call_amount:392.955 call_prof:0.4875916665632639

win_rate:0.344 my_amount:0 hole_card:['S7', 'D2'] community_card:[]
pot_size:15 call_amount:10 call_prof:0.4

win_rate:0.48133333333333334 my_amount:0 hole_card:['SJ', 'D4'] community_card:[]
pot_size:15 call_amount:10 call_prof:0.4

win_rate:0.4106666666666667 my_amount:10 hole_card:['SJ', 'D4'] community_card:['DK', 'DQ', 'S8']
pot_size:20 call_amount:0 call_prof:0.0

win_rate:0.40066666666666667 my_amount:10 hole_card:['SJ', 'D4'] community_card:['DK', 'DQ', 'S8', 'HK']
pot_size:20 call_amount:0 call_prof:0.0

win_rate:0.3433333333333333 my_amount:10 hole_card:['SJ', 'D4'] community_card:['DK', 'DQ', 'S8', 'HK', 'S9']
pot_size:20 call_amount:0 call_prof:0.0

win_rate:0.49 my_amount:0 hole_card:['D5', 'SJ'] community_card:[]
pot_size:15 call_amount:10 call_prof:0.4

win_rate:0.4093333333333333 my_amount:10 hole_card:['D5', 'SJ'] community_card:['C7', 'CQ', 'D7']
pot_size:20 call_amount:0 call_prof:0.0

win_rate:0.3373333333333333 my_amount:10 hole_card:['D5', 'SJ'] community_card:['C7', 'CQ', 'D7', 'D8']
pot_size:20 call_amount:0 call_prof:0.0

win_rate:0.37866666666666665 my_amount:10 hole_card:['D5', 'SJ'] community_card:['C7', 'CQ', 'D7', 'D8', 'SQ']
pot_size:20 call_amount:0 call_prof:0.0

win_rate:0.37933333333333336 my_amount:0 hole_card:['S3', 'D9'] community_card:[]
pot_size:67.37919999999998 call_amount:57.37919999999998 call_prof:0.4599225382819914

win_rate:0.5133333333333333 my_amount:0 hole_card:['DQ', 'C6'] community_card:[]
pot_size:15 call_amount:10 call_prof:0.4

win_rate:0.41333333333333333 my_amount:10 hole_card:['DQ', 'C6'] community_card:['S4', 'CK', 'S2']
pot_size:20 call_amount:0 call_prof:0.0

win_rate:0.28733333333333333 my_amount:10 hole_card:['DQ', 'C6'] community_card:['S4', 'CK', 'S2', 'ST']
pot_size:20 call_amount:0 call_prof:0.0

win_rate:0.32866666666666666 my_amount:10 hole_card:['DQ', 'C6'] community_card:['S4', 'CK', 'S2', 'ST', 'D4']
pot_size:20 call_amount:0 call_prof:0.0

win_rate:0.502 my_amount:0 hole_card:['H8', 'S9'] community_card:[]
pot_size:56.52120399999996 call_amount:46.52120399999996 call_prof:0.45147628925752586

win_rate:0.39266666666666666 my_amount:46.52120399999996 hole_card:['H8', 'S9'] community_card:['SJ', 'C4', 'D7']
pot_size:124.38428414479995 call_amount:31.341876144800036 call_prof:0.2012627556379374

win_rate:0.32866666666666666 my_amount:77.8630801448 hole_card:['H8', 'S9'] community_card:['SJ', 'C4', 'D7', 'HJ']
pot_size:165.7261602896 call_amount:10 call_prof:0.05690672341283628

win_rate:0.12 my_amount:87.8630801448 hole_card:['H8', 'S9'] community_card:['SJ', 'C4', 'D7', 'HJ', 'H3']
pot_size:185.7261602896 call_amount:10 call_prof:0.051091790618095295

win_rate:0.4533333333333333 my_amount:0 hole_card:['D4', 'DT'] community_card:[]
pot_size:15 call_amount:10 call_prof:0.4

win_rate:0.578 my_amount:0 hole_card:['HQ', 'H9'] community_card:[]
pot_size:15 call_amount:10 call_prof:0.4

win_rate:0.5786666666666667 my_amount:0 hole_card:['HA', 'H3'] community_card:[]
pot_size:15 call_amount:10 call_prof:0.4

win_rate:0.4513333333333333 my_amount:0 hole_card:['C7', 'D8'] community_card:[]
pot_size:15 call_amount:10 call_prof:0.4

win_rate:0.44266666666666665 my_amount:0 hole_card:['D4', 'ST'] community_card:[]
pot_size:15 call_amount:10 call_prof:0.4

win_rate:0.3506666666666667 my_amount:10 hole_card:['D4', 'ST'] community_card:['SK', 'S2', 'H2']
pot_size:20 call_amount:0 call_prof:0.0

win_rate:0.3373333333333333 my_amount:10 hole_card:['D4', 'ST'] community_card:['SK', 'S2', 'H2', 'S3']
pot_size:20 call_amount:0 call_prof:0.0

win_rate:0.334 my_amount:10 hole_card:['D4', 'ST'] community_card:['SK', 'S2', 'H2', 'S3']
pot_size:423.0 call_amount:403.0 call_prof:0.48789346246973364

win_rate:0.52 my_amount:0 hole_card:['S5', 'HQ'] community_card:[]
pot_size:90.5 call_amount:80.5 call_prof:0.47076023391812866

win_rate:0.39666666666666667 my_amount:80.5 hole_card:['S5', 'HQ'] community_card:['C2', 'S8', 'S4']
pot_size:202.8834 call_amount:41.8834 call_prof:0.1711155271058003

win_rate:0.344 my_amount:122.3834 hole_card:['S5', 'HQ'] community_card:['C2', 'S8', 'S4', 'C8']
pot_size:254.7668 call_amount:10 call_prof:0.03776908585215367

win_rate:0.21733333333333332 my_amount:132.3834 hole_card:['S5', 'HQ'] community_card:['C2', 'S8', 'S4', 'C8', 'D6']
pot_size:274.7668 call_amount:10 call_prof:0.03511645318204229

win_rate:0.3973333333333333 my_amount:0 hole_card:['D2', 'HT'] community_card:[]
pot_size:15 call_amount:10 call_prof:0.4

win_rate:0.392 my_amount:0 hole_card:['C9', 'D3'] community_card:[]
pot_size:15 call_amount:10 call_prof:0.4

win_rate:0.5306666666666666 my_amount:0 hole_card:['S8', 'ST'] community_card:[]
pot_size:15 call_amount:10 call_prof:0.4

win_rate:0.47533333333333333 my_amount:0 hole_card:['D7', 'D6'] community_card:[]
pot_size:15 call_amount:10 call_prof:0.4

win_rate:0.44266666666666665 my_amount:0 hole_card:['D9', 'D3'] community_card:[]
pot_size:15 call_amount:10 call_prof:0.4

win_rate:0.5453333333333333 my_amount:0 hole_card:['H8', 'H9'] community_card:[]
pot_size:15 call_amount:10 call_prof:0.4

win_rate:0.7073333333333334 my_amount:0 hole_card:['C9', 'D9'] community_card:[]
pot_size:15 call_amount:10 call_prof:0.4

win_rate:0.4653333333333333 my_amount:0 hole_card:['CT', 'D6'] community_card:[]
pot_size:15 call_amount:10 call_prof:0.4

win_rate:0.5813333333333334 my_amount:0 hole_card:['CK', 'HJ'] community_card:[]
pot_size:15 call_amount:10 call_prof:0.4

win_rate:0.71 my_amount:0 hole_card:['D8', 'H8'] community_card:[]
pot_size:15 call_amount:10 call_prof:0.4

win_rate:0.9333333333333333 my_amount:10 hole_card:['D8', 'H8'] community_card:['C2', 'S8', 'S4']
pot_size:20 call_amount:0 call_prof:0.0

win_rate:0.5213333333333333 my_amount:0 hole_card:['HK', 'D4'] community_card:[]
pot_size:15 call_amount:10 call_prof:0.4
community cards of this round: ['S5', 'S7', 'DJ', 'H2', 'H4']
name: b10902108, hole_card: ['CK', 'C3']
name: b10902134, hole_card: ['D9', 'D3']
Started the round 11
Street "preflop" started. (community card = [])
name: b10902108, hole_card: ['CK', 'C3']
name: b10902134, hole_card: ['D9', 'D3']
"b10902134" declared "call:10"
name: b10902108, hole_card: ['CK', 'C3']
name: b10902134, hole_card: ['D9', 'D3']
"b10902108" declared "fold:0"
"['b10902134']" won the round 11 (stack = {'b10902108': 1111.6165999999998, 'b10902134': 887.6166})
community cards of this round: ['H5', 'D4', 'C7', 'C3', 'H9']
name: b10902108, hole_card: ['SK', 'D8']
name: b10902134, hole_card: ['H3', 'C2']
Started the round 12
Street "preflop" started. (community card = [])
name: b10902108, hole_card: ['SK', 'D8']
name: b10902134, hole_card: ['H3', 'C2']
"b10902108" declared "fold:0"
"['b10902134']" won the round 12 (stack = {'b10902108': 1106.6165999999998, 'b10902134': 892.6166})
community cards of this round: ['H7', 'D8', 'S4', 'S2', 'D7']
name: b10902108, hole_card: ['HK', 'S6']
name: b10902134, hole_card: ['H8', 'H9']
Started the round 13
Street "preflop" started. (community card = [])
name: b10902108, hole_card: ['HK', 'S6']
name: b10902134, hole_card: ['H8', 'H9']
"b10902134" declared "call:10"
name: b10902108, hole_card: ['HK', 'S6']
name: b10902134, hole_card: ['H8', 'H9']
"b10902108" declared "fold:0"
"['b10902134']" won the round 13 (stack = {'b10902108': 1096.6165999999998, 'b10902134': 902.6166})
community cards of this round: ['DQ', 'H2', 'DJ', 'H5', 'S4']
name: b10902108, hole_card: ['ST', 'SK']
name: b10902134, hole_card: ['H3', 'S7']
Started the round 14
Street "preflop" started. (community card = [])
name: b10902108, hole_card: ['ST', 'SK']
name: b10902134, hole_card: ['H3', 'S7']
"b10902108" declared "fold:0"
"['b10902134']" won the round 14 (stack = {'b10902108': 1091.6165999999998, 'b10902134': 907.6166})
community cards of this round: ['H2', 'SA', 'D2', 'DA', 'H4']
name: b10902108, hole_card: ['SK', 'S9']
name: b10902134, hole_card: ['C9', 'D9']
Started the round 15
Street "preflop" started. (community card = [])
name: b10902108, hole_card: ['SK', 'S9']
name: b10902134, hole_card: ['C9', 'D9']
"b10902134" declared "call:10"
name: b10902108, hole_card: ['SK', 'S9']
name: b10902134, hole_card: ['C9', 'D9']
"b10902108" declared "fold:0"
"['b10902134']" won the round 15 (stack = {'b10902108': 1081.6165999999998, 'b10902134': 917.6166})
community cards of this round: ['S6', 'S7', 'DJ', 'D4', 'H7']
name: b10902108, hole_card: ['SJ', 'DA']
name: b10902134, hole_card: ['DT', 'HK']
Started the round 16
Street "preflop" started. (community card = [])
name: b10902108, hole_card: ['SJ', 'DA']
name: b10902134, hole_card: ['DT', 'HK']
"b10902108" declared "fold:0"
"['b10902134']" won the round 16 (stack = {'b10902108': 1076.6165999999998, 'b10902134': 922.6166})
community cards of this round: ['H8', 'CJ', 'H6', 'HK', 'H7']
name: b10902108, hole_card: ['C6', 'DA']
name: b10902134, hole_card: ['CT', 'D6']
Started the round 17
Street "preflop" started. (community card = [])
name: b10902108, hole_card: ['C6', 'DA']
name: b10902134, hole_card: ['CT', 'D6']
"b10902134" declared "raise:15"
name: b10902108, hole_card: ['C6', 'DA']
name: b10902134, hole_card: ['CT', 'D6']
"b10902108" declared "fold:0"
"['b10902134']" won the round 17 (stack = {'b10902108': 1066.6165999999998, 'b10902134': 932.6166})
community cards of this round: ['DA', 'HA', 'SA', 'D9', 'SK']
name: b10902108, hole_card: ['S4', 'H6']
name: b10902134, hole_card: ['S9', 'C5']
Started the round 18
Street "preflop" started. (community card = [])
name: b10902108, hole_card: ['S4', 'H6']
name: b10902134, hole_card: ['S9', 'C5']
"b10902108" declared "fold:0"
"['b10902134']" won the round 18 (stack = {'b10902108': 1061.6165999999998, 'b10902134': 937.6166})
community cards of this round: ['DA', 'HA', 'C7', 'C6', 'CJ']
name: b10902108, hole_card: ['S9', 'S8']
name: b10902134, hole_card: ['CK', 'HJ']
Started the round 19
Street "preflop" started. (community card = [])
name: b10902108, hole_card: ['S9', 'S8']
name: b10902134, hole_card: ['CK', 'HJ']
"b10902134" declared "raise:937.6166"
name: b10902108, hole_card: ['S9', 'S8']
name: b10902134, hole_card: ['CK', 'HJ']
"b10902108" declared "fold:0"
"['b10902134']" won the round 19 (stack = {'b10902108': 1051.6165999999998, 'b10902134': 947.0})
community cards of this round: ['C6', 'C8', 'HQ', 'HK', 'D7']
name: b10902108, hole_card: ['SA', 'HJ']
name: b10902134, hole_card: ['DA', 'D9']
Started the round 20
Street "preflop" started. (community card = [])
name: b10902108, hole_card: ['SA', 'HJ']
name: b10902134, hole_card: ['DA', 'D9']
"b10902108" declared "fold:0"
"['b10902134']" won the round 20 (stack = {'b10902108': 1046.6165999999998, 'b10902134': 952.0})
b10902134 vs b10902108 - Game 3: {'rule': {'initial_stack': 1000, 'max_round': 20, 'small_blind_amount': 5, 'ante': 0, 'blind_structure': {}}, 'players': [{'name': 'b10902108', 'uuid': 'csailgibivyczkvctmzfrn', 'stack': 1046.6165999999998, 'state': 'participating'}, {'name': 'b10902134', 'uuid': 'qnmsqcstuzbxwjebcrhsoa', 'stack': 952.0, 'state': 'participating'}]}
community cards of this round: ['SK', 'S2', 'H2', 'S3', 'HT']
name: b10902134, hole_card: ['SJ', 'C6']
name: b10902108, hole_card: ['D4', 'ST']
Started the round 1
Street "preflop" started. (community card = [])
name: b10902134, hole_card: ['SJ', 'C6']
name: b10902108, hole_card: ['D4', 'ST']
"b10902108" declared "fold:0"
"['b10902134']" won the round 1 (stack = {'b10902134': 1005, 'b10902108': 995})
community cards of this round: ['C2', 'S8', 'S4', 'C8', 'D6']
name: b10902134, hole_card: ['D8', 'H8']
name: b10902108, hole_card: ['S5', 'HQ']
Started the round 2
Street "preflop" started. (community card = [])
name: b10902134, hole_card: ['D8', 'H8']
name: b10902108, hole_card: ['S5', 'HQ']
"b10902134" declared "call:10"
name: b10902134, hole_card: ['D8', 'H8']
name: b10902108, hole_card: ['S5', 'HQ']
"b10902108" declared "call:10"
Street "flop" started. (community card = ['C2', 'S8', 'S4'])
name: b10902134, hole_card: ['D8', 'H8']
name: b10902108, hole_card: ['S5', 'HQ']
"b10902134" declared "raise:995"
name: b10902134, hole_card: ['D8', 'H8']
name: b10902108, hole_card: ['S5', 'HQ']
"b10902108" declared "fold:0"
"['b10902134']" won the round 2 (stack = {'b10902134': 1015, 'b10902108': 985})
community cards of this round: ['DT', 'C9', 'SA', 'C8', 'S5']
name: b10902134, hole_card: ['HJ', 'S9']
name: b10902108, hole_card: ['D2', 'HT']
Started the round 3
Street "preflop" started. (community card = [])
name: b10902134, hole_card: ['HJ', 'S9']
name: b10902108, hole_card: ['D2', 'HT']
"b10902108" declared "fold:0"
"['b10902134']" won the round 3 (stack = {'b10902134': 1020, 'b10902108': 980})
community cards of this round: ['CT', 'D8', 'H4', 'H2', 'S4']
name: b10902134, hole_card: ['HK', 'D4']
name: b10902108, hole_card: ['DT', 'H8']
Started the round 4
Street "preflop" started. (community card = [])
name: b10902134, hole_card: ['HK', 'D4']
name: b10902108, hole_card: ['DT', 'H8']
"b10902134" declared "call:10"
name: b10902134, hole_card: ['HK', 'D4']
name: b10902108, hole_card: ['DT', 'H8']
"b10902108" declared "call:10"
Street "flop" started. (community card = ['CT', 'D8', 'H4'])
name: b10902134, hole_card: ['HK', 'D4']
name: b10902108, hole_card: ['DT', 'H8']
"b10902134" declared "call:0"
name: b10902134, hole_card: ['HK', 'D4']
name: b10902108, hole_card: ['DT', 'H8']
"b10902108" declared "raise:115.77799999999999"
name: b10902134, hole_card: ['HK', 'D4']
name: b10902108, hole_card: ['DT', 'H8']
"b10902134" declared "call:115.77799999999999"
Street "turn" started. (community card = ['CT', 'D8', 'H4', 'H2'])
name: b10902134, hole_card: ['HK', 'D4']
name: b10902108, hole_card: ['DT', 'H8']
"b10902134" declared "call:0"
name: b10902134, hole_card: ['HK', 'D4']
name: b10902108, hole_card: ['DT', 'H8']
"b10902108" declared "raise:13.252059599999981"
name: b10902134, hole_card: ['HK', 'D4']
name: b10902108, hole_card: ['DT', 'H8']
"b10902134" declared "call:13.252059599999981"
Street "river" started. (community card = ['CT', 'D8', 'H4', 'H2', 'S4'])
name: b10902134, hole_card: ['HK', 'D4']
name: b10902108, hole_card: ['DT', 'H8']
"b10902134" declared "raise:880.9699404"
name: b10902134, hole_card: ['HK', 'D4']
name: b10902108, hole_card: ['DT', 'H8']
"b10902108" declared "call:880.9699404"
"['b10902134']" won the round 4 (stack = {'b10902134': 2000.0, 'b10902108': 0.0})
b10902134 vs b10902108 - Game 4: {'rule': {'initial_stack': 1000, 'max_round': 20, 'small_blind_amount': 5, 'ante': 0, 'blind_structure': {}}, 'players': [{'name': 'b10902134', 'uuid': 'hrxonxfccoonzfuakcoukc', 'stack': 2000.0, 'state': 'participating'}, {'name': 'b10902108', 'uuid': 'puqikmriqvwzissppttkim', 'stack': 0, 'state': 'folded'}]}
community cards of this round: ['H8', 'SJ', 'H6', 'ST', 'D6']
name: b10902108, hole_card: ['C5', 'HK']
name: b10902134, hole_card: ['D3', 'D9']
Started the round 1
Street "preflop" started. (community card = [])
name: b10902108, hole_card: ['C5', 'HK']
name: b10902134, hole_card: ['D3', 'D9']
"b10902134" declared "call:10"
name: b10902108, hole_card: ['C5', 'HK']
name: b10902134, hole_card: ['D3', 'D9']
"b10902108" declared "call:10"
Street "flop" started. (community card = ['H8', 'SJ', 'H6'])
name: b10902108, hole_card: ['C5', 'HK']
name: b10902134, hole_card: ['D3', 'D9']
"b10902134" declared "call:0"
name: b10902108, hole_card: ['C5', 'HK']
name: b10902134, hole_card: ['D3', 'D9']
"b10902108" declared "call:0"
Street "turn" started. (community card = ['H8', 'SJ', 'H6', 'ST'])
name: b10902108, hole_card: ['C5', 'HK']
name: b10902134, hole_card: ['D3', 'D9']
"b10902134" declared "call:0"
BLUFF!!!!
name: b10902108, hole_card: ['C5', 'HK']
name: b10902134, hole_card: ['D3', 'D9']
"b10902108" declared "raise:403.0"
name: b10902108, hole_card: ['C5', 'HK']
name: b10902134, hole_card: ['D3', 'D9']
"b10902134" declared "fold:0"
"['b10902108']" won the round 1 (stack = {'b10902108': 1010.0, 'b10902134': 990})
community cards of this round: ['C4', 'S9', 'C5', 'D4', 'DK']
name: b10902108, hole_card: ['H3', 'H4']
name: b10902134, hole_card: ['D9', 'DT']
Started the round 2
Street "preflop" started. (community card = [])
name: b10902108, hole_card: ['H3', 'H4']
name: b10902134, hole_card: ['D9', 'DT']
"b10902108" declared "fold:0"
"['b10902134']" won the round 2 (stack = {'b10902108': 1005.0, 'b10902134': 995})
community cards of this round: ['C8', 'ST', 'S5', 'CK', 'D9']
name: b10902108, hole_card: ['CJ', 'HQ']
name: b10902134, hole_card: ['HA', 'H8']
Started the round 3
Street "preflop" started. (community card = [])
name: b10902108, hole_card: ['CJ', 'HQ']
name: b10902134, hole_card: ['HA', 'H8']
"b10902134" declared "call:10"
name: b10902108, hole_card: ['CJ', 'HQ']
name: b10902134, hole_card: ['HA', 'H8']
"b10902108" declared "call:10"
Street "flop" started. (community card = ['C8', 'ST', 'S5'])
name: b10902108, hole_card: ['CJ', 'HQ']
name: b10902134, hole_card: ['HA', 'H8']
"b10902134" declared "call:0"
name: b10902108, hole_card: ['CJ', 'HQ']
name: b10902134, hole_card: ['HA', 'H8']
"b10902108" declared "call:0"
Street "turn" started. (community card = ['C8', 'ST', 'S5', 'CK'])
name: b10902108, hole_card: ['CJ', 'HQ']
name: b10902134, hole_card: ['HA', 'H8']
"b10902134" declared "call:0"
name: b10902108, hole_card: ['CJ', 'HQ']
name: b10902134, hole_card: ['HA', 'H8']
"b10902108" declared "call:0"
Street "river" started. (community card = ['C8', 'ST', 'S5', 'CK', 'D9'])
name: b10902108, hole_card: ['CJ', 'HQ']
name: b10902134, hole_card: ['HA', 'H8']
"b10902134" declared "call:0"
BLUFF!!!!
name: b10902108, hole_card: ['CJ', 'HQ']
name: b10902134, hole_card: ['HA', 'H8']
"b10902108" declared "raise:404.75"
name: b10902108, hole_card: ['CJ', 'HQ']
name: b10902134, hole_card: ['HA', 'H8']
"b10902134" declared "call:404.75"
"['b10902108']" won the round 3 (stack = {'b10902108': 1419.25, 'b10902134': 580.25})
community cards of this round: ['CA', 'SA', 'SQ', 'S5', 'DQ']
name: b10902108, hole_card: ['HT', 'DJ']
name: b10902134, hole_card: ['S7', 'D9']
Started the round 4
Street "preflop" started. (community card = [])
name: b10902108, hole_card: ['HT', 'DJ']
name: b10902134, hole_card: ['S7', 'D9']
"b10902108" declared "fold:0"
"['b10902134']" won the round 4 (stack = {'b10902108': 1414.25, 'b10902134': 585.25})
community cards of this round: ['DQ', 'H3', 'S6', 'DK', 'S9']
name: b10902108, hole_card: ['H5', 'DA']
name: b10902134, hole_card: ['C9', 'C2']
Started the round 5
Street "preflop" started. (community card = [])
name: b10902108, hole_card: ['H5', 'DA']
name: b10902134, hole_card: ['C9', 'C2']
"b10902134" declared "call:10"
name: b10902108, hole_card: ['H5', 'DA']
name: b10902134, hole_card: ['C9', 'C2']
"b10902108" declared "fold:0"
"['b10902134']" won the round 5 (stack = {'b10902108': 1404.25, 'b10902134': 595.25})
community cards of this round: ['CT', 'C2', 'H3', 'H4', 'D2']
name: b10902108, hole_card: ['S6', 'S7']
name: b10902134, hole_card: ['D8', 'DT']
Started the round 6
Street "preflop" started. (community card = [])
name: b10902108, hole_card: ['S6', 'S7']
name: b10902134, hole_card: ['D8', 'DT']
"b10902108" declared "fold:0"
"['b10902134']" won the round 6 (stack = {'b10902108': 1399.25, 'b10902134': 600.25})
community cards of this round: ['CA', 'HT', 'H7', 'S7', 'SQ']
name: b10902108, hole_card: ['H6', 'D9']
name: b10902134, hole_card: ['C7', 'CQ']
Started the round 7
Street "preflop" started. (community card = [])
name: b10902108, hole_card: ['H6', 'D9']
name: b10902134, hole_card: ['C7', 'CQ']
"b10902134" declared "call:10"
name: b10902108, hole_card: ['H6', 'D9']
name: b10902134, hole_card: ['C7', 'CQ']
"b10902108" declared "fold:0"
"['b10902134']" won the round 7 (stack = {'b10902108': 1389.25, 'b10902134': 610.25})
community cards of this round: ['C2', 'H2', 'S7', 'DK', 'C6']
name: b10902108, hole_card: ['S4', 'SQ']
name: b10902134, hole_card: ['C5', 'SA']
Started the round 8
Street "preflop" started. (community card = [])
name: b10902108, hole_card: ['S4', 'SQ']
name: b10902134, hole_card: ['C5', 'SA']
"b10902108" declared "fold:0"
"['b10902134']" won the round 8 (stack = {'b10902108': 1384.25, 'b10902134': 615.25})
community cards of this round: ['HJ', 'H5', 'HK', 'CQ', 'CK']
name: b10902108, hole_card: ['S3', 'D4']
name: b10902134, hole_card: ['C7', 'HQ']
Started the round 9
Street "preflop" started. (community card = [])
name: b10902108, hole_card: ['S3', 'D4']
name: b10902134, hole_card: ['C7', 'HQ']
"b10902134" declared "call:10"
name: b10902108, hole_card: ['S3', 'D4']
name: b10902134, hole_card: ['C7', 'HQ']
"b10902108" declared "fold:0"
"['b10902134']" won the round 9 (stack = {'b10902108': 1374.25, 'b10902134': 625.25})
community cards of this round: ['H9', 'DQ', 'H6', 'CQ', 'C7']
name: b10902108, hole_card: ['C5', 'C9']
name: b10902134, hole_card: ['DT', 'D3']
Started the round 10
Street "preflop" started. (community card = [])
name: b10902108, hole_card: ['C5', 'C9']
name: b10902134, hole_card: ['DT', 'D3']
"b10902108" declared "fold:0"
"['b10902134']" won the round 10 (stack = {'b10902108': 1369.25, 'b10902134': 630.25})
community cards of this round: ['D3', 'SK', 'S9', 'HK', 'CJ']
name: b10902108, hole_card: ['S3', 'DT']
name: b10902134, hole_card: ['HA', 'D6']
Started the round 11
Street "preflop" started. (community card = [])
name: b10902108, hole_card: ['S3', 'DT']
name: b10902134, hole_card: ['HA', 'D6']
"b10902134" declared "call:10"
name: b10902108, hole_card: ['S3', 'DT']
name: b10902134, hole_card: ['HA', 'D6']
"b10902108" declared "fold:0"
"['b10902134']" won the round 11 (stack = {'b10902108': 1359.25, 'b10902134': 640.25})
community cards of this round: ['C7', 'C4', 'DQ', 'H9', 'S6']
name: b10902108, hole_card: ['DA', 'D7']
name: b10902134, hole_card: ['S3', 'H3']
Started the round 12
Street "preflop" started. (community card = [])
name: b10902108, hole_card: ['DA', 'D7']
name: b10902134, hole_card: ['S3', 'H3']
"b10902108" declared "fold:0"
"['b10902134']" won the round 12 (stack = {'b10902108': 1354.25, 'b10902134': 645.25})
community cards of this round: ['HT', 'S5', 'H7', 'SA', 'D3']
name: b10902108, hole_card: ['CA', 'HQ']
name: b10902134, hole_card: ['H3', 'D5']
Started the round 13
Street "preflop" started. (community card = [])

win_rate:0.59 my_amount:10 hole_card:['HK', 'D4'] community_card:['CT', 'D8', 'H4']
pot_size:20 call_amount:0 call_prof:0.0

win_rate:0.5946666666666667 my_amount:10 hole_card:['HK', 'D4'] community_card:['CT', 'D8', 'H4']
pot_size:135.778 call_amount:115.77799999999999 call_prof:0.46024742005756175

win_rate:0.612 my_amount:125.77799999999999 hole_card:['HK', 'D4'] community_card:['CT', 'D8', 'H4', 'H2']
pot_size:251.55599999999998 call_amount:0 call_prof:0.0

win_rate:0.6333333333333333 my_amount:125.77799999999999 hole_card:['HK', 'D4'] community_card:['CT', 'D8', 'H4', 'H2']
pot_size:264.8080596 call_amount:13.252059599999981 call_prof:0.04765897259242771

win_rate:0.9833333333333333 my_amount:139.03005959999996 hole_card:['HK', 'D4'] community_card:['CT', 'D8', 'H4', 'H2', 'S4']
pot_size:278.0601191999999 call_amount:0 call_prof:0.0

win_rate:0.4166666666666667 my_amount:0 hole_card:['D3', 'D9'] community_card:[]
pot_size:15 call_amount:10 call_prof:0.4

win_rate:0.252 my_amount:10 hole_card:['D3', 'D9'] community_card:['H8', 'SJ', 'H6']
pot_size:20 call_amount:0 call_prof:0.0

win_rate:0.31133333333333335 my_amount:10 hole_card:['D3', 'D9'] community_card:['H8', 'SJ', 'H6', 'ST']
pot_size:20 call_amount:0 call_prof:0.0

win_rate:0.30533333333333335 my_amount:10 hole_card:['D3', 'D9'] community_card:['H8', 'SJ', 'H6', 'ST']
pot_size:423.0 call_amount:403.0 call_prof:0.48789346246973364

win_rate:0.6346666666666667 my_amount:0 hole_card:['HA', 'H8'] community_card:[]
pot_size:15 call_amount:10 call_prof:0.4

win_rate:0.688 my_amount:10 hole_card:['HA', 'H8'] community_card:['C8', 'ST', 'S5']
pot_size:20 call_amount:0 call_prof:0.0

win_rate:0.6533333333333333 my_amount:10 hole_card:['HA', 'H8'] community_card:['C8', 'ST', 'S5', 'CK']
pot_size:20 call_amount:0 call_prof:0.0

win_rate:0.5766666666666667 my_amount:10 hole_card:['HA', 'H8'] community_card:['C8', 'ST', 'S5', 'CK', 'D9']
pot_size:20 call_amount:0 call_prof:0.0

win_rate:0.5993333333333334 my_amount:10 hole_card:['HA', 'H8'] community_card:['C8', 'ST', 'S5', 'CK', 'D9']
pot_size:424.75 call_amount:404.75 call_prof:0.48794454490657024

win_rate:0.4166666666666667 my_amount:0 hole_card:['C9', 'C2'] community_card:[]
pot_size:15 call_amount:10 call_prof:0.4

win_rate:0.5686666666666667 my_amount:0 hole_card:['C7', 'CQ'] community_card:[]
pot_size:15 call_amount:10 call_prof:0.4

win_rate:0.552 my_amount:0 hole_card:['C7', 'HQ'] community_card:[]
pot_size:15 call_amount:10 call_prof:0.4

win_rate:0.596 my_amount:0 hole_card:['HA', 'D6'] community_card:[]
pot_size:15 call_amount:10 call_prof:0.4

win_rate:0.3453333333333333 my_amount:0 hole_card:['H3', 'D5'] community_card:[]
pot_size:15 call_amount:10 call_prof:0.4

win_rate:0.354 my_amount:0 hole_card:['S7', 'S2'] community_card:[]
pot_size:15 call_amount:10 call_prof:0.4

win_rate:0.5786666666666667 my_amount:0 hole_card:['SK', 'H7'] community_card:[]
pot_size:15 call_amount:10 call_prof:0.4

win_rate:0.48 my_amount:0 hole_card:['DK', 'C3'] community_card:[]
pot_size:15 call_amount:10 call_prof:0.4
name: b10902108, hole_card: ['CA', 'HQ']
name: b10902134, hole_card: ['H3', 'D5']
"b10902134" declared "fold:0"
"['b10902108']" won the round 13 (stack = {'b10902108': 1359.25, 'b10902134': 640.25})
community cards of this round: ['D6', 'SJ', 'HJ', 'SK', 'H3']
name: b10902108, hole_card: ['C6', 'C5']
name: b10902134, hole_card: ['C3', 'H6']
Started the round 14
Street "preflop" started. (community card = [])
name: b10902108, hole_card: ['C6', 'C5']
name: b10902134, hole_card: ['C3', 'H6']
"b10902108" declared "fold:0"
"['b10902134']" won the round 14 (stack = {'b10902108': 1354.25, 'b10902134': 645.25})
community cards of this round: ['ST', 'H3', 'S4', 'D9', 'D5']
name: b10902108, hole_card: ['D3', 'C8']
name: b10902134, hole_card: ['S7', 'S2']
Started the round 15
Street "preflop" started. (community card = [])
name: b10902108, hole_card: ['D3', 'C8']
name: b10902134, hole_card: ['S7', 'S2']
"b10902134" declared "fold:0"
"['b10902108']" won the round 15 (stack = {'b10902108': 1359.25, 'b10902134': 640.25})
community cards of this round: ['S8', 'HT', 'C6', 'C9', 'CT']
name: b10902108, hole_card: ['HK', 'H7']
name: b10902134, hole_card: ['D2', 'H4']
Started the round 16
Street "preflop" started. (community card = [])
name: b10902108, hole_card: ['HK', 'H7']
name: b10902134, hole_card: ['D2', 'H4']
"b10902108" declared "fold:0"
"['b10902134']" won the round 16 (stack = {'b10902108': 1354.25, 'b10902134': 645.25})
community cards of this round: ['D6', 'H9', 'HQ', 'H2', 'DA']
name: b10902108, hole_card: ['D8', 'CA']
name: b10902134, hole_card: ['SK', 'H7']
Started the round 17
Street "preflop" started. (community card = [])
name: b10902108, hole_card: ['D8', 'CA']
name: b10902134, hole_card: ['SK', 'H7']
"b10902134" declared "raise:15"
name: b10902108, hole_card: ['D8', 'CA']
name: b10902134, hole_card: ['SK', 'H7']
"b10902108" declared "fold:0"
"['b10902134']" won the round 17 (stack = {'b10902108': 1344.25, 'b10902134': 655.25})
community cards of this round: ['C7', 'CA', 'DJ', 'SQ', 'HJ']
name: b10902108, hole_card: ['CT', 'H7']
name: b10902134, hole_card: ['C4', 'H4']
Started the round 18
Street "preflop" started. (community card = [])
name: b10902108, hole_card: ['CT', 'H7']
name: b10902134, hole_card: ['C4', 'H4']
"b10902108" declared "fold:0"
"['b10902134']" won the round 18 (stack = {'b10902108': 1339.25, 'b10902134': 660.25})
community cards of this round: ['H7', 'H6', 'S7', 'S9', 'C4']
name: b10902108, hole_card: ['H5', 'CK']
name: b10902134, hole_card: ['DK', 'C3']
Started the round 19
Street "preflop" started. (community card = [])
name: b10902108, hole_card: ['H5', 'CK']
name: b10902134, hole_card: ['DK', 'C3']
"b10902134" declared "raise:660.25"
name: b10902108, hole_card: ['H5', 'CK']
name: b10902134, hole_card: ['DK', 'C3']
"b10902108" declared "fold:0"
"['b10902134']" won the round 19 (stack = {'b10902108': 1329.25, 'b10902134': 670.0})
community cards of this round: ['C8', 'CA', 'DK', 'SJ', 'H4']
name: b10902108, hole_card: ['H7', 'H5']
name: b10902134, hole_card: ['DJ', 'SQ']
Started the round 20
Street "preflop" started. (community card = [])
name: b10902108, hole_card: ['H7', 'H5']
name: b10902134, hole_card: ['DJ', 'SQ']
"b10902108" declared "fold:0"
"['b10902134']" won the round 20 (stack = {'b10902108': 1324.25, 'b10902134': 675.0})
b10902134 vs b10902108 - Game 5: {'rule': {'initial_stack': 1000, 'max_round': 20, 'small_blind_amount': 5, 'ante': 0, 'blind_structure': {}}, 'players': [{'name': 'b10902108', 'uuid': 'svetyojdxykmbrjobtrgwg', 'stack': 1324.25, 'state': 'participating'}, {'name': 'b10902134', 'uuid': 'nmdzrslkavbozojkkhdwzm', 'stack': 675.0, 'state': 'participating'}]}
Final Result: b10902134 won 2 games (stack: 6155.05), b10902108 won 3 games (stack: 3837.0493198552), num ties: 0
