community cards of this round: ['H3', 'SA', 'DA', 'HQ', 'CQ']
name: b10902078, hole_card: ['C2', 'S6']
name: b10902025, hole_card: ['S2', 'HK']
Started the round 1
Street "preflop" started. (community card = [])
hack
++++++++++++
===========================
1
0.493220532
161
===========================
small
0.378
name: b10902078, hole_card: ['C2', 'S6']
name: b10902025, hole_card: ['S2', 'HK']
"b10902025" declared "raise:161"


 0.345, ['C2', 'S6'] 


enemy = RAISE, 156
name: b10902078, hole_card: ['C2', 'S6']
name: b10902025, hole_card: ['S2', 'HK']
"b10902078" declared "fold:0"
"['b10902025']" won the round 1 (stack = {'b10902078': 990, 'b10902025': 1010})
community cards of this round: ['D4', 'H3', 'CQ', 'HJ', 'C4']
name: b10902078, hole_card: ['S7', 'C5']
name: b10902025, hole_card: ['DQ', 'CJ']
Started the round 2
Street "preflop" started. (community card = [])


 0.381, ['S7', 'C5'] 


enemy = BIGBLIND, 5
name: b10902078, hole_card: ['S7', 'C5']
name: b10902025, hole_card: ['DQ', 'CJ']
"b10902078" declared "fold:0"
"['b10902025']" won the round 2 (stack = {'b10902078': 985, 'b10902025': 1015})
community cards of this round: ['H3', 'DK', 'CJ', 'S9', 'C9']
name: b10902078, hole_card: ['HQ', 'D9']
name: b10902025, hole_card: ['C5', 'H5']
Started the round 3
Street "preflop" started. (community card = [])
hack
++++++++++++
===========================
3
0.598742966
131
===========================
small
0.4088888888888889
name: b10902078, hole_card: ['HQ', 'D9']
name: b10902025, hole_card: ['C5', 'H5']
"b10902025" declared "raise:131"


 0.564, ['HQ', 'D9'] 


enemy = RAISE, 126
raise3, raise_amount = 252
name: b10902078, hole_card: ['HQ', 'D9']
name: b10902025, hole_card: ['C5', 'H5']
"b10902078" declared "raise:252"
hack
++++++++++++
===========================
3
0.598742966
131
===========================
small
0.4088888888888889
name: b10902078, hole_card: ['HQ', 'D9']
name: b10902025, hole_card: ['C5', 'H5']
"b10902025" declared "call:252"
Street "flop" started. (community card = ['H3', 'DK', 'CJ'])
hack
++++++++++++
name: b10902078, hole_card: ['HQ', 'D9']
name: b10902025, hole_card: ['C5', 'H5']
"b10902025" declared "call:0"


 0.564, ['HQ', 'D9'] 


enemy = CALL, 0
enemy is going to win

raise2, raise_amount = 371
name: b10902078, hole_card: ['HQ', 'D9']
name: b10902025, hole_card: ['C5', 'H5']
"b10902078" declared "raise:371"
hack
++++++++++++
name: b10902078, hole_card: ['HQ', 'D9']
name: b10902025, hole_card: ['C5', 'H5']
"b10902025" declared "call:371"
Street "turn" started. (community card = ['H3', 'DK', 'CJ', 'S9'])
hack
++++++++++++
name: b10902078, hole_card: ['HQ', 'D9']
name: b10902025, hole_card: ['C5', 'H5']
"b10902025" declared "call:0"


 0.718, ['HQ', 'D9'] 


enemy = CALL, 0
enemy is going to win

raise1, raise_amount = 362
name: b10902078, hole_card: ['HQ', 'D9']
name: b10902025, hole_card: ['C5', 'H5']
"b10902078" declared "raise:362"
hack
++++++++++++
name: b10902078, hole_card: ['HQ', 'D9']
name: b10902025, hole_card: ['C5', 'H5']
"b10902025" declared "call:362"
Street "river" started. (community card = ['H3', 'DK', 'CJ', 'S9', 'C9'])
"['b10902078']" won the round 3 (stack = {'b10902078': 1970, 'b10902025': 30})
community cards of this round: ['C5', 'C2', 'S7', 'S5', 'C4']
name: b10902078, hole_card: ['D9', 'D5']
name: b10902025, hole_card: ['D3', 'S6']
Started the round 4
Street "preflop" started. (community card = [])


 0.432, ['D9', 'D5'] 


name: b10902078, hole_card: ['D9', 'D5']
name: b10902025, hole_card: ['D3', 'S6']
"b10902078" declared "fold:0"
"['b10902025']" won the round 4 (stack = {'b10902078': 1965, 'b10902025': 35})
community cards of this round: ['DQ', 'HQ', 'D2', 'H7', 'C7']
name: b10902078, hole_card: ['H8', 'D5']
name: b10902025, hole_card: ['HJ', 'HA']
Started the round 5
Street "preflop" started. (community card = [])
hack
++++++++++++
===========================
5
0.655229658
1096
===========================
small
-2.04
15.0
name: b10902078, hole_card: ['H8', 'D5']
name: b10902025, hole_card: ['HJ', 'HA']
"b10902025" declared "raise:30.0"


 0.424, ['H8', 'D5'] 


name: b10902078, hole_card: ['H8', 'D5']
name: b10902025, hole_card: ['HJ', 'HA']
"b10902078" declared "fold:0"
"['b10902025']" won the round 5 (stack = {'b10902078': 1955, 'b10902025': 45.0})
community cards of this round: ['HJ', 'D9', 'HK', 'S9', 'SK']
name: b10902078, hole_card: ['H4', 'CA']
name: b10902025, hole_card: ['S4', 'S8']
Started the round 6
Street "preflop" started. (community card = [])


 0.585, ['H4', 'CA'] 


name: b10902078, hole_card: ['H4', 'CA']
name: b10902025, hole_card: ['S4', 'S8']
"b10902078" declared "fold:0"
"['b10902025']" won the round 6 (stack = {'b10902078': 1950, 'b10902025': 50.0})
community cards of this round: ['S4', 'SK', 'H3', 'HJ', 'C5']
name: b10902078, hole_card: ['DQ', 'HQ']
name: b10902025, hole_card: ['CT', 'H6']
Started the round 7
Street "preflop" started. (community card = [])
hack
++++++++++++
===========================
7
0.468965019
1066.0
===========================
small
-2.345714285714286
name: b10902078, hole_card: ['DQ', 'HQ']
name: b10902025, hole_card: ['CT', 'H6']
"b10902025" declared "raise:22.5"


 0.811, ['DQ', 'HQ'] 


name: b10902078, hole_card: ['DQ', 'HQ']
name: b10902025, hole_card: ['CT', 'H6']
"b10902078" declared "fold:0"
"['b10902025']" won the round 7 (stack = {'b10902078': 1940, 'b10902025': 59.5})
community cards of this round: ['C4', 'DK', 'D5', 'SK', 'S2']
name: b10902078, hole_card: ['S3', 'C3']
name: b10902025, hole_card: ['C9', 'H2']
Started the round 8
Street "preflop" started. (community card = [])


 0.53, ['S3', 'C3'] 


name: b10902078, hole_card: ['S3', 'C3']
name: b10902025, hole_card: ['C9', 'H2']
"b10902078" declared "fold:0"
"['b10902025']" won the round 8 (stack = {'b10902078': 1935, 'b10902025': 64.5})
community cards of this round: ['H3', 'S2', 'S9', 'DK', 'H6']
name: b10902078, hole_card: ['D5', 'S8']
name: b10902025, hole_card: ['CT', 'ST']
Started the round 9
Street "preflop" started. (community card = [])
hack
++++++++++++
===========================
9
0.754115589
1036.5
===========================
small
-2.755
name: b10902078, hole_card: ['D5', 'S8']
name: b10902025, hole_card: ['CT', 'ST']
"b10902025" declared "raise:29.75"


 0.427, ['D5', 'S8'] 


name: b10902078, hole_card: ['D5', 'S8']
name: b10902025, hole_card: ['CT', 'ST']
"b10902078" declared "fold:0"
"['b10902025']" won the round 9 (stack = {'b10902078': 1925, 'b10902025': 73.75})
community cards of this round: ['HK', 'D4', 'C4', 'S7', 'S9']
name: b10902078, hole_card: ['HJ', 'CJ']
name: b10902025, hole_card: ['CQ', 'H7']
Started the round 10
Street "preflop" started. (community card = [])


 0.8, ['HJ', 'CJ'] 


name: b10902078, hole_card: ['HJ', 'CJ']
name: b10902025, hole_card: ['CQ', 'H7']
"b10902078" declared "fold:0"
"['b10902025']" won the round 10 (stack = {'b10902078': 1920, 'b10902025': 78.75})
community cards of this round: ['D6', 'CA', 'S4', 'D9', 'DQ']
name: b10902078, hole_card: ['HA', 'H4']
name: b10902025, hole_card: ['H3', 'C4']
Started the round 11
Street "preflop" started. (community card = [])
hack
++++++++++++
===========================
11
0.316524715
1007.25
===========================
small
-3.329
name: b10902078, hole_card: ['HA', 'H4']
name: b10902025, hole_card: ['H3', 'C4']
"b10902025" declared "raise:36.875"


 0.608, ['HA', 'H4'] 


name: b10902078, hole_card: ['HA', 'H4']
name: b10902025, hole_card: ['H3', 'C4']
"b10902078" declared "fold:0"
"['b10902025']" won the round 11 (stack = {'b10902078': 1910, 'b10902025': 87.875})
community cards of this round: ['ST', 'CQ', 'DQ', 'C7', 'SA']
name: b10902078, hole_card: ['D4', 'SK']
name: b10902025, hole_card: ['S9', 'H4']
Started the round 12
Street "preflop" started. (community card = [])


 0.502, ['D4', 'SK'] 


name: b10902078, hole_card: ['D4', 'SK']
name: b10902025, hole_card: ['S9', 'H4']
"b10902078" declared "fold:0"
"['b10902025']" won the round 12 (stack = {'b10902078': 1905, 'b10902025': 92.875})
community cards of this round: ['SQ', 'CT', 'SK', 'D8', 'D6']
name: b10902078, hole_card: ['H7', 'HQ']
name: b10902025, hole_card: ['DQ', 'H3']
Started the round 13
Street "preflop" started. (community card = [])
hack
++++++++++++
===========================
13
0.476151331
978.125
===========================
small
-4.190625
name: b10902078, hole_card: ['H7', 'HQ']
name: b10902025, hole_card: ['DQ', 'H3']
"b10902025" declared "raise:43.9375"


 0.55, ['H7', 'HQ'] 


name: b10902078, hole_card: ['H7', 'HQ']
name: b10902025, hole_card: ['DQ', 'H3']
"b10902078" declared "fold:0"
"['b10902025']" won the round 13 (stack = {'b10902078': 1895, 'b10902025': 101.9375})
community cards of this round: ['H2', 'DJ', 'ST', 'D6', 'D8']
name: b10902078, hole_card: ['C2', 'S2']
name: b10902025, hole_card: ['CK', 'DK']
Started the round 14
Street "preflop" started. (community card = [])


 0.483, ['C2', 'S2'] 


name: b10902078, hole_card: ['C2', 'S2']
name: b10902025, hole_card: ['CK', 'DK']
"b10902078" declared "fold:0"
"['b10902025']" won the round 14 (stack = {'b10902078': 1890, 'b10902025': 106.9375})
community cards of this round: ['C6', 'H7', 'HQ', 'CT', 'D2']
name: b10902078, hole_card: ['H4', 'D5']
name: b10902025, hole_card: ['H8', 'D4']
Started the round 15
Street "preflop" started. (community card = [])
hack
++++++++++++
===========================
15
0.38923346
949.0625
===========================
small
-5.627083333333333
name: b10902078, hole_card: ['H4', 'D5']
name: b10902025, hole_card: ['H8', 'D4']
"b10902025" declared "raise:50.96875"


 0.333, ['H4', 'D5'] 


name: b10902078, hole_card: ['H4', 'D5']
name: b10902025, hole_card: ['H8', 'D4']
"b10902078" declared "fold:0"
"['b10902025']" won the round 15 (stack = {'b10902078': 1880, 'b10902025': 115.96875})
community cards of this round: ['C5', 'C2', 'H7', 'S9', 'HA']
name: b10902078, hole_card: ['HK', 'D8']
name: b10902025, hole_card: ['D3', 'D6']
Started the round 16
Street "preflop" started. (community card = [])


 0.588, ['HK', 'D8'] 


name: b10902078, hole_card: ['HK', 'D8']
name: b10902025, hole_card: ['D3', 'D6']
"b10902078" declared "fold:0"
"['b10902025']" won the round 16 (stack = {'b10902078': 1875, 'b10902025': 120.96875})
community cards of this round: ['DJ', 'D4', 'C4', 'HK', 'C6']
name: b10902078, hole_card: ['H3', 'C9']
name: b10902025, hole_card: ['DQ', 'D9']
Started the round 17
Street "preflop" started. (community card = [])
hack
++++++++++++
===========================
17
0.582838023
920.03125
===========================
small
-8.5003125
name: b10902078, hole_card: ['H3', 'C9']
name: b10902025, hole_card: ['DQ', 'D9']
"b10902025" declared "raise:57.984375"


 0.397, ['H3', 'C9'] 


name: b10902078, hole_card: ['H3', 'C9']
name: b10902025, hole_card: ['DQ', 'D9']
"b10902078" declared "fold:0"
"['b10902025']" won the round 17 (stack = {'b10902078': 1865, 'b10902025': 129.984375})
community cards of this round: ['HA', 'C3', 'H2', 'D3', 'H3']
name: b10902078, hole_card: ['HT', 'SK']
name: b10902025, hole_card: ['SQ', 'C2']
Started the round 18
Street "preflop" started. (community card = [])


 0.592, ['HT', 'SK'] 


name: b10902078, hole_card: ['HT', 'SK']
name: b10902025, hole_card: ['SQ', 'C2']
"b10902078" declared "fold:0"
"['b10902025']" won the round 18 (stack = {'b10902078': 1860, 'b10902025': 134.984375})
community cards of this round: ['S3', 'SQ', 'H5', 'D2', 'H8']
name: b10902078, hole_card: ['ST', 'CA']
name: b10902025, hole_card: ['C3', 'D7']
Started the round 19
Street "preflop" started. (community card = [])
hack
++++++++++++
===========================
19
0.35640076
891.015625
===========================
small
-17.1203125
name: b10902078, hole_card: ['ST', 'CA']
name: b10902025, hole_card: ['C3', 'D7']
"b10902025" declared "raise:64.9921875"


 0.622, ['ST', 'CA'] 


name: b10902078, hole_card: ['ST', 'CA']
name: b10902025, hole_card: ['C3', 'D7']
"b10902078" declared "fold:0"
"['b10902025']" won the round 19 (stack = {'b10902078': 1850, 'b10902025': 143.9921875})
community cards of this round: ['C2', 'S9', 'C6', 'DJ', 'H2']
name: b10902078, hole_card: ['SJ', 'ST']
name: b10902025, hole_card: ['CK', 'D9']
Started the round 20
Street "preflop" started. (community card = [])


 0.59, ['SJ', 'ST'] 


name: b10902078, hole_card: ['SJ', 'ST']
name: b10902025, hole_card: ['CK', 'D9']
"b10902078" declared "fold:0"
"['b10902025']" won the round 20 (stack = {'b10902078': 1845, 'b10902025': 148.9921875})
b10902025 vs b10902078 - Game 1: {'rule': {'initial_stack': 1000, 'max_round': 20, 'small_blind_amount': 5, 'ante': 0, 'blind_structure': {}}, 'players': [{'name': 'b10902078', 'uuid': 'iuzivolnjwaxryekqkkriw', 'stack': 1845, 'state': 'participating'}, {'name': 'b10902025', 'uuid': 'pcztoiflonzgqkgyqdzejs', 'stack': 148.9921875, 'state': 'participating'}]}
community cards of this round: ['H3', 'SA', 'DA', 'HQ', 'CQ']
name: b10902025, hole_card: ['C2', 'S6']
name: b10902078, hole_card: ['S2', 'HK']
Started the round 1
Street "preflop" started. (community card = [])


 0.497, ['S2', 'HK'] 


enemy = BIGBLIND, 5
name: b10902025, hole_card: ['C2', 'S6']
name: b10902078, hole_card: ['S2', 'HK']
"b10902078" declared "call:10"
hack
++++++++++++
===========================
1
0.324271483
166
===========================
big
0.368
name: b10902025, hole_card: ['C2', 'S6']
name: b10902078, hole_card: ['S2', 'HK']
"b10902025" declared "raise:166"


 0.489, ['S2', 'HK'] 


enemy = RAISE, 156
name: b10902025, hole_card: ['C2', 'S6']
name: b10902078, hole_card: ['S2', 'HK']
"b10902078" declared "call:166"
Street "flop" started. (community card = ['H3', 'SA', 'DA'])


 0.504, ['S2', 'HK'] 


enemy = , 0
enemy is going to win

raise2, raise_amount = 422
name: b10902025, hole_card: ['C2', 'S6']
name: b10902078, hole_card: ['S2', 'HK']
"b10902078" declared "raise:422"
hack
++++++++++++
name: b10902025, hole_card: ['C2', 'S6']
name: b10902078, hole_card: ['S2', 'HK']
"b10902025" declared "call:422"
Street "turn" started. (community card = ['H3', 'SA', 'DA', 'HQ'])


 0.505, ['S2', 'HK'] 


enemy = , 0
enemy is going to win

raise2, raise_amount = 211
name: b10902025, hole_card: ['C2', 'S6']
name: b10902078, hole_card: ['S2', 'HK']
"b10902078" declared "raise:211"
hack
++++++++++++
name: b10902025, hole_card: ['C2', 'S6']
name: b10902078, hole_card: ['S2', 'HK']
"b10902025" declared "call:211"
Street "river" started. (community card = ['H3', 'SA', 'DA', 'HQ', 'CQ'])


 0.726, ['S2', 'HK'] 


enemy = , 0
enemy is going to win

raise1, raise_amount = 201
name: b10902025, hole_card: ['C2', 'S6']
name: b10902078, hole_card: ['S2', 'HK']
"b10902078" declared "raise:201"
hack
++++++++++++
name: b10902025, hole_card: ['C2', 'S6']
name: b10902078, hole_card: ['S2', 'HK']
"b10902025" declared "call:201"
"['b10902078']" won the round 1 (stack = {'b10902025': 0, 'b10902078': 2000})
b10902025 vs b10902078 - Game 2: {'rule': {'initial_stack': 1000, 'max_round': 20, 'small_blind_amount': 5, 'ante': 0, 'blind_structure': {}}, 'players': [{'name': 'b10902025', 'uuid': 'lpbqotaaiyueksjxugbnix', 'stack': 0, 'state': 'folded'}, {'name': 'b10902078', 'uuid': 'ypbaziekdpppyzmvbtznsn', 'stack': 2000, 'state': 'participating'}]}
community cards of this round: ['D9', 'S8', 'H8', 'C8', 'HQ']
name: b10902078, hole_card: ['D2', 'H9']
name: b10902025, hole_card: ['C6', 'S9']
Started the round 1
Street "preflop" started. (community card = [])
hack
++++++++++++
===========================
1
0.446459316
161
===========================
small
0.378
name: b10902078, hole_card: ['D2', 'H9']
name: b10902025, hole_card: ['C6', 'S9']
"b10902025" declared "raise:161"


 0.386, ['D2', 'H9'] 


enemy = RAISE, 156
name: b10902078, hole_card: ['D2', 'H9']
name: b10902025, hole_card: ['C6', 'S9']
"b10902078" declared "fold:0"
"['b10902025']" won the round 1 (stack = {'b10902078': 990, 'b10902025': 1010})
community cards of this round: ['HQ', 'D7', 'C6', 'HJ', 'SK']
name: b10902078, hole_card: ['HT', 'D2']
name: b10902025, hole_card: ['SA', 'CJ']
Started the round 2
Street "preflop" started. (community card = [])


 0.42, ['HT', 'D2'] 


enemy = BIGBLIND, 5
name: b10902078, hole_card: ['HT', 'D2']
name: b10902025, hole_card: ['SA', 'CJ']
"b10902078" declared "fold:0"
"['b10902025']" won the round 2 (stack = {'b10902078': 985, 'b10902025': 1015})
community cards of this round: ['HT', 'H3', 'C8', 'SJ', 'SK']
name: b10902078, hole_card: ['SQ', 'S6']
name: b10902025, hole_card: ['CJ', 'D2']
Started the round 3
Street "preflop" started. (community card = [])
hack
++++++++++++
===========================
3
0.434673004
131
===========================
small
0.4088888888888889
name: b10902078, hole_card: ['SQ', 'S6']
name: b10902025, hole_card: ['CJ', 'D2']
"b10902025" declared "raise:131"


 0.521, ['SQ', 'S6'] 


enemy = RAISE, 126
raise3, raise_amount = 252
name: b10902078, hole_card: ['SQ', 'S6']
name: b10902025, hole_card: ['CJ', 'D2']
"b10902078" declared "raise:252"
hack
++++++++++++
===========================
3
0.434673004
131
===========================
small
0.4088888888888889
name: b10902078, hole_card: ['SQ', 'S6']
name: b10902025, hole_card: ['CJ', 'D2']
"b10902025" declared "call:252"
Street "flop" started. (community card = ['HT', 'H3', 'C8'])
hack
++++++++++++
name: b10902078, hole_card: ['SQ', 'S6']
name: b10902025, hole_card: ['CJ', 'D2']
"b10902025" declared "call:0"


 0.353, ['SQ', 'S6'] 


enemy = CALL, 0
enemy is going to win

raise2, raise_amount = 371
name: b10902078, hole_card: ['SQ', 'S6']
name: b10902025, hole_card: ['CJ', 'D2']
"b10902078" declared "raise:371"
hack
++++++++++++
name: b10902078, hole_card: ['SQ', 'S6']
name: b10902025, hole_card: ['CJ', 'D2']
"b10902025" declared "call:371"
Street "turn" started. (community card = ['HT', 'H3', 'C8', 'SJ'])
hack
++++++++++++
name: b10902078, hole_card: ['SQ', 'S6']
name: b10902025, hole_card: ['CJ', 'D2']
"b10902025" declared "call:0"


 0.314, ['SQ', 'S6'] 


enemy = CALL, 0
enemy is going to win

raise2, raise_amount = 186
name: b10902078, hole_card: ['SQ', 'S6']
name: b10902025, hole_card: ['CJ', 'D2']
"b10902078" declared "raise:186"
hack
++++++++++++
name: b10902078, hole_card: ['SQ', 'S6']
name: b10902025, hole_card: ['CJ', 'D2']
"b10902025" declared "call:186"
Street "river" started. (community card = ['HT', 'H3', 'C8', 'SJ', 'SK'])
hack
++++++++++++
name: b10902078, hole_card: ['SQ', 'S6']
name: b10902025, hole_card: ['CJ', 'D2']
"b10902025" declared "call:0"


 0.241, ['SQ', 'S6'] 


enemy = CALL, 0
enemy is going to win

raise2, raise_amount = 93
name: b10902078, hole_card: ['SQ', 'S6']
name: b10902025, hole_card: ['CJ', 'D2']
"b10902078" declared "raise:93"
hack
++++++++++++
name: b10902078, hole_card: ['SQ', 'S6']
name: b10902025, hole_card: ['CJ', 'D2']
"b10902025" declared "call:93"
"['b10902025']" won the round 3 (stack = {'b10902078': 83, 'b10902025': 1917})
community cards of this round: ['D4', 'H2', 'C4', 'S5', 'S8']
name: b10902078, hole_card: ['HT', 'C7']
name: b10902025, hole_card: ['DQ', 'C6']
Started the round 4
Street "preflop" started. (community card = [])


 0.504, ['HT', 'C7'] 


enemy = BIGBLIND, 5
raise3, raise_amount = 30
name: b10902078, hole_card: ['HT', 'C7']
name: b10902025, hole_card: ['DQ', 'C6']
"b10902078" declared "raise:30"
hack
@@@@@@@@@@@@@@@@@@@@@@@
name: b10902078, hole_card: ['HT', 'C7']
name: b10902025, hole_card: ['DQ', 'C6']
"b10902025" declared "fold:0"
"['b10902078']" won the round 4 (stack = {'b10902078': 93, 'b10902025': 1907})
community cards of this round: ['S6', 'D7', 'D9', 'ST', 'C7']
name: b10902078, hole_card: ['D2', 'D8']
name: b10902025, hole_card: ['C9', 'C2']
Started the round 5
Street "preflop" started. (community card = [])
hack
@@@@@@@@@@@@@@@@@@@@@@@
name: b10902078, hole_card: ['D2', 'D8']
name: b10902025, hole_card: ['C9', 'C2']
"b10902025" declared "fold:0"
"['b10902078']" won the round 5 (stack = {'b10902078': 98, 'b10902025': 1902})
community cards of this round: ['HQ', 'S2', 'S5', 'DQ', 'D4']
name: b10902078, hole_card: ['S9', 'H3']
name: b10902025, hole_card: ['CT', 'C6']
Started the round 6
Street "preflop" started. (community card = [])


 0.388, ['S9', 'H3'] 


enemy = BIGBLIND, 5
raise3, raise_amount = 30
name: b10902078, hole_card: ['S9', 'H3']
name: b10902025, hole_card: ['CT', 'C6']
"b10902078" declared "raise:30"
hack
@@@@@@@@@@@@@@@@@@@@@@@
name: b10902078, hole_card: ['S9', 'H3']
name: b10902025, hole_card: ['CT', 'C6']
"b10902025" declared "fold:0"
"['b10902078']" won the round 6 (stack = {'b10902078': 108, 'b10902025': 1892})
community cards of this round: ['DJ', 'C6', 'SA', 'D6', 'C3']
name: b10902078, hole_card: ['C8', 'S9']
name: b10902025, hole_card: ['H7', 'DK']
Started the round 7
Street "preflop" started. (community card = [])
hack
@@@@@@@@@@@@@@@@@@@@@@@
name: b10902078, hole_card: ['C8', 'S9']
name: b10902025, hole_card: ['H7', 'DK']
"b10902025" declared "fold:0"
"['b10902078']" won the round 7 (stack = {'b10902078': 113, 'b10902025': 1887})
community cards of this round: ['SQ', 'SJ', 'SA', 'H9', 'S3']
name: b10902078, hole_card: ['D3', 'S2']
name: b10902025, hole_card: ['S4', 'C7']
Started the round 8
Street "preflop" started. (community card = [])


 0.284, ['D3', 'S2'] 


enemy = BIGBLIND, 5
raise3, raise_amount = 30
name: b10902078, hole_card: ['D3', 'S2']
name: b10902025, hole_card: ['S4', 'C7']
"b10902078" declared "raise:30"
hack
@@@@@@@@@@@@@@@@@@@@@@@
name: b10902078, hole_card: ['D3', 'S2']
name: b10902025, hole_card: ['S4', 'C7']
"b10902025" declared "fold:0"
"['b10902078']" won the round 8 (stack = {'b10902078': 123, 'b10902025': 1877})
community cards of this round: ['S6', 'DQ', 'S2', 'H2', 'CA']
name: b10902078, hole_card: ['S8', 'D5']
name: b10902025, hole_card: ['C2', 'SQ']
Started the round 9
Street "preflop" started. (community card = [])
hack
@@@@@@@@@@@@@@@@@@@@@@@
name: b10902078, hole_card: ['S8', 'D5']
name: b10902025, hole_card: ['C2', 'SQ']
"b10902025" declared "fold:0"
"['b10902078']" won the round 9 (stack = {'b10902078': 128, 'b10902025': 1872})
community cards of this round: ['DJ', 'S2', 'C7', 'S4', 'H7']
name: b10902078, hole_card: ['H5', 'CT']
name: b10902025, hole_card: ['H3', 'HQ']
Started the round 10
Street "preflop" started. (community card = [])


 0.428, ['H5', 'CT'] 


enemy = BIGBLIND, 5
raise3, raise_amount = 30
name: b10902078, hole_card: ['H5', 'CT']
name: b10902025, hole_card: ['H3', 'HQ']
"b10902078" declared "raise:30"
hack
@@@@@@@@@@@@@@@@@@@@@@@
name: b10902078, hole_card: ['H5', 'CT']
name: b10902025, hole_card: ['H3', 'HQ']
"b10902025" declared "fold:0"
"['b10902078']" won the round 10 (stack = {'b10902078': 138, 'b10902025': 1862})
community cards of this round: ['HQ', 'D8', 'SA', 'C6', 'CK']
name: b10902078, hole_card: ['S2', 'D4']
name: b10902025, hole_card: ['SJ', 'S7']
Started the round 11
Street "preflop" started. (community card = [])
hack
@@@@@@@@@@@@@@@@@@@@@@@
name: b10902078, hole_card: ['S2', 'D4']
name: b10902025, hole_card: ['SJ', 'S7']
"b10902025" declared "fold:0"
"['b10902078']" won the round 11 (stack = {'b10902078': 143, 'b10902025': 1857})
community cards of this round: ['CQ', 'D7', 'D6', 'C2', 'S3']
name: b10902078, hole_card: ['SJ', 'H7']
name: b10902025, hole_card: ['D2', 'S4']
Started the round 12
Street "preflop" started. (community card = [])


 0.506, ['SJ', 'H7'] 


enemy = BIGBLIND, 5
raise3, raise_amount = 30
name: b10902078, hole_card: ['SJ', 'H7']
name: b10902025, hole_card: ['D2', 'S4']
"b10902078" declared "raise:30"
hack
@@@@@@@@@@@@@@@@@@@@@@@
name: b10902078, hole_card: ['SJ', 'H7']
name: b10902025, hole_card: ['D2', 'S4']
"b10902025" declared "fold:0"
"['b10902078']" won the round 12 (stack = {'b10902078': 153, 'b10902025': 1847})
community cards of this round: ['H6', 'H8', 'S3', 'S7', 'DQ']
name: b10902078, hole_card: ['C5', 'S2']
name: b10902025, hole_card: ['CT', 'H5']
Started the round 13
Street "preflop" started. (community card = [])
hack
@@@@@@@@@@@@@@@@@@@@@@@
name: b10902078, hole_card: ['C5', 'S2']
name: b10902025, hole_card: ['CT', 'H5']
"b10902025" declared "fold:0"
"['b10902078']" won the round 13 (stack = {'b10902078': 158, 'b10902025': 1842})
community cards of this round: ['CK', 'C9', 'CQ', 'S6', 'H7']
name: b10902078, hole_card: ['H5', 'S7']
name: b10902025, hole_card: ['D7', 'C5']
Started the round 14
Street "preflop" started. (community card = [])


 0.395, ['H5', 'S7'] 


enemy = BIGBLIND, 5
raise3, raise_amount = 30
name: b10902078, hole_card: ['H5', 'S7']
name: b10902025, hole_card: ['D7', 'C5']
"b10902078" declared "raise:30"
hack
@@@@@@@@@@@@@@@@@@@@@@@
name: b10902078, hole_card: ['H5', 'S7']
name: b10902025, hole_card: ['D7', 'C5']
"b10902025" declared "fold:0"
"['b10902078']" won the round 14 (stack = {'b10902078': 168, 'b10902025': 1832})
community cards of this round: ['CQ', 'S2', 'H3', 'H2', 'S3']
name: b10902078, hole_card: ['DA', 'H6']
name: b10902025, hole_card: ['C7', 'H5']
Started the round 15
Street "preflop" started. (community card = [])
hack
@@@@@@@@@@@@@@@@@@@@@@@
name: b10902078, hole_card: ['DA', 'H6']
name: b10902025, hole_card: ['C7', 'H5']
"b10902025" declared "fold:0"
"['b10902078']" won the round 15 (stack = {'b10902078': 173, 'b10902025': 1827})
community cards of this round: ['S7', 'HT', 'S6', 'H5', 'H9']
name: b10902078, hole_card: ['H3', 'D8']
name: b10902025, hole_card: ['C3', 'D6']
Started the round 16
Street "preflop" started. (community card = [])


 0.37, ['H3', 'D8'] 


enemy = BIGBLIND, 5
raise3, raise_amount = 30
name: b10902078, hole_card: ['H3', 'D8']
name: b10902025, hole_card: ['C3', 'D6']
"b10902078" declared "raise:30"
hack
@@@@@@@@@@@@@@@@@@@@@@@
name: b10902078, hole_card: ['H3', 'D8']
name: b10902025, hole_card: ['C3', 'D6']
"b10902025" declared "fold:0"
"['b10902078']" won the round 16 (stack = {'b10902078': 183, 'b10902025': 1817})
community cards of this round: ['H4', 'CJ', 'C9', 'S6', 'C5']
name: b10902078, hole_card: ['H8', 'D6']
name: b10902025, hole_card: ['S8', 'D4']
Started the round 17
Street "preflop" started. (community card = [])
hack
@@@@@@@@@@@@@@@@@@@@@@@
name: b10902078, hole_card: ['H8', 'D6']
name: b10902025, hole_card: ['S8', 'D4']
"b10902025" declared "fold:0"
"['b10902078']" won the round 17 (stack = {'b10902078': 188, 'b10902025': 1812})
community cards of this round: ['DK', 'D6', 'D5', 'D3', 'S8']
name: b10902078, hole_card: ['DQ', 'C8']
name: b10902025, hole_card: ['S4', 'C5']
Started the round 18
Street "preflop" started. (community card = [])


 0.579, ['DQ', 'C8'] 


enemy = BIGBLIND, 5
raise3, raise_amount = 30
name: b10902078, hole_card: ['DQ', 'C8']
name: b10902025, hole_card: ['S4', 'C5']
"b10902078" declared "raise:30"
hack
@@@@@@@@@@@@@@@@@@@@@@@
name: b10902078, hole_card: ['DQ', 'C8']
name: b10902025, hole_card: ['S4', 'C5']
"b10902025" declared "fold:0"
"['b10902078']" won the round 18 (stack = {'b10902078': 198, 'b10902025': 1802})
community cards of this round: ['SK', 'S6', 'S7', 'S5', 'H5']
name: b10902078, hole_card: ['S9', 'D5']
name: b10902025, hole_card: ['H3', 'ST']
Started the round 19
Street "preflop" started. (community card = [])
hack
@@@@@@@@@@@@@@@@@@@@@@@
name: b10902078, hole_card: ['S9', 'D5']
name: b10902025, hole_card: ['H3', 'ST']
"b10902025" declared "fold:0"
"['b10902078']" won the round 19 (stack = {'b10902078': 203, 'b10902025': 1797})
community cards of this round: ['S4', 'HK', 'D4', 'S7', 'D9']
name: b10902078, hole_card: ['C4', 'SJ']
name: b10902025, hole_card: ['DA', 'CT']
Started the round 20
Street "preflop" started. (community card = [])


 0.487, ['C4', 'SJ'] 


enemy = BIGBLIND, 5
name: b10902078, hole_card: ['C4', 'SJ']
name: b10902025, hole_card: ['DA', 'CT']
"b10902078" declared "call:10"
hack
@@@@@@@@@@@@@@@@@@@@@@@
name: b10902078, hole_card: ['C4', 'SJ']
name: b10902025, hole_card: ['DA', 'CT']
"b10902025" declared "fold:0"
"['b10902078']" won the round 20 (stack = {'b10902078': 213, 'b10902025': 1787})
b10902025 vs b10902078 - Game 3: {'rule': {'initial_stack': 1000, 'max_round': 20, 'small_blind_amount': 5, 'ante': 0, 'blind_structure': {}}, 'players': [{'name': 'b10902078', 'uuid': 'qwltcqmdmsovavnirrnxlg', 'stack': 213, 'state': 'participating'}, {'name': 'b10902025', 'uuid': 'vpkyhrdlahvhzfjebtdcmq', 'stack': 1787, 'state': 'participating'}]}
community cards of this round: ['D9', 'S8', 'H8', 'C8', 'HQ']
name: b10902025, hole_card: ['D2', 'H9']
name: b10902078, hole_card: ['C6', 'S9']
Started the round 1
Street "preflop" started. (community card = [])


 0.455, ['C6', 'S9'] 


enemy = BIGBLIND, 5
name: b10902025, hole_card: ['D2', 'H9']
name: b10902078, hole_card: ['C6', 'S9']
"b10902078" declared "call:10"
hack
++++++++++++
===========================
1
0.379146008
166
===========================
big
0.368
name: b10902025, hole_card: ['D2', 'H9']
name: b10902078, hole_card: ['C6', 'S9']
"b10902025" declared "raise:166"


 0.489, ['C6', 'S9'] 


enemy = RAISE, 156
name: b10902025, hole_card: ['D2', 'H9']
name: b10902078, hole_card: ['C6', 'S9']
"b10902078" declared "call:166"
Street "flop" started. (community card = ['D9', 'S8', 'H8'])


 0.753, ['C6', 'S9'] 


enemy = , 0
enemy is going to win

raise1, raise_amount = 834
name: b10902025, hole_card: ['D2', 'H9']
name: b10902078, hole_card: ['C6', 'S9']
"b10902078" declared "raise:834"
hack
++++++++++++
name: b10902025, hole_card: ['D2', 'H9']
name: b10902078, hole_card: ['C6', 'S9']
"b10902025" declared "call:834"
Street "turn" started. (community card = ['D9', 'S8', 'H8', 'C8'])
Street "river" started. (community card = ['D9', 'S8', 'H8', 'C8', 'HQ'])
"['b10902078']" won the round 1 (stack = {'b10902025': 0, 'b10902078': 2000})
b10902025 vs b10902078 - Game 4: {'rule': {'initial_stack': 1000, 'max_round': 20, 'small_blind_amount': 5, 'ante': 0, 'blind_structure': {}}, 'players': [{'name': 'b10902025', 'uuid': 'svsissqkwptohwmxopurck', 'stack': 0, 'state': 'folded'}, {'name': 'b10902078', 'uuid': 'xkihqpsyjcmjcqdmkarpyx', 'stack': 2000, 'state': 'participating'}]}
community cards of this round: ['H9', 'S8', 'HA', 'SQ', 'H7']
name: b10902078, hole_card: ['D9', 'S7']
name: b10902025, hole_card: ['HT', 'S6']
Started the round 1
Street "preflop" started. (community card = [])
hack
++++++++++++
===========================
1
0.465713308
161
===========================
small
0.378
name: b10902078, hole_card: ['D9', 'S7']
name: b10902025, hole_card: ['HT', 'S6']
"b10902025" declared "raise:161"


 0.475, ['D9', 'S7'] 


enemy = RAISE, 156
name: b10902078, hole_card: ['D9', 'S7']
name: b10902025, hole_card: ['HT', 'S6']
"b10902078" declared "call:161"
Street "flop" started. (community card = ['H9', 'S8', 'HA'])
hack
++++++++++++
name: b10902078, hole_card: ['D9', 'S7']
name: b10902025, hole_card: ['HT', 'S6']
"b10902025" declared "call:0"


 0.691, ['D9', 'S7'] 


enemy = CALL, 0
enemy is going to win

raise1, raise_amount = 839
name: b10902078, hole_card: ['D9', 'S7']
name: b10902025, hole_card: ['HT', 'S6']
"b10902078" declared "raise:839"
hack
++++++++++++
name: b10902078, hole_card: ['D9', 'S7']
name: b10902025, hole_card: ['HT', 'S6']
"b10902025" declared "call:839"
Street "turn" started. (community card = ['H9', 'S8', 'HA', 'SQ'])
Street "river" started. (community card = ['H9', 'S8', 'HA', 'SQ', 'H7'])
"['b10902025']" won the round 1 (stack = {'b10902078': 0, 'b10902025': 2000})
b10902025 vs b10902078 - Game 5: {'rule': {'initial_stack': 1000, 'max_round': 20, 'small_blind_amount': 5, 'ante': 0, 'blind_structure': {}}, 'players': [{'name': 'b10902078', 'uuid': 'pirbizcyagjtodgtdihgwq', 'stack': 0, 'state': 'folded'}, {'name': 'b10902025', 'uuid': 'gofexnzptalrqqcoozxhyj', 'stack': 2000, 'state': 'participating'}]}
Final Result: b10902025 won 2 games (stack: 3935.9921875), b10902078 won 3 games (stack: 6058), num ties: 0
