community cards of this round: ['D4', 'C3', 'S9', 'C9', 'HJ']
name: b10902115, hole_card: ['DT', 'H5']
name: b10902075, hole_card: ['CQ', 'CJ']
Started the round 1
Street "preflop" started. (community card = [])
name: b10902115, hole_card: ['DT', 'H5']
name: b10902075, hole_card: ['CQ', 'CJ']
"b10902075" declared "call:10"
name: b10902115, hole_card: ['DT', 'H5']
name: b10902075, hole_card: ['CQ', 'CJ']
"b10902115" declared "call:10"
Street "flop" started. (community card = ['D4', 'C3', 'S9'])
name: b10902115, hole_card: ['DT', 'H5']
name: b10902075, hole_card: ['CQ', 'CJ']
"b10902075" declared "call:0"
name: b10902115, hole_card: ['DT', 'H5']
name: b10902075, hole_card: ['CQ', 'CJ']
"b10902115" declared "call:0"
Street "turn" started. (community card = ['D4', 'C3', 'S9', 'C9'])
name: b10902115, hole_card: ['DT', 'H5']
name: b10902075, hole_card: ['CQ', 'CJ']
"b10902075" declared "call:0"
name: b10902115, hole_card: ['DT', 'H5']
name: b10902075, hole_card: ['CQ', 'CJ']
"b10902115" declared "call:0"
Street "river" started. (community card = ['D4', 'C3', 'S9', 'C9', 'HJ'])
name: b10902115, hole_card: ['DT', 'H5']
name: b10902075, hole_card: ['CQ', 'CJ']
"b10902075" declared "raise:62"
name: b10902115, hole_card: ['DT', 'H5']
name: b10902075, hole_card: ['CQ', 'CJ']
"b10902115" declared "fold:0"
"['b10902075']" won the round 1 (stack = {'b10902115': 990, 'b10902075': 1010})
community cards of this round: ['C6', 'D9', 'C7', 'SQ', 'H9']
name: b10902115, hole_card: ['H2', 'H7']
name: b10902075, hole_card: ['DK', 'ST']
Started the round 2
Street "preflop" started. (community card = [])
name: b10902115, hole_card: ['H2', 'H7']
name: b10902075, hole_card: ['DK', 'ST']
"b10902115" declared "fold:0"
"['b10902075']" won the round 2 (stack = {'b10902115': 985, 'b10902075': 1015})
community cards of this round: ['SK', 'SJ', 'CQ', 'C2', 'HJ']
name: b10902115, hole_card: ['C6', 'S7']
name: b10902075, hole_card: ['C3', 'H7']
Started the round 3
Street "preflop" started. (community card = [])
name: b10902115, hole_card: ['C6', 'S7']
name: b10902075, hole_card: ['C3', 'H7']
"b10902075" declared "fold:0"
"['b10902115']" won the round 3 (stack = {'b10902115': 990, 'b10902075': 1010})
community cards of this round: ['C8', 'D7', 'C4', 'SQ', 'SA']
name: b10902115, hole_card: ['CQ', 'C5']
name: b10902075, hole_card: ['DK', 'S5']
Started the round 4
Street "preflop" started. (community card = [])
name: b10902115, hole_card: ['CQ', 'C5']
name: b10902075, hole_card: ['DK', 'S5']
"b10902115" declared "raise:20"
name: b10902115, hole_card: ['CQ', 'C5']
name: b10902075, hole_card: ['DK', 'S5']
"b10902075" declared "call:20"
Street "flop" started. (community card = ['C8', 'D7', 'C4'])
name: b10902115, hole_card: ['CQ', 'C5']
name: b10902075, hole_card: ['DK', 'S5']
"b10902115" declared "call:0"
name: b10902115, hole_card: ['CQ', 'C5']
name: b10902075, hole_card: ['DK', 'S5']
"b10902075" declared "call:0"
Street "turn" started. (community card = ['C8', 'D7', 'C4', 'SQ'])
name: b10902115, hole_card: ['CQ', 'C5']
name: b10902075, hole_card: ['DK', 'S5']
"b10902115" declared "raise:20"
name: b10902115, hole_card: ['CQ', 'C5']
name: b10902075, hole_card: ['DK', 'S5']
"b10902075" declared "fold:0"
"['b10902115']" won the round 4 (stack = {'b10902115': 1010, 'b10902075': 990})
community cards of this round: ['HT', 'DQ', 'H6', 'S6', 'C6']
name: b10902115, hole_card: ['S4', 'CA']
name: b10902075, hole_card: ['S5', 'DJ']
Started the round 5
Street "preflop" started. (community card = [])
name: b10902115, hole_card: ['S4', 'CA']
name: b10902075, hole_card: ['S5', 'DJ']
"b10902075" declared "fold:0"
"['b10902115']" won the round 5 (stack = {'b10902115': 1015, 'b10902075': 985})
community cards of this round: ['C3', 'C4', 'CT', 'SJ', 'CK']
name: b10902115, hole_card: ['C9', 'SK']
name: b10902075, hole_card: ['H5', 'C6']
Started the round 6
Street "preflop" started. (community card = [])
name: b10902115, hole_card: ['C9', 'SK']
name: b10902075, hole_card: ['H5', 'C6']
"b10902115" declared "raise:25"
name: b10902115, hole_card: ['C9', 'SK']
name: b10902075, hole_card: ['H5', 'C6']
"b10902075" declared "fold:0"
"['b10902115']" won the round 6 (stack = {'b10902115': 1025, 'b10902075': 975})
community cards of this round: ['S3', 'CT', 'C8', 'HT', 'DQ']
name: b10902115, hole_card: ['C3', 'H7']
name: b10902075, hole_card: ['D5', 'S2']
Started the round 7
Street "preflop" started. (community card = [])
name: b10902115, hole_card: ['C3', 'H7']
name: b10902075, hole_card: ['D5', 'S2']
"b10902075" declared "fold:0"
"['b10902115']" won the round 7 (stack = {'b10902115': 1030, 'b10902075': 970})
community cards of this round: ['D5', 'D8', 'S5', 'H3', 'S3']
name: b10902115, hole_card: ['C5', 'CK']
name: b10902075, hole_card: ['SA', 'CT']
Started the round 8
Street "preflop" started. (community card = [])
name: b10902115, hole_card: ['C5', 'CK']
name: b10902075, hole_card: ['SA', 'CT']
"b10902115" declared "raise:20"
name: b10902115, hole_card: ['C5', 'CK']
name: b10902075, hole_card: ['SA', 'CT']
"b10902075" declared "call:20"
Street "flop" started. (community card = ['D5', 'D8', 'S5'])
name: b10902115, hole_card: ['C5', 'CK']
name: b10902075, hole_card: ['SA', 'CT']
"b10902115" declared "call:0"
name: b10902115, hole_card: ['C5', 'CK']
name: b10902075, hole_card: ['SA', 'CT']
"b10902075" declared "raise:11"
name: b10902115, hole_card: ['C5', 'CK']
name: b10902075, hole_card: ['SA', 'CT']
"b10902115" declared "call:11"
Street "turn" started. (community card = ['D5', 'D8', 'S5', 'H3'])
name: b10902115, hole_card: ['C5', 'CK']
name: b10902075, hole_card: ['SA', 'CT']
"b10902115" declared "call:0"
name: b10902115, hole_card: ['C5', 'CK']
name: b10902075, hole_card: ['SA', 'CT']
"b10902075" declared "raise:10"
name: b10902115, hole_card: ['C5', 'CK']
name: b10902075, hole_card: ['SA', 'CT']
"b10902115" declared "call:10"
Street "river" started. (community card = ['D5', 'D8', 'S5', 'H3', 'S3'])
name: b10902115, hole_card: ['C5', 'CK']
name: b10902075, hole_card: ['SA', 'CT']
"b10902115" declared "call:0"
name: b10902115, hole_card: ['C5', 'CK']
name: b10902075, hole_card: ['SA', 'CT']
"b10902075" declared "raise:11"
name: b10902115, hole_card: ['C5', 'CK']
name: b10902075, hole_card: ['SA', 'CT']
"b10902115" declared "call:11"
"['b10902115']" won the round 8 (stack = {'b10902115': 1082, 'b10902075': 918})
community cards of this round: ['SJ', 'H7', 'S6', 'D4', 'D7']
name: b10902115, hole_card: ['D9', 'HT']
name: b10902075, hole_card: ['HQ', 'CQ']
Started the round 9
Street "preflop" started. (community card = [])
name: b10902115, hole_card: ['D9', 'HT']
name: b10902075, hole_card: ['HQ', 'CQ']
"b10902075" declared "raise:918"
name: b10902115, hole_card: ['D9', 'HT']
name: b10902075, hole_card: ['HQ', 'CQ']
"b10902115" declared "call:918"
Street "flop" started. (community card = ['SJ', 'H7', 'S6'])
Street "turn" started. (community card = ['SJ', 'H7', 'S6', 'D4'])
Street "river" started. (community card = ['SJ', 'H7', 'S6', 'D4', 'D7'])
"['b10902075']" won the round 9 (stack = {'b10902115': 164, 'b10902075': 1836})
community cards of this round: ['CT', 'D7', 'S9', 'SA', 'HJ']
name: b10902115, hole_card: ['DJ', 'S3']
name: b10902075, hole_card: ['HQ', 'S6']
Started the round 10
Street "preflop" started. (community card = [])
name: b10902115, hole_card: ['DJ', 'S3']
name: b10902075, hole_card: ['HQ', 'S6']
"b10902115" declared "raise:163"
name: b10902115, hole_card: ['DJ', 'S3']
name: b10902075, hole_card: ['HQ', 'S6']
"b10902075" declared "fold:0"
"['b10902115']" won the round 10 (stack = {'b10902115': 174, 'b10902075': 1826})
community cards of this round: ['SA', 'SQ', 'D2', 'H3', 'C8']
name: b10902115, hole_card: ['C3', 'D5']
name: b10902075, hole_card: ['HQ', 'S5']
Started the round 11
Street "preflop" started. (community card = [])
name: b10902115, hole_card: ['C3', 'D5']
name: b10902075, hole_card: ['HQ', 'S5']
"b10902075" declared "fold:0"
"['b10902115']" won the round 11 (stack = {'b10902115': 179, 'b10902075': 1821})
community cards of this round: ['SA', 'D3', 'S4', 'DQ', 'CA']
name: b10902115, hole_card: ['H7', 'S6']
name: b10902075, hole_card: ['SQ', 'S9']
Started the round 12
Street "preflop" started. (community card = [])
name: b10902115, hole_card: ['H7', 'S6']
name: b10902075, hole_card: ['SQ', 'S9']
"b10902115" declared "raise:178"
name: b10902115, hole_card: ['H7', 'S6']
name: b10902075, hole_card: ['SQ', 'S9']
"b10902075" declared "fold:0"
"['b10902115']" won the round 12 (stack = {'b10902115': 189, 'b10902075': 1811})
community cards of this round: ['CA', 'C9', 'SA', 'CJ', 'D9']
name: b10902115, hole_card: ['CK', 'DT']
name: b10902075, hole_card: ['S6', 'S4']
Started the round 13
Street "preflop" started. (community card = [])
name: b10902115, hole_card: ['CK', 'DT']
name: b10902075, hole_card: ['S6', 'S4']
"b10902075" declared "fold:0"
"['b10902115']" won the round 13 (stack = {'b10902115': 194, 'b10902075': 1806})
community cards of this round: ['S2', 'D2', 'H3', 'SK', 'C2']
name: b10902115, hole_card: ['ST', 'D6']
name: b10902075, hole_card: ['HK', 'S9']
Started the round 14
Street "preflop" started. (community card = [])
name: b10902115, hole_card: ['ST', 'D6']
name: b10902075, hole_card: ['HK', 'S9']
"b10902115" declared "raise:193"
name: b10902115, hole_card: ['ST', 'D6']
name: b10902075, hole_card: ['HK', 'S9']
"b10902075" declared "fold:0"
"['b10902115']" won the round 14 (stack = {'b10902115': 204, 'b10902075': 1796})
community cards of this round: ['CK', 'D6', 'DT', 'S3', 'H4']
name: b10902115, hole_card: ['C7', 'C9']
name: b10902075, hole_card: ['S4', 'H5']
Started the round 15
Street "preflop" started. (community card = [])
name: b10902115, hole_card: ['C7', 'C9']
name: b10902075, hole_card: ['S4', 'H5']
"b10902075" declared "fold:0"
"['b10902115']" won the round 15 (stack = {'b10902115': 209, 'b10902075': 1791})
community cards of this round: ['D6', 'H5', 'HA', 'C8', 'H9']
name: b10902115, hole_card: ['D3', 'D4']
name: b10902075, hole_card: ['CT', 'H4']
Started the round 16
Street "preflop" started. (community card = [])
name: b10902115, hole_card: ['D3', 'D4']
name: b10902075, hole_card: ['CT', 'H4']
"b10902115" declared "raise:208"
name: b10902115, hole_card: ['D3', 'D4']
name: b10902075, hole_card: ['CT', 'H4']
"b10902075" declared "fold:0"
"['b10902115']" won the round 16 (stack = {'b10902115': 219, 'b10902075': 1781})
community cards of this round: ['C2', 'D5', 'C8', 'ST', 'C5']
name: b10902115, hole_card: ['HA', 'S7']
name: b10902075, hole_card: ['S6', 'SA']
Started the round 17
Street "preflop" started. (community card = [])
name: b10902115, hole_card: ['HA', 'S7']
name: b10902075, hole_card: ['S6', 'SA']
"b10902075" declared "fold:0"
"['b10902115']" won the round 17 (stack = {'b10902115': 224, 'b10902075': 1776})
community cards of this round: ['HA', 'D6', 'C4', 'DJ', 'D7']
name: b10902115, hole_card: ['D5', 'SQ']
name: b10902075, hole_card: ['S8', 'S4']
Started the round 18
Street "preflop" started. (community card = [])
name: b10902115, hole_card: ['D5', 'SQ']
name: b10902075, hole_card: ['S8', 'S4']
"b10902115" declared "raise:223"
name: b10902115, hole_card: ['D5', 'SQ']
name: b10902075, hole_card: ['S8', 'S4']
"b10902075" declared "fold:0"
"['b10902115']" won the round 18 (stack = {'b10902115': 234, 'b10902075': 1766})
community cards of this round: ['D7', 'H2', 'C7', 'DT', 'DA']
name: b10902115, hole_card: ['C8', 'D4']
name: b10902075, hole_card: ['S6', 'H9']
Started the round 19
Street "preflop" started. (community card = [])
name: b10902115, hole_card: ['C8', 'D4']
name: b10902075, hole_card: ['S6', 'H9']
"b10902075" declared "fold:0"
"['b10902115']" won the round 19 (stack = {'b10902115': 239, 'b10902075': 1761})
community cards of this round: ['D4', 'DA', 'SQ', 'SJ', 'DJ']
name: b10902115, hole_card: ['HQ', 'C3']
name: b10902075, hole_card: ['C4', 'CA']
Started the round 20
Street "preflop" started. (community card = [])
name: b10902115, hole_card: ['HQ', 'C3']
name: b10902075, hole_card: ['C4', 'CA']
"b10902115" declared "raise:238"
name: b10902115, hole_card: ['HQ', 'C3']
name: b10902075, hole_card: ['C4', 'CA']
"b10902075" declared "fold:0"
"['b10902115']" won the round 20 (stack = {'b10902115': 249, 'b10902075': 1751})
b10902075 vs b10902115 - Game 1: {'rule': {'initial_stack': 1000, 'max_round': 20, 'small_blind_amount': 5, 'ante': 0, 'blind_structure': {}}, 'players': [{'name': 'b10902115', 'uuid': 'ixvmwnnlyzpmydnlrbzjth', 'stack': 249, 'state': 'participating'}, {'name': 'b10902075', 'uuid': 'zrnajswbcdlljzqrlmlcfl', 'stack': 1751, 'state': 'participating'}]}
community cards of this round: ['D4', 'C3', 'S9', 'C9', 'HJ']
name: b10902075, hole_card: ['DT', 'H5']
name: b10902115, hole_card: ['CQ', 'CJ']
Started the round 1
Street "preflop" started. (community card = [])
name: b10902075, hole_card: ['DT', 'H5']
name: b10902115, hole_card: ['CQ', 'CJ']
"b10902115" declared "raise:30"
name: b10902075, hole_card: ['DT', 'H5']
name: b10902115, hole_card: ['CQ', 'CJ']
"b10902075" declared "fold:0"
"['b10902115']" won the round 1 (stack = {'b10902075': 990, 'b10902115': 1010})
community cards of this round: ['C6', 'D9', 'C7', 'SQ', 'H9']
name: b10902075, hole_card: ['H2', 'H7']
name: b10902115, hole_card: ['DK', 'ST']
Started the round 2
Street "preflop" started. (community card = [])
name: b10902075, hole_card: ['H2', 'H7']
name: b10902115, hole_card: ['DK', 'ST']
"b10902075" declared "fold:0"
"['b10902115']" won the round 2 (stack = {'b10902075': 985, 'b10902115': 1015})
community cards of this round: ['SK', 'SJ', 'CQ', 'C2', 'HJ']
name: b10902075, hole_card: ['C6', 'S7']
name: b10902115, hole_card: ['C3', 'H7']
Started the round 3
Street "preflop" started. (community card = [])
name: b10902075, hole_card: ['C6', 'S7']
name: b10902115, hole_card: ['C3', 'H7']
"b10902115" declared "fold:0"
"['b10902075']" won the round 3 (stack = {'b10902075': 990, 'b10902115': 1010})
community cards of this round: ['C8', 'D7', 'C4', 'SQ', 'SA']
name: b10902075, hole_card: ['CQ', 'C5']
name: b10902115, hole_card: ['DK', 'S5']
Started the round 4
Street "preflop" started. (community card = [])
name: b10902075, hole_card: ['CQ', 'C5']
name: b10902115, hole_card: ['DK', 'S5']
"b10902075" declared "call:10"
name: b10902075, hole_card: ['CQ', 'C5']
name: b10902115, hole_card: ['DK', 'S5']
"b10902115" declared "raise:20"
name: b10902075, hole_card: ['CQ', 'C5']
name: b10902115, hole_card: ['DK', 'S5']
"b10902075" declared "fold:0"
"['b10902115']" won the round 4 (stack = {'b10902075': 980, 'b10902115': 1020})
community cards of this round: ['HT', 'DQ', 'H6', 'S6', 'C6']
name: b10902075, hole_card: ['S4', 'CA']
name: b10902115, hole_card: ['S5', 'DJ']
Started the round 5
Street "preflop" started. (community card = [])
name: b10902075, hole_card: ['S4', 'CA']
name: b10902115, hole_card: ['S5', 'DJ']
"b10902115" declared "call:10"
name: b10902075, hole_card: ['S4', 'CA']
name: b10902115, hole_card: ['S5', 'DJ']
"b10902075" declared "call:10"
Street "flop" started. (community card = ['HT', 'DQ', 'H6'])
name: b10902075, hole_card: ['S4', 'CA']
name: b10902115, hole_card: ['S5', 'DJ']
"b10902115" declared "call:0"
name: b10902075, hole_card: ['S4', 'CA']
name: b10902115, hole_card: ['S5', 'DJ']
"b10902075" declared "call:0"
Street "turn" started. (community card = ['HT', 'DQ', 'H6', 'S6'])
name: b10902075, hole_card: ['S4', 'CA']
name: b10902115, hole_card: ['S5', 'DJ']
"b10902115" declared "call:0"
name: b10902075, hole_card: ['S4', 'CA']
name: b10902115, hole_card: ['S5', 'DJ']
"b10902075" declared "call:0"
Street "river" started. (community card = ['HT', 'DQ', 'H6', 'S6', 'C6'])
name: b10902075, hole_card: ['S4', 'CA']
name: b10902115, hole_card: ['S5', 'DJ']
"b10902115" declared "raise:110"
name: b10902075, hole_card: ['S4', 'CA']
name: b10902115, hole_card: ['S5', 'DJ']
"b10902075" declared "call:110"
"['b10902075']" won the round 5 (stack = {'b10902075': 1100, 'b10902115': 900})
community cards of this round: ['C3', 'C4', 'CT', 'SJ', 'CK']
name: b10902075, hole_card: ['C9', 'SK']
name: b10902115, hole_card: ['H5', 'C6']
Started the round 6
Street "preflop" started. (community card = [])
name: b10902075, hole_card: ['C9', 'SK']
name: b10902115, hole_card: ['H5', 'C6']
"b10902075" declared "call:10"
name: b10902075, hole_card: ['C9', 'SK']
name: b10902115, hole_card: ['H5', 'C6']
"b10902115" declared "raise:899"
name: b10902075, hole_card: ['C9', 'SK']
name: b10902115, hole_card: ['H5', 'C6']
"b10902075" declared "fold:0"
"['b10902115']" won the round 6 (stack = {'b10902075': 1090, 'b10902115': 910})
community cards of this round: ['S3', 'CT', 'C8', 'HT', 'DQ']
name: b10902075, hole_card: ['C3', 'H7']
name: b10902115, hole_card: ['D5', 'S2']
Started the round 7
Street "preflop" started. (community card = [])
name: b10902075, hole_card: ['C3', 'H7']
name: b10902115, hole_card: ['D5', 'S2']
"b10902115" declared "raise:909"
name: b10902075, hole_card: ['C3', 'H7']
name: b10902115, hole_card: ['D5', 'S2']
"b10902075" declared "fold:0"
"['b10902115']" won the round 7 (stack = {'b10902075': 1080, 'b10902115': 920})
community cards of this round: ['D5', 'D8', 'S5', 'H3', 'S3']
name: b10902075, hole_card: ['C5', 'CK']
name: b10902115, hole_card: ['SA', 'CT']
Started the round 8
Street "preflop" started. (community card = [])
name: b10902075, hole_card: ['C5', 'CK']
name: b10902115, hole_card: ['SA', 'CT']
"b10902075" declared "call:10"
name: b10902075, hole_card: ['C5', 'CK']
name: b10902115, hole_card: ['SA', 'CT']
"b10902115" declared "raise:919"
name: b10902075, hole_card: ['C5', 'CK']
name: b10902115, hole_card: ['SA', 'CT']
"b10902075" declared "fold:0"
"['b10902115']" won the round 8 (stack = {'b10902075': 1070, 'b10902115': 930})
community cards of this round: ['SJ', 'H7', 'S6', 'D4', 'D7']
name: b10902075, hole_card: ['D9', 'HT']
name: b10902115, hole_card: ['HQ', 'CQ']
Started the round 9
Street "preflop" started. (community card = [])
name: b10902075, hole_card: ['D9', 'HT']
name: b10902115, hole_card: ['HQ', 'CQ']
"b10902115" declared "raise:929"
name: b10902075, hole_card: ['D9', 'HT']
name: b10902115, hole_card: ['HQ', 'CQ']
"b10902075" declared "fold:0"
"['b10902115']" won the round 9 (stack = {'b10902075': 1060, 'b10902115': 940})
community cards of this round: ['CT', 'D7', 'S9', 'SA', 'HJ']
name: b10902075, hole_card: ['DJ', 'S3']
name: b10902115, hole_card: ['HQ', 'S6']
Started the round 10
Street "preflop" started. (community card = [])
name: b10902075, hole_card: ['DJ', 'S3']
name: b10902115, hole_card: ['HQ', 'S6']
"b10902075" declared "fold:0"
"['b10902115']" won the round 10 (stack = {'b10902075': 1055, 'b10902115': 945})
community cards of this round: ['SA', 'SQ', 'D2', 'H3', 'C8']
name: b10902075, hole_card: ['C3', 'D5']
name: b10902115, hole_card: ['HQ', 'S5']
Started the round 11
Street "preflop" started. (community card = [])
name: b10902075, hole_card: ['C3', 'D5']
name: b10902115, hole_card: ['HQ', 'S5']
"b10902115" declared "raise:944"
name: b10902075, hole_card: ['C3', 'D5']
name: b10902115, hole_card: ['HQ', 'S5']
"b10902075" declared "fold:0"
"['b10902115']" won the round 11 (stack = {'b10902075': 1045, 'b10902115': 955})
community cards of this round: ['SA', 'D3', 'S4', 'DQ', 'CA']
name: b10902075, hole_card: ['H7', 'S6']
name: b10902115, hole_card: ['SQ', 'S9']
Started the round 12
Street "preflop" started. (community card = [])
name: b10902075, hole_card: ['H7', 'S6']
name: b10902115, hole_card: ['SQ', 'S9']
"b10902075" declared "fold:0"
"['b10902115']" won the round 12 (stack = {'b10902075': 1040, 'b10902115': 960})
community cards of this round: ['CA', 'C9', 'SA', 'CJ', 'D9']
name: b10902075, hole_card: ['CK', 'DT']
name: b10902115, hole_card: ['S6', 'S4']
Started the round 13
Street "preflop" started. (community card = [])
name: b10902075, hole_card: ['CK', 'DT']
name: b10902115, hole_card: ['S6', 'S4']
"b10902115" declared "raise:959"
name: b10902075, hole_card: ['CK', 'DT']
name: b10902115, hole_card: ['S6', 'S4']
"b10902075" declared "fold:0"
"['b10902115']" won the round 13 (stack = {'b10902075': 1030, 'b10902115': 970})
community cards of this round: ['S2', 'D2', 'H3', 'SK', 'C2']
name: b10902075, hole_card: ['ST', 'D6']
name: b10902115, hole_card: ['HK', 'S9']
Started the round 14
Street "preflop" started. (community card = [])
name: b10902075, hole_card: ['ST', 'D6']
name: b10902115, hole_card: ['HK', 'S9']
"b10902075" declared "call:10"
name: b10902075, hole_card: ['ST', 'D6']
name: b10902115, hole_card: ['HK', 'S9']
"b10902115" declared "raise:969"
name: b10902075, hole_card: ['ST', 'D6']
name: b10902115, hole_card: ['HK', 'S9']
"b10902075" declared "fold:0"
"['b10902115']" won the round 14 (stack = {'b10902075': 1020, 'b10902115': 980})
community cards of this round: ['CK', 'D6', 'DT', 'S3', 'H4']
name: b10902075, hole_card: ['C7', 'C9']
name: b10902115, hole_card: ['S4', 'H5']
Started the round 15
Street "preflop" started. (community card = [])
name: b10902075, hole_card: ['C7', 'C9']
name: b10902115, hole_card: ['S4', 'H5']
"b10902115" declared "fold:0"
"['b10902075']" won the round 15 (stack = {'b10902075': 1025, 'b10902115': 975})
community cards of this round: ['D6', 'H5', 'HA', 'C8', 'H9']
name: b10902075, hole_card: ['D3', 'D4']
name: b10902115, hole_card: ['CT', 'H4']
Started the round 16
Street "preflop" started. (community card = [])
name: b10902075, hole_card: ['D3', 'D4']
name: b10902115, hole_card: ['CT', 'H4']
"b10902075" declared "call:10"
name: b10902075, hole_card: ['D3', 'D4']
name: b10902115, hole_card: ['CT', 'H4']
"b10902115" declared "raise:974"
name: b10902075, hole_card: ['D3', 'D4']
name: b10902115, hole_card: ['CT', 'H4']
"b10902075" declared "fold:0"
"['b10902115']" won the round 16 (stack = {'b10902075': 1015, 'b10902115': 985})
community cards of this round: ['C2', 'D5', 'C8', 'ST', 'C5']
name: b10902075, hole_card: ['HA', 'S7']
name: b10902115, hole_card: ['S6', 'SA']
Started the round 17
Street "preflop" started. (community card = [])
name: b10902075, hole_card: ['HA', 'S7']
name: b10902115, hole_card: ['S6', 'SA']
"b10902115" declared "raise:984"
name: b10902075, hole_card: ['HA', 'S7']
name: b10902115, hole_card: ['S6', 'SA']
"b10902075" declared "fold:0"
"['b10902115']" won the round 17 (stack = {'b10902075': 1005, 'b10902115': 995})
community cards of this round: ['HA', 'D6', 'C4', 'DJ', 'D7']
name: b10902075, hole_card: ['D5', 'SQ']
name: b10902115, hole_card: ['S8', 'S4']
Started the round 18
Street "preflop" started. (community card = [])
name: b10902075, hole_card: ['D5', 'SQ']
name: b10902115, hole_card: ['S8', 'S4']
"b10902075" declared "call:10"
name: b10902075, hole_card: ['D5', 'SQ']
name: b10902115, hole_card: ['S8', 'S4']
"b10902115" declared "raise:994"
name: b10902075, hole_card: ['D5', 'SQ']
name: b10902115, hole_card: ['S8', 'S4']
"b10902075" declared "fold:0"
"['b10902115']" won the round 18 (stack = {'b10902075': 995, 'b10902115': 1005})
community cards of this round: ['D7', 'H2', 'C7', 'DT', 'DA']
name: b10902075, hole_card: ['C8', 'D4']
name: b10902115, hole_card: ['S6', 'H9']
Started the round 19
Street "preflop" started. (community card = [])
name: b10902075, hole_card: ['C8', 'D4']
name: b10902115, hole_card: ['S6', 'H9']
"b10902115" declared "call:10"
name: b10902075, hole_card: ['C8', 'D4']
name: b10902115, hole_card: ['S6', 'H9']
"b10902075" declared "raise:995"
name: b10902075, hole_card: ['C8', 'D4']
name: b10902115, hole_card: ['S6', 'H9']
"b10902115" declared "call:995"
Street "flop" started. (community card = ['D7', 'H2', 'C7'])
Street "turn" started. (community card = ['D7', 'H2', 'C7', 'DT'])
Street "river" started. (community card = ['D7', 'H2', 'C7', 'DT', 'DA'])
"['b10902115']" won the round 19 (stack = {'b10902075': 0, 'b10902115': 2000})
b10902075 vs b10902115 - Game 2: {'rule': {'initial_stack': 1000, 'max_round': 20, 'small_blind_amount': 5, 'ante': 0, 'blind_structure': {}}, 'players': [{'name': 'b10902075', 'uuid': 'hjdxhbqpadztpdotajaxjq', 'stack': 0, 'state': 'folded'}, {'name': 'b10902115', 'uuid': 'kgyqymrqjquvitunuuqunb', 'stack': 2000, 'state': 'participating'}]}
community cards of this round: ['DA', 'S4', 'HJ', 'S3', 'H2']
name: b10902115, hole_card: ['H3', 'S8']
name: b10902075, hole_card: ['DK', 'C2']
Started the round 1
Street "preflop" started. (community card = [])
name: b10902115, hole_card: ['H3', 'S8']
name: b10902075, hole_card: ['DK', 'C2']
"b10902075" declared "fold:0"
"['b10902115']" won the round 1 (stack = {'b10902115': 1005, 'b10902075': 995})
community cards of this round: ['CK', 'S4', 'SK', 'D9', 'C9']
name: b10902115, hole_card: ['H2', 'S9']
name: b10902075, hole_card: ['H6', 'C7']
Started the round 2
Street "preflop" started. (community card = [])
name: b10902115, hole_card: ['H2', 'S9']
name: b10902075, hole_card: ['H6', 'C7']
"b10902115" declared "call:10"
name: b10902115, hole_card: ['H2', 'S9']
name: b10902075, hole_card: ['H6', 'C7']
"b10902075" declared "fold:0"
"['b10902115']" won the round 2 (stack = {'b10902115': 1015, 'b10902075': 985})
community cards of this round: ['D4', 'SQ', 'ST', 'H5', 'C5']
name: b10902115, hole_card: ['D8', 'CJ']
name: b10902075, hole_card: ['S9', 'C3']
Started the round 3
Street "preflop" started. (community card = [])
name: b10902115, hole_card: ['D8', 'CJ']
name: b10902075, hole_card: ['S9', 'C3']
"b10902075" declared "fold:0"
"['b10902115']" won the round 3 (stack = {'b10902115': 1020, 'b10902075': 980})
community cards of this round: ['H3', 'CQ', 'C6', 'ST', 'H2']
name: b10902115, hole_card: ['D6', 'DK']
name: b10902075, hole_card: ['S3', 'C8']
Started the round 4
Street "preflop" started. (community card = [])
name: b10902115, hole_card: ['D6', 'DK']
name: b10902075, hole_card: ['S3', 'C8']
"b10902115" declared "raise:20"
name: b10902115, hole_card: ['D6', 'DK']
name: b10902075, hole_card: ['S3', 'C8']
"b10902075" declared "fold:0"
"['b10902115']" won the round 4 (stack = {'b10902115': 1030, 'b10902075': 970})
community cards of this round: ['DT', 'CJ', 'D2', 'C9', 'H9']
name: b10902115, hole_card: ['SJ', 'H8']
name: b10902075, hole_card: ['HK', 'D4']
Started the round 5
Street "preflop" started. (community card = [])
name: b10902115, hole_card: ['SJ', 'H8']
name: b10902075, hole_card: ['HK', 'D4']
"b10902075" declared "fold:0"
"['b10902115']" won the round 5 (stack = {'b10902115': 1035, 'b10902075': 965})
community cards of this round: ['D3', 'S2', 'HA', 'H4', 'C6']
name: b10902115, hole_card: ['D4', 'HT']
name: b10902075, hole_card: ['C4', 'SA']
Started the round 6
Street "preflop" started. (community card = [])
name: b10902115, hole_card: ['D4', 'HT']
name: b10902075, hole_card: ['C4', 'SA']
"b10902115" declared "call:10"
name: b10902115, hole_card: ['D4', 'HT']
name: b10902075, hole_card: ['C4', 'SA']
"b10902075" declared "call:10"
Street "flop" started. (community card = ['D3', 'S2', 'HA'])
name: b10902115, hole_card: ['D4', 'HT']
name: b10902075, hole_card: ['C4', 'SA']
"b10902115" declared "call:0"
name: b10902115, hole_card: ['D4', 'HT']
name: b10902075, hole_card: ['C4', 'SA']
"b10902075" declared "raise:14"
name: b10902115, hole_card: ['D4', 'HT']
name: b10902075, hole_card: ['C4', 'SA']
"b10902115" declared "call:14"
Street "turn" started. (community card = ['D3', 'S2', 'HA', 'H4'])
name: b10902115, hole_card: ['D4', 'HT']
name: b10902075, hole_card: ['C4', 'SA']
"b10902115" declared "raise:20"
name: b10902115, hole_card: ['D4', 'HT']
name: b10902075, hole_card: ['C4', 'SA']
"b10902075" declared "raise:40"
name: b10902115, hole_card: ['D4', 'HT']
name: b10902075, hole_card: ['C4', 'SA']
"b10902115" declared "call:40"
Street "river" started. (community card = ['D3', 'S2', 'HA', 'H4', 'C6'])
name: b10902115, hole_card: ['D4', 'HT']
name: b10902075, hole_card: ['C4', 'SA']
"b10902115" declared "raise:20"
name: b10902115, hole_card: ['D4', 'HT']
name: b10902075, hole_card: ['C4', 'SA']
"b10902075" declared "raise:901"
name: b10902115, hole_card: ['D4', 'HT']
name: b10902075, hole_card: ['C4', 'SA']
"b10902115" declared "fold:0"
"['b10902075']" won the round 6 (stack = {'b10902115': 951, 'b10902075': 1049})
community cards of this round: ['H2', 'S8', 'H8', 'D4', 'H4']
name: b10902115, hole_card: ['SJ', 'D7']
name: b10902075, hole_card: ['S9', 'HA']
Started the round 7
Street "preflop" started. (community card = [])
name: b10902115, hole_card: ['SJ', 'D7']
name: b10902075, hole_card: ['S9', 'HA']
"b10902075" declared "call:10"
name: b10902115, hole_card: ['SJ', 'D7']
name: b10902075, hole_card: ['S9', 'HA']
"b10902115" declared "call:10"
Street "flop" started. (community card = ['H2', 'S8', 'H8'])
name: b10902115, hole_card: ['SJ', 'D7']
name: b10902075, hole_card: ['S9', 'HA']
"b10902075" declared "raise:11"
name: b10902115, hole_card: ['SJ', 'D7']
name: b10902075, hole_card: ['S9', 'HA']
"b10902115" declared "call:11"
Street "turn" started. (community card = ['H2', 'S8', 'H8', 'D4'])
name: b10902115, hole_card: ['SJ', 'D7']
name: b10902075, hole_card: ['S9', 'HA']
"b10902075" declared "raise:10"
name: b10902115, hole_card: ['SJ', 'D7']
name: b10902075, hole_card: ['S9', 'HA']
"b10902115" declared "call:10"
Street "river" started. (community card = ['H2', 'S8', 'H8', 'D4', 'H4'])
name: b10902115, hole_card: ['SJ', 'D7']
name: b10902075, hole_card: ['S9', 'HA']
"b10902075" declared "raise:11"
name: b10902115, hole_card: ['SJ', 'D7']
name: b10902075, hole_card: ['S9', 'HA']
"b10902115" declared "raise:919"
name: b10902115, hole_card: ['SJ', 'D7']
name: b10902075, hole_card: ['S9', 'HA']
"b10902075" declared "fold:0"
"['b10902115']" won the round 7 (stack = {'b10902115': 993, 'b10902075': 1007})
community cards of this round: ['S6', 'DA', 'D9', 'S4', 'C7']
name: b10902115, hole_card: ['SA', 'H5']
name: b10902075, hole_card: ['D4', 'D6']
Started the round 8
Street "preflop" started. (community card = [])
name: b10902115, hole_card: ['SA', 'H5']
name: b10902075, hole_card: ['D4', 'D6']
"b10902115" declared "raise:20"
name: b10902115, hole_card: ['SA', 'H5']
name: b10902075, hole_card: ['D4', 'D6']
"b10902075" declared "fold:0"
"['b10902115']" won the round 8 (stack = {'b10902115': 1003, 'b10902075': 997})
community cards of this round: ['DK', 'S4', 'CQ', 'SJ', 'C8']
name: b10902115, hole_card: ['D2', 'H2']
name: b10902075, hole_card: ['D8', 'C6']
Started the round 9
Street "preflop" started. (community card = [])
name: b10902115, hole_card: ['D2', 'H2']
name: b10902075, hole_card: ['D8', 'C6']
"b10902075" declared "fold:0"
"['b10902115']" won the round 9 (stack = {'b10902115': 1008, 'b10902075': 992})
community cards of this round: ['S3', 'SK', 'D2', 'D4', 'S9']
name: b10902115, hole_card: ['DK', 'C6']
name: b10902075, hole_card: ['C8', 'SQ']
Started the round 10
Street "preflop" started. (community card = [])
name: b10902115, hole_card: ['DK', 'C6']
name: b10902075, hole_card: ['C8', 'SQ']
"b10902115" declared "raise:20"
name: b10902115, hole_card: ['DK', 'C6']
name: b10902075, hole_card: ['C8', 'SQ']
"b10902075" declared "call:20"
Street "flop" started. (community card = ['S3', 'SK', 'D2'])
name: b10902115, hole_card: ['DK', 'C6']
name: b10902075, hole_card: ['C8', 'SQ']
"b10902115" declared "raise:20"
name: b10902115, hole_card: ['DK', 'C6']
name: b10902075, hole_card: ['C8', 'SQ']
"b10902075" declared "fold:0"
"['b10902115']" won the round 10 (stack = {'b10902115': 1028, 'b10902075': 972})
community cards of this round: ['SJ', 'D2', 'CT', 'S9', 'DJ']
name: b10902115, hole_card: ['HJ', 'S6']
name: b10902075, hole_card: ['C9', 'S4']
Started the round 11
Street "preflop" started. (community card = [])
name: b10902115, hole_card: ['HJ', 'S6']
name: b10902075, hole_card: ['C9', 'S4']
"b10902075" declared "fold:0"
"['b10902115']" won the round 11 (stack = {'b10902115': 1033, 'b10902075': 967})
community cards of this round: ['H9', 'C2', 'C8', 'CT', 'D8']
name: b10902115, hole_card: ['HK', 'D7']
name: b10902075, hole_card: ['C3', 'D6']
Started the round 12
Street "preflop" started. (community card = [])
name: b10902115, hole_card: ['HK', 'D7']
name: b10902075, hole_card: ['C3', 'D6']
"b10902115" declared "raise:20"
name: b10902115, hole_card: ['HK', 'D7']
name: b10902075, hole_card: ['C3', 'D6']
"b10902075" declared "fold:0"
"['b10902115']" won the round 12 (stack = {'b10902115': 1043, 'b10902075': 957})
community cards of this round: ['H6', 'C9', 'DK', 'D5', 'SJ']
name: b10902115, hole_card: ['H8', 'C7']
name: b10902075, hole_card: ['CT', 'S2']
Started the round 13
Street "preflop" started. (community card = [])
name: b10902115, hole_card: ['H8', 'C7']
name: b10902075, hole_card: ['CT', 'S2']
"b10902075" declared "fold:0"
"['b10902115']" won the round 13 (stack = {'b10902115': 1048, 'b10902075': 952})
community cards of this round: ['D8', 'H8', 'H4', 'C9', 'D6']
name: b10902115, hole_card: ['SJ', 'H7']
name: b10902075, hole_card: ['SA', 'C4']
Started the round 14
Street "preflop" started. (community card = [])
name: b10902115, hole_card: ['SJ', 'H7']
name: b10902075, hole_card: ['SA', 'C4']
"b10902115" declared "call:10"
name: b10902115, hole_card: ['SJ', 'H7']
name: b10902075, hole_card: ['SA', 'C4']
"b10902075" declared "raise:952"
name: b10902115, hole_card: ['SJ', 'H7']
name: b10902075, hole_card: ['SA', 'C4']
"b10902115" declared "call:952"
Street "flop" started. (community card = ['D8', 'H8', 'H4'])
Street "turn" started. (community card = ['D8', 'H8', 'H4', 'C9'])
Street "river" started. (community card = ['D8', 'H8', 'H4', 'C9', 'D6'])
"['b10902075']" won the round 14 (stack = {'b10902115': 96, 'b10902075': 1904})
community cards of this round: ['S9', 'C5', 'C7', 'DA', 'S5']
name: b10902115, hole_card: ['HJ', 'S6']
name: b10902075, hole_card: ['SK', 'H8']
Started the round 15
Street "preflop" started. (community card = [])
name: b10902115, hole_card: ['HJ', 'S6']
name: b10902075, hole_card: ['SK', 'H8']
"b10902075" declared "fold:0"
"['b10902115']" won the round 15 (stack = {'b10902115': 101, 'b10902075': 1899})
community cards of this round: ['SK', 'C3', 'S2', 'D3', 'HQ']
name: b10902115, hole_card: ['H6', 'H8']
name: b10902075, hole_card: ['S5', 'SQ']
Started the round 16
Street "preflop" started. (community card = [])
name: b10902115, hole_card: ['H6', 'H8']
name: b10902075, hole_card: ['S5', 'SQ']
"b10902115" declared "raise:100"
name: b10902115, hole_card: ['H6', 'H8']
name: b10902075, hole_card: ['S5', 'SQ']
"b10902075" declared "fold:0"
"['b10902115']" won the round 16 (stack = {'b10902115': 111, 'b10902075': 1889})
community cards of this round: ['HQ', 'D4', 'HT', 'S8', 'H6']
name: b10902115, hole_card: ['CA', 'SA']
name: b10902075, hole_card: ['D7', 'C4']
Started the round 17
Street "preflop" started. (community card = [])
name: b10902115, hole_card: ['CA', 'SA']
name: b10902075, hole_card: ['D7', 'C4']
"b10902075" declared "fold:0"
"['b10902115']" won the round 17 (stack = {'b10902115': 116, 'b10902075': 1884})
community cards of this round: ['H7', 'S6', 'H9', 'DJ', 'C4']
name: b10902115, hole_card: ['D3', 'CA']
name: b10902075, hole_card: ['C5', 'SQ']
Started the round 18
Street "preflop" started. (community card = [])
name: b10902115, hole_card: ['D3', 'CA']
name: b10902075, hole_card: ['C5', 'SQ']
"b10902115" declared "raise:115"
name: b10902115, hole_card: ['D3', 'CA']
name: b10902075, hole_card: ['C5', 'SQ']
"b10902075" declared "fold:0"
"['b10902115']" won the round 18 (stack = {'b10902115': 126, 'b10902075': 1874})
community cards of this round: ['C6', 'DQ', 'D3', 'H5', 'HJ']
name: b10902115, hole_card: ['S9', 'H2']
name: b10902075, hole_card: ['SA', 'D2']
Started the round 19
Street "preflop" started. (community card = [])
name: b10902115, hole_card: ['S9', 'H2']
name: b10902075, hole_card: ['SA', 'D2']
"b10902075" declared "fold:0"
"['b10902115']" won the round 19 (stack = {'b10902115': 131, 'b10902075': 1869})
community cards of this round: ['H3', 'SQ', 'C4', 'H7', 'H5']
name: b10902115, hole_card: ['SA', 'S5']
name: b10902075, hole_card: ['C5', 'CJ']
Started the round 20
Street "preflop" started. (community card = [])
name: b10902115, hole_card: ['SA', 'S5']
name: b10902075, hole_card: ['C5', 'CJ']
"b10902115" declared "raise:130"
name: b10902115, hole_card: ['SA', 'S5']
name: b10902075, hole_card: ['C5', 'CJ']
"b10902075" declared "fold:0"
"['b10902115']" won the round 20 (stack = {'b10902115': 141, 'b10902075': 1859})
b10902075 vs b10902115 - Game 3: {'rule': {'initial_stack': 1000, 'max_round': 20, 'small_blind_amount': 5, 'ante': 0, 'blind_structure': {}}, 'players': [{'name': 'b10902115', 'uuid': 'abwooufdjqcwdjpmaubapk', 'stack': 141, 'state': 'participating'}, {'name': 'b10902075', 'uuid': 'fplkrrshrwzwwybubddyoe', 'stack': 1859, 'state': 'participating'}]}
community cards of this round: ['DA', 'S4', 'HJ', 'S3', 'H2']
name: b10902075, hole_card: ['H3', 'S8']
name: b10902115, hole_card: ['DK', 'C2']
Started the round 1
Street "preflop" started. (community card = [])
name: b10902075, hole_card: ['H3', 'S8']
name: b10902115, hole_card: ['DK', 'C2']
"b10902115" declared "call:10"
name: b10902075, hole_card: ['H3', 'S8']
name: b10902115, hole_card: ['DK', 'C2']
"b10902075" declared "fold:0"
"['b10902115']" won the round 1 (stack = {'b10902075': 990, 'b10902115': 1010})
community cards of this round: ['CK', 'S4', 'SK', 'D9', 'C9']
name: b10902075, hole_card: ['H2', 'S9']
name: b10902115, hole_card: ['H6', 'C7']
Started the round 2
Street "preflop" started. (community card = [])
name: b10902075, hole_card: ['H2', 'S9']
name: b10902115, hole_card: ['H6', 'C7']
"b10902075" declared "fold:0"
"['b10902115']" won the round 2 (stack = {'b10902075': 985, 'b10902115': 1015})
community cards of this round: ['D4', 'SQ', 'ST', 'H5', 'C5']
name: b10902075, hole_card: ['D8', 'CJ']
name: b10902115, hole_card: ['S9', 'C3']
Started the round 3
Street "preflop" started. (community card = [])
name: b10902075, hole_card: ['D8', 'CJ']
name: b10902115, hole_card: ['S9', 'C3']
"b10902115" declared "call:10"
name: b10902075, hole_card: ['D8', 'CJ']
name: b10902115, hole_card: ['S9', 'C3']
"b10902075" declared "call:10"
Street "flop" started. (community card = ['D4', 'SQ', 'ST'])
name: b10902075, hole_card: ['D8', 'CJ']
name: b10902115, hole_card: ['S9', 'C3']
"b10902115" declared "call:0"
name: b10902075, hole_card: ['D8', 'CJ']
name: b10902115, hole_card: ['S9', 'C3']
"b10902075" declared "call:0"
Street "turn" started. (community card = ['D4', 'SQ', 'ST', 'H5'])
name: b10902075, hole_card: ['D8', 'CJ']
name: b10902115, hole_card: ['S9', 'C3']
"b10902115" declared "call:0"
name: b10902075, hole_card: ['D8', 'CJ']
name: b10902115, hole_card: ['S9', 'C3']
"b10902075" declared "call:0"
Street "river" started. (community card = ['D4', 'SQ', 'ST', 'H5', 'C5'])
name: b10902075, hole_card: ['D8', 'CJ']
name: b10902115, hole_card: ['S9', 'C3']
"b10902115" declared "call:0"
name: b10902075, hole_card: ['D8', 'CJ']
name: b10902115, hole_card: ['S9', 'C3']
"b10902075" declared "call:0"
"['b10902075']" won the round 3 (stack = {'b10902075': 995, 'b10902115': 1005})
community cards of this round: ['H3', 'CQ', 'C6', 'ST', 'H2']
name: b10902075, hole_card: ['D6', 'DK']
name: b10902115, hole_card: ['S3', 'C8']
Started the round 4
Street "preflop" started. (community card = [])
name: b10902075, hole_card: ['D6', 'DK']
name: b10902115, hole_card: ['S3', 'C8']
"b10902075" declared "call:10"
name: b10902075, hole_card: ['D6', 'DK']
name: b10902115, hole_card: ['S3', 'C8']
"b10902115" declared "call:10"
Street "flop" started. (community card = ['H3', 'CQ', 'C6'])
name: b10902075, hole_card: ['D6', 'DK']
name: b10902115, hole_card: ['S3', 'C8']
"b10902075" declared "raise:17"
name: b10902075, hole_card: ['D6', 'DK']
name: b10902115, hole_card: ['S3', 'C8']
"b10902115" declared "call:17"
Street "turn" started. (community card = ['H3', 'CQ', 'C6', 'ST'])
name: b10902075, hole_card: ['D6', 'DK']
name: b10902115, hole_card: ['S3', 'C8']
"b10902075" declared "raise:11"
name: b10902075, hole_card: ['D6', 'DK']
name: b10902115, hole_card: ['S3', 'C8']
"b10902115" declared "call:11"
Street "river" started. (community card = ['H3', 'CQ', 'C6', 'ST', 'H2'])
name: b10902075, hole_card: ['D6', 'DK']
name: b10902115, hole_card: ['S3', 'C8']
"b10902075" declared "raise:11"
name: b10902075, hole_card: ['D6', 'DK']
name: b10902115, hole_card: ['S3', 'C8']
"b10902115" declared "call:11"
"['b10902075']" won the round 4 (stack = {'b10902075': 1044, 'b10902115': 956})
community cards of this round: ['DT', 'CJ', 'D2', 'C9', 'H9']
name: b10902075, hole_card: ['SJ', 'H8']
name: b10902115, hole_card: ['HK', 'D4']
Started the round 5
Street "preflop" started. (community card = [])
name: b10902075, hole_card: ['SJ', 'H8']
name: b10902115, hole_card: ['HK', 'D4']
"b10902115" declared "call:10"
name: b10902075, hole_card: ['SJ', 'H8']
name: b10902115, hole_card: ['HK', 'D4']
"b10902075" declared "call:10"
Street "flop" started. (community card = ['DT', 'CJ', 'D2'])
name: b10902075, hole_card: ['SJ', 'H8']
name: b10902115, hole_card: ['HK', 'D4']
"b10902115" declared "call:0"
name: b10902075, hole_card: ['SJ', 'H8']
name: b10902115, hole_card: ['HK', 'D4']
"b10902075" declared "raise:15"
name: b10902075, hole_card: ['SJ', 'H8']
name: b10902115, hole_card: ['HK', 'D4']
"b10902115" declared "call:15"
Street "turn" started. (community card = ['DT', 'CJ', 'D2', 'C9'])
name: b10902075, hole_card: ['SJ', 'H8']
name: b10902115, hole_card: ['HK', 'D4']
"b10902115" declared "call:0"
name: b10902075, hole_card: ['SJ', 'H8']
name: b10902115, hole_card: ['HK', 'D4']
"b10902075" declared "raise:15"
name: b10902075, hole_card: ['SJ', 'H8']
name: b10902115, hole_card: ['HK', 'D4']
"b10902115" declared "call:15"
Street "river" started. (community card = ['DT', 'CJ', 'D2', 'C9', 'H9'])
name: b10902075, hole_card: ['SJ', 'H8']
name: b10902115, hole_card: ['HK', 'D4']
"b10902115" declared "call:0"
name: b10902075, hole_card: ['SJ', 'H8']
name: b10902115, hole_card: ['HK', 'D4']
"b10902075" declared "raise:15"
name: b10902075, hole_card: ['SJ', 'H8']
name: b10902115, hole_card: ['HK', 'D4']
"b10902115" declared "call:15"
"['b10902075']" won the round 5 (stack = {'b10902075': 1099, 'b10902115': 901})
community cards of this round: ['D3', 'S2', 'HA', 'H4', 'C6']
name: b10902075, hole_card: ['D4', 'HT']
name: b10902115, hole_card: ['C4', 'SA']
Started the round 6
Street "preflop" started. (community card = [])
name: b10902075, hole_card: ['D4', 'HT']
name: b10902115, hole_card: ['C4', 'SA']
"b10902075" declared "fold:0"
"['b10902115']" won the round 6 (stack = {'b10902075': 1094, 'b10902115': 906})
community cards of this round: ['H2', 'S8', 'H8', 'D4', 'H4']
name: b10902075, hole_card: ['SJ', 'D7']
name: b10902115, hole_card: ['S9', 'HA']
Started the round 7
Street "preflop" started. (community card = [])
name: b10902075, hole_card: ['SJ', 'D7']
name: b10902115, hole_card: ['S9', 'HA']
"b10902115" declared "raise:905"
name: b10902075, hole_card: ['SJ', 'D7']
name: b10902115, hole_card: ['S9', 'HA']
"b10902075" declared "fold:0"
"['b10902115']" won the round 7 (stack = {'b10902075': 1084, 'b10902115': 916})
community cards of this round: ['S6', 'DA', 'D9', 'S4', 'C7']
name: b10902075, hole_card: ['SA', 'H5']
name: b10902115, hole_card: ['D4', 'D6']
Started the round 8
Street "preflop" started. (community card = [])
name: b10902075, hole_card: ['SA', 'H5']
name: b10902115, hole_card: ['D4', 'D6']
"b10902075" declared "call:10"
name: b10902075, hole_card: ['SA', 'H5']
name: b10902115, hole_card: ['D4', 'D6']
"b10902115" declared "raise:915"
name: b10902075, hole_card: ['SA', 'H5']
name: b10902115, hole_card: ['D4', 'D6']
"b10902075" declared "fold:0"
"['b10902115']" won the round 8 (stack = {'b10902075': 1074, 'b10902115': 926})
community cards of this round: ['DK', 'S4', 'CQ', 'SJ', 'C8']
name: b10902075, hole_card: ['D2', 'H2']
name: b10902115, hole_card: ['D8', 'C6']
Started the round 9
Street "preflop" started. (community card = [])
name: b10902075, hole_card: ['D2', 'H2']
name: b10902115, hole_card: ['D8', 'C6']
"b10902115" declared "raise:925"
name: b10902075, hole_card: ['D2', 'H2']
name: b10902115, hole_card: ['D8', 'C6']
"b10902075" declared "fold:0"
"['b10902115']" won the round 9 (stack = {'b10902075': 1064, 'b10902115': 936})
community cards of this round: ['S3', 'SK', 'D2', 'D4', 'S9']
name: b10902075, hole_card: ['DK', 'C6']
name: b10902115, hole_card: ['C8', 'SQ']
Started the round 10
Street "preflop" started. (community card = [])
name: b10902075, hole_card: ['DK', 'C6']
name: b10902115, hole_card: ['C8', 'SQ']
"b10902075" declared "call:10"
name: b10902075, hole_card: ['DK', 'C6']
name: b10902115, hole_card: ['C8', 'SQ']
"b10902115" declared "raise:935"
name: b10902075, hole_card: ['DK', 'C6']
name: b10902115, hole_card: ['C8', 'SQ']
"b10902075" declared "fold:0"
"['b10902115']" won the round 10 (stack = {'b10902075': 1054, 'b10902115': 946})
community cards of this round: ['SJ', 'D2', 'CT', 'S9', 'DJ']
name: b10902075, hole_card: ['HJ', 'S6']
name: b10902115, hole_card: ['C9', 'S4']
Started the round 11
Street "preflop" started. (community card = [])
name: b10902075, hole_card: ['HJ', 'S6']
name: b10902115, hole_card: ['C9', 'S4']
"b10902115" declared "raise:945"
name: b10902075, hole_card: ['HJ', 'S6']
name: b10902115, hole_card: ['C9', 'S4']
"b10902075" declared "fold:0"
"['b10902115']" won the round 11 (stack = {'b10902075': 1044, 'b10902115': 956})
community cards of this round: ['H9', 'C2', 'C8', 'CT', 'D8']
name: b10902075, hole_card: ['HK', 'D7']
name: b10902115, hole_card: ['C3', 'D6']
Started the round 12
Street "preflop" started. (community card = [])
name: b10902075, hole_card: ['HK', 'D7']
name: b10902115, hole_card: ['C3', 'D6']
"b10902075" declared "call:10"
name: b10902075, hole_card: ['HK', 'D7']
name: b10902115, hole_card: ['C3', 'D6']
"b10902115" declared "raise:955"
name: b10902075, hole_card: ['HK', 'D7']
name: b10902115, hole_card: ['C3', 'D6']
"b10902075" declared "fold:0"
"['b10902115']" won the round 12 (stack = {'b10902075': 1034, 'b10902115': 966})
community cards of this round: ['H6', 'C9', 'DK', 'D5', 'SJ']
name: b10902075, hole_card: ['H8', 'C7']
name: b10902115, hole_card: ['CT', 'S2']
Started the round 13
Street "preflop" started. (community card = [])
name: b10902075, hole_card: ['H8', 'C7']
name: b10902115, hole_card: ['CT', 'S2']
"b10902115" declared "call:10"
name: b10902075, hole_card: ['H8', 'C7']
name: b10902115, hole_card: ['CT', 'S2']
"b10902075" declared "call:10"
Street "flop" started. (community card = ['H6', 'C9', 'DK'])
name: b10902075, hole_card: ['H8', 'C7']
name: b10902115, hole_card: ['CT', 'S2']
"b10902115" declared "raise:955"
name: b10902075, hole_card: ['H8', 'C7']
name: b10902115, hole_card: ['CT', 'S2']
"b10902075" declared "fold:0"
"['b10902115']" won the round 13 (stack = {'b10902075': 1024, 'b10902115': 976})
community cards of this round: ['D8', 'H8', 'H4', 'C9', 'D6']
name: b10902075, hole_card: ['SJ', 'H7']
name: b10902115, hole_card: ['SA', 'C4']
Started the round 14
Street "preflop" started. (community card = [])
name: b10902075, hole_card: ['SJ', 'H7']
name: b10902115, hole_card: ['SA', 'C4']
"b10902075" declared "call:10"
name: b10902075, hole_card: ['SJ', 'H7']
name: b10902115, hole_card: ['SA', 'C4']
"b10902115" declared "raise:20"
name: b10902075, hole_card: ['SJ', 'H7']
name: b10902115, hole_card: ['SA', 'C4']
"b10902075" declared "call:20"
Street "flop" started. (community card = ['D8', 'H8', 'H4'])
name: b10902075, hole_card: ['SJ', 'H7']
name: b10902115, hole_card: ['SA', 'C4']
"b10902075" declared "call:0"
name: b10902075, hole_card: ['SJ', 'H7']
name: b10902115, hole_card: ['SA', 'C4']
"b10902115" declared "raise:955"
name: b10902075, hole_card: ['SJ', 'H7']
name: b10902115, hole_card: ['SA', 'C4']
"b10902075" declared "fold:0"
"['b10902115']" won the round 14 (stack = {'b10902075': 1004, 'b10902115': 996})
community cards of this round: ['S9', 'C5', 'C7', 'DA', 'S5']
name: b10902075, hole_card: ['HJ', 'S6']
name: b10902115, hole_card: ['SK', 'H8']
Started the round 15
Street "preflop" started. (community card = [])
name: b10902075, hole_card: ['HJ', 'S6']
name: b10902115, hole_card: ['SK', 'H8']
"b10902115" declared "raise:20"
name: b10902075, hole_card: ['HJ', 'S6']
name: b10902115, hole_card: ['SK', 'H8']
"b10902075" declared "call:20"
Street "flop" started. (community card = ['S9', 'C5', 'C7'])
name: b10902075, hole_card: ['HJ', 'S6']
name: b10902115, hole_card: ['SK', 'H8']
"b10902115" declared "call:0"
name: b10902075, hole_card: ['HJ', 'S6']
name: b10902115, hole_card: ['SK', 'H8']
"b10902075" declared "call:0"
Street "turn" started. (community card = ['S9', 'C5', 'C7', 'DA'])
name: b10902075, hole_card: ['HJ', 'S6']
name: b10902115, hole_card: ['SK', 'H8']
"b10902115" declared "call:0"
name: b10902075, hole_card: ['HJ', 'S6']
name: b10902115, hole_card: ['SK', 'H8']
"b10902075" declared "call:0"
Street "river" started. (community card = ['S9', 'C5', 'C7', 'DA', 'S5'])
name: b10902075, hole_card: ['HJ', 'S6']
name: b10902115, hole_card: ['SK', 'H8']
"b10902115" declared "call:0"
name: b10902075, hole_card: ['HJ', 'S6']
name: b10902115, hole_card: ['SK', 'H8']
"b10902075" declared "call:0"
"['b10902115']" won the round 15 (stack = {'b10902075': 984, 'b10902115': 1016})
community cards of this round: ['SK', 'C3', 'S2', 'D3', 'HQ']
name: b10902075, hole_card: ['H6', 'H8']
name: b10902115, hole_card: ['S5', 'SQ']
Started the round 16
Street "preflop" started. (community card = [])
name: b10902075, hole_card: ['H6', 'H8']
name: b10902115, hole_card: ['S5', 'SQ']
"b10902075" declared "call:10"
name: b10902075, hole_card: ['H6', 'H8']
name: b10902115, hole_card: ['S5', 'SQ']
"b10902115" declared "raise:20"
name: b10902075, hole_card: ['H6', 'H8']
name: b10902115, hole_card: ['S5', 'SQ']
"b10902075" declared "raise:984"
name: b10902075, hole_card: ['H6', 'H8']
name: b10902115, hole_card: ['S5', 'SQ']
"b10902115" declared "call:984"
Street "flop" started. (community card = ['SK', 'C3', 'S2'])
Street "turn" started. (community card = ['SK', 'C3', 'S2', 'D3'])
Street "river" started. (community card = ['SK', 'C3', 'S2', 'D3', 'HQ'])
"['b10902115']" won the round 16 (stack = {'b10902075': 0, 'b10902115': 2000})
b10902075 vs b10902115 - Game 4: {'rule': {'initial_stack': 1000, 'max_round': 20, 'small_blind_amount': 5, 'ante': 0, 'blind_structure': {}}, 'players': [{'name': 'b10902075', 'uuid': 'bdrqdorxgkaqrxuwzbysyn', 'stack': 0, 'state': 'folded'}, {'name': 'b10902115', 'uuid': 'kjqtnsukqlkgsoinzajbvc', 'stack': 2000, 'state': 'participating'}]}
community cards of this round: ['C8', 'S4', 'HA', 'DA', 'HJ']
name: b10902115, hole_card: ['S9', 'D3']
name: b10902075, hole_card: ['C9', 'SQ']
Started the round 1
Street "preflop" started. (community card = [])
name: b10902115, hole_card: ['S9', 'D3']
name: b10902075, hole_card: ['C9', 'SQ']
"b10902075" declared "call:10"
name: b10902115, hole_card: ['S9', 'D3']
name: b10902075, hole_card: ['C9', 'SQ']
"b10902115" declared "call:10"
Street "flop" started. (community card = ['C8', 'S4', 'HA'])
name: b10902115, hole_card: ['S9', 'D3']
name: b10902075, hole_card: ['C9', 'SQ']
"b10902075" declared "call:0"
name: b10902115, hole_card: ['S9', 'D3']
name: b10902075, hole_card: ['C9', 'SQ']
"b10902115" declared "call:0"
Street "turn" started. (community card = ['C8', 'S4', 'HA', 'DA'])
name: b10902115, hole_card: ['S9', 'D3']
name: b10902075, hole_card: ['C9', 'SQ']
"b10902075" declared "call:0"
name: b10902115, hole_card: ['S9', 'D3']
name: b10902075, hole_card: ['C9', 'SQ']
"b10902115" declared "call:0"
Street "river" started. (community card = ['C8', 'S4', 'HA', 'DA', 'HJ'])
name: b10902115, hole_card: ['S9', 'D3']
name: b10902075, hole_card: ['C9', 'SQ']
"b10902075" declared "call:0"
name: b10902115, hole_card: ['S9', 'D3']
name: b10902075, hole_card: ['C9', 'SQ']
"b10902115" declared "call:0"
"['b10902075']" won the round 1 (stack = {'b10902115': 990, 'b10902075': 1010})
community cards of this round: ['HT', 'D9', 'CK', 'DJ', 'C4']
name: b10902115, hole_card: ['D8', 'S6']
name: b10902075, hole_card: ['H8', 'S7']
Started the round 2
Street "preflop" started. (community card = [])
name: b10902115, hole_card: ['D8', 'S6']
name: b10902075, hole_card: ['H8', 'S7']
"b10902115" declared "call:10"
name: b10902115, hole_card: ['D8', 'S6']
name: b10902075, hole_card: ['H8', 'S7']
"b10902075" declared "call:10"
Street "flop" started. (community card = ['HT', 'D9', 'CK'])
name: b10902115, hole_card: ['D8', 'S6']
name: b10902075, hole_card: ['H8', 'S7']
"b10902115" declared "call:0"
name: b10902115, hole_card: ['D8', 'S6']
name: b10902075, hole_card: ['H8', 'S7']
"b10902075" declared "call:0"
Street "turn" started. (community card = ['HT', 'D9', 'CK', 'DJ'])
name: b10902115, hole_card: ['D8', 'S6']
name: b10902075, hole_card: ['H8', 'S7']
"b10902115" declared "call:0"
name: b10902115, hole_card: ['D8', 'S6']
name: b10902075, hole_card: ['H8', 'S7']
"b10902075" declared "raise:29"
name: b10902115, hole_card: ['D8', 'S6']
name: b10902075, hole_card: ['H8', 'S7']
"b10902115" declared "fold:0"
"['b10902075']" won the round 2 (stack = {'b10902115': 980, 'b10902075': 1020})
community cards of this round: ['C6', 'C7', 'C4', 'D8', 'C3']
name: b10902115, hole_card: ['D7', 'S3']
name: b10902075, hole_card: ['CK', 'DA']
Started the round 3
Street "preflop" started. (community card = [])
name: b10902115, hole_card: ['D7', 'S3']
name: b10902075, hole_card: ['CK', 'DA']
"b10902075" declared "call:10"
name: b10902115, hole_card: ['D7', 'S3']
name: b10902075, hole_card: ['CK', 'DA']
"b10902115" declared "fold:0"
"['b10902075']" won the round 3 (stack = {'b10902115': 970, 'b10902075': 1030})
community cards of this round: ['C5', 'H5', 'SK', 'S3', 'HQ']
name: b10902115, hole_card: ['CJ', 'HT']
name: b10902075, hole_card: ['S5', 'S6']
Started the round 4
Street "preflop" started. (community card = [])
name: b10902115, hole_card: ['CJ', 'HT']
name: b10902075, hole_card: ['S5', 'S6']
"b10902115" declared "raise:20"
name: b10902115, hole_card: ['CJ', 'HT']
name: b10902075, hole_card: ['S5', 'S6']
"b10902075" declared "fold:0"
"['b10902115']" won the round 4 (stack = {'b10902115': 980, 'b10902075': 1020})
community cards of this round: ['C4', 'SA', 'D6', 'DK', 'HQ']
name: b10902115, hole_card: ['S3', 'SK']
name: b10902075, hole_card: ['C9', 'C2']
Started the round 5
Street "preflop" started. (community card = [])
name: b10902115, hole_card: ['S3', 'SK']
name: b10902075, hole_card: ['C9', 'C2']
"b10902075" declared "fold:0"
"['b10902115']" won the round 5 (stack = {'b10902115': 985, 'b10902075': 1015})
community cards of this round: ['SK', 'HJ', 'D2', 'C3', 'C6']
name: b10902115, hole_card: ['S8', 'H2']
name: b10902075, hole_card: ['CA', 'HK']
Started the round 6
Street "preflop" started. (community card = [])
name: b10902115, hole_card: ['S8', 'H2']
name: b10902075, hole_card: ['CA', 'HK']
"b10902115" declared "call:10"
name: b10902115, hole_card: ['S8', 'H2']
name: b10902075, hole_card: ['CA', 'HK']
"b10902075" declared "call:10"
Street "flop" started. (community card = ['SK', 'HJ', 'D2'])
name: b10902115, hole_card: ['S8', 'H2']
name: b10902075, hole_card: ['CA', 'HK']
"b10902115" declared "raise:20"
name: b10902115, hole_card: ['S8', 'H2']
name: b10902075, hole_card: ['CA', 'HK']
"b10902075" declared "raise:40"
name: b10902115, hole_card: ['S8', 'H2']
name: b10902075, hole_card: ['CA', 'HK']
"b10902115" declared "call:40"
Street "turn" started. (community card = ['SK', 'HJ', 'D2', 'C3'])
name: b10902115, hole_card: ['S8', 'H2']
name: b10902075, hole_card: ['CA', 'HK']
"b10902115" declared "raise:20"
name: b10902115, hole_card: ['S8', 'H2']
name: b10902075, hole_card: ['CA', 'HK']
"b10902075" declared "call:20"
Street "river" started. (community card = ['SK', 'HJ', 'D2', 'C3', 'C6'])
name: b10902115, hole_card: ['S8', 'H2']
name: b10902075, hole_card: ['CA', 'HK']
"b10902115" declared "raise:914"
name: b10902115, hole_card: ['S8', 'H2']
name: b10902075, hole_card: ['CA', 'HK']
"b10902075" declared "call:914"
"['b10902075']" won the round 6 (stack = {'b10902115': 1, 'b10902075': 1999})
b10902075 vs b10902115 - Game 5: {'rule': {'initial_stack': 1000, 'max_round': 20, 'small_blind_amount': 5, 'ante': 0, 'blind_structure': {}}, 'players': [{'name': 'b10902115', 'uuid': 'kzcaivfzdrtliszmdpebup', 'stack': 0, 'state': 'folded'}, {'name': 'b10902075', 'uuid': 'fjkikpdipbjwdhbvwuqklf', 'stack': 1999, 'state': 'participating'}]}
Final Result: b10902075 won 3 games (stack: 5609), b10902115 won 2 games (stack: 4390), num ties: 0
