community cards of this round: ['CJ', 'CA', 'C6', 'CQ', 'HJ']
name: b10902004, hole_card: ['HK', 'S4']
name: b10902076, hole_card: ['CK', 'S7']
Started the round 1
Street "preflop" started. (community card = [])
name: b10902004, hole_card: ['HK', 'S4']
name: b10902076, hole_card: ['CK', 'S7']
"b10902076" declared "call:10"
name: b10902004, hole_card: ['HK', 'S4']
name: b10902076, hole_card: ['CK', 'S7']
"b10902004" declared "raise:15"
name: b10902004, hole_card: ['HK', 'S4']
name: b10902076, hole_card: ['CK', 'S7']
"b10902076" declared "call:15"
Street "flop" started. (community card = ['CJ', 'CA', 'C6'])
name: b10902004, hole_card: ['HK', 'S4']
name: b10902076, hole_card: ['CK', 'S7']
"b10902076" declared "call:0"
name: b10902004, hole_card: ['HK', 'S4']
name: b10902076, hole_card: ['CK', 'S7']
"b10902004" declared "raise:985"
name: b10902004, hole_card: ['HK', 'S4']
name: b10902076, hole_card: ['CK', 'S7']
"b10902076" declared "call:985"
Street "turn" started. (community card = ['CJ', 'CA', 'C6', 'CQ'])
Street "river" started. (community card = ['CJ', 'CA', 'C6', 'CQ', 'HJ'])
"['b10902076']" won the round 1 (stack = {'b10902004': 0, 'b10902076': 2000})
b10902076 vs b10902004 - Game 1: {'rule': {'initial_stack': 1000, 'max_round': 20, 'small_blind_amount': 5, 'ante': 0, 'blind_structure': {}}, 'players': [{'name': 'b10902004', 'uuid': 'kbmqxmesvygyhdyncsfuth', 'stack': 0, 'state': 'folded'}, {'name': 'b10902076', 'uuid': 'tfmeupxiwjnpuplxtvjsbj', 'stack': 2000, 'state': 'participating'}]}
community cards of this round: ['CJ', 'CA', 'C6', 'CQ', 'HJ']
name: b10902076, hole_card: ['HK', 'S4']
name: b10902004, hole_card: ['CK', 'S7']
Started the round 1
Street "preflop" started. (community card = [])
name: b10902076, hole_card: ['HK', 'S4']
name: b10902004, hole_card: ['CK', 'S7']
"b10902004" declared "raise:1000"
name: b10902076, hole_card: ['HK', 'S4']
name: b10902004, hole_card: ['CK', 'S7']
"b10902076" declared "call:1000"
Street "flop" started. (community card = ['CJ', 'CA', 'C6'])
Street "turn" started. (community card = ['CJ', 'CA', 'C6', 'CQ'])
Street "river" started. (community card = ['CJ', 'CA', 'C6', 'CQ', 'HJ'])
"['b10902004']" won the round 1 (stack = {'b10902076': 0, 'b10902004': 2000})
b10902076 vs b10902004 - Game 2: {'rule': {'initial_stack': 1000, 'max_round': 20, 'small_blind_amount': 5, 'ante': 0, 'blind_structure': {}}, 'players': [{'name': 'b10902076', 'uuid': 'scslyniztjiwmntsnhxwoe', 'stack': 0, 'state': 'folded'}, {'name': 'b10902004', 'uuid': 'lpxonypqmsajylfuclefoo', 'stack': 2000, 'state': 'participating'}]}
community cards of this round: ['D2', 'DJ', 'S6', 'C4', 'H5']
name: b10902004, hole_card: ['H2', 'C2']
name: b10902076, hole_card: ['S7', 'C3']
Started the round 1
Street "preflop" started. (community card = [])
name: b10902004, hole_card: ['H2', 'C2']
name: b10902076, hole_card: ['S7', 'C3']
"b10902076" declared "call:10"
name: b10902004, hole_card: ['H2', 'C2']
name: b10902076, hole_card: ['S7', 'C3']
"b10902004" declared "raise:1000"
name: b10902004, hole_card: ['H2', 'C2']
name: b10902076, hole_card: ['S7', 'C3']
"b10902076" declared "fold:0"
"['b10902004']" won the round 1 (stack = {'b10902004': 1010, 'b10902076': 990})
community cards of this round: ['H3', 'HT', 'C4', 'H6', 'D7']
name: b10902004, hole_card: ['S9', 'CJ']
name: b10902076, hole_card: ['CK', 'H8']
Started the round 2
Street "preflop" started. (community card = [])
name: b10902004, hole_card: ['S9', 'CJ']
name: b10902076, hole_card: ['CK', 'H8']
"b10902004" declared "call:10"
name: b10902004, hole_card: ['S9', 'CJ']
name: b10902076, hole_card: ['CK', 'H8']
"b10902076" declared "call:10"
Street "flop" started. (community card = ['H3', 'HT', 'C4'])
name: b10902004, hole_card: ['S9', 'CJ']
name: b10902076, hole_card: ['CK', 'H8']
"b10902004" declared "raise:1000"
name: b10902004, hole_card: ['S9', 'CJ']
name: b10902076, hole_card: ['CK', 'H8']
"b10902076" declared "call:1000"
Street "turn" started. (community card = ['H3', 'HT', 'C4', 'H6'])
Street "river" started. (community card = ['H3', 'HT', 'C4', 'H6', 'D7'])
"['b10902076']" won the round 2 (stack = {'b10902004': 20, 'b10902076': 1980})
community cards of this round: ['HK', 'SA', 'S8', 'H6', 'S7']
name: b10902004, hole_card: ['D5', 'ST']
name: b10902076, hole_card: ['HQ', 'CJ']
Started the round 3
Street "preflop" started. (community card = [])
name: b10902004, hole_card: ['D5', 'ST']
name: b10902076, hole_card: ['HQ', 'CJ']
"b10902076" declared "call:10"
name: b10902004, hole_card: ['D5', 'ST']
name: b10902076, hole_card: ['HQ', 'CJ']
"b10902004" declared "fold:0"
"['b10902076']" won the round 3 (stack = {'b10902004': 10, 'b10902076': 1990})
community cards of this round: ['D7', 'HJ', 'C6', 'C4', 'C3']
name: b10902004, hole_card: ['C8', 'D6']
name: b10902076, hole_card: ['C7', 'SQ']
Started the round 4
Street "preflop" started. (community card = [])
name: b10902004, hole_card: ['C8', 'D6']
name: b10902076, hole_card: ['C7', 'SQ']
"b10902004" declared "fold:0"
"['b10902076']" won the round 4 (stack = {'b10902004': 5, 'b10902076': 1995})
b10902076 vs b10902004 - Game 3: {'rule': {'initial_stack': 1000, 'max_round': 20, 'small_blind_amount': 5, 'ante': 0, 'blind_structure': {}}, 'players': [{'name': 'b10902004', 'uuid': 'whyktapoylnwuqixgyzdrn', 'stack': 0, 'state': 'folded'}, {'name': 'b10902076', 'uuid': 'sqtgmuvbemukqdztxtrsoy', 'stack': 1995, 'state': 'participating'}]}
community cards of this round: ['D2', 'DJ', 'S6', 'C4', 'H5']
name: b10902076, hole_card: ['H2', 'C2']
name: b10902004, hole_card: ['S7', 'C3']
Started the round 1
Street "preflop" started. (community card = [])
name: b10902076, hole_card: ['H2', 'C2']
name: b10902004, hole_card: ['S7', 'C3']
"b10902004" declared "call:10"
name: b10902076, hole_card: ['H2', 'C2']
name: b10902004, hole_card: ['S7', 'C3']
"b10902076" declared "raise:1000"
name: b10902076, hole_card: ['H2', 'C2']
name: b10902004, hole_card: ['S7', 'C3']
"b10902004" declared "raise:-1", Invalid action. Treat as fold...
"['b10902076']" won the round 1 (stack = {'b10902076': 1010, 'b10902004': 990})
community cards of this round: ['H3', 'HT', 'C4', 'H6', 'D7']
name: b10902076, hole_card: ['S9', 'CJ']
name: b10902004, hole_card: ['CK', 'H8']
Started the round 2
Street "preflop" started. (community card = [])
name: b10902076, hole_card: ['S9', 'CJ']
name: b10902004, hole_card: ['CK', 'H8']
"b10902076" declared "call:10"
name: b10902076, hole_card: ['S9', 'CJ']
name: b10902004, hole_card: ['CK', 'H8']
"b10902004" declared "raise:15"
name: b10902076, hole_card: ['S9', 'CJ']
name: b10902004, hole_card: ['CK', 'H8']
"b10902076" declared "call:15"
Street "flop" started. (community card = ['H3', 'HT', 'C4'])
name: b10902076, hole_card: ['S9', 'CJ']
name: b10902004, hole_card: ['CK', 'H8']
"b10902076" declared "call:0"
name: b10902076, hole_card: ['S9', 'CJ']
name: b10902004, hole_card: ['CK', 'H8']
"b10902004" declared "call:0"
Street "turn" started. (community card = ['H3', 'HT', 'C4', 'H6'])
name: b10902076, hole_card: ['S9', 'CJ']
name: b10902004, hole_card: ['CK', 'H8']
"b10902076" declared "call:0"
name: b10902076, hole_card: ['S9', 'CJ']
name: b10902004, hole_card: ['CK', 'H8']
"b10902004" declared "call:0"
Street "river" started. (community card = ['H3', 'HT', 'C4', 'H6', 'D7'])
name: b10902076, hole_card: ['S9', 'CJ']
name: b10902004, hole_card: ['CK', 'H8']
"b10902076" declared "call:0"
name: b10902076, hole_card: ['S9', 'CJ']
name: b10902004, hole_card: ['CK', 'H8']
"b10902004" declared "raise:975"
name: b10902076, hole_card: ['S9', 'CJ']
name: b10902004, hole_card: ['CK', 'H8']
"b10902076" declared "call:975"
"['b10902004']" won the round 2 (stack = {'b10902076': 20, 'b10902004': 1980})
community cards of this round: ['HK', 'SA', 'S8', 'H6', 'S7']
name: b10902076, hole_card: ['D5', 'ST']
name: b10902004, hole_card: ['HQ', 'CJ']
Started the round 3
Street "preflop" started. (community card = [])
name: b10902076, hole_card: ['D5', 'ST']
name: b10902004, hole_card: ['HQ', 'CJ']
"b10902004" declared "fold:0"
"['b10902076']" won the round 3 (stack = {'b10902076': 25, 'b10902004': 1975})
community cards of this round: ['D7', 'HJ', 'C6', 'C4', 'C3']
name: b10902076, hole_card: ['C8', 'D6']
name: b10902004, hole_card: ['C7', 'SQ']
Started the round 4
Street "preflop" started. (community card = [])
name: b10902076, hole_card: ['C8', 'D6']
name: b10902004, hole_card: ['C7', 'SQ']
"b10902076" declared "fold:0"
"['b10902004']" won the round 4 (stack = {'b10902076': 20, 'b10902004': 1980})
community cards of this round: ['C9', 'DK', 'HJ', 'D7', 'CJ']
name: b10902076, hole_card: ['S4', 'H6']
name: b10902004, hole_card: ['DT', 'HA']
Started the round 5
Street "preflop" started. (community card = [])
name: b10902076, hole_card: ['S4', 'H6']
name: b10902004, hole_card: ['DT', 'HA']
"b10902004" declared "fold:0"
"['b10902076']" won the round 5 (stack = {'b10902076': 25, 'b10902004': 1975})
community cards of this round: ['C7', 'D6', 'SJ', 'C3', 'S9']
name: b10902076, hole_card: ['H3', 'CT']
name: b10902004, hole_card: ['HA', 'HJ']
Started the round 6
Street "preflop" started. (community card = [])
name: b10902076, hole_card: ['H3', 'CT']
name: b10902004, hole_card: ['HA', 'HJ']
"b10902076" declared "call:10"
name: b10902076, hole_card: ['H3', 'CT']
name: b10902004, hole_card: ['HA', 'HJ']
"b10902004" declared "fold:0"
"['b10902076']" won the round 6 (stack = {'b10902076': 35, 'b10902004': 1965})
community cards of this round: ['D7', 'D9', 'C7', 'S5', 'CQ']
name: b10902076, hole_card: ['HT', 'DK']
name: b10902004, hole_card: ['H3', 'C3']
Started the round 7
Street "preflop" started. (community card = [])
name: b10902076, hole_card: ['HT', 'DK']
name: b10902004, hole_card: ['H3', 'C3']
"b10902004" declared "fold:0"
"['b10902076']" won the round 7 (stack = {'b10902076': 40, 'b10902004': 1960})
community cards of this round: ['D5', 'SA', 'D9', 'HA', 'HJ']
name: b10902076, hole_card: ['D4', 'DA']
name: b10902004, hole_card: ['H8', 'SQ']
Started the round 8
Street "preflop" started. (community card = [])
name: b10902076, hole_card: ['D4', 'DA']
name: b10902004, hole_card: ['H8', 'SQ']
"b10902076" declared "call:10"
name: b10902076, hole_card: ['D4', 'DA']
name: b10902004, hole_card: ['H8', 'SQ']
"b10902004" declared "fold:0"
"['b10902076']" won the round 8 (stack = {'b10902076': 50, 'b10902004': 1950})
community cards of this round: ['DA', 'S4', 'SK', 'HA', 'C5']
name: b10902076, hole_card: ['S8', 'C9']
name: b10902004, hole_card: ['H3', 'DQ']
Started the round 9
Street "preflop" started. (community card = [])
name: b10902076, hole_card: ['S8', 'C9']
name: b10902004, hole_card: ['H3', 'DQ']
"b10902004" declared "fold:0"
"['b10902076']" won the round 9 (stack = {'b10902076': 55, 'b10902004': 1945})
community cards of this round: ['SQ', 'HA', 'CQ', 'D9', 'HQ']
name: b10902076, hole_card: ['S3', 'H5']
name: b10902004, hole_card: ['C7', 'D6']
Started the round 10
Street "preflop" started. (community card = [])
name: b10902076, hole_card: ['S3', 'H5']
name: b10902004, hole_card: ['C7', 'D6']
"b10902076" declared "call:10"
name: b10902076, hole_card: ['S3', 'H5']
name: b10902004, hole_card: ['C7', 'D6']
"b10902004" declared "fold:0"
"['b10902076']" won the round 10 (stack = {'b10902076': 65, 'b10902004': 1935})
community cards of this round: ['D9', 'S3', 'D8', 'HA', 'DJ']
name: b10902076, hole_card: ['C4', 'CT']
name: b10902004, hole_card: ['D2', 'DA']
Started the round 11
Street "preflop" started. (community card = [])
name: b10902076, hole_card: ['C4', 'CT']
name: b10902004, hole_card: ['D2', 'DA']
"b10902004" declared "fold:0"
"['b10902076']" won the round 11 (stack = {'b10902076': 70, 'b10902004': 1930})
community cards of this round: ['ST', 'H8', 'CT', 'CK', 'DQ']
name: b10902076, hole_card: ['D7', 'HK']
name: b10902004, hole_card: ['HQ', 'D3']
Started the round 12
Street "preflop" started. (community card = [])
name: b10902076, hole_card: ['D7', 'HK']
name: b10902004, hole_card: ['HQ', 'D3']
"b10902076" declared "call:10"
name: b10902076, hole_card: ['D7', 'HK']
name: b10902004, hole_card: ['HQ', 'D3']
"b10902004" declared "fold:0"
"['b10902076']" won the round 12 (stack = {'b10902076': 80, 'b10902004': 1920})
community cards of this round: ['HQ', 'C3', 'D2', 'H7', 'CK']
name: b10902076, hole_card: ['H8', 'S3']
name: b10902004, hole_card: ['C7', 'S8']
Started the round 13
Street "preflop" started. (community card = [])
name: b10902076, hole_card: ['H8', 'S3']
name: b10902004, hole_card: ['C7', 'S8']
"b10902004" declared "fold:0"
"['b10902076']" won the round 13 (stack = {'b10902076': 85, 'b10902004': 1915})
community cards of this round: ['S9', 'C6', 'H7', 'C9', 'D4']
name: b10902076, hole_card: ['DA', 'D8']
name: b10902004, hole_card: ['HJ', 'CQ']
Started the round 14
Street "preflop" started. (community card = [])
name: b10902076, hole_card: ['DA', 'D8']
name: b10902004, hole_card: ['HJ', 'CQ']
"b10902076" declared "call:10"
name: b10902076, hole_card: ['DA', 'D8']
name: b10902004, hole_card: ['HJ', 'CQ']
"b10902004" declared "fold:0"
"['b10902076']" won the round 14 (stack = {'b10902076': 95, 'b10902004': 1905})
community cards of this round: ['SA', 'H9', 'DQ', 'ST', 'DK']
name: b10902076, hole_card: ['CA', 'HJ']
name: b10902004, hole_card: ['C6', 'CJ']
Started the round 15
Street "preflop" started. (community card = [])
name: b10902076, hole_card: ['CA', 'HJ']
name: b10902004, hole_card: ['C6', 'CJ']
"b10902004" declared "fold:0"
"['b10902076']" won the round 15 (stack = {'b10902076': 100, 'b10902004': 1900})
community cards of this round: ['CK', 'D7', 'S8', 'ST', 'CT']
name: b10902076, hole_card: ['C9', 'H8']
name: b10902004, hole_card: ['C3', 'CQ']
Started the round 16
Street "preflop" started. (community card = [])
name: b10902076, hole_card: ['C9', 'H8']
name: b10902004, hole_card: ['C3', 'CQ']
"b10902076" declared "call:10"
name: b10902076, hole_card: ['C9', 'H8']
name: b10902004, hole_card: ['C3', 'CQ']
"b10902004" declared "fold:0"
"['b10902076']" won the round 16 (stack = {'b10902076': 110, 'b10902004': 1890})
community cards of this round: ['DT', 'H5', 'SK', 'CT', 'H6']
name: b10902076, hole_card: ['S5', 'C2']
name: b10902004, hole_card: ['D8', 'SJ']
Started the round 17
Street "preflop" started. (community card = [])
name: b10902076, hole_card: ['S5', 'C2']
name: b10902004, hole_card: ['D8', 'SJ']
"b10902004" declared "fold:0"
"['b10902076']" won the round 17 (stack = {'b10902076': 115, 'b10902004': 1885})
community cards of this round: ['D2', 'D8', 'HT', 'DT', 'CK']
name: b10902076, hole_card: ['D5', 'H4']
name: b10902004, hole_card: ['D3', 'S6']
Started the round 18
Street "preflop" started. (community card = [])
name: b10902076, hole_card: ['D5', 'H4']
name: b10902004, hole_card: ['D3', 'S6']
"b10902076" declared "call:10"
name: b10902076, hole_card: ['D5', 'H4']
name: b10902004, hole_card: ['D3', 'S6']
"b10902004" declared "fold:0"
"['b10902076']" won the round 18 (stack = {'b10902076': 125, 'b10902004': 1875})
community cards of this round: ['S7', 'C5', 'H8', 'CK', 'D6']
name: b10902076, hole_card: ['CA', 'S4']
name: b10902004, hole_card: ['D7', 'H7']
Started the round 19
Street "preflop" started. (community card = [])
name: b10902076, hole_card: ['CA', 'S4']
name: b10902004, hole_card: ['D7', 'H7']
"b10902004" declared "fold:0"
"['b10902076']" won the round 19 (stack = {'b10902076': 130, 'b10902004': 1870})
community cards of this round: ['SQ', 'HK', 'S3', 'H4', 'D2']
name: b10902076, hole_card: ['D8', 'H8']
name: b10902004, hole_card: ['H5', 'S2']
Started the round 20
Street "preflop" started. (community card = [])
name: b10902076, hole_card: ['D8', 'H8']
name: b10902004, hole_card: ['H5', 'S2']
"b10902076" declared "raise:130"
name: b10902076, hole_card: ['D8', 'H8']
name: b10902004, hole_card: ['H5', 'S2']
"b10902004" declared "fold:0"
"['b10902076']" won the round 20 (stack = {'b10902076': 140, 'b10902004': 1860})
b10902076 vs b10902004 - Game 4: {'rule': {'initial_stack': 1000, 'max_round': 20, 'small_blind_amount': 5, 'ante': 0, 'blind_structure': {}}, 'players': [{'name': 'b10902076', 'uuid': 'iuwyzozqaatnnkxmuyoifr', 'stack': 140, 'state': 'participating'}, {'name': 'b10902004', 'uuid': 'wwiybailffijxfyulgbena', 'stack': 1860, 'state': 'participating'}]}
community cards of this round: ['S8', 'HQ', 'D7', 'D9', 'CA']
name: b10902004, hole_card: ['D5', 'HK']
name: b10902076, hole_card: ['ST', 'C8']
Started the round 1
Street "preflop" started. (community card = [])
name: b10902004, hole_card: ['D5', 'HK']
name: b10902076, hole_card: ['ST', 'C8']
"b10902076" declared "call:10"
name: b10902004, hole_card: ['D5', 'HK']
name: b10902076, hole_card: ['ST', 'C8']
"b10902004" declared "call:10"
Street "flop" started. (community card = ['S8', 'HQ', 'D7'])
name: b10902004, hole_card: ['D5', 'HK']
name: b10902076, hole_card: ['ST', 'C8']
"b10902076" declared "call:0"
name: b10902004, hole_card: ['D5', 'HK']
name: b10902076, hole_card: ['ST', 'C8']
"b10902004" declared "raise:10"
name: b10902004, hole_card: ['D5', 'HK']
name: b10902076, hole_card: ['ST', 'C8']
"b10902076" declared "call:10"
Street "turn" started. (community card = ['S8', 'HQ', 'D7', 'D9'])
name: b10902004, hole_card: ['D5', 'HK']
name: b10902076, hole_card: ['ST', 'C8']
"b10902076" declared "call:0"
name: b10902004, hole_card: ['D5', 'HK']
name: b10902076, hole_card: ['ST', 'C8']
"b10902004" declared "raise:980"
name: b10902004, hole_card: ['D5', 'HK']
name: b10902076, hole_card: ['ST', 'C8']
"b10902076" declared "call:980"
Street "river" started. (community card = ['S8', 'HQ', 'D7', 'D9', 'CA'])
"['b10902076']" won the round 1 (stack = {'b10902004': 0, 'b10902076': 2000})
b10902076 vs b10902004 - Game 5: {'rule': {'initial_stack': 1000, 'max_round': 20, 'small_blind_amount': 5, 'ante': 0, 'blind_structure': {}}, 'players': [{'name': 'b10902004', 'uuid': 'hvpisqbsgrmstnpxcazpad', 'stack': 0, 'state': 'folded'}, {'name': 'b10902076', 'uuid': 'olccdoovrlkwqlwpgayski', 'stack': 2000, 'state': 'participating'}]}
Final Result: b10902076 won 0 games (stack: 9855), b10902004 won 5 games (stack: 140)
