community cards of this round: ['S5', 'S2', 'H7', 'D8', 'D5']
name: b09303036, hole_card: ['CQ', 'S4']
name: b10902101, hole_card: ['D6', 'H6']
Started the round 1
Street "preflop" started. (community card = [])
name: b09303036, hole_card: ['CQ', 'S4']
name: b10902101, hole_card: ['D6', 'H6']
"b10902101" declared "raise:25"
name: b09303036, hole_card: ['CQ', 'S4']
name: b10902101, hole_card: ['D6', 'H6']
"b09303036" declared "fold:0"
"['b10902101']" won the round 1 (stack = {'b09303036': 990, 'b10902101': 1010})
community cards of this round: ['H9', 'SJ', 'S7', 'D4', 'S6']
name: b09303036, hole_card: ['C2', 'HQ']
name: b10902101, hole_card: ['DA', 'H5']
Started the round 2
Street "preflop" started. (community card = [])
name: b09303036, hole_card: ['C2', 'HQ']
name: b10902101, hole_card: ['DA', 'H5']
"b09303036" declared "fold:0"
"['b10902101']" won the round 2 (stack = {'b09303036': 985, 'b10902101': 1015})
community cards of this round: ['H4', 'DK', 'CQ', 'D5', 'D7']
name: b09303036, hole_card: ['H2', 'D3']
name: b10902101, hole_card: ['D8', 'ST']
Started the round 3
Street "preflop" started. (community card = [])
name: b09303036, hole_card: ['H2', 'D3']
name: b10902101, hole_card: ['D8', 'ST']
"b10902101" declared "raise:15"
name: b09303036, hole_card: ['H2', 'D3']
name: b10902101, hole_card: ['D8', 'ST']
"b09303036" declared "fold:0"
"['b10902101']" won the round 3 (stack = {'b09303036': 975, 'b10902101': 1025})
community cards of this round: ['S7', 'S3', 'D8', 'H2', 'DJ']
name: b09303036, hole_card: ['H3', 'D2']
name: b10902101, hole_card: ['ST', 'SQ']
Started the round 4
Street "preflop" started. (community card = [])
name: b09303036, hole_card: ['H3', 'D2']
name: b10902101, hole_card: ['ST', 'SQ']
"b09303036" declared "fold:0"
"['b10902101']" won the round 4 (stack = {'b09303036': 970, 'b10902101': 1030})
community cards of this round: ['H4', 'H6', 'H8', 'D2', 'S6']
name: b09303036, hole_card: ['DA', 'H9']
name: b10902101, hole_card: ['HK', 'C6']
Started the round 5
Street "preflop" started. (community card = [])
name: b09303036, hole_card: ['DA', 'H9']
name: b10902101, hole_card: ['HK', 'C6']
"b10902101" declared "raise:15"
name: b09303036, hole_card: ['DA', 'H9']
name: b10902101, hole_card: ['HK', 'C6']
"b09303036" declared "fold:0"
"['b10902101']" won the round 5 (stack = {'b09303036': 960, 'b10902101': 1040})
community cards of this round: ['S9', 'H9', 'CJ', 'H2', 'S8']
name: b09303036, hole_card: ['D2', 'S3']
name: b10902101, hole_card: ['H5', 'S4']
Started the round 6
Street "preflop" started. (community card = [])
name: b09303036, hole_card: ['D2', 'S3']
name: b10902101, hole_card: ['H5', 'S4']
"b09303036" declared "fold:0"
"['b10902101']" won the round 6 (stack = {'b09303036': 955, 'b10902101': 1045})
community cards of this round: ['DJ', 'S5', 'S9', 'D2', 'DQ']
name: b09303036, hole_card: ['D9', 'D7']
name: b10902101, hole_card: ['HA', 'SJ']
Started the round 7
Street "preflop" started. (community card = [])
name: b09303036, hole_card: ['D9', 'D7']
name: b10902101, hole_card: ['HA', 'SJ']
"b10902101" declared "raise:20.0"
name: b09303036, hole_card: ['D9', 'D7']
name: b10902101, hole_card: ['HA', 'SJ']
"b09303036" declared "fold:0"
"['b10902101']" won the round 7 (stack = {'b09303036': 945, 'b10902101': 1055.0})
community cards of this round: ['D3', 'C8', 'SA', 'S9', 'S6']
name: b09303036, hole_card: ['S3', 'DQ']
name: b10902101, hole_card: ['H8', 'DK']
Started the round 8
Street "preflop" started. (community card = [])
name: b09303036, hole_card: ['S3', 'DQ']
name: b10902101, hole_card: ['H8', 'DK']
"b09303036" declared "fold:0"
"['b10902101']" won the round 8 (stack = {'b09303036': 940, 'b10902101': 1060.0})
community cards of this round: ['D8', 'D9', 'H7', 'DJ', 'D6']
name: b09303036, hole_card: ['HA', 'HK']
name: b10902101, hole_card: ['S8', 'S5']
Started the round 9
Street "preflop" started. (community card = [])
name: b09303036, hole_card: ['HA', 'HK']
name: b10902101, hole_card: ['S8', 'S5']
"b10902101" declared "fold:0"
"['b09303036']" won the round 9 (stack = {'b09303036': 945, 'b10902101': 1055.0})
community cards of this round: ['D4', 'S9', 'C6', 'DA', 'CA']
name: b09303036, hole_card: ['SQ', 'S5']
name: b10902101, hole_card: ['C4', 'DT']
Started the round 10
Street "preflop" started. (community card = [])
name: b09303036, hole_card: ['SQ', 'S5']
name: b10902101, hole_card: ['C4', 'DT']
"b09303036" declared "fold:0"
"['b10902101']" won the round 10 (stack = {'b09303036': 940, 'b10902101': 1060.0})
community cards of this round: ['S7', 'C3', 'D3', 'C7', 'DJ']
name: b09303036, hole_card: ['D9', 'D7']
name: b10902101, hole_card: ['C4', 'S9']
Started the round 11
Street "preflop" started. (community card = [])
name: b09303036, hole_card: ['D9', 'D7']
name: b10902101, hole_card: ['C4', 'S9']
"b10902101" declared "fold:0"
"['b09303036']" won the round 11 (stack = {'b09303036': 945, 'b10902101': 1055.0})
community cards of this round: ['SK', 'ST', 'C8', 'CJ', 'H8']
name: b09303036, hole_card: ['S6', 'H9']
name: b10902101, hole_card: ['S8', 'DQ']
Started the round 12
Street "preflop" started. (community card = [])
name: b09303036, hole_card: ['S6', 'H9']
name: b10902101, hole_card: ['S8', 'DQ']
"b09303036" declared "fold:0"
"['b10902101']" won the round 12 (stack = {'b09303036': 940, 'b10902101': 1060.0})
community cards of this round: ['H5', 'D5', 'S6', 'HQ', 'C4']
name: b09303036, hole_card: ['DA', 'DJ']
name: b10902101, hole_card: ['SA', 'C9']
Started the round 13
Street "preflop" started. (community card = [])
name: b09303036, hole_card: ['DA', 'DJ']
name: b10902101, hole_card: ['SA', 'C9']
"b10902101" declared "call:10"
name: b09303036, hole_card: ['DA', 'DJ']
name: b10902101, hole_card: ['SA', 'C9']
"b09303036" declared "fold:0"
"['b10902101']" won the round 13 (stack = {'b09303036': 930, 'b10902101': 1070.0})
community cards of this round: ['CQ', 'SA', 'H3', 'DQ', 'HA']
name: b09303036, hole_card: ['H9', 'C2']
name: b10902101, hole_card: ['H2', 'H7']
Started the round 14
Street "preflop" started. (community card = [])
name: b09303036, hole_card: ['H9', 'C2']
name: b10902101, hole_card: ['H2', 'H7']
"b09303036" declared "fold:0"
"['b10902101']" won the round 14 (stack = {'b09303036': 925, 'b10902101': 1075.0})
community cards of this round: ['CQ', 'ST', 'HQ', 'CJ', 'S5']
name: b09303036, hole_card: ['C7', 'CT']
name: b10902101, hole_card: ['DT', 'HJ']
Started the round 15
Street "preflop" started. (community card = [])
name: b09303036, hole_card: ['C7', 'CT']
name: b10902101, hole_card: ['DT', 'HJ']
"b10902101" declared "fold:0"
"['b09303036']" won the round 15 (stack = {'b09303036': 930, 'b10902101': 1070.0})
community cards of this round: ['DQ', 'H8', 'DJ', 'H3', 'C6']
name: b09303036, hole_card: ['H5', 'HT']
name: b10902101, hole_card: ['CT', 'HJ']
Started the round 16
Street "preflop" started. (community card = [])
name: b09303036, hole_card: ['H5', 'HT']
name: b10902101, hole_card: ['CT', 'HJ']
"b09303036" declared "fold:0"
"['b10902101']" won the round 16 (stack = {'b09303036': 925, 'b10902101': 1075.0})
community cards of this round: ['D5', 'SJ', 'D9', 'D6', 'C8']
name: b09303036, hole_card: ['DA', 'H2']
name: b10902101, hole_card: ['CQ', 'C6']
Started the round 17
Street "preflop" started. (community card = [])
name: b09303036, hole_card: ['DA', 'H2']
name: b10902101, hole_card: ['CQ', 'C6']
"b10902101" declared "fold:0"
"['b09303036']" won the round 17 (stack = {'b09303036': 930, 'b10902101': 1070.0})
community cards of this round: ['S7', 'H2', 'C3', 'S3', 'D2']
name: b09303036, hole_card: ['H6', 'C2']
name: b10902101, hole_card: ['HT', 'C6']
Started the round 18
Street "preflop" started. (community card = [])
name: b09303036, hole_card: ['H6', 'C2']
name: b10902101, hole_card: ['HT', 'C6']
"b09303036" declared "fold:0"
"['b10902101']" won the round 18 (stack = {'b09303036': 925, 'b10902101': 1075.0})
community cards of this round: ['CJ', 'D6', 'D8', 'C5', 'HT']
name: b09303036, hole_card: ['C4', 'S8']
name: b10902101, hole_card: ['H8', 'DT']
Started the round 19
Street "preflop" started. (community card = [])
name: b09303036, hole_card: ['C4', 'S8']
name: b10902101, hole_card: ['H8', 'DT']
"b10902101" declared "fold:0"
"['b09303036']" won the round 19 (stack = {'b09303036': 930, 'b10902101': 1070.0})
community cards of this round: ['H6', 'D8', 'HQ', 'H9', 'DQ']
name: b09303036, hole_card: ['S9', 'SJ']
name: b10902101, hole_card: ['DK', 'D5']
Started the round 20
Street "preflop" started. (community card = [])
name: b09303036, hole_card: ['S9', 'SJ']
name: b10902101, hole_card: ['DK', 'D5']
"b09303036" declared "fold:0"
"['b10902101']" won the round 20 (stack = {'b09303036': 925, 'b10902101': 1075.0})
b10902101 vs b09303036 - Game 1: {'rule': {'initial_stack': 1000, 'max_round': 20, 'small_blind_amount': 5, 'ante': 0, 'blind_structure': {}}, 'players': [{'name': 'b09303036', 'uuid': 'xpiyqysdcouedxrdztgqbg', 'stack': 925, 'state': 'participating'}, {'name': 'b10902101', 'uuid': 'lgvltbwpwbltnjqzwoekax', 'stack': 1075.0, 'state': 'participating'}]}
community cards of this round: ['S5', 'S2', 'H7', 'D8', 'D5']
name: b10902101, hole_card: ['CQ', 'S4']
name: b09303036, hole_card: ['D6', 'H6']
Started the round 1
Street "preflop" started. (community card = [])
name: b10902101, hole_card: ['CQ', 'S4']
name: b09303036, hole_card: ['D6', 'H6']
"b09303036" declared "fold:0"
"['b10902101']" won the round 1 (stack = {'b10902101': 1005, 'b09303036': 995})
community cards of this round: ['H9', 'SJ', 'S7', 'D4', 'S6']
name: b10902101, hole_card: ['C2', 'HQ']
name: b09303036, hole_card: ['DA', 'H5']
Started the round 2
Street "preflop" started. (community card = [])
name: b10902101, hole_card: ['C2', 'HQ']
name: b09303036, hole_card: ['DA', 'H5']
"b10902101" declared "raise:15"
name: b10902101, hole_card: ['C2', 'HQ']
name: b09303036, hole_card: ['DA', 'H5']
"b09303036" declared "fold:0"
"['b10902101']" won the round 2 (stack = {'b10902101': 1015, 'b09303036': 985})
community cards of this round: ['H4', 'DK', 'CQ', 'D5', 'D7']
name: b10902101, hole_card: ['H2', 'D3']
name: b09303036, hole_card: ['D8', 'ST']
Started the round 3
Street "preflop" started. (community card = [])
name: b10902101, hole_card: ['H2', 'D3']
name: b09303036, hole_card: ['D8', 'ST']
"b09303036" declared "fold:0"
"['b10902101']" won the round 3 (stack = {'b10902101': 1020, 'b09303036': 980})
community cards of this round: ['S7', 'S3', 'D8', 'H2', 'DJ']
name: b10902101, hole_card: ['H3', 'D2']
name: b09303036, hole_card: ['ST', 'SQ']
Started the round 4
Street "preflop" started. (community card = [])
name: b10902101, hole_card: ['H3', 'D2']
name: b09303036, hole_card: ['ST', 'SQ']
"b10902101" declared "fold:0"
"['b09303036']" won the round 4 (stack = {'b10902101': 1015, 'b09303036': 985})
community cards of this round: ['H4', 'H6', 'H8', 'D2', 'S6']
name: b10902101, hole_card: ['DA', 'H9']
name: b09303036, hole_card: ['HK', 'C6']
Started the round 5
Street "preflop" started. (community card = [])
name: b10902101, hole_card: ['DA', 'H9']
name: b09303036, hole_card: ['HK', 'C6']
"b09303036" declared "fold:0"
"['b10902101']" won the round 5 (stack = {'b10902101': 1020, 'b09303036': 980})
community cards of this round: ['S9', 'H9', 'CJ', 'H2', 'S8']
name: b10902101, hole_card: ['D2', 'S3']
name: b09303036, hole_card: ['H5', 'S4']
Started the round 6
Street "preflop" started. (community card = [])
name: b10902101, hole_card: ['D2', 'S3']
name: b09303036, hole_card: ['H5', 'S4']
"b10902101" declared "fold:0"
"['b09303036']" won the round 6 (stack = {'b10902101': 1015, 'b09303036': 985})
community cards of this round: ['DJ', 'S5', 'S9', 'D2', 'DQ']
name: b10902101, hole_card: ['D9', 'D7']
name: b09303036, hole_card: ['HA', 'SJ']
Started the round 7
Street "preflop" started. (community card = [])
name: b10902101, hole_card: ['D9', 'D7']
name: b09303036, hole_card: ['HA', 'SJ']
"b09303036" declared "fold:0"
"['b10902101']" won the round 7 (stack = {'b10902101': 1020, 'b09303036': 980})
community cards of this round: ['D3', 'C8', 'SA', 'S9', 'S6']
name: b10902101, hole_card: ['S3', 'DQ']
name: b09303036, hole_card: ['H8', 'DK']
Started the round 8
Street "preflop" started. (community card = [])
name: b10902101, hole_card: ['S3', 'DQ']
name: b09303036, hole_card: ['H8', 'DK']
"b10902101" declared "raise:15"
name: b10902101, hole_card: ['S3', 'DQ']
name: b09303036, hole_card: ['H8', 'DK']
"b09303036" declared "fold:0"
"['b10902101']" won the round 8 (stack = {'b10902101': 1030, 'b09303036': 970})
community cards of this round: ['D8', 'D9', 'H7', 'DJ', 'D6']
name: b10902101, hole_card: ['HA', 'HK']
name: b09303036, hole_card: ['S8', 'S5']
Started the round 9
Street "preflop" started. (community card = [])
name: b10902101, hole_card: ['HA', 'HK']
name: b09303036, hole_card: ['S8', 'S5']
"b09303036" declared "fold:0"
"['b10902101']" won the round 9 (stack = {'b10902101': 1035, 'b09303036': 965})
community cards of this round: ['D4', 'S9', 'C6', 'DA', 'CA']
name: b10902101, hole_card: ['SQ', 'S5']
name: b09303036, hole_card: ['C4', 'DT']
Started the round 10
Street "preflop" started. (community card = [])
name: b10902101, hole_card: ['SQ', 'S5']
name: b09303036, hole_card: ['C4', 'DT']
"b10902101" declared "fold:0"
"['b09303036']" won the round 10 (stack = {'b10902101': 1030, 'b09303036': 970})
community cards of this round: ['S7', 'C3', 'D3', 'C7', 'DJ']
name: b10902101, hole_card: ['D9', 'D7']
name: b09303036, hole_card: ['C4', 'S9']
Started the round 11
Street "preflop" started. (community card = [])
name: b10902101, hole_card: ['D9', 'D7']
name: b09303036, hole_card: ['C4', 'S9']
"b09303036" declared "fold:0"
"['b10902101']" won the round 11 (stack = {'b10902101': 1035, 'b09303036': 965})
community cards of this round: ['SK', 'ST', 'C8', 'CJ', 'H8']
name: b10902101, hole_card: ['S6', 'H9']
name: b09303036, hole_card: ['S8', 'DQ']
Started the round 12
Street "preflop" started. (community card = [])
name: b10902101, hole_card: ['S6', 'H9']
name: b09303036, hole_card: ['S8', 'DQ']
"b10902101" declared "fold:0"
"['b09303036']" won the round 12 (stack = {'b10902101': 1030, 'b09303036': 970})
community cards of this round: ['H5', 'D5', 'S6', 'HQ', 'C4']
name: b10902101, hole_card: ['DA', 'DJ']
name: b09303036, hole_card: ['SA', 'C9']
Started the round 13
Street "preflop" started. (community card = [])
name: b10902101, hole_card: ['DA', 'DJ']
name: b09303036, hole_card: ['SA', 'C9']
"b09303036" declared "fold:0"
"['b10902101']" won the round 13 (stack = {'b10902101': 1035, 'b09303036': 965})
community cards of this round: ['CQ', 'SA', 'H3', 'DQ', 'HA']
name: b10902101, hole_card: ['H9', 'C2']
name: b09303036, hole_card: ['H2', 'H7']
Started the round 14
Street "preflop" started. (community card = [])
name: b10902101, hole_card: ['H9', 'C2']
name: b09303036, hole_card: ['H2', 'H7']
"b10902101" declared "fold:0"
"['b09303036']" won the round 14 (stack = {'b10902101': 1030, 'b09303036': 970})
community cards of this round: ['CQ', 'ST', 'HQ', 'CJ', 'S5']
name: b10902101, hole_card: ['C7', 'CT']
name: b09303036, hole_card: ['DT', 'HJ']
Started the round 15
Street "preflop" started. (community card = [])
name: b10902101, hole_card: ['C7', 'CT']
name: b09303036, hole_card: ['DT', 'HJ']
"b09303036" declared "fold:0"
"['b10902101']" won the round 15 (stack = {'b10902101': 1035, 'b09303036': 965})
community cards of this round: ['DQ', 'H8', 'DJ', 'H3', 'C6']
name: b10902101, hole_card: ['H5', 'HT']
name: b09303036, hole_card: ['CT', 'HJ']
Started the round 16
Street "preflop" started. (community card = [])
name: b10902101, hole_card: ['H5', 'HT']
name: b09303036, hole_card: ['CT', 'HJ']
"b10902101" declared "fold:0"
"['b09303036']" won the round 16 (stack = {'b10902101': 1030, 'b09303036': 970})
community cards of this round: ['D5', 'SJ', 'D9', 'D6', 'C8']
name: b10902101, hole_card: ['DA', 'H2']
name: b09303036, hole_card: ['CQ', 'C6']
Started the round 17
Street "preflop" started. (community card = [])
name: b10902101, hole_card: ['DA', 'H2']
name: b09303036, hole_card: ['CQ', 'C6']
"b09303036" declared "fold:0"
"['b10902101']" won the round 17 (stack = {'b10902101': 1035, 'b09303036': 965})
community cards of this round: ['S7', 'H2', 'C3', 'S3', 'D2']
name: b10902101, hole_card: ['H6', 'C2']
name: b09303036, hole_card: ['HT', 'C6']
Started the round 18
Street "preflop" started. (community card = [])
name: b10902101, hole_card: ['H6', 'C2']
name: b09303036, hole_card: ['HT', 'C6']
"b10902101" declared "fold:0"
"['b09303036']" won the round 18 (stack = {'b10902101': 1030, 'b09303036': 970})
community cards of this round: ['CJ', 'D6', 'D8', 'C5', 'HT']
name: b10902101, hole_card: ['C4', 'S8']
name: b09303036, hole_card: ['H8', 'DT']
Started the round 19
Street "preflop" started. (community card = [])
name: b10902101, hole_card: ['C4', 'S8']
name: b09303036, hole_card: ['H8', 'DT']
"b09303036" declared "fold:0"
"['b10902101']" won the round 19 (stack = {'b10902101': 1035, 'b09303036': 965})
community cards of this round: ['H6', 'D8', 'HQ', 'H9', 'DQ']
name: b10902101, hole_card: ['S9', 'SJ']
name: b09303036, hole_card: ['DK', 'D5']
Started the round 20
Street "preflop" started. (community card = [])
name: b10902101, hole_card: ['S9', 'SJ']
name: b09303036, hole_card: ['DK', 'D5']
"b10902101" declared "fold:0"
"['b09303036']" won the round 20 (stack = {'b10902101': 1030, 'b09303036': 970})
b10902101 vs b09303036 - Game 2: {'rule': {'initial_stack': 1000, 'max_round': 20, 'small_blind_amount': 5, 'ante': 0, 'blind_structure': {}}, 'players': [{'name': 'b10902101', 'uuid': 'atigipifvmifdorywookkr', 'stack': 1030, 'state': 'participating'}, {'name': 'b09303036', 'uuid': 'kplpttterqmphiwixguzwu', 'stack': 970, 'state': 'participating'}]}
community cards of this round: ['HK', 'DA', 'CJ', 'HJ', 'CQ']
name: b09303036, hole_card: ['S2', 'C8']
name: b10902101, hole_card: ['H4', 'H2']
Started the round 1
Street "preflop" started. (community card = [])
name: b09303036, hole_card: ['S2', 'C8']
name: b10902101, hole_card: ['H4', 'H2']
"b10902101" declared "fold:0"
"['b09303036']" won the round 1 (stack = {'b09303036': 1005, 'b10902101': 995})
community cards of this round: ['S8', 'S5', 'HQ', 'ST', 'CK']
name: b09303036, hole_card: ['CA', 'DJ']
name: b10902101, hole_card: ['DA', 'C2']
Started the round 2
Street "preflop" started. (community card = [])
name: b09303036, hole_card: ['CA', 'DJ']
name: b10902101, hole_card: ['DA', 'C2']
"b09303036" declared "fold:0"
"['b10902101']" won the round 2 (stack = {'b09303036': 1000, 'b10902101': 1000})
community cards of this round: ['D2', 'ST', 'C6', 'D6', 'HJ']
name: b09303036, hole_card: ['H7', 'H3']
name: b10902101, hole_card: ['H2', 'CA']
Started the round 3
Street "preflop" started. (community card = [])
name: b09303036, hole_card: ['H7', 'H3']
name: b10902101, hole_card: ['H2', 'CA']
"b10902101" declared "raise:20"
name: b09303036, hole_card: ['H7', 'H3']
name: b10902101, hole_card: ['H2', 'CA']
"b09303036" declared "fold:0"
"['b10902101']" won the round 3 (stack = {'b09303036': 990, 'b10902101': 1010})
community cards of this round: ['S4', 'CQ', 'S8', 'C8', 'DT']
name: b09303036, hole_card: ['H6', 'CJ']
name: b10902101, hole_card: ['S3', 'SA']
Started the round 4
Street "preflop" started. (community card = [])
name: b09303036, hole_card: ['H6', 'CJ']
name: b10902101, hole_card: ['S3', 'SA']
"b09303036" declared "fold:0"
"['b10902101']" won the round 4 (stack = {'b09303036': 985, 'b10902101': 1015})
community cards of this round: ['SK', 'S9', 'D5', 'S6', 'H6']
name: b09303036, hole_card: ['D8', 'CT']
name: b10902101, hole_card: ['HA', 'SQ']
Started the round 5
Street "preflop" started. (community card = [])
name: b09303036, hole_card: ['D8', 'CT']
name: b10902101, hole_card: ['HA', 'SQ']
"b10902101" declared "raise:25"
name: b09303036, hole_card: ['D8', 'CT']
name: b10902101, hole_card: ['HA', 'SQ']
"b09303036" declared "fold:0"
"['b10902101']" won the round 5 (stack = {'b09303036': 975, 'b10902101': 1025})
community cards of this round: ['S7', 'S2', 'DK', 'D3', 'H4']
name: b09303036, hole_card: ['HT', 'C9']
name: b10902101, hole_card: ['H5', 'SQ']
Started the round 6
Street "preflop" started. (community card = [])
name: b09303036, hole_card: ['HT', 'C9']
name: b10902101, hole_card: ['H5', 'SQ']
"b09303036" declared "fold:0"
"['b10902101']" won the round 6 (stack = {'b09303036': 970, 'b10902101': 1030})
community cards of this round: ['D7', 'D9', 'CA', 'S7', 'H6']
name: b09303036, hole_card: ['S4', 'CK']
name: b10902101, hole_card: ['SK', 'DT']
Started the round 7
Street "preflop" started. (community card = [])
name: b09303036, hole_card: ['S4', 'CK']
name: b10902101, hole_card: ['SK', 'DT']
"b10902101" declared "raise:20"
name: b09303036, hole_card: ['S4', 'CK']
name: b10902101, hole_card: ['SK', 'DT']
"b09303036" declared "fold:0"
"['b10902101']" won the round 7 (stack = {'b09303036': 960, 'b10902101': 1040})
community cards of this round: ['S2', 'CQ', 'DK', 'H2', 'S3']
name: b09303036, hole_card: ['D6', 'S4']
name: b10902101, hole_card: ['C6', 'C5']
Started the round 8
Street "preflop" started. (community card = [])
name: b09303036, hole_card: ['D6', 'S4']
name: b10902101, hole_card: ['C6', 'C5']
"b09303036" declared "fold:0"
"['b10902101']" won the round 8 (stack = {'b09303036': 955, 'b10902101': 1045})
community cards of this round: ['D2', 'ST', 'H3', 'D8', 'D9']
name: b09303036, hole_card: ['DK', 'C7']
name: b10902101, hole_card: ['S3', 'HQ']
Started the round 9
Street "preflop" started. (community card = [])
name: b09303036, hole_card: ['DK', 'C7']
name: b10902101, hole_card: ['S3', 'HQ']
"b10902101" declared "fold:0"
"['b09303036']" won the round 9 (stack = {'b09303036': 960, 'b10902101': 1040})
community cards of this round: ['SK', 'C8', 'HQ', 'H3', 'H9']
name: b09303036, hole_card: ['D5', 'C2']
name: b10902101, hole_card: ['DQ', 'D9']
Started the round 10
Street "preflop" started. (community card = [])
name: b09303036, hole_card: ['D5', 'C2']
name: b10902101, hole_card: ['DQ', 'D9']
"b09303036" declared "fold:0"
"['b10902101']" won the round 10 (stack = {'b09303036': 955, 'b10902101': 1045})
community cards of this round: ['C8', 'C4', 'C2', 'S8', 'HK']
name: b09303036, hole_card: ['D7', 'CA']
name: b10902101, hole_card: ['SQ', 'D3']
Started the round 11
Street "preflop" started. (community card = [])
name: b09303036, hole_card: ['D7', 'CA']
name: b10902101, hole_card: ['SQ', 'D3']
"b10902101" declared "fold:0"
"['b09303036']" won the round 11 (stack = {'b09303036': 960, 'b10902101': 1040})
community cards of this round: ['CJ', 'D2', 'D3', 'S3', 'CQ']
name: b09303036, hole_card: ['C2', 'HA']
name: b10902101, hole_card: ['C3', 'C8']
Started the round 12
Street "preflop" started. (community card = [])
name: b09303036, hole_card: ['C2', 'HA']
name: b10902101, hole_card: ['C3', 'C8']
"b09303036" declared "fold:0"
"['b10902101']" won the round 12 (stack = {'b09303036': 955, 'b10902101': 1045})
community cards of this round: ['C4', 'C3', 'S9', 'D4', 'HA']
name: b09303036, hole_card: ['HT', 'DJ']
name: b10902101, hole_card: ['SJ', 'SK']
Started the round 13
Street "preflop" started. (community card = [])
name: b09303036, hole_card: ['HT', 'DJ']
name: b10902101, hole_card: ['SJ', 'SK']
"b10902101" declared "raise:15"
name: b09303036, hole_card: ['HT', 'DJ']
name: b10902101, hole_card: ['SJ', 'SK']
"b09303036" declared "fold:0"
"['b10902101']" won the round 13 (stack = {'b09303036': 945, 'b10902101': 1055})
community cards of this round: ['HJ', 'SQ', 'DA', 'HQ', 'C5']
name: b09303036, hole_card: ['CT', 'H8']
name: b10902101, hole_card: ['D7', 'C9']
Started the round 14
Street "preflop" started. (community card = [])
name: b09303036, hole_card: ['CT', 'H8']
name: b10902101, hole_card: ['D7', 'C9']
"b09303036" declared "fold:0"
"['b10902101']" won the round 14 (stack = {'b09303036': 940, 'b10902101': 1060})
community cards of this round: ['HK', 'SK', 'SA', 'S4', 'DK']
name: b09303036, hole_card: ['C7', 'D7']
name: b10902101, hole_card: ['SQ', 'D6']
Started the round 15
Street "preflop" started. (community card = [])
name: b09303036, hole_card: ['C7', 'D7']
name: b10902101, hole_card: ['SQ', 'D6']
"b10902101" declared "fold:0"
"['b09303036']" won the round 15 (stack = {'b09303036': 945, 'b10902101': 1055})
community cards of this round: ['HA', 'H3', 'SJ', 'H5', 'SQ']
name: b09303036, hole_card: ['C6', 'HJ']
name: b10902101, hole_card: ['H8', 'H9']
Started the round 16
Street "preflop" started. (community card = [])
name: b09303036, hole_card: ['C6', 'HJ']
name: b10902101, hole_card: ['H8', 'H9']
"b09303036" declared "fold:0"
"['b10902101']" won the round 16 (stack = {'b09303036': 940, 'b10902101': 1060})
community cards of this round: ['HJ', 'D7', 'HK', 'DJ', 'C7']
name: b09303036, hole_card: ['SJ', 'SK']
name: b10902101, hole_card: ['H2', 'DK']
Started the round 17
Street "preflop" started. (community card = [])
name: b09303036, hole_card: ['SJ', 'SK']
name: b10902101, hole_card: ['H2', 'DK']
"b10902101" declared "fold:0"
"['b09303036']" won the round 17 (stack = {'b09303036': 945, 'b10902101': 1055})
community cards of this round: ['S8', 'D3', 'H7', 'S7', 'C5']
name: b09303036, hole_card: ['C4', 'C3']
name: b10902101, hole_card: ['S4', 'DT']
Started the round 18
Street "preflop" started. (community card = [])
name: b09303036, hole_card: ['C4', 'C3']
name: b10902101, hole_card: ['S4', 'DT']
"b09303036" declared "fold:0"
"['b10902101']" won the round 18 (stack = {'b09303036': 940, 'b10902101': 1060})
community cards of this round: ['HA', 'H6', 'CA', 'SK', 'H7']
name: b09303036, hole_card: ['S9', 'D5']
name: b10902101, hole_card: ['D7', 'CK']
Started the round 19
Street "preflop" started. (community card = [])
name: b09303036, hole_card: ['S9', 'D5']
name: b10902101, hole_card: ['D7', 'CK']
"b10902101" declared "fold:0"
"['b09303036']" won the round 19 (stack = {'b09303036': 945, 'b10902101': 1055})
community cards of this round: ['DQ', 'D2', 'HT', 'H5', 'S2']
name: b09303036, hole_card: ['S7', 'C4']
name: b10902101, hole_card: ['H7', 'CA']
Started the round 20
Street "preflop" started. (community card = [])
name: b09303036, hole_card: ['S7', 'C4']
name: b10902101, hole_card: ['H7', 'CA']
"b09303036" declared "fold:0"
"['b10902101']" won the round 20 (stack = {'b09303036': 940, 'b10902101': 1060})
b10902101 vs b09303036 - Game 3: {'rule': {'initial_stack': 1000, 'max_round': 20, 'small_blind_amount': 5, 'ante': 0, 'blind_structure': {}}, 'players': [{'name': 'b09303036', 'uuid': 'jinqlhibixfaguavuznnhx', 'stack': 940, 'state': 'participating'}, {'name': 'b10902101', 'uuid': 'tzesltrqiinkvcoharxkjv', 'stack': 1060, 'state': 'participating'}]}
community cards of this round: ['HK', 'DA', 'CJ', 'HJ', 'CQ']
name: b10902101, hole_card: ['S2', 'C8']
name: b09303036, hole_card: ['H4', 'H2']
Started the round 1
Street "preflop" started. (community card = [])
name: b10902101, hole_card: ['S2', 'C8']
name: b09303036, hole_card: ['H4', 'H2']
"b09303036" declared "fold:0"
"['b10902101']" won the round 1 (stack = {'b10902101': 1005, 'b09303036': 995})
community cards of this round: ['S8', 'S5', 'HQ', 'ST', 'CK']
name: b10902101, hole_card: ['CA', 'DJ']
name: b09303036, hole_card: ['DA', 'C2']
Started the round 2
Street "preflop" started. (community card = [])
name: b10902101, hole_card: ['CA', 'DJ']
name: b09303036, hole_card: ['DA', 'C2']
"b10902101" declared "raise:25"
name: b10902101, hole_card: ['CA', 'DJ']
name: b09303036, hole_card: ['DA', 'C2']
"b09303036" declared "fold:0"
"['b10902101']" won the round 2 (stack = {'b10902101': 1015, 'b09303036': 985})
community cards of this round: ['D2', 'ST', 'C6', 'D6', 'HJ']
name: b10902101, hole_card: ['H7', 'H3']
name: b09303036, hole_card: ['H2', 'CA']
Started the round 3
Street "preflop" started. (community card = [])
name: b10902101, hole_card: ['H7', 'H3']
name: b09303036, hole_card: ['H2', 'CA']
"b09303036" declared "fold:0"
"['b10902101']" won the round 3 (stack = {'b10902101': 1020, 'b09303036': 980})
community cards of this round: ['S4', 'CQ', 'S8', 'C8', 'DT']
name: b10902101, hole_card: ['H6', 'CJ']
name: b09303036, hole_card: ['S3', 'SA']
Started the round 4
Street "preflop" started. (community card = [])
name: b10902101, hole_card: ['H6', 'CJ']
name: b09303036, hole_card: ['S3', 'SA']
"b10902101" declared "raise:15"
name: b10902101, hole_card: ['H6', 'CJ']
name: b09303036, hole_card: ['S3', 'SA']
"b09303036" declared "fold:0"
"['b10902101']" won the round 4 (stack = {'b10902101': 1030, 'b09303036': 970})
community cards of this round: ['SK', 'S9', 'D5', 'S6', 'H6']
name: b10902101, hole_card: ['D8', 'CT']
name: b09303036, hole_card: ['HA', 'SQ']
Started the round 5
Street "preflop" started. (community card = [])
name: b10902101, hole_card: ['D8', 'CT']
name: b09303036, hole_card: ['HA', 'SQ']
"b09303036" declared "fold:0"
"['b10902101']" won the round 5 (stack = {'b10902101': 1035, 'b09303036': 965})
community cards of this round: ['S7', 'S2', 'DK', 'D3', 'H4']
name: b10902101, hole_card: ['HT', 'C9']
name: b09303036, hole_card: ['H5', 'SQ']
Started the round 6
Street "preflop" started. (community card = [])
name: b10902101, hole_card: ['HT', 'C9']
name: b09303036, hole_card: ['H5', 'SQ']
"b10902101" declared "raise:20"
name: b10902101, hole_card: ['HT', 'C9']
name: b09303036, hole_card: ['H5', 'SQ']
"b09303036" declared "fold:0"
"['b10902101']" won the round 6 (stack = {'b10902101': 1045, 'b09303036': 955})
community cards of this round: ['D7', 'D9', 'CA', 'S7', 'H6']
name: b10902101, hole_card: ['S4', 'CK']
name: b09303036, hole_card: ['SK', 'DT']
Started the round 7
Street "preflop" started. (community card = [])
name: b10902101, hole_card: ['S4', 'CK']
name: b09303036, hole_card: ['SK', 'DT']
"b09303036" declared "fold:0"
"['b10902101']" won the round 7 (stack = {'b10902101': 1050, 'b09303036': 950})
community cards of this round: ['S2', 'CQ', 'DK', 'H2', 'S3']
name: b10902101, hole_card: ['D6', 'S4']
name: b09303036, hole_card: ['C6', 'C5']
Started the round 8
Street "preflop" started. (community card = [])
name: b10902101, hole_card: ['D6', 'S4']
name: b09303036, hole_card: ['C6', 'C5']
"b10902101" declared "fold:0"
"['b09303036']" won the round 8 (stack = {'b10902101': 1045, 'b09303036': 955})
community cards of this round: ['D2', 'ST', 'H3', 'D8', 'D9']
name: b10902101, hole_card: ['DK', 'C7']
name: b09303036, hole_card: ['S3', 'HQ']
Started the round 9
Street "preflop" started. (community card = [])
name: b10902101, hole_card: ['DK', 'C7']
name: b09303036, hole_card: ['S3', 'HQ']
"b09303036" declared "fold:0"
"['b10902101']" won the round 9 (stack = {'b10902101': 1050, 'b09303036': 950})
community cards of this round: ['SK', 'C8', 'HQ', 'H3', 'H9']
name: b10902101, hole_card: ['D5', 'C2']
name: b09303036, hole_card: ['DQ', 'D9']
Started the round 10
Street "preflop" started. (community card = [])
name: b10902101, hole_card: ['D5', 'C2']
name: b09303036, hole_card: ['DQ', 'D9']
"b10902101" declared "fold:0"
"['b09303036']" won the round 10 (stack = {'b10902101': 1045, 'b09303036': 955})
community cards of this round: ['C8', 'C4', 'C2', 'S8', 'HK']
name: b10902101, hole_card: ['D7', 'CA']
name: b09303036, hole_card: ['SQ', 'D3']
Started the round 11
Street "preflop" started. (community card = [])
name: b10902101, hole_card: ['D7', 'CA']
name: b09303036, hole_card: ['SQ', 'D3']
"b09303036" declared "fold:0"
"['b10902101']" won the round 11 (stack = {'b10902101': 1050, 'b09303036': 950})
community cards of this round: ['CJ', 'D2', 'D3', 'S3', 'CQ']
name: b10902101, hole_card: ['C2', 'HA']
name: b09303036, hole_card: ['C3', 'C8']
Started the round 12
Street "preflop" started. (community card = [])
name: b10902101, hole_card: ['C2', 'HA']
name: b09303036, hole_card: ['C3', 'C8']
"b10902101" declared "raise:15"
name: b10902101, hole_card: ['C2', 'HA']
name: b09303036, hole_card: ['C3', 'C8']
"b09303036" declared "fold:0"
"['b10902101']" won the round 12 (stack = {'b10902101': 1060, 'b09303036': 940})
community cards of this round: ['C4', 'C3', 'S9', 'D4', 'HA']
name: b10902101, hole_card: ['HT', 'DJ']
name: b09303036, hole_card: ['SJ', 'SK']
Started the round 13
Street "preflop" started. (community card = [])
name: b10902101, hole_card: ['HT', 'DJ']
name: b09303036, hole_card: ['SJ', 'SK']
"b09303036" declared "fold:0"
"['b10902101']" won the round 13 (stack = {'b10902101': 1065, 'b09303036': 935})
community cards of this round: ['HJ', 'SQ', 'DA', 'HQ', 'C5']
name: b10902101, hole_card: ['CT', 'H8']
name: b09303036, hole_card: ['D7', 'C9']
Started the round 14
Street "preflop" started. (community card = [])
name: b10902101, hole_card: ['CT', 'H8']
name: b09303036, hole_card: ['D7', 'C9']
"b10902101" declared "fold:0"
"['b09303036']" won the round 14 (stack = {'b10902101': 1060, 'b09303036': 940})
community cards of this round: ['HK', 'SK', 'SA', 'S4', 'DK']
name: b10902101, hole_card: ['C7', 'D7']
name: b09303036, hole_card: ['SQ', 'D6']
Started the round 15
Street "preflop" started. (community card = [])
name: b10902101, hole_card: ['C7', 'D7']
name: b09303036, hole_card: ['SQ', 'D6']
"b09303036" declared "fold:0"
"['b10902101']" won the round 15 (stack = {'b10902101': 1065, 'b09303036': 935})
community cards of this round: ['HA', 'H3', 'SJ', 'H5', 'SQ']
name: b10902101, hole_card: ['C6', 'HJ']
name: b09303036, hole_card: ['H8', 'H9']
Started the round 16
Street "preflop" started. (community card = [])
name: b10902101, hole_card: ['C6', 'HJ']
name: b09303036, hole_card: ['H8', 'H9']
"b10902101" declared "fold:0"
"['b09303036']" won the round 16 (stack = {'b10902101': 1060, 'b09303036': 940})
community cards of this round: ['HJ', 'D7', 'HK', 'DJ', 'C7']
name: b10902101, hole_card: ['SJ', 'SK']
name: b09303036, hole_card: ['H2', 'DK']
Started the round 17
Street "preflop" started. (community card = [])
name: b10902101, hole_card: ['SJ', 'SK']
name: b09303036, hole_card: ['H2', 'DK']
"b09303036" declared "fold:0"
"['b10902101']" won the round 17 (stack = {'b10902101': 1065, 'b09303036': 935})
community cards of this round: ['S8', 'D3', 'H7', 'S7', 'C5']
name: b10902101, hole_card: ['C4', 'C3']
name: b09303036, hole_card: ['S4', 'DT']
Started the round 18
Street "preflop" started. (community card = [])
name: b10902101, hole_card: ['C4', 'C3']
name: b09303036, hole_card: ['S4', 'DT']
"b10902101" declared "fold:0"
"['b09303036']" won the round 18 (stack = {'b10902101': 1060, 'b09303036': 940})
community cards of this round: ['HA', 'H6', 'CA', 'SK', 'H7']
name: b10902101, hole_card: ['S9', 'D5']
name: b09303036, hole_card: ['D7', 'CK']
Started the round 19
Street "preflop" started. (community card = [])
name: b10902101, hole_card: ['S9', 'D5']
name: b09303036, hole_card: ['D7', 'CK']
"b09303036" declared "fold:0"
"['b10902101']" won the round 19 (stack = {'b10902101': 1065, 'b09303036': 935})
community cards of this round: ['DQ', 'D2', 'HT', 'H5', 'S2']
name: b10902101, hole_card: ['S7', 'C4']
name: b09303036, hole_card: ['H7', 'CA']
Started the round 20
Street "preflop" started. (community card = [])
name: b10902101, hole_card: ['S7', 'C4']
name: b09303036, hole_card: ['H7', 'CA']
"b10902101" declared "fold:0"
"['b09303036']" won the round 20 (stack = {'b10902101': 1060, 'b09303036': 940})
b10902101 vs b09303036 - Game 4: {'rule': {'initial_stack': 1000, 'max_round': 20, 'small_blind_amount': 5, 'ante': 0, 'blind_structure': {}}, 'players': [{'name': 'b10902101', 'uuid': 'kgsjgklidwsbjiuydgvevg', 'stack': 1060, 'state': 'participating'}, {'name': 'b09303036', 'uuid': 'tmhbbnmlecycbehppgmzqw', 'stack': 940, 'state': 'participating'}]}
community cards of this round: ['SJ', 'CA', 'C6', 'D6', 'HA']
name: b09303036, hole_card: ['S6', 'D7']
name: b10902101, hole_card: ['SQ', 'S4']
Started the round 1
Street "preflop" started. (community card = [])
name: b09303036, hole_card: ['S6', 'D7']
name: b10902101, hole_card: ['SQ', 'S4']
"b10902101" declared "raise:15"
name: b09303036, hole_card: ['S6', 'D7']
name: b10902101, hole_card: ['SQ', 'S4']
"b09303036" declared "fold:0"
"['b10902101']" won the round 1 (stack = {'b09303036': 990, 'b10902101': 1010})
community cards of this round: ['H3', 'SJ', 'SA', 'CA', 'C4']
name: b09303036, hole_card: ['D6', 'H6']
name: b10902101, hole_card: ['DA', 'DJ']
Started the round 2
Street "preflop" started. (community card = [])
name: b09303036, hole_card: ['D6', 'H6']
name: b10902101, hole_card: ['DA', 'DJ']
"b09303036" declared "fold:0"
"['b10902101']" won the round 2 (stack = {'b09303036': 985, 'b10902101': 1015})
community cards of this round: ['H7', 'DQ', 'CJ', 'HA', 'HT']
name: b09303036, hole_card: ['SQ', 'D2']
name: b10902101, hole_card: ['D5', 'C7']
Started the round 3
Street "preflop" started. (community card = [])
name: b09303036, hole_card: ['SQ', 'D2']
name: b10902101, hole_card: ['D5', 'C7']
"b10902101" declared "fold:0"
"['b09303036']" won the round 3 (stack = {'b09303036': 990, 'b10902101': 1010})
community cards of this round: ['C2', 'D8', 'D3', 'D9', 'H5']
name: b09303036, hole_card: ['D5', 'CA']
name: b10902101, hole_card: ['HT', 'D7']
Started the round 4
Street "preflop" started. (community card = [])
name: b09303036, hole_card: ['D5', 'CA']
name: b10902101, hole_card: ['HT', 'D7']
"b09303036" declared "fold:0"
"['b10902101']" won the round 4 (stack = {'b09303036': 985, 'b10902101': 1015})
community cards of this round: ['S3', 'DA', 'C5', 'SJ', 'SK']
name: b09303036, hole_card: ['H3', 'SA']
name: b10902101, hole_card: ['S4', 'CJ']
Started the round 5
Street "preflop" started. (community card = [])
name: b09303036, hole_card: ['H3', 'SA']
name: b10902101, hole_card: ['S4', 'CJ']
"b10902101" declared "fold:0"
"['b09303036']" won the round 5 (stack = {'b09303036': 990, 'b10902101': 1010})
community cards of this round: ['C9', 'H6', 'SK', 'HA', 'D8']
name: b09303036, hole_card: ['S3', 'H5']
name: b10902101, hole_card: ['CJ', 'C4']
Started the round 6
Street "preflop" started. (community card = [])
name: b09303036, hole_card: ['S3', 'H5']
name: b10902101, hole_card: ['CJ', 'C4']
"b09303036" declared "fold:0"
"['b10902101']" won the round 6 (stack = {'b09303036': 985, 'b10902101': 1015})
community cards of this round: ['DA', 'SQ', 'DK', 'S4', 'H4']
name: b09303036, hole_card: ['S8', 'ST']
name: b10902101, hole_card: ['C5', 'HT']
Started the round 7
Street "preflop" started. (community card = [])
name: b09303036, hole_card: ['S8', 'ST']
name: b10902101, hole_card: ['C5', 'HT']
"b10902101" declared "fold:0"
"['b09303036']" won the round 7 (stack = {'b09303036': 990, 'b10902101': 1010})
community cards of this round: ['D3', 'H5', 'S3', 'D9', 'D6']
name: b09303036, hole_card: ['DA', 'HQ']
name: b10902101, hole_card: ['HA', 'H6']
Started the round 8
Street "preflop" started. (community card = [])
name: b09303036, hole_card: ['DA', 'HQ']
name: b10902101, hole_card: ['HA', 'H6']
"b09303036" declared "fold:0"
"['b10902101']" won the round 8 (stack = {'b09303036': 985, 'b10902101': 1015})
community cards of this round: ['D5', 'ST', 'H2', 'HK', 'S7']
name: b09303036, hole_card: ['S3', 'S6']
name: b10902101, hole_card: ['CK', 'CJ']
Started the round 9
Street "preflop" started. (community card = [])
name: b09303036, hole_card: ['S3', 'S6']
name: b10902101, hole_card: ['CK', 'CJ']
"b10902101" declared "raise:25"
name: b09303036, hole_card: ['S3', 'S6']
name: b10902101, hole_card: ['CK', 'CJ']
"b09303036" declared "fold:0"
"['b10902101']" won the round 9 (stack = {'b09303036': 975, 'b10902101': 1025})
community cards of this round: ['C9', 'S2', 'H2', 'C4', 'C2']
name: b09303036, hole_card: ['CA', 'D7']
name: b10902101, hole_card: ['D8', 'C3']
Started the round 10
Street "preflop" started. (community card = [])
name: b09303036, hole_card: ['CA', 'D7']
name: b10902101, hole_card: ['D8', 'C3']
"b09303036" declared "fold:0"
"['b10902101']" won the round 10 (stack = {'b09303036': 970, 'b10902101': 1030})
community cards of this round: ['C4', 'C6', 'HA', 'S3', 'C5']
name: b09303036, hole_card: ['CJ', 'S6']
name: b10902101, hole_card: ['HQ', 'H2']
Started the round 11
Street "preflop" started. (community card = [])
name: b09303036, hole_card: ['CJ', 'S6']
name: b10902101, hole_card: ['HQ', 'H2']
"b10902101" declared "raise:15"
name: b09303036, hole_card: ['CJ', 'S6']
name: b10902101, hole_card: ['HQ', 'H2']
"b09303036" declared "fold:0"
"['b10902101']" won the round 11 (stack = {'b09303036': 960, 'b10902101': 1040})
community cards of this round: ['H6', 'H4', 'C3', 'HJ', 'S6']
name: b09303036, hole_card: ['D4', 'CK']
name: b10902101, hole_card: ['D3', 'C8']
Started the round 12
Street "preflop" started. (community card = [])
name: b09303036, hole_card: ['D4', 'CK']
name: b10902101, hole_card: ['D3', 'C8']
"b09303036" declared "fold:0"
"['b10902101']" won the round 12 (stack = {'b09303036': 955, 'b10902101': 1045})
community cards of this round: ['H3', 'HT', 'SA', 'S9', 'C2']
name: b09303036, hole_card: ['HJ', 'DA']
name: b10902101, hole_card: ['H9', 'S7']
Started the round 13
Street "preflop" started. (community card = [])
name: b09303036, hole_card: ['HJ', 'DA']
name: b10902101, hole_card: ['H9', 'S7']
"b10902101" declared "fold:0"
"['b09303036']" won the round 13 (stack = {'b09303036': 960, 'b10902101': 1040})
community cards of this round: ['S6', 'D4', 'SK', 'HK', 'S8']
name: b09303036, hole_card: ['SJ', 'CT']
name: b10902101, hole_card: ['DQ', 'ST']
Started the round 14
Street "preflop" started. (community card = [])
name: b09303036, hole_card: ['SJ', 'CT']
name: b10902101, hole_card: ['DQ', 'ST']
"b09303036" declared "fold:0"
"['b10902101']" won the round 14 (stack = {'b09303036': 955, 'b10902101': 1045})
community cards of this round: ['S6', 'D5', 'H3', 'CQ', 'HA']
name: b09303036, hole_card: ['S4', 'H5']
name: b10902101, hole_card: ['HJ', 'C3']
Started the round 15
Street "preflop" started. (community card = [])
name: b09303036, hole_card: ['S4', 'H5']
name: b10902101, hole_card: ['HJ', 'C3']
"b10902101" declared "fold:0"
"['b09303036']" won the round 15 (stack = {'b09303036': 960, 'b10902101': 1040})
community cards of this round: ['C8', 'D5', 'C4', 'HT', 'CQ']
name: b09303036, hole_card: ['C3', 'H9']
name: b10902101, hole_card: ['H3', 'SA']
Started the round 16
Street "preflop" started. (community card = [])
name: b09303036, hole_card: ['C3', 'H9']
name: b10902101, hole_card: ['H3', 'SA']
"b09303036" declared "fold:0"
"['b10902101']" won the round 16 (stack = {'b09303036': 955, 'b10902101': 1045})
community cards of this round: ['H3', 'H8', 'S4', 'D2', 'SA']
name: b09303036, hole_card: ['S3', 'C8']
name: b10902101, hole_card: ['SQ', 'H5']
Started the round 17
Street "preflop" started. (community card = [])
name: b09303036, hole_card: ['S3', 'C8']
name: b10902101, hole_card: ['SQ', 'H5']
"b10902101" declared "fold:0"
"['b09303036']" won the round 17 (stack = {'b09303036': 960, 'b10902101': 1040})
community cards of this round: ['S4', 'H3', 'C8', 'HT', 'D5']
name: b09303036, hole_card: ['D9', 'DT']
name: b10902101, hole_card: ['D3', 'CT']
Started the round 18
Street "preflop" started. (community card = [])
name: b09303036, hole_card: ['D9', 'DT']
name: b10902101, hole_card: ['D3', 'CT']
"b09303036" declared "fold:0"
"['b10902101']" won the round 18 (stack = {'b09303036': 955, 'b10902101': 1045})
community cards of this round: ['CQ', 'H3', 'C6', 'S6', 'SA']
name: b09303036, hole_card: ['HQ', 'D5']
name: b10902101, hole_card: ['HT', 'H9']
Started the round 19
Street "preflop" started. (community card = [])
name: b09303036, hole_card: ['HQ', 'D5']
name: b10902101, hole_card: ['HT', 'H9']
"b10902101" declared "fold:0"
"['b09303036']" won the round 19 (stack = {'b09303036': 960, 'b10902101': 1040})
community cards of this round: ['CQ', 'SQ', 'C3', 'DA', 'H2']
name: b09303036, hole_card: ['SA', 'S3']
name: b10902101, hole_card: ['H4', 'C4']
Started the round 20
Street "preflop" started. (community card = [])
name: b09303036, hole_card: ['SA', 'S3']
name: b10902101, hole_card: ['H4', 'C4']
"b09303036" declared "fold:0"
"['b10902101']" won the round 20 (stack = {'b09303036': 955, 'b10902101': 1045})
b10902101 vs b09303036 - Game 5: {'rule': {'initial_stack': 1000, 'max_round': 20, 'small_blind_amount': 5, 'ante': 0, 'blind_structure': {}}, 'players': [{'name': 'b09303036', 'uuid': 'zqixgnxqiduhtaisrbxjzl', 'stack': 955, 'state': 'participating'}, {'name': 'b10902101', 'uuid': 'hlmkmohatstvfcqarqojox', 'stack': 1045, 'state': 'participating'}]}
Final Result: b10902101 won 2 games (stack: 5270.0), b09303036 won 3 games (stack: 4730)
