community cards of this round: ['CT', 'C6', 'DK', 'D5', 'SA']
name: b10902020, hole_card: ['H9', 'D4']
name: b10902116, hole_card: ['D7', 'C4']
Started the round 1
Street "preflop" started. (community card = [])
name: b10902020, hole_card: ['H9', 'D4']
name: b10902116, hole_card: ['D7', 'C4']
"b10902116" declared "call:10"
name: b10902020, hole_card: ['H9', 'D4']
name: b10902116, hole_card: ['D7', 'C4']
"b10902020" declared "call:10"
Street "flop" started. (community card = ['CT', 'C6', 'DK'])
name: b10902020, hole_card: ['H9', 'D4']
name: b10902116, hole_card: ['D7', 'C4']
"b10902116" declared "call:0"
name: b10902020, hole_card: ['H9', 'D4']
name: b10902116, hole_card: ['D7', 'C4']
"b10902020" declared "call:0"
Street "turn" started. (community card = ['CT', 'C6', 'DK', 'D5'])
name: b10902020, hole_card: ['H9', 'D4']
name: b10902116, hole_card: ['D7', 'C4']
"b10902116" declared "call:0"
name: b10902020, hole_card: ['H9', 'D4']
name: b10902116, hole_card: ['D7', 'C4']
"b10902020" declared "call:0"
Street "river" started. (community card = ['CT', 'C6', 'DK', 'D5', 'SA'])
name: b10902020, hole_card: ['H9', 'D4']
name: b10902116, hole_card: ['D7', 'C4']
"b10902116" declared "call:0"
name: b10902020, hole_card: ['H9', 'D4']
name: b10902116, hole_card: ['D7', 'C4']
"b10902020" declared "call:0"
"['b10902020']" won the round 1 (stack = {'b10902020': 1010, 'b10902116': 990})
community cards of this round: ['D2', 'D3', 'D7', 'DQ', 'D4']
name: b10902020, hole_card: ['HA', 'HK']
name: b10902116, hole_card: ['CJ', 'C9']
Started the round 2
Street "preflop" started. (community card = [])
name: b10902020, hole_card: ['HA', 'HK']
name: b10902116, hole_card: ['CJ', 'C9']
"b10902020" declared "raise:30"
name: b10902020, hole_card: ['HA', 'HK']
name: b10902116, hole_card: ['CJ', 'C9']
"b10902116" declared "call:30"
Street "flop" started. (community card = ['D2', 'D3', 'D7'])
name: b10902020, hole_card: ['HA', 'HK']
name: b10902116, hole_card: ['CJ', 'C9']
"b10902020" declared "raise:30"
name: b10902020, hole_card: ['HA', 'HK']
name: b10902116, hole_card: ['CJ', 'C9']
"b10902116" declared "fold:0"
"['b10902020']" won the round 2 (stack = {'b10902020': 1040, 'b10902116': 960})
community cards of this round: ['D4', 'SJ', 'C3', 'H4', 'S4']
name: b10902020, hole_card: ['HT', 'H2']
name: b10902116, hole_card: ['S7', 'D7']
Started the round 3
Street "preflop" started. (community card = [])
name: b10902020, hole_card: ['HT', 'H2']
name: b10902116, hole_card: ['S7', 'D7']
"b10902116" declared "raise:161"
name: b10902020, hole_card: ['HT', 'H2']
name: b10902116, hole_card: ['S7', 'D7']
"b10902020" declared "fold:0"
"['b10902116']" won the round 3 (stack = {'b10902020': 1030, 'b10902116': 970})
community cards of this round: ['H9', 'HK', 'H7', 'CT', 'HJ']
name: b10902020, hole_card: ['H8', 'DK']
name: b10902116, hole_card: ['S5', 'D6']
Started the round 4
Street "preflop" started. (community card = [])
name: b10902020, hole_card: ['H8', 'DK']
name: b10902116, hole_card: ['S5', 'D6']
"b10902020" declared "call:10"
name: b10902020, hole_card: ['H8', 'DK']
name: b10902116, hole_card: ['S5', 'D6']
"b10902116" declared "call:10"
Street "flop" started. (community card = ['H9', 'HK', 'H7'])
name: b10902020, hole_card: ['H8', 'DK']
name: b10902116, hole_card: ['S5', 'D6']
"b10902020" declared "raise:30"
name: b10902020, hole_card: ['H8', 'DK']
name: b10902116, hole_card: ['S5', 'D6']
"b10902116" declared "fold:0"
"['b10902020']" won the round 4 (stack = {'b10902020': 1040, 'b10902116': 960})
community cards of this round: ['S2', 'DA', 'C4', 'SA', 'C7']
name: b10902020, hole_card: ['D5', 'D7']
name: b10902116, hole_card: ['ST', 'D9']
Started the round 5
Street "preflop" started. (community card = [])
name: b10902020, hole_card: ['D5', 'D7']
name: b10902116, hole_card: ['ST', 'D9']
"b10902116" declared "raise:15"
name: b10902020, hole_card: ['D5', 'D7']
name: b10902116, hole_card: ['ST', 'D9']
"b10902020" declared "fold:0"
"['b10902116']" won the round 5 (stack = {'b10902020': 1030, 'b10902116': 970})
community cards of this round: ['S6', 'DT', 'SJ', 'S3', 'C3']
name: b10902020, hole_card: ['C9', 'D5']
name: b10902116, hole_card: ['HK', 'ST']
Started the round 6
Street "preflop" started. (community card = [])
name: b10902020, hole_card: ['C9', 'D5']
name: b10902116, hole_card: ['HK', 'ST']
"b10902020" declared "fold:0"
"['b10902116']" won the round 6 (stack = {'b10902020': 1025, 'b10902116': 975})
community cards of this round: ['D7', 'H9', 'ST', 'HJ', 'D9']
name: b10902020, hole_card: ['D5', 'C4']
name: b10902116, hole_card: ['H4', 'D3']
Started the round 7
Street "preflop" started. (community card = [])
name: b10902020, hole_card: ['D5', 'C4']
name: b10902116, hole_card: ['H4', 'D3']
"b10902116" declared "call:10"
name: b10902020, hole_card: ['D5', 'C4']
name: b10902116, hole_card: ['H4', 'D3']
"b10902020" declared "call:10"
Street "flop" started. (community card = ['D7', 'H9', 'ST'])
name: b10902020, hole_card: ['D5', 'C4']
name: b10902116, hole_card: ['H4', 'D3']
"b10902116" declared "call:0"
name: b10902020, hole_card: ['D5', 'C4']
name: b10902116, hole_card: ['H4', 'D3']
"b10902020" declared "call:0"
Street "turn" started. (community card = ['D7', 'H9', 'ST', 'HJ'])
name: b10902020, hole_card: ['D5', 'C4']
name: b10902116, hole_card: ['H4', 'D3']
"b10902116" declared "call:0"
name: b10902020, hole_card: ['D5', 'C4']
name: b10902116, hole_card: ['H4', 'D3']
"b10902020" declared "fold:0"
"['b10902116']" won the round 7 (stack = {'b10902020': 1015, 'b10902116': 985})
community cards of this round: ['S3', 'SJ', 'C4', 'HA', 'SA']
name: b10902020, hole_card: ['SK', 'S4']
name: b10902116, hole_card: ['CK', 'HJ']
Started the round 8
Street "preflop" started. (community card = [])
name: b10902020, hole_card: ['SK', 'S4']
name: b10902116, hole_card: ['CK', 'HJ']
"b10902020" declared "call:10"
name: b10902020, hole_card: ['SK', 'S4']
name: b10902116, hole_card: ['CK', 'HJ']
"b10902116" declared "raise:15"
name: b10902020, hole_card: ['SK', 'S4']
name: b10902116, hole_card: ['CK', 'HJ']
"b10902020" declared "fold:0"
"['b10902116']" won the round 8 (stack = {'b10902020': 1005, 'b10902116': 995})
community cards of this round: ['DJ', 'CK', 'S4', 'HK', 'H9']
name: b10902020, hole_card: ['D7', 'S8']
name: b10902116, hole_card: ['HJ', 'CJ']
Started the round 9
Street "preflop" started. (community card = [])
name: b10902020, hole_card: ['D7', 'S8']
name: b10902116, hole_card: ['HJ', 'CJ']
"b10902116" declared "raise:81"
name: b10902020, hole_card: ['D7', 'S8']
name: b10902116, hole_card: ['HJ', 'CJ']
"b10902020" declared "fold:0"
"['b10902116']" won the round 9 (stack = {'b10902020': 995, 'b10902116': 1005})
community cards of this round: ['D7', 'C6', 'D8', 'H6', 'CJ']
name: b10902020, hole_card: ['HA', 'SA']
name: b10902116, hole_card: ['ST', 'HJ']
Started the round 10
Street "preflop" started. (community card = [])
name: b10902020, hole_card: ['HA', 'SA']
name: b10902116, hole_card: ['ST', 'HJ']
"b10902020" declared "raise:30"
name: b10902020, hole_card: ['HA', 'SA']
name: b10902116, hole_card: ['ST', 'HJ']
"b10902116" declared "call:30"
Street "flop" started. (community card = ['D7', 'C6', 'D8'])
name: b10902020, hole_card: ['HA', 'SA']
name: b10902116, hole_card: ['ST', 'HJ']
"b10902020" declared "raise:30"
name: b10902020, hole_card: ['HA', 'SA']
name: b10902116, hole_card: ['ST', 'HJ']
"b10902116" declared "call:30"
Street "turn" started. (community card = ['D7', 'C6', 'D8', 'H6'])
name: b10902020, hole_card: ['HA', 'SA']
name: b10902116, hole_card: ['ST', 'HJ']
"b10902020" declared "raise:30"
name: b10902020, hole_card: ['HA', 'SA']
name: b10902116, hole_card: ['ST', 'HJ']
"b10902116" declared "fold:0"
"['b10902020']" won the round 10 (stack = {'b10902020': 1055, 'b10902116': 945})
community cards of this round: ['S5', 'S2', 'DA', 'H3', 'D8']
name: b10902020, hole_card: ['S8', 'SK']
name: b10902116, hole_card: ['S4', 'C6']
Started the round 11
Street "preflop" started. (community card = [])
name: b10902020, hole_card: ['S8', 'SK']
name: b10902116, hole_card: ['S4', 'C6']
"b10902116" declared "fold:0"
"['b10902020']" won the round 11 (stack = {'b10902020': 1060, 'b10902116': 940})
community cards of this round: ['D9', 'S4', 'HA', 'H8', 'HJ']
name: b10902020, hole_card: ['SQ', 'C9']
name: b10902116, hole_card: ['DJ', 'SJ']
Started the round 12
Street "preflop" started. (community card = [])
name: b10902020, hole_card: ['SQ', 'C9']
name: b10902116, hole_card: ['DJ', 'SJ']
"b10902020" declared "call:10"
name: b10902020, hole_card: ['SQ', 'C9']
name: b10902116, hole_card: ['DJ', 'SJ']
"b10902116" declared "raise:111"
name: b10902020, hole_card: ['SQ', 'C9']
name: b10902116, hole_card: ['DJ', 'SJ']
"b10902020" declared "fold:0"
"['b10902116']" won the round 12 (stack = {'b10902020': 1050, 'b10902116': 950})
community cards of this round: ['S9', 'C8', 'H7', 'DQ', 'CK']
name: b10902020, hole_card: ['CJ', 'CA']
name: b10902116, hole_card: ['H4', 'C7']
Started the round 13
Street "preflop" started. (community card = [])
name: b10902020, hole_card: ['CJ', 'CA']
name: b10902116, hole_card: ['H4', 'C7']
"b10902116" declared "call:10"
name: b10902020, hole_card: ['CJ', 'CA']
name: b10902116, hole_card: ['H4', 'C7']
"b10902020" declared "raise:30"
name: b10902020, hole_card: ['CJ', 'CA']
name: b10902116, hole_card: ['H4', 'C7']
"b10902116" declared "call:30"
Street "flop" started. (community card = ['S9', 'C8', 'H7'])
name: b10902020, hole_card: ['CJ', 'CA']
name: b10902116, hole_card: ['H4', 'C7']
"b10902116" declared "call:0"
name: b10902020, hole_card: ['CJ', 'CA']
name: b10902116, hole_card: ['H4', 'C7']
"b10902020" declared "raise:30"
name: b10902020, hole_card: ['CJ', 'CA']
name: b10902116, hole_card: ['H4', 'C7']
"b10902116" declared "call:30"
Street "turn" started. (community card = ['S9', 'C8', 'H7', 'DQ'])
name: b10902020, hole_card: ['CJ', 'CA']
name: b10902116, hole_card: ['H4', 'C7']
"b10902116" declared "call:0"
name: b10902020, hole_card: ['CJ', 'CA']
name: b10902116, hole_card: ['H4', 'C7']
"b10902020" declared "raise:30"
name: b10902020, hole_card: ['CJ', 'CA']
name: b10902116, hole_card: ['H4', 'C7']
"b10902116" declared "call:30"
Street "river" started. (community card = ['S9', 'C8', 'H7', 'DQ', 'CK'])
name: b10902020, hole_card: ['CJ', 'CA']
name: b10902116, hole_card: ['H4', 'C7']
"b10902116" declared "call:0"
name: b10902020, hole_card: ['CJ', 'CA']
name: b10902116, hole_card: ['H4', 'C7']
"b10902020" declared "call:0"
"['b10902116']" won the round 13 (stack = {'b10902020': 960, 'b10902116': 1040})
community cards of this round: ['CT', 'S3', 'D9', 'S4', 'SA']
name: b10902020, hole_card: ['S2', 'HT']
name: b10902116, hole_card: ['D4', 'DK']
Started the round 14
Street "preflop" started. (community card = [])
name: b10902020, hole_card: ['S2', 'HT']
name: b10902116, hole_card: ['D4', 'DK']
"b10902020" declared "raise:960"
name: b10902020, hole_card: ['S2', 'HT']
name: b10902116, hole_card: ['D4', 'DK']
"b10902116" declared "fold:0"
"['b10902020']" won the round 14 (stack = {'b10902020': 970, 'b10902116': 1030})
community cards of this round: ['S6', 'CK', 'H7', 'D5', 'S7']
name: b10902020, hole_card: ['C2', 'H6']
name: b10902116, hole_card: ['HA', 'ST']
Started the round 15
Street "preflop" started. (community card = [])
name: b10902020, hole_card: ['C2', 'H6']
name: b10902116, hole_card: ['HA', 'ST']
"b10902116" declared "raise:15"
name: b10902020, hole_card: ['C2', 'H6']
name: b10902116, hole_card: ['HA', 'ST']
"b10902020" declared "raise:970"
name: b10902020, hole_card: ['C2', 'H6']
name: b10902116, hole_card: ['HA', 'ST']
"b10902116" declared "call:970"
Street "flop" started. (community card = ['S6', 'CK', 'H7'])
Street "turn" started. (community card = ['S6', 'CK', 'H7', 'D5'])
Street "river" started. (community card = ['S6', 'CK', 'H7', 'D5', 'S7'])
"['b10902020']" won the round 15 (stack = {'b10902020': 1940, 'b10902116': 60})
community cards of this round: ['C4', 'DA', 'H4', 'C8', 'HA']
name: b10902020, hole_card: ['H3', 'DJ']
name: b10902116, hole_card: ['H5', 'C3']
Started the round 16
Street "preflop" started. (community card = [])
name: b10902020, hole_card: ['H3', 'DJ']
name: b10902116, hole_card: ['H5', 'C3']
"b10902020" declared "fold:0"
"['b10902116']" won the round 16 (stack = {'b10902020': 1935, 'b10902116': 65})
community cards of this round: ['SQ', 'C6', 'SA', 'H9', 'DT']
name: b10902020, hole_card: ['S6', 'DA']
name: b10902116, hole_card: ['CT', 'SJ']
Started the round 17
Street "preflop" started. (community card = [])
name: b10902020, hole_card: ['S6', 'DA']
name: b10902116, hole_card: ['CT', 'SJ']
"b10902116" declared "raise:65"
name: b10902020, hole_card: ['S6', 'DA']
name: b10902116, hole_card: ['CT', 'SJ']
"b10902020" declared "fold:0"
"['b10902116']" won the round 17 (stack = {'b10902020': 1925, 'b10902116': 75})
community cards of this round: ['SA', 'D3', 'H2', 'C9', 'HK']
name: b10902020, hole_card: ['D5', 'C3']
name: b10902116, hole_card: ['S7', 'CK']
Started the round 18
Street "preflop" started. (community card = [])
name: b10902020, hole_card: ['D5', 'C3']
name: b10902116, hole_card: ['S7', 'CK']
"b10902020" declared "fold:0"
"['b10902116']" won the round 18 (stack = {'b10902020': 1920, 'b10902116': 80})
community cards of this round: ['ST', 'DQ', 'D7', 'S5', 'C6']
name: b10902020, hole_card: ['HQ', 'D3']
name: b10902116, hole_card: ['S7', 'C8']
Started the round 19
Street "preflop" started. (community card = [])
name: b10902020, hole_card: ['HQ', 'D3']
name: b10902116, hole_card: ['S7', 'C8']
"b10902116" declared "raise:80"
name: b10902020, hole_card: ['HQ', 'D3']
name: b10902116, hole_card: ['S7', 'C8']
"b10902020" declared "fold:0"
"['b10902116']" won the round 19 (stack = {'b10902020': 1910, 'b10902116': 90})
community cards of this round: ['H5', 'D5', 'SK', 'CK', 'C8']
name: b10902020, hole_card: ['D2', 'SA']
name: b10902116, hole_card: ['C2', 'DT']
Started the round 20
Street "preflop" started. (community card = [])
name: b10902020, hole_card: ['D2', 'SA']
name: b10902116, hole_card: ['C2', 'DT']
"b10902020" declared "fold:0"
"['b10902116']" won the round 20 (stack = {'b10902020': 1905, 'b10902116': 95})
b10902116 vs b10902020 - Game 1: {'rule': {'initial_stack': 1000, 'max_round': 20, 'small_blind_amount': 5, 'ante': 0, 'blind_structure': {}}, 'players': [{'name': 'b10902020', 'uuid': 'honpjszzhajnygyohbmrvc', 'stack': 1905, 'state': 'participating'}, {'name': 'b10902116', 'uuid': 'iiufnraqnrmpsjhuwmsrix', 'stack': 95, 'state': 'participating'}]}
community cards of this round: ['CT', 'C6', 'DK', 'D5', 'SA']
name: b10902116, hole_card: ['H9', 'D4']
name: b10902020, hole_card: ['D7', 'C4']
Started the round 1
Street "preflop" started. (community card = [])
name: b10902116, hole_card: ['H9', 'D4']
name: b10902020, hole_card: ['D7', 'C4']
"b10902020" declared "call:10"
name: b10902116, hole_card: ['H9', 'D4']
name: b10902020, hole_card: ['D7', 'C4']
"b10902116" declared "call:10"
Street "flop" started. (community card = ['CT', 'C6', 'DK'])
name: b10902116, hole_card: ['H9', 'D4']
name: b10902020, hole_card: ['D7', 'C4']
"b10902020" declared "call:0"
name: b10902116, hole_card: ['H9', 'D4']
name: b10902020, hole_card: ['D7', 'C4']
"b10902116" declared "call:0"
Street "turn" started. (community card = ['CT', 'C6', 'DK', 'D5'])
name: b10902116, hole_card: ['H9', 'D4']
name: b10902020, hole_card: ['D7', 'C4']
"b10902020" declared "call:0"
name: b10902116, hole_card: ['H9', 'D4']
name: b10902020, hole_card: ['D7', 'C4']
"b10902116" declared "call:0"
Street "river" started. (community card = ['CT', 'C6', 'DK', 'D5', 'SA'])
name: b10902116, hole_card: ['H9', 'D4']
name: b10902020, hole_card: ['D7', 'C4']
"b10902020" declared "call:0"
name: b10902116, hole_card: ['H9', 'D4']
name: b10902020, hole_card: ['D7', 'C4']
"b10902116" declared "call:0"
"['b10902116']" won the round 1 (stack = {'b10902116': 1010, 'b10902020': 990})
community cards of this round: ['D2', 'D3', 'D7', 'DQ', 'D4']
name: b10902116, hole_card: ['HA', 'HK']
name: b10902020, hole_card: ['CJ', 'C9']
Started the round 2
Street "preflop" started. (community card = [])
name: b10902116, hole_card: ['HA', 'HK']
name: b10902020, hole_card: ['CJ', 'C9']
"b10902116" declared "raise:116"
name: b10902116, hole_card: ['HA', 'HK']
name: b10902020, hole_card: ['CJ', 'C9']
"b10902020" declared "fold:0"
"['b10902116']" won the round 2 (stack = {'b10902116': 1020, 'b10902020': 980})
community cards of this round: ['D4', 'SJ', 'C3', 'H4', 'S4']
name: b10902116, hole_card: ['HT', 'H2']
name: b10902020, hole_card: ['S7', 'D7']
Started the round 3
Street "preflop" started. (community card = [])
name: b10902116, hole_card: ['HT', 'H2']
name: b10902020, hole_card: ['S7', 'D7']
"b10902020" declared "raise:30"
name: b10902116, hole_card: ['HT', 'H2']
name: b10902020, hole_card: ['S7', 'D7']
"b10902116" declared "call:30"
Street "flop" started. (community card = ['D4', 'SJ', 'C3'])
name: b10902116, hole_card: ['HT', 'H2']
name: b10902020, hole_card: ['S7', 'D7']
"b10902020" declared "raise:30"
name: b10902116, hole_card: ['HT', 'H2']
name: b10902020, hole_card: ['S7', 'D7']
"b10902116" declared "call:30"
Street "turn" started. (community card = ['D4', 'SJ', 'C3', 'H4'])
name: b10902116, hole_card: ['HT', 'H2']
name: b10902020, hole_card: ['S7', 'D7']
"b10902020" declared "raise:30"
name: b10902116, hole_card: ['HT', 'H2']
name: b10902020, hole_card: ['S7', 'D7']
"b10902116" declared "fold:0"
"['b10902020']" won the round 3 (stack = {'b10902116': 960, 'b10902020': 1040})
community cards of this round: ['H9', 'HK', 'H7', 'CT', 'HJ']
name: b10902116, hole_card: ['H8', 'DK']
name: b10902020, hole_card: ['S5', 'D6']
Started the round 4
Street "preflop" started. (community card = [])
name: b10902116, hole_card: ['H8', 'DK']
name: b10902020, hole_card: ['S5', 'D6']
"b10902116" declared "raise:15"
name: b10902116, hole_card: ['H8', 'DK']
name: b10902020, hole_card: ['S5', 'D6']
"b10902020" declared "fold:0"
"['b10902116']" won the round 4 (stack = {'b10902116': 970, 'b10902020': 1030})
community cards of this round: ['S2', 'DA', 'C4', 'SA', 'C7']
name: b10902116, hole_card: ['D5', 'D7']
name: b10902020, hole_card: ['ST', 'D9']
Started the round 5
Street "preflop" started. (community card = [])
name: b10902116, hole_card: ['D5', 'D7']
name: b10902020, hole_card: ['ST', 'D9']
"b10902020" declared "call:10"
name: b10902116, hole_card: ['D5', 'D7']
name: b10902020, hole_card: ['ST', 'D9']
"b10902116" declared "call:10"
Street "flop" started. (community card = ['S2', 'DA', 'C4'])
name: b10902116, hole_card: ['D5', 'D7']
name: b10902020, hole_card: ['ST', 'D9']
"b10902020" declared "call:0"
name: b10902116, hole_card: ['D5', 'D7']
name: b10902020, hole_card: ['ST', 'D9']
"b10902116" declared "call:0"
Street "turn" started. (community card = ['S2', 'DA', 'C4', 'SA'])
name: b10902116, hole_card: ['D5', 'D7']
name: b10902020, hole_card: ['ST', 'D9']
"b10902020" declared "call:0"
name: b10902116, hole_card: ['D5', 'D7']
name: b10902020, hole_card: ['ST', 'D9']
"b10902116" declared "call:0"
Street "river" started. (community card = ['S2', 'DA', 'C4', 'SA', 'C7'])
name: b10902116, hole_card: ['D5', 'D7']
name: b10902020, hole_card: ['ST', 'D9']
"b10902020" declared "call:0"
name: b10902116, hole_card: ['D5', 'D7']
name: b10902020, hole_card: ['ST', 'D9']
"b10902116" declared "raise:131"
name: b10902116, hole_card: ['D5', 'D7']
name: b10902020, hole_card: ['ST', 'D9']
"b10902020" declared "fold:0"
"['b10902116']" won the round 5 (stack = {'b10902116': 980, 'b10902020': 1020})
community cards of this round: ['S6', 'DT', 'SJ', 'S3', 'C3']
name: b10902116, hole_card: ['C9', 'D5']
name: b10902020, hole_card: ['HK', 'ST']
Started the round 6
Street "preflop" started. (community card = [])
name: b10902116, hole_card: ['C9', 'D5']
name: b10902020, hole_card: ['HK', 'ST']
"b10902116" declared "call:10"
name: b10902116, hole_card: ['C9', 'D5']
name: b10902020, hole_card: ['HK', 'ST']
"b10902020" declared "call:10"
Street "flop" started. (community card = ['S6', 'DT', 'SJ'])
name: b10902116, hole_card: ['C9', 'D5']
name: b10902020, hole_card: ['HK', 'ST']
"b10902116" declared "call:0"
name: b10902116, hole_card: ['C9', 'D5']
name: b10902020, hole_card: ['HK', 'ST']
"b10902020" declared "raise:30"
name: b10902116, hole_card: ['C9', 'D5']
name: b10902020, hole_card: ['HK', 'ST']
"b10902116" declared "fold:0"
"['b10902020']" won the round 6 (stack = {'b10902116': 970, 'b10902020': 1030})
community cards of this round: ['D7', 'H9', 'ST', 'HJ', 'D9']
name: b10902116, hole_card: ['D5', 'C4']
name: b10902020, hole_card: ['H4', 'D3']
Started the round 7
Street "preflop" started. (community card = [])
name: b10902116, hole_card: ['D5', 'C4']
name: b10902020, hole_card: ['H4', 'D3']
"b10902020" declared "call:10"
name: b10902116, hole_card: ['D5', 'C4']
name: b10902020, hole_card: ['H4', 'D3']
"b10902116" declared "call:10"
Street "flop" started. (community card = ['D7', 'H9', 'ST'])
name: b10902116, hole_card: ['D5', 'C4']
name: b10902020, hole_card: ['H4', 'D3']
"b10902020" declared "call:0"
name: b10902116, hole_card: ['D5', 'C4']
name: b10902020, hole_card: ['H4', 'D3']
"b10902116" declared "call:0"
Street "turn" started. (community card = ['D7', 'H9', 'ST', 'HJ'])
name: b10902116, hole_card: ['D5', 'C4']
name: b10902020, hole_card: ['H4', 'D3']
"b10902020" declared "call:0"
name: b10902116, hole_card: ['D5', 'C4']
name: b10902020, hole_card: ['H4', 'D3']
"b10902116" declared "call:0"
Street "river" started. (community card = ['D7', 'H9', 'ST', 'HJ', 'D9'])
name: b10902116, hole_card: ['D5', 'C4']
name: b10902020, hole_card: ['H4', 'D3']
"b10902020" declared "call:0"
name: b10902116, hole_card: ['D5', 'C4']
name: b10902020, hole_card: ['H4', 'D3']
"b10902116" declared "call:0"
"['b10902116']" won the round 7 (stack = {'b10902116': 980, 'b10902020': 1020})
community cards of this round: ['S3', 'SJ', 'C4', 'HA', 'SA']
name: b10902116, hole_card: ['SK', 'S4']
name: b10902020, hole_card: ['CK', 'HJ']
Started the round 8
Street "preflop" started. (community card = [])
name: b10902116, hole_card: ['SK', 'S4']
name: b10902020, hole_card: ['CK', 'HJ']
"b10902116" declared "raise:15"
name: b10902116, hole_card: ['SK', 'S4']
name: b10902020, hole_card: ['CK', 'HJ']
"b10902020" declared "call:15"
Street "flop" started. (community card = ['S3', 'SJ', 'C4'])
name: b10902116, hole_card: ['SK', 'S4']
name: b10902020, hole_card: ['CK', 'HJ']
"b10902116" declared "raise:96"
name: b10902116, hole_card: ['SK', 'S4']
name: b10902020, hole_card: ['CK', 'HJ']
"b10902020" declared "raise:30", Invalid action. Treat as fold...
"['b10902116']" won the round 8 (stack = {'b10902116': 995, 'b10902020': 1005})
community cards of this round: ['DJ', 'CK', 'S4', 'HK', 'H9']
name: b10902116, hole_card: ['D7', 'S8']
name: b10902020, hole_card: ['HJ', 'CJ']
Started the round 9
Street "preflop" started. (community card = [])
name: b10902116, hole_card: ['D7', 'S8']
name: b10902020, hole_card: ['HJ', 'CJ']
"b10902020" declared "raise:30"
name: b10902116, hole_card: ['D7', 'S8']
name: b10902020, hole_card: ['HJ', 'CJ']
"b10902116" declared "call:30"
Street "flop" started. (community card = ['DJ', 'CK', 'S4'])
name: b10902116, hole_card: ['D7', 'S8']
name: b10902020, hole_card: ['HJ', 'CJ']
"b10902020" declared "raise:30"
name: b10902116, hole_card: ['D7', 'S8']
name: b10902020, hole_card: ['HJ', 'CJ']
"b10902116" declared "fold:0"
"['b10902020']" won the round 9 (stack = {'b10902116': 965, 'b10902020': 1035})
community cards of this round: ['D7', 'C6', 'D8', 'H6', 'CJ']
name: b10902116, hole_card: ['HA', 'SA']
name: b10902020, hole_card: ['ST', 'HJ']
Started the round 10
Street "preflop" started. (community card = [])
name: b10902116, hole_card: ['HA', 'SA']
name: b10902020, hole_card: ['ST', 'HJ']
"b10902116" declared "raise:101"
name: b10902116, hole_card: ['HA', 'SA']
name: b10902020, hole_card: ['ST', 'HJ']
"b10902020" declared "fold:0"
"['b10902116']" won the round 10 (stack = {'b10902116': 975, 'b10902020': 1025})
community cards of this round: ['S5', 'S2', 'DA', 'H3', 'D8']
name: b10902116, hole_card: ['S8', 'SK']
name: b10902020, hole_card: ['S4', 'C6']
Started the round 11
Street "preflop" started. (community card = [])
name: b10902116, hole_card: ['S8', 'SK']
name: b10902020, hole_card: ['S4', 'C6']
"b10902020" declared "call:10"
name: b10902116, hole_card: ['S8', 'SK']
name: b10902020, hole_card: ['S4', 'C6']
"b10902116" declared "raise:15"
name: b10902116, hole_card: ['S8', 'SK']
name: b10902020, hole_card: ['S4', 'C6']
"b10902020" declared "fold:0"
"['b10902116']" won the round 11 (stack = {'b10902116': 985, 'b10902020': 1015})
community cards of this round: ['D9', 'S4', 'HA', 'H8', 'HJ']
name: b10902116, hole_card: ['SQ', 'C9']
name: b10902020, hole_card: ['DJ', 'SJ']
Started the round 12
Street "preflop" started. (community card = [])
name: b10902116, hole_card: ['SQ', 'C9']
name: b10902020, hole_card: ['DJ', 'SJ']
"b10902116" declared "raise:15"
name: b10902116, hole_card: ['SQ', 'C9']
name: b10902020, hole_card: ['DJ', 'SJ']
"b10902020" declared "call:15"
Street "flop" started. (community card = ['D9', 'S4', 'HA'])
name: b10902116, hole_card: ['SQ', 'C9']
name: b10902020, hole_card: ['DJ', 'SJ']
"b10902116" declared "raise:61"
name: b10902116, hole_card: ['SQ', 'C9']
name: b10902020, hole_card: ['DJ', 'SJ']
"b10902020" declared "raise:30", Invalid action. Treat as fold...
"['b10902116']" won the round 12 (stack = {'b10902116': 1000, 'b10902020': 1000})
community cards of this round: ['S9', 'C8', 'H7', 'DQ', 'CK']
name: b10902116, hole_card: ['CJ', 'CA']
name: b10902020, hole_card: ['H4', 'C7']
Started the round 13
Street "preflop" started. (community card = [])
name: b10902116, hole_card: ['CJ', 'CA']
name: b10902020, hole_card: ['H4', 'C7']
"b10902020" declared "call:10"
name: b10902116, hole_card: ['CJ', 'CA']
name: b10902020, hole_card: ['H4', 'C7']
"b10902116" declared "raise:41"
name: b10902116, hole_card: ['CJ', 'CA']
name: b10902020, hole_card: ['H4', 'C7']
"b10902020" declared "fold:0"
"['b10902116']" won the round 13 (stack = {'b10902116': 1010, 'b10902020': 990})
community cards of this round: ['CT', 'S3', 'D9', 'S4', 'SA']
name: b10902116, hole_card: ['S2', 'HT']
name: b10902020, hole_card: ['D4', 'DK']
Started the round 14
Street "preflop" started. (community card = [])
name: b10902116, hole_card: ['S2', 'HT']
name: b10902020, hole_card: ['D4', 'DK']
"b10902116" declared "call:10"
name: b10902116, hole_card: ['S2', 'HT']
name: b10902020, hole_card: ['D4', 'DK']
"b10902020" declared "call:10"
Street "flop" started. (community card = ['CT', 'S3', 'D9'])
name: b10902116, hole_card: ['S2', 'HT']
name: b10902020, hole_card: ['D4', 'DK']
"b10902116" declared "raise:26"
name: b10902116, hole_card: ['S2', 'HT']
name: b10902020, hole_card: ['D4', 'DK']
"b10902020" declared "fold:0"
"['b10902116']" won the round 14 (stack = {'b10902116': 1020, 'b10902020': 980})
community cards of this round: ['S6', 'CK', 'H7', 'D5', 'S7']
name: b10902116, hole_card: ['C2', 'H6']
name: b10902020, hole_card: ['HA', 'ST']
Started the round 15
Street "preflop" started. (community card = [])
name: b10902116, hole_card: ['C2', 'H6']
name: b10902020, hole_card: ['HA', 'ST']
"b10902020" declared "call:10"
name: b10902116, hole_card: ['C2', 'H6']
name: b10902020, hole_card: ['HA', 'ST']
"b10902116" declared "call:10"
Street "flop" started. (community card = ['S6', 'CK', 'H7'])
name: b10902116, hole_card: ['C2', 'H6']
name: b10902020, hole_card: ['HA', 'ST']
"b10902020" declared "raise:30"
name: b10902116, hole_card: ['C2', 'H6']
name: b10902020, hole_card: ['HA', 'ST']
"b10902116" declared "raise:60"
name: b10902116, hole_card: ['C2', 'H6']
name: b10902020, hole_card: ['HA', 'ST']
"b10902020" declared "raise:970"
name: b10902116, hole_card: ['C2', 'H6']
name: b10902020, hole_card: ['HA', 'ST']
"b10902116" declared "call:970"
Street "turn" started. (community card = ['S6', 'CK', 'H7', 'D5'])
Street "river" started. (community card = ['S6', 'CK', 'H7', 'D5', 'S7'])
"['b10902116']" won the round 15 (stack = {'b10902116': 2000, 'b10902020': 0})
b10902116 vs b10902020 - Game 2: {'rule': {'initial_stack': 1000, 'max_round': 20, 'small_blind_amount': 5, 'ante': 0, 'blind_structure': {}}, 'players': [{'name': 'b10902116', 'uuid': 'usaayoepudtpfytbewaypc', 'stack': 2000, 'state': 'participating'}, {'name': 'b10902020', 'uuid': 'joqhgqnniwjyoxdsdpjkle', 'stack': 0, 'state': 'folded'}]}
community cards of this round: ['DA', 'S3', 'C2', 'D8', 'H7']
name: b10902020, hole_card: ['C7', 'S4']
name: b10902116, hole_card: ['SJ', 'S2']
Started the round 1
Street "preflop" started. (community card = [])
name: b10902020, hole_card: ['C7', 'S4']
name: b10902116, hole_card: ['SJ', 'S2']
"b10902116" declared "call:10"
name: b10902020, hole_card: ['C7', 'S4']
name: b10902116, hole_card: ['SJ', 'S2']
"b10902020" declared "call:10"
Street "flop" started. (community card = ['DA', 'S3', 'C2'])
name: b10902020, hole_card: ['C7', 'S4']
name: b10902116, hole_card: ['SJ', 'S2']
"b10902116" declared "raise:10"
name: b10902020, hole_card: ['C7', 'S4']
name: b10902116, hole_card: ['SJ', 'S2']
"b10902020" declared "fold:0"
"['b10902116']" won the round 1 (stack = {'b10902020': 990, 'b10902116': 1010})
community cards of this round: ['D7', 'D8', 'C5', 'H2', 'S5']
name: b10902020, hole_card: ['SA', 'S7']
name: b10902116, hole_card: ['HK', 'C7']
Started the round 2
Street "preflop" started. (community card = [])
name: b10902020, hole_card: ['SA', 'S7']
name: b10902116, hole_card: ['HK', 'C7']
"b10902020" declared "call:10"
name: b10902020, hole_card: ['SA', 'S7']
name: b10902116, hole_card: ['HK', 'C7']
"b10902116" declared "raise:15"
name: b10902020, hole_card: ['SA', 'S7']
name: b10902116, hole_card: ['HK', 'C7']
"b10902020" declared "call:15"
Street "flop" started. (community card = ['D7', 'D8', 'C5'])
name: b10902020, hole_card: ['SA', 'S7']
name: b10902116, hole_card: ['HK', 'C7']
"b10902020" declared "raise:30"
name: b10902020, hole_card: ['SA', 'S7']
name: b10902116, hole_card: ['HK', 'C7']
"b10902116" declared "raise:60"
name: b10902020, hole_card: ['SA', 'S7']
name: b10902116, hole_card: ['HK', 'C7']
"b10902020" declared "fold:0"
"['b10902116']" won the round 2 (stack = {'b10902020': 945, 'b10902116': 1055})
community cards of this round: ['H9', 'SA', 'S7', 'CJ', 'SJ']
name: b10902020, hole_card: ['SQ', 'H3']
name: b10902116, hole_card: ['H4', 'H2']
Started the round 3
Street "preflop" started. (community card = [])
name: b10902020, hole_card: ['SQ', 'H3']
name: b10902116, hole_card: ['H4', 'H2']
"b10902116" declared "call:10"
name: b10902020, hole_card: ['SQ', 'H3']
name: b10902116, hole_card: ['H4', 'H2']
"b10902020" declared "call:10"
Street "flop" started. (community card = ['H9', 'SA', 'S7'])
name: b10902020, hole_card: ['SQ', 'H3']
name: b10902116, hole_card: ['H4', 'H2']
"b10902116" declared "call:0"
name: b10902020, hole_card: ['SQ', 'H3']
name: b10902116, hole_card: ['H4', 'H2']
"b10902020" declared "call:0"
Street "turn" started. (community card = ['H9', 'SA', 'S7', 'CJ'])
name: b10902020, hole_card: ['SQ', 'H3']
name: b10902116, hole_card: ['H4', 'H2']
"b10902116" declared "call:0"
name: b10902020, hole_card: ['SQ', 'H3']
name: b10902116, hole_card: ['H4', 'H2']
"b10902020" declared "call:0"
Street "river" started. (community card = ['H9', 'SA', 'S7', 'CJ', 'SJ'])
name: b10902020, hole_card: ['SQ', 'H3']
name: b10902116, hole_card: ['H4', 'H2']
"b10902116" declared "call:0"
name: b10902020, hole_card: ['SQ', 'H3']
name: b10902116, hole_card: ['H4', 'H2']
"b10902020" declared "call:0"
"['b10902020']" won the round 3 (stack = {'b10902020': 955, 'b10902116': 1045})
community cards of this round: ['DK', 'C7', 'D7', 'DJ', 'H2']
name: b10902020, hole_card: ['S7', 'H7']
name: b10902116, hole_card: ['C2', 'C3']
Started the round 4
Street "preflop" started. (community card = [])
name: b10902020, hole_card: ['S7', 'H7']
name: b10902116, hole_card: ['C2', 'C3']
"b10902020" declared "raise:30"
name: b10902020, hole_card: ['S7', 'H7']
name: b10902116, hole_card: ['C2', 'C3']
"b10902116" declared "call:30"
Street "flop" started. (community card = ['DK', 'C7', 'D7'])
name: b10902020, hole_card: ['S7', 'H7']
name: b10902116, hole_card: ['C2', 'C3']
"b10902020" declared "raise:30"
name: b10902020, hole_card: ['S7', 'H7']
name: b10902116, hole_card: ['C2', 'C3']
"b10902116" declared "fold:0"
"['b10902020']" won the round 4 (stack = {'b10902020': 985, 'b10902116': 1015})
community cards of this round: ['CT', 'D4', 'ST', 'SA', 'H2']
name: b10902020, hole_card: ['S7', 'S2']
name: b10902116, hole_card: ['CQ', 'DK']
Started the round 5
Street "preflop" started. (community card = [])
name: b10902020, hole_card: ['S7', 'S2']
name: b10902116, hole_card: ['CQ', 'DK']
"b10902116" declared "raise:15"
name: b10902020, hole_card: ['S7', 'S2']
name: b10902116, hole_card: ['CQ', 'DK']
"b10902020" declared "fold:0"
"['b10902116']" won the round 5 (stack = {'b10902020': 975, 'b10902116': 1025})
community cards of this round: ['S9', 'DA', 'SJ', 'D5', 'S4']
name: b10902020, hole_card: ['D7', 'CQ']
name: b10902116, hole_card: ['ST', 'D6']
Started the round 6
Street "preflop" started. (community card = [])
name: b10902020, hole_card: ['D7', 'CQ']
name: b10902116, hole_card: ['ST', 'D6']
"b10902020" declared "call:10"
name: b10902020, hole_card: ['D7', 'CQ']
name: b10902116, hole_card: ['ST', 'D6']
"b10902116" declared "raise:15"
name: b10902020, hole_card: ['D7', 'CQ']
name: b10902116, hole_card: ['ST', 'D6']
"b10902020" declared "fold:0"
"['b10902116']" won the round 6 (stack = {'b10902020': 965, 'b10902116': 1035})
community cards of this round: ['HJ', 'CT', 'DJ', 'DA', 'H7']
name: b10902020, hole_card: ['CA', 'C9']
name: b10902116, hole_card: ['DT', 'H5']
Started the round 7
Street "preflop" started. (community card = [])
name: b10902020, hole_card: ['CA', 'C9']
name: b10902116, hole_card: ['DT', 'H5']
"b10902116" declared "call:10"
name: b10902020, hole_card: ['CA', 'C9']
name: b10902116, hole_card: ['DT', 'H5']
"b10902020" declared "call:10"
Street "flop" started. (community card = ['HJ', 'CT', 'DJ'])
name: b10902020, hole_card: ['CA', 'C9']
name: b10902116, hole_card: ['DT', 'H5']
"b10902116" declared "raise:56"
name: b10902020, hole_card: ['CA', 'C9']
name: b10902116, hole_card: ['DT', 'H5']
"b10902020" declared "fold:0"
"['b10902116']" won the round 7 (stack = {'b10902020': 955, 'b10902116': 1045})
community cards of this round: ['C9', 'CT', 'S7', 'H6', 'C7']
name: b10902020, hole_card: ['H9', 'HJ']
name: b10902116, hole_card: ['SA', 'S6']
Started the round 8
Street "preflop" started. (community card = [])
name: b10902020, hole_card: ['H9', 'HJ']
name: b10902116, hole_card: ['SA', 'S6']
"b10902020" declared "call:10"
name: b10902020, hole_card: ['H9', 'HJ']
name: b10902116, hole_card: ['SA', 'S6']
"b10902116" declared "raise:15"
name: b10902020, hole_card: ['H9', 'HJ']
name: b10902116, hole_card: ['SA', 'S6']
"b10902020" declared "fold:0"
"['b10902116']" won the round 8 (stack = {'b10902020': 945, 'b10902116': 1055})
community cards of this round: ['C8', 'H5', 'HK', 'SA', 'S4']
name: b10902020, hole_card: ['DK', 'H8']
name: b10902116, hole_card: ['D5', 'S7']
Started the round 9
Street "preflop" started. (community card = [])
name: b10902020, hole_card: ['DK', 'H8']
name: b10902116, hole_card: ['D5', 'S7']
"b10902116" declared "call:10"
name: b10902020, hole_card: ['DK', 'H8']
name: b10902116, hole_card: ['D5', 'S7']
"b10902020" declared "call:10"
Street "flop" started. (community card = ['C8', 'H5', 'HK'])
name: b10902020, hole_card: ['DK', 'H8']
name: b10902116, hole_card: ['D5', 'S7']
"b10902116" declared "raise:10"
name: b10902020, hole_card: ['DK', 'H8']
name: b10902116, hole_card: ['D5', 'S7']
"b10902020" declared "raise:30"
name: b10902020, hole_card: ['DK', 'H8']
name: b10902116, hole_card: ['D5', 'S7']
"b10902116" declared "raise:50"
name: b10902020, hole_card: ['DK', 'H8']
name: b10902116, hole_card: ['D5', 'S7']
"b10902020" declared "raise:935"
name: b10902020, hole_card: ['DK', 'H8']
name: b10902116, hole_card: ['D5', 'S7']
"b10902116" declared "fold:0"
"['b10902020']" won the round 9 (stack = {'b10902020': 1005, 'b10902116': 995})
community cards of this round: ['D8', 'SA', 'DA', 'C8', 'CA']
name: b10902020, hole_card: ['C3', 'S7']
name: b10902116, hole_card: ['HJ', 'C6']
Started the round 10
Street "preflop" started. (community card = [])
name: b10902020, hole_card: ['C3', 'S7']
name: b10902116, hole_card: ['HJ', 'C6']
"b10902020" declared "call:10"
name: b10902020, hole_card: ['C3', 'S7']
name: b10902116, hole_card: ['HJ', 'C6']
"b10902116" declared "raise:15"
name: b10902020, hole_card: ['C3', 'S7']
name: b10902116, hole_card: ['HJ', 'C6']
"b10902020" declared "fold:0"
"['b10902116']" won the round 10 (stack = {'b10902020': 995, 'b10902116': 1005})
community cards of this round: ['C2', 'S7', 'H6', 'HT', 'S4']
name: b10902020, hole_card: ['HK', 'SJ']
name: b10902116, hole_card: ['C7', 'D5']
Started the round 11
Street "preflop" started. (community card = [])
name: b10902020, hole_card: ['HK', 'SJ']
name: b10902116, hole_card: ['C7', 'D5']
"b10902116" declared "call:10"
name: b10902020, hole_card: ['HK', 'SJ']
name: b10902116, hole_card: ['C7', 'D5']
"b10902020" declared "call:10"
Street "flop" started. (community card = ['C2', 'S7', 'H6'])
name: b10902020, hole_card: ['HK', 'SJ']
name: b10902116, hole_card: ['C7', 'D5']
"b10902116" declared "raise:56"
name: b10902020, hole_card: ['HK', 'SJ']
name: b10902116, hole_card: ['C7', 'D5']
"b10902020" declared "fold:0"
"['b10902116']" won the round 11 (stack = {'b10902020': 985, 'b10902116': 1015})
community cards of this round: ['H5', 'C5', 'D7', 'HA', 'S7']
name: b10902020, hole_card: ['CQ', 'CA']
name: b10902116, hole_card: ['D9', 'HJ']
Started the round 12
Street "preflop" started. (community card = [])
name: b10902020, hole_card: ['CQ', 'CA']
name: b10902116, hole_card: ['D9', 'HJ']
"b10902020" declared "raise:30"
name: b10902020, hole_card: ['CQ', 'CA']
name: b10902116, hole_card: ['D9', 'HJ']
"b10902116" declared "call:30"
Street "flop" started. (community card = ['H5', 'C5', 'D7'])
name: b10902020, hole_card: ['CQ', 'CA']
name: b10902116, hole_card: ['D9', 'HJ']
"b10902020" declared "raise:30"
name: b10902020, hole_card: ['CQ', 'CA']
name: b10902116, hole_card: ['D9', 'HJ']
"b10902116" declared "call:30"
Street "turn" started. (community card = ['H5', 'C5', 'D7', 'HA'])
name: b10902020, hole_card: ['CQ', 'CA']
name: b10902116, hole_card: ['D9', 'HJ']
"b10902020" declared "raise:925"
name: b10902020, hole_card: ['CQ', 'CA']
name: b10902116, hole_card: ['D9', 'HJ']
"b10902116" declared "fold:0"
"['b10902020']" won the round 12 (stack = {'b10902020': 1045, 'b10902116': 955})
community cards of this round: ['S7', 'HJ', 'S6', 'D3', 'C3']
name: b10902020, hole_card: ['C4', 'C9']
name: b10902116, hole_card: ['CT', 'CA']
Started the round 13
Street "preflop" started. (community card = [])
name: b10902020, hole_card: ['C4', 'C9']
name: b10902116, hole_card: ['CT', 'CA']
"b10902116" declared "raise:91"
name: b10902020, hole_card: ['C4', 'C9']
name: b10902116, hole_card: ['CT', 'CA']
"b10902020" declared "fold:0"
"['b10902116']" won the round 13 (stack = {'b10902020': 1035, 'b10902116': 965})
community cards of this round: ['CT', 'ST', 'S2', 'HA', 'CA']
name: b10902020, hole_card: ['HJ', 'S4']
name: b10902116, hole_card: ['S5', 'H9']
Started the round 14
Street "preflop" started. (community card = [])
name: b10902020, hole_card: ['HJ', 'S4']
name: b10902116, hole_card: ['S5', 'H9']
"b10902020" declared "call:10"
name: b10902020, hole_card: ['HJ', 'S4']
name: b10902116, hole_card: ['S5', 'H9']
"b10902116" declared "fold:0"
"['b10902020']" won the round 14 (stack = {'b10902020': 1045, 'b10902116': 955})
community cards of this round: ['CJ', 'C9', 'D4', 'DA', 'H9']
name: b10902020, hole_card: ['S2', 'SA']
name: b10902116, hole_card: ['D6', 'H3']
Started the round 15
Street "preflop" started. (community card = [])
name: b10902020, hole_card: ['S2', 'SA']
name: b10902116, hole_card: ['D6', 'H3']
"b10902116" declared "call:10"
name: b10902020, hole_card: ['S2', 'SA']
name: b10902116, hole_card: ['D6', 'H3']
"b10902020" declared "call:10"
Street "flop" started. (community card = ['CJ', 'C9', 'D4'])
name: b10902020, hole_card: ['S2', 'SA']
name: b10902116, hole_card: ['D6', 'H3']
"b10902116" declared "call:0"
name: b10902020, hole_card: ['S2', 'SA']
name: b10902116, hole_card: ['D6', 'H3']
"b10902020" declared "raise:30"
name: b10902020, hole_card: ['S2', 'SA']
name: b10902116, hole_card: ['D6', 'H3']
"b10902116" declared "call:30"
Street "turn" started. (community card = ['CJ', 'C9', 'D4', 'DA'])
name: b10902020, hole_card: ['S2', 'SA']
name: b10902116, hole_card: ['D6', 'H3']
"b10902116" declared "call:0"
name: b10902020, hole_card: ['S2', 'SA']
name: b10902116, hole_card: ['D6', 'H3']
"b10902020" declared "raise:30"
name: b10902020, hole_card: ['S2', 'SA']
name: b10902116, hole_card: ['D6', 'H3']
"b10902116" declared "call:30"
Street "river" started. (community card = ['CJ', 'C9', 'D4', 'DA', 'H9'])
name: b10902020, hole_card: ['S2', 'SA']
name: b10902116, hole_card: ['D6', 'H3']
"b10902116" declared "call:0"
name: b10902020, hole_card: ['S2', 'SA']
name: b10902116, hole_card: ['D6', 'H3']
"b10902020" declared "raise:30"
name: b10902020, hole_card: ['S2', 'SA']
name: b10902116, hole_card: ['D6', 'H3']
"b10902116" declared "call:30"
"['b10902020']" won the round 15 (stack = {'b10902020': 1145, 'b10902116': 855})
community cards of this round: ['C2', 'S9', 'D7', 'C7', 'H9']
name: b10902020, hole_card: ['SK', 'S2']
name: b10902116, hole_card: ['D2', 'S4']
Started the round 16
Street "preflop" started. (community card = [])
name: b10902020, hole_card: ['SK', 'S2']
name: b10902116, hole_card: ['D2', 'S4']
"b10902020" declared "fold:0"
"['b10902116']" won the round 16 (stack = {'b10902020': 1140, 'b10902116': 860})
community cards of this round: ['D5', 'SQ', 'D4', 'C6', 'DK']
name: b10902020, hole_card: ['D6', 'CK']
name: b10902116, hole_card: ['C3', 'DT']
Started the round 17
Street "preflop" started. (community card = [])
name: b10902020, hole_card: ['D6', 'CK']
name: b10902116, hole_card: ['C3', 'DT']
"b10902116" declared "call:10"
name: b10902020, hole_card: ['D6', 'CK']
name: b10902116, hole_card: ['C3', 'DT']
"b10902020" declared "fold:0"
"['b10902116']" won the round 17 (stack = {'b10902020': 1130, 'b10902116': 870})
community cards of this round: ['SA', 'HT', 'SK', 'CK', 'S7']
name: b10902020, hole_card: ['HQ', 'C3']
name: b10902116, hole_card: ['CA', 'H9']
Started the round 18
Street "preflop" started. (community card = [])
name: b10902020, hole_card: ['HQ', 'C3']
name: b10902116, hole_card: ['CA', 'H9']
"b10902020" declared "fold:0"
"['b10902116']" won the round 18 (stack = {'b10902020': 1125, 'b10902116': 875})
community cards of this round: ['CK', 'HA', 'SK', 'S2', 'H3']
name: b10902020, hole_card: ['ST', 'C2']
name: b10902116, hole_card: ['DT', 'C3']
Started the round 19
Street "preflop" started. (community card = [])
name: b10902020, hole_card: ['ST', 'C2']
name: b10902116, hole_card: ['DT', 'C3']
"b10902116" declared "call:10"
name: b10902020, hole_card: ['ST', 'C2']
name: b10902116, hole_card: ['DT', 'C3']
"b10902020" declared "fold:0"
"['b10902116']" won the round 19 (stack = {'b10902020': 1115, 'b10902116': 885})
community cards of this round: ['HK', 'DA', 'HJ', 'SJ', 'S5']
name: b10902020, hole_card: ['D5', 'HT']
name: b10902116, hole_card: ['D4', 'H5']
Started the round 20
Street "preflop" started. (community card = [])
name: b10902020, hole_card: ['D5', 'HT']
name: b10902116, hole_card: ['D4', 'H5']
"b10902020" declared "fold:0"
"['b10902116']" won the round 20 (stack = {'b10902020': 1110, 'b10902116': 890})
b10902116 vs b10902020 - Game 3: {'rule': {'initial_stack': 1000, 'max_round': 20, 'small_blind_amount': 5, 'ante': 0, 'blind_structure': {}}, 'players': [{'name': 'b10902020', 'uuid': 'iyxqdscaciewwqxlocsvpw', 'stack': 1110, 'state': 'participating'}, {'name': 'b10902116', 'uuid': 'enfagaeptsigwukyisrrdg', 'stack': 890, 'state': 'participating'}]}
community cards of this round: ['DA', 'S3', 'C2', 'D8', 'H7']
name: b10902116, hole_card: ['C7', 'S4']
name: b10902020, hole_card: ['SJ', 'S2']
Started the round 1
Street "preflop" started. (community card = [])
name: b10902116, hole_card: ['C7', 'S4']
name: b10902020, hole_card: ['SJ', 'S2']
"b10902020" declared "call:10"
name: b10902116, hole_card: ['C7', 'S4']
name: b10902020, hole_card: ['SJ', 'S2']
"b10902116" declared "call:10"
Street "flop" started. (community card = ['DA', 'S3', 'C2'])
name: b10902116, hole_card: ['C7', 'S4']
name: b10902020, hole_card: ['SJ', 'S2']
"b10902020" declared "raise:30"
name: b10902116, hole_card: ['C7', 'S4']
name: b10902020, hole_card: ['SJ', 'S2']
"b10902116" declared "call:30"
Street "turn" started. (community card = ['DA', 'S3', 'C2', 'D8'])
name: b10902116, hole_card: ['C7', 'S4']
name: b10902020, hole_card: ['SJ', 'S2']
"b10902020" declared "raise:30"
name: b10902116, hole_card: ['C7', 'S4']
name: b10902020, hole_card: ['SJ', 'S2']
"b10902116" declared "fold:0"
"['b10902020']" won the round 1 (stack = {'b10902116': 960, 'b10902020': 1040})
community cards of this round: ['D7', 'D8', 'C5', 'H2', 'S5']
name: b10902116, hole_card: ['SA', 'S7']
name: b10902020, hole_card: ['HK', 'C7']
Started the round 2
Street "preflop" started. (community card = [])
name: b10902116, hole_card: ['SA', 'S7']
name: b10902020, hole_card: ['HK', 'C7']
"b10902116" declared "raise:15"
name: b10902116, hole_card: ['SA', 'S7']
name: b10902020, hole_card: ['HK', 'C7']
"b10902020" declared "fold:0"
"['b10902116']" won the round 2 (stack = {'b10902116': 970, 'b10902020': 1030})
community cards of this round: ['H9', 'SA', 'S7', 'CJ', 'SJ']
name: b10902116, hole_card: ['SQ', 'H3']
name: b10902020, hole_card: ['H4', 'H2']
Started the round 3
Street "preflop" started. (community card = [])
name: b10902116, hole_card: ['SQ', 'H3']
name: b10902020, hole_card: ['H4', 'H2']
"b10902020" declared "call:10"
name: b10902116, hole_card: ['SQ', 'H3']
name: b10902020, hole_card: ['H4', 'H2']
"b10902116" declared "raise:15"
name: b10902116, hole_card: ['SQ', 'H3']
name: b10902020, hole_card: ['H4', 'H2']
"b10902020" declared "fold:0"
"['b10902116']" won the round 3 (stack = {'b10902116': 980, 'b10902020': 1020})
community cards of this round: ['DK', 'C7', 'D7', 'DJ', 'H2']
name: b10902116, hole_card: ['S7', 'H7']
name: b10902020, hole_card: ['C2', 'C3']
Started the round 4
Street "preflop" started. (community card = [])
name: b10902116, hole_card: ['S7', 'H7']
name: b10902020, hole_card: ['C2', 'C3']
"b10902116" declared "raise:131"
name: b10902116, hole_card: ['S7', 'H7']
name: b10902020, hole_card: ['C2', 'C3']
"b10902020" declared "fold:0"
"['b10902116']" won the round 4 (stack = {'b10902116': 990, 'b10902020': 1010})
community cards of this round: ['CT', 'D4', 'ST', 'SA', 'H2']
name: b10902116, hole_card: ['S7', 'S2']
name: b10902020, hole_card: ['CQ', 'DK']
Started the round 5
Street "preflop" started. (community card = [])
name: b10902116, hole_card: ['S7', 'S2']
name: b10902020, hole_card: ['CQ', 'DK']
"b10902020" declared "call:10"
name: b10902116, hole_card: ['S7', 'S2']
name: b10902020, hole_card: ['CQ', 'DK']
"b10902116" declared "call:10"
Street "flop" started. (community card = ['CT', 'D4', 'ST'])
name: b10902116, hole_card: ['S7', 'S2']
name: b10902020, hole_card: ['CQ', 'DK']
"b10902020" declared "raise:30"
name: b10902116, hole_card: ['S7', 'S2']
name: b10902020, hole_card: ['CQ', 'DK']
"b10902116" declared "fold:0"
"['b10902020']" won the round 5 (stack = {'b10902116': 980, 'b10902020': 1020})
community cards of this round: ['S9', 'DA', 'SJ', 'D5', 'S4']
name: b10902116, hole_card: ['D7', 'CQ']
name: b10902020, hole_card: ['ST', 'D6']
Started the round 6
Street "preflop" started. (community card = [])
name: b10902116, hole_card: ['D7', 'CQ']
name: b10902020, hole_card: ['ST', 'D6']
"b10902116" declared "call:10"
name: b10902116, hole_card: ['D7', 'CQ']
name: b10902020, hole_card: ['ST', 'D6']
"b10902020" declared "call:10"
Street "flop" started. (community card = ['S9', 'DA', 'SJ'])
name: b10902116, hole_card: ['D7', 'CQ']
name: b10902020, hole_card: ['ST', 'D6']
"b10902116" declared "call:0"
name: b10902116, hole_card: ['D7', 'CQ']
name: b10902020, hole_card: ['ST', 'D6']
"b10902020" declared "call:0"
Street "turn" started. (community card = ['S9', 'DA', 'SJ', 'D5'])
name: b10902116, hole_card: ['D7', 'CQ']
name: b10902020, hole_card: ['ST', 'D6']
"b10902116" declared "call:0"
name: b10902116, hole_card: ['D7', 'CQ']
name: b10902020, hole_card: ['ST', 'D6']
"b10902020" declared "call:0"
Street "river" started. (community card = ['S9', 'DA', 'SJ', 'D5', 'S4'])
name: b10902116, hole_card: ['D7', 'CQ']
name: b10902020, hole_card: ['ST', 'D6']
"b10902116" declared "call:0"
name: b10902116, hole_card: ['D7', 'CQ']
name: b10902020, hole_card: ['ST', 'D6']
"b10902020" declared "call:0"
"['b10902116']" won the round 6 (stack = {'b10902116': 990, 'b10902020': 1010})
community cards of this round: ['HJ', 'CT', 'DJ', 'DA', 'H7']
name: b10902116, hole_card: ['CA', 'C9']
name: b10902020, hole_card: ['DT', 'H5']
Started the round 7
Street "preflop" started. (community card = [])
name: b10902116, hole_card: ['CA', 'C9']
name: b10902020, hole_card: ['DT', 'H5']
"b10902020" declared "call:10"
name: b10902116, hole_card: ['CA', 'C9']
name: b10902020, hole_card: ['DT', 'H5']
"b10902116" declared "raise:15"
name: b10902116, hole_card: ['CA', 'C9']
name: b10902020, hole_card: ['DT', 'H5']
"b10902020" declared "fold:0"
"['b10902116']" won the round 7 (stack = {'b10902116': 1000, 'b10902020': 1000})
community cards of this round: ['C9', 'CT', 'S7', 'H6', 'C7']
name: b10902116, hole_card: ['H9', 'HJ']
name: b10902020, hole_card: ['SA', 'S6']
Started the round 8
Street "preflop" started. (community card = [])
name: b10902116, hole_card: ['H9', 'HJ']
name: b10902020, hole_card: ['SA', 'S6']
"b10902116" declared "raise:15"
name: b10902116, hole_card: ['H9', 'HJ']
name: b10902020, hole_card: ['SA', 'S6']
"b10902020" declared "call:15"
Street "flop" started. (community card = ['C9', 'CT', 'S7'])
name: b10902116, hole_card: ['H9', 'HJ']
name: b10902020, hole_card: ['SA', 'S6']
"b10902116" declared "raise:76"
name: b10902116, hole_card: ['H9', 'HJ']
name: b10902020, hole_card: ['SA', 'S6']
"b10902020" declared "fold:0"
"['b10902116']" won the round 8 (stack = {'b10902116': 1015, 'b10902020': 985})
community cards of this round: ['C8', 'H5', 'HK', 'SA', 'S4']
name: b10902116, hole_card: ['DK', 'H8']
name: b10902020, hole_card: ['D5', 'S7']
Started the round 9
Street "preflop" started. (community card = [])
name: b10902116, hole_card: ['DK', 'H8']
name: b10902020, hole_card: ['D5', 'S7']
"b10902020" declared "call:10"
name: b10902116, hole_card: ['DK', 'H8']
name: b10902020, hole_card: ['D5', 'S7']
"b10902116" declared "raise:15"
name: b10902116, hole_card: ['DK', 'H8']
name: b10902020, hole_card: ['D5', 'S7']
"b10902020" declared "fold:0"
"['b10902116']" won the round 9 (stack = {'b10902116': 1025, 'b10902020': 975})
community cards of this round: ['D8', 'SA', 'DA', 'C8', 'CA']
name: b10902116, hole_card: ['C3', 'S7']
name: b10902020, hole_card: ['HJ', 'C6']
Started the round 10
Street "preflop" started. (community card = [])
name: b10902116, hole_card: ['C3', 'S7']
name: b10902020, hole_card: ['HJ', 'C6']
"b10902116" declared "call:10"
name: b10902116, hole_card: ['C3', 'S7']
name: b10902020, hole_card: ['HJ', 'C6']
"b10902020" declared "call:10"
Street "flop" started. (community card = ['D8', 'SA', 'DA'])
name: b10902116, hole_card: ['C3', 'S7']
name: b10902020, hole_card: ['HJ', 'C6']
"b10902116" declared "call:0"
name: b10902116, hole_card: ['C3', 'S7']
name: b10902020, hole_card: ['HJ', 'C6']
"b10902020" declared "raise:30"
name: b10902116, hole_card: ['C3', 'S7']
name: b10902020, hole_card: ['HJ', 'C6']
"b10902116" declared "fold:0"
"['b10902020']" won the round 10 (stack = {'b10902116': 1015, 'b10902020': 985})
community cards of this round: ['C2', 'S7', 'H6', 'HT', 'S4']
name: b10902116, hole_card: ['HK', 'SJ']
name: b10902020, hole_card: ['C7', 'D5']
Started the round 11
Street "preflop" started. (community card = [])
name: b10902116, hole_card: ['HK', 'SJ']
name: b10902020, hole_card: ['C7', 'D5']
"b10902020" declared "call:10"
name: b10902116, hole_card: ['HK', 'SJ']
name: b10902020, hole_card: ['C7', 'D5']
"b10902116" declared "raise:15"
name: b10902116, hole_card: ['HK', 'SJ']
name: b10902020, hole_card: ['C7', 'D5']
"b10902020" declared "fold:0"
"['b10902116']" won the round 11 (stack = {'b10902116': 1025, 'b10902020': 975})
community cards of this round: ['H5', 'C5', 'D7', 'HA', 'S7']
name: b10902116, hole_card: ['CQ', 'CA']
name: b10902020, hole_card: ['D9', 'HJ']
Started the round 12
Street "preflop" started. (community card = [])
name: b10902116, hole_card: ['CQ', 'CA']
name: b10902020, hole_card: ['D9', 'HJ']
"b10902116" declared "raise:26"
name: b10902116, hole_card: ['CQ', 'CA']
name: b10902020, hole_card: ['D9', 'HJ']
"b10902020" declared "fold:0"
"['b10902116']" won the round 12 (stack = {'b10902116': 1035, 'b10902020': 965})
community cards of this round: ['S7', 'HJ', 'S6', 'D3', 'C3']
name: b10902116, hole_card: ['C4', 'C9']
name: b10902020, hole_card: ['CT', 'CA']
Started the round 13
Street "preflop" started. (community card = [])
name: b10902116, hole_card: ['C4', 'C9']
name: b10902020, hole_card: ['CT', 'CA']
"b10902020" declared "raise:30"
name: b10902116, hole_card: ['C4', 'C9']
name: b10902020, hole_card: ['CT', 'CA']
"b10902116" declared "call:30"
Street "flop" started. (community card = ['S7', 'HJ', 'S6'])
name: b10902116, hole_card: ['C4', 'C9']
name: b10902020, hole_card: ['CT', 'CA']
"b10902020" declared "raise:935"
name: b10902116, hole_card: ['C4', 'C9']
name: b10902020, hole_card: ['CT', 'CA']
"b10902116" declared "fold:0"
"['b10902020']" won the round 13 (stack = {'b10902116': 1005, 'b10902020': 995})
community cards of this round: ['CT', 'ST', 'S2', 'HA', 'CA']
name: b10902116, hole_card: ['HJ', 'S4']
name: b10902020, hole_card: ['S5', 'H9']
Started the round 14
Street "preflop" started. (community card = [])
name: b10902116, hole_card: ['HJ', 'S4']
name: b10902020, hole_card: ['S5', 'H9']
"b10902116" declared "call:10"
name: b10902116, hole_card: ['HJ', 'S4']
name: b10902020, hole_card: ['S5', 'H9']
"b10902020" declared "call:10"
Street "flop" started. (community card = ['CT', 'ST', 'S2'])
name: b10902116, hole_card: ['HJ', 'S4']
name: b10902020, hole_card: ['S5', 'H9']
"b10902116" declared "call:0"
name: b10902116, hole_card: ['HJ', 'S4']
name: b10902020, hole_card: ['S5', 'H9']
"b10902020" declared "call:0"
Street "turn" started. (community card = ['CT', 'ST', 'S2', 'HA'])
name: b10902116, hole_card: ['HJ', 'S4']
name: b10902020, hole_card: ['S5', 'H9']
"b10902116" declared "call:0"
name: b10902116, hole_card: ['HJ', 'S4']
name: b10902020, hole_card: ['S5', 'H9']
"b10902020" declared "call:0"
Street "river" started. (community card = ['CT', 'ST', 'S2', 'HA', 'CA'])
name: b10902116, hole_card: ['HJ', 'S4']
name: b10902020, hole_card: ['S5', 'H9']
"b10902116" declared "call:0"
name: b10902116, hole_card: ['HJ', 'S4']
name: b10902020, hole_card: ['S5', 'H9']
"b10902020" declared "call:0"
"['b10902116']" won the round 14 (stack = {'b10902116': 1015, 'b10902020': 985})
community cards of this round: ['CJ', 'C9', 'D4', 'DA', 'H9']
name: b10902116, hole_card: ['S2', 'SA']
name: b10902020, hole_card: ['D6', 'H3']
Started the round 15
Street "preflop" started. (community card = [])
name: b10902116, hole_card: ['S2', 'SA']
name: b10902020, hole_card: ['D6', 'H3']
"b10902020" declared "call:10"
name: b10902116, hole_card: ['S2', 'SA']
name: b10902020, hole_card: ['D6', 'H3']
"b10902116" declared "raise:15"
name: b10902116, hole_card: ['S2', 'SA']
name: b10902020, hole_card: ['D6', 'H3']
"b10902020" declared "fold:0"
"['b10902116']" won the round 15 (stack = {'b10902116': 1025, 'b10902020': 975})
community cards of this round: ['C2', 'S9', 'D7', 'C7', 'H9']
name: b10902116, hole_card: ['SK', 'S2']
name: b10902020, hole_card: ['D2', 'S4']
Started the round 16
Street "preflop" started. (community card = [])
name: b10902116, hole_card: ['SK', 'S2']
name: b10902020, hole_card: ['D2', 'S4']
"b10902116" declared "raise:15"
name: b10902116, hole_card: ['SK', 'S2']
name: b10902020, hole_card: ['D2', 'S4']
"b10902020" declared "raise:975"
name: b10902116, hole_card: ['SK', 'S2']
name: b10902020, hole_card: ['D2', 'S4']
"b10902116" declared "fold:0"
"['b10902020']" won the round 16 (stack = {'b10902116': 1010, 'b10902020': 990})
community cards of this round: ['D5', 'SQ', 'D4', 'C6', 'DK']
name: b10902116, hole_card: ['D6', 'CK']
name: b10902020, hole_card: ['C3', 'DT']
Started the round 17
Street "preflop" started. (community card = [])
name: b10902116, hole_card: ['D6', 'CK']
name: b10902020, hole_card: ['C3', 'DT']
"b10902020" declared "call:10"
name: b10902116, hole_card: ['D6', 'CK']
name: b10902020, hole_card: ['C3', 'DT']
"b10902116" declared "raise:15"
name: b10902116, hole_card: ['D6', 'CK']
name: b10902020, hole_card: ['C3', 'DT']
"b10902020" declared "raise:990"
name: b10902116, hole_card: ['D6', 'CK']
name: b10902020, hole_card: ['C3', 'DT']
"b10902116" declared "fold:0"
"['b10902020']" won the round 17 (stack = {'b10902116': 995, 'b10902020': 1005})
community cards of this round: ['SA', 'HT', 'SK', 'CK', 'S7']
name: b10902116, hole_card: ['HQ', 'C3']
name: b10902020, hole_card: ['CA', 'H9']
Started the round 18
Street "preflop" started. (community card = [])
name: b10902116, hole_card: ['HQ', 'C3']
name: b10902020, hole_card: ['CA', 'H9']
"b10902116" declared "raise:15"
name: b10902116, hole_card: ['HQ', 'C3']
name: b10902020, hole_card: ['CA', 'H9']
"b10902020" declared "call:15"
Street "flop" started. (community card = ['SA', 'HT', 'SK'])
name: b10902116, hole_card: ['HQ', 'C3']
name: b10902020, hole_card: ['CA', 'H9']
"b10902116" declared "call:0"
name: b10902116, hole_card: ['HQ', 'C3']
name: b10902020, hole_card: ['CA', 'H9']
"b10902020" declared "raise:30"
name: b10902116, hole_card: ['HQ', 'C3']
name: b10902020, hole_card: ['CA', 'H9']
"b10902116" declared "call:30"
Street "turn" started. (community card = ['SA', 'HT', 'SK', 'CK'])
name: b10902116, hole_card: ['HQ', 'C3']
name: b10902020, hole_card: ['CA', 'H9']
"b10902116" declared "call:0"
name: b10902116, hole_card: ['HQ', 'C3']
name: b10902020, hole_card: ['CA', 'H9']
"b10902020" declared "raise:960"
name: b10902116, hole_card: ['HQ', 'C3']
name: b10902020, hole_card: ['CA', 'H9']
"b10902116" declared "call:960"
Street "river" started. (community card = ['SA', 'HT', 'SK', 'CK', 'S7'])
"['b10902020']" won the round 18 (stack = {'b10902116': 0, 'b10902020': 2000})
b10902116 vs b10902020 - Game 4: {'rule': {'initial_stack': 1000, 'max_round': 20, 'small_blind_amount': 5, 'ante': 0, 'blind_structure': {}}, 'players': [{'name': 'b10902116', 'uuid': 'yptrgucxgvspgvwbrpceaf', 'stack': 0, 'state': 'folded'}, {'name': 'b10902020', 'uuid': 'ajezmvckcuptkcepetkifh', 'stack': 2000, 'state': 'participating'}]}
community cards of this round: ['DQ', 'CA', 'S3', 'H8', 'H5']
name: b10902020, hole_card: ['S4', 'D6']
name: b10902116, hole_card: ['CJ', 'H2']
Started the round 1
Street "preflop" started. (community card = [])
name: b10902020, hole_card: ['S4', 'D6']
name: b10902116, hole_card: ['CJ', 'H2']
"b10902116" declared "call:10"
name: b10902020, hole_card: ['S4', 'D6']
name: b10902116, hole_card: ['CJ', 'H2']
"b10902020" declared "call:10"
Street "flop" started. (community card = ['DQ', 'CA', 'S3'])
name: b10902020, hole_card: ['S4', 'D6']
name: b10902116, hole_card: ['CJ', 'H2']
"b10902116" declared "call:0"
name: b10902020, hole_card: ['S4', 'D6']
name: b10902116, hole_card: ['CJ', 'H2']
"b10902020" declared "call:0"
Street "turn" started. (community card = ['DQ', 'CA', 'S3', 'H8'])
name: b10902020, hole_card: ['S4', 'D6']
name: b10902116, hole_card: ['CJ', 'H2']
"b10902116" declared "call:0"
name: b10902020, hole_card: ['S4', 'D6']
name: b10902116, hole_card: ['CJ', 'H2']
"b10902020" declared "call:0"
Street "river" started. (community card = ['DQ', 'CA', 'S3', 'H8', 'H5'])
name: b10902020, hole_card: ['S4', 'D6']
name: b10902116, hole_card: ['CJ', 'H2']
"b10902116" declared "call:0"
name: b10902020, hole_card: ['S4', 'D6']
name: b10902116, hole_card: ['CJ', 'H2']
"b10902020" declared "call:0"
"['b10902116']" won the round 1 (stack = {'b10902020': 990, 'b10902116': 1010})
community cards of this round: ['HA', 'HT', 'S9', 'CQ', 'DK']
name: b10902020, hole_card: ['D4', 'ST']
name: b10902116, hole_card: ['CA', 'C3']
Started the round 2
Street "preflop" started. (community card = [])
name: b10902020, hole_card: ['D4', 'ST']
name: b10902116, hole_card: ['CA', 'C3']
"b10902020" declared "call:10"
name: b10902020, hole_card: ['D4', 'ST']
name: b10902116, hole_card: ['CA', 'C3']
"b10902116" declared "raise:15"
name: b10902020, hole_card: ['D4', 'ST']
name: b10902116, hole_card: ['CA', 'C3']
"b10902020" declared "fold:0"
"['b10902116']" won the round 2 (stack = {'b10902020': 980, 'b10902116': 1020})
community cards of this round: ['SA', 'D2', 'DT', 'H7', 'D9']
name: b10902020, hole_card: ['D7', 'S4']
name: b10902116, hole_card: ['H8', 'S7']
Started the round 3
Street "preflop" started. (community card = [])
name: b10902020, hole_card: ['D7', 'S4']
name: b10902116, hole_card: ['H8', 'S7']
"b10902116" declared "call:10"
name: b10902020, hole_card: ['D7', 'S4']
name: b10902116, hole_card: ['H8', 'S7']
"b10902020" declared "call:10"
Street "flop" started. (community card = ['SA', 'D2', 'DT'])
name: b10902020, hole_card: ['D7', 'S4']
name: b10902116, hole_card: ['H8', 'S7']
"b10902116" declared "call:0"
name: b10902020, hole_card: ['D7', 'S4']
name: b10902116, hole_card: ['H8', 'S7']
"b10902020" declared "call:0"
Street "turn" started. (community card = ['SA', 'D2', 'DT', 'H7'])
name: b10902020, hole_card: ['D7', 'S4']
name: b10902116, hole_card: ['H8', 'S7']
"b10902116" declared "raise:10"
name: b10902020, hole_card: ['D7', 'S4']
name: b10902116, hole_card: ['H8', 'S7']
"b10902020" declared "call:10"
Street "river" started. (community card = ['SA', 'D2', 'DT', 'H7', 'D9'])
name: b10902020, hole_card: ['D7', 'S4']
name: b10902116, hole_card: ['H8', 'S7']
"b10902116" declared "call:0"
name: b10902020, hole_card: ['D7', 'S4']
name: b10902116, hole_card: ['H8', 'S7']
"b10902020" declared "raise:30"
name: b10902020, hole_card: ['D7', 'S4']
name: b10902116, hole_card: ['H8', 'S7']
"b10902116" declared "call:30"
"['b10902116']" won the round 3 (stack = {'b10902020': 930, 'b10902116': 1070})
community cards of this round: ['S3', 'C4', 'HQ', 'HA', 'C8']
name: b10902020, hole_card: ['S5', 'CQ']
name: b10902116, hole_card: ['D3', 'CK']
Started the round 4
Street "preflop" started. (community card = [])
name: b10902020, hole_card: ['S5', 'CQ']
name: b10902116, hole_card: ['D3', 'CK']
"b10902020" declared "call:10"
name: b10902020, hole_card: ['S5', 'CQ']
name: b10902116, hole_card: ['D3', 'CK']
"b10902116" declared "raise:15"
name: b10902020, hole_card: ['S5', 'CQ']
name: b10902116, hole_card: ['D3', 'CK']
"b10902020" declared "fold:0"
"['b10902116']" won the round 4 (stack = {'b10902020': 920, 'b10902116': 1080})
community cards of this round: ['S9', 'HT', 'S3', 'S8', 'C3']
name: b10902020, hole_card: ['H9', 'DQ']
name: b10902116, hole_card: ['C6', 'C2']
Started the round 5
Street "preflop" started. (community card = [])
name: b10902020, hole_card: ['H9', 'DQ']
name: b10902116, hole_card: ['C6', 'C2']
"b10902116" declared "call:10"
name: b10902020, hole_card: ['H9', 'DQ']
name: b10902116, hole_card: ['C6', 'C2']
"b10902020" declared "call:10"
Street "flop" started. (community card = ['S9', 'HT', 'S3'])
name: b10902020, hole_card: ['H9', 'DQ']
name: b10902116, hole_card: ['C6', 'C2']
"b10902116" declared "call:0"
name: b10902020, hole_card: ['H9', 'DQ']
name: b10902116, hole_card: ['C6', 'C2']
"b10902020" declared "raise:30"
name: b10902020, hole_card: ['H9', 'DQ']
name: b10902116, hole_card: ['C6', 'C2']
"b10902116" declared "fold:0"
"['b10902020']" won the round 5 (stack = {'b10902020': 930, 'b10902116': 1070})
community cards of this round: ['H5', 'DK', 'C4', 'H4', 'C5']
name: b10902020, hole_card: ['H8', 'S2']
name: b10902116, hole_card: ['H7', 'S4']
Started the round 6
Street "preflop" started. (community card = [])
name: b10902020, hole_card: ['H8', 'S2']
name: b10902116, hole_card: ['H7', 'S4']
"b10902020" declared "call:10"
name: b10902020, hole_card: ['H8', 'S2']
name: b10902116, hole_card: ['H7', 'S4']
"b10902116" declared "call:10"
Street "flop" started. (community card = ['H5', 'DK', 'C4'])
name: b10902020, hole_card: ['H8', 'S2']
name: b10902116, hole_card: ['H7', 'S4']
"b10902020" declared "call:0"
name: b10902020, hole_card: ['H8', 'S2']
name: b10902116, hole_card: ['H7', 'S4']
"b10902116" declared "raise:10"
name: b10902020, hole_card: ['H8', 'S2']
name: b10902116, hole_card: ['H7', 'S4']
"b10902020" declared "fold:0"
"['b10902116']" won the round 6 (stack = {'b10902020': 920, 'b10902116': 1080})
community cards of this round: ['H8', 'S6', 'SQ', 'D9', 'C4']
name: b10902020, hole_card: ['C6', 'CT']
name: b10902116, hole_card: ['H9', 'H6']
Started the round 7
Street "preflop" started. (community card = [])
name: b10902020, hole_card: ['C6', 'CT']
name: b10902116, hole_card: ['H9', 'H6']
"b10902116" declared "call:10"
name: b10902020, hole_card: ['C6', 'CT']
name: b10902116, hole_card: ['H9', 'H6']
"b10902020" declared "call:10"
Street "flop" started. (community card = ['H8', 'S6', 'SQ'])
name: b10902020, hole_card: ['C6', 'CT']
name: b10902116, hole_card: ['H9', 'H6']
"b10902116" declared "raise:10"
name: b10902020, hole_card: ['C6', 'CT']
name: b10902116, hole_card: ['H9', 'H6']
"b10902020" declared "call:10"
Street "turn" started. (community card = ['H8', 'S6', 'SQ', 'D9'])
name: b10902020, hole_card: ['C6', 'CT']
name: b10902116, hole_card: ['H9', 'H6']
"b10902116" declared "raise:10"
name: b10902020, hole_card: ['C6', 'CT']
name: b10902116, hole_card: ['H9', 'H6']
"b10902020" declared "raise:900"
name: b10902020, hole_card: ['C6', 'CT']
name: b10902116, hole_card: ['H9', 'H6']
"b10902116" declared "call:900"
Street "river" started. (community card = ['H8', 'S6', 'SQ', 'D9', 'C4'])
"['b10902116']" won the round 7 (stack = {'b10902020': 0, 'b10902116': 2000})
b10902116 vs b10902020 - Game 5: {'rule': {'initial_stack': 1000, 'max_round': 20, 'small_blind_amount': 5, 'ante': 0, 'blind_structure': {}}, 'players': [{'name': 'b10902020', 'uuid': 'tyfxalwwulkzipvwfubthb', 'stack': 0, 'state': 'folded'}, {'name': 'b10902116', 'uuid': 'fdcactztwbmhrixpztvqjc', 'stack': 2000, 'state': 'participating'}]}
Final Result: b10902116 won 3 games (stack: 9015), b10902020 won 2 games (stack: 985)
