community cards of this round: ['H8', 'ST', 'S6', 'H6', 'D7']
name: b10902035, hole_card: ['S8', 'C9']
name: b10902051, hole_card: ['C3', 'CA']
Started the round 1
Street "preflop" started. (community card = [])
name: b10902035, hole_card: ['S8', 'C9']
name: b10902051, hole_card: ['C3', 'CA']
win_rate 0.56
put_in: 21.77777777777778
"b10902051" declared "raise:21.77777777777778"
name: b10902035, hole_card: ['S8', 'C9']
name: b10902051, hole_card: ['C3', 'CA']
win_rate 0.56
put_in: 21.77777777777778
"b10902035" declared "raise:200"
name: b10902035, hole_card: ['S8', 'C9']
name: b10902051, hole_card: ['C3', 'CA']
win_rate 0.595
put_in: 21.77777777777778
"b10902051" declared "fold:0"
"['b10902035']" won the round 1 (stack = {'b10902035': 1021, 'b10902051': 978.2222222222222})
community cards of this round: ['H4', 'CA', 'C6', 'HA', 'DT']
name: b10902035, hole_card: ['DA', 'HK']
name: b10902051, hole_card: ['DJ', 'C9']
Started the round 2
Street "preflop" started. (community card = [])
name: b10902035, hole_card: ['DA', 'HK']
name: b10902051, hole_card: ['DJ', 'C9']
win_rate 0.595
put_in: 0.0
"b10902035" declared "raise:169"
name: b10902035, hole_card: ['DA', 'HK']
name: b10902051, hole_card: ['DJ', 'C9']
win_rate 0.524
put_in: 0.0
"b10902051" declared "fold:0"
"['b10902035']" won the round 2 (stack = {'b10902035': 1031, 'b10902051': 968.2222222222222})
community cards of this round: ['D9', 'C9', 'C7', 'C5', 'H3']
name: b10902035, hole_card: ['H5', 'D5']
name: b10902051, hole_card: ['C4', 'DQ']
Started the round 3
Street "preflop" started. (community card = [])
name: b10902035, hole_card: ['H5', 'D5']
name: b10902051, hole_card: ['C4', 'DQ']
win_rate 0.478
put_in: 22.53086419753087
"b10902051" declared "raise:22.53086419753087"
name: b10902035, hole_card: ['H5', 'D5']
name: b10902051, hole_card: ['C4', 'DQ']
win_rate 0.478
put_in: 22.53086419753087
"b10902035" declared "raise:149"
name: b10902035, hole_card: ['H5', 'D5']
name: b10902051, hole_card: ['C4', 'DQ']
win_rate 0.515
put_in: 22.53086419753087
"b10902051" declared "fold:0"
"['b10902035']" won the round 3 (stack = {'b10902035': 1053, 'b10902051': 945.6913580246913})
community cards of this round: ['D8', 'DK', 'H2', 'SQ', 'S4']
name: b10902035, hole_card: ['D9', 'SK']
name: b10902051, hole_card: ['HJ', 'H3']
Started the round 4
Street "preflop" started. (community card = [])
name: b10902035, hole_card: ['D9', 'SK']
name: b10902051, hole_card: ['HJ', 'H3']
win_rate 0.515
put_in: 0.0
"b10902035" declared "call:10"
name: b10902035, hole_card: ['D9', 'SK']
name: b10902051, hole_card: ['HJ', 'H3']
win_rate 0.486
put_in: 23.923182441700963
"b10902051" declared "raise:23.923182441700963"
name: b10902035, hole_card: ['D9', 'SK']
name: b10902051, hole_card: ['HJ', 'H3']
win_rate 0.486
put_in: 23.923182441700963
"b10902035" declared "call:23.923182441700963"
Street "flop" started. (community card = ['D8', 'DK', 'H2'])
name: b10902035, hole_card: ['D9', 'SK']
name: b10902051, hole_card: ['HJ', 'H3']
win_rate 0.486
put_in: 23.923182441700963
"b10902035" declared "call:0"
name: b10902035, hole_card: ['D9', 'SK']
name: b10902051, hole_card: ['HJ', 'H3']
win_rate 0.336
put_in: 23.923182441700963
"b10902051" declared "call:0"
Street "turn" started. (community card = ['D8', 'DK', 'H2', 'SQ'])
name: b10902035, hole_card: ['D9', 'SK']
name: b10902051, hole_card: ['HJ', 'H3']
win_rate 0.336
put_in: 23.923182441700963
"b10902035" declared "call:0"
name: b10902035, hole_card: ['D9', 'SK']
name: b10902051, hole_card: ['HJ', 'H3']
win_rate 0.297
put_in: 23.923182441700963
"b10902051" declared "call:0"
Street "river" started. (community card = ['D8', 'DK', 'H2', 'SQ', 'S4'])
name: b10902035, hole_card: ['D9', 'SK']
name: b10902051, hole_card: ['HJ', 'H3']
win_rate 0.297
put_in: 23.923182441700963
"b10902035" declared "call:0"
name: b10902035, hole_card: ['D9', 'SK']
name: b10902051, hole_card: ['HJ', 'H3']
win_rate 0.242
put_in: 23.923182441700963
"b10902051" declared "call:0"
"['b10902035']" won the round 4 (stack = {'b10902035': 1076.0768175582991, 'b10902051': 921.7681755829904})
community cards of this round: ['SK', 'CQ', 'HQ', 'H3', 'S7']
name: b10902035, hole_card: ['HJ', 'CK']
name: b10902051, hole_card: ['H6', 'S6']
Started the round 5
Street "preflop" started. (community card = [])
name: b10902035, hole_card: ['HJ', 'CK']
name: b10902051, hole_card: ['H6', 'S6']
win_rate 0.631
put_in: 25.470202713001072
"b10902051" declared "raise:25.470202713001072"
name: b10902035, hole_card: ['HJ', 'CK']
name: b10902051, hole_card: ['H6', 'S6']
win_rate 0.631
put_in: 25.470202713001072
"b10902035" declared "call:25.470202713001072"
Street "flop" started. (community card = ['SK', 'CQ', 'HQ'])
name: b10902035, hole_card: ['HJ', 'CK']
name: b10902051, hole_card: ['H6', 'S6']
win_rate 0.56
put_in: 46.94702704533524
"b10902051" declared "raise:21.476824332334168"
name: b10902035, hole_card: ['HJ', 'CK']
name: b10902051, hole_card: ['H6', 'S6']
win_rate 0.56
put_in: 46.94702704533524
"b10902035" declared "call:21.476824332334168"
Street "turn" started. (community card = ['SK', 'CQ', 'HQ', 'H3'])
name: b10902035, hole_card: ['HJ', 'CK']
name: b10902051, hole_card: ['H6', 'S6']
win_rate 0.656
put_in: 63.65122374826181
"b10902051" declared "raise:16.704196702926577"
name: b10902035, hole_card: ['HJ', 'CK']
name: b10902051, hole_card: ['H6', 'S6']
win_rate 0.656
put_in: 63.65122374826181
"b10902035" declared "call:16.704196702926577"
Street "river" started. (community card = ['SK', 'CQ', 'HQ', 'H3', 'S7'])
name: b10902035, hole_card: ['HJ', 'CK']
name: b10902051, hole_card: ['H6', 'S6']
win_rate 0.637
put_in: 63.65122374826181
"b10902051" declared "call:0"
name: b10902035, hole_card: ['HJ', 'CK']
name: b10902051, hole_card: ['H6', 'S6']
win_rate 0.637
put_in: 63.65122374826181
"b10902035" declared "call:0"
"['b10902035']" won the round 5 (stack = {'b10902035': 1139.4255938100373, 'b10902051': 858.1169518347285})
community cards of this round: ['D5', 'C6', 'H9', 'D2', 'D3']
name: b10902035, hole_card: ['C9', 'C7']
name: b10902051, hole_card: ['SK', 'S4']
Started the round 6
Street "preflop" started. (community card = [])
name: b10902035, hole_card: ['C9', 'C7']
name: b10902051, hole_card: ['SK', 'S4']
win_rate 0.637
put_in: 0.0
"b10902035" declared "call:10"
name: b10902035, hole_card: ['C9', 'C7']
name: b10902051, hole_card: ['SK', 'S4']
win_rate 0.53
put_in: 10.0
"b10902051" declared "call:10"
Street "flop" started. (community card = ['D5', 'C6', 'H9'])
name: b10902035, hole_card: ['C9', 'C7']
name: b10902051, hole_card: ['SK', 'S4']
win_rate 0.53
put_in: 10.0
"b10902035" declared "call:0"
name: b10902035, hole_card: ['C9', 'C7']
name: b10902051, hole_card: ['SK', 'S4']
win_rate 0.4
put_in: 10.0
"b10902051" declared "call:0"
Street "turn" started. (community card = ['D5', 'C6', 'H9', 'D2'])
name: b10902035, hole_card: ['C9', 'C7']
name: b10902051, hole_card: ['SK', 'S4']
win_rate 0.4
put_in: 10.0
"b10902035" declared "call:0"
name: b10902035, hole_card: ['C9', 'C7']
name: b10902051, hole_card: ['SK', 'S4']
win_rate 0.328
put_in: 10.0
"b10902051" declared "call:0"
Street "river" started. (community card = ['D5', 'C6', 'H9', 'D2', 'D3'])
name: b10902035, hole_card: ['C9', 'C7']
name: b10902051, hole_card: ['SK', 'S4']
win_rate 0.328
put_in: 10.0
"b10902035" declared "call:0"
name: b10902035, hole_card: ['C9', 'C7']
name: b10902051, hole_card: ['SK', 'S4']
win_rate 0.915
put_in: 104.29434938842383
"b10902051" declared "raise:94.29434938842383"
name: b10902035, hole_card: ['C9', 'C7']
name: b10902051, hole_card: ['SK', 'S4']
win_rate 0.915
put_in: 104.29434938842383
"b10902035" declared "call:94.29434938842383"
"['b10902051']" won the round 6 (stack = {'b10902035': 1035.1312444216135, 'b10902051': 961.8226024463047})
community cards of this round: ['C5', 'D8', 'S5', 'HJ', 'S4']
name: b10902035, hole_card: ['H6', 'D3']
name: b10902051, hole_card: ['H5', 'SJ']
Started the round 7
Street "preflop" started. (community card = [])
name: b10902035, hole_card: ['H6', 'D3']
name: b10902051, hole_card: ['H5', 'SJ']
win_rate 0.492
put_in: 10.0
"b10902051" declared "call:10"
name: b10902035, hole_card: ['H6', 'D3']
name: b10902051, hole_card: ['H5', 'SJ']
win_rate 0.492
put_in: 10.0
"b10902035" declared "call:10"
Street "flop" started. (community card = ['C5', 'D8', 'S5'])
name: b10902035, hole_card: ['H6', 'D3']
name: b10902051, hole_card: ['H5', 'SJ']
win_rate 0.922
put_in: 64.72579918456509
"b10902051" declared "raise:54.7257991845651"
name: b10902035, hole_card: ['H6', 'D3']
name: b10902051, hole_card: ['H5', 'SJ']
win_rate 0.922
put_in: 64.72579918456509
"b10902035" declared "call:54.7257991845651"
Street "turn" started. (community card = ['C5', 'D8', 'S5', 'HJ'])
name: b10902035, hole_card: ['H6', 'D3']
name: b10902051, hole_card: ['H5', 'SJ']
win_rate 0.989
put_in: 82.9677322460868
"b10902051" declared "raise:18.241933061521706"
name: b10902035, hole_card: ['H6', 'D3']
name: b10902051, hole_card: ['H5', 'SJ']
win_rate 0.989
put_in: 82.9677322460868
"b10902035" declared "call:18.241933061521706"
Street "river" started. (community card = ['C5', 'D8', 'S5', 'HJ', 'S4'])
name: b10902035, hole_card: ['H6', 'D3']
name: b10902051, hole_card: ['H5', 'SJ']
win_rate 0.998
put_in: 92.9677322460868
"b10902051" declared "raise:10"
name: b10902035, hole_card: ['H6', 'D3']
name: b10902051, hole_card: ['H5', 'SJ']
win_rate 0.998
put_in: 92.9677322460868
"b10902035" declared "call:10"
"['b10902051']" won the round 7 (stack = {'b10902035': 942.1635121755266, 'b10902051': 1053.8548702002179})
community cards of this round: ['SQ', 'H6', 'HT', 'SA', 'S3']
name: b10902035, hole_card: ['HA', 'CQ']
name: b10902051, hole_card: ['D2', 'HQ']
Started the round 8
Street "preflop" started. (community card = [])
name: b10902035, hole_card: ['HA', 'CQ']
name: b10902051, hole_card: ['D2', 'HQ']
win_rate 0.998
put_in: 0.0
"b10902035" declared "raise:183.85487020021787"
name: b10902035, hole_card: ['HA', 'CQ']
name: b10902051, hole_card: ['D2', 'HQ']
win_rate 0.462
put_in: 0.0
"b10902051" declared "fold:0"
"['b10902035']" won the round 8 (stack = {'b10902035': 951.3086419753088, 'b10902051': 1043.8548702002179})
community cards of this round: ['D9', 'DJ', 'S9', 'D4', 'S5']
name: b10902035, hole_card: ['C4', 'HA']
name: b10902051, hole_card: ['H4', 'SJ']
Started the round 9
Street "preflop" started. (community card = [])
name: b10902035, hole_card: ['C4', 'HA']
name: b10902051, hole_card: ['H4', 'SJ']
win_rate 0.462
put_in: 10.0
"b10902051" declared "call:10"
name: b10902035, hole_card: ['C4', 'HA']
name: b10902051, hole_card: ['H4', 'SJ']
win_rate 0.462
put_in: 10.0
"b10902035" declared "raise:168.69135802469123"
name: b10902035, hole_card: ['C4', 'HA']
name: b10902051, hole_card: ['H4', 'SJ']
win_rate 0.449
put_in: 10.0
"b10902051" declared "fold:0"
"['b10902035']" won the round 9 (stack = {'b10902035': 960.6172839506175, 'b10902051': 1033.8548702002179})
community cards of this round: ['D5', 'H6', 'SA', 'ST', 'C9']
name: b10902035, hole_card: ['H9', 'D6']
name: b10902051, hole_card: ['C3', 'S3']
Started the round 10
Street "preflop" started. (community card = [])
name: b10902035, hole_card: ['H9', 'D6']
name: b10902051, hole_card: ['C3', 'S3']
win_rate 0.449
put_in: 0.0
"b10902035" declared "call:10"
name: b10902035, hole_card: ['H9', 'D6']
name: b10902051, hole_card: ['C3', 'S3']
win_rate 0.503
put_in: 10.0
"b10902051" declared "call:10"
Street "flop" started. (community card = ['D5', 'H6', 'SA'])
name: b10902035, hole_card: ['H9', 'D6']
name: b10902051, hole_card: ['C3', 'S3']
win_rate 0.503
put_in: 10.0
"b10902035" declared "call:0"
name: b10902035, hole_card: ['H9', 'D6']
name: b10902051, hole_card: ['C3', 'S3']
win_rate 0.457
put_in: 10.0
"b10902051" declared "call:0"
Street "turn" started. (community card = ['D5', 'H6', 'SA', 'ST'])
name: b10902035, hole_card: ['H9', 'D6']
name: b10902051, hole_card: ['C3', 'S3']
win_rate 0.457
put_in: 10.0
"b10902035" declared "call:0"
name: b10902035, hole_card: ['H9', 'D6']
name: b10902051, hole_card: ['C3', 'S3']
win_rate 0.441
put_in: 20.0
"b10902051" declared "raise:10"
name: b10902035, hole_card: ['H9', 'D6']
name: b10902051, hole_card: ['C3', 'S3']
win_rate 0.441
put_in: 20.0
"b10902035" declared "call:10"
Street "river" started. (community card = ['D5', 'H6', 'SA', 'ST', 'C9'])
name: b10902035, hole_card: ['H9', 'D6']
name: b10902051, hole_card: ['C3', 'S3']
win_rate 0.441
put_in: 20.0
"b10902035" declared "call:0"
name: b10902035, hole_card: ['H9', 'D6']
name: b10902051, hole_card: ['C3', 'S3']
win_rate 0.413
put_in: 20.0
"b10902051" declared "call:0"
"['b10902035']" won the round 10 (stack = {'b10902035': 980.6172839506175, 'b10902051': 1013.8548702002179})
community cards of this round: ['DK', 'D5', 'H5', 'CA', 'ST']
name: b10902035, hole_card: ['S8', 'S9']
name: b10902051, hole_card: ['D9', 'H3']
Started the round 11
Street "preflop" started. (community card = [])
name: b10902035, hole_card: ['S8', 'S9']
name: b10902051, hole_card: ['D9', 'H3']
win_rate 0.403
put_in: 10.0
"b10902051" declared "call:10"
name: b10902035, hole_card: ['S8', 'S9']
name: b10902051, hole_card: ['D9', 'H3']
win_rate 0.403
put_in: 10.0
"b10902035" declared "raise:119.38271604938245"
name: b10902035, hole_card: ['S8', 'S9']
name: b10902051, hole_card: ['D9', 'H3']
win_rate 0.406
put_in: 129.38271604938245
"b10902051" declared "call:119.38271604938245"
Street "flop" started. (community card = ['DK', 'D5', 'H5'])
name: b10902035, hole_card: ['S8', 'S9']
name: b10902051, hole_card: ['D9', 'H3']
win_rate 0.281
put_in: 129.38271604938245
"b10902051" declared "call:0"
name: b10902035, hole_card: ['S8', 'S9']
name: b10902051, hole_card: ['D9', 'H3']
win_rate 0.281
put_in: 129.38271604938245
"b10902035" declared "call:0"
Street "turn" started. (community card = ['DK', 'D5', 'H5', 'CA'])
name: b10902035, hole_card: ['S8', 'S9']
name: b10902051, hole_card: ['D9', 'H3']
win_rate 0.284
put_in: 129.38271604938245
"b10902051" declared "call:0"
name: b10902035, hole_card: ['S8', 'S9']
name: b10902051, hole_card: ['D9', 'H3']
win_rate 0.284
put_in: 129.38271604938245
"b10902035" declared "call:0"
Street "river" started. (community card = ['DK', 'D5', 'H5', 'CA', 'ST'])
name: b10902035, hole_card: ['S8', 'S9']
name: b10902051, hole_card: ['D9', 'H3']
win_rate 0.242
put_in: 129.38271604938245
"b10902051" declared "call:0"
name: b10902035, hole_card: ['S8', 'S9']
name: b10902051, hole_card: ['D9', 'H3']
win_rate 0.242
put_in: 129.38271604938245
"b10902035" declared "call:0"
"['b10902035']" won the round 11 (stack = {'b10902035': 1099.234567901235, 'b10902051': 894.4721541508354})
community cards of this round: ['D9', 'C3', 'H2', 'C7', 'C5']
name: b10902035, hole_card: ['SJ', 'D2']
name: b10902051, hole_card: ['S7', 'S8']
Started the round 12
Street "preflop" started. (community card = [])
name: b10902035, hole_card: ['SJ', 'D2']
name: b10902051, hole_card: ['S7', 'S8']
win_rate 0.242
put_in: 0.0
"b10902035" declared "fold:0"
"['b10902051']" won the round 12 (stack = {'b10902035': 1094.234567901235, 'b10902051': 899.4721541508354})
community cards of this round: ['H2', 'CJ', 'C2', 'HT', 'S4']
name: b10902035, hole_card: ['H6', 'S5']
name: b10902051, hole_card: ['SA', 'C8']
Started the round 13
Street "preflop" started. (community card = [])
name: b10902035, hole_card: ['H6', 'S5']
name: b10902051, hole_card: ['SA', 'C8']
win_rate 0.632
put_in: 10.0
"b10902051" declared "call:10"
name: b10902035, hole_card: ['H6', 'S5']
name: b10902051, hole_card: ['SA', 'C8']
win_rate 0.632
put_in: 10.0
"b10902035" declared "fold:0"
"['b10902051']" won the round 13 (stack = {'b10902035': 1084.234567901235, 'b10902051': 909.4721541508354})
community cards of this round: ['CK', 'SA', 'C2', 'C5', 'CJ']
name: b10902035, hole_card: ['H3', 'SJ']
name: b10902051, hole_card: ['S9', 'D4']
Started the round 14
Street "preflop" started. (community card = [])
name: b10902035, hole_card: ['H3', 'SJ']
name: b10902051, hole_card: ['S9', 'D4']
win_rate 0.632
put_in: 0.0
"b10902035" declared "fold:0"
"['b10902051']" won the round 14 (stack = {'b10902035': 1079.234567901235, 'b10902051': 914.4721541508354})
community cards of this round: ['C4', 'D9', 'C6', 'H3', 'SJ']
name: b10902035, hole_card: ['H9', 'S7']
name: b10902051, hole_card: ['C2', 'C7']
Started the round 15
Street "preflop" started. (community card = [])
name: b10902035, hole_card: ['H9', 'S7']
name: b10902051, hole_card: ['C2', 'C7']
win_rate 0.354
put_in: 15.169760649907175
"b10902051" declared "raise:15.169760649907175"
name: b10902035, hole_card: ['H9', 'S7']
name: b10902051, hole_card: ['C2', 'C7']
win_rate 0.354
put_in: 15.169760649907175
"b10902035" declared "fold:0"
"['b10902051']" won the round 15 (stack = {'b10902035': 1069.234567901235, 'b10902051': 924.3023935009282})
community cards of this round: ['S6', 'DJ', 'H7', 'D5', 'CK']
name: b10902035, hole_card: ['CT', 'CA']
name: b10902051, hole_card: ['ST', 'S2']
Started the round 16
Street "preflop" started. (community card = [])
name: b10902035, hole_card: ['CT', 'CA']
name: b10902051, hole_card: ['ST', 'S2']
win_rate 0.354
put_in: 0.0
"b10902035" declared "fold:0"
"['b10902051']" won the round 16 (stack = {'b10902035': 1064.234567901235, 'b10902051': 929.3023935009282})
community cards of this round: ['H3', 'H8', 'HA', 'D2', 'DA']
name: b10902035, hole_card: ['C2', 'H5']
name: b10902051, hole_card: ['H7', 'D8']
Started the round 17
Street "preflop" started. (community card = [])
name: b10902035, hole_card: ['C2', 'H5']
name: b10902051, hole_card: ['H7', 'D8']
win_rate 0.461
put_in: 10.0
"b10902051" declared "call:10"
name: b10902035, hole_card: ['C2', 'H5']
name: b10902051, hole_card: ['H7', 'D8']
win_rate 0.461
put_in: 10.0
"b10902035" declared "fold:0"
"['b10902051']" won the round 17 (stack = {'b10902035': 1054.234567901235, 'b10902051': 939.3023935009282})
community cards of this round: ['C6', 'HA', 'DK', 'CK', 'DQ']
name: b10902035, hole_card: ['CT', 'H7']
name: b10902051, hole_card: ['HK', 'SA']
Started the round 18
Street "preflop" started. (community card = [])
name: b10902035, hole_card: ['CT', 'H7']
name: b10902051, hole_card: ['HK', 'SA']
win_rate 0.461
put_in: 0.0
"b10902035" declared "fold:0"
"['b10902051']" won the round 18 (stack = {'b10902035': 1049.234567901235, 'b10902051': 944.3023935009282})
community cards of this round: ['H8', 'D7', 'C3', 'H4', 'C7']
name: b10902035, hole_card: ['C5', 'SA']
name: b10902051, hole_card: ['H7', 'H3']
Started the round 19
Street "preflop" started. (community card = [])
name: b10902035, hole_card: ['C5', 'SA']
name: b10902051, hole_card: ['H7', 'H3']
win_rate 0.385
put_in: 10.0
"b10902051" declared "call:10"
name: b10902035, hole_card: ['C5', 'SA']
name: b10902051, hole_card: ['H7', 'H3']
win_rate 0.385
put_in: 10.0
"b10902035" declared "fold:0"
"['b10902051']" won the round 19 (stack = {'b10902035': 1039.234567901235, 'b10902051': 954.3023935009282})
community cards of this round: ['H6', 'HK', 'CK', 'H9', 'DT']
name: b10902035, hole_card: ['D6', 'H2']
name: b10902051, hole_card: ['HT', 'CQ']
Started the round 20
Street "preflop" started. (community card = [])
name: b10902035, hole_card: ['D6', 'H2']
name: b10902051, hole_card: ['HT', 'CQ']
win_rate 0.385
put_in: 0.0
"b10902035" declared "fold:0"
"['b10902051']" won the round 20 (stack = {'b10902035': 1034.234567901235, 'b10902051': 959.3023935009282})
b10902051 vs b10902035 - Game 1: {'rule': {'initial_stack': 1000, 'max_round': 20, 'small_blind_amount': 5, 'ante': 0, 'blind_structure': {}}, 'players': [{'name': 'b10902035', 'uuid': 'pglfrqlwneafupuqfxnjwx', 'stack': 1034.234567901235, 'state': 'participating'}, {'name': 'b10902051', 'uuid': 'uvwdoitvtdfatqeqrvenni', 'stack': 959.3023935009282, 'state': 'participating'}]}
community cards of this round: ['H8', 'ST', 'S6', 'H6', 'D7']
name: b10902051, hole_card: ['S8', 'C9']
name: b10902035, hole_card: ['C3', 'CA']
Started the round 1
Street "preflop" started. (community card = [])
name: b10902051, hole_card: ['S8', 'C9']
name: b10902035, hole_card: ['C3', 'CA']
win_rate 0.0
put_in: 0.0
"b10902035" declared "raise:200"
name: b10902051, hole_card: ['S8', 'C9']
name: b10902035, hole_card: ['C3', 'CA']
win_rate 0.507
put_in: 0.0
"b10902051" declared "fold:0"
"['b10902035']" won the round 1 (stack = {'b10902051': 990, 'b10902035': 1010})
community cards of this round: ['H4', 'CA', 'C6', 'HA', 'DT']
name: b10902051, hole_card: ['DA', 'HK']
name: b10902035, hole_card: ['DJ', 'C9']
Started the round 2
Street "preflop" started. (community card = [])
name: b10902051, hole_card: ['DA', 'HK']
name: b10902035, hole_card: ['DJ', 'C9']
win_rate 0.673
put_in: 21.22222222222222
"b10902051" declared "raise:21.22222222222222"
name: b10902051, hole_card: ['DA', 'HK']
name: b10902035, hole_card: ['DJ', 'C9']
win_rate 0.673
put_in: 21.22222222222222
"b10902035" declared "raise:180"
name: b10902051, hole_card: ['DA', 'HK']
name: b10902035, hole_card: ['DJ', 'C9']
win_rate 0.665
put_in: 21.22222222222222
"b10902051" declared "fold:0"
"['b10902035']" won the round 2 (stack = {'b10902051': 968.7777777777778, 'b10902035': 1031})
community cards of this round: ['D9', 'C9', 'C7', 'C5', 'H3']
name: b10902051, hole_card: ['H5', 'D5']
name: b10902035, hole_card: ['C4', 'DQ']
Started the round 3
Street "preflop" started. (community card = [])
name: b10902051, hole_card: ['H5', 'D5']
name: b10902035, hole_card: ['C4', 'DQ']
win_rate 0.665
put_in: 0.0
"b10902035" declared "raise:149"
name: b10902051, hole_card: ['H5', 'D5']
name: b10902035, hole_card: ['C4', 'DQ']
win_rate 0.6
put_in: 0.0
"b10902051" declared "fold:0"
"['b10902035']" won the round 3 (stack = {'b10902051': 958.7777777777778, 'b10902035': 1041})
community cards of this round: ['D8', 'DK', 'H2', 'SQ', 'S4']
name: b10902051, hole_card: ['D9', 'SK']
name: b10902035, hole_card: ['HJ', 'H3']
Started the round 4
Street "preflop" started. (community card = [])
name: b10902051, hole_card: ['D9', 'SK']
name: b10902035, hole_card: ['HJ', 'H3']
win_rate 0.594
put_in: 22.46913580246913
"b10902051" declared "raise:22.46913580246913"
name: b10902051, hole_card: ['D9', 'SK']
name: b10902035, hole_card: ['HJ', 'H3']
win_rate 0.594
put_in: 22.46913580246913
"b10902035" declared "raise:129"
name: b10902051, hole_card: ['D9', 'SK']
name: b10902035, hole_card: ['HJ', 'H3']
win_rate 0.585
put_in: 22.46913580246913
"b10902051" declared "fold:0"
"['b10902035']" won the round 4 (stack = {'b10902051': 936.3086419753087, 'b10902035': 1063})
community cards of this round: ['SK', 'CQ', 'HQ', 'H3', 'S7']
name: b10902051, hole_card: ['HJ', 'CK']
name: b10902035, hole_card: ['H6', 'S6']
Started the round 5
Street "preflop" started. (community card = [])
name: b10902051, hole_card: ['HJ', 'CK']
name: b10902035, hole_card: ['H6', 'S6']
win_rate 0.585
put_in: 0.0
"b10902035" declared "call:10"
name: b10902051, hole_card: ['HJ', 'CK']
name: b10902035, hole_card: ['H6', 'S6']
win_rate 0.609
put_in: 23.854595336076816
"b10902051" declared "raise:23.854595336076816"
name: b10902051, hole_card: ['HJ', 'CK']
name: b10902035, hole_card: ['H6', 'S6']
win_rate 0.609
put_in: 23.854595336076816
"b10902035" declared "call:23.854595336076816"
Street "flop" started. (community card = ['SK', 'CQ', 'HQ'])
name: b10902051, hole_card: ['HJ', 'CK']
name: b10902035, hole_card: ['H6', 'S6']
win_rate 0.609
put_in: 23.854595336076816
"b10902035" declared "call:0"
name: b10902051, hole_card: ['HJ', 'CK']
name: b10902035, hole_card: ['H6', 'S6']
win_rate 0.866
put_in: 86.1819844535894
"b10902051" declared "raise:62.327389117512574"
name: b10902051, hole_card: ['HJ', 'CK']
name: b10902035, hole_card: ['H6', 'S6']
win_rate 0.866
put_in: 86.1819844535894
"b10902035" declared "call:62.327389117512574"
Street "turn" started. (community card = ['SK', 'CQ', 'HQ', 'H3'])
name: b10902051, hole_card: ['HJ', 'CK']
name: b10902035, hole_card: ['H6', 'S6']
win_rate 0.866
put_in: 86.1819844535894
"b10902035" declared "call:0"
name: b10902051, hole_card: ['HJ', 'CK']
name: b10902035, hole_card: ['H6', 'S6']
win_rate 0.857
put_in: 106.95778082609358
"b10902051" declared "raise:20.775796372504185"
name: b10902051, hole_card: ['HJ', 'CK']
name: b10902035, hole_card: ['H6', 'S6']
win_rate 0.857
put_in: 106.95778082609358
"b10902035" declared "call:20.775796372504185"
Street "river" started. (community card = ['SK', 'CQ', 'HQ', 'H3', 'S7'])
name: b10902051, hole_card: ['HJ', 'CK']
name: b10902035, hole_card: ['H6', 'S6']
win_rate 0.857
put_in: 106.95778082609358
"b10902035" declared "call:0"
name: b10902051, hole_card: ['HJ', 'CK']
name: b10902035, hole_card: ['H6', 'S6']
win_rate 0.901
put_in: 116.95778082609358
"b10902051" declared "raise:10"
name: b10902051, hole_card: ['HJ', 'CK']
name: b10902035, hole_card: ['H6', 'S6']
win_rate 0.901
put_in: 116.95778082609358
"b10902035" declared "call:10"
"['b10902051']" won the round 5 (stack = {'b10902051': 1052.3508611492152, 'b10902035': 946.0422191739066})
community cards of this round: ['D5', 'C6', 'H9', 'D2', 'D3']
name: b10902051, hole_card: ['C9', 'C7']
name: b10902035, hole_card: ['SK', 'S4']
Started the round 6
Street "preflop" started. (community card = [])
name: b10902051, hole_card: ['C9', 'C7']
name: b10902035, hole_card: ['SK', 'S4']
win_rate 0.494
put_in: 15.0
"b10902051" declared "raise:15"
name: b10902051, hole_card: ['C9', 'C7']
name: b10902035, hole_card: ['SK', 'S4']
win_rate 0.494
put_in: 15.0
"b10902035" declared "raise:202.35086114921523"
name: b10902051, hole_card: ['C9', 'C7']
name: b10902035, hole_card: ['SK', 'S4']
win_rate 0.521
put_in: 15.0
"b10902051" declared "fold:0"
"['b10902035']" won the round 6 (stack = {'b10902051': 1037.3508611492152, 'b10902035': 960.6913580246913})
community cards of this round: ['C5', 'D8', 'S5', 'HJ', 'S4']
name: b10902051, hole_card: ['H6', 'D3']
name: b10902035, hole_card: ['H5', 'SJ']
Started the round 7
Street "preflop" started. (community card = [])
name: b10902051, hole_card: ['H6', 'D3']
name: b10902035, hole_card: ['H5', 'SJ']
win_rate 0.521
put_in: 0.0
"b10902035" declared "raise:179.30864197530866"
name: b10902051, hole_card: ['H6', 'D3']
name: b10902035, hole_card: ['H5', 'SJ']
win_rate 0.35
put_in: 0.0
"b10902051" declared "fold:0"
"['b10902035']" won the round 7 (stack = {'b10902051': 1027.3508611492152, 'b10902035': 970.3827160493827})
community cards of this round: ['SQ', 'H6', 'HT', 'SA', 'S3']
name: b10902051, hole_card: ['HA', 'CQ']
name: b10902035, hole_card: ['D2', 'HQ']
Started the round 8
Street "preflop" started. (community card = [])
name: b10902051, hole_card: ['HA', 'CQ']
name: b10902035, hole_card: ['D2', 'HQ']
win_rate 0.642
put_in: 15.0
"b10902051" declared "raise:15"
name: b10902051, hole_card: ['HA', 'CQ']
name: b10902035, hole_card: ['D2', 'HQ']
win_rate 0.642
put_in: 15.0
"b10902035" declared "raise:159.61728395061732"
name: b10902051, hole_card: ['HA', 'CQ']
name: b10902035, hole_card: ['D2', 'HQ']
win_rate 0.668
put_in: 15.0
"b10902051" declared "fold:0"
"['b10902035']" won the round 8 (stack = {'b10902051': 1012.3508611492152, 'b10902035': 984.7654320987654})
community cards of this round: ['D9', 'DJ', 'S9', 'D4', 'S5']
name: b10902051, hole_card: ['C4', 'HA']
name: b10902035, hole_card: ['H4', 'SJ']
Started the round 9
Street "preflop" started. (community card = [])
name: b10902051, hole_card: ['C4', 'HA']
name: b10902035, hole_card: ['H4', 'SJ']
win_rate 0.668
put_in: 0.0
"b10902035" declared "raise:135.23456790123464"
name: b10902051, hole_card: ['C4', 'HA']
name: b10902035, hole_card: ['H4', 'SJ']
win_rate 0.566
put_in: 135.23456790123464
"b10902051" declared "call:135.23456790123464"
Street "flop" started. (community card = ['D9', 'DJ', 'S9'])
name: b10902051, hole_card: ['C4', 'HA']
name: b10902035, hole_card: ['H4', 'SJ']
win_rate 0.566
put_in: 135.23456790123464
"b10902035" declared "call:0"
name: b10902051, hole_card: ['C4', 'HA']
name: b10902035, hole_card: ['H4', 'SJ']
win_rate 0.514
put_in: 135.23456790123464
"b10902051" declared "call:0"
Street "turn" started. (community card = ['D9', 'DJ', 'S9', 'D4'])
name: b10902051, hole_card: ['C4', 'HA']
name: b10902035, hole_card: ['H4', 'SJ']
win_rate 0.514
put_in: 135.23456790123464
"b10902035" declared "call:0"
name: b10902051, hole_card: ['C4', 'HA']
name: b10902035, hole_card: ['H4', 'SJ']
win_rate 0.589
put_in: 135.23456790123464
"b10902051" declared "call:0"
Street "river" started. (community card = ['D9', 'DJ', 'S9', 'D4', 'S5'])
name: b10902051, hole_card: ['C4', 'HA']
name: b10902035, hole_card: ['H4', 'SJ']
win_rate 0.589
put_in: 135.23456790123464
"b10902035" declared "call:0"
name: b10902051, hole_card: ['C4', 'HA']
name: b10902035, hole_card: ['H4', 'SJ']
win_rate 0.616
put_in: 135.23456790123464
"b10902051" declared "call:0"
"['b10902035']" won the round 9 (stack = {'b10902051': 877.1162932479806, 'b10902035': 1119.5308641975307})
community cards of this round: ['D5', 'H6', 'SA', 'ST', 'C9']
name: b10902051, hole_card: ['H9', 'D6']
name: b10902035, hole_card: ['C3', 'S3']
Started the round 10
Street "preflop" started. (community card = [])
name: b10902051, hole_card: ['H9', 'D6']
name: b10902035, hole_card: ['C3', 'S3']
win_rate 0.442
put_in: 10.0
"b10902051" declared "call:10"
name: b10902051, hole_card: ['H9', 'D6']
name: b10902035, hole_card: ['C3', 'S3']
win_rate 0.442
put_in: 10.0
"b10902035" declared "fold:0"
"['b10902051']" won the round 10 (stack = {'b10902051': 887.1162932479806, 'b10902035': 1109.5308641975307})
community cards of this round: ['DK', 'D5', 'H5', 'CA', 'ST']
name: b10902051, hole_card: ['S8', 'S9']
name: b10902035, hole_card: ['D9', 'H3']
Started the round 11
Street "preflop" started. (community card = [])
name: b10902051, hole_card: ['S8', 'S9']
name: b10902035, hole_card: ['D9', 'H3']
win_rate 0.442
put_in: 0.0
"b10902035" declared "fold:0"
"['b10902051']" won the round 11 (stack = {'b10902051': 892.1162932479806, 'b10902035': 1104.5308641975307})
community cards of this round: ['D9', 'C3', 'H2', 'C7', 'C5']
name: b10902051, hole_card: ['SJ', 'D2']
name: b10902035, hole_card: ['S7', 'S8']
Started the round 12
Street "preflop" started. (community card = [])
name: b10902051, hole_card: ['SJ', 'D2']
name: b10902035, hole_card: ['S7', 'S8']
win_rate 0.428
put_in: 10.0
"b10902051" declared "call:10"
name: b10902051, hole_card: ['SJ', 'D2']
name: b10902035, hole_card: ['S7', 'S8']
win_rate 0.428
put_in: 10.0
"b10902035" declared "fold:0"
"['b10902051']" won the round 12 (stack = {'b10902051': 902.1162932479806, 'b10902035': 1094.5308641975307})
community cards of this round: ['H2', 'CJ', 'C2', 'HT', 'S4']
name: b10902051, hole_card: ['H6', 'S5']
name: b10902035, hole_card: ['SA', 'C8']
Started the round 13
Street "preflop" started. (community card = [])
name: b10902051, hole_card: ['H6', 'S5']
name: b10902035, hole_card: ['SA', 'C8']
win_rate 0.428
put_in: 0.0
"b10902035" declared "fold:0"
"['b10902051']" won the round 13 (stack = {'b10902051': 907.1162932479806, 'b10902035': 1089.5308641975307})
community cards of this round: ['CK', 'SA', 'C2', 'C5', 'CJ']
name: b10902051, hole_card: ['H3', 'SJ']
name: b10902035, hole_card: ['S9', 'D4']
Started the round 14
Street "preflop" started. (community card = [])
name: b10902051, hole_card: ['H3', 'SJ']
name: b10902035, hole_card: ['S9', 'D4']
win_rate 0.444
put_in: 10.0
"b10902051" declared "call:10"
name: b10902051, hole_card: ['H3', 'SJ']
name: b10902035, hole_card: ['S9', 'D4']
win_rate 0.444
put_in: 10.0
"b10902035" declared "fold:0"
"['b10902051']" won the round 14 (stack = {'b10902051': 917.1162932479806, 'b10902035': 1079.5308641975307})
community cards of this round: ['C4', 'D9', 'C6', 'H3', 'SJ']
name: b10902051, hole_card: ['H9', 'S7']
name: b10902035, hole_card: ['C2', 'C7']
Started the round 15
Street "preflop" started. (community card = [])
name: b10902051, hole_card: ['H9', 'S7']
name: b10902035, hole_card: ['C2', 'C7']
win_rate 0.444
put_in: 0.0
"b10902035" declared "fold:0"
"['b10902051']" won the round 15 (stack = {'b10902051': 922.1162932479806, 'b10902035': 1074.5308641975307})
community cards of this round: ['S6', 'DJ', 'H7', 'D5', 'CK']
name: b10902051, hole_card: ['CT', 'CA']
name: b10902035, hole_card: ['ST', 'S2']
Started the round 16
Street "preflop" started. (community card = [])
name: b10902051, hole_card: ['CT', 'CA']
name: b10902035, hole_card: ['ST', 'S2']
win_rate 0.643
put_in: 10.0
"b10902051" declared "call:10"
name: b10902051, hole_card: ['CT', 'CA']
name: b10902035, hole_card: ['ST', 'S2']
win_rate 0.643
put_in: 10.0
"b10902035" declared "fold:0"
"['b10902051']" won the round 16 (stack = {'b10902051': 932.1162932479806, 'b10902035': 1064.5308641975307})
community cards of this round: ['H3', 'H8', 'HA', 'D2', 'DA']
name: b10902051, hole_card: ['C2', 'H5']
name: b10902035, hole_card: ['H7', 'D8']
Started the round 17
Street "preflop" started. (community card = [])
name: b10902051, hole_card: ['C2', 'H5']
name: b10902035, hole_card: ['H7', 'D8']
win_rate 0.643
put_in: 0.0
"b10902035" declared "fold:0"
"['b10902051']" won the round 17 (stack = {'b10902051': 937.1162932479806, 'b10902035': 1059.5308641975307})
community cards of this round: ['C6', 'HA', 'DK', 'CK', 'DQ']
name: b10902051, hole_card: ['CT', 'H7']
name: b10902035, hole_card: ['HK', 'SA']
Started the round 18
Street "preflop" started. (community card = [])
name: b10902051, hole_card: ['CT', 'H7']
name: b10902035, hole_card: ['HK', 'SA']
win_rate 0.475
put_in: 10.0
"b10902051" declared "call:10"
name: b10902051, hole_card: ['CT', 'H7']
name: b10902035, hole_card: ['HK', 'SA']
win_rate 0.475
put_in: 10.0
"b10902035" declared "fold:0"
"['b10902051']" won the round 18 (stack = {'b10902051': 947.1162932479806, 'b10902035': 1049.5308641975307})
community cards of this round: ['H8', 'D7', 'C3', 'H4', 'C7']
name: b10902051, hole_card: ['C5', 'SA']
name: b10902035, hole_card: ['H7', 'H3']
Started the round 19
Street "preflop" started. (community card = [])
name: b10902051, hole_card: ['C5', 'SA']
name: b10902035, hole_card: ['H7', 'H3']
win_rate 0.475
put_in: 0.0
"b10902035" declared "fold:0"
"['b10902051']" won the round 19 (stack = {'b10902051': 952.1162932479806, 'b10902035': 1044.5308641975307})
community cards of this round: ['H6', 'HK', 'CK', 'H9', 'DT']
name: b10902051, hole_card: ['D6', 'H2']
name: b10902035, hole_card: ['HT', 'CQ']
Started the round 20
Street "preflop" started. (community card = [])
name: b10902051, hole_card: ['D6', 'H2']
name: b10902035, hole_card: ['HT', 'CQ']
win_rate 0.339
put_in: 15.0
"b10902051" declared "raise:15"
name: b10902051, hole_card: ['D6', 'H2']
name: b10902035, hole_card: ['HT', 'CQ']
win_rate 0.339
put_in: 15.0
"b10902035" declared "fold:0"
"['b10902051']" won the round 20 (stack = {'b10902051': 962.1162932479806, 'b10902035': 1034.5308641975307})
b10902051 vs b10902035 - Game 2: {'rule': {'initial_stack': 1000, 'max_round': 20, 'small_blind_amount': 5, 'ante': 0, 'blind_structure': {}}, 'players': [{'name': 'b10902051', 'uuid': 'crpwwqakwrvhpfvasomtkp', 'stack': 962.1162932479806, 'state': 'participating'}, {'name': 'b10902035', 'uuid': 'xarnasjcoadsqmntsywims', 'stack': 1034.5308641975307, 'state': 'participating'}]}
community cards of this round: ['C6', 'DT', 'HT', 'S5', 'HJ']
name: b10902035, hole_card: ['D2', 'S7']
name: b10902051, hole_card: ['CQ', 'S6']
Started the round 1
Street "preflop" started. (community card = [])
name: b10902035, hole_card: ['D2', 'S7']
name: b10902051, hole_card: ['CQ', 'S6']
win_rate 0.542
put_in: 21.77777777777778
"b10902051" declared "raise:21.77777777777778"
name: b10902035, hole_card: ['D2', 'S7']
name: b10902051, hole_card: ['CQ', 'S6']
win_rate 0.542
put_in: 21.77777777777778
"b10902035" declared "call:21.77777777777778"
Street "flop" started. (community card = ['C6', 'DT', 'HT'])
name: b10902035, hole_card: ['D2', 'S7']
name: b10902051, hole_card: ['CQ', 'S6']
win_rate 0.722
put_in: 40.38271604938272
"b10902051" declared "raise:18.60493827160494"
name: b10902035, hole_card: ['D2', 'S7']
name: b10902051, hole_card: ['CQ', 'S6']
win_rate 0.722
put_in: 40.38271604938272
"b10902035" declared "call:18.60493827160494"
Street "turn" started. (community card = ['C6', 'DT', 'HT', 'S5'])
name: b10902035, hole_card: ['D2', 'S7']
name: b10902051, hole_card: ['CQ', 'S6']
win_rate 0.752
put_in: 54.85322359396434
"b10902051" declared "raise:14.470507544581617"
name: b10902035, hole_card: ['D2', 'S7']
name: b10902051, hole_card: ['CQ', 'S6']
win_rate 0.752
put_in: 54.85322359396434
"b10902035" declared "call:14.470507544581617"
Street "river" started. (community card = ['C6', 'DT', 'HT', 'S5', 'HJ'])
name: b10902035, hole_card: ['D2', 'S7']
name: b10902051, hole_card: ['CQ', 'S6']
win_rate 0.73
put_in: 66.1080627953056
"b10902051" declared "raise:11.254839201341259"
name: b10902035, hole_card: ['D2', 'S7']
name: b10902051, hole_card: ['CQ', 'S6']
win_rate 0.73
put_in: 66.1080627953056
"b10902035" declared "call:11.254839201341259"
"['b10902051']" won the round 1 (stack = {'b10902035': 933.8919372046943, 'b10902051': 1065.8919372046944})
community cards of this round: ['D6', 'C6', 'SJ', 'H2', 'SQ']
name: b10902035, hole_card: ['ST', 'DT']
name: b10902051, hole_card: ['S7', 'DK']
Started the round 2
Street "preflop" started. (community card = [])
name: b10902035, hole_card: ['ST', 'DT']
name: b10902051, hole_card: ['S7', 'DK']
win_rate 0.73
put_in: 0.0
"b10902035" declared "raise:255.8919372046944"
name: b10902035, hole_card: ['ST', 'DT']
name: b10902051, hole_card: ['S7', 'DK']
win_rate 0.548
put_in: 0.0
"b10902051" declared "fold:0"
"['b10902035']" won the round 2 (stack = {'b10902035': 942.9999999999999, 'b10902051': 1055.8919372046944})
community cards of this round: ['CT', 'S4', 'S2', 'S7', 'DK']
name: b10902035, hole_card: ['CJ', 'DQ']
name: b10902051, hole_card: ['HA', 'SK']
Started the round 3
Street "preflop" started. (community card = [])
name: b10902035, hole_card: ['CJ', 'DQ']
name: b10902051, hole_card: ['HA', 'SK']
win_rate 0.68
put_in: 15.0
"b10902051" declared "raise:15"
name: b10902035, hole_card: ['CJ', 'DQ']
name: b10902051, hole_card: ['HA', 'SK']
win_rate 0.68
put_in: 15.0
"b10902035" declared "raise:237.0000000000001"
name: b10902035, hole_card: ['CJ', 'DQ']
name: b10902051, hole_card: ['HA', 'SK']
win_rate 0.675
put_in: 15.0
"b10902051" declared "fold:0"
"['b10902035']" won the round 3 (stack = {'b10902035': 957.9999999999998, 'b10902051': 1040.8919372046944})
community cards of this round: ['HA', 'D4', 'H6', 'C7', 'HQ']
name: b10902035, hole_card: ['ST', 'DK']
name: b10902051, hole_card: ['SJ', 'SK']
Started the round 4
Street "preflop" started. (community card = [])
name: b10902035, hole_card: ['ST', 'DK']
name: b10902051, hole_card: ['SJ', 'SK']
win_rate 0.675
put_in: 0.0
"b10902035" declared "raise:212.00000000000023"
name: b10902035, hole_card: ['ST', 'DK']
name: b10902051, hole_card: ['SJ', 'SK']
win_rate 0.645
put_in: 0.0
"b10902051" declared "fold:0"
"['b10902035']" won the round 4 (stack = {'b10902035': 967.9999999999995, 'b10902051': 1030.8919372046944})
community cards of this round: ['S5', 'H8', 'C2', 'C6', 'C8']
name: b10902035, hole_card: ['CA', 'S6']
name: b10902051, hole_card: ['D4', 'DT']
Started the round 5
Street "preflop" started. (community card = [])
name: b10902035, hole_card: ['CA', 'S6']
name: b10902051, hole_card: ['D4', 'DT']
win_rate 0.458
put_in: 15.0
"b10902051" declared "raise:15"
name: b10902035, hole_card: ['CA', 'S6']
name: b10902051, hole_card: ['D4', 'DT']
win_rate 0.458
put_in: 15.0
"b10902035" declared "raise:192.00000000000045"
name: b10902035, hole_card: ['CA', 'S6']
name: b10902051, hole_card: ['D4', 'DT']
win_rate 0.482
put_in: 15.0
"b10902051" declared "fold:0"
"['b10902035']" won the round 5 (stack = {'b10902035': 982.9999999999991, 'b10902051': 1015.8919372046944})
community cards of this round: ['D7', 'C8', 'DK', 'S8', 'S7']
name: b10902035, hole_card: ['D4', 'SJ']
name: b10902051, hole_card: ['HT', 'CQ']
Started the round 6
Street "preflop" started. (community card = [])
name: b10902035, hole_card: ['D4', 'SJ']
name: b10902051, hole_card: ['HT', 'CQ']
win_rate 0.482
put_in: 0.0
"b10902035" declared "raise:167.0000000000009"
name: b10902035, hole_card: ['D4', 'SJ']
name: b10902051, hole_card: ['HT', 'CQ']
win_rate 0.597
put_in: 0.0
"b10902051" declared "fold:0"
"['b10902035']" won the round 6 (stack = {'b10902035': 992.9999999999982, 'b10902051': 1005.8919372046944})
community cards of this round: ['D5', 'D2', 'D4', 'C5', 'H7']
name: b10902035, hole_card: ['HJ', 'SA']
name: b10902051, hole_card: ['HA', 'H2']
Started the round 7
Street "preflop" started. (community card = [])
name: b10902035, hole_card: ['HJ', 'SA']
name: b10902051, hole_card: ['HA', 'H2']
win_rate 0.559
put_in: 15.0
"b10902051" declared "raise:15"
name: b10902035, hole_card: ['HJ', 'SA']
name: b10902051, hole_card: ['HA', 'H2']
win_rate 0.559
put_in: 15.0
"b10902035" declared "raise:147.00000000000182"
name: b10902035, hole_card: ['HJ', 'SA']
name: b10902051, hole_card: ['HA', 'H2']
win_rate 0.56
put_in: 15.0
"b10902051" declared "fold:0"
"['b10902035']" won the round 7 (stack = {'b10902035': 1007.9999999999964, 'b10902051': 990.8919372046944})
community cards of this round: ['CK', 'S8', 'SQ', 'HK', 'C6']
name: b10902035, hole_card: ['S5', 'CJ']
name: b10902051, hole_card: ['SK', 'D3']
Started the round 8
Street "preflop" started. (community card = [])
name: b10902035, hole_card: ['S5', 'CJ']
name: b10902051, hole_card: ['SK', 'D3']
win_rate 0.56
put_in: 0.0
"b10902035" declared "raise:122.00000000000364"
name: b10902035, hole_card: ['S5', 'CJ']
name: b10902051, hole_card: ['SK', 'D3']
win_rate 0.478
put_in: 122.00000000000364
"b10902051" declared "call:122.00000000000364"
Street "flop" started. (community card = ['CK', 'S8', 'SQ'])
name: b10902035, hole_card: ['S5', 'CJ']
name: b10902051, hole_card: ['SK', 'D3']
win_rate 0.478
put_in: 122.00000000000364
"b10902035" declared "call:0"
name: b10902035, hole_card: ['S5', 'CJ']
name: b10902051, hole_card: ['SK', 'D3']
win_rate 0.813
put_in: 122.00000000000364
"b10902051" declared "call:0"
Street "turn" started. (community card = ['CK', 'S8', 'SQ', 'HK'])
name: b10902035, hole_card: ['S5', 'CJ']
name: b10902051, hole_card: ['SK', 'D3']
win_rate 0.813
put_in: 122.00000000000364
"b10902035" declared "call:0"
name: b10902035, hole_card: ['S5', 'CJ']
name: b10902051, hole_card: ['SK', 'D3']
win_rate 0.937
put_in: 122.00000000000364
"b10902051" declared "call:0"
Street "river" started. (community card = ['CK', 'S8', 'SQ', 'HK', 'C6'])
name: b10902035, hole_card: ['S5', 'CJ']
name: b10902051, hole_card: ['SK', 'D3']
win_rate 0.937
put_in: 122.00000000000364
"b10902035" declared "call:0"
name: b10902035, hole_card: ['S5', 'CJ']
name: b10902051, hole_card: ['SK', 'D3']
win_rate 0.948
put_in: 122.00000000000364
"b10902051" declared "call:0"
"['b10902051']" won the round 8 (stack = {'b10902035': 885.9999999999927, 'b10902051': 1112.8919372046907})
community cards of this round: ['D2', 'S7', 'S5', 'CA', 'C6']
name: b10902035, hole_card: ['D7', 'S9']
name: b10902051, hole_card: ['H9', 'H2']
Started the round 9
Street "preflop" started. (community card = [])
name: b10902035, hole_card: ['D7', 'S9']
name: b10902051, hole_card: ['H9', 'H2']
win_rate 0.398
put_in: 0.0
"b10902051" declared "fold:0"
"['b10902035']" won the round 9 (stack = {'b10902035': 890.9999999999927, 'b10902051': 1107.8919372046907})
community cards of this round: ['H6', 'D2', 'DQ', 'H2', 'S9']
name: b10902035, hole_card: ['SA', 'HJ']
name: b10902051, hole_card: ['H7', 'D4']
Started the round 10
Street "preflop" started. (community card = [])
name: b10902035, hole_card: ['SA', 'HJ']
name: b10902051, hole_card: ['H7', 'D4']
win_rate 0.398
put_in: 0.0
"b10902035" declared "raise:219.00000000000728"
name: b10902035, hole_card: ['SA', 'HJ']
name: b10902051, hole_card: ['H7', 'D4']
win_rate 0.38
put_in: 0.0
"b10902051" declared "fold:0"
"['b10902035']" won the round 10 (stack = {'b10902035': 900.9999999999854, 'b10902051': 1097.8919372046907})
community cards of this round: ['SQ', 'D2', 'DT', 'SA', 'CT']
name: b10902035, hole_card: ['H9', 'H4']
name: b10902051, hole_card: ['D5', 'S5']
Started the round 11
Street "preflop" started. (community card = [])
name: b10902035, hole_card: ['H9', 'H4']
name: b10902051, hole_card: ['D5', 'S5']
win_rate 0.582
put_in: 10.0
"b10902051" declared "call:10"
name: b10902035, hole_card: ['H9', 'H4']
name: b10902051, hole_card: ['D5', 'S5']
win_rate 0.582
put_in: 10.0
"b10902035" declared "raise:199.00000000001455"
name: b10902035, hole_card: ['H9', 'H4']
name: b10902051, hole_card: ['D5', 'S5']
win_rate 0.583
put_in: 10.0
"b10902051" declared "fold:0"
"['b10902035']" won the round 11 (stack = {'b10902035': 910.9999999999709, 'b10902051': 1087.8919372046907})
community cards of this round: ['DQ', 'D3', 'CJ', 'D8', 'S3']
name: b10902035, hole_card: ['HJ', 'HQ']
name: b10902051, hole_card: ['S7', 'D2']
Started the round 12
Street "preflop" started. (community card = [])
name: b10902035, hole_card: ['HJ', 'HQ']
name: b10902051, hole_card: ['S7', 'D2']
win_rate 0.583
put_in: 0.0
"b10902035" declared "raise:179.0000000000291"
name: b10902035, hole_card: ['HJ', 'HQ']
name: b10902051, hole_card: ['S7', 'D2']
win_rate 0.34
put_in: 0.0
"b10902051" declared "fold:0"
"['b10902035']" won the round 12 (stack = {'b10902035': 920.9999999999418, 'b10902051': 1077.8919372046907})
community cards of this round: ['CJ', 'HJ', 'SJ', 'D9', 'D7']
name: b10902035, hole_card: ['S4', 'DT']
name: b10902051, hole_card: ['C7', 'SQ']
Started the round 13
Street "preflop" started. (community card = [])
name: b10902035, hole_card: ['S4', 'DT']
name: b10902051, hole_card: ['C7', 'SQ']
win_rate 0.518
put_in: 10.0
"b10902051" declared "call:10"
name: b10902035, hole_card: ['S4', 'DT']
name: b10902051, hole_card: ['C7', 'SQ']
win_rate 0.518
put_in: 10.0
"b10902035" declared "raise:159.0000000000582"
name: b10902035, hole_card: ['S4', 'DT']
name: b10902051, hole_card: ['C7', 'SQ']
win_rate 0.518
put_in: 10.0
"b10902051" declared "fold:0"
"['b10902035']" won the round 13 (stack = {'b10902035': 930.9999999998836, 'b10902051': 1067.8919372046907})
community cards of this round: ['D4', 'DJ', 'S2', 'DK', 'HQ']
name: b10902035, hole_card: ['D2', 'H5']
name: b10902051, hole_card: ['S7', 'HK']
Started the round 14
Street "preflop" started. (community card = [])
name: b10902035, hole_card: ['D2', 'H5']
name: b10902051, hole_card: ['S7', 'HK']
win_rate 0.518
put_in: 0.0
"b10902035" declared "call:10"
name: b10902035, hole_card: ['D2', 'H5']
name: b10902051, hole_card: ['S7', 'HK']
win_rate 0.547
put_in: 10.0
"b10902051" declared "call:10"
Street "flop" started. (community card = ['D4', 'DJ', 'S2'])
name: b10902035, hole_card: ['D2', 'H5']
name: b10902051, hole_card: ['S7', 'HK']
win_rate 0.547
put_in: 10.0
"b10902035" declared "call:0"
name: b10902035, hole_card: ['D2', 'H5']
name: b10902051, hole_card: ['S7', 'HK']
win_rate 0.394
put_in: 10.0
"b10902051" declared "call:0"
Street "turn" started. (community card = ['D4', 'DJ', 'S2', 'DK'])
name: b10902035, hole_card: ['D2', 'H5']
name: b10902051, hole_card: ['S7', 'HK']
win_rate 0.394
put_in: 10.0
"b10902035" declared "call:0"
name: b10902035, hole_card: ['D2', 'H5']
name: b10902051, hole_card: ['S7', 'HK']
win_rate 0.743
put_in: 10.0
"b10902051" declared "call:0"
Street "river" started. (community card = ['D4', 'DJ', 'S2', 'DK', 'HQ'])
name: b10902035, hole_card: ['D2', 'H5']
name: b10902051, hole_card: ['S7', 'HK']
win_rate 0.743
put_in: 10.0
"b10902035" declared "call:0"
name: b10902035, hole_card: ['D2', 'H5']
name: b10902051, hole_card: ['S7', 'HK']
win_rate 0.819
put_in: 10.0
"b10902051" declared "call:0"
"['b10902051']" won the round 14 (stack = {'b10902035': 920.9999999998836, 'b10902051': 1077.8919372046907})
community cards of this round: ['S9', 'S8', 'C9', 'HA', 'C8']
name: b10902035, hole_card: ['D9', 'ST']
name: b10902051, hole_card: ['SK', 'C3']
Started the round 15
Street "preflop" started. (community card = [])
name: b10902035, hole_card: ['D9', 'ST']
name: b10902051, hole_card: ['SK', 'C3']
win_rate 0.819
put_in: 0.0
"b10902051" declared "fold:0"
"['b10902035']" won the round 15 (stack = {'b10902035': 925.9999999998836, 'b10902051': 1072.8919372046907})
community cards of this round: ['S3', 'DT', 'C2', 'C8', 'S7']
name: b10902035, hole_card: ['HQ', 'HA']
name: b10902051, hole_card: ['C4', 'H5']
Started the round 16
Street "preflop" started. (community card = [])
name: b10902035, hole_card: ['HQ', 'HA']
name: b10902051, hole_card: ['C4', 'H5']
win_rate 0.819
put_in: 0.0
"b10902035" declared "raise:124.00000000011642"
name: b10902035, hole_card: ['HQ', 'HA']
name: b10902051, hole_card: ['C4', 'H5']
win_rate 0.819
put_in: 0.0
"b10902051" declared "fold:0"
"['b10902035']" won the round 16 (stack = {'b10902035': 935.9999999997672, 'b10902051': 1062.8919372046907})
community cards of this round: ['S5', 'S7', 'SK', 'C4', 'H6']
name: b10902035, hole_card: ['S2', 'D3']
name: b10902051, hole_card: ['S4', 'HQ']
Started the round 17
Street "preflop" started. (community card = [])
name: b10902035, hole_card: ['S2', 'D3']
name: b10902051, hole_card: ['S4', 'HQ']
win_rate 0.819
put_in: 0.0
"b10902051" declared "fold:0"
"['b10902035']" won the round 17 (stack = {'b10902035': 940.9999999997672, 'b10902051': 1057.8919372046907})
community cards of this round: ['S7', 'H4', 'H3', 'HJ', 'SQ']
name: b10902035, hole_card: ['D9', 'DJ']
name: b10902051, hole_card: ['C7', 'HK']
Started the round 18
Street "preflop" started. (community card = [])
name: b10902035, hole_card: ['D9', 'DJ']
name: b10902051, hole_card: ['C7', 'HK']
win_rate 0.819
put_in: 0.0
"b10902035" declared "raise:89.00000000023283"
name: b10902035, hole_card: ['D9', 'DJ']
name: b10902051, hole_card: ['C7', 'HK']
win_rate 0.819
put_in: 0.0
"b10902051" declared "fold:0"
"['b10902035']" won the round 18 (stack = {'b10902035': 950.9999999995343, 'b10902051': 1047.8919372046907})
community cards of this round: ['D8', 'CQ', 'C9', 'CJ', 'S5']
name: b10902035, hole_card: ['C8', 'S7']
name: b10902051, hole_card: ['H5', 'S3']
Started the round 19
Street "preflop" started. (community card = [])
name: b10902035, hole_card: ['C8', 'S7']
name: b10902051, hole_card: ['H5', 'S3']
win_rate 0.819
put_in: 0.0
"b10902051" declared "fold:0"
"['b10902035']" won the round 19 (stack = {'b10902035': 955.9999999995343, 'b10902051': 1042.8919372046907})
community cards of this round: ['S6', 'HA', 'SJ', 'H3', 'D4']
name: b10902035, hole_card: ['H4', 'CQ']
name: b10902051, hole_card: ['C7', 'S4']
Started the round 20
Street "preflop" started. (community card = [])
name: b10902035, hole_card: ['H4', 'CQ']
name: b10902051, hole_card: ['C7', 'S4']
win_rate 0.819
put_in: 0.0
"b10902035" declared "raise:54.00000000046566"
name: b10902035, hole_card: ['H4', 'CQ']
name: b10902051, hole_card: ['C7', 'S4']
win_rate 0.819
put_in: 0.0
"b10902051" declared "fold:0"
"['b10902035']" won the round 20 (stack = {'b10902035': 965.9999999990687, 'b10902051': 1032.8919372046907})
b10902051 vs b10902035 - Game 3: {'rule': {'initial_stack': 1000, 'max_round': 20, 'small_blind_amount': 5, 'ante': 0, 'blind_structure': {}}, 'players': [{'name': 'b10902035', 'uuid': 'fhbtbaktawhgdumjsxylxf', 'stack': 965.9999999990687, 'state': 'participating'}, {'name': 'b10902051', 'uuid': 'ccbnkedgbqzjmhcwtawwxb', 'stack': 1032.8919372046907, 'state': 'participating'}]}
community cards of this round: ['C6', 'DT', 'HT', 'S5', 'HJ']
name: b10902051, hole_card: ['D2', 'S7']
name: b10902035, hole_card: ['CQ', 'S6']
Started the round 1
Street "preflop" started. (community card = [])
name: b10902051, hole_card: ['D2', 'S7']
name: b10902035, hole_card: ['CQ', 'S6']
win_rate 0.0
put_in: 0.0
"b10902035" declared "raise:200"
name: b10902051, hole_card: ['D2', 'S7']
name: b10902035, hole_card: ['CQ', 'S6']
win_rate 0.32
put_in: 0.0
"b10902051" declared "fold:0"
"['b10902035']" won the round 1 (stack = {'b10902051': 990, 'b10902035': 1010})
community cards of this round: ['D6', 'C6', 'SJ', 'H2', 'SQ']
name: b10902051, hole_card: ['ST', 'DT']
name: b10902035, hole_card: ['S7', 'DK']
Started the round 2
Street "preflop" started. (community card = [])
name: b10902051, hole_card: ['ST', 'DT']
name: b10902035, hole_card: ['S7', 'DK']
win_rate 0.746
put_in: 21.22222222222222
"b10902051" declared "raise:21.22222222222222"
name: b10902051, hole_card: ['ST', 'DT']
name: b10902035, hole_card: ['S7', 'DK']
win_rate 0.746
put_in: 21.22222222222222
"b10902035" declared "raise:180"
name: b10902051, hole_card: ['ST', 'DT']
name: b10902035, hole_card: ['S7', 'DK']
win_rate 0.728
put_in: 21.22222222222222
"b10902051" declared "fold:0"
"['b10902035']" won the round 2 (stack = {'b10902051': 968.7777777777778, 'b10902035': 1031})
community cards of this round: ['CT', 'S4', 'S2', 'S7', 'DK']
name: b10902051, hole_card: ['CJ', 'DQ']
name: b10902035, hole_card: ['HA', 'SK']
Started the round 3
Street "preflop" started. (community card = [])
name: b10902051, hole_card: ['CJ', 'DQ']
name: b10902035, hole_card: ['HA', 'SK']
win_rate 0.728
put_in: 0.0
"b10902035" declared "raise:149"
name: b10902051, hole_card: ['CJ', 'DQ']
name: b10902035, hole_card: ['HA', 'SK']
win_rate 0.594
put_in: 0.0
"b10902051" declared "fold:0"
"['b10902035']" won the round 3 (stack = {'b10902051': 958.7777777777778, 'b10902035': 1041})
community cards of this round: ['HA', 'D4', 'H6', 'C7', 'HQ']
name: b10902051, hole_card: ['ST', 'DK']
name: b10902035, hole_card: ['SJ', 'SK']
Started the round 4
Street "preflop" started. (community card = [])
name: b10902051, hole_card: ['ST', 'DK']
name: b10902035, hole_card: ['SJ', 'SK']
win_rate 0.621
put_in: 22.46913580246913
"b10902051" declared "raise:22.46913580246913"
name: b10902051, hole_card: ['ST', 'DK']
name: b10902035, hole_card: ['SJ', 'SK']
win_rate 0.621
put_in: 22.46913580246913
"b10902035" declared "raise:129"
name: b10902051, hole_card: ['ST', 'DK']
name: b10902035, hole_card: ['SJ', 'SK']
win_rate 0.611
put_in: 22.46913580246913
"b10902051" declared "fold:0"
"['b10902035']" won the round 4 (stack = {'b10902051': 936.3086419753087, 'b10902035': 1063})
community cards of this round: ['S5', 'H8', 'C2', 'C6', 'C8']
name: b10902051, hole_card: ['CA', 'S6']
name: b10902035, hole_card: ['D4', 'DT']
Started the round 5
Street "preflop" started. (community card = [])
name: b10902051, hole_card: ['CA', 'S6']
name: b10902035, hole_card: ['D4', 'DT']
win_rate 0.611
put_in: 0.0
"b10902035" declared "call:10"
name: b10902051, hole_card: ['CA', 'S6']
name: b10902035, hole_card: ['D4', 'DT']
win_rate 0.603
put_in: 23.854595336076816
"b10902051" declared "raise:23.854595336076816"
name: b10902051, hole_card: ['CA', 'S6']
name: b10902035, hole_card: ['D4', 'DT']
win_rate 0.603
put_in: 23.854595336076816
"b10902035" declared "call:23.854595336076816"
Street "flop" started. (community card = ['S5', 'H8', 'C2'])
name: b10902051, hole_card: ['CA', 'S6']
name: b10902035, hole_card: ['D4', 'DT']
win_rate 0.603
put_in: 23.854595336076816
"b10902035" declared "call:0"
name: b10902051, hole_card: ['CA', 'S6']
name: b10902035, hole_card: ['D4', 'DT']
win_rate 0.541
put_in: 44.630391708581
"b10902051" declared "raise:20.77579637250419"
name: b10902051, hole_card: ['CA', 'S6']
name: b10902035, hole_card: ['D4', 'DT']
win_rate 0.541
put_in: 44.630391708581
"b10902035" declared "call:20.77579637250419"
Street "turn" started. (community card = ['S5', 'H8', 'C2', 'C6'])
name: b10902051, hole_card: ['CA', 'S6']
name: b10902035, hole_card: ['D4', 'DT']
win_rate 0.541
put_in: 44.630391708581
"b10902035" declared "call:0"
name: b10902051, hole_card: ['CA', 'S6']
name: b10902035, hole_card: ['D4', 'DT']
win_rate 0.644
put_in: 60.78934444275093
"b10902051" declared "raise:16.158952734169926"
name: b10902051, hole_card: ['CA', 'S6']
name: b10902035, hole_card: ['D4', 'DT']
win_rate 0.644
put_in: 60.78934444275093
"b10902035" declared "call:16.158952734169926"
Street "river" started. (community card = ['S5', 'H8', 'C2', 'C6', 'C8'])
name: b10902051, hole_card: ['CA', 'S6']
name: b10902035, hole_card: ['D4', 'DT']
win_rate 0.644
put_in: 60.78934444275093
"b10902035" declared "call:0"
name: b10902051, hole_card: ['CA', 'S6']
name: b10902035, hole_card: ['D4', 'DT']
win_rate 0.781
put_in: 60.78934444275093
"b10902051" declared "call:0"
"['b10902051']" won the round 5 (stack = {'b10902051': 996.5192975325577, 'b10902035': 1002.2106555572492})
community cards of this round: ['D7', 'C8', 'DK', 'S8', 'S7']
name: b10902051, hole_card: ['D4', 'SJ']
name: b10902035, hole_card: ['HT', 'CQ']
Started the round 6
Street "preflop" started. (community card = [])
name: b10902051, hole_card: ['D4', 'SJ']
name: b10902035, hole_card: ['HT', 'CQ']
win_rate 0.458
put_in: 16.05341138527136
"b10902051" declared "raise:16.05341138527136"
name: b10902051, hole_card: ['D4', 'SJ']
name: b10902035, hole_card: ['HT', 'CQ']
win_rate 0.458
put_in: 16.05341138527136
"b10902035" declared "raise:146.51929753255774"
name: b10902051, hole_card: ['D4', 'SJ']
name: b10902035, hole_card: ['HT', 'CQ']
win_rate 0.468
put_in: 16.05341138527136
"b10902051" declared "fold:0"
"['b10902035']" won the round 6 (stack = {'b10902051': 980.4658861472864, 'b10902035': 1017.6913580246915})
community cards of this round: ['D5', 'D2', 'D4', 'C5', 'H7']
name: b10902051, hole_card: ['HJ', 'SA']
name: b10902035, hole_card: ['HA', 'H2']
Started the round 7
Street "preflop" started. (community card = [])
name: b10902051, hole_card: ['HJ', 'SA']
name: b10902035, hole_card: ['HA', 'H2']
win_rate 0.468
put_in: 0.0
"b10902035" declared "raise:122.30864197530855"
name: b10902051, hole_card: ['HJ', 'SA']
name: b10902035, hole_card: ['HA', 'H2']
win_rate 0.63
put_in: 122.30864197530855
"b10902051" declared "call:122.30864197530855"
Street "flop" started. (community card = ['D5', 'D2', 'D4'])
name: b10902051, hole_card: ['HJ', 'SA']
name: b10902035, hole_card: ['HA', 'H2']
win_rate 0.63
put_in: 122.30864197530855
"b10902035" declared "call:0"
name: b10902051, hole_card: ['HJ', 'SA']
name: b10902035, hole_card: ['HA', 'H2']
win_rate 0.433
put_in: 122.30864197530855
"b10902051" declared "call:0"
Street "turn" started. (community card = ['D5', 'D2', 'D4', 'C5'])
name: b10902051, hole_card: ['HJ', 'SA']
name: b10902035, hole_card: ['HA', 'H2']
win_rate 0.433
put_in: 122.30864197530855
"b10902035" declared "call:0"
name: b10902051, hole_card: ['HJ', 'SA']
name: b10902035, hole_card: ['HA', 'H2']
win_rate 0.463
put_in: 122.30864197530855
"b10902051" declared "call:0"
Street "river" started. (community card = ['D5', 'D2', 'D4', 'C5', 'H7'])
name: b10902051, hole_card: ['HJ', 'SA']
name: b10902035, hole_card: ['HA', 'H2']
win_rate 0.463
put_in: 122.30864197530855
"b10902035" declared "call:0"
name: b10902051, hole_card: ['HJ', 'SA']
name: b10902035, hole_card: ['HA', 'H2']
win_rate 0.457
put_in: 122.30864197530855
"b10902051" declared "call:0"
"['b10902035']" won the round 7 (stack = {'b10902051': 858.1572441719778, 'b10902035': 1139.382716049383})
community cards of this round: ['CK', 'S8', 'SQ', 'HK', 'C6']
name: b10902051, hole_card: ['S5', 'CJ']
name: b10902035, hole_card: ['SK', 'D3']
Started the round 8
Street "preflop" started. (community card = [])
name: b10902051, hole_card: ['S5', 'CJ']
name: b10902035, hole_card: ['SK', 'D3']
win_rate 0.476
put_in: 10.0
"b10902051" declared "call:10"
name: b10902051, hole_card: ['S5', 'CJ']
name: b10902035, hole_card: ['SK', 'D3']
win_rate 0.476
put_in: 10.0
"b10902035" declared "fold:0"
"['b10902051']" won the round 8 (stack = {'b10902051': 868.1572441719778, 'b10902035': 1129.382716049383})
community cards of this round: ['D2', 'S7', 'S5', 'CA', 'C6']
name: b10902051, hole_card: ['D7', 'S9']
name: b10902035, hole_card: ['H9', 'H2']
Started the round 9
Street "preflop" started. (community card = [])
name: b10902051, hole_card: ['D7', 'S9']
name: b10902035, hole_card: ['H9', 'H2']
win_rate 0.476
put_in: 0.0
"b10902035" declared "fold:0"
"['b10902051']" won the round 9 (stack = {'b10902051': 873.1572441719778, 'b10902035': 1124.382716049383})
community cards of this round: ['H6', 'D2', 'DQ', 'H2', 'S9']
name: b10902051, hole_card: ['SA', 'HJ']
name: b10902035, hole_card: ['H7', 'D4']
Started the round 10
Street "preflop" started. (community card = [])
name: b10902051, hole_card: ['SA', 'HJ']
name: b10902035, hole_card: ['H7', 'D4']
win_rate 0.644
put_in: 10.0
"b10902051" declared "call:10"
name: b10902051, hole_card: ['SA', 'HJ']
name: b10902035, hole_card: ['H7', 'D4']
win_rate 0.644
put_in: 10.0
"b10902035" declared "fold:0"
"['b10902051']" won the round 10 (stack = {'b10902051': 883.1572441719778, 'b10902035': 1114.382716049383})
community cards of this round: ['SQ', 'D2', 'DT', 'SA', 'CT']
name: b10902051, hole_card: ['H9', 'H4']
name: b10902035, hole_card: ['D5', 'S5']
Started the round 11
Street "preflop" started. (community card = [])
name: b10902051, hole_card: ['H9', 'H4']
name: b10902035, hole_card: ['D5', 'S5']
win_rate 0.644
put_in: 0.0
"b10902035" declared "fold:0"
"['b10902051']" won the round 11 (stack = {'b10902051': 888.1572441719778, 'b10902035': 1109.382716049383})
community cards of this round: ['DQ', 'D3', 'CJ', 'D8', 'S3']
name: b10902051, hole_card: ['HJ', 'HQ']
name: b10902035, hole_card: ['S7', 'D2']
Started the round 12
Street "preflop" started. (community card = [])
name: b10902051, hole_card: ['HJ', 'HQ']
name: b10902035, hole_card: ['S7', 'D2']
win_rate 0.617
put_in: 10.0
"b10902051" declared "call:10"
name: b10902051, hole_card: ['HJ', 'HQ']
name: b10902035, hole_card: ['S7', 'D2']
win_rate 0.617
put_in: 10.0
"b10902035" declared "fold:0"
"['b10902051']" won the round 12 (stack = {'b10902051': 898.1572441719778, 'b10902035': 1099.382716049383})
community cards of this round: ['CJ', 'HJ', 'SJ', 'D9', 'D7']
name: b10902051, hole_card: ['S4', 'DT']
name: b10902035, hole_card: ['C7', 'SQ']
Started the round 13
Street "preflop" started. (community card = [])
name: b10902051, hole_card: ['S4', 'DT']
name: b10902035, hole_card: ['C7', 'SQ']
win_rate 0.617
put_in: 0.0
"b10902035" declared "fold:0"
"['b10902051']" won the round 13 (stack = {'b10902051': 903.1572441719778, 'b10902035': 1094.382716049383})
community cards of this round: ['D4', 'DJ', 'S2', 'DK', 'HQ']
name: b10902051, hole_card: ['D2', 'H5']
name: b10902035, hole_card: ['S7', 'HK']
Started the round 14
Street "preflop" started. (community card = [])
name: b10902051, hole_card: ['D2', 'H5']
name: b10902035, hole_card: ['S7', 'HK']
win_rate 0.325
put_in: 17.538083980891354
"b10902051" declared "raise:17.538083980891354"
name: b10902051, hole_card: ['D2', 'H5']
name: b10902035, hole_card: ['S7', 'HK']
win_rate 0.325
put_in: 17.538083980891354
"b10902035" declared "fold:0"
"['b10902051']" won the round 14 (stack = {'b10902051': 912.6191601910865, 'b10902035': 1084.382716049383})
community cards of this round: ['S9', 'S8', 'C9', 'HA', 'C8']
name: b10902051, hole_card: ['D9', 'ST']
name: b10902035, hole_card: ['SK', 'C3']
Started the round 15
Street "preflop" started. (community card = [])
name: b10902051, hole_card: ['D9', 'ST']
name: b10902035, hole_card: ['SK', 'C3']
win_rate 0.325
put_in: 0.0
"b10902035" declared "fold:0"
"['b10902051']" won the round 15 (stack = {'b10902051': 917.6191601910865, 'b10902035': 1079.382716049383})
community cards of this round: ['S3', 'DT', 'C2', 'C8', 'S7']
name: b10902051, hole_card: ['HQ', 'HA']
name: b10902035, hole_card: ['C4', 'H5']
Started the round 16
Street "preflop" started. (community card = [])
name: b10902051, hole_card: ['HQ', 'HA']
name: b10902035, hole_card: ['C4', 'H5']
win_rate 0.691
put_in: 10.0
"b10902051" declared "call:10"
name: b10902051, hole_card: ['HQ', 'HA']
name: b10902035, hole_card: ['C4', 'H5']
win_rate 0.691
put_in: 10.0
"b10902035" declared "fold:0"
"['b10902051']" won the round 16 (stack = {'b10902051': 927.6191601910865, 'b10902035': 1069.382716049383})
community cards of this round: ['S5', 'S7', 'SK', 'C4', 'H6']
name: b10902051, hole_card: ['S2', 'D3']
name: b10902035, hole_card: ['S4', 'HQ']
Started the round 17
Street "preflop" started. (community card = [])
name: b10902051, hole_card: ['S2', 'D3']
name: b10902035, hole_card: ['S4', 'HQ']
win_rate 0.691
put_in: 0.0
"b10902035" declared "fold:0"
"['b10902051']" won the round 17 (stack = {'b10902051': 932.6191601910865, 'b10902035': 1064.382716049383})
community cards of this round: ['S7', 'H4', 'H3', 'HJ', 'SQ']
name: b10902051, hole_card: ['D9', 'DJ']
name: b10902035, hole_card: ['C7', 'HK']
Started the round 18
Street "preflop" started. (community card = [])
name: b10902051, hole_card: ['D9', 'DJ']
name: b10902035, hole_card: ['C7', 'HK']
win_rate 0.592
put_in: 10.0
"b10902051" declared "call:10"
name: b10902051, hole_card: ['D9', 'DJ']
name: b10902035, hole_card: ['C7', 'HK']
win_rate 0.592
put_in: 10.0
"b10902035" declared "fold:0"
"['b10902051']" won the round 18 (stack = {'b10902051': 942.6191601910865, 'b10902035': 1054.382716049383})
community cards of this round: ['D8', 'CQ', 'C9', 'CJ', 'S5']
name: b10902051, hole_card: ['C8', 'S7']
name: b10902035, hole_card: ['H5', 'S3']
Started the round 19
Street "preflop" started. (community card = [])
name: b10902051, hole_card: ['C8', 'S7']
name: b10902035, hole_card: ['H5', 'S3']
win_rate 0.592
put_in: 0.0
"b10902035" declared "fold:0"
"['b10902051']" won the round 19 (stack = {'b10902051': 947.6191601910865, 'b10902035': 1049.382716049383})
community cards of this round: ['S6', 'HA', 'SJ', 'H3', 'D4']
name: b10902051, hole_card: ['H4', 'CQ']
name: b10902035, hole_card: ['C7', 'S4']
Started the round 20
Street "preflop" started. (community card = [])
name: b10902051, hole_card: ['H4', 'CQ']
name: b10902035, hole_card: ['C7', 'S4']
win_rate 0.487
put_in: 10.0
"b10902051" declared "call:10"
name: b10902051, hole_card: ['H4', 'CQ']
name: b10902035, hole_card: ['C7', 'S4']
win_rate 0.487
put_in: 10.0
"b10902035" declared "fold:0"
"['b10902051']" won the round 20 (stack = {'b10902051': 957.6191601910865, 'b10902035': 1039.382716049383})
b10902051 vs b10902035 - Game 4: {'rule': {'initial_stack': 1000, 'max_round': 20, 'small_blind_amount': 5, 'ante': 0, 'blind_structure': {}}, 'players': [{'name': 'b10902051', 'uuid': 'bgtkvnmgogsnzzpwgonixo', 'stack': 957.6191601910865, 'state': 'participating'}, {'name': 'b10902035', 'uuid': 'xttbswhvpqbaadomeopgax', 'stack': 1039.382716049383, 'state': 'participating'}]}
community cards of this round: ['HA', 'CT', 'DQ', 'SQ', 'H3']
name: b10902035, hole_card: ['DK', 'CQ']
name: b10902051, hole_card: ['H9', 'DJ']
Started the round 1
Street "preflop" started. (community card = [])
name: b10902035, hole_card: ['DK', 'CQ']
name: b10902051, hole_card: ['H9', 'DJ']
win_rate 0.513
put_in: 21.77777777777778
"b10902051" declared "raise:21.77777777777778"
name: b10902035, hole_card: ['DK', 'CQ']
name: b10902051, hole_card: ['H9', 'DJ']
win_rate 0.513
put_in: 21.77777777777778
"b10902035" declared "raise:200"
name: b10902035, hole_card: ['DK', 'CQ']
name: b10902051, hole_card: ['H9', 'DJ']
win_rate 0.554
put_in: 21.77777777777778
"b10902051" declared "fold:0"
"['b10902035']" won the round 1 (stack = {'b10902035': 1021, 'b10902051': 978.2222222222222})
community cards of this round: ['C3', 'SQ', 'ST', 'DA', 'C9']
name: b10902035, hole_card: ['C4', 'H8']
name: b10902051, hole_card: ['C2', 'S5']
Started the round 2
Street "preflop" started. (community card = [])
name: b10902035, hole_card: ['C4', 'H8']
name: b10902051, hole_card: ['C2', 'S5']
win_rate 0.554
put_in: 0.0
"b10902035" declared "call:10"
name: b10902035, hole_card: ['C4', 'H8']
name: b10902051, hole_card: ['C2', 'S5']
win_rate 0.336
put_in: 10.0
"b10902051" declared "call:10"
Street "flop" started. (community card = ['C3', 'SQ', 'ST'])
name: b10902035, hole_card: ['C4', 'H8']
name: b10902051, hole_card: ['C2', 'S5']
win_rate 0.336
put_in: 10.0
"b10902035" declared "call:0"
name: b10902035, hole_card: ['C4', 'H8']
name: b10902051, hole_card: ['C2', 'S5']
win_rate 0.191
put_in: 10.0
"b10902051" declared "call:0"
Street "turn" started. (community card = ['C3', 'SQ', 'ST', 'DA'])
name: b10902035, hole_card: ['C4', 'H8']
name: b10902051, hole_card: ['C2', 'S5']
win_rate 0.191
put_in: 10.0
"b10902035" declared "call:0"
name: b10902035, hole_card: ['C4', 'H8']
name: b10902051, hole_card: ['C2', 'S5']
win_rate 0.094
put_in: 10.0
"b10902051" declared "fold:0"
"['b10902035']" won the round 2 (stack = {'b10902035': 1031, 'b10902051': 968.2222222222222})
community cards of this round: ['HJ', 'S3', 'C4', 'S6', 'C7']
name: b10902035, hole_card: ['SA', 'H5']
name: b10902051, hole_card: ['H8', 'H9']
Started the round 3
Street "preflop" started. (community card = [])
name: b10902035, hole_card: ['SA', 'H5']
name: b10902051, hole_card: ['H8', 'H9']
win_rate 0.536
put_in: 22.53086419753087
"b10902051" declared "raise:22.53086419753087"
name: b10902035, hole_card: ['SA', 'H5']
name: b10902051, hole_card: ['H8', 'H9']
win_rate 0.536
put_in: 22.53086419753087
"b10902035" declared "raise:149"
name: b10902035, hole_card: ['SA', 'H5']
name: b10902051, hole_card: ['H8', 'H9']
win_rate 0.511
put_in: 22.53086419753087
"b10902051" declared "fold:0"
"['b10902035']" won the round 3 (stack = {'b10902035': 1053, 'b10902051': 945.6913580246913})
community cards of this round: ['H2', 'S4', 'CA', 'HJ', 'DT']
name: b10902035, hole_card: ['H3', 'C4']
name: b10902051, hole_card: ['DJ', 'C2']
Started the round 4
Street "preflop" started. (community card = [])
name: b10902035, hole_card: ['H3', 'C4']
name: b10902051, hole_card: ['DJ', 'C2']
win_rate 0.511
put_in: 0.0
"b10902035" declared "call:10"
name: b10902035, hole_card: ['H3', 'C4']
name: b10902051, hole_card: ['DJ', 'C2']
win_rate 0.48
put_in: 23.923182441700963
"b10902051" declared "raise:23.923182441700963"
name: b10902035, hole_card: ['H3', 'C4']
name: b10902051, hole_card: ['DJ', 'C2']
win_rate 0.48
put_in: 23.923182441700963
"b10902035" declared "call:23.923182441700963"
Street "flop" started. (community card = ['H2', 'S4', 'CA'])
name: b10902035, hole_card: ['H3', 'C4']
name: b10902051, hole_card: ['DJ', 'C2']
win_rate 0.48
put_in: 23.923182441700963
"b10902035" declared "call:0"
name: b10902035, hole_card: ['H3', 'C4']
name: b10902051, hole_card: ['DJ', 'C2']
win_rate 0.604
put_in: 44.75232434080171
"b10902051" declared "raise:20.829141899100748"
name: b10902035, hole_card: ['H3', 'C4']
name: b10902051, hole_card: ['DJ', 'C2']
win_rate 0.604
put_in: 44.75232434080171
"b10902035" declared "call:20.829141899100748"
Street "turn" started. (community card = ['H2', 'S4', 'CA', 'HJ'])
name: b10902035, hole_card: ['H3', 'C4']
name: b10902051, hole_card: ['DJ', 'C2']
win_rate 0.604
put_in: 44.75232434080171
"b10902035" declared "call:0"
name: b10902035, hole_card: ['H3', 'C4']
name: b10902051, hole_card: ['DJ', 'C2']
win_rate 0.897
put_in: 93.35365543870346
"b10902051" declared "raise:48.60133109790175"
name: b10902035, hole_card: ['H3', 'C4']
name: b10902051, hole_card: ['DJ', 'C2']
win_rate 0.897
put_in: 93.35365543870346
"b10902035" declared "call:48.60133109790175"
Street "river" started. (community card = ['H2', 'S4', 'CA', 'HJ', 'DT'])
name: b10902035, hole_card: ['H3', 'C4']
name: b10902051, hole_card: ['DJ', 'C2']
win_rate 0.897
put_in: 93.35365543870346
"b10902035" declared "call:0"
name: b10902035, hole_card: ['H3', 'C4']
name: b10902051, hole_card: ['DJ', 'C2']
win_rate 0.931
put_in: 109.55409913800403
"b10902051" declared "raise:16.200443699300582"
name: b10902035, hole_card: ['H3', 'C4']
name: b10902051, hole_card: ['DJ', 'C2']
win_rate 0.931
put_in: 109.55409913800403
"b10902035" declared "call:16.200443699300582"
"['b10902051']" won the round 4 (stack = {'b10902035': 943.4459008619962, 'b10902051': 1055.1372588866875})
community cards of this round: ['CK', 'D3', 'HA', 'DQ', 'H8']
name: b10902035, hole_card: ['DA', 'SQ']
name: b10902051, hole_card: ['HK', 'C2']
Started the round 5
Street "preflop" started. (community card = [])
name: b10902035, hole_card: ['DA', 'SQ']
name: b10902051, hole_card: ['HK', 'C2']
win_rate 0.517
put_in: 15.0
"b10902051" declared "raise:15"
name: b10902035, hole_card: ['DA', 'SQ']
name: b10902051, hole_card: ['HK', 'C2']
win_rate 0.517
put_in: 15.0
"b10902035" declared "raise:215.1372588866875"
name: b10902035, hole_card: ['DA', 'SQ']
name: b10902051, hole_card: ['HK', 'C2']
win_rate 0.515
put_in: 15.0
"b10902051" declared "fold:0"
"['b10902035']" won the round 5 (stack = {'b10902035': 958.3086419753087, 'b10902051': 1040.1372588866875})
community cards of this round: ['SJ', 'H2', 'D9', 'H9', 'HA']
name: b10902035, hole_card: ['S6', 'H7']
name: b10902051, hole_card: ['H5', 'D8']
Started the round 6
Street "preflop" started. (community card = [])
name: b10902035, hole_card: ['S6', 'H7']
name: b10902051, hole_card: ['H5', 'D8']
win_rate 0.515
put_in: 0.0
"b10902035" declared "call:10"
name: b10902035, hole_card: ['S6', 'H7']
name: b10902051, hole_card: ['H5', 'D8']
win_rate 0.394
put_in: 10.0
"b10902051" declared "call:10"
Street "flop" started. (community card = ['SJ', 'H2', 'D9'])
name: b10902035, hole_card: ['S6', 'H7']
name: b10902051, hole_card: ['H5', 'D8']
win_rate 0.394
put_in: 10.0
"b10902035" declared "call:0"
name: b10902035, hole_card: ['S6', 'H7']
name: b10902051, hole_card: ['H5', 'D8']
win_rate 0.286
put_in: 10.0
"b10902051" declared "call:0"
Street "turn" started. (community card = ['SJ', 'H2', 'D9', 'H9'])
name: b10902035, hole_card: ['S6', 'H7']
name: b10902051, hole_card: ['H5', 'D8']
win_rate 0.286
put_in: 10.0
"b10902035" declared "call:0"
name: b10902035, hole_card: ['S6', 'H7']
name: b10902051, hole_card: ['H5', 'D8']
win_rate 0.232
put_in: 10.0
"b10902051" declared "call:0"
Street "river" started. (community card = ['SJ', 'H2', 'D9', 'H9', 'HA'])
name: b10902035, hole_card: ['S6', 'H7']
name: b10902051, hole_card: ['H5', 'D8']
win_rate 0.232
put_in: 10.0
"b10902035" declared "call:0"
name: b10902035, hole_card: ['S6', 'H7']
name: b10902051, hole_card: ['H5', 'D8']
win_rate 0.188
put_in: 10.0
"b10902051" declared "call:0"
"['b10902051']" won the round 6 (stack = {'b10902035': 948.3086419753087, 'b10902051': 1050.1372588866875})
community cards of this round: ['C8', 'HT', 'S2', 'H3', 'CA']
name: b10902035, hole_card: ['H4', 'D8']
name: b10902051, hole_card: ['HJ', 'D3']
Started the round 7
Street "preflop" started. (community card = [])
name: b10902035, hole_card: ['H4', 'D8']
name: b10902051, hole_card: ['HJ', 'D3']
win_rate 0.446
put_in: 15.0
"b10902051" declared "raise:15"
name: b10902035, hole_card: ['H4', 'D8']
name: b10902051, hole_card: ['HJ', 'D3']
win_rate 0.446
put_in: 15.0
"b10902035" declared "call:15"
Street "flop" started. (community card = ['C8', 'HT', 'S2'])
name: b10902035, hole_card: ['H4', 'D8']
name: b10902051, hole_card: ['HJ', 'D3']
win_rate 0.272
put_in: 15.0
"b10902051" declared "call:0"
name: b10902035, hole_card: ['H4', 'D8']
name: b10902051, hole_card: ['HJ', 'D3']
win_rate 0.272
put_in: 15.0
"b10902035" declared "call:0"
Street "turn" started. (community card = ['C8', 'HT', 'S2', 'H3'])
name: b10902035, hole_card: ['H4', 'D8']
name: b10902051, hole_card: ['HJ', 'D3']
win_rate 0.596
put_in: 25.0
"b10902051" declared "raise:10"
name: b10902035, hole_card: ['H4', 'D8']
name: b10902051, hole_card: ['HJ', 'D3']
win_rate 0.596
put_in: 25.0
"b10902035" declared "call:10"
Street "river" started. (community card = ['C8', 'HT', 'S2', 'H3', 'CA'])
name: b10902035, hole_card: ['H4', 'D8']
name: b10902051, hole_card: ['HJ', 'D3']
win_rate 0.55
put_in: 25.0
"b10902051" declared "call:0"
name: b10902035, hole_card: ['H4', 'D8']
name: b10902051, hole_card: ['HJ', 'D3']
win_rate 0.55
put_in: 25.0
"b10902035" declared "call:0"
"['b10902035']" won the round 7 (stack = {'b10902035': 973.3086419753087, 'b10902051': 1025.1372588866875})
community cards of this round: ['DA', 'H9', 'H8', 'S3', 'H2']
name: b10902035, hole_card: ['C9', 'H3']
name: b10902051, hole_card: ['H5', 'HQ']
Started the round 8
Street "preflop" started. (community card = [])
name: b10902035, hole_card: ['C9', 'H3']
name: b10902051, hole_card: ['H5', 'HQ']
win_rate 0.55
put_in: 0.0
"b10902035" declared "call:10"
name: b10902035, hole_card: ['C9', 'H3']
name: b10902051, hole_card: ['H5', 'HQ']
win_rate 0.531
put_in: 15.0
"b10902051" declared "raise:15"
name: b10902035, hole_card: ['C9', 'H3']
name: b10902051, hole_card: ['H5', 'HQ']
win_rate 0.531
put_in: 15.0
"b10902035" declared "call:15"
Street "flop" started. (community card = ['DA', 'H9', 'H8'])
name: b10902035, hole_card: ['C9', 'H3']
name: b10902051, hole_card: ['H5', 'HQ']
win_rate 0.531
put_in: 15.0
"b10902035" declared "call:0"
name: b10902035, hole_card: ['C9', 'H3']
name: b10902051, hole_card: ['H5', 'HQ']
win_rate 0.622
put_in: 25.0
"b10902051" declared "raise:10"
name: b10902035, hole_card: ['C9', 'H3']
name: b10902051, hole_card: ['H5', 'HQ']
win_rate 0.622
put_in: 25.0
"b10902035" declared "call:10"
Street "turn" started. (community card = ['DA', 'H9', 'H8', 'S3'])
name: b10902035, hole_card: ['C9', 'H3']
name: b10902051, hole_card: ['H5', 'HQ']
win_rate 0.622
put_in: 25.0
"b10902035" declared "call:0"
name: b10902035, hole_card: ['C9', 'H3']
name: b10902051, hole_card: ['H5', 'HQ']
win_rate 0.462
put_in: 25.0
"b10902051" declared "call:0"
Street "river" started. (community card = ['DA', 'H9', 'H8', 'S3', 'H2'])
name: b10902035, hole_card: ['C9', 'H3']
name: b10902051, hole_card: ['H5', 'HQ']
win_rate 0.462
put_in: 25.0
"b10902035" declared "call:0"
name: b10902035, hole_card: ['C9', 'H3']
name: b10902051, hole_card: ['H5', 'HQ']
win_rate 0.984
put_in: 46.95424703777083
"b10902051" declared "raise:21.95424703777083"
name: b10902035, hole_card: ['C9', 'H3']
name: b10902051, hole_card: ['H5', 'HQ']
win_rate 0.984
put_in: 46.95424703777083
"b10902035" declared "call:21.95424703777083"
"['b10902051']" won the round 8 (stack = {'b10902035': 926.3543949375378, 'b10902051': 1071.1830118489165})
community cards of this round: ['ST', 'H3', 'CK', 'S8', 'DK']
name: b10902035, hole_card: ['S2', 'CQ']
name: b10902051, hole_card: ['C7', 'H8']
Started the round 9
Street "preflop" started. (community card = [])
name: b10902035, hole_card: ['S2', 'CQ']
name: b10902051, hole_card: ['C7', 'H8']
win_rate 0.442
put_in: 15.0
"b10902051" declared "raise:15"
name: b10902035, hole_card: ['S2', 'CQ']
name: b10902051, hole_card: ['C7', 'H8']
win_rate 0.442
put_in: 15.0
"b10902035" declared "raise:191.18301184891652"
name: b10902035, hole_card: ['S2', 'CQ']
name: b10902051, hole_card: ['C7', 'H8']
win_rate 0.471
put_in: 15.0
"b10902051" declared "fold:0"
"['b10902035']" won the round 9 (stack = {'b10902035': 941.1713830886213, 'b10902051': 1056.1830118489165})
community cards of this round: ['D7', 'H3', 'C8', 'S5', 'H4']
name: b10902035, hole_card: ['ST', 'SQ']
name: b10902051, hole_card: ['HA', 'C7']
Started the round 10
Street "preflop" started. (community card = [])
name: b10902035, hole_card: ['ST', 'SQ']
name: b10902051, hole_card: ['HA', 'C7']
win_rate 0.471
put_in: 0.0
"b10902035" declared "raise:168.82861691137873"
name: b10902035, hole_card: ['ST', 'SQ']
name: b10902051, hole_card: ['HA', 'C7']
win_rate 0.626
put_in: 0.0
"b10902051" declared "fold:0"
"['b10902035']" won the round 10 (stack = {'b10902035': 950.3427661772425, 'b10902051': 1046.1830118489165})
community cards of this round: ['SQ', 'S7', 'C6', 'D4', 'D7']
name: b10902035, hole_card: ['DA', 'H2']
name: b10902051, hole_card: ['H9', 'D9']
Started the round 11
Street "preflop" started. (community card = [])
name: b10902035, hole_card: ['DA', 'H2']
name: b10902051, hole_card: ['H9', 'D9']
win_rate 0.732
put_in: 15.0
"b10902051" declared "raise:15"
name: b10902035, hole_card: ['DA', 'H2']
name: b10902051, hole_card: ['H9', 'D9']
win_rate 0.732
put_in: 15.0
"b10902035" declared "raise:149.65723382275746"
name: b10902035, hole_card: ['DA', 'H2']
name: b10902051, hole_card: ['H9', 'D9']
win_rate 0.712
put_in: 15.0
"b10902051" declared "fold:0"
"['b10902035']" won the round 11 (stack = {'b10902035': 964.6855323544851, 'b10902051': 1031.1830118489165})
community cards of this round: ['S6', 'CK', 'SK', 'D5', 'HK']
name: b10902035, hole_card: ['C4', 'SQ']
name: b10902051, hole_card: ['C6', 'CT']
Started the round 12
Street "preflop" started. (community card = [])
name: b10902035, hole_card: ['C4', 'SQ']
name: b10902051, hole_card: ['C6', 'CT']
win_rate 0.712
put_in: 0.0
"b10902035" declared "raise:125.31446764551492"
name: b10902035, hole_card: ['C4', 'SQ']
name: b10902051, hole_card: ['C6', 'CT']
win_rate 0.514
put_in: 125.31446764551492
"b10902051" declared "call:125.31446764551492"
Street "flop" started. (community card = ['S6', 'CK', 'SK'])
name: b10902035, hole_card: ['C4', 'SQ']
name: b10902051, hole_card: ['C6', 'CT']
win_rate 0.514
put_in: 125.31446764551492
"b10902035" declared "call:0"
name: b10902035, hole_card: ['C4', 'SQ']
name: b10902051, hole_card: ['C6', 'CT']
win_rate 0.71
put_in: 125.31446764551492
"b10902051" declared "call:0"
Street "turn" started. (community card = ['S6', 'CK', 'SK', 'D5'])
name: b10902035, hole_card: ['C4', 'SQ']
name: b10902051, hole_card: ['C6', 'CT']
win_rate 0.71
put_in: 125.31446764551492
"b10902035" declared "call:0"
name: b10902035, hole_card: ['C4', 'SQ']
name: b10902051, hole_card: ['C6', 'CT']
win_rate 0.73
put_in: 125.31446764551492
"b10902051" declared "call:0"
Street "river" started. (community card = ['S6', 'CK', 'SK', 'D5', 'HK'])
name: b10902035, hole_card: ['C4', 'SQ']
name: b10902051, hole_card: ['C6', 'CT']
win_rate 0.73
put_in: 125.31446764551492
"b10902035" declared "call:0"
name: b10902035, hole_card: ['C4', 'SQ']
name: b10902051, hole_card: ['C6', 'CT']
win_rate 0.886
put_in: 125.31446764551492
"b10902051" declared "call:0"
"['b10902051']" won the round 12 (stack = {'b10902035': 839.3710647089702, 'b10902051': 1155.8685442034016})
community cards of this round: ['C2', 'SJ', 'D3', 'C7', 'D5']
name: b10902035, hole_card: ['D2', 'CK']
name: b10902051, hole_card: ['D9', 'H5']
Started the round 13
Street "preflop" started. (community card = [])
name: b10902035, hole_card: ['D2', 'CK']
name: b10902051, hole_card: ['D9', 'H5']
win_rate 0.886
put_in: 0.0
"b10902051" declared "fold:0"
"['b10902035']" won the round 13 (stack = {'b10902035': 844.3710647089702, 'b10902051': 1150.8685442034016})
community cards of this round: ['C6', 'C3', 'CJ', 'HA', 'S6']
name: b10902035, hole_card: ['C2', 'S3']
name: b10902051, hole_card: ['DT', 'H5']
Started the round 14
Street "preflop" started. (community card = [])
name: b10902035, hole_card: ['C2', 'S3']
name: b10902051, hole_card: ['DT', 'H5']
win_rate 0.886
put_in: 0.0
"b10902035" declared "call:10"
name: b10902035, hole_card: ['C2', 'S3']
name: b10902051, hole_card: ['DT', 'H5']
win_rate 0.886
put_in: 0.0
"b10902051" declared "fold:0"
"['b10902035']" won the round 14 (stack = {'b10902035': 854.3710647089702, 'b10902051': 1140.8685442034016})
community cards of this round: ['D9', 'DQ', 'S2', 'H8', 'DT']
name: b10902035, hole_card: ['C8', 'D6']
name: b10902051, hole_card: ['C5', 'C4']
Started the round 15
Street "preflop" started. (community card = [])
name: b10902035, hole_card: ['C8', 'D6']
name: b10902051, hole_card: ['C5', 'C4']
win_rate 0.886
put_in: 0.0
"b10902051" declared "fold:0"
"['b10902035']" won the round 15 (stack = {'b10902035': 859.3710647089702, 'b10902051': 1135.8685442034016})
community cards of this round: ['S8', 'S7', 'SA', 'D7', 'D4']
name: b10902035, hole_card: ['C2', 'DQ']
name: b10902051, hole_card: ['ST', 'HT']
Started the round 16
Street "preflop" started. (community card = [])
name: b10902035, hole_card: ['C2', 'DQ']
name: b10902051, hole_card: ['ST', 'HT']
win_rate 0.886
put_in: 0.0
"b10902035" declared "raise:190.62893529102985"
name: b10902035, hole_card: ['C2', 'DQ']
name: b10902051, hole_card: ['ST', 'HT']
win_rate 0.886
put_in: 0.0
"b10902051" declared "fold:0"
"['b10902035']" won the round 16 (stack = {'b10902035': 868.7421294179403, 'b10902051': 1125.8685442034016})
community cards of this round: ['D5', 'S8', 'CA', 'H5', 'D6']
name: b10902035, hole_card: ['HJ', 'S9']
name: b10902051, hole_card: ['H9', 'DA']
Started the round 17
Street "preflop" started. (community card = [])
name: b10902035, hole_card: ['HJ', 'S9']
name: b10902051, hole_card: ['H9', 'DA']
win_rate 0.886
put_in: 0.0
"b10902051" declared "fold:0"
"['b10902035']" won the round 17 (stack = {'b10902035': 873.7421294179403, 'b10902051': 1120.8685442034016})
community cards of this round: ['DQ', 'H8', 'HT', 'C9', 'DJ']
name: b10902035, hole_card: ['S5', 'SA']
name: b10902051, hole_card: ['S6', 'DT']
Started the round 18
Street "preflop" started. (community card = [])
name: b10902035, hole_card: ['S5', 'SA']
name: b10902051, hole_card: ['S6', 'DT']
win_rate 0.886
put_in: 0.0
"b10902035" declared "raise:156.2578705820597"
name: b10902035, hole_card: ['S5', 'SA']
name: b10902051, hole_card: ['S6', 'DT']
win_rate 0.886
put_in: 0.0
"b10902051" declared "fold:0"
"['b10902035']" won the round 18 (stack = {'b10902035': 883.4842588358806, 'b10902051': 1110.8685442034016})
community cards of this round: ['C8', 'DJ', 'D7', 'D9', 'S3']
name: b10902035, hole_card: ['D8', 'S7']
name: b10902051, hole_card: ['S6', 'S2']
Started the round 19
Street "preflop" started. (community card = [])
name: b10902035, hole_card: ['D8', 'S7']
name: b10902051, hole_card: ['S6', 'S2']
win_rate 0.886
put_in: 0.0
"b10902051" declared "fold:0"
"['b10902035']" won the round 19 (stack = {'b10902035': 888.4842588358806, 'b10902051': 1105.8685442034016})
community cards of this round: ['S5', 'S8', 'S4', 'S3', 'H4']
name: b10902035, hole_card: ['S6', 'H2']
name: b10902051, hole_card: ['CK', 'DT']
Started the round 20
Street "preflop" started. (community card = [])
name: b10902035, hole_card: ['S6', 'H2']
name: b10902051, hole_card: ['CK', 'DT']
win_rate 0.886
put_in: 0.0
"b10902035" declared "call:10"
name: b10902035, hole_card: ['S6', 'H2']
name: b10902051, hole_card: ['CK', 'DT']
win_rate 0.886
put_in: 0.0
"b10902051" declared "fold:0"
"['b10902035']" won the round 20 (stack = {'b10902035': 898.4842588358806, 'b10902051': 1095.8685442034016})
b10902051 vs b10902035 - Game 5: {'rule': {'initial_stack': 1000, 'max_round': 20, 'small_blind_amount': 5, 'ante': 0, 'blind_structure': {}}, 'players': [{'name': 'b10902035', 'uuid': 'zwzytryilzjiwdwnnahhii', 'stack': 898.4842588358806, 'state': 'participating'}, {'name': 'b10902051', 'uuid': 'foskdbyrxdnfewrjyrluzi', 'stack': 1095.8685442034016, 'state': 'participating'}]}
Final Result: b10902051 won 2 games (stack: 5007.798328348088), b10902035 won 3 games (stack: 4972.632406983098), num ties: 0
