community cards of this round: ['S6', 'S5', 'S2', 'D4', 'H3']
name: b10902050, hole_card: ['C6', 'H6']
name: b10902132, hole_card: ['DA', 'HK']
Started the round 1
Street "preflop" started. (community card = [])
name: b10902050, hole_card: ['C6', 'H6']
name: b10902132, hole_card: ['DA', 'HK']
"b10902132" declared "raise:15"
name: b10902050, hole_card: ['C6', 'H6']
name: b10902132, hole_card: ['DA', 'HK']
"b10902050" declared "raise:132.5"
name: b10902050, hole_card: ['C6', 'H6']
name: b10902132, hole_card: ['DA', 'HK']
"b10902132" declared "raise:625.0"
name: b10902050, hole_card: ['C6', 'H6']
name: b10902132, hole_card: ['DA', 'HK']
"b10902050" declared "call:625.0"
Street "flop" started. (community card = ['S6', 'S5', 'S2'])
name: b10902050, hole_card: ['C6', 'H6']
name: b10902132, hole_card: ['DA', 'HK']
"b10902132" declared "raise:192"
name: b10902050, hole_card: ['C6', 'H6']
name: b10902132, hole_card: ['DA', 'HK']
"b10902050" declared "call:192"
Street "turn" started. (community card = ['S6', 'S5', 'S2', 'D4'])
name: b10902050, hole_card: ['C6', 'H6']
name: b10902132, hole_card: ['DA', 'HK']
"b10902132" declared "raise:96"
name: b10902050, hole_card: ['C6', 'H6']
name: b10902132, hole_card: ['DA', 'HK']
"b10902050" declared "call:96"
Street "river" started. (community card = ['S6', 'S5', 'S2', 'D4', 'H3'])
name: b10902050, hole_card: ['C6', 'H6']
name: b10902132, hole_card: ['DA', 'HK']
"b10902132" declared "raise:48"
name: b10902050, hole_card: ['C6', 'H6']
name: b10902132, hole_card: ['DA', 'HK']
"b10902050" declared "call:48"
"['b10902132']" won the round 1 (stack = {'b10902050': 39.0, 'b10902132': 1961.0})
community cards of this round: ['SJ', 'DA', 'HA', 'DJ', 'S8']
name: b10902050, hole_card: ['S7', 'C8']
name: b10902132, hole_card: ['D7', 'CQ']
Started the round 2
Street "preflop" started. (community card = [])
name: b10902050, hole_card: ['S7', 'C8']
name: b10902132, hole_card: ['D7', 'CQ']
"b10902050" declared "call:10"
name: b10902050, hole_card: ['S7', 'C8']
name: b10902132, hole_card: ['D7', 'CQ']
"b10902132" declared "raise:15"
name: b10902050, hole_card: ['S7', 'C8']
name: b10902132, hole_card: ['D7', 'CQ']
"b10902050" declared "call:15"
Street "flop" started. (community card = ['SJ', 'DA', 'HA'])
name: b10902050, hole_card: ['S7', 'C8']
name: b10902132, hole_card: ['D7', 'CQ']
"b10902050" declared "call:0"
name: b10902050, hole_card: ['S7', 'C8']
name: b10902132, hole_card: ['D7', 'CQ']
"b10902132" declared "raise:10"
name: b10902050, hole_card: ['S7', 'C8']
name: b10902132, hole_card: ['D7', 'CQ']
"b10902050" declared "call:10"
Street "turn" started. (community card = ['SJ', 'DA', 'HA', 'DJ'])
name: b10902050, hole_card: ['S7', 'C8']
name: b10902132, hole_card: ['D7', 'CQ']
"b10902050" declared "call:0"
name: b10902050, hole_card: ['S7', 'C8']
name: b10902132, hole_card: ['D7', 'CQ']
"b10902132" declared "raise:10"
name: b10902050, hole_card: ['S7', 'C8']
name: b10902132, hole_card: ['D7', 'CQ']
"b10902050" declared "raise:-1", Invalid action. Treat as fold...
"['b10902132']" won the round 2 (stack = {'b10902050': 14.0, 'b10902132': 1986.0})
community cards of this round: ['S9', 'CA', 'C7', 'C8', 'H8']
name: b10902050, hole_card: ['S8', 'SK']
name: b10902132, hole_card: ['HA', 'C9']
Started the round 3
Street "preflop" started. (community card = [])
name: b10902050, hole_card: ['S8', 'SK']
name: b10902132, hole_card: ['HA', 'C9']
"b10902132" declared "raise:15"
name: b10902050, hole_card: ['S8', 'SK']
name: b10902132, hole_card: ['HA', 'C9']
"b10902050" declared "call:15"
Street "flop" started. (community card = ['S9', 'CA', 'C7'])
Street "turn" started. (community card = ['S9', 'CA', 'C7', 'C8'])
Street "river" started. (community card = ['S9', 'CA', 'C7', 'C8', 'H8'])
"['b10902050']" won the round 3 (stack = {'b10902050': 28.0, 'b10902132': 1972.0})
community cards of this round: ['SQ', 'H4', 'CK', 'S5', 'HQ']
name: b10902050, hole_card: ['C7', 'D4']
name: b10902132, hole_card: ['CQ', 'C5']
Started the round 4
Street "preflop" started. (community card = [])
name: b10902050, hole_card: ['C7', 'D4']
name: b10902132, hole_card: ['CQ', 'C5']
"b10902050" declared "fold:0"
"['b10902132']" won the round 4 (stack = {'b10902050': 23.0, 'b10902132': 1977.0})
community cards of this round: ['C5', 'ST', 'S4', 'CQ', 'D2']
name: b10902050, hole_card: ['H2', 'SJ']
name: b10902132, hole_card: ['H5', 'C7']
Started the round 5
Street "preflop" started. (community card = [])
name: b10902050, hole_card: ['H2', 'SJ']
name: b10902132, hole_card: ['H5', 'C7']
"b10902132" declared "raise:15"
name: b10902050, hole_card: ['H2', 'SJ']
name: b10902132, hole_card: ['H5', 'C7']
"b10902050" declared "call:15"
Street "flop" started. (community card = ['C5', 'ST', 'S4'])
name: b10902050, hole_card: ['H2', 'SJ']
name: b10902132, hole_card: ['H5', 'C7']
"b10902132" declared "raise:10"
name: b10902050, hole_card: ['H2', 'SJ']
name: b10902132, hole_card: ['H5', 'C7']
"b10902050" declared "raise:-1", Invalid action. Treat as fold...
"['b10902132']" won the round 5 (stack = {'b10902050': 8.0, 'b10902132': 1992.0})
community cards of this round: ['CA', 'H4', 'H3', 'C2', 'D4']
name: b10902050, hole_card: ['S5', 'C9']
name: b10902132, hole_card: ['S6', 'DT']
Started the round 6
Street "preflop" started. (community card = [])
name: b10902050, hole_card: ['S5', 'C9']
name: b10902132, hole_card: ['S6', 'DT']
"b10902050" declared "raise:-1", Invalid action. Treat as fold...
"['b10902132']" won the round 6 (stack = {'b10902050': 3.0, 'b10902132': 1997.0})
b10902132 vs b10902050 - Game 1: {'rule': {'initial_stack': 1000, 'max_round': 20, 'small_blind_amount': 5, 'ante': 0, 'blind_structure': {}}, 'players': [{'name': 'b10902050', 'uuid': 'byteymyazjwhcfmdzryjyn', 'stack': 0, 'state': 'folded'}, {'name': 'b10902132', 'uuid': 'mqyydqxtrbjojrxscrsomc', 'stack': 1997.0, 'state': 'participating'}]}
community cards of this round: ['S6', 'S5', 'S2', 'D4', 'H3']
name: b10902132, hole_card: ['C6', 'H6']
name: b10902050, hole_card: ['DA', 'HK']
Started the round 1
Street "preflop" started. (community card = [])
name: b10902132, hole_card: ['C6', 'H6']
name: b10902050, hole_card: ['DA', 'HK']
"b10902050" declared "raise:140.0"
name: b10902132, hole_card: ['C6', 'H6']
name: b10902050, hole_card: ['DA', 'HK']
"b10902132" declared "raise:270.0"
name: b10902132, hole_card: ['C6', 'H6']
name: b10902050, hole_card: ['DA', 'HK']
"b10902050" declared "call:270.0"
Street "flop" started. (community card = ['S6', 'S5', 'S2'])
name: b10902132, hole_card: ['C6', 'H6']
name: b10902050, hole_card: ['DA', 'HK']
"b10902050" declared "call:0"
name: b10902132, hole_card: ['C6', 'H6']
name: b10902050, hole_card: ['DA', 'HK']
"b10902132" declared "raise:370"
name: b10902132, hole_card: ['C6', 'H6']
name: b10902050, hole_card: ['DA', 'HK']
"b10902050" declared "call:370"
Street "turn" started. (community card = ['S6', 'S5', 'S2', 'D4'])
name: b10902132, hole_card: ['C6', 'H6']
name: b10902050, hole_card: ['DA', 'HK']
"b10902050" declared "call:0"
name: b10902132, hole_card: ['C6', 'H6']
name: b10902050, hole_card: ['DA', 'HK']
"b10902132" declared "raise:185"
name: b10902132, hole_card: ['C6', 'H6']
name: b10902050, hole_card: ['DA', 'HK']
"b10902050" declared "call:185"
Street "river" started. (community card = ['S6', 'S5', 'S2', 'D4', 'H3'])
name: b10902132, hole_card: ['C6', 'H6']
name: b10902050, hole_card: ['DA', 'HK']
"b10902050" declared "call:0"
name: b10902132, hole_card: ['C6', 'H6']
name: b10902050, hole_card: ['DA', 'HK']
"b10902132" declared "raise:92"
name: b10902132, hole_card: ['C6', 'H6']
name: b10902050, hole_card: ['DA', 'HK']
"b10902050" declared "call:92"
"['b10902050']" won the round 1 (stack = {'b10902132': 83.0, 'b10902050': 1917.0})
community cards of this round: ['SJ', 'DA', 'HA', 'DJ', 'S8']
name: b10902132, hole_card: ['S7', 'C8']
name: b10902050, hole_card: ['D7', 'CQ']
Started the round 2
Street "preflop" started. (community card = [])
name: b10902132, hole_card: ['S7', 'C8']
name: b10902050, hole_card: ['D7', 'CQ']
"b10902132" declared "raise:83.0"
name: b10902132, hole_card: ['S7', 'C8']
name: b10902050, hole_card: ['D7', 'CQ']
"b10902050" declared "fold:0"
"['b10902132']" won the round 2 (stack = {'b10902132': 93.0, 'b10902050': 1907.0})
community cards of this round: ['S9', 'CA', 'C7', 'C8', 'H8']
name: b10902132, hole_card: ['S8', 'SK']
name: b10902050, hole_card: ['HA', 'C9']
Started the round 3
Street "preflop" started. (community card = [])
name: b10902132, hole_card: ['S8', 'SK']
name: b10902050, hole_card: ['HA', 'C9']
"b10902050" declared "fold:0"
"['b10902132']" won the round 3 (stack = {'b10902132': 98.0, 'b10902050': 1902.0})
community cards of this round: ['SQ', 'H4', 'CK', 'S5', 'HQ']
name: b10902132, hole_card: ['C7', 'D4']
name: b10902050, hole_card: ['CQ', 'C5']
Started the round 4
Street "preflop" started. (community card = [])
name: b10902132, hole_card: ['C7', 'D4']
name: b10902050, hole_card: ['CQ', 'C5']
"b10902132" declared "raise:98.0"
name: b10902132, hole_card: ['C7', 'D4']
name: b10902050, hole_card: ['CQ', 'C5']
"b10902050" declared "fold:0"
"['b10902132']" won the round 4 (stack = {'b10902132': 108.0, 'b10902050': 1892.0})
community cards of this round: ['C5', 'ST', 'S4', 'CQ', 'D2']
name: b10902132, hole_card: ['H2', 'SJ']
name: b10902050, hole_card: ['H5', 'C7']
Started the round 5
Street "preflop" started. (community card = [])
name: b10902132, hole_card: ['H2', 'SJ']
name: b10902050, hole_card: ['H5', 'C7']
"b10902050" declared "fold:0"
"['b10902132']" won the round 5 (stack = {'b10902132': 113.0, 'b10902050': 1887.0})
community cards of this round: ['CA', 'H4', 'H3', 'C2', 'D4']
name: b10902132, hole_card: ['S5', 'C9']
name: b10902050, hole_card: ['S6', 'DT']
Started the round 6
Street "preflop" started. (community card = [])
name: b10902132, hole_card: ['S5', 'C9']
name: b10902050, hole_card: ['S6', 'DT']
"b10902132" declared "raise:113.0"
name: b10902132, hole_card: ['S5', 'C9']
name: b10902050, hole_card: ['S6', 'DT']
"b10902050" declared "fold:0"
"['b10902132']" won the round 6 (stack = {'b10902132': 123.0, 'b10902050': 1877.0})
community cards of this round: ['D5', 'CJ', 'DQ', 'D3', 'C5']
name: b10902132, hole_card: ['H9', 'SJ']
name: b10902050, hole_card: ['ST', 'S4']
Started the round 7
Street "preflop" started. (community card = [])
name: b10902132, hole_card: ['H9', 'SJ']
name: b10902050, hole_card: ['ST', 'S4']
"b10902050" declared "fold:0"
"['b10902132']" won the round 7 (stack = {'b10902132': 128.0, 'b10902050': 1872.0})
community cards of this round: ['D6', 'C8', 'HT', 'C7', 'S5']
name: b10902132, hole_card: ['D4', 'CQ']
name: b10902050, hole_card: ['D2', 'S7']
Started the round 8
Street "preflop" started. (community card = [])
name: b10902132, hole_card: ['D4', 'CQ']
name: b10902050, hole_card: ['D2', 'S7']
"b10902132" declared "raise:128.0"
name: b10902132, hole_card: ['D4', 'CQ']
name: b10902050, hole_card: ['D2', 'S7']
"b10902050" declared "fold:0"
"['b10902132']" won the round 8 (stack = {'b10902132': 138.0, 'b10902050': 1862.0})
community cards of this round: ['H6', 'H2', 'CA', 'D3', 'S3']
name: b10902132, hole_card: ['D8', 'DJ']
name: b10902050, hole_card: ['H9', 'D7']
Started the round 9
Street "preflop" started. (community card = [])
name: b10902132, hole_card: ['D8', 'DJ']
name: b10902050, hole_card: ['H9', 'D7']
"b10902050" declared "fold:0"
"['b10902132']" won the round 9 (stack = {'b10902132': 143.0, 'b10902050': 1857.0})
community cards of this round: ['SQ', 'H5', 'H9', 'CQ', 'D4']
name: b10902132, hole_card: ['CA', 'DJ']
name: b10902050, hole_card: ['HQ', 'HK']
Started the round 10
Street "preflop" started. (community card = [])
name: b10902132, hole_card: ['CA', 'DJ']
name: b10902050, hole_card: ['HQ', 'HK']
"b10902132" declared "raise:143.0"
name: b10902132, hole_card: ['CA', 'DJ']
name: b10902050, hole_card: ['HQ', 'HK']
"b10902050" declared "fold:0"
"['b10902132']" won the round 10 (stack = {'b10902132': 153.0, 'b10902050': 1847.0})
community cards of this round: ['HK', 'H8', 'HQ', 'D7', 'CQ']
name: b10902132, hole_card: ['H9', 'D8']
name: b10902050, hole_card: ['D3', 'SJ']
Started the round 11
Street "preflop" started. (community card = [])
name: b10902132, hole_card: ['H9', 'D8']
name: b10902050, hole_card: ['D3', 'SJ']
"b10902050" declared "fold:0"
"['b10902132']" won the round 11 (stack = {'b10902132': 158.0, 'b10902050': 1842.0})
community cards of this round: ['HT', 'C5', 'D6', 'SK', 'D4']
name: b10902132, hole_card: ['C6', 'HK']
name: b10902050, hole_card: ['D7', 'DA']
Started the round 12
Street "preflop" started. (community card = [])
name: b10902132, hole_card: ['C6', 'HK']
name: b10902050, hole_card: ['D7', 'DA']
"b10902132" declared "raise:158.0"
name: b10902132, hole_card: ['C6', 'HK']
name: b10902050, hole_card: ['D7', 'DA']
"b10902050" declared "fold:0"
"['b10902132']" won the round 12 (stack = {'b10902132': 168.0, 'b10902050': 1832.0})
community cards of this round: ['C8', 'CA', 'C7', 'H9', 'S2']
name: b10902132, hole_card: ['S7', 'H3']
name: b10902050, hole_card: ['C6', 'SJ']
Started the round 13
Street "preflop" started. (community card = [])
name: b10902132, hole_card: ['S7', 'H3']
name: b10902050, hole_card: ['C6', 'SJ']
"b10902050" declared "fold:0"
"['b10902132']" won the round 13 (stack = {'b10902132': 173.0, 'b10902050': 1827.0})
community cards of this round: ['C4', 'DA', 'C9', 'H2', 'CQ']
name: b10902132, hole_card: ['HA', 'C7']
name: b10902050, hole_card: ['CT', 'S9']
Started the round 14
Street "preflop" started. (community card = [])
name: b10902132, hole_card: ['HA', 'C7']
name: b10902050, hole_card: ['CT', 'S9']
"b10902132" declared "raise:173.0"
name: b10902132, hole_card: ['HA', 'C7']
name: b10902050, hole_card: ['CT', 'S9']
"b10902050" declared "fold:0"
"['b10902132']" won the round 14 (stack = {'b10902132': 183.0, 'b10902050': 1817.0})
community cards of this round: ['CT', 'S5', 'S2', 'C9', 'SQ']
name: b10902132, hole_card: ['C4', 'D9']
name: b10902050, hole_card: ['H2', 'C8']
Started the round 15
Street "preflop" started. (community card = [])
name: b10902132, hole_card: ['C4', 'D9']
name: b10902050, hole_card: ['H2', 'C8']
"b10902050" declared "fold:0"
"['b10902132']" won the round 15 (stack = {'b10902132': 188.0, 'b10902050': 1812.0})
community cards of this round: ['SJ', 'C2', 'ST', 'CA', 'HJ']
name: b10902132, hole_card: ['S9', 'DA']
name: b10902050, hole_card: ['SK', 'HA']
Started the round 16
Street "preflop" started. (community card = [])
name: b10902132, hole_card: ['S9', 'DA']
name: b10902050, hole_card: ['SK', 'HA']
"b10902132" declared "raise:188.0"
name: b10902132, hole_card: ['S9', 'DA']
name: b10902050, hole_card: ['SK', 'HA']
"b10902050" declared "fold:0"
"['b10902132']" won the round 16 (stack = {'b10902132': 198.0, 'b10902050': 1802.0})
community cards of this round: ['DK', 'S4', 'ST', 'D2', 'S6']
name: b10902132, hole_card: ['S9', 'HQ']
name: b10902050, hole_card: ['C8', 'HA']
Started the round 17
Street "preflop" started. (community card = [])
name: b10902132, hole_card: ['S9', 'HQ']
name: b10902050, hole_card: ['C8', 'HA']
"b10902050" declared "fold:0"
"['b10902132']" won the round 17 (stack = {'b10902132': 203.0, 'b10902050': 1797.0})
community cards of this round: ['S5', 'S7', 'S4', 'D9', 'S6']
name: b10902132, hole_card: ['SJ', 'D3']
name: b10902050, hole_card: ['C9', 'C3']
Started the round 18
Street "preflop" started. (community card = [])
name: b10902132, hole_card: ['SJ', 'D3']
name: b10902050, hole_card: ['C9', 'C3']
"b10902132" declared "raise:203.0"
name: b10902132, hole_card: ['SJ', 'D3']
name: b10902050, hole_card: ['C9', 'C3']
"b10902050" declared "fold:0"
"['b10902132']" won the round 18 (stack = {'b10902132': 213.0, 'b10902050': 1787.0})
community cards of this round: ['DQ', 'D6', 'S7', 'D7', 'H8']
name: b10902132, hole_card: ['D2', 'DT']
name: b10902050, hole_card: ['D5', 'HA']
Started the round 19
Street "preflop" started. (community card = [])
name: b10902132, hole_card: ['D2', 'DT']
name: b10902050, hole_card: ['D5', 'HA']
"b10902050" declared "fold:0"
"['b10902132']" won the round 19 (stack = {'b10902132': 218.0, 'b10902050': 1782.0})
community cards of this round: ['H7', 'S8', 'S9', 'H9', 'C4']
name: b10902132, hole_card: ['DT', 'SA']
name: b10902050, hole_card: ['S3', 'SQ']
Started the round 20
Street "preflop" started. (community card = [])
name: b10902132, hole_card: ['DT', 'SA']
name: b10902050, hole_card: ['S3', 'SQ']
"b10902132" declared "raise:218.0"
name: b10902132, hole_card: ['DT', 'SA']
name: b10902050, hole_card: ['S3', 'SQ']
"b10902050" declared "fold:0"
"['b10902132']" won the round 20 (stack = {'b10902132': 228.0, 'b10902050': 1772.0})
b10902132 vs b10902050 - Game 2: {'rule': {'initial_stack': 1000, 'max_round': 20, 'small_blind_amount': 5, 'ante': 0, 'blind_structure': {}}, 'players': [{'name': 'b10902132', 'uuid': 'lofpbfoylbpwxoluijhwus', 'stack': 228.0, 'state': 'participating'}, {'name': 'b10902050', 'uuid': 'aaifvzqfshmauimcdexvba', 'stack': 1772.0, 'state': 'participating'}]}
community cards of this round: ['S9', 'HA', 'CQ', 'CJ', 'DK']
name: b10902050, hole_card: ['HK', 'H8']
name: b10902132, hole_card: ['S8', 'DT']
Started the round 1
Street "preflop" started. (community card = [])
name: b10902050, hole_card: ['HK', 'H8']
name: b10902132, hole_card: ['S8', 'DT']
"b10902132" declared "raise:15"
name: b10902050, hole_card: ['HK', 'H8']
name: b10902132, hole_card: ['S8', 'DT']
"b10902050" declared "raise:132.5"
name: b10902050, hole_card: ['HK', 'H8']
name: b10902132, hole_card: ['S8', 'DT']
"b10902132" declared "raise:250.0"
name: b10902050, hole_card: ['HK', 'H8']
name: b10902132, hole_card: ['S8', 'DT']
"b10902050" declared "call:250.0"
Street "flop" started. (community card = ['S9', 'HA', 'CQ'])
name: b10902050, hole_card: ['HK', 'H8']
name: b10902132, hole_card: ['S8', 'DT']
"b10902132" declared "raise:380"
name: b10902050, hole_card: ['HK', 'H8']
name: b10902132, hole_card: ['S8', 'DT']
"b10902050" declared "call:380"
Street "turn" started. (community card = ['S9', 'HA', 'CQ', 'CJ'])
name: b10902050, hole_card: ['HK', 'H8']
name: b10902132, hole_card: ['S8', 'DT']
"b10902132" declared "raise:190"
name: b10902050, hole_card: ['HK', 'H8']
name: b10902132, hole_card: ['S8', 'DT']
"b10902050" declared "call:190"
Street "river" started. (community card = ['S9', 'HA', 'CQ', 'CJ', 'DK'])
name: b10902050, hole_card: ['HK', 'H8']
name: b10902132, hole_card: ['S8', 'DT']
"b10902132" declared "raise:95"
name: b10902050, hole_card: ['HK', 'H8']
name: b10902132, hole_card: ['S8', 'DT']
"b10902050" declared "call:95"
"['b10902132']" won the round 1 (stack = {'b10902050': 85.0, 'b10902132': 1915.0})
community cards of this round: ['CA', 'D3', 'C9', 'CJ', 'D4']
name: b10902050, hole_card: ['H3', 'S3']
name: b10902132, hole_card: ['DK', 'CQ']
Started the round 2
Street "preflop" started. (community card = [])
name: b10902050, hole_card: ['H3', 'S3']
name: b10902132, hole_card: ['DK', 'CQ']
"b10902050" declared "raise:85.0"
name: b10902050, hole_card: ['H3', 'S3']
name: b10902132, hole_card: ['DK', 'CQ']
"b10902132" declared "raise:160.0"
Street "flop" started. (community card = ['CA', 'D3', 'C9'])
Street "turn" started. (community card = ['CA', 'D3', 'C9', 'CJ'])
Street "river" started. (community card = ['CA', 'D3', 'C9', 'CJ', 'D4'])
"['b10902050']" won the round 2 (stack = {'b10902050': 170.0, 'b10902132': 1830.0})
community cards of this round: ['D7', 'H9', 'H8', 'CK', 'DJ']
name: b10902050, hole_card: ['H4', 'HT']
name: b10902132, hole_card: ['S6', 'D4']
Started the round 3
Street "preflop" started. (community card = [])
name: b10902050, hole_card: ['H4', 'HT']
name: b10902132, hole_card: ['S6', 'D4']
"b10902132" declared "raise:15"
name: b10902050, hole_card: ['H4', 'HT']
name: b10902132, hole_card: ['S6', 'D4']
"b10902050" declared "call:15"
Street "flop" started. (community card = ['D7', 'H9', 'H8'])
name: b10902050, hole_card: ['H4', 'HT']
name: b10902132, hole_card: ['S6', 'D4']
"b10902132" declared "raise:10"
name: b10902050, hole_card: ['H4', 'HT']
name: b10902132, hole_card: ['S6', 'D4']
"b10902050" declared "raise:155.0"
name: b10902050, hole_card: ['H4', 'HT']
name: b10902132, hole_card: ['S6', 'D4']
"b10902132" declared "raise:300.0"
Street "turn" started. (community card = ['D7', 'H9', 'H8', 'CK'])
Street "river" started. (community card = ['D7', 'H9', 'H8', 'CK', 'DJ'])
"['b10902050']" won the round 3 (stack = {'b10902050': 340.0, 'b10902132': 1660.0})
community cards of this round: ['S5', 'C4', 'HJ', 'HT', 'H7']
name: b10902050, hole_card: ['C7', 'S4']
name: b10902132, hole_card: ['C9', 'H5']
Started the round 4
Street "preflop" started. (community card = [])
name: b10902050, hole_card: ['C7', 'S4']
name: b10902132, hole_card: ['C9', 'H5']
"b10902050" declared "fold:0"
"['b10902132']" won the round 4 (stack = {'b10902050': 335.0, 'b10902132': 1665.0})
community cards of this round: ['HK', 'H4', 'SQ', 'SJ', 'ST']
name: b10902050, hole_card: ['D5', 'CA']
name: b10902132, hole_card: ['H6', 'SA']
Started the round 5
Street "preflop" started. (community card = [])
name: b10902050, hole_card: ['D5', 'CA']
name: b10902132, hole_card: ['H6', 'SA']
"b10902132" declared "raise:15"
name: b10902050, hole_card: ['D5', 'CA']
name: b10902132, hole_card: ['H6', 'SA']
"b10902050" declared "raise:335.0"
name: b10902050, hole_card: ['D5', 'CA']
name: b10902132, hole_card: ['H6', 'SA']
"b10902132" declared "raise:1160.0"
Street "flop" started. (community card = ['HK', 'H4', 'SQ'])
Street "turn" started. (community card = ['HK', 'H4', 'SQ', 'SJ'])
Street "river" started. (community card = ['HK', 'H4', 'SQ', 'SJ', 'ST'])
"['b10902132']" won the round 5 (stack = {'b10902050': 0.0, 'b10902132': 2000.0})
b10902132 vs b10902050 - Game 3: {'rule': {'initial_stack': 1000, 'max_round': 20, 'small_blind_amount': 5, 'ante': 0, 'blind_structure': {}}, 'players': [{'name': 'b10902050', 'uuid': 'nkrmtetqbtsjptctmzyvxk', 'stack': 0, 'state': 'folded'}, {'name': 'b10902132', 'uuid': 'hxovlnynuengmwouozkjrn', 'stack': 2000.0, 'state': 'participating'}]}
community cards of this round: ['S9', 'HA', 'CQ', 'CJ', 'DK']
name: b10902132, hole_card: ['HK', 'H8']
name: b10902050, hole_card: ['S8', 'DT']
Started the round 1
Street "preflop" started. (community card = [])
name: b10902132, hole_card: ['HK', 'H8']
name: b10902050, hole_card: ['S8', 'DT']
"b10902050" declared "raise:140.0"
name: b10902132, hole_card: ['HK', 'H8']
name: b10902050, hole_card: ['S8', 'DT']
"b10902132" declared "raise:635.0"
name: b10902132, hole_card: ['HK', 'H8']
name: b10902050, hole_card: ['S8', 'DT']
"b10902050" declared "call:635.0"
Street "flop" started. (community card = ['S9', 'HA', 'CQ'])
name: b10902132, hole_card: ['HK', 'H8']
name: b10902050, hole_card: ['S8', 'DT']
"b10902050" declared "call:0"
name: b10902132, hole_card: ['HK', 'H8']
name: b10902050, hole_card: ['S8', 'DT']
"b10902132" declared "raise:187"
name: b10902132, hole_card: ['HK', 'H8']
name: b10902050, hole_card: ['S8', 'DT']
"b10902050" declared "call:187"
Street "turn" started. (community card = ['S9', 'HA', 'CQ', 'CJ'])
name: b10902132, hole_card: ['HK', 'H8']
name: b10902050, hole_card: ['S8', 'DT']
"b10902050" declared "call:0"
name: b10902132, hole_card: ['HK', 'H8']
name: b10902050, hole_card: ['S8', 'DT']
"b10902132" declared "raise:94"
name: b10902132, hole_card: ['HK', 'H8']
name: b10902050, hole_card: ['S8', 'DT']
"b10902050" declared "call:94"
Street "river" started. (community card = ['S9', 'HA', 'CQ', 'CJ', 'DK'])
name: b10902132, hole_card: ['HK', 'H8']
name: b10902050, hole_card: ['S8', 'DT']
"b10902050" declared "call:0"
name: b10902132, hole_card: ['HK', 'H8']
name: b10902050, hole_card: ['S8', 'DT']
"b10902132" declared "raise:47"
name: b10902132, hole_card: ['HK', 'H8']
name: b10902050, hole_card: ['S8', 'DT']
"b10902050" declared "call:47"
"['b10902050']" won the round 1 (stack = {'b10902132': 37.0, 'b10902050': 1963.0})
community cards of this round: ['CA', 'D3', 'C9', 'CJ', 'D4']
name: b10902132, hole_card: ['H3', 'S3']
name: b10902050, hole_card: ['DK', 'CQ']
Started the round 2
Street "preflop" started. (community card = [])
name: b10902132, hole_card: ['H3', 'S3']
name: b10902050, hole_card: ['DK', 'CQ']
"b10902132" declared "raise:37.0"
name: b10902132, hole_card: ['H3', 'S3']
name: b10902050, hole_card: ['DK', 'CQ']
"b10902050" declared "fold:0"
"['b10902132']" won the round 2 (stack = {'b10902132': 47.0, 'b10902050': 1953.0})
community cards of this round: ['D7', 'H9', 'H8', 'CK', 'DJ']
name: b10902132, hole_card: ['H4', 'HT']
name: b10902050, hole_card: ['S6', 'D4']
Started the round 3
Street "preflop" started. (community card = [])
name: b10902132, hole_card: ['H4', 'HT']
name: b10902050, hole_card: ['S6', 'D4']
"b10902050" declared "fold:0"
"['b10902132']" won the round 3 (stack = {'b10902132': 52.0, 'b10902050': 1948.0})
community cards of this round: ['S5', 'C4', 'HJ', 'HT', 'H7']
name: b10902132, hole_card: ['C7', 'S4']
name: b10902050, hole_card: ['C9', 'H5']
Started the round 4
Street "preflop" started. (community card = [])
name: b10902132, hole_card: ['C7', 'S4']
name: b10902050, hole_card: ['C9', 'H5']
"b10902132" declared "raise:52.0"
name: b10902132, hole_card: ['C7', 'S4']
name: b10902050, hole_card: ['C9', 'H5']
"b10902050" declared "fold:0"
"['b10902132']" won the round 4 (stack = {'b10902132': 62.0, 'b10902050': 1938.0})
community cards of this round: ['HK', 'H4', 'SQ', 'SJ', 'ST']
name: b10902132, hole_card: ['D5', 'CA']
name: b10902050, hole_card: ['H6', 'SA']
Started the round 5
Street "preflop" started. (community card = [])
name: b10902132, hole_card: ['D5', 'CA']
name: b10902050, hole_card: ['H6', 'SA']
"b10902050" declared "fold:0"
"['b10902132']" won the round 5 (stack = {'b10902132': 67.0, 'b10902050': 1933.0})
community cards of this round: ['H2', 'S7', 'CJ', 'HK', 'DQ']
name: b10902132, hole_card: ['SJ', 'S9']
name: b10902050, hole_card: ['C7', 'D5']
Started the round 6
Street "preflop" started. (community card = [])
name: b10902132, hole_card: ['SJ', 'S9']
name: b10902050, hole_card: ['C7', 'D5']
"b10902132" declared "raise:67.0"
name: b10902132, hole_card: ['SJ', 'S9']
name: b10902050, hole_card: ['C7', 'D5']
"b10902050" declared "fold:0"
"['b10902132']" won the round 6 (stack = {'b10902132': 77.0, 'b10902050': 1923.0})
community cards of this round: ['D4', 'HA', 'CJ', 'SA', 'S7']
name: b10902132, hole_card: ['SJ', 'S5']
name: b10902050, hole_card: ['SQ', 'C9']
Started the round 7
Street "preflop" started. (community card = [])
name: b10902132, hole_card: ['SJ', 'S5']
name: b10902050, hole_card: ['SQ', 'C9']
"b10902050" declared "fold:0"
"['b10902132']" won the round 7 (stack = {'b10902132': 82.0, 'b10902050': 1918.0})
community cards of this round: ['DQ', 'S9', 'D6', 'SJ', 'C4']
name: b10902132, hole_card: ['H2', 'S7']
name: b10902050, hole_card: ['DK', 'S3']
Started the round 8
Street "preflop" started. (community card = [])
name: b10902132, hole_card: ['H2', 'S7']
name: b10902050, hole_card: ['DK', 'S3']
"b10902132" declared "raise:82.0"
name: b10902132, hole_card: ['H2', 'S7']
name: b10902050, hole_card: ['DK', 'S3']
"b10902050" declared "fold:0"
"['b10902132']" won the round 8 (stack = {'b10902132': 92.0, 'b10902050': 1908.0})
community cards of this round: ['CQ', 'D6', 'C2', 'C8', 'D8']
name: b10902132, hole_card: ['C6', 'D4']
name: b10902050, hole_card: ['S9', 'HK']
Started the round 9
Street "preflop" started. (community card = [])
name: b10902132, hole_card: ['C6', 'D4']
name: b10902050, hole_card: ['S9', 'HK']
"b10902050" declared "fold:0"
"['b10902132']" won the round 9 (stack = {'b10902132': 97.0, 'b10902050': 1903.0})
community cards of this round: ['CA', 'D5', 'CJ', 'S6', 'DK']
name: b10902132, hole_card: ['D4', 'H4']
name: b10902050, hole_card: ['ST', 'C2']
Started the round 10
Street "preflop" started. (community card = [])
name: b10902132, hole_card: ['D4', 'H4']
name: b10902050, hole_card: ['ST', 'C2']
"b10902132" declared "raise:97.0"
name: b10902132, hole_card: ['D4', 'H4']
name: b10902050, hole_card: ['ST', 'C2']
"b10902050" declared "fold:0"
"['b10902132']" won the round 10 (stack = {'b10902132': 107.0, 'b10902050': 1893.0})
community cards of this round: ['H6', 'D3', 'C4', 'CJ', 'H4']
name: b10902132, hole_card: ['H7', 'D6']
name: b10902050, hole_card: ['CK', 'S7']
Started the round 11
Street "preflop" started. (community card = [])
name: b10902132, hole_card: ['H7', 'D6']
name: b10902050, hole_card: ['CK', 'S7']
"b10902050" declared "fold:0"
"['b10902132']" won the round 11 (stack = {'b10902132': 112.0, 'b10902050': 1888.0})
community cards of this round: ['S6', 'H2', 'CQ', 'D4', 'D6']
name: b10902132, hole_card: ['HA', 'CK']
name: b10902050, hole_card: ['C3', 'HQ']
Started the round 12
Street "preflop" started. (community card = [])
name: b10902132, hole_card: ['HA', 'CK']
name: b10902050, hole_card: ['C3', 'HQ']
"b10902132" declared "raise:112.0"
name: b10902132, hole_card: ['HA', 'CK']
name: b10902050, hole_card: ['C3', 'HQ']
"b10902050" declared "fold:0"
"['b10902132']" won the round 12 (stack = {'b10902132': 122.0, 'b10902050': 1878.0})
community cards of this round: ['S2', 'S4', 'H9', 'H7', 'C4']
name: b10902132, hole_card: ['S9', 'HK']
name: b10902050, hole_card: ['CJ', 'DQ']
Started the round 13
Street "preflop" started. (community card = [])
name: b10902132, hole_card: ['S9', 'HK']
name: b10902050, hole_card: ['CJ', 'DQ']
"b10902050" declared "fold:0"
"['b10902132']" won the round 13 (stack = {'b10902132': 127.0, 'b10902050': 1873.0})
community cards of this round: ['H6', 'CK', 'S9', 'H8', 'H9']
name: b10902132, hole_card: ['S6', 'DJ']
name: b10902050, hole_card: ['H7', 'C8']
Started the round 14
Street "preflop" started. (community card = [])
name: b10902132, hole_card: ['S6', 'DJ']
name: b10902050, hole_card: ['H7', 'C8']
"b10902132" declared "raise:127.0"
name: b10902132, hole_card: ['S6', 'DJ']
name: b10902050, hole_card: ['H7', 'C8']
"b10902050" declared "fold:0"
"['b10902132']" won the round 14 (stack = {'b10902132': 137.0, 'b10902050': 1863.0})
community cards of this round: ['CK', 'S9', 'HT', 'S6', 'C2']
name: b10902132, hole_card: ['HJ', 'S7']
name: b10902050, hole_card: ['CJ', 'C5']
Started the round 15
Street "preflop" started. (community card = [])
name: b10902132, hole_card: ['HJ', 'S7']
name: b10902050, hole_card: ['CJ', 'C5']
"b10902050" declared "fold:0"
"['b10902132']" won the round 15 (stack = {'b10902132': 142.0, 'b10902050': 1858.0})
community cards of this round: ['HT', 'DT', 'H4', 'S7', 'C2']
name: b10902132, hole_card: ['H2', 'CJ']
name: b10902050, hole_card: ['C8', 'C6']
Started the round 16
Street "preflop" started. (community card = [])
name: b10902132, hole_card: ['H2', 'CJ']
name: b10902050, hole_card: ['C8', 'C6']
"b10902132" declared "raise:142.0"
name: b10902132, hole_card: ['H2', 'CJ']
name: b10902050, hole_card: ['C8', 'C6']
"b10902050" declared "fold:0"
"['b10902132']" won the round 16 (stack = {'b10902132': 152.0, 'b10902050': 1848.0})
community cards of this round: ['D8', 'HK', 'C4', 'CK', 'HA']
name: b10902132, hole_card: ['C8', 'DQ']
name: b10902050, hole_card: ['CT', 'ST']
Started the round 17
Street "preflop" started. (community card = [])
name: b10902132, hole_card: ['C8', 'DQ']
name: b10902050, hole_card: ['CT', 'ST']
"b10902050" declared "fold:0"
"['b10902132']" won the round 17 (stack = {'b10902132': 157.0, 'b10902050': 1843.0})
community cards of this round: ['DJ', 'D6', 'H3', 'C9', 'DA']
name: b10902132, hole_card: ['H8', 'H5']
name: b10902050, hole_card: ['S6', 'CA']
Started the round 18
Street "preflop" started. (community card = [])
name: b10902132, hole_card: ['H8', 'H5']
name: b10902050, hole_card: ['S6', 'CA']
"b10902132" declared "raise:157.0"
name: b10902132, hole_card: ['H8', 'H5']
name: b10902050, hole_card: ['S6', 'CA']
"b10902050" declared "fold:0"
"['b10902132']" won the round 18 (stack = {'b10902132': 167.0, 'b10902050': 1833.0})
community cards of this round: ['C3', 'SK', 'HT', 'HJ', 'C4']
name: b10902132, hole_card: ['C7', 'D7']
name: b10902050, hole_card: ['H2', 'S9']
Started the round 19
Street "preflop" started. (community card = [])
name: b10902132, hole_card: ['C7', 'D7']
name: b10902050, hole_card: ['H2', 'S9']
"b10902050" declared "fold:0"
"['b10902132']" won the round 19 (stack = {'b10902132': 172.0, 'b10902050': 1828.0})
community cards of this round: ['CA', 'H5', 'D2', 'H2', 'ST']
name: b10902132, hole_card: ['D7', 'H6']
name: b10902050, hole_card: ['HA', 'SJ']
Started the round 20
Street "preflop" started. (community card = [])
name: b10902132, hole_card: ['D7', 'H6']
name: b10902050, hole_card: ['HA', 'SJ']
"b10902132" declared "raise:172.0"
name: b10902132, hole_card: ['D7', 'H6']
name: b10902050, hole_card: ['HA', 'SJ']
"b10902050" declared "fold:0"
"['b10902132']" won the round 20 (stack = {'b10902132': 182.0, 'b10902050': 1818.0})
b10902132 vs b10902050 - Game 4: {'rule': {'initial_stack': 1000, 'max_round': 20, 'small_blind_amount': 5, 'ante': 0, 'blind_structure': {}}, 'players': [{'name': 'b10902132', 'uuid': 'dmhgfkkddqlwbtzysbpmye', 'stack': 182.0, 'state': 'participating'}, {'name': 'b10902050', 'uuid': 'iljbxygysentnklwcngxwh', 'stack': 1818.0, 'state': 'participating'}]}
community cards of this round: ['S4', 'DT', 'D3', 'DK', 'SJ']
name: b10902050, hole_card: ['H4', 'H3']
name: b10902132, hole_card: ['S5', 'ST']
Started the round 1
Street "preflop" started. (community card = [])
name: b10902050, hole_card: ['H4', 'H3']
name: b10902132, hole_card: ['S5', 'ST']
"b10902132" declared "raise:15"
name: b10902050, hole_card: ['H4', 'H3']
name: b10902132, hole_card: ['S5', 'ST']
"b10902050" declared "fold:0"
"['b10902132']" won the round 1 (stack = {'b10902050': 990, 'b10902132': 1010})
community cards of this round: ['SQ', 'S3', 'D3', 'C9', 'S2']
name: b10902050, hole_card: ['D2', 'H6']
name: b10902132, hole_card: ['H7', 'H5']
Started the round 2
Street "preflop" started. (community card = [])
name: b10902050, hole_card: ['D2', 'H6']
name: b10902132, hole_card: ['H7', 'H5']
"b10902050" declared "fold:0"
"['b10902132']" won the round 2 (stack = {'b10902050': 985, 'b10902132': 1015})
community cards of this round: ['D6', 'S3', 'S9', 'H5', 'DK']
name: b10902050, hole_card: ['S4', 'H2']
name: b10902132, hole_card: ['C6', 'HJ']
Started the round 3
Street "preflop" started. (community card = [])
name: b10902050, hole_card: ['S4', 'H2']
name: b10902132, hole_card: ['C6', 'HJ']
"b10902132" declared "raise:15"
name: b10902050, hole_card: ['S4', 'H2']
name: b10902132, hole_card: ['C6', 'HJ']
"b10902050" declared "fold:0"
"['b10902132']" won the round 3 (stack = {'b10902050': 975, 'b10902132': 1025})
community cards of this round: ['S5', 'S4', 'D9', 'C2', 'S3']
name: b10902050, hole_card: ['HT', 'S2']
name: b10902132, hole_card: ['H3', 'S6']
Started the round 4
Street "preflop" started. (community card = [])
name: b10902050, hole_card: ['HT', 'S2']
name: b10902132, hole_card: ['H3', 'S6']
"b10902050" declared "call:10"
name: b10902050, hole_card: ['HT', 'S2']
name: b10902132, hole_card: ['H3', 'S6']
"b10902132" declared "raise:15"
name: b10902050, hole_card: ['HT', 'S2']
name: b10902132, hole_card: ['H3', 'S6']
"b10902050" declared "call:15"
Street "flop" started. (community card = ['S5', 'S4', 'D9'])
name: b10902050, hole_card: ['HT', 'S2']
name: b10902132, hole_card: ['H3', 'S6']
"b10902050" declared "call:0"
name: b10902050, hole_card: ['HT', 'S2']
name: b10902132, hole_card: ['H3', 'S6']
"b10902132" declared "raise:10"
name: b10902050, hole_card: ['HT', 'S2']
name: b10902132, hole_card: ['H3', 'S6']
"b10902050" declared "call:10"
Street "turn" started. (community card = ['S5', 'S4', 'D9', 'C2'])
name: b10902050, hole_card: ['HT', 'S2']
name: b10902132, hole_card: ['H3', 'S6']
"b10902050" declared "raise:120.0"
name: b10902050, hole_card: ['HT', 'S2']
name: b10902132, hole_card: ['H3', 'S6']
"b10902132" declared "raise:240.0"
name: b10902050, hole_card: ['HT', 'S2']
name: b10902132, hole_card: ['H3', 'S6']
"b10902050" declared "call:240.0"
Street "river" started. (community card = ['S5', 'S4', 'D9', 'C2', 'S3'])
name: b10902050, hole_card: ['HT', 'S2']
name: b10902132, hole_card: ['H3', 'S6']
"b10902050" declared "call:0"
name: b10902050, hole_card: ['HT', 'S2']
name: b10902132, hole_card: ['H3', 'S6']
"b10902132" declared "raise:10"
name: b10902050, hole_card: ['HT', 'S2']
name: b10902132, hole_card: ['H3', 'S6']
"b10902050" declared "call:10"
"['b10902132']" won the round 4 (stack = {'b10902050': 700.0, 'b10902132': 1300.0})
community cards of this round: ['DJ', 'S6', 'C3', 'D4', 'SJ']
name: b10902050, hole_card: ['H3', 'S5']
name: b10902132, hole_card: ['H4', 'HT']
Started the round 5
Street "preflop" started. (community card = [])
name: b10902050, hole_card: ['H3', 'S5']
name: b10902132, hole_card: ['H4', 'HT']
"b10902132" declared "raise:15"
name: b10902050, hole_card: ['H3', 'S5']
name: b10902132, hole_card: ['H4', 'HT']
"b10902050" declared "fold:0"
"['b10902132']" won the round 5 (stack = {'b10902050': 690.0, 'b10902132': 1310.0})
community cards of this round: ['D9', 'D2', 'C2', 'CA', 'C4']
name: b10902050, hole_card: ['CQ', 'SQ']
name: b10902132, hole_card: ['C8', 'S4']
Started the round 6
Street "preflop" started. (community card = [])
name: b10902050, hole_card: ['CQ', 'SQ']
name: b10902132, hole_card: ['C8', 'S4']
"b10902050" declared "raise:410.0"
name: b10902050, hole_card: ['CQ', 'SQ']
name: b10902132, hole_card: ['C8', 'S4']
"b10902132" declared "raise:1060.0"
name: b10902050, hole_card: ['CQ', 'SQ']
name: b10902132, hole_card: ['C8', 'S4']
"b10902050" declared "call:1060.0"
Street "flop" started. (community card = ['D9', 'D2', 'C2'])
Street "turn" started. (community card = ['D9', 'D2', 'C2', 'CA'])
Street "river" started. (community card = ['D9', 'D2', 'C2', 'CA', 'C4'])
"['b10902050']" won the round 6 (stack = {'b10902050': 1380.0, 'b10902132': 620.0})
community cards of this round: ['D2', 'H8', 'CT', 'D8', 'C9']
name: b10902050, hole_card: ['SQ', 'HQ']
name: b10902132, hole_card: ['SA', 'C4']
Started the round 7
Street "preflop" started. (community card = [])
name: b10902050, hole_card: ['SQ', 'HQ']
name: b10902132, hole_card: ['SA', 'C4']
"b10902132" declared "raise:15"
name: b10902050, hole_card: ['SQ', 'HQ']
name: b10902132, hole_card: ['SA', 'C4']
"b10902050" declared "fold:0"
"['b10902132']" won the round 7 (stack = {'b10902050': 1370.0, 'b10902132': 630.0})
community cards of this round: ['C2', 'C8', 'D3', 'D4', 'S6']
name: b10902050, hole_card: ['H7', 'C9']
name: b10902132, hole_card: ['SQ', 'S3']
Started the round 8
Street "preflop" started. (community card = [])
name: b10902050, hole_card: ['H7', 'C9']
name: b10902132, hole_card: ['SQ', 'S3']
"b10902050" declared "fold:0"
"['b10902132']" won the round 8 (stack = {'b10902050': 1365.0, 'b10902132': 635.0})
community cards of this round: ['H8', 'DK', 'H5', 'C6', 'D9']
name: b10902050, hole_card: ['S4', 'H6']
name: b10902132, hole_card: ['HA', 'SJ']
Started the round 9
Street "preflop" started. (community card = [])
name: b10902050, hole_card: ['S4', 'H6']
name: b10902132, hole_card: ['HA', 'SJ']
"b10902132" declared "raise:15"
name: b10902050, hole_card: ['S4', 'H6']
name: b10902132, hole_card: ['HA', 'SJ']
"b10902050" declared "fold:0"
"['b10902132']" won the round 9 (stack = {'b10902050': 1355.0, 'b10902132': 645.0})
community cards of this round: ['S4', 'S6', 'SJ', 'CJ', 'DT']
name: b10902050, hole_card: ['S8', 'D7']
name: b10902132, hole_card: ['DJ', 'H9']
Started the round 10
Street "preflop" started. (community card = [])
name: b10902050, hole_card: ['S8', 'D7']
name: b10902132, hole_card: ['DJ', 'H9']
"b10902050" declared "fold:0"
"['b10902132']" won the round 10 (stack = {'b10902050': 1350.0, 'b10902132': 650.0})
community cards of this round: ['H9', 'HA', 'ST', 'D8', 'S8']
name: b10902050, hole_card: ['SA', 'S6']
name: b10902132, hole_card: ['H2', 'HQ']
Started the round 11
Street "preflop" started. (community card = [])
name: b10902050, hole_card: ['SA', 'S6']
name: b10902132, hole_card: ['H2', 'HQ']
"b10902132" declared "raise:15"
name: b10902050, hole_card: ['SA', 'S6']
name: b10902132, hole_card: ['H2', 'HQ']
"b10902050" declared "fold:0"
"['b10902132']" won the round 11 (stack = {'b10902050': 1340.0, 'b10902132': 660.0})
community cards of this round: ['CT', 'H8', 'SA', 'HA', 'DA']
name: b10902050, hole_card: ['H4', 'D8']
name: b10902132, hole_card: ['H6', 'C3']
Started the round 12
Street "preflop" started. (community card = [])
name: b10902050, hole_card: ['H4', 'D8']
name: b10902132, hole_card: ['H6', 'C3']
"b10902050" declared "fold:0"
"['b10902132']" won the round 12 (stack = {'b10902050': 1335.0, 'b10902132': 665.0})
community cards of this round: ['CA', 'S9', 'H7', 'SJ', 'D2']
name: b10902050, hole_card: ['D3', 'H9']
name: b10902132, hole_card: ['HK', 'DJ']
Started the round 13
Street "preflop" started. (community card = [])
name: b10902050, hole_card: ['D3', 'H9']
name: b10902132, hole_card: ['HK', 'DJ']
"b10902132" declared "raise:15"
name: b10902050, hole_card: ['D3', 'H9']
name: b10902132, hole_card: ['HK', 'DJ']
"b10902050" declared "fold:0"
"['b10902132']" won the round 13 (stack = {'b10902050': 1325.0, 'b10902132': 675.0})
community cards of this round: ['D4', 'CA', 'S5', 'SQ', 'D2']
name: b10902050, hole_card: ['HT', 'SJ']
name: b10902132, hole_card: ['CK', 'D9']
Started the round 14
Street "preflop" started. (community card = [])
name: b10902050, hole_card: ['HT', 'SJ']
name: b10902132, hole_card: ['CK', 'D9']
"b10902050" declared "fold:0"
"['b10902132']" won the round 14 (stack = {'b10902050': 1320.0, 'b10902132': 680.0})
community cards of this round: ['S3', 'H2', 'D8', 'D3', 'C2']
name: b10902050, hole_card: ['SA', 'ST']
name: b10902132, hole_card: ['H9', 'CT']
Started the round 15
Street "preflop" started. (community card = [])
name: b10902050, hole_card: ['SA', 'ST']
name: b10902132, hole_card: ['H9', 'CT']
"b10902132" declared "raise:15"
name: b10902050, hole_card: ['SA', 'ST']
name: b10902132, hole_card: ['H9', 'CT']
"b10902050" declared "fold:0"
"['b10902132']" won the round 15 (stack = {'b10902050': 1310.0, 'b10902132': 690.0})
community cards of this round: ['S2', 'DQ', 'D9', 'H4', 'HK']
name: b10902050, hole_card: ['CK', 'C8']
name: b10902132, hole_card: ['CQ', 'SJ']
Started the round 16
Street "preflop" started. (community card = [])
name: b10902050, hole_card: ['CK', 'C8']
name: b10902132, hole_card: ['CQ', 'SJ']
"b10902050" declared "fold:0"
"['b10902132']" won the round 16 (stack = {'b10902050': 1305.0, 'b10902132': 695.0})
community cards of this round: ['H8', 'H2', 'DK', 'D7', 'DQ']
name: b10902050, hole_card: ['HT', 'HA']
name: b10902132, hole_card: ['C5', 'S4']
Started the round 17
Street "preflop" started. (community card = [])
name: b10902050, hole_card: ['HT', 'HA']
name: b10902132, hole_card: ['C5', 'S4']
"b10902132" declared "raise:15"
name: b10902050, hole_card: ['HT', 'HA']
name: b10902132, hole_card: ['C5', 'S4']
"b10902050" declared "fold:0"
"['b10902132']" won the round 17 (stack = {'b10902050': 1295.0, 'b10902132': 705.0})
community cards of this round: ['C3', 'CQ', 'S8', 'C2', 'D8']
name: b10902050, hole_card: ['CJ', 'DJ']
name: b10902132, hole_card: ['D5', 'H2']
Started the round 18
Street "preflop" started. (community card = [])
name: b10902050, hole_card: ['CJ', 'DJ']
name: b10902132, hole_card: ['D5', 'H2']
"b10902050" declared "fold:0"
"['b10902132']" won the round 18 (stack = {'b10902050': 1290.0, 'b10902132': 710.0})
community cards of this round: ['C7', 'CT', 'S6', 'DQ', 'S9']
name: b10902050, hole_card: ['C4', 'DK']
name: b10902132, hole_card: ['D6', 'D7']
Started the round 19
Street "preflop" started. (community card = [])
name: b10902050, hole_card: ['C4', 'DK']
name: b10902132, hole_card: ['D6', 'D7']
"b10902132" declared "raise:15"
name: b10902050, hole_card: ['C4', 'DK']
name: b10902132, hole_card: ['D6', 'D7']
"b10902050" declared "fold:0"
"['b10902132']" won the round 19 (stack = {'b10902050': 1280.0, 'b10902132': 720.0})
community cards of this round: ['SK', 'SA', 'SJ', 'H5', 'CQ']
name: b10902050, hole_card: ['S8', 'C8']
name: b10902132, hole_card: ['D4', 'S2']
Started the round 20
Street "preflop" started. (community card = [])
name: b10902050, hole_card: ['S8', 'C8']
name: b10902132, hole_card: ['D4', 'S2']
"b10902050" declared "fold:0"
"['b10902132']" won the round 20 (stack = {'b10902050': 1275.0, 'b10902132': 725.0})
b10902132 vs b10902050 - Game 5: {'rule': {'initial_stack': 1000, 'max_round': 20, 'small_blind_amount': 5, 'ante': 0, 'blind_structure': {}}, 'players': [{'name': 'b10902050', 'uuid': 'fjvrrztsqhuevasykudrsq', 'stack': 1275.0, 'state': 'participating'}, {'name': 'b10902132', 'uuid': 'qzehhrcajldjomqauanaxa', 'stack': 725.0, 'state': 'participating'}]}
Final Result: b10902132 won 1 games (stack: 8862.0), b10902050 won 4 games (stack: 1135.0)
