community cards of this round: ['CK', 'D6', 'H9', 'D5', 'C3']
name: b11705008, hole_card: ['S5', 'ST']
name: b10902086, hole_card: ['S2', 'S3']
Started the round 1
Street "preflop" started. (community card = [])
['S2', 'S3'] [] 0.333 0.06
Fold!
name: b11705008, hole_card: ['S5', 'ST']
name: b10902086, hole_card: ['S2', 'S3']
"b10902086" declared "fold:0"
"['b11705008']" won the round 1 (stack = {'b11705008': 1005, 'b10902086': 995})
community cards of this round: ['CQ', 'H2', 'C9', 'HA', 'C5']
name: b11705008, hole_card: ['DJ', 'CA']
name: b10902086, hole_card: ['CK', 'D2']
Started the round 2
Street "preflop" started. (community card = [])
name: b11705008, hole_card: ['DJ', 'CA']
name: b10902086, hole_card: ['CK', 'D2']
"b11705008" declared "fold:0"
"['b10902086']" won the round 2 (stack = {'b11705008': 1000, 'b10902086': 1000})
community cards of this round: ['S7', 'DK', 'DT', 'SQ', 'CJ']
name: b11705008, hole_card: ['H9', 'C2']
name: b10902086, hole_card: ['S4', 'HK']
Started the round 3
Street "preflop" started. (community card = [])
['S4', 'HK'] [] 0.512 0.54
Call!
name: b11705008, hole_card: ['H9', 'C2']
name: b10902086, hole_card: ['S4', 'HK']
"b10902086" declared "call:10"
name: b11705008, hole_card: ['H9', 'C2']
name: b10902086, hole_card: ['S4', 'HK']
"b11705008" declared "fold:0"
"['b10902086']" won the round 3 (stack = {'b11705008': 990, 'b10902086': 1010})
community cards of this round: ['H6', 'CT', 'C8', 'D4', 'H3']
name: b11705008, hole_card: ['DK', 'C9']
name: b10902086, hole_card: ['SQ', 'S5']
Started the round 4
Street "preflop" started. (community card = [])
name: b11705008, hole_card: ['DK', 'C9']
name: b10902086, hole_card: ['SQ', 'S5']
"b11705008" declared "fold:0"
"['b10902086']" won the round 4 (stack = {'b11705008': 985, 'b10902086': 1015})
community cards of this round: ['HJ', 'D6', 'DA', 'C6', 'C9']
name: b11705008, hole_card: ['S6', 'S7']
name: b10902086, hole_card: ['S3', 'DT']
Started the round 5
Street "preflop" started. (community card = [])
['S3', 'DT'] [] 0.436 0.3
Fold!
name: b11705008, hole_card: ['S6', 'S7']
name: b10902086, hole_card: ['S3', 'DT']
"b10902086" declared "fold:0"
"['b11705008']" won the round 5 (stack = {'b11705008': 990, 'b10902086': 1010})
community cards of this round: ['H6', 'H7', 'HK', 'C4', 'S9']
name: b11705008, hole_card: ['S2', 'SK']
name: b10902086, hole_card: ['C3', 'H2']
Started the round 6
Street "preflop" started. (community card = [])
name: b11705008, hole_card: ['S2', 'SK']
name: b10902086, hole_card: ['C3', 'H2']
"b11705008" declared "fold:0"
"['b10902086']" won the round 6 (stack = {'b11705008': 985, 'b10902086': 1015})
community cards of this round: ['D3', 'ST', 'H4', 'DT', 'C4']
name: b11705008, hole_card: ['H9', 'H8']
name: b10902086, hole_card: ['CQ', 'CK']
Started the round 7
Street "preflop" started. (community card = [])
['CQ', 'CK'] [] 0.651 0.94
Raise!
name: b11705008, hole_card: ['H9', 'H8']
name: b10902086, hole_card: ['CQ', 'CK']
"b10902086" declared "raise:15"
name: b11705008, hole_card: ['H9', 'H8']
name: b10902086, hole_card: ['CQ', 'CK']
"b11705008" declared "fold:0"
"['b10902086']" won the round 7 (stack = {'b11705008': 975, 'b10902086': 1025})
community cards of this round: ['H6', 'DA', 'HT', 'S7', 'SK']
name: b11705008, hole_card: ['SJ', 'DJ']
name: b10902086, hole_card: ['DT', 'SQ']
Started the round 8
Street "preflop" started. (community card = [])
name: b11705008, hole_card: ['SJ', 'DJ']
name: b10902086, hole_card: ['DT', 'SQ']
"b11705008" declared "fold:0"
"['b10902086']" won the round 8 (stack = {'b11705008': 970, 'b10902086': 1030})
community cards of this round: ['H7', 'D3', 'DQ', 'C8', 'HT']
name: b11705008, hole_card: ['C7', 'SK']
name: b10902086, hole_card: ['HJ', 'H3']
Started the round 9
Street "preflop" started. (community card = [])
['HJ', 'H3'] [] 0.475 0.41
Call!
name: b11705008, hole_card: ['C7', 'SK']
name: b10902086, hole_card: ['HJ', 'H3']
"b10902086" declared "call:10"
name: b11705008, hole_card: ['C7', 'SK']
name: b10902086, hole_card: ['HJ', 'H3']
"b11705008" declared "fold:0"
"['b10902086']" won the round 9 (stack = {'b11705008': 960, 'b10902086': 1040})
community cards of this round: ['S6', 'S8', 'CT', 'ST', 'S2']
name: b11705008, hole_card: ['DA', 'S7']
name: b10902086, hole_card: ['H3', 'D2']
Started the round 10
Street "preflop" started. (community card = [])
name: b11705008, hole_card: ['DA', 'S7']
name: b10902086, hole_card: ['H3', 'D2']
"b11705008" declared "fold:0"
"['b10902086']" won the round 10 (stack = {'b11705008': 955, 'b10902086': 1045})
community cards of this round: ['H8', 'SA', 'C5', 'D3', 'C3']
name: b11705008, hole_card: ['D2', 'H5']
name: b10902086, hole_card: ['DA', 'H2']
Started the round 11
Street "preflop" started. (community card = [])
['DA', 'H2'] [] 0.548 0.67
Call!
name: b11705008, hole_card: ['D2', 'H5']
name: b10902086, hole_card: ['DA', 'H2']
"b10902086" declared "call:10"
name: b11705008, hole_card: ['D2', 'H5']
name: b10902086, hole_card: ['DA', 'H2']
"b11705008" declared "fold:0"
"['b10902086']" won the round 11 (stack = {'b11705008': 945, 'b10902086': 1055})
community cards of this round: ['S5', 'HA', 'CK', 'H5', 'D8']
name: b11705008, hole_card: ['H9', 'DQ']
name: b10902086, hole_card: ['C6', 'C8']
Started the round 12
Street "preflop" started. (community card = [])
name: b11705008, hole_card: ['H9', 'DQ']
name: b10902086, hole_card: ['C6', 'C8']
"b11705008" declared "fold:0"
"['b10902086']" won the round 12 (stack = {'b11705008': 940, 'b10902086': 1060})
community cards of this round: ['S2', 'DK', 'DT', 'D7', 'SJ']
name: b11705008, hole_card: ['C5', 'D6']
name: b10902086, hole_card: ['CK', 'H4']
Started the round 13
Street "preflop" started. (community card = [])
['CK', 'H4'] [] 0.51 0.53
Call!
name: b11705008, hole_card: ['C5', 'D6']
name: b10902086, hole_card: ['CK', 'H4']
"b10902086" declared "call:10"
name: b11705008, hole_card: ['C5', 'D6']
name: b10902086, hole_card: ['CK', 'H4']
"b11705008" declared "fold:0"
"['b10902086']" won the round 13 (stack = {'b11705008': 930, 'b10902086': 1070})
community cards of this round: ['H3', 'H6', 'SQ', 'S3', 'H4']
name: b11705008, hole_card: ['H9', 'D8']
name: b10902086, hole_card: ['D6', 'DT']
Started the round 14
Street "preflop" started. (community card = [])
name: b11705008, hole_card: ['H9', 'D8']
name: b10902086, hole_card: ['D6', 'DT']
"b11705008" declared "fold:0"
"['b10902086']" won the round 14 (stack = {'b11705008': 925, 'b10902086': 1075})
community cards of this round: ['DT', 'H2', 'D8', 'H6', 'CQ']
name: b11705008, hole_card: ['S6', 'DA']
name: b10902086, hole_card: ['C3', 'CJ']
Started the round 15
Street "preflop" started. (community card = [])
name: b11705008, hole_card: ['S6', 'DA']
name: b10902086, hole_card: ['C3', 'CJ']
"b10902086" declared "fold:0"
"['b11705008']" won the round 15 (stack = {'b11705008': 930, 'b10902086': 1070})
community cards of this round: ['HJ', 'H3', 'C7', 'HK', 'S6']
name: b11705008, hole_card: ['DJ', 'C8']
name: b10902086, hole_card: ['C4', 'CJ']
Started the round 16
Street "preflop" started. (community card = [])
name: b11705008, hole_card: ['DJ', 'C8']
name: b10902086, hole_card: ['C4', 'CJ']
"b11705008" declared "fold:0"
"['b10902086']" won the round 16 (stack = {'b11705008': 925, 'b10902086': 1075})
community cards of this round: ['CA', 'S5', 'DT', 'D3', 'H7']
name: b11705008, hole_card: ['C4', 'ST']
name: b10902086, hole_card: ['C7', 'HK']
Started the round 17
Street "preflop" started. (community card = [])
name: b11705008, hole_card: ['C4', 'ST']
name: b10902086, hole_card: ['C7', 'HK']
"b10902086" declared "fold:0"
"['b11705008']" won the round 17 (stack = {'b11705008': 930, 'b10902086': 1070})
community cards of this round: ['CQ', 'D7', 'C8', 'C2', 'D6']
name: b11705008, hole_card: ['S4', 'H7']
name: b10902086, hole_card: ['DJ', 'DQ']
Started the round 18
Street "preflop" started. (community card = [])
name: b11705008, hole_card: ['S4', 'H7']
name: b10902086, hole_card: ['DJ', 'DQ']
"b11705008" declared "fold:0"
"['b10902086']" won the round 18 (stack = {'b11705008': 925, 'b10902086': 1075})
community cards of this round: ['C3', 'H9', 'S7', 'CQ', 'SJ']
name: b11705008, hole_card: ['H6', 'D8']
name: b10902086, hole_card: ['D9', 'S3']
Started the round 19
Street "preflop" started. (community card = [])
name: b11705008, hole_card: ['H6', 'D8']
name: b10902086, hole_card: ['D9', 'S3']
"b10902086" declared "fold:0"
"['b11705008']" won the round 19 (stack = {'b11705008': 930, 'b10902086': 1070})
community cards of this round: ['S3', 'D2', 'D9', 'DJ', 'H2']
name: b11705008, hole_card: ['C9', 'C8']
name: b10902086, hole_card: ['H4', 'C2']
Started the round 20
Street "preflop" started. (community card = [])
name: b11705008, hole_card: ['C9', 'C8']
name: b10902086, hole_card: ['H4', 'C2']
"b11705008" declared "fold:0"
"['b10902086']" won the round 20 (stack = {'b11705008': 925, 'b10902086': 1075})
b10902086 vs b11705008 - Game 1: {'rule': {'initial_stack': 1000, 'max_round': 20, 'small_blind_amount': 5, 'ante': 0, 'blind_structure': {}}, 'players': [{'name': 'b11705008', 'uuid': 'wxowtefbhlrjdfgejwrgfa', 'stack': 925, 'state': 'participating'}, {'name': 'b10902086', 'uuid': 'vbtaaanshflotredjegugn', 'stack': 1075, 'state': 'participating'}]}
community cards of this round: ['CK', 'D6', 'H9', 'D5', 'C3']
name: b10902086, hole_card: ['S5', 'ST']
name: b11705008, hole_card: ['S2', 'S3']
Started the round 1
Street "preflop" started. (community card = [])
name: b10902086, hole_card: ['S5', 'ST']
name: b11705008, hole_card: ['S2', 'S3']
"b11705008" declared "fold:0"
"['b10902086']" won the round 1 (stack = {'b10902086': 1005, 'b11705008': 995})
community cards of this round: ['CQ', 'H2', 'C9', 'HA', 'C5']
name: b10902086, hole_card: ['DJ', 'CA']
name: b11705008, hole_card: ['CK', 'D2']
Started the round 2
Street "preflop" started. (community card = [])
['DJ', 'CA'] [] 0.659 0.95
Raise!
name: b10902086, hole_card: ['DJ', 'CA']
name: b11705008, hole_card: ['CK', 'D2']
"b10902086" declared "raise:15"
name: b10902086, hole_card: ['DJ', 'CA']
name: b11705008, hole_card: ['CK', 'D2']
"b11705008" declared "fold:0"
"['b10902086']" won the round 2 (stack = {'b10902086': 1015, 'b11705008': 985})
community cards of this round: ['S7', 'DK', 'DT', 'SQ', 'CJ']
name: b10902086, hole_card: ['H9', 'C2']
name: b11705008, hole_card: ['S4', 'HK']
Started the round 3
Street "preflop" started. (community card = [])
name: b10902086, hole_card: ['H9', 'C2']
name: b11705008, hole_card: ['S4', 'HK']
"b11705008" declared "fold:0"
"['b10902086']" won the round 3 (stack = {'b10902086': 1020, 'b11705008': 980})
community cards of this round: ['H6', 'CT', 'C8', 'D4', 'H3']
name: b10902086, hole_card: ['DK', 'C9']
name: b11705008, hole_card: ['SQ', 'S5']
Started the round 4
Street "preflop" started. (community card = [])
['DK', 'C9'] [] 0.584 0.78
Raise!
name: b10902086, hole_card: ['DK', 'C9']
name: b11705008, hole_card: ['SQ', 'S5']
"b10902086" declared "raise:15"
name: b10902086, hole_card: ['DK', 'C9']
name: b11705008, hole_card: ['SQ', 'S5']
"b11705008" declared "fold:0"
"['b10902086']" won the round 4 (stack = {'b10902086': 1030, 'b11705008': 970})
community cards of this round: ['HJ', 'D6', 'DA', 'C6', 'C9']
name: b10902086, hole_card: ['S6', 'S7']
name: b11705008, hole_card: ['S3', 'DT']
Started the round 5
Street "preflop" started. (community card = [])
name: b10902086, hole_card: ['S6', 'S7']
name: b11705008, hole_card: ['S3', 'DT']
"b11705008" declared "fold:0"
"['b10902086']" won the round 5 (stack = {'b10902086': 1035, 'b11705008': 965})
community cards of this round: ['H6', 'H7', 'HK', 'C4', 'S9']
name: b10902086, hole_card: ['S2', 'SK']
name: b11705008, hole_card: ['C3', 'H2']
Started the round 6
Street "preflop" started. (community card = [])
['S2', 'SK'] [] 0.545 0.66
Call!
name: b10902086, hole_card: ['S2', 'SK']
name: b11705008, hole_card: ['C3', 'H2']
"b10902086" declared "call:10"
name: b10902086, hole_card: ['S2', 'SK']
name: b11705008, hole_card: ['C3', 'H2']
"b11705008" declared "fold:0"
"['b10902086']" won the round 6 (stack = {'b10902086': 1045, 'b11705008': 955})
community cards of this round: ['D3', 'ST', 'H4', 'DT', 'C4']
name: b10902086, hole_card: ['H9', 'H8']
name: b11705008, hole_card: ['CQ', 'CK']
Started the round 7
Street "preflop" started. (community card = [])
name: b10902086, hole_card: ['H9', 'H8']
name: b11705008, hole_card: ['CQ', 'CK']
"b11705008" declared "fold:0"
"['b10902086']" won the round 7 (stack = {'b10902086': 1050, 'b11705008': 950})
community cards of this round: ['H6', 'DA', 'HT', 'S7', 'SK']
name: b10902086, hole_card: ['SJ', 'DJ']
name: b11705008, hole_card: ['DT', 'SQ']
Started the round 8
Street "preflop" started. (community card = [])
['SJ', 'DJ'] [] 0.777 0.99
Raise!
name: b10902086, hole_card: ['SJ', 'DJ']
name: b11705008, hole_card: ['DT', 'SQ']
"b10902086" declared "raise:15"
name: b10902086, hole_card: ['SJ', 'DJ']
name: b11705008, hole_card: ['DT', 'SQ']
"b11705008" declared "fold:0"
"['b10902086']" won the round 8 (stack = {'b10902086': 1060, 'b11705008': 940})
community cards of this round: ['H7', 'D3', 'DQ', 'C8', 'HT']
name: b10902086, hole_card: ['C7', 'SK']
name: b11705008, hole_card: ['HJ', 'H3']
Started the round 9
Street "preflop" started. (community card = [])
name: b10902086, hole_card: ['C7', 'SK']
name: b11705008, hole_card: ['HJ', 'H3']
"b11705008" declared "fold:0"
"['b10902086']" won the round 9 (stack = {'b10902086': 1065, 'b11705008': 935})
community cards of this round: ['S6', 'S8', 'CT', 'ST', 'S2']
name: b10902086, hole_card: ['DA', 'S7']
name: b11705008, hole_card: ['H3', 'D2']
Started the round 10
Street "preflop" started. (community card = [])
['DA', 'S7'] [] 0.594 0.81
Raise!
name: b10902086, hole_card: ['DA', 'S7']
name: b11705008, hole_card: ['H3', 'D2']
"b10902086" declared "raise:15"
name: b10902086, hole_card: ['DA', 'S7']
name: b11705008, hole_card: ['H3', 'D2']
"b11705008" declared "fold:0"
"['b10902086']" won the round 10 (stack = {'b10902086': 1075, 'b11705008': 925})
community cards of this round: ['H8', 'SA', 'C5', 'D3', 'C3']
name: b10902086, hole_card: ['D2', 'H5']
name: b11705008, hole_card: ['DA', 'H2']
Started the round 11
Street "preflop" started. (community card = [])
name: b10902086, hole_card: ['D2', 'H5']
name: b11705008, hole_card: ['DA', 'H2']
"b11705008" declared "fold:0"
"['b10902086']" won the round 11 (stack = {'b10902086': 1080, 'b11705008': 920})
community cards of this round: ['S5', 'HA', 'CK', 'H5', 'D8']
name: b10902086, hole_card: ['H9', 'DQ']
name: b11705008, hole_card: ['C6', 'C8']
Started the round 12
Street "preflop" started. (community card = [])
name: b10902086, hole_card: ['H9', 'DQ']
name: b11705008, hole_card: ['C6', 'C8']
"b10902086" declared "fold:0"
"['b11705008']" won the round 12 (stack = {'b10902086': 1075, 'b11705008': 925})
community cards of this round: ['S2', 'DK', 'DT', 'D7', 'SJ']
name: b10902086, hole_card: ['C5', 'D6']
name: b11705008, hole_card: ['CK', 'H4']
Started the round 13
Street "preflop" started. (community card = [])
name: b10902086, hole_card: ['C5', 'D6']
name: b11705008, hole_card: ['CK', 'H4']
"b11705008" declared "fold:0"
"['b10902086']" won the round 13 (stack = {'b10902086': 1080, 'b11705008': 920})
community cards of this round: ['H3', 'H6', 'SQ', 'S3', 'H4']
name: b10902086, hole_card: ['H9', 'D8']
name: b11705008, hole_card: ['D6', 'DT']
Started the round 14
Street "preflop" started. (community card = [])
name: b10902086, hole_card: ['H9', 'D8']
name: b11705008, hole_card: ['D6', 'DT']
"b10902086" declared "fold:0"
"['b11705008']" won the round 14 (stack = {'b10902086': 1075, 'b11705008': 925})
community cards of this round: ['DT', 'H2', 'D8', 'H6', 'CQ']
name: b10902086, hole_card: ['S6', 'DA']
name: b11705008, hole_card: ['C3', 'CJ']
Started the round 15
Street "preflop" started. (community card = [])
name: b10902086, hole_card: ['S6', 'DA']
name: b11705008, hole_card: ['C3', 'CJ']
"b11705008" declared "fold:0"
"['b10902086']" won the round 15 (stack = {'b10902086': 1080, 'b11705008': 920})
community cards of this round: ['HJ', 'H3', 'C7', 'HK', 'S6']
name: b10902086, hole_card: ['DJ', 'C8']
name: b11705008, hole_card: ['C4', 'CJ']
Started the round 16
Street "preflop" started. (community card = [])
name: b10902086, hole_card: ['DJ', 'C8']
name: b11705008, hole_card: ['C4', 'CJ']
"b10902086" declared "fold:0"
"['b11705008']" won the round 16 (stack = {'b10902086': 1075, 'b11705008': 925})
community cards of this round: ['CA', 'S5', 'DT', 'D3', 'H7']
name: b10902086, hole_card: ['C4', 'ST']
name: b11705008, hole_card: ['C7', 'HK']
Started the round 17
Street "preflop" started. (community card = [])
name: b10902086, hole_card: ['C4', 'ST']
name: b11705008, hole_card: ['C7', 'HK']
"b11705008" declared "fold:0"
"['b10902086']" won the round 17 (stack = {'b10902086': 1080, 'b11705008': 920})
community cards of this round: ['CQ', 'D7', 'C8', 'C2', 'D6']
name: b10902086, hole_card: ['S4', 'H7']
name: b11705008, hole_card: ['DJ', 'DQ']
Started the round 18
Street "preflop" started. (community card = [])
name: b10902086, hole_card: ['S4', 'H7']
name: b11705008, hole_card: ['DJ', 'DQ']
"b10902086" declared "fold:0"
"['b11705008']" won the round 18 (stack = {'b10902086': 1075, 'b11705008': 925})
community cards of this round: ['C3', 'H9', 'S7', 'CQ', 'SJ']
name: b10902086, hole_card: ['H6', 'D8']
name: b11705008, hole_card: ['D9', 'S3']
Started the round 19
Street "preflop" started. (community card = [])
name: b10902086, hole_card: ['H6', 'D8']
name: b11705008, hole_card: ['D9', 'S3']
"b11705008" declared "fold:0"
"['b10902086']" won the round 19 (stack = {'b10902086': 1080, 'b11705008': 920})
community cards of this round: ['S3', 'D2', 'D9', 'DJ', 'H2']
name: b10902086, hole_card: ['C9', 'C8']
name: b11705008, hole_card: ['H4', 'C2']
Started the round 20
Street "preflop" started. (community card = [])
name: b10902086, hole_card: ['C9', 'C8']
name: b11705008, hole_card: ['H4', 'C2']
"b10902086" declared "fold:0"
"['b11705008']" won the round 20 (stack = {'b10902086': 1075, 'b11705008': 925})
b10902086 vs b11705008 - Game 2: {'rule': {'initial_stack': 1000, 'max_round': 20, 'small_blind_amount': 5, 'ante': 0, 'blind_structure': {}}, 'players': [{'name': 'b10902086', 'uuid': 'fgekwjqpsezgyquzarczrm', 'stack': 1075, 'state': 'participating'}, {'name': 'b11705008', 'uuid': 'jfelsmuhkbfdooplscxiwc', 'stack': 925, 'state': 'participating'}]}
community cards of this round: ['D7', 'S6', 'CA', 'C9', 'H6']
name: b11705008, hole_card: ['D6', 'DT']
name: b10902086, hole_card: ['S2', 'H3']
Started the round 1
Street "preflop" started. (community card = [])
['S2', 'H3'] [] 0.278 0.01
Fold!
name: b11705008, hole_card: ['D6', 'DT']
name: b10902086, hole_card: ['S2', 'H3']
"b10902086" declared "fold:0"
"['b11705008']" won the round 1 (stack = {'b11705008': 1005, 'b10902086': 995})
community cards of this round: ['DA', 'H9', 'C6', 'HK', 'CQ']
name: b11705008, hole_card: ['S8', 'S3']
name: b10902086, hole_card: ['CK', 'C4']
Started the round 2
Street "preflop" started. (community card = [])
name: b11705008, hole_card: ['S8', 'S3']
name: b10902086, hole_card: ['CK', 'C4']
"b11705008" declared "fold:0"
"['b10902086']" won the round 2 (stack = {'b11705008': 1000, 'b10902086': 1000})
community cards of this round: ['H8', 'C2', 'S6', 'H6', 'SK']
name: b11705008, hole_card: ['H9', 'CJ']
name: b10902086, hole_card: ['HA', 'H5']
Started the round 3
Street "preflop" started. (community card = [])
['HA', 'H5'] [] 0.589 0.8
Raise!
name: b11705008, hole_card: ['H9', 'CJ']
name: b10902086, hole_card: ['HA', 'H5']
"b10902086" declared "raise:15"
name: b11705008, hole_card: ['H9', 'CJ']
name: b10902086, hole_card: ['HA', 'H5']
"b11705008" declared "fold:0"
"['b10902086']" won the round 3 (stack = {'b11705008': 990, 'b10902086': 1010})
community cards of this round: ['CQ', 'S2', 'S7', 'D5', 'H6']
name: b11705008, hole_card: ['SQ', 'C2']
name: b10902086, hole_card: ['H9', 'S8']
Started the round 4
Street "preflop" started. (community card = [])
name: b11705008, hole_card: ['SQ', 'C2']
name: b10902086, hole_card: ['H9', 'S8']
"b11705008" declared "fold:0"
"['b10902086']" won the round 4 (stack = {'b11705008': 985, 'b10902086': 1015})
community cards of this round: ['SQ', 'CQ', 'D4', 'CK', 'S4']
name: b11705008, hole_card: ['S9', 'C4']
name: b10902086, hole_card: ['D6', 'HT']
Started the round 5
Street "preflop" started. (community card = [])
['D6', 'HT'] [] 0.473 0.41
Call!
name: b11705008, hole_card: ['S9', 'C4']
name: b10902086, hole_card: ['D6', 'HT']
"b10902086" declared "call:10"
name: b11705008, hole_card: ['S9', 'C4']
name: b10902086, hole_card: ['D6', 'HT']
"b11705008" declared "fold:0"
"['b10902086']" won the round 5 (stack = {'b11705008': 975, 'b10902086': 1025})
community cards of this round: ['CJ', 'C6', 'S4', 'HK', 'C7']
name: b11705008, hole_card: ['HT', 'C4']
name: b10902086, hole_card: ['D4', 'H3']
Started the round 6
Street "preflop" started. (community card = [])
name: b11705008, hole_card: ['HT', 'C4']
name: b10902086, hole_card: ['D4', 'H3']
"b11705008" declared "fold:0"
"['b10902086']" won the round 6 (stack = {'b11705008': 970, 'b10902086': 1030})
community cards of this round: ['CT', 'S7', 'C2', 'HA', 'H8']
name: b11705008, hole_card: ['CJ', 'CQ']
name: b10902086, hole_card: ['H3', 'HQ']
Started the round 7
Street "preflop" started. (community card = [])
['H3', 'HQ'] [] 0.516 0.55
Call!
name: b11705008, hole_card: ['CJ', 'CQ']
name: b10902086, hole_card: ['H3', 'HQ']
"b10902086" declared "call:10"
name: b11705008, hole_card: ['CJ', 'CQ']
name: b10902086, hole_card: ['H3', 'HQ']
"b11705008" declared "fold:0"
"['b10902086']" won the round 7 (stack = {'b11705008': 960, 'b10902086': 1040})
community cards of this round: ['H5', 'S7', 'CT', 'S8', 'S9']
name: b11705008, hole_card: ['SJ', 'S4']
name: b10902086, hole_card: ['H9', 'D6']
Started the round 8
Street "preflop" started. (community card = [])
name: b11705008, hole_card: ['SJ', 'S4']
name: b10902086, hole_card: ['H9', 'D6']
"b11705008" declared "fold:0"
"['b10902086']" won the round 8 (stack = {'b11705008': 955, 'b10902086': 1045})
community cards of this round: ['DT', 'CA', 'SA', 'CQ', 'C7']
name: b11705008, hole_card: ['H4', 'CJ']
name: b10902086, hole_card: ['CK', 'SQ']
Started the round 9
Street "preflop" started. (community card = [])
['CK', 'SQ'] [] 0.638 0.92
Raise!
name: b11705008, hole_card: ['H4', 'CJ']
name: b10902086, hole_card: ['CK', 'SQ']
"b10902086" declared "raise:15"
name: b11705008, hole_card: ['H4', 'CJ']
name: b10902086, hole_card: ['CK', 'SQ']
"b11705008" declared "fold:0"
"['b10902086']" won the round 9 (stack = {'b11705008': 945, 'b10902086': 1055})
community cards of this round: ['C3', 'C8', 'C5', 'HT', 'DJ']
name: b11705008, hole_card: ['D4', 'H3']
name: b10902086, hole_card: ['H4', 'CA']
Started the round 10
Street "preflop" started. (community card = [])
name: b11705008, hole_card: ['D4', 'H3']
name: b10902086, hole_card: ['H4', 'CA']
"b11705008" declared "fold:0"
"['b10902086']" won the round 10 (stack = {'b11705008': 940, 'b10902086': 1060})
community cards of this round: ['D4', 'C7', 'DA', 'HK', 'HJ']
name: b11705008, hole_card: ['S7', 'H8']
name: b10902086, hole_card: ['DQ', 'CA']
Started the round 11
Street "preflop" started. (community card = [])
['DQ', 'CA'] [] 0.628 0.9
Raise!
name: b11705008, hole_card: ['S7', 'H8']
name: b10902086, hole_card: ['DQ', 'CA']
"b10902086" declared "raise:15"
name: b11705008, hole_card: ['S7', 'H8']
name: b10902086, hole_card: ['DQ', 'CA']
"b11705008" declared "fold:0"
"['b10902086']" won the round 11 (stack = {'b11705008': 930, 'b10902086': 1070})
community cards of this round: ['SQ', 'H8', 'S4', 'D2', 'H2']
name: b11705008, hole_card: ['CQ', 'H9']
name: b10902086, hole_card: ['D5', 'D4']
Started the round 12
Street "preflop" started. (community card = [])
name: b11705008, hole_card: ['CQ', 'H9']
name: b10902086, hole_card: ['D5', 'D4']
"b11705008" declared "fold:0"
"['b10902086']" won the round 12 (stack = {'b11705008': 925, 'b10902086': 1075})
community cards of this round: ['D5', 'SQ', 'D9', 'CT', 'H5']
name: b11705008, hole_card: ['D7', 'D3']
name: b10902086, hole_card: ['D2', 'HK']
Started the round 13
Street "preflop" started. (community card = [])
name: b11705008, hole_card: ['D7', 'D3']
name: b10902086, hole_card: ['D2', 'HK']
"b10902086" declared "fold:0"
"['b11705008']" won the round 13 (stack = {'b11705008': 930, 'b10902086': 1070})
community cards of this round: ['HT', 'CJ', 'D7', 'H9', 'HA']
name: b11705008, hole_card: ['DQ', 'SA']
name: b10902086, hole_card: ['H6', 'D5']
Started the round 14
Street "preflop" started. (community card = [])
name: b11705008, hole_card: ['DQ', 'SA']
name: b10902086, hole_card: ['H6', 'D5']
"b11705008" declared "fold:0"
"['b10902086']" won the round 14 (stack = {'b11705008': 925, 'b10902086': 1075})
community cards of this round: ['C8', 'C2', 'S2', 'D3', 'D5']
name: b11705008, hole_card: ['HK', 'C4']
name: b10902086, hole_card: ['D4', 'DJ']
Started the round 15
Street "preflop" started. (community card = [])
name: b11705008, hole_card: ['HK', 'C4']
name: b10902086, hole_card: ['D4', 'DJ']
"b10902086" declared "fold:0"
"['b11705008']" won the round 15 (stack = {'b11705008': 930, 'b10902086': 1070})
community cards of this round: ['H9', 'H2', 'HJ', 'D4', 'HA']
name: b11705008, hole_card: ['C6', 'CJ']
name: b10902086, hole_card: ['DJ', 'S8']
Started the round 16
Street "preflop" started. (community card = [])
name: b11705008, hole_card: ['C6', 'CJ']
name: b10902086, hole_card: ['DJ', 'S8']
"b11705008" declared "fold:0"
"['b10902086']" won the round 16 (stack = {'b11705008': 925, 'b10902086': 1075})
community cards of this round: ['D9', 'C6', 'D7', 'H9', 'C4']
name: b11705008, hole_card: ['SK', 'HT']
name: b10902086, hole_card: ['C3', 'HK']
Started the round 17
Street "preflop" started. (community card = [])
name: b11705008, hole_card: ['SK', 'HT']
name: b10902086, hole_card: ['C3', 'HK']
"b10902086" declared "fold:0"
"['b11705008']" won the round 17 (stack = {'b11705008': 930, 'b10902086': 1070})
community cards of this round: ['HT', 'C4', 'D3', 'C8', 'S3']
name: b11705008, hole_card: ['C6', 'DT']
name: b10902086, hole_card: ['HA', 'H4']
Started the round 18
Street "preflop" started. (community card = [])
name: b11705008, hole_card: ['C6', 'DT']
name: b10902086, hole_card: ['HA', 'H4']
"b11705008" declared "fold:0"
"['b10902086']" won the round 18 (stack = {'b11705008': 925, 'b10902086': 1075})
community cards of this round: ['D8', 'C5', 'SQ', 'CJ', 'DT']
name: b11705008, hole_card: ['H3', 'CT']
name: b10902086, hole_card: ['H7', 'C2']
Started the round 19
Street "preflop" started. (community card = [])
name: b11705008, hole_card: ['H3', 'CT']
name: b10902086, hole_card: ['H7', 'C2']
"b10902086" declared "fold:0"
"['b11705008']" won the round 19 (stack = {'b11705008': 930, 'b10902086': 1070})
community cards of this round: ['C4', 'H7', 'HA', 'D4', 'HJ']
name: b11705008, hole_card: ['DA', 'H8']
name: b10902086, hole_card: ['D6', 'CK']
Started the round 20
Street "preflop" started. (community card = [])
name: b11705008, hole_card: ['DA', 'H8']
name: b10902086, hole_card: ['D6', 'CK']
"b11705008" declared "fold:0"
"['b10902086']" won the round 20 (stack = {'b11705008': 925, 'b10902086': 1075})
b10902086 vs b11705008 - Game 3: {'rule': {'initial_stack': 1000, 'max_round': 20, 'small_blind_amount': 5, 'ante': 0, 'blind_structure': {}}, 'players': [{'name': 'b11705008', 'uuid': 'mppvggzveepexvwqaxkhah', 'stack': 925, 'state': 'participating'}, {'name': 'b10902086', 'uuid': 'halrsfvafmlaonhrvcnobb', 'stack': 1075, 'state': 'participating'}]}
community cards of this round: ['D7', 'S6', 'CA', 'C9', 'H6']
name: b10902086, hole_card: ['D6', 'DT']
name: b11705008, hole_card: ['S2', 'H3']
Started the round 1
Street "preflop" started. (community card = [])
name: b10902086, hole_card: ['D6', 'DT']
name: b11705008, hole_card: ['S2', 'H3']
"b11705008" declared "fold:0"
"['b10902086']" won the round 1 (stack = {'b10902086': 1005, 'b11705008': 995})
community cards of this round: ['DA', 'H9', 'C6', 'HK', 'CQ']
name: b10902086, hole_card: ['S8', 'S3']
name: b11705008, hole_card: ['CK', 'C4']
Started the round 2
Street "preflop" started. (community card = [])
['S8', 'S3'] [] 0.417 0.25
Fold!
name: b10902086, hole_card: ['S8', 'S3']
name: b11705008, hole_card: ['CK', 'C4']
"b10902086" declared "fold:0"
"['b11705008']" won the round 2 (stack = {'b10902086': 1000, 'b11705008': 1000})
community cards of this round: ['H8', 'C2', 'S6', 'H6', 'SK']
name: b10902086, hole_card: ['H9', 'CJ']
name: b11705008, hole_card: ['HA', 'H5']
Started the round 3
Street "preflop" started. (community card = [])
name: b10902086, hole_card: ['H9', 'CJ']
name: b11705008, hole_card: ['HA', 'H5']
"b11705008" declared "fold:0"
"['b10902086']" won the round 3 (stack = {'b10902086': 1005, 'b11705008': 995})
community cards of this round: ['CQ', 'S2', 'S7', 'D5', 'H6']
name: b10902086, hole_card: ['SQ', 'C2']
name: b11705008, hole_card: ['H9', 'S8']
Started the round 4
Street "preflop" started. (community card = [])
['SQ', 'C2'] [] 0.482 0.44
Call!
name: b10902086, hole_card: ['SQ', 'C2']
name: b11705008, hole_card: ['H9', 'S8']
"b10902086" declared "call:10"
name: b10902086, hole_card: ['SQ', 'C2']
name: b11705008, hole_card: ['H9', 'S8']
"b11705008" declared "fold:0"
"['b10902086']" won the round 4 (stack = {'b10902086': 1015, 'b11705008': 985})
community cards of this round: ['SQ', 'CQ', 'D4', 'CK', 'S4']
name: b10902086, hole_card: ['S9', 'C4']
name: b11705008, hole_card: ['D6', 'HT']
Started the round 5
Street "preflop" started. (community card = [])
name: b10902086, hole_card: ['S9', 'C4']
name: b11705008, hole_card: ['D6', 'HT']
"b11705008" declared "fold:0"
"['b10902086']" won the round 5 (stack = {'b10902086': 1020, 'b11705008': 980})
community cards of this round: ['CJ', 'C6', 'S4', 'HK', 'C7']
name: b10902086, hole_card: ['HT', 'C4']
name: b11705008, hole_card: ['D4', 'H3']
Started the round 6
Street "preflop" started. (community card = [])
['HT', 'C4'] [] 0.461 0.37
Call!
name: b10902086, hole_card: ['HT', 'C4']
name: b11705008, hole_card: ['D4', 'H3']
"b10902086" declared "call:10"
name: b10902086, hole_card: ['HT', 'C4']
name: b11705008, hole_card: ['D4', 'H3']
"b11705008" declared "fold:0"
"['b10902086']" won the round 6 (stack = {'b10902086': 1030, 'b11705008': 970})
community cards of this round: ['CT', 'S7', 'C2', 'HA', 'H8']
name: b10902086, hole_card: ['CJ', 'CQ']
name: b11705008, hole_card: ['H3', 'HQ']
Started the round 7
Street "preflop" started. (community card = [])
name: b10902086, hole_card: ['CJ', 'CQ']
name: b11705008, hole_card: ['H3', 'HQ']
"b11705008" declared "fold:0"
"['b10902086']" won the round 7 (stack = {'b10902086': 1035, 'b11705008': 965})
community cards of this round: ['H5', 'S7', 'CT', 'S8', 'S9']
name: b10902086, hole_card: ['SJ', 'S4']
name: b11705008, hole_card: ['H9', 'D6']
Started the round 8
Street "preflop" started. (community card = [])
['SJ', 'S4'] [] 0.466 0.39
Call!
name: b10902086, hole_card: ['SJ', 'S4']
name: b11705008, hole_card: ['H9', 'D6']
"b10902086" declared "call:10"
name: b10902086, hole_card: ['SJ', 'S4']
name: b11705008, hole_card: ['H9', 'D6']
"b11705008" declared "fold:0"
"['b10902086']" won the round 8 (stack = {'b10902086': 1045, 'b11705008': 955})
community cards of this round: ['DT', 'CA', 'SA', 'CQ', 'C7']
name: b10902086, hole_card: ['H4', 'CJ']
name: b11705008, hole_card: ['CK', 'SQ']
Started the round 9
Street "preflop" started. (community card = [])
name: b10902086, hole_card: ['H4', 'CJ']
name: b11705008, hole_card: ['CK', 'SQ']
"b11705008" declared "fold:0"
"['b10902086']" won the round 9 (stack = {'b10902086': 1050, 'b11705008': 950})
community cards of this round: ['C3', 'C8', 'C5', 'HT', 'DJ']
name: b10902086, hole_card: ['D4', 'H3']
name: b11705008, hole_card: ['H4', 'CA']
Started the round 10
Street "preflop" started. (community card = [])
['D4', 'H3'] [] 0.336 0.06
Fold!
name: b10902086, hole_card: ['D4', 'H3']
name: b11705008, hole_card: ['H4', 'CA']
"b10902086" declared "fold:0"
"['b11705008']" won the round 10 (stack = {'b10902086': 1045, 'b11705008': 955})
community cards of this round: ['D4', 'C7', 'DA', 'HK', 'HJ']
name: b10902086, hole_card: ['S7', 'H8']
name: b11705008, hole_card: ['DQ', 'CA']
Started the round 11
Street "preflop" started. (community card = [])
name: b10902086, hole_card: ['S7', 'H8']
name: b11705008, hole_card: ['DQ', 'CA']
"b11705008" declared "fold:0"
"['b10902086']" won the round 11 (stack = {'b10902086': 1050, 'b11705008': 950})
community cards of this round: ['SQ', 'H8', 'S4', 'D2', 'H2']
name: b10902086, hole_card: ['CQ', 'H9']
name: b11705008, hole_card: ['D5', 'D4']
Started the round 12
Street "preflop" started. (community card = [])
['CQ', 'H9'] [] 0.583 0.78
Raise!
name: b10902086, hole_card: ['CQ', 'H9']
name: b11705008, hole_card: ['D5', 'D4']
"b10902086" declared "raise:15"
name: b10902086, hole_card: ['CQ', 'H9']
name: b11705008, hole_card: ['D5', 'D4']
"b11705008" declared "fold:0"
"['b10902086']" won the round 12 (stack = {'b10902086': 1060, 'b11705008': 940})
community cards of this round: ['D5', 'SQ', 'D9', 'CT', 'H5']
name: b10902086, hole_card: ['D7', 'D3']
name: b11705008, hole_card: ['D2', 'HK']
Started the round 13
Street "preflop" started. (community card = [])
name: b10902086, hole_card: ['D7', 'D3']
name: b11705008, hole_card: ['D2', 'HK']
"b11705008" declared "fold:0"
"['b10902086']" won the round 13 (stack = {'b10902086': 1065, 'b11705008': 935})
community cards of this round: ['HT', 'CJ', 'D7', 'H9', 'HA']
name: b10902086, hole_card: ['DQ', 'SA']
name: b11705008, hole_card: ['H6', 'D5']
Started the round 14
Street "preflop" started. (community card = [])
name: b10902086, hole_card: ['DQ', 'SA']
name: b11705008, hole_card: ['H6', 'D5']
"b10902086" declared "fold:0"
"['b11705008']" won the round 14 (stack = {'b10902086': 1060, 'b11705008': 940})
community cards of this round: ['C8', 'C2', 'S2', 'D3', 'D5']
name: b10902086, hole_card: ['HK', 'C4']
name: b11705008, hole_card: ['D4', 'DJ']
Started the round 15
Street "preflop" started. (community card = [])
name: b10902086, hole_card: ['HK', 'C4']
name: b11705008, hole_card: ['D4', 'DJ']
"b11705008" declared "fold:0"
"['b10902086']" won the round 15 (stack = {'b10902086': 1065, 'b11705008': 935})
community cards of this round: ['H9', 'H2', 'HJ', 'D4', 'HA']
name: b10902086, hole_card: ['C6', 'CJ']
name: b11705008, hole_card: ['DJ', 'S8']
Started the round 16
Street "preflop" started. (community card = [])
name: b10902086, hole_card: ['C6', 'CJ']
name: b11705008, hole_card: ['DJ', 'S8']
"b10902086" declared "fold:0"
"['b11705008']" won the round 16 (stack = {'b10902086': 1060, 'b11705008': 940})
community cards of this round: ['D9', 'C6', 'D7', 'H9', 'C4']
name: b10902086, hole_card: ['SK', 'HT']
name: b11705008, hole_card: ['C3', 'HK']
Started the round 17
Street "preflop" started. (community card = [])
name: b10902086, hole_card: ['SK', 'HT']
name: b11705008, hole_card: ['C3', 'HK']
"b11705008" declared "fold:0"
"['b10902086']" won the round 17 (stack = {'b10902086': 1065, 'b11705008': 935})
community cards of this round: ['HT', 'C4', 'D3', 'C8', 'S3']
name: b10902086, hole_card: ['C6', 'DT']
name: b11705008, hole_card: ['HA', 'H4']
Started the round 18
Street "preflop" started. (community card = [])
name: b10902086, hole_card: ['C6', 'DT']
name: b11705008, hole_card: ['HA', 'H4']
"b10902086" declared "fold:0"
"['b11705008']" won the round 18 (stack = {'b10902086': 1060, 'b11705008': 940})
community cards of this round: ['D8', 'C5', 'SQ', 'CJ', 'DT']
name: b10902086, hole_card: ['H3', 'CT']
name: b11705008, hole_card: ['H7', 'C2']
Started the round 19
Street "preflop" started. (community card = [])
name: b10902086, hole_card: ['H3', 'CT']
name: b11705008, hole_card: ['H7', 'C2']
"b11705008" declared "fold:0"
"['b10902086']" won the round 19 (stack = {'b10902086': 1065, 'b11705008': 935})
community cards of this round: ['C4', 'H7', 'HA', 'D4', 'HJ']
name: b10902086, hole_card: ['DA', 'H8']
name: b11705008, hole_card: ['D6', 'CK']
Started the round 20
Street "preflop" started. (community card = [])
name: b10902086, hole_card: ['DA', 'H8']
name: b11705008, hole_card: ['D6', 'CK']
"b10902086" declared "fold:0"
"['b11705008']" won the round 20 (stack = {'b10902086': 1060, 'b11705008': 940})
b10902086 vs b11705008 - Game 4: {'rule': {'initial_stack': 1000, 'max_round': 20, 'small_blind_amount': 5, 'ante': 0, 'blind_structure': {}}, 'players': [{'name': 'b10902086', 'uuid': 'igsnqejowdneyskoxcacmi', 'stack': 1060, 'state': 'participating'}, {'name': 'b11705008', 'uuid': 'xeyfoxnzvqteqqmuoocflj', 'stack': 940, 'state': 'participating'}]}
community cards of this round: ['S7', 'H3', 'C5', 'CJ', 'S5']
name: b11705008, hole_card: ['SQ', 'DQ']
name: b10902086, hole_card: ['HA', 'H2']
Started the round 1
Street "preflop" started. (community card = [])
['HA', 'H2'] [] 0.559 0.7
Call!
name: b11705008, hole_card: ['SQ', 'DQ']
name: b10902086, hole_card: ['HA', 'H2']
"b10902086" declared "call:10"
name: b11705008, hole_card: ['SQ', 'DQ']
name: b10902086, hole_card: ['HA', 'H2']
"b11705008" declared "fold:0"
"['b10902086']" won the round 1 (stack = {'b11705008': 990, 'b10902086': 1010})
community cards of this round: ['HT', 'H5', 'H4', 'D4', 'S6']
name: b11705008, hole_card: ['CQ', 'D5']
name: b10902086, hole_card: ['C7', 'SA']
Started the round 2
Street "preflop" started. (community card = [])
name: b11705008, hole_card: ['CQ', 'D5']
name: b10902086, hole_card: ['C7', 'SA']
"b11705008" declared "fold:0"
"['b10902086']" won the round 2 (stack = {'b11705008': 985, 'b10902086': 1015})
community cards of this round: ['SK', 'DJ', 'S8', 'C2', 'S9']
name: b11705008, hole_card: ['S5', 'D2']
name: b10902086, hole_card: ['CQ', 'H8']
Started the round 3
Street "preflop" started. (community card = [])
['CQ', 'H8'] [] 0.537 0.63
Call!
name: b11705008, hole_card: ['S5', 'D2']
name: b10902086, hole_card: ['CQ', 'H8']
"b10902086" declared "call:10"
name: b11705008, hole_card: ['S5', 'D2']
name: b10902086, hole_card: ['CQ', 'H8']
"b11705008" declared "fold:0"
"['b10902086']" won the round 3 (stack = {'b11705008': 975, 'b10902086': 1025})
community cards of this round: ['DA', 'S6', 'H5', 'H9', 'C6']
name: b11705008, hole_card: ['H2', 'HK']
name: b10902086, hole_card: ['HT', 'C9']
Started the round 4
Street "preflop" started. (community card = [])
name: b11705008, hole_card: ['H2', 'HK']
name: b10902086, hole_card: ['HT', 'C9']
"b11705008" declared "fold:0"
"['b10902086']" won the round 4 (stack = {'b11705008': 970, 'b10902086': 1030})
community cards of this round: ['C2', 'H2', 'S4', 'S3', 'D4']
name: b11705008, hole_card: ['D6', 'HQ']
name: b10902086, hole_card: ['H5', 'S6']
Started the round 5
Street "preflop" started. (community card = [])
['H5', 'S6'] [] 0.414 0.24
Fold!
name: b11705008, hole_card: ['D6', 'HQ']
name: b10902086, hole_card: ['H5', 'S6']
"b10902086" declared "fold:0"
"['b11705008']" won the round 5 (stack = {'b11705008': 975, 'b10902086': 1025})
community cards of this round: ['D4', 'HK', 'CQ', 'DK', 'H4']
name: b11705008, hole_card: ['S9', 'C6']
name: b10902086, hole_card: ['H9', 'HQ']
Started the round 6
Street "preflop" started. (community card = [])
name: b11705008, hole_card: ['S9', 'C6']
name: b10902086, hole_card: ['H9', 'HQ']
"b11705008" declared "fold:0"
"['b10902086']" won the round 6 (stack = {'b11705008': 970, 'b10902086': 1030})
community cards of this round: ['S8', 'CJ', 'DT', 'DK', 'D3']
name: b11705008, hole_card: ['C4', 'S3']
name: b10902086, hole_card: ['DA', 'HT']
Started the round 7
Street "preflop" started. (community card = [])
['DA', 'HT'] [] 0.646 0.93
Raise!
name: b11705008, hole_card: ['C4', 'S3']
name: b10902086, hole_card: ['DA', 'HT']
"b10902086" declared "raise:15"
name: b11705008, hole_card: ['C4', 'S3']
name: b10902086, hole_card: ['DA', 'HT']
"b11705008" declared "fold:0"
"['b10902086']" won the round 7 (stack = {'b11705008': 960, 'b10902086': 1040})
community cards of this round: ['H5', 'C5', 'SK', 'SJ', 'DA']
name: b11705008, hole_card: ['CK', 'H4']
name: b10902086, hole_card: ['C6', 'C8']
Started the round 8
Street "preflop" started. (community card = [])
name: b11705008, hole_card: ['CK', 'H4']
name: b10902086, hole_card: ['C6', 'C8']
"b11705008" declared "fold:0"
"['b10902086']" won the round 8 (stack = {'b11705008': 955, 'b10902086': 1045})
community cards of this round: ['D5', 'H2', 'D9', 'ST', 'SK']
name: b11705008, hole_card: ['C2', 'H9']
name: b10902086, hole_card: ['SA', 'CJ']
Started the round 9
Street "preflop" started. (community card = [])
['SA', 'CJ'] [] 0.649 0.94
Raise!
name: b11705008, hole_card: ['C2', 'H9']
name: b10902086, hole_card: ['SA', 'CJ']
"b10902086" declared "raise:15"
name: b11705008, hole_card: ['C2', 'H9']
name: b10902086, hole_card: ['SA', 'CJ']
"b11705008" declared "fold:0"
"['b10902086']" won the round 9 (stack = {'b11705008': 945, 'b10902086': 1055})
community cards of this round: ['SJ', 'DK', 'D8', 'H7', 'DQ']
name: b11705008, hole_card: ['D5', 'C8']
name: b10902086, hole_card: ['C2', 'H3']
Started the round 10
Street "preflop" started. (community card = [])
name: b11705008, hole_card: ['D5', 'C8']
name: b10902086, hole_card: ['C2', 'H3']
"b11705008" declared "fold:0"
"['b10902086']" won the round 10 (stack = {'b11705008': 940, 'b10902086': 1060})
community cards of this round: ['D3', 'D4', 'CT', 'S9', 'DT']
name: b11705008, hole_card: ['C8', 'D6']
name: b10902086, hole_card: ['S7', 'HK']
Started the round 11
Street "preflop" started. (community card = [])
['S7', 'HK'] [] 0.597 0.82
Raise!
name: b11705008, hole_card: ['C8', 'D6']
name: b10902086, hole_card: ['S7', 'HK']
"b10902086" declared "raise:15"
name: b11705008, hole_card: ['C8', 'D6']
name: b10902086, hole_card: ['S7', 'HK']
"b11705008" declared "fold:0"
"['b10902086']" won the round 11 (stack = {'b11705008': 930, 'b10902086': 1070})
community cards of this round: ['C9', 'H7', 'DK', 'D9', 'HQ']
name: b11705008, hole_card: ['S5', 'S7']
name: b10902086, hole_card: ['C5', 'DT']
Started the round 12
Street "preflop" started. (community card = [])
name: b11705008, hole_card: ['S5', 'S7']
name: b10902086, hole_card: ['C5', 'DT']
"b11705008" declared "fold:0"
"['b10902086']" won the round 12 (stack = {'b11705008': 925, 'b10902086': 1075})
community cards of this round: ['HJ', 'H2', 'H8', 'C3', 'HQ']
name: b11705008, hole_card: ['S9', 'S4']
name: b10902086, hole_card: ['C4', 'C7']
Started the round 13
Street "preflop" started. (community card = [])
name: b11705008, hole_card: ['S9', 'S4']
name: b10902086, hole_card: ['C4', 'C7']
"b10902086" declared "fold:0"
"['b11705008']" won the round 13 (stack = {'b11705008': 930, 'b10902086': 1070})
community cards of this round: ['D2', 'S3', 'S9', 'C8', 'H9']
name: b11705008, hole_card: ['DQ', 'C3']
name: b10902086, hole_card: ['D7', 'H2']
Started the round 14
Street "preflop" started. (community card = [])
name: b11705008, hole_card: ['DQ', 'C3']
name: b10902086, hole_card: ['D7', 'H2']
"b11705008" declared "fold:0"
"['b10902086']" won the round 14 (stack = {'b11705008': 925, 'b10902086': 1075})
community cards of this round: ['D6', 'D7', 'H5', 'D9', 'C3']
name: b11705008, hole_card: ['HT', 'S8']
name: b10902086, hole_card: ['C6', 'C8']
Started the round 15
Street "preflop" started. (community card = [])
name: b11705008, hole_card: ['HT', 'S8']
name: b10902086, hole_card: ['C6', 'C8']
"b10902086" declared "fold:0"
"['b11705008']" won the round 15 (stack = {'b11705008': 930, 'b10902086': 1070})
community cards of this round: ['SA', 'D2', 'H6', 'D4', 'D8']
name: b11705008, hole_card: ['C3', 'D7']
name: b10902086, hole_card: ['H2', 'DQ']
Started the round 16
Street "preflop" started. (community card = [])
name: b11705008, hole_card: ['C3', 'D7']
name: b10902086, hole_card: ['H2', 'DQ']
"b11705008" declared "fold:0"
"['b10902086']" won the round 16 (stack = {'b11705008': 925, 'b10902086': 1075})
community cards of this round: ['CT', 'SQ', 'C3', 'CQ', 'D3']
name: b11705008, hole_card: ['D7', 'S3']
name: b10902086, hole_card: ['CA', 'HQ']
Started the round 17
Street "preflop" started. (community card = [])
name: b11705008, hole_card: ['D7', 'S3']
name: b10902086, hole_card: ['CA', 'HQ']
"b10902086" declared "fold:0"
"['b11705008']" won the round 17 (stack = {'b11705008': 930, 'b10902086': 1070})
community cards of this round: ['D5', 'DJ', 'C8', 'D6', 'SJ']
name: b11705008, hole_card: ['S2', 'S6']
name: b10902086, hole_card: ['H4', 'C2']
Started the round 18
Street "preflop" started. (community card = [])
name: b11705008, hole_card: ['S2', 'S6']
name: b10902086, hole_card: ['H4', 'C2']
"b11705008" declared "fold:0"
"['b10902086']" won the round 18 (stack = {'b11705008': 925, 'b10902086': 1075})
community cards of this round: ['HT', 'S2', 'HJ', 'H3', 'S3']
name: b11705008, hole_card: ['SJ', 'S7']
name: b10902086, hole_card: ['DJ', 'HA']
Started the round 19
Street "preflop" started. (community card = [])
name: b11705008, hole_card: ['SJ', 'S7']
name: b10902086, hole_card: ['DJ', 'HA']
"b10902086" declared "fold:0"
"['b11705008']" won the round 19 (stack = {'b11705008': 930, 'b10902086': 1070})
community cards of this round: ['CK', 'D4', 'H6', 'DA', 'S8']
name: b11705008, hole_card: ['CT', 'C3']
name: b10902086, hole_card: ['SA', 'C9']
Started the round 20
Street "preflop" started. (community card = [])
name: b11705008, hole_card: ['CT', 'C3']
name: b10902086, hole_card: ['SA', 'C9']
"b11705008" declared "fold:0"
"['b10902086']" won the round 20 (stack = {'b11705008': 925, 'b10902086': 1075})
b10902086 vs b11705008 - Game 5: {'rule': {'initial_stack': 1000, 'max_round': 20, 'small_blind_amount': 5, 'ante': 0, 'blind_structure': {}}, 'players': [{'name': 'b11705008', 'uuid': 'xsplhyaxsuxqslldybvoyi', 'stack': 925, 'state': 'participating'}, {'name': 'b10902086', 'uuid': 'omgsdeylsqveautoxjpkpw', 'stack': 1075, 'state': 'participating'}]}
Final Result: b10902086 won 5 games (stack: 5360), b11705008 won 0 games (stack: 4640), num ties: 0
