community cards of this round: ['C8', 'SA', 'C6', 'C9', 'S3']
name: b10902133, hole_card: ['CA', 'DJ']
name: b10902022, hole_card: ['HK', 'DQ']
Started the round 1
Street "preflop" started. (community card = [])
name: b10902133, hole_card: ['CA', 'DJ']
name: b10902022, hole_card: ['HK', 'DQ']
"b10902022" declared "raise:25"
name: b10902133, hole_card: ['CA', 'DJ']
name: b10902022, hole_card: ['HK', 'DQ']
"b10902133" declared "raise:40"
name: b10902133, hole_card: ['CA', 'DJ']
name: b10902022, hole_card: ['HK', 'DQ']
"b10902022" declared "raise:55"
name: b10902133, hole_card: ['CA', 'DJ']
name: b10902022, hole_card: ['HK', 'DQ']
"b10902133" declared "raise:70"
name: b10902133, hole_card: ['CA', 'DJ']
name: b10902022, hole_card: ['HK', 'DQ']
"b10902022" declared "raise:85"
name: b10902133, hole_card: ['CA', 'DJ']
name: b10902022, hole_card: ['HK', 'DQ']
"b10902133" declared "raise:100"
name: b10902133, hole_card: ['CA', 'DJ']
name: b10902022, hole_card: ['HK', 'DQ']
"b10902022" declared "fold:0"
"['b10902133']" won the round 1 (stack = {'b10902133': 1085, 'b10902022': 915})
community cards of this round: ['D6', 'DJ', 'D3', 'H9', 'DT']
name: b10902133, hole_card: ['ST', 'D7']
name: b10902022, hole_card: ['CJ', 'CA']
Started the round 2
Street "preflop" started. (community card = [])
name: b10902133, hole_card: ['ST', 'D7']
name: b10902022, hole_card: ['CJ', 'CA']
"b10902133" declared "raise:15"
name: b10902133, hole_card: ['ST', 'D7']
name: b10902022, hole_card: ['CJ', 'CA']
"b10902022" declared "raise:20"
name: b10902133, hole_card: ['ST', 'D7']
name: b10902022, hole_card: ['CJ', 'CA']
"b10902133" declared "raise:25"
name: b10902133, hole_card: ['ST', 'D7']
name: b10902022, hole_card: ['CJ', 'CA']
"b10902022" declared "raise:30"
name: b10902133, hole_card: ['ST', 'D7']
name: b10902022, hole_card: ['CJ', 'CA']
"b10902133" declared "raise:35"
name: b10902133, hole_card: ['ST', 'D7']
name: b10902022, hole_card: ['CJ', 'CA']
"b10902022" declared "fold:0"
"['b10902133']" won the round 2 (stack = {'b10902133': 1115, 'b10902022': 885})
community cards of this round: ['ST', 'S9', 'H6', 'HQ', 'H8']
name: b10902133, hole_card: ['CJ', 'H7']
name: b10902022, hole_card: ['HT', 'D6']
Started the round 3
Street "preflop" started. (community card = [])
name: b10902133, hole_card: ['CJ', 'H7']
name: b10902022, hole_card: ['HT', 'D6']
"b10902022" declared "fold:0"
"['b10902133']" won the round 3 (stack = {'b10902133': 1120, 'b10902022': 880})
community cards of this round: ['CT', 'D5', 'S9', 'C7', 'H6']
name: b10902133, hole_card: ['CQ', 'C3']
name: b10902022, hole_card: ['HK', 'CA']
Started the round 4
Street "preflop" started. (community card = [])
name: b10902133, hole_card: ['CQ', 'C3']
name: b10902022, hole_card: ['HK', 'CA']
"b10902133" declared "raise:15"
name: b10902133, hole_card: ['CQ', 'C3']
name: b10902022, hole_card: ['HK', 'CA']
"b10902022" declared "raise:226"
name: b10902133, hole_card: ['CQ', 'C3']
name: b10902022, hole_card: ['HK', 'CA']
"b10902133" declared "call:226"
Street "flop" started. (community card = ['CT', 'D5', 'S9'])
name: b10902133, hole_card: ['CQ', 'C3']
name: b10902022, hole_card: ['HK', 'CA']
"b10902133" declared "raise:10"
name: b10902133, hole_card: ['CQ', 'C3']
name: b10902022, hole_card: ['HK', 'CA']
"b10902022" declared "raise:20"
name: b10902133, hole_card: ['CQ', 'C3']
name: b10902022, hole_card: ['HK', 'CA']
"b10902133" declared "raise:30"
name: b10902133, hole_card: ['CQ', 'C3']
name: b10902022, hole_card: ['HK', 'CA']
"b10902022" declared "raise:40"
name: b10902133, hole_card: ['CQ', 'C3']
name: b10902022, hole_card: ['HK', 'CA']
"b10902133" declared "call:40"
Street "turn" started. (community card = ['CT', 'D5', 'S9', 'C7'])
name: b10902133, hole_card: ['CQ', 'C3']
name: b10902022, hole_card: ['HK', 'CA']
"b10902133" declared "raise:10"
name: b10902133, hole_card: ['CQ', 'C3']
name: b10902022, hole_card: ['HK', 'CA']
"b10902022" declared "call:10"
Street "river" started. (community card = ['CT', 'D5', 'S9', 'C7', 'H6'])
name: b10902133, hole_card: ['CQ', 'C3']
name: b10902022, hole_card: ['HK', 'CA']
"b10902133" declared "raise:10"
name: b10902133, hole_card: ['CQ', 'C3']
name: b10902022, hole_card: ['HK', 'CA']
"b10902022" declared "call:10"
"['b10902022']" won the round 4 (stack = {'b10902133': 834, 'b10902022': 1166})
community cards of this round: ['D5', 'S5', 'S9', 'DK', 'C8']
name: b10902133, hole_card: ['D3', 'SQ']
name: b10902022, hole_card: ['SJ', 'DT']
Started the round 5
Street "preflop" started. (community card = [])
name: b10902133, hole_card: ['D3', 'SQ']
name: b10902022, hole_card: ['SJ', 'DT']
"b10902022" declared "fold:0"
"['b10902133']" won the round 5 (stack = {'b10902133': 839, 'b10902022': 1161})
community cards of this round: ['C9', 'ST', 'CQ', 'S4', 'DQ']
name: b10902133, hole_card: ['C2', 'D3']
name: b10902022, hole_card: ['H2', 'C8']
Started the round 6
Street "preflop" started. (community card = [])
name: b10902133, hole_card: ['C2', 'D3']
name: b10902022, hole_card: ['H2', 'C8']
"b10902133" declared "fold:0"
"['b10902022']" won the round 6 (stack = {'b10902133': 834, 'b10902022': 1166})
community cards of this round: ['SQ', 'D7', 'C3', 'DT', 'D2']
name: b10902133, hole_card: ['D6', 'C2']
name: b10902022, hole_card: ['HA', 'H4']
Started the round 7
Street "preflop" started. (community card = [])
name: b10902133, hole_card: ['D6', 'C2']
name: b10902022, hole_card: ['HA', 'H4']
"b10902022" declared "fold:0"
"['b10902133']" won the round 7 (stack = {'b10902133': 839, 'b10902022': 1161})
community cards of this round: ['HK', 'D2', 'CK', 'DJ', 'C5']
name: b10902133, hole_card: ['S6', 'SK']
name: b10902022, hole_card: ['D9', 'S5']
Started the round 8
Street "preflop" started. (community card = [])
name: b10902133, hole_card: ['S6', 'SK']
name: b10902022, hole_card: ['D9', 'S5']
"b10902133" declared "raise:15"
name: b10902133, hole_card: ['S6', 'SK']
name: b10902022, hole_card: ['D9', 'S5']
"b10902022" declared "fold:0"
"['b10902133']" won the round 8 (stack = {'b10902133': 849, 'b10902022': 1151})
community cards of this round: ['HQ', 'HK', 'H8', 'S8', 'SK']
name: b10902133, hole_card: ['ST', 'C2']
name: b10902022, hole_card: ['D3', 'D6']
Started the round 9
Street "preflop" started. (community card = [])
name: b10902133, hole_card: ['ST', 'C2']
name: b10902022, hole_card: ['D3', 'D6']
"b10902022" declared "fold:0"
"['b10902133']" won the round 9 (stack = {'b10902133': 854, 'b10902022': 1146})
community cards of this round: ['HK', 'HQ', 'D5', 'CJ', 'C8']
name: b10902133, hole_card: ['C9', 'CK']
name: b10902022, hole_card: ['C7', 'C5']
Started the round 10
Street "preflop" started. (community card = [])
name: b10902133, hole_card: ['C9', 'CK']
name: b10902022, hole_card: ['C7', 'C5']
"b10902133" declared "raise:15"
name: b10902133, hole_card: ['C9', 'CK']
name: b10902022, hole_card: ['C7', 'C5']
"b10902022" declared "fold:0"
"['b10902133']" won the round 10 (stack = {'b10902133': 864, 'b10902022': 1136})
community cards of this round: ['H9', 'CT', 'ST', 'CA', 'D6']
name: b10902133, hole_card: ['HT', 'S3']
name: b10902022, hole_card: ['D9', 'C9']
Started the round 11
Street "preflop" started. (community card = [])
name: b10902133, hole_card: ['HT', 'S3']
name: b10902022, hole_card: ['D9', 'C9']
"b10902022" declared "fold:0"
"['b10902133']" won the round 11 (stack = {'b10902133': 869, 'b10902022': 1131})
community cards of this round: ['H6', 'C5', 'D7', 'C3', 'S7']
name: b10902133, hole_card: ['S2', 'CA']
name: b10902022, hole_card: ['CK', 'CJ']
Started the round 12
Street "preflop" started. (community card = [])
name: b10902133, hole_card: ['S2', 'CA']
name: b10902022, hole_card: ['CK', 'CJ']
"b10902133" declared "raise:15"
name: b10902133, hole_card: ['S2', 'CA']
name: b10902022, hole_card: ['CK', 'CJ']
"b10902022" declared "fold:0"
"['b10902133']" won the round 12 (stack = {'b10902133': 879, 'b10902022': 1121})
community cards of this round: ['H3', 'C9', 'S2', 'HT', 'ST']
name: b10902133, hole_card: ['C4', 'D3']
name: b10902022, hole_card: ['S5', 'CJ']
Started the round 13
Street "preflop" started. (community card = [])
name: b10902133, hole_card: ['C4', 'D3']
name: b10902022, hole_card: ['S5', 'CJ']
"b10902022" declared "fold:0"
"['b10902133']" won the round 13 (stack = {'b10902133': 884, 'b10902022': 1116})
community cards of this round: ['ST', 'HT', 'H5', 'H8', 'DJ']
name: b10902133, hole_card: ['HK', 'H3']
name: b10902022, hole_card: ['C2', 'C3']
Started the round 14
Street "preflop" started. (community card = [])
name: b10902133, hole_card: ['HK', 'H3']
name: b10902022, hole_card: ['C2', 'C3']
"b10902133" declared "raise:15"
name: b10902133, hole_card: ['HK', 'H3']
name: b10902022, hole_card: ['C2', 'C3']
"b10902022" declared "fold:0"
"['b10902133']" won the round 14 (stack = {'b10902133': 894, 'b10902022': 1106})
community cards of this round: ['CK', 'C5', 'C4', 'DJ', 'H5']
name: b10902133, hole_card: ['HQ', 'DK']
name: b10902022, hole_card: ['S9', 'S5']
Started the round 15
Street "preflop" started. (community card = [])
name: b10902133, hole_card: ['HQ', 'DK']
name: b10902022, hole_card: ['S9', 'S5']
"b10902022" declared "fold:0"
"['b10902133']" won the round 15 (stack = {'b10902133': 899, 'b10902022': 1101})
community cards of this round: ['D4', 'DJ', 'H3', 'HK', 'S9']
name: b10902133, hole_card: ['S6', 'C9']
name: b10902022, hole_card: ['CT', 'CA']
Started the round 16
Street "preflop" started. (community card = [])
name: b10902133, hole_card: ['S6', 'C9']
name: b10902022, hole_card: ['CT', 'CA']
"b10902133" declared "raise:15"
name: b10902133, hole_card: ['S6', 'C9']
name: b10902022, hole_card: ['CT', 'CA']
"b10902022" declared "fold:0"
"['b10902133']" won the round 16 (stack = {'b10902133': 909, 'b10902022': 1091})
community cards of this round: ['H3', 'H9', 'S3', 'SK', 'C5']
name: b10902133, hole_card: ['C3', 'DQ']
name: b10902022, hole_card: ['CK', 'C7']
Started the round 17
Street "preflop" started. (community card = [])
name: b10902133, hole_card: ['C3', 'DQ']
name: b10902022, hole_card: ['CK', 'C7']
"b10902022" declared "fold:0"
"['b10902133']" won the round 17 (stack = {'b10902133': 914, 'b10902022': 1086})
community cards of this round: ['CT', 'HJ', 'CQ', 'ST', 'S9']
name: b10902133, hole_card: ['H3', 'D3']
name: b10902022, hole_card: ['C2', 'S5']
Started the round 18
Street "preflop" started. (community card = [])
name: b10902133, hole_card: ['H3', 'D3']
name: b10902022, hole_card: ['C2', 'S5']
"b10902133" declared "raise:15"
name: b10902133, hole_card: ['H3', 'D3']
name: b10902022, hole_card: ['C2', 'S5']
"b10902022" declared "fold:0"
"['b10902133']" won the round 18 (stack = {'b10902133': 924, 'b10902022': 1076})
community cards of this round: ['C5', 'HK', 'S5', 'S6', 'S8']
name: b10902133, hole_card: ['CT', 'D4']
name: b10902022, hole_card: ['H6', 'CJ']
Started the round 19
Street "preflop" started. (community card = [])
name: b10902133, hole_card: ['CT', 'D4']
name: b10902022, hole_card: ['H6', 'CJ']
"b10902022" declared "fold:0"
"['b10902133']" won the round 19 (stack = {'b10902133': 929, 'b10902022': 1071})
community cards of this round: ['SA', 'H4', 'C7', 'S5', 'H8']
name: b10902133, hole_card: ['D8', 'CT']
name: b10902022, hole_card: ['D6', 'H9']
Started the round 20
Street "preflop" started. (community card = [])
name: b10902133, hole_card: ['D8', 'CT']
name: b10902022, hole_card: ['D6', 'H9']
"b10902133" declared "raise:15"
name: b10902133, hole_card: ['D8', 'CT']
name: b10902022, hole_card: ['D6', 'H9']
"b10902022" declared "fold:0"
"['b10902133']" won the round 20 (stack = {'b10902133': 939, 'b10902022': 1061})
b10902022 vs b10902133 - Game 1: {'rule': {'initial_stack': 1000, 'max_round': 20, 'small_blind_amount': 5, 'ante': 0, 'blind_structure': {}}, 'players': [{'name': 'b10902133', 'uuid': 'tfhszavrmhesglnccninka', 'stack': 939, 'state': 'participating'}, {'name': 'b10902022', 'uuid': 'qalifqodmubwuittgpacne', 'stack': 1061, 'state': 'participating'}]}
community cards of this round: ['C8', 'SA', 'C6', 'C9', 'S3']
name: b10902022, hole_card: ['CA', 'DJ']
name: b10902133, hole_card: ['HK', 'DQ']
Started the round 1
Street "preflop" started. (community card = [])
name: b10902022, hole_card: ['CA', 'DJ']
name: b10902133, hole_card: ['HK', 'DQ']
"b10902133" declared "raise:15"
name: b10902022, hole_card: ['CA', 'DJ']
name: b10902133, hole_card: ['HK', 'DQ']
"b10902022" declared "raise:20"
name: b10902022, hole_card: ['CA', 'DJ']
name: b10902133, hole_card: ['HK', 'DQ']
"b10902133" declared "raise:25"
name: b10902022, hole_card: ['CA', 'DJ']
name: b10902133, hole_card: ['HK', 'DQ']
"b10902022" declared "raise:30"
name: b10902022, hole_card: ['CA', 'DJ']
name: b10902133, hole_card: ['HK', 'DQ']
"b10902133" declared "raise:35"
name: b10902022, hole_card: ['CA', 'DJ']
name: b10902133, hole_card: ['HK', 'DQ']
"b10902022" declared "raise:40"
name: b10902022, hole_card: ['CA', 'DJ']
name: b10902133, hole_card: ['HK', 'DQ']
"b10902133" declared "raise:45"
name: b10902022, hole_card: ['CA', 'DJ']
name: b10902133, hole_card: ['HK', 'DQ']
"b10902022" declared "raise:50"
name: b10902022, hole_card: ['CA', 'DJ']
name: b10902133, hole_card: ['HK', 'DQ']
"b10902133" declared "raise:55"
name: b10902022, hole_card: ['CA', 'DJ']
name: b10902133, hole_card: ['HK', 'DQ']
"b10902022" declared "raise:60"
name: b10902022, hole_card: ['CA', 'DJ']
name: b10902133, hole_card: ['HK', 'DQ']
"b10902133" declared "raise:65"
name: b10902022, hole_card: ['CA', 'DJ']
name: b10902133, hole_card: ['HK', 'DQ']
"b10902022" declared "raise:70"
name: b10902022, hole_card: ['CA', 'DJ']
name: b10902133, hole_card: ['HK', 'DQ']
"b10902133" declared "raise:75"
name: b10902022, hole_card: ['CA', 'DJ']
name: b10902133, hole_card: ['HK', 'DQ']
"b10902022" declared "call:75"
Street "flop" started. (community card = ['C8', 'SA', 'C6'])
name: b10902022, hole_card: ['CA', 'DJ']
name: b10902133, hole_card: ['HK', 'DQ']
"b10902133" declared "raise:83.2"
name: b10902022, hole_card: ['CA', 'DJ']
name: b10902133, hole_card: ['HK', 'DQ']
"b10902022" declared "fold:0"
"['b10902133']" won the round 1 (stack = {'b10902022': 925, 'b10902133': 1074.8})
community cards of this round: ['D6', 'DJ', 'D3', 'H9', 'DT']
name: b10902022, hole_card: ['ST', 'D7']
name: b10902133, hole_card: ['CJ', 'CA']
Started the round 2
Street "preflop" started. (community card = [])
name: b10902022, hole_card: ['ST', 'D7']
name: b10902133, hole_card: ['CJ', 'CA']
"b10902022" declared "call:10"
name: b10902022, hole_card: ['ST', 'D7']
name: b10902133, hole_card: ['CJ', 'CA']
"b10902133" declared "raise:15"
name: b10902022, hole_card: ['ST', 'D7']
name: b10902133, hole_card: ['CJ', 'CA']
"b10902022" declared "call:15"
Street "flop" started. (community card = ['D6', 'DJ', 'D3'])
name: b10902022, hole_card: ['ST', 'D7']
name: b10902133, hole_card: ['CJ', 'CA']
"b10902022" declared "call:0"
name: b10902022, hole_card: ['ST', 'D7']
name: b10902133, hole_card: ['CJ', 'CA']
"b10902133" declared "raise:424.67099999999994"
name: b10902022, hole_card: ['ST', 'D7']
name: b10902133, hole_card: ['CJ', 'CA']
"b10902022" declared "fold:0"
"['b10902133']" won the round 2 (stack = {'b10902022': 910, 'b10902133': 1089.129})
community cards of this round: ['ST', 'S9', 'H6', 'HQ', 'H8']
name: b10902022, hole_card: ['CJ', 'H7']
name: b10902133, hole_card: ['HT', 'D6']
Started the round 3
Street "preflop" started. (community card = [])
name: b10902022, hole_card: ['CJ', 'H7']
name: b10902133, hole_card: ['HT', 'D6']
"b10902133" declared "raise:15"
name: b10902022, hole_card: ['CJ', 'H7']
name: b10902133, hole_card: ['HT', 'D6']
"b10902022" declared "call:15"
Street "flop" started. (community card = ['ST', 'S9', 'H6'])
name: b10902022, hole_card: ['CJ', 'H7']
name: b10902133, hole_card: ['HT', 'D6']
"b10902133" declared "raise:430.33095499999996"
name: b10902022, hole_card: ['CJ', 'H7']
name: b10902133, hole_card: ['HT', 'D6']
"b10902022" declared "fold:0"
"['b10902133']" won the round 3 (stack = {'b10902022': 895, 'b10902133': 1103.798045})
community cards of this round: ['CT', 'D5', 'S9', 'C7', 'H6']
name: b10902022, hole_card: ['CQ', 'C3']
name: b10902133, hole_card: ['HK', 'CA']
Started the round 4
Street "preflop" started. (community card = [])
name: b10902022, hole_card: ['CQ', 'C3']
name: b10902133, hole_card: ['HK', 'CA']
"b10902022" declared "call:10"
name: b10902022, hole_card: ['CQ', 'C3']
name: b10902133, hole_card: ['HK', 'CA']
"b10902133" declared "raise:15"
name: b10902022, hole_card: ['CQ', 'C3']
name: b10902133, hole_card: ['HK', 'CA']
"b10902022" declared "fold:0"
"['b10902133']" won the round 4 (stack = {'b10902022': 885, 'b10902133': 1113.798045})
community cards of this round: ['D5', 'S5', 'S9', 'DK', 'C8']
name: b10902022, hole_card: ['D3', 'SQ']
name: b10902133, hole_card: ['SJ', 'DT']
Started the round 5
Street "preflop" started. (community card = [])
name: b10902022, hole_card: ['D3', 'SQ']
name: b10902133, hole_card: ['SJ', 'DT']
"b10902133" declared "raise:15"
name: b10902022, hole_card: ['D3', 'SQ']
name: b10902133, hole_card: ['SJ', 'DT']
"b10902022" declared "call:15"
Street "flop" started. (community card = ['D5', 'S5', 'S9'])
name: b10902022, hole_card: ['D3', 'SQ']
name: b10902133, hole_card: ['SJ', 'DT']
"b10902133" declared "raise:10"
name: b10902022, hole_card: ['D3', 'SQ']
name: b10902133, hole_card: ['SJ', 'DT']
"b10902022" declared "call:10"
Street "turn" started. (community card = ['D5', 'S5', 'S9', 'DK'])
name: b10902022, hole_card: ['D3', 'SQ']
name: b10902133, hole_card: ['SJ', 'DT']
"b10902133" declared "raise:10"
name: b10902022, hole_card: ['D3', 'SQ']
name: b10902133, hole_card: ['SJ', 'DT']
"b10902022" declared "call:10"
Street "river" started. (community card = ['D5', 'S5', 'S9', 'DK', 'C8'])
name: b10902022, hole_card: ['D3', 'SQ']
name: b10902133, hole_card: ['SJ', 'DT']
"b10902133" declared "raise:10"
name: b10902022, hole_card: ['D3', 'SQ']
name: b10902133, hole_card: ['SJ', 'DT']
"b10902022" declared "call:10"
"['b10902022']" won the round 5 (stack = {'b10902022': 930, 'b10902133': 1068.798045})
community cards of this round: ['C9', 'ST', 'CQ', 'S4', 'DQ']
name: b10902022, hole_card: ['C2', 'D3']
name: b10902133, hole_card: ['H2', 'C8']
Started the round 6
Street "preflop" started. (community card = [])
name: b10902022, hole_card: ['C2', 'D3']
name: b10902133, hole_card: ['H2', 'C8']
"b10902022" declared "call:10"
name: b10902022, hole_card: ['C2', 'D3']
name: b10902133, hole_card: ['H2', 'C8']
"b10902133" declared "raise:15"
name: b10902022, hole_card: ['C2', 'D3']
name: b10902133, hole_card: ['H2', 'C8']
"b10902022" declared "fold:0"
"['b10902133']" won the round 6 (stack = {'b10902022': 920, 'b10902133': 1078.798045})
community cards of this round: ['SQ', 'D7', 'C3', 'DT', 'D2']
name: b10902022, hole_card: ['D6', 'C2']
name: b10902133, hole_card: ['HA', 'H4']
Started the round 7
Street "preflop" started. (community card = [])
name: b10902022, hole_card: ['D6', 'C2']
name: b10902133, hole_card: ['HA', 'H4']
"b10902133" declared "raise:15"
name: b10902022, hole_card: ['D6', 'C2']
name: b10902133, hole_card: ['HA', 'H4']
"b10902022" declared "fold:0"
"['b10902133']" won the round 7 (stack = {'b10902022': 910, 'b10902133': 1088.798045})
community cards of this round: ['HK', 'D2', 'CK', 'DJ', 'C5']
name: b10902022, hole_card: ['S6', 'SK']
name: b10902133, hole_card: ['D9', 'S5']
Started the round 8
Street "preflop" started. (community card = [])
name: b10902022, hole_card: ['S6', 'SK']
name: b10902133, hole_card: ['D9', 'S5']
"b10902022" declared "raise:171"
name: b10902022, hole_card: ['S6', 'SK']
name: b10902133, hole_card: ['D9', 'S5']
"b10902133" declared "call:171"
Street "flop" started. (community card = ['HK', 'D2', 'CK'])
name: b10902022, hole_card: ['S6', 'SK']
name: b10902133, hole_card: ['D9', 'S5']
"b10902022" declared "raise:10"
name: b10902022, hole_card: ['S6', 'SK']
name: b10902133, hole_card: ['D9', 'S5']
"b10902133" declared "raise:20"
name: b10902022, hole_card: ['S6', 'SK']
name: b10902133, hole_card: ['D9', 'S5']
"b10902022" declared "raise:30"
name: b10902022, hole_card: ['S6', 'SK']
name: b10902133, hole_card: ['D9', 'S5']
"b10902133" declared "raise:40"
name: b10902022, hole_card: ['S6', 'SK']
name: b10902133, hole_card: ['D9', 'S5']
"b10902022" declared "raise:50"
name: b10902022, hole_card: ['S6', 'SK']
name: b10902133, hole_card: ['D9', 'S5']
"b10902133" declared "call:50"
Street "turn" started. (community card = ['HK', 'D2', 'CK', 'DJ'])
name: b10902022, hole_card: ['S6', 'SK']
name: b10902133, hole_card: ['D9', 'S5']
"b10902022" declared "raise:10"
name: b10902022, hole_card: ['S6', 'SK']
name: b10902133, hole_card: ['D9', 'S5']
"b10902133" declared "raise:20"
name: b10902022, hole_card: ['S6', 'SK']
name: b10902133, hole_card: ['D9', 'S5']
"b10902022" declared "raise:30"
name: b10902022, hole_card: ['S6', 'SK']
name: b10902133, hole_card: ['D9', 'S5']
"b10902133" declared "raise:40"
name: b10902022, hole_card: ['S6', 'SK']
name: b10902133, hole_card: ['D9', 'S5']
"b10902022" declared "raise:50"
name: b10902022, hole_card: ['S6', 'SK']
name: b10902133, hole_card: ['D9', 'S5']
"b10902133" declared "call:50"
Street "river" started. (community card = ['HK', 'D2', 'CK', 'DJ', 'C5'])
name: b10902022, hole_card: ['S6', 'SK']
name: b10902133, hole_card: ['D9', 'S5']
"b10902022" declared "raise:10"
name: b10902022, hole_card: ['S6', 'SK']
name: b10902133, hole_card: ['D9', 'S5']
"b10902133" declared "raise:514.6347879000001"
name: b10902022, hole_card: ['S6', 'SK']
name: b10902133, hole_card: ['D9', 'S5']
"b10902022" declared "call:514.6347879000001"
"['b10902022']" won the round 8 (stack = {'b10902022': 1695.3652121, 'b10902133': 303.1632570999999})
community cards of this round: ['HQ', 'HK', 'H8', 'S8', 'SK']
name: b10902022, hole_card: ['ST', 'C2']
name: b10902133, hole_card: ['D3', 'D6']
Started the round 9
Street "preflop" started. (community card = [])
name: b10902022, hole_card: ['ST', 'C2']
name: b10902133, hole_card: ['D3', 'D6']
"b10902133" declared "raise:15"
name: b10902022, hole_card: ['ST', 'C2']
name: b10902133, hole_card: ['D3', 'D6']
"b10902022" declared "fold:0"
"['b10902133']" won the round 9 (stack = {'b10902022': 1685.3652121, 'b10902133': 313.1632570999999})
community cards of this round: ['HK', 'HQ', 'D5', 'CJ', 'C8']
name: b10902022, hole_card: ['C9', 'CK']
name: b10902133, hole_card: ['C7', 'C5']
Started the round 10
Street "preflop" started. (community card = [])
name: b10902022, hole_card: ['C9', 'CK']
name: b10902133, hole_card: ['C7', 'C5']
"b10902022" declared "fold:0"
"['b10902133']" won the round 10 (stack = {'b10902022': 1680.3652121, 'b10902133': 318.1632570999999})
community cards of this round: ['H9', 'CT', 'ST', 'CA', 'D6']
name: b10902022, hole_card: ['HT', 'S3']
name: b10902133, hole_card: ['D9', 'C9']
Started the round 11
Street "preflop" started. (community card = [])
name: b10902022, hole_card: ['HT', 'S3']
name: b10902133, hole_card: ['D9', 'C9']
"b10902133" declared "raise:15"
name: b10902022, hole_card: ['HT', 'S3']
name: b10902133, hole_card: ['D9', 'C9']
"b10902022" declared "fold:0"
"['b10902133']" won the round 11 (stack = {'b10902022': 1670.3652121, 'b10902133': 328.1632570999999})
community cards of this round: ['H6', 'C5', 'D7', 'C3', 'S7']
name: b10902022, hole_card: ['S2', 'CA']
name: b10902133, hole_card: ['CK', 'CJ']
Started the round 12
Street "preflop" started. (community card = [])
name: b10902022, hole_card: ['S2', 'CA']
name: b10902133, hole_card: ['CK', 'CJ']
"b10902022" declared "fold:0"
"['b10902133']" won the round 12 (stack = {'b10902022': 1665.3652121, 'b10902133': 333.1632570999999})
community cards of this round: ['H3', 'C9', 'S2', 'HT', 'ST']
name: b10902022, hole_card: ['C4', 'D3']
name: b10902133, hole_card: ['S5', 'CJ']
Started the round 13
Street "preflop" started. (community card = [])
name: b10902022, hole_card: ['C4', 'D3']
name: b10902133, hole_card: ['S5', 'CJ']
"b10902133" declared "raise:15"
name: b10902022, hole_card: ['C4', 'D3']
name: b10902133, hole_card: ['S5', 'CJ']
"b10902022" declared "fold:0"
"['b10902133']" won the round 13 (stack = {'b10902022': 1655.3652121, 'b10902133': 343.1632570999999})
community cards of this round: ['ST', 'HT', 'H5', 'H8', 'DJ']
name: b10902022, hole_card: ['HK', 'H3']
name: b10902133, hole_card: ['C2', 'C3']
Started the round 14
Street "preflop" started. (community card = [])
name: b10902022, hole_card: ['HK', 'H3']
name: b10902133, hole_card: ['C2', 'C3']
"b10902022" declared "fold:0"
"['b10902133']" won the round 14 (stack = {'b10902022': 1650.3652121, 'b10902133': 348.1632570999999})
community cards of this round: ['CK', 'C5', 'C4', 'DJ', 'H5']
name: b10902022, hole_card: ['HQ', 'DK']
name: b10902133, hole_card: ['S9', 'S5']
Started the round 15
Street "preflop" started. (community card = [])
name: b10902022, hole_card: ['HQ', 'DK']
name: b10902133, hole_card: ['S9', 'S5']
"b10902133" declared "raise:15"
name: b10902022, hole_card: ['HQ', 'DK']
name: b10902133, hole_card: ['S9', 'S5']
"b10902022" declared "fold:0"
"['b10902133']" won the round 15 (stack = {'b10902022': 1640.3652121, 'b10902133': 358.1632570999999})
community cards of this round: ['D4', 'DJ', 'H3', 'HK', 'S9']
name: b10902022, hole_card: ['S6', 'C9']
name: b10902133, hole_card: ['CT', 'CA']
Started the round 16
Street "preflop" started. (community card = [])
name: b10902022, hole_card: ['S6', 'C9']
name: b10902133, hole_card: ['CT', 'CA']
"b10902022" declared "fold:0"
"['b10902133']" won the round 16 (stack = {'b10902022': 1635.3652121, 'b10902133': 363.1632570999999})
community cards of this round: ['H3', 'H9', 'S3', 'SK', 'C5']
name: b10902022, hole_card: ['C3', 'DQ']
name: b10902133, hole_card: ['CK', 'C7']
Started the round 17
Street "preflop" started. (community card = [])
name: b10902022, hole_card: ['C3', 'DQ']
name: b10902133, hole_card: ['CK', 'C7']
"b10902133" declared "raise:15"
name: b10902022, hole_card: ['C3', 'DQ']
name: b10902133, hole_card: ['CK', 'C7']
"b10902022" declared "fold:0"
"['b10902133']" won the round 17 (stack = {'b10902022': 1625.3652121, 'b10902133': 373.1632570999999})
community cards of this round: ['CT', 'HJ', 'CQ', 'ST', 'S9']
name: b10902022, hole_card: ['H3', 'D3']
name: b10902133, hole_card: ['C2', 'S5']
Started the round 18
Street "preflop" started. (community card = [])
name: b10902022, hole_card: ['H3', 'D3']
name: b10902133, hole_card: ['C2', 'S5']
"b10902022" declared "fold:0"
"['b10902133']" won the round 18 (stack = {'b10902022': 1620.3652121, 'b10902133': 378.1632570999999})
community cards of this round: ['C5', 'HK', 'S5', 'S6', 'S8']
name: b10902022, hole_card: ['CT', 'D4']
name: b10902133, hole_card: ['H6', 'CJ']
Started the round 19
Street "preflop" started. (community card = [])
name: b10902022, hole_card: ['CT', 'D4']
name: b10902133, hole_card: ['H6', 'CJ']
"b10902133" declared "raise:15"
name: b10902022, hole_card: ['CT', 'D4']
name: b10902133, hole_card: ['H6', 'CJ']
"b10902022" declared "fold:0"
"['b10902133']" won the round 19 (stack = {'b10902022': 1610.3652121, 'b10902133': 388.1632570999999})
community cards of this round: ['SA', 'H4', 'C7', 'S5', 'H8']
name: b10902022, hole_card: ['D8', 'CT']
name: b10902133, hole_card: ['D6', 'H9']
Started the round 20
Street "preflop" started. (community card = [])
name: b10902022, hole_card: ['D8', 'CT']
name: b10902133, hole_card: ['D6', 'H9']
"b10902022" declared "fold:0"
"['b10902133']" won the round 20 (stack = {'b10902022': 1605.3652121, 'b10902133': 393.1632570999999})
b10902022 vs b10902133 - Game 2: {'rule': {'initial_stack': 1000, 'max_round': 20, 'small_blind_amount': 5, 'ante': 0, 'blind_structure': {}}, 'players': [{'name': 'b10902022', 'uuid': 'ifcixrvldrlapekbzcaclx', 'stack': 1605.3652121, 'state': 'participating'}, {'name': 'b10902133', 'uuid': 'wjnjkguzkqdhsbaazzpnrk', 'stack': 393.1632570999999, 'state': 'participating'}]}
community cards of this round: ['SA', 'C7', 'S3', 'H9', 'S2']
name: b10902133, hole_card: ['C5', 'H8']
name: b10902022, hole_card: ['D3', 'D2']
Started the round 1
Street "preflop" started. (community card = [])
name: b10902133, hole_card: ['C5', 'H8']
name: b10902022, hole_card: ['D3', 'D2']
"b10902022" declared "call:10"
name: b10902133, hole_card: ['C5', 'H8']
name: b10902022, hole_card: ['D3', 'D2']
"b10902133" declared "raise:15"
name: b10902133, hole_card: ['C5', 'H8']
name: b10902022, hole_card: ['D3', 'D2']
"b10902022" declared "call:15"
Street "flop" started. (community card = ['SA', 'C7', 'S3'])
name: b10902133, hole_card: ['C5', 'H8']
name: b10902022, hole_card: ['D3', 'D2']
"b10902022" declared "call:0"
name: b10902133, hole_card: ['C5', 'H8']
name: b10902022, hole_card: ['D3', 'D2']
"b10902133" declared "fold:0"
"['b10902022']" won the round 1 (stack = {'b10902133': 985, 'b10902022': 1015})
community cards of this round: ['H3', 'S5', 'H2', 'C8', 'D4']
name: b10902133, hole_card: ['HK', 'D2']
name: b10902022, hole_card: ['D3', 'DQ']
Started the round 2
Street "preflop" started. (community card = [])
name: b10902133, hole_card: ['HK', 'D2']
name: b10902022, hole_card: ['D3', 'DQ']
"b10902133" declared "raise:15"
name: b10902133, hole_card: ['HK', 'D2']
name: b10902022, hole_card: ['D3', 'DQ']
"b10902022" declared "call:15"
Street "flop" started. (community card = ['H3', 'S5', 'H2'])
name: b10902133, hole_card: ['HK', 'D2']
name: b10902022, hole_card: ['D3', 'DQ']
"b10902133" declared "raise:40.720000000000006"
name: b10902133, hole_card: ['HK', 'D2']
name: b10902022, hole_card: ['D3', 'DQ']
"b10902022" declared "call:40.720000000000006"
Street "turn" started. (community card = ['H3', 'S5', 'H2', 'C8'])
name: b10902133, hole_card: ['HK', 'D2']
name: b10902022, hole_card: ['D3', 'DQ']
"b10902133" declared "raise:83.5424"
name: b10902133, hole_card: ['HK', 'D2']
name: b10902022, hole_card: ['D3', 'DQ']
"b10902022" declared "call:83.5424"
Street "river" started. (community card = ['H3', 'S5', 'H2', 'C8', 'D4'])
name: b10902133, hole_card: ['HK', 'D2']
name: b10902022, hole_card: ['D3', 'DQ']
"b10902133" declared "raise:10"
name: b10902133, hole_card: ['HK', 'D2']
name: b10902022, hole_card: ['D3', 'DQ']
"b10902022" declared "call:10"
"['b10902022']" won the round 2 (stack = {'b10902133': 835.7375999999999, 'b10902022': 1163.7376})
community cards of this round: ['D7', 'C3', 'D2', 'H7', 'DQ']
name: b10902133, hole_card: ['D9', 'C6']
name: b10902022, hole_card: ['CJ', 'D5']
Started the round 3
Street "preflop" started. (community card = [])
name: b10902133, hole_card: ['D9', 'C6']
name: b10902022, hole_card: ['CJ', 'D5']
"b10902022" declared "fold:0"
"['b10902133']" won the round 3 (stack = {'b10902133': 840.7375999999999, 'b10902022': 1158.7376})
community cards of this round: ['SJ', 'HT', 'H6', 'CT', 'C8']
name: b10902133, hole_card: ['HK', 'C2']
name: b10902022, hole_card: ['S8', 'C9']
Started the round 4
Street "preflop" started. (community card = [])
name: b10902133, hole_card: ['HK', 'C2']
name: b10902022, hole_card: ['S8', 'C9']
"b10902133" declared "raise:15"
name: b10902133, hole_card: ['HK', 'C2']
name: b10902022, hole_card: ['S8', 'C9']
"b10902022" declared "fold:0"
"['b10902133']" won the round 4 (stack = {'b10902133': 850.7375999999999, 'b10902022': 1148.7376})
community cards of this round: ['H9', 'CQ', 'HT', 'H5', 'DT']
name: b10902133, hole_card: ['S4', 'DK']
name: b10902022, hole_card: ['C9', 'C4']
Started the round 5
Street "preflop" started. (community card = [])
name: b10902133, hole_card: ['S4', 'DK']
name: b10902022, hole_card: ['C9', 'C4']
"b10902022" declared "fold:0"
"['b10902133']" won the round 5 (stack = {'b10902133': 855.7375999999999, 'b10902022': 1143.7376})
community cards of this round: ['DJ', 'DA', 'SK', 'C6', 'D3']
name: b10902133, hole_card: ['D2', 'S6']
name: b10902022, hole_card: ['H8', 'D5']
Started the round 6
Street "preflop" started. (community card = [])
name: b10902133, hole_card: ['D2', 'S6']
name: b10902022, hole_card: ['H8', 'D5']
"b10902133" declared "raise:15"
name: b10902133, hole_card: ['D2', 'S6']
name: b10902022, hole_card: ['H8', 'D5']
"b10902022" declared "fold:0"
"['b10902133']" won the round 6 (stack = {'b10902133': 865.7375999999999, 'b10902022': 1133.7376})
community cards of this round: ['C6', 'SK', 'SJ', 'H2', 'S4']
name: b10902133, hole_card: ['D3', 'HA']
name: b10902022, hole_card: ['C2', 'D4']
Started the round 7
Street "preflop" started. (community card = [])
name: b10902133, hole_card: ['D3', 'HA']
name: b10902022, hole_card: ['C2', 'D4']
"b10902022" declared "fold:0"
"['b10902133']" won the round 7 (stack = {'b10902133': 870.7375999999999, 'b10902022': 1128.7376})
community cards of this round: ['DK', 'H8', 'CQ', 'D7', 'HQ']
name: b10902133, hole_card: ['H6', 'S7']
name: b10902022, hole_card: ['DQ', 'CA']
Started the round 8
Street "preflop" started. (community card = [])
name: b10902133, hole_card: ['H6', 'S7']
name: b10902022, hole_card: ['DQ', 'CA']
"b10902133" declared "raise:15"
name: b10902133, hole_card: ['H6', 'S7']
name: b10902022, hole_card: ['DQ', 'CA']
"b10902022" declared "fold:0"
"['b10902133']" won the round 8 (stack = {'b10902133': 880.7375999999999, 'b10902022': 1118.7376})
community cards of this round: ['CA', 'S6', 'H6', 'C7', 'C8']
name: b10902133, hole_card: ['D5', 'SJ']
name: b10902022, hole_card: ['H8', 'DQ']
Started the round 9
Street "preflop" started. (community card = [])
name: b10902133, hole_card: ['D5', 'SJ']
name: b10902022, hole_card: ['H8', 'DQ']
"b10902022" declared "fold:0"
"['b10902133']" won the round 9 (stack = {'b10902133': 885.7375999999999, 'b10902022': 1113.7376})
community cards of this round: ['CJ', 'CT', 'C9', 'CK', 'S9']
name: b10902133, hole_card: ['D4', 'S7']
name: b10902022, hole_card: ['D7', 'HJ']
Started the round 10
Street "preflop" started. (community card = [])
name: b10902133, hole_card: ['D4', 'S7']
name: b10902022, hole_card: ['D7', 'HJ']
"b10902133" declared "raise:15"
name: b10902133, hole_card: ['D4', 'S7']
name: b10902022, hole_card: ['D7', 'HJ']
"b10902022" declared "fold:0"
"['b10902133']" won the round 10 (stack = {'b10902133': 895.7375999999999, 'b10902022': 1103.7376})
community cards of this round: ['DA', 'HQ', 'D5', 'C3', 'C6']
name: b10902133, hole_card: ['CT', 'DJ']
name: b10902022, hole_card: ['D4', 'HJ']
Started the round 11
Street "preflop" started. (community card = [])
name: b10902133, hole_card: ['CT', 'DJ']
name: b10902022, hole_card: ['D4', 'HJ']
"b10902022" declared "fold:0"
"['b10902133']" won the round 11 (stack = {'b10902133': 900.7375999999999, 'b10902022': 1098.7376})
community cards of this round: ['CK', 'CT', 'H2', 'HT', 'SJ']
name: b10902133, hole_card: ['C9', 'C7']
name: b10902022, hole_card: ['HJ', 'D5']
Started the round 12
Street "preflop" started. (community card = [])
name: b10902133, hole_card: ['C9', 'C7']
name: b10902022, hole_card: ['HJ', 'D5']
"b10902133" declared "raise:15"
name: b10902133, hole_card: ['C9', 'C7']
name: b10902022, hole_card: ['HJ', 'D5']
"b10902022" declared "fold:0"
"['b10902133']" won the round 12 (stack = {'b10902133': 910.7375999999999, 'b10902022': 1088.7376})
community cards of this round: ['CT', 'C5', 'SK', 'CK', 'CQ']
name: b10902133, hole_card: ['C4', 'S9']
name: b10902022, hole_card: ['S5', 'H9']
Started the round 13
Street "preflop" started. (community card = [])
name: b10902133, hole_card: ['C4', 'S9']
name: b10902022, hole_card: ['S5', 'H9']
"b10902022" declared "fold:0"
"['b10902133']" won the round 13 (stack = {'b10902133': 915.7375999999999, 'b10902022': 1083.7376})
community cards of this round: ['CK', 'H5', 'DJ', 'HJ', 'D2']
name: b10902133, hole_card: ['CQ', 'C7']
name: b10902022, hole_card: ['D9', 'S6']
Started the round 14
Street "preflop" started. (community card = [])
name: b10902133, hole_card: ['CQ', 'C7']
name: b10902022, hole_card: ['D9', 'S6']
"b10902133" declared "raise:15"
name: b10902133, hole_card: ['CQ', 'C7']
name: b10902022, hole_card: ['D9', 'S6']
"b10902022" declared "fold:0"
"['b10902133']" won the round 14 (stack = {'b10902133': 925.7375999999999, 'b10902022': 1073.7376})
community cards of this round: ['CT', 'H4', 'D2', 'H8', 'D7']
name: b10902133, hole_card: ['D3', 'C2']
name: b10902022, hole_card: ['D6', 'H3']
Started the round 15
Street "preflop" started. (community card = [])
name: b10902133, hole_card: ['D3', 'C2']
name: b10902022, hole_card: ['D6', 'H3']
"b10902022" declared "fold:0"
"['b10902133']" won the round 15 (stack = {'b10902133': 930.7375999999999, 'b10902022': 1068.7376})
community cards of this round: ['H8', 'DQ', 'DJ', 'SA', 'D2']
name: b10902133, hole_card: ['D6', 'SJ']
name: b10902022, hole_card: ['DA', 'HQ']
Started the round 16
Street "preflop" started. (community card = [])
name: b10902133, hole_card: ['D6', 'SJ']
name: b10902022, hole_card: ['DA', 'HQ']
"b10902133" declared "raise:15"
name: b10902133, hole_card: ['D6', 'SJ']
name: b10902022, hole_card: ['DA', 'HQ']
"b10902022" declared "fold:0"
"['b10902133']" won the round 16 (stack = {'b10902133': 940.7375999999999, 'b10902022': 1058.7376})
community cards of this round: ['CQ', 'C9', 'D7', 'ST', 'H8']
name: b10902133, hole_card: ['H5', 'S6']
name: b10902022, hole_card: ['C3', 'C2']
Started the round 17
Street "preflop" started. (community card = [])
name: b10902133, hole_card: ['H5', 'S6']
name: b10902022, hole_card: ['C3', 'C2']
"b10902022" declared "fold:0"
"['b10902133']" won the round 17 (stack = {'b10902133': 945.7375999999999, 'b10902022': 1053.7376})
community cards of this round: ['C4', 'S7', 'H9', 'S5', 'HA']
name: b10902133, hole_card: ['DT', 'H7']
name: b10902022, hole_card: ['S4', 'H4']
Started the round 18
Street "preflop" started. (community card = [])
name: b10902133, hole_card: ['DT', 'H7']
name: b10902022, hole_card: ['S4', 'H4']
"b10902133" declared "raise:15"
name: b10902133, hole_card: ['DT', 'H7']
name: b10902022, hole_card: ['S4', 'H4']
"b10902022" declared "fold:0"
"['b10902133']" won the round 18 (stack = {'b10902133': 955.7375999999999, 'b10902022': 1043.7376})
community cards of this round: ['HA', 'D9', 'C9', 'CK', 'S2']
name: b10902133, hole_card: ['C2', 'C6']
name: b10902022, hole_card: ['H9', 'D5']
Started the round 19
Street "preflop" started. (community card = [])
name: b10902133, hole_card: ['C2', 'C6']
name: b10902022, hole_card: ['H9', 'D5']
"b10902022" declared "fold:0"
"['b10902133']" won the round 19 (stack = {'b10902133': 960.7375999999999, 'b10902022': 1038.7376})
community cards of this round: ['DT', 'S8', 'D9', 'CT', 'H5']
name: b10902133, hole_card: ['SJ', 'CA']
name: b10902022, hole_card: ['HK', 'H8']
Started the round 20
Street "preflop" started. (community card = [])
name: b10902133, hole_card: ['SJ', 'CA']
name: b10902022, hole_card: ['HK', 'H8']
"b10902133" declared "raise:15"
name: b10902133, hole_card: ['SJ', 'CA']
name: b10902022, hole_card: ['HK', 'H8']
"b10902022" declared "fold:0"
"['b10902133']" won the round 20 (stack = {'b10902133': 970.7375999999999, 'b10902022': 1028.7376})
b10902022 vs b10902133 - Game 3: {'rule': {'initial_stack': 1000, 'max_round': 20, 'small_blind_amount': 5, 'ante': 0, 'blind_structure': {}}, 'players': [{'name': 'b10902133', 'uuid': 'gqaoviwehuaqwzwtqfzfzg', 'stack': 970.7375999999999, 'state': 'participating'}, {'name': 'b10902022', 'uuid': 'cyzqjgvxkrwaelduyjbdcq', 'stack': 1028.7376, 'state': 'participating'}]}
community cards of this round: ['SA', 'C7', 'S3', 'H9', 'S2']
name: b10902022, hole_card: ['C5', 'H8']
name: b10902133, hole_card: ['D3', 'D2']
Started the round 1
Street "preflop" started. (community card = [])
name: b10902022, hole_card: ['C5', 'H8']
name: b10902133, hole_card: ['D3', 'D2']
"b10902133" declared "raise:15"
name: b10902022, hole_card: ['C5', 'H8']
name: b10902133, hole_card: ['D3', 'D2']
"b10902022" declared "fold:0"
"['b10902133']" won the round 1 (stack = {'b10902022': 990, 'b10902133': 1010})
community cards of this round: ['H3', 'S5', 'H2', 'C8', 'D4']
name: b10902022, hole_card: ['HK', 'D2']
name: b10902133, hole_card: ['D3', 'DQ']
Started the round 2
Street "preflop" started. (community card = [])
name: b10902022, hole_card: ['HK', 'D2']
name: b10902133, hole_card: ['D3', 'DQ']
"b10902022" declared "call:10"
name: b10902022, hole_card: ['HK', 'D2']
name: b10902133, hole_card: ['D3', 'DQ']
"b10902133" declared "raise:15"
name: b10902022, hole_card: ['HK', 'D2']
name: b10902133, hole_card: ['D3', 'DQ']
"b10902022" declared "fold:0"
"['b10902133']" won the round 2 (stack = {'b10902022': 980, 'b10902133': 1020})
community cards of this round: ['D7', 'C3', 'D2', 'H7', 'DQ']
name: b10902022, hole_card: ['D9', 'C6']
name: b10902133, hole_card: ['CJ', 'D5']
Started the round 3
Street "preflop" started. (community card = [])
name: b10902022, hole_card: ['D9', 'C6']
name: b10902133, hole_card: ['CJ', 'D5']
"b10902133" declared "raise:15"
name: b10902022, hole_card: ['D9', 'C6']
name: b10902133, hole_card: ['CJ', 'D5']
"b10902022" declared "fold:0"
"['b10902133']" won the round 3 (stack = {'b10902022': 970, 'b10902133': 1030})
community cards of this round: ['SJ', 'HT', 'H6', 'CT', 'C8']
name: b10902022, hole_card: ['HK', 'C2']
name: b10902133, hole_card: ['S8', 'C9']
Started the round 4
Street "preflop" started. (community card = [])
name: b10902022, hole_card: ['HK', 'C2']
name: b10902133, hole_card: ['S8', 'C9']
"b10902022" declared "call:10"
name: b10902022, hole_card: ['HK', 'C2']
name: b10902133, hole_card: ['S8', 'C9']
"b10902133" declared "raise:15"
name: b10902022, hole_card: ['HK', 'C2']
name: b10902133, hole_card: ['S8', 'C9']
"b10902022" declared "fold:0"
"['b10902133']" won the round 4 (stack = {'b10902022': 960, 'b10902133': 1040})
community cards of this round: ['H9', 'CQ', 'HT', 'H5', 'DT']
name: b10902022, hole_card: ['S4', 'DK']
name: b10902133, hole_card: ['C9', 'C4']
Started the round 5
Street "preflop" started. (community card = [])
name: b10902022, hole_card: ['S4', 'DK']
name: b10902133, hole_card: ['C9', 'C4']
"b10902133" declared "raise:15"
name: b10902022, hole_card: ['S4', 'DK']
name: b10902133, hole_card: ['C9', 'C4']
"b10902022" declared "fold:0"
"['b10902133']" won the round 5 (stack = {'b10902022': 950, 'b10902133': 1050})
community cards of this round: ['DJ', 'DA', 'SK', 'C6', 'D3']
name: b10902022, hole_card: ['D2', 'S6']
name: b10902133, hole_card: ['H8', 'D5']
Started the round 6
Street "preflop" started. (community card = [])
name: b10902022, hole_card: ['D2', 'S6']
name: b10902133, hole_card: ['H8', 'D5']
"b10902022" declared "call:10"
name: b10902022, hole_card: ['D2', 'S6']
name: b10902133, hole_card: ['H8', 'D5']
"b10902133" declared "raise:15"
name: b10902022, hole_card: ['D2', 'S6']
name: b10902133, hole_card: ['H8', 'D5']
"b10902022" declared "fold:0"
"['b10902133']" won the round 6 (stack = {'b10902022': 940, 'b10902133': 1060})
community cards of this round: ['C6', 'SK', 'SJ', 'H2', 'S4']
name: b10902022, hole_card: ['D3', 'HA']
name: b10902133, hole_card: ['C2', 'D4']
Started the round 7
Street "preflop" started. (community card = [])
name: b10902022, hole_card: ['D3', 'HA']
name: b10902133, hole_card: ['C2', 'D4']
"b10902133" declared "raise:15"
name: b10902022, hole_card: ['D3', 'HA']
name: b10902133, hole_card: ['C2', 'D4']
"b10902022" declared "call:15"
Street "flop" started. (community card = ['C6', 'SK', 'SJ'])
name: b10902022, hole_card: ['D3', 'HA']
name: b10902133, hole_card: ['C2', 'D4']
"b10902133" declared "fold:0"
"['b10902022']" won the round 7 (stack = {'b10902022': 955, 'b10902133': 1045})
community cards of this round: ['DK', 'H8', 'CQ', 'D7', 'HQ']
name: b10902022, hole_card: ['H6', 'S7']
name: b10902133, hole_card: ['DQ', 'CA']
Started the round 8
Street "preflop" started. (community card = [])
name: b10902022, hole_card: ['H6', 'S7']
name: b10902133, hole_card: ['DQ', 'CA']
"b10902022" declared "call:10"
name: b10902022, hole_card: ['H6', 'S7']
name: b10902133, hole_card: ['DQ', 'CA']
"b10902133" declared "raise:15"
name: b10902022, hole_card: ['H6', 'S7']
name: b10902133, hole_card: ['DQ', 'CA']
"b10902022" declared "fold:0"
"['b10902133']" won the round 8 (stack = {'b10902022': 945, 'b10902133': 1055})
community cards of this round: ['CA', 'S6', 'H6', 'C7', 'C8']
name: b10902022, hole_card: ['D5', 'SJ']
name: b10902133, hole_card: ['H8', 'DQ']
Started the round 9
Street "preflop" started. (community card = [])
name: b10902022, hole_card: ['D5', 'SJ']
name: b10902133, hole_card: ['H8', 'DQ']
"b10902133" declared "raise:15"
name: b10902022, hole_card: ['D5', 'SJ']
name: b10902133, hole_card: ['H8', 'DQ']
"b10902022" declared "fold:0"
"['b10902133']" won the round 9 (stack = {'b10902022': 935, 'b10902133': 1065})
community cards of this round: ['CJ', 'CT', 'C9', 'CK', 'S9']
name: b10902022, hole_card: ['D4', 'S7']
name: b10902133, hole_card: ['D7', 'HJ']
Started the round 10
Street "preflop" started. (community card = [])
name: b10902022, hole_card: ['D4', 'S7']
name: b10902133, hole_card: ['D7', 'HJ']
"b10902022" declared "fold:0"
"['b10902133']" won the round 10 (stack = {'b10902022': 930, 'b10902133': 1070})
community cards of this round: ['DA', 'HQ', 'D5', 'C3', 'C6']
name: b10902022, hole_card: ['CT', 'DJ']
name: b10902133, hole_card: ['D4', 'HJ']
Started the round 11
Street "preflop" started. (community card = [])
name: b10902022, hole_card: ['CT', 'DJ']
name: b10902133, hole_card: ['D4', 'HJ']
"b10902133" declared "raise:15"
name: b10902022, hole_card: ['CT', 'DJ']
name: b10902133, hole_card: ['D4', 'HJ']
"b10902022" declared "raise:121"
name: b10902022, hole_card: ['CT', 'DJ']
name: b10902133, hole_card: ['D4', 'HJ']
"b10902133" declared "call:121"
Street "flop" started. (community card = ['DA', 'HQ', 'D5'])
name: b10902022, hole_card: ['CT', 'DJ']
name: b10902133, hole_card: ['D4', 'HJ']
"b10902133" declared "raise:10"
name: b10902022, hole_card: ['CT', 'DJ']
name: b10902133, hole_card: ['D4', 'HJ']
"b10902022" declared "raise:20"
name: b10902022, hole_card: ['CT', 'DJ']
name: b10902133, hole_card: ['D4', 'HJ']
"b10902133" declared "raise:30"
name: b10902022, hole_card: ['CT', 'DJ']
name: b10902133, hole_card: ['D4', 'HJ']
"b10902022" declared "raise:40"
name: b10902022, hole_card: ['CT', 'DJ']
name: b10902133, hole_card: ['D4', 'HJ']
"b10902133" declared "call:40"
Street "turn" started. (community card = ['DA', 'HQ', 'D5', 'C3'])
name: b10902022, hole_card: ['CT', 'DJ']
name: b10902133, hole_card: ['D4', 'HJ']
"b10902133" declared "raise:10"
name: b10902022, hole_card: ['CT', 'DJ']
name: b10902133, hole_card: ['D4', 'HJ']
"b10902022" declared "call:10"
Street "river" started. (community card = ['DA', 'HQ', 'D5', 'C3', 'C6'])
name: b10902022, hole_card: ['CT', 'DJ']
name: b10902133, hole_card: ['D4', 'HJ']
"b10902133" declared "raise:10"
name: b10902022, hole_card: ['CT', 'DJ']
name: b10902133, hole_card: ['D4', 'HJ']
"b10902022" declared "call:10"
"['b10902022']" won the round 11 (stack = {'b10902022': 1111, 'b10902133': 889})
community cards of this round: ['CK', 'CT', 'H2', 'HT', 'SJ']
name: b10902022, hole_card: ['C9', 'C7']
name: b10902133, hole_card: ['HJ', 'D5']
Started the round 12
Street "preflop" started. (community card = [])
name: b10902022, hole_card: ['C9', 'C7']
name: b10902133, hole_card: ['HJ', 'D5']
"b10902022" declared "fold:0"
"['b10902133']" won the round 12 (stack = {'b10902022': 1106, 'b10902133': 894})
community cards of this round: ['CT', 'C5', 'SK', 'CK', 'CQ']
name: b10902022, hole_card: ['C4', 'S9']
name: b10902133, hole_card: ['S5', 'H9']
Started the round 13
Street "preflop" started. (community card = [])
name: b10902022, hole_card: ['C4', 'S9']
name: b10902133, hole_card: ['S5', 'H9']
"b10902133" declared "raise:15"
name: b10902022, hole_card: ['C4', 'S9']
name: b10902133, hole_card: ['S5', 'H9']
"b10902022" declared "fold:0"
"['b10902133']" won the round 13 (stack = {'b10902022': 1096, 'b10902133': 904})
community cards of this round: ['CK', 'H5', 'DJ', 'HJ', 'D2']
name: b10902022, hole_card: ['CQ', 'C7']
name: b10902133, hole_card: ['D9', 'S6']
Started the round 14
Street "preflop" started. (community card = [])
name: b10902022, hole_card: ['CQ', 'C7']
name: b10902133, hole_card: ['D9', 'S6']
"b10902022" declared "fold:0"
"['b10902133']" won the round 14 (stack = {'b10902022': 1091, 'b10902133': 909})
community cards of this round: ['CT', 'H4', 'D2', 'H8', 'D7']
name: b10902022, hole_card: ['D3', 'C2']
name: b10902133, hole_card: ['D6', 'H3']
Started the round 15
Street "preflop" started. (community card = [])
name: b10902022, hole_card: ['D3', 'C2']
name: b10902133, hole_card: ['D6', 'H3']
"b10902133" declared "raise:15"
name: b10902022, hole_card: ['D3', 'C2']
name: b10902133, hole_card: ['D6', 'H3']
"b10902022" declared "fold:0"
"['b10902133']" won the round 15 (stack = {'b10902022': 1081, 'b10902133': 919})
community cards of this round: ['H8', 'DQ', 'DJ', 'SA', 'D2']
name: b10902022, hole_card: ['D6', 'SJ']
name: b10902133, hole_card: ['DA', 'HQ']
Started the round 16
Street "preflop" started. (community card = [])
name: b10902022, hole_card: ['D6', 'SJ']
name: b10902133, hole_card: ['DA', 'HQ']
"b10902022" declared "fold:0"
"['b10902133']" won the round 16 (stack = {'b10902022': 1076, 'b10902133': 924})
community cards of this round: ['CQ', 'C9', 'D7', 'ST', 'H8']
name: b10902022, hole_card: ['H5', 'S6']
name: b10902133, hole_card: ['C3', 'C2']
Started the round 17
Street "preflop" started. (community card = [])
name: b10902022, hole_card: ['H5', 'S6']
name: b10902133, hole_card: ['C3', 'C2']
"b10902133" declared "raise:15"
name: b10902022, hole_card: ['H5', 'S6']
name: b10902133, hole_card: ['C3', 'C2']
"b10902022" declared "fold:0"
"['b10902133']" won the round 17 (stack = {'b10902022': 1066, 'b10902133': 934})
community cards of this round: ['C4', 'S7', 'H9', 'S5', 'HA']
name: b10902022, hole_card: ['DT', 'H7']
name: b10902133, hole_card: ['S4', 'H4']
Started the round 18
Street "preflop" started. (community card = [])
name: b10902022, hole_card: ['DT', 'H7']
name: b10902133, hole_card: ['S4', 'H4']
"b10902022" declared "fold:0"
"['b10902133']" won the round 18 (stack = {'b10902022': 1061, 'b10902133': 939})
community cards of this round: ['HA', 'D9', 'C9', 'CK', 'S2']
name: b10902022, hole_card: ['C2', 'C6']
name: b10902133, hole_card: ['H9', 'D5']
Started the round 19
Street "preflop" started. (community card = [])
name: b10902022, hole_card: ['C2', 'C6']
name: b10902133, hole_card: ['H9', 'D5']
"b10902133" declared "raise:15"
name: b10902022, hole_card: ['C2', 'C6']
name: b10902133, hole_card: ['H9', 'D5']
"b10902022" declared "fold:0"
"['b10902133']" won the round 19 (stack = {'b10902022': 1051, 'b10902133': 949})
community cards of this round: ['DT', 'S8', 'D9', 'CT', 'H5']
name: b10902022, hole_card: ['SJ', 'CA']
name: b10902133, hole_card: ['HK', 'H8']
Started the round 20
Street "preflop" started. (community card = [])
name: b10902022, hole_card: ['SJ', 'CA']
name: b10902133, hole_card: ['HK', 'H8']
"b10902022" declared "fold:0"
"['b10902133']" won the round 20 (stack = {'b10902022': 1046, 'b10902133': 954})
b10902022 vs b10902133 - Game 4: {'rule': {'initial_stack': 1000, 'max_round': 20, 'small_blind_amount': 5, 'ante': 0, 'blind_structure': {}}, 'players': [{'name': 'b10902022', 'uuid': 'omjijusagcuaznhrpuqtai', 'stack': 1046, 'state': 'participating'}, {'name': 'b10902133', 'uuid': 'ulkzicsuwjlyalqejxzxkc', 'stack': 954, 'state': 'participating'}]}
community cards of this round: ['H2', 'C3', 'CT', 'DQ', 'C2']
name: b10902133, hole_card: ['SK', 'D7']
name: b10902022, hole_card: ['D6', 'DK']
Started the round 1
Street "preflop" started. (community card = [])
name: b10902133, hole_card: ['SK', 'D7']
name: b10902022, hole_card: ['D6', 'DK']
"b10902022" declared "call:10"
name: b10902133, hole_card: ['SK', 'D7']
name: b10902022, hole_card: ['D6', 'DK']
"b10902133" declared "raise:15"
name: b10902133, hole_card: ['SK', 'D7']
name: b10902022, hole_card: ['D6', 'DK']
"b10902022" declared "call:15"
Street "flop" started. (community card = ['H2', 'C3', 'CT'])
name: b10902133, hole_card: ['SK', 'D7']
name: b10902022, hole_card: ['D6', 'DK']
"b10902022" declared "call:0"
name: b10902133, hole_card: ['SK', 'D7']
name: b10902022, hole_card: ['D6', 'DK']
"b10902133" declared "raise:10"
name: b10902133, hole_card: ['SK', 'D7']
name: b10902022, hole_card: ['D6', 'DK']
"b10902022" declared "call:10"
Street "turn" started. (community card = ['H2', 'C3', 'CT', 'DQ'])
name: b10902133, hole_card: ['SK', 'D7']
name: b10902022, hole_card: ['D6', 'DK']
"b10902022" declared "call:0"
name: b10902133, hole_card: ['SK', 'D7']
name: b10902022, hole_card: ['D6', 'DK']
"b10902133" declared "raise:10"
name: b10902133, hole_card: ['SK', 'D7']
name: b10902022, hole_card: ['D6', 'DK']
"b10902022" declared "call:10"
Street "river" started. (community card = ['H2', 'C3', 'CT', 'DQ', 'C2'])
name: b10902133, hole_card: ['SK', 'D7']
name: b10902022, hole_card: ['D6', 'DK']
"b10902022" declared "call:0"
name: b10902133, hole_card: ['SK', 'D7']
name: b10902022, hole_card: ['D6', 'DK']
"b10902133" declared "raise:10"
name: b10902133, hole_card: ['SK', 'D7']
name: b10902022, hole_card: ['D6', 'DK']
"b10902022" declared "call:10"
"['b10902133']" won the round 1 (stack = {'b10902133': 1045, 'b10902022': 955})
community cards of this round: ['S3', 'DJ', 'S5', 'HK', 'C6']
name: b10902133, hole_card: ['CK', 'H6']
name: b10902022, hole_card: ['CT', 'SJ']
Started the round 2
Street "preflop" started. (community card = [])
name: b10902133, hole_card: ['CK', 'H6']
name: b10902022, hole_card: ['CT', 'SJ']
"b10902133" declared "raise:15"
name: b10902133, hole_card: ['CK', 'H6']
name: b10902022, hole_card: ['CT', 'SJ']
"b10902022" declared "raise:20"
name: b10902133, hole_card: ['CK', 'H6']
name: b10902022, hole_card: ['CT', 'SJ']
"b10902133" declared "raise:25"
name: b10902133, hole_card: ['CK', 'H6']
name: b10902022, hole_card: ['CT', 'SJ']
"b10902022" declared "raise:30"
name: b10902133, hole_card: ['CK', 'H6']
name: b10902022, hole_card: ['CT', 'SJ']
"b10902133" declared "raise:35"
name: b10902133, hole_card: ['CK', 'H6']
name: b10902022, hole_card: ['CT', 'SJ']
"b10902022" declared "raise:40"
name: b10902133, hole_card: ['CK', 'H6']
name: b10902022, hole_card: ['CT', 'SJ']
"b10902133" declared "call:40"
Street "flop" started. (community card = ['S3', 'DJ', 'S5'])
name: b10902133, hole_card: ['CK', 'H6']
name: b10902022, hole_card: ['CT', 'SJ']
"b10902133" declared "raise:10"
name: b10902133, hole_card: ['CK', 'H6']
name: b10902022, hole_card: ['CT', 'SJ']
"b10902022" declared "raise:25"
name: b10902133, hole_card: ['CK', 'H6']
name: b10902022, hole_card: ['CT', 'SJ']
"b10902133" declared "raise:40"
name: b10902133, hole_card: ['CK', 'H6']
name: b10902022, hole_card: ['CT', 'SJ']
"b10902022" declared "fold:0"
"['b10902133']" won the round 2 (stack = {'b10902133': 1110, 'b10902022': 890})
community cards of this round: ['ST', 'C4', 'DJ', 'DQ', 'D6']
name: b10902133, hole_card: ['CQ', 'SA']
name: b10902022, hole_card: ['D2', 'S5']
Started the round 3
Street "preflop" started. (community card = [])
name: b10902133, hole_card: ['CQ', 'SA']
name: b10902022, hole_card: ['D2', 'S5']
"b10902022" declared "call:10"
name: b10902133, hole_card: ['CQ', 'SA']
name: b10902022, hole_card: ['D2', 'S5']
"b10902133" declared "raise:15"
name: b10902133, hole_card: ['CQ', 'SA']
name: b10902022, hole_card: ['D2', 'S5']
"b10902022" declared "fold:0"
"['b10902133']" won the round 3 (stack = {'b10902133': 1120, 'b10902022': 880})
community cards of this round: ['DJ', 'H4', 'HT', 'D5', 'C9']
name: b10902133, hole_card: ['S9', 'H3']
name: b10902022, hole_card: ['D4', 'C7']
Started the round 4
Street "preflop" started. (community card = [])
name: b10902133, hole_card: ['S9', 'H3']
name: b10902022, hole_card: ['D4', 'C7']
"b10902133" declared "raise:15"
name: b10902133, hole_card: ['S9', 'H3']
name: b10902022, hole_card: ['D4', 'C7']
"b10902022" declared "call:15"
Street "flop" started. (community card = ['DJ', 'H4', 'HT'])
name: b10902133, hole_card: ['S9', 'H3']
name: b10902022, hole_card: ['D4', 'C7']
"b10902133" declared "fold:0"
"['b10902022']" won the round 4 (stack = {'b10902133': 1105, 'b10902022': 895})
community cards of this round: ['C8', 'H7', 'C6', 'H4', 'S3']
name: b10902133, hole_card: ['D8', 'HJ']
name: b10902022, hole_card: ['CT', 'C9']
Started the round 5
Street "preflop" started. (community card = [])
name: b10902133, hole_card: ['D8', 'HJ']
name: b10902022, hole_card: ['CT', 'C9']
"b10902022" declared "fold:0"
"['b10902133']" won the round 5 (stack = {'b10902133': 1110, 'b10902022': 890})
community cards of this round: ['CJ', 'SJ', 'C3', 'D5', 'C8']
name: b10902133, hole_card: ['D4', 'H4']
name: b10902022, hole_card: ['C7', 'S3']
Started the round 6
Street "preflop" started. (community card = [])
name: b10902133, hole_card: ['D4', 'H4']
name: b10902022, hole_card: ['C7', 'S3']
"b10902133" declared "raise:15"
name: b10902133, hole_card: ['D4', 'H4']
name: b10902022, hole_card: ['C7', 'S3']
"b10902022" declared "call:15"
Street "flop" started. (community card = ['CJ', 'SJ', 'C3'])
name: b10902133, hole_card: ['D4', 'H4']
name: b10902022, hole_card: ['C7', 'S3']
"b10902133" declared "raise:460.275"
name: b10902133, hole_card: ['D4', 'H4']
name: b10902022, hole_card: ['C7', 'S3']
/home/ubitus03/miniconda3/envs/poker/lib/python3.8/site-packages/torch/cuda/__init__.py:118: UserWarning: CUDA initialization: CUDA driver initialization failed, you might not have a CUDA gpu. (Triggered internally at ../c10/cuda/CUDAFunctions.cpp:108.)
  return torch._C._cuda_getDeviceCount() > 0
/home/ubitus03/miniconda3/envs/poker/lib/python3.8/site-packages/torch/cuda/__init__.py:619: UserWarning: Can't initialize NVML
  warnings.warn("Can't initialize NVML")
"b10902022" declared "call:460.275"
Street "turn" started. (community card = ['CJ', 'SJ', 'C3', 'D5'])
name: b10902133, hole_card: ['D4', 'H4']
name: b10902022, hole_card: ['C7', 'S3']
"b10902133" declared "raise:397.32950000000005"
name: b10902133, hole_card: ['D4', 'H4']
name: b10902022, hole_card: ['C7', 'S3']
"b10902022" declared "call:397.32950000000005"
Street "river" started. (community card = ['CJ', 'SJ', 'C3', 'D5', 'C8'])
name: b10902133, hole_card: ['D4', 'H4']
name: b10902022, hole_card: ['C7', 'S3']
"b10902133" declared "raise:161.78649625"
name: b10902133, hole_card: ['D4', 'H4']
name: b10902022, hole_card: ['C7', 'S3']
"b10902022" declared "call:161.78649625"
"['b10902133']" won the round 6 (stack = {'b10902133': 1999.60900375, 'b10902022': 0.0})
b10902022 vs b10902133 - Game 5: {'rule': {'initial_stack': 1000, 'max_round': 20, 'small_blind_amount': 5, 'ante': 0, 'blind_structure': {}}, 'players': [{'name': 'b10902133', 'uuid': 'tvxsmdcdsxdbqcdllzwccj', 'stack': 1999.60900375, 'state': 'participating'}, {'name': 'b10902022', 'uuid': 'bzotuqihefjdpbkhruupyy', 'stack': 0, 'state': 'folded'}]}
Final Result: b10902022 won 4 games (stack: 4741.1028121), b10902133 won 1 games (stack: 5256.50986085), num ties: 0
