community cards of this round: ['C8', 'D2', 'S3', 'H2', 'HJ']
name: b10902068, hole_card: ['C3', 'SQ']
name: b10902101, hole_card: ['D6', 'D3']
Started the round 1
Street "preflop" started. (community card = [])
name: b10902068, hole_card: ['C3', 'SQ']
name: b10902101, hole_card: ['D6', 'D3']
"b10902101" declared "fold:0"
"['b10902068']" won the round 1 (stack = {'b10902068': 1005, 'b10902101': 995})
community cards of this round: ['SQ', 'S3', 'C9', 'DA', 'CQ']
name: b10902068, hole_card: ['HQ', 'C8']
name: b10902101, hole_card: ['DQ', 'HJ']
Started the round 2
Street "preflop" started. (community card = [])
name: b10902068, hole_card: ['HQ', 'C8']
name: b10902101, hole_card: ['DQ', 'HJ']
"b10902068" declared "raise:60.0"
name: b10902068, hole_card: ['HQ', 'C8']
name: b10902101, hole_card: ['DQ', 'HJ']
"b10902101" declared "raise:110.0"
name: b10902068, hole_card: ['HQ', 'C8']
name: b10902101, hole_card: ['DQ', 'HJ']
"b10902068" declared "raise:160.0"
name: b10902068, hole_card: ['HQ', 'C8']
name: b10902101, hole_card: ['DQ', 'HJ']
"b10902101" declared "raise:210.0"
name: b10902068, hole_card: ['HQ', 'C8']
name: b10902101, hole_card: ['DQ', 'HJ']
"b10902068" declared "call:210.0"
Street "flop" started. (community card = ['SQ', 'S3', 'C9'])
name: b10902068, hole_card: ['HQ', 'C8']
name: b10902101, hole_card: ['DQ', 'HJ']
"b10902068" declared "call:0"
name: b10902068, hole_card: ['HQ', 'C8']
name: b10902101, hole_card: ['DQ', 'HJ']
"b10902101" declared "call:0"
Street "turn" started. (community card = ['SQ', 'S3', 'C9', 'DA'])
name: b10902068, hole_card: ['HQ', 'C8']
name: b10902101, hole_card: ['DQ', 'HJ']
"b10902068" declared "call:0"
name: b10902068, hole_card: ['HQ', 'C8']
name: b10902101, hole_card: ['DQ', 'HJ']
"b10902101" declared "call:0"
Street "river" started. (community card = ['SQ', 'S3', 'C9', 'DA', 'CQ'])
name: b10902068, hole_card: ['HQ', 'C8']
name: b10902101, hole_card: ['DQ', 'HJ']
"b10902068" declared "call:0"
name: b10902068, hole_card: ['HQ', 'C8']
name: b10902101, hole_card: ['DQ', 'HJ']
"b10902101" declared "call:0"
"['b10902101']" won the round 2 (stack = {'b10902068': 795.0, 'b10902101': 1205.0})
community cards of this round: ['HJ', 'CT', 'SJ', 'SK', 'C3']
name: b10902068, hole_card: ['D6', 'D5']
name: b10902101, hole_card: ['C2', 'ST']
Started the round 3
Street "preflop" started. (community card = [])
name: b10902068, hole_card: ['D6', 'D5']
name: b10902101, hole_card: ['C2', 'ST']
"b10902101" declared "fold:0"
"['b10902068']" won the round 3 (stack = {'b10902068': 800.0, 'b10902101': 1200.0})
community cards of this round: ['HA', 'D6', 'H2', 'S3', 'SJ']
name: b10902068, hole_card: ['HJ', 'ST']
name: b10902101, hole_card: ['H8', 'D5']
Started the round 4
Street "preflop" started. (community card = [])
name: b10902068, hole_card: ['HJ', 'ST']
name: b10902101, hole_card: ['H8', 'D5']
"b10902068" declared "raise:136.0"
name: b10902068, hole_card: ['HJ', 'ST']
name: b10902101, hole_card: ['H8', 'D5']
"b10902101" declared "fold:0"
"['b10902068']" won the round 4 (stack = {'b10902068': 810.0, 'b10902101': 1190.0})
community cards of this round: ['D8', 'SQ', 'C3', 'C6', 'H3']
name: b10902068, hole_card: ['SK', 'D3']
name: b10902101, hole_card: ['SJ', 'C9']
Started the round 5
Street "preflop" started. (community card = [])
name: b10902068, hole_card: ['SK', 'D3']
name: b10902101, hole_card: ['SJ', 'C9']
"b10902101" declared "fold:0"
"['b10902068']" won the round 5 (stack = {'b10902068': 815.0, 'b10902101': 1185.0})
community cards of this round: ['SA', 'SQ', 'DT', 'S9', 'CJ']
name: b10902068, hole_card: ['D9', 'D5']
name: b10902101, hole_card: ['H6', 'HK']
Started the round 6
Street "preflop" started. (community card = [])
name: b10902068, hole_card: ['D9', 'D5']
name: b10902101, hole_card: ['H6', 'HK']
"b10902068" declared "call:10"
name: b10902068, hole_card: ['D9', 'D5']
name: b10902101, hole_card: ['H6', 'HK']
"b10902101" declared "fold:0"
"['b10902068']" won the round 6 (stack = {'b10902068': 825.0, 'b10902101': 1175.0})
community cards of this round: ['D5', 'SK', 'H4', 'S3', 'CA']
name: b10902068, hole_card: ['D8', 'CJ']
name: b10902101, hole_card: ['S7', 'C5']
Started the round 7
Street "preflop" started. (community card = [])
name: b10902068, hole_card: ['D8', 'CJ']
name: b10902101, hole_card: ['S7', 'C5']
"b10902101" declared "fold:0"
"['b10902068']" won the round 7 (stack = {'b10902068': 830.0, 'b10902101': 1170.0})
community cards of this round: ['S9', 'S3', 'H9', 'C6', 'H8']
name: b10902068, hole_card: ['D4', 'H5']
name: b10902101, hole_card: ['D5', 'DQ']
Started the round 8
Street "preflop" started. (community card = [])
name: b10902068, hole_card: ['D4', 'H5']
name: b10902101, hole_card: ['D5', 'DQ']
"b10902068" declared "call:10"
name: b10902068, hole_card: ['D4', 'H5']
name: b10902101, hole_card: ['D5', 'DQ']
"b10902101" declared "fold:0"
"['b10902068']" won the round 8 (stack = {'b10902068': 840.0, 'b10902101': 1160.0})
community cards of this round: ['H3', 'S9', 'S2', 'D6', 'HK']
name: b10902068, hole_card: ['H7', 'C8']
name: b10902101, hole_card: ['CA', 'C5']
Started the round 9
Street "preflop" started. (community card = [])
name: b10902068, hole_card: ['H7', 'C8']
name: b10902101, hole_card: ['CA', 'C5']
"b10902101" declared "fold:0"
"['b10902068']" won the round 9 (stack = {'b10902068': 845.0, 'b10902101': 1155.0})
community cards of this round: ['D6', 'SJ', 'ST', 'CT', 'DT']
name: b10902068, hole_card: ['S5', 'S9']
name: b10902101, hole_card: ['DK', 'HA']
Started the round 10
Street "preflop" started. (community card = [])
name: b10902068, hole_card: ['S5', 'S9']
name: b10902101, hole_card: ['DK', 'HA']
"b10902068" declared "call:10"
name: b10902068, hole_card: ['S5', 'S9']
name: b10902101, hole_card: ['DK', 'HA']
"b10902101" declared "fold:0"
"['b10902068']" won the round 10 (stack = {'b10902068': 855.0, 'b10902101': 1145.0})
community cards of this round: ['D4', 'H9', 'SQ', 'ST', 'HQ']
name: b10902068, hole_card: ['S7', 'SK']
name: b10902101, hole_card: ['DJ', 'H3']
Started the round 11
Street "preflop" started. (community card = [])
name: b10902068, hole_card: ['S7', 'SK']
name: b10902101, hole_card: ['DJ', 'H3']
"b10902101" declared "fold:0"
"['b10902068']" won the round 11 (stack = {'b10902068': 860.0, 'b10902101': 1140.0})
community cards of this round: ['HT', 'HQ', 'HA', 'S6', 'H5']
name: b10902068, hole_card: ['CJ', 'SA']
name: b10902101, hole_card: ['DT', 'C3']
Started the round 12
Street "preflop" started. (community card = [])
name: b10902068, hole_card: ['CJ', 'SA']
name: b10902101, hole_card: ['DT', 'C3']
"b10902068" declared "raise:88.0"
name: b10902068, hole_card: ['CJ', 'SA']
name: b10902101, hole_card: ['DT', 'C3']
"b10902101" declared "fold:0"
"['b10902068']" won the round 12 (stack = {'b10902068': 870.0, 'b10902101': 1130.0})
community cards of this round: ['C9', 'D5', 'CJ', 'CT', 'HQ']
name: b10902068, hole_card: ['S9', 'C6']
name: b10902101, hole_card: ['D3', 'S5']
Started the round 13
Street "preflop" started. (community card = [])
name: b10902068, hole_card: ['S9', 'C6']
name: b10902101, hole_card: ['D3', 'S5']
"b10902101" declared "fold:0"
"['b10902068']" won the round 13 (stack = {'b10902068': 875.0, 'b10902101': 1125.0})
community cards of this round: ['CA', 'S9', 'C8', 'H3', 'C4']
name: b10902068, hole_card: ['H9', 'DJ']
name: b10902101, hole_card: ['DT', 'SJ']
Started the round 14
Street "preflop" started. (community card = [])
name: b10902068, hole_card: ['H9', 'DJ']
name: b10902101, hole_card: ['DT', 'SJ']
"b10902068" declared "raise:76.0"
name: b10902068, hole_card: ['H9', 'DJ']
name: b10902101, hole_card: ['DT', 'SJ']
"b10902101" declared "fold:0"
"['b10902068']" won the round 14 (stack = {'b10902068': 885.0, 'b10902101': 1115.0})
community cards of this round: ['H6', 'C7', 'C4', 'D7', 'CA']
name: b10902068, hole_card: ['S2', 'CT']
name: b10902101, hole_card: ['HT', 'S5']
Started the round 15
Street "preflop" started. (community card = [])
name: b10902068, hole_card: ['S2', 'CT']
name: b10902101, hole_card: ['HT', 'S5']
"b10902101" declared "fold:0"
"['b10902068']" won the round 15 (stack = {'b10902068': 890.0, 'b10902101': 1110.0})
community cards of this round: ['CJ', 'H4', 'D8', 'H6', 'S7']
name: b10902068, hole_card: ['HK', 'S6']
name: b10902101, hole_card: ['S3', 'H2']
Started the round 16
Street "preflop" started. (community card = [])
name: b10902068, hole_card: ['HK', 'S6']
name: b10902101, hole_card: ['S3', 'H2']
"b10902068" declared "raise:64.0"
name: b10902068, hole_card: ['HK', 'S6']
name: b10902101, hole_card: ['S3', 'H2']
"b10902101" declared "fold:0"
"['b10902068']" won the round 16 (stack = {'b10902068': 900.0, 'b10902101': 1100.0})
community cards of this round: ['H7', 'H6', 'DJ', 'D4', 'HJ']
name: b10902068, hole_card: ['H4', 'C6']
name: b10902101, hole_card: ['CK', 'S5']
Started the round 17
Street "preflop" started. (community card = [])
name: b10902068, hole_card: ['H4', 'C6']
name: b10902101, hole_card: ['CK', 'S5']
"b10902101" declared "fold:0"
"['b10902068']" won the round 17 (stack = {'b10902068': 905.0, 'b10902101': 1095.0})
community cards of this round: ['HQ', 'C8', 'HT', 'DJ', 'HA']
name: b10902068, hole_card: ['SK', 'D2']
name: b10902101, hole_card: ['C4', 'DK']
Started the round 18
Street "preflop" started. (community card = [])
name: b10902068, hole_card: ['SK', 'D2']
name: b10902101, hole_card: ['C4', 'DK']
"b10902068" declared "raise:52.0"
name: b10902068, hole_card: ['SK', 'D2']
name: b10902101, hole_card: ['C4', 'DK']
"b10902101" declared "fold:0"
"['b10902068']" won the round 18 (stack = {'b10902068': 915.0, 'b10902101': 1085.0})
community cards of this round: ['S4', 'CK', 'DQ', 'DK', 'C5']
name: b10902068, hole_card: ['S6', 'D6']
name: b10902101, hole_card: ['H8', 'DA']
Started the round 19
Street "preflop" started. (community card = [])
name: b10902068, hole_card: ['S6', 'D6']
name: b10902101, hole_card: ['H8', 'DA']
"b10902101" declared "fold:0"
"['b10902068']" won the round 19 (stack = {'b10902068': 920.0, 'b10902101': 1080.0})
community cards of this round: ['D9', 'ST', 'C7', 'D8', 'H7']
name: b10902068, hole_card: ['CK', 'S9']
name: b10902101, hole_card: ['SK', 'H8']
Started the round 20
Street "preflop" started. (community card = [])
name: b10902068, hole_card: ['CK', 'S9']
name: b10902101, hole_card: ['SK', 'H8']
"b10902068" declared "raise:40.0"
name: b10902068, hole_card: ['CK', 'S9']
name: b10902101, hole_card: ['SK', 'H8']
"b10902101" declared "fold:0"
"['b10902068']" won the round 20 (stack = {'b10902068': 930.0, 'b10902101': 1070.0})
b10902101 vs b10902068 - Game 1: {'rule': {'initial_stack': 1000, 'max_round': 20, 'small_blind_amount': 5, 'ante': 0, 'blind_structure': {}}, 'players': [{'name': 'b10902068', 'uuid': 'lzrmbivcxazqguxydoarfs', 'stack': 930.0, 'state': 'participating'}, {'name': 'b10902101', 'uuid': 'xggykdozpvfcsaccofpphv', 'stack': 1070.0, 'state': 'participating'}]}
community cards of this round: ['C8', 'D2', 'S3', 'H2', 'HJ']
name: b10902101, hole_card: ['C3', 'SQ']
name: b10902068, hole_card: ['D6', 'D3']
Started the round 1
Street "preflop" started. (community card = [])
name: b10902101, hole_card: ['C3', 'SQ']
name: b10902068, hole_card: ['D6', 'D3']
"b10902068" declared "call:10"
name: b10902101, hole_card: ['C3', 'SQ']
name: b10902068, hole_card: ['D6', 'D3']
"b10902101" declared "raise:15"
name: b10902101, hole_card: ['C3', 'SQ']
name: b10902068, hole_card: ['D6', 'D3']
"b10902068" declared "call:15"
Street "flop" started. (community card = ['C8', 'D2', 'S3'])
name: b10902101, hole_card: ['C3', 'SQ']
name: b10902068, hole_card: ['D6', 'D3']
"b10902068" declared "raise:106.0"
name: b10902101, hole_card: ['C3', 'SQ']
name: b10902068, hole_card: ['D6', 'D3']
"b10902101" declared "fold:0"
"['b10902068']" won the round 1 (stack = {'b10902101': 985, 'b10902068': 1015.0})
community cards of this round: ['SQ', 'S3', 'C9', 'DA', 'CQ']
name: b10902101, hole_card: ['HQ', 'C8']
name: b10902068, hole_card: ['DQ', 'HJ']
Started the round 2
Street "preflop" started. (community card = [])
name: b10902101, hole_card: ['HQ', 'C8']
name: b10902068, hole_card: ['DQ', 'HJ']
"b10902101" declared "raise:20"
name: b10902101, hole_card: ['HQ', 'C8']
name: b10902068, hole_card: ['DQ', 'HJ']
"b10902068" declared "raise:61.0"
name: b10902101, hole_card: ['HQ', 'C8']
name: b10902068, hole_card: ['DQ', 'HJ']
"b10902101" declared "fold:0"
"['b10902068']" won the round 2 (stack = {'b10902101': 965, 'b10902068': 1035.0})
community cards of this round: ['HJ', 'CT', 'SJ', 'SK', 'C3']
name: b10902101, hole_card: ['D6', 'D5']
name: b10902068, hole_card: ['C2', 'ST']
Started the round 3
Street "preflop" started. (community card = [])
name: b10902101, hole_card: ['D6', 'D5']
name: b10902068, hole_card: ['C2', 'ST']
"b10902068" declared "call:10"
name: b10902101, hole_card: ['D6', 'D5']
name: b10902068, hole_card: ['C2', 'ST']
"b10902101" declared "raise:18.75"
name: b10902101, hole_card: ['D6', 'D5']
name: b10902068, hole_card: ['C2', 'ST']
"b10902068" declared "raise:50.25"
name: b10902101, hole_card: ['D6', 'D5']
name: b10902068, hole_card: ['C2', 'ST']
"b10902101" declared "fold:0"
"['b10902068']" won the round 3 (stack = {'b10902101': 946.25, 'b10902068': 1053.75})
community cards of this round: ['HA', 'D6', 'H2', 'S3', 'SJ']
name: b10902101, hole_card: ['HJ', 'ST']
name: b10902068, hole_card: ['H8', 'D5']
Started the round 4
Street "preflop" started. (community card = [])
name: b10902101, hole_card: ['HJ', 'ST']
name: b10902068, hole_card: ['H8', 'D5']
"b10902101" declared "raise:50.0"
name: b10902101, hole_card: ['HJ', 'ST']
name: b10902068, hole_card: ['H8', 'D5']
"b10902068" declared "call:50.0"
Street "flop" started. (community card = ['HA', 'D6', 'H2'])
name: b10902101, hole_card: ['HJ', 'ST']
name: b10902068, hole_card: ['H8', 'D5']
"b10902101" declared "call:0"
name: b10902101, hole_card: ['HJ', 'ST']
name: b10902068, hole_card: ['H8', 'D5']
"b10902068" declared "raise:15.0"
name: b10902101, hole_card: ['HJ', 'ST']
name: b10902068, hole_card: ['H8', 'D5']
"b10902101" declared "fold:0"
"['b10902068']" won the round 4 (stack = {'b10902101': 896.25, 'b10902068': 1103.75})
community cards of this round: ['D8', 'SQ', 'C3', 'C6', 'H3']
name: b10902101, hole_card: ['SK', 'D3']
name: b10902068, hole_card: ['SJ', 'C9']
Started the round 5
Street "preflop" started. (community card = [])
name: b10902101, hole_card: ['SK', 'D3']
name: b10902068, hole_card: ['SJ', 'C9']
"b10902068" declared "raise:15"
name: b10902101, hole_card: ['SK', 'D3']
name: b10902068, hole_card: ['SJ', 'C9']
"b10902101" declared "raise:213.8499999999999"
name: b10902101, hole_card: ['SK', 'D3']
name: b10902068, hole_card: ['SJ', 'C9']
"b10902068" declared "call:213.8499999999999"
Street "flop" started. (community card = ['D8', 'SQ', 'C3'])
name: b10902101, hole_card: ['SK', 'D3']
name: b10902068, hole_card: ['SJ', 'C9']
"b10902068" declared "call:0"
name: b10902101, hole_card: ['SK', 'D3']
name: b10902068, hole_card: ['SJ', 'C9']
"b10902101" declared "call:0"
Street "turn" started. (community card = ['D8', 'SQ', 'C3', 'C6'])
name: b10902101, hole_card: ['SK', 'D3']
name: b10902068, hole_card: ['SJ', 'C9']
"b10902068" declared "call:0"
name: b10902101, hole_card: ['SK', 'D3']
name: b10902068, hole_card: ['SJ', 'C9']
"b10902101" declared "call:0"
Street "river" started. (community card = ['D8', 'SQ', 'C3', 'C6', 'H3'])
name: b10902101, hole_card: ['SK', 'D3']
name: b10902068, hole_card: ['SJ', 'C9']
"b10902068" declared "call:0"
name: b10902101, hole_card: ['SK', 'D3']
name: b10902068, hole_card: ['SJ', 'C9']
"b10902101" declared "call:0"
"['b10902101']" won the round 5 (stack = {'b10902101': 1109.4, 'b10902068': 889.9000000000001})
community cards of this round: ['SA', 'SQ', 'DT', 'S9', 'CJ']
name: b10902101, hole_card: ['D9', 'D5']
name: b10902068, hole_card: ['H6', 'HK']
Started the round 6
Street "preflop" started. (community card = [])
name: b10902101, hole_card: ['D9', 'D5']
name: b10902068, hole_card: ['H6', 'HK']
"b10902101" declared "fold:0"
"['b10902068']" won the round 6 (stack = {'b10902101': 1104.4, 'b10902068': 894.9000000000001})
community cards of this round: ['D5', 'SK', 'H4', 'S3', 'CA']
name: b10902101, hole_card: ['D8', 'CJ']
name: b10902068, hole_card: ['S7', 'C5']
Started the round 7
Street "preflop" started. (community card = [])
name: b10902101, hole_card: ['D8', 'CJ']
name: b10902068, hole_card: ['S7', 'C5']
"b10902068" declared "call:10"
name: b10902101, hole_card: ['D8', 'CJ']
name: b10902068, hole_card: ['S7', 'C5']
"b10902101" declared "fold:0"
"['b10902068']" won the round 7 (stack = {'b10902101': 1094.4, 'b10902068': 904.9000000000001})
community cards of this round: ['S9', 'S3', 'H9', 'C6', 'H8']
name: b10902101, hole_card: ['D4', 'H5']
name: b10902068, hole_card: ['D5', 'DQ']
Started the round 8
Street "preflop" started. (community card = [])
name: b10902101, hole_card: ['D4', 'H5']
name: b10902068, hole_card: ['D5', 'DQ']
"b10902101" declared "fold:0"
"['b10902068']" won the round 8 (stack = {'b10902101': 1089.4, 'b10902068': 909.9000000000001})
community cards of this round: ['H3', 'S9', 'S2', 'D6', 'HK']
name: b10902101, hole_card: ['H7', 'C8']
name: b10902068, hole_card: ['CA', 'C5']
Started the round 9
Street "preflop" started. (community card = [])
name: b10902101, hole_card: ['H7', 'C8']
name: b10902068, hole_card: ['CA', 'C5']
"b10902068" declared "raise:76.9"
name: b10902101, hole_card: ['H7', 'C8']
name: b10902068, hole_card: ['CA', 'C5']
"b10902101" declared "fold:0"
"['b10902068']" won the round 9 (stack = {'b10902101': 1079.4, 'b10902068': 919.0000000000001})
community cards of this round: ['D6', 'SJ', 'ST', 'CT', 'DT']
name: b10902101, hole_card: ['S5', 'S9']
name: b10902068, hole_card: ['DK', 'HA']
Started the round 10
Street "preflop" started. (community card = [])
name: b10902101, hole_card: ['S5', 'S9']
name: b10902068, hole_card: ['DK', 'HA']
"b10902101" declared "fold:0"
"['b10902068']" won the round 10 (stack = {'b10902101': 1074.4, 'b10902068': 924.0000000000001})
community cards of this round: ['D4', 'H9', 'SQ', 'ST', 'HQ']
name: b10902101, hole_card: ['S7', 'SK']
name: b10902068, hole_card: ['DJ', 'H3']
Started the round 11
Street "preflop" started. (community card = [])
name: b10902101, hole_card: ['S7', 'SK']
name: b10902068, hole_card: ['DJ', 'H3']
"b10902068" declared "raise:65.08"
name: b10902101, hole_card: ['S7', 'SK']
name: b10902068, hole_card: ['DJ', 'H3']
"b10902101" declared "fold:0"
"['b10902068']" won the round 11 (stack = {'b10902101': 1064.4, 'b10902068': 933.9200000000001})
community cards of this round: ['HT', 'HQ', 'HA', 'S6', 'H5']
name: b10902101, hole_card: ['CJ', 'SA']
name: b10902068, hole_card: ['DT', 'C3']
Started the round 12
Street "preflop" started. (community card = [])
name: b10902101, hole_card: ['CJ', 'SA']
name: b10902068, hole_card: ['DT', 'C3']
"b10902101" declared "call:10"
name: b10902101, hole_card: ['CJ', 'SA']
name: b10902068, hole_card: ['DT', 'C3']
"b10902068" declared "call:10"
Street "flop" started. (community card = ['HT', 'HQ', 'HA'])
name: b10902101, hole_card: ['CJ', 'SA']
name: b10902068, hole_card: ['DT', 'C3']
"b10902101" declared "call:0"
name: b10902101, hole_card: ['CJ', 'SA']
name: b10902068, hole_card: ['DT', 'C3']
"b10902068" declared "raise:94.19200000000001"
name: b10902101, hole_card: ['CJ', 'SA']
name: b10902068, hole_card: ['DT', 'C3']
"b10902101" declared "fold:0"
"['b10902068']" won the round 12 (stack = {'b10902101': 1054.4, 'b10902068': 943.7280000000001})
community cards of this round: ['C9', 'D5', 'CJ', 'CT', 'HQ']
name: b10902101, hole_card: ['S9', 'C6']
name: b10902068, hole_card: ['D3', 'S5']
Started the round 13
Street "preflop" started. (community card = [])
name: b10902101, hole_card: ['S9', 'C6']
name: b10902068, hole_card: ['D3', 'S5']
"b10902068" declared "call:10"
name: b10902101, hole_card: ['S9', 'C6']
name: b10902068, hole_card: ['D3', 'S5']
"b10902101" declared "fold:0"
"['b10902068']" won the round 13 (stack = {'b10902101': 1044.4, 'b10902068': 953.7280000000001})
community cards of this round: ['CA', 'S9', 'C8', 'H3', 'C4']
name: b10902101, hole_card: ['H9', 'DJ']
name: b10902068, hole_card: ['DT', 'SJ']
Started the round 14
Street "preflop" started. (community card = [])
name: b10902101, hole_card: ['H9', 'DJ']
name: b10902068, hole_card: ['DT', 'SJ']
"b10902101" declared "fold:0"
"['b10902068']" won the round 14 (stack = {'b10902101': 1039.4, 'b10902068': 958.7280000000001})
community cards of this round: ['H6', 'C7', 'C4', 'D7', 'CA']
name: b10902101, hole_card: ['S2', 'CT']
name: b10902068, hole_card: ['HT', 'S5']
Started the round 15
Street "preflop" started. (community card = [])
name: b10902101, hole_card: ['S2', 'CT']
name: b10902068, hole_card: ['HT', 'S5']
"b10902068" declared "call:10"
name: b10902101, hole_card: ['S2', 'CT']
name: b10902068, hole_card: ['HT', 'S5']
"b10902101" declared "fold:0"
"['b10902068']" won the round 15 (stack = {'b10902101': 1029.4, 'b10902068': 968.7280000000001})
community cards of this round: ['CJ', 'H4', 'D8', 'H6', 'S7']
name: b10902101, hole_card: ['HK', 'S6']
name: b10902068, hole_card: ['S3', 'H2']
Started the round 16
Street "preflop" started. (community card = [])
name: b10902101, hole_card: ['HK', 'S6']
name: b10902068, hole_card: ['S3', 'H2']
"b10902101" declared "fold:0"
"['b10902068']" won the round 16 (stack = {'b10902101': 1024.4, 'b10902068': 973.7280000000001})
community cards of this round: ['H7', 'H6', 'DJ', 'D4', 'HJ']
name: b10902101, hole_card: ['H4', 'C6']
name: b10902068, hole_card: ['CK', 'S5']
Started the round 17
Street "preflop" started. (community card = [])
name: b10902101, hole_card: ['H4', 'C6']
name: b10902068, hole_card: ['CK', 'S5']
"b10902068" declared "raise:27.134400000000007"
name: b10902101, hole_card: ['H4', 'C6']
name: b10902068, hole_card: ['CK', 'S5']
"b10902101" declared "fold:0"
"['b10902068']" won the round 17 (stack = {'b10902101': 1014.4000000000001, 'b10902068': 983.5936})
community cards of this round: ['HQ', 'C8', 'HT', 'DJ', 'HA']
name: b10902101, hole_card: ['SK', 'D2']
name: b10902068, hole_card: ['C4', 'DK']
Started the round 18
Street "preflop" started. (community card = [])
name: b10902101, hole_card: ['SK', 'D2']
name: b10902068, hole_card: ['C4', 'DK']
"b10902101" declared "fold:0"
"['b10902068']" won the round 18 (stack = {'b10902101': 1009.4000000000001, 'b10902068': 988.5936})
community cards of this round: ['S4', 'CK', 'DQ', 'DK', 'C5']
name: b10902101, hole_card: ['S6', 'D6']
name: b10902068, hole_card: ['H8', 'DA']
Started the round 19
Street "preflop" started. (community card = [])
name: b10902101, hole_card: ['S6', 'D6']
name: b10902068, hole_card: ['H8', 'DA']
"b10902068" declared "raise:15.161280000000012"
name: b10902101, hole_card: ['S6', 'D6']
name: b10902068, hole_card: ['H8', 'DA']
"b10902101" declared "call:15.161280000000012"
Street "flop" started. (community card = ['S4', 'CK', 'DQ'])
name: b10902101, hole_card: ['S6', 'D6']
name: b10902068, hole_card: ['H8', 'DA']
"b10902068" declared "raise:10"
name: b10902101, hole_card: ['S6', 'D6']
name: b10902068, hole_card: ['H8', 'DA']
"b10902101" declared "fold:0"
"['b10902068']" won the round 19 (stack = {'b10902101': 994.2387200000001, 'b10902068': 1003.43232})
community cards of this round: ['D9', 'ST', 'C7', 'D8', 'H7']
name: b10902101, hole_card: ['CK', 'S9']
name: b10902068, hole_card: ['SK', 'H8']
Started the round 20
Street "preflop" started. (community card = [])
name: b10902101, hole_card: ['CK', 'S9']
name: b10902068, hole_card: ['SK', 'H8']
"b10902101" declared "raise:15"
name: b10902101, hole_card: ['CK', 'S9']
name: b10902068, hole_card: ['SK', 'H8']
"b10902068" declared "call:15"
Street "flop" started. (community card = ['D9', 'ST', 'C7'])
name: b10902101, hole_card: ['CK', 'S9']
name: b10902068, hole_card: ['SK', 'H8']
"b10902101" declared "call:0"
name: b10902101, hole_card: ['CK', 'S9']
name: b10902068, hole_card: ['SK', 'H8']
"b10902068" declared "call:0"
Street "turn" started. (community card = ['D9', 'ST', 'C7', 'D8'])
name: b10902101, hole_card: ['CK', 'S9']
name: b10902068, hole_card: ['SK', 'H8']
"b10902101" declared "call:0"
name: b10902101, hole_card: ['CK', 'S9']
name: b10902068, hole_card: ['SK', 'H8']
"b10902068" declared "call:0"
Street "river" started. (community card = ['D9', 'ST', 'C7', 'D8', 'H7'])
name: b10902101, hole_card: ['CK', 'S9']
name: b10902068, hole_card: ['SK', 'H8']
"b10902101" declared "call:0"
name: b10902101, hole_card: ['CK', 'S9']
name: b10902068, hole_card: ['SK', 'H8']
"b10902068" declared "call:0"
"['b10902101']" won the round 20 (stack = {'b10902101': 1009.2387200000001, 'b10902068': 988.43232})
b10902101 vs b10902068 - Game 2: {'rule': {'initial_stack': 1000, 'max_round': 20, 'small_blind_amount': 5, 'ante': 0, 'blind_structure': {}}, 'players': [{'name': 'b10902101', 'uuid': 'blpzavblzedbgwahbmkavc', 'stack': 1009.2387200000001, 'state': 'participating'}, {'name': 'b10902068', 'uuid': 'nreuxhtkmickmvozzcbgfr', 'stack': 988.43232, 'state': 'participating'}]}
community cards of this round: ['DQ', 'C9', 'C5', 'CK', 'HA']
name: b10902068, hole_card: ['H6', 'HK']
name: b10902101, hole_card: ['S9', 'D4']
Started the round 1
Street "preflop" started. (community card = [])
name: b10902068, hole_card: ['H6', 'HK']
name: b10902101, hole_card: ['S9', 'D4']
"b10902101" declared "fold:0"
"['b10902068']" won the round 1 (stack = {'b10902068': 1005, 'b10902101': 995})
community cards of this round: ['H5', 'S2', 'H9', 'C7', 'DA']
name: b10902068, hole_card: ['D5', 'C8']
name: b10902101, hole_card: ['C3', 'CA']
Started the round 2
Street "preflop" started. (community card = [])
name: b10902068, hole_card: ['D5', 'C8']
name: b10902101, hole_card: ['C3', 'CA']
"b10902068" declared "call:10"
name: b10902068, hole_card: ['D5', 'C8']
name: b10902101, hole_card: ['C3', 'CA']
"b10902101" declared "raise:20"
name: b10902068, hole_card: ['D5', 'C8']
name: b10902101, hole_card: ['C3', 'CA']
"b10902068" declared "call:20"
Street "flop" started. (community card = ['H5', 'S2', 'H9'])
name: b10902068, hole_card: ['D5', 'C8']
name: b10902101, hole_card: ['C3', 'CA']
"b10902068" declared "raise:92.0"
name: b10902068, hole_card: ['D5', 'C8']
name: b10902101, hole_card: ['C3', 'CA']
"b10902101" declared "fold:0"
"['b10902068']" won the round 2 (stack = {'b10902068': 1025.0, 'b10902101': 975})
community cards of this round: ['DJ', 'CK', 'D5', 'S2', 'S5']
name: b10902068, hole_card: ['D7', 'D9']
name: b10902101, hole_card: ['S6', 'H7']
Started the round 3
Street "preflop" started. (community card = [])
name: b10902068, hole_card: ['D7', 'D9']
name: b10902101, hole_card: ['S6', 'H7']
"b10902101" declared "raise:15"
name: b10902068, hole_card: ['D7', 'D9']
name: b10902101, hole_card: ['S6', 'H7']
"b10902068" declared "raise:51.0"
name: b10902068, hole_card: ['D7', 'D9']
name: b10902101, hole_card: ['S6', 'H7']
"b10902101" declared "fold:0"
"['b10902068']" won the round 3 (stack = {'b10902068': 1040.0, 'b10902101': 960})
community cards of this round: ['H3', 'HT', 'S6', 'H6', 'D3']
name: b10902068, hole_card: ['C2', 'DT']
name: b10902101, hole_card: ['D7', 'HJ']
Started the round 4
Street "preflop" started. (community card = [])
name: b10902068, hole_card: ['C2', 'DT']
name: b10902101, hole_card: ['D7', 'HJ']
"b10902068" declared "raise:40.0"
name: b10902068, hole_card: ['C2', 'DT']
name: b10902101, hole_card: ['D7', 'HJ']
"b10902101" declared "call:40.0"
Street "flop" started. (community card = ['H3', 'HT', 'S6'])
name: b10902068, hole_card: ['C2', 'DT']
name: b10902101, hole_card: ['D7', 'HJ']
"b10902068" declared "raise:36.0"
name: b10902068, hole_card: ['C2', 'DT']
name: b10902101, hole_card: ['D7', 'HJ']
"b10902101" declared "fold:0"
"['b10902068']" won the round 4 (stack = {'b10902068': 1080.0, 'b10902101': 920.0})
community cards of this round: ['SQ', 'HQ', 'H2', 'D2', 'H3']
name: b10902068, hole_card: ['H7', 'C7']
name: b10902101, hole_card: ['S7', 'CJ']
Started the round 5
Street "preflop" started. (community card = [])
name: b10902068, hole_card: ['H7', 'C7']
name: b10902101, hole_card: ['S7', 'CJ']
"b10902101" declared "raise:195.0999999999999"
name: b10902068, hole_card: ['H7', 'C7']
name: b10902101, hole_card: ['S7', 'CJ']
"b10902068" declared "call:195.0999999999999"
Street "flop" started. (community card = ['SQ', 'HQ', 'H2'])
name: b10902068, hole_card: ['H7', 'C7']
name: b10902101, hole_card: ['S7', 'CJ']
"b10902101" declared "call:0"
name: b10902068, hole_card: ['H7', 'C7']
name: b10902101, hole_card: ['S7', 'CJ']
"b10902068" declared "call:0"
Street "turn" started. (community card = ['SQ', 'HQ', 'H2', 'D2'])
name: b10902068, hole_card: ['H7', 'C7']
name: b10902101, hole_card: ['S7', 'CJ']
"b10902101" declared "call:0"
name: b10902068, hole_card: ['H7', 'C7']
name: b10902101, hole_card: ['S7', 'CJ']
"b10902068" declared "call:0"
Street "river" started. (community card = ['SQ', 'HQ', 'H2', 'D2', 'H3'])
name: b10902068, hole_card: ['H7', 'C7']
name: b10902101, hole_card: ['S7', 'CJ']
"b10902101" declared "call:0"
name: b10902068, hole_card: ['H7', 'C7']
name: b10902101, hole_card: ['S7', 'CJ']
"b10902068" declared "call:0"
"['b10902068']" won the round 5 (stack = {'b10902068': 1274.9, 'b10902101': 724.9000000000001})
community cards of this round: ['S4', 'D7', 'DQ', 'H2', 'D8']
name: b10902068, hole_card: ['C9', 'CJ']
name: b10902101, hole_card: ['HA', 'SK']
Started the round 6
Street "preflop" started. (community card = [])
name: b10902068, hole_card: ['C9', 'CJ']
name: b10902101, hole_card: ['HA', 'SK']
"b10902068" declared "fold:0"
"['b10902101']" won the round 6 (stack = {'b10902068': 1269.9, 'b10902101': 729.9000000000001})
community cards of this round: ['C7', 'DJ', 'SJ', 'ST', 'H6']
name: b10902068, hole_card: ['SA', 'D8']
name: b10902101, hole_card: ['S9', 'SK']
Started the round 7
Street "preflop" started. (community card = [])
name: b10902068, hole_card: ['SA', 'D8']
name: b10902101, hole_card: ['S9', 'SK']
"b10902101" declared "raise:729.9000000000001"
name: b10902068, hole_card: ['SA', 'D8']
name: b10902101, hole_card: ['S9', 'SK']
"b10902068" declared "fold:0"
"['b10902101']" won the round 7 (stack = {'b10902068': 1259.9, 'b10902101': 739.0})
community cards of this round: ['C2', 'SA', 'D2', 'SK', 'DQ']
name: b10902068, hole_card: ['HA', 'D5']
name: b10902101, hole_card: ['ST', 'C9']
Started the round 8
Street "preflop" started. (community card = [])
name: b10902068, hole_card: ['HA', 'D5']
name: b10902101, hole_card: ['ST', 'C9']
"b10902068" declared "fold:0"
"['b10902101']" won the round 8 (stack = {'b10902068': 1254.9, 'b10902101': 744.0})
community cards of this round: ['D8', 'S8', 'HQ', 'CT', 'H2']
name: b10902068, hole_card: ['CA', 'H4']
name: b10902101, hole_card: ['C5', 'CJ']
Started the round 9
Street "preflop" started. (community card = [])
name: b10902068, hole_card: ['CA', 'H4']
name: b10902101, hole_card: ['C5', 'CJ']
"b10902101" declared "raise:744.0"
name: b10902068, hole_card: ['CA', 'H4']
name: b10902101, hole_card: ['C5', 'CJ']
"b10902068" declared "fold:0"
"['b10902101']" won the round 9 (stack = {'b10902068': 1244.9, 'b10902101': 754.0})
community cards of this round: ['C5', 'D5', 'H7', 'D9', 'D8']
name: b10902068, hole_card: ['DK', 'HQ']
name: b10902101, hole_card: ['DT', 'CQ']
Started the round 10
Street "preflop" started. (community card = [])
name: b10902068, hole_card: ['DK', 'HQ']
name: b10902101, hole_card: ['DT', 'CQ']
"b10902068" declared "fold:0"
"['b10902101']" won the round 10 (stack = {'b10902068': 1239.9, 'b10902101': 759.0})
community cards of this round: ['S4', 'H7', 'H6', 'C3', 'DQ']
name: b10902068, hole_card: ['CQ', 'D5']
name: b10902101, hole_card: ['HT', 'C6']
Started the round 11
Street "preflop" started. (community card = [])
name: b10902068, hole_card: ['CQ', 'D5']
name: b10902101, hole_card: ['HT', 'C6']
"b10902101" declared "raise:759.0"
name: b10902068, hole_card: ['CQ', 'D5']
name: b10902101, hole_card: ['HT', 'C6']
"b10902068" declared "fold:0"
"['b10902101']" won the round 11 (stack = {'b10902068': 1229.9, 'b10902101': 769.0})
community cards of this round: ['SA', 'C8', 'CK', 'HQ', 'D5']
name: b10902068, hole_card: ['D2', 'CQ']
name: b10902101, hole_card: ['DA', 'H7']
Started the round 12
Street "preflop" started. (community card = [])
name: b10902068, hole_card: ['D2', 'CQ']
name: b10902101, hole_card: ['DA', 'H7']
"b10902068" declared "fold:0"
"['b10902101']" won the round 12 (stack = {'b10902068': 1224.9, 'b10902101': 774.0})
community cards of this round: ['D7', 'D6', 'C8', 'H3', 'D4']
name: b10902068, hole_card: ['S6', 'C7']
name: b10902101, hole_card: ['HQ', 'SJ']
Started the round 13
Street "preflop" started. (community card = [])
name: b10902068, hole_card: ['S6', 'C7']
name: b10902101, hole_card: ['HQ', 'SJ']
"b10902101" declared "raise:774.0"
name: b10902068, hole_card: ['S6', 'C7']
name: b10902101, hole_card: ['HQ', 'SJ']
"b10902068" declared "fold:0"
"['b10902101']" won the round 13 (stack = {'b10902068': 1214.9, 'b10902101': 784.0})
community cards of this round: ['C7', 'H7', 'HT', 'DT', 'D7']
name: b10902068, hole_card: ['DQ', 'D4']
name: b10902101, hole_card: ['S6', 'DA']
Started the round 14
Street "preflop" started. (community card = [])
name: b10902068, hole_card: ['DQ', 'D4']
name: b10902101, hole_card: ['S6', 'DA']
"b10902068" declared "fold:0"
"['b10902101']" won the round 14 (stack = {'b10902068': 1209.9, 'b10902101': 789.0})
community cards of this round: ['C9', 'H5', 'H2', 'D4', 'SJ']
name: b10902068, hole_card: ['D7', 'CA']
name: b10902101, hole_card: ['D3', 'S4']
Started the round 15
Street "preflop" started. (community card = [])
name: b10902068, hole_card: ['D7', 'CA']
name: b10902101, hole_card: ['D3', 'S4']
"b10902101" declared "raise:789.0"
name: b10902068, hole_card: ['D7', 'CA']
name: b10902101, hole_card: ['D3', 'S4']
"b10902068" declared "fold:0"
"['b10902101']" won the round 15 (stack = {'b10902068': 1199.9, 'b10902101': 799.0})
community cards of this round: ['S4', 'C9', 'D9', 'S7', 'DK']
name: b10902068, hole_card: ['S5', 'SK']
name: b10902101, hole_card: ['HQ', 'C6']
Started the round 16
Street "preflop" started. (community card = [])
name: b10902068, hole_card: ['S5', 'SK']
name: b10902101, hole_card: ['HQ', 'C6']
"b10902068" declared "fold:0"
"['b10902101']" won the round 16 (stack = {'b10902068': 1194.9, 'b10902101': 804.0})
community cards of this round: ['D8', 'HK', 'SJ', 'D2', 'C9']
name: b10902068, hole_card: ['S7', 'DT']
name: b10902101, hole_card: ['D3', 'ST']
Started the round 17
Street "preflop" started. (community card = [])
name: b10902068, hole_card: ['S7', 'DT']
name: b10902101, hole_card: ['D3', 'ST']
"b10902101" declared "raise:804.0"
name: b10902068, hole_card: ['S7', 'DT']
name: b10902101, hole_card: ['D3', 'ST']
"b10902068" declared "fold:0"
"['b10902101']" won the round 17 (stack = {'b10902068': 1184.9, 'b10902101': 814.0})
community cards of this round: ['D7', 'ST', 'S8', 'SQ', 'H5']
name: b10902068, hole_card: ['C6', 'H4']
name: b10902101, hole_card: ['S9', 'C5']
Started the round 18
Street "preflop" started. (community card = [])
name: b10902068, hole_card: ['C6', 'H4']
name: b10902101, hole_card: ['S9', 'C5']
"b10902068" declared "fold:0"
"['b10902101']" won the round 18 (stack = {'b10902068': 1179.9, 'b10902101': 819.0})
community cards of this round: ['DK', 'D7', 'C3', 'HQ', 'HA']
name: b10902068, hole_card: ['CA', 'D4']
name: b10902101, hole_card: ['CJ', 'H6']
Started the round 19
Street "preflop" started. (community card = [])
name: b10902068, hole_card: ['CA', 'D4']
name: b10902101, hole_card: ['CJ', 'H6']
"b10902101" declared "raise:819.0"
name: b10902068, hole_card: ['CA', 'D4']
name: b10902101, hole_card: ['CJ', 'H6']
"b10902068" declared "fold:0"
"['b10902101']" won the round 19 (stack = {'b10902068': 1169.9, 'b10902101': 829.0})
community cards of this round: ['DJ', 'CT', 'D8', 'C6', 'CQ']
name: b10902068, hole_card: ['S4', 'HQ']
name: b10902101, hole_card: ['C5', 'SJ']
Started the round 20
Street "preflop" started. (community card = [])
name: b10902068, hole_card: ['S4', 'HQ']
name: b10902101, hole_card: ['C5', 'SJ']
"b10902068" declared "fold:0"
"['b10902101']" won the round 20 (stack = {'b10902068': 1164.9, 'b10902101': 834.0})
b10902101 vs b10902068 - Game 3: {'rule': {'initial_stack': 1000, 'max_round': 20, 'small_blind_amount': 5, 'ante': 0, 'blind_structure': {}}, 'players': [{'name': 'b10902068', 'uuid': 'bqygoxhbgjoujbewuyoksz', 'stack': 1164.9, 'state': 'participating'}, {'name': 'b10902101', 'uuid': 'uydracsdilmtknorgfegih', 'stack': 834.0, 'state': 'participating'}]}
community cards of this round: ['DQ', 'C9', 'C5', 'CK', 'HA']
name: b10902101, hole_card: ['H6', 'HK']
name: b10902068, hole_card: ['S9', 'D4']
Started the round 1
Street "preflop" started. (community card = [])
name: b10902101, hole_card: ['H6', 'HK']
name: b10902068, hole_card: ['S9', 'D4']
"b10902068" declared "call:10"
name: b10902101, hole_card: ['H6', 'HK']
name: b10902068, hole_card: ['S9', 'D4']
"b10902101" declared "raise:20"
name: b10902101, hole_card: ['H6', 'HK']
name: b10902068, hole_card: ['S9', 'D4']
"b10902068" declared "call:20"
Street "flop" started. (community card = ['DQ', 'C9', 'C5'])
name: b10902101, hole_card: ['H6', 'HK']
name: b10902068, hole_card: ['S9', 'D4']
"b10902068" declared "raise:102.0"
name: b10902101, hole_card: ['H6', 'HK']
name: b10902068, hole_card: ['S9', 'D4']
"b10902101" declared "fold:0"
"['b10902068']" won the round 1 (stack = {'b10902101': 980, 'b10902068': 1020.0})
community cards of this round: ['H5', 'S2', 'H9', 'C7', 'DA']
name: b10902101, hole_card: ['D5', 'C8']
name: b10902068, hole_card: ['C3', 'CA']
Started the round 2
Street "preflop" started. (community card = [])
name: b10902101, hole_card: ['D5', 'C8']
name: b10902068, hole_card: ['C3', 'CA']
"b10902101" declared "fold:0"
"['b10902068']" won the round 2 (stack = {'b10902101': 975, 'b10902068': 1025.0})
community cards of this round: ['DJ', 'CK', 'D5', 'S2', 'S5']
name: b10902101, hole_card: ['D7', 'D9']
name: b10902068, hole_card: ['S6', 'H7']
Started the round 3
Street "preflop" started. (community card = [])
name: b10902101, hole_card: ['D7', 'D9']
name: b10902068, hole_card: ['S6', 'H7']
"b10902068" declared "raise:49.0"
name: b10902101, hole_card: ['D7', 'D9']
name: b10902068, hole_card: ['S6', 'H7']
"b10902101" declared "fold:0"
"['b10902068']" won the round 3 (stack = {'b10902101': 965, 'b10902068': 1035.0})
community cards of this round: ['H3', 'HT', 'S6', 'H6', 'D3']
name: b10902101, hole_card: ['C2', 'DT']
name: b10902068, hole_card: ['D7', 'HJ']
Started the round 4
Street "preflop" started. (community card = [])
name: b10902101, hole_card: ['C2', 'DT']
name: b10902068, hole_card: ['D7', 'HJ']
"b10902101" declared "fold:0"
"['b10902068']" won the round 4 (stack = {'b10902101': 960, 'b10902068': 1040.0})
community cards of this round: ['SQ', 'HQ', 'H2', 'D2', 'H3']
name: b10902101, hole_card: ['H7', 'C7']
name: b10902068, hole_card: ['S7', 'CJ']
Started the round 5
Street "preflop" started. (community card = [])
name: b10902101, hole_card: ['H7', 'C7']
name: b10902068, hole_card: ['S7', 'CJ']
"b10902068" declared "raise:37.0"
name: b10902101, hole_card: ['H7', 'C7']
name: b10902068, hole_card: ['S7', 'CJ']
"b10902101" declared "raise:150.0999999999999"
name: b10902101, hole_card: ['H7', 'C7']
name: b10902068, hole_card: ['S7', 'CJ']
"b10902068" declared "call:150.0999999999999"
Street "flop" started. (community card = ['SQ', 'HQ', 'H2'])
name: b10902101, hole_card: ['H7', 'C7']
name: b10902068, hole_card: ['S7', 'CJ']
"b10902068" declared "call:0"
name: b10902101, hole_card: ['H7', 'C7']
name: b10902068, hole_card: ['S7', 'CJ']
"b10902101" declared "call:0"
Street "turn" started. (community card = ['SQ', 'HQ', 'H2', 'D2'])
name: b10902101, hole_card: ['H7', 'C7']
name: b10902068, hole_card: ['S7', 'CJ']
"b10902068" declared "call:0"
name: b10902101, hole_card: ['H7', 'C7']
name: b10902068, hole_card: ['S7', 'CJ']
"b10902101" declared "call:0"
Street "river" started. (community card = ['SQ', 'HQ', 'H2', 'D2', 'H3'])
name: b10902101, hole_card: ['H7', 'C7']
name: b10902068, hole_card: ['S7', 'CJ']
"b10902068" declared "call:0"
name: b10902101, hole_card: ['H7', 'C7']
name: b10902068, hole_card: ['S7', 'CJ']
"b10902101" declared "call:0"
"['b10902101']" won the round 5 (stack = {'b10902101': 1109.9, 'b10902068': 889.9000000000001})
community cards of this round: ['S4', 'D7', 'DQ', 'H2', 'D8']
name: b10902101, hole_card: ['C9', 'CJ']
name: b10902068, hole_card: ['HA', 'SK']
Started the round 6
Street "preflop" started. (community card = [])
name: b10902101, hole_card: ['C9', 'CJ']
name: b10902068, hole_card: ['HA', 'SK']
"b10902101" declared "fold:0"
"['b10902068']" won the round 6 (stack = {'b10902101': 1104.9, 'b10902068': 894.9000000000001})
community cards of this round: ['C7', 'DJ', 'SJ', 'ST', 'H6']
name: b10902101, hole_card: ['SA', 'D8']
name: b10902068, hole_card: ['S9', 'SK']
Started the round 7
Street "preflop" started. (community card = [])
name: b10902101, hole_card: ['SA', 'D8']
name: b10902068, hole_card: ['S9', 'SK']
"b10902068" declared "raise:89.0"
name: b10902101, hole_card: ['SA', 'D8']
name: b10902068, hole_card: ['S9', 'SK']
"b10902101" declared "fold:0"
"['b10902068']" won the round 7 (stack = {'b10902101': 1094.9, 'b10902068': 904.9000000000001})
community cards of this round: ['C2', 'SA', 'D2', 'SK', 'DQ']
name: b10902101, hole_card: ['HA', 'D5']
name: b10902068, hole_card: ['ST', 'C9']
Started the round 8
Street "preflop" started. (community card = [])
name: b10902101, hole_card: ['HA', 'D5']
name: b10902068, hole_card: ['ST', 'C9']
"b10902101" declared "call:10"
name: b10902101, hole_card: ['HA', 'D5']
name: b10902068, hole_card: ['ST', 'C9']
"b10902068" declared "raise:81.0"
name: b10902101, hole_card: ['HA', 'D5']
name: b10902068, hole_card: ['ST', 'C9']
"b10902101" declared "fold:0"
"['b10902068']" won the round 8 (stack = {'b10902101': 1084.9, 'b10902068': 914.9000000000001})
community cards of this round: ['D8', 'S8', 'HQ', 'CT', 'H2']
name: b10902101, hole_card: ['CA', 'H4']
name: b10902068, hole_card: ['C5', 'CJ']
Started the round 9
Street "preflop" started. (community card = [])
name: b10902101, hole_card: ['CA', 'H4']
name: b10902068, hole_card: ['C5', 'CJ']
"b10902068" declared "call:10"
name: b10902101, hole_card: ['CA', 'H4']
name: b10902068, hole_card: ['C5', 'CJ']
"b10902101" declared "call:10"
Street "flop" started. (community card = ['D8', 'S8', 'HQ'])
name: b10902101, hole_card: ['CA', 'H4']
name: b10902068, hole_card: ['C5', 'CJ']
"b10902068" declared "raise:130.0"
name: b10902101, hole_card: ['CA', 'H4']
name: b10902068, hole_card: ['C5', 'CJ']
"b10902101" declared "fold:0"
"['b10902068']" won the round 9 (stack = {'b10902101': 1074.9, 'b10902068': 924.9000000000001})
community cards of this round: ['C5', 'D5', 'H7', 'D9', 'D8']
name: b10902101, hole_card: ['DK', 'HQ']
name: b10902068, hole_card: ['DT', 'CQ']
Started the round 10
Street "preflop" started. (community card = [])
name: b10902101, hole_card: ['DK', 'HQ']
name: b10902068, hole_card: ['DT', 'CQ']
"b10902101" declared "call:10"
name: b10902101, hole_card: ['DK', 'HQ']
name: b10902068, hole_card: ['DT', 'CQ']
"b10902068" declared "raise:67.0"
name: b10902101, hole_card: ['DK', 'HQ']
name: b10902068, hole_card: ['DT', 'CQ']
"b10902101" declared "call:67.0"
Street "flop" started. (community card = ['C5', 'D5', 'H7'])
name: b10902101, hole_card: ['DK', 'HQ']
name: b10902068, hole_card: ['DT', 'CQ']
"b10902101" declared "call:0"
name: b10902101, hole_card: ['DK', 'HQ']
name: b10902068, hole_card: ['DT', 'CQ']
"b10902068" declared "raise:68.4"
name: b10902101, hole_card: ['DK', 'HQ']
name: b10902068, hole_card: ['DT', 'CQ']
"b10902101" declared "fold:0"
"['b10902068']" won the round 10 (stack = {'b10902101': 1007.9000000000001, 'b10902068': 991.5000000000001})
community cards of this round: ['S4', 'H7', 'H6', 'C3', 'DQ']
name: b10902101, hole_card: ['CQ', 'D5']
name: b10902068, hole_card: ['HT', 'C6']
Started the round 11
Street "preflop" started. (community card = [])
name: b10902101, hole_card: ['CQ', 'D5']
name: b10902068, hole_card: ['HT', 'C6']
"b10902068" declared "raise:38.28"
name: b10902101, hole_card: ['CQ', 'D5']
name: b10902068, hole_card: ['HT', 'C6']
"b10902101" declared "fold:0"
"['b10902068']" won the round 11 (stack = {'b10902101': 997.9000000000001, 'b10902068': 1001.2200000000001})
community cards of this round: ['SA', 'C8', 'CK', 'HQ', 'D5']
name: b10902101, hole_card: ['D2', 'CQ']
name: b10902068, hole_card: ['DA', 'H7']
Started the round 12
Street "preflop" started. (community card = [])
name: b10902101, hole_card: ['D2', 'CQ']
name: b10902068, hole_card: ['DA', 'H7']
"b10902101" declared "raise:15"
name: b10902101, hole_card: ['D2', 'CQ']
name: b10902068, hole_card: ['DA', 'H7']
"b10902068" declared "raise:33.33599999999999"
name: b10902101, hole_card: ['D2', 'CQ']
name: b10902068, hole_card: ['DA', 'H7']
"b10902101" declared "fold:0"
"['b10902068']" won the round 12 (stack = {'b10902101': 982.9000000000001, 'b10902068': 1015.8840000000001})
community cards of this round: ['D7', 'D6', 'C8', 'H3', 'D4']
name: b10902101, hole_card: ['S6', 'C7']
name: b10902068, hole_card: ['HQ', 'SJ']
Started the round 13
Street "preflop" started. (community card = [])
name: b10902101, hole_card: ['S6', 'C7']
name: b10902068, hole_card: ['HQ', 'SJ']
"b10902068" declared "raise:22.403200000000016"
name: b10902101, hole_card: ['S6', 'C7']
name: b10902068, hole_card: ['HQ', 'SJ']
"b10902101" declared "call:22.403200000000016"
Street "flop" started. (community card = ['D7', 'D6', 'C8'])
name: b10902101, hole_card: ['S6', 'C7']
name: b10902068, hole_card: ['HQ', 'SJ']
"b10902068" declared "raise:14.883839999999964"
name: b10902101, hole_card: ['S6', 'C7']
name: b10902068, hole_card: ['HQ', 'SJ']
"b10902101" declared "call:14.883839999999964"
Street "turn" started. (community card = ['D7', 'D6', 'C8', 'H3'])
name: b10902101, hole_card: ['S6', 'C7']
name: b10902068, hole_card: ['HQ', 'SJ']
"b10902068" declared "raise:10"
name: b10902101, hole_card: ['S6', 'C7']
name: b10902068, hole_card: ['HQ', 'SJ']
"b10902101" declared "raise:29.9129599999998"
name: b10902101, hole_card: ['S6', 'C7']
name: b10902068, hole_card: ['HQ', 'SJ']
"b10902068" declared "call:29.9129599999998"
Street "river" started. (community card = ['D7', 'D6', 'C8', 'H3', 'D4'])
name: b10902101, hole_card: ['S6', 'C7']
name: b10902068, hole_card: ['HQ', 'SJ']
"b10902068" declared "call:0"
name: b10902101, hole_card: ['S6', 'C7']
name: b10902068, hole_card: ['HQ', 'SJ']
"b10902101" declared "call:0"
"['b10902101']" won the round 13 (stack = {'b10902101': 1049.7000000000003, 'b10902068': 948.6840000000004})
community cards of this round: ['C7', 'H7', 'HT', 'DT', 'D7']
name: b10902101, hole_card: ['DQ', 'D4']
name: b10902068, hole_card: ['S6', 'DA']
Started the round 14
Street "preflop" started. (community card = [])
name: b10902101, hole_card: ['DQ', 'D4']
name: b10902068, hole_card: ['S6', 'DA']
"b10902101" declared "fold:0"
"['b10902068']" won the round 14 (stack = {'b10902101': 1044.7000000000003, 'b10902068': 953.6840000000004})
community cards of this round: ['C9', 'H5', 'H2', 'D4', 'SJ']
name: b10902101, hole_card: ['D7', 'CA']
name: b10902068, hole_card: ['D3', 'S4']
Started the round 15
Street "preflop" started. (community card = [])
name: b10902101, hole_card: ['D7', 'CA']
name: b10902068, hole_card: ['D3', 'S4']
"b10902068" declared "call:10"
name: b10902101, hole_card: ['D7', 'CA']
name: b10902068, hole_card: ['D3', 'S4']
"b10902101" declared "call:10"
Street "flop" started. (community card = ['C9', 'H5', 'H2'])
name: b10902101, hole_card: ['D7', 'CA']
name: b10902068, hole_card: ['D3', 'S4']
"b10902068" declared "call:0"
name: b10902101, hole_card: ['D7', 'CA']
name: b10902068, hole_card: ['D3', 'S4']
"b10902101" declared "call:0"
Street "turn" started. (community card = ['C9', 'H5', 'H2', 'D4'])
name: b10902101, hole_card: ['D7', 'CA']
name: b10902068, hole_card: ['D3', 'S4']
"b10902068" declared "raise:93.6095999999999"
name: b10902101, hole_card: ['D7', 'CA']
name: b10902068, hole_card: ['D3', 'S4']
"b10902101" declared "fold:0"
"['b10902068']" won the round 15 (stack = {'b10902101': 1034.7000000000003, 'b10902068': 963.0744000000005})
community cards of this round: ['S4', 'C9', 'D9', 'S7', 'DK']
name: b10902101, hole_card: ['S5', 'SK']
name: b10902068, hole_card: ['HQ', 'C6']
Started the round 16
Street "preflop" started. (community card = [])
name: b10902101, hole_card: ['S5', 'SK']
name: b10902068, hole_card: ['HQ', 'C6']
"b10902101" declared "fold:0"
"['b10902068']" won the round 16 (stack = {'b10902101': 1029.7000000000003, 'b10902068': 968.0744000000005})
community cards of this round: ['D8', 'HK', 'SJ', 'D2', 'C9']
name: b10902101, hole_card: ['S7', 'DT']
name: b10902068, hole_card: ['D3', 'ST']
Started the round 17
Street "preflop" started. (community card = [])
name: b10902101, hole_card: ['S7', 'DT']
name: b10902068, hole_card: ['D3', 'ST']
"b10902068" declared "raise:29.32511999999995"
name: b10902101, hole_card: ['S7', 'DT']
name: b10902068, hole_card: ['D3', 'ST']
"b10902101" declared "fold:0"
"['b10902068']" won the round 17 (stack = {'b10902101': 1019.7000000000003, 'b10902068': 977.7492800000006})
community cards of this round: ['D7', 'ST', 'S8', 'SQ', 'H5']
name: b10902101, hole_card: ['C6', 'H4']
name: b10902068, hole_card: ['S9', 'C5']
Started the round 18
Street "preflop" started. (community card = [])
name: b10902101, hole_card: ['C6', 'H4']
name: b10902068, hole_card: ['S9', 'C5']
"b10902101" declared "fold:0"
"['b10902068']" won the round 18 (stack = {'b10902101': 1014.7000000000003, 'b10902068': 982.7492800000006})
community cards of this round: ['DK', 'D7', 'C3', 'HQ', 'HA']
name: b10902101, hole_card: ['CA', 'D4']
name: b10902068, hole_card: ['CJ', 'H6']
Started the round 19
Street "preflop" started. (community card = [])
name: b10902101, hole_card: ['CA', 'D4']
name: b10902068, hole_card: ['CJ', 'H6']
"b10902068" declared "raise:17.390143999999943"
name: b10902101, hole_card: ['CA', 'D4']
name: b10902068, hole_card: ['CJ', 'H6']
"b10902101" declared "call:17.390143999999943"
Street "flop" started. (community card = ['DK', 'D7', 'C3'])
name: b10902101, hole_card: ['CA', 'D4']
name: b10902068, hole_card: ['CJ', 'H6']
"b10902068" declared "raise:10"
name: b10902101, hole_card: ['CA', 'D4']
name: b10902068, hole_card: ['CJ', 'H6']
"b10902101" declared "fold:0"
"['b10902068']" won the round 19 (stack = {'b10902101': 997.3098560000003, 'b10902068': 999.3591360000006})
community cards of this round: ['DJ', 'CT', 'D8', 'C6', 'CQ']
name: b10902101, hole_card: ['S4', 'HQ']
name: b10902068, hole_card: ['C5', 'SJ']
Started the round 20
Street "preflop" started. (community card = [])
name: b10902101, hole_card: ['S4', 'HQ']
name: b10902068, hole_card: ['C5', 'SJ']
"b10902101" declared "raise:15"
name: b10902101, hole_card: ['S4', 'HQ']
name: b10902068, hole_card: ['C5', 'SJ']
"b10902068" declared "call:15"
Street "flop" started. (community card = ['DJ', 'CT', 'D8'])
name: b10902101, hole_card: ['S4', 'HQ']
name: b10902068, hole_card: ['C5', 'SJ']
"b10902101" declared "call:0"
name: b10902101, hole_card: ['S4', 'HQ']
name: b10902068, hole_card: ['C5', 'SJ']
"b10902068" declared "call:0"
Street "turn" started. (community card = ['DJ', 'CT', 'D8', 'C6'])
name: b10902101, hole_card: ['S4', 'HQ']
name: b10902068, hole_card: ['C5', 'SJ']
"b10902101" declared "call:0"
name: b10902101, hole_card: ['S4', 'HQ']
name: b10902068, hole_card: ['C5', 'SJ']
"b10902068" declared "call:0"
Street "river" started. (community card = ['DJ', 'CT', 'D8', 'C6', 'CQ'])
name: b10902101, hole_card: ['S4', 'HQ']
name: b10902068, hole_card: ['C5', 'SJ']
"b10902101" declared "call:0"
name: b10902101, hole_card: ['S4', 'HQ']
name: b10902068, hole_card: ['C5', 'SJ']
"b10902068" declared "call:0"
"['b10902101']" won the round 20 (stack = {'b10902101': 1012.3098560000003, 'b10902068': 984.3591360000006})
b10902101 vs b10902068 - Game 4: {'rule': {'initial_stack': 1000, 'max_round': 20, 'small_blind_amount': 5, 'ante': 0, 'blind_structure': {}}, 'players': [{'name': 'b10902101', 'uuid': 'kgnrdbdtgrpfmaksdfgjrm', 'stack': 1012.3098560000003, 'state': 'participating'}, {'name': 'b10902068', 'uuid': 'vcfznphdbfqyrntfsqgvan', 'stack': 984.3591360000006, 'state': 'participating'}]}
community cards of this round: ['H3', 'HA', 'S2', 'H7', 'S3']
name: b10902068, hole_card: ['H5', 'DJ']
name: b10902101, hole_card: ['DA', 'HJ']
Started the round 1
Street "preflop" started. (community card = [])
name: b10902068, hole_card: ['H5', 'DJ']
name: b10902101, hole_card: ['DA', 'HJ']
"b10902101" declared "raise:25"
name: b10902068, hole_card: ['H5', 'DJ']
name: b10902101, hole_card: ['DA', 'HJ']
"b10902068" declared "raise:73.0"
name: b10902068, hole_card: ['H5', 'DJ']
name: b10902101, hole_card: ['DA', 'HJ']
"b10902101" declared "fold:0"
"['b10902068']" won the round 1 (stack = {'b10902068': 1025.0, 'b10902101': 975})
community cards of this round: ['DA', 'S6', 'H5', 'D3', 'C2']
name: b10902068, hole_card: ['DQ', 'CQ']
name: b10902101, hole_card: ['C9', 'D4']
Started the round 2
Street "preflop" started. (community card = [])
name: b10902068, hole_card: ['DQ', 'CQ']
name: b10902101, hole_card: ['C9', 'D4']
"b10902068" declared "raise:52.0"
name: b10902068, hole_card: ['DQ', 'CQ']
name: b10902101, hole_card: ['C9', 'D4']
"b10902101" declared "fold:0"
"['b10902068']" won the round 2 (stack = {'b10902068': 1035.0, 'b10902101': 965})
community cards of this round: ['C2', 'H9', 'C9', 'H7', 'D7']
name: b10902068, hole_card: ['SA', 'DK']
name: b10902101, hole_card: ['SQ', 'DA']
Started the round 3
Street "preflop" started. (community card = [])
name: b10902068, hole_card: ['SA', 'DK']
name: b10902101, hole_card: ['SQ', 'DA']
"b10902101" declared "raise:31.25"
name: b10902068, hole_card: ['SA', 'DK']
name: b10902101, hole_card: ['SQ', 'DA']
"b10902068" declared "raise:56.75"
name: b10902068, hole_card: ['SA', 'DK']
name: b10902101, hole_card: ['SQ', 'DA']
"b10902101" declared "raise:165.0999999999999"
name: b10902068, hole_card: ['SA', 'DK']
name: b10902101, hole_card: ['SQ', 'DA']
"b10902068" declared "call:165.0999999999999"
Street "flop" started. (community card = ['C2', 'H9', 'C9'])
name: b10902068, hole_card: ['SA', 'DK']
name: b10902101, hole_card: ['SQ', 'DA']
"b10902101" declared "call:0"
name: b10902068, hole_card: ['SA', 'DK']
name: b10902101, hole_card: ['SQ', 'DA']
"b10902068" declared "call:0"
Street "turn" started. (community card = ['C2', 'H9', 'C9', 'H7'])
name: b10902068, hole_card: ['SA', 'DK']
name: b10902101, hole_card: ['SQ', 'DA']
"b10902101" declared "call:0"
name: b10902068, hole_card: ['SA', 'DK']
name: b10902101, hole_card: ['SQ', 'DA']
"b10902068" declared "call:0"
Street "river" started. (community card = ['C2', 'H9', 'C9', 'H7', 'D7'])
name: b10902068, hole_card: ['SA', 'DK']
name: b10902101, hole_card: ['SQ', 'DA']
"b10902101" declared "call:0"
name: b10902068, hole_card: ['SA', 'DK']
name: b10902101, hole_card: ['SQ', 'DA']
"b10902068" declared "call:0"
"['b10902068']" won the round 3 (stack = {'b10902068': 1199.9, 'b10902101': 799.9000000000001})
community cards of this round: ['H7', 'DQ', 'C2', 'D5', 'H9']
name: b10902068, hole_card: ['C5', 'CJ']
name: b10902101, hole_card: ['DA', 'DK']
Started the round 4
Street "preflop" started. (community card = [])
name: b10902068, hole_card: ['C5', 'CJ']
name: b10902101, hole_card: ['DA', 'DK']
"b10902068" declared "fold:0"
"['b10902101']" won the round 4 (stack = {'b10902068': 1194.9, 'b10902101': 804.9000000000001})
community cards of this round: ['ST', 'HT', 'S3', 'S5', 'DA']
name: b10902068, hole_card: ['CK', 'DQ']
name: b10902101, hole_card: ['C3', 'S4']
Started the round 5
Street "preflop" started. (community card = [])
name: b10902068, hole_card: ['CK', 'DQ']
name: b10902101, hole_card: ['C3', 'S4']
"b10902101" declared "raise:804.9000000000001"
name: b10902068, hole_card: ['CK', 'DQ']
name: b10902101, hole_card: ['C3', 'S4']
"b10902068" declared "fold:0"
"['b10902101']" won the round 5 (stack = {'b10902068': 1184.9, 'b10902101': 814.0})
community cards of this round: ['S2', 'S6', 'DA', 'H4', 'S8']
name: b10902068, hole_card: ['D6', 'D2']
name: b10902101, hole_card: ['S9', 'D5']
Started the round 6
Street "preflop" started. (community card = [])
name: b10902068, hole_card: ['D6', 'D2']
name: b10902101, hole_card: ['S9', 'D5']
"b10902068" declared "fold:0"
"['b10902101']" won the round 6 (stack = {'b10902068': 1179.9, 'b10902101': 819.0})
community cards of this round: ['S9', 'D6', 'H9', 'H7', 'D4']
name: b10902068, hole_card: ['D3', 'SK']
name: b10902101, hole_card: ['S5', 'C4']
Started the round 7
Street "preflop" started. (community card = [])
name: b10902068, hole_card: ['D3', 'SK']
name: b10902101, hole_card: ['S5', 'C4']
"b10902101" declared "raise:819.0"
name: b10902068, hole_card: ['D3', 'SK']
name: b10902101, hole_card: ['S5', 'C4']
"b10902068" declared "fold:0"
"['b10902101']" won the round 7 (stack = {'b10902068': 1169.9, 'b10902101': 829.0})
community cards of this round: ['C3', 'H6', 'C2', 'CQ', 'SA']
name: b10902068, hole_card: ['H3', 'DA']
name: b10902101, hole_card: ['H7', 'C8']
Started the round 8
Street "preflop" started. (community card = [])
name: b10902068, hole_card: ['H3', 'DA']
name: b10902101, hole_card: ['H7', 'C8']
"b10902068" declared "fold:0"
"['b10902101']" won the round 8 (stack = {'b10902068': 1164.9, 'b10902101': 834.0})
community cards of this round: ['S5', 'C5', 'H7', 'DQ', 'S3']
name: b10902068, hole_card: ['D9', 'H8']
name: b10902101, hole_card: ['C6', 'S9']
Started the round 9
Street "preflop" started. (community card = [])
name: b10902068, hole_card: ['D9', 'H8']
name: b10902101, hole_card: ['C6', 'S9']
"b10902101" declared "raise:834.0"
name: b10902068, hole_card: ['D9', 'H8']
name: b10902101, hole_card: ['C6', 'S9']
"b10902068" declared "fold:0"
"['b10902101']" won the round 9 (stack = {'b10902068': 1154.9, 'b10902101': 844.0})
community cards of this round: ['CJ', 'DQ', 'S2', 'D3', 'S8']
name: b10902068, hole_card: ['HA', 'C9']
name: b10902101, hole_card: ['S7', 'ST']
Started the round 10
Street "preflop" started. (community card = [])
name: b10902068, hole_card: ['HA', 'C9']
name: b10902101, hole_card: ['S7', 'ST']
"b10902068" declared "fold:0"
"['b10902101']" won the round 10 (stack = {'b10902068': 1149.9, 'b10902101': 849.0})
community cards of this round: ['D9', 'HQ', 'S7', 'S3', 'D2']
name: b10902068, hole_card: ['HJ', 'DQ']
name: b10902101, hole_card: ['H6', 'S6']
Started the round 11
Street "preflop" started. (community card = [])
name: b10902068, hole_card: ['HJ', 'DQ']
name: b10902101, hole_card: ['H6', 'S6']
"b10902101" declared "raise:849.0"
name: b10902068, hole_card: ['HJ', 'DQ']
name: b10902101, hole_card: ['H6', 'S6']
"b10902068" declared "fold:0"
"['b10902101']" won the round 11 (stack = {'b10902068': 1139.9, 'b10902101': 859.0})
community cards of this round: ['DT', 'D8', 'S4', 'SA', 'C5']
name: b10902068, hole_card: ['SK', 'C8']
name: b10902101, hole_card: ['H5', 'D3']
Started the round 12
Street "preflop" started. (community card = [])
name: b10902068, hole_card: ['SK', 'C8']
name: b10902101, hole_card: ['H5', 'D3']
"b10902068" declared "fold:0"
"['b10902101']" won the round 12 (stack = {'b10902068': 1134.9, 'b10902101': 864.0})
community cards of this round: ['C8', 'HK', 'H2', 'CK', 'D6']
name: b10902068, hole_card: ['D3', 'ST']
name: b10902101, hole_card: ['HQ', 'S2']
Started the round 13
Street "preflop" started. (community card = [])
name: b10902068, hole_card: ['D3', 'ST']
name: b10902101, hole_card: ['HQ', 'S2']
"b10902101" declared "raise:864.0"
name: b10902068, hole_card: ['D3', 'ST']
name: b10902101, hole_card: ['HQ', 'S2']
"b10902068" declared "fold:0"
"['b10902101']" won the round 13 (stack = {'b10902068': 1124.9, 'b10902101': 874.0})
community cards of this round: ['HT', 'C3', 'D8', 'H4', 'H6']
name: b10902068, hole_card: ['S2', 'H8']
name: b10902101, hole_card: ['D2', 'S7']
Started the round 14
Street "preflop" started. (community card = [])
name: b10902068, hole_card: ['S2', 'H8']
name: b10902101, hole_card: ['D2', 'S7']
"b10902068" declared "fold:0"
"['b10902101']" won the round 14 (stack = {'b10902068': 1119.9, 'b10902101': 879.0})
community cards of this round: ['HT', 'DQ', 'C9', 'HJ', 'HK']
name: b10902068, hole_card: ['C3', 'C7']
name: b10902101, hole_card: ['DT', 'HQ']
Started the round 15
Street "preflop" started. (community card = [])
name: b10902068, hole_card: ['C3', 'C7']
name: b10902101, hole_card: ['DT', 'HQ']
"b10902101" declared "raise:879.0"
name: b10902068, hole_card: ['C3', 'C7']
name: b10902101, hole_card: ['DT', 'HQ']
"b10902068" declared "fold:0"
"['b10902101']" won the round 15 (stack = {'b10902068': 1109.9, 'b10902101': 889.0})
community cards of this round: ['D5', 'C6', 'S4', 'SK', 'DK']
name: b10902068, hole_card: ['CA', 'SA']
name: b10902101, hole_card: ['H2', 'ST']
Started the round 16
Street "preflop" started. (community card = [])
name: b10902068, hole_card: ['CA', 'SA']
name: b10902101, hole_card: ['H2', 'ST']
"b10902068" declared "fold:0"
"['b10902101']" won the round 16 (stack = {'b10902068': 1104.9, 'b10902101': 894.0})
community cards of this round: ['HK', 'HJ', 'H4', 'H6', 'SK']
name: b10902068, hole_card: ['CJ', 'S6']
name: b10902101, hole_card: ['C2', 'H7']
Started the round 17
Street "preflop" started. (community card = [])
name: b10902068, hole_card: ['CJ', 'S6']
name: b10902101, hole_card: ['C2', 'H7']
"b10902101" declared "raise:894.0"
name: b10902068, hole_card: ['CJ', 'S6']
name: b10902101, hole_card: ['C2', 'H7']
"b10902068" declared "fold:0"
"['b10902101']" won the round 17 (stack = {'b10902068': 1094.9, 'b10902101': 904.0})
community cards of this round: ['D2', 'D4', 'D7', 'CK', 'DT']
name: b10902068, hole_card: ['SQ', 'CQ']
name: b10902101, hole_card: ['S7', 'C6']
Started the round 18
Street "preflop" started. (community card = [])
name: b10902068, hole_card: ['SQ', 'CQ']
name: b10902101, hole_card: ['S7', 'C6']
"b10902068" declared "fold:0"
"['b10902101']" won the round 18 (stack = {'b10902068': 1089.9, 'b10902101': 909.0})
community cards of this round: ['C6', 'H2', 'D9', 'HA', 'CJ']
name: b10902068, hole_card: ['HJ', 'SJ']
name: b10902101, hole_card: ['HT', 'D2']
Started the round 19
Street "preflop" started. (community card = [])
name: b10902068, hole_card: ['HJ', 'SJ']
name: b10902101, hole_card: ['HT', 'D2']
"b10902101" declared "raise:909.0"
name: b10902068, hole_card: ['HJ', 'SJ']
name: b10902101, hole_card: ['HT', 'D2']
"b10902068" declared "fold:0"
"['b10902101']" won the round 19 (stack = {'b10902068': 1079.9, 'b10902101': 919.0})
community cards of this round: ['C2', 'H2', 'DT', 'C4', 'SJ']
name: b10902068, hole_card: ['CT', 'C3']
name: b10902101, hole_card: ['H8', 'S9']
Started the round 20
Street "preflop" started. (community card = [])
name: b10902068, hole_card: ['CT', 'C3']
name: b10902101, hole_card: ['H8', 'S9']
"b10902068" declared "fold:0"
"['b10902101']" won the round 20 (stack = {'b10902068': 1074.9, 'b10902101': 924.0})
b10902101 vs b10902068 - Game 5: {'rule': {'initial_stack': 1000, 'max_round': 20, 'small_blind_amount': 5, 'ante': 0, 'blind_structure': {}}, 'players': [{'name': 'b10902068', 'uuid': 'xpltwenmbbqxaaaaltuidf', 'stack': 1074.9, 'state': 'participating'}, {'name': 'b10902101', 'uuid': 'qcnnfyghgfdzyvdzydznem', 'stack': 924.0, 'state': 'participating'}]}
Final Result: b10902101 won 4 games (stack: 5331.348576), b10902068 won 1 games (stack: 4660.791456000001)
