community cards of this round: ['H2', 'S2', 'CT', 'S3', 'D3']
name: b10202053, hole_card: ['D2', 'C9']
name: b10902111, hole_card: ['CA', 'SQ']
Started the round 1
Street "preflop" started. (community card = [])
name: b10202053, hole_card: ['D2', 'C9']
name: b10902111, hole_card: ['CA', 'SQ']
"b10902111" declared "call:10"
name: b10202053, hole_card: ['D2', 'C9']
name: b10902111, hole_card: ['CA', 'SQ']
"b10202053" declared "fold:0"
"['b10902111']" won the round 1 (stack = {'b10202053': 990, 'b10902111': 1010})
community cards of this round: ['D8', 'H7', 'D6', 'CK', 'S6']
name: b10202053, hole_card: ['C2', 'H2']
name: b10902111, hole_card: ['S8', 'C4']
Started the round 2
Street "preflop" started. (community card = [])
name: b10202053, hole_card: ['C2', 'H2']
name: b10902111, hole_card: ['S8', 'C4']
"b10202053" declared "raise:151.0"
name: b10202053, hole_card: ['C2', 'H2']
name: b10902111, hole_card: ['S8', 'C4']
"b10902111" declared "call:151.0"
Street "flop" started. (community card = ['D8', 'H7', 'D6'])
name: b10202053, hole_card: ['C2', 'H2']
name: b10902111, hole_card: ['S8', 'C4']
"b10202053" declared "call:0"
name: b10202053, hole_card: ['C2', 'H2']
name: b10902111, hole_card: ['S8', 'C4']
"b10902111" declared "raise:10"
name: b10202053, hole_card: ['C2', 'H2']
name: b10902111, hole_card: ['S8', 'C4']
"b10202053" declared "call:10"
Street "turn" started. (community card = ['D8', 'H7', 'D6', 'CK'])
name: b10202053, hole_card: ['C2', 'H2']
name: b10902111, hole_card: ['S8', 'C4']
"b10202053" declared "call:0"
name: b10202053, hole_card: ['C2', 'H2']
name: b10902111, hole_card: ['S8', 'C4']
"b10902111" declared "raise:10"
name: b10202053, hole_card: ['C2', 'H2']
name: b10902111, hole_card: ['S8', 'C4']
"b10202053" declared "call:10"
Street "river" started. (community card = ['D8', 'H7', 'D6', 'CK', 'S6'])
name: b10202053, hole_card: ['C2', 'H2']
name: b10902111, hole_card: ['S8', 'C4']
"b10202053" declared "call:0"
name: b10202053, hole_card: ['C2', 'H2']
name: b10902111, hole_card: ['S8', 'C4']
"b10902111" declared "raise:10"
name: b10202053, hole_card: ['C2', 'H2']
name: b10902111, hole_card: ['S8', 'C4']
"b10202053" declared "call:10"
"['b10902111']" won the round 2 (stack = {'b10202053': 809.0, 'b10902111': 1191.0})
community cards of this round: ['S4', 'H2', 'SQ', 'S7', 'CK']
name: b10202053, hole_card: ['DQ', 'HT']
name: b10902111, hole_card: ['CJ', 'S2']
Started the round 3
Street "preflop" started. (community card = [])
name: b10202053, hole_card: ['DQ', 'HT']
name: b10902111, hole_card: ['CJ', 'S2']
"b10902111" declared "fold:0"
"['b10202053']" won the round 3 (stack = {'b10202053': 814.0, 'b10902111': 1186.0})
community cards of this round: ['DK', 'HT', 'DQ', 'H3', 'SK']
name: b10202053, hole_card: ['S6', 'D5']
name: b10902111, hole_card: ['D2', 'CQ']
Started the round 4
Street "preflop" started. (community card = [])
name: b10202053, hole_card: ['S6', 'D5']
name: b10902111, hole_card: ['D2', 'CQ']
"b10202053" declared "raise:312.0"
name: b10202053, hole_card: ['S6', 'D5']
name: b10902111, hole_card: ['D2', 'CQ']
"b10902111" declared "fold:0"
"['b10202053']" won the round 4 (stack = {'b10202053': 824.0, 'b10902111': 1176.0})
community cards of this round: ['DJ', 'S8', 'S4', 'D4', 'SQ']
name: b10202053, hole_card: ['D6', 'H8']
name: b10902111, hole_card: ['SA', 'D7']
Started the round 5
Street "preflop" started. (community card = [])
name: b10202053, hole_card: ['D6', 'H8']
name: b10902111, hole_card: ['SA', 'D7']
"b10902111" declared "fold:0"
"['b10202053']" won the round 5 (stack = {'b10202053': 829.0, 'b10902111': 1171.0})
community cards of this round: ['ST', 'DA', 'C3', 'H5', 'H3']
name: b10202053, hole_card: ['C9', 'S2']
name: b10902111, hole_card: ['H7', 'SQ']
Started the round 6
Street "preflop" started. (community card = [])
name: b10202053, hole_card: ['C9', 'S2']
name: b10902111, hole_card: ['H7', 'SQ']
"b10202053" declared "fold:0"
"['b10902111']" won the round 6 (stack = {'b10202053': 824.0, 'b10902111': 1176.0})
community cards of this round: ['H2', 'H6', 'H4', 'C3', 'HT']
name: b10202053, hole_card: ['D8', 'D2']
name: b10902111, hole_card: ['S3', 'D3']
Started the round 7
Street "preflop" started. (community card = [])
name: b10202053, hole_card: ['D8', 'D2']
name: b10902111, hole_card: ['S3', 'D3']
"b10902111" declared "fold:0"
"['b10202053']" won the round 7 (stack = {'b10202053': 829.0, 'b10902111': 1171.0})
community cards of this round: ['H7', 'CQ', 'D7', 'C5', 'S4']
name: b10202053, hole_card: ['C2', 'C9']
name: b10902111, hole_card: ['S6', 'D4']
Started the round 8
Street "preflop" started. (community card = [])
name: b10202053, hole_card: ['C2', 'C9']
name: b10902111, hole_card: ['S6', 'D4']
"b10202053" declared "fold:0"
"['b10902111']" won the round 8 (stack = {'b10202053': 824.0, 'b10902111': 1176.0})
community cards of this round: ['S4', 'SQ', 'HQ', 'S6', 'HT']
name: b10202053, hole_card: ['HK', 'D6']
name: b10902111, hole_card: ['CQ', 'C3']
Started the round 9
Street "preflop" started. (community card = [])
name: b10202053, hole_card: ['HK', 'D6']
name: b10902111, hole_card: ['CQ', 'C3']
"b10902111" declared "fold:0"
"['b10202053']" won the round 9 (stack = {'b10202053': 829.0, 'b10902111': 1171.0})
community cards of this round: ['C9', 'CT', 'DQ', 'H9', 'S2']
name: b10202053, hole_card: ['H5', 'CK']
name: b10902111, hole_card: ['HK', 'H7']
Started the round 10
Street "preflop" started. (community card = [])
name: b10202053, hole_card: ['H5', 'CK']
name: b10902111, hole_card: ['HK', 'H7']
"b10202053" declared "raise:252.0"
name: b10202053, hole_card: ['H5', 'CK']
name: b10902111, hole_card: ['HK', 'H7']
"b10902111" declared "fold:0"
"['b10202053']" won the round 10 (stack = {'b10202053': 839.0, 'b10902111': 1161.0})
community cards of this round: ['D8', 'H4', 'HT', 'HA', 'S7']
name: b10202053, hole_card: ['C4', 'DJ']
name: b10902111, hole_card: ['HK', 'H7']
Started the round 11
Street "preflop" started. (community card = [])
name: b10202053, hole_card: ['C4', 'DJ']
name: b10902111, hole_card: ['HK', 'H7']
"b10902111" declared "fold:0"
"['b10202053']" won the round 11 (stack = {'b10202053': 844.0, 'b10902111': 1156.0})
community cards of this round: ['C3', 'S3', 'D9', 'DA', 'CJ']
name: b10202053, hole_card: ['C6', 'HA']
name: b10902111, hole_card: ['DK', 'D4']
Started the round 12
Street "preflop" started. (community card = [])
name: b10202053, hole_card: ['C6', 'HA']
name: b10902111, hole_card: ['DK', 'D4']
"b10202053" declared "raise:222.0"
name: b10202053, hole_card: ['C6', 'HA']
name: b10902111, hole_card: ['DK', 'D4']
"b10902111" declared "fold:0"
"['b10202053']" won the round 12 (stack = {'b10202053': 854.0, 'b10902111': 1146.0})
community cards of this round: ['HT', 'S6', 'D9', 'H5', 'H3']
name: b10202053, hole_card: ['C8', 'S4']
name: b10902111, hole_card: ['D7', 'S7']
Started the round 13
Street "preflop" started. (community card = [])
name: b10202053, hole_card: ['C8', 'S4']
name: b10902111, hole_card: ['D7', 'S7']
"b10902111" declared "fold:0"
"['b10202053']" won the round 13 (stack = {'b10202053': 859.0, 'b10902111': 1141.0})
community cards of this round: ['HK', 'DJ', 'ST', 'D7', 'H2']
name: b10202053, hole_card: ['C4', 'HT']
name: b10902111, hole_card: ['SK', 'S4']
Started the round 14
Street "preflop" started. (community card = [])
name: b10202053, hole_card: ['C4', 'HT']
name: b10902111, hole_card: ['SK', 'S4']
"b10202053" declared "raise:192.0"
name: b10202053, hole_card: ['C4', 'HT']
name: b10902111, hole_card: ['SK', 'S4']
"b10902111" declared "fold:0"
"['b10202053']" won the round 14 (stack = {'b10202053': 869.0, 'b10902111': 1131.0})
community cards of this round: ['C6', 'DT', 'D7', 'H8', 'HQ']
name: b10202053, hole_card: ['D3', 'S2']
name: b10902111, hole_card: ['C8', 'D6']
Started the round 15
Street "preflop" started. (community card = [])
name: b10202053, hole_card: ['D3', 'S2']
name: b10902111, hole_card: ['C8', 'D6']
"b10902111" declared "fold:0"
"['b10202053']" won the round 15 (stack = {'b10202053': 874.0, 'b10902111': 1126.0})
community cards of this round: ['H7', 'S2', 'CK', 'HT', 'S5']
name: b10202053, hole_card: ['CA', 'C9']
name: b10902111, hole_card: ['CT', 'SQ']
Started the round 16
Street "preflop" started. (community card = [])
name: b10202053, hole_card: ['CA', 'C9']
name: b10902111, hole_card: ['CT', 'SQ']
"b10202053" declared "fold:0"
"['b10902111']" won the round 16 (stack = {'b10202053': 869.0, 'b10902111': 1131.0})
community cards of this round: ['D9', 'ST', 'HA', 'CQ', 'S4']
name: b10202053, hole_card: ['C7', 'S7']
name: b10902111, hole_card: ['DA', 'SA']
Started the round 17
Street "preflop" started. (community card = [])
name: b10202053, hole_card: ['C7', 'S7']
name: b10902111, hole_card: ['DA', 'SA']
"b10902111" declared "fold:0"
"['b10202053']" won the round 17 (stack = {'b10202053': 874.0, 'b10902111': 1126.0})
community cards of this round: ['SJ', 'S4', 'DA', 'CK', 'D7']
name: b10202053, hole_card: ['S6', 'C3']
name: b10902111, hole_card: ['H8', 'C6']
Started the round 18
Street "preflop" started. (community card = [])
name: b10202053, hole_card: ['S6', 'C3']
name: b10902111, hole_card: ['H8', 'C6']
"b10202053" declared "raise:147.0"
name: b10202053, hole_card: ['S6', 'C3']
name: b10902111, hole_card: ['H8', 'C6']
"b10902111" declared "fold:0"
"['b10202053']" won the round 18 (stack = {'b10202053': 884.0, 'b10902111': 1116.0})
community cards of this round: ['D5', 'CK', 'C8', 'S5', 'D9']
name: b10202053, hole_card: ['S9', 'C7']
name: b10902111, hole_card: ['H6', 'D3']
Started the round 19
Street "preflop" started. (community card = [])
name: b10202053, hole_card: ['S9', 'C7']
name: b10902111, hole_card: ['H6', 'D3']
"b10902111" declared "fold:0"
"['b10202053']" won the round 19 (stack = {'b10202053': 889.0, 'b10902111': 1111.0})
community cards of this round: ['C8', 'HA', 'D4', 'S9', 'SQ']
name: b10202053, hole_card: ['S6', 'S3']
name: b10902111, hole_card: ['ST', 'CJ']
Started the round 20
Street "preflop" started. (community card = [])
name: b10202053, hole_card: ['S6', 'S3']
name: b10902111, hole_card: ['ST', 'CJ']
"b10202053" declared "raise:117.0"
name: b10202053, hole_card: ['S6', 'S3']
name: b10902111, hole_card: ['ST', 'CJ']
"b10902111" declared "fold:0"
"['b10202053']" won the round 20 (stack = {'b10202053': 899.0, 'b10902111': 1101.0})
b10902111 vs b10202053 - Game 1: {'rule': {'initial_stack': 1000, 'max_round': 20, 'small_blind_amount': 5, 'ante': 0, 'blind_structure': {}}, 'players': [{'name': 'b10202053', 'uuid': 'htjimttnuvvbshgfbsmyqc', 'stack': 899.0, 'state': 'participating'}, {'name': 'b10902111', 'uuid': 'nssrjwsmcnjvjdrkzckzbg', 'stack': 1101.0, 'state': 'participating'}]}
community cards of this round: ['H2', 'S2', 'CT', 'S3', 'D3']
name: b10902111, hole_card: ['D2', 'C9']
name: b10202053, hole_card: ['CA', 'SQ']
Started the round 1
Street "preflop" started. (community card = [])
name: b10902111, hole_card: ['D2', 'C9']
name: b10202053, hole_card: ['CA', 'SQ']
"b10202053" declared "raise:151.0"
name: b10902111, hole_card: ['D2', 'C9']
name: b10202053, hole_card: ['CA', 'SQ']
"b10902111" declared "fold:0"
"['b10202053']" won the round 1 (stack = {'b10902111': 990, 'b10202053': 1010.0})
community cards of this round: ['D8', 'H7', 'D6', 'CK', 'S6']
name: b10902111, hole_card: ['C2', 'H2']
name: b10202053, hole_card: ['S8', 'C4']
Started the round 2
Street "preflop" started. (community card = [])
name: b10902111, hole_card: ['C2', 'H2']
name: b10202053, hole_card: ['S8', 'C4']
"b10902111" declared "call:10"
name: b10902111, hole_card: ['C2', 'H2']
name: b10202053, hole_card: ['S8', 'C4']
"b10202053" declared "fold:0"
"['b10902111']" won the round 2 (stack = {'b10902111': 1000, 'b10202053': 1000.0})
community cards of this round: ['S4', 'H2', 'SQ', 'S7', 'CK']
name: b10902111, hole_card: ['DQ', 'HT']
name: b10202053, hole_card: ['CJ', 'S2']
Started the round 3
Street "preflop" started. (community card = [])
name: b10902111, hole_card: ['DQ', 'HT']
name: b10202053, hole_card: ['CJ', 'S2']
"b10202053" declared "fold:0"
"['b10902111']" won the round 3 (stack = {'b10902111': 1005, 'b10202053': 995.0})
community cards of this round: ['DK', 'HT', 'DQ', 'H3', 'SK']
name: b10902111, hole_card: ['S6', 'D5']
name: b10202053, hole_card: ['D2', 'CQ']
Started the round 4
Street "preflop" started. (community card = [])
name: b10902111, hole_card: ['S6', 'D5']
name: b10202053, hole_card: ['D2', 'CQ']
"b10902111" declared "call:10"
name: b10902111, hole_card: ['S6', 'D5']
name: b10202053, hole_card: ['D2', 'CQ']
"b10202053" declared "fold:0"
"['b10902111']" won the round 4 (stack = {'b10902111': 1015, 'b10202053': 985.0})
community cards of this round: ['DJ', 'S8', 'S4', 'D4', 'SQ']
name: b10902111, hole_card: ['D6', 'H8']
name: b10202053, hole_card: ['SA', 'D7']
Started the round 5
Street "preflop" started. (community card = [])
name: b10902111, hole_card: ['D6', 'H8']
name: b10202053, hole_card: ['SA', 'D7']
"b10202053" declared "raise:136.0"
name: b10902111, hole_card: ['D6', 'H8']
name: b10202053, hole_card: ['SA', 'D7']
"b10902111" declared "call:136.0"
Street "flop" started. (community card = ['DJ', 'S8', 'S4'])
name: b10902111, hole_card: ['D6', 'H8']
name: b10202053, hole_card: ['SA', 'D7']
"b10202053" declared "call:0"
name: b10902111, hole_card: ['D6', 'H8']
name: b10202053, hole_card: ['SA', 'D7']
"b10902111" declared "raise:10"
name: b10902111, hole_card: ['D6', 'H8']
name: b10202053, hole_card: ['SA', 'D7']
"b10202053" declared "call:10"
Street "turn" started. (community card = ['DJ', 'S8', 'S4', 'D4'])
name: b10902111, hole_card: ['D6', 'H8']
name: b10202053, hole_card: ['SA', 'D7']
"b10202053" declared "call:0"
name: b10902111, hole_card: ['D6', 'H8']
name: b10202053, hole_card: ['SA', 'D7']
"b10902111" declared "raise:10"
name: b10902111, hole_card: ['D6', 'H8']
name: b10202053, hole_card: ['SA', 'D7']
"b10202053" declared "call:10"
Street "river" started. (community card = ['DJ', 'S8', 'S4', 'D4', 'SQ'])
name: b10902111, hole_card: ['D6', 'H8']
name: b10202053, hole_card: ['SA', 'D7']
"b10202053" declared "call:0"
name: b10902111, hole_card: ['D6', 'H8']
name: b10202053, hole_card: ['SA', 'D7']
"b10902111" declared "call:0"
"['b10902111']" won the round 5 (stack = {'b10902111': 1171.0, 'b10202053': 829.0})
community cards of this round: ['ST', 'DA', 'C3', 'H5', 'H3']
name: b10902111, hole_card: ['C9', 'S2']
name: b10202053, hole_card: ['H7', 'SQ']
Started the round 6
Street "preflop" started. (community card = [])
name: b10902111, hole_card: ['C9', 'S2']
name: b10202053, hole_card: ['H7', 'SQ']
"b10902111" declared "fold:0"
"['b10202053']" won the round 6 (stack = {'b10902111': 1166.0, 'b10202053': 834.0})
community cards of this round: ['H2', 'H6', 'H4', 'C3', 'HT']
name: b10902111, hole_card: ['D8', 'D2']
name: b10202053, hole_card: ['S3', 'D3']
Started the round 7
Street "preflop" started. (community card = [])
name: b10902111, hole_card: ['D8', 'D2']
name: b10202053, hole_card: ['S3', 'D3']
"b10202053" declared "raise:272.0"
name: b10902111, hole_card: ['D8', 'D2']
name: b10202053, hole_card: ['S3', 'D3']
"b10902111" declared "fold:0"
"['b10202053']" won the round 7 (stack = {'b10902111': 1156.0, 'b10202053': 844.0})
community cards of this round: ['H7', 'CQ', 'D7', 'C5', 'S4']
name: b10902111, hole_card: ['C2', 'C9']
name: b10202053, hole_card: ['S6', 'D4']
Started the round 8
Street "preflop" started. (community card = [])
name: b10902111, hole_card: ['C2', 'C9']
name: b10202053, hole_card: ['S6', 'D4']
"b10902111" declared "fold:0"
"['b10202053']" won the round 8 (stack = {'b10902111': 1151.0, 'b10202053': 849.0})
community cards of this round: ['S4', 'SQ', 'HQ', 'S6', 'HT']
name: b10902111, hole_card: ['HK', 'D6']
name: b10202053, hole_card: ['CQ', 'C3']
Started the round 9
Street "preflop" started. (community card = [])
name: b10902111, hole_card: ['HK', 'D6']
name: b10202053, hole_card: ['CQ', 'C3']
"b10202053" declared "raise:242.0"
name: b10902111, hole_card: ['HK', 'D6']
name: b10202053, hole_card: ['CQ', 'C3']
"b10902111" declared "fold:0"
"['b10202053']" won the round 9 (stack = {'b10902111': 1141.0, 'b10202053': 859.0})
community cards of this round: ['C9', 'CT', 'DQ', 'H9', 'S2']
name: b10902111, hole_card: ['H5', 'CK']
name: b10202053, hole_card: ['HK', 'H7']
Started the round 10
Street "preflop" started. (community card = [])
name: b10902111, hole_card: ['H5', 'CK']
name: b10202053, hole_card: ['HK', 'H7']
"b10902111" declared "fold:0"
"['b10202053']" won the round 10 (stack = {'b10902111': 1136.0, 'b10202053': 864.0})
community cards of this round: ['D8', 'H4', 'HT', 'HA', 'S7']
name: b10902111, hole_card: ['C4', 'DJ']
name: b10202053, hole_card: ['HK', 'H7']
Started the round 11
Street "preflop" started. (community card = [])
name: b10902111, hole_card: ['C4', 'DJ']
name: b10202053, hole_card: ['HK', 'H7']
"b10202053" declared "raise:212.0"
name: b10902111, hole_card: ['C4', 'DJ']
name: b10202053, hole_card: ['HK', 'H7']
"b10902111" declared "fold:0"
"['b10202053']" won the round 11 (stack = {'b10902111': 1126.0, 'b10202053': 874.0})
community cards of this round: ['C3', 'S3', 'D9', 'DA', 'CJ']
name: b10902111, hole_card: ['C6', 'HA']
name: b10202053, hole_card: ['DK', 'D4']
Started the round 12
Street "preflop" started. (community card = [])
name: b10902111, hole_card: ['C6', 'HA']
name: b10202053, hole_card: ['DK', 'D4']
"b10902111" declared "fold:0"
"['b10202053']" won the round 12 (stack = {'b10902111': 1121.0, 'b10202053': 879.0})
community cards of this round: ['HT', 'S6', 'D9', 'H5', 'H3']
name: b10902111, hole_card: ['C8', 'S4']
name: b10202053, hole_card: ['D7', 'S7']
Started the round 13
Street "preflop" started. (community card = [])
name: b10902111, hole_card: ['C8', 'S4']
name: b10202053, hole_card: ['D7', 'S7']
"b10202053" declared "raise:182.0"
name: b10902111, hole_card: ['C8', 'S4']
name: b10202053, hole_card: ['D7', 'S7']
"b10902111" declared "fold:0"
"['b10202053']" won the round 13 (stack = {'b10902111': 1111.0, 'b10202053': 889.0})
community cards of this round: ['HK', 'DJ', 'ST', 'D7', 'H2']
name: b10902111, hole_card: ['C4', 'HT']
name: b10202053, hole_card: ['SK', 'S4']
Started the round 14
Street "preflop" started. (community card = [])
name: b10902111, hole_card: ['C4', 'HT']
name: b10202053, hole_card: ['SK', 'S4']
"b10902111" declared "fold:0"
"['b10202053']" won the round 14 (stack = {'b10902111': 1106.0, 'b10202053': 894.0})
community cards of this round: ['C6', 'DT', 'D7', 'H8', 'HQ']
name: b10902111, hole_card: ['D3', 'S2']
name: b10202053, hole_card: ['C8', 'D6']
Started the round 15
Street "preflop" started. (community card = [])
name: b10902111, hole_card: ['D3', 'S2']
name: b10202053, hole_card: ['C8', 'D6']
"b10202053" declared "raise:152.0"
name: b10902111, hole_card: ['D3', 'S2']
name: b10202053, hole_card: ['C8', 'D6']
"b10902111" declared "fold:0"
"['b10202053']" won the round 15 (stack = {'b10902111': 1096.0, 'b10202053': 904.0})
community cards of this round: ['H7', 'S2', 'CK', 'HT', 'S5']
name: b10902111, hole_card: ['CA', 'C9']
name: b10202053, hole_card: ['CT', 'SQ']
Started the round 16
Street "preflop" started. (community card = [])
name: b10902111, hole_card: ['CA', 'C9']
name: b10202053, hole_card: ['CT', 'SQ']
"b10902111" declared "fold:0"
"['b10202053']" won the round 16 (stack = {'b10902111': 1091.0, 'b10202053': 909.0})
community cards of this round: ['D9', 'ST', 'HA', 'CQ', 'S4']
name: b10902111, hole_card: ['C7', 'S7']
name: b10202053, hole_card: ['DA', 'SA']
Started the round 17
Street "preflop" started. (community card = [])
name: b10902111, hole_card: ['C7', 'S7']
name: b10202053, hole_card: ['DA', 'SA']
"b10202053" declared "raise:122.0"
name: b10902111, hole_card: ['C7', 'S7']
name: b10202053, hole_card: ['DA', 'SA']
"b10902111" declared "fold:0"
"['b10202053']" won the round 17 (stack = {'b10902111': 1081.0, 'b10202053': 919.0})
community cards of this round: ['SJ', 'S4', 'DA', 'CK', 'D7']
name: b10902111, hole_card: ['S6', 'C3']
name: b10202053, hole_card: ['H8', 'C6']
Started the round 18
Street "preflop" started. (community card = [])
name: b10902111, hole_card: ['S6', 'C3']
name: b10202053, hole_card: ['H8', 'C6']
"b10902111" declared "fold:0"
"['b10202053']" won the round 18 (stack = {'b10902111': 1076.0, 'b10202053': 924.0})
community cards of this round: ['D5', 'CK', 'C8', 'S5', 'D9']
name: b10902111, hole_card: ['S9', 'C7']
name: b10202053, hole_card: ['H6', 'D3']
Started the round 19
Street "preflop" started. (community card = [])
name: b10902111, hole_card: ['S9', 'C7']
name: b10202053, hole_card: ['H6', 'D3']
"b10202053" declared "raise:92.0"
name: b10902111, hole_card: ['S9', 'C7']
name: b10202053, hole_card: ['H6', 'D3']
"b10902111" declared "fold:0"
"['b10202053']" won the round 19 (stack = {'b10902111': 1066.0, 'b10202053': 934.0})
community cards of this round: ['C8', 'HA', 'D4', 'S9', 'SQ']
name: b10902111, hole_card: ['S6', 'S3']
name: b10202053, hole_card: ['ST', 'CJ']
Started the round 20
Street "preflop" started. (community card = [])
name: b10902111, hole_card: ['S6', 'S3']
name: b10202053, hole_card: ['ST', 'CJ']
"b10902111" declared "fold:0"
"['b10202053']" won the round 20 (stack = {'b10902111': 1061.0, 'b10202053': 939.0})
b10902111 vs b10202053 - Game 2: {'rule': {'initial_stack': 1000, 'max_round': 20, 'small_blind_amount': 5, 'ante': 0, 'blind_structure': {}}, 'players': [{'name': 'b10902111', 'uuid': 'xvbzlarrfbfkrdhnoacmpd', 'stack': 1061.0, 'state': 'participating'}, {'name': 'b10202053', 'uuid': 'wkkajceldwhyeigkepcrvw', 'stack': 939.0, 'state': 'participating'}]}
community cards of this round: ['H8', 'SA', 'DJ', 'D8', 'C3']
name: b10202053, hole_card: ['S6', 'S4']
name: b10902111, hole_card: ['S3', 'S2']
Started the round 1
Street "preflop" started. (community card = [])
name: b10202053, hole_card: ['S6', 'S4']
name: b10902111, hole_card: ['S3', 'S2']
"b10902111" declared "fold:0"
"['b10202053']" won the round 1 (stack = {'b10202053': 1005, 'b10902111': 995})
community cards of this round: ['H7', 'H4', 'SA', 'HJ', 'C8']
name: b10202053, hole_card: ['DT', 'HA']
name: b10902111, hole_card: ['DK', 'D9']
Started the round 2
Street "preflop" started. (community card = [])
name: b10202053, hole_card: ['DT', 'HA']
name: b10902111, hole_card: ['DK', 'D9']
"b10202053" declared "raise:136.0"
name: b10202053, hole_card: ['DT', 'HA']
name: b10902111, hole_card: ['DK', 'D9']
"b10902111" declared "call:136.0"
Street "flop" started. (community card = ['H7', 'H4', 'SA'])
name: b10202053, hole_card: ['DT', 'HA']
name: b10902111, hole_card: ['DK', 'D9']
"b10202053" declared "call:0"
name: b10202053, hole_card: ['DT', 'HA']
name: b10902111, hole_card: ['DK', 'D9']
"b10902111" declared "call:0"
Street "turn" started. (community card = ['H7', 'H4', 'SA', 'HJ'])
name: b10202053, hole_card: ['DT', 'HA']
name: b10902111, hole_card: ['DK', 'D9']
"b10202053" declared "call:0"
name: b10202053, hole_card: ['DT', 'HA']
name: b10902111, hole_card: ['DK', 'D9']
"b10902111" declared "fold:0"
"['b10202053']" won the round 2 (stack = {'b10202053': 1141.0, 'b10902111': 859.0})
community cards of this round: ['S7', 'CA', 'H9', 'H5', 'SA']
name: b10202053, hole_card: ['DT', 'D7']
name: b10902111, hole_card: ['C7', 'D3']
Started the round 3
Street "preflop" started. (community card = [])
name: b10202053, hole_card: ['DT', 'D7']
name: b10902111, hole_card: ['C7', 'D3']
"b10902111" declared "fold:0"
"['b10202053']" won the round 3 (stack = {'b10202053': 1146.0, 'b10902111': 854.0})
community cards of this round: ['D2', 'S2', 'H6', 'HT', 'DQ']
name: b10202053, hole_card: ['C6', 'DA']
name: b10902111, hole_card: ['DK', 'D5']
Started the round 4
Street "preflop" started. (community card = [])
name: b10202053, hole_card: ['C6', 'DA']
name: b10902111, hole_card: ['DK', 'D5']
"b10202053" declared "fold:0"
"['b10902111']" won the round 4 (stack = {'b10202053': 1141.0, 'b10902111': 859.0})
community cards of this round: ['S6', 'SJ', 'S2', 'D7', 'C5']
name: b10202053, hole_card: ['CJ', 'H3']
name: b10902111, hole_card: ['D6', 'H5']
Started the round 5
Street "preflop" started. (community card = [])
name: b10202053, hole_card: ['CJ', 'H3']
name: b10902111, hole_card: ['D6', 'H5']
"b10902111" declared "call:10"
name: b10202053, hole_card: ['CJ', 'H3']
name: b10902111, hole_card: ['D6', 'H5']
"b10202053" declared "fold:0"
"['b10902111']" won the round 5 (stack = {'b10202053': 1131.0, 'b10902111': 869.0})
community cards of this round: ['D5', 'HA', 'SA', 'C6', 'C2']
name: b10202053, hole_card: ['CK', 'HQ']
name: b10902111, hole_card: ['C5', 'HJ']
Started the round 6
Street "preflop" started. (community card = [])
name: b10202053, hole_card: ['CK', 'HQ']
name: b10902111, hole_card: ['C5', 'HJ']
"b10202053" declared "fold:0"
"['b10902111']" won the round 6 (stack = {'b10202053': 1126.0, 'b10902111': 874.0})
community cards of this round: ['HK', 'CQ', 'D6', 'CK', 'D2']
name: b10202053, hole_card: ['C5', 'D8']
name: b10902111, hole_card: ['C6', 'DJ']
Started the round 7
Street "preflop" started. (community card = [])
name: b10202053, hole_card: ['C5', 'D8']
name: b10902111, hole_card: ['C6', 'DJ']
"b10902111" declared "raise:15"
name: b10202053, hole_card: ['C5', 'D8']
name: b10902111, hole_card: ['C6', 'DJ']
"b10202053" declared "fold:0"
"['b10902111']" won the round 7 (stack = {'b10202053': 1116.0, 'b10902111': 884.0})
community cards of this round: ['H9', 'S6', 'ST', 'S9', 'HT']
name: b10202053, hole_card: ['D5', 'CJ']
name: b10902111, hole_card: ['C4', 'H7']
Started the round 8
Street "preflop" started. (community card = [])
name: b10202053, hole_card: ['D5', 'CJ']
name: b10902111, hole_card: ['C4', 'H7']
"b10202053" declared "fold:0"
"['b10902111']" won the round 8 (stack = {'b10202053': 1111.0, 'b10902111': 889.0})
community cards of this round: ['S4', 'HA', 'H5', 'S6', 'D7']
name: b10202053, hole_card: ['H7', 'H4']
name: b10902111, hole_card: ['H3', 'HT']
Started the round 9
Street "preflop" started. (community card = [])
name: b10202053, hole_card: ['H7', 'H4']
name: b10902111, hole_card: ['H3', 'HT']
"b10902111" declared "call:10"
name: b10202053, hole_card: ['H7', 'H4']
name: b10902111, hole_card: ['H3', 'HT']
"b10202053" declared "fold:0"
"['b10902111']" won the round 9 (stack = {'b10202053': 1101.0, 'b10902111': 899.0})
community cards of this round: ['HK', 'DT', 'SJ', 'D9', 'D7']
name: b10202053, hole_card: ['C8', 'D5']
name: b10902111, hole_card: ['CJ', 'S6']
Started the round 10
Street "preflop" started. (community card = [])
name: b10202053, hole_card: ['C8', 'D5']
name: b10902111, hole_card: ['CJ', 'S6']
"b10202053" declared "fold:0"
"['b10902111']" won the round 10 (stack = {'b10202053': 1096.0, 'b10902111': 904.0})
community cards of this round: ['H7', 'D3', 'SQ', 'DQ', 'DT']
name: b10202053, hole_card: ['HQ', 'D6']
name: b10902111, hole_card: ['C2', 'SK']
Started the round 11
Street "preflop" started. (community card = [])
name: b10202053, hole_card: ['HQ', 'D6']
name: b10902111, hole_card: ['C2', 'SK']
"b10902111" declared "call:10"
name: b10202053, hole_card: ['HQ', 'D6']
name: b10902111, hole_card: ['C2', 'SK']
"b10202053" declared "fold:0"
"['b10902111']" won the round 11 (stack = {'b10202053': 1086.0, 'b10902111': 914.0})
community cards of this round: ['H5', 'DA', 'D5', 'D4', 'S2']
name: b10202053, hole_card: ['HQ', 'HJ']
name: b10902111, hole_card: ['SA', 'S8']
Started the round 12
Street "preflop" started. (community card = [])
name: b10202053, hole_card: ['HQ', 'HJ']
name: b10902111, hole_card: ['SA', 'S8']
"b10202053" declared "fold:0"
"['b10902111']" won the round 12 (stack = {'b10202053': 1081.0, 'b10902111': 919.0})
community cards of this round: ['CQ', 'DJ', 'D7', 'SK', 'H8']
name: b10202053, hole_card: ['H4', 'C3']
name: b10902111, hole_card: ['DK', 'SJ']
Started the round 13
Street "preflop" started. (community card = [])
name: b10202053, hole_card: ['H4', 'C3']
name: b10902111, hole_card: ['DK', 'SJ']
"b10902111" declared "call:10"
name: b10202053, hole_card: ['H4', 'C3']
name: b10902111, hole_card: ['DK', 'SJ']
"b10202053" declared "fold:0"
"['b10902111']" won the round 13 (stack = {'b10202053': 1071.0, 'b10902111': 929.0})
community cards of this round: ['HQ', 'H8', 'S2', 'SK', 'D2']
name: b10202053, hole_card: ['HT', 'HA']
name: b10902111, hole_card: ['C2', 'HK']
Started the round 14
Street "preflop" started. (community card = [])
name: b10202053, hole_card: ['HT', 'HA']
name: b10902111, hole_card: ['C2', 'HK']
"b10202053" declared "fold:0"
"['b10902111']" won the round 14 (stack = {'b10202053': 1066.0, 'b10902111': 934.0})
community cards of this round: ['CK', 'D3', 'HK', 'S5', 'D8']
name: b10202053, hole_card: ['DA', 'HJ']
name: b10902111, hole_card: ['DT', 'C8']
Started the round 15
Street "preflop" started. (community card = [])
name: b10202053, hole_card: ['DA', 'HJ']
name: b10902111, hole_card: ['DT', 'C8']
"b10902111" declared "raise:15"
name: b10202053, hole_card: ['DA', 'HJ']
name: b10902111, hole_card: ['DT', 'C8']
"b10202053" declared "fold:0"
"['b10902111']" won the round 15 (stack = {'b10202053': 1056.0, 'b10902111': 944.0})
community cards of this round: ['C8', 'CA', 'DJ', 'S3', 'S5']
name: b10202053, hole_card: ['C9', 'HK']
name: b10902111, hole_card: ['SJ', 'D3']
Started the round 16
Street "preflop" started. (community card = [])
name: b10202053, hole_card: ['C9', 'HK']
name: b10902111, hole_card: ['SJ', 'D3']
"b10202053" declared "fold:0"
"['b10902111']" won the round 16 (stack = {'b10202053': 1051.0, 'b10902111': 949.0})
community cards of this round: ['H4', 'DK', 'S6', 'CT', 'HA']
name: b10202053, hole_card: ['D7', 'SK']
name: b10902111, hole_card: ['H9', 'C8']
Started the round 17
Street "preflop" started. (community card = [])
name: b10202053, hole_card: ['D7', 'SK']
name: b10902111, hole_card: ['H9', 'C8']
"b10902111" declared "call:10"
name: b10202053, hole_card: ['D7', 'SK']
name: b10902111, hole_card: ['H9', 'C8']
"b10202053" declared "fold:0"
"['b10902111']" won the round 17 (stack = {'b10202053': 1041.0, 'b10902111': 959.0})
community cards of this round: ['HK', 'S5', 'C3', 'SJ', 'H8']
name: b10202053, hole_card: ['D3', 'H4']
name: b10902111, hole_card: ['S2', 'DT']
Started the round 18
Street "preflop" started. (community card = [])
name: b10202053, hole_card: ['D3', 'H4']
name: b10902111, hole_card: ['S2', 'DT']
"b10202053" declared "fold:0"
"['b10902111']" won the round 18 (stack = {'b10202053': 1036.0, 'b10902111': 964.0})
community cards of this round: ['S4', 'SK', 'H7', 'SA', 'S6']
name: b10202053, hole_card: ['H9', 'SJ']
name: b10902111, hole_card: ['D3', 'H6']
Started the round 19
Street "preflop" started. (community card = [])
name: b10202053, hole_card: ['H9', 'SJ']
name: b10902111, hole_card: ['D3', 'H6']
"b10902111" declared "fold:0"
"['b10202053']" won the round 19 (stack = {'b10202053': 1041.0, 'b10902111': 959.0})
community cards of this round: ['DT', 'SJ', 'CK', 'HT', 'C9']
name: b10202053, hole_card: ['HQ', 'DK']
name: b10902111, hole_card: ['H3', 'DA']
Started the round 20
Street "preflop" started. (community card = [])
name: b10202053, hole_card: ['HQ', 'DK']
name: b10902111, hole_card: ['H3', 'DA']
"b10202053" declared "fold:0"
"['b10902111']" won the round 20 (stack = {'b10202053': 1036.0, 'b10902111': 964.0})
b10902111 vs b10202053 - Game 3: {'rule': {'initial_stack': 1000, 'max_round': 20, 'small_blind_amount': 5, 'ante': 0, 'blind_structure': {}}, 'players': [{'name': 'b10202053', 'uuid': 'hiubwpjyrkicdmjdikfvzg', 'stack': 1036.0, 'state': 'participating'}, {'name': 'b10902111', 'uuid': 'mglbmcydbawpyigxilaqrq', 'stack': 964.0, 'state': 'participating'}]}
community cards of this round: ['H8', 'SA', 'DJ', 'D8', 'C3']
name: b10902111, hole_card: ['S6', 'S4']
name: b10202053, hole_card: ['S3', 'S2']
Started the round 1
Street "preflop" started. (community card = [])
name: b10902111, hole_card: ['S6', 'S4']
name: b10202053, hole_card: ['S3', 'S2']
"b10202053" declared "fold:0"
"['b10902111']" won the round 1 (stack = {'b10902111': 1005, 'b10202053': 995})
community cards of this round: ['H7', 'H4', 'SA', 'HJ', 'C8']
name: b10902111, hole_card: ['DT', 'HA']
name: b10202053, hole_card: ['DK', 'D9']
Started the round 2
Street "preflop" started. (community card = [])
name: b10902111, hole_card: ['DT', 'HA']
name: b10202053, hole_card: ['DK', 'D9']
"b10902111" declared "call:10"
name: b10902111, hole_card: ['DT', 'HA']
name: b10202053, hole_card: ['DK', 'D9']
"b10202053" declared "fold:0"
"['b10902111']" won the round 2 (stack = {'b10902111': 1015, 'b10202053': 985})
community cards of this round: ['S7', 'CA', 'H9', 'H5', 'SA']
name: b10902111, hole_card: ['DT', 'D7']
name: b10202053, hole_card: ['C7', 'D3']
Started the round 3
Street "preflop" started. (community card = [])
name: b10902111, hole_card: ['DT', 'D7']
name: b10202053, hole_card: ['C7', 'D3']
"b10202053" declared "fold:0"
"['b10902111']" won the round 3 (stack = {'b10902111': 1020, 'b10202053': 980})
community cards of this round: ['D2', 'S2', 'H6', 'HT', 'DQ']
name: b10902111, hole_card: ['C6', 'DA']
name: b10202053, hole_card: ['DK', 'D5']
Started the round 4
Street "preflop" started. (community card = [])
name: b10902111, hole_card: ['C6', 'DA']
name: b10202053, hole_card: ['DK', 'D5']
"b10902111" declared "raise:15"
name: b10902111, hole_card: ['C6', 'DA']
name: b10202053, hole_card: ['DK', 'D5']
"b10202053" declared "raise:151.0"
name: b10902111, hole_card: ['C6', 'DA']
name: b10202053, hole_card: ['DK', 'D5']
"b10902111" declared "raise:287.0"
name: b10902111, hole_card: ['C6', 'DA']
name: b10202053, hole_card: ['DK', 'D5']
"b10202053" declared "call:287.0"
Street "flop" started. (community card = ['D2', 'S2', 'H6'])
name: b10902111, hole_card: ['C6', 'DA']
name: b10202053, hole_card: ['DK', 'D5']
"b10902111" declared "raise:10"
name: b10902111, hole_card: ['C6', 'DA']
name: b10202053, hole_card: ['DK', 'D5']
"b10202053" declared "call:10"
Street "turn" started. (community card = ['D2', 'S2', 'H6', 'HT'])
name: b10902111, hole_card: ['C6', 'DA']
name: b10202053, hole_card: ['DK', 'D5']
"b10902111" declared "raise:10"
name: b10902111, hole_card: ['C6', 'DA']
name: b10202053, hole_card: ['DK', 'D5']
"b10202053" declared "call:10"
Street "river" started. (community card = ['D2', 'S2', 'H6', 'HT', 'DQ'])
name: b10902111, hole_card: ['C6', 'DA']
name: b10202053, hole_card: ['DK', 'D5']
"b10902111" declared "raise:10"
name: b10902111, hole_card: ['C6', 'DA']
name: b10202053, hole_card: ['DK', 'D5']
"b10202053" declared "call:10"
"['b10902111']" won the round 4 (stack = {'b10902111': 1337.0, 'b10202053': 663.0})
community cards of this round: ['S6', 'SJ', 'S2', 'D7', 'C5']
name: b10902111, hole_card: ['CJ', 'H3']
name: b10202053, hole_card: ['D6', 'H5']
Started the round 5
Street "preflop" started. (community card = [])
name: b10902111, hole_card: ['CJ', 'H3']
name: b10202053, hole_card: ['D6', 'H5']
"b10202053" declared "raise:458.0"
name: b10902111, hole_card: ['CJ', 'H3']
name: b10202053, hole_card: ['D6', 'H5']
"b10902111" declared "fold:0"
"['b10202053']" won the round 5 (stack = {'b10902111': 1327.0, 'b10202053': 673.0})
community cards of this round: ['D5', 'HA', 'SA', 'C6', 'C2']
name: b10902111, hole_card: ['CK', 'HQ']
name: b10202053, hole_card: ['C5', 'HJ']
Started the round 6
Street "preflop" started. (community card = [])
name: b10902111, hole_card: ['CK', 'HQ']
name: b10202053, hole_card: ['C5', 'HJ']
"b10902111" declared "fold:0"
"['b10202053']" won the round 6 (stack = {'b10902111': 1322.0, 'b10202053': 678.0})
community cards of this round: ['HK', 'CQ', 'D6', 'CK', 'D2']
name: b10902111, hole_card: ['C5', 'D8']
name: b10202053, hole_card: ['C6', 'DJ']
Started the round 7
Street "preflop" started. (community card = [])
name: b10902111, hole_card: ['C5', 'D8']
name: b10202053, hole_card: ['C6', 'DJ']
"b10202053" declared "raise:428.0"
name: b10902111, hole_card: ['C5', 'D8']
name: b10202053, hole_card: ['C6', 'DJ']
"b10902111" declared "fold:0"
"['b10202053']" won the round 7 (stack = {'b10902111': 1312.0, 'b10202053': 688.0})
community cards of this round: ['H9', 'S6', 'ST', 'S9', 'HT']
name: b10902111, hole_card: ['D5', 'CJ']
name: b10202053, hole_card: ['C4', 'H7']
Started the round 8
Street "preflop" started. (community card = [])
name: b10902111, hole_card: ['D5', 'CJ']
name: b10202053, hole_card: ['C4', 'H7']
"b10902111" declared "fold:0"
"['b10202053']" won the round 8 (stack = {'b10902111': 1307.0, 'b10202053': 693.0})
community cards of this round: ['S4', 'HA', 'H5', 'S6', 'D7']
name: b10902111, hole_card: ['H7', 'H4']
name: b10202053, hole_card: ['H3', 'HT']
Started the round 9
Street "preflop" started. (community card = [])
name: b10902111, hole_card: ['H7', 'H4']
name: b10202053, hole_card: ['H3', 'HT']
"b10202053" declared "raise:398.0"
name: b10902111, hole_card: ['H7', 'H4']
name: b10202053, hole_card: ['H3', 'HT']
"b10902111" declared "fold:0"
"['b10202053']" won the round 9 (stack = {'b10902111': 1297.0, 'b10202053': 703.0})
community cards of this round: ['HK', 'DT', 'SJ', 'D9', 'D7']
name: b10902111, hole_card: ['C8', 'D5']
name: b10202053, hole_card: ['CJ', 'S6']
Started the round 10
Street "preflop" started. (community card = [])
name: b10902111, hole_card: ['C8', 'D5']
name: b10202053, hole_card: ['CJ', 'S6']
"b10902111" declared "fold:0"
"['b10202053']" won the round 10 (stack = {'b10902111': 1292.0, 'b10202053': 708.0})
community cards of this round: ['H7', 'D3', 'SQ', 'DQ', 'DT']
name: b10902111, hole_card: ['HQ', 'D6']
name: b10202053, hole_card: ['C2', 'SK']
Started the round 11
Street "preflop" started. (community card = [])
name: b10902111, hole_card: ['HQ', 'D6']
name: b10202053, hole_card: ['C2', 'SK']
"b10202053" declared "raise:368.0"
name: b10902111, hole_card: ['HQ', 'D6']
name: b10202053, hole_card: ['C2', 'SK']
"b10902111" declared "fold:0"
"['b10202053']" won the round 11 (stack = {'b10902111': 1282.0, 'b10202053': 718.0})
community cards of this round: ['H5', 'DA', 'D5', 'D4', 'S2']
name: b10902111, hole_card: ['HQ', 'HJ']
name: b10202053, hole_card: ['SA', 'S8']
Started the round 12
Street "preflop" started. (community card = [])
name: b10902111, hole_card: ['HQ', 'HJ']
name: b10202053, hole_card: ['SA', 'S8']
"b10902111" declared "fold:0"
"['b10202053']" won the round 12 (stack = {'b10902111': 1277.0, 'b10202053': 723.0})
community cards of this round: ['CQ', 'DJ', 'D7', 'SK', 'H8']
name: b10902111, hole_card: ['H4', 'C3']
name: b10202053, hole_card: ['DK', 'SJ']
Started the round 13
Street "preflop" started. (community card = [])
name: b10902111, hole_card: ['H4', 'C3']
name: b10202053, hole_card: ['DK', 'SJ']
"b10202053" declared "raise:338.0"
name: b10902111, hole_card: ['H4', 'C3']
name: b10202053, hole_card: ['DK', 'SJ']
"b10902111" declared "fold:0"
"['b10202053']" won the round 13 (stack = {'b10902111': 1267.0, 'b10202053': 733.0})
community cards of this round: ['HQ', 'H8', 'S2', 'SK', 'D2']
name: b10902111, hole_card: ['HT', 'HA']
name: b10202053, hole_card: ['C2', 'HK']
Started the round 14
Street "preflop" started. (community card = [])
name: b10902111, hole_card: ['HT', 'HA']
name: b10202053, hole_card: ['C2', 'HK']
"b10902111" declared "fold:0"
"['b10202053']" won the round 14 (stack = {'b10902111': 1262.0, 'b10202053': 738.0})
community cards of this round: ['CK', 'D3', 'HK', 'S5', 'D8']
name: b10902111, hole_card: ['DA', 'HJ']
name: b10202053, hole_card: ['DT', 'C8']
Started the round 15
Street "preflop" started. (community card = [])
name: b10902111, hole_card: ['DA', 'HJ']
name: b10202053, hole_card: ['DT', 'C8']
"b10202053" declared "raise:308.0"
name: b10902111, hole_card: ['DA', 'HJ']
name: b10202053, hole_card: ['DT', 'C8']
"b10902111" declared "fold:0"
"['b10202053']" won the round 15 (stack = {'b10902111': 1252.0, 'b10202053': 748.0})
community cards of this round: ['C8', 'CA', 'DJ', 'S3', 'S5']
name: b10902111, hole_card: ['C9', 'HK']
name: b10202053, hole_card: ['SJ', 'D3']
Started the round 16
Street "preflop" started. (community card = [])
name: b10902111, hole_card: ['C9', 'HK']
name: b10202053, hole_card: ['SJ', 'D3']
"b10902111" declared "fold:0"
"['b10202053']" won the round 16 (stack = {'b10902111': 1247.0, 'b10202053': 753.0})
community cards of this round: ['H4', 'DK', 'S6', 'CT', 'HA']
name: b10902111, hole_card: ['D7', 'SK']
name: b10202053, hole_card: ['H9', 'C8']
Started the round 17
Street "preflop" started. (community card = [])
name: b10902111, hole_card: ['D7', 'SK']
name: b10202053, hole_card: ['H9', 'C8']
"b10202053" declared "fold:0"
"['b10902111']" won the round 17 (stack = {'b10902111': 1252.0, 'b10202053': 748.0})
community cards of this round: ['HK', 'S5', 'C3', 'SJ', 'H8']
name: b10902111, hole_card: ['D3', 'H4']
name: b10202053, hole_card: ['S2', 'DT']
Started the round 18
Street "preflop" started. (community card = [])
name: b10902111, hole_card: ['D3', 'H4']
name: b10202053, hole_card: ['S2', 'DT']
"b10902111" declared "fold:0"
"['b10202053']" won the round 18 (stack = {'b10902111': 1247.0, 'b10202053': 753.0})
community cards of this round: ['S4', 'SK', 'H7', 'SA', 'S6']
name: b10902111, hole_card: ['H9', 'SJ']
name: b10202053, hole_card: ['D3', 'H6']
Started the round 19
Street "preflop" started. (community card = [])
name: b10902111, hole_card: ['H9', 'SJ']
name: b10202053, hole_card: ['D3', 'H6']
"b10202053" declared "raise:263.0"
name: b10902111, hole_card: ['H9', 'SJ']
name: b10202053, hole_card: ['D3', 'H6']
"b10902111" declared "fold:0"
"['b10202053']" won the round 19 (stack = {'b10902111': 1237.0, 'b10202053': 763.0})
community cards of this round: ['DT', 'SJ', 'CK', 'HT', 'C9']
name: b10902111, hole_card: ['HQ', 'DK']
name: b10202053, hole_card: ['H3', 'DA']
Started the round 20
Street "preflop" started. (community card = [])
name: b10902111, hole_card: ['HQ', 'DK']
name: b10202053, hole_card: ['H3', 'DA']
"b10902111" declared "fold:0"
"['b10202053']" won the round 20 (stack = {'b10902111': 1232.0, 'b10202053': 768.0})
b10902111 vs b10202053 - Game 4: {'rule': {'initial_stack': 1000, 'max_round': 20, 'small_blind_amount': 5, 'ante': 0, 'blind_structure': {}}, 'players': [{'name': 'b10902111', 'uuid': 'xengxzbhpwiustmodtlvgv', 'stack': 1232.0, 'state': 'participating'}, {'name': 'b10202053', 'uuid': 'xsdmiheoehgkvbiaemgrhc', 'stack': 768.0, 'state': 'participating'}]}
community cards of this round: ['HQ', 'S9', 'CK', 'ST', 'C8']
name: b10202053, hole_card: ['D3', 'H3']
name: b10902111, hole_card: ['S8', 'HA']
Started the round 1
Street "preflop" started. (community card = [])
name: b10202053, hole_card: ['D3', 'H3']
name: b10902111, hole_card: ['S8', 'HA']
"b10902111" declared "raise:15"
name: b10202053, hole_card: ['D3', 'H3']
name: b10902111, hole_card: ['S8', 'HA']
"b10202053" declared "raise:151.0"
name: b10202053, hole_card: ['D3', 'H3']
name: b10902111, hole_card: ['S8', 'HA']
"b10902111" declared "raise:287.0"
name: b10202053, hole_card: ['D3', 'H3']
name: b10902111, hole_card: ['S8', 'HA']
"b10202053" declared "call:287.0"
Street "flop" started. (community card = ['HQ', 'S9', 'CK'])
name: b10202053, hole_card: ['D3', 'H3']
name: b10902111, hole_card: ['S8', 'HA']
"b10902111" declared "call:0"
name: b10202053, hole_card: ['D3', 'H3']
name: b10902111, hole_card: ['S8', 'HA']
"b10202053" declared "fold:0"
"['b10902111']" won the round 1 (stack = {'b10202053': 713.0, 'b10902111': 1287.0})
community cards of this round: ['S8', 'C2', 'H7', 'HA', 'CT']
name: b10202053, hole_card: ['H8', 'S4']
name: b10902111, hole_card: ['S7', 'H5']
Started the round 2
Street "preflop" started. (community card = [])
name: b10202053, hole_card: ['H8', 'S4']
name: b10902111, hole_card: ['S7', 'H5']
"b10202053" declared "raise:428.0"
name: b10202053, hole_card: ['H8', 'S4']
name: b10902111, hole_card: ['S7', 'H5']
"b10902111" declared "fold:0"
"['b10202053']" won the round 2 (stack = {'b10202053': 723.0, 'b10902111': 1277.0})
community cards of this round: ['C9', 'C7', 'CK', 'HQ', 'C3']
name: b10202053, hole_card: ['CJ', 'D5']
name: b10902111, hole_card: ['HJ', 'DK']
Started the round 3
Street "preflop" started. (community card = [])
name: b10202053, hole_card: ['CJ', 'D5']
name: b10902111, hole_card: ['HJ', 'DK']
"b10902111" declared "fold:0"
"['b10202053']" won the round 3 (stack = {'b10202053': 728.0, 'b10902111': 1272.0})
community cards of this round: ['H4', 'CT', 'H8', 'D4', 'D7']
name: b10202053, hole_card: ['HJ', 'C9']
name: b10902111, hole_card: ['SQ', 'DT']
Started the round 4
Street "preflop" started. (community card = [])
name: b10202053, hole_card: ['HJ', 'C9']
name: b10902111, hole_card: ['SQ', 'DT']
"b10202053" declared "fold:0"
"['b10902111']" won the round 4 (stack = {'b10202053': 723.0, 'b10902111': 1277.0})
community cards of this round: ['D7', 'D3', 'SA', 'ST', 'C8']
name: b10202053, hole_card: ['SJ', 'C5']
name: b10902111, hole_card: ['S8', 'H9']
Started the round 5
Street "preflop" started. (community card = [])
name: b10202053, hole_card: ['SJ', 'C5']
name: b10902111, hole_card: ['S8', 'H9']
"b10902111" declared "fold:0"
"['b10202053']" won the round 5 (stack = {'b10202053': 728.0, 'b10902111': 1272.0})
community cards of this round: ['D4', 'D9', 'S9', 'HK', 'H7']
name: b10202053, hole_card: ['D2', 'C5']
name: b10902111, hole_card: ['H3', 'HJ']
Started the round 6
Street "preflop" started. (community card = [])
name: b10202053, hole_card: ['D2', 'C5']
name: b10902111, hole_card: ['H3', 'HJ']
"b10202053" declared "raise:383.0"
name: b10202053, hole_card: ['D2', 'C5']
name: b10902111, hole_card: ['H3', 'HJ']
"b10902111" declared "fold:0"
"['b10202053']" won the round 6 (stack = {'b10202053': 738.0, 'b10902111': 1262.0})
community cards of this round: ['HK', 'DQ', 'H5', 'H7', 'D7']
name: b10202053, hole_card: ['C5', 'S4']
name: b10902111, hole_card: ['H4', 'C7']
Started the round 7
Street "preflop" started. (community card = [])
name: b10202053, hole_card: ['C5', 'S4']
name: b10902111, hole_card: ['H4', 'C7']
"b10902111" declared "fold:0"
"['b10202053']" won the round 7 (stack = {'b10202053': 743.0, 'b10902111': 1257.0})
community cards of this round: ['SJ', 'H7', 'C8', 'S7', 'H5']
name: b10202053, hole_card: ['CK', 'S2']
name: b10902111, hole_card: ['D4', 'S5']
Started the round 8
Street "preflop" started. (community card = [])
name: b10202053, hole_card: ['CK', 'S2']
name: b10902111, hole_card: ['D4', 'S5']
"b10202053" declared "raise:353.0"
name: b10202053, hole_card: ['CK', 'S2']
name: b10902111, hole_card: ['D4', 'S5']
"b10902111" declared "fold:0"
"['b10202053']" won the round 8 (stack = {'b10202053': 753.0, 'b10902111': 1247.0})
community cards of this round: ['C8', 'DA', 'S9', 'DJ', 'D6']
name: b10202053, hole_card: ['H8', 'S7']
name: b10902111, hole_card: ['H5', 'DQ']
Started the round 9
Street "preflop" started. (community card = [])
name: b10202053, hole_card: ['H8', 'S7']
name: b10902111, hole_card: ['H5', 'DQ']
"b10902111" declared "fold:0"
"['b10202053']" won the round 9 (stack = {'b10202053': 758.0, 'b10902111': 1242.0})
community cards of this round: ['S6', 'HA', 'S9', 'CT', 'C2']
name: b10202053, hole_card: ['H6', 'S5']
name: b10902111, hole_card: ['CA', 'S4']
Started the round 10
Street "preflop" started. (community card = [])
name: b10202053, hole_card: ['H6', 'S5']
name: b10902111, hole_card: ['CA', 'S4']
"b10202053" declared "raise:323.0"
name: b10202053, hole_card: ['H6', 'S5']
name: b10902111, hole_card: ['CA', 'S4']
"b10902111" declared "fold:0"
"['b10202053']" won the round 10 (stack = {'b10202053': 768.0, 'b10902111': 1232.0})
community cards of this round: ['C6', 'S6', 'CJ', 'H8', 'S2']
name: b10202053, hole_card: ['ST', 'CT']
name: b10902111, hole_card: ['H7', 'D6']
Started the round 11
Street "preflop" started. (community card = [])
name: b10202053, hole_card: ['ST', 'CT']
name: b10902111, hole_card: ['H7', 'D6']
"b10902111" declared "fold:0"
"['b10202053']" won the round 11 (stack = {'b10202053': 773.0, 'b10902111': 1227.0})
community cards of this round: ['CA', 'S9', 'S7', 'SJ', 'CK']
name: b10202053, hole_card: ['C4', 'CQ']
name: b10902111, hole_card: ['C2', 'C5']
Started the round 12
Street "preflop" started. (community card = [])
name: b10202053, hole_card: ['C4', 'CQ']
name: b10902111, hole_card: ['C2', 'C5']
"b10202053" declared "raise:293.0"
name: b10202053, hole_card: ['C4', 'CQ']
name: b10902111, hole_card: ['C2', 'C5']
"b10902111" declared "fold:0"
"['b10202053']" won the round 12 (stack = {'b10202053': 783.0, 'b10902111': 1217.0})
community cards of this round: ['H2', 'D8', 'C4', 'S4', 'S6']
name: b10202053, hole_card: ['C8', 'HT']
name: b10902111, hole_card: ['SQ', 'SJ']
Started the round 13
Street "preflop" started. (community card = [])
name: b10202053, hole_card: ['C8', 'HT']
name: b10902111, hole_card: ['SQ', 'SJ']
"b10902111" declared "fold:0"
"['b10202053']" won the round 13 (stack = {'b10202053': 788.0, 'b10902111': 1212.0})
community cards of this round: ['DT', 'DA', 'C8', 'SA', 'H8']
name: b10202053, hole_card: ['S6', 'H6']
name: b10902111, hole_card: ['SJ', 'CK']
Started the round 14
Street "preflop" started. (community card = [])
name: b10202053, hole_card: ['S6', 'H6']
name: b10902111, hole_card: ['SJ', 'CK']
"b10202053" declared "raise:263.0"
name: b10202053, hole_card: ['S6', 'H6']
name: b10902111, hole_card: ['SJ', 'CK']
"b10902111" declared "fold:0"
"['b10202053']" won the round 14 (stack = {'b10202053': 798.0, 'b10902111': 1202.0})
community cards of this round: ['H9', 'S3', 'HA', 'CT', 'D5']
name: b10202053, hole_card: ['S9', 'H7']
name: b10902111, hole_card: ['DA', 'D9']
Started the round 15
Street "preflop" started. (community card = [])
name: b10202053, hole_card: ['S9', 'H7']
name: b10902111, hole_card: ['DA', 'D9']
"b10902111" declared "fold:0"
"['b10202053']" won the round 15 (stack = {'b10202053': 803.0, 'b10902111': 1197.0})
community cards of this round: ['C8', 'CJ', 'C9', 'CA', 'H9']
name: b10202053, hole_card: ['S3', 'D4']
name: b10902111, hole_card: ['H3', 'HJ']
Started the round 16
Street "preflop" started. (community card = [])
name: b10202053, hole_card: ['S3', 'D4']
name: b10902111, hole_card: ['H3', 'HJ']
"b10202053" declared "raise:233.0"
name: b10202053, hole_card: ['S3', 'D4']
name: b10902111, hole_card: ['H3', 'HJ']
"b10902111" declared "fold:0"
"['b10202053']" won the round 16 (stack = {'b10202053': 813.0, 'b10902111': 1187.0})
community cards of this round: ['SK', 'D2', 'S3', 'H2', 'HA']
name: b10202053, hole_card: ['C2', 'SJ']
name: b10902111, hole_card: ['D3', 'C5']
Started the round 17
Street "preflop" started. (community card = [])
name: b10202053, hole_card: ['C2', 'SJ']
name: b10902111, hole_card: ['D3', 'C5']
"b10902111" declared "fold:0"
"['b10202053']" won the round 17 (stack = {'b10202053': 818.0, 'b10902111': 1182.0})
community cards of this round: ['D4', 'SJ', 'H6', 'CJ', 'D6']
name: b10202053, hole_card: ['H3', 'C7']
name: b10902111, hole_card: ['C8', 'DQ']
Started the round 18
Street "preflop" started. (community card = [])
name: b10202053, hole_card: ['H3', 'C7']
name: b10902111, hole_card: ['C8', 'DQ']
"b10202053" declared "raise:203.0"
name: b10202053, hole_card: ['H3', 'C7']
name: b10902111, hole_card: ['C8', 'DQ']
"b10902111" declared "fold:0"
"['b10202053']" won the round 18 (stack = {'b10202053': 828.0, 'b10902111': 1172.0})
community cards of this round: ['S8', 'D5', 'H8', 'C2', 'S5']
name: b10202053, hole_card: ['HT', 'D8']
name: b10902111, hole_card: ['C7', 'HA']
Started the round 19
Street "preflop" started. (community card = [])
name: b10202053, hole_card: ['HT', 'D8']
name: b10902111, hole_card: ['C7', 'HA']
"b10902111" declared "fold:0"
"['b10202053']" won the round 19 (stack = {'b10202053': 833.0, 'b10902111': 1167.0})
community cards of this round: ['HQ', 'D7', 'C5', 'HT', 'D3']
name: b10202053, hole_card: ['H6', 'H4']
name: b10902111, hole_card: ['C7', 'S4']
Started the round 20
Street "preflop" started. (community card = [])
name: b10202053, hole_card: ['H6', 'H4']
name: b10902111, hole_card: ['C7', 'S4']
"b10202053" declared "raise:173.0"
name: b10202053, hole_card: ['H6', 'H4']
name: b10902111, hole_card: ['C7', 'S4']
"b10902111" declared "fold:0"
"['b10202053']" won the round 20 (stack = {'b10202053': 843.0, 'b10902111': 1157.0})
b10902111 vs b10202053 - Game 5: {'rule': {'initial_stack': 1000, 'max_round': 20, 'small_blind_amount': 5, 'ante': 0, 'blind_structure': {}}, 'players': [{'name': 'b10202053', 'uuid': 'xsjgffxrqgqdxcwfjviarn', 'stack': 843.0, 'state': 'participating'}, {'name': 'b10902111', 'uuid': 'ydaqbnhulzsymvwggcbtky', 'stack': 1157.0, 'state': 'participating'}]}
Final Result: b10902111 won 4 games (stack: 5515.0), b10202053 won 1 games (stack: 4485.0), num ties: 0
