community cards of this round: ['H2', 'S8', 'SJ', 'HK', 'S4']
name: b10902110, hole_card: ['CJ', 'HJ']
name: b10902042, hole_card: ['C2', 'H8']
Started the round 1
Street "preflop" started. (community card = [])
name: b10902110, hole_card: ['CJ', 'HJ']
name: b10902042, hole_card: ['C2', 'H8']
"b10902042" declared "fold:0"
"['b10902110']" won the round 1 (stack = {'b10902110': 1005, 'b10902042': 995})
community cards of this round: ['H8', 'SJ', 'H6', 'CA', 'ST']
name: b10902110, hole_card: ['HJ', 'H7']
name: b10902042, hole_card: ['C3', 'H4']
Started the round 2
Street "preflop" started. (community card = [])
name: b10902110, hole_card: ['HJ', 'H7']
name: b10902042, hole_card: ['C3', 'H4']
"b10902110" declared "fold:0"
"['b10902042']" won the round 2 (stack = {'b10902110': 1000, 'b10902042': 1000})
community cards of this round: ['C4', 'D7', 'SQ', 'C9', 'S9']
name: b10902110, hole_card: ['C8', 'D2']
name: b10902042, hole_card: ['S6', 'HQ']
Started the round 3
Street "preflop" started. (community card = [])
name: b10902110, hole_card: ['C8', 'D2']
name: b10902042, hole_card: ['S6', 'HQ']
"b10902042" declared "raise:25"
name: b10902110, hole_card: ['C8', 'D2']
name: b10902042, hole_card: ['S6', 'HQ']
"b10902110" declared "fold:0"
"['b10902042']" won the round 3 (stack = {'b10902110': 990, 'b10902042': 1010})
community cards of this round: ['S6', 'C3', 'DJ', 'S9', 'S4']
name: b10902110, hole_card: ['D6', 'D2']
name: b10902042, hole_card: ['SA', 'D7']
Started the round 4
Street "preflop" started. (community card = [])
name: b10902110, hole_card: ['D6', 'D2']
name: b10902042, hole_card: ['SA', 'D7']
"b10902110" declared "fold:0"
"['b10902042']" won the round 4 (stack = {'b10902110': 985, 'b10902042': 1015})
community cards of this round: ['S9', 'C5', 'HJ', 'DT', 'S2']
name: b10902110, hole_card: ['CQ', 'HT']
name: b10902042, hole_card: ['S3', 'D2']
Started the round 5
Street "preflop" started. (community card = [])
name: b10902110, hole_card: ['CQ', 'HT']
name: b10902042, hole_card: ['S3', 'D2']
"b10902042" declared "fold:0"
"['b10902110']" won the round 5 (stack = {'b10902110': 990, 'b10902042': 1010})
community cards of this round: ['CA', 'C2', 'C5', 'S3', 'SK']
name: b10902110, hole_card: ['C9', 'S5']
name: b10902042, hole_card: ['C8', 'SJ']
Started the round 6
Street "preflop" started. (community card = [])
name: b10902110, hole_card: ['C9', 'S5']
name: b10902042, hole_card: ['C8', 'SJ']
"b10902110" declared "fold:0"
"['b10902042']" won the round 6 (stack = {'b10902110': 985, 'b10902042': 1015})
community cards of this round: ['S4', 'D9', 'SJ', 'CJ', 'H5']
name: b10902110, hole_card: ['H3', 'S6']
name: b10902042, hole_card: ['H8', 'C3']
Started the round 7
Street "preflop" started. (community card = [])
name: b10902110, hole_card: ['H3', 'S6']
name: b10902042, hole_card: ['H8', 'C3']
"b10902042" declared "fold:0"
"['b10902110']" won the round 7 (stack = {'b10902110': 990, 'b10902042': 1010})
community cards of this round: ['DA', 'C3', 'H5', 'C4', 'SK']
name: b10902110, hole_card: ['HQ', 'SJ']
name: b10902042, hole_card: ['HT', 'CT']
Started the round 8
Street "preflop" started. (community card = [])
name: b10902110, hole_card: ['HQ', 'SJ']
name: b10902042, hole_card: ['HT', 'CT']
"b10902110" declared "fold:0"
"['b10902042']" won the round 8 (stack = {'b10902110': 985, 'b10902042': 1015})
community cards of this round: ['SA', 'DK', 'CT', 'S8', 'D8']
name: b10902110, hole_card: ['C4', 'H9']
name: b10902042, hole_card: ['CQ', 'D2']
Started the round 9
Street "preflop" started. (community card = [])
name: b10902110, hole_card: ['C4', 'H9']
name: b10902042, hole_card: ['CQ', 'D2']
"b10902042" declared "raise:25"
name: b10902110, hole_card: ['C4', 'H9']
name: b10902042, hole_card: ['CQ', 'D2']
"b10902110" declared "fold:0"
"['b10902042']" won the round 9 (stack = {'b10902110': 975, 'b10902042': 1025})
community cards of this round: ['C7', 'H9', 'D4', 'C5', 'H8']
name: b10902110, hole_card: ['C2', 'S4']
name: b10902042, hole_card: ['CA', 'H2']
Started the round 10
Street "preflop" started. (community card = [])
name: b10902110, hole_card: ['C2', 'S4']
name: b10902042, hole_card: ['CA', 'H2']
"b10902110" declared "fold:0"
"['b10902042']" won the round 10 (stack = {'b10902110': 970, 'b10902042': 1030})
community cards of this round: ['CJ', 'S5', 'C8', 'H6', 'C5']
name: b10902110, hole_card: ['C3', 'S4']
name: b10902042, hole_card: ['H2', 'D6']
Started the round 11
Street "preflop" started. (community card = [])
name: b10902110, hole_card: ['C3', 'S4']
name: b10902042, hole_card: ['H2', 'D6']
"b10902042" declared "fold:0"
"['b10902110']" won the round 11 (stack = {'b10902110': 975, 'b10902042': 1025})
community cards of this round: ['H3', 'H9', 'HT', 'S9', 'DK']
name: b10902110, hole_card: ['DT', 'C5']
name: b10902042, hole_card: ['H8', 'D8']
Started the round 12
Street "preflop" started. (community card = [])
name: b10902110, hole_card: ['DT', 'C5']
name: b10902042, hole_card: ['H8', 'D8']
"b10902110" declared "fold:0"
"['b10902042']" won the round 12 (stack = {'b10902110': 970, 'b10902042': 1030})
community cards of this round: ['S3', 'H3', 'ST', 'D9', 'CT']
name: b10902110, hole_card: ['HQ', 'H4']
name: b10902042, hole_card: ['D8', 'S4']
Started the round 13
Street "preflop" started. (community card = [])
name: b10902110, hole_card: ['HQ', 'H4']
name: b10902042, hole_card: ['D8', 'S4']
"b10902042" declared "fold:0"
"['b10902110']" won the round 13 (stack = {'b10902110': 975, 'b10902042': 1025})
community cards of this round: ['CT', 'S8', 'S3', 'DQ', 'C6']
name: b10902110, hole_card: ['DT', 'S6']
name: b10902042, hole_card: ['S9', 'D7']
Started the round 14
Street "preflop" started. (community card = [])
name: b10902110, hole_card: ['DT', 'S6']
name: b10902042, hole_card: ['S9', 'D7']
"b10902110" declared "fold:0"
"['b10902042']" won the round 14 (stack = {'b10902110': 970, 'b10902042': 1030})
community cards of this round: ['DA', 'H7', 'H9', 'D5', 'S6']
name: b10902110, hole_card: ['DQ', 'C8']
name: b10902042, hole_card: ['DJ', 'S5']
Started the round 15
Street "preflop" started. (community card = [])
name: b10902110, hole_card: ['DQ', 'C8']
name: b10902042, hole_card: ['DJ', 'S5']
"b10902042" declared "raise:25"
name: b10902110, hole_card: ['DQ', 'C8']
name: b10902042, hole_card: ['DJ', 'S5']
"b10902110" declared "fold:0"
"['b10902042']" won the round 15 (stack = {'b10902110': 960, 'b10902042': 1040})
community cards of this round: ['SQ', 'D7', 'H4', 'D8', 'HQ']
name: b10902110, hole_card: ['H2', 'D3']
name: b10902042, hole_card: ['CK', 'D9']
Started the round 16
Street "preflop" started. (community card = [])
name: b10902110, hole_card: ['H2', 'D3']
name: b10902042, hole_card: ['CK', 'D9']
"b10902110" declared "fold:0"
"['b10902042']" won the round 16 (stack = {'b10902110': 955, 'b10902042': 1045})
community cards of this round: ['CT', 'C6', 'H8', 'CA', 'D8']
name: b10902110, hole_card: ['ST', 'D4']
name: b10902042, hole_card: ['SA', 'D3']
Started the round 17
Street "preflop" started. (community card = [])
name: b10902110, hole_card: ['ST', 'D4']
name: b10902042, hole_card: ['SA', 'D3']
"b10902042" declared "fold:0"
"['b10902110']" won the round 17 (stack = {'b10902110': 960, 'b10902042': 1040})
community cards of this round: ['S4', 'CK', 'D6', 'C6', 'DQ']
name: b10902110, hole_card: ['DJ', 'C4']
name: b10902042, hole_card: ['ST', 'S7']
Started the round 18
Street "preflop" started. (community card = [])
name: b10902110, hole_card: ['DJ', 'C4']
name: b10902042, hole_card: ['ST', 'S7']
"b10902110" declared "fold:0"
"['b10902042']" won the round 18 (stack = {'b10902110': 955, 'b10902042': 1045})
community cards of this round: ['H9', 'C5', 'H7', 'D8', 'HK']
name: b10902110, hole_card: ['D3', 'S8']
name: b10902042, hole_card: ['HQ', 'CJ']
Started the round 19
Street "preflop" started. (community card = [])
name: b10902110, hole_card: ['D3', 'S8']
name: b10902042, hole_card: ['HQ', 'CJ']
"b10902042" declared "fold:0"
"['b10902110']" won the round 19 (stack = {'b10902110': 960, 'b10902042': 1040})
community cards of this round: ['S2', 'C4', 'HJ', 'H8', 'HQ']
name: b10902110, hole_card: ['DA', 'DK']
name: b10902042, hole_card: ['CA', 'S8']
Started the round 20
Street "preflop" started. (community card = [])
name: b10902110, hole_card: ['DA', 'DK']
name: b10902042, hole_card: ['CA', 'S8']
"b10902110" declared "fold:0"
"['b10902042']" won the round 20 (stack = {'b10902110': 955, 'b10902042': 1045})
b10902042 vs b10902110 - Game 1: {'rule': {'initial_stack': 1000, 'max_round': 20, 'small_blind_amount': 5, 'ante': 0, 'blind_structure': {}}, 'players': [{'name': 'b10902110', 'uuid': 'ghmljdjugtbyewlfmikprp', 'stack': 955, 'state': 'participating'}, {'name': 'b10902042', 'uuid': 'oordopuzkepzhrtsgcxztw', 'stack': 1045, 'state': 'participating'}]}
community cards of this round: ['H2', 'S8', 'SJ', 'HK', 'S4']
name: b10902042, hole_card: ['CJ', 'HJ']
name: b10902110, hole_card: ['C2', 'H8']
Started the round 1
Street "preflop" started. (community card = [])
name: b10902042, hole_card: ['CJ', 'HJ']
name: b10902110, hole_card: ['C2', 'H8']
"b10902110" declared "fold:0"
"['b10902042']" won the round 1 (stack = {'b10902042': 1005, 'b10902110': 995})
community cards of this round: ['H8', 'SJ', 'H6', 'CA', 'ST']
name: b10902042, hole_card: ['HJ', 'H7']
name: b10902110, hole_card: ['C3', 'H4']
Started the round 2
Street "preflop" started. (community card = [])
name: b10902042, hole_card: ['HJ', 'H7']
name: b10902110, hole_card: ['C3', 'H4']
"b10902042" declared "raise:25"
name: b10902042, hole_card: ['HJ', 'H7']
name: b10902110, hole_card: ['C3', 'H4']
"b10902110" declared "fold:0"
"['b10902042']" won the round 2 (stack = {'b10902042': 1015, 'b10902110': 985})
community cards of this round: ['C4', 'D7', 'SQ', 'C9', 'S9']
name: b10902042, hole_card: ['C8', 'D2']
name: b10902110, hole_card: ['S6', 'HQ']
Started the round 3
Street "preflop" started. (community card = [])
name: b10902042, hole_card: ['C8', 'D2']
name: b10902110, hole_card: ['S6', 'HQ']
"b10902110" declared "fold:0"
"['b10902042']" won the round 3 (stack = {'b10902042': 1020, 'b10902110': 980})
community cards of this round: ['S6', 'C3', 'DJ', 'S9', 'S4']
name: b10902042, hole_card: ['D6', 'D2']
name: b10902110, hole_card: ['SA', 'D7']
Started the round 4
Street "preflop" started. (community card = [])
name: b10902042, hole_card: ['D6', 'D2']
name: b10902110, hole_card: ['SA', 'D7']
"b10902042" declared "fold:0"
"['b10902110']" won the round 4 (stack = {'b10902042': 1015, 'b10902110': 985})
community cards of this round: ['S9', 'C5', 'HJ', 'DT', 'S2']
name: b10902042, hole_card: ['CQ', 'HT']
name: b10902110, hole_card: ['S3', 'D2']
Started the round 5
Street "preflop" started. (community card = [])
name: b10902042, hole_card: ['CQ', 'HT']
name: b10902110, hole_card: ['S3', 'D2']
"b10902110" declared "fold:0"
"['b10902042']" won the round 5 (stack = {'b10902042': 1020, 'b10902110': 980})
community cards of this round: ['CA', 'C2', 'C5', 'S3', 'SK']
name: b10902042, hole_card: ['C9', 'S5']
name: b10902110, hole_card: ['C8', 'SJ']
Started the round 6
Street "preflop" started. (community card = [])
name: b10902042, hole_card: ['C9', 'S5']
name: b10902110, hole_card: ['C8', 'SJ']
"b10902042" declared "fold:0"
"['b10902110']" won the round 6 (stack = {'b10902042': 1015, 'b10902110': 985})
community cards of this round: ['S4', 'D9', 'SJ', 'CJ', 'H5']
name: b10902042, hole_card: ['H3', 'S6']
name: b10902110, hole_card: ['H8', 'C3']
Started the round 7
Street "preflop" started. (community card = [])
name: b10902042, hole_card: ['H3', 'S6']
name: b10902110, hole_card: ['H8', 'C3']
"b10902110" declared "fold:0"
"['b10902042']" won the round 7 (stack = {'b10902042': 1020, 'b10902110': 980})
community cards of this round: ['DA', 'C3', 'H5', 'C4', 'SK']
name: b10902042, hole_card: ['HQ', 'SJ']
name: b10902110, hole_card: ['HT', 'CT']
Started the round 8
Street "preflop" started. (community card = [])
name: b10902042, hole_card: ['HQ', 'SJ']
name: b10902110, hole_card: ['HT', 'CT']
"b10902042" declared "raise:25"
name: b10902042, hole_card: ['HQ', 'SJ']
name: b10902110, hole_card: ['HT', 'CT']
"b10902110" declared "fold:0"
"['b10902042']" won the round 8 (stack = {'b10902042': 1030, 'b10902110': 970})
community cards of this round: ['SA', 'DK', 'CT', 'S8', 'D8']
name: b10902042, hole_card: ['C4', 'H9']
name: b10902110, hole_card: ['CQ', 'D2']
Started the round 9
Street "preflop" started. (community card = [])
name: b10902042, hole_card: ['C4', 'H9']
name: b10902110, hole_card: ['CQ', 'D2']
"b10902110" declared "fold:0"
"['b10902042']" won the round 9 (stack = {'b10902042': 1035, 'b10902110': 965})
community cards of this round: ['C7', 'H9', 'D4', 'C5', 'H8']
name: b10902042, hole_card: ['C2', 'S4']
name: b10902110, hole_card: ['CA', 'H2']
Started the round 10
Street "preflop" started. (community card = [])
name: b10902042, hole_card: ['C2', 'S4']
name: b10902110, hole_card: ['CA', 'H2']
"b10902042" declared "fold:0"
"['b10902110']" won the round 10 (stack = {'b10902042': 1030, 'b10902110': 970})
community cards of this round: ['CJ', 'S5', 'C8', 'H6', 'C5']
name: b10902042, hole_card: ['C3', 'S4']
name: b10902110, hole_card: ['H2', 'D6']
Started the round 11
Street "preflop" started. (community card = [])
name: b10902042, hole_card: ['C3', 'S4']
name: b10902110, hole_card: ['H2', 'D6']
"b10902110" declared "fold:0"
"['b10902042']" won the round 11 (stack = {'b10902042': 1035, 'b10902110': 965})
community cards of this round: ['H3', 'H9', 'HT', 'S9', 'DK']
name: b10902042, hole_card: ['DT', 'C5']
name: b10902110, hole_card: ['H8', 'D8']
Started the round 12
Street "preflop" started. (community card = [])
name: b10902042, hole_card: ['DT', 'C5']
name: b10902110, hole_card: ['H8', 'D8']
"b10902042" declared "raise:25"
name: b10902042, hole_card: ['DT', 'C5']
name: b10902110, hole_card: ['H8', 'D8']
"b10902110" declared "fold:0"
"['b10902042']" won the round 12 (stack = {'b10902042': 1045, 'b10902110': 955})
community cards of this round: ['S3', 'H3', 'ST', 'D9', 'CT']
name: b10902042, hole_card: ['HQ', 'H4']
name: b10902110, hole_card: ['D8', 'S4']
Started the round 13
Street "preflop" started. (community card = [])
name: b10902042, hole_card: ['HQ', 'H4']
name: b10902110, hole_card: ['D8', 'S4']
"b10902110" declared "fold:0"
"['b10902042']" won the round 13 (stack = {'b10902042': 1050, 'b10902110': 950})
community cards of this round: ['CT', 'S8', 'S3', 'DQ', 'C6']
name: b10902042, hole_card: ['DT', 'S6']
name: b10902110, hole_card: ['S9', 'D7']
Started the round 14
Street "preflop" started. (community card = [])
name: b10902042, hole_card: ['DT', 'S6']
name: b10902110, hole_card: ['S9', 'D7']
"b10902042" declared "fold:0"
"['b10902110']" won the round 14 (stack = {'b10902042': 1045, 'b10902110': 955})
community cards of this round: ['DA', 'H7', 'H9', 'D5', 'S6']
name: b10902042, hole_card: ['DQ', 'C8']
name: b10902110, hole_card: ['DJ', 'S5']
Started the round 15
Street "preflop" started. (community card = [])
name: b10902042, hole_card: ['DQ', 'C8']
name: b10902110, hole_card: ['DJ', 'S5']
"b10902110" declared "fold:0"
"['b10902042']" won the round 15 (stack = {'b10902042': 1050, 'b10902110': 950})
community cards of this round: ['SQ', 'D7', 'H4', 'D8', 'HQ']
name: b10902042, hole_card: ['H2', 'D3']
name: b10902110, hole_card: ['CK', 'D9']
Started the round 16
Street "preflop" started. (community card = [])
name: b10902042, hole_card: ['H2', 'D3']
name: b10902110, hole_card: ['CK', 'D9']
"b10902042" declared "fold:0"
"['b10902110']" won the round 16 (stack = {'b10902042': 1045, 'b10902110': 955})
community cards of this round: ['CT', 'C6', 'H8', 'CA', 'D8']
name: b10902042, hole_card: ['ST', 'D4']
name: b10902110, hole_card: ['SA', 'D3']
Started the round 17
Street "preflop" started. (community card = [])
name: b10902042, hole_card: ['ST', 'D4']
name: b10902110, hole_card: ['SA', 'D3']
"b10902110" declared "fold:0"
"['b10902042']" won the round 17 (stack = {'b10902042': 1050, 'b10902110': 950})
community cards of this round: ['S4', 'CK', 'D6', 'C6', 'DQ']
name: b10902042, hole_card: ['DJ', 'C4']
name: b10902110, hole_card: ['ST', 'S7']
Started the round 18
Street "preflop" started. (community card = [])
name: b10902042, hole_card: ['DJ', 'C4']
name: b10902110, hole_card: ['ST', 'S7']
"b10902042" declared "fold:0"
"['b10902110']" won the round 18 (stack = {'b10902042': 1045, 'b10902110': 955})
community cards of this round: ['H9', 'C5', 'H7', 'D8', 'HK']
name: b10902042, hole_card: ['D3', 'S8']
name: b10902110, hole_card: ['HQ', 'CJ']
Started the round 19
Street "preflop" started. (community card = [])
name: b10902042, hole_card: ['D3', 'S8']
name: b10902110, hole_card: ['HQ', 'CJ']
"b10902110" declared "fold:0"
"['b10902042']" won the round 19 (stack = {'b10902042': 1050, 'b10902110': 950})
community cards of this round: ['S2', 'C4', 'HJ', 'H8', 'HQ']
name: b10902042, hole_card: ['DA', 'DK']
name: b10902110, hole_card: ['CA', 'S8']
Started the round 20
Street "preflop" started. (community card = [])
name: b10902042, hole_card: ['DA', 'DK']
name: b10902110, hole_card: ['CA', 'S8']
"b10902042" declared "fold:0"
"['b10902110']" won the round 20 (stack = {'b10902042': 1045, 'b10902110': 955})
b10902042 vs b10902110 - Game 2: {'rule': {'initial_stack': 1000, 'max_round': 20, 'small_blind_amount': 5, 'ante': 0, 'blind_structure': {}}, 'players': [{'name': 'b10902042', 'uuid': 'lcepybausjebxlomdpvimm', 'stack': 1045, 'state': 'participating'}, {'name': 'b10902110', 'uuid': 'kvtgjcmvvdprsoxkzisncp', 'stack': 955, 'state': 'participating'}]}
community cards of this round: ['C7', 'S9', 'HQ', 'D2', 'DA']
name: b10902110, hole_card: ['D9', 'C2']
name: b10902042, hole_card: ['CJ', 'C6']
Started the round 1
Street "preflop" started. (community card = [])
name: b10902110, hole_card: ['D9', 'C2']
name: b10902042, hole_card: ['CJ', 'C6']
"b10902042" declared "raise:25"
name: b10902110, hole_card: ['D9', 'C2']
name: b10902042, hole_card: ['CJ', 'C6']
"b10902110" declared "fold:0"
"['b10902042']" won the round 1 (stack = {'b10902110': 990, 'b10902042': 1010})
community cards of this round: ['D4', 'DA', 'S3', 'H2', 'HJ']
name: b10902110, hole_card: ['H9', 'SJ']
name: b10902042, hole_card: ['H8', 'C3']
Started the round 2
Street "preflop" started. (community card = [])
name: b10902110, hole_card: ['H9', 'SJ']
name: b10902042, hole_card: ['H8', 'C3']
"b10902110" declared "fold:0"
"['b10902042']" won the round 2 (stack = {'b10902110': 985, 'b10902042': 1015})
community cards of this round: ['HA', 'C2', 'S5', 'DK', 'DQ']
name: b10902110, hole_card: ['DT', 'S3']
name: b10902042, hole_card: ['C9', 'HT']
Started the round 3
Street "preflop" started. (community card = [])
name: b10902110, hole_card: ['DT', 'S3']
name: b10902042, hole_card: ['C9', 'HT']
"b10902042" declared "raise:25"
name: b10902110, hole_card: ['DT', 'S3']
name: b10902042, hole_card: ['C9', 'HT']
"b10902110" declared "fold:0"
"['b10902042']" won the round 3 (stack = {'b10902110': 975, 'b10902042': 1025})
community cards of this round: ['H9', 'SQ', 'CT', 'D4', 'DA']
name: b10902110, hole_card: ['CJ', 'C6']
name: b10902042, hole_card: ['D6', 'ST']
Started the round 4
Street "preflop" started. (community card = [])
name: b10902110, hole_card: ['CJ', 'C6']
name: b10902042, hole_card: ['D6', 'ST']
"b10902110" declared "fold:0"
"['b10902042']" won the round 4 (stack = {'b10902110': 970, 'b10902042': 1030})
community cards of this round: ['SA', 'D7', 'CJ', 'D6', 'C2']
name: b10902110, hole_card: ['C6', 'SK']
name: b10902042, hole_card: ['S9', 'H3']
Started the round 5
Street "preflop" started. (community card = [])
name: b10902110, hole_card: ['C6', 'SK']
name: b10902042, hole_card: ['S9', 'H3']
"b10902042" declared "fold:0"
"['b10902110']" won the round 5 (stack = {'b10902110': 975, 'b10902042': 1025})
community cards of this round: ['S9', 'H7', 'S6', 'H5', 'HK']
name: b10902110, hole_card: ['HQ', 'HJ']
name: b10902042, hole_card: ['DJ', 'D9']
Started the round 6
Street "preflop" started. (community card = [])
name: b10902110, hole_card: ['HQ', 'HJ']
name: b10902042, hole_card: ['DJ', 'D9']
"b10902110" declared "fold:0"
"['b10902042']" won the round 6 (stack = {'b10902110': 970, 'b10902042': 1030})
community cards of this round: ['SJ', 'D5', 'D6', 'C8', 'DK']
name: b10902110, hole_card: ['DT', 'D8']
name: b10902042, hole_card: ['CA', 'S6']
Started the round 7
Street "preflop" started. (community card = [])
name: b10902110, hole_card: ['DT', 'D8']
name: b10902042, hole_card: ['CA', 'S6']
"b10902042" declared "raise:25"
name: b10902110, hole_card: ['DT', 'D8']
name: b10902042, hole_card: ['CA', 'S6']
"b10902110" declared "fold:0"
"['b10902042']" won the round 7 (stack = {'b10902110': 960, 'b10902042': 1040})
community cards of this round: ['SA', 'DA', 'C2', 'D4', 'HK']
name: b10902110, hole_card: ['CK', 'S5']
name: b10902042, hole_card: ['D7', 'H4']
Started the round 8
Street "preflop" started. (community card = [])
name: b10902110, hole_card: ['CK', 'S5']
name: b10902042, hole_card: ['D7', 'H4']
"b10902110" declared "fold:0"
"['b10902042']" won the round 8 (stack = {'b10902110': 955, 'b10902042': 1045})
community cards of this round: ['D8', 'S8', 'DK', 'H8', 'S9']
name: b10902110, hole_card: ['H7', 'SQ']
name: b10902042, hole_card: ['H3', 'HT']
Started the round 9
Street "preflop" started. (community card = [])
name: b10902110, hole_card: ['H7', 'SQ']
name: b10902042, hole_card: ['H3', 'HT']
"b10902042" declared "raise:25"
name: b10902110, hole_card: ['H7', 'SQ']
name: b10902042, hole_card: ['H3', 'HT']
"b10902110" declared "fold:0"
"['b10902042']" won the round 9 (stack = {'b10902110': 945, 'b10902042': 1055})
community cards of this round: ['H4', 'H3', 'C5', 'CQ', 'CJ']
name: b10902110, hole_card: ['SJ', 'CK']
name: b10902042, hole_card: ['C6', 'D8']
Started the round 10
Street "preflop" started. (community card = [])
name: b10902110, hole_card: ['SJ', 'CK']
name: b10902042, hole_card: ['C6', 'D8']
"b10902110" declared "fold:0"
"['b10902042']" won the round 10 (stack = {'b10902110': 940, 'b10902042': 1060})
community cards of this round: ['SK', 'CQ', 'S4', 'CT', 'S3']
name: b10902110, hole_card: ['CA', 'DA']
name: b10902042, hole_card: ['SQ', 'D9']
Started the round 11
Street "preflop" started. (community card = [])
name: b10902110, hole_card: ['CA', 'DA']
name: b10902042, hole_card: ['SQ', 'D9']
"b10902042" declared "raise:25"
name: b10902110, hole_card: ['CA', 'DA']
name: b10902042, hole_card: ['SQ', 'D9']
"b10902110" declared "fold:0"
"['b10902042']" won the round 11 (stack = {'b10902110': 930, 'b10902042': 1070})
community cards of this round: ['D5', 'HT', 'H8', 'HJ', 'H5']
name: b10902110, hole_card: ['CJ', 'H7']
name: b10902042, hole_card: ['S8', 'D6']
Started the round 12
Street "preflop" started. (community card = [])
name: b10902110, hole_card: ['CJ', 'H7']
name: b10902042, hole_card: ['S8', 'D6']
"b10902110" declared "fold:0"
"['b10902042']" won the round 12 (stack = {'b10902110': 925, 'b10902042': 1075})
community cards of this round: ['HK', 'CA', 'SK', 'DT', 'S5']
name: b10902110, hole_card: ['SA', 'S4']
name: b10902042, hole_card: ['CQ', 'S2']
Started the round 13
Street "preflop" started. (community card = [])
name: b10902110, hole_card: ['SA', 'S4']
name: b10902042, hole_card: ['CQ', 'S2']
"b10902042" declared "fold:0"
"['b10902110']" won the round 13 (stack = {'b10902110': 930, 'b10902042': 1070})
community cards of this round: ['CQ', 'S2', 'S8', 'HJ', 'S7']
name: b10902110, hole_card: ['CA', 'CJ']
name: b10902042, hole_card: ['C6', 'D5']
Started the round 14
Street "preflop" started. (community card = [])
name: b10902110, hole_card: ['CA', 'CJ']
name: b10902042, hole_card: ['C6', 'D5']
"b10902110" declared "fold:0"
"['b10902042']" won the round 14 (stack = {'b10902110': 925, 'b10902042': 1075})
community cards of this round: ['D3', 'C6', 'SQ', 'DA', 'ST']
name: b10902110, hole_card: ['S7', 'HA']
name: b10902042, hole_card: ['S2', 'H9']
Started the round 15
Street "preflop" started. (community card = [])
name: b10902110, hole_card: ['S7', 'HA']
name: b10902042, hole_card: ['S2', 'H9']
"b10902042" declared "fold:0"
"['b10902110']" won the round 15 (stack = {'b10902110': 930, 'b10902042': 1070})
community cards of this round: ['CJ', 'C6', 'SJ', 'DK', 'C4']
name: b10902110, hole_card: ['H2', 'D8']
name: b10902042, hole_card: ['DJ', 'D9']
Started the round 16
Street "preflop" started. (community card = [])
name: b10902110, hole_card: ['H2', 'D8']
name: b10902042, hole_card: ['DJ', 'D9']
"b10902110" declared "fold:0"
"['b10902042']" won the round 16 (stack = {'b10902110': 925, 'b10902042': 1075})
community cards of this round: ['C6', 'C3', 'S3', 'D5', 'H6']
name: b10902110, hole_card: ['C4', 'C2']
name: b10902042, hole_card: ['H5', 'S4']
Started the round 17
Street "preflop" started. (community card = [])
name: b10902110, hole_card: ['C4', 'C2']
name: b10902042, hole_card: ['H5', 'S4']
"b10902042" declared "fold:0"
"['b10902110']" won the round 17 (stack = {'b10902110': 930, 'b10902042': 1070})
community cards of this round: ['C8', 'HQ', 'H3', 'D3', 'D4']
name: b10902110, hole_card: ['CK', 'D6']
name: b10902042, hole_card: ['S7', 'H6']
Started the round 18
Street "preflop" started. (community card = [])
name: b10902110, hole_card: ['CK', 'D6']
name: b10902042, hole_card: ['S7', 'H6']
"b10902110" declared "fold:0"
"['b10902042']" won the round 18 (stack = {'b10902110': 925, 'b10902042': 1075})
community cards of this round: ['DA', 'D3', 'SA', 'HQ', 'C6']
name: b10902110, hole_card: ['H6', 'DT']
name: b10902042, hole_card: ['H4', 'CK']
Started the round 19
Street "preflop" started. (community card = [])
name: b10902110, hole_card: ['H6', 'DT']
name: b10902042, hole_card: ['H4', 'CK']
"b10902042" declared "fold:0"
"['b10902110']" won the round 19 (stack = {'b10902110': 930, 'b10902042': 1070})
community cards of this round: ['HA', 'C8', 'S2', 'H3', 'C4']
name: b10902110, hole_card: ['DQ', 'C5']
name: b10902042, hole_card: ['S8', 'SK']
Started the round 20
Street "preflop" started. (community card = [])
name: b10902110, hole_card: ['DQ', 'C5']
name: b10902042, hole_card: ['S8', 'SK']
"b10902110" declared "fold:0"
"['b10902042']" won the round 20 (stack = {'b10902110': 925, 'b10902042': 1075})
b10902042 vs b10902110 - Game 3: {'rule': {'initial_stack': 1000, 'max_round': 20, 'small_blind_amount': 5, 'ante': 0, 'blind_structure': {}}, 'players': [{'name': 'b10902110', 'uuid': 'wqplzarlzwjlrbwmcqbunx', 'stack': 925, 'state': 'participating'}, {'name': 'b10902042', 'uuid': 'qcbluznagfbfqsrjfwwpdw', 'stack': 1075, 'state': 'participating'}]}
community cards of this round: ['C7', 'S9', 'HQ', 'D2', 'DA']
name: b10902042, hole_card: ['D9', 'C2']
name: b10902110, hole_card: ['CJ', 'C6']
Started the round 1
Street "preflop" started. (community card = [])
name: b10902042, hole_card: ['D9', 'C2']
name: b10902110, hole_card: ['CJ', 'C6']
"b10902110" declared "fold:0"
"['b10902042']" won the round 1 (stack = {'b10902042': 1005, 'b10902110': 995})
community cards of this round: ['D4', 'DA', 'S3', 'H2', 'HJ']
name: b10902042, hole_card: ['H9', 'SJ']
name: b10902110, hole_card: ['H8', 'C3']
Started the round 2
Street "preflop" started. (community card = [])
name: b10902042, hole_card: ['H9', 'SJ']
name: b10902110, hole_card: ['H8', 'C3']
"b10902042" declared "raise:25"
name: b10902042, hole_card: ['H9', 'SJ']
name: b10902110, hole_card: ['H8', 'C3']
"b10902110" declared "fold:0"
"['b10902042']" won the round 2 (stack = {'b10902042': 1015, 'b10902110': 985})
community cards of this round: ['HA', 'C2', 'S5', 'DK', 'DQ']
name: b10902042, hole_card: ['DT', 'S3']
name: b10902110, hole_card: ['C9', 'HT']
Started the round 3
Street "preflop" started. (community card = [])
name: b10902042, hole_card: ['DT', 'S3']
name: b10902110, hole_card: ['C9', 'HT']
"b10902110" declared "fold:0"
"['b10902042']" won the round 3 (stack = {'b10902042': 1020, 'b10902110': 980})
community cards of this round: ['H9', 'SQ', 'CT', 'D4', 'DA']
name: b10902042, hole_card: ['CJ', 'C6']
name: b10902110, hole_card: ['D6', 'ST']
Started the round 4
Street "preflop" started. (community card = [])
name: b10902042, hole_card: ['CJ', 'C6']
name: b10902110, hole_card: ['D6', 'ST']
"b10902042" declared "raise:25"
name: b10902042, hole_card: ['CJ', 'C6']
name: b10902110, hole_card: ['D6', 'ST']
"b10902110" declared "fold:0"
"['b10902042']" won the round 4 (stack = {'b10902042': 1030, 'b10902110': 970})
community cards of this round: ['SA', 'D7', 'CJ', 'D6', 'C2']
name: b10902042, hole_card: ['C6', 'SK']
name: b10902110, hole_card: ['S9', 'H3']
Started the round 5
Street "preflop" started. (community card = [])
name: b10902042, hole_card: ['C6', 'SK']
name: b10902110, hole_card: ['S9', 'H3']
"b10902110" declared "fold:0"
"['b10902042']" won the round 5 (stack = {'b10902042': 1035, 'b10902110': 965})
community cards of this round: ['S9', 'H7', 'S6', 'H5', 'HK']
name: b10902042, hole_card: ['HQ', 'HJ']
name: b10902110, hole_card: ['DJ', 'D9']
Started the round 6
Street "preflop" started. (community card = [])
name: b10902042, hole_card: ['HQ', 'HJ']
name: b10902110, hole_card: ['DJ', 'D9']
"b10902042" declared "raise:25"
name: b10902042, hole_card: ['HQ', 'HJ']
name: b10902110, hole_card: ['DJ', 'D9']
"b10902110" declared "fold:0"
"['b10902042']" won the round 6 (stack = {'b10902042': 1045, 'b10902110': 955})
community cards of this round: ['SJ', 'D5', 'D6', 'C8', 'DK']
name: b10902042, hole_card: ['DT', 'D8']
name: b10902110, hole_card: ['CA', 'S6']
Started the round 7
Street "preflop" started. (community card = [])
name: b10902042, hole_card: ['DT', 'D8']
name: b10902110, hole_card: ['CA', 'S6']
"b10902110" declared "fold:0"
"['b10902042']" won the round 7 (stack = {'b10902042': 1050, 'b10902110': 950})
community cards of this round: ['SA', 'DA', 'C2', 'D4', 'HK']
name: b10902042, hole_card: ['CK', 'S5']
name: b10902110, hole_card: ['D7', 'H4']
Started the round 8
Street "preflop" started. (community card = [])
name: b10902042, hole_card: ['CK', 'S5']
name: b10902110, hole_card: ['D7', 'H4']
"b10902042" declared "raise:25"
name: b10902042, hole_card: ['CK', 'S5']
name: b10902110, hole_card: ['D7', 'H4']
"b10902110" declared "fold:0"
"['b10902042']" won the round 8 (stack = {'b10902042': 1060, 'b10902110': 940})
community cards of this round: ['D8', 'S8', 'DK', 'H8', 'S9']
name: b10902042, hole_card: ['H7', 'SQ']
name: b10902110, hole_card: ['H3', 'HT']
Started the round 9
Street "preflop" started. (community card = [])
name: b10902042, hole_card: ['H7', 'SQ']
name: b10902110, hole_card: ['H3', 'HT']
"b10902110" declared "fold:0"
"['b10902042']" won the round 9 (stack = {'b10902042': 1065, 'b10902110': 935})
community cards of this round: ['H4', 'H3', 'C5', 'CQ', 'CJ']
name: b10902042, hole_card: ['SJ', 'CK']
name: b10902110, hole_card: ['C6', 'D8']
Started the round 10
Street "preflop" started. (community card = [])
name: b10902042, hole_card: ['SJ', 'CK']
name: b10902110, hole_card: ['C6', 'D8']
"b10902042" declared "raise:25"
name: b10902042, hole_card: ['SJ', 'CK']
name: b10902110, hole_card: ['C6', 'D8']
"b10902110" declared "fold:0"
"['b10902042']" won the round 10 (stack = {'b10902042': 1075, 'b10902110': 925})
community cards of this round: ['SK', 'CQ', 'S4', 'CT', 'S3']
name: b10902042, hole_card: ['CA', 'DA']
name: b10902110, hole_card: ['SQ', 'D9']
Started the round 11
Street "preflop" started. (community card = [])
name: b10902042, hole_card: ['CA', 'DA']
name: b10902110, hole_card: ['SQ', 'D9']
"b10902110" declared "fold:0"
"['b10902042']" won the round 11 (stack = {'b10902042': 1080, 'b10902110': 920})
community cards of this round: ['D5', 'HT', 'H8', 'HJ', 'H5']
name: b10902042, hole_card: ['CJ', 'H7']
name: b10902110, hole_card: ['S8', 'D6']
Started the round 12
Street "preflop" started. (community card = [])
name: b10902042, hole_card: ['CJ', 'H7']
name: b10902110, hole_card: ['S8', 'D6']
"b10902042" declared "fold:0"
"['b10902110']" won the round 12 (stack = {'b10902042': 1075, 'b10902110': 925})
community cards of this round: ['HK', 'CA', 'SK', 'DT', 'S5']
name: b10902042, hole_card: ['SA', 'S4']
name: b10902110, hole_card: ['CQ', 'S2']
Started the round 13
Street "preflop" started. (community card = [])
name: b10902042, hole_card: ['SA', 'S4']
name: b10902110, hole_card: ['CQ', 'S2']
"b10902110" declared "fold:0"
"['b10902042']" won the round 13 (stack = {'b10902042': 1080, 'b10902110': 920})
community cards of this round: ['CQ', 'S2', 'S8', 'HJ', 'S7']
name: b10902042, hole_card: ['CA', 'CJ']
name: b10902110, hole_card: ['C6', 'D5']
Started the round 14
Street "preflop" started. (community card = [])
name: b10902042, hole_card: ['CA', 'CJ']
name: b10902110, hole_card: ['C6', 'D5']
"b10902042" declared "fold:0"
"['b10902110']" won the round 14 (stack = {'b10902042': 1075, 'b10902110': 925})
community cards of this round: ['D3', 'C6', 'SQ', 'DA', 'ST']
name: b10902042, hole_card: ['S7', 'HA']
name: b10902110, hole_card: ['S2', 'H9']
Started the round 15
Street "preflop" started. (community card = [])
name: b10902042, hole_card: ['S7', 'HA']
name: b10902110, hole_card: ['S2', 'H9']
"b10902110" declared "fold:0"
"['b10902042']" won the round 15 (stack = {'b10902042': 1080, 'b10902110': 920})
community cards of this round: ['CJ', 'C6', 'SJ', 'DK', 'C4']
name: b10902042, hole_card: ['H2', 'D8']
name: b10902110, hole_card: ['DJ', 'D9']
Started the round 16
Street "preflop" started. (community card = [])
name: b10902042, hole_card: ['H2', 'D8']
name: b10902110, hole_card: ['DJ', 'D9']
"b10902042" declared "fold:0"
"['b10902110']" won the round 16 (stack = {'b10902042': 1075, 'b10902110': 925})
community cards of this round: ['C6', 'C3', 'S3', 'D5', 'H6']
name: b10902042, hole_card: ['C4', 'C2']
name: b10902110, hole_card: ['H5', 'S4']
Started the round 17
Street "preflop" started. (community card = [])
name: b10902042, hole_card: ['C4', 'C2']
name: b10902110, hole_card: ['H5', 'S4']
"b10902110" declared "fold:0"
"['b10902042']" won the round 17 (stack = {'b10902042': 1080, 'b10902110': 920})
community cards of this round: ['C8', 'HQ', 'H3', 'D3', 'D4']
name: b10902042, hole_card: ['CK', 'D6']
name: b10902110, hole_card: ['S7', 'H6']
Started the round 18
Street "preflop" started. (community card = [])
name: b10902042, hole_card: ['CK', 'D6']
name: b10902110, hole_card: ['S7', 'H6']
"b10902042" declared "fold:0"
"['b10902110']" won the round 18 (stack = {'b10902042': 1075, 'b10902110': 925})
community cards of this round: ['DA', 'D3', 'SA', 'HQ', 'C6']
name: b10902042, hole_card: ['H6', 'DT']
name: b10902110, hole_card: ['H4', 'CK']
Started the round 19
Street "preflop" started. (community card = [])
name: b10902042, hole_card: ['H6', 'DT']
name: b10902110, hole_card: ['H4', 'CK']
"b10902110" declared "fold:0"
"['b10902042']" won the round 19 (stack = {'b10902042': 1080, 'b10902110': 920})
community cards of this round: ['HA', 'C8', 'S2', 'H3', 'C4']
name: b10902042, hole_card: ['DQ', 'C5']
name: b10902110, hole_card: ['S8', 'SK']
Started the round 20
Street "preflop" started. (community card = [])
name: b10902042, hole_card: ['DQ', 'C5']
name: b10902110, hole_card: ['S8', 'SK']
"b10902042" declared "fold:0"
"['b10902110']" won the round 20 (stack = {'b10902042': 1075, 'b10902110': 925})
b10902042 vs b10902110 - Game 4: {'rule': {'initial_stack': 1000, 'max_round': 20, 'small_blind_amount': 5, 'ante': 0, 'blind_structure': {}}, 'players': [{'name': 'b10902042', 'uuid': 'bmaiqwsizameazdzpuashn', 'stack': 1075, 'state': 'participating'}, {'name': 'b10902110', 'uuid': 'wbolpvduzknraapcamyglc', 'stack': 925, 'state': 'participating'}]}
community cards of this round: ['H8', 'SJ', 'C7', 'S5', 'C8']
name: b10902110, hole_card: ['H2', 'SQ']
name: b10902042, hole_card: ['D4', 'H5']
Started the round 1
Street "preflop" started. (community card = [])
name: b10902110, hole_card: ['H2', 'SQ']
name: b10902042, hole_card: ['D4', 'H5']
"b10902042" declared "fold:0"
"['b10902110']" won the round 1 (stack = {'b10902110': 1005, 'b10902042': 995})
community cards of this round: ['CA', 'D2', 'C2', 'S5', 'S2']
name: b10902110, hole_card: ['D8', 'C7']
name: b10902042, hole_card: ['SK', 'D9']
Started the round 2
Street "preflop" started. (community card = [])
name: b10902110, hole_card: ['D8', 'C7']
name: b10902042, hole_card: ['SK', 'D9']
"b10902110" declared "fold:0"
"['b10902042']" won the round 2 (stack = {'b10902110': 1000, 'b10902042': 1000})
community cards of this round: ['D3', 'HK', 'H5', 'SK', 'C7']
name: b10902110, hole_card: ['HT', 'C9']
name: b10902042, hole_card: ['S3', 'DJ']
Started the round 3
Street "preflop" started. (community card = [])
name: b10902110, hole_card: ['HT', 'C9']
name: b10902042, hole_card: ['S3', 'DJ']
"b10902042" declared "raise:25"
name: b10902110, hole_card: ['HT', 'C9']
name: b10902042, hole_card: ['S3', 'DJ']
"b10902110" declared "fold:0"
"['b10902042']" won the round 3 (stack = {'b10902110': 990, 'b10902042': 1010})
community cards of this round: ['H6', 'SJ', 'D6', 'S3', 'C9']
name: b10902110, hole_card: ['HK', 'D3']
name: b10902042, hole_card: ['D8', 'C3']
Started the round 4
Street "preflop" started. (community card = [])
name: b10902110, hole_card: ['HK', 'D3']
name: b10902042, hole_card: ['D8', 'C3']
"b10902110" declared "fold:0"
"['b10902042']" won the round 4 (stack = {'b10902110': 985, 'b10902042': 1015})
community cards of this round: ['D3', 'CJ', 'H3', 'DQ', 'CK']
name: b10902110, hole_card: ['H4', 'HK']
name: b10902042, hole_card: ['H6', 'SK']
Started the round 5
Street "preflop" started. (community card = [])
name: b10902110, hole_card: ['H4', 'HK']
name: b10902042, hole_card: ['H6', 'SK']
"b10902042" declared "raise:25"
name: b10902110, hole_card: ['H4', 'HK']
name: b10902042, hole_card: ['H6', 'SK']
"b10902110" declared "fold:0"
"['b10902042']" won the round 5 (stack = {'b10902110': 975, 'b10902042': 1025})
community cards of this round: ['HT', 'S3', 'S5', 'D4', 'D5']
name: b10902110, hole_card: ['H2', 'D6']
name: b10902042, hole_card: ['C4', 'HA']
Started the round 6
Street "preflop" started. (community card = [])
name: b10902110, hole_card: ['H2', 'D6']
name: b10902042, hole_card: ['C4', 'HA']
"b10902110" declared "fold:0"
"['b10902042']" won the round 6 (stack = {'b10902110': 970, 'b10902042': 1030})
community cards of this round: ['S6', 'CJ', 'DK', 'C2', 'CA']
name: b10902110, hole_card: ['H2', 'CT']
name: b10902042, hole_card: ['S3', 'CK']
Started the round 7
Street "preflop" started. (community card = [])
name: b10902110, hole_card: ['H2', 'CT']
name: b10902042, hole_card: ['S3', 'CK']
"b10902042" declared "raise:25"
name: b10902110, hole_card: ['H2', 'CT']
name: b10902042, hole_card: ['S3', 'CK']
"b10902110" declared "fold:0"
"['b10902042']" won the round 7 (stack = {'b10902110': 960, 'b10902042': 1040})
community cards of this round: ['H2', 'C4', 'S9', 'CJ', 'DK']
name: b10902110, hole_card: ['C8', 'H5']
name: b10902042, hole_card: ['DJ', 'C3']
Started the round 8
Street "preflop" started. (community card = [])
name: b10902110, hole_card: ['C8', 'H5']
name: b10902042, hole_card: ['DJ', 'C3']
"b10902110" declared "fold:0"
"['b10902042']" won the round 8 (stack = {'b10902110': 955, 'b10902042': 1045})
community cards of this round: ['SK', 'C8', 'S5', 'HJ', 'H6']
name: b10902110, hole_card: ['CJ', 'CQ']
name: b10902042, hole_card: ['DT', 'D2']
Started the round 9
Street "preflop" started. (community card = [])
name: b10902110, hole_card: ['CJ', 'CQ']
name: b10902042, hole_card: ['DT', 'D2']
"b10902042" declared "raise:21.180000000000007"
name: b10902110, hole_card: ['CJ', 'CQ']
name: b10902042, hole_card: ['DT', 'D2']
"b10902110" declared "fold:0"
"['b10902042']" won the round 9 (stack = {'b10902110': 945, 'b10902042': 1054.82})
community cards of this round: ['SA', 'H8', 'H4', 'D5', 'D6']
name: b10902110, hole_card: ['DT', 'DK']
name: b10902042, hole_card: ['SQ', 'HT']
Started the round 10
Street "preflop" started. (community card = [])
name: b10902110, hole_card: ['DT', 'DK']
name: b10902042, hole_card: ['SQ', 'HT']
"b10902110" declared "fold:0"
"['b10902042']" won the round 10 (stack = {'b10902110': 940, 'b10902042': 1059.82})
community cards of this round: ['C2', 'CK', 'S6', 'S9', 'DT']
name: b10902110, hole_card: ['CT', 'H2']
name: b10902042, hole_card: ['H4', 'HK']
Started the round 11
Street "preflop" started. (community card = [])
name: b10902110, hole_card: ['CT', 'H2']
name: b10902042, hole_card: ['H4', 'HK']
"b10902042" declared "raise:25"
name: b10902110, hole_card: ['CT', 'H2']
name: b10902042, hole_card: ['H4', 'HK']
"b10902110" declared "fold:0"
"['b10902042']" won the round 11 (stack = {'b10902110': 930, 'b10902042': 1069.82})
community cards of this round: ['S4', 'H8', 'DQ', 'D6', 'C4']
name: b10902110, hole_card: ['S7', 'DT']
name: b10902042, hole_card: ['D5', 'H9']
Started the round 12
Street "preflop" started. (community card = [])
name: b10902110, hole_card: ['S7', 'DT']
name: b10902042, hole_card: ['D5', 'H9']
"b10902110" declared "fold:0"
"['b10902042']" won the round 12 (stack = {'b10902110': 925, 'b10902042': 1074.82})
community cards of this round: ['DA', 'D6', 'CQ', 'SA', 'CK']
name: b10902110, hole_card: ['C7', 'CA']
name: b10902042, hole_card: ['C4', 'S3']
Started the round 13
Street "preflop" started. (community card = [])
name: b10902110, hole_card: ['C7', 'CA']
name: b10902042, hole_card: ['C4', 'S3']
"b10902042" declared "fold:0"
"['b10902110']" won the round 13 (stack = {'b10902110': 930, 'b10902042': 1069.82})
community cards of this round: ['H8', 'S7', 'HT', 'D9', 'SA']
name: b10902110, hole_card: ['H6', 'H4']
name: b10902042, hole_card: ['C4', 'DA']
Started the round 14
Street "preflop" started. (community card = [])
name: b10902110, hole_card: ['H6', 'H4']
name: b10902042, hole_card: ['C4', 'DA']
"b10902110" declared "fold:0"
"['b10902042']" won the round 14 (stack = {'b10902110': 925, 'b10902042': 1074.82})
community cards of this round: ['H7', 'S9', 'S4', 'S6', 'D4']
name: b10902110, hole_card: ['H2', 'S2']
name: b10902042, hole_card: ['DA', 'SK']
Started the round 15
Street "preflop" started. (community card = [])
name: b10902110, hole_card: ['H2', 'S2']
name: b10902042, hole_card: ['DA', 'SK']
"b10902042" declared "fold:0"
"['b10902110']" won the round 15 (stack = {'b10902110': 930, 'b10902042': 1069.82})
community cards of this round: ['D6', 'S6', 'H4', 'DQ', 'HT']
name: b10902110, hole_card: ['HA', 'HJ']
name: b10902042, hole_card: ['C8', 'H2']
Started the round 16
Street "preflop" started. (community card = [])
name: b10902110, hole_card: ['HA', 'HJ']
name: b10902042, hole_card: ['C8', 'H2']
"b10902110" declared "fold:0"
"['b10902042']" won the round 16 (stack = {'b10902110': 925, 'b10902042': 1074.82})
community cards of this round: ['D2', 'HJ', 'H6', 'S2', 'H4']
name: b10902110, hole_card: ['SA', 'H5']
name: b10902042, hole_card: ['C4', 'DQ']
Started the round 17
Street "preflop" started. (community card = [])
name: b10902110, hole_card: ['SA', 'H5']
name: b10902042, hole_card: ['C4', 'DQ']
"b10902042" declared "fold:0"
"['b10902110']" won the round 17 (stack = {'b10902110': 930, 'b10902042': 1069.82})
community cards of this round: ['CJ', 'S3', 'H8', 'C2', 'HQ']
name: b10902110, hole_card: ['D5', 'C9']
name: b10902042, hole_card: ['S9', 'DQ']
Started the round 18
Street "preflop" started. (community card = [])
name: b10902110, hole_card: ['D5', 'C9']
name: b10902042, hole_card: ['S9', 'DQ']
"b10902110" declared "fold:0"
"['b10902042']" won the round 18 (stack = {'b10902110': 925, 'b10902042': 1074.82})
community cards of this round: ['HJ', 'HQ', 'H8', 'CQ', 'C2']
name: b10902110, hole_card: ['D7', 'HT']
name: b10902042, hole_card: ['S5', 'CA']
Started the round 19
Street "preflop" started. (community card = [])
name: b10902110, hole_card: ['D7', 'HT']
name: b10902042, hole_card: ['S5', 'CA']
"b10902042" declared "fold:0"
"['b10902110']" won the round 19 (stack = {'b10902110': 930, 'b10902042': 1069.82})
community cards of this round: ['C3', 'C7', 'CA', 'H7', 'C8']
name: b10902110, hole_card: ['C5', 'D3']
name: b10902042, hole_card: ['D6', 'C9']
Started the round 20
Street "preflop" started. (community card = [])
name: b10902110, hole_card: ['C5', 'D3']
name: b10902042, hole_card: ['D6', 'C9']
"b10902110" declared "fold:0"
"['b10902042']" won the round 20 (stack = {'b10902110': 925, 'b10902042': 1074.82})
b10902042 vs b10902110 - Game 5: {'rule': {'initial_stack': 1000, 'max_round': 20, 'small_blind_amount': 5, 'ante': 0, 'blind_structure': {}}, 'players': [{'name': 'b10902110', 'uuid': 'olpfuzngmugqquqlbqytkz', 'stack': 925, 'state': 'participating'}, {'name': 'b10902042', 'uuid': 'irzfoditimyjtistwsaeob', 'stack': 1074.82, 'state': 'participating'}]}
Final Result: b10902042 won 5 games (stack: 5314.82), b10902110 won 0 games (stack: 4685), num ties: 0
