community cards of this round: ['DJ', 'HJ', 'CA', 'DT', 'S7']
name: b09508001, hole_card: ['CK', 'D8']
name: b10902135, hole_card: ['CT', 'SQ']
Started the round 1
Street "preflop" started. (community card = [])
name: b09508001, hole_card: ['CK', 'D8']
name: b10902135, hole_card: ['CT', 'SQ']
"b10902135" declared "raise:30"
name: b09508001, hole_card: ['CK', 'D8']
name: b10902135, hole_card: ['CT', 'SQ']
"b09508001" declared "call:30"
Street "flop" started. (community card = ['DJ', 'HJ', 'CA'])
name: b09508001, hole_card: ['CK', 'D8']
name: b10902135, hole_card: ['CT', 'SQ']
"b10902135" declared "raise:20.0"
name: b09508001, hole_card: ['CK', 'D8']
name: b10902135, hole_card: ['CT', 'SQ']
"b09508001" declared "call:20.0"
Street "turn" started. (community card = ['DJ', 'HJ', 'CA', 'DT'])
name: b09508001, hole_card: ['CK', 'D8']
name: b10902135, hole_card: ['CT', 'SQ']
"b10902135" declared "raise:33.333333333333336"
name: b09508001, hole_card: ['CK', 'D8']
name: b10902135, hole_card: ['CT', 'SQ']
"b09508001" declared "call:33.333333333333336"
Street "river" started. (community card = ['DJ', 'HJ', 'CA', 'DT', 'S7'])
name: b09508001, hole_card: ['CK', 'D8']
name: b10902135, hole_card: ['CT', 'SQ']
"b10902135" declared "raise:55.555555555555564"
name: b09508001, hole_card: ['CK', 'D8']
name: b10902135, hole_card: ['CT', 'SQ']
"b09508001" declared "fold:0"
"['b10902135']" won the round 1 (stack = {'b09508001': 916.6666666666666, 'b10902135': 1083.111111111111})
community cards of this round: ['H3', 'DJ', 'SK', 'CT', 'DT']
name: b09508001, hole_card: ['D3', 'S7']
name: b10902135, hole_card: ['DQ', 'CK']
Started the round 2
Street "preflop" started. (community card = [])
name: b09508001, hole_card: ['D3', 'S7']
name: b10902135, hole_card: ['DQ', 'CK']
"b09508001" declared "fold:0"
"['b10902135']" won the round 2 (stack = {'b09508001': 911.6666666666666, 'b10902135': 1088.111111111111})
community cards of this round: ['HT', 'HA', 'CJ', 'HQ', 'D8']
name: b09508001, hole_card: ['C2', 'S2']
name: b10902135, hole_card: ['S8', 'C9']
Started the round 3
Street "preflop" started. (community card = [])
name: b09508001, hole_card: ['C2', 'S2']
name: b10902135, hole_card: ['S8', 'C9']
"b10902135" declared "raise:30"
name: b09508001, hole_card: ['C2', 'S2']
name: b10902135, hole_card: ['S8', 'C9']
"b09508001" declared "fold:0"
"['b10902135']" won the round 3 (stack = {'b09508001': 901.6666666666666, 'b10902135': 1098.111111111111})
community cards of this round: ['H2', 'CK', 'H3', 'H9', 'C9']
name: b09508001, hole_card: ['D9', 'C4']
name: b10902135, hole_card: ['H4', 'DA']
Started the round 4
Street "preflop" started. (community card = [])
name: b09508001, hole_card: ['D9', 'C4']
name: b10902135, hole_card: ['H4', 'DA']
"b09508001" declared "fold:0"
"['b10902135']" won the round 4 (stack = {'b09508001': 896.6666666666666, 'b10902135': 1103.111111111111})
community cards of this round: ['DK', 'DJ', 'DT', 'H3', 'C4']
name: b09508001, hole_card: ['H7', 'ST']
name: b10902135, hole_card: ['C8', 'HT']
Started the round 5
Street "preflop" started. (community card = [])
name: b09508001, hole_card: ['H7', 'ST']
name: b10902135, hole_card: ['C8', 'HT']
"b10902135" declared "raise:30"
name: b09508001, hole_card: ['H7', 'ST']
name: b10902135, hole_card: ['C8', 'HT']
"b09508001" declared "raise:896.6666666666666"
name: b09508001, hole_card: ['H7', 'ST']
name: b10902135, hole_card: ['C8', 'HT']
"b10902135" declared "call:896.6666666666666"
Street "flop" started. (community card = ['DK', 'DJ', 'DT'])
Street "turn" started. (community card = ['DK', 'DJ', 'DT', 'H3'])
Street "river" started. (community card = ['DK', 'DJ', 'DT', 'H3', 'C4'])
"['b10902135']" won the round 5 (stack = {'b09508001': 0.0, 'b10902135': 1999.4444444444443})
b10902135 vs b09508001 - Game 1: {'rule': {'initial_stack': 1000, 'max_round': 20, 'small_blind_amount': 5, 'ante': 0, 'blind_structure': {}}, 'players': [{'name': 'b09508001', 'uuid': 'xjhpfefwyojshjxufpvujz', 'stack': 0, 'state': 'folded'}, {'name': 'b10902135', 'uuid': 'twilmesfevgtplqnlpoasq', 'stack': 1999.4444444444443, 'state': 'participating'}]}
community cards of this round: ['DJ', 'HJ', 'CA', 'DT', 'S7']
name: b10902135, hole_card: ['CK', 'D8']
name: b09508001, hole_card: ['CT', 'SQ']
Started the round 1
Street "preflop" started. (community card = [])
name: b10902135, hole_card: ['CK', 'D8']
name: b09508001, hole_card: ['CT', 'SQ']
"b09508001" declared "call:10"
name: b10902135, hole_card: ['CK', 'D8']
name: b09508001, hole_card: ['CT', 'SQ']
"b10902135" declared "raise:30"
name: b10902135, hole_card: ['CK', 'D8']
name: b09508001, hole_card: ['CT', 'SQ']
"b09508001" declared "call:30"
Street "flop" started. (community card = ['DJ', 'HJ', 'CA'])
name: b10902135, hole_card: ['CK', 'D8']
name: b09508001, hole_card: ['CT', 'SQ']
"b09508001" declared "call:0"
name: b10902135, hole_card: ['CK', 'D8']
name: b09508001, hole_card: ['CT', 'SQ']
"b10902135" declared "raise:40.0"
name: b10902135, hole_card: ['CK', 'D8']
name: b09508001, hole_card: ['CT', 'SQ']
"b09508001" declared "call:40.0"
Street "turn" started. (community card = ['DJ', 'HJ', 'CA', 'DT'])
name: b10902135, hole_card: ['CK', 'D8']
name: b09508001, hole_card: ['CT', 'SQ']
"b09508001" declared "raise:42"
name: b10902135, hole_card: ['CK', 'D8']
name: b09508001, hole_card: ['CT', 'SQ']
"b10902135" declared "call:42"
Street "river" started. (community card = ['DJ', 'HJ', 'CA', 'DT', 'S7'])
name: b10902135, hole_card: ['CK', 'D8']
name: b09508001, hole_card: ['CT', 'SQ']
"b09508001" declared "raise:18"
name: b10902135, hole_card: ['CK', 'D8']
name: b09508001, hole_card: ['CT', 'SQ']
"b10902135" declared "fold:0"
"['b09508001']" won the round 1 (stack = {'b10902135': 888.0, 'b09508001': 1112.0})
community cards of this round: ['H3', 'DJ', 'SK', 'CT', 'DT']
name: b10902135, hole_card: ['D3', 'S7']
name: b09508001, hole_card: ['DQ', 'CK']
Started the round 2
Street "preflop" started. (community card = [])
name: b10902135, hole_card: ['D3', 'S7']
name: b09508001, hole_card: ['DQ', 'CK']
"b10902135" declared "raise:20"
name: b10902135, hole_card: ['D3', 'S7']
name: b09508001, hole_card: ['DQ', 'CK']
"b09508001" declared "call:20"
Street "flop" started. (community card = ['H3', 'DJ', 'SK'])
name: b10902135, hole_card: ['D3', 'S7']
name: b09508001, hole_card: ['DQ', 'CK']
"b10902135" declared "raise:13.333333333333334"
name: b10902135, hole_card: ['D3', 'S7']
name: b09508001, hole_card: ['DQ', 'CK']
"b09508001" declared "call:13.333333333333334"
Street "turn" started. (community card = ['H3', 'DJ', 'SK', 'CT'])
name: b10902135, hole_card: ['D3', 'S7']
name: b09508001, hole_card: ['DQ', 'CK']
"b10902135" declared "call:0"
name: b10902135, hole_card: ['D3', 'S7']
name: b09508001, hole_card: ['DQ', 'CK']
"b09508001" declared "call:0"
Street "river" started. (community card = ['H3', 'DJ', 'SK', 'CT', 'DT'])
name: b10902135, hole_card: ['D3', 'S7']
name: b09508001, hole_card: ['DQ', 'CK']
"b10902135" declared "raise:22.222222222222225"
name: b10902135, hole_card: ['D3', 'S7']
name: b09508001, hole_card: ['DQ', 'CK']
"b09508001" declared "call:22.222222222222225"
"['b09508001']" won the round 2 (stack = {'b10902135': 832.4444444444445, 'b09508001': 1167.4444444444446})
community cards of this round: ['HT', 'HA', 'CJ', 'HQ', 'D8']
name: b10902135, hole_card: ['C2', 'S2']
name: b09508001, hole_card: ['S8', 'C9']
Started the round 3
Street "preflop" started. (community card = [])
name: b10902135, hole_card: ['C2', 'S2']
name: b09508001, hole_card: ['S8', 'C9']
"b09508001" declared "fold:0"
"['b10902135']" won the round 3 (stack = {'b10902135': 837.4444444444445, 'b09508001': 1162.4444444444446})
community cards of this round: ['H2', 'CK', 'H3', 'H9', 'C9']
name: b10902135, hole_card: ['D9', 'C4']
name: b09508001, hole_card: ['H4', 'DA']
Started the round 4
Street "preflop" started. (community card = [])
name: b10902135, hole_card: ['D9', 'C4']
name: b09508001, hole_card: ['H4', 'DA']
"b10902135" declared "raise:200"
name: b10902135, hole_card: ['D9', 'C4']
name: b09508001, hole_card: ['H4', 'DA']
"b09508001" declared "fold:0"
"['b10902135']" won the round 4 (stack = {'b10902135': 847.4444444444445, 'b09508001': 1152.4444444444446})
community cards of this round: ['DK', 'DJ', 'DT', 'H3', 'C4']
name: b10902135, hole_card: ['H7', 'ST']
name: b09508001, hole_card: ['C8', 'HT']
Started the round 5
Street "preflop" started. (community card = [])
name: b10902135, hole_card: ['H7', 'ST']
name: b09508001, hole_card: ['C8', 'HT']
"b09508001" declared "fold:0"
"['b10902135']" won the round 5 (stack = {'b10902135': 852.4444444444445, 'b09508001': 1147.4444444444446})
community cards of this round: ['DJ', 'H6', 'C6', 'S3', 'D7']
name: b10902135, hole_card: ['C5', 'D5']
name: b09508001, hole_card: ['CQ', 'DK']
Started the round 6
Street "preflop" started. (community card = [])
name: b10902135, hole_card: ['C5', 'D5']
name: b09508001, hole_card: ['CQ', 'DK']
"b10902135" declared "raise:200"
name: b10902135, hole_card: ['C5', 'D5']
name: b09508001, hole_card: ['CQ', 'DK']
"b09508001" declared "fold:0"
"['b10902135']" won the round 6 (stack = {'b10902135': 862.4444444444445, 'b09508001': 1137.4444444444446})
community cards of this round: ['HK', 'C5', 'D9', 'CA', 'C8']
name: b10902135, hole_card: ['S5', 'SK']
name: b09508001, hole_card: ['C2', 'H2']
Started the round 7
Street "preflop" started. (community card = [])
name: b10902135, hole_card: ['S5', 'SK']
name: b09508001, hole_card: ['C2', 'H2']
"b09508001" declared "fold:0"
"['b10902135']" won the round 7 (stack = {'b10902135': 867.4444444444445, 'b09508001': 1132.4444444444446})
community cards of this round: ['DA', 'S9', 'S2', 'C2', 'HK']
name: b10902135, hole_card: ['D9', 'D7']
name: b09508001, hole_card: ['SQ', 'DQ']
Started the round 8
Street "preflop" started. (community card = [])
name: b10902135, hole_card: ['D9', 'D7']
name: b09508001, hole_card: ['SQ', 'DQ']
"b10902135" declared "raise:200"
name: b10902135, hole_card: ['D9', 'D7']
name: b09508001, hole_card: ['SQ', 'DQ']
"b09508001" declared "fold:0"
"['b10902135']" won the round 8 (stack = {'b10902135': 877.4444444444445, 'b09508001': 1122.4444444444446})
community cards of this round: ['H2', 'S8', 'CA', 'SQ', 'D9']
name: b10902135, hole_card: ['C8', 'H5']
name: b09508001, hole_card: ['D2', 'HQ']
Started the round 9
Street "preflop" started. (community card = [])
name: b10902135, hole_card: ['C8', 'H5']
name: b09508001, hole_card: ['D2', 'HQ']
"b09508001" declared "fold:0"
"['b10902135']" won the round 9 (stack = {'b10902135': 882.4444444444445, 'b09508001': 1117.4444444444446})
community cards of this round: ['H5', 'C2', 'DA', 'CK', 'S4']
name: b10902135, hole_card: ['CA', 'D5']
name: b09508001, hole_card: ['H2', 'ST']
Started the round 10
Street "preflop" started. (community card = [])
name: b10902135, hole_card: ['CA', 'D5']
name: b09508001, hole_card: ['H2', 'ST']
"b10902135" declared "raise:200"
name: b10902135, hole_card: ['CA', 'D5']
name: b09508001, hole_card: ['H2', 'ST']
"b09508001" declared "fold:0"
"['b10902135']" won the round 10 (stack = {'b10902135': 892.4444444444445, 'b09508001': 1107.4444444444446})
community cards of this round: ['DA', 'C3', 'CQ', 'HJ', 'C5']
name: b10902135, hole_card: ['HT', 'D9']
name: b09508001, hole_card: ['C6', 'H8']
Started the round 11
Street "preflop" started. (community card = [])
name: b10902135, hole_card: ['HT', 'D9']
name: b09508001, hole_card: ['C6', 'H8']
"b09508001" declared "fold:0"
"['b10902135']" won the round 11 (stack = {'b10902135': 897.4444444444445, 'b09508001': 1102.4444444444446})
community cards of this round: ['DA', 'SA', 'SQ', 'D4', 'C8']
name: b10902135, hole_card: ['DQ', 'CQ']
name: b09508001, hole_card: ['D7', 'C3']
Started the round 12
Street "preflop" started. (community card = [])
name: b10902135, hole_card: ['DQ', 'CQ']
name: b09508001, hole_card: ['D7', 'C3']
"b10902135" declared "raise:200"
name: b10902135, hole_card: ['DQ', 'CQ']
name: b09508001, hole_card: ['D7', 'C3']
"b09508001" declared "fold:0"
"['b10902135']" won the round 12 (stack = {'b10902135': 907.4444444444445, 'b09508001': 1092.4444444444446})
community cards of this round: ['S4', 'H9', 'DT', 'D3', 'C8']
name: b10902135, hole_card: ['CA', 'SJ']
name: b09508001, hole_card: ['C2', 'H5']
Started the round 13
Street "preflop" started. (community card = [])
name: b10902135, hole_card: ['CA', 'SJ']
name: b09508001, hole_card: ['C2', 'H5']
"b09508001" declared "fold:0"
"['b10902135']" won the round 13 (stack = {'b10902135': 912.4444444444445, 'b09508001': 1087.4444444444446})
community cards of this round: ['H9', 'S8', 'HJ', 'C6', 'CQ']
name: b10902135, hole_card: ['C5', 'S5']
name: b09508001, hole_card: ['DA', 'CK']
Started the round 14
Street "preflop" started. (community card = [])
name: b10902135, hole_card: ['C5', 'S5']
name: b09508001, hole_card: ['DA', 'CK']
"b10902135" declared "raise:200"
name: b10902135, hole_card: ['C5', 'S5']
name: b09508001, hole_card: ['DA', 'CK']
"b09508001" declared "fold:0"
"['b10902135']" won the round 14 (stack = {'b10902135': 922.4444444444445, 'b09508001': 1077.4444444444446})
community cards of this round: ['S6', 'H7', 'D6', 'HA', 'SK']
name: b10902135, hole_card: ['CJ', 'D4']
name: b09508001, hole_card: ['C8', 'S5']
Started the round 15
Street "preflop" started. (community card = [])
name: b10902135, hole_card: ['CJ', 'D4']
name: b09508001, hole_card: ['C8', 'S5']
"b09508001" declared "fold:0"
"['b10902135']" won the round 15 (stack = {'b10902135': 927.4444444444445, 'b09508001': 1072.4444444444446})
community cards of this round: ['ST', 'HK', 'S5', 'S7', 'DA']
name: b10902135, hole_card: ['C2', 'SK']
name: b09508001, hole_card: ['DK', 'C6']
Started the round 16
Street "preflop" started. (community card = [])
name: b10902135, hole_card: ['C2', 'SK']
name: b09508001, hole_card: ['DK', 'C6']
"b10902135" declared "raise:200"
name: b10902135, hole_card: ['C2', 'SK']
name: b09508001, hole_card: ['DK', 'C6']
"b09508001" declared "fold:0"
"['b10902135']" won the round 16 (stack = {'b10902135': 937.4444444444445, 'b09508001': 1062.4444444444446})
community cards of this round: ['DQ', 'D5', 'C6', 'CT', 'DK']
name: b10902135, hole_card: ['D9', 'CA']
name: b09508001, hole_card: ['HK', 'S5']
Started the round 17
Street "preflop" started. (community card = [])
name: b10902135, hole_card: ['D9', 'CA']
name: b09508001, hole_card: ['HK', 'S5']
"b09508001" declared "fold:0"
"['b10902135']" won the round 17 (stack = {'b10902135': 942.4444444444445, 'b09508001': 1057.4444444444446})
community cards of this round: ['HJ', 'SA', 'S4', 'C4', 'HQ']
name: b10902135, hole_card: ['H5', 'D3']
name: b09508001, hole_card: ['S6', 'DT']
Started the round 18
Street "preflop" started. (community card = [])
name: b10902135, hole_card: ['H5', 'D3']
name: b09508001, hole_card: ['S6', 'DT']
"b10902135" declared "raise:200"
name: b10902135, hole_card: ['H5', 'D3']
name: b09508001, hole_card: ['S6', 'DT']
"b09508001" declared "fold:0"
"['b10902135']" won the round 18 (stack = {'b10902135': 952.4444444444445, 'b09508001': 1047.4444444444446})
community cards of this round: ['D9', 'S7', 'HQ', 'D2', 'CJ']
name: b10902135, hole_card: ['DQ', 'DK']
name: b09508001, hole_card: ['D3', 'SQ']
Started the round 19
Street "preflop" started. (community card = [])
name: b10902135, hole_card: ['DQ', 'DK']
name: b09508001, hole_card: ['D3', 'SQ']
"b09508001" declared "fold:0"
"['b10902135']" won the round 19 (stack = {'b10902135': 957.4444444444445, 'b09508001': 1042.4444444444446})
community cards of this round: ['D2', 'H9', 'ST', 'SJ', 'DJ']
name: b10902135, hole_card: ['S2', 'D6']
name: b09508001, hole_card: ['C2', 'CA']
Started the round 20
Street "preflop" started. (community card = [])
name: b10902135, hole_card: ['S2', 'D6']
name: b09508001, hole_card: ['C2', 'CA']
"b10902135" declared "raise:200"
name: b10902135, hole_card: ['S2', 'D6']
name: b09508001, hole_card: ['C2', 'CA']
"b09508001" declared "fold:0"
"['b10902135']" won the round 20 (stack = {'b10902135': 967.4444444444445, 'b09508001': 1032.4444444444446})
b10902135 vs b09508001 - Game 2: {'rule': {'initial_stack': 1000, 'max_round': 20, 'small_blind_amount': 5, 'ante': 0, 'blind_structure': {}}, 'players': [{'name': 'b10902135', 'uuid': 'rpwnystnyvjtwbugegxxyt', 'stack': 967.4444444444445, 'state': 'participating'}, {'name': 'b09508001', 'uuid': 'rkudkpeozuwudzjmssckle', 'stack': 1032.4444444444446, 'state': 'participating'}]}
community cards of this round: ['HT', 'D9', 'H5', 'S3', 'D4']
name: b09508001, hole_card: ['CT', 'SQ']
name: b10902135, hole_card: ['ST', 'D3']
Started the round 1
Street "preflop" started. (community card = [])
name: b09508001, hole_card: ['CT', 'SQ']
name: b10902135, hole_card: ['ST', 'D3']
"b10902135" declared "raise:20"
name: b09508001, hole_card: ['CT', 'SQ']
name: b10902135, hole_card: ['ST', 'D3']
"b09508001" declared "call:20"
Street "flop" started. (community card = ['HT', 'D9', 'H5'])
name: b09508001, hole_card: ['CT', 'SQ']
name: b10902135, hole_card: ['ST', 'D3']
"b10902135" declared "raise:13.333333333333334"
name: b09508001, hole_card: ['CT', 'SQ']
name: b10902135, hole_card: ['ST', 'D3']
"b09508001" declared "raise:70"
name: b09508001, hole_card: ['CT', 'SQ']
name: b10902135, hole_card: ['ST', 'D3']
"b10902135" declared "raise:210"
name: b09508001, hole_card: ['CT', 'SQ']
name: b10902135, hole_card: ['ST', 'D3']
"b09508001" declared "call:350", Invalid action. Treat as fold...
"['b10902135']" won the round 1 (stack = {'b09508001': 910, 'b10902135': 1090.0})
community cards of this round: ['H3', 'C3', 'C2', 'HK', 'ST']
name: b09508001, hole_card: ['HA', 'SJ']
name: b10902135, hole_card: ['D8', 'H8']
Started the round 2
Street "preflop" started. (community card = [])
name: b09508001, hole_card: ['HA', 'SJ']
name: b10902135, hole_card: ['D8', 'H8']
"b09508001" declared "call:10"
name: b09508001, hole_card: ['HA', 'SJ']
name: b10902135, hole_card: ['D8', 'H8']
"b10902135" declared "raise:30"
name: b09508001, hole_card: ['HA', 'SJ']
name: b10902135, hole_card: ['D8', 'H8']
"b09508001" declared "call:30"
Street "flop" started. (community card = ['H3', 'C3', 'C2'])
name: b09508001, hole_card: ['HA', 'SJ']
name: b10902135, hole_card: ['D8', 'H8']
"b09508001" declared "call:0"
name: b09508001, hole_card: ['HA', 'SJ']
name: b10902135, hole_card: ['D8', 'H8']
"b10902135" declared "raise:40.0"
name: b09508001, hole_card: ['HA', 'SJ']
name: b10902135, hole_card: ['D8', 'H8']
"b09508001" declared "call:40.0"
Street "turn" started. (community card = ['H3', 'C3', 'C2', 'HK'])
name: b09508001, hole_card: ['HA', 'SJ']
name: b10902135, hole_card: ['D8', 'H8']
"b09508001" declared "raise:840.0"
name: b09508001, hole_card: ['HA', 'SJ']
name: b10902135, hole_card: ['D8', 'H8']
"b10902135" declared "call:840.0"
Street "river" started. (community card = ['H3', 'C3', 'C2', 'HK', 'ST'])
"['b10902135']" won the round 2 (stack = {'b09508001': 0.0, 'b10902135': 2000.0})
b10902135 vs b09508001 - Game 3: {'rule': {'initial_stack': 1000, 'max_round': 20, 'small_blind_amount': 5, 'ante': 0, 'blind_structure': {}}, 'players': [{'name': 'b09508001', 'uuid': 'lctjxcjyaufiylctitofez', 'stack': 0, 'state': 'folded'}, {'name': 'b10902135', 'uuid': 'insojmwmgxaccgllsjmyiy', 'stack': 2000.0, 'state': 'participating'}]}
community cards of this round: ['HT', 'D9', 'H5', 'S3', 'D4']
name: b10902135, hole_card: ['CT', 'SQ']
name: b09508001, hole_card: ['ST', 'D3']
Started the round 1
Street "preflop" started. (community card = [])
name: b10902135, hole_card: ['CT', 'SQ']
name: b09508001, hole_card: ['ST', 'D3']
"b09508001" declared "fold:0"
"['b10902135']" won the round 1 (stack = {'b10902135': 1005, 'b09508001': 995})
community cards of this round: ['H3', 'C3', 'C2', 'HK', 'ST']
name: b10902135, hole_card: ['HA', 'SJ']
name: b09508001, hole_card: ['D8', 'H8']
Started the round 2
Street "preflop" started. (community card = [])
name: b10902135, hole_card: ['HA', 'SJ']
name: b09508001, hole_card: ['D8', 'H8']
"b10902135" declared "raise:30"
name: b10902135, hole_card: ['HA', 'SJ']
name: b09508001, hole_card: ['D8', 'H8']
"b09508001" declared "raise:76"
name: b10902135, hole_card: ['HA', 'SJ']
name: b09508001, hole_card: ['D8', 'H8']
"b10902135" declared "raise:228"
name: b10902135, hole_card: ['HA', 'SJ']
name: b09508001, hole_card: ['D8', 'H8']
"b09508001" declared "fold:0"
"['b10902135']" won the round 2 (stack = {'b10902135': 1081, 'b09508001': 919})
community cards of this round: ['DK', 'DJ', 'C3', 'S2', 'C8']
name: b10902135, hole_card: ['C2', 'S4']
name: b09508001, hole_card: ['HA', 'S7']
Started the round 3
Street "preflop" started. (community card = [])
name: b10902135, hole_card: ['C2', 'S4']
name: b09508001, hole_card: ['HA', 'S7']
"b09508001" declared "call:10"
name: b10902135, hole_card: ['C2', 'S4']
name: b09508001, hole_card: ['HA', 'S7']
"b10902135" declared "call:10"
Street "flop" started. (community card = ['DK', 'DJ', 'C3'])
name: b10902135, hole_card: ['C2', 'S4']
name: b09508001, hole_card: ['HA', 'S7']
"b09508001" declared "fold:0"
"['b10902135']" won the round 3 (stack = {'b10902135': 1091, 'b09508001': 909})
community cards of this round: ['ST', 'D3', 'SK', 'CK', 'D7']
name: b10902135, hole_card: ['S6', 'HT']
name: b09508001, hole_card: ['H3', 'CJ']
Started the round 4
Street "preflop" started. (community card = [])
name: b10902135, hole_card: ['S6', 'HT']
name: b09508001, hole_card: ['H3', 'CJ']
"b10902135" declared "raise:20"
name: b10902135, hole_card: ['S6', 'HT']
name: b09508001, hole_card: ['H3', 'CJ']
"b09508001" declared "fold:0"
"['b10902135']" won the round 4 (stack = {'b10902135': 1101, 'b09508001': 899})
community cards of this round: ['H3', 'S9', 'D2', 'H6', 'H2']
name: b10902135, hole_card: ['SK', 'C6']
name: b09508001, hole_card: ['S2', 'D4']
Started the round 5
Street "preflop" started. (community card = [])
name: b10902135, hole_card: ['SK', 'C6']
name: b09508001, hole_card: ['S2', 'D4']
"b09508001" declared "fold:0"
"['b10902135']" won the round 5 (stack = {'b10902135': 1106, 'b09508001': 894})
community cards of this round: ['H8', 'S4', 'HK', 'D4', 'H3']
name: b10902135, hole_card: ['D3', 'S3']
name: b09508001, hole_card: ['C9', 'HQ']
Started the round 6
Street "preflop" started. (community card = [])
name: b10902135, hole_card: ['D3', 'S3']
name: b09508001, hole_card: ['C9', 'HQ']
"b10902135" declared "raise:20"
name: b10902135, hole_card: ['D3', 'S3']
name: b09508001, hole_card: ['C9', 'HQ']
"b09508001" declared "raise:894"
name: b10902135, hole_card: ['D3', 'S3']
name: b09508001, hole_card: ['C9', 'HQ']
"b10902135" declared "fold:0"
"['b09508001']" won the round 6 (stack = {'b10902135': 1086, 'b09508001': 914})
community cards of this round: ['S6', 'S9', 'C9', 'H7', 'H8']
name: b10902135, hole_card: ['C4', 'SK']
name: b09508001, hole_card: ['D4', 'D9']
Started the round 7
Street "preflop" started. (community card = [])
name: b10902135, hole_card: ['C4', 'SK']
name: b09508001, hole_card: ['D4', 'D9']
"b09508001" declared "fold:0"
"['b10902135']" won the round 7 (stack = {'b10902135': 1091, 'b09508001': 909})
community cards of this round: ['H3', 'D2', 'SQ', 'C3', 'D6']
name: b10902135, hole_card: ['DJ', 'S3']
name: b09508001, hole_card: ['H2', 'D5']
Started the round 8
Street "preflop" started. (community card = [])
name: b10902135, hole_card: ['DJ', 'S3']
name: b09508001, hole_card: ['H2', 'D5']
"b10902135" declared "raise:20"
name: b10902135, hole_card: ['DJ', 'S3']
name: b09508001, hole_card: ['H2', 'D5']
"b09508001" declared "raise:909"
name: b10902135, hole_card: ['DJ', 'S3']
name: b09508001, hole_card: ['H2', 'D5']
"b10902135" declared "fold:0"
"['b09508001']" won the round 8 (stack = {'b10902135': 1071, 'b09508001': 929})
community cards of this round: ['SA', 'D8', 'S5', 'D7', 'DJ']
name: b10902135, hole_card: ['C4', 'D5']
name: b09508001, hole_card: ['ST', 'C8']
Started the round 9
Street "preflop" started. (community card = [])
name: b10902135, hole_card: ['C4', 'D5']
name: b09508001, hole_card: ['ST', 'C8']
"b09508001" declared "fold:0"
"['b10902135']" won the round 9 (stack = {'b10902135': 1076, 'b09508001': 924})
community cards of this round: ['SK', 'H2', 'D3', 'DQ', 'H9']
name: b10902135, hole_card: ['S9', 'HK']
name: b09508001, hole_card: ['C6', 'DA']
Started the round 10
Street "preflop" started. (community card = [])
name: b10902135, hole_card: ['S9', 'HK']
name: b09508001, hole_card: ['C6', 'DA']
"b10902135" declared "raise:30"
name: b10902135, hole_card: ['S9', 'HK']
name: b09508001, hole_card: ['C6', 'DA']
"b09508001" declared "raise:924"
name: b10902135, hole_card: ['S9', 'HK']
name: b09508001, hole_card: ['C6', 'DA']
"b10902135" declared "call:924"
Street "flop" started. (community card = ['SK', 'H2', 'D3'])
Street "turn" started. (community card = ['SK', 'H2', 'D3', 'DQ'])
Street "river" started. (community card = ['SK', 'H2', 'D3', 'DQ', 'H9'])
"['b10902135']" won the round 10 (stack = {'b10902135': 2000, 'b09508001': 0})
b10902135 vs b09508001 - Game 4: {'rule': {'initial_stack': 1000, 'max_round': 20, 'small_blind_amount': 5, 'ante': 0, 'blind_structure': {}}, 'players': [{'name': 'b10902135', 'uuid': 'dpnzecgkrtezsjxwizpkft', 'stack': 2000, 'state': 'participating'}, {'name': 'b09508001', 'uuid': 'aexjvqsrirlbbnnlwukkkl', 'stack': 0, 'state': 'folded'}]}
community cards of this round: ['DK', 'C5', 'HK', 'CT', 'H6']
name: b09508001, hole_card: ['S4', 'D4']
name: b10902135, hole_card: ['DQ', 'DJ']
Started the round 1
Street "preflop" started. (community card = [])
name: b09508001, hole_card: ['S4', 'D4']
name: b10902135, hole_card: ['DQ', 'DJ']
"b10902135" declared "raise:30"
name: b09508001, hole_card: ['S4', 'D4']
name: b10902135, hole_card: ['DQ', 'DJ']
"b09508001" declared "call:30"
Street "flop" started. (community card = ['DK', 'C5', 'HK'])
name: b09508001, hole_card: ['S4', 'D4']
name: b10902135, hole_card: ['DQ', 'DJ']
"b10902135" declared "raise:20.0"
name: b09508001, hole_card: ['S4', 'D4']
name: b10902135, hole_card: ['DQ', 'DJ']
"b09508001" declared "fold:0"
"['b10902135']" won the round 1 (stack = {'b09508001': 970, 'b10902135': 1030.0})
community cards of this round: ['D9', 'S2', 'D2', 'C5', 'D3']
name: b09508001, hole_card: ['H9', 'DA']
name: b10902135, hole_card: ['D4', 'HA']
Started the round 2
Street "preflop" started. (community card = [])
name: b09508001, hole_card: ['H9', 'DA']
name: b10902135, hole_card: ['D4', 'HA']
"b09508001" declared "call:10"
name: b09508001, hole_card: ['H9', 'DA']
name: b10902135, hole_card: ['D4', 'HA']
"b10902135" declared "raise:30"
name: b09508001, hole_card: ['H9', 'DA']
name: b10902135, hole_card: ['D4', 'HA']
"b09508001" declared "call:30"
Street "flop" started. (community card = ['D9', 'S2', 'D2'])
name: b09508001, hole_card: ['H9', 'DA']
name: b10902135, hole_card: ['D4', 'HA']
"b09508001" declared "raise:136.0"
name: b09508001, hole_card: ['H9', 'DA']
name: b10902135, hole_card: ['D4', 'HA']
"b10902135" declared "call:136.0"
Street "turn" started. (community card = ['D9', 'S2', 'D2', 'C5'])
name: b09508001, hole_card: ['H9', 'DA']
name: b10902135, hole_card: ['D4', 'HA']
"b09508001" declared "raise:804.0"
name: b09508001, hole_card: ['H9', 'DA']
name: b10902135, hole_card: ['D4', 'HA']
"b10902135" declared "call:804.0"
Street "river" started. (community card = ['D9', 'S2', 'D2', 'C5', 'D3'])
"['b09508001']" won the round 2 (stack = {'b09508001': 1940.0, 'b10902135': 60.0})
community cards of this round: ['C4', 'DQ', 'DK', 'HQ', 'S8']
name: b09508001, hole_card: ['HJ', 'DT']
name: b10902135, hole_card: ['C6', 'C8']
Started the round 3
Street "preflop" started. (community card = [])
name: b09508001, hole_card: ['HJ', 'DT']
name: b10902135, hole_card: ['C6', 'C8']
"b10902135" declared "raise:200", Invalid action. Treat as fold...
"['b09508001']" won the round 3 (stack = {'b09508001': 1945.0, 'b10902135': 55.0})
community cards of this round: ['HT', 'D5', 'ST', 'DA', 'HA']
name: b09508001, hole_card: ['S7', 'HQ']
name: b10902135, hole_card: ['D3', 'D8']
Started the round 4
Street "preflop" started. (community card = [])
name: b09508001, hole_card: ['S7', 'HQ']
name: b10902135, hole_card: ['D3', 'D8']
"b09508001" declared "fold:0"
"['b10902135']" won the round 4 (stack = {'b09508001': 1940.0, 'b10902135': 60.0})
community cards of this round: ['CK', 'C2', 'D3', 'S2', 'HJ']
name: b09508001, hole_card: ['D4', 'H7']
name: b10902135, hole_card: ['DQ', 'DK']
Started the round 5
Street "preflop" started. (community card = [])
name: b09508001, hole_card: ['D4', 'H7']
name: b10902135, hole_card: ['DQ', 'DK']
"b10902135" declared "raise:200", Invalid action. Treat as fold...
"['b09508001']" won the round 5 (stack = {'b09508001': 1945.0, 'b10902135': 55.0})
community cards of this round: ['DA', 'DQ', 'CQ', 'C8', 'HT']
name: b09508001, hole_card: ['CK', 'S2']
name: b10902135, hole_card: ['S9', 'D4']
Started the round 6
Street "preflop" started. (community card = [])
name: b09508001, hole_card: ['CK', 'S2']
name: b10902135, hole_card: ['S9', 'D4']
"b09508001" declared "fold:0"
"['b10902135']" won the round 6 (stack = {'b09508001': 1940.0, 'b10902135': 60.0})
community cards of this round: ['D4', 'D8', 'H5', 'CA', 'D7']
name: b09508001, hole_card: ['H6', 'C6']
name: b10902135, hole_card: ['DA', 'D3']
Started the round 7
Street "preflop" started. (community card = [])
name: b09508001, hole_card: ['H6', 'C6']
name: b10902135, hole_card: ['DA', 'D3']
"b10902135" declared "raise:200", Invalid action. Treat as fold...
"['b09508001']" won the round 7 (stack = {'b09508001': 1945.0, 'b10902135': 55.0})
community cards of this round: ['D9', 'C3', 'H9', 'D5', 'S5']
name: b09508001, hole_card: ['CJ', 'DQ']
name: b10902135, hole_card: ['S9', 'HQ']
Started the round 8
Street "preflop" started. (community card = [])
name: b09508001, hole_card: ['CJ', 'DQ']
name: b10902135, hole_card: ['S9', 'HQ']
"b09508001" declared "fold:0"
"['b10902135']" won the round 8 (stack = {'b09508001': 1940.0, 'b10902135': 60.0})
community cards of this round: ['C2', 'HJ', 'HK', 'H3', 'SA']
name: b09508001, hole_card: ['CT', 'D8']
name: b10902135, hole_card: ['CJ', 'H4']
Started the round 9
Street "preflop" started. (community card = [])
name: b09508001, hole_card: ['CT', 'D8']
name: b10902135, hole_card: ['CJ', 'H4']
"b10902135" declared "raise:200", Invalid action. Treat as fold...
"['b09508001']" won the round 9 (stack = {'b09508001': 1945.0, 'b10902135': 55.0})
community cards of this round: ['D3', 'H3', 'DT', 'HT', 'H8']
name: b09508001, hole_card: ['S7', 'S3']
name: b10902135, hole_card: ['C8', 'SJ']
Started the round 10
Street "preflop" started. (community card = [])
name: b09508001, hole_card: ['S7', 'S3']
name: b10902135, hole_card: ['C8', 'SJ']
"b09508001" declared "fold:0"
"['b10902135']" won the round 10 (stack = {'b09508001': 1940.0, 'b10902135': 60.0})
community cards of this round: ['C4', 'SJ', 'H6', 'S4', 'HJ']
name: b09508001, hole_card: ['S3', 'DJ']
name: b10902135, hole_card: ['CT', 'D6']
Started the round 11
Street "preflop" started. (community card = [])
name: b09508001, hole_card: ['S3', 'DJ']
name: b10902135, hole_card: ['CT', 'D6']
"b10902135" declared "raise:200", Invalid action. Treat as fold...
"['b09508001']" won the round 11 (stack = {'b09508001': 1945.0, 'b10902135': 55.0})
community cards of this round: ['H9', 'C8', 'HK', 'H3', 'C7']
name: b09508001, hole_card: ['H6', 'S4']
name: b10902135, hole_card: ['C3', 'S7']
Started the round 12
Street "preflop" started. (community card = [])
name: b09508001, hole_card: ['H6', 'S4']
name: b10902135, hole_card: ['C3', 'S7']
"b09508001" declared "fold:0"
"['b10902135']" won the round 12 (stack = {'b09508001': 1940.0, 'b10902135': 60.0})
community cards of this round: ['CA', 'HT', 'DK', 'D7', 'D6']
name: b09508001, hole_card: ['HK', 'H2']
name: b10902135, hole_card: ['S9', 'H4']
Started the round 13
Street "preflop" started. (community card = [])
name: b09508001, hole_card: ['HK', 'H2']
name: b10902135, hole_card: ['S9', 'H4']
"b10902135" declared "raise:200", Invalid action. Treat as fold...
"['b09508001']" won the round 13 (stack = {'b09508001': 1945.0, 'b10902135': 55.0})
community cards of this round: ['S7', 'S4', 'SJ', 'H2', 'C7']
name: b09508001, hole_card: ['C8', 'CQ']
name: b10902135, hole_card: ['D4', 'C2']
Started the round 14
Street "preflop" started. (community card = [])
name: b09508001, hole_card: ['C8', 'CQ']
name: b10902135, hole_card: ['D4', 'C2']
"b09508001" declared "fold:0"
"['b10902135']" won the round 14 (stack = {'b09508001': 1940.0, 'b10902135': 60.0})
community cards of this round: ['H4', 'C6', 'S8', 'H7', 'S7']
name: b09508001, hole_card: ['CK', 'H3']
name: b10902135, hole_card: ['HT', 'C4']
Started the round 15
Street "preflop" started. (community card = [])
name: b09508001, hole_card: ['CK', 'H3']
name: b10902135, hole_card: ['HT', 'C4']
"b10902135" declared "raise:200", Invalid action. Treat as fold...
"['b09508001']" won the round 15 (stack = {'b09508001': 1945.0, 'b10902135': 55.0})
community cards of this round: ['CQ', 'HQ', 'DQ', 'S6', 'H8']
name: b09508001, hole_card: ['HJ', 'H6']
name: b10902135, hole_card: ['D7', 'HT']
Started the round 16
Street "preflop" started. (community card = [])
name: b09508001, hole_card: ['HJ', 'H6']
name: b10902135, hole_card: ['D7', 'HT']
"b09508001" declared "fold:0"
"['b10902135']" won the round 16 (stack = {'b09508001': 1940.0, 'b10902135': 60.0})
community cards of this round: ['CJ', 'HT', 'HK', 'D7', 'C2']
name: b09508001, hole_card: ['C9', 'H2']
name: b10902135, hole_card: ['H8', 'D3']
Started the round 17
Street "preflop" started. (community card = [])
name: b09508001, hole_card: ['C9', 'H2']
name: b10902135, hole_card: ['H8', 'D3']
"b10902135" declared "raise:200", Invalid action. Treat as fold...
"['b09508001']" won the round 17 (stack = {'b09508001': 1945.0, 'b10902135': 55.0})
community cards of this round: ['H9', 'DK', 'D5', 'S7', 'H8']
name: b09508001, hole_card: ['H2', 'CJ']
name: b10902135, hole_card: ['S3', 'DT']
Started the round 18
Street "preflop" started. (community card = [])
name: b09508001, hole_card: ['H2', 'CJ']
name: b10902135, hole_card: ['S3', 'DT']
"b09508001" declared "fold:0"
"['b10902135']" won the round 18 (stack = {'b09508001': 1940.0, 'b10902135': 60.0})
community cards of this round: ['D5', 'S9', 'SQ', 'HJ', 'D3']
name: b09508001, hole_card: ['HK', 'HA']
name: b10902135, hole_card: ['S5', 'C6']
Started the round 19
Street "preflop" started. (community card = [])
name: b09508001, hole_card: ['HK', 'HA']
name: b10902135, hole_card: ['S5', 'C6']
"b10902135" declared "raise:200", Invalid action. Treat as fold...
"['b09508001']" won the round 19 (stack = {'b09508001': 1945.0, 'b10902135': 55.0})
community cards of this round: ['SJ', 'DA', 'SA', 'C8', 'D5']
name: b09508001, hole_card: ['CK', 'C6']
name: b10902135, hole_card: ['HK', 'D6']
Started the round 20
Street "preflop" started. (community card = [])
name: b09508001, hole_card: ['CK', 'C6']
name: b10902135, hole_card: ['HK', 'D6']
"b09508001" declared "fold:0"
"['b10902135']" won the round 20 (stack = {'b09508001': 1940.0, 'b10902135': 60.0})
b10902135 vs b09508001 - Game 5: {'rule': {'initial_stack': 1000, 'max_round': 20, 'small_blind_amount': 5, 'ante': 0, 'blind_structure': {}}, 'players': [{'name': 'b09508001', 'uuid': 'xfgfxwjmbfpmrbfdjuhqae', 'stack': 1940.0, 'state': 'participating'}, {'name': 'b10902135', 'uuid': 'uuehnwlhmsajxwrpzugbre', 'stack': 60.0, 'state': 'participating'}]}
Final Result: b10902135 won 2 games (stack: 8971.888888888889), b09508001 won 3 games (stack: 1027.4444444444443)
