community cards of this round: ['D3', 'HK', 'C9', 'D5', 'D2']
name: b10902012, hole_card: ['H6', 'D8']
name: b10902034, hole_card: ['D4', 'S3']
['H6', 'D8']
Started the round 1
Street "preflop" started. (community card = [])
name: b10902012, hole_card: ['H6', 'D8']
name: b10902034, hole_card: ['D4', 'S3']
"b10902034" declared "fold:0"
"['b10902012']" won the round 1 (stack = {'b10902012': 1005, 'b10902034': 995})
community cards of this round: ['SJ', 'CK', 'S9', 'CA', 'HK']
name: b10902012, hole_card: ['D6', 'ST']
name: b10902034, hole_card: ['D2', 'DQ']
['D6', 'ST']
Started the round 2
Street "preflop" started. (community card = [])
    eval: 42662, range: (10, 0)
name: b10902012, hole_card: ['D6', 'ST']
name: b10902034, hole_card: ['D2', 'DQ']
"b10902012" declared "call:10"
name: b10902012, hole_card: ['D6', 'ST']
name: b10902034, hole_card: ['D2', 'DQ']
"b10902034" declared "call:10"
Street "flop" started. (community card = ['SJ', 'CK', 'S9'])
    eval: 42662, range: (5.0, 0)
name: b10902012, hole_card: ['D6', 'ST']
name: b10902034, hole_card: ['D2', 'DQ']
"b10902012" declared "call:0"
name: b10902012, hole_card: ['D6', 'ST']
name: b10902034, hole_card: ['D2', 'DQ']
"b10902034" declared "call:0"
Street "turn" started. (community card = ['SJ', 'CK', 'S9', 'CA'])
    eval: 42662, range: (10, 0)
name: b10902012, hole_card: ['D6', 'ST']
name: b10902034, hole_card: ['D2', 'DQ']
"b10902012" declared "call:0"
name: b10902012, hole_card: ['D6', 'ST']
name: b10902034, hole_card: ['D2', 'DQ']
"b10902034" declared "call:0"
Street "river" started. (community card = ['SJ', 'CK', 'S9', 'CA', 'HK'])
    eval: 118950, range: (10, 0)
name: b10902012, hole_card: ['D6', 'ST']
name: b10902034, hole_card: ['D2', 'DQ']
"b10902012" declared "call:0"
name: b10902012, hole_card: ['D6', 'ST']
name: b10902034, hole_card: ['D2', 'DQ']
"b10902034" declared "call:0"
"['b10902034']" won the round 2 (stack = {'b10902012': 995, 'b10902034': 1005})
community cards of this round: ['D2', 'CA', 'DQ', 'DJ', 'ST']
name: b10902012, hole_card: ['S8', 'SQ']
name: b10902034, hole_card: ['H3', 'HQ']
['S8', 'SQ']
Started the round 3
Street "preflop" started. (community card = [])
name: b10902012, hole_card: ['S8', 'SQ']
name: b10902034, hole_card: ['H3', 'HQ']
"b10902034" declared "call:10"
    eval: 51400, range: (10, 0)
name: b10902012, hole_card: ['S8', 'SQ']
name: b10902034, hole_card: ['H3', 'HQ']
"b10902012" declared "call:10"
Street "flop" started. (community card = ['D2', 'CA', 'DQ'])
name: b10902012, hole_card: ['S8', 'SQ']
name: b10902034, hole_card: ['H3', 'HQ']
"b10902034" declared "call:0"
    eval: 114888, range: (10, 0)
name: b10902012, hole_card: ['S8', 'SQ']
name: b10902034, hole_card: ['H3', 'HQ']
"b10902012" declared "call:0"
Street "turn" started. (community card = ['D2', 'CA', 'DQ', 'DJ'])
name: b10902012, hole_card: ['S8', 'SQ']
name: b10902034, hole_card: ['H3', 'HQ']
"b10902034" declared "raise:40"
    eval: 114888, range: (376.70438261349335, 105.1171878649182)
name: b10902012, hole_card: ['S8', 'SQ']
name: b10902034, hole_card: ['H3', 'HQ']
"b10902012" declared "raise:105.1171878649182"
name: b10902012, hole_card: ['S8', 'SQ']
name: b10902034, hole_card: ['H3', 'HQ']
"b10902034" declared "fold:0"
"['b10902012']" won the round 3 (stack = {'b10902012': 1044.8828121350818, 'b10902034': 955})
community cards of this round: ['ST', 'CQ', 'CK', 'CA', 'HT']
name: b10902012, hole_card: ['C8', 'H4']
name: b10902034, hole_card: ['DT', 'D7']
['C8', 'H4']
Started the round 4
Street "preflop" started. (community card = [])
    eval: 33924, range: (10, 0)
name: b10902012, hole_card: ['C8', 'H4']
name: b10902034, hole_card: ['DT', 'D7']
"b10902012" declared "call:10"
name: b10902012, hole_card: ['C8', 'H4']
name: b10902034, hole_card: ['DT', 'D7']
"b10902034" declared "call:10"
Street "flop" started. (community card = ['ST', 'CQ', 'CK'])
    eval: 33924, range: (5.0, 0)
name: b10902012, hole_card: ['C8', 'H4']
name: b10902034, hole_card: ['DT', 'D7']
"b10902012" declared "call:0"
name: b10902012, hole_card: ['C8', 'H4']
name: b10902034, hole_card: ['DT', 'D7']
"b10902034" declared "call:0"
Street "turn" started. (community card = ['ST', 'CQ', 'CK', 'CA'])
    eval: 33924, range: (10, 0)
name: b10902012, hole_card: ['C8', 'H4']
name: b10902034, hole_card: ['DT', 'D7']
"b10902012" declared "call:0"
name: b10902012, hole_card: ['C8', 'H4']
name: b10902034, hole_card: ['DT', 'D7']
"b10902034" declared "call:0"
Street "river" started. (community card = ['ST', 'CQ', 'CK', 'CA', 'HT'])
    eval: 106628, range: (10, 0)
name: b10902012, hole_card: ['C8', 'H4']
name: b10902034, hole_card: ['DT', 'D7']
"b10902012" declared "call:0"
name: b10902012, hole_card: ['C8', 'H4']
name: b10902034, hole_card: ['DT', 'D7']
"b10902034" declared "raise:50"
0th fold
    eval: 106628, range: (10, 0)
name: b10902012, hole_card: ['C8', 'H4']
name: b10902034, hole_card: ['DT', 'D7']
"b10902012" declared "fold:0"
"['b10902034']" won the round 4 (stack = {'b10902012': 1034.8828121350818, 'b10902034': 965})
community cards of this round: ['S8', 'H5', 'S5', 'D8', 'DT']
name: b10902012, hole_card: ['HK', 'DA']
name: b10902034, hole_card: ['CT', 'C3']
['HK', 'DA']
Started the round 5
Street "preflop" started. (community card = [])
name: b10902012, hole_card: ['HK', 'DA']
name: b10902034, hole_card: ['CT', 'C3']
"b10902034" declared "call:10"
    eval: 60909, range: (10, 0)
name: b10902012, hole_card: ['HK', 'DA']
name: b10902034, hole_card: ['CT', 'C3']
"b10902012" declared "call:10"
Street "flop" started. (community card = ['S8', 'H5', 'S5'])
name: b10902012, hole_card: ['HK', 'DA']
name: b10902034, hole_card: ['CT', 'C3']
"b10902034" declared "call:0"
    eval: 86253, range: (10, 0)
name: b10902012, hole_card: ['HK', 'DA']
name: b10902034, hole_card: ['CT', 'C3']
"b10902012" declared "call:0"
Street "turn" started. (community card = ['S8', 'H5', 'S5', 'D8'])
name: b10902012, hole_card: ['HK', 'DA']
name: b10902034, hole_card: ['CT', 'C3']
"b10902034" declared "call:0"
    eval: 165357, range: (505.0001661361713, 60)
name: b10902012, hole_card: ['HK', 'DA']
name: b10902034, hole_card: ['CT', 'C3']
"b10902012" declared "raise:60"
name: b10902012, hole_card: ['HK', 'DA']
name: b10902034, hole_card: ['CT', 'C3']
"b10902034" declared "fold:0"
"['b10902012']" won the round 5 (stack = {'b10902012': 1044.8828121350818, 'b10902034': 955})
community cards of this round: ['S2', 'CJ', 'D2', 'ST', 'H9']
name: b10902012, hole_card: ['HK', 'C5']
name: b10902034, hole_card: ['D7', 'CA']
['HK', 'C5']
Started the round 6
Street "preflop" started. (community card = [])
    eval: 54741, range: (10, 0)
name: b10902012, hole_card: ['HK', 'C5']
name: b10902034, hole_card: ['D7', 'CA']
"b10902012" declared "call:10"
name: b10902012, hole_card: ['HK', 'C5']
name: b10902034, hole_card: ['D7', 'CA']
"b10902034" declared "raise:15"
0th fold
    eval: 54741, range: (10, 0)
name: b10902012, hole_card: ['HK', 'C5']
name: b10902034, hole_card: ['D7', 'CA']
"b10902012" declared "fold:0"
"['b10902034']" won the round 6 (stack = {'b10902012': 1034.8828121350818, 'b10902034': 965})
community cards of this round: ['D4', 'H3', 'C8', 'D7', 'H4']
name: b10902012, hole_card: ['S5', 'C4']
name: b10902034, hole_card: ['C2', 'HJ']
['S5', 'C4']
Started the round 7
Street "preflop" started. (community card = [])
name: b10902012, hole_card: ['S5', 'C4']
name: b10902034, hole_card: ['C2', 'HJ']
"b10902034" declared "call:10"
    eval: 21588, range: (10, 0)
name: b10902012, hole_card: ['S5', 'C4']
name: b10902034, hole_card: ['C2', 'HJ']
"b10902012" declared "call:10"
Street "flop" started. (community card = ['D4', 'H3', 'C8'])
name: b10902012, hole_card: ['S5', 'C4']
name: b10902034, hole_card: ['C2', 'HJ']
"b10902034" declared "call:0"
    eval: 82004, range: (10, 0)
name: b10902012, hole_card: ['S5', 'C4']
name: b10902034, hole_card: ['C2', 'HJ']
"b10902012" declared "call:0"
Street "turn" started. (community card = ['D4', 'H3', 'C8', 'D7'])
name: b10902012, hole_card: ['S5', 'C4']
name: b10902034, hole_card: ['C2', 'HJ']
"b10902034" declared "call:0"
    eval: 82004, range: (253.53397501342957, 29.706512530138394)
name: b10902012, hole_card: ['S5', 'C4']
name: b10902034, hole_card: ['C2', 'HJ']
"b10902012" declared "raise:29.706512530138394"
name: b10902012, hole_card: ['S5', 'C4']
name: b10902034, hole_card: ['C2', 'HJ']
"b10902034" declared "fold:0"
"['b10902012']" won the round 7 (stack = {'b10902012': 1044.1762996049433, 'b10902034': 955})
community cards of this round: ['DQ', 'DK', 'DA', 'H4', 'C4']
name: b10902012, hole_card: ['S3', 'H8']
name: b10902034, hole_card: ['SK', 'H9']
['S3', 'H8']
Started the round 8
Street "preflop" started. (community card = [])
    eval: 33667, range: (10, 0)
name: b10902012, hole_card: ['S3', 'H8']
name: b10902034, hole_card: ['SK', 'H9']
"b10902012" declared "call:10"
name: b10902012, hole_card: ['S3', 'H8']
name: b10902034, hole_card: ['SK', 'H9']
"b10902034" declared "call:10"
Street "flop" started. (community card = ['DQ', 'DK', 'DA'])
    eval: 33667, range: (5.0, 0)
name: b10902012, hole_card: ['S3', 'H8']
name: b10902034, hole_card: ['SK', 'H9']
"b10902012" declared "call:0"
name: b10902012, hole_card: ['S3', 'H8']
name: b10902034, hole_card: ['SK', 'H9']
"b10902034" declared "raise:20"
0th fold
    eval: 33667, range: (5.0, 0)
name: b10902012, hole_card: ['S3', 'H8']
name: b10902034, hole_card: ['SK', 'H9']
"b10902012" declared "fold:0"
"['b10902034']" won the round 8 (stack = {'b10902012': 1034.1762996049433, 'b10902034': 965})
community cards of this round: ['C5', 'SQ', 'C8', 'S5', 'HJ']
name: b10902012, hole_card: ['D4', 'H8']
name: b10902034, hole_card: ['C7', 'CT']
['D4', 'H8']
Started the round 9
Street "preflop" started. (community card = [])
name: b10902012, hole_card: ['D4', 'H8']
name: b10902034, hole_card: ['C7', 'CT']
"b10902034" declared "call:10"
    eval: 33924, range: (10, 0)
name: b10902012, hole_card: ['D4', 'H8']
name: b10902034, hole_card: ['C7', 'CT']
"b10902012" declared "call:10"
Street "flop" started. (community card = ['C5', 'SQ', 'C8'])
name: b10902012, hole_card: ['D4', 'H8']
name: b10902034, hole_card: ['C7', 'CT']
"b10902034" declared "call:0"
    eval: 98436, range: (10, 0)
name: b10902012, hole_card: ['D4', 'H8']
name: b10902034, hole_card: ['C7', 'CT']
"b10902012" declared "call:0"
Street "turn" started. (community card = ['C5', 'SQ', 'C8', 'S5'])
name: b10902012, hole_card: ['D4', 'H8']
name: b10902034, hole_card: ['C7', 'CT']
"b10902034" declared "call:0"
    eval: 165252, range: (339.5378117692729, 60)
name: b10902012, hole_card: ['D4', 'H8']
name: b10902034, hole_card: ['C7', 'CT']
"b10902012" declared "raise:60"
name: b10902012, hole_card: ['D4', 'H8']
name: b10902034, hole_card: ['C7', 'CT']
"b10902034" declared "fold:0"
"['b10902012']" won the round 9 (stack = {'b10902012': 1044.1762996049433, 'b10902034': 955})
community cards of this round: ['SA', 'DT', 'CQ', 'SQ', 'H4']
name: b10902012, hole_card: ['D8', 'H5']
name: b10902034, hole_card: ['D7', 'SK']
['D8', 'H5']
Started the round 10
Street "preflop" started. (community card = [])
    eval: 34181, range: (10, 0)
name: b10902012, hole_card: ['D8', 'H5']
name: b10902034, hole_card: ['D7', 'SK']
"b10902012" declared "call:10"
name: b10902012, hole_card: ['D8', 'H5']
name: b10902034, hole_card: ['D7', 'SK']
"b10902034" declared "call:10"
Street "flop" started. (community card = ['SA', 'DT', 'CQ'])
    eval: 34181, range: (5.0, 0)
name: b10902012, hole_card: ['D8', 'H5']
name: b10902034, hole_card: ['D7', 'SK']
"b10902012" declared "call:0"
name: b10902012, hole_card: ['D8', 'H5']
name: b10902034, hole_card: ['D7', 'SK']
"b10902034" declared "call:0"
Street "turn" started. (community card = ['SA', 'DT', 'CQ', 'SQ'])
    eval: 114821, range: (10, 0)
name: b10902012, hole_card: ['D8', 'H5']
name: b10902034, hole_card: ['D7', 'SK']
"b10902012" declared "call:0"
name: b10902012, hole_card: ['D8', 'H5']
name: b10902034, hole_card: ['D7', 'SK']
"b10902034" declared "call:0"
Street "river" started. (community card = ['SA', 'DT', 'CQ', 'SQ', 'H4'])
    eval: 114821, range: (10, 0)
name: b10902012, hole_card: ['D8', 'H5']
name: b10902034, hole_card: ['D7', 'SK']
"b10902012" declared "call:0"
name: b10902012, hole_card: ['D8', 'H5']
name: b10902034, hole_card: ['D7', 'SK']
"b10902034" declared "call:0"
"['b10902034']" won the round 10 (stack = {'b10902012': 1034.1762996049433, 'b10902034': 965})
community cards of this round: ['SJ', 'CJ', 'CT', 'HA', 'D5']
name: b10902012, hole_card: ['S4', 'C8']
name: b10902034, hole_card: ['D3', 'C3']
['S4', 'C8']
Started the round 11
Street "preflop" started. (community card = [])
name: b10902012, hole_card: ['S4', 'C8']
name: b10902034, hole_card: ['D3', 'C3']
"b10902034" declared "raise:15"
0th fold
    eval: 33924, range: (10, 0)
name: b10902012, hole_card: ['S4', 'C8']
name: b10902034, hole_card: ['D3', 'C3']
"b10902012" declared "fold:0"
"['b10902034']" won the round 11 (stack = {'b10902012': 1024.1762996049433, 'b10902034': 975})
community cards of this round: ['SK', 'H3', 'ST', 'D9', 'H9']
name: b10902012, hole_card: ['C5', 'CT']
name: b10902034, hole_card: ['D6', 'S9']
['C5', 'CT']
Started the round 12
Street "preflop" started. (community card = [])
    eval: 42405, range: (10, 0)
name: b10902012, hole_card: ['C5', 'CT']
name: b10902034, hole_card: ['D6', 'S9']
"b10902012" declared "call:10"
name: b10902012, hole_card: ['C5', 'CT']
name: b10902034, hole_card: ['D6', 'S9']
"b10902034" declared "fold:0"
"['b10902012']" won the round 12 (stack = {'b10902012': 1034.1762996049433, 'b10902034': 965})
community cards of this round: ['S3', 'S9', 'S2', 'D4', 'S7']
name: b10902012, hole_card: ['D7', 'SJ']
name: b10902034, hole_card: ['CA', 'H8']
['D7', 'SJ']
Started the round 13
Street "preflop" started. (community card = [])
name: b10902012, hole_card: ['D7', 'SJ']
name: b10902034, hole_card: ['CA', 'H8']
"b10902034" declared "raise:15"
0th fold
    eval: 47031, range: (10, 0)
name: b10902012, hole_card: ['D7', 'SJ']
name: b10902034, hole_card: ['CA', 'H8']
"b10902012" declared "fold:0"
"['b10902034']" won the round 13 (stack = {'b10902012': 1024.1762996049433, 'b10902034': 975})
community cards of this round: ['D9', 'CA', 'C2', 'C6', 'DK']
name: b10902012, hole_card: ['DJ', 'D3']
name: b10902034, hole_card: ['HK', 'C8']
['DJ', 'D3']
Started the round 14
Street "preflop" started. (community card = [])
    eval: 46003, range: (10, 0)
name: b10902012, hole_card: ['DJ', 'D3']
name: b10902034, hole_card: ['HK', 'C8']
"b10902012" declared "call:10"
name: b10902012, hole_card: ['DJ', 'D3']
name: b10902034, hole_card: ['HK', 'C8']
"b10902034" declared "call:10"
Street "flop" started. (community card = ['D9', 'CA', 'C2'])
    eval: 46003, range: (5.0, 0)
name: b10902012, hole_card: ['DJ', 'D3']
name: b10902034, hole_card: ['HK', 'C8']
"b10902012" declared "call:0"
name: b10902012, hole_card: ['DJ', 'D3']
name: b10902034, hole_card: ['HK', 'C8']
"b10902034" declared "call:0"
Street "turn" started. (community card = ['D9', 'CA', 'C2', 'C6'])
    eval: 46003, range: (10, 0)
name: b10902012, hole_card: ['DJ', 'D3']
name: b10902034, hole_card: ['HK', 'C8']
"b10902012" declared "call:0"
name: b10902012, hole_card: ['DJ', 'D3']
name: b10902034, hole_card: ['HK', 'C8']
"b10902034" declared "call:0"
Street "river" started. (community card = ['D9', 'CA', 'C2', 'C6', 'DK'])
    eval: 46003, range: (10, 0)
name: b10902012, hole_card: ['DJ', 'D3']
name: b10902034, hole_card: ['HK', 'C8']
"b10902012" declared "call:0"
name: b10902012, hole_card: ['DJ', 'D3']
name: b10902034, hole_card: ['HK', 'C8']
"b10902034" declared "raise:50"
1th fold
    eval: 46003, range: (10, 0)
name: b10902012, hole_card: ['DJ', 'D3']
name: b10902034, hole_card: ['HK', 'C8']
"b10902012" declared "fold:0"
"['b10902034']" won the round 14 (stack = {'b10902012': 1014.1762996049433, 'b10902034': 985})
community cards of this round: ['D2', 'D7', 'HA', 'HK', 'SJ']
name: b10902012, hole_card: ['D6', 'H6']
name: b10902034, hole_card: ['SK', 'C4']
['D6', 'H6']
Started the round 15
Street "preflop" started. (community card = [])
name: b10902012, hole_card: ['D6', 'H6']
name: b10902034, hole_card: ['SK', 'C4']
"b10902034" declared "call:10"
    eval: 90214, range: (390.0678075403629, 0)
name: b10902012, hole_card: ['D6', 'H6']
name: b10902034, hole_card: ['SK', 'C4']
"b10902012" declared "call:10"
Street "flop" started. (community card = ['D2', 'D7', 'HA'])
name: b10902012, hole_card: ['D6', 'H6']
name: b10902034, hole_card: ['SK', 'C4']
"b10902034" declared "call:0"
    eval: 90214, range: (10, 0)
name: b10902012, hole_card: ['D6', 'H6']
name: b10902034, hole_card: ['SK', 'C4']
"b10902012" declared "call:0"
Street "turn" started. (community card = ['D2', 'D7', 'HA', 'HK'])
name: b10902012, hole_card: ['D6', 'H6']
name: b10902034, hole_card: ['SK', 'C4']
"b10902034" declared "raise:40"
    eval: 90214, range: (183.55946343397153, 9.13670100011845)
name: b10902012, hole_card: ['D6', 'H6']
name: b10902034, hole_card: ['SK', 'C4']
"b10902012" declared "call:40"
Street "river" started. (community card = ['D2', 'D7', 'HA', 'HK', 'SJ'])
name: b10902012, hole_card: ['D6', 'H6']
name: b10902034, hole_card: ['SK', 'C4']
"b10902034" declared "raise:935"
    eval: 90214, range: (10, 0)
name: b10902012, hole_card: ['D6', 'H6']
name: b10902034, hole_card: ['SK', 'C4']
"b10902012" declared "call:935"
"['b10902034']" won the round 15 (stack = {'b10902012': 29.176299604943324, 'b10902034': 1970})
community cards of this round: ['DQ', 'CA', 'H9', 'S7', 'DT']
name: b10902012, hole_card: ['D7', 'HA']
name: b10902034, hole_card: ['C6', 'C2']
['D7', 'HA']
Started the round 16
Street "preflop" started. (community card = [])
    eval: 59367, range: (10, 0)
name: b10902012, hole_card: ['D7', 'HA']
name: b10902034, hole_card: ['C6', 'C2']
"b10902012" declared "call:10"
name: b10902012, hole_card: ['D7', 'HA']
name: b10902034, hole_card: ['C6', 'C2']
"b10902034" declared "fold:0"
"['b10902012']" won the round 16 (stack = {'b10902012': 39.176299604943324, 'b10902034': 1960})
community cards of this round: ['SA', 'H7', 'ST', 'H2', 'H3']
name: b10902012, hole_card: ['DK', 'D7']
name: b10902034, hole_card: ['HK', 'D5']
['DK', 'D7']
Started the round 17
Street "preflop" started. (community card = [])
name: b10902012, hole_card: ['DK', 'D7']
name: b10902034, hole_card: ['HK', 'D5']
"b10902034" declared "fold:0"
"['b10902012']" won the round 17 (stack = {'b10902012': 44.176299604943324, 'b10902034': 1955})
community cards of this round: ['S3', 'CK', 'D9', 'H8', 'D7']
name: b10902012, hole_card: ['S7', 'HJ']
name: b10902034, hole_card: ['C7', 'D6']
['S7', 'HJ']
Started the round 18
Street "preflop" started. (community card = [])
    eval: 47031, range: (10, 0)
name: b10902012, hole_card: ['S7', 'HJ']
name: b10902034, hole_card: ['C7', 'D6']
"b10902012" declared "call:10"
name: b10902012, hole_card: ['S7', 'HJ']
name: b10902034, hole_card: ['C7', 'D6']
"b10902034" declared "fold:0"
"['b10902012']" won the round 18 (stack = {'b10902012': 54.176299604943324, 'b10902034': 1945})
community cards of this round: ['H7', 'D5', 'C2', 'D9', 'D3']
name: b10902012, hole_card: ['H2', 'DJ']
name: b10902034, hole_card: ['HK', 'DK']
['H2', 'DJ']
Started the round 19
Street "preflop" started. (community card = [])
name: b10902012, hole_card: ['H2', 'DJ']
name: b10902034, hole_card: ['HK', 'DK']
"b10902034" declared "fold:0"
"['b10902012']" won the round 19 (stack = {'b10902012': 59.176299604943324, 'b10902034': 1940})
community cards of this round: ['H9', 'DJ', 'C7', 'H2', 'D4']
name: b10902012, hole_card: ['S8', 'S5']
name: b10902034, hole_card: ['H5', 'C6']
['S8', 'S5']
Started the round 20
Street "preflop" started. (community card = [])
    eval: 34181, range: (5, 0)
name: b10902012, hole_card: ['S8', 'S5']
name: b10902034, hole_card: ['H5', 'C6']
"b10902012" declared "call:10"
name: b10902012, hole_card: ['S8', 'S5']
name: b10902034, hole_card: ['H5', 'C6']
"b10902034" declared "fold:0"
"['b10902012']" won the round 20 (stack = {'b10902012': 69.17629960494332, 'b10902034': 1930})
b10902034 vs b10902012 - Game 1: {'rule': {'initial_stack': 1000, 'max_round': 20, 'small_blind_amount': 5, 'ante': 0, 'blind_structure': {}}, 'players': [{'name': 'b10902012', 'uuid': 'kqrqardfqnkubtrkkwuwvj', 'stack': 69.17629960494332, 'state': 'participating'}, {'name': 'b10902034', 'uuid': 'esxciixguanredwydioivd', 'stack': 1930, 'state': 'participating'}]}
community cards of this round: ['D3', 'HK', 'C9', 'D5', 'D2']
name: b10902034, hole_card: ['H6', 'D8']
name: b10902012, hole_card: ['D4', 'S3']
['D4', 'S3']
Started the round 1
Street "preflop" started. (community card = [])
    eval: 17219, range: (10, 0)
name: b10902034, hole_card: ['H6', 'D8']
name: b10902012, hole_card: ['D4', 'S3']
"b10902012" declared "call:10"
name: b10902034, hole_card: ['H6', 'D8']
name: b10902012, hole_card: ['D4', 'S3']
"b10902034" declared "fold:0"
"['b10902012']" won the round 1 (stack = {'b10902034': 990, 'b10902012': 1010})
community cards of this round: ['SJ', 'CK', 'S9', 'CA', 'HK']
name: b10902034, hole_card: ['D6', 'ST']
name: b10902012, hole_card: ['D2', 'DQ']
['D2', 'DQ']
Started the round 2
Street "preflop" started. (community card = [])
name: b10902034, hole_card: ['D6', 'ST']
name: b10902012, hole_card: ['D2', 'DQ']
"b10902034" declared "call:10"
    eval: 49858, range: (10, 0)
name: b10902034, hole_card: ['D6', 'ST']
name: b10902012, hole_card: ['D2', 'DQ']
"b10902012" declared "call:10"
Street "flop" started. (community card = ['SJ', 'CK', 'S9'])
name: b10902034, hole_card: ['D6', 'ST']
name: b10902012, hole_card: ['D2', 'DQ']
"b10902034" declared "call:0"
    eval: 49858, range: (5.0, 0)
name: b10902034, hole_card: ['D6', 'ST']
name: b10902012, hole_card: ['D2', 'DQ']
"b10902012" declared "call:0"
Street "turn" started. (community card = ['SJ', 'CK', 'S9', 'CA'])
name: b10902034, hole_card: ['D6', 'ST']
name: b10902012, hole_card: ['D2', 'DQ']
"b10902034" declared "call:0"
    eval: 49858, range: (10, 0)
name: b10902034, hole_card: ['D6', 'ST']
name: b10902012, hole_card: ['D2', 'DQ']
"b10902012" declared "call:0"
Street "river" started. (community card = ['SJ', 'CK', 'S9', 'CA', 'HK'])
name: b10902034, hole_card: ['D6', 'ST']
name: b10902012, hole_card: ['D2', 'DQ']
"b10902034" declared "call:0"
    eval: 118978, range: (10, 0)
name: b10902034, hole_card: ['D6', 'ST']
name: b10902012, hole_card: ['D2', 'DQ']
"b10902012" declared "call:0"
"['b10902012']" won the round 2 (stack = {'b10902034': 980, 'b10902012': 1020})
community cards of this round: ['D2', 'CA', 'DQ', 'DJ', 'ST']
name: b10902034, hole_card: ['S8', 'SQ']
name: b10902012, hole_card: ['H3', 'HQ']
['H3', 'HQ']
Started the round 3
Street "preflop" started. (community card = [])
    eval: 50115, range: (10, 0)
name: b10902034, hole_card: ['S8', 'SQ']
name: b10902012, hole_card: ['H3', 'HQ']
"b10902012" declared "call:10"
name: b10902034, hole_card: ['S8', 'SQ']
name: b10902012, hole_card: ['H3', 'HQ']
"b10902034" declared "call:10"
Street "flop" started. (community card = ['D2', 'CA', 'DQ'])
    eval: 114883, range: (10, 0)
name: b10902034, hole_card: ['S8', 'SQ']
name: b10902012, hole_card: ['H3', 'HQ']
"b10902012" declared "call:0"
name: b10902034, hole_card: ['S8', 'SQ']
name: b10902012, hole_card: ['H3', 'HQ']
"b10902034" declared "raise:20"
0th fold
    eval: 114883, range: (10, 0)
name: b10902034, hole_card: ['S8', 'SQ']
name: b10902012, hole_card: ['H3', 'HQ']
"b10902012" declared "fold:0"
"['b10902034']" won the round 3 (stack = {'b10902034': 990, 'b10902012': 1010})
community cards of this round: ['ST', 'CQ', 'CK', 'CA', 'HT']
name: b10902034, hole_card: ['C8', 'H4']
name: b10902012, hole_card: ['DT', 'D7']
['DT', 'D7']
Started the round 4
Street "preflop" started. (community card = [])
name: b10902034, hole_card: ['C8', 'H4']
name: b10902012, hole_card: ['DT', 'D7']
"b10902034" declared "fold:0"
"['b10902012']" won the round 4 (stack = {'b10902034': 985, 'b10902012': 1015})
community cards of this round: ['S8', 'H5', 'S5', 'D8', 'DT']
name: b10902034, hole_card: ['HK', 'DA']
name: b10902012, hole_card: ['CT', 'C3']
['CT', 'C3']
Started the round 5
Street "preflop" started. (community card = [])
    eval: 41891, range: (10, 0)
name: b10902034, hole_card: ['HK', 'DA']
name: b10902012, hole_card: ['CT', 'C3']
"b10902012" declared "call:10"
name: b10902034, hole_card: ['HK', 'DA']
name: b10902012, hole_card: ['CT', 'C3']
"b10902034" declared "raise:15"
    eval: 41891, range: (10, 0)
name: b10902034, hole_card: ['HK', 'DA']
name: b10902012, hole_card: ['CT', 'C3']
"b10902012" declared "call:15"
Street "flop" started. (community card = ['S8', 'H5', 'S5'])
    eval: 86179, range: (10, 0)
name: b10902034, hole_card: ['HK', 'DA']
name: b10902012, hole_card: ['CT', 'C3']
"b10902012" declared "call:0"
name: b10902034, hole_card: ['HK', 'DA']
name: b10902012, hole_card: ['CT', 'C3']
"b10902034" declared "call:0"
Street "turn" started. (community card = ['S8', 'H5', 'S5', 'D8'])
    eval: 165283, range: (10, 0)
name: b10902034, hole_card: ['HK', 'DA']
name: b10902012, hole_card: ['CT', 'C3']
"b10902012" declared "call:0"
name: b10902034, hole_card: ['HK', 'DA']
name: b10902012, hole_card: ['CT', 'C3']
"b10902034" declared "call:0"
Street "river" started. (community card = ['S8', 'H5', 'S5', 'D8', 'DT'])
    eval: 174243, range: (580.8080808080808, 108.43383328231822)
name: b10902034, hole_card: ['HK', 'DA']
name: b10902012, hole_card: ['CT', 'C3']
"b10902012" declared "raise:108.43383328231822"
name: b10902034, hole_card: ['HK', 'DA']
name: b10902012, hole_card: ['CT', 'C3']
"b10902034" declared "fold:0"
"['b10902012']" won the round 5 (stack = {'b10902034': 970, 'b10902012': 1029.5661667176819})
community cards of this round: ['S2', 'CJ', 'D2', 'ST', 'H9']
name: b10902034, hole_card: ['HK', 'C5']
name: b10902012, hole_card: ['D7', 'CA']
['D7', 'CA']
Started the round 6
Street "preflop" started. (community card = [])
name: b10902034, hole_card: ['HK', 'C5']
name: b10902012, hole_card: ['D7', 'CA']
"b10902034" declared "call:10"
    eval: 59367, range: (10, 0)
name: b10902034, hole_card: ['HK', 'C5']
name: b10902012, hole_card: ['D7', 'CA']
"b10902012" declared "call:10"
Street "flop" started. (community card = ['S2', 'CJ', 'D2'])
name: b10902034, hole_card: ['HK', 'C5']
name: b10902012, hole_card: ['D7', 'CA']
"b10902034" declared "call:0"
    eval: 73959, range: (10, 0)
name: b10902034, hole_card: ['HK', 'C5']
name: b10902012, hole_card: ['D7', 'CA']
"b10902012" declared "call:0"
Street "turn" started. (community card = ['S2', 'CJ', 'D2', 'ST'])
name: b10902034, hole_card: ['HK', 'C5']
name: b10902012, hole_card: ['D7', 'CA']
"b10902034" declared "call:0"
    eval: 73959, range: (98.64997837453484, 0.021389374393243236)
name: b10902034, hole_card: ['HK', 'C5']
name: b10902012, hole_card: ['D7', 'CA']
"b10902012" declared "call:0"
Street "river" started. (community card = ['S2', 'CJ', 'D2', 'ST', 'H9'])
name: b10902034, hole_card: ['HK', 'C5']
name: b10902012, hole_card: ['D7', 'CA']
"b10902034" declared "call:0"
    eval: 73959, range: (10, 0)
name: b10902034, hole_card: ['HK', 'C5']
name: b10902012, hole_card: ['D7', 'CA']
"b10902012" declared "call:0"
"['b10902012']" won the round 6 (stack = {'b10902034': 960, 'b10902012': 1039.5661667176819})
community cards of this round: ['D4', 'H3', 'C8', 'D7', 'H4']
name: b10902034, hole_card: ['S5', 'C4']
name: b10902012, hole_card: ['C2', 'HJ']
['C2', 'HJ']
Started the round 7
Street "preflop" started. (community card = [])
    eval: 45746, range: (10, 0)
name: b10902034, hole_card: ['S5', 'C4']
name: b10902012, hole_card: ['C2', 'HJ']
"b10902012" declared "call:10"
name: b10902034, hole_card: ['S5', 'C4']
name: b10902012, hole_card: ['C2', 'HJ']
"b10902034" declared "fold:0"
"['b10902012']" won the round 7 (stack = {'b10902034': 950, 'b10902012': 1049.5661667176819})
community cards of this round: ['DQ', 'DK', 'DA', 'H4', 'C4']
name: b10902034, hole_card: ['S3', 'H8']
name: b10902012, hole_card: ['SK', 'H9']
['SK', 'H9']
Started the round 8
Street "preflop" started. (community card = [])
name: b10902034, hole_card: ['S3', 'H8']
name: b10902012, hole_card: ['SK', 'H9']
"b10902034" declared "fold:0"
"['b10902012']" won the round 8 (stack = {'b10902034': 945, 'b10902012': 1054.5661667176819})
community cards of this round: ['C5', 'SQ', 'C8', 'S5', 'HJ']
name: b10902034, hole_card: ['D4', 'H8']
name: b10902012, hole_card: ['C7', 'CT']
['C7', 'CT']
Started the round 9
Street "preflop" started. (community card = [])
    eval: 42919, range: (10, 0)
name: b10902034, hole_card: ['D4', 'H8']
name: b10902012, hole_card: ['C7', 'CT']
"b10902012" declared "call:10"
name: b10902034, hole_card: ['D4', 'H8']
name: b10902012, hole_card: ['C7', 'CT']
"b10902034" declared "fold:0"
"['b10902012']" won the round 9 (stack = {'b10902034': 935, 'b10902012': 1064.5661667176819})
community cards of this round: ['SA', 'DT', 'CQ', 'SQ', 'H4']
name: b10902034, hole_card: ['D8', 'H5']
name: b10902012, hole_card: ['D7', 'SK']
['D7', 'SK']
Started the round 10
Street "preflop" started. (community card = [])
name: b10902034, hole_card: ['D8', 'H5']
name: b10902012, hole_card: ['D7', 'SK']
"b10902034" declared "fold:0"
"['b10902012']" won the round 10 (stack = {'b10902034': 930, 'b10902012': 1069.5661667176819})
community cards of this round: ['SJ', 'CJ', 'CT', 'HA', 'D5']
name: b10902034, hole_card: ['S4', 'C8']
name: b10902012, hole_card: ['D3', 'C3']
['D3', 'C3']
Started the round 11
Street "preflop" started. (community card = [])
    eval: 77875, range: (164.54864103348953, 0)
name: b10902034, hole_card: ['S4', 'C8']
name: b10902012, hole_card: ['D3', 'C3']
"b10902012" declared "call:10"
name: b10902034, hole_card: ['S4', 'C8']
name: b10902012, hole_card: ['D3', 'C3']
"b10902034" declared "raise:930"
0th fold
    eval: 77875, range: (143.07692307692307, 0)
name: b10902034, hole_card: ['S4', 'C8']
name: b10902012, hole_card: ['D3', 'C3']
"b10902012" declared "fold:0"
"['b10902034']" won the round 11 (stack = {'b10902034': 940, 'b10902012': 1059.5661667176819})
community cards of this round: ['SK', 'H3', 'ST', 'D9', 'H9']
name: b10902034, hole_card: ['C5', 'CT']
name: b10902012, hole_card: ['D6', 'S9']
['D6', 'S9']
Started the round 12
Street "preflop" started. (community card = [])
name: b10902034, hole_card: ['C5', 'CT']
name: b10902012, hole_card: ['D6', 'S9']
"b10902034" declared "raise:940"
1th fold
    eval: 38550, range: (10, 0)
name: b10902034, hole_card: ['C5', 'CT']
name: b10902012, hole_card: ['D6', 'S9']
"b10902012" declared "fold:0"
"['b10902034']" won the round 12 (stack = {'b10902034': 950, 'b10902012': 1049.5661667176819})
community cards of this round: ['S3', 'S9', 'S2', 'D4', 'S7']
name: b10902034, hole_card: ['D7', 'SJ']
name: b10902012, hole_card: ['CA', 'H8']
['CA', 'H8']
Started the round 13
Street "preflop" started. (community card = [])
    eval: 59624, range: (10, 0)
name: b10902034, hole_card: ['D7', 'SJ']
name: b10902012, hole_card: ['CA', 'H8']
"b10902012" declared "call:10"
name: b10902034, hole_card: ['D7', 'SJ']
name: b10902012, hole_card: ['CA', 'H8']
"b10902034" declared "raise:950"
2th fold
    eval: 59624, range: (10, 0)
name: b10902034, hole_card: ['D7', 'SJ']
name: b10902012, hole_card: ['CA', 'H8']
"b10902012" declared "fold:0"
"['b10902034']" won the round 13 (stack = {'b10902034': 960, 'b10902012': 1039.5661667176819})
community cards of this round: ['D9', 'CA', 'C2', 'C6', 'DK']
name: b10902034, hole_card: ['DJ', 'D3']
name: b10902012, hole_card: ['HK', 'C8']
['HK', 'C8']
Started the round 14
Street "preflop" started. (community card = [])
name: b10902034, hole_card: ['DJ', 'D3']
name: b10902012, hole_card: ['HK', 'C8']
"b10902034" declared "fold:0"
"['b10902012']" won the round 14 (stack = {'b10902034': 955, 'b10902012': 1044.5661667176819})
community cards of this round: ['D2', 'D7', 'HA', 'HK', 'SJ']
name: b10902034, hole_card: ['D6', 'H6']
name: b10902012, hole_card: ['SK', 'C4']
['SK', 'C4']
Started the round 15
Street "preflop" started. (community card = [])
    eval: 54484, range: (10, 0)
name: b10902034, hole_card: ['D6', 'H6']
name: b10902012, hole_card: ['SK', 'C4']
"b10902012" declared "call:10"
name: b10902034, hole_card: ['D6', 'H6']
name: b10902012, hole_card: ['SK', 'C4']
"b10902034" declared "raise:15"
    eval: 54484, range: (10, 0)
name: b10902034, hole_card: ['D6', 'H6']
name: b10902012, hole_card: ['SK', 'C4']
"b10902012" declared "call:15"
Street "flop" started. (community card = ['D2', 'D7', 'HA'])
    eval: 54484, range: (5.0, 0)
name: b10902034, hole_card: ['D6', 'H6']
name: b10902012, hole_card: ['SK', 'C4']
"b10902012" declared "call:0"
name: b10902034, hole_card: ['D6', 'H6']
name: b10902012, hole_card: ['SK', 'C4']
"b10902034" declared "raise:940"
    eval: 54484, range: (5.0, 0)
name: b10902034, hole_card: ['D6', 'H6']
name: b10902012, hole_card: ['SK', 'C4']
"b10902012" declared "call:940"
Street "turn" started. (community card = ['D2', 'D7', 'HA', 'HK'])
Street "river" started. (community card = ['D2', 'D7', 'HA', 'HK', 'SJ'])
"['b10902012']" won the round 15 (stack = {'b10902034': 0, 'b10902012': 1999.5661667176819})
b10902034 vs b10902012 - Game 2: {'rule': {'initial_stack': 1000, 'max_round': 20, 'small_blind_amount': 5, 'ante': 0, 'blind_structure': {}}, 'players': [{'name': 'b10902034', 'uuid': 'ddxglkzsaricukuunbtzio', 'stack': 0, 'state': 'folded'}, {'name': 'b10902012', 'uuid': 'rpovmsiuptlkambqhczlze', 'stack': 1999.5661667176819, 'state': 'participating'}]}
community cards of this round: ['S2', 'DJ', 'C5', 'DK', 'HJ']
name: b10902012, hole_card: ['CT', 'ST']
name: b10902034, hole_card: ['S8', 'H7']
['CT', 'ST']
Started the round 1
Street "preflop" started. (community card = [])
name: b10902012, hole_card: ['CT', 'ST']
name: b10902034, hole_card: ['S8', 'H7']
"b10902034" declared "fold:0"
"['b10902012']" won the round 1 (stack = {'b10902012': 1005, 'b10902034': 995})
community cards of this round: ['H3', 'DJ', 'HA', 'CT', 'S8']
name: b10902012, hole_card: ['D5', 'D2']
name: b10902034, hole_card: ['H7', 'C3']
['D5', 'D2']
Started the round 2
Street "preflop" started. (community card = [])
    eval: 21074, range: (10, 0)
name: b10902012, hole_card: ['D5', 'D2']
name: b10902034, hole_card: ['H7', 'C3']
"b10902012" declared "call:10"
name: b10902012, hole_card: ['D5', 'D2']
name: b10902034, hole_card: ['H7', 'C3']
"b10902034" declared "fold:0"
"['b10902012']" won the round 2 (stack = {'b10902012': 1015, 'b10902034': 985})
community cards of this round: ['H7', 'CK', 'S6', 'H8', 'D7']
name: b10902012, hole_card: ['SJ', 'HT']
name: b10902034, hole_card: ['DQ', 'CT']
['SJ', 'HT']
Started the round 3
Street "preflop" started. (community card = [])
name: b10902012, hole_card: ['SJ', 'HT']
name: b10902034, hole_card: ['DQ', 'CT']
"b10902034" declared "call:10"
    eval: 47802, range: (10, 0)
name: b10902012, hole_card: ['SJ', 'HT']
name: b10902034, hole_card: ['DQ', 'CT']
"b10902012" declared "call:10"
Street "flop" started. (community card = ['H7', 'CK', 'S6'])
name: b10902012, hole_card: ['SJ', 'HT']
name: b10902034, hole_card: ['DQ', 'CT']
"b10902034" declared "call:0"
    eval: 47802, range: (5.0, 0)
name: b10902012, hole_card: ['SJ', 'HT']
name: b10902034, hole_card: ['DQ', 'CT']
"b10902012" declared "call:0"
Street "turn" started. (community card = ['H7', 'CK', 'S6', 'H8'])
name: b10902012, hole_card: ['SJ', 'HT']
name: b10902034, hole_card: ['DQ', 'CT']
"b10902034" declared "call:0"
    eval: 47802, range: (10, 0)
name: b10902012, hole_card: ['SJ', 'HT']
name: b10902034, hole_card: ['DQ', 'CT']
"b10902012" declared "call:0"
Street "river" started. (community card = ['H7', 'CK', 'S6', 'H8', 'D7'])
name: b10902012, hole_card: ['SJ', 'HT']
name: b10902034, hole_card: ['DQ', 'CT']
"b10902034" declared "call:0"
    eval: 94394, range: (10, 0)
name: b10902012, hole_card: ['SJ', 'HT']
name: b10902034, hole_card: ['DQ', 'CT']
"b10902012" declared "call:0"
"['b10902034']" won the round 3 (stack = {'b10902012': 1005, 'b10902034': 995})
community cards of this round: ['CQ', 'S4', 'DJ', 'CT', 'H3']
name: b10902012, hole_card: ['DT', 'S5']
name: b10902034, hole_card: ['S3', 'H7']
['DT', 'S5']
Started the round 4
Street "preflop" started. (community card = [])
    eval: 42405, range: (10, 0)
name: b10902012, hole_card: ['DT', 'S5']
name: b10902034, hole_card: ['S3', 'H7']
"b10902012" declared "call:10"
name: b10902012, hole_card: ['DT', 'S5']
name: b10902034, hole_card: ['S3', 'H7']
"b10902034" declared "fold:0"
"['b10902012']" won the round 4 (stack = {'b10902012': 1015, 'b10902034': 985})
community cards of this round: ['D3', 'DT', 'CJ', 'H9', 'SK']
name: b10902012, hole_card: ['H3', 'SA']
name: b10902034, hole_card: ['C8', 'H6']
['H3', 'SA']
Started the round 5
Street "preflop" started. (community card = [])
name: b10902012, hole_card: ['H3', 'SA']
name: b10902034, hole_card: ['C8', 'H6']
"b10902034" declared "fold:0"
"['b10902012']" won the round 5 (stack = {'b10902012': 1020, 'b10902034': 980})
community cards of this round: ['SK', 'C6', 'SQ', 'H6', 'D8']
name: b10902012, hole_card: ['S8', 'S6']
name: b10902034, hole_card: ['DJ', 'C2']
['S8', 'S6']
Started the round 6
Street "preflop" started. (community card = [])
    eval: 34438, range: (10, 0)
name: b10902012, hole_card: ['S8', 'S6']
name: b10902034, hole_card: ['DJ', 'C2']
"b10902012" declared "call:10"
name: b10902012, hole_card: ['S8', 'S6']
name: b10902034, hole_card: ['DJ', 'C2']
"b10902034" declared "call:10"
Street "flop" started. (community card = ['SK', 'C6', 'SQ'])
    eval: 90246, range: (10, 0)
name: b10902012, hole_card: ['S8', 'S6']
name: b10902034, hole_card: ['DJ', 'C2']
"b10902012" declared "call:0"
name: b10902012, hole_card: ['S8', 'S6']
name: b10902034, hole_card: ['DJ', 'C2']
"b10902034" declared "call:0"
Street "turn" started. (community card = ['SK', 'C6', 'SQ', 'H6'])
    eval: 286854, range: (1010, 60)
name: b10902012, hole_card: ['S8', 'S6']
name: b10902034, hole_card: ['DJ', 'C2']
"b10902012" declared "raise:60"
name: b10902012, hole_card: ['S8', 'S6']
name: b10902034, hole_card: ['DJ', 'C2']
"b10902034" declared "fold:0"
"['b10902012']" won the round 6 (stack = {'b10902012': 1030, 'b10902034': 970})
community cards of this round: ['DJ', 'H7', 'H3', 'DK', 'SA']
name: b10902012, hole_card: ['D4', 'S6']
name: b10902034, hole_card: ['ST', 'SQ']
['D4', 'S6']
Started the round 7
Street "preflop" started. (community card = [])
name: b10902012, hole_card: ['D4', 'S6']
name: b10902034, hole_card: ['ST', 'SQ']
"b10902034" declared "call:10"
    eval: 25700, range: (10, 0)
name: b10902012, hole_card: ['D4', 'S6']
name: b10902034, hole_card: ['ST', 'SQ']
"b10902012" declared "call:10"
Street "flop" started. (community card = ['DJ', 'H7', 'H3'])
name: b10902012, hole_card: ['D4', 'S6']
name: b10902034, hole_card: ['ST', 'SQ']
"b10902034" declared "call:0"
    eval: 25700, range: (5.0, 0)
name: b10902012, hole_card: ['D4', 'S6']
name: b10902034, hole_card: ['ST', 'SQ']
"b10902012" declared "call:0"
Street "turn" started. (community card = ['DJ', 'H7', 'H3', 'DK'])
name: b10902012, hole_card: ['D4', 'S6']
name: b10902034, hole_card: ['ST', 'SQ']
"b10902034" declared "call:0"
    eval: 25700, range: (10, 0)
name: b10902012, hole_card: ['D4', 'S6']
name: b10902034, hole_card: ['ST', 'SQ']
"b10902012" declared "call:0"
Street "river" started. (community card = ['DJ', 'H7', 'H3', 'DK', 'SA'])
name: b10902012, hole_card: ['D4', 'S6']
name: b10902034, hole_card: ['ST', 'SQ']
"b10902034" declared "raise:10"
    eval: 25700, range: (10, 0)
name: b10902012, hole_card: ['D4', 'S6']
name: b10902034, hole_card: ['ST', 'SQ']
"b10902012" declared "call:10"
"['b10902034']" won the round 7 (stack = {'b10902012': 1010, 'b10902034': 990})
community cards of this round: ['C8', 'D5', 'HK', 'HJ', 'HA']
name: b10902012, hole_card: ['DJ', 'S7']
name: b10902034, hole_card: ['CK', 'S4']
['DJ', 'S7']
Started the round 8
Street "preflop" started. (community card = [])
    eval: 47031, range: (10, 0)
name: b10902012, hole_card: ['DJ', 'S7']
name: b10902034, hole_card: ['CK', 'S4']
"b10902012" declared "call:10"
name: b10902012, hole_card: ['DJ', 'S7']
name: b10902034, hole_card: ['CK', 'S4']
"b10902034" declared "call:10"
Street "flop" started. (community card = ['C8', 'D5', 'HK'])
    eval: 47031, range: (5.0, 0)
name: b10902012, hole_card: ['DJ', 'S7']
name: b10902034, hole_card: ['CK', 'S4']
"b10902012" declared "call:0"
name: b10902012, hole_card: ['DJ', 'S7']
name: b10902034, hole_card: ['CK', 'S4']
"b10902034" declared "raise:20"
0th fold
    eval: 47031, range: (5.0, 0)
name: b10902012, hole_card: ['DJ', 'S7']
name: b10902034, hole_card: ['CK', 'S4']
"b10902012" declared "fold:0"
"['b10902034']" won the round 8 (stack = {'b10902012': 1000, 'b10902034': 1000})
community cards of this round: ['SA', 'H7', 'C4', 'D2', 'D8']
name: b10902012, hole_card: ['CA', 'H3']
name: b10902034, hole_card: ['CT', 'H2']
['CA', 'H3']
Started the round 9
Street "preflop" started. (community card = [])
name: b10902012, hole_card: ['CA', 'H3']
name: b10902034, hole_card: ['CT', 'H2']
"b10902034" declared "call:10"
    eval: 58339, range: (10, 0)
name: b10902012, hole_card: ['CA', 'H3']
name: b10902034, hole_card: ['CT', 'H2']
"b10902012" declared "call:10"
Street "flop" started. (community card = ['SA', 'H7', 'C4'])
name: b10902012, hole_card: ['CA', 'H3']
name: b10902034, hole_card: ['CT', 'H2']
"b10902034" declared "call:0"
    eval: 123107, range: (10, 0)
name: b10902012, hole_card: ['CA', 'H3']
name: b10902034, hole_card: ['CT', 'H2']
"b10902012" declared "call:0"
Street "turn" started. (community card = ['SA', 'H7', 'C4', 'D2'])
name: b10902012, hole_card: ['CA', 'H3']
name: b10902034, hole_card: ['CT', 'H2']
"b10902034" declared "call:0"
    eval: 123107, range: (836.8763860310873, 60)
name: b10902012, hole_card: ['CA', 'H3']
name: b10902034, hole_card: ['CT', 'H2']
"b10902012" declared "raise:60"
name: b10902012, hole_card: ['CA', 'H3']
name: b10902034, hole_card: ['CT', 'H2']
"b10902034" declared "fold:0"
"['b10902012']" won the round 9 (stack = {'b10902012': 1010, 'b10902034': 990})
community cards of this round: ['S3', 'S8', 'SQ', 'HJ', 'DJ']
name: b10902012, hole_card: ['C6', 'H6']
name: b10902034, hole_card: ['SK', 'CK']
['C6', 'H6']
Started the round 10
Street "preflop" started. (community card = [])
    eval: 90214, range: (388.46153846153845, 0)
name: b10902012, hole_card: ['C6', 'H6']
name: b10902034, hole_card: ['SK', 'CK']
"b10902012" declared "call:10"
name: b10902012, hole_card: ['C6', 'H6']
name: b10902034, hole_card: ['SK', 'CK']
"b10902034" declared "raise:15"
    eval: 90214, range: (388.46153846153845, 0)
name: b10902012, hole_card: ['C6', 'H6']
name: b10902034, hole_card: ['SK', 'CK']
"b10902012" declared "call:15"
Street "flop" started. (community card = ['S3', 'S8', 'SQ'])
    eval: 90214, range: (10, 0)
name: b10902012, hole_card: ['C6', 'H6']
name: b10902034, hole_card: ['SK', 'CK']
"b10902012" declared "call:0"
name: b10902012, hole_card: ['C6', 'H6']
name: b10902034, hole_card: ['SK', 'CK']
"b10902034" declared "call:0"
Street "turn" started. (community card = ['S3', 'S8', 'SQ', 'HJ'])
    eval: 90214, range: (46.73000567692645, 0)
name: b10902012, hole_card: ['C6', 'H6']
name: b10902034, hole_card: ['SK', 'CK']
"b10902012" declared "call:0"
name: b10902012, hole_card: ['C6', 'H6']
name: b10902034, hole_card: ['SK', 'CK']
"b10902034" declared "raise:40"
    eval: 90214, range: (46.73000567692645, 0)
name: b10902012, hole_card: ['C6', 'H6']
name: b10902034, hole_card: ['SK', 'CK']
"b10902012" declared "call:40"
Street "river" started. (community card = ['S3', 'S8', 'SQ', 'HJ', 'DJ'])
    eval: 177766, range: (207.3989898989899, 0)
name: b10902012, hole_card: ['C6', 'H6']
name: b10902034, hole_card: ['SK', 'CK']
"b10902012" declared "call:0"
name: b10902012, hole_card: ['C6', 'H6']
name: b10902034, hole_card: ['SK', 'CK']
"b10902034" declared "call:0"
"['b10902034']" won the round 10 (stack = {'b10902012': 955, 'b10902034': 1045})
community cards of this round: ['S3', 'S7', 'C4', 'HJ', 'C8']
name: b10902012, hole_card: ['C2', 'S5']
name: b10902034, hole_card: ['CK', 'SJ']
['C2', 'S5']
Started the round 11
Street "preflop" started. (community card = [])
name: b10902012, hole_card: ['C2', 'S5']
name: b10902034, hole_card: ['CK', 'SJ']
"b10902034" declared "call:10"
    eval: 21074, range: (10, 0)
name: b10902012, hole_card: ['C2', 'S5']
name: b10902034, hole_card: ['CK', 'SJ']
"b10902012" declared "call:10"
Street "flop" started. (community card = ['S3', 'S7', 'C4'])
name: b10902012, hole_card: ['C2', 'S5']
name: b10902034, hole_card: ['CK', 'SJ']
"b10902034" declared "call:0"
    eval: 21074, range: (5.0, 0)
name: b10902012, hole_card: ['C2', 'S5']
name: b10902034, hole_card: ['CK', 'SJ']
"b10902012" declared "call:0"
Street "turn" started. (community card = ['S3', 'S7', 'C4', 'HJ'])
name: b10902012, hole_card: ['C2', 'S5']
name: b10902034, hole_card: ['CK', 'SJ']
"b10902034" declared "raise:40"
0th fold
    eval: 21074, range: (10, 0)
name: b10902012, hole_card: ['C2', 'S5']
name: b10902034, hole_card: ['CK', 'SJ']
"b10902012" declared "fold:0"
"['b10902034']" won the round 11 (stack = {'b10902012': 945, 'b10902034': 1055})
community cards of this round: ['CJ', 'H8', 'DQ', 'D9', 'C8']
name: b10902012, hole_card: ['C6', 'CT']
name: b10902034, hole_card: ['HK', 'C9']
['C6', 'CT']
Started the round 12
Street "preflop" started. (community card = [])
    eval: 42662, range: (10, 0)
name: b10902012, hole_card: ['C6', 'CT']
name: b10902034, hole_card: ['HK', 'C9']
"b10902012" declared "call:10"
name: b10902012, hole_card: ['C6', 'CT']
name: b10902034, hole_card: ['HK', 'C9']
"b10902034" declared "call:10"
Street "flop" started. (community card = ['CJ', 'H8', 'DQ'])
    eval: 42662, range: (5.0, 0)
name: b10902012, hole_card: ['C6', 'CT']
name: b10902034, hole_card: ['HK', 'C9']
"b10902012" declared "call:0"
name: b10902012, hole_card: ['C6', 'CT']
name: b10902034, hole_card: ['HK', 'C9']
"b10902034" declared "call:0"
Street "turn" started. (community card = ['CJ', 'H8', 'DQ', 'D9'])
    eval: 557222, range: (850.9430264843511, 60)
name: b10902012, hole_card: ['C6', 'CT']
name: b10902034, hole_card: ['HK', 'C9']
"b10902012" declared "raise:60"
name: b10902012, hole_card: ['C6', 'CT']
name: b10902034, hole_card: ['HK', 'C9']
"b10902034" declared "fold:0"
"['b10902012']" won the round 12 (stack = {'b10902012': 955, 'b10902034': 1045})
community cards of this round: ['S4', 'DT', 'HT', 'DQ', 'C6']
name: b10902012, hole_card: ['CT', 'HK']
name: b10902034, hole_card: ['D4', 'S2']
['CT', 'HK']
Started the round 13
Street "preflop" started. (community card = [])
name: b10902012, hole_card: ['CT', 'HK']
name: b10902034, hole_card: ['D4', 'S2']
"b10902034" declared "fold:0"
"['b10902012']" won the round 13 (stack = {'b10902012': 960, 'b10902034': 1040})
community cards of this round: ['D3', 'SJ', 'SA', 'C4', 'DK']
name: b10902012, hole_card: ['HK', 'CK']
name: b10902034, hole_card: ['ST', 'S7']
['HK', 'CK']
Started the round 14
Street "preflop" started. (community card = [])
    eval: 119005, range: (886.1538461538462, 0)
name: b10902012, hole_card: ['HK', 'CK']
name: b10902034, hole_card: ['ST', 'S7']
"b10902012" declared "call:10"
name: b10902012, hole_card: ['HK', 'CK']
name: b10902034, hole_card: ['ST', 'S7']
"b10902034" declared "call:10"
Street "flop" started. (community card = ['D3', 'SJ', 'SA'])
    eval: 119005, range: (10, 0)
name: b10902012, hole_card: ['HK', 'CK']
name: b10902034, hole_card: ['ST', 'S7']
"b10902012" declared "call:0"
name: b10902012, hole_card: ['HK', 'CK']
name: b10902034, hole_card: ['ST', 'S7']
"b10902034" declared "call:0"
Street "turn" started. (community card = ['D3', 'SJ', 'SA', 'C4'])
    eval: 119005, range: (659.0485080585784, 60)
name: b10902012, hole_card: ['HK', 'CK']
name: b10902034, hole_card: ['ST', 'S7']
"b10902012" declared "raise:60"
name: b10902012, hole_card: ['HK', 'CK']
name: b10902034, hole_card: ['ST', 'S7']
"b10902034" declared "fold:0"
"['b10902012']" won the round 14 (stack = {'b10902012': 970, 'b10902034': 1030})
community cards of this round: ['H4', 'S8', 'HJ', 'C4', 'HK']
name: b10902012, hole_card: ['DT', 'H8']
name: b10902034, hole_card: ['S4', 'D7']
['DT', 'H8']
Started the round 15
Street "preflop" started. (community card = [])
name: b10902012, hole_card: ['DT', 'H8']
name: b10902034, hole_card: ['S4', 'D7']
"b10902034" declared "fold:0"
"['b10902012']" won the round 15 (stack = {'b10902012': 975, 'b10902034': 1025})
community cards of this round: ['D7', 'DK', 'SJ', 'S6', 'H5']
name: b10902012, hole_card: ['S9', 'S5']
name: b10902034, hole_card: ['HQ', 'CJ']
['S9', 'S5']
Started the round 16
Street "preflop" started. (community card = [])
    eval: 38293, range: (10, 0)
name: b10902012, hole_card: ['S9', 'S5']
name: b10902034, hole_card: ['HQ', 'CJ']
"b10902012" declared "call:10"
name: b10902012, hole_card: ['S9', 'S5']
name: b10902034, hole_card: ['HQ', 'CJ']
"b10902034" declared "call:10"
Street "flop" started. (community card = ['D7', 'DK', 'SJ'])
    eval: 38293, range: (5.0, 0)
name: b10902012, hole_card: ['S9', 'S5']
name: b10902034, hole_card: ['HQ', 'CJ']
"b10902012" declared "call:0"
name: b10902012, hole_card: ['S9', 'S5']
name: b10902034, hole_card: ['HQ', 'CJ']
"b10902034" declared "raise:20"
0th fold
    eval: 38293, range: (5.0, 0)
name: b10902012, hole_card: ['S9', 'S5']
name: b10902034, hole_card: ['HQ', 'CJ']
"b10902012" declared "fold:0"
"['b10902034']" won the round 16 (stack = {'b10902012': 965, 'b10902034': 1035})
community cards of this round: ['HT', 'ST', 'C3', 'S6', 'SQ']
name: b10902012, hole_card: ['CK', 'CJ']
name: b10902034, hole_card: ['HQ', 'D8']
['CK', 'CJ']
Started the round 17
Street "preflop" started. (community card = [])
name: b10902012, hole_card: ['CK', 'CJ']
name: b10902034, hole_card: ['HQ', 'D8']
"b10902034" declared "fold:0"
"['b10902012']" won the round 17 (stack = {'b10902012': 970, 'b10902034': 1030})
community cards of this round: ['CJ', 'C2', 'C8', 'HQ', 'H5']
name: b10902012, hole_card: ['D3', 'S2']
name: b10902034, hole_card: ['D9', 'C6']
['D3', 'S2']
Started the round 18
Street "preflop" started. (community card = [])
    eval: 12850, range: (10, 0)
name: b10902012, hole_card: ['D3', 'S2']
name: b10902034, hole_card: ['D9', 'C6']
"b10902012" declared "call:10"
name: b10902012, hole_card: ['D3', 'S2']
name: b10902034, hole_card: ['D9', 'C6']
"b10902034" declared "fold:0"
"['b10902012']" won the round 18 (stack = {'b10902012': 980, 'b10902034': 1020})
community cards of this round: ['CQ', 'D8', 'S6', 'HQ', 'S4']
name: b10902012, hole_card: ['C2', 'SK']
name: b10902034, hole_card: ['H9', 'ST']
['C2', 'SK']
Started the round 19
Street "preflop" started. (community card = [])
name: b10902012, hole_card: ['C2', 'SK']
name: b10902034, hole_card: ['H9', 'ST']
"b10902034" declared "fold:0"
"['b10902012']" won the round 19 (stack = {'b10902012': 985, 'b10902034': 1015})
community cards of this round: ['H4', 'H9', 'CQ', 'C4', 'C9']
name: b10902012, hole_card: ['D9', 'C2']
name: b10902034, hole_card: ['D6', 'C8']
['D9', 'C2']
Started the round 20
Street "preflop" started. (community card = [])
    eval: 37522, range: (5, 0)
name: b10902012, hole_card: ['D9', 'C2']
name: b10902034, hole_card: ['D6', 'C8']
"b10902012" declared "call:10"
name: b10902012, hole_card: ['D9', 'C2']
name: b10902034, hole_card: ['D6', 'C8']
"b10902034" declared "fold:0"
"['b10902012']" won the round 20 (stack = {'b10902012': 995, 'b10902034': 1005})
b10902034 vs b10902012 - Game 3: {'rule': {'initial_stack': 1000, 'max_round': 20, 'small_blind_amount': 5, 'ante': 0, 'blind_structure': {}}, 'players': [{'name': 'b10902012', 'uuid': 'wpudjnbijorwlaifmitdqq', 'stack': 995, 'state': 'participating'}, {'name': 'b10902034', 'uuid': 'zegzlnvkisdnlbjycnzkrm', 'stack': 1005, 'state': 'participating'}]}
community cards of this round: ['S2', 'DJ', 'C5', 'DK', 'HJ']
name: b10902034, hole_card: ['CT', 'ST']
name: b10902012, hole_card: ['S8', 'H7']
['S8', 'H7']
Started the round 1
Street "preflop" started. (community card = [])
    eval: 34695, range: (10, 0)
name: b10902034, hole_card: ['CT', 'ST']
name: b10902012, hole_card: ['S8', 'H7']
"b10902012" declared "call:10"
name: b10902034, hole_card: ['CT', 'ST']
name: b10902012, hole_card: ['S8', 'H7']
"b10902034" declared "raise:15"
0th fold
    eval: 34695, range: (10, 0)
name: b10902034, hole_card: ['CT', 'ST']
name: b10902012, hole_card: ['S8', 'H7']
"b10902012" declared "fold:0"
"['b10902034']" won the round 1 (stack = {'b10902034': 1010, 'b10902012': 990})
community cards of this round: ['H3', 'DJ', 'HA', 'CT', 'S8']
name: b10902034, hole_card: ['D5', 'D2']
name: b10902012, hole_card: ['H7', 'C3']
['H7', 'C3']
Started the round 2
Street "preflop" started. (community card = [])
name: b10902034, hole_card: ['D5', 'D2']
name: b10902012, hole_card: ['H7', 'C3']
"b10902034" declared "fold:0"
"['b10902012']" won the round 2 (stack = {'b10902034': 1005, 'b10902012': 995})
community cards of this round: ['H7', 'CK', 'S6', 'H8', 'D7']
name: b10902034, hole_card: ['SJ', 'HT']
name: b10902012, hole_card: ['DQ', 'CT']
['DQ', 'CT']
Started the round 3
Street "preflop" started. (community card = [])
    eval: 51914, range: (10, 0)
name: b10902034, hole_card: ['SJ', 'HT']
name: b10902012, hole_card: ['DQ', 'CT']
"b10902012" declared "call:10"
name: b10902034, hole_card: ['SJ', 'HT']
name: b10902012, hole_card: ['DQ', 'CT']
"b10902034" declared "call:10"
Street "flop" started. (community card = ['H7', 'CK', 'S6'])
    eval: 51914, range: (5.0, 0)
name: b10902034, hole_card: ['SJ', 'HT']
name: b10902012, hole_card: ['DQ', 'CT']
"b10902012" declared "call:0"
name: b10902034, hole_card: ['SJ', 'HT']
name: b10902012, hole_card: ['DQ', 'CT']
"b10902034" declared "call:0"
Street "turn" started. (community card = ['H7', 'CK', 'S6', 'H8'])
    eval: 51914, range: (10, 0)
name: b10902034, hole_card: ['SJ', 'HT']
name: b10902012, hole_card: ['DQ', 'CT']
"b10902012" declared "call:0"
name: b10902034, hole_card: ['SJ', 'HT']
name: b10902012, hole_card: ['DQ', 'CT']
"b10902034" declared "call:0"
Street "river" started. (community card = ['H7', 'CK', 'S6', 'H8', 'D7'])
    eval: 94410, range: (10, 0)
name: b10902034, hole_card: ['SJ', 'HT']
name: b10902012, hole_card: ['DQ', 'CT']
"b10902012" declared "call:0"
name: b10902034, hole_card: ['SJ', 'HT']
name: b10902012, hole_card: ['DQ', 'CT']
"b10902034" declared "call:0"
"['b10902012']" won the round 3 (stack = {'b10902034': 995, 'b10902012': 1005})
community cards of this round: ['CQ', 'S4', 'DJ', 'CT', 'H3']
name: b10902034, hole_card: ['DT', 'S5']
name: b10902012, hole_card: ['S3', 'H7']
['S3', 'H7']
Started the round 4
Street "preflop" started. (community card = [])
name: b10902034, hole_card: ['DT', 'S5']
name: b10902012, hole_card: ['S3', 'H7']
"b10902034" declared "call:10"
    eval: 29555, range: (10, 0)
name: b10902034, hole_card: ['DT', 'S5']
name: b10902012, hole_card: ['S3', 'H7']
"b10902012" declared "call:10"
Street "flop" started. (community card = ['CQ', 'S4', 'DJ'])
name: b10902034, hole_card: ['DT', 'S5']
name: b10902012, hole_card: ['S3', 'H7']
"b10902034" declared "call:0"
    eval: 29555, range: (5.0, 0)
name: b10902034, hole_card: ['DT', 'S5']
name: b10902012, hole_card: ['S3', 'H7']
"b10902012" declared "call:0"
Street "turn" started. (community card = ['CQ', 'S4', 'DJ', 'CT'])
name: b10902034, hole_card: ['DT', 'S5']
name: b10902012, hole_card: ['S3', 'H7']
"b10902034" declared "call:0"
    eval: 29555, range: (10, 0)
name: b10902034, hole_card: ['DT', 'S5']
name: b10902012, hole_card: ['S3', 'H7']
"b10902012" declared "call:0"
Street "river" started. (community card = ['CQ', 'S4', 'DJ', 'CT', 'H3'])
name: b10902034, hole_card: ['DT', 'S5']
name: b10902012, hole_card: ['S3', 'H7']
"b10902034" declared "raise:50"
0th fold
    eval: 77939, range: (10, 0)
name: b10902034, hole_card: ['DT', 'S5']
name: b10902012, hole_card: ['S3', 'H7']
"b10902012" declared "fold:0"
"['b10902034']" won the round 4 (stack = {'b10902034': 1005, 'b10902012': 995})
community cards of this round: ['D3', 'DT', 'CJ', 'H9', 'SK']
name: b10902034, hole_card: ['H3', 'SA']
name: b10902012, hole_card: ['C8', 'H6']
['C8', 'H6']
Started the round 5
Street "preflop" started. (community card = [])
    eval: 34438, range: (10, 0)
name: b10902034, hole_card: ['H3', 'SA']
name: b10902012, hole_card: ['C8', 'H6']
"b10902012" declared "call:10"
name: b10902034, hole_card: ['H3', 'SA']
name: b10902012, hole_card: ['C8', 'H6']
"b10902034" declared "call:10"
Street "flop" started. (community card = ['D3', 'DT', 'CJ'])
    eval: 34438, range: (5.0, 0)
name: b10902034, hole_card: ['H3', 'SA']
name: b10902012, hole_card: ['C8', 'H6']
"b10902012" declared "call:0"
name: b10902034, hole_card: ['H3', 'SA']
name: b10902012, hole_card: ['C8', 'H6']
"b10902034" declared "call:0"
Street "turn" started. (community card = ['D3', 'DT', 'CJ', 'H9'])
    eval: 34438, range: (10, 0)
name: b10902034, hole_card: ['H3', 'SA']
name: b10902012, hole_card: ['C8', 'H6']
"b10902012" declared "call:0"
name: b10902034, hole_card: ['H3', 'SA']
name: b10902012, hole_card: ['C8', 'H6']
"b10902034" declared "call:0"
Street "river" started. (community card = ['D3', 'DT', 'CJ', 'H9', 'SK'])
    eval: 34438, range: (10, 0)
name: b10902034, hole_card: ['H3', 'SA']
name: b10902012, hole_card: ['C8', 'H6']
"b10902012" declared "call:0"
name: b10902034, hole_card: ['H3', 'SA']
name: b10902012, hole_card: ['C8', 'H6']
"b10902034" declared "call:0"
"['b10902034']" won the round 5 (stack = {'b10902034': 1015, 'b10902012': 985})
community cards of this round: ['SK', 'C6', 'SQ', 'H6', 'D8']
name: b10902034, hole_card: ['S8', 'S6']
name: b10902012, hole_card: ['DJ', 'C2']
['DJ', 'C2']
Started the round 6
Street "preflop" started. (community card = [])
name: b10902034, hole_card: ['S8', 'S6']
name: b10902012, hole_card: ['DJ', 'C2']
"b10902034" declared "fold:0"
"['b10902012']" won the round 6 (stack = {'b10902034': 1010, 'b10902012': 990})
community cards of this round: ['DJ', 'H7', 'H3', 'DK', 'SA']
name: b10902034, hole_card: ['D4', 'S6']
name: b10902012, hole_card: ['ST', 'SQ']
['ST', 'SQ']
Started the round 7
Street "preflop" started. (community card = [])
    eval: 51914, range: (10, 0)
name: b10902034, hole_card: ['D4', 'S6']
name: b10902012, hole_card: ['ST', 'SQ']
"b10902012" declared "call:10"
name: b10902034, hole_card: ['D4', 'S6']
name: b10902012, hole_card: ['ST', 'SQ']
"b10902034" declared "fold:0"
"['b10902012']" won the round 7 (stack = {'b10902034': 1000, 'b10902012': 1000})
community cards of this round: ['C8', 'D5', 'HK', 'HJ', 'HA']
name: b10902034, hole_card: ['DJ', 'S7']
name: b10902012, hole_card: ['CK', 'S4']
['CK', 'S4']
Started the round 8
Street "preflop" started. (community card = [])
name: b10902034, hole_card: ['DJ', 'S7']
name: b10902012, hole_card: ['CK', 'S4']
"b10902034" declared "call:10"
    eval: 54484, range: (10, 0)
name: b10902034, hole_card: ['DJ', 'S7']
name: b10902012, hole_card: ['CK', 'S4']
"b10902012" declared "call:10"
Street "flop" started. (community card = ['C8', 'D5', 'HK'])
name: b10902034, hole_card: ['DJ', 'S7']
name: b10902012, hole_card: ['CK', 'S4']
"b10902034" declared "call:0"
    eval: 118996, range: (10, 0)
name: b10902034, hole_card: ['DJ', 'S7']
name: b10902012, hole_card: ['CK', 'S4']
"b10902012" declared "call:0"
Street "turn" started. (community card = ['C8', 'D5', 'HK', 'HJ'])
name: b10902034, hole_card: ['DJ', 'S7']
name: b10902012, hole_card: ['CK', 'S4']
"b10902034" declared "raise:40"
    eval: 118996, range: (770.6894496877512, 130)
name: b10902034, hole_card: ['DJ', 'S7']
name: b10902012, hole_card: ['CK', 'S4']
"b10902012" declared "raise:130"
name: b10902034, hole_card: ['DJ', 'S7']
name: b10902012, hole_card: ['CK', 'S4']
"b10902034" declared "raise:250"
    eval: 118996, range: (770.6894496877512, 420)
name: b10902034, hole_card: ['DJ', 'S7']
name: b10902012, hole_card: ['CK', 'S4']
"b10902012" declared "raise:420"
name: b10902034, hole_card: ['DJ', 'S7']
name: b10902012, hole_card: ['CK', 'S4']
"b10902034" declared "raise:620"
    eval: 118996, range: (770.6894496877512, 580.6351412096369)
name: b10902034, hole_card: ['DJ', 'S7']
name: b10902012, hole_card: ['CK', 'S4']
"b10902012" declared "call:620"
Street "river" started. (community card = ['C8', 'D5', 'HK', 'HJ', 'HA'])
name: b10902034, hole_card: ['DJ', 'S7']
name: b10902012, hole_card: ['CK', 'S4']
"b10902034" declared "raise:370"
    eval: 118996, range: (192.4747474747475, 19.970411182532384)
name: b10902034, hole_card: ['DJ', 'S7']
name: b10902012, hole_card: ['CK', 'S4']
"b10902012" declared "call:370"
"['b10902012']" won the round 8 (stack = {'b10902034': 0, 'b10902012': 2000})
b10902034 vs b10902012 - Game 4: {'rule': {'initial_stack': 1000, 'max_round': 20, 'small_blind_amount': 5, 'ante': 0, 'blind_structure': {}}, 'players': [{'name': 'b10902034', 'uuid': 'aqlbbaisorldxwzmrtmmsx', 'stack': 0, 'state': 'folded'}, {'name': 'b10902012', 'uuid': 'tioiillclukregunkjueia', 'stack': 2000, 'state': 'participating'}]}
community cards of this round: ['D9', 'C3', 'S3', 'D6', 'S7']
name: b10902012, hole_card: ['HQ', 'S5']
name: b10902034, hole_card: ['SK', 'S9']
['HQ', 'S5']
Started the round 1
Street "preflop" started. (community card = [])
name: b10902012, hole_card: ['HQ', 'S5']
name: b10902034, hole_card: ['SK', 'S9']
"b10902034" declared "call:10"
    eval: 50629, range: (10, 0)
name: b10902012, hole_card: ['HQ', 'S5']
name: b10902034, hole_card: ['SK', 'S9']
"b10902012" declared "call:10"
Street "flop" started. (community card = ['D9', 'C3', 'S3'])
name: b10902012, hole_card: ['HQ', 'S5']
name: b10902034, hole_card: ['SK', 'S9']
"b10902034" declared "call:0"
    eval: 78021, range: (10, 0)
name: b10902012, hole_card: ['HQ', 'S5']
name: b10902034, hole_card: ['SK', 'S9']
"b10902012" declared "call:0"
Street "turn" started. (community card = ['D9', 'C3', 'S3', 'D6'])
name: b10902012, hole_card: ['HQ', 'S5']
name: b10902034, hole_card: ['SK', 'S9']
"b10902034" declared "raise:40"
0th fold
    eval: 78021, range: (10, 0)
name: b10902012, hole_card: ['HQ', 'S5']
name: b10902034, hole_card: ['SK', 'S9']
"b10902012" declared "fold:0"
"['b10902034']" won the round 1 (stack = {'b10902012': 990, 'b10902034': 1010})
community cards of this round: ['H8', 'DT', 'C5', 'D7', 'H9']
name: b10902012, hole_card: ['HA', 'H4']
name: b10902034, hole_card: ['H2', 'D4']
['HA', 'H4']
Started the round 2
Street "preflop" started. (community card = [])
    eval: 58596, range: (10, 0)
name: b10902012, hole_card: ['HA', 'H4']
name: b10902034, hole_card: ['H2', 'D4']
"b10902012" declared "call:10"
name: b10902012, hole_card: ['HA', 'H4']
name: b10902034, hole_card: ['H2', 'D4']
"b10902034" declared "fold:0"
"['b10902012']" won the round 2 (stack = {'b10902012': 1000, 'b10902034': 1000})
community cards of this round: ['D4', 'DT', 'D2', 'D9', 'C3']
name: b10902012, hole_card: ['C7', 'DA']
name: b10902034, hole_card: ['SA', 'C5']
['C7', 'DA']
Started the round 3
Street "preflop" started. (community card = [])
name: b10902012, hole_card: ['C7', 'DA']
name: b10902034, hole_card: ['SA', 'C5']
"b10902034" declared "call:10"
    eval: 59367, range: (10, 0)
name: b10902012, hole_card: ['C7', 'DA']
name: b10902034, hole_card: ['SA', 'C5']
"b10902012" declared "call:10"
Street "flop" started. (community card = ['D4', 'DT', 'D2'])
name: b10902012, hole_card: ['C7', 'DA']
name: b10902034, hole_card: ['SA', 'C5']
"b10902034" declared "call:0"
    eval: 59367, range: (5.0, 0)
name: b10902012, hole_card: ['C7', 'DA']
name: b10902034, hole_card: ['SA', 'C5']
"b10902012" declared "call:0"
Street "turn" started. (community card = ['D4', 'DT', 'D2', 'D9'])
name: b10902012, hole_card: ['C7', 'DA']
name: b10902034, hole_card: ['SA', 'C5']
"b10902034" declared "call:0"
    eval: 1106151, range: (990, 60)
name: b10902012, hole_card: ['C7', 'DA']
name: b10902034, hole_card: ['SA', 'C5']
"b10902012" declared "raise:60"
name: b10902012, hole_card: ['C7', 'DA']
name: b10902034, hole_card: ['SA', 'C5']
"b10902034" declared "fold:0"
"['b10902012']" won the round 3 (stack = {'b10902012': 1010, 'b10902034': 990})
community cards of this round: ['HJ', 'CQ', 'D9', 'CK', 'C2']
name: b10902012, hole_card: ['CA', 'H9']
name: b10902034, hole_card: ['DQ', 'H5']
['CA', 'H9']
Started the round 4
Street "preflop" started. (community card = [])
    eval: 59881, range: (10, 0)
name: b10902012, hole_card: ['CA', 'H9']
name: b10902034, hole_card: ['DQ', 'H5']
"b10902012" declared "call:10"
name: b10902012, hole_card: ['CA', 'H9']
name: b10902034, hole_card: ['DQ', 'H5']
"b10902034" declared "call:10"
Street "flop" started. (community card = ['HJ', 'CQ', 'D9'])
    eval: 102633, range: (10, 0)
name: b10902012, hole_card: ['CA', 'H9']
name: b10902034, hole_card: ['DQ', 'H5']
"b10902012" declared "call:0"
name: b10902012, hole_card: ['CA', 'H9']
name: b10902034, hole_card: ['DQ', 'H5']
"b10902034" declared "raise:20"
0th fold
    eval: 102633, range: (10, 0)
name: b10902012, hole_card: ['CA', 'H9']
name: b10902034, hole_card: ['DQ', 'H5']
"b10902012" declared "fold:0"
"['b10902034']" won the round 4 (stack = {'b10902012': 1000, 'b10902034': 1000})
community cards of this round: ['D2', 'S2', 'C2', 'H8', 'DK']
name: b10902012, hole_card: ['H6', 'D4']
name: b10902034, hole_card: ['C8', 'HT']
['H6', 'D4']
Started the round 5
Street "preflop" started. (community card = [])
name: b10902012, hole_card: ['H6', 'D4']
name: b10902034, hole_card: ['C8', 'HT']
"b10902034" declared "call:10"
    eval: 25700, range: (10, 0)
name: b10902012, hole_card: ['H6', 'D4']
name: b10902034, hole_card: ['C8', 'HT']
"b10902012" declared "call:10"
Street "flop" started. (community card = ['D2', 'S2', 'C2'])
name: b10902012, hole_card: ['H6', 'D4']
name: b10902034, hole_card: ['C8', 'HT']
"b10902034" declared "call:0"
    eval: 270436, range: (10, 0)
name: b10902012, hole_card: ['H6', 'D4']
name: b10902034, hole_card: ['C8', 'HT']
"b10902012" declared "call:0"
Street "turn" started. (community card = ['D2', 'S2', 'C2', 'H8'])
name: b10902012, hole_card: ['H6', 'D4']
name: b10902034, hole_card: ['C8', 'HT']
"b10902034" declared "raise:40"
1th fold
    eval: 270436, range: (10, 0)
name: b10902012, hole_card: ['H6', 'D4']
name: b10902034, hole_card: ['C8', 'HT']
"b10902012" declared "fold:0"
"['b10902034']" won the round 5 (stack = {'b10902012': 990, 'b10902034': 1010})
community cards of this round: ['CJ', 'D7', 'CT', 'C3', 'D8']
name: b10902012, hole_card: ['CK', 'C6']
name: b10902034, hole_card: ['H9', 'DJ']
['CK', 'C6']
Started the round 6
Street "preflop" started. (community card = [])
    eval: 54998, range: (10, 0)
name: b10902012, hole_card: ['CK', 'C6']
name: b10902034, hole_card: ['H9', 'DJ']
"b10902012" declared "call:10"
name: b10902012, hole_card: ['CK', 'C6']
name: b10902034, hole_card: ['H9', 'DJ']
"b10902034" declared "call:10"
Street "flop" started. (community card = ['CJ', 'D7', 'CT'])
    eval: 54998, range: (5.0, 0)
name: b10902012, hole_card: ['CK', 'C6']
name: b10902034, hole_card: ['H9', 'DJ']
"b10902012" declared "call:0"
name: b10902012, hole_card: ['CK', 'C6']
name: b10902034, hole_card: ['H9', 'DJ']
"b10902034" declared "raise:20"
0th fold
    eval: 54998, range: (5.0, 0)
name: b10902012, hole_card: ['CK', 'C6']
name: b10902034, hole_card: ['H9', 'DJ']
"b10902012" declared "fold:0"
"['b10902034']" won the round 6 (stack = {'b10902012': 980, 'b10902034': 1020})
community cards of this round: ['H7', 'D5', 'C4', 'SA', 'D4']
name: b10902012, hole_card: ['S4', 'CJ']
name: b10902034, hole_card: ['HT', 'S6']
['S4', 'CJ']
Started the round 7
Street "preflop" started. (community card = [])
name: b10902012, hole_card: ['S4', 'CJ']
name: b10902034, hole_card: ['HT', 'S6']
"b10902034" declared "call:10"
    eval: 46260, range: (10, 0)
name: b10902012, hole_card: ['S4', 'CJ']
name: b10902034, hole_card: ['HT', 'S6']
"b10902012" declared "call:10"
Street "flop" started. (community card = ['H7', 'D5', 'C4'])
name: b10902012, hole_card: ['S4', 'CJ']
name: b10902034, hole_card: ['HT', 'S6']
"b10902034" declared "call:0"
    eval: 82100, range: (10, 0)
name: b10902012, hole_card: ['S4', 'CJ']
name: b10902034, hole_card: ['HT', 'S6']
"b10902012" declared "call:0"
Street "turn" started. (community card = ['H7', 'D5', 'C4', 'SA'])
name: b10902012, hole_card: ['S4', 'CJ']
name: b10902034, hole_card: ['HT', 'S6']
"b10902034" declared "call:0"
    eval: 82100, range: (95.44267991923238, 0.03348244476457461)
name: b10902012, hole_card: ['S4', 'CJ']
name: b10902034, hole_card: ['HT', 'S6']
"b10902012" declared "call:0"
Street "river" started. (community card = ['H7', 'D5', 'C4', 'SA', 'D4'])
name: b10902012, hole_card: ['S4', 'CJ']
name: b10902034, hole_card: ['HT', 'S6']
"b10902034" declared "call:0"
    eval: 278708, range: (970, 970)
name: b10902012, hole_card: ['S4', 'CJ']
name: b10902034, hole_card: ['HT', 'S6']
"b10902012" declared "raise:970"
name: b10902012, hole_card: ['S4', 'CJ']
name: b10902034, hole_card: ['HT', 'S6']
"b10902034" declared "fold:0"
"['b10902012']" won the round 7 (stack = {'b10902012': 990, 'b10902034': 1010})
community cards of this round: ['H3', 'C3', 'S8', 'CT', 'C2']
name: b10902012, hole_card: ['D2', 'ST']
name: b10902034, hole_card: ['H4', 'D7']
['D2', 'ST']
Started the round 8
Street "preflop" started. (community card = [])
    eval: 41634, range: (10, 0)
name: b10902012, hole_card: ['D2', 'ST']
name: b10902034, hole_card: ['H4', 'D7']
"b10902012" declared "call:10"
name: b10902012, hole_card: ['D2', 'ST']
name: b10902034, hole_card: ['H4', 'D7']
"b10902034" declared "fold:0"
"['b10902012']" won the round 8 (stack = {'b10902012': 1000, 'b10902034': 1000})
community cards of this round: ['SJ', 'DQ', 'C7', 'HJ', 'H3']
name: b10902012, hole_card: ['ST', 'DK']
name: b10902034, hole_card: ['DT', 'C2']
['ST', 'DK']
Started the round 9
Street "preflop" started. (community card = [])
name: b10902012, hole_card: ['ST', 'DK']
name: b10902034, hole_card: ['DT', 'C2']
"b10902034" declared "call:10"
    eval: 56026, range: (10, 0)
name: b10902012, hole_card: ['ST', 'DK']
name: b10902034, hole_card: ['DT', 'C2']
"b10902012" declared "call:10"
Street "flop" started. (community card = ['SJ', 'DQ', 'C7'])
name: b10902012, hole_card: ['ST', 'DK']
name: b10902034, hole_card: ['DT', 'C2']
"b10902034" declared "call:0"
    eval: 56026, range: (5.0, 0)
name: b10902012, hole_card: ['ST', 'DK']
name: b10902034, hole_card: ['DT', 'C2']
"b10902012" declared "call:0"
Street "turn" started. (community card = ['SJ', 'DQ', 'C7', 'HJ'])
name: b10902012, hole_card: ['ST', 'DK']
name: b10902034, hole_card: ['DT', 'C2']
"b10902034" declared "call:0"
    eval: 110810, range: (199.09826466305933, 13.43422266874862)
name: b10902012, hole_card: ['ST', 'DK']
name: b10902034, hole_card: ['DT', 'C2']
"b10902012" declared "raise:13.43422266874862"
name: b10902012, hole_card: ['ST', 'DK']
name: b10902034, hole_card: ['DT', 'C2']
"b10902034" declared "fold:0"
"['b10902012']" won the round 9 (stack = {'b10902012': 1009.5657773312514, 'b10902034': 990})
community cards of this round: ['SA', 'S9', 'CT', 'C2', 'H8']
name: b10902012, hole_card: ['C5', 'SQ']
name: b10902034, hole_card: ['D8', 'C7']
['C5', 'SQ']
Started the round 10
Street "preflop" started. (community card = [])
    eval: 50629, range: (10, 0)
name: b10902012, hole_card: ['C5', 'SQ']
name: b10902034, hole_card: ['D8', 'C7']
"b10902012" declared "call:10"
name: b10902012, hole_card: ['C5', 'SQ']
name: b10902034, hole_card: ['D8', 'C7']
"b10902034" declared "fold:0"
"['b10902012']" won the round 10 (stack = {'b10902012': 1019.5657773312514, 'b10902034': 980})
community cards of this round: ['HT', 'H8', 'H7', 'CK', 'D9']
name: b10902012, hole_card: ['HA', 'C4']
name: b10902034, hole_card: ['CA', 'C9']
['HA', 'C4']
Started the round 11
Street "preflop" started. (community card = [])
name: b10902012, hole_card: ['HA', 'C4']
name: b10902034, hole_card: ['CA', 'C9']
"b10902034" declared "raise:15"
0th fold
    eval: 58596, range: (10, 0)
name: b10902012, hole_card: ['HA', 'C4']
name: b10902034, hole_card: ['CA', 'C9']
"b10902012" declared "fold:0"
"['b10902034']" won the round 11 (stack = {'b10902012': 1009.5657773312514, 'b10902034': 990})
community cards of this round: ['S9', 'HQ', 'HT', 'S2', 'C3']
name: b10902012, hole_card: ['DK', 'S7']
name: b10902034, hole_card: ['H9', 'S5']
['DK', 'S7']
Started the round 12
Street "preflop" started. (community card = [])
    eval: 55255, range: (10, 0)
name: b10902012, hole_card: ['DK', 'S7']
name: b10902034, hole_card: ['H9', 'S5']
"b10902012" declared "call:10"
name: b10902012, hole_card: ['DK', 'S7']
name: b10902034, hole_card: ['H9', 'S5']
"b10902034" declared "fold:0"
"['b10902012']" won the round 12 (stack = {'b10902012': 1019.5657773312514, 'b10902034': 980})
community cards of this round: ['D9', 'SK', 'CQ', 'H8', 'HQ']
name: b10902012, hole_card: ['D8', 'D2']
name: b10902034, hole_card: ['HT', 'C8']
['D8', 'D2']
Started the round 13
Street "preflop" started. (community card = [])
name: b10902012, hole_card: ['D8', 'D2']
name: b10902034, hole_card: ['HT', 'C8']
"b10902034" declared "call:10"
    eval: 33410, range: (10, 0)
name: b10902012, hole_card: ['D8', 'D2']
name: b10902034, hole_card: ['HT', 'C8']
"b10902012" declared "call:10"
Street "flop" started. (community card = ['D9', 'SK', 'CQ'])
name: b10902012, hole_card: ['D8', 'D2']
name: b10902034, hole_card: ['HT', 'C8']
"b10902034" declared "call:0"
    eval: 33410, range: (5.0, 0)
name: b10902012, hole_card: ['D8', 'D2']
name: b10902034, hole_card: ['HT', 'C8']
"b10902012" declared "call:0"
Street "turn" started. (community card = ['D9', 'SK', 'CQ', 'H8'])
name: b10902012, hole_card: ['D8', 'D2']
name: b10902034, hole_card: ['HT', 'C8']
"b10902034" declared "call:0"
    eval: 98434, range: (135.43288536505645, 1.6918329572988315)
name: b10902012, hole_card: ['D8', 'D2']
name: b10902034, hole_card: ['HT', 'C8']
"b10902012" declared "call:0"
Street "river" started. (community card = ['D9', 'SK', 'CQ', 'H8', 'HQ'])
name: b10902012, hole_card: ['D8', 'D2']
name: b10902034, hole_card: ['HT', 'C8']
"b10902034" declared "raise:50"
    eval: 182402, range: (168.26096288854185, 0)
name: b10902012, hole_card: ['D8', 'D2']
name: b10902034, hole_card: ['HT', 'C8']
"b10902012" declared "call:50"
"['b10902034']" won the round 13 (stack = {'b10902012': 959.5657773312514, 'b10902034': 1040})
community cards of this round: ['HK', 'H7', 'S8', 'D7', 'S3']
name: b10902012, hole_card: ['H3', 'SK']
name: b10902034, hole_card: ['C9', 'D4']
['H3', 'SK']
Started the round 14
Street "preflop" started. (community card = [])
    eval: 54227, range: (10, 0)
name: b10902012, hole_card: ['H3', 'SK']
name: b10902034, hole_card: ['C9', 'D4']
"b10902012" declared "call:10"
name: b10902012, hole_card: ['H3', 'SK']
name: b10902034, hole_card: ['C9', 'D4']
"b10902034" declared "fold:0"
"['b10902012']" won the round 14 (stack = {'b10902012': 969.5657773312514, 'b10902034': 1030})
community cards of this round: ['H8', 'CJ', 'H7', 'DJ', 'D8']
name: b10902012, hole_card: ['H9', 'C9']
name: b10902034, hole_card: ['S6', 'S3']
['H9', 'C9']
Started the round 15
Street "preflop" started. (community card = [])
name: b10902012, hole_card: ['H9', 'C9']
name: b10902034, hole_card: ['S6', 'S3']
"b10902034" declared "fold:0"
"['b10902012']" won the round 15 (stack = {'b10902012': 974.5657773312514, 'b10902034': 1025})
community cards of this round: ['C8', 'DA', 'C4', 'CK', 'S5']
name: b10902012, hole_card: ['H8', 'CQ']
name: b10902034, hole_card: ['C7', 'H5']
['H8', 'CQ']
Started the round 16
Street "preflop" started. (community card = [])
    eval: 51400, range: (10, 0)
name: b10902012, hole_card: ['H8', 'CQ']
name: b10902034, hole_card: ['C7', 'H5']
"b10902012" declared "call:10"
name: b10902012, hole_card: ['H8', 'CQ']
name: b10902034, hole_card: ['C7', 'H5']
"b10902034" declared "fold:0"
"['b10902012']" won the round 16 (stack = {'b10902012': 984.5657773312514, 'b10902034': 1015})
community cards of this round: ['H3', 'CT', 'D8', 'D7', 'S5']
name: b10902012, hole_card: ['S6', 'DK']
name: b10902034, hole_card: ['C8', 'SJ']
['S6', 'DK']
Started the round 17
Street "preflop" started. (community card = [])
name: b10902012, hole_card: ['S6', 'DK']
name: b10902034, hole_card: ['C8', 'SJ']
"b10902034" declared "call:10"
    eval: 54998, range: (10, 0)
name: b10902012, hole_card: ['S6', 'DK']
name: b10902034, hole_card: ['C8', 'SJ']
"b10902012" declared "call:10"
Street "flop" started. (community card = ['H3', 'CT', 'D8'])
name: b10902012, hole_card: ['S6', 'DK']
name: b10902034, hole_card: ['C8', 'SJ']
"b10902034" declared "call:0"
    eval: 54998, range: (5.0, 0)
name: b10902012, hole_card: ['S6', 'DK']
name: b10902034, hole_card: ['C8', 'SJ']
"b10902012" declared "call:0"
Street "turn" started. (community card = ['H3', 'CT', 'D8', 'D7'])
name: b10902012, hole_card: ['S6', 'DK']
name: b10902034, hole_card: ['C8', 'SJ']
"b10902034" declared "raise:40"
0th fold
    eval: 54998, range: (10, 0)
name: b10902012, hole_card: ['S6', 'DK']
name: b10902034, hole_card: ['C8', 'SJ']
"b10902012" declared "fold:0"
"['b10902034']" won the round 17 (stack = {'b10902012': 974.5657773312514, 'b10902034': 1025})
community cards of this round: ['C3', 'SQ', 'HK', 'S8', 'D5']
name: b10902012, hole_card: ['H8', 'CT']
name: b10902034, hole_card: ['D8', 'DA']
['H8', 'CT']
Started the round 18
Street "preflop" started. (community card = [])
    eval: 43176, range: (10, 0)
name: b10902012, hole_card: ['H8', 'CT']
name: b10902034, hole_card: ['D8', 'DA']
"b10902012" declared "call:10"
name: b10902012, hole_card: ['H8', 'CT']
name: b10902034, hole_card: ['D8', 'DA']
"b10902034" declared "fold:0"
"['b10902012']" won the round 18 (stack = {'b10902012': 984.5657773312514, 'b10902034': 1015})
community cards of this round: ['D9', 'HA', 'D7', 'D4', 'S2']
name: b10902012, hole_card: ['C2', 'H7']
name: b10902034, hole_card: ['H6', 'S4']
['C2', 'H7']
Started the round 19
Street "preflop" started. (community card = [])
name: b10902012, hole_card: ['C2', 'H7']
name: b10902034, hole_card: ['H6', 'S4']
"b10902034" declared "fold:0"
"['b10902012']" won the round 19 (stack = {'b10902012': 989.5657773312514, 'b10902034': 1010})
community cards of this round: ['ST', 'C3', 'CA', 'S8', 'C2']
name: b10902012, hole_card: ['CK', 'D2']
name: b10902034, hole_card: ['C9', 'SQ']
['CK', 'D2']
Started the round 20
Street "preflop" started. (community card = [])
    eval: 53970, range: (5, 0)
name: b10902012, hole_card: ['CK', 'D2']
name: b10902034, hole_card: ['C9', 'SQ']
"b10902012" declared "call:10"
name: b10902012, hole_card: ['CK', 'D2']
name: b10902034, hole_card: ['C9', 'SQ']
"b10902034" declared "fold:0"
"['b10902012']" won the round 20 (stack = {'b10902012': 999.5657773312514, 'b10902034': 1000})
b10902034 vs b10902012 - Game 5: {'rule': {'initial_stack': 1000, 'max_round': 20, 'small_blind_amount': 5, 'ante': 0, 'blind_structure': {}}, 'players': [{'name': 'b10902012', 'uuid': 'lnzicjxiehwgvzoblalhzd', 'stack': 999.5657773312514, 'state': 'participating'}, {'name': 'b10902034', 'uuid': 'azaqtmtbjgkjqsjdjilild', 'stack': 1000, 'state': 'participating'}]}
Final Result: b10902034 won 3 games (stack: 3935), b10902012 won 2 games (stack: 6063.308243653876), num ties: 0
