community cards of this round: ['S7', 'HK', 'D3', 'D7', 'C7']
name: b09902002, hole_card: ['C4', 'D4']
name: b10902070, hole_card: ['S6', 'C9']
Started the round 1
Street "preflop" started. (community card = [])
name: b09902002, hole_card: ['C4', 'D4']
name: b10902070, hole_card: ['S6', 'C9']
"b10902070" declared "raise:30"
name: b09902002, hole_card: ['C4', 'D4']
name: b10902070, hole_card: ['S6', 'C9']
"b09902002" declared "raise:210"
name: b09902002, hole_card: ['C4', 'D4']
name: b10902070, hole_card: ['S6', 'C9']
"b10902070" declared "fold:0"
"['b09902002']" won the round 1 (stack = {'b09902002': 1030, 'b10902070': 970})
community cards of this round: ['DJ', 'C2', 'C5', 'SQ', 'D4']
name: b09902002, hole_card: ['CT', 'ST']
name: b10902070, hole_card: ['HJ', 'CJ']
Started the round 2
Street "preflop" started. (community card = [])
name: b09902002, hole_card: ['CT', 'ST']
name: b10902070, hole_card: ['HJ', 'CJ']
"b09902002" declared "raise:474"
name: b09902002, hole_card: ['CT', 'ST']
name: b10902070, hole_card: ['HJ', 'CJ']
"b10902070" declared "fold:0"
"['b09902002']" won the round 2 (stack = {'b09902002': 1040, 'b10902070': 960})
community cards of this round: ['H7', 'S2', 'C4', 'SJ', 'HT']
name: b09902002, hole_card: ['ST', 'H6']
name: b10902070, hole_card: ['H8', 'C3']
Started the round 3
Street "preflop" started. (community card = [])
name: b09902002, hole_card: ['ST', 'H6']
name: b10902070, hole_card: ['H8', 'C3']
"b10902070" declared "raise:30"
name: b09902002, hole_card: ['ST', 'H6']
name: b10902070, hole_card: ['H8', 'C3']
"b09902002" declared "fold:0"
"['b10902070']" won the round 3 (stack = {'b09902002': 1030, 'b10902070': 970})
community cards of this round: ['C2', 'D2', 'S2', 'CA', 'S4']
name: b09902002, hole_card: ['CJ', 'HK']
name: b10902070, hole_card: ['S6', 'D8']
Started the round 4
Street "preflop" started. (community card = [])
name: b09902002, hole_card: ['CJ', 'HK']
name: b10902070, hole_card: ['S6', 'D8']
"b09902002" declared "raise:205"
name: b09902002, hole_card: ['CJ', 'HK']
name: b10902070, hole_card: ['S6', 'D8']
"b10902070" declared "fold:0"
"['b09902002']" won the round 4 (stack = {'b09902002': 1040, 'b10902070': 960})
community cards of this round: ['S3', 'D8', 'HJ', 'HA', 'HT']
name: b09902002, hole_card: ['C4', 'D5']
name: b10902070, hole_card: ['DJ', 'S2']
Started the round 5
Street "preflop" started. (community card = [])
name: b09902002, hole_card: ['C4', 'D5']
name: b10902070, hole_card: ['DJ', 'S2']
"b10902070" declared "raise:30"
name: b09902002, hole_card: ['C4', 'D5']
name: b10902070, hole_card: ['DJ', 'S2']
"b09902002" declared "fold:0"
"['b10902070']" won the round 5 (stack = {'b09902002': 1030, 'b10902070': 970})
community cards of this round: ['C3', 'DA', 'C5', 'CK', 'D7']
name: b09902002, hole_card: ['S2', 'DJ']
name: b10902070, hole_card: ['D2', 'H8']
Started the round 6
Street "preflop" started. (community card = [])
name: b09902002, hole_card: ['S2', 'DJ']
name: b10902070, hole_card: ['D2', 'H8']
"b09902002" declared "call:10"
name: b09902002, hole_card: ['S2', 'DJ']
name: b10902070, hole_card: ['D2', 'H8']
"b10902070" declared "call:10"
Street "flop" started. (community card = ['C3', 'DA', 'C5'])
name: b09902002, hole_card: ['S2', 'DJ']
name: b10902070, hole_card: ['D2', 'H8']
"b09902002" declared "call:0"
name: b09902002, hole_card: ['S2', 'DJ']
name: b10902070, hole_card: ['D2', 'H8']
"b10902070" declared "call:0"
Street "turn" started. (community card = ['C3', 'DA', 'C5', 'CK'])
name: b09902002, hole_card: ['S2', 'DJ']
name: b10902070, hole_card: ['D2', 'H8']
"b09902002" declared "call:0"
name: b09902002, hole_card: ['S2', 'DJ']
name: b10902070, hole_card: ['D2', 'H8']
"b10902070" declared "call:0"
Street "river" started. (community card = ['C3', 'DA', 'C5', 'CK', 'D7'])
name: b09902002, hole_card: ['S2', 'DJ']
name: b10902070, hole_card: ['D2', 'H8']
"b09902002" declared "call:0"
name: b09902002, hole_card: ['S2', 'DJ']
name: b10902070, hole_card: ['D2', 'H8']
"b10902070" declared "call:0"
"['b09902002']" won the round 6 (stack = {'b09902002': 1040, 'b10902070': 960})
community cards of this round: ['CA', 'H7', 'DA', 'CJ', 'H5']
name: b09902002, hole_card: ['HQ', 'HA']
name: b10902070, hole_card: ['S3', 'D9']
Started the round 7
Street "preflop" started. (community card = [])
name: b09902002, hole_card: ['HQ', 'HA']
name: b10902070, hole_card: ['S3', 'D9']
"b10902070" declared "raise:30"
name: b09902002, hole_card: ['HQ', 'HA']
name: b10902070, hole_card: ['S3', 'D9']
"b09902002" declared "raise:251"
name: b09902002, hole_card: ['HQ', 'HA']
name: b10902070, hole_card: ['S3', 'D9']
"b10902070" declared "fold:0"
"['b09902002']" won the round 7 (stack = {'b09902002': 1070, 'b10902070': 930})
community cards of this round: ['C6', 'H8', 'S8', 'SJ', 'D5']
name: b09902002, hole_card: ['C3', 'H2']
name: b10902070, hole_card: ['SQ', 'C9']
Started the round 8
Street "preflop" started. (community card = [])
name: b09902002, hole_card: ['C3', 'H2']
name: b10902070, hole_card: ['SQ', 'C9']
"b09902002" declared "call:10"
name: b09902002, hole_card: ['C3', 'H2']
name: b10902070, hole_card: ['SQ', 'C9']
"b10902070" declared "call:10"
Street "flop" started. (community card = ['C6', 'H8', 'S8'])
name: b09902002, hole_card: ['C3', 'H2']
name: b10902070, hole_card: ['SQ', 'C9']
"b09902002" declared "call:0"
name: b09902002, hole_card: ['C3', 'H2']
name: b10902070, hole_card: ['SQ', 'C9']
"b10902070" declared "raise:920"
name: b09902002, hole_card: ['C3', 'H2']
name: b10902070, hole_card: ['SQ', 'C9']
"b09902002" declared "fold:0"
"['b10902070']" won the round 8 (stack = {'b09902002': 1060, 'b10902070': 940})
community cards of this round: ['DJ', 'SJ', 'S3', 'S2', 'C2']
name: b09902002, hole_card: ['D7', 'H8']
name: b10902070, hole_card: ['CJ', 'ST']
Started the round 9
Street "preflop" started. (community card = [])
name: b09902002, hole_card: ['D7', 'H8']
name: b10902070, hole_card: ['CJ', 'ST']
"b10902070" declared "raise:30"
name: b09902002, hole_card: ['D7', 'H8']
name: b10902070, hole_card: ['CJ', 'ST']
"b09902002" declared "fold:0"
"['b10902070']" won the round 9 (stack = {'b09902002': 1050, 'b10902070': 950})
community cards of this round: ['D5', 'C7', 'D4', 'S4', 'D6']
name: b09902002, hole_card: ['D3', 'S9']
name: b10902070, hole_card: ['C4', 'DQ']
Started the round 10
Street "preflop" started. (community card = [])
name: b09902002, hole_card: ['D3', 'S9']
name: b10902070, hole_card: ['C4', 'DQ']
"b09902002" declared "call:10"
name: b09902002, hole_card: ['D3', 'S9']
name: b10902070, hole_card: ['C4', 'DQ']
"b10902070" declared "call:10"
Street "flop" started. (community card = ['D5', 'C7', 'D4'])
name: b09902002, hole_card: ['D3', 'S9']
name: b10902070, hole_card: ['C4', 'DQ']
"b09902002" declared "call:0"
name: b09902002, hole_card: ['D3', 'S9']
name: b10902070, hole_card: ['C4', 'DQ']
"b10902070" declared "raise:940"
name: b09902002, hole_card: ['D3', 'S9']
name: b10902070, hole_card: ['C4', 'DQ']
"b09902002" declared "fold:0"
"['b10902070']" won the round 10 (stack = {'b09902002': 1040, 'b10902070': 960})
community cards of this round: ['C4', 'H5', 'D3', 'S8', 'SA']
name: b09902002, hole_card: ['HQ', 'C3']
name: b10902070, hole_card: ['CK', 'S7']
Started the round 11
Street "preflop" started. (community card = [])
name: b09902002, hole_card: ['HQ', 'C3']
name: b10902070, hole_card: ['CK', 'S7']
"b10902070" declared "raise:30"
name: b09902002, hole_card: ['HQ', 'C3']
name: b10902070, hole_card: ['CK', 'S7']
"b09902002" declared "fold:0"
"['b10902070']" won the round 11 (stack = {'b09902002': 1030, 'b10902070': 970})
community cards of this round: ['H8', 'DJ', 'S5', 'DT', 'D9']
name: b09902002, hole_card: ['SK', 'HK']
name: b10902070, hole_card: ['HQ', 'S2']
Started the round 12
Street "preflop" started. (community card = [])
name: b09902002, hole_card: ['SK', 'HK']
name: b10902070, hole_card: ['HQ', 'S2']
"b09902002" declared "raise:524"
name: b09902002, hole_card: ['SK', 'HK']
name: b10902070, hole_card: ['HQ', 'S2']
"b10902070" declared "fold:0"
"['b09902002']" won the round 12 (stack = {'b09902002': 1040, 'b10902070': 960})
community cards of this round: ['HA', 'D4', 'CJ', 'SJ', 'S8']
name: b09902002, hole_card: ['H4', 'H9']
name: b10902070, hole_card: ['S2', 'DT']
Started the round 13
Street "preflop" started. (community card = [])
name: b09902002, hole_card: ['H4', 'H9']
name: b10902070, hole_card: ['S2', 'DT']
"b10902070" declared "raise:30"
name: b09902002, hole_card: ['H4', 'H9']
name: b10902070, hole_card: ['S2', 'DT']
"b09902002" declared "fold:0"
"['b10902070']" won the round 13 (stack = {'b09902002': 1030, 'b10902070': 970})
community cards of this round: ['H9', 'C5', 'CK', 'S9', 'DA']
name: b09902002, hole_card: ['C7', 'S4']
name: b10902070, hole_card: ['H3', 'SK']
Started the round 14
Street "preflop" started. (community card = [])
name: b09902002, hole_card: ['C7', 'S4']
name: b10902070, hole_card: ['H3', 'SK']
"b09902002" declared "call:10"
name: b09902002, hole_card: ['C7', 'S4']
name: b10902070, hole_card: ['H3', 'SK']
"b10902070" declared "call:10"
Street "flop" started. (community card = ['H9', 'C5', 'CK'])
name: b09902002, hole_card: ['C7', 'S4']
name: b10902070, hole_card: ['H3', 'SK']
"b09902002" declared "call:0"
name: b09902002, hole_card: ['C7', 'S4']
name: b10902070, hole_card: ['H3', 'SK']
"b10902070" declared "raise:960"
name: b09902002, hole_card: ['C7', 'S4']
name: b10902070, hole_card: ['H3', 'SK']
"b09902002" declared "fold:0"
"['b10902070']" won the round 14 (stack = {'b09902002': 1020, 'b10902070': 980})
community cards of this round: ['SJ', 'S9', 'S2', 'CK', 'D2']
name: b09902002, hole_card: ['HA', 'H5']
name: b10902070, hole_card: ['S5', 'C2']
Started the round 15
Street "preflop" started. (community card = [])
name: b09902002, hole_card: ['HA', 'H5']
name: b10902070, hole_card: ['S5', 'C2']
"b10902070" declared "raise:30"
name: b09902002, hole_card: ['HA', 'H5']
name: b10902070, hole_card: ['S5', 'C2']
"b09902002" declared "raise:225"
name: b09902002, hole_card: ['HA', 'H5']
name: b10902070, hole_card: ['S5', 'C2']
"b10902070" declared "raise:980"
name: b09902002, hole_card: ['HA', 'H5']
name: b10902070, hole_card: ['S5', 'C2']
"b09902002" declared "call:980"
Street "flop" started. (community card = ['SJ', 'S9', 'S2'])
Street "turn" started. (community card = ['SJ', 'S9', 'S2', 'CK'])
Street "river" started. (community card = ['SJ', 'S9', 'S2', 'CK', 'D2'])
"['b10902070']" won the round 15 (stack = {'b09902002': 40, 'b10902070': 1960})
community cards of this round: ['H2', 'C6', 'H5', 'S9', 'C9']
name: b09902002, hole_card: ['HJ', 'HA']
name: b10902070, hole_card: ['H7', 'S8']
Started the round 16
Street "preflop" started. (community card = [])
name: b09902002, hole_card: ['HJ', 'HA']
name: b10902070, hole_card: ['H7', 'S8']
"b09902002" declared "raise:40"
name: b09902002, hole_card: ['HJ', 'HA']
name: b10902070, hole_card: ['H7', 'S8']
"b10902070" declared "fold:0"
"['b09902002']" won the round 16 (stack = {'b09902002': 50, 'b10902070': 1950})
community cards of this round: ['DQ', 'H3', 'S8', 'H2', 'HQ']
name: b09902002, hole_card: ['DK', 'CA']
name: b10902070, hole_card: ['C8', 'H6']
Started the round 17
Street "preflop" started. (community card = [])
name: b09902002, hole_card: ['DK', 'CA']
name: b10902070, hole_card: ['C8', 'H6']
"b10902070" declared "fold:0"
"['b09902002']" won the round 17 (stack = {'b09902002': 55, 'b10902070': 1945})
community cards of this round: ['D4', 'HJ', 'C3', 'S8', 'D3']
name: b09902002, hole_card: ['H4', 'SK']
name: b10902070, hole_card: ['HQ', 'HK']
Started the round 18
Street "preflop" started. (community card = [])
name: b09902002, hole_card: ['H4', 'SK']
name: b10902070, hole_card: ['HQ', 'HK']
"b09902002" declared "raise:55"
name: b09902002, hole_card: ['H4', 'SK']
name: b10902070, hole_card: ['HQ', 'HK']
"b10902070" declared "fold:0"
"['b09902002']" won the round 18 (stack = {'b09902002': 65, 'b10902070': 1935})
community cards of this round: ['C3', 'SK', 'D3', 'SA', 'DQ']
name: b09902002, hole_card: ['H6', 'D2']
name: b10902070, hole_card: ['C2', 'C5']
Started the round 19
Street "preflop" started. (community card = [])
name: b09902002, hole_card: ['H6', 'D2']
name: b10902070, hole_card: ['C2', 'C5']
"b10902070" declared "fold:0"
"['b09902002']" won the round 19 (stack = {'b09902002': 70, 'b10902070': 1930})
community cards of this round: ['DK', 'CJ', 'HJ', 'H5', 'S2']
name: b09902002, hole_card: ['C7', 'C3']
name: b10902070, hole_card: ['SK', 'H7']
Started the round 20
Street "preflop" started. (community card = [])
name: b09902002, hole_card: ['C7', 'C3']
name: b10902070, hole_card: ['SK', 'H7']
"b09902002" declared "raise:70"
name: b09902002, hole_card: ['C7', 'C3']
name: b10902070, hole_card: ['SK', 'H7']
"b10902070" declared "fold:0"
"['b09902002']" won the round 20 (stack = {'b09902002': 80, 'b10902070': 1920})
b10902070 vs b09902002 - Game 1: {'rule': {'initial_stack': 1000, 'max_round': 20, 'small_blind_amount': 5, 'ante': 0, 'blind_structure': {}}, 'players': [{'name': 'b09902002', 'uuid': 'veqlwngvronofbvvwibxzs', 'stack': 80, 'state': 'participating'}, {'name': 'b10902070', 'uuid': 'nksplyluvcqwwvfmhmeynu', 'stack': 1920, 'state': 'participating'}]}
community cards of this round: ['S7', 'HK', 'D3', 'D7', 'C7']
name: b10902070, hole_card: ['C4', 'D4']
name: b09902002, hole_card: ['S6', 'C9']
Started the round 1
Street "preflop" started. (community card = [])
name: b10902070, hole_card: ['C4', 'D4']
name: b09902002, hole_card: ['S6', 'C9']
"b09902002" declared "call:10"
name: b10902070, hole_card: ['C4', 'D4']
name: b09902002, hole_card: ['S6', 'C9']
"b10902070" declared "call:10"
Street "flop" started. (community card = ['S7', 'HK', 'D3'])
name: b10902070, hole_card: ['C4', 'D4']
name: b09902002, hole_card: ['S6', 'C9']
"b09902002" declared "call:0"
name: b10902070, hole_card: ['C4', 'D4']
name: b09902002, hole_card: ['S6', 'C9']
"b10902070" declared "call:0"
Street "turn" started. (community card = ['S7', 'HK', 'D3', 'D7'])
name: b10902070, hole_card: ['C4', 'D4']
name: b09902002, hole_card: ['S6', 'C9']
"b09902002" declared "call:0"
name: b10902070, hole_card: ['C4', 'D4']
name: b09902002, hole_card: ['S6', 'C9']
"b10902070" declared "call:0"
Street "river" started. (community card = ['S7', 'HK', 'D3', 'D7', 'C7'])
name: b10902070, hole_card: ['C4', 'D4']
name: b09902002, hole_card: ['S6', 'C9']
"b09902002" declared "call:0"
name: b10902070, hole_card: ['C4', 'D4']
name: b09902002, hole_card: ['S6', 'C9']
"b10902070" declared "raise:17.935779816513765"
name: b10902070, hole_card: ['C4', 'D4']
name: b09902002, hole_card: ['S6', 'C9']
"b09902002" declared "fold:0"
"['b10902070']" won the round 1 (stack = {'b10902070': 1009.0642201834862, 'b09902002': 990})
community cards of this round: ['DJ', 'C2', 'C5', 'SQ', 'D4']
name: b10902070, hole_card: ['CT', 'ST']
name: b09902002, hole_card: ['HJ', 'CJ']
Started the round 2
Street "preflop" started. (community card = [])
name: b10902070, hole_card: ['CT', 'ST']
name: b09902002, hole_card: ['HJ', 'CJ']
"b10902070" declared "raise:30"
name: b10902070, hole_card: ['CT', 'ST']
name: b09902002, hole_card: ['HJ', 'CJ']
"b09902002" declared "raise:492"
name: b10902070, hole_card: ['CT', 'ST']
name: b09902002, hole_card: ['HJ', 'CJ']
"b10902070" declared "call:492"
Street "flop" started. (community card = ['DJ', 'C2', 'C5'])
name: b10902070, hole_card: ['CT', 'ST']
name: b09902002, hole_card: ['HJ', 'CJ']
"b10902070" declared "raise:517.0642201834862"
name: b10902070, hole_card: ['CT', 'ST']
name: b09902002, hole_card: ['HJ', 'CJ']
"b09902002" declared "call:517.0642201834862"
Street "turn" started. (community card = ['DJ', 'C2', 'C5', 'SQ'])
Street "river" started. (community card = ['DJ', 'C2', 'C5', 'SQ', 'D4'])
"['b09902002']" won the round 2 (stack = {'b10902070': 19.0, 'b09902002': 1980})
community cards of this round: ['H7', 'S2', 'C4', 'SJ', 'HT']
name: b10902070, hole_card: ['ST', 'H6']
name: b09902002, hole_card: ['H8', 'C3']
Started the round 3
Street "preflop" started. (community card = [])
name: b10902070, hole_card: ['ST', 'H6']
name: b09902002, hole_card: ['H8', 'C3']
"b09902002" declared "fold:0"
"['b10902070']" won the round 3 (stack = {'b10902070': 24.0, 'b09902002': 1975})
community cards of this round: ['C2', 'D2', 'S2', 'CA', 'S4']
name: b10902070, hole_card: ['CJ', 'HK']
name: b09902002, hole_card: ['S6', 'D8']
Started the round 4
Street "preflop" started. (community card = [])
name: b10902070, hole_card: ['CJ', 'HK']
name: b09902002, hole_card: ['S6', 'D8']
"b10902070" declared "raise:30", Invalid action. Treat as fold...
"['b09902002']" won the round 4 (stack = {'b10902070': 19.0, 'b09902002': 1980})
community cards of this round: ['S3', 'D8', 'HJ', 'HA', 'HT']
name: b10902070, hole_card: ['C4', 'D5']
name: b09902002, hole_card: ['DJ', 'S2']
Started the round 5
Street "preflop" started. (community card = [])
name: b10902070, hole_card: ['C4', 'D5']
name: b09902002, hole_card: ['DJ', 'S2']
"b09902002" declared "fold:0"
"['b10902070']" won the round 5 (stack = {'b10902070': 24.0, 'b09902002': 1975})
community cards of this round: ['C3', 'DA', 'C5', 'CK', 'D7']
name: b10902070, hole_card: ['S2', 'DJ']
name: b09902002, hole_card: ['D2', 'H8']
Started the round 6
Street "preflop" started. (community card = [])
name: b10902070, hole_card: ['S2', 'DJ']
name: b09902002, hole_card: ['D2', 'H8']
"b10902070" declared "raise:30", Invalid action. Treat as fold...
"['b09902002']" won the round 6 (stack = {'b10902070': 19.0, 'b09902002': 1980})
community cards of this round: ['CA', 'H7', 'DA', 'CJ', 'H5']
name: b10902070, hole_card: ['HQ', 'HA']
name: b09902002, hole_card: ['S3', 'D9']
Started the round 7
Street "preflop" started. (community card = [])
name: b10902070, hole_card: ['HQ', 'HA']
name: b09902002, hole_card: ['S3', 'D9']
"b09902002" declared "fold:0"
"['b10902070']" won the round 7 (stack = {'b10902070': 24.0, 'b09902002': 1975})
community cards of this round: ['C6', 'H8', 'S8', 'SJ', 'D5']
name: b10902070, hole_card: ['C3', 'H2']
name: b09902002, hole_card: ['SQ', 'C9']
Started the round 8
Street "preflop" started. (community card = [])
name: b10902070, hole_card: ['C3', 'H2']
name: b09902002, hole_card: ['SQ', 'C9']
"b10902070" declared "raise:30", Invalid action. Treat as fold...
"['b09902002']" won the round 8 (stack = {'b10902070': 19.0, 'b09902002': 1980})
community cards of this round: ['DJ', 'SJ', 'S3', 'S2', 'C2']
name: b10902070, hole_card: ['D7', 'H8']
name: b09902002, hole_card: ['CJ', 'ST']
Started the round 9
Street "preflop" started. (community card = [])
name: b10902070, hole_card: ['D7', 'H8']
name: b09902002, hole_card: ['CJ', 'ST']
"b09902002" declared "fold:0"
"['b10902070']" won the round 9 (stack = {'b10902070': 24.0, 'b09902002': 1975})
community cards of this round: ['D5', 'C7', 'D4', 'S4', 'D6']
name: b10902070, hole_card: ['D3', 'S9']
name: b09902002, hole_card: ['C4', 'DQ']
Started the round 10
Street "preflop" started. (community card = [])
name: b10902070, hole_card: ['D3', 'S9']
name: b09902002, hole_card: ['C4', 'DQ']
"b10902070" declared "call:10"
name: b10902070, hole_card: ['D3', 'S9']
name: b09902002, hole_card: ['C4', 'DQ']
"b09902002" declared "fold:0"
"['b10902070']" won the round 10 (stack = {'b10902070': 34.0, 'b09902002': 1965})
community cards of this round: ['C4', 'H5', 'D3', 'S8', 'SA']
name: b10902070, hole_card: ['HQ', 'C3']
name: b09902002, hole_card: ['CK', 'S7']
Started the round 11
Street "preflop" started. (community card = [])
name: b10902070, hole_card: ['HQ', 'C3']
name: b09902002, hole_card: ['CK', 'S7']
"b09902002" declared "fold:0"
"['b10902070']" won the round 11 (stack = {'b10902070': 39.0, 'b09902002': 1960})
community cards of this round: ['H8', 'DJ', 'S5', 'DT', 'D9']
name: b10902070, hole_card: ['SK', 'HK']
name: b09902002, hole_card: ['HQ', 'S2']
Started the round 12
Street "preflop" started. (community card = [])
name: b10902070, hole_card: ['SK', 'HK']
name: b09902002, hole_card: ['HQ', 'S2']
"b10902070" declared "raise:30"
name: b10902070, hole_card: ['SK', 'HK']
name: b09902002, hole_card: ['HQ', 'S2']
"b09902002" declared "fold:0"
"['b10902070']" won the round 12 (stack = {'b10902070': 49.0, 'b09902002': 1950})
community cards of this round: ['HA', 'D4', 'CJ', 'SJ', 'S8']
name: b10902070, hole_card: ['H4', 'H9']
name: b09902002, hole_card: ['S2', 'DT']
Started the round 13
Street "preflop" started. (community card = [])
name: b10902070, hole_card: ['H4', 'H9']
name: b09902002, hole_card: ['S2', 'DT']
"b09902002" declared "fold:0"
"['b10902070']" won the round 13 (stack = {'b10902070': 54.0, 'b09902002': 1945})
community cards of this round: ['H9', 'C5', 'CK', 'S9', 'DA']
name: b10902070, hole_card: ['C7', 'S4']
name: b09902002, hole_card: ['H3', 'SK']
Started the round 14
Street "preflop" started. (community card = [])
name: b10902070, hole_card: ['C7', 'S4']
name: b09902002, hole_card: ['H3', 'SK']
"b10902070" declared "call:10"
name: b10902070, hole_card: ['C7', 'S4']
name: b09902002, hole_card: ['H3', 'SK']
"b09902002" declared "fold:0"
"['b10902070']" won the round 14 (stack = {'b10902070': 64.0, 'b09902002': 1935})
community cards of this round: ['SJ', 'S9', 'S2', 'CK', 'D2']
name: b10902070, hole_card: ['HA', 'H5']
name: b09902002, hole_card: ['S5', 'C2']
Started the round 15
Street "preflop" started. (community card = [])
name: b10902070, hole_card: ['HA', 'H5']
name: b09902002, hole_card: ['S5', 'C2']
"b09902002" declared "fold:0"
"['b10902070']" won the round 15 (stack = {'b10902070': 69.0, 'b09902002': 1930})
community cards of this round: ['H2', 'C6', 'H5', 'S9', 'C9']
name: b10902070, hole_card: ['HJ', 'HA']
name: b09902002, hole_card: ['H7', 'S8']
Started the round 16
Street "preflop" started. (community card = [])
name: b10902070, hole_card: ['HJ', 'HA']
name: b09902002, hole_card: ['H7', 'S8']
"b10902070" declared "raise:30"
name: b10902070, hole_card: ['HJ', 'HA']
name: b09902002, hole_card: ['H7', 'S8']
"b09902002" declared "fold:0"
"['b10902070']" won the round 16 (stack = {'b10902070': 79.0, 'b09902002': 1920})
community cards of this round: ['DQ', 'H3', 'S8', 'H2', 'HQ']
name: b10902070, hole_card: ['DK', 'CA']
name: b09902002, hole_card: ['C8', 'H6']
Started the round 17
Street "preflop" started. (community card = [])
name: b10902070, hole_card: ['DK', 'CA']
name: b09902002, hole_card: ['C8', 'H6']
"b09902002" declared "fold:0"
"['b10902070']" won the round 17 (stack = {'b10902070': 84.0, 'b09902002': 1915})
community cards of this round: ['D4', 'HJ', 'C3', 'S8', 'D3']
name: b10902070, hole_card: ['H4', 'SK']
name: b09902002, hole_card: ['HQ', 'HK']
Started the round 18
Street "preflop" started. (community card = [])
name: b10902070, hole_card: ['H4', 'SK']
name: b09902002, hole_card: ['HQ', 'HK']
"b10902070" declared "call:10"
name: b10902070, hole_card: ['H4', 'SK']
name: b09902002, hole_card: ['HQ', 'HK']
"b09902002" declared "fold:0"
"['b10902070']" won the round 18 (stack = {'b10902070': 94.0, 'b09902002': 1905})
community cards of this round: ['C3', 'SK', 'D3', 'SA', 'DQ']
name: b10902070, hole_card: ['H6', 'D2']
name: b09902002, hole_card: ['C2', 'C5']
Started the round 19
Street "preflop" started. (community card = [])
name: b10902070, hole_card: ['H6', 'D2']
name: b09902002, hole_card: ['C2', 'C5']
"b09902002" declared "fold:0"
"['b10902070']" won the round 19 (stack = {'b10902070': 99.0, 'b09902002': 1900})
community cards of this round: ['DK', 'CJ', 'HJ', 'H5', 'S2']
name: b10902070, hole_card: ['C7', 'C3']
name: b09902002, hole_card: ['SK', 'H7']
Started the round 20
Street "preflop" started. (community card = [])
name: b10902070, hole_card: ['C7', 'C3']
name: b09902002, hole_card: ['SK', 'H7']
"b10902070" declared "call:10"
name: b10902070, hole_card: ['C7', 'C3']
name: b09902002, hole_card: ['SK', 'H7']
"b09902002" declared "fold:0"
"['b10902070']" won the round 20 (stack = {'b10902070': 109.0, 'b09902002': 1890})
b10902070 vs b09902002 - Game 2: {'rule': {'initial_stack': 1000, 'max_round': 20, 'small_blind_amount': 5, 'ante': 0, 'blind_structure': {}}, 'players': [{'name': 'b10902070', 'uuid': 'vttvmwdvzfrlnorajsxmzx', 'stack': 109.0, 'state': 'participating'}, {'name': 'b09902002', 'uuid': 'ftdnqigvttojmpbvbhxthy', 'stack': 1890, 'state': 'participating'}]}
community cards of this round: ['S4', 'D4', 'HT', 'D3', 'DK']
name: b09902002, hole_card: ['SK', 'HQ']
name: b10902070, hole_card: ['C3', 'ST']
Started the round 1
Street "preflop" started. (community card = [])
name: b09902002, hole_card: ['SK', 'HQ']
name: b10902070, hole_card: ['C3', 'ST']
"b10902070" declared "raise:30"
name: b09902002, hole_card: ['SK', 'HQ']
name: b10902070, hole_card: ['C3', 'ST']
"b09902002" declared "raise:227"
name: b09902002, hole_card: ['SK', 'HQ']
name: b10902070, hole_card: ['C3', 'ST']
"b10902070" declared "fold:0"
"['b09902002']" won the round 1 (stack = {'b09902002': 1030, 'b10902070': 970})
community cards of this round: ['S5', 'D7', 'HQ', 'H5', 'SJ']
name: b09902002, hole_card: ['C7', 'S7']
name: b10902070, hole_card: ['H8', 'D5']
Started the round 2
Street "preflop" started. (community card = [])
name: b09902002, hole_card: ['C7', 'S7']
name: b10902070, hole_card: ['H8', 'D5']
"b09902002" declared "raise:216"
name: b09902002, hole_card: ['C7', 'S7']
name: b10902070, hole_card: ['H8', 'D5']
"b10902070" declared "fold:0"
"['b09902002']" won the round 2 (stack = {'b09902002': 1040, 'b10902070': 960})
community cards of this round: ['CJ', 'H5', 'DJ', 'H8', 'DQ']
name: b09902002, hole_card: ['H2', 'CT']
name: b10902070, hole_card: ['DK', 'S8']
Started the round 3
Street "preflop" started. (community card = [])
name: b09902002, hole_card: ['H2', 'CT']
name: b10902070, hole_card: ['DK', 'S8']
"b10902070" declared "raise:30"
name: b09902002, hole_card: ['H2', 'CT']
name: b10902070, hole_card: ['DK', 'S8']
"b09902002" declared "fold:0"
"['b10902070']" won the round 3 (stack = {'b09902002': 1030, 'b10902070': 970})
community cards of this round: ['C7', 'C2', 'CT', 'H8', 'DA']
name: b09902002, hole_card: ['S5', 'D2']
name: b10902070, hole_card: ['H6', 'SJ']
Started the round 4
Street "preflop" started. (community card = [])
name: b09902002, hole_card: ['S5', 'D2']
name: b10902070, hole_card: ['H6', 'SJ']
"b09902002" declared "call:10"
name: b09902002, hole_card: ['S5', 'D2']
name: b10902070, hole_card: ['H6', 'SJ']
"b10902070" declared "call:10"
Street "flop" started. (community card = ['C7', 'C2', 'CT'])
name: b09902002, hole_card: ['S5', 'D2']
name: b10902070, hole_card: ['H6', 'SJ']
"b09902002" declared "call:0"
name: b09902002, hole_card: ['S5', 'D2']
name: b10902070, hole_card: ['H6', 'SJ']
"b10902070" declared "call:0"
Street "turn" started. (community card = ['C7', 'C2', 'CT', 'H8'])
name: b09902002, hole_card: ['S5', 'D2']
name: b10902070, hole_card: ['H6', 'SJ']
"b09902002" declared "call:0"
name: b09902002, hole_card: ['S5', 'D2']
name: b10902070, hole_card: ['H6', 'SJ']
"b10902070" declared "call:0"
Street "river" started. (community card = ['C7', 'C2', 'CT', 'H8', 'DA'])
name: b09902002, hole_card: ['S5', 'D2']
name: b10902070, hole_card: ['H6', 'SJ']
"b09902002" declared "call:0"
name: b09902002, hole_card: ['S5', 'D2']
name: b10902070, hole_card: ['H6', 'SJ']
"b10902070" declared "call:0"
"['b09902002']" won the round 4 (stack = {'b09902002': 1040, 'b10902070': 960})
community cards of this round: ['SA', 'S5', 'C3', 'S9', 'ST']
name: b09902002, hole_card: ['D8', 'C5']
name: b10902070, hole_card: ['SK', 'H4']
Started the round 5
Street "preflop" started. (community card = [])
name: b09902002, hole_card: ['D8', 'C5']
name: b10902070, hole_card: ['SK', 'H4']
"b10902070" declared "raise:30"
name: b09902002, hole_card: ['D8', 'C5']
name: b10902070, hole_card: ['SK', 'H4']
"b09902002" declared "fold:0"
"['b10902070']" won the round 5 (stack = {'b09902002': 1030, 'b10902070': 970})
community cards of this round: ['C3', 'SJ', 'DT', 'DQ', 'S3']
name: b09902002, hole_card: ['D2', 'C8']
name: b10902070, hole_card: ['D5', 'SK']
Started the round 6
Street "preflop" started. (community card = [])
name: b09902002, hole_card: ['D2', 'C8']
name: b10902070, hole_card: ['D5', 'SK']
"b09902002" declared "call:10"
name: b09902002, hole_card: ['D2', 'C8']
name: b10902070, hole_card: ['D5', 'SK']
"b10902070" declared "call:10"
Street "flop" started. (community card = ['C3', 'SJ', 'DT'])
name: b09902002, hole_card: ['D2', 'C8']
name: b10902070, hole_card: ['D5', 'SK']
"b09902002" declared "call:0"
name: b09902002, hole_card: ['D2', 'C8']
name: b10902070, hole_card: ['D5', 'SK']
"b10902070" declared "call:0"
Street "turn" started. (community card = ['C3', 'SJ', 'DT', 'DQ'])
name: b09902002, hole_card: ['D2', 'C8']
name: b10902070, hole_card: ['D5', 'SK']
"b09902002" declared "call:0"
name: b09902002, hole_card: ['D2', 'C8']
name: b10902070, hole_card: ['D5', 'SK']
"b10902070" declared "call:0"
Street "river" started. (community card = ['C3', 'SJ', 'DT', 'DQ', 'S3'])
name: b09902002, hole_card: ['D2', 'C8']
name: b10902070, hole_card: ['D5', 'SK']
"b09902002" declared "call:0"
name: b09902002, hole_card: ['D2', 'C8']
name: b10902070, hole_card: ['D5', 'SK']
"b10902070" declared "call:0"
"['b10902070']" won the round 6 (stack = {'b09902002': 1020, 'b10902070': 980})
community cards of this round: ['C7', 'C4', 'D2', 'S7', 'DQ']
name: b09902002, hole_card: ['C2', 'H4']
name: b10902070, hole_card: ['H5', 'SQ']
Started the round 7
Street "preflop" started. (community card = [])
name: b09902002, hole_card: ['C2', 'H4']
name: b10902070, hole_card: ['H5', 'SQ']
"b10902070" declared "raise:30"
name: b09902002, hole_card: ['C2', 'H4']
name: b10902070, hole_card: ['H5', 'SQ']
"b09902002" declared "fold:0"
"['b10902070']" won the round 7 (stack = {'b09902002': 1010, 'b10902070': 990})
community cards of this round: ['S5', 'S2', 'SA', 'D9', 'C9']
name: b09902002, hole_card: ['H5', 'H3']
name: b10902070, hole_card: ['C3', 'CJ']
Started the round 8
Street "preflop" started. (community card = [])
name: b09902002, hole_card: ['H5', 'H3']
name: b10902070, hole_card: ['C3', 'CJ']
"b09902002" declared "call:10"
name: b09902002, hole_card: ['H5', 'H3']
name: b10902070, hole_card: ['C3', 'CJ']
"b10902070" declared "call:10"
Street "flop" started. (community card = ['S5', 'S2', 'SA'])
name: b09902002, hole_card: ['H5', 'H3']
name: b10902070, hole_card: ['C3', 'CJ']
"b09902002" declared "call:0"
name: b09902002, hole_card: ['H5', 'H3']
name: b10902070, hole_card: ['C3', 'CJ']
"b10902070" declared "call:0"
Street "turn" started. (community card = ['S5', 'S2', 'SA', 'D9'])
name: b09902002, hole_card: ['H5', 'H3']
name: b10902070, hole_card: ['C3', 'CJ']
"b09902002" declared "call:0"
name: b09902002, hole_card: ['H5', 'H3']
name: b10902070, hole_card: ['C3', 'CJ']
"b10902070" declared "call:0"
Street "river" started. (community card = ['S5', 'S2', 'SA', 'D9', 'C9'])
name: b09902002, hole_card: ['H5', 'H3']
name: b10902070, hole_card: ['C3', 'CJ']
"b09902002" declared "raise:327"
name: b09902002, hole_card: ['H5', 'H3']
name: b10902070, hole_card: ['C3', 'CJ']
"b10902070" declared "fold:0"
"['b09902002']" won the round 8 (stack = {'b09902002': 1020, 'b10902070': 980})
community cards of this round: ['SA', 'D8', 'SQ', 'C8', 'S8']
name: b09902002, hole_card: ['D6', 'S6']
name: b10902070, hole_card: ['ST', 'H2']
Started the round 9
Street "preflop" started. (community card = [])
name: b09902002, hole_card: ['D6', 'S6']
name: b10902070, hole_card: ['ST', 'H2']
"b10902070" declared "raise:30"
name: b09902002, hole_card: ['D6', 'S6']
name: b10902070, hole_card: ['ST', 'H2']
"b09902002" declared "raise:234"
name: b09902002, hole_card: ['D6', 'S6']
name: b10902070, hole_card: ['ST', 'H2']
"b10902070" declared "fold:0"
"['b09902002']" won the round 9 (stack = {'b09902002': 1050, 'b10902070': 950})
community cards of this round: ['C9', 'D7', 'DA', 'CQ', 'C5']
name: b09902002, hole_card: ['HA', 'D3']
name: b10902070, hole_card: ['S6', 'SQ']
Started the round 10
Street "preflop" started. (community card = [])
name: b09902002, hole_card: ['HA', 'D3']
name: b10902070, hole_card: ['S6', 'SQ']
"b09902002" declared "raise:188"
name: b09902002, hole_card: ['HA', 'D3']
name: b10902070, hole_card: ['S6', 'SQ']
"b10902070" declared "fold:0"
"['b09902002']" won the round 10 (stack = {'b09902002': 1060, 'b10902070': 940})
community cards of this round: ['DQ', 'CT', 'DT', 'S7', 'H7']
name: b09902002, hole_card: ['HJ', 'H8']
name: b10902070, hole_card: ['C7', 'DJ']
Started the round 11
Street "preflop" started. (community card = [])
name: b09902002, hole_card: ['HJ', 'H8']
name: b10902070, hole_card: ['C7', 'DJ']
"b10902070" declared "raise:30"
name: b09902002, hole_card: ['HJ', 'H8']
name: b10902070, hole_card: ['C7', 'DJ']
"b09902002" declared "raise:218"
name: b09902002, hole_card: ['HJ', 'H8']
name: b10902070, hole_card: ['C7', 'DJ']
"b10902070" declared "raise:940"
name: b09902002, hole_card: ['HJ', 'H8']
name: b10902070, hole_card: ['C7', 'DJ']
"b09902002" declared "call:940"
Street "flop" started. (community card = ['DQ', 'CT', 'DT'])
Street "turn" started. (community card = ['DQ', 'CT', 'DT', 'S7'])
Street "river" started. (community card = ['DQ', 'CT', 'DT', 'S7', 'H7'])
"['b10902070']" won the round 11 (stack = {'b09902002': 120, 'b10902070': 1880})
community cards of this round: ['H8', 'C7', 'C8', 'D4', 'H4']
name: b09902002, hole_card: ['H6', 'CK']
name: b10902070, hole_card: ['ST', 'HJ']
Started the round 12
Street "preflop" started. (community card = [])
name: b09902002, hole_card: ['H6', 'CK']
name: b10902070, hole_card: ['ST', 'HJ']
"b09902002" declared "raise:120"
name: b09902002, hole_card: ['H6', 'CK']
name: b10902070, hole_card: ['ST', 'HJ']
"b10902070" declared "fold:0"
"['b09902002']" won the round 12 (stack = {'b09902002': 130, 'b10902070': 1870})
community cards of this round: ['C6', 'D8', 'C2', 'C3', 'H8']
name: b09902002, hole_card: ['DQ', 'SQ']
name: b10902070, hole_card: ['C5', 'S7']
Started the round 13
Street "preflop" started. (community card = [])
name: b09902002, hole_card: ['DQ', 'SQ']
name: b10902070, hole_card: ['C5', 'S7']
"b10902070" declared "fold:0"
"['b09902002']" won the round 13 (stack = {'b09902002': 135, 'b10902070': 1865})
community cards of this round: ['ST', 'D6', 'C7', 'D9', 'CK']
name: b09902002, hole_card: ['D8', 'SQ']
name: b10902070, hole_card: ['SJ', 'C8']
Started the round 14
Street "preflop" started. (community card = [])
name: b09902002, hole_card: ['D8', 'SQ']
name: b10902070, hole_card: ['SJ', 'C8']
"b09902002" declared "raise:135"
name: b09902002, hole_card: ['D8', 'SQ']
name: b10902070, hole_card: ['SJ', 'C8']
"b10902070" declared "fold:0"
"['b09902002']" won the round 14 (stack = {'b09902002': 145, 'b10902070': 1855})
community cards of this round: ['CK', 'C5', 'S9', 'S2', 'HT']
name: b09902002, hole_card: ['DQ', 'CA']
name: b10902070, hole_card: ['H7', 'HK']
Started the round 15
Street "preflop" started. (community card = [])
name: b09902002, hole_card: ['DQ', 'CA']
name: b10902070, hole_card: ['H7', 'HK']
"b10902070" declared "fold:0"
"['b09902002']" won the round 15 (stack = {'b09902002': 150, 'b10902070': 1850})
community cards of this round: ['ST', 'D5', 'H6', 'CJ', 'S8']
name: b09902002, hole_card: ['D8', 'H3']
name: b10902070, hole_card: ['S6', 'DQ']
Started the round 16
Street "preflop" started. (community card = [])
name: b09902002, hole_card: ['D8', 'H3']
name: b10902070, hole_card: ['S6', 'DQ']
"b09902002" declared "raise:150"
name: b09902002, hole_card: ['D8', 'H3']
name: b10902070, hole_card: ['S6', 'DQ']
"b10902070" declared "fold:0"
"['b09902002']" won the round 16 (stack = {'b09902002': 160, 'b10902070': 1840})
community cards of this round: ['D2', 'C9', 'C7', 'D4', 'DJ']
name: b09902002, hole_card: ['SQ', 'HA']
name: b10902070, hole_card: ['S8', 'SA']
Started the round 17
Street "preflop" started. (community card = [])
name: b09902002, hole_card: ['SQ', 'HA']
name: b10902070, hole_card: ['S8', 'SA']
"b10902070" declared "fold:0"
"['b09902002']" won the round 17 (stack = {'b09902002': 165, 'b10902070': 1835})
community cards of this round: ['D6', 'S9', 'H4', 'HJ', 'S7']
name: b09902002, hole_card: ['DT', 'SK']
name: b10902070, hole_card: ['H3', 'D8']
Started the round 18
Street "preflop" started. (community card = [])
name: b09902002, hole_card: ['DT', 'SK']
name: b10902070, hole_card: ['H3', 'D8']
"b09902002" declared "raise:165"
name: b09902002, hole_card: ['DT', 'SK']
name: b10902070, hole_card: ['H3', 'D8']
"b10902070" declared "fold:0"
"['b09902002']" won the round 18 (stack = {'b09902002': 175, 'b10902070': 1825})
community cards of this round: ['H2', 'HA', 'H7', 'HQ', 'C7']
name: b09902002, hole_card: ['D4', 'D9']
name: b10902070, hole_card: ['DT', 'C5']
Started the round 19
Street "preflop" started. (community card = [])
name: b09902002, hole_card: ['D4', 'D9']
name: b10902070, hole_card: ['DT', 'C5']
"b10902070" declared "fold:0"
"['b09902002']" won the round 19 (stack = {'b09902002': 180, 'b10902070': 1820})
community cards of this round: ['D7', 'S4', 'C8', 'C7', 'HJ']
name: b09902002, hole_card: ['C3', 'D5']
name: b10902070, hole_card: ['CQ', 'S8']
Started the round 20
Street "preflop" started. (community card = [])
name: b09902002, hole_card: ['C3', 'D5']
name: b10902070, hole_card: ['CQ', 'S8']
"b09902002" declared "raise:180"
name: b09902002, hole_card: ['C3', 'D5']
name: b10902070, hole_card: ['CQ', 'S8']
"b10902070" declared "fold:0"
"['b09902002']" won the round 20 (stack = {'b09902002': 190, 'b10902070': 1810})
b10902070 vs b09902002 - Game 3: {'rule': {'initial_stack': 1000, 'max_round': 20, 'small_blind_amount': 5, 'ante': 0, 'blind_structure': {}}, 'players': [{'name': 'b09902002', 'uuid': 'usdwqtscwktkvereolqwgu', 'stack': 190, 'state': 'participating'}, {'name': 'b10902070', 'uuid': 'cxtffzweqqiqjgvdvrpwrj', 'stack': 1810, 'state': 'participating'}]}
community cards of this round: ['S4', 'D4', 'HT', 'D3', 'DK']
name: b10902070, hole_card: ['SK', 'HQ']
name: b09902002, hole_card: ['C3', 'ST']
Started the round 1
Street "preflop" started. (community card = [])
name: b10902070, hole_card: ['SK', 'HQ']
name: b09902002, hole_card: ['C3', 'ST']
"b09902002" declared "call:10"
name: b10902070, hole_card: ['SK', 'HQ']
name: b09902002, hole_card: ['C3', 'ST']
"b10902070" declared "call:10"
Street "flop" started. (community card = ['S4', 'D4', 'HT'])
name: b10902070, hole_card: ['SK', 'HQ']
name: b09902002, hole_card: ['C3', 'ST']
"b09902002" declared "raise:303"
name: b10902070, hole_card: ['SK', 'HQ']
name: b09902002, hole_card: ['C3', 'ST']
"b10902070" declared "fold:0"
"['b09902002']" won the round 1 (stack = {'b10902070': 990, 'b09902002': 1010})
community cards of this round: ['S5', 'D7', 'HQ', 'H5', 'SJ']
name: b10902070, hole_card: ['C7', 'S7']
name: b09902002, hole_card: ['H8', 'D5']
Started the round 2
Street "preflop" started. (community card = [])
name: b10902070, hole_card: ['C7', 'S7']
name: b09902002, hole_card: ['H8', 'D5']
"b10902070" declared "raise:30"
name: b10902070, hole_card: ['C7', 'S7']
name: b09902002, hole_card: ['H8', 'D5']
"b09902002" declared "fold:0"
"['b10902070']" won the round 2 (stack = {'b10902070': 1000, 'b09902002': 1000})
community cards of this round: ['CJ', 'H5', 'DJ', 'H8', 'DQ']
name: b10902070, hole_card: ['H2', 'CT']
name: b09902002, hole_card: ['DK', 'S8']
Started the round 3
Street "preflop" started. (community card = [])
name: b10902070, hole_card: ['H2', 'CT']
name: b09902002, hole_card: ['DK', 'S8']
"b09902002" declared "raise:185"
name: b10902070, hole_card: ['H2', 'CT']
name: b09902002, hole_card: ['DK', 'S8']
"b10902070" declared "fold:0"
"['b09902002']" won the round 3 (stack = {'b10902070': 990, 'b09902002': 1010})
community cards of this round: ['C7', 'C2', 'CT', 'H8', 'DA']
name: b10902070, hole_card: ['S5', 'D2']
name: b09902002, hole_card: ['H6', 'SJ']
Started the round 4
Street "preflop" started. (community card = [])
name: b10902070, hole_card: ['S5', 'D2']
name: b09902002, hole_card: ['H6', 'SJ']
"b10902070" declared "raise:30"
name: b10902070, hole_card: ['S5', 'D2']
name: b09902002, hole_card: ['H6', 'SJ']
"b09902002" declared "fold:0"
"['b10902070']" won the round 4 (stack = {'b10902070': 1000, 'b09902002': 1000})
community cards of this round: ['SA', 'S5', 'C3', 'S9', 'ST']
name: b10902070, hole_card: ['D8', 'C5']
name: b09902002, hole_card: ['SK', 'H4']
Started the round 5
Street "preflop" started. (community card = [])
name: b10902070, hole_card: ['D8', 'C5']
name: b09902002, hole_card: ['SK', 'H4']
"b09902002" declared "raise:173"
name: b10902070, hole_card: ['D8', 'C5']
name: b09902002, hole_card: ['SK', 'H4']
"b10902070" declared "fold:0"
"['b09902002']" won the round 5 (stack = {'b10902070': 990, 'b09902002': 1010})
community cards of this round: ['C3', 'SJ', 'DT', 'DQ', 'S3']
name: b10902070, hole_card: ['D2', 'C8']
name: b09902002, hole_card: ['D5', 'SK']
Started the round 6
Street "preflop" started. (community card = [])
name: b10902070, hole_card: ['D2', 'C8']
name: b09902002, hole_card: ['D5', 'SK']
"b10902070" declared "raise:30"
name: b10902070, hole_card: ['D2', 'C8']
name: b09902002, hole_card: ['D5', 'SK']
"b09902002" declared "raise:203"
name: b10902070, hole_card: ['D2', 'C8']
name: b09902002, hole_card: ['D5', 'SK']
"b10902070" declared "fold:0"
"['b09902002']" won the round 6 (stack = {'b10902070': 960, 'b09902002': 1040})
community cards of this round: ['C7', 'C4', 'D2', 'S7', 'DQ']
name: b10902070, hole_card: ['C2', 'H4']
name: b09902002, hole_card: ['H5', 'SQ']
Started the round 7
Street "preflop" started. (community card = [])
name: b10902070, hole_card: ['C2', 'H4']
name: b09902002, hole_card: ['H5', 'SQ']
"b09902002" declared "raise:172"
name: b10902070, hole_card: ['C2', 'H4']
name: b09902002, hole_card: ['H5', 'SQ']
"b10902070" declared "fold:0"
"['b09902002']" won the round 7 (stack = {'b10902070': 950, 'b09902002': 1050})
community cards of this round: ['S5', 'S2', 'SA', 'D9', 'C9']
name: b10902070, hole_card: ['H5', 'H3']
name: b09902002, hole_card: ['C3', 'CJ']
Started the round 8
Street "preflop" started. (community card = [])
name: b10902070, hole_card: ['H5', 'H3']
name: b09902002, hole_card: ['C3', 'CJ']
"b10902070" declared "raise:30"
name: b10902070, hole_card: ['H5', 'H3']
name: b09902002, hole_card: ['C3', 'CJ']
"b09902002" declared "fold:0"
"['b10902070']" won the round 8 (stack = {'b10902070': 960, 'b09902002': 1040})
community cards of this round: ['SA', 'D8', 'SQ', 'C8', 'S8']
name: b10902070, hole_card: ['D6', 'S6']
name: b09902002, hole_card: ['ST', 'H2']
Started the round 9
Street "preflop" started. (community card = [])
name: b10902070, hole_card: ['D6', 'S6']
name: b09902002, hole_card: ['ST', 'H2']
"b09902002" declared "call:10"
name: b10902070, hole_card: ['D6', 'S6']
name: b09902002, hole_card: ['ST', 'H2']
"b10902070" declared "raise:50"
name: b10902070, hole_card: ['D6', 'S6']
name: b09902002, hole_card: ['ST', 'H2']
"b09902002" declared "fold:0"
"['b10902070']" won the round 9 (stack = {'b10902070': 970, 'b09902002': 1030})
community cards of this round: ['C9', 'D7', 'DA', 'CQ', 'C5']
name: b10902070, hole_card: ['HA', 'D3']
name: b09902002, hole_card: ['S6', 'SQ']
Started the round 10
Street "preflop" started. (community card = [])
name: b10902070, hole_card: ['HA', 'D3']
name: b09902002, hole_card: ['S6', 'SQ']
"b10902070" declared "raise:30"
name: b10902070, hole_card: ['HA', 'D3']
name: b09902002, hole_card: ['S6', 'SQ']
"b09902002" declared "raise:211"
name: b10902070, hole_card: ['HA', 'D3']
name: b09902002, hole_card: ['S6', 'SQ']
"b10902070" declared "fold:0"
"['b09902002']" won the round 10 (stack = {'b10902070': 940, 'b09902002': 1060})
community cards of this round: ['DQ', 'CT', 'DT', 'S7', 'H7']
name: b10902070, hole_card: ['HJ', 'H8']
name: b09902002, hole_card: ['C7', 'DJ']
Started the round 11
Street "preflop" started. (community card = [])
name: b10902070, hole_card: ['HJ', 'H8']
name: b09902002, hole_card: ['C7', 'DJ']
"b09902002" declared "raise:174"
name: b10902070, hole_card: ['HJ', 'H8']
name: b09902002, hole_card: ['C7', 'DJ']
"b10902070" declared "call:174"
Street "flop" started. (community card = ['DQ', 'CT', 'DT'])
name: b10902070, hole_card: ['HJ', 'H8']
name: b09902002, hole_card: ['C7', 'DJ']
"b09902002" declared "call:0"
name: b10902070, hole_card: ['HJ', 'H8']
name: b09902002, hole_card: ['C7', 'DJ']
"b10902070" declared "raise:766"
name: b10902070, hole_card: ['HJ', 'H8']
name: b09902002, hole_card: ['C7', 'DJ']
"b09902002" declared "fold:0"
"['b10902070']" won the round 11 (stack = {'b10902070': 1114, 'b09902002': 886})
community cards of this round: ['H8', 'C7', 'C8', 'D4', 'H4']
name: b10902070, hole_card: ['H6', 'CK']
name: b09902002, hole_card: ['ST', 'HJ']
Started the round 12
Street "preflop" started. (community card = [])
name: b10902070, hole_card: ['H6', 'CK']
name: b09902002, hole_card: ['ST', 'HJ']
"b10902070" declared "fold:0"
"['b09902002']" won the round 12 (stack = {'b10902070': 1109, 'b09902002': 891})
community cards of this round: ['C6', 'D8', 'C2', 'C3', 'H8']
name: b10902070, hole_card: ['DQ', 'SQ']
name: b09902002, hole_card: ['C5', 'S7']
Started the round 13
Street "preflop" started. (community card = [])
name: b10902070, hole_card: ['DQ', 'SQ']
name: b09902002, hole_card: ['C5', 'S7']
"b09902002" declared "raise:107.0"
name: b10902070, hole_card: ['DQ', 'SQ']
name: b09902002, hole_card: ['C5', 'S7']
"b10902070" declared "fold:0"
"['b09902002']" won the round 13 (stack = {'b10902070': 1099, 'b09902002': 901.0})
community cards of this round: ['ST', 'D6', 'C7', 'D9', 'CK']
name: b10902070, hole_card: ['D8', 'SQ']
name: b09902002, hole_card: ['SJ', 'C8']
Started the round 14
Street "preflop" started. (community card = [])
name: b10902070, hole_card: ['D8', 'SQ']
name: b09902002, hole_card: ['SJ', 'C8']
"b10902070" declared "fold:0"
"['b09902002']" won the round 14 (stack = {'b10902070': 1094, 'b09902002': 906.0})
community cards of this round: ['CK', 'C5', 'S9', 'S2', 'HT']
name: b10902070, hole_card: ['DQ', 'CA']
name: b09902002, hole_card: ['H7', 'HK']
Started the round 15
Street "preflop" started. (community card = [])
name: b10902070, hole_card: ['DQ', 'CA']
name: b09902002, hole_card: ['H7', 'HK']
"b09902002" declared "raise:92.0"
name: b10902070, hole_card: ['DQ', 'CA']
name: b09902002, hole_card: ['H7', 'HK']
"b10902070" declared "fold:0"
"['b09902002']" won the round 15 (stack = {'b10902070': 1084, 'b09902002': 916.0})
community cards of this round: ['ST', 'D5', 'H6', 'CJ', 'S8']
name: b10902070, hole_card: ['D8', 'H3']
name: b09902002, hole_card: ['S6', 'DQ']
Started the round 16
Street "preflop" started. (community card = [])
name: b10902070, hole_card: ['D8', 'H3']
name: b09902002, hole_card: ['S6', 'DQ']
"b10902070" declared "fold:0"
"['b09902002']" won the round 16 (stack = {'b10902070': 1079, 'b09902002': 921.0})
community cards of this round: ['D2', 'C9', 'C7', 'D4', 'DJ']
name: b10902070, hole_card: ['SQ', 'HA']
name: b09902002, hole_card: ['S8', 'SA']
Started the round 17
Street "preflop" started. (community card = [])
name: b10902070, hole_card: ['SQ', 'HA']
name: b09902002, hole_card: ['S8', 'SA']
"b09902002" declared "raise:77.0"
name: b10902070, hole_card: ['SQ', 'HA']
name: b09902002, hole_card: ['S8', 'SA']
"b10902070" declared "fold:0"
"['b09902002']" won the round 17 (stack = {'b10902070': 1069, 'b09902002': 931.0})
community cards of this round: ['D6', 'S9', 'H4', 'HJ', 'S7']
name: b10902070, hole_card: ['DT', 'SK']
name: b09902002, hole_card: ['H3', 'D8']
Started the round 18
Street "preflop" started. (community card = [])
name: b10902070, hole_card: ['DT', 'SK']
name: b09902002, hole_card: ['H3', 'D8']
"b10902070" declared "fold:0"
"['b09902002']" won the round 18 (stack = {'b10902070': 1064, 'b09902002': 936.0})
community cards of this round: ['H2', 'HA', 'H7', 'HQ', 'C7']
name: b10902070, hole_card: ['D4', 'D9']
name: b09902002, hole_card: ['DT', 'C5']
Started the round 19
Street "preflop" started. (community card = [])
name: b10902070, hole_card: ['D4', 'D9']
name: b09902002, hole_card: ['DT', 'C5']
"b09902002" declared "raise:62.0"
name: b10902070, hole_card: ['D4', 'D9']
name: b09902002, hole_card: ['DT', 'C5']
"b10902070" declared "fold:0"
"['b09902002']" won the round 19 (stack = {'b10902070': 1054, 'b09902002': 946.0})
community cards of this round: ['D7', 'S4', 'C8', 'C7', 'HJ']
name: b10902070, hole_card: ['C3', 'D5']
name: b09902002, hole_card: ['CQ', 'S8']
Started the round 20
Street "preflop" started. (community card = [])
name: b10902070, hole_card: ['C3', 'D5']
name: b09902002, hole_card: ['CQ', 'S8']
"b10902070" declared "fold:0"
"['b09902002']" won the round 20 (stack = {'b10902070': 1049, 'b09902002': 951.0})
b10902070 vs b09902002 - Game 4: {'rule': {'initial_stack': 1000, 'max_round': 20, 'small_blind_amount': 5, 'ante': 0, 'blind_structure': {}}, 'players': [{'name': 'b10902070', 'uuid': 'ehwxtzkiwqbqrdptzhvrpx', 'stack': 1049, 'state': 'participating'}, {'name': 'b09902002', 'uuid': 'iszahsjiykegkzeniaikfe', 'stack': 951.0, 'state': 'participating'}]}
community cards of this round: ['C7', 'SQ', 'S3', 'S8', 'H2']
name: b09902002, hole_card: ['DQ', 'C5']
name: b10902070, hole_card: ['ST', 'CA']
Started the round 1
Street "preflop" started. (community card = [])
name: b09902002, hole_card: ['DQ', 'C5']
name: b10902070, hole_card: ['ST', 'CA']
"b10902070" declared "raise:30"
name: b09902002, hole_card: ['DQ', 'C5']
name: b10902070, hole_card: ['ST', 'CA']
"b09902002" declared "raise:198"
name: b09902002, hole_card: ['DQ', 'C5']
name: b10902070, hole_card: ['ST', 'CA']
"b10902070" declared "fold:0"
"['b09902002']" won the round 1 (stack = {'b09902002': 1030, 'b10902070': 970})
community cards of this round: ['CT', 'D7', 'C3', 'CA', 'C9']
name: b09902002, hole_card: ['H2', 'D8']
name: b10902070, hole_card: ['SQ', 'C6']
Started the round 2
Street "preflop" started. (community card = [])
name: b09902002, hole_card: ['H2', 'D8']
name: b10902070, hole_card: ['SQ', 'C6']
"b09902002" declared "call:10"
name: b09902002, hole_card: ['H2', 'D8']
name: b10902070, hole_card: ['SQ', 'C6']
"b10902070" declared "call:10"
Street "flop" started. (community card = ['CT', 'D7', 'C3'])
name: b09902002, hole_card: ['H2', 'D8']
name: b10902070, hole_card: ['SQ', 'C6']
"b09902002" declared "call:0"
name: b09902002, hole_card: ['H2', 'D8']
name: b10902070, hole_card: ['SQ', 'C6']
"b10902070" declared "call:0"
Street "turn" started. (community card = ['CT', 'D7', 'C3', 'CA'])
name: b09902002, hole_card: ['H2', 'D8']
name: b10902070, hole_card: ['SQ', 'C6']
"b09902002" declared "call:0"
name: b09902002, hole_card: ['H2', 'D8']
name: b10902070, hole_card: ['SQ', 'C6']
"b10902070" declared "call:0"
Street "river" started. (community card = ['CT', 'D7', 'C3', 'CA', 'C9'])
name: b09902002, hole_card: ['H2', 'D8']
name: b10902070, hole_card: ['SQ', 'C6']
"b09902002" declared "call:0"
name: b09902002, hole_card: ['H2', 'D8']
name: b10902070, hole_card: ['SQ', 'C6']
"b10902070" declared "raise:30"
name: b09902002, hole_card: ['H2', 'D8']
name: b10902070, hole_card: ['SQ', 'C6']
"b09902002" declared "fold:0"
"['b10902070']" won the round 2 (stack = {'b09902002': 1020, 'b10902070': 980})
community cards of this round: ['C9', 'C3', 'H9', 'D4', 'HQ']
name: b09902002, hole_card: ['S8', 'CA']
name: b10902070, hole_card: ['H5', 'DA']
Started the round 3
Street "preflop" started. (community card = [])
name: b09902002, hole_card: ['S8', 'CA']
name: b10902070, hole_card: ['H5', 'DA']
"b10902070" declared "raise:30"
name: b09902002, hole_card: ['S8', 'CA']
name: b10902070, hole_card: ['H5', 'DA']
"b09902002" declared "raise:227"
name: b09902002, hole_card: ['S8', 'CA']
name: b10902070, hole_card: ['H5', 'DA']
"b10902070" declared "fold:0"
"['b09902002']" won the round 3 (stack = {'b09902002': 1050, 'b10902070': 950})
community cards of this round: ['D7', 'D9', 'S7', 'CT', 'CA']
name: b09902002, hole_card: ['D5', 'C3']
name: b10902070, hole_card: ['DJ', 'C4']
Started the round 4
Street "preflop" started. (community card = [])
name: b09902002, hole_card: ['D5', 'C3']
name: b10902070, hole_card: ['DJ', 'C4']
"b09902002" declared "call:10"
name: b09902002, hole_card: ['D5', 'C3']
name: b10902070, hole_card: ['DJ', 'C4']
"b10902070" declared "call:10"
Street "flop" started. (community card = ['D7', 'D9', 'S7'])
name: b09902002, hole_card: ['D5', 'C3']
name: b10902070, hole_card: ['DJ', 'C4']
"b09902002" declared "call:0"
name: b09902002, hole_card: ['D5', 'C3']
name: b10902070, hole_card: ['DJ', 'C4']
"b10902070" declared "call:0"
Street "turn" started. (community card = ['D7', 'D9', 'S7', 'CT'])
name: b09902002, hole_card: ['D5', 'C3']
name: b10902070, hole_card: ['DJ', 'C4']
"b09902002" declared "call:0"
name: b09902002, hole_card: ['D5', 'C3']
name: b10902070, hole_card: ['DJ', 'C4']
"b10902070" declared "call:0"
Street "river" started. (community card = ['D7', 'D9', 'S7', 'CT', 'CA'])
name: b09902002, hole_card: ['D5', 'C3']
name: b10902070, hole_card: ['DJ', 'C4']
"b09902002" declared "call:0"
name: b09902002, hole_card: ['D5', 'C3']
name: b10902070, hole_card: ['DJ', 'C4']
"b10902070" declared "call:0"
"['b10902070']" won the round 4 (stack = {'b09902002': 1040, 'b10902070': 960})
community cards of this round: ['S4', 'S3', 'D3', 'C6', 'ST']
name: b09902002, hole_card: ['H2', 'S9']
name: b10902070, hole_card: ['C4', 'SA']
Started the round 5
Street "preflop" started. (community card = [])
name: b09902002, hole_card: ['H2', 'S9']
name: b10902070, hole_card: ['C4', 'SA']
"b10902070" declared "raise:30"
name: b09902002, hole_card: ['H2', 'S9']
name: b10902070, hole_card: ['C4', 'SA']
"b09902002" declared "fold:0"
"['b10902070']" won the round 5 (stack = {'b09902002': 1030, 'b10902070': 970})
community cards of this round: ['CT', 'C8', 'H8', 'SJ', 'DQ']
name: b09902002, hole_card: ['H5', 'D2']
name: b10902070, hole_card: ['H9', 'S6']
Started the round 6
Street "preflop" started. (community card = [])
name: b09902002, hole_card: ['H5', 'D2']
name: b10902070, hole_card: ['H9', 'S6']
"b09902002" declared "call:10"
name: b09902002, hole_card: ['H5', 'D2']
name: b10902070, hole_card: ['H9', 'S6']
"b10902070" declared "call:10"
Street "flop" started. (community card = ['CT', 'C8', 'H8'])
name: b09902002, hole_card: ['H5', 'D2']
name: b10902070, hole_card: ['H9', 'S6']
"b09902002" declared "call:0"
name: b09902002, hole_card: ['H5', 'D2']
name: b10902070, hole_card: ['H9', 'S6']
"b10902070" declared "call:0"
Street "turn" started. (community card = ['CT', 'C8', 'H8', 'SJ'])
name: b09902002, hole_card: ['H5', 'D2']
name: b10902070, hole_card: ['H9', 'S6']
"b09902002" declared "call:0"
name: b09902002, hole_card: ['H5', 'D2']
name: b10902070, hole_card: ['H9', 'S6']
"b10902070" declared "call:0"
Street "river" started. (community card = ['CT', 'C8', 'H8', 'SJ', 'DQ'])
name: b09902002, hole_card: ['H5', 'D2']
name: b10902070, hole_card: ['H9', 'S6']
"b09902002" declared "call:0"
name: b09902002, hole_card: ['H5', 'D2']
name: b10902070, hole_card: ['H9', 'S6']
"b10902070" declared "raise:960"
name: b09902002, hole_card: ['H5', 'D2']
name: b10902070, hole_card: ['H9', 'S6']
"b09902002" declared "fold:0"
"['b10902070']" won the round 6 (stack = {'b09902002': 1020, 'b10902070': 980})
community cards of this round: ['C8', 'SJ', 'H8', 'H4', 'S6']
name: b09902002, hole_card: ['HT', 'DA']
name: b10902070, hole_card: ['D3', 'S2']
Started the round 7
Street "preflop" started. (community card = [])
name: b09902002, hole_card: ['HT', 'DA']
name: b10902070, hole_card: ['D3', 'S2']
"b10902070" declared "raise:30"
name: b09902002, hole_card: ['HT', 'DA']
name: b10902070, hole_card: ['D3', 'S2']
"b09902002" declared "raise:235"
name: b09902002, hole_card: ['HT', 'DA']
name: b10902070, hole_card: ['D3', 'S2']
"b10902070" declared "fold:0"
"['b09902002']" won the round 7 (stack = {'b09902002': 1050, 'b10902070': 950})
community cards of this round: ['DT', 'C5', 'SJ', 'CQ', 'CJ']
name: b09902002, hole_card: ['D7', 'DJ']
name: b10902070, hole_card: ['D2', 'S2']
Started the round 8
Street "preflop" started. (community card = [])
name: b09902002, hole_card: ['D7', 'DJ']
name: b10902070, hole_card: ['D2', 'S2']
"b09902002" declared "raise:182"
name: b09902002, hole_card: ['D7', 'DJ']
name: b10902070, hole_card: ['D2', 'S2']
"b10902070" declared "fold:0"
"['b09902002']" won the round 8 (stack = {'b09902002': 1060, 'b10902070': 940})
community cards of this round: ['C4', 'HQ', 'C7', 'C9', 'CT']
name: b09902002, hole_card: ['HK', 'H4']
name: b10902070, hole_card: ['SJ', 'C3']
Started the round 9
Street "preflop" started. (community card = [])
name: b09902002, hole_card: ['HK', 'H4']
name: b10902070, hole_card: ['SJ', 'C3']
"b10902070" declared "raise:30"
name: b09902002, hole_card: ['HK', 'H4']
name: b10902070, hole_card: ['SJ', 'C3']
"b09902002" declared "raise:218"
name: b09902002, hole_card: ['HK', 'H4']
name: b10902070, hole_card: ['SJ', 'C3']
"b10902070" declared "raise:940"
name: b09902002, hole_card: ['HK', 'H4']
name: b10902070, hole_card: ['SJ', 'C3']
"b09902002" declared "call:940"
Street "flop" started. (community card = ['C4', 'HQ', 'C7'])
Street "turn" started. (community card = ['C4', 'HQ', 'C7', 'C9'])
Street "river" started. (community card = ['C4', 'HQ', 'C7', 'C9', 'CT'])
"['b10902070']" won the round 9 (stack = {'b09902002': 120, 'b10902070': 1880})
community cards of this round: ['S4', 'H5', 'S7', 'SQ', 'H7']
name: b09902002, hole_card: ['CQ', 'C9']
name: b10902070, hole_card: ['H6', 'S9']
Started the round 10
Street "preflop" started. (community card = [])
name: b09902002, hole_card: ['CQ', 'C9']
name: b10902070, hole_card: ['H6', 'S9']
"b09902002" declared "raise:120"
name: b09902002, hole_card: ['CQ', 'C9']
name: b10902070, hole_card: ['H6', 'S9']
"b10902070" declared "fold:0"
"['b09902002']" won the round 10 (stack = {'b09902002': 130, 'b10902070': 1870})
community cards of this round: ['H8', 'S6', 'H3', 'C8', 'D4']
name: b09902002, hole_card: ['CQ', 'C5']
name: b10902070, hole_card: ['HA', 'C3']
Started the round 11
Street "preflop" started. (community card = [])
name: b09902002, hole_card: ['CQ', 'C5']
name: b10902070, hole_card: ['HA', 'C3']
"b10902070" declared "fold:0"
"['b09902002']" won the round 11 (stack = {'b09902002': 135, 'b10902070': 1865})
community cards of this round: ['H5', 'HQ', 'C3', 'S4', 'S7']
name: b09902002, hole_card: ['SQ', 'SJ']
name: b10902070, hole_card: ['D5', 'CT']
Started the round 12
Street "preflop" started. (community card = [])
name: b09902002, hole_card: ['SQ', 'SJ']
name: b10902070, hole_card: ['D5', 'CT']
"b09902002" declared "raise:135"
name: b09902002, hole_card: ['SQ', 'SJ']
name: b10902070, hole_card: ['D5', 'CT']
"b10902070" declared "fold:0"
"['b09902002']" won the round 12 (stack = {'b09902002': 145, 'b10902070': 1855})
community cards of this round: ['D2', 'S5', 'CK', 'D4', 'SK']
name: b09902002, hole_card: ['H7', 'H9']
name: b10902070, hole_card: ['S7', 'HK']
Started the round 13
Street "preflop" started. (community card = [])
name: b09902002, hole_card: ['H7', 'H9']
name: b10902070, hole_card: ['S7', 'HK']
"b10902070" declared "fold:0"
"['b09902002']" won the round 13 (stack = {'b09902002': 150, 'b10902070': 1850})
community cards of this round: ['CQ', 'CJ', 'HQ', 'S4', 'SJ']
name: b09902002, hole_card: ['H8', 'DT']
name: b10902070, hole_card: ['S6', 'D8']
Started the round 14
Street "preflop" started. (community card = [])
name: b09902002, hole_card: ['H8', 'DT']
name: b10902070, hole_card: ['S6', 'D8']
"b09902002" declared "raise:150"
name: b09902002, hole_card: ['H8', 'DT']
name: b10902070, hole_card: ['S6', 'D8']
"b10902070" declared "fold:0"
"['b09902002']" won the round 14 (stack = {'b09902002': 160, 'b10902070': 1840})
community cards of this round: ['S4', 'D2', 'H8', 'CT', 'DT']
name: b09902002, hole_card: ['H9', 'SJ']
name: b10902070, hole_card: ['HJ', 'CK']
Started the round 15
Street "preflop" started. (community card = [])
name: b09902002, hole_card: ['H9', 'SJ']
name: b10902070, hole_card: ['HJ', 'CK']
"b10902070" declared "fold:0"
"['b09902002']" won the round 15 (stack = {'b09902002': 165, 'b10902070': 1835})
community cards of this round: ['SK', 'SA', 'D2', 'H7', 'C9']
name: b09902002, hole_card: ['S6', 'S5']
name: b10902070, hole_card: ['HJ', 'C4']
Started the round 16
Street "preflop" started. (community card = [])
name: b09902002, hole_card: ['S6', 'S5']
name: b10902070, hole_card: ['HJ', 'C4']
"b09902002" declared "raise:165"
name: b09902002, hole_card: ['S6', 'S5']
name: b10902070, hole_card: ['HJ', 'C4']
"b10902070" declared "fold:0"
"['b09902002']" won the round 16 (stack = {'b09902002': 175, 'b10902070': 1825})
community cards of this round: ['C7', 'HA', 'S2', 'DQ', 'C8']
name: b09902002, hole_card: ['C5', 'SJ']
name: b10902070, hole_card: ['DT', 'H8']
Started the round 17
Street "preflop" started. (community card = [])
name: b09902002, hole_card: ['C5', 'SJ']
name: b10902070, hole_card: ['DT', 'H8']
"b10902070" declared "fold:0"
"['b09902002']" won the round 17 (stack = {'b09902002': 180, 'b10902070': 1820})
community cards of this round: ['S9', 'C6', 'C5', 'D2', 'D8']
name: b09902002, hole_card: ['S5', 'CQ']
name: b10902070, hole_card: ['CJ', 'S7']
Started the round 18
Street "preflop" started. (community card = [])
name: b09902002, hole_card: ['S5', 'CQ']
name: b10902070, hole_card: ['CJ', 'S7']
"b09902002" declared "raise:180"
name: b09902002, hole_card: ['S5', 'CQ']
name: b10902070, hole_card: ['CJ', 'S7']
"b10902070" declared "fold:0"
"['b09902002']" won the round 18 (stack = {'b09902002': 190, 'b10902070': 1810})
community cards of this round: ['ST', 'H2', 'S4', 'S3', 'H7']
name: b09902002, hole_card: ['C8', 'H6']
name: b10902070, hole_card: ['SQ', 'S8']
Started the round 19
Street "preflop" started. (community card = [])
name: b09902002, hole_card: ['C8', 'H6']
name: b10902070, hole_card: ['SQ', 'S8']
"b10902070" declared "fold:0"
"['b09902002']" won the round 19 (stack = {'b09902002': 195, 'b10902070': 1805})
community cards of this round: ['D3', 'CQ', 'ST', 'D9', 'H9']
name: b09902002, hole_card: ['HT', 'DA']
name: b10902070, hole_card: ['H7', 'S5']
Started the round 20
Street "preflop" started. (community card = [])
name: b09902002, hole_card: ['HT', 'DA']
name: b10902070, hole_card: ['H7', 'S5']
"b09902002" declared "raise:195"
name: b09902002, hole_card: ['HT', 'DA']
name: b10902070, hole_card: ['H7', 'S5']
"b10902070" declared "fold:0"
"['b09902002']" won the round 20 (stack = {'b09902002': 205, 'b10902070': 1795})
b10902070 vs b09902002 - Game 5: {'rule': {'initial_stack': 1000, 'max_round': 20, 'small_blind_amount': 5, 'ante': 0, 'blind_structure': {}}, 'players': [{'name': 'b09902002', 'uuid': 'qwptetbnpcomklcljxhpan', 'stack': 205, 'state': 'participating'}, {'name': 'b10902070', 'uuid': 'eobygokdkxaehuncasclnx', 'stack': 1795, 'state': 'participating'}]}
Final Result: b10902070 won 4 games (stack: 6683.0), b09902002 won 1 games (stack: 3316.0), num ties: 0
