community cards of this round: ['DT', 'S7', 'HQ', 'SQ', 'CA']
name: b11902155, hole_card: ['D4', 'CJ']
name: b10902033, hole_card: ['C6', 'H6']
Started the round 1
Street "preflop" started. (community card = [])
name: b11902155, hole_card: ['D4', 'CJ']
name: b10902033, hole_card: ['C6', 'H6']
"b10902033" declared "call:10"
name: b11902155, hole_card: ['D4', 'CJ']
name: b10902033, hole_card: ['C6', 'H6']
"b11902155" declared "raise:20"
name: b11902155, hole_card: ['D4', 'CJ']
name: b10902033, hole_card: ['C6', 'H6']
"b10902033" declared "call:20"
Street "flop" started. (community card = ['DT', 'S7', 'HQ'])
name: b11902155, hole_card: ['D4', 'CJ']
name: b10902033, hole_card: ['C6', 'H6']
"b10902033" declared "call:0"
name: b11902155, hole_card: ['D4', 'CJ']
name: b10902033, hole_card: ['C6', 'H6']
"b11902155" declared "raise:20"
name: b11902155, hole_card: ['D4', 'CJ']
name: b10902033, hole_card: ['C6', 'H6']
"b10902033" declared "raise:40"
name: b11902155, hole_card: ['D4', 'CJ']
name: b10902033, hole_card: ['C6', 'H6']
"b11902155" declared "call:40"
Street "turn" started. (community card = ['DT', 'S7', 'HQ', 'SQ'])
name: b11902155, hole_card: ['D4', 'CJ']
name: b10902033, hole_card: ['C6', 'H6']
"b10902033" declared "raise:10"
name: b11902155, hole_card: ['D4', 'CJ']
name: b10902033, hole_card: ['C6', 'H6']
"b11902155" declared "raise:20"
name: b11902155, hole_card: ['D4', 'CJ']
name: b10902033, hole_card: ['C6', 'H6']
"b10902033" declared "raise:30"
name: b11902155, hole_card: ['D4', 'CJ']
name: b10902033, hole_card: ['C6', 'H6']
"b11902155" declared "call:30"
Street "river" started. (community card = ['DT', 'S7', 'HQ', 'SQ', 'CA'])
name: b11902155, hole_card: ['D4', 'CJ']
name: b10902033, hole_card: ['C6', 'H6']
"b10902033" declared "raise:71.0"
name: b11902155, hole_card: ['D4', 'CJ']
name: b10902033, hole_card: ['C6', 'H6']
"b11902155" declared "call:71.0"
"['b10902033']" won the round 1 (stack = {'b11902155': 839.0, 'b10902033': 1161.0})
community cards of this round: ['HJ', 'DK', 'S6', 'S9', 'S5']
name: b11902155, hole_card: ['S8', 'CT']
name: b10902033, hole_card: ['CA', 'C8']
Started the round 2
Street "preflop" started. (community card = [])
name: b11902155, hole_card: ['S8', 'CT']
name: b10902033, hole_card: ['CA', 'C8']
"b11902155" declared "raise:20"
name: b11902155, hole_card: ['S8', 'CT']
name: b10902033, hole_card: ['CA', 'C8']
"b10902033" declared "fold:0"
"['b11902155']" won the round 2 (stack = {'b11902155': 849.0, 'b10902033': 1151.0})
community cards of this round: ['S5', 'SK', 'HK', 'D5', 'H9']
name: b11902155, hole_card: ['HQ', 'H6']
name: b10902033, hole_card: ['H5', 'C8']
Started the round 3
Street "preflop" started. (community card = [])
name: b11902155, hole_card: ['HQ', 'H6']
name: b10902033, hole_card: ['H5', 'C8']
"b10902033" declared "fold:0"
"['b11902155']" won the round 3 (stack = {'b11902155': 854.0, 'b10902033': 1146.0})
community cards of this round: ['S4', 'HQ', 'C8', 'SA', 'D9']
name: b11902155, hole_card: ['HT', 'H7']
name: b10902033, hole_card: ['D8', 'D4']
Started the round 4
Street "preflop" started. (community card = [])
name: b11902155, hole_card: ['HT', 'H7']
name: b10902033, hole_card: ['D8', 'D4']
"b11902155" declared "raise:20"
name: b11902155, hole_card: ['HT', 'H7']
name: b10902033, hole_card: ['D8', 'D4']
"b10902033" declared "fold:0"
"['b11902155']" won the round 4 (stack = {'b11902155': 864.0, 'b10902033': 1136.0})
community cards of this round: ['D3', 'D6', 'S6', 'H6', 'SA']
name: b11902155, hole_card: ['S8', 'C8']
name: b10902033, hole_card: ['C5', 'HK']
Started the round 5
Street "preflop" started. (community card = [])
name: b11902155, hole_card: ['S8', 'C8']
name: b10902033, hole_card: ['C5', 'HK']
"b10902033" declared "fold:0"
"['b11902155']" won the round 5 (stack = {'b11902155': 869.0, 'b10902033': 1131.0})
community cards of this round: ['C3', 'C2', 'HJ', 'D7', 'H3']
name: b11902155, hole_card: ['D5', 'C7']
name: b10902033, hole_card: ['D2', 'CA']
Started the round 6
Street "preflop" started. (community card = [])
name: b11902155, hole_card: ['D5', 'C7']
name: b10902033, hole_card: ['D2', 'CA']
"b11902155" declared "raise:20"
name: b11902155, hole_card: ['D5', 'C7']
name: b10902033, hole_card: ['D2', 'CA']
"b10902033" declared "fold:0"
"['b11902155']" won the round 6 (stack = {'b11902155': 879.0, 'b10902033': 1121.0})
community cards of this round: ['DT', 'DJ', 'S8', 'D9', 'H5']
name: b11902155, hole_card: ['DQ', 'ST']
name: b10902033, hole_card: ['S6', 'H7']
Started the round 7
Street "preflop" started. (community card = [])
name: b11902155, hole_card: ['DQ', 'ST']
name: b10902033, hole_card: ['S6', 'H7']
"b10902033" declared "fold:0"
"['b11902155']" won the round 7 (stack = {'b11902155': 884.0, 'b10902033': 1116.0})
community cards of this round: ['HQ', 'C4', 'S6', 'H2', 'H9']
name: b11902155, hole_card: ['DQ', 'C6']
name: b10902033, hole_card: ['C3', 'C9']
Started the round 8
Street "preflop" started. (community card = [])
name: b11902155, hole_card: ['DQ', 'C6']
name: b10902033, hole_card: ['C3', 'C9']
"b11902155" declared "raise:20"
name: b11902155, hole_card: ['DQ', 'C6']
name: b10902033, hole_card: ['C3', 'C9']
"b10902033" declared "fold:0"
"['b11902155']" won the round 8 (stack = {'b11902155': 894.0, 'b10902033': 1106.0})
community cards of this round: ['D6', 'S3', 'CT', 'H4', 'CQ']
name: b11902155, hole_card: ['HQ', 'S4']
name: b10902033, hole_card: ['C9', 'D5']
Started the round 9
Street "preflop" started. (community card = [])
name: b11902155, hole_card: ['HQ', 'S4']
name: b10902033, hole_card: ['C9', 'D5']
"b10902033" declared "fold:0"
"['b11902155']" won the round 9 (stack = {'b11902155': 899.0, 'b10902033': 1101.0})
community cards of this round: ['SK', 'H9', 'C6', 'D5', 'H6']
name: b11902155, hole_card: ['S7', 'CT']
name: b10902033, hole_card: ['H4', 'C9']
Started the round 10
Street "preflop" started. (community card = [])
name: b11902155, hole_card: ['S7', 'CT']
name: b10902033, hole_card: ['H4', 'C9']
"b11902155" declared "raise:20"
name: b11902155, hole_card: ['S7', 'CT']
name: b10902033, hole_card: ['H4', 'C9']
"b10902033" declared "fold:0"
"['b11902155']" won the round 10 (stack = {'b11902155': 909.0, 'b10902033': 1091.0})
community cards of this round: ['H2', 'C4', 'SA', 'CK', 'D7']
name: b11902155, hole_card: ['CA', 'H5']
name: b10902033, hole_card: ['C3', 'D6']
Started the round 11
Street "preflop" started. (community card = [])
name: b11902155, hole_card: ['CA', 'H5']
name: b10902033, hole_card: ['C3', 'D6']
"b10902033" declared "fold:0"
"['b11902155']" won the round 11 (stack = {'b11902155': 914.0, 'b10902033': 1086.0})
community cards of this round: ['CA', 'C7', 'D4', 'H6', 'C9']
name: b11902155, hole_card: ['C8', 'C4']
name: b10902033, hole_card: ['DQ', 'S6']
Started the round 12
Street "preflop" started. (community card = [])
name: b11902155, hole_card: ['C8', 'C4']
name: b10902033, hole_card: ['DQ', 'S6']
"b11902155" declared "raise:20"
name: b11902155, hole_card: ['C8', 'C4']
name: b10902033, hole_card: ['DQ', 'S6']
"b10902033" declared "fold:0"
"['b11902155']" won the round 12 (stack = {'b11902155': 924.0, 'b10902033': 1076.0})
community cards of this round: ['D9', 'CJ', 'HA', 'C2', 'HQ']
name: b11902155, hole_card: ['S5', 'D2']
name: b10902033, hole_card: ['SA', 'D8']
Started the round 13
Street "preflop" started. (community card = [])
name: b11902155, hole_card: ['S5', 'D2']
name: b10902033, hole_card: ['SA', 'D8']
"b10902033" declared "fold:0"
"['b11902155']" won the round 13 (stack = {'b11902155': 929.0, 'b10902033': 1071.0})
community cards of this round: ['C4', 'H3', 'C8', 'S7', 'DJ']
name: b11902155, hole_card: ['D2', 'S9']
name: b10902033, hole_card: ['H4', 'C5']
Started the round 14
Street "preflop" started. (community card = [])
name: b11902155, hole_card: ['D2', 'S9']
name: b10902033, hole_card: ['H4', 'C5']
"b11902155" declared "raise:20"
name: b11902155, hole_card: ['D2', 'S9']
name: b10902033, hole_card: ['H4', 'C5']
"b10902033" declared "fold:0"
"['b11902155']" won the round 14 (stack = {'b11902155': 939.0, 'b10902033': 1061.0})
community cards of this round: ['D6', 'S4', 'D8', 'HQ', 'DQ']
name: b11902155, hole_card: ['DT', 'DA']
name: b10902033, hole_card: ['HT', 'SJ']
Started the round 15
Street "preflop" started. (community card = [])
name: b11902155, hole_card: ['DT', 'DA']
name: b10902033, hole_card: ['HT', 'SJ']
"b10902033" declared "fold:0"
"['b11902155']" won the round 15 (stack = {'b11902155': 944.0, 'b10902033': 1056.0})
community cards of this round: ['C8', 'D3', 'DQ', 'S3', 'SA']
name: b11902155, hole_card: ['C7', 'H2']
name: b10902033, hole_card: ['D7', 'C6']
Started the round 16
Street "preflop" started. (community card = [])
name: b11902155, hole_card: ['C7', 'H2']
name: b10902033, hole_card: ['D7', 'C6']
"b11902155" declared "raise:20"
name: b11902155, hole_card: ['C7', 'H2']
name: b10902033, hole_card: ['D7', 'C6']
"b10902033" declared "fold:0"
"['b11902155']" won the round 16 (stack = {'b11902155': 954.0, 'b10902033': 1046.0})
community cards of this round: ['HT', 'C4', 'D8', 'ST', 'C9']
name: b11902155, hole_card: ['C5', 'C3']
name: b10902033, hole_card: ['C6', 'H9']
Started the round 17
Street "preflop" started. (community card = [])
name: b11902155, hole_card: ['C5', 'C3']
name: b10902033, hole_card: ['C6', 'H9']
"b10902033" declared "fold:0"
"['b11902155']" won the round 17 (stack = {'b11902155': 959.0, 'b10902033': 1041.0})
community cards of this round: ['HA', 'HJ', 'S4', 'S6', 'CQ']
name: b11902155, hole_card: ['D6', 'C8']
name: b10902033, hole_card: ['HQ', 'H9']
Started the round 18
Street "preflop" started. (community card = [])
name: b11902155, hole_card: ['D6', 'C8']
name: b10902033, hole_card: ['HQ', 'H9']
"b11902155" declared "raise:20"
name: b11902155, hole_card: ['D6', 'C8']
name: b10902033, hole_card: ['HQ', 'H9']
"b10902033" declared "fold:0"
"['b11902155']" won the round 18 (stack = {'b11902155': 969.0, 'b10902033': 1031.0})
community cards of this round: ['S3', 'C7', 'H7', 'C3', 'C9']
name: b11902155, hole_card: ['D4', 'DK']
name: b10902033, hole_card: ['S4', 'ST']
Started the round 19
Street "preflop" started. (community card = [])
name: b11902155, hole_card: ['D4', 'DK']
name: b10902033, hole_card: ['S4', 'ST']
"b10902033" declared "fold:0"
"['b11902155']" won the round 19 (stack = {'b11902155': 974.0, 'b10902033': 1026.0})
community cards of this round: ['C8', 'D3', 'DT', 'D7', 'CK']
name: b11902155, hole_card: ['CA', 'SJ']
name: b10902033, hole_card: ['S4', 'H4']
Started the round 20
Street "preflop" started. (community card = [])
name: b11902155, hole_card: ['CA', 'SJ']
name: b10902033, hole_card: ['S4', 'H4']
"b11902155" declared "raise:20"
name: b11902155, hole_card: ['CA', 'SJ']
name: b10902033, hole_card: ['S4', 'H4']
"b10902033" declared "fold:0"
"['b11902155']" won the round 20 (stack = {'b11902155': 984.0, 'b10902033': 1016.0})
b10902033 vs b11902155 - Game 1: {'rule': {'initial_stack': 1000, 'max_round': 20, 'small_blind_amount': 5, 'ante': 0, 'blind_structure': {}}, 'players': [{'name': 'b11902155', 'uuid': 'tnqpsucctlpwrenejnhmjf', 'stack': 984.0, 'state': 'participating'}, {'name': 'b10902033', 'uuid': 'yqopqngzysyvslurdrtwcy', 'stack': 1016.0, 'state': 'participating'}]}
community cards of this round: ['DT', 'S7', 'HQ', 'SQ', 'CA']
name: b10902033, hole_card: ['D4', 'CJ']
name: b11902155, hole_card: ['C6', 'H6']
Started the round 1
Street "preflop" started. (community card = [])
name: b10902033, hole_card: ['D4', 'CJ']
name: b11902155, hole_card: ['C6', 'H6']
"b11902155" declared "raise:20"
name: b10902033, hole_card: ['D4', 'CJ']
name: b11902155, hole_card: ['C6', 'H6']
"b10902033" declared "call:20"
Street "flop" started. (community card = ['DT', 'S7', 'HQ'])
name: b10902033, hole_card: ['D4', 'CJ']
name: b11902155, hole_card: ['C6', 'H6']
"b11902155" declared "raise:20"
name: b10902033, hole_card: ['D4', 'CJ']
name: b11902155, hole_card: ['C6', 'H6']
"b10902033" declared "fold:0"
"['b11902155']" won the round 1 (stack = {'b10902033': 980, 'b11902155': 1020})
community cards of this round: ['HJ', 'DK', 'S6', 'S9', 'S5']
name: b10902033, hole_card: ['S8', 'CT']
name: b11902155, hole_card: ['CA', 'C8']
Started the round 2
Street "preflop" started. (community card = [])
name: b10902033, hole_card: ['S8', 'CT']
name: b11902155, hole_card: ['CA', 'C8']
"b10902033" declared "call:10"
name: b10902033, hole_card: ['S8', 'CT']
name: b11902155, hole_card: ['CA', 'C8']
"b11902155" declared "raise:20"
name: b10902033, hole_card: ['S8', 'CT']
name: b11902155, hole_card: ['CA', 'C8']
"b10902033" declared "call:20"
Street "flop" started. (community card = ['HJ', 'DK', 'S6'])
name: b10902033, hole_card: ['S8', 'CT']
name: b11902155, hole_card: ['CA', 'C8']
"b10902033" declared "call:0"
name: b10902033, hole_card: ['S8', 'CT']
name: b11902155, hole_card: ['CA', 'C8']
"b11902155" declared "raise:20"
name: b10902033, hole_card: ['S8', 'CT']
name: b11902155, hole_card: ['CA', 'C8']
"b10902033" declared "call:20"
Street "turn" started. (community card = ['HJ', 'DK', 'S6', 'S9'])
name: b10902033, hole_card: ['S8', 'CT']
name: b11902155, hole_card: ['CA', 'C8']
"b10902033" declared "call:0"
name: b10902033, hole_card: ['S8', 'CT']
name: b11902155, hole_card: ['CA', 'C8']
"b11902155" declared "raise:20"
name: b10902033, hole_card: ['S8', 'CT']
name: b11902155, hole_card: ['CA', 'C8']
"b10902033" declared "raise:40"
name: b10902033, hole_card: ['S8', 'CT']
name: b11902155, hole_card: ['CA', 'C8']
"b11902155" declared "call:40"
Street "river" started. (community card = ['HJ', 'DK', 'S6', 'S9', 'S5'])
name: b10902033, hole_card: ['S8', 'CT']
name: b11902155, hole_card: ['CA', 'C8']
"b10902033" declared "call:0"
name: b10902033, hole_card: ['S8', 'CT']
name: b11902155, hole_card: ['CA', 'C8']
"b11902155" declared "raise:20"
name: b10902033, hole_card: ['S8', 'CT']
name: b11902155, hole_card: ['CA', 'C8']
"b10902033" declared "fold:0"
"['b11902155']" won the round 2 (stack = {'b10902033': 900, 'b11902155': 1100})
community cards of this round: ['S5', 'SK', 'HK', 'D5', 'H9']
name: b10902033, hole_card: ['HQ', 'H6']
name: b11902155, hole_card: ['H5', 'C8']
Started the round 3
Street "preflop" started. (community card = [])
name: b10902033, hole_card: ['HQ', 'H6']
name: b11902155, hole_card: ['H5', 'C8']
"b11902155" declared "raise:20"
name: b10902033, hole_card: ['HQ', 'H6']
name: b11902155, hole_card: ['H5', 'C8']
"b10902033" declared "call:20"
Street "flop" started. (community card = ['S5', 'SK', 'HK'])
name: b10902033, hole_card: ['HQ', 'H6']
name: b11902155, hole_card: ['H5', 'C8']
"b11902155" declared "raise:20"
name: b10902033, hole_card: ['HQ', 'H6']
name: b11902155, hole_card: ['H5', 'C8']
"b10902033" declared "call:20"
Street "turn" started. (community card = ['S5', 'SK', 'HK', 'D5'])
name: b10902033, hole_card: ['HQ', 'H6']
name: b11902155, hole_card: ['H5', 'C8']
"b11902155" declared "raise:20"
name: b10902033, hole_card: ['HQ', 'H6']
name: b11902155, hole_card: ['H5', 'C8']
"b10902033" declared "raise:40"
name: b10902033, hole_card: ['HQ', 'H6']
name: b11902155, hole_card: ['H5', 'C8']
"b11902155" declared "raise:120"
name: b10902033, hole_card: ['HQ', 'H6']
name: b11902155, hole_card: ['H5', 'C8']
"b10902033" declared "raise:200"
name: b10902033, hole_card: ['HQ', 'H6']
name: b11902155, hole_card: ['H5', 'C8']
"b11902155" declared "raise:560"
name: b10902033, hole_card: ['HQ', 'H6']
name: b11902155, hole_card: ['H5', 'C8']
"b10902033" declared "fold:0"
"['b11902155']" won the round 3 (stack = {'b10902033': 660, 'b11902155': 1340})
community cards of this round: ['S4', 'HQ', 'C8', 'SA', 'D9']
name: b10902033, hole_card: ['HT', 'H7']
name: b11902155, hole_card: ['D8', 'D4']
Started the round 4
Street "preflop" started. (community card = [])
name: b10902033, hole_card: ['HT', 'H7']
name: b11902155, hole_card: ['D8', 'D4']
"b10902033" declared "call:10"
name: b10902033, hole_card: ['HT', 'H7']
name: b11902155, hole_card: ['D8', 'D4']
"b11902155" declared "fold:0"
"['b10902033']" won the round 4 (stack = {'b10902033': 670, 'b11902155': 1330})
community cards of this round: ['D3', 'D6', 'S6', 'H6', 'SA']
name: b10902033, hole_card: ['S8', 'C8']
name: b11902155, hole_card: ['C5', 'HK']
Started the round 5
Street "preflop" started. (community card = [])
name: b10902033, hole_card: ['S8', 'C8']
name: b11902155, hole_card: ['C5', 'HK']
"b11902155" declared "fold:0"
"['b10902033']" won the round 5 (stack = {'b10902033': 675, 'b11902155': 1325})
community cards of this round: ['C3', 'C2', 'HJ', 'D7', 'H3']
name: b10902033, hole_card: ['D5', 'C7']
name: b11902155, hole_card: ['D2', 'CA']
Started the round 6
Street "preflop" started. (community card = [])
name: b10902033, hole_card: ['D5', 'C7']
name: b11902155, hole_card: ['D2', 'CA']
"b10902033" declared "call:10"
name: b10902033, hole_card: ['D5', 'C7']
name: b11902155, hole_card: ['D2', 'CA']
"b11902155" declared "fold:0"
"['b10902033']" won the round 6 (stack = {'b10902033': 685, 'b11902155': 1315})
community cards of this round: ['DT', 'DJ', 'S8', 'D9', 'H5']
name: b10902033, hole_card: ['DQ', 'ST']
name: b11902155, hole_card: ['S6', 'H7']
Started the round 7
Street "preflop" started. (community card = [])
name: b10902033, hole_card: ['DQ', 'ST']
name: b11902155, hole_card: ['S6', 'H7']
"b11902155" declared "fold:0"
"['b10902033']" won the round 7 (stack = {'b10902033': 690, 'b11902155': 1310})
community cards of this round: ['HQ', 'C4', 'S6', 'H2', 'H9']
name: b10902033, hole_card: ['DQ', 'C6']
name: b11902155, hole_card: ['C3', 'C9']
Started the round 8
Street "preflop" started. (community card = [])
name: b10902033, hole_card: ['DQ', 'C6']
name: b11902155, hole_card: ['C3', 'C9']
"b10902033" declared "call:10"
name: b10902033, hole_card: ['DQ', 'C6']
name: b11902155, hole_card: ['C3', 'C9']
"b11902155" declared "fold:0"
"['b10902033']" won the round 8 (stack = {'b10902033': 700, 'b11902155': 1300})
community cards of this round: ['D6', 'S3', 'CT', 'H4', 'CQ']
name: b10902033, hole_card: ['HQ', 'S4']
name: b11902155, hole_card: ['C9', 'D5']
Started the round 9
Street "preflop" started. (community card = [])
name: b10902033, hole_card: ['HQ', 'S4']
name: b11902155, hole_card: ['C9', 'D5']
"b11902155" declared "fold:0"
"['b10902033']" won the round 9 (stack = {'b10902033': 705, 'b11902155': 1295})
community cards of this round: ['SK', 'H9', 'C6', 'D5', 'H6']
name: b10902033, hole_card: ['S7', 'CT']
name: b11902155, hole_card: ['H4', 'C9']
Started the round 10
Street "preflop" started. (community card = [])
name: b10902033, hole_card: ['S7', 'CT']
name: b11902155, hole_card: ['H4', 'C9']
"b10902033" declared "call:10"
name: b10902033, hole_card: ['S7', 'CT']
name: b11902155, hole_card: ['H4', 'C9']
"b11902155" declared "fold:0"
"['b10902033']" won the round 10 (stack = {'b10902033': 715, 'b11902155': 1285})
community cards of this round: ['H2', 'C4', 'SA', 'CK', 'D7']
name: b10902033, hole_card: ['CA', 'H5']
name: b11902155, hole_card: ['C3', 'D6']
Started the round 11
Street "preflop" started. (community card = [])
name: b10902033, hole_card: ['CA', 'H5']
name: b11902155, hole_card: ['C3', 'D6']
"b11902155" declared "fold:0"
"['b10902033']" won the round 11 (stack = {'b10902033': 720, 'b11902155': 1280})
community cards of this round: ['CA', 'C7', 'D4', 'H6', 'C9']
name: b10902033, hole_card: ['C8', 'C4']
name: b11902155, hole_card: ['DQ', 'S6']
Started the round 12
Street "preflop" started. (community card = [])
name: b10902033, hole_card: ['C8', 'C4']
name: b11902155, hole_card: ['DQ', 'S6']
"b10902033" declared "call:10"
name: b10902033, hole_card: ['C8', 'C4']
name: b11902155, hole_card: ['DQ', 'S6']
"b11902155" declared "fold:0"
"['b10902033']" won the round 12 (stack = {'b10902033': 730, 'b11902155': 1270})
community cards of this round: ['D9', 'CJ', 'HA', 'C2', 'HQ']
name: b10902033, hole_card: ['S5', 'D2']
name: b11902155, hole_card: ['SA', 'D8']
Started the round 13
Street "preflop" started. (community card = [])
name: b10902033, hole_card: ['S5', 'D2']
name: b11902155, hole_card: ['SA', 'D8']
"b11902155" declared "fold:0"
"['b10902033']" won the round 13 (stack = {'b10902033': 735, 'b11902155': 1265})
community cards of this round: ['C4', 'H3', 'C8', 'S7', 'DJ']
name: b10902033, hole_card: ['D2', 'S9']
name: b11902155, hole_card: ['H4', 'C5']
Started the round 14
Street "preflop" started. (community card = [])
name: b10902033, hole_card: ['D2', 'S9']
name: b11902155, hole_card: ['H4', 'C5']
"b10902033" declared "call:10"
name: b10902033, hole_card: ['D2', 'S9']
name: b11902155, hole_card: ['H4', 'C5']
"b11902155" declared "fold:0"
"['b10902033']" won the round 14 (stack = {'b10902033': 745, 'b11902155': 1255})
community cards of this round: ['D6', 'S4', 'D8', 'HQ', 'DQ']
name: b10902033, hole_card: ['DT', 'DA']
name: b11902155, hole_card: ['HT', 'SJ']
Started the round 15
Street "preflop" started. (community card = [])
name: b10902033, hole_card: ['DT', 'DA']
name: b11902155, hole_card: ['HT', 'SJ']
"b11902155" declared "fold:0"
"['b10902033']" won the round 15 (stack = {'b10902033': 750, 'b11902155': 1250})
community cards of this round: ['C8', 'D3', 'DQ', 'S3', 'SA']
name: b10902033, hole_card: ['C7', 'H2']
name: b11902155, hole_card: ['D7', 'C6']
Started the round 16
Street "preflop" started. (community card = [])
name: b10902033, hole_card: ['C7', 'H2']
name: b11902155, hole_card: ['D7', 'C6']
"b10902033" declared "call:10"
name: b10902033, hole_card: ['C7', 'H2']
name: b11902155, hole_card: ['D7', 'C6']
"b11902155" declared "fold:0"
"['b10902033']" won the round 16 (stack = {'b10902033': 760, 'b11902155': 1240})
community cards of this round: ['HT', 'C4', 'D8', 'ST', 'C9']
name: b10902033, hole_card: ['C5', 'C3']
name: b11902155, hole_card: ['C6', 'H9']
Started the round 17
Street "preflop" started. (community card = [])
name: b10902033, hole_card: ['C5', 'C3']
name: b11902155, hole_card: ['C6', 'H9']
"b11902155" declared "fold:0"
"['b10902033']" won the round 17 (stack = {'b10902033': 765, 'b11902155': 1235})
community cards of this round: ['HA', 'HJ', 'S4', 'S6', 'CQ']
name: b10902033, hole_card: ['D6', 'C8']
name: b11902155, hole_card: ['HQ', 'H9']
Started the round 18
Street "preflop" started. (community card = [])
name: b10902033, hole_card: ['D6', 'C8']
name: b11902155, hole_card: ['HQ', 'H9']
"b10902033" declared "call:10"
name: b10902033, hole_card: ['D6', 'C8']
name: b11902155, hole_card: ['HQ', 'H9']
"b11902155" declared "fold:0"
"['b10902033']" won the round 18 (stack = {'b10902033': 775, 'b11902155': 1225})
community cards of this round: ['S3', 'C7', 'H7', 'C3', 'C9']
name: b10902033, hole_card: ['D4', 'DK']
name: b11902155, hole_card: ['S4', 'ST']
Started the round 19
Street "preflop" started. (community card = [])
name: b10902033, hole_card: ['D4', 'DK']
name: b11902155, hole_card: ['S4', 'ST']
"b11902155" declared "fold:0"
"['b10902033']" won the round 19 (stack = {'b10902033': 780, 'b11902155': 1220})
community cards of this round: ['C8', 'D3', 'DT', 'D7', 'CK']
name: b10902033, hole_card: ['CA', 'SJ']
name: b11902155, hole_card: ['S4', 'H4']
Started the round 20
Street "preflop" started. (community card = [])
name: b10902033, hole_card: ['CA', 'SJ']
name: b11902155, hole_card: ['S4', 'H4']
"b10902033" declared "call:10"
name: b10902033, hole_card: ['CA', 'SJ']
name: b11902155, hole_card: ['S4', 'H4']
"b11902155" declared "fold:0"
"['b10902033']" won the round 20 (stack = {'b10902033': 790, 'b11902155': 1210})
b10902033 vs b11902155 - Game 2: {'rule': {'initial_stack': 1000, 'max_round': 20, 'small_blind_amount': 5, 'ante': 0, 'blind_structure': {}}, 'players': [{'name': 'b10902033', 'uuid': 'kkskcrckcekkkszxbfyeqj', 'stack': 790, 'state': 'participating'}, {'name': 'b11902155', 'uuid': 'oqrlgdmepoeqvafnodhrck', 'stack': 1210, 'state': 'participating'}]}
community cards of this round: ['C2', 'C8', 'HK', 'H6', 'CA']
name: b11902155, hole_card: ['H8', 'S7']
name: b10902033, hole_card: ['DA', 'H5']
Started the round 1
Street "preflop" started. (community card = [])
name: b11902155, hole_card: ['H8', 'S7']
name: b10902033, hole_card: ['DA', 'H5']
"b10902033" declared "call:10"
name: b11902155, hole_card: ['H8', 'S7']
name: b10902033, hole_card: ['DA', 'H5']
"b11902155" declared "raise:20"
name: b11902155, hole_card: ['H8', 'S7']
name: b10902033, hole_card: ['DA', 'H5']
"b10902033" declared "call:20"
Street "flop" started. (community card = ['C2', 'C8', 'HK'])
name: b11902155, hole_card: ['H8', 'S7']
name: b10902033, hole_card: ['DA', 'H5']
"b10902033" declared "call:0"
name: b11902155, hole_card: ['H8', 'S7']
name: b10902033, hole_card: ['DA', 'H5']
"b11902155" declared "raise:20"
name: b11902155, hole_card: ['H8', 'S7']
name: b10902033, hole_card: ['DA', 'H5']
"b10902033" declared "fold:0"
"['b11902155']" won the round 1 (stack = {'b11902155': 1020, 'b10902033': 980})
community cards of this round: ['H7', 'ST', 'CQ', 'D3', 'C6']
name: b11902155, hole_card: ['HA', 'CJ']
name: b10902033, hole_card: ['S3', 'S8']
Started the round 2
Street "preflop" started. (community card = [])
name: b11902155, hole_card: ['HA', 'CJ']
name: b10902033, hole_card: ['S3', 'S8']
"b11902155" declared "raise:20"
name: b11902155, hole_card: ['HA', 'CJ']
name: b10902033, hole_card: ['S3', 'S8']
"b10902033" declared "call:20"
Street "flop" started. (community card = ['H7', 'ST', 'CQ'])
name: b11902155, hole_card: ['HA', 'CJ']
name: b10902033, hole_card: ['S3', 'S8']
"b11902155" declared "raise:20"
name: b11902155, hole_card: ['HA', 'CJ']
name: b10902033, hole_card: ['S3', 'S8']
"b10902033" declared "fold:0"
"['b11902155']" won the round 2 (stack = {'b11902155': 1040, 'b10902033': 960})
community cards of this round: ['C4', 'H5', 'SK', 'H9', 'SA']
name: b11902155, hole_card: ['C3', 'DJ']
name: b10902033, hole_card: ['S6', 'HJ']
Started the round 3
Street "preflop" started. (community card = [])
name: b11902155, hole_card: ['C3', 'DJ']
name: b10902033, hole_card: ['S6', 'HJ']
"b10902033" declared "call:10"
name: b11902155, hole_card: ['C3', 'DJ']
name: b10902033, hole_card: ['S6', 'HJ']
"b11902155" declared "raise:20"
name: b11902155, hole_card: ['C3', 'DJ']
name: b10902033, hole_card: ['S6', 'HJ']
"b10902033" declared "call:20"
Street "flop" started. (community card = ['C4', 'H5', 'SK'])
name: b11902155, hole_card: ['C3', 'DJ']
name: b10902033, hole_card: ['S6', 'HJ']
"b10902033" declared "call:0"
name: b11902155, hole_card: ['C3', 'DJ']
name: b10902033, hole_card: ['S6', 'HJ']
"b11902155" declared "raise:20"
name: b11902155, hole_card: ['C3', 'DJ']
name: b10902033, hole_card: ['S6', 'HJ']
"b10902033" declared "fold:0"
"['b11902155']" won the round 3 (stack = {'b11902155': 1060, 'b10902033': 940})
community cards of this round: ['DJ', 'D8', 'HK', 'DA', 'S7']
name: b11902155, hole_card: ['D4', 'D7']
name: b10902033, hole_card: ['D6', 'HT']
Started the round 4
Street "preflop" started. (community card = [])
name: b11902155, hole_card: ['D4', 'D7']
name: b10902033, hole_card: ['D6', 'HT']
"b11902155" declared "raise:20"
name: b11902155, hole_card: ['D4', 'D7']
name: b10902033, hole_card: ['D6', 'HT']
"b10902033" declared "call:20"
Street "flop" started. (community card = ['DJ', 'D8', 'HK'])
name: b11902155, hole_card: ['D4', 'D7']
name: b10902033, hole_card: ['D6', 'HT']
"b11902155" declared "raise:20"
name: b11902155, hole_card: ['D4', 'D7']
name: b10902033, hole_card: ['D6', 'HT']
"b10902033" declared "fold:0"
"['b11902155']" won the round 4 (stack = {'b11902155': 1080, 'b10902033': 920})
community cards of this round: ['ST', 'H2', 'S8', 'CQ', 'HK']
name: b11902155, hole_card: ['CA', 'H4']
name: b10902033, hole_card: ['C2', 'C7']
Started the round 5
Street "preflop" started. (community card = [])
name: b11902155, hole_card: ['CA', 'H4']
name: b10902033, hole_card: ['C2', 'C7']
"b10902033" declared "call:10"
name: b11902155, hole_card: ['CA', 'H4']
name: b10902033, hole_card: ['C2', 'C7']
"b11902155" declared "raise:20"
name: b11902155, hole_card: ['CA', 'H4']
name: b10902033, hole_card: ['C2', 'C7']
"b10902033" declared "call:20"
Street "flop" started. (community card = ['ST', 'H2', 'S8'])
name: b11902155, hole_card: ['CA', 'H4']
name: b10902033, hole_card: ['C2', 'C7']
"b10902033" declared "call:0"
name: b11902155, hole_card: ['CA', 'H4']
name: b10902033, hole_card: ['C2', 'C7']
"b11902155" declared "raise:20"
name: b11902155, hole_card: ['CA', 'H4']
name: b10902033, hole_card: ['C2', 'C7']
"b10902033" declared "raise:40"
name: b11902155, hole_card: ['CA', 'H4']
name: b10902033, hole_card: ['C2', 'C7']
"b11902155" declared "call:40"
Street "turn" started. (community card = ['ST', 'H2', 'S8', 'CQ'])
name: b11902155, hole_card: ['CA', 'H4']
name: b10902033, hole_card: ['C2', 'C7']
"b10902033" declared "raise:10"
name: b11902155, hole_card: ['CA', 'H4']
name: b10902033, hole_card: ['C2', 'C7']
"b11902155" declared "raise:20"
name: b11902155, hole_card: ['CA', 'H4']
name: b10902033, hole_card: ['C2', 'C7']
"b10902033" declared "raise:30"
name: b11902155, hole_card: ['CA', 'H4']
name: b10902033, hole_card: ['C2', 'C7']
"b11902155" declared "call:30"
Street "river" started. (community card = ['ST', 'H2', 'S8', 'CQ', 'HK'])
name: b11902155, hole_card: ['CA', 'H4']
name: b10902033, hole_card: ['C2', 'C7']
"b10902033" declared "raise:121.0"
name: b11902155, hole_card: ['CA', 'H4']
name: b10902033, hole_card: ['C2', 'C7']
"b11902155" declared "call:121.0"
"['b10902033']" won the round 5 (stack = {'b11902155': 869.0, 'b10902033': 1131.0})
community cards of this round: ['C3', 'C2', 'S9', 'C7', 'DK']
name: b11902155, hole_card: ['CJ', 'S8']
name: b10902033, hole_card: ['S6', 'HJ']
Started the round 6
Street "preflop" started. (community card = [])
name: b11902155, hole_card: ['CJ', 'S8']
name: b10902033, hole_card: ['S6', 'HJ']
"b11902155" declared "raise:20"
name: b11902155, hole_card: ['CJ', 'S8']
name: b10902033, hole_card: ['S6', 'HJ']
"b10902033" declared "fold:0"
"['b11902155']" won the round 6 (stack = {'b11902155': 879.0, 'b10902033': 1121.0})
community cards of this round: ['S6', 'D8', 'S3', 'D7', 'H9']
name: b11902155, hole_card: ['HQ', 'C7']
name: b10902033, hole_card: ['H5', 'HK']
Started the round 7
Street "preflop" started. (community card = [])
name: b11902155, hole_card: ['HQ', 'C7']
name: b10902033, hole_card: ['H5', 'HK']
"b10902033" declared "fold:0"
"['b11902155']" won the round 7 (stack = {'b11902155': 884.0, 'b10902033': 1116.0})
community cards of this round: ['CQ', 'H6', 'D7', 'C9', 'S7']
name: b11902155, hole_card: ['C2', 'H7']
name: b10902033, hole_card: ['HK', 'H9']
Started the round 8
Street "preflop" started. (community card = [])
name: b11902155, hole_card: ['C2', 'H7']
name: b10902033, hole_card: ['HK', 'H9']
"b11902155" declared "raise:20"
name: b11902155, hole_card: ['C2', 'H7']
name: b10902033, hole_card: ['HK', 'H9']
"b10902033" declared "fold:0"
"['b11902155']" won the round 8 (stack = {'b11902155': 894.0, 'b10902033': 1106.0})
community cards of this round: ['CT', 'H2', 'CA', 'C8', 'HJ']
name: b11902155, hole_card: ['HK', 'S8']
name: b10902033, hole_card: ['C3', 'C7']
Started the round 9
Street "preflop" started. (community card = [])
name: b11902155, hole_card: ['HK', 'S8']
name: b10902033, hole_card: ['C3', 'C7']
"b10902033" declared "fold:0"
"['b11902155']" won the round 9 (stack = {'b11902155': 899.0, 'b10902033': 1101.0})
community cards of this round: ['DK', 'S9', 'S7', 'HA', 'ST']
name: b11902155, hole_card: ['D4', 'D7']
name: b10902033, hole_card: ['HJ', 'HQ']
Started the round 10
Street "preflop" started. (community card = [])
name: b11902155, hole_card: ['D4', 'D7']
name: b10902033, hole_card: ['HJ', 'HQ']
"b11902155" declared "raise:20"
name: b11902155, hole_card: ['D4', 'D7']
name: b10902033, hole_card: ['HJ', 'HQ']
"b10902033" declared "fold:0"
"['b11902155']" won the round 10 (stack = {'b11902155': 909.0, 'b10902033': 1091.0})
community cards of this round: ['HK', 'S8', 'C3', 'H8', 'DK']
name: b11902155, hole_card: ['S4', 'CQ']
name: b10902033, hole_card: ['CT', 'H3']
Started the round 11
Street "preflop" started. (community card = [])
name: b11902155, hole_card: ['S4', 'CQ']
name: b10902033, hole_card: ['CT', 'H3']
"b10902033" declared "fold:0"
"['b11902155']" won the round 11 (stack = {'b11902155': 914.0, 'b10902033': 1086.0})
community cards of this round: ['HJ', 'S4', 'S5', 'S7', 'H5']
name: b11902155, hole_card: ['SQ', 'DT']
name: b10902033, hole_card: ['H2', 'D4']
Started the round 12
Street "preflop" started. (community card = [])
name: b11902155, hole_card: ['SQ', 'DT']
name: b10902033, hole_card: ['H2', 'D4']
"b11902155" declared "raise:20"
name: b11902155, hole_card: ['SQ', 'DT']
name: b10902033, hole_card: ['H2', 'D4']
"b10902033" declared "fold:0"
"['b11902155']" won the round 12 (stack = {'b11902155': 924.0, 'b10902033': 1076.0})
community cards of this round: ['D7', 'D9', 'SQ', 'CQ', 'D8']
name: b11902155, hole_card: ['CK', 'C3']
name: b10902033, hole_card: ['SA', 'H8']
Started the round 13
Street "preflop" started. (community card = [])
name: b11902155, hole_card: ['CK', 'C3']
name: b10902033, hole_card: ['SA', 'H8']
"b10902033" declared "fold:0"
"['b11902155']" won the round 13 (stack = {'b11902155': 929.0, 'b10902033': 1071.0})
community cards of this round: ['C8', 'S9', 'HQ', 'C6', 'HT']
name: b11902155, hole_card: ['D3', 'H5']
name: b10902033, hole_card: ['S8', 'DK']
Started the round 14
Street "preflop" started. (community card = [])
name: b11902155, hole_card: ['D3', 'H5']
name: b10902033, hole_card: ['S8', 'DK']
"b11902155" declared "raise:20"
name: b11902155, hole_card: ['D3', 'H5']
name: b10902033, hole_card: ['S8', 'DK']
"b10902033" declared "fold:0"
"['b11902155']" won the round 14 (stack = {'b11902155': 939.0, 'b10902033': 1061.0})
community cards of this round: ['DJ', 'S5', 'H4', 'H8', 'HA']
name: b11902155, hole_card: ['DT', 'SJ']
name: b10902033, hole_card: ['S9', 'CQ']
Started the round 15
Street "preflop" started. (community card = [])
name: b11902155, hole_card: ['DT', 'SJ']
name: b10902033, hole_card: ['S9', 'CQ']
"b10902033" declared "fold:0"
"['b11902155']" won the round 15 (stack = {'b11902155': 944.0, 'b10902033': 1056.0})
community cards of this round: ['S9', 'CA', 'ST', 'C5', 'CT']
name: b11902155, hole_card: ['C9', 'D3']
name: b10902033, hole_card: ['C6', 'D5']
Started the round 16
Street "preflop" started. (community card = [])
name: b11902155, hole_card: ['C9', 'D3']
name: b10902033, hole_card: ['C6', 'D5']
"b11902155" declared "raise:20"
name: b11902155, hole_card: ['C9', 'D3']
name: b10902033, hole_card: ['C6', 'D5']
"b10902033" declared "fold:0"
"['b11902155']" won the round 16 (stack = {'b11902155': 954.0, 'b10902033': 1046.0})
community cards of this round: ['S5', 'H5', 'D9', 'DT', 'SA']
name: b11902155, hole_card: ['C9', 'DA']
name: b10902033, hole_card: ['S6', 'ST']
Started the round 17
Street "preflop" started. (community card = [])
name: b11902155, hole_card: ['C9', 'DA']
name: b10902033, hole_card: ['S6', 'ST']
"b10902033" declared "fold:0"
"['b11902155']" won the round 17 (stack = {'b11902155': 959.0, 'b10902033': 1041.0})
community cards of this round: ['D6', 'H5', 'CJ', 'HT', 'SJ']
name: b11902155, hole_card: ['ST', 'HA']
name: b10902033, hole_card: ['H7', 'C7']
Started the round 18
Street "preflop" started. (community card = [])
name: b11902155, hole_card: ['ST', 'HA']
name: b10902033, hole_card: ['H7', 'C7']
"b11902155" declared "raise:20"
name: b11902155, hole_card: ['ST', 'HA']
name: b10902033, hole_card: ['H7', 'C7']
"b10902033" declared "fold:0"
"['b11902155']" won the round 18 (stack = {'b11902155': 969.0, 'b10902033': 1031.0})
community cards of this round: ['H4', 'H6', 'CQ', 'HA', 'DQ']
name: b11902155, hole_card: ['H9', 'S6']
name: b10902033, hole_card: ['CJ', 'D7']
Started the round 19
Street "preflop" started. (community card = [])
name: b11902155, hole_card: ['H9', 'S6']
name: b10902033, hole_card: ['CJ', 'D7']
"b10902033" declared "fold:0"
"['b11902155']" won the round 19 (stack = {'b11902155': 974.0, 'b10902033': 1026.0})
community cards of this round: ['S6', 'C4', 'D8', 'CQ', 'ST']
name: b11902155, hole_card: ['DT', 'H5']
name: b10902033, hole_card: ['S7', 'H2']
Started the round 20
Street "preflop" started. (community card = [])
name: b11902155, hole_card: ['DT', 'H5']
name: b10902033, hole_card: ['S7', 'H2']
"b11902155" declared "raise:20"
name: b11902155, hole_card: ['DT', 'H5']
name: b10902033, hole_card: ['S7', 'H2']
"b10902033" declared "fold:0"
"['b11902155']" won the round 20 (stack = {'b11902155': 984.0, 'b10902033': 1016.0})
b10902033 vs b11902155 - Game 3: {'rule': {'initial_stack': 1000, 'max_round': 20, 'small_blind_amount': 5, 'ante': 0, 'blind_structure': {}}, 'players': [{'name': 'b11902155', 'uuid': 'sfrffwkpieffwkbkjkwefb', 'stack': 984.0, 'state': 'participating'}, {'name': 'b10902033', 'uuid': 'nrpldslnhaoabbfpieadvo', 'stack': 1016.0, 'state': 'participating'}]}
community cards of this round: ['C2', 'C8', 'HK', 'H6', 'CA']
name: b10902033, hole_card: ['H8', 'S7']
name: b11902155, hole_card: ['DA', 'H5']
Started the round 1
Street "preflop" started. (community card = [])
name: b10902033, hole_card: ['H8', 'S7']
name: b11902155, hole_card: ['DA', 'H5']
"b11902155" declared "raise:20"
name: b10902033, hole_card: ['H8', 'S7']
name: b11902155, hole_card: ['DA', 'H5']
"b10902033" declared "call:20"
Street "flop" started. (community card = ['C2', 'C8', 'HK'])
name: b10902033, hole_card: ['H8', 'S7']
name: b11902155, hole_card: ['DA', 'H5']
"b11902155" declared "raise:20"
name: b10902033, hole_card: ['H8', 'S7']
name: b11902155, hole_card: ['DA', 'H5']
"b10902033" declared "raise:40"
name: b10902033, hole_card: ['H8', 'S7']
name: b11902155, hole_card: ['DA', 'H5']
"b11902155" declared "call:40"
Street "turn" started. (community card = ['C2', 'C8', 'HK', 'H6'])
name: b10902033, hole_card: ['H8', 'S7']
name: b11902155, hole_card: ['DA', 'H5']
"b11902155" declared "raise:20"
name: b10902033, hole_card: ['H8', 'S7']
name: b11902155, hole_card: ['DA', 'H5']
"b10902033" declared "raise:40"
name: b10902033, hole_card: ['H8', 'S7']
name: b11902155, hole_card: ['DA', 'H5']
"b11902155" declared "call:40"
Street "river" started. (community card = ['C2', 'C8', 'HK', 'H6', 'CA'])
name: b10902033, hole_card: ['H8', 'S7']
name: b11902155, hole_card: ['DA', 'H5']
"b11902155" declared "raise:20"
name: b10902033, hole_card: ['H8', 'S7']
name: b11902155, hole_card: ['DA', 'H5']
"b10902033" declared "raise:41.0"
name: b10902033, hole_card: ['H8', 'S7']
name: b11902155, hole_card: ['DA', 'H5']
"b11902155" declared "raise:264.0"
name: b10902033, hole_card: ['H8', 'S7']
name: b11902155, hole_card: ['DA', 'H5']
"b10902033" declared "call:264.0"
"['b11902155']" won the round 1 (stack = {'b10902033': 636.0, 'b11902155': 1364.0})
community cards of this round: ['H7', 'ST', 'CQ', 'D3', 'C6']
name: b10902033, hole_card: ['HA', 'CJ']
name: b11902155, hole_card: ['S3', 'S8']
Started the round 2
Street "preflop" started. (community card = [])
name: b10902033, hole_card: ['HA', 'CJ']
name: b11902155, hole_card: ['S3', 'S8']
"b10902033" declared "call:10"
name: b10902033, hole_card: ['HA', 'CJ']
name: b11902155, hole_card: ['S3', 'S8']
"b11902155" declared "fold:0"
"['b10902033']" won the round 2 (stack = {'b10902033': 646.0, 'b11902155': 1354.0})
community cards of this round: ['C4', 'H5', 'SK', 'H9', 'SA']
name: b10902033, hole_card: ['C3', 'DJ']
name: b11902155, hole_card: ['S6', 'HJ']
Started the round 3
Street "preflop" started. (community card = [])
name: b10902033, hole_card: ['C3', 'DJ']
name: b11902155, hole_card: ['S6', 'HJ']
"b11902155" declared "fold:0"
"['b10902033']" won the round 3 (stack = {'b10902033': 651.0, 'b11902155': 1349.0})
community cards of this round: ['DJ', 'D8', 'HK', 'DA', 'S7']
name: b10902033, hole_card: ['D4', 'D7']
name: b11902155, hole_card: ['D6', 'HT']
Started the round 4
Street "preflop" started. (community card = [])
name: b10902033, hole_card: ['D4', 'D7']
name: b11902155, hole_card: ['D6', 'HT']
"b10902033" declared "call:10"
name: b10902033, hole_card: ['D4', 'D7']
name: b11902155, hole_card: ['D6', 'HT']
"b11902155" declared "fold:0"
"['b10902033']" won the round 4 (stack = {'b10902033': 661.0, 'b11902155': 1339.0})
community cards of this round: ['ST', 'H2', 'S8', 'CQ', 'HK']
name: b10902033, hole_card: ['CA', 'H4']
name: b11902155, hole_card: ['C2', 'C7']
Started the round 5
Street "preflop" started. (community card = [])
name: b10902033, hole_card: ['CA', 'H4']
name: b11902155, hole_card: ['C2', 'C7']
"b11902155" declared "fold:0"
"['b10902033']" won the round 5 (stack = {'b10902033': 666.0, 'b11902155': 1334.0})
community cards of this round: ['C3', 'C2', 'S9', 'C7', 'DK']
name: b10902033, hole_card: ['CJ', 'S8']
name: b11902155, hole_card: ['S6', 'HJ']
Started the round 6
Street "preflop" started. (community card = [])
name: b10902033, hole_card: ['CJ', 'S8']
name: b11902155, hole_card: ['S6', 'HJ']
"b10902033" declared "call:10"
name: b10902033, hole_card: ['CJ', 'S8']
name: b11902155, hole_card: ['S6', 'HJ']
"b11902155" declared "fold:0"
"['b10902033']" won the round 6 (stack = {'b10902033': 676.0, 'b11902155': 1324.0})
community cards of this round: ['S6', 'D8', 'S3', 'D7', 'H9']
name: b10902033, hole_card: ['HQ', 'C7']
name: b11902155, hole_card: ['H5', 'HK']
Started the round 7
Street "preflop" started. (community card = [])
name: b10902033, hole_card: ['HQ', 'C7']
name: b11902155, hole_card: ['H5', 'HK']
"b11902155" declared "fold:0"
"['b10902033']" won the round 7 (stack = {'b10902033': 681.0, 'b11902155': 1319.0})
community cards of this round: ['CQ', 'H6', 'D7', 'C9', 'S7']
name: b10902033, hole_card: ['C2', 'H7']
name: b11902155, hole_card: ['HK', 'H9']
Started the round 8
Street "preflop" started. (community card = [])
name: b10902033, hole_card: ['C2', 'H7']
name: b11902155, hole_card: ['HK', 'H9']
"b10902033" declared "call:10"
name: b10902033, hole_card: ['C2', 'H7']
name: b11902155, hole_card: ['HK', 'H9']
"b11902155" declared "fold:0"
"['b10902033']" won the round 8 (stack = {'b10902033': 691.0, 'b11902155': 1309.0})
community cards of this round: ['CT', 'H2', 'CA', 'C8', 'HJ']
name: b10902033, hole_card: ['HK', 'S8']
name: b11902155, hole_card: ['C3', 'C7']
Started the round 9
Street "preflop" started. (community card = [])
name: b10902033, hole_card: ['HK', 'S8']
name: b11902155, hole_card: ['C3', 'C7']
"b11902155" declared "fold:0"
"['b10902033']" won the round 9 (stack = {'b10902033': 696.0, 'b11902155': 1304.0})
community cards of this round: ['DK', 'S9', 'S7', 'HA', 'ST']
name: b10902033, hole_card: ['D4', 'D7']
name: b11902155, hole_card: ['HJ', 'HQ']
Started the round 10
Street "preflop" started. (community card = [])
name: b10902033, hole_card: ['D4', 'D7']
name: b11902155, hole_card: ['HJ', 'HQ']
"b10902033" declared "call:10"
name: b10902033, hole_card: ['D4', 'D7']
name: b11902155, hole_card: ['HJ', 'HQ']
"b11902155" declared "fold:0"
"['b10902033']" won the round 10 (stack = {'b10902033': 706.0, 'b11902155': 1294.0})
community cards of this round: ['HK', 'S8', 'C3', 'H8', 'DK']
name: b10902033, hole_card: ['S4', 'CQ']
name: b11902155, hole_card: ['CT', 'H3']
Started the round 11
Street "preflop" started. (community card = [])
name: b10902033, hole_card: ['S4', 'CQ']
name: b11902155, hole_card: ['CT', 'H3']
"b11902155" declared "fold:0"
"['b10902033']" won the round 11 (stack = {'b10902033': 711.0, 'b11902155': 1289.0})
community cards of this round: ['HJ', 'S4', 'S5', 'S7', 'H5']
name: b10902033, hole_card: ['SQ', 'DT']
name: b11902155, hole_card: ['H2', 'D4']
Started the round 12
Street "preflop" started. (community card = [])
name: b10902033, hole_card: ['SQ', 'DT']
name: b11902155, hole_card: ['H2', 'D4']
"b10902033" declared "call:10"
name: b10902033, hole_card: ['SQ', 'DT']
name: b11902155, hole_card: ['H2', 'D4']
"b11902155" declared "fold:0"
"['b10902033']" won the round 12 (stack = {'b10902033': 721.0, 'b11902155': 1279.0})
community cards of this round: ['D7', 'D9', 'SQ', 'CQ', 'D8']
name: b10902033, hole_card: ['CK', 'C3']
name: b11902155, hole_card: ['SA', 'H8']
Started the round 13
Street "preflop" started. (community card = [])
name: b10902033, hole_card: ['CK', 'C3']
name: b11902155, hole_card: ['SA', 'H8']
"b11902155" declared "fold:0"
"['b10902033']" won the round 13 (stack = {'b10902033': 726.0, 'b11902155': 1274.0})
community cards of this round: ['C8', 'S9', 'HQ', 'C6', 'HT']
name: b10902033, hole_card: ['D3', 'H5']
name: b11902155, hole_card: ['S8', 'DK']
Started the round 14
Street "preflop" started. (community card = [])
name: b10902033, hole_card: ['D3', 'H5']
name: b11902155, hole_card: ['S8', 'DK']
"b10902033" declared "call:10"
name: b10902033, hole_card: ['D3', 'H5']
name: b11902155, hole_card: ['S8', 'DK']
"b11902155" declared "fold:0"
"['b10902033']" won the round 14 (stack = {'b10902033': 736.0, 'b11902155': 1264.0})
community cards of this round: ['DJ', 'S5', 'H4', 'H8', 'HA']
name: b10902033, hole_card: ['DT', 'SJ']
name: b11902155, hole_card: ['S9', 'CQ']
Started the round 15
Street "preflop" started. (community card = [])
name: b10902033, hole_card: ['DT', 'SJ']
name: b11902155, hole_card: ['S9', 'CQ']
"b11902155" declared "fold:0"
"['b10902033']" won the round 15 (stack = {'b10902033': 741.0, 'b11902155': 1259.0})
community cards of this round: ['S9', 'CA', 'ST', 'C5', 'CT']
name: b10902033, hole_card: ['C9', 'D3']
name: b11902155, hole_card: ['C6', 'D5']
Started the round 16
Street "preflop" started. (community card = [])
name: b10902033, hole_card: ['C9', 'D3']
name: b11902155, hole_card: ['C6', 'D5']
"b10902033" declared "call:10"
name: b10902033, hole_card: ['C9', 'D3']
name: b11902155, hole_card: ['C6', 'D5']
"b11902155" declared "fold:0"
"['b10902033']" won the round 16 (stack = {'b10902033': 751.0, 'b11902155': 1249.0})
community cards of this round: ['S5', 'H5', 'D9', 'DT', 'SA']
name: b10902033, hole_card: ['C9', 'DA']
name: b11902155, hole_card: ['S6', 'ST']
Started the round 17
Street "preflop" started. (community card = [])
name: b10902033, hole_card: ['C9', 'DA']
name: b11902155, hole_card: ['S6', 'ST']
"b11902155" declared "fold:0"
"['b10902033']" won the round 17 (stack = {'b10902033': 756.0, 'b11902155': 1244.0})
community cards of this round: ['D6', 'H5', 'CJ', 'HT', 'SJ']
name: b10902033, hole_card: ['ST', 'HA']
name: b11902155, hole_card: ['H7', 'C7']
Started the round 18
Street "preflop" started. (community card = [])
name: b10902033, hole_card: ['ST', 'HA']
name: b11902155, hole_card: ['H7', 'C7']
"b10902033" declared "call:10"
name: b10902033, hole_card: ['ST', 'HA']
name: b11902155, hole_card: ['H7', 'C7']
"b11902155" declared "fold:0"
"['b10902033']" won the round 18 (stack = {'b10902033': 766.0, 'b11902155': 1234.0})
community cards of this round: ['H4', 'H6', 'CQ', 'HA', 'DQ']
name: b10902033, hole_card: ['H9', 'S6']
name: b11902155, hole_card: ['CJ', 'D7']
Started the round 19
Street "preflop" started. (community card = [])
name: b10902033, hole_card: ['H9', 'S6']
name: b11902155, hole_card: ['CJ', 'D7']
"b11902155" declared "fold:0"
"['b10902033']" won the round 19 (stack = {'b10902033': 771.0, 'b11902155': 1229.0})
community cards of this round: ['S6', 'C4', 'D8', 'CQ', 'ST']
name: b10902033, hole_card: ['DT', 'H5']
name: b11902155, hole_card: ['S7', 'H2']
Started the round 20
Street "preflop" started. (community card = [])
name: b10902033, hole_card: ['DT', 'H5']
name: b11902155, hole_card: ['S7', 'H2']
"b10902033" declared "call:10"
name: b10902033, hole_card: ['DT', 'H5']
name: b11902155, hole_card: ['S7', 'H2']
"b11902155" declared "fold:0"
"['b10902033']" won the round 20 (stack = {'b10902033': 781.0, 'b11902155': 1219.0})
b10902033 vs b11902155 - Game 4: {'rule': {'initial_stack': 1000, 'max_round': 20, 'small_blind_amount': 5, 'ante': 0, 'blind_structure': {}}, 'players': [{'name': 'b10902033', 'uuid': 'xeahfdxezcvkhmxnbsdqjp', 'stack': 781.0, 'state': 'participating'}, {'name': 'b11902155', 'uuid': 'nvycdrijuuoeyvkqusegaa', 'stack': 1219.0, 'state': 'participating'}]}
community cards of this round: ['D2', 'H7', 'SK', 'H6', 'SA']
name: b11902155, hole_card: ['C6', 'D6']
name: b10902033, hole_card: ['DK', 'H8']
Started the round 1
Street "preflop" started. (community card = [])
name: b11902155, hole_card: ['C6', 'D6']
name: b10902033, hole_card: ['DK', 'H8']
"b10902033" declared "call:10"
name: b11902155, hole_card: ['C6', 'D6']
name: b10902033, hole_card: ['DK', 'H8']
"b11902155" declared "raise:20"
name: b11902155, hole_card: ['C6', 'D6']
name: b10902033, hole_card: ['DK', 'H8']
"b10902033" declared "call:20"
Street "flop" started. (community card = ['D2', 'H7', 'SK'])
name: b11902155, hole_card: ['C6', 'D6']
name: b10902033, hole_card: ['DK', 'H8']
"b10902033" declared "raise:10"
name: b11902155, hole_card: ['C6', 'D6']
name: b10902033, hole_card: ['DK', 'H8']
"b11902155" declared "raise:20"
name: b11902155, hole_card: ['C6', 'D6']
name: b10902033, hole_card: ['DK', 'H8']
"b10902033" declared "raise:30"
name: b11902155, hole_card: ['C6', 'D6']
name: b10902033, hole_card: ['DK', 'H8']
"b11902155" declared "call:30"
Street "turn" started. (community card = ['D2', 'H7', 'SK', 'H6'])
name: b11902155, hole_card: ['C6', 'D6']
name: b10902033, hole_card: ['DK', 'H8']
"b10902033" declared "raise:10"
name: b11902155, hole_card: ['C6', 'D6']
name: b10902033, hole_card: ['DK', 'H8']
"b11902155" declared "raise:20"
name: b11902155, hole_card: ['C6', 'D6']
name: b10902033, hole_card: ['DK', 'H8']
"b10902033" declared "raise:30"
name: b11902155, hole_card: ['C6', 'D6']
name: b10902033, hole_card: ['DK', 'H8']
"b11902155" declared "raise:80"
name: b11902155, hole_card: ['C6', 'D6']
name: b10902033, hole_card: ['DK', 'H8']
"b10902033" declared "raise:130"
name: b11902155, hole_card: ['C6', 'D6']
name: b10902033, hole_card: ['DK', 'H8']
"b11902155" declared "raise:360"
name: b11902155, hole_card: ['C6', 'D6']
name: b10902033, hole_card: ['DK', 'H8']
"b10902033" declared "call:360"
Street "river" started. (community card = ['D2', 'H7', 'SK', 'H6', 'SA'])
name: b11902155, hole_card: ['C6', 'D6']
name: b10902033, hole_card: ['DK', 'H8']
"b10902033" declared "call:0"
name: b11902155, hole_card: ['C6', 'D6']
name: b10902033, hole_card: ['DK', 'H8']
"b11902155" declared "raise:20"
name: b11902155, hole_card: ['C6', 'D6']
name: b10902033, hole_card: ['DK', 'H8']
"b10902033" declared "call:20"
"['b11902155']" won the round 1 (stack = {'b11902155': 1430, 'b10902033': 570})
community cards of this round: ['S8', 'CQ', 'SQ', 'H9', 'S5']
name: b11902155, hole_card: ['H2', 'S9']
name: b10902033, hole_card: ['DK', 'S3']
Started the round 2
Street "preflop" started. (community card = [])
name: b11902155, hole_card: ['H2', 'S9']
name: b10902033, hole_card: ['DK', 'S3']
"b11902155" declared "fold:0"
"['b10902033']" won the round 2 (stack = {'b11902155': 1425, 'b10902033': 575})
community cards of this round: ['H4', 'DJ', 'H8', 'D7', 'S6']
name: b11902155, hole_card: ['C3', 'S4']
name: b10902033, hole_card: ['S8', 'H7']
Started the round 3
Street "preflop" started. (community card = [])
name: b11902155, hole_card: ['C3', 'S4']
name: b10902033, hole_card: ['S8', 'H7']
"b10902033" declared "call:10"
name: b11902155, hole_card: ['C3', 'S4']
name: b10902033, hole_card: ['S8', 'H7']
"b11902155" declared "fold:0"
"['b10902033']" won the round 3 (stack = {'b11902155': 1415, 'b10902033': 585})
community cards of this round: ['DT', 'S2', 'H7', 'C8', 'D2']
name: b11902155, hole_card: ['C2', 'H2']
name: b10902033, hole_card: ['ST', 'C3']
Started the round 4
Street "preflop" started. (community card = [])
name: b11902155, hole_card: ['C2', 'H2']
name: b10902033, hole_card: ['ST', 'C3']
"b11902155" declared "fold:0"
"['b10902033']" won the round 4 (stack = {'b11902155': 1410, 'b10902033': 590})
community cards of this round: ['D4', 'D5', 'HT', 'HQ', 'S4']
name: b11902155, hole_card: ['H7', 'SJ']
name: b10902033, hole_card: ['D6', 'H4']
Started the round 5
Street "preflop" started. (community card = [])
name: b11902155, hole_card: ['H7', 'SJ']
name: b10902033, hole_card: ['D6', 'H4']
"b10902033" declared "call:10"
name: b11902155, hole_card: ['H7', 'SJ']
name: b10902033, hole_card: ['D6', 'H4']
"b11902155" declared "fold:0"
"['b10902033']" won the round 5 (stack = {'b11902155': 1400, 'b10902033': 600})
community cards of this round: ['D6', 'HK', 'DJ', 'S2', 'C3']
name: b11902155, hole_card: ['HQ', 'CK']
name: b10902033, hole_card: ['S3', 'H7']
Started the round 6
Street "preflop" started. (community card = [])
name: b11902155, hole_card: ['HQ', 'CK']
name: b10902033, hole_card: ['S3', 'H7']
"b11902155" declared "fold:0"
"['b10902033']" won the round 6 (stack = {'b11902155': 1395, 'b10902033': 605})
community cards of this round: ['C2', 'DK', 'CT', 'D7', 'H4']
name: b11902155, hole_card: ['S4', 'C5']
name: b10902033, hole_card: ['C3', 'H6']
Started the round 7
Street "preflop" started. (community card = [])
name: b11902155, hole_card: ['S4', 'C5']
name: b10902033, hole_card: ['C3', 'H6']
"b10902033" declared "call:10"
name: b11902155, hole_card: ['S4', 'C5']
name: b10902033, hole_card: ['C3', 'H6']
"b11902155" declared "fold:0"
"['b10902033']" won the round 7 (stack = {'b11902155': 1385, 'b10902033': 615})
community cards of this round: ['S9', 'D6', 'SA', 'HQ', 'SK']
name: b11902155, hole_card: ['C2', 'D9']
name: b10902033, hole_card: ['D7', 'DA']
Started the round 8
Street "preflop" started. (community card = [])
name: b11902155, hole_card: ['C2', 'D9']
name: b10902033, hole_card: ['D7', 'DA']
"b11902155" declared "fold:0"
"['b10902033']" won the round 8 (stack = {'b11902155': 1380, 'b10902033': 620})
community cards of this round: ['S3', 'CJ', 'SA', 'HT', 'D9']
name: b11902155, hole_card: ['D7', 'CA']
name: b10902033, hole_card: ['SJ', 'S7']
Started the round 9
Street "preflop" started. (community card = [])
name: b11902155, hole_card: ['D7', 'CA']
name: b10902033, hole_card: ['SJ', 'S7']
"b10902033" declared "call:10"
name: b11902155, hole_card: ['D7', 'CA']
name: b10902033, hole_card: ['SJ', 'S7']
"b11902155" declared "fold:0"
"['b10902033']" won the round 9 (stack = {'b11902155': 1370, 'b10902033': 630})
community cards of this round: ['CT', 'D6', 'SQ', 'S4', 'H7']
name: b11902155, hole_card: ['C7', 'H4']
name: b10902033, hole_card: ['S9', 'CA']
Started the round 10
Street "preflop" started. (community card = [])
name: b11902155, hole_card: ['C7', 'H4']
name: b10902033, hole_card: ['S9', 'CA']
"b11902155" declared "fold:0"
"['b10902033']" won the round 10 (stack = {'b11902155': 1365, 'b10902033': 635})
community cards of this round: ['C6', 'DQ', 'D2', 'H7', 'SQ']
name: b11902155, hole_card: ['S2', 'SK']
name: b10902033, hole_card: ['C3', 'H9']
Started the round 11
Street "preflop" started. (community card = [])
name: b11902155, hole_card: ['S2', 'SK']
name: b10902033, hole_card: ['C3', 'H9']
"b10902033" declared "call:10"
name: b11902155, hole_card: ['S2', 'SK']
name: b10902033, hole_card: ['C3', 'H9']
"b11902155" declared "fold:0"
"['b10902033']" won the round 11 (stack = {'b11902155': 1355, 'b10902033': 645})
community cards of this round: ['S5', 'C4', 'C6', 'S4', 'CK']
name: b11902155, hole_card: ['S2', 'H2']
name: b10902033, hole_card: ['DA', 'C8']
Started the round 12
Street "preflop" started. (community card = [])
name: b11902155, hole_card: ['S2', 'H2']
name: b10902033, hole_card: ['DA', 'C8']
"b11902155" declared "fold:0"
"['b10902033']" won the round 12 (stack = {'b11902155': 1350, 'b10902033': 650})
community cards of this round: ['D7', 'D9', 'DJ', 'S2', 'D4']
name: b11902155, hole_card: ['C2', 'C8']
name: b10902033, hole_card: ['HK', 'SJ']
Started the round 13
Street "preflop" started. (community card = [])
name: b11902155, hole_card: ['C2', 'C8']
name: b10902033, hole_card: ['HK', 'SJ']
"b10902033" declared "call:10"
name: b11902155, hole_card: ['C2', 'C8']
name: b10902033, hole_card: ['HK', 'SJ']
"b11902155" declared "fold:0"
"['b10902033']" won the round 13 (stack = {'b11902155': 1340, 'b10902033': 660})
community cards of this round: ['C2', 'D3', 'S8', 'ST', 'D6']
name: b11902155, hole_card: ['DJ', 'SQ']
name: b10902033, hole_card: ['D7', 'C4']
Started the round 14
Street "preflop" started. (community card = [])
name: b11902155, hole_card: ['DJ', 'SQ']
name: b10902033, hole_card: ['D7', 'C4']
"b11902155" declared "fold:0"
"['b10902033']" won the round 14 (stack = {'b11902155': 1335, 'b10902033': 665})
community cards of this round: ['HA', 'D7', 'D3', 'CA', 'CQ']
name: b11902155, hole_card: ['H8', 'SJ']
name: b10902033, hole_card: ['SK', 'DJ']
Started the round 15
Street "preflop" started. (community card = [])
name: b11902155, hole_card: ['H8', 'SJ']
name: b10902033, hole_card: ['SK', 'DJ']
"b10902033" declared "call:10"
name: b11902155, hole_card: ['H8', 'SJ']
name: b10902033, hole_card: ['SK', 'DJ']
"b11902155" declared "fold:0"
"['b10902033']" won the round 15 (stack = {'b11902155': 1325, 'b10902033': 675})
community cards of this round: ['C9', 'HK', 'H8', 'H5', 'C3']
name: b11902155, hole_card: ['SQ', 'S5']
name: b10902033, hole_card: ['ST', 'C4']
Started the round 16
Street "preflop" started. (community card = [])
name: b11902155, hole_card: ['SQ', 'S5']
name: b10902033, hole_card: ['ST', 'C4']
"b11902155" declared "fold:0"
"['b10902033']" won the round 16 (stack = {'b11902155': 1320, 'b10902033': 680})
community cards of this round: ['SK', 'DK', 'S6', 'CQ', 'S7']
name: b11902155, hole_card: ['CK', 'C3']
name: b10902033, hole_card: ['C4', 'C7']
Started the round 17
Street "preflop" started. (community card = [])
name: b11902155, hole_card: ['CK', 'C3']
name: b10902033, hole_card: ['C4', 'C7']
"b10902033" declared "call:10"
name: b11902155, hole_card: ['CK', 'C3']
name: b10902033, hole_card: ['C4', 'C7']
"b11902155" declared "fold:0"
"['b10902033']" won the round 17 (stack = {'b11902155': 1310, 'b10902033': 690})
community cards of this round: ['ST', 'H2', 'S5', 'DK', 'D7']
name: b11902155, hole_card: ['H5', 'H8']
name: b10902033, hole_card: ['CQ', 'CA']
Started the round 18
Street "preflop" started. (community card = [])
name: b11902155, hole_card: ['H5', 'H8']
name: b10902033, hole_card: ['CQ', 'CA']
"b11902155" declared "fold:0"
"['b10902033']" won the round 18 (stack = {'b11902155': 1305, 'b10902033': 695})
community cards of this round: ['HQ', 'C2', 'S6', 'H7', 'S2']
name: b11902155, hole_card: ['SJ', 'CT']
name: b10902033, hole_card: ['C9', 'D8']
Started the round 19
Street "preflop" started. (community card = [])
name: b11902155, hole_card: ['SJ', 'CT']
name: b10902033, hole_card: ['C9', 'D8']
"b10902033" declared "call:10"
name: b11902155, hole_card: ['SJ', 'CT']
name: b10902033, hole_card: ['C9', 'D8']
"b11902155" declared "fold:0"
"['b10902033']" won the round 19 (stack = {'b11902155': 1295, 'b10902033': 705})
community cards of this round: ['CA', 'H3', 'H5', 'S3', 'H9']
name: b11902155, hole_card: ['DT', 'C2']
name: b10902033, hole_card: ['C9', 'S9']
Started the round 20
Street "preflop" started. (community card = [])
name: b11902155, hole_card: ['DT', 'C2']
name: b10902033, hole_card: ['C9', 'S9']
"b11902155" declared "fold:0"
"['b10902033']" won the round 20 (stack = {'b11902155': 1290, 'b10902033': 710})
b10902033 vs b11902155 - Game 5: {'rule': {'initial_stack': 1000, 'max_round': 20, 'small_blind_amount': 5, 'ante': 0, 'blind_structure': {}}, 'players': [{'name': 'b11902155', 'uuid': 'opjzmzemvuozynsvqxcdbu', 'stack': 1290, 'state': 'participating'}, {'name': 'b10902033', 'uuid': 'rjehrmafumhdtapheuvfrt', 'stack': 710, 'state': 'participating'}]}
Final Result: b10902033 won 2 games (stack: 4313.0), b11902155 won 3 games (stack: 5687.0), num ties: 0
