community cards of this round: ['D6', 'H5', 'DA', 'SJ', 'S9']
name: b12901024, hole_card: ['S2', 'D3']
name: b10902012, hole_card: ['HQ', 'CJ']
['HQ', 'CJ']
Started the round 1
Street "preflop" started. (community card = [])
    eval: 52171, range: (10, 0)
name: b12901024, hole_card: ['S2', 'D3']
name: b10902012, hole_card: ['HQ', 'CJ']
"b10902012" declared "call:10"
name: b12901024, hole_card: ['S2', 'D3']
name: b10902012, hole_card: ['HQ', 'CJ']
"b12901024" declared "fold:0"
"['b10902012']" won the round 1 (stack = {'b12901024': 990, 'b10902012': 1010})
community cards of this round: ['H3', 'D7', 'D3', 'H2', 'C5']
name: b12901024, hole_card: ['CT', 'H8']
name: b10902012, hole_card: ['S3', 'DA']
['S3', 'DA']
Started the round 2
Street "preflop" started. (community card = [])
name: b12901024, hole_card: ['CT', 'H8']
name: b10902012, hole_card: ['S3', 'DA']
"b12901024" declared "call:10"
    eval: 58339, range: (10, 0)
name: b12901024, hole_card: ['CT', 'H8']
name: b10902012, hole_card: ['S3', 'DA']
"b10902012" declared "call:10"
Street "flop" started. (community card = ['H3', 'D7', 'D3'])
name: b12901024, hole_card: ['CT', 'H8']
name: b10902012, hole_card: ['S3', 'DA']
"b12901024" declared "raise:60"
0th fold
    eval: 274659, range: (10, 0)
name: b12901024, hole_card: ['CT', 'H8']
name: b10902012, hole_card: ['S3', 'DA']
"b10902012" declared "fold:0"
"['b12901024']" won the round 2 (stack = {'b12901024': 1000, 'b10902012': 1000})
community cards of this round: ['S7', 'S5', 'D4', 'D3', 'SQ']
name: b12901024, hole_card: ['S9', 'H4']
name: b10902012, hole_card: ['DK', 'S8']
['DK', 'S8']
Started the round 3
Street "preflop" started. (community card = [])
    eval: 55512, range: (10, 0)
name: b12901024, hole_card: ['S9', 'H4']
name: b10902012, hole_card: ['DK', 'S8']
"b10902012" declared "call:10"
name: b12901024, hole_card: ['S9', 'H4']
name: b10902012, hole_card: ['DK', 'S8']
"b12901024" declared "fold:0"
"['b10902012']" won the round 3 (stack = {'b12901024': 990, 'b10902012': 1010})
community cards of this round: ['H5', 'CJ', 'H3', 'CA', 'D6']
name: b12901024, hole_card: ['S8', 'S9']
name: b10902012, hole_card: ['HT', 'DQ']
['HT', 'DQ']
Started the round 4
Street "preflop" started. (community card = [])
name: b12901024, hole_card: ['S8', 'S9']
name: b10902012, hole_card: ['HT', 'DQ']
"b12901024" declared "call:10"
    eval: 51914, range: (10, 0)
name: b12901024, hole_card: ['S8', 'S9']
name: b10902012, hole_card: ['HT', 'DQ']
"b10902012" declared "call:10"
Street "flop" started. (community card = ['H5', 'CJ', 'H3'])
name: b12901024, hole_card: ['S8', 'S9']
name: b10902012, hole_card: ['HT', 'DQ']
"b12901024" declared "call:0"
    eval: 51914, range: (5.0, 0)
name: b12901024, hole_card: ['S8', 'S9']
name: b10902012, hole_card: ['HT', 'DQ']
"b10902012" declared "call:0"
Street "turn" started. (community card = ['H5', 'CJ', 'H3', 'CA'])
name: b12901024, hole_card: ['S8', 'S9']
name: b10902012, hole_card: ['HT', 'DQ']
"b12901024" declared "call:0"
    eval: 51914, range: (10, 0)
name: b12901024, hole_card: ['S8', 'S9']
name: b10902012, hole_card: ['HT', 'DQ']
"b10902012" declared "call:0"
Street "river" started. (community card = ['H5', 'CJ', 'H3', 'CA', 'D6'])
name: b12901024, hole_card: ['S8', 'S9']
name: b10902012, hole_card: ['HT', 'DQ']
"b12901024" declared "call:0"
    eval: 51914, range: (10, 0)
name: b12901024, hole_card: ['S8', 'S9']
name: b10902012, hole_card: ['HT', 'DQ']
"b10902012" declared "call:0"
"['b10902012']" won the round 4 (stack = {'b12901024': 980, 'b10902012': 1020})
community cards of this round: ['HA', 'H2', 'S3', 'H8', 'D9']
name: b12901024, hole_card: ['SQ', 'D2']
name: b10902012, hole_card: ['D6', 'DJ']
['D6', 'DJ']
Started the round 5
Street "preflop" started. (community card = [])
    eval: 46774, range: (10, 0)
name: b12901024, hole_card: ['SQ', 'D2']
name: b10902012, hole_card: ['D6', 'DJ']
"b10902012" declared "call:10"
name: b12901024, hole_card: ['SQ', 'D2']
name: b10902012, hole_card: ['D6', 'DJ']
"b12901024" declared "fold:0"
"['b10902012']" won the round 5 (stack = {'b12901024': 970, 'b10902012': 1030})
community cards of this round: ['H4', 'DQ', 'D2', 'CJ', 'SJ']
name: b12901024, hole_card: ['D4', 'H7']
name: b10902012, hole_card: ['S9', 'S8']
['S9', 'S8']
Started the round 6
Street "preflop" started. (community card = [])
name: b12901024, hole_card: ['D4', 'H7']
name: b10902012, hole_card: ['S9', 'S8']
"b12901024" declared "fold:0"
"['b10902012']" won the round 6 (stack = {'b12901024': 965, 'b10902012': 1035})
community cards of this round: ['CA', 'SJ', 'C3', 'S2', 'D2']
name: b12901024, hole_card: ['CK', 'DK']
name: b10902012, hole_card: ['H4', 'HT']
['H4', 'HT']
Started the round 7
Street "preflop" started. (community card = [])
    eval: 42148, range: (10, 0)
name: b12901024, hole_card: ['CK', 'DK']
name: b10902012, hole_card: ['H4', 'HT']
"b10902012" declared "call:10"
name: b12901024, hole_card: ['CK', 'DK']
name: b10902012, hole_card: ['H4', 'HT']
"b12901024" declared "raise:965"
0th fold
    eval: 42148, range: (10, 0)
name: b12901024, hole_card: ['CK', 'DK']
name: b10902012, hole_card: ['H4', 'HT']
"b10902012" declared "fold:0"
"['b12901024']" won the round 7 (stack = {'b12901024': 975, 'b10902012': 1025})
community cards of this round: ['D2', 'C8', 'S3', 'H3', 'S5']
name: b12901024, hole_card: ['H7', 'S8']
name: b10902012, hole_card: ['CA', 'D7']
['CA', 'D7']
Started the round 8
Street "preflop" started. (community card = [])
name: b12901024, hole_card: ['H7', 'S8']
name: b10902012, hole_card: ['CA', 'D7']
"b12901024" declared "call:10"
    eval: 59367, range: (10, 0)
name: b12901024, hole_card: ['H7', 'S8']
name: b10902012, hole_card: ['CA', 'D7']
"b10902012" declared "call:10"
Street "flop" started. (community card = ['D2', 'C8', 'S3'])
name: b12901024, hole_card: ['H7', 'S8']
name: b10902012, hole_card: ['CA', 'D7']
"b12901024" declared "raise:60"
1th fold
    eval: 59367, range: (5.0, 0)
name: b12901024, hole_card: ['H7', 'S8']
name: b10902012, hole_card: ['CA', 'D7']
"b10902012" declared "fold:0"
"['b12901024']" won the round 8 (stack = {'b12901024': 985, 'b10902012': 1015})
community cards of this round: ['H6', 'DK', 'DA', 'HQ', 'S8']
name: b12901024, hole_card: ['C5', 'H5']
name: b10902012, hole_card: ['D9', 'H4']
['D9', 'H4']
Started the round 9
Street "preflop" started. (community card = [])
    eval: 38036, range: (10, 0)
name: b12901024, hole_card: ['C5', 'H5']
name: b10902012, hole_card: ['D9', 'H4']
"b10902012" declared "call:10"
name: b12901024, hole_card: ['C5', 'H5']
name: b10902012, hole_card: ['D9', 'H4']
"b12901024" declared "raise:985"
2th fold
    eval: 38036, range: (10, 0)
name: b12901024, hole_card: ['C5', 'H5']
name: b10902012, hole_card: ['D9', 'H4']
"b10902012" declared "fold:0"
"['b12901024']" won the round 9 (stack = {'b12901024': 995, 'b10902012': 1005})
community cards of this round: ['H5', 'SA', 'C8', 'S5', 'CQ']
name: b12901024, hole_card: ['H4', 'HT']
name: b10902012, hole_card: ['C5', 'H3']
['C5', 'H3']
Started the round 10
Street "preflop" started. (community card = [])
name: b12901024, hole_card: ['H4', 'HT']
name: b10902012, hole_card: ['C5', 'H3']
"b12901024" declared "fold:0"
"['b10902012']" won the round 10 (stack = {'b12901024': 990, 'b10902012': 1010})
community cards of this round: ['S5', 'H6', 'H7', 'CK', 'D5']
name: b12901024, hole_card: ['S7', 'SJ']
name: b10902012, hole_card: ['H4', 'C9']
['H4', 'C9']
Started the round 11
Street "preflop" started. (community card = [])
    eval: 38036, range: (10, 0)
name: b12901024, hole_card: ['S7', 'SJ']
name: b10902012, hole_card: ['H4', 'C9']
"b10902012" declared "call:10"
name: b12901024, hole_card: ['S7', 'SJ']
name: b10902012, hole_card: ['H4', 'C9']
"b12901024" declared "call:10"
Street "flop" started. (community card = ['S5', 'H6', 'H7'])
    eval: 38036, range: (5.0, 0)
name: b12901024, hole_card: ['S7', 'SJ']
name: b10902012, hole_card: ['H4', 'C9']
"b10902012" declared "call:0"
name: b12901024, hole_card: ['S7', 'SJ']
name: b10902012, hole_card: ['H4', 'C9']
"b12901024" declared "raise:60"
    eval: 38036, range: (5.0, 0)
name: b12901024, hole_card: ['S7', 'SJ']
name: b10902012, hole_card: ['H4', 'C9']
"b10902012" declared "call:60"
Street "turn" started. (community card = ['S5', 'H6', 'H7', 'CK'])
    eval: 38036, range: (10, 0)
name: b12901024, hole_card: ['S7', 'SJ']
name: b10902012, hole_card: ['H4', 'C9']
"b10902012" declared "call:0"
name: b12901024, hole_card: ['S7', 'SJ']
name: b10902012, hole_card: ['H4', 'C9']
"b12901024" declared "raise:420"
    eval: 38036, range: (10, 0)
name: b12901024, hole_card: ['S7', 'SJ']
name: b10902012, hole_card: ['H4', 'C9']
"b10902012" declared "call:420"
Street "river" started. (community card = ['S5', 'H6', 'H7', 'CK', 'D5'])
    eval: 86164, range: (10, 0)
name: b12901024, hole_card: ['S7', 'SJ']
name: b10902012, hole_card: ['H4', 'C9']
"b10902012" declared "call:0"
name: b12901024, hole_card: ['S7', 'SJ']
name: b10902012, hole_card: ['H4', 'C9']
"b12901024" declared "raise:500"
    eval: 86164, range: (10, 0)
name: b12901024, hole_card: ['S7', 'SJ']
name: b10902012, hole_card: ['H4', 'C9']
"b10902012" declared "call:500"
"['b12901024']" won the round 11 (stack = {'b12901024': 1980, 'b10902012': 20})
community cards of this round: ['D7', 'DA', 'C3', 'H3', 'CJ']
name: b12901024, hole_card: ['SA', 'D3']
name: b10902012, hole_card: ['S2', 'SJ']
['S2', 'SJ']
Started the round 12
Street "preflop" started. (community card = [])
name: b12901024, hole_card: ['SA', 'D3']
name: b10902012, hole_card: ['S2', 'SJ']
"b12901024" declared "fold:0"
"['b10902012']" won the round 12 (stack = {'b12901024': 1975, 'b10902012': 25})
community cards of this round: ['C6', 'HT', 'C8', 'SJ', 'H6']
name: b12901024, hole_card: ['D2', 'D6']
name: b10902012, hole_card: ['SA', 'S9']
['SA', 'S9']
Started the round 13
Street "preflop" started. (community card = [])
    eval: 59881, range: (10, 0)
name: b12901024, hole_card: ['D2', 'D6']
name: b10902012, hole_card: ['SA', 'S9']
"b10902012" declared "call:10"
name: b12901024, hole_card: ['D2', 'D6']
name: b10902012, hole_card: ['SA', 'S9']
"b12901024" declared "fold:0"
"['b10902012']" won the round 13 (stack = {'b12901024': 1965, 'b10902012': 35})
community cards of this round: ['DJ', 'S3', 'DT', 'H6', 'D8']
name: b12901024, hole_card: ['D6', 'D5']
name: b10902012, hole_card: ['HA', 'CT']
['HA', 'CT']
Started the round 14
Street "preflop" started. (community card = [])
name: b12901024, hole_card: ['D6', 'D5']
name: b10902012, hole_card: ['HA', 'CT']
"b12901024" declared "fold:0"
"['b10902012']" won the round 14 (stack = {'b12901024': 1960, 'b10902012': 40})
community cards of this round: ['H4', 'HA', 'H5', 'D2', 'DT']
name: b12901024, hole_card: ['DK', 'C2']
name: b10902012, hole_card: ['H3', 'SJ']
['H3', 'SJ']
Started the round 15
Street "preflop" started. (community card = [])
    eval: 46003, range: (10, 0)
name: b12901024, hole_card: ['DK', 'C2']
name: b10902012, hole_card: ['H3', 'SJ']
"b10902012" declared "call:10"
name: b12901024, hole_card: ['DK', 'C2']
name: b10902012, hole_card: ['H3', 'SJ']
"b12901024" declared "fold:0"
"['b10902012']" won the round 15 (stack = {'b12901024': 1950, 'b10902012': 50})
community cards of this round: ['HT', 'H6', 'C2', 'D8', 'S7']
name: b12901024, hole_card: ['D3', 'HK']
name: b10902012, hole_card: ['DA', 'HJ']
['DA', 'HJ']
Started the round 16
Street "preflop" started. (community card = [])
name: b12901024, hole_card: ['D3', 'HK']
name: b10902012, hole_card: ['DA', 'HJ']
"b12901024" declared "fold:0"
"['b10902012']" won the round 16 (stack = {'b12901024': 1945, 'b10902012': 55})
community cards of this round: ['H4', 'DJ', 'HT', 'S7', 'S8']
name: b12901024, hole_card: ['HA', 'D4']
name: b10902012, hole_card: ['HK', 'S5']
['HK', 'S5']
Started the round 17
Street "preflop" started. (community card = [])
    eval: 54741, range: (10, 0)
name: b12901024, hole_card: ['HA', 'D4']
name: b10902012, hole_card: ['HK', 'S5']
"b10902012" declared "call:10"
name: b12901024, hole_card: ['HA', 'D4']
name: b10902012, hole_card: ['HK', 'S5']
"b12901024" declared "fold:0"
"['b10902012']" won the round 17 (stack = {'b12901024': 1935, 'b10902012': 65})
community cards of this round: ['SA', 'ST', 'H4', 'CT', 'CJ']
name: b12901024, hole_card: ['HT', 'H6']
name: b10902012, hole_card: ['S7', 'D6']
['S7', 'D6']
Started the round 18
Street "preflop" started. (community card = [])
name: b12901024, hole_card: ['HT', 'H6']
name: b10902012, hole_card: ['S7', 'D6']
"b12901024" declared "call:10"
    eval: 30326, range: (10, 0)
name: b12901024, hole_card: ['HT', 'H6']
name: b10902012, hole_card: ['S7', 'D6']
"b10902012" declared "call:10"
Street "flop" started. (community card = ['SA', 'ST', 'H4'])
name: b12901024, hole_card: ['HT', 'H6']
name: b10902012, hole_card: ['S7', 'D6']
"b12901024" declared "raise:60"
0th fold
    eval: 30326, range: (5.0, 0)
name: b12901024, hole_card: ['HT', 'H6']
name: b10902012, hole_card: ['S7', 'D6']
"b10902012" declared "fold:0"
"['b12901024']" won the round 18 (stack = {'b12901024': 1945, 'b10902012': 55})
community cards of this round: ['H3', 'C9', 'H8', 'C2', 'HT']
name: b12901024, hole_card: ['C7', 'S7']
name: b10902012, hole_card: ['DJ', 'C5']
['DJ', 'C5']
Started the round 19
Street "preflop" started. (community card = [])
    eval: 46517, range: (10, 0)
name: b12901024, hole_card: ['C7', 'S7']
name: b10902012, hole_card: ['DJ', 'C5']
"b10902012" declared "call:10"
name: b12901024, hole_card: ['C7', 'S7']
name: b10902012, hole_card: ['DJ', 'C5']
"b12901024" declared "raise:1945"
name: b12901024, hole_card: ['C7', 'S7']
name: b10902012, hole_card: ['DJ', 'C5']
"b10902012" declared "fold:0"
"['b12901024']" won the round 19 (stack = {'b12901024': 1955, 'b10902012': 45})
community cards of this round: ['DJ', 'H4', 'D7', 'D2', 'S5']
name: b12901024, hole_card: ['D8', 'H5']
name: b10902012, hole_card: ['C7', 'D6']
['C7', 'D6']
Started the round 20
Street "preflop" started. (community card = [])
name: b12901024, hole_card: ['D8', 'H5']
name: b10902012, hole_card: ['C7', 'D6']
"b12901024" declared "fold:0"
"['b10902012']" won the round 20 (stack = {'b12901024': 1950, 'b10902012': 50})
b10902012 vs b12901024 - Game 1: {'rule': {'initial_stack': 1000, 'max_round': 20, 'small_blind_amount': 5, 'ante': 0, 'blind_structure': {}}, 'players': [{'name': 'b12901024', 'uuid': 'glbhqervjdskdeyqsaqaok', 'stack': 1950, 'state': 'participating'}, {'name': 'b10902012', 'uuid': 'ovbavwrbppaxplfvbmkwvi', 'stack': 50, 'state': 'participating'}]}
community cards of this round: ['D6', 'H5', 'DA', 'SJ', 'S9']
name: b10902012, hole_card: ['S2', 'D3']
name: b12901024, hole_card: ['HQ', 'CJ']
['S2', 'D3']
Started the round 1
Street "preflop" started. (community card = [])
name: b10902012, hole_card: ['S2', 'D3']
name: b12901024, hole_card: ['HQ', 'CJ']
"b12901024" declared "raise:1000"
0th fold
    eval: 12850, range: (10, 0)
name: b10902012, hole_card: ['S2', 'D3']
name: b12901024, hole_card: ['HQ', 'CJ']
"b10902012" declared "fold:0"
"['b12901024']" won the round 1 (stack = {'b10902012': 990, 'b12901024': 1010})
community cards of this round: ['H3', 'D7', 'D3', 'H2', 'C5']
name: b10902012, hole_card: ['CT', 'H8']
name: b12901024, hole_card: ['S3', 'DA']
['CT', 'H8']
Started the round 2
Street "preflop" started. (community card = [])
    eval: 43176, range: (10, 0)
name: b10902012, hole_card: ['CT', 'H8']
name: b12901024, hole_card: ['S3', 'DA']
"b10902012" declared "call:10"
name: b10902012, hole_card: ['CT', 'H8']
name: b12901024, hole_card: ['S3', 'DA']
"b12901024" declared "fold:0"
"['b10902012']" won the round 2 (stack = {'b10902012': 1000, 'b12901024': 1000})
community cards of this round: ['S7', 'S5', 'D4', 'D3', 'SQ']
name: b10902012, hole_card: ['S9', 'H4']
name: b12901024, hole_card: ['DK', 'S8']
['S9', 'H4']
Started the round 3
Street "preflop" started. (community card = [])
name: b10902012, hole_card: ['S9', 'H4']
name: b12901024, hole_card: ['DK', 'S8']
"b12901024" declared "call:10"
    eval: 38036, range: (10, 0)
name: b10902012, hole_card: ['S9', 'H4']
name: b12901024, hole_card: ['DK', 'S8']
"b10902012" declared "call:10"
Street "flop" started. (community card = ['S7', 'S5', 'D4'])
name: b10902012, hole_card: ['S9', 'H4']
name: b12901024, hole_card: ['DK', 'S8']
"b12901024" declared "call:0"
    eval: 82068, range: (10, 0)
name: b10902012, hole_card: ['S9', 'H4']
name: b12901024, hole_card: ['DK', 'S8']
"b10902012" declared "call:0"
Street "turn" started. (community card = ['S7', 'S5', 'D4', 'D3'])
name: b10902012, hole_card: ['S9', 'H4']
name: b12901024, hole_card: ['DK', 'S8']
"b12901024" declared "call:0"
    eval: 82068, range: (33.644561571173774, 0)
name: b10902012, hole_card: ['S9', 'H4']
name: b12901024, hole_card: ['DK', 'S8']
"b10902012" declared "call:0"
Street "river" started. (community card = ['S7', 'S5', 'D4', 'D3', 'SQ'])
name: b10902012, hole_card: ['S9', 'H4']
name: b12901024, hole_card: ['DK', 'S8']
"b12901024" declared "call:0"
    eval: 82068, range: (10, 0)
name: b10902012, hole_card: ['S9', 'H4']
name: b12901024, hole_card: ['DK', 'S8']
"b10902012" declared "call:0"
"['b10902012']" won the round 3 (stack = {'b10902012': 1010, 'b12901024': 990})
community cards of this round: ['H5', 'CJ', 'H3', 'CA', 'D6']
name: b10902012, hole_card: ['S8', 'S9']
name: b12901024, hole_card: ['HT', 'DQ']
['S8', 'S9']
Started the round 4
Street "preflop" started. (community card = [])
    eval: 39064, range: (10, 0)
name: b10902012, hole_card: ['S8', 'S9']
name: b12901024, hole_card: ['HT', 'DQ']
"b10902012" declared "call:10"
name: b10902012, hole_card: ['S8', 'S9']
name: b12901024, hole_card: ['HT', 'DQ']
"b12901024" declared "raise:990"
0th fold
    eval: 39064, range: (10, 0)
name: b10902012, hole_card: ['S8', 'S9']
name: b12901024, hole_card: ['HT', 'DQ']
"b10902012" declared "fold:0"
"['b12901024']" won the round 4 (stack = {'b10902012': 1000, 'b12901024': 1000})
community cards of this round: ['HA', 'H2', 'S3', 'H8', 'D9']
name: b10902012, hole_card: ['SQ', 'D2']
name: b12901024, hole_card: ['D6', 'DJ']
['SQ', 'D2']
Started the round 5
Street "preflop" started. (community card = [])
name: b10902012, hole_card: ['SQ', 'D2']
name: b12901024, hole_card: ['D6', 'DJ']
"b12901024" declared "call:10"
    eval: 49858, range: (10, 0)
name: b10902012, hole_card: ['SQ', 'D2']
name: b12901024, hole_card: ['D6', 'DJ']
"b10902012" declared "call:10"
Street "flop" started. (community card = ['HA', 'H2', 'S3'])
name: b10902012, hole_card: ['SQ', 'D2']
name: b12901024, hole_card: ['D6', 'DJ']
"b12901024" declared "call:0"
    eval: 73922, range: (10, 0)
name: b10902012, hole_card: ['SQ', 'D2']
name: b12901024, hole_card: ['D6', 'DJ']
"b10902012" declared "call:0"
Street "turn" started. (community card = ['HA', 'H2', 'S3', 'H8'])
name: b10902012, hole_card: ['SQ', 'D2']
name: b12901024, hole_card: ['D6', 'DJ']
"b12901024" declared "call:0"
    eval: 73922, range: (57.122739107732365, 0)
name: b10902012, hole_card: ['SQ', 'D2']
name: b12901024, hole_card: ['D6', 'DJ']
"b10902012" declared "call:0"
Street "river" started. (community card = ['HA', 'H2', 'S3', 'H8', 'D9'])
name: b10902012, hole_card: ['SQ', 'D2']
name: b12901024, hole_card: ['D6', 'DJ']
"b12901024" declared "call:0"
    eval: 73922, range: (10, 0)
name: b10902012, hole_card: ['SQ', 'D2']
name: b12901024, hole_card: ['D6', 'DJ']
"b10902012" declared "call:0"
"['b10902012']" won the round 5 (stack = {'b10902012': 1010, 'b12901024': 990})
community cards of this round: ['H4', 'DQ', 'D2', 'CJ', 'SJ']
name: b10902012, hole_card: ['D4', 'H7']
name: b12901024, hole_card: ['S9', 'S8']
['D4', 'H7']
Started the round 6
Street "preflop" started. (community card = [])
    eval: 29812, range: (10, 0)
name: b10902012, hole_card: ['D4', 'H7']
name: b12901024, hole_card: ['S9', 'S8']
"b10902012" declared "call:10"
name: b10902012, hole_card: ['D4', 'H7']
name: b12901024, hole_card: ['S9', 'S8']
"b12901024" declared "call:10"
Street "flop" started. (community card = ['H4', 'DQ', 'D2'])
    eval: 82036, range: (10, 0)
name: b10902012, hole_card: ['D4', 'H7']
name: b12901024, hole_card: ['S9', 'S8']
"b10902012" declared "call:0"
name: b10902012, hole_card: ['D4', 'H7']
name: b12901024, hole_card: ['S9', 'S8']
"b12901024" declared "call:0"
Street "turn" started. (community card = ['H4', 'DQ', 'D2', 'CJ'])
    eval: 82036, range: (242.80245444100797, 27.19923520147722)
name: b10902012, hole_card: ['D4', 'H7']
name: b12901024, hole_card: ['S9', 'S8']
"b10902012" declared "raise:27.19923520147722"
name: b10902012, hole_card: ['D4', 'H7']
name: b12901024, hole_card: ['S9', 'S8']
"b12901024" declared "call:27.19923520147722"
Street "river" started. (community card = ['H4', 'DQ', 'D2', 'CJ', 'SJ'])
    eval: 177268, range: (466.747841696261, 27.350778364236387)
name: b10902012, hole_card: ['D4', 'H7']
name: b12901024, hole_card: ['S9', 'S8']
"b10902012" declared "raise:27.350778364236387"
name: b10902012, hole_card: ['D4', 'H7']
name: b12901024, hole_card: ['S9', 'S8']
"b12901024" declared "call:27.350778364236387"
"['b10902012']" won the round 6 (stack = {'b10902012': 1074.4499864342865, 'b12901024': 925.4499864342864})
community cards of this round: ['CA', 'SJ', 'C3', 'S2', 'D2']
name: b10902012, hole_card: ['CK', 'DK']
name: b12901024, hole_card: ['H4', 'HT']
['CK', 'DK']
Started the round 7
Street "preflop" started. (community card = [])
name: b10902012, hole_card: ['CK', 'DK']
name: b12901024, hole_card: ['H4', 'HT']
"b12901024" declared "fold:0"
"['b10902012']" won the round 7 (stack = {'b10902012': 1079.4499864342865, 'b12901024': 920.4499864342864})
community cards of this round: ['D2', 'C8', 'S3', 'H3', 'S5']
name: b10902012, hole_card: ['H7', 'S8']
name: b12901024, hole_card: ['CA', 'D7']
['H7', 'S8']
Started the round 8
Street "preflop" started. (community card = [])
    eval: 34695, range: (10, 0)
name: b10902012, hole_card: ['H7', 'S8']
name: b12901024, hole_card: ['CA', 'D7']
"b10902012" declared "call:10"
name: b10902012, hole_card: ['H7', 'S8']
name: b12901024, hole_card: ['CA', 'D7']
"b12901024" declared "call:10"
Street "flop" started. (community card = ['D2', 'C8', 'S3'])
    eval: 98439, range: (10, 0)
name: b10902012, hole_card: ['H7', 'S8']
name: b12901024, hole_card: ['CA', 'D7']
"b10902012" declared "call:0"
name: b10902012, hole_card: ['H7', 'S8']
name: b12901024, hole_card: ['CA', 'D7']
"b12901024" declared "call:0"
Street "turn" started. (community card = ['D2', 'C8', 'S3', 'H3'])
    eval: 164743, range: (652.927730535992, 60)
name: b10902012, hole_card: ['H7', 'S8']
name: b12901024, hole_card: ['CA', 'D7']
"b10902012" declared "raise:60"
name: b10902012, hole_card: ['H7', 'S8']
name: b12901024, hole_card: ['CA', 'D7']
"b12901024" declared "call:60"
Street "river" started. (community card = ['D2', 'C8', 'S3', 'H3', 'S5'])
    eval: 164743, range: (736.6945608068404, 325.30223601198924)
name: b10902012, hole_card: ['H7', 'S8']
name: b12901024, hole_card: ['CA', 'D7']
"b10902012" declared "raise:325.30223601198924"
name: b10902012, hole_card: ['H7', 'S8']
name: b12901024, hole_card: ['CA', 'D7']
"b12901024" declared "call:325.30223601198924"
"['b10902012']" won the round 8 (stack = {'b10902012': 1474.1477504222973, 'b12901024': 525.1477504222971})
community cards of this round: ['H6', 'DK', 'DA', 'HQ', 'S8']
name: b10902012, hole_card: ['C5', 'H5']
name: b12901024, hole_card: ['D9', 'H4']
['C5', 'H5']
Started the round 9
Street "preflop" started. (community card = [])
name: b10902012, hole_card: ['C5', 'H5']
name: b12901024, hole_card: ['D9', 'H4']
"b12901024" declared "fold:0"
"['b10902012']" won the round 9 (stack = {'b10902012': 1479.1477504222973, 'b12901024': 520.1477504222971})
community cards of this round: ['H5', 'SA', 'C8', 'S5', 'CQ']
name: b10902012, hole_card: ['H4', 'HT']
name: b12901024, hole_card: ['C5', 'H3']
['H4', 'HT']
Started the round 10
Street "preflop" started. (community card = [])
name: b10902012, hole_card: ['H4', 'HT']
name: b12901024, hole_card: ['C5', 'H3']
"b10902012" declared "fold:0"
"['b12901024']" won the round 10 (stack = {'b10902012': 1474.1477504222973, 'b12901024': 525.1477504222971})
community cards of this round: ['S5', 'H6', 'H7', 'CK', 'D5']
name: b10902012, hole_card: ['S7', 'SJ']
name: b12901024, hole_card: ['H4', 'C9']
['S7', 'SJ']
Started the round 11
Street "preflop" started. (community card = [])
name: b10902012, hole_card: ['S7', 'SJ']
name: b12901024, hole_card: ['H4', 'C9']
"b12901024" declared "fold:0"
"['b10902012']" won the round 11 (stack = {'b10902012': 1479.1477504222973, 'b12901024': 520.1477504222971})
community cards of this round: ['D7', 'DA', 'C3', 'H3', 'CJ']
name: b10902012, hole_card: ['SA', 'D3']
name: b12901024, hole_card: ['S2', 'SJ']
['SA', 'D3']
Started the round 12
Street "preflop" started. (community card = [])
name: b10902012, hole_card: ['SA', 'D3']
name: b12901024, hole_card: ['S2', 'SJ']
"b10902012" declared "fold:0"
"['b12901024']" won the round 12 (stack = {'b10902012': 1474.1477504222973, 'b12901024': 525.1477504222971})
community cards of this round: ['C6', 'HT', 'C8', 'SJ', 'H6']
name: b10902012, hole_card: ['D2', 'D6']
name: b12901024, hole_card: ['SA', 'S9']
['D2', 'D6']
Started the round 13
Street "preflop" started. (community card = [])
name: b10902012, hole_card: ['D2', 'D6']
name: b12901024, hole_card: ['SA', 'S9']
"b12901024" declared "call:10"
name: b10902012, hole_card: ['D2', 'D6']
name: b12901024, hole_card: ['SA', 'S9']
"b10902012" declared "fold:0"
"['b12901024']" won the round 13 (stack = {'b10902012': 1464.1477504222973, 'b12901024': 535.1477504222971})
community cards of this round: ['DJ', 'S3', 'DT', 'H6', 'D8']
name: b10902012, hole_card: ['D6', 'D5']
name: b12901024, hole_card: ['HA', 'CT']
['D6', 'D5']
Started the round 14
Street "preflop" started. (community card = [])
name: b10902012, hole_card: ['D6', 'D5']
name: b12901024, hole_card: ['HA', 'CT']
"b10902012" declared "fold:0"
"['b12901024']" won the round 14 (stack = {'b10902012': 1459.1477504222973, 'b12901024': 540.1477504222971})
community cards of this round: ['H4', 'HA', 'H5', 'D2', 'DT']
name: b10902012, hole_card: ['DK', 'C2']
name: b12901024, hole_card: ['H3', 'SJ']
['DK', 'C2']
Started the round 15
Street "preflop" started. (community card = [])
name: b10902012, hole_card: ['DK', 'C2']
name: b12901024, hole_card: ['H3', 'SJ']
"b12901024" declared "fold:0"
"['b10902012']" won the round 15 (stack = {'b10902012': 1464.1477504222973, 'b12901024': 535.1477504222971})
community cards of this round: ['HT', 'H6', 'C2', 'D8', 'S7']
name: b10902012, hole_card: ['D3', 'HK']
name: b12901024, hole_card: ['DA', 'HJ']
['D3', 'HK']
Started the round 16
Street "preflop" started. (community card = [])
name: b10902012, hole_card: ['D3', 'HK']
name: b12901024, hole_card: ['DA', 'HJ']
"b10902012" declared "fold:0"
"['b12901024']" won the round 16 (stack = {'b10902012': 1459.1477504222973, 'b12901024': 540.1477504222971})
community cards of this round: ['H4', 'DJ', 'HT', 'S7', 'S8']
name: b10902012, hole_card: ['HA', 'D4']
name: b12901024, hole_card: ['HK', 'S5']
['HA', 'D4']
Started the round 17
Street "preflop" started. (community card = [])
name: b10902012, hole_card: ['HA', 'D4']
name: b12901024, hole_card: ['HK', 'S5']
"b12901024" declared "fold:0"
"['b10902012']" won the round 17 (stack = {'b10902012': 1464.1477504222973, 'b12901024': 535.1477504222971})
community cards of this round: ['SA', 'ST', 'H4', 'CT', 'CJ']
name: b10902012, hole_card: ['HT', 'H6']
name: b12901024, hole_card: ['S7', 'D6']
['HT', 'H6']
Started the round 18
Street "preflop" started. (community card = [])
name: b10902012, hole_card: ['HT', 'H6']
name: b12901024, hole_card: ['S7', 'D6']
"b10902012" declared "fold:0"
"['b12901024']" won the round 18 (stack = {'b10902012': 1459.1477504222973, 'b12901024': 540.1477504222971})
community cards of this round: ['H3', 'C9', 'H8', 'C2', 'HT']
name: b10902012, hole_card: ['C7', 'S7']
name: b12901024, hole_card: ['DJ', 'C5']
['C7', 'S7']
Started the round 19
Street "preflop" started. (community card = [])
name: b10902012, hole_card: ['C7', 'S7']
name: b12901024, hole_card: ['DJ', 'C5']
"b12901024" declared "fold:0"
"['b10902012']" won the round 19 (stack = {'b10902012': 1464.1477504222973, 'b12901024': 535.1477504222971})
community cards of this round: ['DJ', 'H4', 'D7', 'D2', 'S5']
name: b10902012, hole_card: ['D8', 'H5']
name: b12901024, hole_card: ['C7', 'D6']
['D8', 'H5']
Started the round 20
Street "preflop" started. (community card = [])
name: b10902012, hole_card: ['D8', 'H5']
name: b12901024, hole_card: ['C7', 'D6']
"b10902012" declared "fold:0"
"['b12901024']" won the round 20 (stack = {'b10902012': 1459.1477504222973, 'b12901024': 540.1477504222971})
b10902012 vs b12901024 - Game 2: {'rule': {'initial_stack': 1000, 'max_round': 20, 'small_blind_amount': 5, 'ante': 0, 'blind_structure': {}}, 'players': [{'name': 'b10902012', 'uuid': 'ovlavqviigoewlapwdzune', 'stack': 1459.1477504222973, 'state': 'participating'}, {'name': 'b12901024', 'uuid': 'edaiaeyrlswhpmdvzweywp', 'stack': 540.1477504222971, 'state': 'participating'}]}
community cards of this round: ['H9', 'CK', 'ST', 'HA', 'C3']
name: b12901024, hole_card: ['C7', 'S7']
name: b10902012, hole_card: ['S4', 'C5']
['S4', 'C5']
Started the round 1
Street "preflop" started. (community card = [])
    eval: 21588, range: (10, 0)
name: b12901024, hole_card: ['C7', 'S7']
name: b10902012, hole_card: ['S4', 'C5']
"b10902012" declared "call:10"
name: b12901024, hole_card: ['C7', 'S7']
name: b10902012, hole_card: ['S4', 'C5']
"b12901024" declared "raise:1000"
0th fold
    eval: 21588, range: (10, 0)
name: b12901024, hole_card: ['C7', 'S7']
name: b10902012, hole_card: ['S4', 'C5']
"b10902012" declared "fold:0"
"['b12901024']" won the round 1 (stack = {'b12901024': 1010, 'b10902012': 990})
community cards of this round: ['S8', 'CK', 'SJ', 'C6', 'D2']
name: b12901024, hole_card: ['H5', 'H3']
name: b10902012, hole_card: ['CA', 'C8']
['CA', 'C8']
Started the round 2
Street "preflop" started. (community card = [])
name: b12901024, hole_card: ['H5', 'H3']
name: b10902012, hole_card: ['CA', 'C8']
"b12901024" declared "fold:0"
"['b10902012']" won the round 2 (stack = {'b12901024': 1005, 'b10902012': 995})
community cards of this round: ['H5', 'DQ', 'C8', 'D2', 'C3']
name: b12901024, hole_card: ['C2', 'C9']
name: b10902012, hole_card: ['D3', 'SQ']
['D3', 'SQ']
Started the round 3
Street "preflop" started. (community card = [])
    eval: 50115, range: (10, 0)
name: b12901024, hole_card: ['C2', 'C9']
name: b10902012, hole_card: ['D3', 'SQ']
"b10902012" declared "call:10"
name: b12901024, hole_card: ['C2', 'C9']
name: b10902012, hole_card: ['D3', 'SQ']
"b12901024" declared "fold:0"
"['b10902012']" won the round 3 (stack = {'b12901024': 995, 'b10902012': 1005})
community cards of this round: ['H6', 'CK', 'DQ', 'DJ', 'D2']
name: b12901024, hole_card: ['S3', 'SJ']
name: b10902012, hole_card: ['HQ', 'S8']
['HQ', 'S8']
Started the round 4
Street "preflop" started. (community card = [])
name: b12901024, hole_card: ['S3', 'SJ']
name: b10902012, hole_card: ['HQ', 'S8']
"b12901024" declared "fold:0"
"['b10902012']" won the round 4 (stack = {'b12901024': 990, 'b10902012': 1010})
community cards of this round: ['D5', 'SJ', 'HJ', 'C5', 'SA']
name: b12901024, hole_card: ['CK', 'S3']
name: b10902012, hole_card: ['DK', 'H4']
['DK', 'H4']
Started the round 5
Street "preflop" started. (community card = [])
    eval: 54484, range: (10, 0)
name: b12901024, hole_card: ['CK', 'S3']
name: b10902012, hole_card: ['DK', 'H4']
"b10902012" declared "call:10"
name: b12901024, hole_card: ['CK', 'S3']
name: b10902012, hole_card: ['DK', 'H4']
"b12901024" declared "fold:0"
"['b10902012']" won the round 5 (stack = {'b12901024': 980, 'b10902012': 1020})
community cards of this round: ['CT', 'D8', 'HA', 'S8', 'C5']
name: b12901024, hole_card: ['DJ', 'D6']
name: b10902012, hole_card: ['CK', 'H4']
['CK', 'H4']
Started the round 6
Street "preflop" started. (community card = [])
name: b12901024, hole_card: ['DJ', 'D6']
name: b10902012, hole_card: ['CK', 'H4']
"b12901024" declared "call:10"
    eval: 54484, range: (10, 0)
name: b12901024, hole_card: ['DJ', 'D6']
name: b10902012, hole_card: ['CK', 'H4']
"b10902012" declared "call:10"
Street "flop" started. (community card = ['CT', 'D8', 'HA'])
name: b12901024, hole_card: ['DJ', 'D6']
name: b10902012, hole_card: ['CK', 'H4']
"b12901024" declared "call:0"
    eval: 54484, range: (5.0, 0)
name: b12901024, hole_card: ['DJ', 'D6']
name: b10902012, hole_card: ['CK', 'H4']
"b10902012" declared "call:0"
Street "turn" started. (community card = ['CT', 'D8', 'HA', 'S8'])
name: b12901024, hole_card: ['DJ', 'D6']
name: b10902012, hole_card: ['CK', 'H4']
"b12901024" declared "call:0"
    eval: 98516, range: (74.979048917705, 0)
name: b12901024, hole_card: ['DJ', 'D6']
name: b10902012, hole_card: ['CK', 'H4']
"b10902012" declared "call:0"
Street "river" started. (community card = ['CT', 'D8', 'HA', 'S8', 'C5'])
name: b12901024, hole_card: ['DJ', 'D6']
name: b10902012, hole_card: ['CK', 'H4']
"b12901024" declared "call:0"
    eval: 98516, range: (10, 0)
name: b12901024, hole_card: ['DJ', 'D6']
name: b10902012, hole_card: ['CK', 'H4']
"b10902012" declared "call:0"
"['b10902012']" won the round 6 (stack = {'b12901024': 970, 'b10902012': 1030})
community cards of this round: ['H6', 'DA', 'ST', 'D5', 'H7']
name: b12901024, hole_card: ['S8', 'S7']
name: b10902012, hole_card: ['DQ', 'SA']
['DQ', 'SA']
Started the round 7
Street "preflop" started. (community card = [])
    eval: 60652, range: (10, 0)
name: b12901024, hole_card: ['S8', 'S7']
name: b10902012, hole_card: ['DQ', 'SA']
"b10902012" declared "call:10"
name: b12901024, hole_card: ['S8', 'S7']
name: b10902012, hole_card: ['DQ', 'SA']
"b12901024" declared "call:10"
Street "flop" started. (community card = ['H6', 'DA', 'ST'])
    eval: 123116, range: (10, 0)
name: b12901024, hole_card: ['S8', 'S7']
name: b10902012, hole_card: ['DQ', 'SA']
"b10902012" declared "call:0"
name: b12901024, hole_card: ['S8', 'S7']
name: b10902012, hole_card: ['DQ', 'SA']
"b12901024" declared "call:0"
Street "turn" started. (community card = ['H6', 'DA', 'ST', 'D5'])
    eval: 123116, range: (943.9077422030938, 60)
name: b12901024, hole_card: ['S8', 'S7']
name: b10902012, hole_card: ['DQ', 'SA']
"b10902012" declared "raise:60"
name: b12901024, hole_card: ['S8', 'S7']
name: b10902012, hole_card: ['DQ', 'SA']
"b12901024" declared "call:60"
Street "river" started. (community card = ['H6', 'DA', 'ST', 'D5', 'H7'])
    eval: 123116, range: (829.0909090909091, 586.790082644628)
name: b12901024, hole_card: ['S8', 'S7']
name: b10902012, hole_card: ['DQ', 'SA']
"b10902012" declared "raise:586.790082644628"
name: b12901024, hole_card: ['S8', 'S7']
name: b10902012, hole_card: ['DQ', 'SA']
"b12901024" declared "call:586.790082644628"
"['b10902012']" won the round 7 (stack = {'b12901024': 313.209917355372, 'b10902012': 1686.209917355372})
community cards of this round: ['S9', 'C4', 'HJ', 'D5', 'C8']
name: b12901024, hole_card: ['DT', 'H4']
name: b10902012, hole_card: ['CJ', 'CQ']
['CJ', 'CQ']
Started the round 8
Street "preflop" started. (community card = [])
name: b12901024, hole_card: ['DT', 'H4']
name: b10902012, hole_card: ['CJ', 'CQ']
"b12901024" declared "fold:0"
"['b10902012']" won the round 8 (stack = {'b12901024': 308.209917355372, 'b10902012': 1691.209917355372})
community cards of this round: ['C3', 'S6', 'D7', 'H4', 'H7']
name: b12901024, hole_card: ['ST', 'S2']
name: b10902012, hole_card: ['HK', 'D4']
['HK', 'D4']
Started the round 9
Street "preflop" started. (community card = [])
name: b12901024, hole_card: ['ST', 'S2']
name: b10902012, hole_card: ['HK', 'D4']
"b10902012" declared "fold:0"
"['b12901024']" won the round 9 (stack = {'b12901024': 313.209917355372, 'b10902012': 1686.209917355372})
community cards of this round: ['DA', 'H3', 'CQ', 'S3', 'HK']
name: b12901024, hole_card: ['H6', 'S8']
name: b10902012, hole_card: ['C5', 'H2']
['C5', 'H2']
Started the round 10
Street "preflop" started. (community card = [])
name: b12901024, hole_card: ['H6', 'S8']
name: b10902012, hole_card: ['C5', 'H2']
"b12901024" declared "call:10"
name: b12901024, hole_card: ['H6', 'S8']
name: b10902012, hole_card: ['C5', 'H2']
"b10902012" declared "fold:0"
"['b12901024']" won the round 10 (stack = {'b12901024': 323.209917355372, 'b10902012': 1676.209917355372})
community cards of this round: ['H5', 'C7', 'H4', 'S4', 'D9']
name: b12901024, hole_card: ['S8', 'D3']
name: b10902012, hole_card: ['CA', 'D8']
['CA', 'D8']
Started the round 11
Street "preflop" started. (community card = [])
name: b12901024, hole_card: ['S8', 'D3']
name: b10902012, hole_card: ['CA', 'D8']
"b10902012" declared "fold:0"
"['b12901024']" won the round 11 (stack = {'b12901024': 328.209917355372, 'b10902012': 1671.209917355372})
community cards of this round: ['C6', 'S9', 'H9', 'C5', 'DK']
name: b12901024, hole_card: ['DT', 'D4']
name: b10902012, hole_card: ['CT', 'S2']
['CT', 'S2']
Started the round 12
Street "preflop" started. (community card = [])
name: b12901024, hole_card: ['DT', 'D4']
name: b10902012, hole_card: ['CT', 'S2']
"b12901024" declared "fold:0"
"['b10902012']" won the round 12 (stack = {'b12901024': 323.209917355372, 'b10902012': 1676.209917355372})
community cards of this round: ['HT', 'C3', 'H8', 'DK', 'D9']
name: b12901024, hole_card: ['C9', 'S7']
name: b10902012, hole_card: ['SQ', 'S5']
['SQ', 'S5']
Started the round 13
Street "preflop" started. (community card = [])
name: b12901024, hole_card: ['C9', 'S7']
name: b10902012, hole_card: ['SQ', 'S5']
"b10902012" declared "fold:0"
"['b12901024']" won the round 13 (stack = {'b12901024': 328.209917355372, 'b10902012': 1671.209917355372})
community cards of this round: ['ST', 'DJ', 'SK', 'DK', 'CQ']
name: b12901024, hole_card: ['C4', 'H6']
name: b10902012, hole_card: ['H4', 'S3']
['H4', 'S3']
Started the round 14
Street "preflop" started. (community card = [])
name: b12901024, hole_card: ['C4', 'H6']
name: b10902012, hole_card: ['H4', 'S3']
"b12901024" declared "fold:0"
"['b10902012']" won the round 14 (stack = {'b12901024': 323.209917355372, 'b10902012': 1676.209917355372})
community cards of this round: ['HA', 'D5', 'H9', 'C9', 'H2']
name: b12901024, hole_card: ['H3', 'CJ']
name: b10902012, hole_card: ['CK', 'H4']
['CK', 'H4']
Started the round 15
Street "preflop" started. (community card = [])
name: b12901024, hole_card: ['H3', 'CJ']
name: b10902012, hole_card: ['CK', 'H4']
"b10902012" declared "fold:0"
"['b12901024']" won the round 15 (stack = {'b12901024': 328.209917355372, 'b10902012': 1671.209917355372})
community cards of this round: ['C2', 'H9', 'S4', 'C5', 'H5']
name: b12901024, hole_card: ['DA', 'C6']
name: b10902012, hole_card: ['H2', 'D3']
['H2', 'D3']
Started the round 16
Street "preflop" started. (community card = [])
name: b12901024, hole_card: ['DA', 'C6']
name: b10902012, hole_card: ['H2', 'D3']
"b12901024" declared "call:10"
name: b12901024, hole_card: ['DA', 'C6']
name: b10902012, hole_card: ['H2', 'D3']
"b10902012" declared "fold:0"
"['b12901024']" won the round 16 (stack = {'b12901024': 338.209917355372, 'b10902012': 1661.209917355372})
community cards of this round: ['D9', 'CJ', 'SK', 'H2', 'S6']
name: b12901024, hole_card: ['HA', 'S9']
name: b10902012, hole_card: ['D7', 'S2']
['D7', 'S2']
Started the round 17
Street "preflop" started. (community card = [])
name: b12901024, hole_card: ['HA', 'S9']
name: b10902012, hole_card: ['D7', 'S2']
"b10902012" declared "fold:0"
"['b12901024']" won the round 17 (stack = {'b12901024': 343.209917355372, 'b10902012': 1656.209917355372})
community cards of this round: ['C7', 'S3', 'D2', 'CJ', 'C8']
name: b12901024, hole_card: ['S2', 'H6']
name: b10902012, hole_card: ['DT', 'D6']
['DT', 'D6']
Started the round 18
Street "preflop" started. (community card = [])
name: b12901024, hole_card: ['S2', 'H6']
name: b10902012, hole_card: ['DT', 'D6']
"b12901024" declared "fold:0"
"['b10902012']" won the round 18 (stack = {'b12901024': 338.209917355372, 'b10902012': 1661.209917355372})
community cards of this round: ['SA', 'H6', 'D9', 'D5', 'HA']
name: b12901024, hole_card: ['D3', 'C7']
name: b10902012, hole_card: ['D4', 'S6']
['D4', 'S6']
Started the round 19
Street "preflop" started. (community card = [])
name: b12901024, hole_card: ['D3', 'C7']
name: b10902012, hole_card: ['D4', 'S6']
"b10902012" declared "fold:0"
"['b12901024']" won the round 19 (stack = {'b12901024': 343.209917355372, 'b10902012': 1656.209917355372})
community cards of this round: ['C2', 'SK', 'HA', 'S4', 'H3']
name: b12901024, hole_card: ['CA', 'DT']
name: b10902012, hole_card: ['C9', 'C8']
['C9', 'C8']
Started the round 20
Street "preflop" started. (community card = [])
name: b12901024, hole_card: ['CA', 'DT']
name: b10902012, hole_card: ['C9', 'C8']
"b12901024" declared "fold:0"
"['b10902012']" won the round 20 (stack = {'b12901024': 338.209917355372, 'b10902012': 1661.209917355372})
b10902012 vs b12901024 - Game 3: {'rule': {'initial_stack': 1000, 'max_round': 20, 'small_blind_amount': 5, 'ante': 0, 'blind_structure': {}}, 'players': [{'name': 'b12901024', 'uuid': 'ioeogysjojhleiljzutjjg', 'stack': 338.209917355372, 'state': 'participating'}, {'name': 'b10902012', 'uuid': 'xikubvbxhaxexgmhgklffm', 'stack': 1661.209917355372, 'state': 'participating'}]}
community cards of this round: ['H9', 'CK', 'ST', 'HA', 'C3']
name: b10902012, hole_card: ['C7', 'S7']
name: b12901024, hole_card: ['S4', 'C5']
['C7', 'S7']
Started the round 1
Street "preflop" started. (community card = [])
name: b10902012, hole_card: ['C7', 'S7']
name: b12901024, hole_card: ['S4', 'C5']
"b12901024" declared "fold:0"
"['b10902012']" won the round 1 (stack = {'b10902012': 1005, 'b12901024': 995})
community cards of this round: ['S8', 'CK', 'SJ', 'C6', 'D2']
name: b10902012, hole_card: ['H5', 'H3']
name: b12901024, hole_card: ['CA', 'C8']
['H5', 'H3']
Started the round 2
Street "preflop" started. (community card = [])
    eval: 21331, range: (10, 0)
name: b10902012, hole_card: ['H5', 'H3']
name: b12901024, hole_card: ['CA', 'C8']
"b10902012" declared "call:10"
name: b10902012, hole_card: ['H5', 'H3']
name: b12901024, hole_card: ['CA', 'C8']
"b12901024" declared "call:10"
Street "flop" started. (community card = ['S8', 'CK', 'SJ'])
    eval: 21331, range: (5.0, 0)
name: b10902012, hole_card: ['H5', 'H3']
name: b12901024, hole_card: ['CA', 'C8']
"b10902012" declared "call:0"
name: b10902012, hole_card: ['H5', 'H3']
name: b12901024, hole_card: ['CA', 'C8']
"b12901024" declared "raise:60"
0th fold
    eval: 21331, range: (5.0, 0)
name: b10902012, hole_card: ['H5', 'H3']
name: b12901024, hole_card: ['CA', 'C8']
"b10902012" declared "fold:0"
"['b12901024']" won the round 2 (stack = {'b10902012': 995, 'b12901024': 1005})
community cards of this round: ['H5', 'DQ', 'C8', 'D2', 'C3']
name: b10902012, hole_card: ['C2', 'C9']
name: b12901024, hole_card: ['D3', 'SQ']
['C2', 'C9']
Started the round 3
Street "preflop" started. (community card = [])
name: b10902012, hole_card: ['C2', 'C9']
name: b12901024, hole_card: ['D3', 'SQ']
"b12901024" declared "fold:0"
"['b10902012']" won the round 3 (stack = {'b10902012': 1000, 'b12901024': 1000})
community cards of this round: ['H6', 'CK', 'DQ', 'DJ', 'D2']
name: b10902012, hole_card: ['S3', 'SJ']
name: b12901024, hole_card: ['HQ', 'S8']
['S3', 'SJ']
Started the round 4
Street "preflop" started. (community card = [])
    eval: 46003, range: (10, 0)
name: b10902012, hole_card: ['S3', 'SJ']
name: b12901024, hole_card: ['HQ', 'S8']
"b10902012" declared "call:10"
name: b10902012, hole_card: ['S3', 'SJ']
name: b12901024, hole_card: ['HQ', 'S8']
"b12901024" declared "call:10"
Street "flop" started. (community card = ['H6', 'CK', 'DQ'])
    eval: 46003, range: (5.0, 0)
name: b10902012, hole_card: ['S3', 'SJ']
name: b12901024, hole_card: ['HQ', 'S8']
"b10902012" declared "call:0"
name: b10902012, hole_card: ['S3', 'SJ']
name: b12901024, hole_card: ['HQ', 'S8']
"b12901024" declared "raise:60"
    eval: 46003, range: (5.0, 0)
name: b10902012, hole_card: ['S3', 'SJ']
name: b12901024, hole_card: ['HQ', 'S8']
"b10902012" declared "call:60"
Street "turn" started. (community card = ['H6', 'CK', 'DQ', 'DJ'])
    eval: 110771, range: (247.18976843019283, 34.175718372649605)
name: b10902012, hole_card: ['S3', 'SJ']
name: b12901024, hole_card: ['HQ', 'S8']
"b10902012" declared "raise:34.175718372649605"
name: b10902012, hole_card: ['S3', 'SJ']
name: b12901024, hole_card: ['HQ', 'S8']
"b12901024" declared "raise:522.5271551179488"
2th fold
    eval: 110771, range: (138.88534029257335, 19.2018719305084)
name: b10902012, hole_card: ['S3', 'SJ']
name: b12901024, hole_card: ['HQ', 'S8']
"b10902012" declared "fold:0"
"['b12901024']" won the round 4 (stack = {'b10902012': 895.8242816273504, 'b12901024': 1103.472844882051})
community cards of this round: ['D5', 'SJ', 'HJ', 'C5', 'SA']
name: b10902012, hole_card: ['CK', 'S3']
name: b12901024, hole_card: ['DK', 'H4']
['CK', 'S3']
Started the round 5
Street "preflop" started. (community card = [])
name: b10902012, hole_card: ['CK', 'S3']
name: b12901024, hole_card: ['DK', 'H4']
"b12901024" declared "fold:0"
"['b10902012']" won the round 5 (stack = {'b10902012': 900.8242816273504, 'b12901024': 1098.472844882051})
community cards of this round: ['CT', 'D8', 'HA', 'S8', 'C5']
name: b10902012, hole_card: ['DJ', 'D6']
name: b12901024, hole_card: ['CK', 'H4']
['DJ', 'D6']
Started the round 6
Street "preflop" started. (community card = [])
    eval: 46774, range: (10, 0)
name: b10902012, hole_card: ['DJ', 'D6']
name: b12901024, hole_card: ['CK', 'H4']
"b10902012" declared "call:10"
name: b10902012, hole_card: ['DJ', 'D6']
name: b12901024, hole_card: ['CK', 'H4']
"b12901024" declared "fold:0"
"['b10902012']" won the round 6 (stack = {'b10902012': 910.8242816273504, 'b12901024': 1088.472844882051})
community cards of this round: ['H6', 'DA', 'ST', 'D5', 'H7']
name: b10902012, hole_card: ['S8', 'S7']
name: b12901024, hole_card: ['DQ', 'SA']
['S8', 'S7']
Started the round 7
Street "preflop" started. (community card = [])
name: b10902012, hole_card: ['S8', 'S7']
name: b12901024, hole_card: ['DQ', 'SA']
"b12901024" declared "raise:1088.472844882051"
0th fold
    eval: 34695, range: (10, 0)
name: b10902012, hole_card: ['S8', 'S7']
name: b12901024, hole_card: ['DQ', 'SA']
"b10902012" declared "fold:0"
"['b12901024']" won the round 7 (stack = {'b10902012': 900.8242816273504, 'b12901024': 1098.0})
community cards of this round: ['S9', 'C4', 'HJ', 'D5', 'C8']
name: b10902012, hole_card: ['DT', 'H4']
name: b12901024, hole_card: ['CJ', 'CQ']
['DT', 'H4']
Started the round 8
Street "preflop" started. (community card = [])
    eval: 42148, range: (10, 0)
name: b10902012, hole_card: ['DT', 'H4']
name: b12901024, hole_card: ['CJ', 'CQ']
"b10902012" declared "call:10"
name: b10902012, hole_card: ['DT', 'H4']
name: b12901024, hole_card: ['CJ', 'CQ']
"b12901024" declared "raise:1098.0"
1th fold
    eval: 42148, range: (10, 0)
name: b10902012, hole_card: ['DT', 'H4']
name: b12901024, hole_card: ['CJ', 'CQ']
"b10902012" declared "fold:0"
"['b12901024']" won the round 8 (stack = {'b10902012': 890.8242816273504, 'b12901024': 1108.0})
community cards of this round: ['C3', 'S6', 'D7', 'H4', 'H7']
name: b10902012, hole_card: ['ST', 'S2']
name: b12901024, hole_card: ['HK', 'D4']
['ST', 'S2']
Started the round 9
Street "preflop" started. (community card = [])
name: b10902012, hole_card: ['ST', 'S2']
name: b12901024, hole_card: ['HK', 'D4']
"b12901024" declared "fold:0"
"['b10902012']" won the round 9 (stack = {'b10902012': 895.8242816273504, 'b12901024': 1103.0})
community cards of this round: ['DA', 'H3', 'CQ', 'S3', 'HK']
name: b10902012, hole_card: ['H6', 'S8']
name: b12901024, hole_card: ['C5', 'H2']
['H6', 'S8']
Started the round 10
Street "preflop" started. (community card = [])
    eval: 34438, range: (10, 0)
name: b10902012, hole_card: ['H6', 'S8']
name: b12901024, hole_card: ['C5', 'H2']
"b10902012" declared "call:10"
name: b10902012, hole_card: ['H6', 'S8']
name: b12901024, hole_card: ['C5', 'H2']
"b12901024" declared "fold:0"
"['b10902012']" won the round 10 (stack = {'b10902012': 905.8242816273504, 'b12901024': 1093.0})
community cards of this round: ['H5', 'C7', 'H4', 'S4', 'D9']
name: b10902012, hole_card: ['S8', 'D3']
name: b12901024, hole_card: ['CA', 'D8']
['S8', 'D3']
Started the round 11
Street "preflop" started. (community card = [])
name: b10902012, hole_card: ['S8', 'D3']
name: b12901024, hole_card: ['CA', 'D8']
"b12901024" declared "call:10"
    eval: 33667, range: (10, 0)
name: b10902012, hole_card: ['S8', 'D3']
name: b12901024, hole_card: ['CA', 'D8']
"b10902012" declared "call:10"
Street "flop" started. (community card = ['H5', 'C7', 'H4'])
name: b10902012, hole_card: ['S8', 'D3']
name: b12901024, hole_card: ['CA', 'D8']
"b12901024" declared "call:0"
    eval: 33667, range: (5.0, 0)
name: b10902012, hole_card: ['S8', 'D3']
name: b12901024, hole_card: ['CA', 'D8']
"b10902012" declared "call:0"
Street "turn" started. (community card = ['H5', 'C7', 'H4', 'S4'])
name: b10902012, hole_card: ['S8', 'D3']
name: b12901024, hole_card: ['CA', 'D8']
"b12901024" declared "call:0"
    eval: 82051, range: (10, 0)
name: b10902012, hole_card: ['S8', 'D3']
name: b12901024, hole_card: ['CA', 'D8']
"b10902012" declared "call:0"
Street "river" started. (community card = ['H5', 'C7', 'H4', 'S4', 'D9'])
name: b10902012, hole_card: ['S8', 'D3']
name: b12901024, hole_card: ['CA', 'D8']
"b12901024" declared "call:0"
    eval: 82051, range: (10, 0)
name: b10902012, hole_card: ['S8', 'D3']
name: b12901024, hole_card: ['CA', 'D8']
"b10902012" declared "call:0"
"['b12901024']" won the round 11 (stack = {'b10902012': 895.8242816273504, 'b12901024': 1103.0})
community cards of this round: ['C6', 'S9', 'H9', 'C5', 'DK']
name: b10902012, hole_card: ['DT', 'D4']
name: b12901024, hole_card: ['CT', 'S2']
['DT', 'D4']
Started the round 12
Street "preflop" started. (community card = [])
    eval: 42148, range: (10, 0)
name: b10902012, hole_card: ['DT', 'D4']
name: b12901024, hole_card: ['CT', 'S2']
"b10902012" declared "call:10"
name: b10902012, hole_card: ['DT', 'D4']
name: b12901024, hole_card: ['CT', 'S2']
"b12901024" declared "fold:0"
"['b10902012']" won the round 12 (stack = {'b10902012': 905.8242816273504, 'b12901024': 1093.0})
community cards of this round: ['HT', 'C3', 'H8', 'DK', 'D9']
name: b10902012, hole_card: ['C9', 'S7']
name: b12901024, hole_card: ['SQ', 'S5']
['C9', 'S7']
Started the round 13
Street "preflop" started. (community card = [])
name: b10902012, hole_card: ['C9', 'S7']
name: b12901024, hole_card: ['SQ', 'S5']
"b12901024" declared "fold:0"
"['b10902012']" won the round 13 (stack = {'b10902012': 910.8242816273504, 'b12901024': 1088.0})
community cards of this round: ['ST', 'DJ', 'SK', 'DK', 'CQ']
name: b10902012, hole_card: ['C4', 'H6']
name: b12901024, hole_card: ['H4', 'S3']
['C4', 'H6']
Started the round 14
Street "preflop" started. (community card = [])
    eval: 25700, range: (10, 0)
name: b10902012, hole_card: ['C4', 'H6']
name: b12901024, hole_card: ['H4', 'S3']
"b10902012" declared "call:10"
name: b10902012, hole_card: ['C4', 'H6']
name: b12901024, hole_card: ['H4', 'S3']
"b12901024" declared "fold:0"
"['b10902012']" won the round 14 (stack = {'b10902012': 920.8242816273504, 'b12901024': 1078.0})
community cards of this round: ['HA', 'D5', 'H9', 'C9', 'H2']
name: b10902012, hole_card: ['H3', 'CJ']
name: b12901024, hole_card: ['CK', 'H4']
['H3', 'CJ']
Started the round 15
Street "preflop" started. (community card = [])
name: b10902012, hole_card: ['H3', 'CJ']
name: b12901024, hole_card: ['CK', 'H4']
"b12901024" declared "fold:0"
"['b10902012']" won the round 15 (stack = {'b10902012': 925.8242816273504, 'b12901024': 1073.0})
community cards of this round: ['C2', 'H9', 'S4', 'C5', 'H5']
name: b10902012, hole_card: ['DA', 'C6']
name: b12901024, hole_card: ['H2', 'D3']
['DA', 'C6']
Started the round 16
Street "preflop" started. (community card = [])
    eval: 59110, range: (10, 0)
name: b10902012, hole_card: ['DA', 'C6']
name: b12901024, hole_card: ['H2', 'D3']
"b10902012" declared "call:10"
name: b10902012, hole_card: ['DA', 'C6']
name: b12901024, hole_card: ['H2', 'D3']
"b12901024" declared "fold:0"
"['b10902012']" won the round 16 (stack = {'b10902012': 935.8242816273504, 'b12901024': 1063.0})
community cards of this round: ['D9', 'CJ', 'SK', 'H2', 'S6']
name: b10902012, hole_card: ['HA', 'S9']
name: b12901024, hole_card: ['D7', 'S2']
['HA', 'S9']
Started the round 17
Street "preflop" started. (community card = [])
name: b10902012, hole_card: ['HA', 'S9']
name: b12901024, hole_card: ['D7', 'S2']
"b12901024" declared "fold:0"
"['b10902012']" won the round 17 (stack = {'b10902012': 940.8242816273504, 'b12901024': 1058.0})
community cards of this round: ['C7', 'S3', 'D2', 'CJ', 'C8']
name: b10902012, hole_card: ['S2', 'H6']
name: b12901024, hole_card: ['DT', 'D6']
['S2', 'H6']
Started the round 18
Street "preflop" started. (community card = [])
    eval: 25186, range: (10, 0)
name: b10902012, hole_card: ['S2', 'H6']
name: b12901024, hole_card: ['DT', 'D6']
"b10902012" declared "call:10"
name: b10902012, hole_card: ['S2', 'H6']
name: b12901024, hole_card: ['DT', 'D6']
"b12901024" declared "call:10"
Street "flop" started. (community card = ['C7', 'S3', 'D2'])
    eval: 73826, range: (10, 0)
name: b10902012, hole_card: ['S2', 'H6']
name: b12901024, hole_card: ['DT', 'D6']
"b10902012" declared "call:0"
name: b10902012, hole_card: ['S2', 'H6']
name: b12901024, hole_card: ['DT', 'D6']
"b12901024" declared "call:0"
Street "turn" started. (community card = ['C7', 'S3', 'D2', 'CJ'])
    eval: 73826, range: (89.10816808167942, 0.013441300734296703)
name: b10902012, hole_card: ['S2', 'H6']
name: b12901024, hole_card: ['DT', 'D6']
"b10902012" declared "call:0"
name: b10902012, hole_card: ['S2', 'H6']
name: b12901024, hole_card: ['DT', 'D6']
"b12901024" declared "call:0"
Street "river" started. (community card = ['C7', 'S3', 'D2', 'CJ', 'C8'])
    eval: 73826, range: (10, 0)
name: b10902012, hole_card: ['S2', 'H6']
name: b12901024, hole_card: ['DT', 'D6']
"b10902012" declared "call:0"
name: b10902012, hole_card: ['S2', 'H6']
name: b12901024, hole_card: ['DT', 'D6']
"b12901024" declared "call:0"
"['b10902012']" won the round 18 (stack = {'b10902012': 950.8242816273504, 'b12901024': 1048.0})
community cards of this round: ['SA', 'H6', 'D9', 'D5', 'HA']
name: b10902012, hole_card: ['D3', 'C7']
name: b12901024, hole_card: ['D4', 'S6']
['D3', 'C7']
Started the round 19
Street "preflop" started. (community card = [])
name: b10902012, hole_card: ['D3', 'C7']
name: b12901024, hole_card: ['D4', 'S6']
"b12901024" declared "fold:0"
"['b10902012']" won the round 19 (stack = {'b10902012': 955.8242816273504, 'b12901024': 1043.0})
community cards of this round: ['C2', 'SK', 'HA', 'S4', 'H3']
name: b10902012, hole_card: ['CA', 'DT']
name: b12901024, hole_card: ['C9', 'C8']
['CA', 'DT']
Started the round 20
Street "preflop" started. (community card = [])
    eval: 60138, range: (5, 0)
name: b10902012, hole_card: ['CA', 'DT']
name: b12901024, hole_card: ['C9', 'C8']
"b10902012" declared "call:10"
name: b10902012, hole_card: ['CA', 'DT']
name: b12901024, hole_card: ['C9', 'C8']
"b12901024" declared "fold:0"
"['b10902012']" won the round 20 (stack = {'b10902012': 965.8242816273504, 'b12901024': 1033.0})
b10902012 vs b12901024 - Game 4: {'rule': {'initial_stack': 1000, 'max_round': 20, 'small_blind_amount': 5, 'ante': 0, 'blind_structure': {}}, 'players': [{'name': 'b10902012', 'uuid': 'rjpjbznvdexqitkpxbcoam', 'stack': 965.8242816273504, 'state': 'participating'}, {'name': 'b12901024', 'uuid': 'utxrckcvohnoozieckfwcx', 'stack': 1033.0, 'state': 'participating'}]}
community cards of this round: ['C5', 'S5', 'D4', 'S8', 'D3']
name: b12901024, hole_card: ['H9', 'CJ']
name: b10902012, hole_card: ['D5', 'H3']
['D5', 'H3']
Started the round 1
Street "preflop" started. (community card = [])
    eval: 21331, range: (10, 0)
name: b12901024, hole_card: ['H9', 'CJ']
name: b10902012, hole_card: ['D5', 'H3']
"b10902012" declared "call:10"
name: b12901024, hole_card: ['H9', 'CJ']
name: b10902012, hole_card: ['D5', 'H3']
"b12901024" declared "call:10"
Street "flop" started. (community card = ['C5', 'S5', 'D4'])
    eval: 282707, range: (10, 0)
name: b12901024, hole_card: ['H9', 'CJ']
name: b10902012, hole_card: ['D5', 'H3']
"b10902012" declared "call:0"
name: b12901024, hole_card: ['H9', 'CJ']
name: b10902012, hole_card: ['D5', 'H3']
"b12901024" declared "call:0"
Street "turn" started. (community card = ['C5', 'S5', 'D4', 'S8'])
    eval: 282707, range: (988.8915113106284, 60)
name: b12901024, hole_card: ['H9', 'CJ']
name: b10902012, hole_card: ['D5', 'H3']
"b10902012" declared "raise:60"
name: b12901024, hole_card: ['H9', 'CJ']
name: b10902012, hole_card: ['D5', 'H3']
"b12901024" declared "call:60"
Street "river" started. (community card = ['C5', 'S5', 'D4', 'S8', 'D3'])
    eval: 2118483, range: (930, 930)
name: b12901024, hole_card: ['H9', 'CJ']
name: b10902012, hole_card: ['D5', 'H3']
"b10902012" declared "raise:930"
name: b12901024, hole_card: ['H9', 'CJ']
name: b10902012, hole_card: ['D5', 'H3']
"b12901024" declared "call:930"
"['b10902012']" won the round 1 (stack = {'b12901024': 0, 'b10902012': 2000})
b10902012 vs b12901024 - Game 5: {'rule': {'initial_stack': 1000, 'max_round': 20, 'small_blind_amount': 5, 'ante': 0, 'blind_structure': {}}, 'players': [{'name': 'b12901024', 'uuid': 'hwmjoudrcdmemorewvilvs', 'stack': 0, 'state': 'folded'}, {'name': 'b10902012', 'uuid': 'lnbfhnotkzhtevapebfnfw', 'stack': 2000, 'state': 'participating'}]}
Final Result: b10902012 won 3 games (stack: 6136.18194940502), b12901024 won 2 games (stack: 3861.357667777669), num ties: 0
