community cards of this round: ['HK', 'CA', 'C8', 'D9', 'HA']
name: b10902035, hole_card: ['S9', 'C4']
name: b10902077, hole_card: ['D7', 'H8']
Started the round 1
Street "preflop" started. (community card = [])
name: b10902035, hole_card: ['S9', 'C4']
name: b10902077, hole_card: ['D7', 'H8']
"b10902077" declared "call:10"
name: b10902035, hole_card: ['S9', 'C4']
name: b10902077, hole_card: ['D7', 'H8']
"b10902035" declared "call:10"
Street "flop" started. (community card = ['HK', 'CA', 'C8'])
name: b10902035, hole_card: ['S9', 'C4']
name: b10902077, hole_card: ['D7', 'H8']
"b10902077" declared "raise:33.0"
name: b10902035, hole_card: ['S9', 'C4']
name: b10902077, hole_card: ['D7', 'H8']
"b10902035" declared "call:33.0"
Street "turn" started. (community card = ['HK', 'CA', 'C8', 'D9'])
name: b10902035, hole_card: ['S9', 'C4']
name: b10902077, hole_card: ['D7', 'H8']
"b10902077" declared "raise:119.0"
name: b10902035, hole_card: ['S9', 'C4']
name: b10902077, hole_card: ['D7', 'H8']
"b10902035" declared "call:119.0"
Street "river" started. (community card = ['HK', 'CA', 'C8', 'D9', 'HA'])
name: b10902035, hole_card: ['S9', 'C4']
name: b10902077, hole_card: ['D7', 'H8']
"b10902077" declared "raise:535.0"
name: b10902035, hole_card: ['S9', 'C4']
name: b10902077, hole_card: ['D7', 'H8']
"b10902035" declared "fold:0"
"['b10902077']" won the round 1 (stack = {'b10902035': 838.0, 'b10902077': 1162.0})
community cards of this round: ['C6', 'DQ', 'H4', 'C8', 'S9']
name: b10902035, hole_card: ['D2', 'D9']
name: b10902077, hole_card: ['C9', 'C5']
Started the round 2
Street "preflop" started. (community card = [])
name: b10902035, hole_card: ['D2', 'D9']
name: b10902077, hole_card: ['C9', 'C5']
"b10902035" declared "raise:352.0"
name: b10902035, hole_card: ['D2', 'D9']
name: b10902077, hole_card: ['C9', 'C5']
"b10902077" declared "fold:0"
"['b10902035']" won the round 2 (stack = {'b10902035': 848.0, 'b10902077': 1152.0})
community cards of this round: ['HA', 'C2', 'HQ', 'C8', 'C6']
name: b10902035, hole_card: ['D6', 'D3']
name: b10902077, hole_card: ['C4', 'SA']
Started the round 3
Street "preflop" started. (community card = [])
name: b10902035, hole_card: ['D6', 'D3']
name: b10902077, hole_card: ['C4', 'SA']
"b10902077" declared "fold:0"
"['b10902035']" won the round 3 (stack = {'b10902035': 853.0, 'b10902077': 1147.0})
community cards of this round: ['S5', 'SQ', 'C9', 'D9', 'D8']
name: b10902035, hole_card: ['HQ', 'D5']
name: b10902077, hole_card: ['DQ', 'ST']
Started the round 4
Street "preflop" started. (community card = [])
name: b10902035, hole_card: ['HQ', 'D5']
name: b10902077, hole_card: ['DQ', 'ST']
"b10902035" declared "raise:317.0"
name: b10902035, hole_card: ['HQ', 'D5']
name: b10902077, hole_card: ['DQ', 'ST']
"b10902077" declared "fold:0"
"['b10902035']" won the round 4 (stack = {'b10902035': 863.0, 'b10902077': 1137.0})
community cards of this round: ['SQ', 'H8', 'C2', 'DA', 'C8']
name: b10902035, hole_card: ['D2', 'H2']
name: b10902077, hole_card: ['D3', 'HA']
Started the round 5
Street "preflop" started. (community card = [])
name: b10902035, hole_card: ['D2', 'H2']
name: b10902077, hole_card: ['D3', 'HA']
"b10902077" declared "fold:0"
"['b10902035']" won the round 5 (stack = {'b10902035': 868.0, 'b10902077': 1132.0})
community cards of this round: ['SJ', 'D9', 'D8', 'S4', 'S6']
name: b10902035, hole_card: ['S8', 'HA']
name: b10902077, hole_card: ['C6', 'S2']
Started the round 6
Street "preflop" started. (community card = [])
name: b10902035, hole_card: ['S8', 'HA']
name: b10902077, hole_card: ['C6', 'S2']
"b10902035" declared "raise:282.0"
name: b10902035, hole_card: ['S8', 'HA']
name: b10902077, hole_card: ['C6', 'S2']
"b10902077" declared "fold:0"
"['b10902035']" won the round 6 (stack = {'b10902035': 878.0, 'b10902077': 1122.0})
community cards of this round: ['C6', 'HK', 'DK', 'S9', 'D9']
name: b10902035, hole_card: ['CT', 'S3']
name: b10902077, hole_card: ['C4', 'CK']
Started the round 7
Street "preflop" started. (community card = [])
name: b10902035, hole_card: ['CT', 'S3']
name: b10902077, hole_card: ['C4', 'CK']
"b10902077" declared "fold:0"
"['b10902035']" won the round 7 (stack = {'b10902035': 883.0, 'b10902077': 1117.0})
community cards of this round: ['CA', 'SQ', 'C5', 'CT', 'D7']
name: b10902035, hole_card: ['H3', 'CJ']
name: b10902077, hole_card: ['H2', 'DT']
Started the round 8
Street "preflop" started. (community card = [])
name: b10902035, hole_card: ['H3', 'CJ']
name: b10902077, hole_card: ['H2', 'DT']
"b10902035" declared "raise:247.0"
name: b10902035, hole_card: ['H3', 'CJ']
name: b10902077, hole_card: ['H2', 'DT']
"b10902077" declared "fold:0"
"['b10902035']" won the round 8 (stack = {'b10902035': 893.0, 'b10902077': 1107.0})
community cards of this round: ['H4', 'SQ', 'C3', 'C8', 'H5']
name: b10902035, hole_card: ['D4', 'D5']
name: b10902077, hole_card: ['DJ', 'S8']
Started the round 9
Street "preflop" started. (community card = [])
name: b10902035, hole_card: ['D4', 'D5']
name: b10902077, hole_card: ['DJ', 'S8']
"b10902077" declared "fold:0"
"['b10902035']" won the round 9 (stack = {'b10902035': 898.0, 'b10902077': 1102.0})
community cards of this round: ['H3', 'S9', 'DA', 'CT', 'C9']
name: b10902035, hole_card: ['S4', 'S8']
name: b10902077, hole_card: ['D8', 'H9']
Started the round 10
Street "preflop" started. (community card = [])
name: b10902035, hole_card: ['S4', 'S8']
name: b10902077, hole_card: ['D8', 'H9']
"b10902035" declared "raise:212.0"
name: b10902035, hole_card: ['S4', 'S8']
name: b10902077, hole_card: ['D8', 'H9']
"b10902077" declared "fold:0"
"['b10902035']" won the round 10 (stack = {'b10902035': 908.0, 'b10902077': 1092.0})
community cards of this round: ['D2', 'C9', 'CJ', 'SA', 'H5']
name: b10902035, hole_card: ['HT', 'H7']
name: b10902077, hole_card: ['S3', 'C3']
Started the round 11
Street "preflop" started. (community card = [])
name: b10902035, hole_card: ['HT', 'H7']
name: b10902077, hole_card: ['S3', 'C3']
"b10902077" declared "fold:0"
"['b10902035']" won the round 11 (stack = {'b10902035': 913.0, 'b10902077': 1087.0})
community cards of this round: ['CK', 'H5', 'S4', 'H3', 'H8']
name: b10902035, hole_card: ['D9', 'C3']
name: b10902077, hole_card: ['CQ', 'D6']
Started the round 12
Street "preflop" started. (community card = [])
name: b10902035, hole_card: ['D9', 'C3']
name: b10902077, hole_card: ['CQ', 'D6']
"b10902035" declared "call:10"
name: b10902035, hole_card: ['D9', 'C3']
name: b10902077, hole_card: ['CQ', 'D6']
"b10902077" declared "fold:0"
"['b10902035']" won the round 12 (stack = {'b10902035': 923.0, 'b10902077': 1077.0})
community cards of this round: ['CK', 'DK', 'SK', 'S5', 'S8']
name: b10902035, hole_card: ['C2', 'SJ']
name: b10902077, hole_card: ['DA', 'D4']
Started the round 13
Street "preflop" started. (community card = [])
name: b10902035, hole_card: ['C2', 'SJ']
name: b10902077, hole_card: ['DA', 'D4']
"b10902077" declared "fold:0"
"['b10902035']" won the round 13 (stack = {'b10902035': 928.0, 'b10902077': 1072.0})
community cards of this round: ['H9', 'D4', 'CJ', 'DJ', 'C7']
name: b10902035, hole_card: ['H2', 'DA']
name: b10902077, hole_card: ['CA', 'C8']
Started the round 14
Street "preflop" started. (community card = [])
name: b10902035, hole_card: ['H2', 'DA']
name: b10902077, hole_card: ['CA', 'C8']
"b10902035" declared "raise:142.0"
name: b10902035, hole_card: ['H2', 'DA']
name: b10902077, hole_card: ['CA', 'C8']
"b10902077" declared "fold:0"
"['b10902035']" won the round 14 (stack = {'b10902035': 938.0, 'b10902077': 1062.0})
community cards of this round: ['DK', 'HA', 'CT', 'D5', 'S4']
name: b10902035, hole_card: ['CQ', 'DQ']
name: b10902077, hole_card: ['D4', 'SA']
Started the round 15
Street "preflop" started. (community card = [])
name: b10902035, hole_card: ['CQ', 'DQ']
name: b10902077, hole_card: ['D4', 'SA']
"b10902077" declared "fold:0"
"['b10902035']" won the round 15 (stack = {'b10902035': 943.0, 'b10902077': 1057.0})
community cards of this round: ['H6', 'H5', 'D2', 'HK', 'S9']
name: b10902035, hole_card: ['CJ', 'H3']
name: b10902077, hole_card: ['H8', 'SJ']
Started the round 16
Street "preflop" started. (community card = [])
name: b10902035, hole_card: ['CJ', 'H3']
name: b10902077, hole_card: ['H8', 'SJ']
"b10902035" declared "raise:107.0"
name: b10902035, hole_card: ['CJ', 'H3']
name: b10902077, hole_card: ['H8', 'SJ']
"b10902077" declared "fold:0"
"['b10902035']" won the round 16 (stack = {'b10902035': 953.0, 'b10902077': 1047.0})
community cards of this round: ['HA', 'H3', 'C7', 'D7', 'ST']
name: b10902035, hole_card: ['CA', 'C5']
name: b10902077, hole_card: ['HT', 'D8']
Started the round 17
Street "preflop" started. (community card = [])
name: b10902035, hole_card: ['CA', 'C5']
name: b10902077, hole_card: ['HT', 'D8']
"b10902077" declared "fold:0"
"['b10902035']" won the round 17 (stack = {'b10902035': 958.0, 'b10902077': 1042.0})
community cards of this round: ['C5', 'D4', 'D2', 'S5', 'CK']
name: b10902035, hole_card: ['DK', 'C9']
name: b10902077, hole_card: ['D3', 'DJ']
Started the round 18
Street "preflop" started. (community card = [])
name: b10902035, hole_card: ['DK', 'C9']
name: b10902077, hole_card: ['D3', 'DJ']
"b10902035" declared "raise:72.0"
name: b10902035, hole_card: ['DK', 'C9']
name: b10902077, hole_card: ['D3', 'DJ']
"b10902077" declared "fold:0"
"['b10902035']" won the round 18 (stack = {'b10902035': 968.0, 'b10902077': 1032.0})
community cards of this round: ['DJ', 'SQ', 'C8', 'H9', 'D4']
name: b10902035, hole_card: ['CA', 'HQ']
name: b10902077, hole_card: ['CQ', 'CK']
Started the round 19
Street "preflop" started. (community card = [])
name: b10902035, hole_card: ['CA', 'HQ']
name: b10902077, hole_card: ['CQ', 'CK']
"b10902077" declared "fold:0"
"['b10902035']" won the round 19 (stack = {'b10902035': 973.0, 'b10902077': 1027.0})
community cards of this round: ['CA', 'SQ', 'DT', 'D9', 'C8']
name: b10902035, hole_card: ['S7', 'SA']
name: b10902077, hole_card: ['C6', 'H9']
Started the round 20
Street "preflop" started. (community card = [])
name: b10902035, hole_card: ['S7', 'SA']
name: b10902077, hole_card: ['C6', 'H9']
"b10902035" declared "raise:37.0"
name: b10902035, hole_card: ['S7', 'SA']
name: b10902077, hole_card: ['C6', 'H9']
"b10902077" declared "fold:0"
"['b10902035']" won the round 20 (stack = {'b10902035': 983.0, 'b10902077': 1017.0})
b10902077 vs b10902035 - Game 1: {'rule': {'initial_stack': 1000, 'max_round': 20, 'small_blind_amount': 5, 'ante': 0, 'blind_structure': {}}, 'players': [{'name': 'b10902035', 'uuid': 'idryytfuirpcynwlvakbqo', 'stack': 983.0, 'state': 'participating'}, {'name': 'b10902077', 'uuid': 'ymobasbcgptuvaxjtwhvsa', 'stack': 1017.0, 'state': 'participating'}]}
community cards of this round: ['HK', 'CA', 'C8', 'D9', 'HA']
name: b10902077, hole_card: ['S9', 'C4']
name: b10902035, hole_card: ['D7', 'H8']
Started the round 1
Street "preflop" started. (community card = [])
name: b10902077, hole_card: ['S9', 'C4']
name: b10902035, hole_card: ['D7', 'H8']
"b10902035" declared "call:10"
name: b10902077, hole_card: ['S9', 'C4']
name: b10902035, hole_card: ['D7', 'H8']
"b10902077" declared "call:10"
Street "flop" started. (community card = ['HK', 'CA', 'C8'])
name: b10902077, hole_card: ['S9', 'C4']
name: b10902035, hole_card: ['D7', 'H8']
"b10902035" declared "call:0"
name: b10902077, hole_card: ['S9', 'C4']
name: b10902035, hole_card: ['D7', 'H8']
"b10902077" declared "call:0"
Street "turn" started. (community card = ['HK', 'CA', 'C8', 'D9'])
name: b10902077, hole_card: ['S9', 'C4']
name: b10902035, hole_card: ['D7', 'H8']
"b10902035" declared "call:0"
name: b10902077, hole_card: ['S9', 'C4']
name: b10902035, hole_card: ['D7', 'H8']
"b10902077" declared "raise:35.0"
name: b10902077, hole_card: ['S9', 'C4']
name: b10902035, hole_card: ['D7', 'H8']
"b10902035" declared "call:35.0"
Street "river" started. (community card = ['HK', 'CA', 'C8', 'D9', 'HA'])
name: b10902077, hole_card: ['S9', 'C4']
name: b10902035, hole_card: ['D7', 'H8']
"b10902035" declared "call:0"
name: b10902077, hole_card: ['S9', 'C4']
name: b10902035, hole_card: ['D7', 'H8']
"b10902077" declared "raise:216.0"
name: b10902077, hole_card: ['S9', 'C4']
name: b10902035, hole_card: ['D7', 'H8']
"b10902035" declared "fold:0"
"['b10902077']" won the round 1 (stack = {'b10902077': 1045.0, 'b10902035': 955.0})
community cards of this round: ['C6', 'DQ', 'H4', 'C8', 'S9']
name: b10902077, hole_card: ['D2', 'D9']
name: b10902035, hole_card: ['C9', 'C5']
Started the round 2
Street "preflop" started. (community card = [])
name: b10902077, hole_card: ['D2', 'D9']
name: b10902035, hole_card: ['C9', 'C5']
"b10902077" declared "fold:0"
"['b10902035']" won the round 2 (stack = {'b10902077': 1040.0, 'b10902035': 960.0})
community cards of this round: ['HA', 'C2', 'HQ', 'C8', 'C6']
name: b10902077, hole_card: ['D6', 'D3']
name: b10902035, hole_card: ['C4', 'SA']
Started the round 3
Street "preflop" started. (community card = [])
name: b10902077, hole_card: ['D6', 'D3']
name: b10902035, hole_card: ['C4', 'SA']
"b10902035" declared "raise:220.0"
name: b10902077, hole_card: ['D6', 'D3']
name: b10902035, hole_card: ['C4', 'SA']
"b10902077" declared "fold:0"
"['b10902035']" won the round 3 (stack = {'b10902077': 1030.0, 'b10902035': 970.0})
community cards of this round: ['S5', 'SQ', 'C9', 'D9', 'D8']
name: b10902077, hole_card: ['HQ', 'D5']
name: b10902035, hole_card: ['DQ', 'ST']
Started the round 4
Street "preflop" started. (community card = [])
name: b10902077, hole_card: ['HQ', 'D5']
name: b10902035, hole_card: ['DQ', 'ST']
"b10902077" declared "call:10"
name: b10902077, hole_card: ['HQ', 'D5']
name: b10902035, hole_card: ['DQ', 'ST']
"b10902035" declared "raise:200.0"
name: b10902077, hole_card: ['HQ', 'D5']
name: b10902035, hole_card: ['DQ', 'ST']
"b10902077" declared "fold:0"
"['b10902035']" won the round 4 (stack = {'b10902077': 1020.0, 'b10902035': 980.0})
community cards of this round: ['SQ', 'H8', 'C2', 'DA', 'C8']
name: b10902077, hole_card: ['D2', 'H2']
name: b10902035, hole_card: ['D3', 'HA']
Started the round 5
Street "preflop" started. (community card = [])
name: b10902077, hole_card: ['D2', 'H2']
name: b10902035, hole_card: ['D3', 'HA']
"b10902035" declared "raise:180.0"
name: b10902077, hole_card: ['D2', 'H2']
name: b10902035, hole_card: ['D3', 'HA']
"b10902077" declared "call:180.0"
Street "flop" started. (community card = ['SQ', 'H8', 'C2'])
name: b10902077, hole_card: ['D2', 'H2']
name: b10902035, hole_card: ['D3', 'HA']
"b10902035" declared "call:0"
name: b10902077, hole_card: ['D2', 'H2']
name: b10902035, hole_card: ['D3', 'HA']
"b10902077" declared "raise:840.0"
name: b10902077, hole_card: ['D2', 'H2']
name: b10902035, hole_card: ['D3', 'HA']
"b10902035" declared "call:840.0"
Street "turn" started. (community card = ['SQ', 'H8', 'C2', 'DA'])
Street "river" started. (community card = ['SQ', 'H8', 'C2', 'DA', 'C8'])
"['b10902077']" won the round 5 (stack = {'b10902077': 2000.0, 'b10902035': 0.0})
b10902077 vs b10902035 - Game 2: {'rule': {'initial_stack': 1000, 'max_round': 20, 'small_blind_amount': 5, 'ante': 0, 'blind_structure': {}}, 'players': [{'name': 'b10902077', 'uuid': 'ydneeoayjrgbjamvhyrvxg', 'stack': 2000.0, 'state': 'participating'}, {'name': 'b10902035', 'uuid': 'yfkwzhmzbghebccrrjhsaj', 'stack': 0, 'state': 'folded'}]}
community cards of this round: ['C9', 'HK', 'D2', 'C8', 'D5']
name: b10902035, hole_card: ['SQ', 'C6']
name: b10902077, hole_card: ['C3', 'C7']
Started the round 1
Street "preflop" started. (community card = [])
name: b10902035, hole_card: ['SQ', 'C6']
name: b10902077, hole_card: ['C3', 'C7']
"b10902077" declared "fold:0"
"['b10902035']" won the round 1 (stack = {'b10902035': 1005, 'b10902077': 995})
community cards of this round: ['HJ', 'D7', 'S3', 'D8', 'H9']
name: b10902035, hole_card: ['H3', 'C5']
name: b10902077, hole_card: ['HT', 'S9']
Started the round 2
Street "preflop" started. (community card = [])
name: b10902035, hole_card: ['H3', 'C5']
name: b10902077, hole_card: ['HT', 'S9']
"b10902035" declared "call:10"
name: b10902035, hole_card: ['H3', 'C5']
name: b10902077, hole_card: ['HT', 'S9']
"b10902077" declared "raise:21.0"
name: b10902035, hole_card: ['H3', 'C5']
name: b10902077, hole_card: ['HT', 'S9']
"b10902035" declared "call:21.0"
Street "flop" started. (community card = ['HJ', 'D7', 'S3'])
name: b10902035, hole_card: ['H3', 'C5']
name: b10902077, hole_card: ['HT', 'S9']
"b10902035" declared "call:0"
name: b10902035, hole_card: ['H3', 'C5']
name: b10902077, hole_card: ['HT', 'S9']
"b10902077" declared "call:0"
Street "turn" started. (community card = ['HJ', 'D7', 'S3', 'D8'])
name: b10902035, hole_card: ['H3', 'C5']
name: b10902077, hole_card: ['HT', 'S9']
"b10902035" declared "call:0"
name: b10902035, hole_card: ['H3', 'C5']
name: b10902077, hole_card: ['HT', 'S9']
"b10902077" declared "raise:974.0"
name: b10902035, hole_card: ['H3', 'C5']
name: b10902077, hole_card: ['HT', 'S9']
"b10902035" declared "fold:0"
"['b10902077']" won the round 2 (stack = {'b10902035': 984.0, 'b10902077': 1016.0})
community cards of this round: ['S2', 'H9', 'H4', 'S7', 'SK']
name: b10902035, hole_card: ['S8', 'H6']
name: b10902077, hole_card: ['C3', 'D2']
Started the round 3
Street "preflop" started. (community card = [])
name: b10902035, hole_card: ['S8', 'H6']
name: b10902077, hole_card: ['C3', 'D2']
"b10902077" declared "fold:0"
"['b10902035']" won the round 3 (stack = {'b10902035': 989.0, 'b10902077': 1011.0})
community cards of this round: ['CK', 'C7', 'C2', 'D9', 'D3']
name: b10902035, hole_card: ['C6', 'DJ']
name: b10902077, hole_card: ['C5', 'DK']
Started the round 4
Street "preflop" started. (community card = [])
name: b10902035, hole_card: ['C6', 'DJ']
name: b10902077, hole_card: ['C5', 'DK']
"b10902035" declared "raise:181.0"
name: b10902035, hole_card: ['C6', 'DJ']
name: b10902077, hole_card: ['C5', 'DK']
"b10902077" declared "fold:0"
"['b10902035']" won the round 4 (stack = {'b10902035': 999.0, 'b10902077': 1001.0})
community cards of this round: ['C9', 'HJ', 'D7', 'H3', 'CA']
name: b10902035, hole_card: ['H5', 'H2']
name: b10902077, hole_card: ['SJ', 'ST']
Started the round 5
Street "preflop" started. (community card = [])
name: b10902035, hole_card: ['H5', 'H2']
name: b10902077, hole_card: ['SJ', 'ST']
"b10902077" declared "raise:18.0"
name: b10902035, hole_card: ['H5', 'H2']
name: b10902077, hole_card: ['SJ', 'ST']
"b10902035" declared "raise:161.0"
name: b10902035, hole_card: ['H5', 'H2']
name: b10902077, hole_card: ['SJ', 'ST']
"b10902077" declared "call:161.0"
Street "flop" started. (community card = ['C9', 'HJ', 'D7'])
name: b10902035, hole_card: ['H5', 'H2']
name: b10902077, hole_card: ['SJ', 'ST']
"b10902077" declared "raise:840.0"
name: b10902035, hole_card: ['H5', 'H2']
name: b10902077, hole_card: ['SJ', 'ST']
"b10902035" declared "call:840.0"
Street "turn" started. (community card = ['C9', 'HJ', 'D7', 'H3'])
Street "river" started. (community card = ['C9', 'HJ', 'D7', 'H3', 'CA'])
"['b10902077']" won the round 5 (stack = {'b10902035': 0.0, 'b10902077': 2000.0})
b10902077 vs b10902035 - Game 3: {'rule': {'initial_stack': 1000, 'max_round': 20, 'small_blind_amount': 5, 'ante': 0, 'blind_structure': {}}, 'players': [{'name': 'b10902035', 'uuid': 'asbyfuibszzypxjgzzpsek', 'stack': 0, 'state': 'folded'}, {'name': 'b10902077', 'uuid': 'gitiuvmcshrnhjzqctbcuo', 'stack': 2000.0, 'state': 'participating'}]}
community cards of this round: ['C9', 'HK', 'D2', 'C8', 'D5']
name: b10902077, hole_card: ['SQ', 'C6']
name: b10902035, hole_card: ['C3', 'C7']
Started the round 1
Street "preflop" started. (community card = [])
name: b10902077, hole_card: ['SQ', 'C6']
name: b10902035, hole_card: ['C3', 'C7']
"b10902035" declared "raise:200"
name: b10902077, hole_card: ['SQ', 'C6']
name: b10902035, hole_card: ['C3', 'C7']
"b10902077" declared "fold:0"
"['b10902035']" won the round 1 (stack = {'b10902077': 990, 'b10902035': 1010})
community cards of this round: ['HJ', 'D7', 'S3', 'D8', 'H9']
name: b10902077, hole_card: ['H3', 'C5']
name: b10902035, hole_card: ['HT', 'S9']
Started the round 2
Street "preflop" started. (community card = [])
name: b10902077, hole_card: ['H3', 'C5']
name: b10902035, hole_card: ['HT', 'S9']
"b10902077" declared "fold:0"
"['b10902035']" won the round 2 (stack = {'b10902077': 985, 'b10902035': 1015})
community cards of this round: ['S2', 'H9', 'H4', 'S7', 'SK']
name: b10902077, hole_card: ['S8', 'H6']
name: b10902035, hole_card: ['C3', 'D2']
Started the round 3
Street "preflop" started. (community card = [])
name: b10902077, hole_card: ['S8', 'H6']
name: b10902035, hole_card: ['C3', 'D2']
"b10902035" declared "call:10"
name: b10902077, hole_card: ['S8', 'H6']
name: b10902035, hole_card: ['C3', 'D2']
"b10902077" declared "call:10"
Street "flop" started. (community card = ['S2', 'H9', 'H4'])
name: b10902077, hole_card: ['S8', 'H6']
name: b10902035, hole_card: ['C3', 'D2']
"b10902035" declared "call:0"
name: b10902077, hole_card: ['S8', 'H6']
name: b10902035, hole_card: ['C3', 'D2']
"b10902077" declared "call:0"
Street "turn" started. (community card = ['S2', 'H9', 'H4', 'S7'])
name: b10902077, hole_card: ['S8', 'H6']
name: b10902035, hole_card: ['C3', 'D2']
"b10902035" declared "call:0"
name: b10902077, hole_card: ['S8', 'H6']
name: b10902035, hole_card: ['C3', 'D2']
"b10902077" declared "call:0"
Street "river" started. (community card = ['S2', 'H9', 'H4', 'S7', 'SK'])
name: b10902077, hole_card: ['S8', 'H6']
name: b10902035, hole_card: ['C3', 'D2']
"b10902035" declared "call:0"
name: b10902077, hole_card: ['S8', 'H6']
name: b10902035, hole_card: ['C3', 'D2']
"b10902077" declared "call:0"
"['b10902035']" won the round 3 (stack = {'b10902077': 975, 'b10902035': 1025})
community cards of this round: ['CK', 'C7', 'C2', 'D9', 'D3']
name: b10902077, hole_card: ['C6', 'DJ']
name: b10902035, hole_card: ['C5', 'DK']
Started the round 4
Street "preflop" started. (community card = [])
name: b10902077, hole_card: ['C6', 'DJ']
name: b10902035, hole_card: ['C5', 'DK']
"b10902077" declared "call:10"
name: b10902077, hole_card: ['C6', 'DJ']
name: b10902035, hole_card: ['C5', 'DK']
"b10902035" declared "raise:145"
name: b10902077, hole_card: ['C6', 'DJ']
name: b10902035, hole_card: ['C5', 'DK']
"b10902077" declared "fold:0"
"['b10902035']" won the round 4 (stack = {'b10902077': 965, 'b10902035': 1035})
community cards of this round: ['C9', 'HJ', 'D7', 'H3', 'CA']
name: b10902077, hole_card: ['H5', 'H2']
name: b10902035, hole_card: ['SJ', 'ST']
Started the round 5
Street "preflop" started. (community card = [])
name: b10902077, hole_card: ['H5', 'H2']
name: b10902035, hole_card: ['SJ', 'ST']
"b10902035" declared "raise:125"
name: b10902077, hole_card: ['H5', 'H2']
name: b10902035, hole_card: ['SJ', 'ST']
"b10902077" declared "fold:0"
"['b10902035']" won the round 5 (stack = {'b10902077': 955, 'b10902035': 1045})
community cards of this round: ['HA', 'HQ', 'S9', 'C2', 'DQ']
name: b10902077, hole_card: ['H4', 'D8']
name: b10902035, hole_card: ['S6', 'H8']
Started the round 6
Street "preflop" started. (community card = [])
name: b10902077, hole_card: ['H4', 'D8']
name: b10902035, hole_card: ['S6', 'H8']
"b10902077" declared "fold:0"
"['b10902035']" won the round 6 (stack = {'b10902077': 950, 'b10902035': 1050})
community cards of this round: ['CK', 'SK', 'CA', 'C6', 'C5']
name: b10902077, hole_card: ['DJ', 'SJ']
name: b10902035, hole_card: ['H9', 'HK']
Started the round 7
Street "preflop" started. (community card = [])
name: b10902077, hole_card: ['DJ', 'SJ']
name: b10902035, hole_card: ['H9', 'HK']
"b10902035" declared "call:10"
name: b10902077, hole_card: ['DJ', 'SJ']
name: b10902035, hole_card: ['H9', 'HK']
"b10902077" declared "raise:70.0"
name: b10902077, hole_card: ['DJ', 'SJ']
name: b10902035, hole_card: ['H9', 'HK']
"b10902035" declared "call:70.0"
Street "flop" started. (community card = ['CK', 'SK', 'CA'])
name: b10902077, hole_card: ['DJ', 'SJ']
name: b10902035, hole_card: ['H9', 'HK']
"b10902035" declared "call:0"
name: b10902077, hole_card: ['DJ', 'SJ']
name: b10902035, hole_card: ['H9', 'HK']
"b10902077" declared "raise:423.0"
name: b10902077, hole_card: ['DJ', 'SJ']
name: b10902035, hole_card: ['H9', 'HK']
"b10902035" declared "fold:0"
"['b10902077']" won the round 7 (stack = {'b10902077': 1020.0, 'b10902035': 980.0})
community cards of this round: ['C6', 'S5', 'DK', 'S2', 'D6']
name: b10902077, hole_card: ['DQ', 'C8']
name: b10902035, hole_card: ['SQ', 'HT']
Started the round 8
Street "preflop" started. (community card = [])
name: b10902077, hole_card: ['DQ', 'C8']
name: b10902035, hole_card: ['SQ', 'HT']
"b10902077" declared "call:10"
name: b10902077, hole_card: ['DQ', 'C8']
name: b10902035, hole_card: ['SQ', 'HT']
"b10902035" declared "raise:150.0"
name: b10902077, hole_card: ['DQ', 'C8']
name: b10902035, hole_card: ['SQ', 'HT']
"b10902077" declared "call:150.0"
Street "flop" started. (community card = ['C6', 'S5', 'DK'])
name: b10902077, hole_card: ['DQ', 'C8']
name: b10902035, hole_card: ['SQ', 'HT']
"b10902077" declared "call:0"
name: b10902077, hole_card: ['DQ', 'C8']
name: b10902035, hole_card: ['SQ', 'HT']
"b10902035" declared "call:0"
Street "turn" started. (community card = ['C6', 'S5', 'DK', 'S2'])
name: b10902077, hole_card: ['DQ', 'C8']
name: b10902035, hole_card: ['SQ', 'HT']
"b10902077" declared "call:0"
name: b10902077, hole_card: ['DQ', 'C8']
name: b10902035, hole_card: ['SQ', 'HT']
"b10902035" declared "call:0"
Street "river" started. (community card = ['C6', 'S5', 'DK', 'S2', 'D6'])
name: b10902077, hole_card: ['DQ', 'C8']
name: b10902035, hole_card: ['SQ', 'HT']
"b10902077" declared "call:0"
name: b10902077, hole_card: ['DQ', 'C8']
name: b10902035, hole_card: ['SQ', 'HT']
"b10902035" declared "call:0"
"['b10902035']" won the round 8 (stack = {'b10902077': 870.0, 'b10902035': 1130.0})
community cards of this round: ['H4', 'D9', 'C2', 'S3', 'H5']
name: b10902077, hole_card: ['CQ', 'C5']
name: b10902035, hole_card: ['HJ', 'SA']
Started the round 9
Street "preflop" started. (community card = [])
name: b10902077, hole_card: ['CQ', 'C5']
name: b10902035, hole_card: ['HJ', 'SA']
"b10902035" declared "fold:0"
"['b10902077']" won the round 9 (stack = {'b10902077': 875.0, 'b10902035': 1125.0})
community cards of this round: ['HK', 'DT', 'CA', 'H5', 'CT']
name: b10902077, hole_card: ['DK', 'HJ']
name: b10902035, hole_card: ['D4', 'S8']
Started the round 10
Street "preflop" started. (community card = [])
name: b10902077, hole_card: ['DK', 'HJ']
name: b10902035, hole_card: ['D4', 'S8']
"b10902077" declared "raise:16.0"
name: b10902077, hole_card: ['DK', 'HJ']
name: b10902035, hole_card: ['D4', 'S8']
"b10902035" declared "fold:0"
"['b10902077']" won the round 10 (stack = {'b10902077': 885.0, 'b10902035': 1115.0})
community cards of this round: ['S8', 'D8', 'D9', 'C2', 'S6']
name: b10902077, hole_card: ['C8', 'HQ']
name: b10902035, hole_card: ['SA', 'C4']
Started the round 11
Street "preflop" started. (community card = [])
name: b10902077, hole_card: ['C8', 'HQ']
name: b10902035, hole_card: ['SA', 'C4']
"b10902035" declared "fold:0"
"['b10902077']" won the round 11 (stack = {'b10902077': 890.0, 'b10902035': 1110.0})
community cards of this round: ['HK', 'DK', 'DJ', 'CT', 'HQ']
name: b10902077, hole_card: ['D8', 'C8']
name: b10902035, hole_card: ['CQ', 'D9']
Started the round 12
Street "preflop" started. (community card = [])
name: b10902077, hole_card: ['D8', 'C8']
name: b10902035, hole_card: ['CQ', 'D9']
"b10902077" declared "raise:35.0"
name: b10902077, hole_card: ['D8', 'C8']
name: b10902035, hole_card: ['CQ', 'D9']
"b10902035" declared "fold:0"
"['b10902077']" won the round 12 (stack = {'b10902077': 900.0, 'b10902035': 1100.0})
community cards of this round: ['C4', 'C8', 'D5', 'H4', 'D9']
name: b10902077, hole_card: ['S9', 'SA']
name: b10902035, hole_card: ['HQ', 'C2']
Started the round 13
Street "preflop" started. (community card = [])
name: b10902077, hole_card: ['S9', 'SA']
name: b10902035, hole_card: ['HQ', 'C2']
"b10902035" declared "fold:0"
"['b10902077']" won the round 13 (stack = {'b10902077': 905.0, 'b10902035': 1095.0})
community cards of this round: ['H5', 'H9', 'DA', 'H4', 'DK']
name: b10902077, hole_card: ['D6', 'C8']
name: b10902035, hole_card: ['SK', 'HJ']
Started the round 14
Street "preflop" started. (community card = [])
name: b10902077, hole_card: ['D6', 'C8']
name: b10902035, hole_card: ['SK', 'HJ']
"b10902077" declared "call:10"
name: b10902077, hole_card: ['D6', 'C8']
name: b10902035, hole_card: ['SK', 'HJ']
"b10902035" declared "fold:0"
"['b10902077']" won the round 14 (stack = {'b10902077': 915.0, 'b10902035': 1085.0})
community cards of this round: ['C7', 'S4', 'DQ', 'H8', 'H6']
name: b10902077, hole_card: ['HJ', 'D9']
name: b10902035, hole_card: ['D7', 'DJ']
Started the round 15
Street "preflop" started. (community card = [])
name: b10902077, hole_card: ['HJ', 'D9']
name: b10902035, hole_card: ['D7', 'DJ']
"b10902035" declared "fold:0"
"['b10902077']" won the round 15 (stack = {'b10902077': 920.0, 'b10902035': 1080.0})
community cards of this round: ['HA', 'SQ', 'CK', 'CA', 'C9']
name: b10902077, hole_card: ['S7', 'CQ']
name: b10902035, hole_card: ['H5', 'DT']
Started the round 16
Street "preflop" started. (community card = [])
name: b10902077, hole_card: ['S7', 'CQ']
name: b10902035, hole_card: ['H5', 'DT']
"b10902077" declared "call:10"
name: b10902077, hole_card: ['S7', 'CQ']
name: b10902035, hole_card: ['H5', 'DT']
"b10902035" declared "fold:0"
"['b10902077']" won the round 16 (stack = {'b10902077': 930.0, 'b10902035': 1070.0})
community cards of this round: ['S6', 'H7', 'D9', 'D8', 'HQ']
name: b10902077, hole_card: ['S7', 'C3']
name: b10902035, hole_card: ['C2', 'S2']
Started the round 17
Street "preflop" started. (community card = [])
name: b10902077, hole_card: ['S7', 'C3']
name: b10902035, hole_card: ['C2', 'S2']
"b10902035" declared "fold:0"
"['b10902077']" won the round 17 (stack = {'b10902077': 935.0, 'b10902035': 1065.0})
community cards of this round: ['CA', 'H5', 'H4', 'HQ', 'DQ']
name: b10902077, hole_card: ['S9', 'D3']
name: b10902035, hole_card: ['ST', 'C5']
Started the round 18
Street "preflop" started. (community card = [])
name: b10902077, hole_card: ['S9', 'D3']
name: b10902035, hole_card: ['ST', 'C5']
"b10902077" declared "fold:0"
"['b10902035']" won the round 18 (stack = {'b10902077': 930.0, 'b10902035': 1070.0})
community cards of this round: ['CT', 'C5', 'H8', 'HT', 'H4']
name: b10902077, hole_card: ['D5', 'SK']
name: b10902035, hole_card: ['C6', 'S3']
Started the round 19
Street "preflop" started. (community card = [])
name: b10902077, hole_card: ['D5', 'SK']
name: b10902035, hole_card: ['C6', 'S3']
"b10902035" declared "fold:0"
"['b10902077']" won the round 19 (stack = {'b10902077': 935.0, 'b10902035': 1065.0})
community cards of this round: ['DQ', 'CJ', 'HA', 'C4', 'S9']
name: b10902077, hole_card: ['S3', 'D4']
name: b10902035, hole_card: ['ST', 'CA']
Started the round 20
Street "preflop" started. (community card = [])
name: b10902077, hole_card: ['S3', 'D4']
name: b10902035, hole_card: ['ST', 'CA']
"b10902077" declared "fold:0"
"['b10902035']" won the round 20 (stack = {'b10902077': 930.0, 'b10902035': 1070.0})
b10902077 vs b10902035 - Game 4: {'rule': {'initial_stack': 1000, 'max_round': 20, 'small_blind_amount': 5, 'ante': 0, 'blind_structure': {}}, 'players': [{'name': 'b10902077', 'uuid': 'tlpyuhhyayeahauktjttdy', 'stack': 930.0, 'state': 'participating'}, {'name': 'b10902035', 'uuid': 'kdscpfadpfrprenwqkxjks', 'stack': 1070.0, 'state': 'participating'}]}
community cards of this round: ['D3', 'C4', 'C3', 'S2', 'DJ']
name: b10902035, hole_card: ['S6', 'H4']
name: b10902077, hole_card: ['C2', 'SK']
Started the round 1
Street "preflop" started. (community card = [])
name: b10902035, hole_card: ['S6', 'H4']
name: b10902077, hole_card: ['C2', 'SK']
"b10902077" declared "fold:0"
"['b10902035']" won the round 1 (stack = {'b10902035': 1005, 'b10902077': 995})
community cards of this round: ['S2', 'S7', 'CQ', 'D6', 'H3']
name: b10902035, hole_card: ['CJ', 'DQ']
name: b10902077, hole_card: ['S8', 'SQ']
Started the round 2
Street "preflop" started. (community card = [])
name: b10902035, hole_card: ['CJ', 'DQ']
name: b10902077, hole_card: ['S8', 'SQ']
"b10902035" declared "raise:185"
name: b10902035, hole_card: ['CJ', 'DQ']
name: b10902077, hole_card: ['S8', 'SQ']
"b10902077" declared "call:185"
Street "flop" started. (community card = ['S2', 'S7', 'CQ'])
name: b10902035, hole_card: ['CJ', 'DQ']
name: b10902077, hole_card: ['S8', 'SQ']
"b10902035" declared "call:0"
name: b10902035, hole_card: ['CJ', 'DQ']
name: b10902077, hole_card: ['S8', 'SQ']
"b10902077" declared "raise:810"
name: b10902035, hole_card: ['CJ', 'DQ']
name: b10902077, hole_card: ['S8', 'SQ']
"b10902035" declared "call:810"
Street "turn" started. (community card = ['S2', 'S7', 'CQ', 'D6'])
Street "river" started. (community card = ['S2', 'S7', 'CQ', 'D6', 'H3'])
"['b10902035']" won the round 2 (stack = {'b10902035': 2000, 'b10902077': 0})
b10902077 vs b10902035 - Game 5: {'rule': {'initial_stack': 1000, 'max_round': 20, 'small_blind_amount': 5, 'ante': 0, 'blind_structure': {}}, 'players': [{'name': 'b10902035', 'uuid': 'qqvzumrvzotdetkrfoisek', 'stack': 2000, 'state': 'participating'}, {'name': 'b10902077', 'uuid': 'atdcgktixbembqflikjssh', 'stack': 0, 'state': 'folded'}]}
Final Result: b10902077 won 3 games (stack: 5947.0), b10902035 won 2 games (stack: 4053.0), num ties: 0
