community cards of this round: ['S3', 'S6', 'C9', 'SA', 'S7']
name: b09202004, hole_card: ['H7', 'S8']
name: b10902039, hole_card: ['DA', 'D4']
Started the round 1
Street "preflop" started. (community card = [])
name: b09202004, hole_card: ['H7', 'S8']
name: b10902039, hole_card: ['DA', 'D4']
"b10902039" declared "call:10"
name: b09202004, hole_card: ['H7', 'S8']
name: b10902039, hole_card: ['DA', 'D4']
"b09202004" declared "fold:0"
"['b10902039']" won the round 1 (stack = {'b09202004': 990, 'b10902039': 1010})
community cards of this round: ['HQ', 'S2', 'C5', 'SJ', 'HA']
name: b09202004, hole_card: ['H5', 'DA']
name: b10902039, hole_card: ['HK', 'S9']
Started the round 2
Street "preflop" started. (community card = [])
name: b09202004, hole_card: ['H5', 'DA']
name: b10902039, hole_card: ['HK', 'S9']
"b09202004" declared "call:10"
name: b09202004, hole_card: ['H5', 'DA']
name: b10902039, hole_card: ['HK', 'S9']
"b10902039" declared "call:10"
Street "flop" started. (community card = ['HQ', 'S2', 'C5'])
name: b09202004, hole_card: ['H5', 'DA']
name: b10902039, hole_card: ['HK', 'S9']
"b09202004" declared "call:0"
name: b09202004, hole_card: ['H5', 'DA']
name: b10902039, hole_card: ['HK', 'S9']
"b10902039" declared "call:0"
Street "turn" started. (community card = ['HQ', 'S2', 'C5', 'SJ'])
name: b09202004, hole_card: ['H5', 'DA']
name: b10902039, hole_card: ['HK', 'S9']
"b09202004" declared "call:0"
name: b09202004, hole_card: ['H5', 'DA']
name: b10902039, hole_card: ['HK', 'S9']
"b10902039" declared "call:0"
Street "river" started. (community card = ['HQ', 'S2', 'C5', 'SJ', 'HA'])
name: b09202004, hole_card: ['H5', 'DA']
name: b10902039, hole_card: ['HK', 'S9']
"b09202004" declared "raise:970"
name: b09202004, hole_card: ['H5', 'DA']
name: b10902039, hole_card: ['HK', 'S9']
"b10902039" declared "raise:-1.0", Invalid action. Treat as fold...
"['b09202004']" won the round 2 (stack = {'b09202004': 1000, 'b10902039': 1000})
community cards of this round: ['S4', 'D7', 'SA', 'H9', 'C9']
name: b09202004, hole_card: ['HQ', 'DK']
name: b10902039, hole_card: ['CK', 'D8']
Started the round 3
Street "preflop" started. (community card = [])
name: b09202004, hole_card: ['HQ', 'DK']
name: b10902039, hole_card: ['CK', 'D8']
"b10902039" declared "call:10"
name: b09202004, hole_card: ['HQ', 'DK']
name: b10902039, hole_card: ['CK', 'D8']
"b09202004" declared "call:10"
Street "flop" started. (community card = ['S4', 'D7', 'SA'])
name: b09202004, hole_card: ['HQ', 'DK']
name: b10902039, hole_card: ['CK', 'D8']
"b10902039" declared "call:0"
name: b09202004, hole_card: ['HQ', 'DK']
name: b10902039, hole_card: ['CK', 'D8']
"b09202004" declared "call:0"
Street "turn" started. (community card = ['S4', 'D7', 'SA', 'H9'])
name: b09202004, hole_card: ['HQ', 'DK']
name: b10902039, hole_card: ['CK', 'D8']
"b10902039" declared "call:0"
name: b09202004, hole_card: ['HQ', 'DK']
name: b10902039, hole_card: ['CK', 'D8']
"b09202004" declared "call:0"
Street "river" started. (community card = ['S4', 'D7', 'SA', 'H9', 'C9'])
name: b09202004, hole_card: ['HQ', 'DK']
name: b10902039, hole_card: ['CK', 'D8']
"b10902039" declared "call:0"
name: b09202004, hole_card: ['HQ', 'DK']
name: b10902039, hole_card: ['CK', 'D8']
"b09202004" declared "call:0"
"['b09202004']" won the round 3 (stack = {'b09202004': 1010, 'b10902039': 990})
community cards of this round: ['HQ', 'H8', 'SQ', 'H6', 'C6']
name: b09202004, hole_card: ['S9', 'HJ']
name: b10902039, hole_card: ['D5', 'C2']
Started the round 4
Street "preflop" started. (community card = [])
name: b09202004, hole_card: ['S9', 'HJ']
name: b10902039, hole_card: ['D5', 'C2']
"b09202004" declared "raise:995"
name: b09202004, hole_card: ['S9', 'HJ']
name: b10902039, hole_card: ['D5', 'C2']
"b10902039" declared "raise:-1.0", Invalid action. Treat as fold...
"['b09202004']" won the round 4 (stack = {'b09202004': 1020, 'b10902039': 980})
community cards of this round: ['C7', 'CA', 'HT', 'HA', 'C2']
name: b09202004, hole_card: ['S6', 'S5']
name: b10902039, hole_card: ['D6', 'D8']
Started the round 5
Street "preflop" started. (community card = [])
name: b09202004, hole_card: ['S6', 'S5']
name: b10902039, hole_card: ['D6', 'D8']
"b10902039" declared "call:10"
name: b09202004, hole_card: ['S6', 'S5']
name: b10902039, hole_card: ['D6', 'D8']
"b09202004" declared "raise:1005"
name: b09202004, hole_card: ['S6', 'S5']
name: b10902039, hole_card: ['D6', 'D8']
"b10902039" declared "raise:-1.0", Invalid action. Treat as fold...
"['b09202004']" won the round 5 (stack = {'b09202004': 1030, 'b10902039': 970})
community cards of this round: ['SK', 'CT', 'S9', 'HT', 'H4']
name: b09202004, hole_card: ['H9', 'CJ']
name: b10902039, hole_card: ['D5', 'C7']
Started the round 6
Street "preflop" started. (community card = [])
name: b09202004, hole_card: ['H9', 'CJ']
name: b10902039, hole_card: ['D5', 'C7']
"b09202004" declared "fold:0"
"['b10902039']" won the round 6 (stack = {'b09202004': 1025, 'b10902039': 975})
community cards of this round: ['CT', 'D9', 'S2', 'H7', 'H6']
name: b09202004, hole_card: ['SQ', 'H2']
name: b10902039, hole_card: ['C8', 'DA']
Started the round 7
Street "preflop" started. (community card = [])
name: b09202004, hole_card: ['SQ', 'H2']
name: b10902039, hole_card: ['C8', 'DA']
"b10902039" declared "call:10"
name: b09202004, hole_card: ['SQ', 'H2']
name: b10902039, hole_card: ['C8', 'DA']
"b09202004" declared "call:10"
Street "flop" started. (community card = ['CT', 'D9', 'S2'])
name: b09202004, hole_card: ['SQ', 'H2']
name: b10902039, hole_card: ['C8', 'DA']
"b10902039" declared "call:0"
name: b09202004, hole_card: ['SQ', 'H2']
name: b10902039, hole_card: ['C8', 'DA']
"b09202004" declared "call:0"
Street "turn" started. (community card = ['CT', 'D9', 'S2', 'H7'])
name: b09202004, hole_card: ['SQ', 'H2']
name: b10902039, hole_card: ['C8', 'DA']
"b10902039" declared "call:0"
name: b09202004, hole_card: ['SQ', 'H2']
name: b10902039, hole_card: ['C8', 'DA']
"b09202004" declared "call:0"
Street "river" started. (community card = ['CT', 'D9', 'S2', 'H7', 'H6'])
name: b09202004, hole_card: ['SQ', 'H2']
name: b10902039, hole_card: ['C8', 'DA']
"b10902039" declared "call:0"
name: b09202004, hole_card: ['SQ', 'H2']
name: b10902039, hole_card: ['C8', 'DA']
"b09202004" declared "call:0"
"['b10902039']" won the round 7 (stack = {'b09202004': 1015, 'b10902039': 985})
community cards of this round: ['SJ', 'D8', 'H8', 'DK', 'HT']
name: b09202004, hole_card: ['H4', 'CJ']
name: b10902039, hole_card: ['C3', 'S2']
Started the round 8
Street "preflop" started. (community card = [])
name: b09202004, hole_card: ['H4', 'CJ']
name: b10902039, hole_card: ['C3', 'S2']
"b09202004" declared "call:10"
name: b09202004, hole_card: ['H4', 'CJ']
name: b10902039, hole_card: ['C3', 'S2']
"b10902039" declared "fold:0"
"['b09202004']" won the round 8 (stack = {'b09202004': 1025, 'b10902039': 975})
community cards of this round: ['HJ', 'SK', 'CA', 'D4', 'S6']
name: b09202004, hole_card: ['D3', 'C8']
name: b10902039, hole_card: ['H8', 'S7']
Started the round 9
Street "preflop" started. (community card = [])
name: b09202004, hole_card: ['D3', 'C8']
name: b10902039, hole_card: ['H8', 'S7']
"b10902039" declared "call:10"
name: b09202004, hole_card: ['D3', 'C8']
name: b10902039, hole_card: ['H8', 'S7']
"b09202004" declared "raise:1010"
name: b09202004, hole_card: ['D3', 'C8']
name: b10902039, hole_card: ['H8', 'S7']
"b10902039" declared "raise:-1.0", Invalid action. Treat as fold...
"['b09202004']" won the round 9 (stack = {'b09202004': 1035, 'b10902039': 965})
community cards of this round: ['H2', 'C4', 'CQ', 'HQ', 'CJ']
name: b09202004, hole_card: ['D9', 'D7']
name: b10902039, hole_card: ['DQ', 'ST']
Started the round 10
Street "preflop" started. (community card = [])
name: b09202004, hole_card: ['D9', 'D7']
name: b10902039, hole_card: ['DQ', 'ST']
"b09202004" declared "raise:1020"
name: b09202004, hole_card: ['D9', 'D7']
name: b10902039, hole_card: ['DQ', 'ST']
"b10902039" declared "raise:-1.0", Invalid action. Treat as fold...
"['b09202004']" won the round 10 (stack = {'b09202004': 1045, 'b10902039': 955})
community cards of this round: ['H3', 'C2', 'HJ', 'SA', 'H2']
name: b09202004, hole_card: ['HT', 'H6']
name: b10902039, hole_card: ['D6', 'SJ']
Started the round 11
Street "preflop" started. (community card = [])
name: b09202004, hole_card: ['HT', 'H6']
name: b10902039, hole_card: ['D6', 'SJ']
"b10902039" declared "fold:0"
"['b09202004']" won the round 11 (stack = {'b09202004': 1050, 'b10902039': 950})
community cards of this round: ['DT', 'CT', 'D7', 'S9', 'D4']
name: b09202004, hole_card: ['C6', 'DJ']
name: b10902039, hole_card: ['H8', 'H7']
Started the round 12
Street "preflop" started. (community card = [])
name: b09202004, hole_card: ['C6', 'DJ']
name: b10902039, hole_card: ['H8', 'H7']
"b09202004" declared "fold:0"
"['b10902039']" won the round 12 (stack = {'b09202004': 1045, 'b10902039': 955})
community cards of this round: ['C4', 'SQ', 'D4', 'CJ', 'S9']
name: b09202004, hole_card: ['CQ', 'C8']
name: b10902039, hole_card: ['HK', 'H2']
Started the round 13
Street "preflop" started. (community card = [])
name: b09202004, hole_card: ['CQ', 'C8']
name: b10902039, hole_card: ['HK', 'H2']
"b10902039" declared "call:10"
name: b09202004, hole_card: ['CQ', 'C8']
name: b10902039, hole_card: ['HK', 'H2']
"b09202004" declared "fold:0"
"['b10902039']" won the round 13 (stack = {'b09202004': 1035, 'b10902039': 965})
community cards of this round: ['CQ', 'DT', 'S8', 'HT', 'SK']
name: b09202004, hole_card: ['D7', 'HJ']
name: b10902039, hole_card: ['S7', 'DJ']
Started the round 14
Street "preflop" started. (community card = [])
name: b09202004, hole_card: ['D7', 'HJ']
name: b10902039, hole_card: ['S7', 'DJ']
"b09202004" declared "call:10"
name: b09202004, hole_card: ['D7', 'HJ']
name: b10902039, hole_card: ['S7', 'DJ']
"b10902039" declared "call:10"
Street "flop" started. (community card = ['CQ', 'DT', 'S8'])
name: b09202004, hole_card: ['D7', 'HJ']
name: b10902039, hole_card: ['S7', 'DJ']
"b09202004" declared "call:0"
name: b09202004, hole_card: ['D7', 'HJ']
name: b10902039, hole_card: ['S7', 'DJ']
"b10902039" declared "raise:482.5"
name: b09202004, hole_card: ['D7', 'HJ']
name: b10902039, hole_card: ['S7', 'DJ']
"b09202004" declared "raise:60.0", Invalid action. Treat as fold...
"['b10902039']" won the round 14 (stack = {'b09202004': 1025, 'b10902039': 974.5})
community cards of this round: ['S5', 'CK', 'DA', 'HK', 'S9']
name: b09202004, hole_card: ['D7', 'D6']
name: b10902039, hole_card: ['C4', 'SJ']
Started the round 15
Street "preflop" started. (community card = [])
name: b09202004, hole_card: ['D7', 'D6']
name: b10902039, hole_card: ['C4', 'SJ']
"b10902039" declared "fold:0"
"['b09202004']" won the round 15 (stack = {'b09202004': 1030, 'b10902039': 969.5})
community cards of this round: ['ST', 'S9', 'S7', 'D3', 'C4']
name: b09202004, hole_card: ['D8', 'SQ']
name: b10902039, hole_card: ['H5', 'C8']
Started the round 16
Street "preflop" started. (community card = [])
name: b09202004, hole_card: ['D8', 'SQ']
name: b10902039, hole_card: ['H5', 'C8']
"b09202004" declared "raise:1015"
name: b09202004, hole_card: ['D8', 'SQ']
name: b10902039, hole_card: ['H5', 'C8']
"b10902039" declared "raise:-1.0", Invalid action. Treat as fold...
"['b09202004']" won the round 16 (stack = {'b09202004': 1040, 'b10902039': 959.5})
community cards of this round: ['D3', 'S2', 'C5', 'H3', 'HQ']
name: b09202004, hole_card: ['C2', 'HA']
name: b10902039, hole_card: ['HT', 'D6']
Started the round 17
Street "preflop" started. (community card = [])
name: b09202004, hole_card: ['C2', 'HA']
name: b10902039, hole_card: ['HT', 'D6']
"b10902039" declared "raise:487.25"
name: b09202004, hole_card: ['C2', 'HA']
name: b10902039, hole_card: ['HT', 'D6']
"b09202004" declared "fold:0"
"['b10902039']" won the round 17 (stack = {'b09202004': 1030, 'b10902039': 969.25})
community cards of this round: ['ST', 'CQ', 'S2', 'HQ', 'D8']
name: b09202004, hole_card: ['D3', 'C7']
name: b10902039, hole_card: ['C9', 'S6']
Started the round 18
Street "preflop" started. (community card = [])
name: b09202004, hole_card: ['D3', 'C7']
name: b10902039, hole_card: ['C9', 'S6']
"b09202004" declared "call:10"
name: b09202004, hole_card: ['D3', 'C7']
name: b10902039, hole_card: ['C9', 'S6']
"b10902039" declared "raise:492.125"
name: b09202004, hole_card: ['D3', 'C7']
name: b10902039, hole_card: ['C9', 'S6']
"b09202004" declared "call:492.125"
Street "flop" started. (community card = ['ST', 'CQ', 'S2'])
name: b09202004, hole_card: ['D3', 'C7']
name: b10902039, hole_card: ['C9', 'S6']
"b09202004" declared "call:0"
name: b09202004, hole_card: ['D3', 'C7']
name: b10902039, hole_card: ['C9', 'S6']
"b10902039" declared "raise:243.5625"
name: b09202004, hole_card: ['D3', 'C7']
name: b10902039, hole_card: ['C9', 'S6']
"b09202004" declared "fold:0"
"['b10902039']" won the round 18 (stack = {'b09202004': 537.875, 'b10902039': 1460.5625})
community cards of this round: ['ST', 'H6', 'S6', 'D4', 'S2']
name: b09202004, hole_card: ['HK', 'HJ']
name: b10902039, hole_card: ['C2', 'D3']
Started the round 19
Street "preflop" started. (community card = [])
name: b09202004, hole_card: ['HK', 'HJ']
name: b10902039, hole_card: ['C2', 'D3']
"b10902039" declared "fold:0"
"['b09202004']" won the round 19 (stack = {'b09202004': 542.875, 'b10902039': 1455.5625})
community cards of this round: ['DA', 'CJ', 'DJ', 'C6', 'ST']
name: b09202004, hole_card: ['C3', 'SA']
name: b10902039, hole_card: ['S4', 'DT']
Started the round 20
Street "preflop" started. (community card = [])
name: b09202004, hole_card: ['C3', 'SA']
name: b10902039, hole_card: ['S4', 'DT']
"b09202004" declared "raise:527.875"
name: b09202004, hole_card: ['C3', 'SA']
name: b10902039, hole_card: ['S4', 'DT']
"b10902039" declared "fold:0"
"['b09202004']" won the round 20 (stack = {'b09202004': 552.0, 'b10902039': 1445.5625})
b10902039 vs b09202004 - Game 1: {'rule': {'initial_stack': 1000, 'max_round': 20, 'small_blind_amount': 5, 'ante': 0, 'blind_structure': {}}, 'players': [{'name': 'b09202004', 'uuid': 'ccooozhlwstcyrrakkawgw', 'stack': 552.0, 'state': 'participating'}, {'name': 'b10902039', 'uuid': 'rmgvyhxdhkkxbpyrrqlewl', 'stack': 1445.5625, 'state': 'participating'}]}
community cards of this round: ['S3', 'S6', 'C9', 'SA', 'S7']
name: b10902039, hole_card: ['H7', 'S8']
name: b09202004, hole_card: ['DA', 'D4']
Started the round 1
Street "preflop" started. (community card = [])
name: b10902039, hole_card: ['H7', 'S8']
name: b09202004, hole_card: ['DA', 'D4']
"b09202004" declared "raise:985"
name: b10902039, hole_card: ['H7', 'S8']
name: b09202004, hole_card: ['DA', 'D4']
"b10902039" declared "raise:-1.0", Invalid action. Treat as fold...
"['b09202004']" won the round 1 (stack = {'b10902039': 990, 'b09202004': 1010})
community cards of this round: ['HQ', 'S2', 'C5', 'SJ', 'HA']
name: b10902039, hole_card: ['H5', 'DA']
name: b09202004, hole_card: ['HK', 'S9']
Started the round 2
Street "preflop" started. (community card = [])
name: b10902039, hole_card: ['H5', 'DA']
name: b09202004, hole_card: ['HK', 'S9']
"b10902039" declared "call:10"
name: b10902039, hole_card: ['H5', 'DA']
name: b09202004, hole_card: ['HK', 'S9']
"b09202004" declared "call:10"
Street "flop" started. (community card = ['HQ', 'S2', 'C5'])
name: b10902039, hole_card: ['H5', 'DA']
name: b09202004, hole_card: ['HK', 'S9']
"b10902039" declared "call:0"
name: b10902039, hole_card: ['H5', 'DA']
name: b09202004, hole_card: ['HK', 'S9']
"b09202004" declared "call:0"
Street "turn" started. (community card = ['HQ', 'S2', 'C5', 'SJ'])
name: b10902039, hole_card: ['H5', 'DA']
name: b09202004, hole_card: ['HK', 'S9']
"b10902039" declared "call:0"
name: b10902039, hole_card: ['H5', 'DA']
name: b09202004, hole_card: ['HK', 'S9']
"b09202004" declared "call:0"
Street "river" started. (community card = ['HQ', 'S2', 'C5', 'SJ', 'HA'])
name: b10902039, hole_card: ['H5', 'DA']
name: b09202004, hole_card: ['HK', 'S9']
"b10902039" declared "call:0"
name: b10902039, hole_card: ['H5', 'DA']
name: b09202004, hole_card: ['HK', 'S9']
"b09202004" declared "call:0"
"['b10902039']" won the round 2 (stack = {'b10902039': 1000, 'b09202004': 1000})
community cards of this round: ['S4', 'D7', 'SA', 'H9', 'C9']
name: b10902039, hole_card: ['HQ', 'DK']
name: b09202004, hole_card: ['CK', 'D8']
Started the round 3
Street "preflop" started. (community card = [])
name: b10902039, hole_card: ['HQ', 'DK']
name: b09202004, hole_card: ['CK', 'D8']
"b09202004" declared "raise:985"
name: b10902039, hole_card: ['HQ', 'DK']
name: b09202004, hole_card: ['CK', 'D8']
"b10902039" declared "raise:-1.0", Invalid action. Treat as fold...
"['b09202004']" won the round 3 (stack = {'b10902039': 990, 'b09202004': 1010})
community cards of this round: ['HQ', 'H8', 'SQ', 'H6', 'C6']
name: b10902039, hole_card: ['S9', 'HJ']
name: b09202004, hole_card: ['D5', 'C2']
Started the round 4
Street "preflop" started. (community card = [])
name: b10902039, hole_card: ['S9', 'HJ']
name: b09202004, hole_card: ['D5', 'C2']
"b10902039" declared "call:10"
name: b10902039, hole_card: ['S9', 'HJ']
name: b09202004, hole_card: ['D5', 'C2']
"b09202004" declared "call:10"
Street "flop" started. (community card = ['HQ', 'H8', 'SQ'])
name: b10902039, hole_card: ['S9', 'HJ']
name: b09202004, hole_card: ['D5', 'C2']
"b10902039" declared "call:0"
name: b10902039, hole_card: ['S9', 'HJ']
name: b09202004, hole_card: ['D5', 'C2']
"b09202004" declared "call:0"
Street "turn" started. (community card = ['HQ', 'H8', 'SQ', 'H6'])
name: b10902039, hole_card: ['S9', 'HJ']
name: b09202004, hole_card: ['D5', 'C2']
"b10902039" declared "call:0"
name: b10902039, hole_card: ['S9', 'HJ']
name: b09202004, hole_card: ['D5', 'C2']
"b09202004" declared "call:0"
Street "river" started. (community card = ['HQ', 'H8', 'SQ', 'H6', 'C6'])
name: b10902039, hole_card: ['S9', 'HJ']
name: b09202004, hole_card: ['D5', 'C2']
"b10902039" declared "call:0"
name: b10902039, hole_card: ['S9', 'HJ']
name: b09202004, hole_card: ['D5', 'C2']
"b09202004" declared "call:0"
"['b10902039']" won the round 4 (stack = {'b10902039': 1000, 'b09202004': 1000})
community cards of this round: ['C7', 'CA', 'HT', 'HA', 'C2']
name: b10902039, hole_card: ['S6', 'S5']
name: b09202004, hole_card: ['D6', 'D8']
Started the round 5
Street "preflop" started. (community card = [])
name: b10902039, hole_card: ['S6', 'S5']
name: b09202004, hole_card: ['D6', 'D8']
"b09202004" declared "raise:985"
name: b10902039, hole_card: ['S6', 'S5']
name: b09202004, hole_card: ['D6', 'D8']
"b10902039" declared "raise:-1.0", Invalid action. Treat as fold...
"['b09202004']" won the round 5 (stack = {'b10902039': 990, 'b09202004': 1010})
community cards of this round: ['SK', 'CT', 'S9', 'HT', 'H4']
name: b10902039, hole_card: ['H9', 'CJ']
name: b09202004, hole_card: ['D5', 'C7']
Started the round 6
Street "preflop" started. (community card = [])
name: b10902039, hole_card: ['H9', 'CJ']
name: b09202004, hole_card: ['D5', 'C7']
"b10902039" declared "call:10"
name: b10902039, hole_card: ['H9', 'CJ']
name: b09202004, hole_card: ['D5', 'C7']
"b09202004" declared "fold:0"
"['b10902039']" won the round 6 (stack = {'b10902039': 1000, 'b09202004': 1000})
community cards of this round: ['CT', 'D9', 'S2', 'H7', 'H6']
name: b10902039, hole_card: ['SQ', 'H2']
name: b09202004, hole_card: ['C8', 'DA']
Started the round 7
Street "preflop" started. (community card = [])
name: b10902039, hole_card: ['SQ', 'H2']
name: b09202004, hole_card: ['C8', 'DA']
"b09202004" declared "raise:985"
name: b10902039, hole_card: ['SQ', 'H2']
name: b09202004, hole_card: ['C8', 'DA']
"b10902039" declared "raise:-1.0", Invalid action. Treat as fold...
"['b09202004']" won the round 7 (stack = {'b10902039': 990, 'b09202004': 1010})
community cards of this round: ['SJ', 'D8', 'H8', 'DK', 'HT']
name: b10902039, hole_card: ['H4', 'CJ']
name: b09202004, hole_card: ['C3', 'S2']
Started the round 8
Street "preflop" started. (community card = [])
name: b10902039, hole_card: ['H4', 'CJ']
name: b09202004, hole_card: ['C3', 'S2']
"b10902039" declared "fold:0"
"['b09202004']" won the round 8 (stack = {'b10902039': 985, 'b09202004': 1015})
community cards of this round: ['HJ', 'SK', 'CA', 'D4', 'S6']
name: b10902039, hole_card: ['D3', 'C8']
name: b09202004, hole_card: ['H8', 'S7']
Started the round 9
Street "preflop" started. (community card = [])
name: b10902039, hole_card: ['D3', 'C8']
name: b09202004, hole_card: ['H8', 'S7']
"b09202004" declared "fold:0"
"['b10902039']" won the round 9 (stack = {'b10902039': 990, 'b09202004': 1010})
community cards of this round: ['H2', 'C4', 'CQ', 'HQ', 'CJ']
name: b10902039, hole_card: ['D9', 'D7']
name: b09202004, hole_card: ['DQ', 'ST']
Started the round 10
Street "preflop" started. (community card = [])
name: b10902039, hole_card: ['D9', 'D7']
name: b09202004, hole_card: ['DQ', 'ST']
"b10902039" declared "call:10"
name: b10902039, hole_card: ['D9', 'D7']
name: b09202004, hole_card: ['DQ', 'ST']
"b09202004" declared "raise:995"
name: b10902039, hole_card: ['D9', 'D7']
name: b09202004, hole_card: ['DQ', 'ST']
"b10902039" declared "raise:-1.0", Invalid action. Treat as fold...
"['b09202004']" won the round 10 (stack = {'b10902039': 980, 'b09202004': 1020})
community cards of this round: ['H3', 'C2', 'HJ', 'SA', 'H2']
name: b10902039, hole_card: ['HT', 'H6']
name: b09202004, hole_card: ['D6', 'SJ']
Started the round 11
Street "preflop" started. (community card = [])
name: b10902039, hole_card: ['HT', 'H6']
name: b09202004, hole_card: ['D6', 'SJ']
"b09202004" declared "raise:1005"
name: b10902039, hole_card: ['HT', 'H6']
name: b09202004, hole_card: ['D6', 'SJ']
"b10902039" declared "raise:-1.0", Invalid action. Treat as fold...
"['b09202004']" won the round 11 (stack = {'b10902039': 970, 'b09202004': 1030})
community cards of this round: ['DT', 'CT', 'D7', 'S9', 'D4']
name: b10902039, hole_card: ['C6', 'DJ']
name: b09202004, hole_card: ['H8', 'H7']
Started the round 12
Street "preflop" started. (community card = [])
name: b10902039, hole_card: ['C6', 'DJ']
name: b09202004, hole_card: ['H8', 'H7']
"b10902039" declared "fold:0"
"['b09202004']" won the round 12 (stack = {'b10902039': 965, 'b09202004': 1035})
community cards of this round: ['C4', 'SQ', 'D4', 'CJ', 'S9']
name: b10902039, hole_card: ['CQ', 'C8']
name: b09202004, hole_card: ['HK', 'H2']
Started the round 13
Street "preflop" started. (community card = [])
name: b10902039, hole_card: ['CQ', 'C8']
name: b09202004, hole_card: ['HK', 'H2']
"b09202004" declared "call:10"
name: b10902039, hole_card: ['CQ', 'C8']
name: b09202004, hole_card: ['HK', 'H2']
"b10902039" declared "call:10"
Street "flop" started. (community card = ['C4', 'SQ', 'D4'])
name: b10902039, hole_card: ['CQ', 'C8']
name: b09202004, hole_card: ['HK', 'H2']
"b09202004" declared "call:0"
name: b10902039, hole_card: ['CQ', 'C8']
name: b09202004, hole_card: ['HK', 'H2']
"b10902039" declared "call:0"
Street "turn" started. (community card = ['C4', 'SQ', 'D4', 'CJ'])
name: b10902039, hole_card: ['CQ', 'C8']
name: b09202004, hole_card: ['HK', 'H2']
"b09202004" declared "call:0"
name: b10902039, hole_card: ['CQ', 'C8']
name: b09202004, hole_card: ['HK', 'H2']
"b10902039" declared "call:0"
Street "river" started. (community card = ['C4', 'SQ', 'D4', 'CJ', 'S9'])
name: b10902039, hole_card: ['CQ', 'C8']
name: b09202004, hole_card: ['HK', 'H2']
"b09202004" declared "call:0"
name: b10902039, hole_card: ['CQ', 'C8']
name: b09202004, hole_card: ['HK', 'H2']
"b10902039" declared "call:0"
"['b10902039']" won the round 13 (stack = {'b10902039': 975, 'b09202004': 1025})
community cards of this round: ['CQ', 'DT', 'S8', 'HT', 'SK']
name: b10902039, hole_card: ['D7', 'HJ']
name: b09202004, hole_card: ['S7', 'DJ']
Started the round 14
Street "preflop" started. (community card = [])
name: b10902039, hole_card: ['D7', 'HJ']
name: b09202004, hole_card: ['S7', 'DJ']
"b10902039" declared "call:10"
name: b10902039, hole_card: ['D7', 'HJ']
name: b09202004, hole_card: ['S7', 'DJ']
"b09202004" declared "call:10"
Street "flop" started. (community card = ['CQ', 'DT', 'S8'])
name: b10902039, hole_card: ['D7', 'HJ']
name: b09202004, hole_card: ['S7', 'DJ']
"b10902039" declared "call:0"
name: b10902039, hole_card: ['D7', 'HJ']
name: b09202004, hole_card: ['S7', 'DJ']
"b09202004" declared "call:0"
Street "turn" started. (community card = ['CQ', 'DT', 'S8', 'HT'])
name: b10902039, hole_card: ['D7', 'HJ']
name: b09202004, hole_card: ['S7', 'DJ']
"b10902039" declared "call:0"
name: b10902039, hole_card: ['D7', 'HJ']
name: b09202004, hole_card: ['S7', 'DJ']
"b09202004" declared "call:0"
Street "river" started. (community card = ['CQ', 'DT', 'S8', 'HT', 'SK'])
name: b10902039, hole_card: ['D7', 'HJ']
name: b09202004, hole_card: ['S7', 'DJ']
"b10902039" declared "call:0"
name: b10902039, hole_card: ['D7', 'HJ']
name: b09202004, hole_card: ['S7', 'DJ']
"b09202004" declared "call:0"
"['b10902039', 'b09202004']" won the round 14 (stack = {'b10902039': 975, 'b09202004': 1025})
community cards of this round: ['S5', 'CK', 'DA', 'HK', 'S9']
name: b10902039, hole_card: ['D7', 'D6']
name: b09202004, hole_card: ['C4', 'SJ']
Started the round 15
Street "preflop" started. (community card = [])
name: b10902039, hole_card: ['D7', 'D6']
name: b09202004, hole_card: ['C4', 'SJ']
"b09202004" declared "fold:0"
"['b10902039']" won the round 15 (stack = {'b10902039': 980, 'b09202004': 1020})
community cards of this round: ['ST', 'S9', 'S7', 'D3', 'C4']
name: b10902039, hole_card: ['D8', 'SQ']
name: b09202004, hole_card: ['H5', 'C8']
Started the round 16
Street "preflop" started. (community card = [])
name: b10902039, hole_card: ['D8', 'SQ']
name: b09202004, hole_card: ['H5', 'C8']
"b10902039" declared "call:10"
name: b10902039, hole_card: ['D8', 'SQ']
name: b09202004, hole_card: ['H5', 'C8']
"b09202004" declared "fold:0"
"['b10902039']" won the round 16 (stack = {'b10902039': 990, 'b09202004': 1010})
community cards of this round: ['D3', 'S2', 'C5', 'H3', 'HQ']
name: b10902039, hole_card: ['C2', 'HA']
name: b09202004, hole_card: ['HT', 'D6']
Started the round 17
Street "preflop" started. (community card = [])
name: b10902039, hole_card: ['C2', 'HA']
name: b09202004, hole_card: ['HT', 'D6']
"b09202004" declared "call:10"
name: b10902039, hole_card: ['C2', 'HA']
name: b09202004, hole_card: ['HT', 'D6']
"b10902039" declared "call:10"
Street "flop" started. (community card = ['D3', 'S2', 'C5'])
name: b10902039, hole_card: ['C2', 'HA']
name: b09202004, hole_card: ['HT', 'D6']
"b09202004" declared "call:0"
name: b10902039, hole_card: ['C2', 'HA']
name: b09202004, hole_card: ['HT', 'D6']
"b10902039" declared "call:0"
Street "turn" started. (community card = ['D3', 'S2', 'C5', 'H3'])
name: b10902039, hole_card: ['C2', 'HA']
name: b09202004, hole_card: ['HT', 'D6']
"b09202004" declared "call:0"
name: b10902039, hole_card: ['C2', 'HA']
name: b09202004, hole_card: ['HT', 'D6']
"b10902039" declared "call:0"
Street "river" started. (community card = ['D3', 'S2', 'C5', 'H3', 'HQ'])
name: b10902039, hole_card: ['C2', 'HA']
name: b09202004, hole_card: ['HT', 'D6']
"b09202004" declared "call:0"
name: b10902039, hole_card: ['C2', 'HA']
name: b09202004, hole_card: ['HT', 'D6']
"b10902039" declared "call:0"
"['b10902039']" won the round 17 (stack = {'b10902039': 1000, 'b09202004': 1000})
community cards of this round: ['ST', 'CQ', 'S2', 'HQ', 'D8']
name: b10902039, hole_card: ['D3', 'C7']
name: b09202004, hole_card: ['C9', 'S6']
Started the round 18
Street "preflop" started. (community card = [])
fold directly
name: b10902039, hole_card: ['D3', 'C7']
name: b09202004, hole_card: ['C9', 'S6']
"b10902039" declared "fold:0"
"['b09202004']" won the round 18 (stack = {'b10902039': 995, 'b09202004': 1005})
community cards of this round: ['ST', 'H6', 'S6', 'D4', 'S2']
name: b10902039, hole_card: ['HK', 'HJ']
name: b09202004, hole_card: ['C2', 'D3']
Started the round 19
Street "preflop" started. (community card = [])
name: b10902039, hole_card: ['HK', 'HJ']
name: b09202004, hole_card: ['C2', 'D3']
"b09202004" declared "call:10"
name: b10902039, hole_card: ['HK', 'HJ']
name: b09202004, hole_card: ['C2', 'D3']
"b10902039" declared "raise:35"
name: b10902039, hole_card: ['HK', 'HJ']
name: b09202004, hole_card: ['C2', 'D3']
"b09202004" declared "fold:0"
"['b10902039']" won the round 19 (stack = {'b10902039': 1005, 'b09202004': 995})
community cards of this round: ['DA', 'CJ', 'DJ', 'C6', 'ST']
name: b10902039, hole_card: ['C3', 'SA']
name: b09202004, hole_card: ['S4', 'DT']
Started the round 20
Street "preflop" started. (community card = [])
name: b10902039, hole_card: ['C3', 'SA']
name: b09202004, hole_card: ['S4', 'DT']
"b10902039" declared "call:10"
name: b10902039, hole_card: ['C3', 'SA']
name: b09202004, hole_card: ['S4', 'DT']
"b09202004" declared "fold:0"
"['b10902039']" won the round 20 (stack = {'b10902039': 1015, 'b09202004': 985})
b10902039 vs b09202004 - Game 2: {'rule': {'initial_stack': 1000, 'max_round': 20, 'small_blind_amount': 5, 'ante': 0, 'blind_structure': {}}, 'players': [{'name': 'b10902039', 'uuid': 'pqumckqqjkwvjjvnsqqtlu', 'stack': 1015, 'state': 'participating'}, {'name': 'b09202004', 'uuid': 'aupdrnopomuohopdugubyd', 'stack': 985, 'state': 'participating'}]}
community cards of this round: ['D8', 'H2', 'H6', 'H3', 'S4']
name: b09202004, hole_card: ['C8', 'CT']
name: b10902039, hole_card: ['DA', 'H9']
Started the round 1
Street "preflop" started. (community card = [])
name: b09202004, hole_card: ['C8', 'CT']
name: b10902039, hole_card: ['DA', 'H9']
"b10902039" declared "call:10"
name: b09202004, hole_card: ['C8', 'CT']
name: b10902039, hole_card: ['DA', 'H9']
"b09202004" declared "raise:985"
name: b09202004, hole_card: ['C8', 'CT']
name: b10902039, hole_card: ['DA', 'H9']
"b10902039" declared "raise:-1.0", Invalid action. Treat as fold...
"['b09202004']" won the round 1 (stack = {'b09202004': 1010, 'b10902039': 990})
community cards of this round: ['CT', 'DJ', 'D3', 'C9', 'C3']
name: b09202004, hole_card: ['D8', 'C4']
name: b10902039, hole_card: ['C7', 'HQ']
Started the round 2
Street "preflop" started. (community card = [])
name: b09202004, hole_card: ['D8', 'C4']
name: b10902039, hole_card: ['C7', 'HQ']
"b09202004" declared "fold:0"
"['b10902039']" won the round 2 (stack = {'b09202004': 1005, 'b10902039': 995})
community cards of this round: ['H7', 'SQ', 'D7', 'SK', 'HQ']
name: b09202004, hole_card: ['CT', 'H8']
name: b10902039, hole_card: ['S3', 'DK']
Started the round 3
Street "preflop" started. (community card = [])
name: b09202004, hole_card: ['CT', 'H8']
name: b10902039, hole_card: ['S3', 'DK']
"b10902039" declared "fold:0"
"['b09202004']" won the round 3 (stack = {'b09202004': 1010, 'b10902039': 990})
community cards of this round: ['CT', 'C8', 'S5', 'H7', 'DA']
name: b09202004, hole_card: ['S7', 'S9']
name: b10902039, hole_card: ['S6', 'H3']
Started the round 4
Street "preflop" started. (community card = [])
name: b09202004, hole_card: ['S7', 'S9']
name: b10902039, hole_card: ['S6', 'H3']
"b09202004" declared "call:10"
name: b09202004, hole_card: ['S7', 'S9']
name: b10902039, hole_card: ['S6', 'H3']
"b10902039" declared "fold:0"
"['b09202004']" won the round 4 (stack = {'b09202004': 1020, 'b10902039': 980})
community cards of this round: ['H9', 'CQ', 'CJ', 'H4', 'DA']
name: b09202004, hole_card: ['S2', 'C8']
name: b10902039, hole_card: ['C7', 'SK']
Started the round 5
Street "preflop" started. (community card = [])
name: b09202004, hole_card: ['S2', 'C8']
name: b10902039, hole_card: ['C7', 'SK']
"b10902039" declared "call:10"
name: b09202004, hole_card: ['S2', 'C8']
name: b10902039, hole_card: ['C7', 'SK']
"b09202004" declared "raise:1005"
name: b09202004, hole_card: ['S2', 'C8']
name: b10902039, hole_card: ['C7', 'SK']
"b10902039" declared "raise:-1.0", Invalid action. Treat as fold...
"['b09202004']" won the round 5 (stack = {'b09202004': 1030, 'b10902039': 970})
community cards of this round: ['DQ', 'C9', 'D8', 'D2', 'S8']
name: b09202004, hole_card: ['CK', 'H6']
name: b10902039, hole_card: ['S5', 'S3']
Started the round 6
Street "preflop" started. (community card = [])
name: b09202004, hole_card: ['CK', 'H6']
name: b10902039, hole_card: ['S5', 'S3']
"b09202004" declared "raise:1015"
name: b09202004, hole_card: ['CK', 'H6']
name: b10902039, hole_card: ['S5', 'S3']
"b10902039" declared "raise:-1.0", Invalid action. Treat as fold...
"['b09202004']" won the round 6 (stack = {'b09202004': 1040, 'b10902039': 960})
community cards of this round: ['DA', 'S6', 'S2', 'DJ', 'ST']
name: b09202004, hole_card: ['CK', 'C2']
name: b10902039, hole_card: ['D6', 'CT']
Started the round 7
Street "preflop" started. (community card = [])
name: b09202004, hole_card: ['CK', 'C2']
name: b10902039, hole_card: ['D6', 'CT']
"b10902039" declared "fold:0"
"['b09202004']" won the round 7 (stack = {'b09202004': 1045, 'b10902039': 955})
community cards of this round: ['HJ', 'HT', 'S9', 'S5', 'CK']
name: b09202004, hole_card: ['CQ', 'C3']
name: b10902039, hole_card: ['HA', 'ST']
Started the round 8
Street "preflop" started. (community card = [])
name: b09202004, hole_card: ['CQ', 'C3']
name: b10902039, hole_card: ['HA', 'ST']
"b09202004" declared "call:10"
name: b09202004, hole_card: ['CQ', 'C3']
name: b10902039, hole_card: ['HA', 'ST']
"b10902039" declared "call:10"
Street "flop" started. (community card = ['HJ', 'HT', 'S9'])
name: b09202004, hole_card: ['CQ', 'C3']
name: b10902039, hole_card: ['HA', 'ST']
"b09202004" declared "call:0"
name: b09202004, hole_card: ['CQ', 'C3']
name: b10902039, hole_card: ['HA', 'ST']
"b10902039" declared "call:0"
Street "turn" started. (community card = ['HJ', 'HT', 'S9', 'S5'])
name: b09202004, hole_card: ['CQ', 'C3']
name: b10902039, hole_card: ['HA', 'ST']
"b09202004" declared "call:0"
name: b09202004, hole_card: ['CQ', 'C3']
name: b10902039, hole_card: ['HA', 'ST']
"b10902039" declared "call:0"
Street "river" started. (community card = ['HJ', 'HT', 'S9', 'S5', 'CK'])
name: b09202004, hole_card: ['CQ', 'C3']
name: b10902039, hole_card: ['HA', 'ST']
"b09202004" declared "raise:1025"
name: b09202004, hole_card: ['CQ', 'C3']
name: b10902039, hole_card: ['HA', 'ST']
"b10902039" declared "raise:-1.0", Invalid action. Treat as fold...
"['b09202004']" won the round 8 (stack = {'b09202004': 1055, 'b10902039': 945})
community cards of this round: ['C4', 'D5', 'C2', 'SA', 'CK']
name: b09202004, hole_card: ['ST', 'S3']
name: b10902039, hole_card: ['C9', 'DQ']
Started the round 9
Street "preflop" started. (community card = [])
name: b09202004, hole_card: ['ST', 'S3']
name: b10902039, hole_card: ['C9', 'DQ']
"b10902039" declared "call:10"
name: b09202004, hole_card: ['ST', 'S3']
name: b10902039, hole_card: ['C9', 'DQ']
"b09202004" declared "call:10"
Street "flop" started. (community card = ['C4', 'D5', 'C2'])
name: b09202004, hole_card: ['ST', 'S3']
name: b10902039, hole_card: ['C9', 'DQ']
"b10902039" declared "call:0"
name: b09202004, hole_card: ['ST', 'S3']
name: b10902039, hole_card: ['C9', 'DQ']
"b09202004" declared "call:0"
Street "turn" started. (community card = ['C4', 'D5', 'C2', 'SA'])
name: b09202004, hole_card: ['ST', 'S3']
name: b10902039, hole_card: ['C9', 'DQ']
"b10902039" declared "call:0"
name: b09202004, hole_card: ['ST', 'S3']
name: b10902039, hole_card: ['C9', 'DQ']
"b09202004" declared "call:0"
Street "river" started. (community card = ['C4', 'D5', 'C2', 'SA', 'CK'])
name: b09202004, hole_card: ['ST', 'S3']
name: b10902039, hole_card: ['C9', 'DQ']
"b10902039" declared "call:0"
name: b09202004, hole_card: ['ST', 'S3']
name: b10902039, hole_card: ['C9', 'DQ']
"b09202004" declared "call:0"
"['b10902039']" won the round 9 (stack = {'b09202004': 1045, 'b10902039': 955})
community cards of this round: ['CA', 'D6', 'S4', 'HT', 'C2']
name: b09202004, hole_card: ['S6', 'H3']
name: b10902039, hole_card: ['C6', 'S5']
Started the round 10
Street "preflop" started. (community card = [])
name: b09202004, hole_card: ['S6', 'H3']
name: b10902039, hole_card: ['C6', 'S5']
"b09202004" declared "call:10"
name: b09202004, hole_card: ['S6', 'H3']
name: b10902039, hole_card: ['C6', 'S5']
"b10902039" declared "call:10"
Street "flop" started. (community card = ['CA', 'D6', 'S4'])
name: b09202004, hole_card: ['S6', 'H3']
name: b10902039, hole_card: ['C6', 'S5']
"b09202004" declared "call:0"
name: b09202004, hole_card: ['S6', 'H3']
name: b10902039, hole_card: ['C6', 'S5']
"b10902039" declared "call:0"
Street "turn" started. (community card = ['CA', 'D6', 'S4', 'HT'])
name: b09202004, hole_card: ['S6', 'H3']
name: b10902039, hole_card: ['C6', 'S5']
"b09202004" declared "call:0"
name: b09202004, hole_card: ['S6', 'H3']
name: b10902039, hole_card: ['C6', 'S5']
"b10902039" declared "call:0"
Street "river" started. (community card = ['CA', 'D6', 'S4', 'HT', 'C2'])
name: b09202004, hole_card: ['S6', 'H3']
name: b10902039, hole_card: ['C6', 'S5']
"b09202004" declared "call:0"
name: b09202004, hole_card: ['S6', 'H3']
name: b10902039, hole_card: ['C6', 'S5']
"b10902039" declared "call:0"
"['b10902039']" won the round 10 (stack = {'b09202004': 1035, 'b10902039': 965})
community cards of this round: ['HA', 'C5', 'H4', 'CK', 'HT']
name: b09202004, hole_card: ['S8', 'CA']
name: b10902039, hole_card: ['C9', 'S7']
Started the round 11
Street "preflop" started. (community card = [])
name: b09202004, hole_card: ['S8', 'CA']
name: b10902039, hole_card: ['C9', 'S7']
"b10902039" declared "call:10"
name: b09202004, hole_card: ['S8', 'CA']
name: b10902039, hole_card: ['C9', 'S7']
"b09202004" declared "call:10"
Street "flop" started. (community card = ['HA', 'C5', 'H4'])
name: b09202004, hole_card: ['S8', 'CA']
name: b10902039, hole_card: ['C9', 'S7']
"b10902039" declared "call:0"
name: b09202004, hole_card: ['S8', 'CA']
name: b10902039, hole_card: ['C9', 'S7']
"b09202004" declared "raise:1015"
name: b09202004, hole_card: ['S8', 'CA']
name: b10902039, hole_card: ['C9', 'S7']
"b10902039" declared "raise:-1.0", Invalid action. Treat as fold...
"['b09202004']" won the round 11 (stack = {'b09202004': 1045, 'b10902039': 955})
community cards of this round: ['C6', 'CK', 'HQ', 'S2', 'H4']
name: b09202004, hole_card: ['S3', 'H7']
name: b10902039, hole_card: ['C5', 'DA']
Started the round 12
Street "preflop" started. (community card = [])
name: b09202004, hole_card: ['S3', 'H7']
name: b10902039, hole_card: ['C5', 'DA']
"b09202004" declared "fold:0"
"['b10902039']" won the round 12 (stack = {'b09202004': 1040, 'b10902039': 960})
community cards of this round: ['CA', 'DK', 'S5', 'C8', 'H3']
name: b09202004, hole_card: ['H8', 'H9']
name: b10902039, hole_card: ['HJ', 'S4']
Started the round 13
Street "preflop" started. (community card = [])
name: b09202004, hole_card: ['H8', 'H9']
name: b10902039, hole_card: ['HJ', 'S4']
"b10902039" declared "fold:0"
"['b09202004']" won the round 13 (stack = {'b09202004': 1045, 'b10902039': 955})
community cards of this round: ['CA', 'S9', 'C7', 'H2', 'ST']
name: b09202004, hole_card: ['S8', 'H5']
name: b10902039, hole_card: ['S6', 'HJ']
Started the round 14
Street "preflop" started. (community card = [])
name: b09202004, hole_card: ['S8', 'H5']
name: b10902039, hole_card: ['S6', 'HJ']
"b09202004" declared "fold:0"
"['b10902039']" won the round 14 (stack = {'b09202004': 1040, 'b10902039': 960})
community cards of this round: ['C2', 'C9', 'HT', 'CT', 'CJ']
name: b09202004, hole_card: ['S2', 'C6']
name: b10902039, hole_card: ['S8', 'H6']
Started the round 15
Street "preflop" started. (community card = [])
name: b09202004, hole_card: ['S2', 'C6']
name: b10902039, hole_card: ['S8', 'H6']
"b10902039" declared "raise:487.5"
name: b09202004, hole_card: ['S2', 'C6']
name: b10902039, hole_card: ['S8', 'H6']
"b09202004" declared "fold:0"
"['b10902039']" won the round 15 (stack = {'b09202004': 1030, 'b10902039': 969.5})
community cards of this round: ['C2', 'SK', 'CQ', 'H7', 'C5']
name: b09202004, hole_card: ['DT', 'H2']
name: b10902039, hole_card: ['D8', 'CK']
Started the round 16
Street "preflop" started. (community card = [])
name: b09202004, hole_card: ['DT', 'H2']
name: b10902039, hole_card: ['D8', 'CK']
"b09202004" declared "fold:0"
"['b10902039']" won the round 16 (stack = {'b09202004': 1025, 'b10902039': 974.5})
community cards of this round: ['DT', 'ST', 'HT', 'H6', 'D6']
name: b09202004, hole_card: ['H2', 'D7']
name: b10902039, hole_card: ['DQ', 'CK']
Started the round 17
Street "preflop" started. (community card = [])
name: b09202004, hole_card: ['H2', 'D7']
name: b10902039, hole_card: ['DQ', 'CK']
"b10902039" declared "raise:494.75"
name: b09202004, hole_card: ['H2', 'D7']
name: b10902039, hole_card: ['DQ', 'CK']
"b09202004" declared "fold:0"
"['b10902039']" won the round 17 (stack = {'b09202004': 1015, 'b10902039': 983.75})
community cards of this round: ['HK', 'D7', 'CQ', 'ST', 'SJ']
name: b09202004, hole_card: ['D5', 'S7']
name: b10902039, hole_card: ['C3', 'S6']
Started the round 18
Street "preflop" started. (community card = [])
name: b09202004, hole_card: ['D5', 'S7']
name: b10902039, hole_card: ['C3', 'S6']
"b09202004" declared "raise:1000"
name: b09202004, hole_card: ['D5', 'S7']
name: b10902039, hole_card: ['C3', 'S6']
"b10902039" declared "raise:-1.0", Invalid action. Treat as fold...
"['b09202004']" won the round 18 (stack = {'b09202004': 1025, 'b10902039': 973.75})
community cards of this round: ['H6', 'CK', 'C5', 'D2', 'C2']
name: b09202004, hole_card: ['DK', 'C9']
name: b10902039, hole_card: ['C3', 'H8']
Started the round 19
Street "preflop" started. (community card = [])
name: b09202004, hole_card: ['DK', 'C9']
name: b10902039, hole_card: ['C3', 'H8']
"b10902039" declared "raise:494.375"
name: b09202004, hole_card: ['DK', 'C9']
name: b10902039, hole_card: ['C3', 'H8']
"b09202004" declared "call:494.375"
Street "flop" started. (community card = ['H6', 'CK', 'C5'])
name: b09202004, hole_card: ['DK', 'C9']
name: b10902039, hole_card: ['C3', 'H8']
"b10902039" declared "raise:244.6875"
name: b09202004, hole_card: ['DK', 'C9']
name: b10902039, hole_card: ['C3', 'H8']
"b09202004" declared "raise:41.25", Invalid action. Treat as fold...
"['b10902039']" won the round 19 (stack = {'b09202004': 530.625, 'b10902039': 1467.6875})
community cards of this round: ['HK', 'S9', 'H5', 'DT', 'D5']
name: b09202004, hole_card: ['SJ', 'C8']
name: b10902039, hole_card: ['DQ', 'CK']
Started the round 20
Street "preflop" started. (community card = [])
name: b09202004, hole_card: ['SJ', 'C8']
name: b10902039, hole_card: ['DQ', 'CK']
"b09202004" declared "raise:515.625"
name: b09202004, hole_card: ['SJ', 'C8']
name: b10902039, hole_card: ['DQ', 'CK']
"b10902039" declared "fold:0"
"['b09202004']" won the round 20 (stack = {'b09202004': 540.0, 'b10902039': 1457.6875})
b10902039 vs b09202004 - Game 3: {'rule': {'initial_stack': 1000, 'max_round': 20, 'small_blind_amount': 5, 'ante': 0, 'blind_structure': {}}, 'players': [{'name': 'b09202004', 'uuid': 'uvsevxtqupallnhktbakdv', 'stack': 540.0, 'state': 'participating'}, {'name': 'b10902039', 'uuid': 'hcmwniekfzhwgwxoxcucgq', 'stack': 1457.6875, 'state': 'participating'}]}
community cards of this round: ['D8', 'H2', 'H6', 'H3', 'S4']
name: b10902039, hole_card: ['C8', 'CT']
name: b09202004, hole_card: ['DA', 'H9']
Started the round 1
Street "preflop" started. (community card = [])
name: b10902039, hole_card: ['C8', 'CT']
name: b09202004, hole_card: ['DA', 'H9']
"b09202004" declared "fold:0"
"['b10902039']" won the round 1 (stack = {'b10902039': 1005, 'b09202004': 995})
community cards of this round: ['CT', 'DJ', 'D3', 'C9', 'C3']
name: b10902039, hole_card: ['D8', 'C4']
name: b09202004, hole_card: ['C7', 'HQ']
Started the round 2
Street "preflop" started. (community card = [])
name: b10902039, hole_card: ['D8', 'C4']
name: b09202004, hole_card: ['C7', 'HQ']
"b10902039" declared "fold:0"
"['b09202004']" won the round 2 (stack = {'b10902039': 1000, 'b09202004': 1000})
community cards of this round: ['H7', 'SQ', 'D7', 'SK', 'HQ']
name: b10902039, hole_card: ['CT', 'H8']
name: b09202004, hole_card: ['S3', 'DK']
Started the round 3
Street "preflop" started. (community card = [])
name: b10902039, hole_card: ['CT', 'H8']
name: b09202004, hole_card: ['S3', 'DK']
"b09202004" declared "raise:985"
name: b10902039, hole_card: ['CT', 'H8']
name: b09202004, hole_card: ['S3', 'DK']
"b10902039" declared "raise:-1.0", Invalid action. Treat as fold...
"['b09202004']" won the round 3 (stack = {'b10902039': 990, 'b09202004': 1010})
community cards of this round: ['CT', 'C8', 'S5', 'H7', 'DA']
name: b10902039, hole_card: ['S7', 'S9']
name: b09202004, hole_card: ['S6', 'H3']
Started the round 4
Street "preflop" started. (community card = [])
name: b10902039, hole_card: ['S7', 'S9']
name: b09202004, hole_card: ['S6', 'H3']
"b10902039" declared "call:10"
name: b10902039, hole_card: ['S7', 'S9']
name: b09202004, hole_card: ['S6', 'H3']
"b09202004" declared "fold:0"
"['b10902039']" won the round 4 (stack = {'b10902039': 1000, 'b09202004': 1000})
community cards of this round: ['H9', 'CQ', 'CJ', 'H4', 'DA']
name: b10902039, hole_card: ['S2', 'C8']
name: b09202004, hole_card: ['C7', 'SK']
Started the round 5
Street "preflop" started. (community card = [])
name: b10902039, hole_card: ['S2', 'C8']
name: b09202004, hole_card: ['C7', 'SK']
"b09202004" declared "raise:985"
name: b10902039, hole_card: ['S2', 'C8']
name: b09202004, hole_card: ['C7', 'SK']
"b10902039" declared "raise:-1.0", Invalid action. Treat as fold...
"['b09202004']" won the round 5 (stack = {'b10902039': 990, 'b09202004': 1010})
community cards of this round: ['DQ', 'C9', 'D8', 'D2', 'S8']
name: b10902039, hole_card: ['CK', 'H6']
name: b09202004, hole_card: ['S5', 'S3']
Started the round 6
Street "preflop" started. (community card = [])
name: b10902039, hole_card: ['CK', 'H6']
name: b09202004, hole_card: ['S5', 'S3']
"b10902039" declared "call:10"
name: b10902039, hole_card: ['CK', 'H6']
name: b09202004, hole_card: ['S5', 'S3']
"b09202004" declared "fold:0"
"['b10902039']" won the round 6 (stack = {'b10902039': 1000, 'b09202004': 1000})
community cards of this round: ['DA', 'S6', 'S2', 'DJ', 'ST']
name: b10902039, hole_card: ['CK', 'C2']
name: b09202004, hole_card: ['D6', 'CT']
Started the round 7
Street "preflop" started. (community card = [])
name: b10902039, hole_card: ['CK', 'C2']
name: b09202004, hole_card: ['D6', 'CT']
"b09202004" declared "call:10"
name: b10902039, hole_card: ['CK', 'C2']
name: b09202004, hole_card: ['D6', 'CT']
"b10902039" declared "call:10"
Street "flop" started. (community card = ['DA', 'S6', 'S2'])
name: b10902039, hole_card: ['CK', 'C2']
name: b09202004, hole_card: ['D6', 'CT']
"b09202004" declared "raise:980"
name: b10902039, hole_card: ['CK', 'C2']
name: b09202004, hole_card: ['D6', 'CT']
"b10902039" declared "raise:-1.0", Invalid action. Treat as fold...
"['b09202004']" won the round 7 (stack = {'b10902039': 990, 'b09202004': 1010})
community cards of this round: ['HJ', 'HT', 'S9', 'S5', 'CK']
name: b10902039, hole_card: ['CQ', 'C3']
name: b09202004, hole_card: ['HA', 'ST']
Started the round 8
Street "preflop" started. (community card = [])
name: b10902039, hole_card: ['CQ', 'C3']
name: b09202004, hole_card: ['HA', 'ST']
"b10902039" declared "call:10"
name: b10902039, hole_card: ['CQ', 'C3']
name: b09202004, hole_card: ['HA', 'ST']
"b09202004" declared "raise:995"
name: b10902039, hole_card: ['CQ', 'C3']
name: b09202004, hole_card: ['HA', 'ST']
"b10902039" declared "raise:-1.0", Invalid action. Treat as fold...
"['b09202004']" won the round 8 (stack = {'b10902039': 980, 'b09202004': 1020})
community cards of this round: ['C4', 'D5', 'C2', 'SA', 'CK']
name: b10902039, hole_card: ['ST', 'S3']
name: b09202004, hole_card: ['C9', 'DQ']
Started the round 9
Street "preflop" started. (community card = [])
name: b10902039, hole_card: ['ST', 'S3']
name: b09202004, hole_card: ['C9', 'DQ']
"b09202004" declared "call:10"
name: b10902039, hole_card: ['ST', 'S3']
name: b09202004, hole_card: ['C9', 'DQ']
"b10902039" declared "call:10"
Street "flop" started. (community card = ['C4', 'D5', 'C2'])
name: b10902039, hole_card: ['ST', 'S3']
name: b09202004, hole_card: ['C9', 'DQ']
"b09202004" declared "raise:1000"
name: b10902039, hole_card: ['ST', 'S3']
name: b09202004, hole_card: ['C9', 'DQ']
"b10902039" declared "raise:-1.0", Invalid action. Treat as fold...
"['b09202004']" won the round 9 (stack = {'b10902039': 970, 'b09202004': 1030})
community cards of this round: ['CA', 'D6', 'S4', 'HT', 'C2']
name: b10902039, hole_card: ['S6', 'H3']
name: b09202004, hole_card: ['C6', 'S5']
Started the round 10
Street "preflop" started. (community card = [])
name: b10902039, hole_card: ['S6', 'H3']
name: b09202004, hole_card: ['C6', 'S5']
"b10902039" declared "fold:0"
"['b09202004']" won the round 10 (stack = {'b10902039': 965, 'b09202004': 1035})
community cards of this round: ['HA', 'C5', 'H4', 'CK', 'HT']
name: b10902039, hole_card: ['S8', 'CA']
name: b09202004, hole_card: ['C9', 'S7']
Started the round 11
Street "preflop" started. (community card = [])
name: b10902039, hole_card: ['S8', 'CA']
name: b09202004, hole_card: ['C9', 'S7']
"b09202004" declared "raise:1020"
name: b10902039, hole_card: ['S8', 'CA']
name: b09202004, hole_card: ['C9', 'S7']
"b10902039" declared "raise:-1.0", Invalid action. Treat as fold...
"['b09202004']" won the round 11 (stack = {'b10902039': 955, 'b09202004': 1045})
community cards of this round: ['C6', 'CK', 'HQ', 'S2', 'H4']
name: b10902039, hole_card: ['S3', 'H7']
name: b09202004, hole_card: ['C5', 'DA']
Started the round 12
Street "preflop" started. (community card = [])
fold directly
name: b10902039, hole_card: ['S3', 'H7']
name: b09202004, hole_card: ['C5', 'DA']
"b10902039" declared "fold:0"
"['b09202004']" won the round 12 (stack = {'b10902039': 950, 'b09202004': 1050})
community cards of this round: ['CA', 'DK', 'S5', 'C8', 'H3']
name: b10902039, hole_card: ['H8', 'H9']
name: b09202004, hole_card: ['HJ', 'S4']
Started the round 13
Street "preflop" started. (community card = [])
name: b10902039, hole_card: ['H8', 'H9']
name: b09202004, hole_card: ['HJ', 'S4']
"b09202004" declared "raise:1035"
name: b10902039, hole_card: ['H8', 'H9']
name: b09202004, hole_card: ['HJ', 'S4']
"b10902039" declared "raise:-1.0", Invalid action. Treat as fold...
"['b09202004']" won the round 13 (stack = {'b10902039': 940, 'b09202004': 1060})
community cards of this round: ['CA', 'S9', 'C7', 'H2', 'ST']
name: b10902039, hole_card: ['S8', 'H5']
name: b09202004, hole_card: ['S6', 'HJ']
Started the round 14
Street "preflop" started. (community card = [])
name: b10902039, hole_card: ['S8', 'H5']
name: b09202004, hole_card: ['S6', 'HJ']
"b10902039" declared "raise:477.5"
name: b10902039, hole_card: ['S8', 'H5']
name: b09202004, hole_card: ['S6', 'HJ']
"b09202004" declared "raise:115.0", Invalid action. Treat as fold...
"['b10902039']" won the round 14 (stack = {'b10902039': 949.5, 'b09202004': 1050})
community cards of this round: ['C2', 'C9', 'HT', 'CT', 'CJ']
name: b10902039, hole_card: ['S2', 'C6']
name: b09202004, hole_card: ['S8', 'H6']
Started the round 15
Street "preflop" started. (community card = [])
name: b10902039, hole_card: ['S2', 'C6']
name: b09202004, hole_card: ['S8', 'H6']
"b09202004" declared "raise:1035"
name: b10902039, hole_card: ['S2', 'C6']
name: b09202004, hole_card: ['S8', 'H6']
"b10902039" declared "raise:-1.0", Invalid action. Treat as fold...
"['b09202004']" won the round 15 (stack = {'b10902039': 939.5, 'b09202004': 1060})
community cards of this round: ['C2', 'SK', 'CQ', 'H7', 'C5']
name: b10902039, hole_card: ['DT', 'H2']
name: b09202004, hole_card: ['D8', 'CK']
Started the round 16
Street "preflop" started. (community card = [])
name: b10902039, hole_card: ['DT', 'H2']
name: b09202004, hole_card: ['D8', 'CK']
"b10902039" declared "raise:477.25"
name: b10902039, hole_card: ['DT', 'H2']
name: b09202004, hole_card: ['D8', 'CK']
"b09202004" declared "call:477.25"
Street "flop" started. (community card = ['C2', 'SK', 'CQ'])
name: b10902039, hole_card: ['DT', 'H2']
name: b09202004, hole_card: ['D8', 'CK']
"b10902039" declared "raise:236.125"
name: b10902039, hole_card: ['DT', 'H2']
name: b09202004, hole_card: ['D8', 'CK']
"b09202004" declared "raise:110.5", Invalid action. Treat as fold...
"['b10902039']" won the round 16 (stack = {'b10902039': 1416.125, 'b09202004': 582.75})
community cards of this round: ['DT', 'ST', 'HT', 'H6', 'D6']
name: b10902039, hole_card: ['H2', 'D7']
name: b09202004, hole_card: ['DQ', 'CK']
Started the round 17
Street "preflop" started. (community card = [])
name: b10902039, hole_card: ['H2', 'D7']
name: b09202004, hole_card: ['DQ', 'CK']
"b09202004" declared "call:10"
name: b10902039, hole_card: ['H2', 'D7']
name: b09202004, hole_card: ['DQ', 'CK']
"b10902039" declared "fold:0"
"['b09202004']" won the round 17 (stack = {'b10902039': 1406.125, 'b09202004': 592.75})
community cards of this round: ['HK', 'D7', 'CQ', 'ST', 'SJ']
name: b10902039, hole_card: ['D5', 'S7']
name: b09202004, hole_card: ['C3', 'S6']
Started the round 18
Street "preflop" started. (community card = [])
name: b10902039, hole_card: ['D5', 'S7']
name: b09202004, hole_card: ['C3', 'S6']
"b10902039" declared "fold:0"
"['b09202004']" won the round 18 (stack = {'b10902039': 1401.125, 'b09202004': 597.75})
community cards of this round: ['H6', 'CK', 'C5', 'D2', 'C2']
name: b10902039, hole_card: ['DK', 'C9']
name: b09202004, hole_card: ['C3', 'H8']
Started the round 19
Street "preflop" started. (community card = [])
name: b10902039, hole_card: ['DK', 'C9']
name: b09202004, hole_card: ['C3', 'H8']
"b09202004" declared "fold:0"
"['b10902039']" won the round 19 (stack = {'b10902039': 1406.125, 'b09202004': 592.75})
community cards of this round: ['HK', 'S9', 'H5', 'DT', 'D5']
name: b10902039, hole_card: ['SJ', 'C8']
name: b09202004, hole_card: ['DQ', 'CK']
Started the round 20
Street "preflop" started. (community card = [])
name: b10902039, hole_card: ['SJ', 'C8']
name: b09202004, hole_card: ['DQ', 'CK']
"b10902039" declared "fold:0"
"['b09202004']" won the round 20 (stack = {'b10902039': 1401.125, 'b09202004': 597.75})
b10902039 vs b09202004 - Game 4: {'rule': {'initial_stack': 1000, 'max_round': 20, 'small_blind_amount': 5, 'ante': 0, 'blind_structure': {}}, 'players': [{'name': 'b10902039', 'uuid': 'uaonmbgmqnuciincvxdbbv', 'stack': 1401.125, 'state': 'participating'}, {'name': 'b09202004', 'uuid': 'jzrismbzkzbxdcrkxubutu', 'stack': 597.75, 'state': 'participating'}]}
community cards of this round: ['C2', 'H5', 'C7', 'DK', 'D7']
name: b09202004, hole_card: ['C8', 'S6']
name: b10902039, hole_card: ['HK', 'C5']
Started the round 1
Street "preflop" started. (community card = [])
name: b09202004, hole_card: ['C8', 'S6']
name: b10902039, hole_card: ['HK', 'C5']
"b10902039" declared "call:10"
name: b09202004, hole_card: ['C8', 'S6']
name: b10902039, hole_card: ['HK', 'C5']
"b09202004" declared "fold:0"
"['b10902039']" won the round 1 (stack = {'b09202004': 990, 'b10902039': 1010})
community cards of this round: ['HJ', 'S5', 'ST', 'D7', 'HT']
name: b09202004, hole_card: ['H6', 'DK']
name: b10902039, hole_card: ['C3', 'C2']
Started the round 2
Street "preflop" started. (community card = [])
name: b09202004, hole_card: ['H6', 'DK']
name: b10902039, hole_card: ['C3', 'C2']
"b09202004" declared "raise:975"
name: b09202004, hole_card: ['H6', 'DK']
name: b10902039, hole_card: ['C3', 'C2']
"b10902039" declared "raise:-1.0", Invalid action. Treat as fold...
"['b09202004']" won the round 2 (stack = {'b09202004': 1000, 'b10902039': 1000})
community cards of this round: ['D4', 'S3', 'S6', 'D2', 'D9']
name: b09202004, hole_card: ['HJ', 'S9']
name: b10902039, hole_card: ['SQ', 'HK']
Started the round 3
Street "preflop" started. (community card = [])
name: b09202004, hole_card: ['HJ', 'S9']
name: b10902039, hole_card: ['SQ', 'HK']
"b10902039" declared "call:10"
name: b09202004, hole_card: ['HJ', 'S9']
name: b10902039, hole_card: ['SQ', 'HK']
"b09202004" declared "fold:0"
"['b10902039']" won the round 3 (stack = {'b09202004': 990, 'b10902039': 1010})
community cards of this round: ['C8', 'SJ', 'S9', 'HQ', 'DK']
name: b09202004, hole_card: ['D7', 'D4']
name: b10902039, hole_card: ['C9', 'DQ']
Started the round 4
Street "preflop" started. (community card = [])
name: b09202004, hole_card: ['D7', 'D4']
name: b10902039, hole_card: ['C9', 'DQ']
"b09202004" declared "fold:0"
"['b10902039']" won the round 4 (stack = {'b09202004': 985, 'b10902039': 1015})
community cards of this round: ['D6', 'S2', 'C7', 'D7', 'HK']
name: b09202004, hole_card: ['D5', 'H6']
name: b10902039, hole_card: ['DJ', 'SJ']
Started the round 5
Street "preflop" started. (community card = [])
name: b09202004, hole_card: ['D5', 'H6']
name: b10902039, hole_card: ['DJ', 'SJ']
"b10902039" declared "raise:35"
name: b09202004, hole_card: ['D5', 'H6']
name: b10902039, hole_card: ['DJ', 'SJ']
"b09202004" declared "raise:925"
name: b09202004, hole_card: ['D5', 'H6']
name: b10902039, hole_card: ['DJ', 'SJ']
"b10902039" declared "raise:-1.0", Invalid action. Treat as fold...
"['b09202004']" won the round 5 (stack = {'b09202004': 1020, 'b10902039': 980})
community cards of this round: ['H4', 'CK', 'D5', 'H7', 'S4']
name: b09202004, hole_card: ['C9', 'DJ']
name: b10902039, hole_card: ['CJ', 'HT']
Started the round 6
Street "preflop" started. (community card = [])
name: b09202004, hole_card: ['C9', 'DJ']
name: b10902039, hole_card: ['CJ', 'HT']
"b09202004" declared "call:10"
name: b09202004, hole_card: ['C9', 'DJ']
name: b10902039, hole_card: ['CJ', 'HT']
"b10902039" declared "call:10"
Street "flop" started. (community card = ['H4', 'CK', 'D5'])
name: b09202004, hole_card: ['C9', 'DJ']
name: b10902039, hole_card: ['CJ', 'HT']
"b09202004" declared "call:0"
name: b09202004, hole_card: ['C9', 'DJ']
name: b10902039, hole_card: ['CJ', 'HT']
"b10902039" declared "call:0"
Street "turn" started. (community card = ['H4', 'CK', 'D5', 'H7'])
name: b09202004, hole_card: ['C9', 'DJ']
name: b10902039, hole_card: ['CJ', 'HT']
"b09202004" declared "call:0"
name: b09202004, hole_card: ['C9', 'DJ']
name: b10902039, hole_card: ['CJ', 'HT']
"b10902039" declared "call:0"
Street "river" started. (community card = ['H4', 'CK', 'D5', 'H7', 'S4'])
name: b09202004, hole_card: ['C9', 'DJ']
name: b10902039, hole_card: ['CJ', 'HT']
"b09202004" declared "call:0"
name: b09202004, hole_card: ['C9', 'DJ']
name: b10902039, hole_card: ['CJ', 'HT']
"b10902039" declared "call:0"
"['b10902039']" won the round 6 (stack = {'b09202004': 1010, 'b10902039': 990})
community cards of this round: ['SJ', 'DA', 'C6', 'C8', 'S3']
name: b09202004, hole_card: ['H3', 'S5']
name: b10902039, hole_card: ['S6', 'H5']
Started the round 7
Street "preflop" started. (community card = [])
name: b09202004, hole_card: ['H3', 'S5']
name: b10902039, hole_card: ['S6', 'H5']
"b10902039" declared "call:10"
name: b09202004, hole_card: ['H3', 'S5']
name: b10902039, hole_card: ['S6', 'H5']
"b09202004" declared "fold:0"
"['b10902039']" won the round 7 (stack = {'b09202004': 1000, 'b10902039': 1000})
community cards of this round: ['SK', 'D5', 'DT', 'HJ', 'H7']
name: b09202004, hole_card: ['H2', 'C6']
name: b10902039, hole_card: ['D6', 'H4']
Started the round 8
Street "preflop" started. (community card = [])
name: b09202004, hole_card: ['H2', 'C6']
name: b10902039, hole_card: ['D6', 'H4']
"b09202004" declared "call:10"
name: b09202004, hole_card: ['H2', 'C6']
name: b10902039, hole_card: ['D6', 'H4']
"b10902039" declared "fold:0"
"['b09202004']" won the round 8 (stack = {'b09202004': 1010, 'b10902039': 990})
community cards of this round: ['DA', 'CJ', 'D7', 'H6', 'DT']
name: b09202004, hole_card: ['H8', 'C5']
name: b10902039, hole_card: ['S6', 'SA']
Started the round 9
Street "preflop" started. (community card = [])
name: b09202004, hole_card: ['H8', 'C5']
name: b10902039, hole_card: ['S6', 'SA']
"b10902039" declared "call:10"
name: b09202004, hole_card: ['H8', 'C5']
name: b10902039, hole_card: ['S6', 'SA']
"b09202004" declared "raise:995"
name: b09202004, hole_card: ['H8', 'C5']
name: b10902039, hole_card: ['S6', 'SA']
"b10902039" declared "raise:-1.0", Invalid action. Treat as fold...
"['b09202004']" won the round 9 (stack = {'b09202004': 1020, 'b10902039': 980})
community cards of this round: ['S7', 'H8', 'H5', 'D3', 'C2']
name: b09202004, hole_card: ['C4', 'CQ']
name: b10902039, hole_card: ['C5', 'DA']
Started the round 10
Street "preflop" started. (community card = [])
name: b09202004, hole_card: ['C4', 'CQ']
name: b10902039, hole_card: ['C5', 'DA']
"b09202004" declared "call:10"
name: b09202004, hole_card: ['C4', 'CQ']
name: b10902039, hole_card: ['C5', 'DA']
"b10902039" declared "call:10"
Street "flop" started. (community card = ['S7', 'H8', 'H5'])
name: b09202004, hole_card: ['C4', 'CQ']
name: b10902039, hole_card: ['C5', 'DA']
"b09202004" declared "call:0"
name: b09202004, hole_card: ['C4', 'CQ']
name: b10902039, hole_card: ['C5', 'DA']
"b10902039" declared "call:0"
Street "turn" started. (community card = ['S7', 'H8', 'H5', 'D3'])
name: b09202004, hole_card: ['C4', 'CQ']
name: b10902039, hole_card: ['C5', 'DA']
"b09202004" declared "call:0"
name: b09202004, hole_card: ['C4', 'CQ']
name: b10902039, hole_card: ['C5', 'DA']
"b10902039" declared "call:0"
Street "river" started. (community card = ['S7', 'H8', 'H5', 'D3', 'C2'])
name: b09202004, hole_card: ['C4', 'CQ']
name: b10902039, hole_card: ['C5', 'DA']
"b09202004" declared "call:0"
name: b09202004, hole_card: ['C4', 'CQ']
name: b10902039, hole_card: ['C5', 'DA']
"b10902039" declared "call:0"
"['b10902039']" won the round 10 (stack = {'b09202004': 1010, 'b10902039': 990})
community cards of this round: ['SQ', 'S8', 'D9', 'D4', 'SJ']
name: b09202004, hole_card: ['S9', 'HK']
name: b10902039, hole_card: ['D8', 'H2']
Started the round 11
Street "preflop" started. (community card = [])
fold directly
name: b09202004, hole_card: ['S9', 'HK']
name: b10902039, hole_card: ['D8', 'H2']
"b10902039" declared "fold:0"
"['b09202004']" won the round 11 (stack = {'b09202004': 1015, 'b10902039': 985})
community cards of this round: ['D7', 'C9', 'H5', 'C5', 'C2']
name: b09202004, hole_card: ['D9', 'C7']
name: b10902039, hole_card: ['C8', 'H8']
Started the round 12
Street "preflop" started. (community card = [])
name: b09202004, hole_card: ['D9', 'C7']
name: b10902039, hole_card: ['C8', 'H8']
"b09202004" declared "call:10"
name: b09202004, hole_card: ['D9', 'C7']
name: b10902039, hole_card: ['C8', 'H8']
"b10902039" declared "call:10"
Street "flop" started. (community card = ['D7', 'C9', 'H5'])
name: b09202004, hole_card: ['D9', 'C7']
name: b10902039, hole_card: ['C8', 'H8']
"b09202004" declared "call:0"
name: b09202004, hole_card: ['D9', 'C7']
name: b10902039, hole_card: ['C8', 'H8']
"b10902039" declared "call:0"
Street "turn" started. (community card = ['D7', 'C9', 'H5', 'C5'])
name: b09202004, hole_card: ['D9', 'C7']
name: b10902039, hole_card: ['C8', 'H8']
"b09202004" declared "raise:995"
name: b09202004, hole_card: ['D9', 'C7']
name: b10902039, hole_card: ['C8', 'H8']
"b10902039" declared "raise:-1.0", Invalid action. Treat as fold...
"['b09202004']" won the round 12 (stack = {'b09202004': 1025, 'b10902039': 975})
community cards of this round: ['D8', 'S8', 'S2', 'ST', 'C9']
name: b09202004, hole_card: ['C6', 'H4']
name: b10902039, hole_card: ['D7', 'D4']
Started the round 13
Street "preflop" started. (community card = [])
name: b09202004, hole_card: ['C6', 'H4']
name: b10902039, hole_card: ['D7', 'D4']
"b10902039" declared "call:10"
name: b09202004, hole_card: ['C6', 'H4']
name: b10902039, hole_card: ['D7', 'D4']
"b09202004" declared "fold:0"
"['b10902039']" won the round 13 (stack = {'b09202004': 1015, 'b10902039': 985})
community cards of this round: ['H7', 'CT', 'ST', 'CQ', 'SQ']
name: b09202004, hole_card: ['D3', 'C5']
name: b10902039, hole_card: ['C6', 'S5']
Started the round 14
Street "preflop" started. (community card = [])
name: b09202004, hole_card: ['D3', 'C5']
name: b10902039, hole_card: ['C6', 'S5']
"b09202004" declared "fold:0"
"['b10902039']" won the round 14 (stack = {'b09202004': 1010, 'b10902039': 990})
community cards of this round: ['D2', 'HQ', 'HK', 'H3', 'S6']
name: b09202004, hole_card: ['S9', 'S3']
name: b10902039, hole_card: ['C7', 'DK']
Started the round 15
Street "preflop" started. (community card = [])
name: b09202004, hole_card: ['S9', 'S3']
name: b10902039, hole_card: ['C7', 'DK']
"b10902039" declared "call:10"
name: b09202004, hole_card: ['S9', 'S3']
name: b10902039, hole_card: ['C7', 'DK']
"b09202004" declared "call:10"
Street "flop" started. (community card = ['D2', 'HQ', 'HK'])
name: b09202004, hole_card: ['S9', 'S3']
name: b10902039, hole_card: ['C7', 'DK']
"b10902039" declared "call:0"
name: b09202004, hole_card: ['S9', 'S3']
name: b10902039, hole_card: ['C7', 'DK']
"b09202004" declared "call:0"
Street "turn" started. (community card = ['D2', 'HQ', 'HK', 'H3'])
name: b09202004, hole_card: ['S9', 'S3']
name: b10902039, hole_card: ['C7', 'DK']
"b10902039" declared "call:0"
name: b09202004, hole_card: ['S9', 'S3']
name: b10902039, hole_card: ['C7', 'DK']
"b09202004" declared "call:0"
Street "river" started. (community card = ['D2', 'HQ', 'HK', 'H3', 'S6'])
name: b09202004, hole_card: ['S9', 'S3']
name: b10902039, hole_card: ['C7', 'DK']
"b10902039" declared "call:0"
name: b09202004, hole_card: ['S9', 'S3']
name: b10902039, hole_card: ['C7', 'DK']
"b09202004" declared "call:0"
"['b10902039']" won the round 15 (stack = {'b09202004': 1000, 'b10902039': 1000})
community cards of this round: ['D7', 'H9', 'CT', 'S2', 'H4']
name: b09202004, hole_card: ['S6', 'DQ']
name: b10902039, hole_card: ['CQ', 'SQ']
Started the round 16
Street "preflop" started. (community card = [])
name: b09202004, hole_card: ['S6', 'DQ']
name: b10902039, hole_card: ['CQ', 'SQ']
"b09202004" declared "fold:0"
"['b10902039']" won the round 16 (stack = {'b09202004': 995, 'b10902039': 1005})
community cards of this round: ['S2', 'DA', 'S5', 'S9', 'HT']
name: b09202004, hole_card: ['D4', 'C3']
name: b10902039, hole_card: ['C8', 'H5']
Started the round 17
Street "preflop" started. (community card = [])
name: b09202004, hole_card: ['D4', 'C3']
name: b10902039, hole_card: ['C8', 'H5']
"b10902039" declared "fold:0"
"['b09202004']" won the round 17 (stack = {'b09202004': 1000, 'b10902039': 1000})
community cards of this round: ['DJ', 'C6', 'D3', 'HK', 'HJ']
name: b09202004, hole_card: ['H4', 'DA']
name: b10902039, hole_card: ['S2', 'S8']
Started the round 18
Street "preflop" started. (community card = [])
name: b09202004, hole_card: ['H4', 'DA']
name: b10902039, hole_card: ['S2', 'S8']
"b09202004" declared "call:10"
name: b09202004, hole_card: ['H4', 'DA']
name: b10902039, hole_card: ['S2', 'S8']
"b10902039" declared "call:10"
Street "flop" started. (community card = ['DJ', 'C6', 'D3'])
name: b09202004, hole_card: ['H4', 'DA']
name: b10902039, hole_card: ['S2', 'S8']
"b09202004" declared "call:0"
name: b09202004, hole_card: ['H4', 'DA']
name: b10902039, hole_card: ['S2', 'S8']
"b10902039" declared "call:0"
Street "turn" started. (community card = ['DJ', 'C6', 'D3', 'HK'])
name: b09202004, hole_card: ['H4', 'DA']
name: b10902039, hole_card: ['S2', 'S8']
"b09202004" declared "call:0"
name: b09202004, hole_card: ['H4', 'DA']
name: b10902039, hole_card: ['S2', 'S8']
"b10902039" declared "call:0"
Street "river" started. (community card = ['DJ', 'C6', 'D3', 'HK', 'HJ'])
name: b09202004, hole_card: ['H4', 'DA']
name: b10902039, hole_card: ['S2', 'S8']
"b09202004" declared "call:0"
name: b09202004, hole_card: ['H4', 'DA']
name: b10902039, hole_card: ['S2', 'S8']
"b10902039" declared "call:0"
"['b09202004']" won the round 18 (stack = {'b09202004': 1010, 'b10902039': 990})
community cards of this round: ['CQ', 'S3', 'S2', 'DJ', 'H4']
name: b09202004, hole_card: ['C7', 'DK']
name: b10902039, hole_card: ['SJ', 'D5']
Started the round 19
Street "preflop" started. (community card = [])
name: b09202004, hole_card: ['C7', 'DK']
name: b10902039, hole_card: ['SJ', 'D5']
"b10902039" declared "fold:0"
"['b09202004']" won the round 19 (stack = {'b09202004': 1015, 'b10902039': 985})
community cards of this round: ['C6', 'CQ', 'HT', 'S4', 'DJ']
name: b09202004, hole_card: ['H3', 'C8']
name: b10902039, hole_card: ['S3', 'DA']
Started the round 20
Street "preflop" started. (community card = [])
name: b09202004, hole_card: ['H3', 'C8']
name: b10902039, hole_card: ['S3', 'DA']
"b09202004" declared "call:10"
name: b09202004, hole_card: ['H3', 'C8']
name: b10902039, hole_card: ['S3', 'DA']
"b10902039" declared "raise:500.0"
name: b09202004, hole_card: ['H3', 'C8']
name: b10902039, hole_card: ['S3', 'DA']
"b09202004" declared "raise:25.0", Invalid action. Treat as fold...
"['b10902039']" won the round 20 (stack = {'b09202004': 1005, 'b10902039': 995.0})
b10902039 vs b09202004 - Game 5: {'rule': {'initial_stack': 1000, 'max_round': 20, 'small_blind_amount': 5, 'ante': 0, 'blind_structure': {}}, 'players': [{'name': 'b09202004', 'uuid': 'xyelxdpothekogwfagjvey', 'stack': 1005, 'state': 'participating'}, {'name': 'b10902039', 'uuid': 'xawhlwagjvwxcjsisyybtx', 'stack': 995.0, 'state': 'participating'}]}
Final Result: b10902039 won 3 games (stack: 6324.375), b09202004 won 2 games (stack: 3669.75)
