community cards of this round: ['S4', 'D9', 'SQ', 'H6', 'S8']
name: b10502058, hole_card: ['DK', 'CT']
name: b10902031, hole_card: ['D3', 'S3']
Started the round 1
Street "preflop" started. (community card = [])
win_rate = 0.532
name: b10502058, hole_card: ['DK', 'CT']
name: b10902031, hole_card: ['D3', 'S3']
"b10902031" declared "call:10"
name: b10502058, hole_card: ['DK', 'CT']
name: b10902031, hole_card: ['D3', 'S3']
"b10502058" declared "raise:15"
win_rate = 0.528
name: b10502058, hole_card: ['DK', 'CT']
name: b10902031, hole_card: ['D3', 'S3']
"b10902031" declared "call:15"
Street "flop" started. (community card = ['S4', 'D9', 'SQ'])
win_rate = 0.464
name: b10502058, hole_card: ['DK', 'CT']
name: b10902031, hole_card: ['D3', 'S3']
"b10902031" declared "call:0"
name: b10502058, hole_card: ['DK', 'CT']
name: b10902031, hole_card: ['D3', 'S3']
"b10502058" declared "raise:10"
win_rate = 0.486
name: b10502058, hole_card: ['DK', 'CT']
name: b10902031, hole_card: ['D3', 'S3']
"b10902031" declared "call:10"
Street "turn" started. (community card = ['S4', 'D9', 'SQ', 'H6'])
win_rate = 0.4385
name: b10502058, hole_card: ['DK', 'CT']
name: b10902031, hole_card: ['D3', 'S3']
"b10902031" declared "call:0"
name: b10502058, hole_card: ['DK', 'CT']
name: b10902031, hole_card: ['D3', 'S3']
"b10502058" declared "call:0"
Street "river" started. (community card = ['S4', 'D9', 'SQ', 'H6', 'S8'])
win_rate = 0.331
name: b10502058, hole_card: ['DK', 'CT']
name: b10902031, hole_card: ['D3', 'S3']
"b10902031" declared "call:0"
name: b10502058, hole_card: ['DK', 'CT']
name: b10902031, hole_card: ['D3', 'S3']
"b10502058" declared "fold:0"
"['b10902031']" won the round 1 (stack = {'b10502058': 975, 'b10902031': 1025})
community cards of this round: ['CT', 'ST', 'C7', 'C2', 'CA']
name: b10502058, hole_card: ['C3', 'H5']
name: b10902031, hole_card: ['D4', 'D5']
Started the round 2
Street "preflop" started. (community card = [])
name: b10502058, hole_card: ['C3', 'H5']
name: b10902031, hole_card: ['D4', 'D5']
"b10502058" declared "fold:0"
"['b10902031']" won the round 2 (stack = {'b10502058': 970, 'b10902031': 1030})
community cards of this round: ['C4', 'D7', 'C2', 'CK', 'D5']
name: b10502058, hole_card: ['D6', 'S4']
name: b10902031, hole_card: ['HA', 'DT']
Started the round 3
Street "preflop" started. (community card = [])
win_rate = 0.6425
name: b10502058, hole_card: ['D6', 'S4']
name: b10902031, hole_card: ['HA', 'DT']
"b10902031" declared "call:10"
name: b10502058, hole_card: ['D6', 'S4']
name: b10902031, hole_card: ['HA', 'DT']
"b10502058" declared "call:10"
Street "flop" started. (community card = ['C4', 'D7', 'C2'])
win_rate = 0.4825
name: b10502058, hole_card: ['D6', 'S4']
name: b10902031, hole_card: ['HA', 'DT']
"b10902031" declared "call:0"
name: b10502058, hole_card: ['D6', 'S4']
name: b10902031, hole_card: ['HA', 'DT']
"b10502058" declared "raise:13.0"
win_rate = 0.457
name: b10502058, hole_card: ['D6', 'S4']
name: b10902031, hole_card: ['HA', 'DT']
"b10902031" declared "call:13.0"
Street "turn" started. (community card = ['C4', 'D7', 'C2', 'CK'])
win_rate = 0.4055
name: b10502058, hole_card: ['D6', 'S4']
name: b10902031, hole_card: ['HA', 'DT']
"b10902031" declared "call:0"
name: b10502058, hole_card: ['D6', 'S4']
name: b10902031, hole_card: ['HA', 'DT']
"b10502058" declared "raise:13.799999999999999"
win_rate = 0.3825
name: b10502058, hole_card: ['D6', 'S4']
name: b10902031, hole_card: ['HA', 'DT']
"b10902031" declared "fold:0"
"['b10502058']" won the round 3 (stack = {'b10502058': 992.2, 'b10902031': 1007.0})
community cards of this round: ['S9', 'D4', 'DK', 'CA', 'H7']
name: b10502058, hole_card: ['SA', 'HA']
name: b10902031, hole_card: ['D5', 'D8']
Started the round 4
Street "preflop" started. (community card = [])
name: b10502058, hole_card: ['SA', 'HA']
name: b10902031, hole_card: ['D5', 'D8']
"b10502058" declared "raise:16.5"
win_rate = 0.4625
name: b10502058, hole_card: ['SA', 'HA']
name: b10902031, hole_card: ['D5', 'D8']
"b10902031" declared "call:16.5"
Street "flop" started. (community card = ['S9', 'D4', 'DK'])
name: b10502058, hole_card: ['SA', 'HA']
name: b10902031, hole_card: ['D5', 'D8']
"b10502058" declared "raise:36.300000000000004"
win_rate = 0.5275
name: b10502058, hole_card: ['SA', 'HA']
name: b10902031, hole_card: ['D5', 'D8']
"b10902031" declared "call:36.300000000000004"
Street "turn" started. (community card = ['S9', 'D4', 'DK', 'CA'])
name: b10502058, hole_card: ['SA', 'HA']
name: b10902031, hole_card: ['D5', 'D8']
"b10502058" declared "raise:116.16000000000003"
win_rate = 0.3615
player: fold due to oppo raise with low win_rate
name: b10502058, hole_card: ['SA', 'HA']
name: b10902031, hole_card: ['D5', 'D8']
"b10902031" declared "fold:0"
"['b10502058']" won the round 4 (stack = {'b10502058': 1044.24, 'b10902031': 954.2})
community cards of this round: ['D8', 'S4', 'HA', 'C5', 'SQ']
name: b10502058, hole_card: ['C8', 'H6']
name: b10902031, hole_card: ['DK', 'H9']
Started the round 5
Street "preflop" started. (community card = [])
win_rate = 0.586
name: b10502058, hole_card: ['C8', 'H6']
name: b10902031, hole_card: ['DK', 'H9']
"b10902031" declared "raise:17.91152"
name: b10502058, hole_card: ['C8', 'H6']
name: b10902031, hole_card: ['DK', 'H9']
"b10502058" declared "call:17.91152"
Street "flop" started. (community card = ['D8', 'S4', 'HA'])
win_rate = 0.4935
name: b10502058, hole_card: ['C8', 'H6']
name: b10902031, hole_card: ['DK', 'H9']
"b10902031" declared "raise:11.443466214666666"
name: b10502058, hole_card: ['C8', 'H6']
name: b10902031, hole_card: ['DK', 'H9']
"b10502058" declared "raise:30.723229039533333"
win_rate = 0.5005
name: b10502058, hole_card: ['C8', 'H6']
name: b10902031, hole_card: ['DK', 'H9']
"b10902031" declared "raise:51.48752005702713"
name: b10502058, hole_card: ['C8', 'H6']
name: b10902031, hole_card: ['DK', 'H9']
"b10502058" declared "raise:76.72196291276431"
win_rate = 0.484
name: b10502058, hole_card: ['C8', 'H6']
name: b10902031, hole_card: ['DK', 'H9']
"b10902031" declared "raise:103.12447067242559"
name: b10502058, hole_card: ['C8', 'H6']
name: b10902031, hole_card: ['DK', 'H9']
"b10502058" declared "raise:140.18515783037344"
win_rate = 0.4995
name: b10502058, hole_card: ['C8', 'H6']
name: b10902031, hole_card: ['DK', 'H9']
"b10902031" declared "raise:178.50459069138233"
name: b10502058, hole_card: ['C8', 'H6']
name: b10902031, hole_card: ['DK', 'H9']
"b10502058" declared "raise:230.43331253914124"
win_rate = 0.502
name: b10502058, hole_card: ['C8', 'H6']
name: b10902031, hole_card: ['DK', 'H9']
"b10902031" declared "raise:283.47370934444245"
name: b10502058, hole_card: ['C8', 'H6']
name: b10902031, hole_card: ['DK', 'H9']
"b10502058" declared "raise:357.3245402243294"
win_rate = 0.4775
name: b10502058, hole_card: ['C8', 'H6']
name: b10902031, hole_card: ['DK', 'H9']
"b10902031" declared "raise:431.82780886987337"
name: b10502058, hole_card: ['C8', 'H6']
name: b10902031, hole_card: ['DK', 'H9']
"b10502058" declared "raise:536.2340029112318"
win_rate = 0.493
name: b10502058, hole_card: ['C8', 'H6']
name: b10902031, hole_card: ['DK', 'H9']
"b10902031" declared "raise:641.0984517913137"
name: b10502058, hole_card: ['C8', 'H6']
name: b10902031, hole_card: ['DK', 'H9']
"b10502058" declared "call:641.0984517913137"
Street "turn" started. (community card = ['D8', 'S4', 'HA', 'C5'])
win_rate = 0.395
name: b10502058, hole_card: ['C8', 'H6']
name: b10902031, hole_card: ['DK', 'H9']
"b10902031" declared "call:0"
name: b10502058, hole_card: ['C8', 'H6']
name: b10902031, hole_card: ['DK', 'H9']
"b10502058" declared "call:0"
Street "river" started. (community card = ['D8', 'S4', 'HA', 'C5', 'SQ'])
win_rate = 0.3275
name: b10502058, hole_card: ['C8', 'H6']
name: b10902031, hole_card: ['DK', 'H9']
"b10902031" declared "fold:0"
"['b10502058']" won the round 5 (stack = {'b10502058': 1703.2300282086862, 'b10902031': 295.1900282086865})
community cards of this round: ['H7', 'S5', 'H2', 'HJ', 'ST']
name: b10502058, hole_card: ['C3', 'SQ']
name: b10902031, hole_card: ['DJ', 'H8']
Started the round 6
Street "preflop" started. (community card = [])
name: b10502058, hole_card: ['C3', 'SQ']
name: b10902031, hole_card: ['DJ', 'H8']
"b10502058" declared "fold:0"
"['b10902031']" won the round 6 (stack = {'b10502058': 1698.2300282086862, 'b10902031': 300.1900282086865})
community cards of this round: ['H3', 'S7', 'S3', 'D4', 'H4']
name: b10502058, hole_card: ['S4', 'D2']
name: b10902031, hole_card: ['D9', 'SK']
Started the round 7
Street "preflop" started. (community card = [])
win_rate = 0.594
name: b10502058, hole_card: ['S4', 'D2']
name: b10902031, hole_card: ['D9', 'SK']
"b10902031" declared "raise:15.92211442454142"
name: b10502058, hole_card: ['S4', 'D2']
name: b10902031, hole_card: ['D9', 'SK']
"b10502058" declared "fold:0"
"['b10902031']" won the round 7 (stack = {'b10502058': 1688.2300282086862, 'b10902031': 309.2679137841451})
community cards of this round: ['DQ', 'HK', 'C3', 'D3', 'S5']
name: b10502058, hole_card: ['CK', 'SQ']
name: b10902031, hole_card: ['HA', 'C9']
Started the round 8
Street "preflop" started. (community card = [])
name: b10502058, hole_card: ['CK', 'SQ']
name: b10902031, hole_card: ['HA', 'C9']
"b10502058" declared "fold:0"
"['b10902031']" won the round 8 (stack = {'b10502058': 1683.2300282086862, 'b10902031': 314.2679137841451})
community cards of this round: ['S9', 'H2', 'D5', 'C9', 'S8']
name: b10502058, hole_card: ['C3', 'HA']
name: b10902031, hole_card: ['HQ', 'H4']
Started the round 9
Street "preflop" started. (community card = [])
win_rate = 0.5265
name: b10502058, hole_card: ['C3', 'HA']
name: b10902031, hole_card: ['HQ', 'H4']
"b10902031" declared "raise:15.630956518228238"
name: b10502058, hole_card: ['C3', 'HA']
name: b10902031, hole_card: ['HQ', 'H4']
"b10502058" declared "fold:0"
"['b10902031']" won the round 9 (stack = {'b10502058': 1673.2300282086862, 'b10902031': 323.63695726591686})
community cards of this round: ['CQ', 'DK', 'S4', 'C2', 'HK']
name: b10502058, hole_card: ['SA', 'SJ']
name: b10902031, hole_card: ['H6', 'C6']
Started the round 10
Street "preflop" started. (community card = [])
name: b10502058, hole_card: ['SA', 'SJ']
name: b10902031, hole_card: ['H6', 'C6']
"b10502058" declared "fold:0"
"['b10902031']" won the round 10 (stack = {'b10502058': 1668.2300282086862, 'b10902031': 328.63695726591686})
community cards of this round: ['CJ', 'ST', 'H8', 'D6', 'D9']
name: b10502058, hole_card: ['S6', 'H5']
name: b10902031, hole_card: ['CK', 'H6']
Started the round 11
Street "preflop" started. (community card = [])
win_rate = 0.532
name: b10502058, hole_card: ['S6', 'H5']
name: b10902031, hole_card: ['CK', 'H6']
"b10902031" declared "raise:15.690001305985017"
name: b10502058, hole_card: ['S6', 'H5']
name: b10902031, hole_card: ['CK', 'H6']
"b10502058" declared "fold:0"
"['b10902031']" won the round 11 (stack = {'b10502058': 1658.2300282086862, 'b10902031': 337.94695595993187})
community cards of this round: ['SQ', 'HT', 'S5', 'H4', 'DJ']
name: b10502058, hole_card: ['C4', 'S7']
name: b10902031, hole_card: ['S2', 'DK']
Started the round 12
Street "preflop" started. (community card = [])
name: b10502058, hole_card: ['C4', 'S7']
name: b10902031, hole_card: ['S2', 'DK']
"b10502058" declared "fold:0"
"['b10902031']" won the round 12 (stack = {'b10502058': 1653.2300282086862, 'b10902031': 342.94695595993187})
community cards of this round: ['CQ', 'S6', 'DQ', 'C9', 'H3']
name: b10502058, hole_card: ['D4', 'H9']
name: b10902031, hole_card: ['HA', 'C3']
Started the round 13
Street "preflop" started. (community card = [])
win_rate = 0.546
name: b10502058, hole_card: ['D4', 'H9']
name: b10902031, hole_card: ['HA', 'C3']
"b10902031" declared "raise:15.798004259502502"
name: b10502058, hole_card: ['D4', 'H9']
name: b10902031, hole_card: ['HA', 'C3']
"b10502058" declared "fold:0"
"['b10902031']" won the round 13 (stack = {'b10502058': 1643.2300282086862, 'b10902031': 352.1489517004294})
community cards of this round: ['D5', 'HQ', 'S7', 'DJ', 'CJ']
name: b10502058, hole_card: ['SQ', 'DA']
name: b10902031, hole_card: ['CQ', 'S4']
Started the round 14
Street "preflop" started. (community card = [])
name: b10502058, hole_card: ['SQ', 'DA']
name: b10902031, hole_card: ['CQ', 'S4']
"b10502058" declared "fold:0"
"['b10902031']" won the round 14 (stack = {'b10502058': 1638.2300282086862, 'b10902031': 357.1489517004294})
community cards of this round: ['HT', 'HA', 'C4', 'H8', 'DQ']
name: b10502058, hole_card: ['SJ', 'H7']
name: b10902031, hole_card: ['S5', 'D8']
Started the round 15
Street "preflop" started. (community card = [])
win_rate = 0.3915
name: b10502058, hole_card: ['SJ', 'H7']
name: b10902031, hole_card: ['S5', 'D8']
"b10902031" declared "call:10"
name: b10502058, hole_card: ['SJ', 'H7']
name: b10902031, hole_card: ['S5', 'D8']
"b10502058" declared "fold:0"
"['b10902031']" won the round 15 (stack = {'b10502058': 1628.2300282086862, 'b10902031': 367.1489517004294})
community cards of this round: ['CA', 'HA', 'SJ', 'SA', 'D5']
name: b10502058, hole_card: ['HT', 'S6']
name: b10902031, hole_card: ['H7', 'HJ']
Started the round 16
Street "preflop" started. (community card = [])
name: b10502058, hole_card: ['HT', 'S6']
name: b10902031, hole_card: ['H7', 'HJ']
"b10502058" declared "fold:0"
"['b10902031']" won the round 16 (stack = {'b10502058': 1623.2300282086862, 'b10902031': 372.1489517004294})
community cards of this round: ['SA', 'HQ', 'S2', 'SJ', 'S3']
name: b10502058, hole_card: ['D4', 'C3']
name: b10902031, hole_card: ['H3', 'S9']
Started the round 17
Street "preflop" started. (community card = [])
win_rate = 0.386
name: b10502058, hole_card: ['D4', 'C3']
name: b10902031, hole_card: ['H3', 'S9']
"b10902031" declared "call:10"
name: b10502058, hole_card: ['D4', 'C3']
name: b10902031, hole_card: ['H3', 'S9']
"b10502058" declared "fold:0"
"['b10902031']" won the round 17 (stack = {'b10502058': 1613.2300282086862, 'b10902031': 382.1489517004294})
community cards of this round: ['HJ', 'D8', 'D6', 'HQ', 'H7']
name: b10502058, hole_card: ['H5', 'S3']
name: b10902031, hole_card: ['HT', 'C8']
Started the round 18
Street "preflop" started. (community card = [])
name: b10502058, hole_card: ['H5', 'S3']
name: b10902031, hole_card: ['HT', 'C8']
"b10502058" declared "fold:0"
"['b10902031']" won the round 18 (stack = {'b10502058': 1608.2300282086862, 'b10902031': 387.1489517004294})
community cards of this round: ['S4', 'S5', 'SJ', 'S6', 'D8']
name: b10502058, hole_card: ['C8', 'S8']
name: b10902031, hole_card: ['H4', 'HQ']
Started the round 19
Street "preflop" started. (community card = [])
win_rate = 0.5415
name: b10502058, hole_card: ['C8', 'S8']
name: b10902031, hole_card: ['H4', 'HQ']
"b10902031" declared "raise:15.87765127776018"
name: b10502058, hole_card: ['C8', 'S8']
name: b10902031, hole_card: ['H4', 'HQ']
"b10502058" declared "fold:0"
"['b10902031']" won the round 19 (stack = {'b10502058': 1598.2300282086862, 'b10902031': 396.27130042266924})
community cards of this round: ['C3', 'HQ', 'CK', 'SK', 'C7']
name: b10502058, hole_card: ['S9', 'H3']
name: b10902031, hole_card: ['DA', 'ST']
Started the round 20
Street "preflop" started. (community card = [])
name: b10502058, hole_card: ['S9', 'H3']
name: b10902031, hole_card: ['DA', 'ST']
"b10502058" declared "fold:0"
"['b10902031']" won the round 20 (stack = {'b10502058': 1593.2300282086862, 'b10902031': 401.27130042266924})
b10902031 vs b10502058 - Game 1: {'rule': {'initial_stack': 1000, 'max_round': 20, 'small_blind_amount': 5, 'ante': 0, 'blind_structure': {}}, 'players': [{'name': 'b10502058', 'uuid': 'zmwecdntyiszbuqmrlzgdl', 'stack': 1593.2300282086862, 'state': 'participating'}, {'name': 'b10902031', 'uuid': 'xfpximyhvosilcqtcedgyx', 'stack': 401.27130042266924, 'state': 'participating'}]}
community cards of this round: ['S4', 'D9', 'SQ', 'H6', 'S8']
name: b10902031, hole_card: ['DK', 'CT']
name: b10502058, hole_card: ['D3', 'S3']
Started the round 1
Street "preflop" started. (community card = [])
name: b10902031, hole_card: ['DK', 'CT']
name: b10502058, hole_card: ['D3', 'S3']
"b10502058" declared "call:10"
win_rate = 0.584
name: b10902031, hole_card: ['DK', 'CT']
name: b10502058, hole_card: ['D3', 'S3']
"b10902031" declared "call:10"
Street "flop" started. (community card = ['S4', 'D9', 'SQ'])
name: b10902031, hole_card: ['DK', 'CT']
name: b10502058, hole_card: ['D3', 'S3']
"b10502058" declared "raise:10"
win_rate = 0.5045
name: b10902031, hole_card: ['DK', 'CT']
name: b10502058, hole_card: ['D3', 'S3']
"b10902031" declared "call:10"
Street "turn" started. (community card = ['S4', 'D9', 'SQ', 'H6'])
name: b10902031, hole_card: ['DK', 'CT']
name: b10502058, hole_card: ['D3', 'S3']
"b10502058" declared "call:0"
win_rate = 0.417
name: b10902031, hole_card: ['DK', 'CT']
name: b10502058, hole_card: ['D3', 'S3']
"b10902031" declared "call:0"
Street "river" started. (community card = ['S4', 'D9', 'SQ', 'H6', 'S8'])
name: b10902031, hole_card: ['DK', 'CT']
name: b10502058, hole_card: ['D3', 'S3']
"b10502058" declared "call:0"
win_rate = 0.201
name: b10902031, hole_card: ['DK', 'CT']
name: b10502058, hole_card: ['D3', 'S3']
"b10902031" declared "call:0"
"['b10502058']" won the round 1 (stack = {'b10902031': 980, 'b10502058': 1020})
community cards of this round: ['CT', 'ST', 'C7', 'C2', 'CA']
name: b10902031, hole_card: ['C3', 'H5']
name: b10502058, hole_card: ['D4', 'D5']
Started the round 2
Street "preflop" started. (community card = [])
win_rate = 0.339
name: b10902031, hole_card: ['C3', 'H5']
name: b10502058, hole_card: ['D4', 'D5']
"b10902031" declared "call:10"
name: b10902031, hole_card: ['C3', 'H5']
name: b10502058, hole_card: ['D4', 'D5']
"b10502058" declared "call:10"
Street "flop" started. (community card = ['CT', 'ST', 'C7'])
win_rate = 0.199
name: b10902031, hole_card: ['C3', 'H5']
name: b10502058, hole_card: ['D4', 'D5']
"b10902031" declared "fold:0"
"['b10502058']" won the round 2 (stack = {'b10902031': 970, 'b10502058': 1030})
community cards of this round: ['C4', 'D7', 'C2', 'CK', 'D5']
name: b10902031, hole_card: ['D6', 'S4']
name: b10502058, hole_card: ['HA', 'DT']
Started the round 3
Street "preflop" started. (community card = [])
name: b10902031, hole_card: ['D6', 'S4']
name: b10502058, hole_card: ['HA', 'DT']
"b10502058" declared "raise:15"
win_rate = 0.362
name: b10902031, hole_card: ['D6', 'S4']
name: b10502058, hole_card: ['HA', 'DT']
"b10902031" declared "call:15"
Street "flop" started. (community card = ['C4', 'D7', 'C2'])
name: b10902031, hole_card: ['D6', 'S4']
name: b10502058, hole_card: ['HA', 'DT']
"b10502058" declared "call:0"
win_rate = 0.607
name: b10902031, hole_card: ['D6', 'S4']
name: b10502058, hole_card: ['HA', 'DT']
"b10902031" declared "raise:13.26025"
name: b10902031, hole_card: ['D6', 'S4']
name: b10502058, hole_card: ['HA', 'DT']
"b10502058" declared "call:13.26025"
Street "turn" started. (community card = ['C4', 'D7', 'C2', 'CK'])
name: b10902031, hole_card: ['D6', 'S4']
name: b10502058, hole_card: ['HA', 'DT']
"b10502058" declared "call:0"
win_rate = 0.5375
name: b10902031, hole_card: ['D6', 'S4']
name: b10502058, hole_card: ['HA', 'DT']
"b10902031" declared "raise:12.135236927083334"
name: b10902031, hole_card: ['D6', 'S4']
name: b10502058, hole_card: ['HA', 'DT']
"b10502058" declared "call:12.135236927083334"
Street "river" started. (community card = ['C4', 'D7', 'C2', 'CK', 'D5'])
name: b10902031, hole_card: ['D6', 'S4']
name: b10502058, hole_card: ['HA', 'DT']
"b10502058" declared "call:0"
win_rate = 0.504
name: b10902031, hole_card: ['D6', 'S4']
name: b10502058, hole_card: ['HA', 'DT']
"b10902031" declared "call:0"
"['b10902031']" won the round 3 (stack = {'b10902031': 1009.6045130729166, 'b10502058': 989.6045130729166})
community cards of this round: ['S9', 'D4', 'DK', 'CA', 'H7']
name: b10902031, hole_card: ['SA', 'HA']
name: b10502058, hole_card: ['D5', 'D8']
Started the round 4
Street "preflop" started. (community card = [])
win_rate = 0.853
name: b10902031, hole_card: ['SA', 'HA']
name: b10502058, hole_card: ['D5', 'D8']
"b10902031" declared "raise:15"
name: b10902031, hole_card: ['SA', 'HA']
name: b10502058, hole_card: ['D5', 'D8']
"b10502058" declared "call:15"
Street "flop" started. (community card = ['S9', 'D4', 'DK'])
win_rate = 0.8385
name: b10902031, hole_card: ['SA', 'HA']
name: b10502058, hole_card: ['D5', 'D8']
"b10902031" declared "raise:10"
name: b10902031, hole_card: ['SA', 'HA']
name: b10502058, hole_card: ['D5', 'D8']
"b10502058" declared "raise:20"
win_rate = 0.8515
name: b10902031, hole_card: ['SA', 'HA']
name: b10502058, hole_card: ['D5', 'D8']
"b10902031" declared "raise:30"
name: b10902031, hole_card: ['SA', 'HA']
name: b10502058, hole_card: ['D5', 'D8']
"b10502058" declared "raise:40"
win_rate = 0.8345
name: b10902031, hole_card: ['SA', 'HA']
name: b10502058, hole_card: ['D5', 'D8']
"b10902031" declared "raise:50"
name: b10902031, hole_card: ['SA', 'HA']
name: b10502058, hole_card: ['D5', 'D8']
"b10502058" declared "raise:60"
win_rate = 0.8535
name: b10902031, hole_card: ['SA', 'HA']
name: b10502058, hole_card: ['D5', 'D8']
"b10902031" declared "raise:70"
name: b10902031, hole_card: ['SA', 'HA']
name: b10502058, hole_card: ['D5', 'D8']
"b10502058" declared "call:70"
Street "turn" started. (community card = ['S9', 'D4', 'DK', 'CA'])
win_rate = 0.988
name: b10902031, hole_card: ['SA', 'HA']
name: b10502058, hole_card: ['D5', 'D8']
"b10902031" declared "raise:10"
name: b10902031, hole_card: ['SA', 'HA']
name: b10502058, hole_card: ['D5', 'D8']
"b10502058" declared "call:10"
Street "river" started. (community card = ['S9', 'D4', 'DK', 'CA', 'H7'])
win_rate = 1.0
name: b10902031, hole_card: ['SA', 'HA']
name: b10502058, hole_card: ['D5', 'D8']
"b10902031" declared "raise:110.79097385416685"
name: b10902031, hole_card: ['SA', 'HA']
name: b10502058, hole_card: ['D5', 'D8']
"b10502058" declared "fold:0"
"['b10902031']" won the round 4 (stack = {'b10902031': 1103.8135392187496, 'b10502058': 894.6045130729166})
community cards of this round: ['D8', 'S4', 'HA', 'C5', 'SQ']
name: b10902031, hole_card: ['C8', 'H6']
name: b10502058, hole_card: ['DK', 'H9']
Started the round 5
Street "preflop" started. (community card = [])
name: b10902031, hole_card: ['C8', 'H6']
name: b10502058, hole_card: ['DK', 'H9']
"b10502058" declared "raise:15"
win_rate = 0.4395
name: b10902031, hole_card: ['C8', 'H6']
name: b10502058, hole_card: ['DK', 'H9']
"b10902031" declared "call:15"
Street "flop" started. (community card = ['D8', 'S4', 'HA'])
name: b10902031, hole_card: ['C8', 'H6']
name: b10502058, hole_card: ['DK', 'H9']
"b10502058" declared "raise:10"
win_rate = 0.709
name: b10902031, hole_card: ['C8', 'H6']
name: b10502058, hole_card: ['DK', 'H9']
"b10902031" declared "call:10"
Street "turn" started. (community card = ['D8', 'S4', 'HA', 'C5'])
name: b10902031, hole_card: ['C8', 'H6']
name: b10502058, hole_card: ['DK', 'H9']
"b10502058" declared "call:0"
win_rate = 0.692
name: b10902031, hole_card: ['C8', 'H6']
name: b10502058, hole_card: ['DK', 'H9']
"b10902031" declared "raise:1078.8135392187496"
name: b10902031, hole_card: ['C8', 'H6']
name: b10502058, hole_card: ['DK', 'H9']
"b10502058" declared "call:1078.8135392187496"
Street "river" started. (community card = ['D8', 'S4', 'HA', 'C5', 'SQ'])
"['b10902031']" won the round 5 (stack = {'b10902031': 1998.0, 'b10502058': 0.0})
b10902031 vs b10502058 - Game 2: {'rule': {'initial_stack': 1000, 'max_round': 20, 'small_blind_amount': 5, 'ante': 0, 'blind_structure': {}}, 'players': [{'name': 'b10902031', 'uuid': 'aztmqowylirzcfecxdusof', 'stack': 1998.0, 'state': 'participating'}, {'name': 'b10502058', 'uuid': 'qqmmwijzmldyshzgtpzhjn', 'stack': 0, 'state': 'folded'}]}
community cards of this round: ['D8', 'DK', 'C5', 'HQ', 'HT']
name: b10502058, hole_card: ['D7', 'H6']
name: b10902031, hole_card: ['H3', 'HK']
Started the round 1
Street "preflop" started. (community card = [])
win_rate = 0.512
name: b10502058, hole_card: ['D7', 'H6']
name: b10902031, hole_card: ['H3', 'HK']
"b10902031" declared "call:10"
name: b10502058, hole_card: ['D7', 'H6']
name: b10902031, hole_card: ['H3', 'HK']
"b10502058" declared "call:10"
Street "flop" started. (community card = ['D8', 'DK', 'C5'])
win_rate = 0.787
name: b10502058, hole_card: ['D7', 'H6']
name: b10902031, hole_card: ['H3', 'HK']
"b10902031" declared "call:0"
name: b10502058, hole_card: ['D7', 'H6']
name: b10902031, hole_card: ['H3', 'HK']
"b10502058" declared "call:0"
Street "turn" started. (community card = ['D8', 'DK', 'C5', 'HQ'])
win_rate = 0.8415
name: b10502058, hole_card: ['D7', 'H6']
name: b10902031, hole_card: ['H3', 'HK']
"b10902031" declared "raise:10"
name: b10502058, hole_card: ['D7', 'H6']
name: b10902031, hole_card: ['H3', 'HK']
"b10502058" declared "call:10"
Street "river" started. (community card = ['D8', 'DK', 'C5', 'HQ', 'HT'])
win_rate = 0.816
name: b10502058, hole_card: ['D7', 'H6']
name: b10902031, hole_card: ['H3', 'HK']
"b10902031" declared "raise:150"
name: b10502058, hole_card: ['D7', 'H6']
name: b10902031, hole_card: ['H3', 'HK']
"b10502058" declared "fold:0"
"['b10902031']" won the round 1 (stack = {'b10502058': 980, 'b10902031': 1020})
community cards of this round: ['SK', 'H7', 'SQ', 'DJ', 'S5']
name: b10502058, hole_card: ['HQ', 'D5']
name: b10902031, hole_card: ['H3', 'S3']
Started the round 2
Street "preflop" started. (community card = [])
name: b10502058, hole_card: ['HQ', 'D5']
name: b10902031, hole_card: ['H3', 'S3']
"b10502058" declared "raise:15"
win_rate = 0.534
name: b10502058, hole_card: ['HQ', 'D5']
name: b10902031, hole_card: ['H3', 'S3']
"b10902031" declared "call:15"
Street "flop" started. (community card = ['SK', 'H7', 'SQ'])
name: b10502058, hole_card: ['HQ', 'D5']
name: b10902031, hole_card: ['H3', 'S3']
"b10502058" declared "raise:19.5"
win_rate = 0.4915
name: b10502058, hole_card: ['HQ', 'D5']
name: b10902031, hole_card: ['H3', 'S3']
"b10902031" declared "call:19.5"
Street "turn" started. (community card = ['SK', 'H7', 'SQ', 'DJ'])
name: b10502058, hole_card: ['HQ', 'D5']
name: b10902031, hole_card: ['H3', 'S3']
"b10502058" declared "raise:44.85"
win_rate = 0.3965
player: fold due to oppo raise with low win_rate
name: b10502058, hole_card: ['HQ', 'D5']
name: b10902031, hole_card: ['H3', 'S3']
"b10902031" declared "fold:0"
"['b10502058']" won the round 2 (stack = {'b10502058': 1013.65, 'b10902031': 985.5})
community cards of this round: ['S6', 'CK', 'H6', 'C8', 'C4']
name: b10502058, hole_card: ['DJ', 'HT']
name: b10902031, hole_card: ['H2', 'S5']
Started the round 3
Street "preflop" started. (community card = [])
win_rate = 0.3195
name: b10502058, hole_card: ['DJ', 'HT']
name: b10902031, hole_card: ['H2', 'S5']
"b10902031" declared "call:10"
name: b10502058, hole_card: ['DJ', 'HT']
name: b10902031, hole_card: ['H2', 'S5']
"b10502058" declared "raise:15"
win_rate = 0.306
name: b10502058, hole_card: ['DJ', 'HT']
name: b10902031, hole_card: ['H2', 'S5']
"b10902031" declared "call:15"
Street "flop" started. (community card = ['S6', 'CK', 'H6'])
win_rate = 0.1665
name: b10502058, hole_card: ['DJ', 'HT']
name: b10902031, hole_card: ['H2', 'S5']
"b10902031" declared "fold:0"
"['b10502058']" won the round 3 (stack = {'b10502058': 1028.65, 'b10902031': 970.5})
community cards of this round: ['S8', 'DA', 'D7', 'H3', 'H5']
name: b10502058, hole_card: ['D3', 'C5']
name: b10902031, hole_card: ['C7', 'D2']
Started the round 4
Street "preflop" started. (community card = [])
name: b10502058, hole_card: ['D3', 'C5']
name: b10902031, hole_card: ['C7', 'D2']
"b10502058" declared "call:10"
win_rate = 0.3195
name: b10502058, hole_card: ['D3', 'C5']
name: b10902031, hole_card: ['C7', 'D2']
"b10902031" declared "call:10"
Street "flop" started. (community card = ['S8', 'DA', 'D7'])
name: b10502058, hole_card: ['D3', 'C5']
name: b10902031, hole_card: ['C7', 'D2']
"b10502058" declared "fold:0"
"['b10902031']" won the round 4 (stack = {'b10502058': 1018.6500000000001, 'b10902031': 980.5})
community cards of this round: ['D9', 'SA', 'D2', 'DK', 'D6']
name: b10502058, hole_card: ['CQ', 'D5']
name: b10902031, hole_card: ['S6', 'H3']
Started the round 5
Street "preflop" started. (community card = [])
win_rate = 0.3495
name: b10502058, hole_card: ['CQ', 'D5']
name: b10902031, hole_card: ['S6', 'H3']
"b10902031" declared "call:10"
name: b10502058, hole_card: ['CQ', 'D5']
name: b10902031, hole_card: ['S6', 'H3']
"b10502058" declared "raise:15"
win_rate = 0.349
name: b10502058, hole_card: ['CQ', 'D5']
name: b10902031, hole_card: ['S6', 'H3']
"b10902031" declared "call:15"
Street "flop" started. (community card = ['D9', 'SA', 'D2'])
win_rate = 0.1675
name: b10502058, hole_card: ['CQ', 'D5']
name: b10902031, hole_card: ['S6', 'H3']
"b10902031" declared "fold:0"
"['b10502058']" won the round 5 (stack = {'b10502058': 1033.65, 'b10902031': 965.5})
community cards of this round: ['C2', 'H9', 'SJ', 'DK', 'H8']
name: b10502058, hole_card: ['D5', 'S8']
name: b10902031, hole_card: ['HK', 'S6']
Started the round 6
Street "preflop" started. (community card = [])
name: b10502058, hole_card: ['D5', 'S8']
name: b10902031, hole_card: ['HK', 'S6']
"b10502058" declared "call:10"
win_rate = 0.5595
name: b10502058, hole_card: ['D5', 'S8']
name: b10902031, hole_card: ['HK', 'S6']
"b10902031" declared "raise:17.526745833333333"
name: b10502058, hole_card: ['D5', 'S8']
name: b10902031, hole_card: ['HK', 'S6']
"b10502058" declared "call:17.526745833333333"
Street "flop" started. (community card = ['C2', 'H9', 'SJ'])
name: b10502058, hole_card: ['D5', 'S8']
name: b10902031, hole_card: ['HK', 'S6']
"b10502058" declared "fold:0"
"['b10902031']" won the round 6 (stack = {'b10502058': 1016.1232541666668, 'b10902031': 982.9732541666667})
community cards of this round: ['HT', 'S3', 'H2', 'DQ', 'D2']
name: b10502058, hole_card: ['HQ', 'C6']
name: b10902031, hole_card: ['C4', 'CT']
Started the round 7
Street "preflop" started. (community card = [])
win_rate = 0.464
name: b10502058, hole_card: ['HQ', 'C6']
name: b10902031, hole_card: ['C4', 'CT']
"b10902031" declared "raise:16.032504804444443"
name: b10502058, hole_card: ['HQ', 'C6']
name: b10902031, hole_card: ['C4', 'CT']
"b10502058" declared "raise:22.065009608888886"
win_rate = 0.4565
name: b10502058, hole_card: ['HQ', 'C6']
name: b10902031, hole_card: ['C4', 'CT']
"b10902031" declared "raise:28.996689068267717"
name: b10502058, hole_card: ['HQ', 'C6']
name: b10902031, hole_card: ['C4', 'CT']
"b10502058" declared "call:28.996689068267717"
Street "flop" started. (community card = ['HT', 'S3', 'H2'])
win_rate = 0.757
name: b10502058, hole_card: ['HQ', 'C6']
name: b10902031, hole_card: ['C4', 'CT']
"b10902031" declared "raise:15.616660562335474"
name: b10502058, hole_card: ['HQ', 'C6']
name: b10902031, hole_card: ['C4', 'CT']
"b10502058" declared "call:15.616660562335474"
Street "turn" started. (community card = ['HT', 'S3', 'H2', 'DQ'])
win_rate = 0.7135
name: b10502058, hole_card: ['HQ', 'C6']
name: b10902031, hole_card: ['C4', 'CT']
"b10902031" declared "raise:938.3599045360635"
name: b10502058, hole_card: ['HQ', 'C6']
name: b10902031, hole_card: ['C4', 'CT']
"b10502058" declared "raise:-1", Invalid action. Treat as fold...
"['b10902031']" won the round 7 (stack = {'b10502058': 971.5099045360636, 'b10902031': 1027.0})
community cards of this round: ['C8', 'H8', 'C3', 'S5', 'H2']
name: b10502058, hole_card: ['D9', 'SQ']
name: b10902031, hole_card: ['C5', 'S6']
Started the round 8
Street "preflop" started. (community card = [])
name: b10502058, hole_card: ['D9', 'SQ']
name: b10902031, hole_card: ['C5', 'S6']
"b10502058" declared "raise:15"
win_rate = 0.378
name: b10502058, hole_card: ['D9', 'SQ']
name: b10902031, hole_card: ['C5', 'S6']
"b10902031" declared "fold:0"
"['b10502058']" won the round 8 (stack = {'b10502058': 981.5099045360636, 'b10902031': 1017.0})
community cards of this round: ['S3', 'C9', 'C4', 'H3', 'S5']
name: b10502058, hole_card: ['DQ', 'C3']
name: b10902031, hole_card: ['C6', 'C7']
Started the round 9
Street "preflop" started. (community card = [])
win_rate = 0.4565
name: b10502058, hole_card: ['DQ', 'C3']
name: b10902031, hole_card: ['C6', 'C7']
"b10902031" declared "call:10"
name: b10502058, hole_card: ['DQ', 'C3']
name: b10902031, hole_card: ['C6', 'C7']
"b10502058" declared "call:10"
Street "flop" started. (community card = ['S3', 'C9', 'C4'])
win_rate = 0.5665
name: b10502058, hole_card: ['DQ', 'C3']
name: b10902031, hole_card: ['C6', 'C7']
"b10902031" declared "call:0"
name: b10502058, hole_card: ['DQ', 'C3']
name: b10902031, hole_card: ['C6', 'C7']
"b10502058" declared "raise:10"
win_rate = 0.575
name: b10502058, hole_card: ['DQ', 'C3']
name: b10902031, hole_card: ['C6', 'C7']
"b10902031" declared "call:10"
Street "turn" started. (community card = ['S3', 'C9', 'C4', 'H3'])
win_rate = 0.369
name: b10502058, hole_card: ['DQ', 'C3']
name: b10902031, hole_card: ['C6', 'C7']
"b10902031" declared "fold:0"
"['b10502058']" won the round 9 (stack = {'b10502058': 1001.5099045360636, 'b10902031': 997.0})
community cards of this round: ['DQ', 'S3', 'C9', 'C8', 'DA']
name: b10502058, hole_card: ['D2', 'CQ']
name: b10902031, hole_card: ['S9', 'SA']
Started the round 10
Street "preflop" started. (community card = [])
name: b10502058, hole_card: ['D2', 'CQ']
name: b10902031, hole_card: ['S9', 'SA']
"b10502058" declared "call:10"
win_rate = 0.635
name: b10502058, hole_card: ['D2', 'CQ']
name: b10902031, hole_card: ['S9', 'SA']
"b10902031" declared "raise:18.84616666666667"
name: b10502058, hole_card: ['D2', 'CQ']
name: b10902031, hole_card: ['S9', 'SA']
"b10502058" declared "call:18.84616666666667"
Street "flop" started. (community card = ['DQ', 'S3', 'C9'])
name: b10502058, hole_card: ['D2', 'CQ']
name: b10902031, hole_card: ['S9', 'SA']
"b10502058" declared "raise:24.50001666666667"
win_rate = 0.779
name: b10502058, hole_card: ['D2', 'CQ']
name: b10902031, hole_card: ['S9', 'SA']
"b10902031" declared "raise:54.86918817000001"
name: b10502058, hole_card: ['D2', 'CQ']
name: b10902031, hole_card: ['S9', 'SA']
"b10502058" declared "raise:85.23835967333335"
win_rate = 0.7615
name: b10502058, hole_card: ['D2', 'CQ']
name: b10902031, hole_card: ['S9', 'SA']
"b10902031" declared "raise:120.80437264716062"
name: b10502058, hole_card: ['D2', 'CQ']
name: b10902031, hole_card: ['S9', 'SA']
"b10502058" declared "raise:158.42779267498776"
win_rate = 0.769
name: b10502058, hole_card: ['D2', 'CQ']
name: b10902031, hole_card: ['S9', 'SA']
"b10902031" declared "raise:200.8611438196926"
name: b10502058, hole_card: ['D2', 'CQ']
name: b10902031, hole_card: ['S9', 'SA']
"b10502058" declared "raise:258.0378253882089"
win_rate = 0.771
name: b10502058, hole_card: ['D2', 'CQ']
name: b10902031, hole_card: ['S9', 'SA']
"b10902031" declared "raise:319.3136817914872"
name: b10502058, hole_card: ['D2', 'CQ']
name: b10902031, hole_card: ['S9', 'SA']
"b10502058" declared "raise:676.5482245643324"
win_rate = 0.7595
name: b10502058, hole_card: ['D2', 'CQ']
name: b10902031, hole_card: ['S9', 'SA']
"b10902031" declared "call:676.5482245643324"
Street "turn" started. (community card = ['DQ', 'S3', 'C9', 'C8'])
name: b10502058, hole_card: ['D2', 'CQ']
name: b10902031, hole_card: ['S9', 'SA']
"b10502058" declared "call:0"
win_rate = 0.7225
name: b10502058, hole_card: ['D2', 'CQ']
name: b10902031, hole_card: ['S9', 'SA']
"b10902031" declared "raise:11.56738014713338"
name: b10502058, hole_card: ['D2', 'CQ']
name: b10902031, hole_card: ['S9', 'SA']
"b10502058" declared "call:11.56738014713338"
Street "river" started. (community card = ['DQ', 'S3', 'C9', 'C8', 'DA'])
name: b10502058, hole_card: ['D2', 'CQ']
name: b10902031, hole_card: ['S9', 'SA']
"b10502058" declared "call:0"
win_rate = 0.955
name: b10502058, hole_card: ['D2', 'CQ']
name: b10902031, hole_card: ['S9', 'SA']
"b10902031" declared "raise:87"
name: b10502058, hole_card: ['D2', 'CQ']
name: b10902031, hole_card: ['S9', 'SA']
"b10502058" declared "call:87"
"['b10902031']" won the round 10 (stack = {'b10502058': 207.54813315793115, 'b10902031': 1790.0382286218673})
community cards of this round: ['H7', 'S2', 'C5', 'S9', 'DK']
name: b10502058, hole_card: ['DA', 'S8']
name: b10902031, hole_card: ['C7', 'H8']
Started the round 11
Street "preflop" started. (community card = [])
player: fold to win
name: b10502058, hole_card: ['DA', 'S8']
name: b10902031, hole_card: ['C7', 'H8']
"b10902031" declared "fold:0"
"['b10502058']" won the round 11 (stack = {'b10502058': 212.54813315793115, 'b10902031': 1785.0382286218673})
community cards of this round: ['C8', 'HJ', 'CT', 'C5', 'SJ']
name: b10502058, hole_card: ['D3', 'D5']
name: b10902031, hole_card: ['D4', 'HK']
Started the round 12
Street "preflop" started. (community card = [])
name: b10502058, hole_card: ['D3', 'D5']
name: b10902031, hole_card: ['D4', 'HK']
"b10502058" declared "call:10"
player: fold to win
name: b10502058, hole_card: ['D3', 'D5']
name: b10902031, hole_card: ['D4', 'HK']
"b10902031" declared "fold:0"
"['b10502058']" won the round 12 (stack = {'b10502058': 222.54813315793115, 'b10902031': 1775.0382286218673})
community cards of this round: ['DT', 'CQ', 'H9', 'DJ', 'H5']
name: b10502058, hole_card: ['C4', 'C7']
name: b10902031, hole_card: ['SJ', 'S6']
Started the round 13
Street "preflop" started. (community card = [])
player: fold to win
name: b10502058, hole_card: ['C4', 'C7']
name: b10902031, hole_card: ['SJ', 'S6']
"b10902031" declared "fold:0"
"['b10502058']" won the round 13 (stack = {'b10502058': 227.54813315793115, 'b10902031': 1770.0382286218673})
community cards of this round: ['DJ', 'H8', 'HA', 'S3', 'HT']
name: b10502058, hole_card: ['ST', 'SA']
name: b10902031, hole_card: ['H4', 'C2']
Started the round 14
Street "preflop" started. (community card = [])
name: b10502058, hole_card: ['ST', 'SA']
name: b10902031, hole_card: ['H4', 'C2']
"b10502058" declared "raise:15"
player: fold to win
name: b10502058, hole_card: ['ST', 'SA']
name: b10902031, hole_card: ['H4', 'C2']
"b10902031" declared "fold:0"
"['b10502058']" won the round 14 (stack = {'b10502058': 237.54813315793115, 'b10902031': 1760.0382286218673})
community cards of this round: ['C4', 'H3', 'S7', 'CA', 'HA']
name: b10502058, hole_card: ['H5', 'S5']
name: b10902031, hole_card: ['SK', 'CJ']
Started the round 15
Street "preflop" started. (community card = [])
player: fold to win
name: b10502058, hole_card: ['H5', 'S5']
name: b10902031, hole_card: ['SK', 'CJ']
"b10902031" declared "fold:0"
"['b10502058']" won the round 15 (stack = {'b10502058': 242.54813315793115, 'b10902031': 1755.0382286218673})
community cards of this round: ['S2', 'S6', 'HA', 'ST', 'S5']
name: b10502058, hole_card: ['DT', 'S8']
name: b10902031, hole_card: ['H5', 'D3']
Started the round 16
Street "preflop" started. (community card = [])
name: b10502058, hole_card: ['DT', 'S8']
name: b10902031, hole_card: ['H5', 'D3']
"b10502058" declared "call:10"
player: fold to win
name: b10502058, hole_card: ['DT', 'S8']
name: b10902031, hole_card: ['H5', 'D3']
"b10902031" declared "fold:0"
"['b10502058']" won the round 16 (stack = {'b10502058': 252.54813315793115, 'b10902031': 1745.0382286218673})
community cards of this round: ['C8', 'SA', 'S7', 'S9', 'HJ']
name: b10502058, hole_card: ['C5', 'CJ']
name: b10902031, hole_card: ['H8', 'D8']
Started the round 17
Street "preflop" started. (community card = [])
player: fold to win
name: b10502058, hole_card: ['C5', 'CJ']
name: b10902031, hole_card: ['H8', 'D8']
"b10902031" declared "fold:0"
"['b10502058']" won the round 17 (stack = {'b10502058': 257.54813315793115, 'b10902031': 1740.0382286218673})
community cards of this round: ['C5', 'C7', 'SQ', 'C4', 'H2']
name: b10502058, hole_card: ['S3', 'S8']
name: b10902031, hole_card: ['HT', 'H3']
Started the round 18
Street "preflop" started. (community card = [])
name: b10502058, hole_card: ['S3', 'S8']
name: b10902031, hole_card: ['HT', 'H3']
"b10502058" declared "call:10"
player: fold to win
name: b10502058, hole_card: ['S3', 'S8']
name: b10902031, hole_card: ['HT', 'H3']
"b10902031" declared "fold:0"
"['b10502058']" won the round 18 (stack = {'b10502058': 267.54813315793115, 'b10902031': 1730.0382286218673})
community cards of this round: ['S5', 'CJ', 'D2', 'S4', 'CQ']
name: b10502058, hole_card: ['C2', 'S7']
name: b10902031, hole_card: ['S8', 'CT']
Started the round 19
Street "preflop" started. (community card = [])
player: fold to win
name: b10502058, hole_card: ['C2', 'S7']
name: b10902031, hole_card: ['S8', 'CT']
"b10902031" declared "fold:0"
"['b10502058']" won the round 19 (stack = {'b10502058': 272.54813315793115, 'b10902031': 1725.0382286218673})
community cards of this round: ['CK', 'HA', 'S2', 'SA', 'HK']
name: b10502058, hole_card: ['S9', 'S7']
name: b10902031, hole_card: ['DA', 'SK']
Started the round 20
Street "preflop" started. (community card = [])
name: b10502058, hole_card: ['S9', 'S7']
name: b10902031, hole_card: ['DA', 'SK']
"b10502058" declared "raise:15"
player: fold to win
name: b10502058, hole_card: ['S9', 'S7']
name: b10902031, hole_card: ['DA', 'SK']
"b10902031" declared "fold:0"
"['b10502058']" won the round 20 (stack = {'b10502058': 282.54813315793115, 'b10902031': 1715.0382286218673})
b10902031 vs b10502058 - Game 3: {'rule': {'initial_stack': 1000, 'max_round': 20, 'small_blind_amount': 5, 'ante': 0, 'blind_structure': {}}, 'players': [{'name': 'b10502058', 'uuid': 'obsxbcfaofcubvpthxpctf', 'stack': 282.54813315793115, 'state': 'participating'}, {'name': 'b10902031', 'uuid': 'uqiobhsbskpdibjxvlussr', 'stack': 1715.0382286218673, 'state': 'participating'}]}
community cards of this round: ['D8', 'DK', 'C5', 'HQ', 'HT']
name: b10902031, hole_card: ['D7', 'H6']
name: b10502058, hole_card: ['H3', 'HK']
Started the round 1
Street "preflop" started. (community card = [])
name: b10902031, hole_card: ['D7', 'H6']
name: b10502058, hole_card: ['H3', 'HK']
"b10502058" declared "raise:15"
win_rate = 0.4075
name: b10902031, hole_card: ['D7', 'H6']
name: b10502058, hole_card: ['H3', 'HK']
"b10902031" declared "call:15"
Street "flop" started. (community card = ['D8', 'DK', 'C5'])
name: b10902031, hole_card: ['D7', 'H6']
name: b10502058, hole_card: ['H3', 'HK']
"b10502058" declared "raise:19.5"
win_rate = 0.463
name: b10902031, hole_card: ['D7', 'H6']
name: b10502058, hole_card: ['H3', 'HK']
"b10902031" declared "call:19.5"
Street "turn" started. (community card = ['D8', 'DK', 'C5', 'HQ'])
name: b10902031, hole_card: ['D7', 'H6']
name: b10502058, hole_card: ['H3', 'HK']
"b10502058" declared "raise:75.9"
win_rate = 0.3005
name: b10902031, hole_card: ['D7', 'H6']
name: b10502058, hole_card: ['H3', 'HK']
"b10902031" declared "fold:0"
"['b10502058']" won the round 1 (stack = {'b10902031': 965.5, 'b10502058': 1033.6})
community cards of this round: ['SK', 'H7', 'SQ', 'DJ', 'S5']
name: b10902031, hole_card: ['HQ', 'D5']
name: b10502058, hole_card: ['H3', 'S3']
Started the round 2
Street "preflop" started. (community card = [])
win_rate = 0.5095
name: b10902031, hole_card: ['HQ', 'D5']
name: b10502058, hole_card: ['H3', 'S3']
"b10902031" declared "raise:16.7346625"
name: b10902031, hole_card: ['HQ', 'D5']
name: b10502058, hole_card: ['H3', 'S3']
"b10502058" declared "raise:23.469324999999998"
win_rate = 0.507
name: b10902031, hole_card: ['HQ', 'D5']
name: b10502058, hole_card: ['H3', 'S3']
"b10902031" declared "raise:31.871932055624995"
name: b10902031, hole_card: ['HQ', 'D5']
name: b10502058, hole_card: ['H3', 'S3']
"b10502058" declared "raise:40.27453911124999"
win_rate = 0.508
name: b10902031, hole_card: ['HQ', 'D5']
name: b10502058, hole_card: ['H3', 'S3']
"b10902031" declared "raise:50.32742730377461"
name: b10902031, hole_card: ['HQ', 'D5']
name: b10502058, hole_card: ['H3', 'S3']
"b10502058" declared "raise:60.38031549629923"
win_rate = 0.485
name: b10902031, hole_card: ['HQ', 'D5']
name: b10502058, hole_card: ['H3', 'S3']
"b10902031" declared "raise:71.70121498359802"
name: b10902031, hole_card: ['HQ', 'D5']
name: b10502058, hole_card: ['H3', 'S3']
"b10502058" declared "raise:83.02211447089681"
win_rate = 0.5115
name: b10902031, hole_card: ['HQ', 'D5']
name: b10502058, hole_card: ['H3', 'S3']
"b10902031" declared "raise:95.96191402392328"
name: b10902031, hole_card: ['HQ', 'D5']
name: b10502058, hole_card: ['H3', 'S3']
"b10502058" declared "raise:108.90171357694976"
win_rate = 0.513
name: b10902031, hole_card: ['HQ', 'D5']
name: b10502058, hole_card: ['H3', 'S3']
"b10902031" declared "raise:123.43040328024811"
name: b10902031, hole_card: ['HQ', 'D5']
name: b10502058, hole_card: ['H3', 'S3']
"b10502058" declared "raise:137.95909298354647"
win_rate = 0.495
name: b10902031, hole_card: ['HQ', 'D5']
name: b10502058, hole_card: ['H3', 'S3']
"b10902031" declared "raise:153.77505203092397"
name: b10902031, hole_card: ['HQ', 'D5']
name: b10502058, hole_card: ['H3', 'S3']
"b10502058" declared "raise:169.59101107830148"
win_rate = 0.516
name: b10902031, hole_card: ['HQ', 'D5']
name: b10502058, hole_card: ['H3', 'S3']
"b10902031" declared "raise:186.915149983436"
name: b10902031, hole_card: ['HQ', 'D5']
name: b10502058, hole_card: ['H3', 'S3']
"b10502058" declared "raise:204.23928888857054"
win_rate = 0.4875
name: b10902031, hole_card: ['HQ', 'D5']
name: b10502058, hole_card: ['H3', 'S3']
"b10902031" declared "raise:222.64833529483926"
name: b10902031, hole_card: ['HQ', 'D5']
name: b10502058, hole_card: ['H3', 'S3']
"b10502058" declared "raise:241.05738170110797"
win_rate = 0.51
name: b10902031, hole_card: ['HQ', 'D5']
name: b10502058, hole_card: ['H3', 'S3']
"b10902031" declared "raise:260.76082298917987"
name: b10902031, hole_card: ['HQ', 'D5']
name: b10502058, hole_card: ['H3', 'S3']
"b10502058" declared "raise:280.4642642772518"
win_rate = 0.506
name: b10902031, hole_card: ['HQ', 'D5']
name: b10502058, hole_card: ['H3', 'S3']
"b10902031" declared "raise:301.34312595215835"
name: b10902031, hole_card: ['HQ', 'D5']
name: b10502058, hole_card: ['H3', 'S3']
"b10502058" declared "raise:322.2219876270649"
win_rate = 0.498
name: b10902031, hole_card: ['HQ', 'D5']
name: b10502058, hole_card: ['H3', 'S3']
"b10902031" declared "raise:344.11743458144485"
name: b10902031, hole_card: ['HQ', 'D5']
name: b10502058, hole_card: ['H3', 'S3']
"b10502058" declared "raise:366.0128815358248"
win_rate = 0.5175
name: b10902031, hole_card: ['HQ', 'D5']
name: b10502058, hole_card: ['H3', 'S3']
"b10902031" declared "raise:389.03944551357813"
name: b10902031, hole_card: ['HQ', 'D5']
name: b10502058, hole_card: ['H3', 'S3']
"b10502058" declared "raise:412.06600949133144"
win_rate = 0.502
name: b10902031, hole_card: ['HQ', 'D5']
name: b10502058, hole_card: ['H3', 'S3']
"b10902031" declared "raise:435.9942660941873"
name: b10902031, hole_card: ['HQ', 'D5']
name: b10502058, hole_card: ['H3', 'S3']
"b10502058" declared "raise:459.9225226970432"
win_rate = 0.501
name: b10902031, hole_card: ['HQ', 'D5']
name: b10502058, hole_card: ['H3', 'S3']
"b10902031" declared "raise:484.66155548807757"
name: b10902031, hole_card: ['HQ', 'D5']
name: b10502058, hole_card: ['H3', 'S3']
"b10502058" declared "raise:509.40058827911196"
win_rate = 0.506
name: b10902031, hole_card: ['HQ', 'D5']
name: b10502058, hole_card: ['H3', 'S3']
"b10902031" declared "raise:534.9016910729225"
name: b10902031, hole_card: ['HQ', 'D5']
name: b10502058, hole_card: ['H3', 'S3']
"b10502058" declared "raise:560.4027938667331"
win_rate = 0.503
name: b10902031, hole_card: ['HQ', 'D5']
name: b10502058, hole_card: ['H3', 'S3']
"b10902031" declared "raise:586.5555366379431"
name: b10902031, hole_card: ['HQ', 'D5']
name: b10502058, hole_card: ['H3', 'S3']
"b10502058" declared "raise:612.7082794091531"
win_rate = 0.4955
name: b10902031, hole_card: ['HQ', 'D5']
name: b10502058, hole_card: ['H3', 'S3']
"b10902031" declared "raise:639.3809225533927"
name: b10902031, hole_card: ['HQ', 'D5']
name: b10502058, hole_card: ['H3', 'S3']
"b10502058" declared "raise:666.0535656976323"
win_rate = 0.4955
name: b10902031, hole_card: ['HQ', 'D5']
name: b10502058, hole_card: ['H3', 'S3']
"b10902031" declared "raise:693.1603737927986"
name: b10902031, hole_card: ['HQ', 'D5']
name: b10502058, hole_card: ['H3', 'S3']
"b10502058" declared "call:693.1603737927986"
Street "flop" started. (community card = ['SK', 'H7', 'SQ'])
win_rate = 0.7205
name: b10902031, hole_card: ['HQ', 'D5']
name: b10502058, hole_card: ['H3', 'S3']
"b10902031" declared "raise:11.4013308366568"
name: b10902031, hole_card: ['HQ', 'D5']
name: b10502058, hole_card: ['H3', 'S3']
"b10502058" declared "call:11.4013308366568"
Street "turn" started. (community card = ['SK', 'H7', 'SQ', 'DJ'])
win_rate = 0.6885
name: b10902031, hole_card: ['HQ', 'D5']
name: b10502058, hole_card: ['H3', 'S3']
"b10902031" declared "raise:260.93829537054444"
name: b10902031, hole_card: ['HQ', 'D5']
name: b10502058, hole_card: ['H3', 'S3']
"b10502058" declared "call:260.93829537054444"
Street "river" started. (community card = ['SK', 'H7', 'SQ', 'DJ', 'S5'])
"['b10902031']" won the round 2 (stack = {'b10902031': 1930.0, 'b10502058': 68.09999999999991})
community cards of this round: ['S6', 'CK', 'H6', 'C8', 'C4']
name: b10902031, hole_card: ['DJ', 'HT']
name: b10502058, hole_card: ['H2', 'S5']
Started the round 3
Street "preflop" started. (community card = [])
name: b10902031, hole_card: ['DJ', 'HT']
name: b10502058, hole_card: ['H2', 'S5']
"b10502058" declared "call:10"
player: fold to win
name: b10902031, hole_card: ['DJ', 'HT']
name: b10502058, hole_card: ['H2', 'S5']
"b10902031" declared "fold:0"
"['b10502058']" won the round 3 (stack = {'b10902031': 1920.0, 'b10502058': 78.09999999999991})
community cards of this round: ['S8', 'DA', 'D7', 'H3', 'H5']
name: b10902031, hole_card: ['D3', 'C5']
name: b10502058, hole_card: ['C7', 'D2']
Started the round 4
Street "preflop" started. (community card = [])
player: fold to win
name: b10902031, hole_card: ['D3', 'C5']
name: b10502058, hole_card: ['C7', 'D2']
"b10902031" declared "fold:0"
"['b10502058']" won the round 4 (stack = {'b10902031': 1915.0, 'b10502058': 83.09999999999991})
community cards of this round: ['D9', 'SA', 'D2', 'DK', 'D6']
name: b10902031, hole_card: ['CQ', 'D5']
name: b10502058, hole_card: ['S6', 'H3']
Started the round 5
Street "preflop" started. (community card = [])
name: b10902031, hole_card: ['CQ', 'D5']
name: b10502058, hole_card: ['S6', 'H3']
"b10502058" declared "call:10"
player: fold to win
name: b10902031, hole_card: ['CQ', 'D5']
name: b10502058, hole_card: ['S6', 'H3']
"b10902031" declared "fold:0"
"['b10502058']" won the round 5 (stack = {'b10902031': 1905.0, 'b10502058': 93.09999999999991})
community cards of this round: ['C2', 'H9', 'SJ', 'DK', 'H8']
name: b10902031, hole_card: ['D5', 'S8']
name: b10502058, hole_card: ['HK', 'S6']
Started the round 6
Street "preflop" started. (community card = [])
player: fold to win
name: b10902031, hole_card: ['D5', 'S8']
name: b10502058, hole_card: ['HK', 'S6']
"b10902031" declared "fold:0"
"['b10502058']" won the round 6 (stack = {'b10902031': 1900.0, 'b10502058': 98.09999999999991})
community cards of this round: ['HT', 'S3', 'H2', 'DQ', 'D2']
name: b10902031, hole_card: ['HQ', 'C6']
name: b10502058, hole_card: ['C4', 'CT']
Started the round 7
Street "preflop" started. (community card = [])
name: b10902031, hole_card: ['HQ', 'C6']
name: b10502058, hole_card: ['C4', 'CT']
"b10502058" declared "call:10"
player: fold to win
name: b10902031, hole_card: ['HQ', 'C6']
name: b10502058, hole_card: ['C4', 'CT']
"b10902031" declared "fold:0"
"['b10502058']" won the round 7 (stack = {'b10902031': 1890.0, 'b10502058': 108.09999999999991})
community cards of this round: ['C8', 'H8', 'C3', 'S5', 'H2']
name: b10902031, hole_card: ['D9', 'SQ']
name: b10502058, hole_card: ['C5', 'S6']
Started the round 8
Street "preflop" started. (community card = [])
player: fold to win
name: b10902031, hole_card: ['D9', 'SQ']
name: b10502058, hole_card: ['C5', 'S6']
"b10902031" declared "fold:0"
"['b10502058']" won the round 8 (stack = {'b10902031': 1885.0, 'b10502058': 113.09999999999991})
community cards of this round: ['S3', 'C9', 'C4', 'H3', 'S5']
name: b10902031, hole_card: ['DQ', 'C3']
name: b10502058, hole_card: ['C6', 'C7']
Started the round 9
Street "preflop" started. (community card = [])
name: b10902031, hole_card: ['DQ', 'C3']
name: b10502058, hole_card: ['C6', 'C7']
"b10502058" declared "call:10"
player: fold to win
name: b10902031, hole_card: ['DQ', 'C3']
name: b10502058, hole_card: ['C6', 'C7']
"b10902031" declared "fold:0"
"['b10502058']" won the round 9 (stack = {'b10902031': 1875.0, 'b10502058': 123.09999999999991})
community cards of this round: ['DQ', 'S3', 'C9', 'C8', 'DA']
name: b10902031, hole_card: ['D2', 'CQ']
name: b10502058, hole_card: ['S9', 'SA']
Started the round 10
Street "preflop" started. (community card = [])
player: fold to win
name: b10902031, hole_card: ['D2', 'CQ']
name: b10502058, hole_card: ['S9', 'SA']
"b10902031" declared "fold:0"
"['b10502058']" won the round 10 (stack = {'b10902031': 1870.0, 'b10502058': 128.0999999999999})
community cards of this round: ['H7', 'S2', 'C5', 'S9', 'DK']
name: b10902031, hole_card: ['DA', 'S8']
name: b10502058, hole_card: ['C7', 'H8']
Started the round 11
Street "preflop" started. (community card = [])
name: b10902031, hole_card: ['DA', 'S8']
name: b10502058, hole_card: ['C7', 'H8']
"b10502058" declared "call:10"
player: fold to win
name: b10902031, hole_card: ['DA', 'S8']
name: b10502058, hole_card: ['C7', 'H8']
"b10902031" declared "fold:0"
"['b10502058']" won the round 11 (stack = {'b10902031': 1860.0, 'b10502058': 138.0999999999999})
community cards of this round: ['C8', 'HJ', 'CT', 'C5', 'SJ']
name: b10902031, hole_card: ['D3', 'D5']
name: b10502058, hole_card: ['D4', 'HK']
Started the round 12
Street "preflop" started. (community card = [])
player: fold to win
name: b10902031, hole_card: ['D3', 'D5']
name: b10502058, hole_card: ['D4', 'HK']
"b10902031" declared "fold:0"
"['b10502058']" won the round 12 (stack = {'b10902031': 1855.0, 'b10502058': 143.0999999999999})
community cards of this round: ['DT', 'CQ', 'H9', 'DJ', 'H5']
name: b10902031, hole_card: ['C4', 'C7']
name: b10502058, hole_card: ['SJ', 'S6']
Started the round 13
Street "preflop" started. (community card = [])
name: b10902031, hole_card: ['C4', 'C7']
name: b10502058, hole_card: ['SJ', 'S6']
"b10502058" declared "raise:15"
player: fold to win
name: b10902031, hole_card: ['C4', 'C7']
name: b10502058, hole_card: ['SJ', 'S6']
"b10902031" declared "fold:0"
"['b10502058']" won the round 13 (stack = {'b10902031': 1845.0, 'b10502058': 153.0999999999999})
community cards of this round: ['DJ', 'H8', 'HA', 'S3', 'HT']
name: b10902031, hole_card: ['ST', 'SA']
name: b10502058, hole_card: ['H4', 'C2']
Started the round 14
Street "preflop" started. (community card = [])
player: fold to win
name: b10902031, hole_card: ['ST', 'SA']
name: b10502058, hole_card: ['H4', 'C2']
"b10902031" declared "fold:0"
"['b10502058']" won the round 14 (stack = {'b10902031': 1840.0, 'b10502058': 158.0999999999999})
community cards of this round: ['C4', 'H3', 'S7', 'CA', 'HA']
name: b10902031, hole_card: ['H5', 'S5']
name: b10502058, hole_card: ['SK', 'CJ']
Started the round 15
Street "preflop" started. (community card = [])
name: b10902031, hole_card: ['H5', 'S5']
name: b10502058, hole_card: ['SK', 'CJ']
"b10502058" declared "raise:15"
player: fold to win
name: b10902031, hole_card: ['H5', 'S5']
name: b10502058, hole_card: ['SK', 'CJ']
"b10902031" declared "fold:0"
"['b10502058']" won the round 15 (stack = {'b10902031': 1830.0, 'b10502058': 168.0999999999999})
community cards of this round: ['S2', 'S6', 'HA', 'ST', 'S5']
name: b10902031, hole_card: ['DT', 'S8']
name: b10502058, hole_card: ['H5', 'D3']
Started the round 16
Street "preflop" started. (community card = [])
player: fold to win
name: b10902031, hole_card: ['DT', 'S8']
name: b10502058, hole_card: ['H5', 'D3']
"b10902031" declared "fold:0"
"['b10502058']" won the round 16 (stack = {'b10902031': 1825.0, 'b10502058': 173.0999999999999})
community cards of this round: ['C8', 'SA', 'S7', 'S9', 'HJ']
name: b10902031, hole_card: ['C5', 'CJ']
name: b10502058, hole_card: ['H8', 'D8']
Started the round 17
Street "preflop" started. (community card = [])
name: b10902031, hole_card: ['C5', 'CJ']
name: b10502058, hole_card: ['H8', 'D8']
"b10502058" declared "raise:15"
player: fold to win
name: b10902031, hole_card: ['C5', 'CJ']
name: b10502058, hole_card: ['H8', 'D8']
"b10902031" declared "fold:0"
"['b10502058']" won the round 17 (stack = {'b10902031': 1815.0, 'b10502058': 183.0999999999999})
community cards of this round: ['C5', 'C7', 'SQ', 'C4', 'H2']
name: b10902031, hole_card: ['S3', 'S8']
name: b10502058, hole_card: ['HT', 'H3']
Started the round 18
Street "preflop" started. (community card = [])
player: fold to win
name: b10902031, hole_card: ['S3', 'S8']
name: b10502058, hole_card: ['HT', 'H3']
"b10902031" declared "fold:0"
"['b10502058']" won the round 18 (stack = {'b10902031': 1810.0, 'b10502058': 188.0999999999999})
community cards of this round: ['S5', 'CJ', 'D2', 'S4', 'CQ']
name: b10902031, hole_card: ['C2', 'S7']
name: b10502058, hole_card: ['S8', 'CT']
Started the round 19
Street "preflop" started. (community card = [])
name: b10902031, hole_card: ['C2', 'S7']
name: b10502058, hole_card: ['S8', 'CT']
"b10502058" declared "raise:15"
player: fold to win
name: b10902031, hole_card: ['C2', 'S7']
name: b10502058, hole_card: ['S8', 'CT']
"b10902031" declared "fold:0"
"['b10502058']" won the round 19 (stack = {'b10902031': 1800.0, 'b10502058': 198.0999999999999})
community cards of this round: ['CK', 'HA', 'S2', 'SA', 'HK']
name: b10902031, hole_card: ['S9', 'S7']
name: b10502058, hole_card: ['DA', 'SK']
Started the round 20
Street "preflop" started. (community card = [])
player: fold to win
name: b10902031, hole_card: ['S9', 'S7']
name: b10502058, hole_card: ['DA', 'SK']
"b10902031" declared "fold:0"
"['b10502058']" won the round 20 (stack = {'b10902031': 1795.0, 'b10502058': 203.0999999999999})
b10902031 vs b10502058 - Game 4: {'rule': {'initial_stack': 1000, 'max_round': 20, 'small_blind_amount': 5, 'ante': 0, 'blind_structure': {}}, 'players': [{'name': 'b10902031', 'uuid': 'kebbkumubcaktnfibajeey', 'stack': 1795.0, 'state': 'participating'}, {'name': 'b10502058', 'uuid': 'cymgegnhyduqvtygqpyxdt', 'stack': 203.0999999999999, 'state': 'participating'}]}
community cards of this round: ['D5', 'SJ', 'SA', 'DQ', 'HA']
name: b10502058, hole_card: ['D7', 'CK']
name: b10902031, hole_card: ['S9', 'S6']
Started the round 1
Street "preflop" started. (community card = [])
win_rate = 0.493
name: b10502058, hole_card: ['D7', 'CK']
name: b10902031, hole_card: ['S9', 'S6']
"b10902031" declared "call:10"
name: b10502058, hole_card: ['D7', 'CK']
name: b10902031, hole_card: ['S9', 'S6']
"b10502058" declared "raise:15"
win_rate = 0.47
name: b10502058, hole_card: ['D7', 'CK']
name: b10902031, hole_card: ['S9', 'S6']
"b10902031" declared "call:15"
Street "flop" started. (community card = ['D5', 'SJ', 'SA'])
win_rate = 0.543
name: b10502058, hole_card: ['D7', 'CK']
name: b10902031, hole_card: ['S9', 'S6']
"b10902031" declared "call:0"
name: b10502058, hole_card: ['D7', 'CK']
name: b10902031, hole_card: ['S9', 'S6']
"b10502058" declared "call:0"
Street "turn" started. (community card = ['D5', 'SJ', 'SA', 'DQ'])
win_rate = 0.418
name: b10502058, hole_card: ['D7', 'CK']
name: b10902031, hole_card: ['S9', 'S6']
"b10902031" declared "call:0"
name: b10502058, hole_card: ['D7', 'CK']
name: b10902031, hole_card: ['S9', 'S6']
"b10502058" declared "call:0"
Street "river" started. (community card = ['D5', 'SJ', 'SA', 'DQ', 'HA'])
win_rate = 0.262
name: b10502058, hole_card: ['D7', 'CK']
name: b10902031, hole_card: ['S9', 'S6']
"b10902031" declared "call:0"
name: b10502058, hole_card: ['D7', 'CK']
name: b10902031, hole_card: ['S9', 'S6']
"b10502058" declared "call:0"
"['b10502058']" won the round 1 (stack = {'b10502058': 1015, 'b10902031': 985})
community cards of this round: ['ST', 'DT', 'C9', 'H8', 'DJ']
name: b10502058, hole_card: ['C7', 'S9']
name: b10902031, hole_card: ['CJ', 'D6']
Started the round 2
Street "preflop" started. (community card = [])
name: b10502058, hole_card: ['C7', 'S9']
name: b10902031, hole_card: ['CJ', 'D6']
"b10502058" declared "call:10"
win_rate = 0.4785
name: b10502058, hole_card: ['C7', 'S9']
name: b10902031, hole_card: ['CJ', 'D6']
"b10902031" declared "raise:16.269083333333334"
name: b10502058, hole_card: ['C7', 'S9']
name: b10902031, hole_card: ['CJ', 'D6']
"b10502058" declared "call:16.269083333333334"
Street "flop" started. (community card = ['ST', 'DT', 'C9'])
name: b10502058, hole_card: ['C7', 'S9']
name: b10902031, hole_card: ['CJ', 'D6']
"b10502058" declared "raise:21.149808333333336"
win_rate = 0.395
name: b10502058, hole_card: ['C7', 'S9']
name: b10902031, hole_card: ['CJ', 'D6']
"b10902031" declared "call:21.149808333333336"
Street "turn" started. (community card = ['ST', 'DT', 'C9', 'H8'])
name: b10502058, hole_card: ['C7', 'S9']
name: b10902031, hole_card: ['CJ', 'D6']
"b10502058" declared "raise:48.64455916666667"
win_rate = 0.379
name: b10502058, hole_card: ['C7', 'S9']
name: b10902031, hole_card: ['CJ', 'D6']
"b10902031" declared "call:48.64455916666667"
Street "river" started. (community card = ['ST', 'DT', 'C9', 'H8', 'DJ'])
name: b10502058, hole_card: ['C7', 'S9']
name: b10902031, hole_card: ['CJ', 'D6']
"b10502058" declared "raise:111.88248608333333"
win_rate = 0.545
name: b10502058, hole_card: ['C7', 'S9']
name: b10902031, hole_card: ['CJ', 'D6']
"b10902031" declared "call:111.88248608333333"
"['b10502058']" won the round 2 (stack = {'b10502058': 1212.0540630833334, 'b10902031': 787.0540630833333})
community cards of this round: ['CJ', 'S9', 'S7', 'D2', 'D5']
name: b10502058, hole_card: ['S4', 'H7']
name: b10902031, hole_card: ['S2', 'H4']
Started the round 3
Street "preflop" started. (community card = [])
win_rate = 0.2875
name: b10502058, hole_card: ['S4', 'H7']
name: b10902031, hole_card: ['S2', 'H4']
"b10902031" declared "call:10"
name: b10502058, hole_card: ['S4', 'H7']
name: b10902031, hole_card: ['S2', 'H4']
"b10502058" declared "call:10"
Street "flop" started. (community card = ['CJ', 'S9', 'S7'])
win_rate = 0.131
name: b10502058, hole_card: ['S4', 'H7']
name: b10902031, hole_card: ['S2', 'H4']
"b10902031" declared "fold:0"
"['b10502058']" won the round 3 (stack = {'b10502058': 1222.0540630833334, 'b10902031': 777.0540630833333})
community cards of this round: ['C3', 'C9', 'HK', 'C6', 'S4']
name: b10502058, hole_card: ['D7', 'CK']
name: b10902031, hole_card: ['DQ', 'H7']
Started the round 4
Street "preflop" started. (community card = [])
name: b10502058, hole_card: ['D7', 'CK']
name: b10902031, hole_card: ['DQ', 'H7']
"b10502058" declared "raise:15"
win_rate = 0.5265
name: b10502058, hole_card: ['D7', 'CK']
name: b10902031, hole_card: ['DQ', 'H7']
"b10902031" declared "raise:21.59612231633403"
name: b10502058, hole_card: ['D7', 'CK']
name: b10902031, hole_card: ['DQ', 'H7']
"b10502058" declared "raise:28.192244632668057"
win_rate = 0.5345
name: b10502058, hole_card: ['D7', 'CK']
name: b10902031, hole_card: ['DQ', 'H7']
"b10902031" declared "raise:36.45227921783654"
name: b10502058, hole_card: ['D7', 'CK']
name: b10902031, hole_card: ['DQ', 'H7']
"b10502058" declared "raise:44.712313803005024"
win_rate = 0.5135
name: b10502058, hole_card: ['D7', 'CK']
name: b10902031, hole_card: ['DQ', 'H7']
"b10902031" declared "raise:54.34206963180519"
name: b10502058, hole_card: ['D7', 'CK']
name: b10902031, hole_card: ['DQ', 'H7']
"b10502058" declared "fold:0"
"['b10902031']" won the round 4 (stack = {'b10502058': 1177.3417492803285, 'b10902031': 821.7119934515282})
community cards of this round: ['S2', 'HA', 'D6', 'D4', 'HT']
name: b10502058, hole_card: ['H3', 'DA']
name: b10902031, hole_card: ['HJ', 'S9']
Started the round 5
Street "preflop" started. (community card = [])
win_rate = 0.557
name: b10502058, hole_card: ['H3', 'DA']
name: b10902031, hole_card: ['HJ', 'S9']
"b10902031" declared "raise:17.110896382864833"
name: b10502058, hole_card: ['H3', 'DA']
name: b10902031, hole_card: ['HJ', 'S9']
"b10502058" declared "fold:0"
"['b10902031']" won the round 5 (stack = {'b10502058': 1167.3417492803285, 'b10902031': 831.6010970686634})
community cards of this round: ['HT', 'SJ', 'DK', 'DA', 'CA']
name: b10502058, hole_card: ['S9', 'HQ']
name: b10902031, hole_card: ['H9', 'H2']
Started the round 6
Street "preflop" started. (community card = [])
name: b10502058, hole_card: ['S9', 'HQ']
name: b10902031, hole_card: ['H9', 'H2']
"b10502058" declared "fold:0"
"['b10902031']" won the round 6 (stack = {'b10502058': 1162.3417492803285, 'b10902031': 836.6010970686634})
community cards of this round: ['DJ', 'HQ', 'C9', 'H7', 'HT']
name: b10502058, hole_card: ['SJ', 'CK']
name: b10902031, hole_card: ['S8', 'H8']
Started the round 7
Street "preflop" started. (community card = [])
win_rate = 0.697
name: b10502058, hole_card: ['SJ', 'CK']
name: b10902031, hole_card: ['S8', 'H8']
"b10902031" declared "raise:19.06692543048988"
name: b10502058, hole_card: ['SJ', 'CK']
name: b10902031, hole_card: ['S8', 'H8']
"b10502058" declared "fold:0"
"['b10902031']" won the round 7 (stack = {'b10502058': 1152.3417492803285, 'b10902031': 846.5341716381736})
community cards of this round: ['CT', 'C9', 'D3', 'SQ', 'H8']
name: b10502058, hole_card: ['H3', 'SA']
name: b10902031, hole_card: ['DJ', 'H9']
Started the round 8
Street "preflop" started. (community card = [])
name: b10502058, hole_card: ['H3', 'SA']
name: b10902031, hole_card: ['DJ', 'H9']
"b10502058" declared "fold:0"
"['b10902031']" won the round 8 (stack = {'b10502058': 1147.3417492803285, 'b10902031': 851.5341716381736})
community cards of this round: ['H5', 'CJ', 'S3', 'DQ', 'SQ']
name: b10502058, hole_card: ['CQ', 'S9']
name: b10902031, hole_card: ['D9', 'S7']
Started the round 9
Street "preflop" started. (community card = [])
win_rate = 0.4645
name: b10502058, hole_card: ['CQ', 'S9']
name: b10902031, hole_card: ['D9', 'S7']
"b10902031" declared "raise:15.899274234511036"
name: b10502058, hole_card: ['CQ', 'S9']
name: b10902031, hole_card: ['D9', 'S7']
"b10502058" declared "fold:0"
"['b10902031']" won the round 9 (stack = {'b10502058': 1137.3417492803285, 'b10902031': 860.6348974036625})
community cards of this round: ['D2', 'CJ', 'CT', 'SJ', 'H8']
name: b10502058, hole_card: ['S5', 'H9']
name: b10902031, hole_card: ['H2', 'SK']
Started the round 10
Street "preflop" started. (community card = [])
name: b10502058, hole_card: ['S5', 'H9']
name: b10902031, hole_card: ['H2', 'SK']
"b10502058" declared "fold:0"
"['b10902031']" won the round 10 (stack = {'b10502058': 1132.3417492803285, 'b10902031': 865.6348974036625})
community cards of this round: ['D8', 'HQ', 'C5', 'S4', 'D6']
name: b10502058, hole_card: ['CT', 'HT']
name: b10902031, hole_card: ['SA', 'C7']
Started the round 11
Street "preflop" started. (community card = [])
win_rate = 0.589
name: b10502058, hole_card: ['CT', 'HT']
name: b10902031, hole_card: ['SA', 'C7']
"b10902031" declared "raise:17.679499926821535"
name: b10502058, hole_card: ['CT', 'HT']
name: b10902031, hole_card: ['SA', 'C7']
"b10502058" declared "fold:0"
"['b10902031']" won the round 11 (stack = {'b10502058': 1122.3417492803285, 'b10902031': 874.955397476841})
community cards of this round: ['S8', 'HQ', 'H6', 'D9', 'CA']
name: b10502058, hole_card: ['C4', 'ST']
name: b10902031, hole_card: ['H8', 'S4']
Started the round 12
Street "preflop" started. (community card = [])
name: b10502058, hole_card: ['C4', 'ST']
name: b10902031, hole_card: ['H8', 'S4']
"b10502058" declared "fold:0"
"['b10902031']" won the round 12 (stack = {'b10502058': 1117.3417492803285, 'b10902031': 879.955397476841})
community cards of this round: ['C9', 'S9', 'H7', 'S7', 'DQ']
name: b10502058, hole_card: ['S3', 'H6']
name: b10902031, hole_card: ['D7', 'S2']
Started the round 13
Street "preflop" started. (community card = [])
win_rate = 0.3255
name: b10502058, hole_card: ['S3', 'H6']
name: b10902031, hole_card: ['D7', 'S2']
"b10902031" declared "call:10"
name: b10502058, hole_card: ['S3', 'H6']
name: b10902031, hole_card: ['D7', 'S2']
"b10502058" declared "fold:0"
"['b10902031']" won the round 13 (stack = {'b10502058': 1107.3417492803285, 'b10902031': 889.955397476841})
community cards of this round: ['D4', 'HT', 'SJ', 'CJ', 'H5']
name: b10502058, hole_card: ['H8', 'S7']
name: b10902031, hole_card: ['S4', 'D3']
Started the round 14
Street "preflop" started. (community card = [])
name: b10502058, hole_card: ['H8', 'S7']
name: b10902031, hole_card: ['S4', 'D3']
"b10502058" declared "fold:0"
"['b10902031']" won the round 14 (stack = {'b10502058': 1102.3417492803285, 'b10902031': 894.955397476841})
community cards of this round: ['D8', 'DK', 'C4', 'HQ', 'H7']
name: b10502058, hole_card: ['H9', 'C5']
name: b10902031, hole_card: ['CT', 'H3']
Started the round 15
Street "preflop" started. (community card = [])
win_rate = 0.4085
name: b10502058, hole_card: ['H9', 'C5']
name: b10902031, hole_card: ['CT', 'H3']
"b10902031" declared "raise:15.124660347975885"
name: b10502058, hole_card: ['H9', 'C5']
name: b10902031, hole_card: ['CT', 'H3']
"b10502058" declared "fold:0"
"['b10902031']" won the round 15 (stack = {'b10502058': 1092.3417492803285, 'b10902031': 904.830737128865})
community cards of this round: ['CJ', 'S9', 'D5', 'ST', 'S8']
name: b10502058, hole_card: ['D3', 'S2']
name: b10902031, hole_card: ['HA', 'H9']
Started the round 16
Street "preflop" started. (community card = [])
name: b10502058, hole_card: ['D3', 'S2']
name: b10902031, hole_card: ['HA', 'H9']
"b10502058" declared "fold:0"
"['b10902031']" won the round 16 (stack = {'b10502058': 1087.3417492803285, 'b10902031': 909.830737128865})
community cards of this round: ['S8', 'DJ', 'S5', 'C9', 'S7']
name: b10502058, hole_card: ['D3', 'HQ']
name: b10902031, hole_card: ['C7', 'D4']
Started the round 17
Street "preflop" started. (community card = [])
win_rate = 0.355
name: b10502058, hole_card: ['D3', 'HQ']
name: b10902031, hole_card: ['C7', 'D4']
"b10902031" declared "call:10"
name: b10502058, hole_card: ['D3', 'HQ']
name: b10902031, hole_card: ['C7', 'D4']
"b10502058" declared "fold:0"
"['b10902031']" won the round 17 (stack = {'b10502058': 1077.3417492803285, 'b10902031': 919.830737128865})
community cards of this round: ['SQ', 'H9', 'S6', 'C4', 'C2']
name: b10502058, hole_card: ['D3', 'H3']
name: b10902031, hole_card: ['S4', 'HA']
Started the round 18
Street "preflop" started. (community card = [])
name: b10502058, hole_card: ['D3', 'H3']
name: b10902031, hole_card: ['S4', 'HA']
"b10502058" declared "fold:0"
"['b10902031']" won the round 18 (stack = {'b10502058': 1072.3417492803285, 'b10902031': 924.830737128865})
community cards of this round: ['C9', 'HJ', 'HK', 'DA', 'D4']
name: b10502058, hole_card: ['H6', 'DJ']
name: b10902031, hole_card: ['CJ', 'D8']
Started the round 19
Street "preflop" started. (community card = [])
win_rate = 0.5205
name: b10502058, hole_card: ['H6', 'DJ']
name: b10902031, hole_card: ['CJ', 'D8']
"b10902031" declared "raise:16.827243397067136"
name: b10502058, hole_card: ['H6', 'DJ']
name: b10902031, hole_card: ['CJ', 'D8']
"b10502058" declared "fold:0"
"['b10902031']" won the round 19 (stack = {'b10502058': 1062.3417492803285, 'b10902031': 934.0034937317979})
community cards of this round: ['D3', 'H4', 'CQ', 'C8', 'S8']
name: b10502058, hole_card: ['D7', 'SK']
name: b10902031, hole_card: ['C2', 'C6']
Started the round 20
Street "preflop" started. (community card = [])
name: b10502058, hole_card: ['D7', 'SK']
name: b10902031, hole_card: ['C2', 'C6']
"b10502058" declared "fold:0"
"['b10902031']" won the round 20 (stack = {'b10502058': 1057.3417492803285, 'b10902031': 939.0034937317979})
b10902031 vs b10502058 - Game 5: {'rule': {'initial_stack': 1000, 'max_round': 20, 'small_blind_amount': 5, 'ante': 0, 'blind_structure': {}}, 'players': [{'name': 'b10502058', 'uuid': 'hbigtjmemwvqhzfexwibmi', 'stack': 1057.3417492803285, 'state': 'participating'}, {'name': 'b10902031', 'uuid': 'gjgtsjhsmyglohtxaijagm', 'stack': 939.0034937317979, 'state': 'participating'}]}
Final Result: b10902031 won 3 games (stack: 6848.313022776334), b10502058 won 2 games (stack: 3136.219910646946), num ties: 0
