community cards of this round: ['CJ', 'C5', 'H3', 'DQ', 'D8']
name: b09202004, hole_card: ['S7', 'HJ']
name: b10902052, hole_card: ['HQ', 'H5']
Started the round 1
Street "preflop" started. (community card = [])
name: b09202004, hole_card: ['S7', 'HJ']
name: b10902052, hole_card: ['HQ', 'H5']
"b10902052" declared "call:10"
name: b09202004, hole_card: ['S7', 'HJ']
name: b10902052, hole_card: ['HQ', 'H5']
"b09202004" declared "fold:0"
"['b10902052']" won the round 1 (stack = {'b09202004': 990, 'b10902052': 1010})
community cards of this round: ['S2', 'S9', 'H7', 'S7', 'C2']
name: b09202004, hole_card: ['SJ', 'HJ']
name: b10902052, hole_card: ['H6', 'CJ']
Started the round 2
Street "preflop" started. (community card = [])
name: b09202004, hole_card: ['SJ', 'HJ']
name: b10902052, hole_card: ['H6', 'CJ']
"b09202004" declared "raise:975"
name: b09202004, hole_card: ['SJ', 'HJ']
name: b10902052, hole_card: ['H6', 'CJ']
"b10902052" declared "fold:0"
"['b09202004']" won the round 2 (stack = {'b09202004': 1000, 'b10902052': 1000})
community cards of this round: ['C3', 'H7', 'C4', 'HK', 'H3']
name: b09202004, hole_card: ['DK', 'H4']
name: b10902052, hole_card: ['CA', 'SJ']
Started the round 3
Street "preflop" started. (community card = [])
name: b09202004, hole_card: ['DK', 'H4']
name: b10902052, hole_card: ['CA', 'SJ']
"b10902052" declared "call:10"
name: b09202004, hole_card: ['DK', 'H4']
name: b10902052, hole_card: ['CA', 'SJ']
"b09202004" declared "fold:0"
"['b10902052']" won the round 3 (stack = {'b09202004': 990, 'b10902052': 1010})
community cards of this round: ['C4', 'D2', 'HT', 'D5', 'DA']
name: b09202004, hole_card: ['D3', 'HA']
name: b10902052, hole_card: ['SQ', 'H5']
Started the round 4
Street "preflop" started. (community card = [])
name: b09202004, hole_card: ['D3', 'HA']
name: b10902052, hole_card: ['SQ', 'H5']
"b09202004" declared "call:10"
name: b09202004, hole_card: ['D3', 'HA']
name: b10902052, hole_card: ['SQ', 'H5']
"b10902052" declared "call:10"
Street "flop" started. (community card = ['C4', 'D2', 'HT'])
name: b09202004, hole_card: ['D3', 'HA']
name: b10902052, hole_card: ['SQ', 'H5']
"b09202004" declared "call:0"
name: b09202004, hole_card: ['D3', 'HA']
name: b10902052, hole_card: ['SQ', 'H5']
"b10902052" declared "call:0"
Street "turn" started. (community card = ['C4', 'D2', 'HT', 'D5'])
name: b09202004, hole_card: ['D3', 'HA']
name: b10902052, hole_card: ['SQ', 'H5']
"b09202004" declared "call:0"
name: b09202004, hole_card: ['D3', 'HA']
name: b10902052, hole_card: ['SQ', 'H5']
"b10902052" declared "raise:20"
name: b09202004, hole_card: ['D3', 'HA']
name: b10902052, hole_card: ['SQ', 'H5']
"b09202004" declared "call:20"
Street "river" started. (community card = ['C4', 'D2', 'HT', 'D5', 'DA'])
name: b09202004, hole_card: ['D3', 'HA']
name: b10902052, hole_card: ['SQ', 'H5']
"b09202004" declared "raise:950"
name: b09202004, hole_card: ['D3', 'HA']
name: b10902052, hole_card: ['SQ', 'H5']
"b10902052" declared "fold:0"
"['b09202004']" won the round 4 (stack = {'b09202004': 1020, 'b10902052': 980})
community cards of this round: ['SK', 'S2', 'H3', 'CA', 'D3']
name: b09202004, hole_card: ['HT', 'CJ']
name: b10902052, hole_card: ['C8', 'SJ']
Started the round 5
Street "preflop" started. (community card = [])
name: b09202004, hole_card: ['HT', 'CJ']
name: b10902052, hole_card: ['C8', 'SJ']
"b10902052" declared "call:10"
name: b09202004, hole_card: ['HT', 'CJ']
name: b10902052, hole_card: ['C8', 'SJ']
"b09202004" declared "raise:1005"
name: b09202004, hole_card: ['HT', 'CJ']
name: b10902052, hole_card: ['C8', 'SJ']
"b10902052" declared "fold:0"
"['b09202004']" won the round 5 (stack = {'b09202004': 1030, 'b10902052': 970})
community cards of this round: ['HK', 'CQ', 'SQ', 'H7', 'H2']
name: b09202004, hole_card: ['DT', 'CA']
name: b10902052, hole_card: ['DJ', 'C6']
Started the round 6
Street "preflop" started. (community card = [])
name: b09202004, hole_card: ['DT', 'CA']
name: b10902052, hole_card: ['DJ', 'C6']
"b09202004" declared "raise:1015"
name: b09202004, hole_card: ['DT', 'CA']
name: b10902052, hole_card: ['DJ', 'C6']
"b10902052" declared "fold:0"
"['b09202004']" won the round 6 (stack = {'b09202004': 1040, 'b10902052': 960})
community cards of this round: ['D7', 'CT', 'H3', 'H2', 'D8']
name: b09202004, hole_card: ['SA', 'D4']
name: b10902052, hole_card: ['H4', 'SJ']
Started the round 7
Street "preflop" started. (community card = [])
name: b09202004, hole_card: ['SA', 'D4']
name: b10902052, hole_card: ['H4', 'SJ']
"b10902052" declared "call:10"
name: b09202004, hole_card: ['SA', 'D4']
name: b10902052, hole_card: ['H4', 'SJ']
"b09202004" declared "raise:1025"
name: b09202004, hole_card: ['SA', 'D4']
name: b10902052, hole_card: ['H4', 'SJ']
"b10902052" declared "fold:0"
"['b09202004']" won the round 7 (stack = {'b09202004': 1050, 'b10902052': 950})
community cards of this round: ['DT', 'DQ', 'H6', 'CJ', 'D5']
name: b09202004, hole_card: ['SK', 'C2']
name: b10902052, hole_card: ['D9', 'CA']
Started the round 8
Street "preflop" started. (community card = [])
name: b09202004, hole_card: ['SK', 'C2']
name: b10902052, hole_card: ['D9', 'CA']
"b09202004" declared "call:10"
name: b09202004, hole_card: ['SK', 'C2']
name: b10902052, hole_card: ['D9', 'CA']
"b10902052" declared "call:10"
Street "flop" started. (community card = ['DT', 'DQ', 'H6'])
name: b09202004, hole_card: ['SK', 'C2']
name: b10902052, hole_card: ['D9', 'CA']
"b09202004" declared "call:0"
name: b09202004, hole_card: ['SK', 'C2']
name: b10902052, hole_card: ['D9', 'CA']
"b10902052" declared "call:0"
Street "turn" started. (community card = ['DT', 'DQ', 'H6', 'CJ'])
name: b09202004, hole_card: ['SK', 'C2']
name: b10902052, hole_card: ['D9', 'CA']
"b09202004" declared "call:0"
name: b09202004, hole_card: ['SK', 'C2']
name: b10902052, hole_card: ['D9', 'CA']
"b10902052" declared "call:0"
Street "river" started. (community card = ['DT', 'DQ', 'H6', 'CJ', 'D5'])
name: b09202004, hole_card: ['SK', 'C2']
name: b10902052, hole_card: ['D9', 'CA']
"b09202004" declared "call:0"
name: b09202004, hole_card: ['SK', 'C2']
name: b10902052, hole_card: ['D9', 'CA']
"b10902052" declared "call:0"
"['b10902052']" won the round 8 (stack = {'b09202004': 1040, 'b10902052': 960})
community cards of this round: ['H8', 'HT', 'D2', 'S7', 'D6']
name: b09202004, hole_card: ['H6', 'C7']
name: b10902052, hole_card: ['C2', 'S3']
Started the round 9
Street "preflop" started. (community card = [])
name: b09202004, hole_card: ['H6', 'C7']
name: b10902052, hole_card: ['C2', 'S3']
"b10902052" declared "fold:0"
"['b09202004']" won the round 9 (stack = {'b09202004': 1045, 'b10902052': 955})
community cards of this round: ['S5', 'C3', 'SA', 'C4', 'C6']
name: b09202004, hole_card: ['CT', 'C9']
name: b10902052, hole_card: ['DK', 'D7']
Started the round 10
Street "preflop" started. (community card = [])
name: b09202004, hole_card: ['CT', 'C9']
name: b10902052, hole_card: ['DK', 'D7']
"b09202004" declared "raise:1030"
name: b09202004, hole_card: ['CT', 'C9']
name: b10902052, hole_card: ['DK', 'D7']
"b10902052" declared "fold:0"
"['b09202004']" won the round 10 (stack = {'b09202004': 1055, 'b10902052': 945})
community cards of this round: ['CA', 'SJ', 'D6', 'S3', 'D5']
name: b09202004, hole_card: ['CQ', 'C2']
name: b10902052, hole_card: ['H5', 'CJ']
Started the round 11
Street "preflop" started. (community card = [])
name: b09202004, hole_card: ['CQ', 'C2']
name: b10902052, hole_card: ['H5', 'CJ']
"b10902052" declared "fold:0"
"['b09202004']" won the round 11 (stack = {'b09202004': 1060, 'b10902052': 940})
community cards of this round: ['ST', 'D8', 'SQ', 'DA', 'D9']
name: b09202004, hole_card: ['HK', 'D7']
name: b10902052, hole_card: ['S4', 'S3']
Started the round 12
Street "preflop" started. (community card = [])
name: b09202004, hole_card: ['HK', 'D7']
name: b10902052, hole_card: ['S4', 'S3']
"b09202004" declared "call:10"
name: b09202004, hole_card: ['HK', 'D7']
name: b10902052, hole_card: ['S4', 'S3']
"b10902052" declared "raise:110.5"
name: b09202004, hole_card: ['HK', 'D7']
name: b10902052, hole_card: ['S4', 'S3']
"b09202004" declared "fold:0"
"['b10902052']" won the round 12 (stack = {'b09202004': 1050, 'b10902052': 949.5})
community cards of this round: ['C8', 'ST', 'CT', 'C5', 'H8']
name: b09202004, hole_card: ['C6', 'D2']
name: b10902052, hole_card: ['S8', 'D6']
Started the round 13
Street "preflop" started. (community card = [])
name: b09202004, hole_card: ['C6', 'D2']
name: b10902052, hole_card: ['S8', 'D6']
"b10902052" declared "raise:95.75"
name: b09202004, hole_card: ['C6', 'D2']
name: b10902052, hole_card: ['S8', 'D6']
"b09202004" declared "raise:868.5"
name: b09202004, hole_card: ['C6', 'D2']
name: b10902052, hole_card: ['S8', 'D6']
"b10902052" declared "fold:0"
"['b09202004']" won the round 13 (stack = {'b09202004': 1145.5, 'b10902052': 853.75})
community cards of this round: ['C8', 'HJ', 'H9', 'D2', 'HT']
name: b09202004, hole_card: ['D8', 'CQ']
name: b10902052, hole_card: ['H7', 'SK']
Started the round 14
Street "preflop" started. (community card = [])
name: b09202004, hole_card: ['D8', 'CQ']
name: b10902052, hole_card: ['H7', 'SK']
"b09202004" declared "fold:0"
"['b10902052']" won the round 14 (stack = {'b09202004': 1140.5, 'b10902052': 858.75})
community cards of this round: ['H8', 'D8', 'HJ', 'S6', 'CQ']
name: b09202004, hole_card: ['S8', 'C4']
name: b10902052, hole_card: ['C9', 'H5']
Started the round 15
Street "preflop" started. (community card = [])
name: b09202004, hole_card: ['S8', 'C4']
name: b10902052, hole_card: ['C9', 'H5']
"b10902052" declared "raise:171.375"
name: b09202004, hole_card: ['S8', 'C4']
name: b10902052, hole_card: ['C9', 'H5']
"b09202004" declared "call:171.375"
Street "flop" started. (community card = ['H8', 'D8', 'HJ'])
name: b09202004, hole_card: ['S8', 'C4']
name: b10902052, hole_card: ['C9', 'H5']
"b10902052" declared "raise:10.0"
name: b09202004, hole_card: ['S8', 'C4']
name: b10902052, hole_card: ['C9', 'H5']
"b09202004" declared "raise:949.125"
name: b09202004, hole_card: ['S8', 'C4']
name: b10902052, hole_card: ['C9', 'H5']
"b10902052" declared "fold:0"
"['b09202004']" won the round 15 (stack = {'b09202004': 1321.0, 'b10902052': 677.375})
community cards of this round: ['C2', 'C8', 'HJ', 'CQ', 'CJ']
name: b09202004, hole_card: ['DT', 'CA']
name: b10902052, hole_card: ['H4', 'DJ']
Started the round 16
Street "preflop" started. (community card = [])
name: b09202004, hole_card: ['DT', 'CA']
name: b10902052, hole_card: ['H4', 'DJ']
"b09202004" declared "call:10"
name: b09202004, hole_card: ['DT', 'CA']
name: b10902052, hole_card: ['H4', 'DJ']
"b10902052" declared "raise:342.3125"
name: b09202004, hole_card: ['DT', 'CA']
name: b10902052, hole_card: ['H4', 'DJ']
"b09202004" declared "fold:0"
"['b10902052']" won the round 16 (stack = {'b09202004': 1311.0, 'b10902052': 687.0625})
community cards of this round: ['CJ', 'CT', 'C7', 'D7', 'H8']
name: b09202004, hole_card: ['CA', 'H3']
name: b10902052, hole_card: ['SA', 'SJ']
Started the round 17
Street "preflop" started. (community card = [])
name: b09202004, hole_card: ['CA', 'H3']
name: b10902052, hole_card: ['SA', 'SJ']
"b10902052" declared "raise:327.46875"
name: b09202004, hole_card: ['CA', 'H3']
name: b10902052, hole_card: ['SA', 'SJ']
"b09202004" declared "call:327.46875"
Street "flop" started. (community card = ['CJ', 'CT', 'C7'])
name: b09202004, hole_card: ['CA', 'H3']
name: b10902052, hole_card: ['SA', 'SJ']
"b10902052" declared "raise:10.0"
name: b09202004, hole_card: ['CA', 'H3']
name: b10902052, hole_card: ['SA', 'SJ']
"b09202004" declared "call:10.0"
Street "turn" started. (community card = ['CJ', 'CT', 'C7', 'D7'])
name: b09202004, hole_card: ['CA', 'H3']
name: b10902052, hole_card: ['SA', 'SJ']
"b10902052" declared "raise:20"
name: b09202004, hole_card: ['CA', 'H3']
name: b10902052, hole_card: ['SA', 'SJ']
"b09202004" declared "call:20"
Street "river" started. (community card = ['CJ', 'CT', 'C7', 'D7', 'H8'])
name: b09202004, hole_card: ['CA', 'H3']
name: b10902052, hole_card: ['SA', 'SJ']
"b10902052" declared "call:0"
name: b09202004, hole_card: ['CA', 'H3']
name: b10902052, hole_card: ['SA', 'SJ']
"b09202004" declared "call:0"
"['b10902052']" won the round 17 (stack = {'b09202004': 953.53125, 'b10902052': 1043.59375})
community cards of this round: ['SJ', 'C5', 'SK', 'ST', 'S9']
name: b09202004, hole_card: ['DA', 'C9']
name: b10902052, hole_card: ['CA', 'HQ']
Started the round 18
Street "preflop" started. (community card = [])
name: b09202004, hole_card: ['DA', 'C9']
name: b10902052, hole_card: ['CA', 'HQ']
"b09202004" declared "raise:938.53125"
name: b09202004, hole_card: ['DA', 'C9']
name: b10902052, hole_card: ['CA', 'HQ']
"b10902052" declared "fold:0"
"['b09202004']" won the round 18 (stack = {'b09202004': 963.0, 'b10902052': 1033.59375})
community cards of this round: ['H9', 'HJ', 'D9', 'C2', 'H3']
name: b09202004, hole_card: ['S4', 'CT']
name: b10902052, hole_card: ['HT', 'H5']
Started the round 19
Street "preflop" started. (community card = [])
name: b09202004, hole_card: ['S4', 'CT']
name: b10902052, hole_card: ['HT', 'H5']
"b10902052" declared "fold:0"
"['b09202004']" won the round 19 (stack = {'b09202004': 968.0, 'b10902052': 1028.59375})
community cards of this round: ['S2', 'H7', 'D3', 'H8', 'D9']
name: b09202004, hole_card: ['D8', 'H6']
name: b10902052, hole_card: ['HJ', 'H3']
Started the round 20
Street "preflop" started. (community card = [])
name: b09202004, hole_card: ['D8', 'H6']
name: b10902052, hole_card: ['HJ', 'H3']
"b09202004" declared "call:10"
name: b09202004, hole_card: ['D8', 'H6']
name: b10902052, hole_card: ['HJ', 'H3']
"b10902052" declared "fold:0"
"['b09202004']" won the round 20 (stack = {'b09202004': 978.0, 'b10902052': 1018.59375})
b10902052 vs b09202004 - Game 1: {'rule': {'initial_stack': 1000, 'max_round': 20, 'small_blind_amount': 5, 'ante': 0, 'blind_structure': {}}, 'players': [{'name': 'b09202004', 'uuid': 'irkdumyqyuegfrcdljtxbj', 'stack': 978.0, 'state': 'participating'}, {'name': 'b10902052', 'uuid': 'uheecfzrzwarpfldiilime', 'stack': 1018.59375, 'state': 'participating'}]}
community cards of this round: ['CJ', 'C5', 'H3', 'DQ', 'D8']
name: b10902052, hole_card: ['S7', 'HJ']
name: b09202004, hole_card: ['HQ', 'H5']
Started the round 1
Street "preflop" started. (community card = [])
name: b10902052, hole_card: ['S7', 'HJ']
name: b09202004, hole_card: ['HQ', 'H5']
"b09202004" declared "fold:0"
"['b10902052']" won the round 1 (stack = {'b10902052': 1005, 'b09202004': 995})
community cards of this round: ['S2', 'S9', 'H7', 'S7', 'C2']
name: b10902052, hole_card: ['SJ', 'HJ']
name: b09202004, hole_card: ['H6', 'CJ']
Started the round 2
Street "preflop" started. (community card = [])
name: b10902052, hole_card: ['SJ', 'HJ']
name: b09202004, hole_card: ['H6', 'CJ']
"b10902052" declared "raise:20"
name: b10902052, hole_card: ['SJ', 'HJ']
name: b09202004, hole_card: ['H6', 'CJ']
"b09202004" declared "raise:965"
name: b10902052, hole_card: ['SJ', 'HJ']
name: b09202004, hole_card: ['H6', 'CJ']
"b10902052" declared "fold:0"
"['b09202004']" won the round 2 (stack = {'b10902052': 985, 'b09202004': 1015})
community cards of this round: ['C3', 'H7', 'C4', 'HK', 'H3']
name: b10902052, hole_card: ['DK', 'H4']
name: b09202004, hole_card: ['CA', 'SJ']
Started the round 3
Street "preflop" started. (community card = [])
name: b10902052, hole_card: ['DK', 'H4']
name: b09202004, hole_card: ['CA', 'SJ']
"b09202004" declared "fold:0"
"['b10902052']" won the round 3 (stack = {'b10902052': 990, 'b09202004': 1010})
community cards of this round: ['C4', 'D2', 'HT', 'D5', 'DA']
name: b10902052, hole_card: ['D3', 'HA']
name: b09202004, hole_card: ['SQ', 'H5']
Started the round 4
Street "preflop" started. (community card = [])
name: b10902052, hole_card: ['D3', 'HA']
name: b09202004, hole_card: ['SQ', 'H5']
"b10902052" declared "call:10"
name: b10902052, hole_card: ['D3', 'HA']
name: b09202004, hole_card: ['SQ', 'H5']
"b09202004" declared "raise:995"
name: b10902052, hole_card: ['D3', 'HA']
name: b09202004, hole_card: ['SQ', 'H5']
"b10902052" declared "fold:0"
"['b09202004']" won the round 4 (stack = {'b10902052': 980, 'b09202004': 1020})
community cards of this round: ['SK', 'S2', 'H3', 'CA', 'D3']
name: b10902052, hole_card: ['HT', 'CJ']
name: b09202004, hole_card: ['C8', 'SJ']
Started the round 5
Street "preflop" started. (community card = [])
name: b10902052, hole_card: ['HT', 'CJ']
name: b09202004, hole_card: ['C8', 'SJ']
"b09202004" declared "fold:0"
"['b10902052']" won the round 5 (stack = {'b10902052': 985, 'b09202004': 1015})
community cards of this round: ['HK', 'CQ', 'SQ', 'H7', 'H2']
name: b10902052, hole_card: ['DT', 'CA']
name: b09202004, hole_card: ['DJ', 'C6']
Started the round 6
Street "preflop" started. (community card = [])
name: b10902052, hole_card: ['DT', 'CA']
name: b09202004, hole_card: ['DJ', 'C6']
"b10902052" declared "call:10"
name: b10902052, hole_card: ['DT', 'CA']
name: b09202004, hole_card: ['DJ', 'C6']
"b09202004" declared "fold:0"
"['b10902052']" won the round 6 (stack = {'b10902052': 995, 'b09202004': 1005})
community cards of this round: ['D7', 'CT', 'H3', 'H2', 'D8']
name: b10902052, hole_card: ['SA', 'D4']
name: b09202004, hole_card: ['H4', 'SJ']
Started the round 7
Street "preflop" started. (community card = [])
name: b10902052, hole_card: ['SA', 'D4']
name: b09202004, hole_card: ['H4', 'SJ']
"b09202004" declared "fold:0"
"['b10902052']" won the round 7 (stack = {'b10902052': 1000, 'b09202004': 1000})
community cards of this round: ['DT', 'DQ', 'H6', 'CJ', 'D5']
name: b10902052, hole_card: ['SK', 'C2']
name: b09202004, hole_card: ['D9', 'CA']
Started the round 8
Street "preflop" started. (community card = [])
name: b10902052, hole_card: ['SK', 'C2']
name: b09202004, hole_card: ['D9', 'CA']
"b10902052" declared "call:10"
name: b10902052, hole_card: ['SK', 'C2']
name: b09202004, hole_card: ['D9', 'CA']
"b09202004" declared "raise:985"
name: b10902052, hole_card: ['SK', 'C2']
name: b09202004, hole_card: ['D9', 'CA']
"b10902052" declared "fold:0"
"['b09202004']" won the round 8 (stack = {'b10902052': 990, 'b09202004': 1010})
community cards of this round: ['H8', 'HT', 'D2', 'S7', 'D6']
name: b10902052, hole_card: ['H6', 'C7']
name: b09202004, hole_card: ['C2', 'S3']
Started the round 9
Street "preflop" started. (community card = [])
name: b10902052, hole_card: ['H6', 'C7']
name: b09202004, hole_card: ['C2', 'S3']
"b09202004" declared "fold:0"
"['b10902052']" won the round 9 (stack = {'b10902052': 995, 'b09202004': 1005})
community cards of this round: ['S5', 'C3', 'SA', 'C4', 'C6']
name: b10902052, hole_card: ['CT', 'C9']
name: b09202004, hole_card: ['DK', 'D7']
Started the round 10
Street "preflop" started. (community card = [])
name: b10902052, hole_card: ['CT', 'C9']
name: b09202004, hole_card: ['DK', 'D7']
"b10902052" declared "call:10"
name: b10902052, hole_card: ['CT', 'C9']
name: b09202004, hole_card: ['DK', 'D7']
"b09202004" declared "raise:990"
name: b10902052, hole_card: ['CT', 'C9']
name: b09202004, hole_card: ['DK', 'D7']
"b10902052" declared "fold:0"
"['b09202004']" won the round 10 (stack = {'b10902052': 985, 'b09202004': 1015})
community cards of this round: ['CA', 'SJ', 'D6', 'S3', 'D5']
name: b10902052, hole_card: ['CQ', 'C2']
name: b09202004, hole_card: ['H5', 'CJ']
Started the round 11
Street "preflop" started. (community card = [])
name: b10902052, hole_card: ['CQ', 'C2']
name: b09202004, hole_card: ['H5', 'CJ']
"b09202004" declared "raise:1000"
name: b10902052, hole_card: ['CQ', 'C2']
name: b09202004, hole_card: ['H5', 'CJ']
"b10902052" declared "fold:0"
"['b09202004']" won the round 11 (stack = {'b10902052': 975, 'b09202004': 1025})
community cards of this round: ['ST', 'D8', 'SQ', 'DA', 'D9']
name: b10902052, hole_card: ['HK', 'D7']
name: b09202004, hole_card: ['S4', 'S3']
Started the round 12
Street "preflop" started. (community card = [])
name: b10902052, hole_card: ['HK', 'D7']
name: b09202004, hole_card: ['S4', 'S3']
"b10902052" declared "call:10"
name: b10902052, hole_card: ['HK', 'D7']
name: b09202004, hole_card: ['S4', 'S3']
"b09202004" declared "raise:1010"
name: b10902052, hole_card: ['HK', 'D7']
name: b09202004, hole_card: ['S4', 'S3']
"b10902052" declared "fold:0"
"['b09202004']" won the round 12 (stack = {'b10902052': 965, 'b09202004': 1035})
community cards of this round: ['C8', 'ST', 'CT', 'C5', 'H8']
name: b10902052, hole_card: ['C6', 'D2']
name: b09202004, hole_card: ['S8', 'D6']
Started the round 13
Street "preflop" started. (community card = [])
name: b10902052, hole_card: ['C6', 'D2']
name: b09202004, hole_card: ['S8', 'D6']
"b09202004" declared "raise:1020"
name: b10902052, hole_card: ['C6', 'D2']
name: b09202004, hole_card: ['S8', 'D6']
"b10902052" declared "fold:0"
"['b09202004']" won the round 13 (stack = {'b10902052': 955, 'b09202004': 1045})
community cards of this round: ['C8', 'HJ', 'H9', 'D2', 'HT']
name: b10902052, hole_card: ['D8', 'CQ']
name: b09202004, hole_card: ['H7', 'SK']
Started the round 14
Street "preflop" started. (community card = [])
name: b10902052, hole_card: ['D8', 'CQ']
name: b09202004, hole_card: ['H7', 'SK']
"b10902052" declared "raise:80.5"
name: b10902052, hole_card: ['D8', 'CQ']
name: b09202004, hole_card: ['H7', 'SK']
"b09202004" declared "raise:894.0"
name: b10902052, hole_card: ['D8', 'CQ']
name: b09202004, hole_card: ['H7', 'SK']
"b10902052" declared "fold:0"
"['b09202004']" won the round 14 (stack = {'b10902052': 874.5, 'b09202004': 1125.0})
community cards of this round: ['H8', 'D8', 'HJ', 'S6', 'CQ']
name: b10902052, hole_card: ['S8', 'C4']
name: b09202004, hole_card: ['C9', 'H5']
Started the round 15
Street "preflop" started. (community card = [])
name: b10902052, hole_card: ['S8', 'C4']
name: b09202004, hole_card: ['C9', 'H5']
"b09202004" declared "call:10"
name: b10902052, hole_card: ['S8', 'C4']
name: b09202004, hole_card: ['C9', 'H5']
"b10902052" declared "raise:150.75"
name: b10902052, hole_card: ['S8', 'C4']
name: b09202004, hole_card: ['C9', 'H5']
"b09202004" declared "raise:833.5"
name: b10902052, hole_card: ['S8', 'C4']
name: b09202004, hole_card: ['C9', 'H5']
"b10902052" declared "fold:0"
"['b09202004']" won the round 15 (stack = {'b10902052': 723.75, 'b09202004': 1275.5})
community cards of this round: ['C2', 'C8', 'HJ', 'CQ', 'CJ']
name: b10902052, hole_card: ['DT', 'CA']
name: b09202004, hole_card: ['H4', 'DJ']
Started the round 16
Street "preflop" started. (community card = [])
name: b10902052, hole_card: ['DT', 'CA']
name: b09202004, hole_card: ['H4', 'DJ']
"b10902052" declared "raise:296.375"
name: b10902052, hole_card: ['DT', 'CA']
name: b09202004, hole_card: ['H4', 'DJ']
"b09202004" declared "call:296.375"
Street "flop" started. (community card = ['C2', 'C8', 'HJ'])
name: b10902052, hole_card: ['DT', 'CA']
name: b09202004, hole_card: ['H4', 'DJ']
"b10902052" declared "raise:10.0"
name: b10902052, hole_card: ['DT', 'CA']
name: b09202004, hole_card: ['H4', 'DJ']
"b09202004" declared "raise:959.125"
name: b10902052, hole_card: ['DT', 'CA']
name: b09202004, hole_card: ['H4', 'DJ']
"b10902052" declared "fold:0"
"['b09202004']" won the round 16 (stack = {'b10902052': 417.375, 'b09202004': 1581.0})
community cards of this round: ['CJ', 'CT', 'C7', 'D7', 'H8']
name: b10902052, hole_card: ['CA', 'H3']
name: b09202004, hole_card: ['SA', 'SJ']
Started the round 17
Street "preflop" started. (community card = [])
name: b10902052, hole_card: ['CA', 'H3']
name: b09202004, hole_card: ['SA', 'SJ']
"b09202004" declared "raise:1566.0"
name: b10902052, hole_card: ['CA', 'H3']
name: b09202004, hole_card: ['SA', 'SJ']
"b10902052" declared "fold:0"
"['b09202004']" won the round 17 (stack = {'b10902052': 407.375, 'b09202004': 1591.0})
community cards of this round: ['SJ', 'C5', 'SK', 'ST', 'S9']
name: b10902052, hole_card: ['DA', 'C9']
name: b09202004, hole_card: ['CA', 'HQ']
Started the round 18
Street "preflop" started. (community card = [])
name: b10902052, hole_card: ['DA', 'C9']
name: b09202004, hole_card: ['CA', 'HQ']
"b10902052" declared "raise:407.375"
name: b10902052, hole_card: ['DA', 'C9']
name: b09202004, hole_card: ['CA', 'HQ']
"b09202004" declared "raise:786.25", Invalid action. Treat as fold...
"['b10902052']" won the round 18 (stack = {'b10902052': 417.0, 'b09202004': 1581.0})
community cards of this round: ['H9', 'HJ', 'D9', 'C2', 'H3']
name: b10902052, hole_card: ['S4', 'CT']
name: b09202004, hole_card: ['HT', 'H5']
Started the round 19
Street "preflop" started. (community card = [])
name: b10902052, hole_card: ['S4', 'CT']
name: b09202004, hole_card: ['HT', 'H5']
"b09202004" declared "call:10"
name: b10902052, hole_card: ['S4', 'CT']
name: b09202004, hole_card: ['HT', 'H5']
"b10902052" declared "raise:417.0"
name: b10902052, hole_card: ['S4', 'CT']
name: b09202004, hole_card: ['HT', 'H5']
"b09202004" declared "fold:0"
"['b10902052']" won the round 19 (stack = {'b10902052': 427.0, 'b09202004': 1571.0})
community cards of this round: ['S2', 'H7', 'D3', 'H8', 'D9']
name: b10902052, hole_card: ['D8', 'H6']
name: b09202004, hole_card: ['HJ', 'H3']
Started the round 20
Street "preflop" started. (community card = [])
name: b10902052, hole_card: ['D8', 'H6']
name: b09202004, hole_card: ['HJ', 'H3']
"b10902052" declared "raise:427.0"
name: b10902052, hole_card: ['D8', 'H6']
name: b09202004, hole_card: ['HJ', 'H3']
"b09202004" declared "raise:727.0", Invalid action. Treat as fold...
"['b10902052']" won the round 20 (stack = {'b10902052': 437.0, 'b09202004': 1561.0})
b10902052 vs b09202004 - Game 2: {'rule': {'initial_stack': 1000, 'max_round': 20, 'small_blind_amount': 5, 'ante': 0, 'blind_structure': {}}, 'players': [{'name': 'b10902052', 'uuid': 'dfubayfagdakerfrfkdpee', 'stack': 437.0, 'state': 'participating'}, {'name': 'b09202004', 'uuid': 'nxodmndrvleddgzfiejcgp', 'stack': 1561.0, 'state': 'participating'}]}
community cards of this round: ['D6', 'D9', 'DA', 'CT', 'C4']
name: b09202004, hole_card: ['HJ', 'S6']
name: b10902052, hole_card: ['H8', 'H2']
Started the round 1
Street "preflop" started. (community card = [])
name: b09202004, hole_card: ['HJ', 'S6']
name: b10902052, hole_card: ['H8', 'H2']
"b10902052" declared "fold:0"
"['b09202004']" won the round 1 (stack = {'b09202004': 1005, 'b10902052': 995})
community cards of this round: ['C4', 'C5', 'C8', 'C3', 'S9']
name: b09202004, hole_card: ['D2', 'S4']
name: b10902052, hole_card: ['S2', 'H6']
Started the round 2
Street "preflop" started. (community card = [])
name: b09202004, hole_card: ['D2', 'S4']
name: b10902052, hole_card: ['S2', 'H6']
"b09202004" declared "fold:0"
"['b10902052']" won the round 2 (stack = {'b09202004': 1000, 'b10902052': 1000})
community cards of this round: ['H3', 'SQ', 'H5', 'S2', 'D6']
name: b09202004, hole_card: ['C8', 'D2']
name: b10902052, hole_card: ['D3', 'HJ']
Started the round 3
Street "preflop" started. (community card = [])
name: b09202004, hole_card: ['C8', 'D2']
name: b10902052, hole_card: ['D3', 'HJ']
"b10902052" declared "fold:0"
"['b09202004']" won the round 3 (stack = {'b09202004': 1005, 'b10902052': 995})
community cards of this round: ['C7', 'DA', 'SQ', 'S5', 'HQ']
name: b09202004, hole_card: ['D6', 'CT']
name: b10902052, hole_card: ['H8', 'CJ']
Started the round 4
Street "preflop" started. (community card = [])
name: b09202004, hole_card: ['D6', 'CT']
name: b10902052, hole_card: ['H8', 'CJ']
"b09202004" declared "fold:0"
"['b10902052']" won the round 4 (stack = {'b09202004': 1000, 'b10902052': 1000})
community cards of this round: ['HQ', 'HA', 'C8', 'S3', 'CK']
name: b09202004, hole_card: ['D8', 'H3']
name: b10902052, hole_card: ['D2', 'S9']
Started the round 5
Street "preflop" started. (community card = [])
name: b09202004, hole_card: ['D8', 'H3']
name: b10902052, hole_card: ['D2', 'S9']
"b10902052" declared "fold:0"
"['b09202004']" won the round 5 (stack = {'b09202004': 1005, 'b10902052': 995})
community cards of this round: ['SJ', 'HA', 'SK', 'S7', 'C3']
name: b09202004, hole_card: ['D5', 'D3']
name: b10902052, hole_card: ['S9', 'DJ']
Started the round 6
Street "preflop" started. (community card = [])
name: b09202004, hole_card: ['D5', 'D3']
name: b10902052, hole_card: ['S9', 'DJ']
"b09202004" declared "raise:990"
name: b09202004, hole_card: ['D5', 'D3']
name: b10902052, hole_card: ['S9', 'DJ']
"b10902052" declared "fold:0"
"['b09202004']" won the round 6 (stack = {'b09202004': 1015, 'b10902052': 985})
community cards of this round: ['CQ', 'H3', 'DT', 'D6', 'H8']
name: b09202004, hole_card: ['C5', 'CJ']
name: b10902052, hole_card: ['HT', 'HQ']
Started the round 7
Street "preflop" started. (community card = [])
name: b09202004, hole_card: ['C5', 'CJ']
name: b10902052, hole_card: ['HT', 'HQ']
"b10902052" declared "call:10"
name: b09202004, hole_card: ['C5', 'CJ']
name: b10902052, hole_card: ['HT', 'HQ']
"b09202004" declared "raise:1000"
name: b09202004, hole_card: ['C5', 'CJ']
name: b10902052, hole_card: ['HT', 'HQ']
"b10902052" declared "fold:0"
"['b09202004']" won the round 7 (stack = {'b09202004': 1025, 'b10902052': 975})
community cards of this round: ['DT', 'H4', 'D2', 'CT', 'DJ']
name: b09202004, hole_card: ['H7', 'S3']
name: b10902052, hole_card: ['C4', 'S4']
Started the round 8
Street "preflop" started. (community card = [])
name: b09202004, hole_card: ['H7', 'S3']
name: b10902052, hole_card: ['C4', 'S4']
"b09202004" declared "raise:1010"
name: b09202004, hole_card: ['H7', 'S3']
name: b10902052, hole_card: ['C4', 'S4']
"b10902052" declared "fold:0"
"['b09202004']" won the round 8 (stack = {'b09202004': 1035, 'b10902052': 965})
community cards of this round: ['CQ', 'HA', 'D8', 'DQ', 'H9']
name: b09202004, hole_card: ['SJ', 'S2']
name: b10902052, hole_card: ['HK', 'HQ']
Started the round 9
Street "preflop" started. (community card = [])
name: b09202004, hole_card: ['SJ', 'S2']
name: b10902052, hole_card: ['HK', 'HQ']
"b10902052" declared "call:10"
name: b09202004, hole_card: ['SJ', 'S2']
name: b10902052, hole_card: ['HK', 'HQ']
"b09202004" declared "fold:0"
"['b10902052']" won the round 9 (stack = {'b09202004': 1025, 'b10902052': 975})
community cards of this round: ['CT', 'H5', 'S7', 'HT', 'C4']
name: b09202004, hole_card: ['H9', 'D4']
name: b10902052, hole_card: ['H8', 'DJ']
Started the round 10
Street "preflop" started. (community card = [])
name: b09202004, hole_card: ['H9', 'D4']
name: b10902052, hole_card: ['H8', 'DJ']
"b09202004" declared "fold:0"
"['b10902052']" won the round 10 (stack = {'b09202004': 1020, 'b10902052': 980})
community cards of this round: ['D7', 'S8', 'H9', 'DT', 'S6']
name: b09202004, hole_card: ['HT', 'D5']
name: b10902052, hole_card: ['H7', 'HJ']
Started the round 11
Street "preflop" started. (community card = [])
name: b09202004, hole_card: ['HT', 'D5']
name: b10902052, hole_card: ['H7', 'HJ']
"b10902052" declared "call:10"
name: b09202004, hole_card: ['HT', 'D5']
name: b10902052, hole_card: ['H7', 'HJ']
"b09202004" declared "call:10"
Street "flop" started. (community card = ['D7', 'S8', 'H9'])
name: b09202004, hole_card: ['HT', 'D5']
name: b10902052, hole_card: ['H7', 'HJ']
"b10902052" declared "call:0"
name: b09202004, hole_card: ['HT', 'D5']
name: b10902052, hole_card: ['H7', 'HJ']
"b09202004" declared "call:0"
Street "turn" started. (community card = ['D7', 'S8', 'H9', 'DT'])
name: b09202004, hole_card: ['HT', 'D5']
name: b10902052, hole_card: ['H7', 'HJ']
"b10902052" declared "raise:80.5"
name: b09202004, hole_card: ['HT', 'D5']
name: b10902052, hole_card: ['H7', 'HJ']
"b09202004" declared "call:80.5"
Street "river" started. (community card = ['D7', 'S8', 'H9', 'DT', 'S6'])
name: b09202004, hole_card: ['HT', 'D5']
name: b10902052, hole_card: ['H7', 'HJ']
"b10902052" declared "raise:10"
name: b09202004, hole_card: ['HT', 'D5']
name: b10902052, hole_card: ['H7', 'HJ']
"b09202004" declared "call:10"
"['b10902052']" won the round 11 (stack = {'b09202004': 919.5, 'b10902052': 1080.5})
community cards of this round: ['DA', 'CT', 'D6', 'SK', 'H7']
name: b09202004, hole_card: ['CK', 'HQ']
name: b10902052, hole_card: ['C2', 'D3']
Started the round 12
Street "preflop" started. (community card = [])
name: b09202004, hole_card: ['CK', 'HQ']
name: b10902052, hole_card: ['C2', 'D3']
"b09202004" declared "raise:904.5"
name: b09202004, hole_card: ['CK', 'HQ']
name: b10902052, hole_card: ['C2', 'D3']
"b10902052" declared "fold:0"
"['b09202004']" won the round 12 (stack = {'b09202004': 929.0, 'b10902052': 1070.5})
community cards of this round: ['D6', 'CK', 'DQ', 'D2', 'HK']
name: b09202004, hole_card: ['D9', 'HJ']
name: b10902052, hole_card: ['D5', 'ST']
Started the round 13
Street "preflop" started. (community card = [])
name: b09202004, hole_card: ['D9', 'HJ']
name: b10902052, hole_card: ['D5', 'ST']
"b10902052" declared "fold:0"
"['b09202004']" won the round 13 (stack = {'b09202004': 934.0, 'b10902052': 1065.5})
community cards of this round: ['S5', 'S3', 'C8', 'DQ', 'D7']
name: b09202004, hole_card: ['D2', 'C3']
name: b10902052, hole_card: ['D5', 'S8']
Started the round 14
Street "preflop" started. (community card = [])
name: b09202004, hole_card: ['D2', 'C3']
name: b10902052, hole_card: ['D5', 'S8']
"b09202004" declared "fold:0"
"['b10902052']" won the round 14 (stack = {'b09202004': 929.0, 'b10902052': 1070.5})
community cards of this round: ['H6', 'HK', 'SQ', 'H9', 'DJ']
name: b09202004, hole_card: ['S5', 'DA']
name: b10902052, hole_card: ['CQ', 'D8']
Started the round 15
Street "preflop" started. (community card = [])
name: b09202004, hole_card: ['S5', 'DA']
name: b10902052, hole_card: ['CQ', 'D8']
"b10902052" declared "fold:0"
"['b09202004']" won the round 15 (stack = {'b09202004': 934.0, 'b10902052': 1065.5})
community cards of this round: ['S5', 'S3', 'D2', 'HQ', 'C3']
name: b09202004, hole_card: ['SK', 'S8']
name: b10902052, hole_card: ['S4', 'SJ']
Started the round 16
Street "preflop" started. (community card = [])
name: b09202004, hole_card: ['SK', 'S8']
name: b10902052, hole_card: ['S4', 'SJ']
"b09202004" declared "fold:0"
"['b10902052']" won the round 16 (stack = {'b09202004': 929.0, 'b10902052': 1070.5})
community cards of this round: ['S4', 'S2', 'C5', 'C9', 'HT']
name: b09202004, hole_card: ['CT', 'C7']
name: b10902052, hole_card: ['H4', 'H2']
Started the round 17
Street "preflop" started. (community card = [])
name: b09202004, hole_card: ['CT', 'C7']
name: b10902052, hole_card: ['H4', 'H2']
"b10902052" declared "fold:0"
"['b09202004']" won the round 17 (stack = {'b09202004': 934.0, 'b10902052': 1065.5})
community cards of this round: ['H3', 'HJ', 'S6', 'SA', 'CJ']
name: b09202004, hole_card: ['S9', 'D7']
name: b10902052, hole_card: ['H2', 'DJ']
Started the round 18
Street "preflop" started. (community card = [])
name: b09202004, hole_card: ['S9', 'D7']
name: b10902052, hole_card: ['H2', 'DJ']
"b09202004" declared "raise:919.0"
name: b09202004, hole_card: ['S9', 'D7']
name: b10902052, hole_card: ['H2', 'DJ']
"b10902052" declared "fold:0"
"['b09202004']" won the round 18 (stack = {'b09202004': 944.0, 'b10902052': 1055.5})
community cards of this round: ['D7', 'C9', 'CA', 'SK', 'DQ']
name: b09202004, hole_card: ['D8', 'C8']
name: b10902052, hole_card: ['CQ', 'C7']
Started the round 19
Street "preflop" started. (community card = [])
name: b09202004, hole_card: ['D8', 'C8']
name: b10902052, hole_card: ['CQ', 'C7']
"b10902052" declared "fold:0"
"['b09202004']" won the round 19 (stack = {'b09202004': 949.0, 'b10902052': 1050.5})
community cards of this round: ['D9', 'D5', 'DJ', 'DT', 'C5']
name: b09202004, hole_card: ['SA', 'DQ']
name: b10902052, hole_card: ['C9', 'CJ']
Started the round 20
Street "preflop" started. (community card = [])
name: b09202004, hole_card: ['SA', 'DQ']
name: b10902052, hole_card: ['C9', 'CJ']
"b09202004" declared "fold:0"
"['b10902052']" won the round 20 (stack = {'b09202004': 944.0, 'b10902052': 1055.5})
b10902052 vs b09202004 - Game 3: {'rule': {'initial_stack': 1000, 'max_round': 20, 'small_blind_amount': 5, 'ante': 0, 'blind_structure': {}}, 'players': [{'name': 'b09202004', 'uuid': 'ajlotwuymimphzslvtcghw', 'stack': 944.0, 'state': 'participating'}, {'name': 'b10902052', 'uuid': 'cbnfmkechwhlzbvmcjxshw', 'stack': 1055.5, 'state': 'participating'}]}
community cards of this round: ['D6', 'D9', 'DA', 'CT', 'C4']
name: b10902052, hole_card: ['HJ', 'S6']
name: b09202004, hole_card: ['H8', 'H2']
Started the round 1
Street "preflop" started. (community card = [])
name: b10902052, hole_card: ['HJ', 'S6']
name: b09202004, hole_card: ['H8', 'H2']
"b09202004" declared "fold:0"
"['b10902052']" won the round 1 (stack = {'b10902052': 1005, 'b09202004': 995})
community cards of this round: ['C4', 'C5', 'C8', 'C3', 'S9']
name: b10902052, hole_card: ['D2', 'S4']
name: b09202004, hole_card: ['S2', 'H6']
Started the round 2
Street "preflop" started. (community card = [])
name: b10902052, hole_card: ['D2', 'S4']
name: b09202004, hole_card: ['S2', 'H6']
"b10902052" declared "fold:0"
"['b09202004']" won the round 2 (stack = {'b10902052': 1000, 'b09202004': 1000})
community cards of this round: ['H3', 'SQ', 'H5', 'S2', 'D6']
name: b10902052, hole_card: ['C8', 'D2']
name: b09202004, hole_card: ['D3', 'HJ']
Started the round 3
Street "preflop" started. (community card = [])
name: b10902052, hole_card: ['C8', 'D2']
name: b09202004, hole_card: ['D3', 'HJ']
"b09202004" declared "fold:0"
"['b10902052']" won the round 3 (stack = {'b10902052': 1005, 'b09202004': 995})
community cards of this round: ['C7', 'DA', 'SQ', 'S5', 'HQ']
name: b10902052, hole_card: ['D6', 'CT']
name: b09202004, hole_card: ['H8', 'CJ']
Started the round 4
Street "preflop" started. (community card = [])
name: b10902052, hole_card: ['D6', 'CT']
name: b09202004, hole_card: ['H8', 'CJ']
"b10902052" declared "fold:0"
"['b09202004']" won the round 4 (stack = {'b10902052': 1000, 'b09202004': 1000})
community cards of this round: ['HQ', 'HA', 'C8', 'S3', 'CK']
name: b10902052, hole_card: ['D8', 'H3']
name: b09202004, hole_card: ['D2', 'S9']
Started the round 5
Street "preflop" started. (community card = [])
name: b10902052, hole_card: ['D8', 'H3']
name: b09202004, hole_card: ['D2', 'S9']
"b09202004" declared "call:10"
name: b10902052, hole_card: ['D8', 'H3']
name: b09202004, hole_card: ['D2', 'S9']
"b10902052" declared "fold:0"
"['b09202004']" won the round 5 (stack = {'b10902052': 990, 'b09202004': 1010})
community cards of this round: ['SJ', 'HA', 'SK', 'S7', 'C3']
name: b10902052, hole_card: ['D5', 'D3']
name: b09202004, hole_card: ['S9', 'DJ']
Started the round 6
Street "preflop" started. (community card = [])
name: b10902052, hole_card: ['D5', 'D3']
name: b09202004, hole_card: ['S9', 'DJ']
"b10902052" declared "fold:0"
"['b09202004']" won the round 6 (stack = {'b10902052': 985, 'b09202004': 1015})
community cards of this round: ['CQ', 'H3', 'DT', 'D6', 'H8']
name: b10902052, hole_card: ['C5', 'CJ']
name: b09202004, hole_card: ['HT', 'HQ']
Started the round 7
Street "preflop" started. (community card = [])
name: b10902052, hole_card: ['C5', 'CJ']
name: b09202004, hole_card: ['HT', 'HQ']
"b09202004" declared "call:10"
name: b10902052, hole_card: ['C5', 'CJ']
name: b09202004, hole_card: ['HT', 'HQ']
"b10902052" declared "call:10"
Street "flop" started. (community card = ['CQ', 'H3', 'DT'])
name: b10902052, hole_card: ['C5', 'CJ']
name: b09202004, hole_card: ['HT', 'HQ']
"b09202004" declared "raise:995"
name: b10902052, hole_card: ['C5', 'CJ']
name: b09202004, hole_card: ['HT', 'HQ']
"b10902052" declared "fold:0"
"['b09202004']" won the round 7 (stack = {'b10902052': 975, 'b09202004': 1025})
community cards of this round: ['DT', 'H4', 'D2', 'CT', 'DJ']
name: b10902052, hole_card: ['H7', 'S3']
name: b09202004, hole_card: ['C4', 'S4']
Started the round 8
Street "preflop" started. (community card = [])
name: b10902052, hole_card: ['H7', 'S3']
name: b09202004, hole_card: ['C4', 'S4']
"b10902052" declared "fold:0"
"['b09202004']" won the round 8 (stack = {'b10902052': 970, 'b09202004': 1030})
community cards of this round: ['CQ', 'HA', 'D8', 'DQ', 'H9']
name: b10902052, hole_card: ['SJ', 'S2']
name: b09202004, hole_card: ['HK', 'HQ']
Started the round 9
Street "preflop" started. (community card = [])
name: b10902052, hole_card: ['SJ', 'S2']
name: b09202004, hole_card: ['HK', 'HQ']
"b09202004" declared "raise:1015"
name: b10902052, hole_card: ['SJ', 'S2']
name: b09202004, hole_card: ['HK', 'HQ']
"b10902052" declared "fold:0"
"['b09202004']" won the round 9 (stack = {'b10902052': 960, 'b09202004': 1040})
community cards of this round: ['CT', 'H5', 'S7', 'HT', 'C4']
name: b10902052, hole_card: ['H9', 'D4']
name: b09202004, hole_card: ['H8', 'DJ']
Started the round 10
Street "preflop" started. (community card = [])
name: b10902052, hole_card: ['H9', 'D4']
name: b09202004, hole_card: ['H8', 'DJ']
"b10902052" declared "fold:0"
"['b09202004']" won the round 10 (stack = {'b10902052': 955, 'b09202004': 1045})
community cards of this round: ['D7', 'S8', 'H9', 'DT', 'S6']
name: b10902052, hole_card: ['HT', 'D5']
name: b09202004, hole_card: ['H7', 'HJ']
Started the round 11
Street "preflop" started. (community card = [])
name: b10902052, hole_card: ['HT', 'D5']
name: b09202004, hole_card: ['H7', 'HJ']
"b09202004" declared "raise:1030"
name: b10902052, hole_card: ['HT', 'D5']
name: b09202004, hole_card: ['H7', 'HJ']
"b10902052" declared "fold:0"
"['b09202004']" won the round 11 (stack = {'b10902052': 945, 'b09202004': 1055})
community cards of this round: ['DA', 'CT', 'D6', 'SK', 'H7']
name: b10902052, hole_card: ['CK', 'HQ']
name: b09202004, hole_card: ['C2', 'D3']
Started the round 12
Street "preflop" started. (community card = [])
name: b10902052, hole_card: ['CK', 'HQ']
name: b09202004, hole_card: ['C2', 'D3']
"b10902052" declared "call:10"
name: b10902052, hole_card: ['CK', 'HQ']
name: b09202004, hole_card: ['C2', 'D3']
"b09202004" declared "fold:0"
"['b10902052']" won the round 12 (stack = {'b10902052': 955, 'b09202004': 1045})
community cards of this round: ['D6', 'CK', 'DQ', 'D2', 'HK']
name: b10902052, hole_card: ['D9', 'HJ']
name: b09202004, hole_card: ['D5', 'ST']
Started the round 13
Street "preflop" started. (community card = [])
name: b10902052, hole_card: ['D9', 'HJ']
name: b09202004, hole_card: ['D5', 'ST']
"b09202004" declared "raise:1030"
name: b10902052, hole_card: ['D9', 'HJ']
name: b09202004, hole_card: ['D5', 'ST']
"b10902052" declared "fold:0"
"['b09202004']" won the round 13 (stack = {'b10902052': 945, 'b09202004': 1055})
community cards of this round: ['S5', 'S3', 'C8', 'DQ', 'D7']
name: b10902052, hole_card: ['D2', 'C3']
name: b09202004, hole_card: ['D5', 'S8']
Started the round 14
Street "preflop" started. (community card = [])
name: b10902052, hole_card: ['D2', 'C3']
name: b09202004, hole_card: ['D5', 'S8']
"b10902052" declared "raise:90.5"
name: b10902052, hole_card: ['D2', 'C3']
name: b09202004, hole_card: ['D5', 'S8']
"b09202004" declared "call:90.5"
Street "flop" started. (community card = ['S5', 'S3', 'C8'])
name: b10902052, hole_card: ['D2', 'C3']
name: b09202004, hole_card: ['D5', 'S8']
"b10902052" declared "raise:10.0"
name: b10902052, hole_card: ['D2', 'C3']
name: b09202004, hole_card: ['D5', 'S8']
"b09202004" declared "raise:944.5"
name: b10902052, hole_card: ['D2', 'C3']
name: b09202004, hole_card: ['D5', 'S8']
"b10902052" declared "fold:0"
"['b09202004']" won the round 14 (stack = {'b10902052': 844.5, 'b09202004': 1155.0})
community cards of this round: ['H6', 'HK', 'SQ', 'H9', 'DJ']
name: b10902052, hole_card: ['S5', 'DA']
name: b09202004, hole_card: ['CQ', 'D8']
Started the round 15
Street "preflop" started. (community card = [])
name: b10902052, hole_card: ['S5', 'DA']
name: b09202004, hole_card: ['CQ', 'D8']
"b09202004" declared "call:10"
name: b10902052, hole_card: ['S5', 'DA']
name: b09202004, hole_card: ['CQ', 'D8']
"b10902052" declared "raise:180.75"
name: b10902052, hole_card: ['S5', 'DA']
name: b09202004, hole_card: ['CQ', 'D8']
"b09202004" declared "fold:0"
"['b10902052']" won the round 15 (stack = {'b10902052': 853.75, 'b09202004': 1145.0})
community cards of this round: ['S5', 'S3', 'D2', 'HQ', 'C3']
name: b10902052, hole_card: ['SK', 'S8']
name: b09202004, hole_card: ['S4', 'SJ']
Started the round 16
Street "preflop" started. (community card = [])
name: b10902052, hole_card: ['SK', 'S8']
name: b09202004, hole_card: ['S4', 'SJ']
"b10902052" declared "raise:166.125"
name: b10902052, hole_card: ['SK', 'S8']
name: b09202004, hole_card: ['S4', 'SJ']
"b09202004" declared "fold:0"
"['b10902052']" won the round 16 (stack = {'b10902052': 863.625, 'b09202004': 1135.0})
community cards of this round: ['S4', 'S2', 'C5', 'C9', 'HT']
name: b10902052, hole_card: ['CT', 'C7']
name: b09202004, hole_card: ['H4', 'H2']
Started the round 17
Street "preflop" started. (community card = [])
name: b10902052, hole_card: ['CT', 'C7']
name: b09202004, hole_card: ['H4', 'H2']
"b09202004" declared "raise:1120.0"
name: b10902052, hole_card: ['CT', 'C7']
name: b09202004, hole_card: ['H4', 'H2']
"b10902052" declared "fold:0"
"['b09202004']" won the round 17 (stack = {'b10902052': 853.625, 'b09202004': 1145.0})
community cards of this round: ['H3', 'HJ', 'S6', 'SA', 'CJ']
name: b10902052, hole_card: ['S9', 'D7']
name: b09202004, hole_card: ['H2', 'DJ']
Started the round 18
Street "preflop" started. (community card = [])
name: b10902052, hole_card: ['S9', 'D7']
name: b09202004, hole_card: ['H2', 'DJ']
"b10902052" declared "raise:151.1875"
name: b10902052, hole_card: ['S9', 'D7']
name: b09202004, hole_card: ['H2', 'DJ']
"b09202004" declared "fold:0"
"['b10902052']" won the round 18 (stack = {'b10902052': 863.4375, 'b09202004': 1135.0})
community cards of this round: ['D7', 'C9', 'CA', 'SK', 'DQ']
name: b10902052, hole_card: ['D8', 'C8']
name: b09202004, hole_card: ['CQ', 'C7']
Started the round 19
Street "preflop" started. (community card = [])
name: b10902052, hole_card: ['D8', 'C8']
name: b09202004, hole_card: ['CQ', 'C7']
"b09202004" declared "raise:1120.0"
name: b10902052, hole_card: ['D8', 'C8']
name: b09202004, hole_card: ['CQ', 'C7']
"b10902052" declared "fold:0"
"['b09202004']" won the round 19 (stack = {'b10902052': 853.4375, 'b09202004': 1145.0})
community cards of this round: ['D9', 'D5', 'DJ', 'DT', 'C5']
name: b10902052, hole_card: ['SA', 'DQ']
name: b09202004, hole_card: ['C9', 'CJ']
Started the round 20
Street "preflop" started. (community card = [])
name: b10902052, hole_card: ['SA', 'DQ']
name: b09202004, hole_card: ['C9', 'CJ']
"b10902052" declared "raise:136.28125"
name: b10902052, hole_card: ['SA', 'DQ']
name: b09202004, hole_card: ['C9', 'CJ']
"b09202004" declared "raise:882.4375"
name: b10902052, hole_card: ['SA', 'DQ']
name: b09202004, hole_card: ['C9', 'CJ']
"b10902052" declared "fold:0"
"['b09202004']" won the round 20 (stack = {'b10902052': 717.15625, 'b09202004': 1280.5625})
b10902052 vs b09202004 - Game 4: {'rule': {'initial_stack': 1000, 'max_round': 20, 'small_blind_amount': 5, 'ante': 0, 'blind_structure': {}}, 'players': [{'name': 'b10902052', 'uuid': 'thsnajgyulhczdltackahd', 'stack': 717.15625, 'state': 'participating'}, {'name': 'b09202004', 'uuid': 'prcawnatwmgwfhccxklxwr', 'stack': 1280.5625, 'state': 'participating'}]}
community cards of this round: ['D6', 'D2', 'S9', 'H2', 'S5']
name: b09202004, hole_card: ['CQ', 'SA']
name: b10902052, hole_card: ['H4', 'SQ']
Started the round 1
Street "preflop" started. (community card = [])
name: b09202004, hole_card: ['CQ', 'SA']
name: b10902052, hole_card: ['H4', 'SQ']
"b10902052" declared "call:10"
name: b09202004, hole_card: ['CQ', 'SA']
name: b10902052, hole_card: ['H4', 'SQ']
"b09202004" declared "call:10"
Street "flop" started. (community card = ['D6', 'D2', 'S9'])
name: b09202004, hole_card: ['CQ', 'SA']
name: b10902052, hole_card: ['H4', 'SQ']
"b10902052" declared "call:0"
name: b09202004, hole_card: ['CQ', 'SA']
name: b10902052, hole_card: ['H4', 'SQ']
"b09202004" declared "call:0"
Street "turn" started. (community card = ['D6', 'D2', 'S9', 'H2'])
name: b09202004, hole_card: ['CQ', 'SA']
name: b10902052, hole_card: ['H4', 'SQ']
"b10902052" declared "call:0"
name: b09202004, hole_card: ['CQ', 'SA']
name: b10902052, hole_card: ['H4', 'SQ']
"b09202004" declared "call:0"
Street "river" started. (community card = ['D6', 'D2', 'S9', 'H2', 'S5'])
name: b09202004, hole_card: ['CQ', 'SA']
name: b10902052, hole_card: ['H4', 'SQ']
"b10902052" declared "call:0"
name: b09202004, hole_card: ['CQ', 'SA']
name: b10902052, hole_card: ['H4', 'SQ']
"b09202004" declared "call:0"
"['b09202004']" won the round 1 (stack = {'b09202004': 1010, 'b10902052': 990})
community cards of this round: ['H9', 'D5', 'CJ', 'DA', 'DQ']
name: b09202004, hole_card: ['S3', 'S6']
name: b10902052, hole_card: ['HK', 'C8']
Started the round 2
Street "preflop" started. (community card = [])
name: b09202004, hole_card: ['S3', 'S6']
name: b10902052, hole_card: ['HK', 'C8']
"b09202004" declared "fold:0"
"['b10902052']" won the round 2 (stack = {'b09202004': 1005, 'b10902052': 995})
community cards of this round: ['C7', 'H5', 'C5', 'D6', 'D2']
name: b09202004, hole_card: ['DQ', 'C6']
name: b10902052, hole_card: ['S9', 'C9']
Started the round 3
Street "preflop" started. (community card = [])
name: b09202004, hole_card: ['DQ', 'C6']
name: b10902052, hole_card: ['S9', 'C9']
"b10902052" declared "call:10"
name: b09202004, hole_card: ['DQ', 'C6']
name: b10902052, hole_card: ['S9', 'C9']
"b09202004" declared "call:10"
Street "flop" started. (community card = ['C7', 'H5', 'C5'])
name: b09202004, hole_card: ['DQ', 'C6']
name: b10902052, hole_card: ['S9', 'C9']
"b10902052" declared "call:0"
name: b09202004, hole_card: ['DQ', 'C6']
name: b10902052, hole_card: ['S9', 'C9']
"b09202004" declared "raise:985"
name: b09202004, hole_card: ['DQ', 'C6']
name: b10902052, hole_card: ['S9', 'C9']
"b10902052" declared "fold:0"
"['b09202004']" won the round 3 (stack = {'b09202004': 1015, 'b10902052': 985})
community cards of this round: ['SJ', 'HJ', 'H4', 'S8', 'CJ']
name: b09202004, hole_card: ['C3', 'C2']
name: b10902052, hole_card: ['CT', 'C6']
Started the round 4
Street "preflop" started. (community card = [])
name: b09202004, hole_card: ['C3', 'C2']
name: b10902052, hole_card: ['CT', 'C6']
"b09202004" declared "fold:0"
"['b10902052']" won the round 4 (stack = {'b09202004': 1010, 'b10902052': 990})
community cards of this round: ['S4', 'H2', 'C2', 'C6', 'S8']
name: b09202004, hole_card: ['CJ', 'D9']
name: b10902052, hole_card: ['H5', 'S9']
Started the round 5
Street "preflop" started. (community card = [])
name: b09202004, hole_card: ['CJ', 'D9']
name: b10902052, hole_card: ['H5', 'S9']
"b10902052" declared "fold:0"
"['b09202004']" won the round 5 (stack = {'b09202004': 1015, 'b10902052': 985})
community cards of this round: ['HK', 'D9', 'ST', 'H9', 'H4']
name: b09202004, hole_card: ['C8', 'C4']
name: b10902052, hole_card: ['S3', 'C5']
Started the round 6
Street "preflop" started. (community card = [])
name: b09202004, hole_card: ['C8', 'C4']
name: b10902052, hole_card: ['S3', 'C5']
"b09202004" declared "fold:0"
"['b10902052']" won the round 6 (stack = {'b09202004': 1010, 'b10902052': 990})
community cards of this round: ['HA', 'S8', 'HK', 'S3', 'H5']
name: b09202004, hole_card: ['H7', 'HJ']
name: b10902052, hole_card: ['H6', 'ST']
Started the round 7
Street "preflop" started. (community card = [])
name: b09202004, hole_card: ['H7', 'HJ']
name: b10902052, hole_card: ['H6', 'ST']
"b10902052" declared "fold:0"
"['b09202004']" won the round 7 (stack = {'b09202004': 1015, 'b10902052': 985})
community cards of this round: ['H3', 'H7', 'S9', 'D2', 'CQ']
name: b09202004, hole_card: ['S8', 'D3']
name: b10902052, hole_card: ['C9', 'H8']
Started the round 8
Street "preflop" started. (community card = [])
name: b09202004, hole_card: ['S8', 'D3']
name: b10902052, hole_card: ['C9', 'H8']
"b09202004" declared "fold:0"
"['b10902052']" won the round 8 (stack = {'b09202004': 1010, 'b10902052': 990})
community cards of this round: ['C8', 'HA', 'H5', 'S8', 'HJ']
name: b09202004, hole_card: ['SA', 'H9']
name: b10902052, hole_card: ['CT', 'C7']
Started the round 9
Street "preflop" started. (community card = [])
name: b09202004, hole_card: ['SA', 'H9']
name: b10902052, hole_card: ['CT', 'C7']
"b10902052" declared "call:10"
name: b09202004, hole_card: ['SA', 'H9']
name: b10902052, hole_card: ['CT', 'C7']
"b09202004" declared "raise:995"
name: b09202004, hole_card: ['SA', 'H9']
name: b10902052, hole_card: ['CT', 'C7']
"b10902052" declared "fold:0"
"['b09202004']" won the round 9 (stack = {'b09202004': 1020, 'b10902052': 980})
community cards of this round: ['ST', 'S6', 'H5', 'S5', 'D4']
name: b09202004, hole_card: ['S2', 'C8']
name: b10902052, hole_card: ['CK', 'SJ']
Started the round 10
Street "preflop" started. (community card = [])
name: b09202004, hole_card: ['S2', 'C8']
name: b10902052, hole_card: ['CK', 'SJ']
"b09202004" declared "raise:1005"
name: b09202004, hole_card: ['S2', 'C8']
name: b10902052, hole_card: ['CK', 'SJ']
"b10902052" declared "fold:0"
"['b09202004']" won the round 10 (stack = {'b09202004': 1030, 'b10902052': 970})
community cards of this round: ['HQ', 'H7', 'SK', 'C2', 'D5']
name: b09202004, hole_card: ['DT', 'C9']
name: b10902052, hole_card: ['HJ', 'S3']
Started the round 11
Street "preflop" started. (community card = [])
name: b09202004, hole_card: ['DT', 'C9']
name: b10902052, hole_card: ['HJ', 'S3']
"b10902052" declared "fold:0"
"['b09202004']" won the round 11 (stack = {'b09202004': 1035, 'b10902052': 965})
community cards of this round: ['S2', 'C5', 'C6', 'D8', 'HT']
name: b09202004, hole_card: ['S3', 'S8']
name: b10902052, hole_card: ['C7', 'HK']
Started the round 12
Street "preflop" started. (community card = [])
name: b09202004, hole_card: ['S3', 'S8']
name: b10902052, hole_card: ['C7', 'HK']
"b09202004" declared "fold:0"
"['b10902052']" won the round 12 (stack = {'b09202004': 1030, 'b10902052': 970})
community cards of this round: ['H8', 'HA', 'S2', 'S4', 'D8']
name: b09202004, hole_card: ['DJ', 'CK']
name: b10902052, hole_card: ['HQ', 'S8']
Started the round 13
Street "preflop" started. (community card = [])
name: b09202004, hole_card: ['DJ', 'CK']
name: b10902052, hole_card: ['HQ', 'S8']
"b10902052" declared "call:10"
name: b09202004, hole_card: ['DJ', 'CK']
name: b10902052, hole_card: ['HQ', 'S8']
"b09202004" declared "raise:1015"
name: b09202004, hole_card: ['DJ', 'CK']
name: b10902052, hole_card: ['HQ', 'S8']
"b10902052" declared "fold:0"
"['b09202004']" won the round 13 (stack = {'b09202004': 1040, 'b10902052': 960})
community cards of this round: ['D5', 'D6', 'C7', 'H7', 'D7']
name: b09202004, hole_card: ['SA', 'S9']
name: b10902052, hole_card: ['H9', 'S2']
Started the round 14
Street "preflop" started. (community card = [])
name: b09202004, hole_card: ['SA', 'S9']
name: b10902052, hole_card: ['H9', 'S2']
"b09202004" declared "raise:1025"
name: b09202004, hole_card: ['SA', 'S9']
name: b10902052, hole_card: ['H9', 'S2']
"b10902052" declared "fold:0"
"['b09202004']" won the round 14 (stack = {'b09202004': 1050, 'b10902052': 950})
community cards of this round: ['SK', 'S2', 'D9', 'C2', 'HT']
name: b09202004, hole_card: ['S9', 'H4']
name: b10902052, hole_card: ['DA', 'D2']
Started the round 15
Street "preflop" started. (community card = [])
name: b09202004, hole_card: ['S9', 'H4']
name: b10902052, hole_card: ['DA', 'D2']
"b10902052" declared "raise:80.5"
name: b09202004, hole_card: ['S9', 'H4']
name: b10902052, hole_card: ['DA', 'D2']
"b09202004" declared "fold:0"
"['b10902052']" won the round 15 (stack = {'b09202004': 1040, 'b10902052': 959.5})
community cards of this round: ['HJ', 'D6', 'SK', 'DJ', 'C2']
name: b09202004, hole_card: ['HA', 'S4']
name: b10902052, hole_card: ['DK', 'S5']
Started the round 16
Street "preflop" started. (community card = [])
name: b09202004, hole_card: ['HA', 'S4']
name: b10902052, hole_card: ['DK', 'S5']
"b09202004" declared "raise:1025"
name: b09202004, hole_card: ['HA', 'S4']
name: b10902052, hole_card: ['DK', 'S5']
"b10902052" declared "fold:0"
"['b09202004']" won the round 16 (stack = {'b09202004': 1050, 'b10902052': 949.5})
community cards of this round: ['CT', 'CA', 'D5', 'C5', 'DA']
name: b09202004, hole_card: ['HJ', 'CK']
name: b10902052, hole_card: ['H6', 'SJ']
Started the round 17
Street "preflop" started. (community card = [])
name: b09202004, hole_card: ['HJ', 'CK']
name: b10902052, hole_card: ['H6', 'SJ']
"b10902052" declared "raise:65.75"
name: b09202004, hole_card: ['HJ', 'CK']
name: b10902052, hole_card: ['H6', 'SJ']
"b09202004" declared "fold:0"
"['b10902052']" won the round 17 (stack = {'b09202004': 1040, 'b10902052': 958.75})
community cards of this round: ['DK', 'D5', 'C9', 'D6', 'D4']
name: b09202004, hole_card: ['S4', 'C5']
name: b10902052, hole_card: ['DQ', 'H2']
Started the round 18
Street "preflop" started. (community card = [])
name: b09202004, hole_card: ['S4', 'C5']
name: b10902052, hole_card: ['DQ', 'H2']
"b09202004" declared "fold:0"
"['b10902052']" won the round 18 (stack = {'b09202004': 1035, 'b10902052': 963.75})
community cards of this round: ['S6', 'S5', 'D6', 'H7', 'S2']
name: b09202004, hole_card: ['HQ', 'C6']
name: b10902052, hole_card: ['D3', 'DJ']
Started the round 19
Street "preflop" started. (community card = [])
name: b09202004, hole_card: ['HQ', 'C6']
name: b10902052, hole_card: ['D3', 'DJ']
"b10902052" declared "raise:36.125"
name: b09202004, hole_card: ['HQ', 'C6']
name: b10902052, hole_card: ['D3', 'DJ']
"b09202004" declared "call:36.125"
Street "flop" started. (community card = ['S6', 'S5', 'D6'])
name: b09202004, hole_card: ['HQ', 'C6']
name: b10902052, hole_card: ['D3', 'DJ']
"b10902052" declared "raise:10.0"
name: b09202004, hole_card: ['HQ', 'C6']
name: b10902052, hole_card: ['D3', 'DJ']
"b09202004" declared "raise:978.875"
name: b09202004, hole_card: ['HQ', 'C6']
name: b10902052, hole_card: ['D3', 'DJ']
"b10902052" declared "fold:0"
"['b09202004']" won the round 19 (stack = {'b09202004': 1081.0, 'b10902052': 917.625})
community cards of this round: ['S3', 'D8', 'CT', 'DT', 'C9']
name: b09202004, hole_card: ['D9', 'DA']
name: b10902052, hole_card: ['ST', 'CK']
Started the round 20
Street "preflop" started. (community card = [])
name: b09202004, hole_card: ['D9', 'DA']
name: b10902052, hole_card: ['ST', 'CK']
"b09202004" declared "call:10"
name: b09202004, hole_card: ['D9', 'DA']
name: b10902052, hole_card: ['ST', 'CK']
"b10902052" declared "raise:72.1875"
name: b09202004, hole_card: ['D9', 'DA']
name: b10902052, hole_card: ['ST', 'CK']
"b09202004" declared "call:72.1875"
Street "flop" started. (community card = ['S3', 'D8', 'CT'])
name: b09202004, hole_card: ['D9', 'DA']
name: b10902052, hole_card: ['ST', 'CK']
"b09202004" declared "call:0"
name: b09202004, hole_card: ['D9', 'DA']
name: b10902052, hole_card: ['ST', 'CK']
"b10902052" declared "raise:10.0"
name: b09202004, hole_card: ['D9', 'DA']
name: b10902052, hole_card: ['ST', 'CK']
"b09202004" declared "raise:988.8125"
name: b09202004, hole_card: ['D9', 'DA']
name: b10902052, hole_card: ['ST', 'CK']
"b10902052" declared "call:988.8125"
Street "turn" started. (community card = ['S3', 'D8', 'CT', 'DT'])
Street "river" started. (community card = ['S3', 'D8', 'CT', 'DT', 'C9'])
"['b10902052']" won the round 20 (stack = {'b09202004': 163.0, 'b10902052': 1835.0})
b10902052 vs b09202004 - Game 5: {'rule': {'initial_stack': 1000, 'max_round': 20, 'small_blind_amount': 5, 'ante': 0, 'blind_structure': {}}, 'players': [{'name': 'b09202004', 'uuid': 'ilaaniddkcmmfjkzyhzqgu', 'stack': 163.0, 'state': 'participating'}, {'name': 'b10902052', 'uuid': 'wkhfttgoisztbiydvinjkr', 'stack': 1835.0, 'state': 'participating'}]}
Final Result: b10902052 won 0 games (stack: 6750.65625), b09202004 won 5 games (stack: 3239.15625)
