community cards of this round: ['C3', 'HQ', 'CJ', 'S4', 'C9']
name: b10902031, hole_card: ['D8', 'S5']
name: b10902061, hole_card: ['DQ', 'C5']
Started the round 1
Street "preflop" started. (community card = [])
name: b10902031, hole_card: ['D8', 'S5']
name: b10902061, hole_card: ['DQ', 'C5']
"b10902061" declared "raise:351.71828571428574"
win_rate = 0.409
name: b10902031, hole_card: ['D8', 'S5']
name: b10902061, hole_card: ['DQ', 'C5']
"b10902031" declared "call:351.71828571428574"
Street "flop" started. (community card = ['C3', 'HQ', 'CJ'])
name: b10902031, hole_card: ['D8', 'S5']
name: b10902061, hole_card: ['DQ', 'C5']
"b10902061" declared "raise:377.2999577142857"
win_rate = 0.246
name: b10902031, hole_card: ['D8', 'S5']
name: b10902061, hole_card: ['DQ', 'C5']
"b10902031" declared "fold:0"
"['b10902061']" won the round 1 (stack = {'b10902031': 648.2817142857143, 'b10902061': 1350.9817565714286})
community cards of this round: ['C4', 'C3', 'DA', 'H2', 'ST']
name: b10902031, hole_card: ['S5', 'D9']
name: b10902061, hole_card: ['D4', 'SQ']
Started the round 2
Street "preflop" started. (community card = [])
win_rate = 0.4435
name: b10902031, hole_card: ['S5', 'D9']
name: b10902061, hole_card: ['D4', 'SQ']
"b10902031" declared "raise:15.459129242857143"
name: b10902031, hole_card: ['S5', 'D9']
name: b10902061, hole_card: ['D4', 'SQ']
"b10902061" declared "fold:0"
"['b10902031']" won the round 2 (stack = {'b10902031': 657.8225850428572, 'b10902061': 1340.9817565714286})
community cards of this round: ['S2', 'HK', 'HJ', 'D5', 'DT']
name: b10902031, hole_card: ['C2', 'DJ']
name: b10902061, hole_card: ['CK', 'C9']
Started the round 3
Street "preflop" started. (community card = [])
name: b10902031, hole_card: ['C2', 'DJ']
name: b10902061, hole_card: ['CK', 'C9']
"b10902061" declared "fold:0"
"['b10902031']" won the round 3 (stack = {'b10902031': 662.8225850428572, 'b10902061': 1335.9817565714286})
community cards of this round: ['C7', 'C9', 'D2', 'S9', 'HQ']
name: b10902031, hole_card: ['CT', 'S2']
name: b10902061, hole_card: ['H5', 'DJ']
Started the round 4
Street "preflop" started. (community card = [])
win_rate = 0.4115
name: b10902031, hole_card: ['CT', 'S2']
name: b10902061, hole_card: ['H5', 'DJ']
"b10902031" declared "raise:15.124165995466548"
name: b10902031, hole_card: ['CT', 'S2']
name: b10902061, hole_card: ['H5', 'DJ']
"b10902061" declared "fold:0"
"['b10902031']" won the round 4 (stack = {'b10902031': 672.6984190473906, 'b10902061': 1325.9817565714286})
community cards of this round: ['H5', 'SQ', 'D5', 'S4', 'H7']
name: b10902031, hole_card: ['DT', 'SJ']
name: b10902061, hole_card: ['HQ', 'CA']
Started the round 5
Street "preflop" started. (community card = [])
name: b10902031, hole_card: ['DT', 'SJ']
name: b10902061, hole_card: ['HQ', 'CA']
"b10902061" declared "fold:0"
"['b10902031']" won the round 5 (stack = {'b10902031': 677.6984190473906, 'b10902061': 1320.9817565714286})
community cards of this round: ['S8', 'H5', 'HA', 'D3', 'CJ']
name: b10902031, hole_card: ['HQ', 'S2']
name: b10902061, hole_card: ['D8', 'C2']
Started the round 6
Street "preflop" started. (community card = [])
win_rate = 0.4655
name: b10902031, hole_card: ['HQ', 'S2']
name: b10902061, hole_card: ['D8', 'C2']
"b10902031" declared "raise:15.723445774126734"
name: b10902031, hole_card: ['HQ', 'S2']
name: b10902061, hole_card: ['D8', 'C2']
"b10902061" declared "fold:0"
"['b10902031']" won the round 6 (stack = {'b10902031': 686.9749732732639, 'b10902061': 1310.9817565714286})
community cards of this round: ['S5', 'D6', 'ST', 'S7', 'SQ']
name: b10902031, hole_card: ['C8', 'C4']
name: b10902061, hole_card: ['HA', 'C7']
Started the round 7
Street "preflop" started. (community card = [])
name: b10902031, hole_card: ['C8', 'C4']
name: b10902061, hole_card: ['HA', 'C7']
"b10902061" declared "fold:0"
"['b10902031']" won the round 7 (stack = {'b10902031': 691.9749732732639, 'b10902061': 1305.9817565714286})
community cards of this round: ['S7', 'D6', 'S9', 'HQ', 'H9']
name: b10902031, hole_card: ['CA', 'S2']
name: b10902061, hole_card: ['D9', 'D5']
Started the round 8
Street "preflop" started. (community card = [])
win_rate = 0.5205
name: b10902031, hole_card: ['CA', 'S2']
name: b10902061, hole_card: ['D9', 'D5']
"b10902031" declared "raise:16.359591404657138"
name: b10902031, hole_card: ['CA', 'S2']
name: b10902061, hole_card: ['D9', 'D5']
"b10902061" declared "fold:0"
"['b10902031']" won the round 8 (stack = {'b10902031': 701.6153818686067, 'b10902061': 1295.9817565714286})
community cards of this round: ['CK', 'S7', 'DQ', 'CJ', 'S3']
name: b10902031, hole_card: ['H6', 'SK']
name: b10902061, hole_card: ['C9', 'S6']
Started the round 9
Street "preflop" started. (community card = [])
name: b10902031, hole_card: ['H6', 'SK']
name: b10902061, hole_card: ['C9', 'S6']
"b10902061" declared "fold:0"
"['b10902031']" won the round 9 (stack = {'b10902031': 706.6153818686067, 'b10902061': 1290.9817565714286})
community cards of this round: ['CQ', 'CT', 'D2', 'HK', 'C4']
name: b10902031, hole_card: ['S7', 'SJ']
name: b10902061, hole_card: ['S3', 'D5']
Started the round 10
Street "preflop" started. (community card = [])
win_rate = 0.5205
name: b10902031, hole_card: ['S7', 'SJ']
name: b10902061, hole_card: ['S3', 'D5']
"b10902031" declared "raise:16.388994225252784"
name: b10902031, hole_card: ['S7', 'SJ']
name: b10902061, hole_card: ['S3', 'D5']
"b10902061" declared "fold:0"
"['b10902031']" won the round 10 (stack = {'b10902031': 716.226387643354, 'b10902061': 1280.9817565714286})
community cards of this round: ['S3', 'C5', 'C6', 'DJ', 'C8']
name: b10902031, hole_card: ['H3', 'C7']
name: b10902061, hole_card: ['HJ', 'CT']
Started the round 11
Street "preflop" started. (community card = [])
name: b10902031, hole_card: ['H3', 'C7']
name: b10902061, hole_card: ['HJ', 'CT']
"b10902061" declared "fold:0"
"['b10902031']" won the round 11 (stack = {'b10902031': 721.226387643354, 'b10902061': 1275.9817565714286})
community cards of this round: ['H8', 'CK', 'C2', 'H7', 'S4']
name: b10902031, hole_card: ['HJ', 'D2']
name: b10902061, hole_card: ['H9', 'DA']
Started the round 12
Street "preflop" started. (community card = [])
win_rate = 0.4285
name: b10902031, hole_card: ['HJ', 'D2']
name: b10902061, hole_card: ['H9', 'DA']
"b10902031" declared "raise:15.335457534130592"
name: b10902031, hole_card: ['HJ', 'D2']
name: b10902061, hole_card: ['H9', 'DA']
"b10902061" declared "fold:0"
"['b10902031']" won the round 12 (stack = {'b10902031': 730.8909301092234, 'b10902061': 1265.9817565714286})
community cards of this round: ['SA', 'D9', 'C5', 'C4', 'S8']
name: b10902031, hole_card: ['S6', 'H9']
name: b10902061, hole_card: ['HJ', 'D8']
Started the round 13
Street "preflop" started. (community card = [])
name: b10902031, hole_card: ['S6', 'H9']
name: b10902061, hole_card: ['HJ', 'D8']
"b10902061" declared "fold:0"
"['b10902031']" won the round 13 (stack = {'b10902031': 735.8909301092234, 'b10902061': 1260.9817565714286})
community cards of this round: ['S6', 'HJ', 'CJ', 'H9', 'DJ']
name: b10902031, hole_card: ['SA', 'S4']
name: b10902061, hole_card: ['S2', 'H5']
Started the round 14
Street "preflop" started. (community card = [])
win_rate = 0.57
name: b10902031, hole_card: ['SA', 'S4']
name: b10902061, hole_card: ['S2', 'H5']
"b10902031" declared "raise:17.042524301976133"
name: b10902031, hole_card: ['SA', 'S4']
name: b10902061, hole_card: ['S2', 'H5']
"b10902061" declared "fold:0"
"['b10902031']" won the round 14 (stack = {'b10902031': 745.8484058072472, 'b10902061': 1250.9817565714286})
community cards of this round: ['D3', 'C8', 'C9', 'H8', 'S9']
name: b10902031, hole_card: ['SJ', 'CA']
name: b10902061, hole_card: ['DT', 'DA']
Started the round 15
Street "preflop" started. (community card = [])
name: b10902031, hole_card: ['SJ', 'CA']
name: b10902061, hole_card: ['DT', 'DA']
"b10902061" declared "fold:0"
"['b10902031']" won the round 15 (stack = {'b10902031': 750.8484058072472, 'b10902061': 1245.9817565714286})
community cards of this round: ['D4', 'D5', 'C3', 'ST', 'D6']
name: b10902031, hole_card: ['H9', 'S7']
name: b10902061, hole_card: ['SQ', 'S5']
Started the round 16
Street "preflop" started. (community card = [])
win_rate = 0.4875
name: b10902031, hole_card: ['H9', 'S7']
name: b10902061, hole_card: ['SQ', 'S5']
"b10902031" declared "raise:16.073112258468903"
name: b10902031, hole_card: ['H9', 'S7']
name: b10902061, hole_card: ['SQ', 'S5']
"b10902061" declared "fold:0"
"['b10902031']" won the round 16 (stack = {'b10902031': 760.7752935487783, 'b10902061': 1235.9817565714286})
community cards of this round: ['H2', 'D8', 'SK', 'D4', 'HA']
name: b10902031, hole_card: ['DQ', 'C9']
name: b10902061, hole_card: ['H6', 'D3']
Started the round 17
Street "preflop" started. (community card = [])
name: b10902031, hole_card: ['DQ', 'C9']
name: b10902061, hole_card: ['H6', 'D3']
"b10902061" declared "fold:0"
"['b10902031']" won the round 17 (stack = {'b10902031': 765.7752935487783, 'b10902061': 1230.9817565714286})
community cards of this round: ['S8', 'C9', 'HQ', 'SK', 'C8']
name: b10902031, hole_card: ['CQ', 'SJ']
name: b10902061, hole_card: ['DJ', 'C5']
Started the round 18
Street "preflop" started. (community card = [])
win_rate = 0.59
name: b10902031, hole_card: ['CQ', 'SJ']
name: b10902061, hole_card: ['DJ', 'C5']
"b10902031" declared "raise:17.377455096237796"
name: b10902031, hole_card: ['CQ', 'SJ']
name: b10902061, hole_card: ['DJ', 'C5']
"b10902061" declared "fold:0"
"['b10902031']" won the round 18 (stack = {'b10902031': 775.3978384525406, 'b10902061': 1220.9817565714286})
community cards of this round: ['C5', 'D8', 'D6', 'S8', 'C6']
name: b10902031, hole_card: ['SQ', 'HQ']
name: b10902061, hole_card: ['H5', 'CK']
Started the round 19
Street "preflop" started. (community card = [])
name: b10902031, hole_card: ['SQ', 'HQ']
name: b10902061, hole_card: ['H5', 'CK']
"b10902061" declared "fold:0"
"['b10902031']" won the round 19 (stack = {'b10902031': 780.3978384525406, 'b10902061': 1215.9817565714286})
community cards of this round: ['SQ', 'H6', 'DT', 'C4', 'DK']
name: b10902031, hole_card: ['S7', 'D8']
name: b10902061, hole_card: ['C2', 'HT']
Started the round 20
Street "preflop" started. (community card = [])
win_rate = 0.4525
name: b10902031, hole_card: ['S7', 'D8']
name: b10902061, hole_card: ['C2', 'HT']
"b10902031" declared "raise:230"
name: b10902031, hole_card: ['S7', 'D8']
name: b10902061, hole_card: ['C2', 'HT']
"b10902061" declared "fold:0"
"['b10902031']" won the round 20 (stack = {'b10902031': 790.3978384525406, 'b10902061': 1205.9817565714286})
b10902061 vs b10902031 - Game 1: {'rule': {'initial_stack': 1000, 'max_round': 20, 'small_blind_amount': 5, 'ante': 0, 'blind_structure': {}}, 'players': [{'name': 'b10902031', 'uuid': 'vniyvnihpijclpvmwffqua', 'stack': 790.3978384525406, 'state': 'participating'}, {'name': 'b10902061', 'uuid': 'irvhjnmvbppnyxwbmsdwjn', 'stack': 1205.9817565714286, 'state': 'participating'}]}
community cards of this round: ['C3', 'HQ', 'CJ', 'S4', 'C9']
name: b10902061, hole_card: ['D8', 'S5']
name: b10902031, hole_card: ['DQ', 'C5']
Started the round 1
Street "preflop" started. (community card = [])
win_rate = 0.4815
name: b10902061, hole_card: ['D8', 'S5']
name: b10902031, hole_card: ['DQ', 'C5']
"b10902031" declared "call:10"
name: b10902061, hole_card: ['D8', 'S5']
name: b10902031, hole_card: ['DQ', 'C5']
"b10902061" declared "raise:351.0822857142857"
win_rate = 0.494
name: b10902061, hole_card: ['D8', 'S5']
name: b10902031, hole_card: ['DQ', 'C5']
"b10902031" declared "call:351.0822857142857"
Street "flop" started. (community card = ['C3', 'HQ', 'CJ'])
win_rate = 0.7705
name: b10902061, hole_card: ['D8', 'S5']
name: b10902031, hole_card: ['DQ', 'C5']
"b10902031" declared "call:0"
name: b10902061, hole_card: ['D8', 'S5']
name: b10902031, hole_card: ['DQ', 'C5']
"b10902061" declared "call:0"
Street "turn" started. (community card = ['C3', 'HQ', 'CJ', 'S4'])
win_rate = 0.8025
name: b10902061, hole_card: ['D8', 'S5']
name: b10902031, hole_card: ['DQ', 'C5']
"b10902031" declared "raise:10"
name: b10902061, hole_card: ['D8', 'S5']
name: b10902031, hole_card: ['DQ', 'C5']
"b10902061" declared "call:10"
Street "river" started. (community card = ['C3', 'HQ', 'CJ', 'S4', 'C9'])
win_rate = 0.786
name: b10902061, hole_card: ['D8', 'S5']
name: b10902031, hole_card: ['DQ', 'C5']
"b10902031" declared "raise:150"
name: b10902061, hole_card: ['D8', 'S5']
name: b10902031, hole_card: ['DQ', 'C5']
"b10902061" declared "fold:0"
"['b10902031']" won the round 1 (stack = {'b10902061': 638.9177142857143, 'b10902031': 1360.9177142857143})
community cards of this round: ['C4', 'C3', 'DA', 'H2', 'ST']
name: b10902061, hole_card: ['S5', 'D9']
name: b10902031, hole_card: ['D4', 'SQ']
Started the round 2
Street "preflop" started. (community card = [])
name: b10902061, hole_card: ['S5', 'D9']
name: b10902031, hole_card: ['D4', 'SQ']
"b10902061" declared "raise:638.9177142857143"
player: fold to win
name: b10902061, hole_card: ['S5', 'D9']
name: b10902031, hole_card: ['D4', 'SQ']
"b10902031" declared "fold:0"
"['b10902061']" won the round 2 (stack = {'b10902061': 648.0, 'b10902031': 1350.9177142857143})
community cards of this round: ['S2', 'HK', 'HJ', 'D5', 'DT']
name: b10902061, hole_card: ['C2', 'DJ']
name: b10902031, hole_card: ['CK', 'C9']
Started the round 3
Street "preflop" started. (community card = [])
player: fold to win
name: b10902061, hole_card: ['C2', 'DJ']
name: b10902031, hole_card: ['CK', 'C9']
"b10902031" declared "fold:0"
"['b10902061']" won the round 3 (stack = {'b10902061': 653.0, 'b10902031': 1345.9177142857143})
community cards of this round: ['C7', 'C9', 'D2', 'S9', 'HQ']
name: b10902061, hole_card: ['CT', 'S2']
name: b10902031, hole_card: ['H5', 'DJ']
Started the round 4
Street "preflop" started. (community card = [])
name: b10902061, hole_card: ['CT', 'S2']
name: b10902031, hole_card: ['H5', 'DJ']
"b10902061" declared "raise:653.0"
player: fold to win
name: b10902061, hole_card: ['CT', 'S2']
name: b10902031, hole_card: ['H5', 'DJ']
"b10902031" declared "fold:0"
"['b10902061']" won the round 4 (stack = {'b10902061': 663.0, 'b10902031': 1335.9177142857143})
community cards of this round: ['H5', 'SQ', 'D5', 'S4', 'H7']
name: b10902061, hole_card: ['DT', 'SJ']
name: b10902031, hole_card: ['HQ', 'CA']
Started the round 5
Street "preflop" started. (community card = [])
player: fold to win
name: b10902061, hole_card: ['DT', 'SJ']
name: b10902031, hole_card: ['HQ', 'CA']
"b10902031" declared "fold:0"
"['b10902061']" won the round 5 (stack = {'b10902061': 668.0, 'b10902031': 1330.9177142857143})
community cards of this round: ['S8', 'H5', 'HA', 'D3', 'CJ']
name: b10902061, hole_card: ['HQ', 'S2']
name: b10902031, hole_card: ['D8', 'C2']
Started the round 6
Street "preflop" started. (community card = [])
name: b10902061, hole_card: ['HQ', 'S2']
name: b10902031, hole_card: ['D8', 'C2']
"b10902061" declared "raise:668.0"
player: fold to win
name: b10902061, hole_card: ['HQ', 'S2']
name: b10902031, hole_card: ['D8', 'C2']
"b10902031" declared "fold:0"
"['b10902061']" won the round 6 (stack = {'b10902061': 678.0, 'b10902031': 1320.9177142857143})
community cards of this round: ['S5', 'D6', 'ST', 'S7', 'SQ']
name: b10902061, hole_card: ['C8', 'C4']
name: b10902031, hole_card: ['HA', 'C7']
Started the round 7
Street "preflop" started. (community card = [])
player: fold to win
name: b10902061, hole_card: ['C8', 'C4']
name: b10902031, hole_card: ['HA', 'C7']
"b10902031" declared "fold:0"
"['b10902061']" won the round 7 (stack = {'b10902061': 683.0, 'b10902031': 1315.9177142857143})
community cards of this round: ['S7', 'D6', 'S9', 'HQ', 'H9']
name: b10902061, hole_card: ['CA', 'S2']
name: b10902031, hole_card: ['D9', 'D5']
Started the round 8
Street "preflop" started. (community card = [])
name: b10902061, hole_card: ['CA', 'S2']
name: b10902031, hole_card: ['D9', 'D5']
"b10902061" declared "raise:683.0"
player: fold to win
name: b10902061, hole_card: ['CA', 'S2']
name: b10902031, hole_card: ['D9', 'D5']
"b10902031" declared "fold:0"
"['b10902061']" won the round 8 (stack = {'b10902061': 693.0, 'b10902031': 1305.9177142857143})
community cards of this round: ['CK', 'S7', 'DQ', 'CJ', 'S3']
name: b10902061, hole_card: ['H6', 'SK']
name: b10902031, hole_card: ['C9', 'S6']
Started the round 9
Street "preflop" started. (community card = [])
player: fold to win
name: b10902061, hole_card: ['H6', 'SK']
name: b10902031, hole_card: ['C9', 'S6']
"b10902031" declared "fold:0"
"['b10902061']" won the round 9 (stack = {'b10902061': 698.0, 'b10902031': 1300.9177142857143})
community cards of this round: ['CQ', 'CT', 'D2', 'HK', 'C4']
name: b10902061, hole_card: ['S7', 'SJ']
name: b10902031, hole_card: ['S3', 'D5']
Started the round 10
Street "preflop" started. (community card = [])
name: b10902061, hole_card: ['S7', 'SJ']
name: b10902031, hole_card: ['S3', 'D5']
"b10902061" declared "raise:698.0"
player: fold to win
name: b10902061, hole_card: ['S7', 'SJ']
name: b10902031, hole_card: ['S3', 'D5']
"b10902031" declared "fold:0"
"['b10902061']" won the round 10 (stack = {'b10902061': 708.0, 'b10902031': 1290.9177142857143})
community cards of this round: ['S3', 'C5', 'C6', 'DJ', 'C8']
name: b10902061, hole_card: ['H3', 'C7']
name: b10902031, hole_card: ['HJ', 'CT']
Started the round 11
Street "preflop" started. (community card = [])
player: fold to win
name: b10902061, hole_card: ['H3', 'C7']
name: b10902031, hole_card: ['HJ', 'CT']
"b10902031" declared "fold:0"
"['b10902061']" won the round 11 (stack = {'b10902061': 713.0, 'b10902031': 1285.9177142857143})
community cards of this round: ['H8', 'CK', 'C2', 'H7', 'S4']
name: b10902061, hole_card: ['HJ', 'D2']
name: b10902031, hole_card: ['H9', 'DA']
Started the round 12
Street "preflop" started. (community card = [])
name: b10902061, hole_card: ['HJ', 'D2']
name: b10902031, hole_card: ['H9', 'DA']
"b10902061" declared "raise:713.0"
player: fold to win
name: b10902061, hole_card: ['HJ', 'D2']
name: b10902031, hole_card: ['H9', 'DA']
"b10902031" declared "fold:0"
"['b10902061']" won the round 12 (stack = {'b10902061': 723.0, 'b10902031': 1275.9177142857143})
community cards of this round: ['SA', 'D9', 'C5', 'C4', 'S8']
name: b10902061, hole_card: ['S6', 'H9']
name: b10902031, hole_card: ['HJ', 'D8']
Started the round 13
Street "preflop" started. (community card = [])
player: fold to win
name: b10902061, hole_card: ['S6', 'H9']
name: b10902031, hole_card: ['HJ', 'D8']
"b10902031" declared "fold:0"
"['b10902061']" won the round 13 (stack = {'b10902061': 728.0, 'b10902031': 1270.9177142857143})
community cards of this round: ['S6', 'HJ', 'CJ', 'H9', 'DJ']
name: b10902061, hole_card: ['SA', 'S4']
name: b10902031, hole_card: ['S2', 'H5']
Started the round 14
Street "preflop" started. (community card = [])
name: b10902061, hole_card: ['SA', 'S4']
name: b10902031, hole_card: ['S2', 'H5']
"b10902061" declared "raise:728.0"
player: fold to win
name: b10902061, hole_card: ['SA', 'S4']
name: b10902031, hole_card: ['S2', 'H5']
"b10902031" declared "fold:0"
"['b10902061']" won the round 14 (stack = {'b10902061': 738.0, 'b10902031': 1260.9177142857143})
community cards of this round: ['D3', 'C8', 'C9', 'H8', 'S9']
name: b10902061, hole_card: ['SJ', 'CA']
name: b10902031, hole_card: ['DT', 'DA']
Started the round 15
Street "preflop" started. (community card = [])
player: fold to win
name: b10902061, hole_card: ['SJ', 'CA']
name: b10902031, hole_card: ['DT', 'DA']
"b10902031" declared "fold:0"
"['b10902061']" won the round 15 (stack = {'b10902061': 743.0, 'b10902031': 1255.9177142857143})
community cards of this round: ['D4', 'D5', 'C3', 'ST', 'D6']
name: b10902061, hole_card: ['H9', 'S7']
name: b10902031, hole_card: ['SQ', 'S5']
Started the round 16
Street "preflop" started. (community card = [])
name: b10902061, hole_card: ['H9', 'S7']
name: b10902031, hole_card: ['SQ', 'S5']
"b10902061" declared "raise:743.0"
player: fold to win
name: b10902061, hole_card: ['H9', 'S7']
name: b10902031, hole_card: ['SQ', 'S5']
"b10902031" declared "fold:0"
"['b10902061']" won the round 16 (stack = {'b10902061': 753.0, 'b10902031': 1245.9177142857143})
community cards of this round: ['H2', 'D8', 'SK', 'D4', 'HA']
name: b10902061, hole_card: ['DQ', 'C9']
name: b10902031, hole_card: ['H6', 'D3']
Started the round 17
Street "preflop" started. (community card = [])
player: fold to win
name: b10902061, hole_card: ['DQ', 'C9']
name: b10902031, hole_card: ['H6', 'D3']
"b10902031" declared "fold:0"
"['b10902061']" won the round 17 (stack = {'b10902061': 758.0, 'b10902031': 1240.9177142857143})
community cards of this round: ['S8', 'C9', 'HQ', 'SK', 'C8']
name: b10902061, hole_card: ['CQ', 'SJ']
name: b10902031, hole_card: ['DJ', 'C5']
Started the round 18
Street "preflop" started. (community card = [])
name: b10902061, hole_card: ['CQ', 'SJ']
name: b10902031, hole_card: ['DJ', 'C5']
"b10902061" declared "raise:758.0"
player: fold to win
name: b10902061, hole_card: ['CQ', 'SJ']
name: b10902031, hole_card: ['DJ', 'C5']
"b10902031" declared "fold:0"
"['b10902061']" won the round 18 (stack = {'b10902061': 768.0, 'b10902031': 1230.9177142857143})
community cards of this round: ['C5', 'D8', 'D6', 'S8', 'C6']
name: b10902061, hole_card: ['SQ', 'HQ']
name: b10902031, hole_card: ['H5', 'CK']
Started the round 19
Street "preflop" started. (community card = [])
player: fold to win
name: b10902061, hole_card: ['SQ', 'HQ']
name: b10902031, hole_card: ['H5', 'CK']
"b10902031" declared "fold:0"
"['b10902061']" won the round 19 (stack = {'b10902061': 773.0, 'b10902031': 1225.9177142857143})
community cards of this round: ['SQ', 'H6', 'DT', 'C4', 'DK']
name: b10902061, hole_card: ['S7', 'D8']
name: b10902031, hole_card: ['C2', 'HT']
Started the round 20
Street "preflop" started. (community card = [])
name: b10902061, hole_card: ['S7', 'D8']
name: b10902031, hole_card: ['C2', 'HT']
"b10902061" declared "raise:773.0"
player: fold to win
name: b10902061, hole_card: ['S7', 'D8']
name: b10902031, hole_card: ['C2', 'HT']
"b10902031" declared "fold:0"
"['b10902061']" won the round 20 (stack = {'b10902061': 783.0, 'b10902031': 1215.9177142857143})
b10902061 vs b10902031 - Game 2: {'rule': {'initial_stack': 1000, 'max_round': 20, 'small_blind_amount': 5, 'ante': 0, 'blind_structure': {}}, 'players': [{'name': 'b10902061', 'uuid': 'xigctluyheakhwyypywjfr', 'stack': 783.0, 'state': 'participating'}, {'name': 'b10902031', 'uuid': 'gbryehtuvlhosdiolewwfv', 'stack': 1215.9177142857143, 'state': 'participating'}]}
community cards of this round: ['S7', 'H2', 'S3', 'H6', 'DA']
name: b10902031, hole_card: ['D7', 'SQ']
name: b10902061, hole_card: ['HQ', 'CT']
Started the round 1
Street "preflop" started. (community card = [])
name: b10902031, hole_card: ['D7', 'SQ']
name: b10902061, hole_card: ['HQ', 'CT']
"b10902061" declared "raise:368.20685714285713"
win_rate = 0.5225
name: b10902031, hole_card: ['D7', 'SQ']
name: b10902061, hole_card: ['HQ', 'CT']
"b10902031" declared "call:368.20685714285713"
Street "flop" started. (community card = ['S7', 'H2', 'S3'])
name: b10902031, hole_card: ['D7', 'SQ']
name: b10902061, hole_card: ['HQ', 'CT']
"b10902061" declared "call:0"
win_rate = 0.759
name: b10902031, hole_card: ['D7', 'SQ']
name: b10902061, hole_card: ['HQ', 'CT']
"b10902031" declared "call:0"
Street "turn" started. (community card = ['S7', 'H2', 'S3', 'H6'])
name: b10902031, hole_card: ['D7', 'SQ']
name: b10902061, hole_card: ['HQ', 'CT']
"b10902061" declared "call:0"
win_rate = 0.7305
name: b10902031, hole_card: ['D7', 'SQ']
name: b10902061, hole_card: ['HQ', 'CT']
"b10902031" declared "raise:631.7931428571428"
name: b10902031, hole_card: ['D7', 'SQ']
name: b10902061, hole_card: ['HQ', 'CT']
"b10902061" declared "call:631.7931428571428"
Street "river" started. (community card = ['S7', 'H2', 'S3', 'H6', 'DA'])
"['b10902031']" won the round 1 (stack = {'b10902031': 2000.0, 'b10902061': 0.0})
b10902061 vs b10902031 - Game 3: {'rule': {'initial_stack': 1000, 'max_round': 20, 'small_blind_amount': 5, 'ante': 0, 'blind_structure': {}}, 'players': [{'name': 'b10902031', 'uuid': 'tcxzghshdxrxvpzawufskp', 'stack': 2000.0, 'state': 'participating'}, {'name': 'b10902061', 'uuid': 'tfbjrjfcuftgxpduozrlwm', 'stack': 0, 'state': 'folded'}]}
community cards of this round: ['S7', 'H2', 'S3', 'H6', 'DA']
name: b10902061, hole_card: ['D7', 'SQ']
name: b10902031, hole_card: ['HQ', 'CT']
Started the round 1
Street "preflop" started. (community card = [])
win_rate = 0.5705
name: b10902061, hole_card: ['D7', 'SQ']
name: b10902031, hole_card: ['HQ', 'CT']
"b10902031" declared "call:10"
name: b10902061, hole_card: ['D7', 'SQ']
name: b10902031, hole_card: ['HQ', 'CT']
"b10902061" declared "raise:362.0571428571429"
win_rate = 0.566
name: b10902061, hole_card: ['D7', 'SQ']
name: b10902031, hole_card: ['HQ', 'CT']
"b10902031" declared "call:362.0571428571429"
Street "flop" started. (community card = ['S7', 'H2', 'S3'])
win_rate = 0.366
name: b10902061, hole_card: ['D7', 'SQ']
name: b10902031, hole_card: ['HQ', 'CT']
"b10902031" declared "fold:0"
"['b10902061']" won the round 1 (stack = {'b10902061': 1361.942857142857, 'b10902031': 637.9428571428571})
community cards of this round: ['H4', 'CK', 'S8', 'H6', 'H2']
name: b10902061, hole_card: ['S9', 'DA']
name: b10902031, hole_card: ['CA', 'H7']
Started the round 2
Street "preflop" started. (community card = [])
name: b10902061, hole_card: ['S9', 'DA']
name: b10902031, hole_card: ['CA', 'H7']
"b10902061" declared "fold:0"
"['b10902031']" won the round 2 (stack = {'b10902061': 1356.942857142857, 'b10902031': 642.9428571428571})
community cards of this round: ['H9', 'D3', 'C8', 'H3', 'S6']
name: b10902061, hole_card: ['C9', 'S9']
name: b10902031, hole_card: ['HJ', 'HT']
Started the round 3
Street "preflop" started. (community card = [])
win_rate = 0.5865
name: b10902061, hole_card: ['C9', 'S9']
name: b10902031, hole_card: ['HJ', 'HT']
"b10902031" declared "raise:16.951855714285713"
name: b10902061, hole_card: ['C9', 'S9']
name: b10902031, hole_card: ['HJ', 'HT']
"b10902061" declared "fold:0"
"['b10902031']" won the round 3 (stack = {'b10902061': 1346.942857142857, 'b10902031': 651.9910014285714})
community cards of this round: ['H3', 'HK', 'DJ', 'CJ', 'D7']
name: b10902061, hole_card: ['D2', 'D8']
name: b10902031, hole_card: ['S2', 'HJ']
Started the round 4
Street "preflop" started. (community card = [])
name: b10902061, hole_card: ['D2', 'D8']
name: b10902031, hole_card: ['S2', 'HJ']
"b10902061" declared "fold:0"
"['b10902031']" won the round 4 (stack = {'b10902061': 1341.942857142857, 'b10902031': 656.9910014285714})
community cards of this round: ['DT', 'S6', 'DJ', 'C5', 'CQ']
name: b10902061, hole_card: ['C9', 'HK']
name: b10902031, hole_card: ['SQ', 'HJ']
Started the round 5
Street "preflop" started. (community card = [])
win_rate = 0.5755
name: b10902061, hole_card: ['C9', 'HK']
name: b10902031, hole_card: ['SQ', 'HJ']
"b10902031" declared "raise:16.877823679178572"
name: b10902061, hole_card: ['C9', 'HK']
name: b10902031, hole_card: ['SQ', 'HJ']
"b10902061" declared "fold:0"
"['b10902031']" won the round 5 (stack = {'b10902061': 1331.942857142857, 'b10902031': 666.1131777493928})
community cards of this round: ['D5', 'H2', 'CT', 'DK', 'S4']
name: b10902061, hole_card: ['S7', 'HA']
name: b10902031, hole_card: ['CA', 'S5']
Started the round 6
Street "preflop" started. (community card = [])
name: b10902061, hole_card: ['S7', 'HA']
name: b10902031, hole_card: ['CA', 'S5']
"b10902061" declared "fold:0"
"['b10902031']" won the round 6 (stack = {'b10902061': 1326.942857142857, 'b10902031': 671.1131777493928})
community cards of this round: ['C3', 'ST', 'S6', 'HK', 'S7']
name: b10902061, hole_card: ['D6', 'H4']
name: b10902031, hole_card: ['SK', 'C9']
Started the round 7
Street "preflop" started. (community card = [])
win_rate = 0.5825
name: b10902061, hole_card: ['D6', 'H4']
name: b10902031, hole_card: ['SK', 'C9']
"b10902031" declared "raise:16.99567758232107"
name: b10902061, hole_card: ['D6', 'H4']
name: b10902031, hole_card: ['SK', 'C9']
"b10902061" declared "fold:0"
"['b10902031']" won the round 7 (stack = {'b10902061': 1316.942857142857, 'b10902031': 680.1175001670717})
community cards of this round: ['CQ', 'H3', 'CJ', 'C3', 'C8']
name: b10902061, hole_card: ['HQ', 'H9']
name: b10902031, hole_card: ['HJ', 'D7']
Started the round 8
Street "preflop" started. (community card = [])
name: b10902061, hole_card: ['HQ', 'H9']
name: b10902031, hole_card: ['HJ', 'D7']
"b10902061" declared "fold:0"
"['b10902031']" won the round 8 (stack = {'b10902061': 1311.942857142857, 'b10902031': 685.1175001670717})
community cards of this round: ['ST', 'H6', 'H2', 'SA', 'S3']
name: b10902061, hole_card: ['H8', 'S9']
name: b10902031, hole_card: ['S7', 'S2']
Started the round 9
Street "preflop" started. (community card = [])
win_rate = 0.381
name: b10902061, hole_card: ['H8', 'S9']
name: b10902031, hole_card: ['S7', 'S2']
"b10902031" declared "call:10"
name: b10902061, hole_card: ['H8', 'S9']
name: b10902031, hole_card: ['S7', 'S2']
"b10902061" declared "fold:0"
"['b10902031']" won the round 9 (stack = {'b10902061': 1301.942857142857, 'b10902031': 695.1175001670717})
community cards of this round: ['C4', 'ST', 'S2', 'D4', 'SQ']
name: b10902061, hole_card: ['CT', 'S9']
name: b10902031, hole_card: ['D8', 'C9']
Started the round 10
Street "preflop" started. (community card = [])
name: b10902061, hole_card: ['CT', 'S9']
name: b10902031, hole_card: ['D8', 'C9']
"b10902061" declared "fold:0"
"['b10902031']" won the round 10 (stack = {'b10902061': 1296.942857142857, 'b10902031': 700.1175001670717})
community cards of this round: ['SQ', 'C8', 'C9', 'C7', 'D7']
name: b10902061, hole_card: ['C3', 'DQ']
name: b10902031, hole_card: ['SJ', 'S3']
Started the round 11
Street "preflop" started. (community card = [])
win_rate = 0.4795
name: b10902061, hole_card: ['C3', 'DQ']
name: b10902031, hole_card: ['SJ', 'S3']
"b10902031" declared "raise:15.90778068772137"
name: b10902061, hole_card: ['C3', 'DQ']
name: b10902031, hole_card: ['SJ', 'S3']
"b10902061" declared "fold:0"
"['b10902031']" won the round 11 (stack = {'b10902061': 1286.942857142857, 'b10902031': 709.2097194793504})
community cards of this round: ['HJ', 'DQ', 'HK', 'DK', 'C9']
name: b10902061, hole_card: ['C7', 'HQ']
name: b10902031, hole_card: ['ST', 'CK']
Started the round 12
Street "preflop" started. (community card = [])
name: b10902061, hole_card: ['C7', 'HQ']
name: b10902031, hole_card: ['ST', 'CK']
"b10902061" declared "fold:0"
"['b10902031']" won the round 12 (stack = {'b10902061': 1281.942857142857, 'b10902031': 714.2097194793504})
community cards of this round: ['HJ', 'D7', 'D4', 'S2', 'HK']
name: b10902061, hole_card: ['H5', 'H6']
name: b10902031, hole_card: ['C2', 'DJ']
Started the round 13
Street "preflop" started. (community card = [])
win_rate = 0.44
name: b10902061, hole_card: ['H5', 'H6']
name: b10902031, hole_card: ['C2', 'DJ']
"b10902031" declared "raise:15.466139812986233"
name: b10902061, hole_card: ['H5', 'H6']
name: b10902031, hole_card: ['C2', 'DJ']
"b10902061" declared "fold:0"
"['b10902031']" won the round 13 (stack = {'b10902061': 1271.942857142857, 'b10902031': 723.7435796663641})
community cards of this round: ['D5', 'S6', 'C2', 'HQ', 'C8']
name: b10902061, hole_card: ['H7', 'SQ']
name: b10902031, hole_card: ['SK', 'C3']
Started the round 14
Street "preflop" started. (community card = [])
name: b10902061, hole_card: ['H7', 'SQ']
name: b10902031, hole_card: ['SK', 'C3']
"b10902061" declared "fold:0"
"['b10902031']" won the round 14 (stack = {'b10902061': 1266.942857142857, 'b10902031': 728.7435796663641})
community cards of this round: ['C6', 'S2', 'H4', 'C4', 'DJ']
name: b10902061, hole_card: ['H6', 'S9']
name: b10902031, hole_card: ['H9', 'D2']
Started the round 15
Street "preflop" started. (community card = [])
win_rate = 0.3555
name: b10902061, hole_card: ['H6', 'S9']
name: b10902031, hole_card: ['H9', 'D2']
"b10902031" declared "call:10"
name: b10902061, hole_card: ['H6', 'S9']
name: b10902031, hole_card: ['H9', 'D2']
"b10902061" declared "fold:0"
"['b10902031']" won the round 15 (stack = {'b10902061': 1256.942857142857, 'b10902031': 738.7435796663641})
community cards of this round: ['S7', 'SJ', 'DT', 'SA', 'SK']
name: b10902061, hole_card: ['S4', 'DK']
name: b10902031, hole_card: ['S8', 'C9']
Started the round 16
Street "preflop" started. (community card = [])
name: b10902061, hole_card: ['S4', 'DK']
name: b10902031, hole_card: ['S8', 'C9']
"b10902061" declared "fold:0"
"['b10902031']" won the round 16 (stack = {'b10902061': 1251.942857142857, 'b10902031': 743.7435796663641})
community cards of this round: ['C8', 'C2', 'CQ', 'D2', 'SA']
name: b10902061, hole_card: ['D8', 'S8']
name: b10902031, hole_card: ['D3', 'DT']
Started the round 17
Street "preflop" started. (community card = [])
win_rate = 0.4485
name: b10902061, hole_card: ['D8', 'S8']
name: b10902031, hole_card: ['D3', 'DT']
"b10902031" declared "raise:15.589067726896978"
name: b10902061, hole_card: ['D8', 'S8']
name: b10902031, hole_card: ['D3', 'DT']
"b10902061" declared "fold:0"
"['b10902031']" won the round 17 (stack = {'b10902061': 1241.942857142857, 'b10902031': 753.1545119394672})
community cards of this round: ['CJ', 'ST', 'C6', 'H2', 'H5']
name: b10902061, hole_card: ['D3', 'H4']
name: b10902031, hole_card: ['DT', 'HJ']
Started the round 18
Street "preflop" started. (community card = [])
name: b10902061, hole_card: ['D3', 'H4']
name: b10902031, hole_card: ['DT', 'HJ']
"b10902061" declared "fold:0"
"['b10902031']" won the round 18 (stack = {'b10902061': 1236.942857142857, 'b10902031': 758.1545119394672})
community cards of this round: ['H2', 'SK', 'D2', 'H8', 'DQ']
name: b10902061, hole_card: ['D9', 'H6']
name: b10902031, hole_card: ['C9', 'H7']
Started the round 19
Street "preflop" started. (community card = [])
win_rate = 0.47
name: b10902061, hole_card: ['D9', 'H6']
name: b10902031, hole_card: ['C9', 'H7']
"b10902031" declared "raise:15.86701359726271"
name: b10902061, hole_card: ['D9', 'H6']
name: b10902031, hole_card: ['C9', 'H7']
"b10902061" declared "fold:0"
"['b10902031']" won the round 19 (stack = {'b10902061': 1226.942857142857, 'b10902031': 767.2874983422045})
community cards of this round: ['CQ', 'C3', 'S7', 'D5', 'DQ']
name: b10902061, hole_card: ['CT', 'D8']
name: b10902031, hole_card: ['DA', 'DK']
Started the round 20
Street "preflop" started. (community card = [])
name: b10902061, hole_card: ['CT', 'D8']
name: b10902031, hole_card: ['DA', 'DK']
"b10902061" declared "fold:0"
"['b10902031']" won the round 20 (stack = {'b10902061': 1221.942857142857, 'b10902031': 772.2874983422045})
b10902061 vs b10902031 - Game 4: {'rule': {'initial_stack': 1000, 'max_round': 20, 'small_blind_amount': 5, 'ante': 0, 'blind_structure': {}}, 'players': [{'name': 'b10902061', 'uuid': 'msuzsswsjttbssxeobmnip', 'stack': 1221.942857142857, 'state': 'participating'}, {'name': 'b10902031', 'uuid': 'wzhlimqdzxexzegdrlrqhk', 'stack': 772.2874983422045, 'state': 'participating'}]}
community cards of this round: ['SA', 'SJ', 'C7', 'C5', 'C4']
name: b10902031, hole_card: ['H9', 'S9']
name: b10902061, hole_card: ['S2', 'S6']
Started the round 1
Street "preflop" started. (community card = [])
name: b10902031, hole_card: ['H9', 'S9']
name: b10902061, hole_card: ['S2', 'S6']
"b10902061" declared "raise:353.0828571428571"
win_rate = 0.72
name: b10902031, hole_card: ['H9', 'S9']
name: b10902061, hole_card: ['S2', 'S6']
"b10902031" declared "call:353.0828571428571"
Street "flop" started. (community card = ['SA', 'SJ', 'C7'])
name: b10902031, hole_card: ['H9', 'S9']
name: b10902061, hole_card: ['S2', 'S6']
"b10902061" declared "raise:233.99917224489795"
win_rate = 0.6695
name: b10902031, hole_card: ['H9', 'S9']
name: b10902061, hole_card: ['S2', 'S6']
"b10902031" declared "call:233.99917224489795"
Street "turn" started. (community card = ['SA', 'SJ', 'C7', 'C5'])
name: b10902031, hole_card: ['H9', 'S9']
name: b10902061, hole_card: ['S2', 'S6']
"b10902061" declared "call:0"
win_rate = 0.646
name: b10902031, hole_card: ['H9', 'S9']
name: b10902061, hole_card: ['S2', 'S6']
"b10902031" declared "raise:412.91797061224486"
name: b10902031, hole_card: ['H9', 'S9']
name: b10902061, hole_card: ['S2', 'S6']
"b10902061" declared "call:412.91797061224486"
Street "river" started. (community card = ['SA', 'SJ', 'C7', 'C5', 'C4'])
"['b10902031']" won the round 1 (stack = {'b10902031': 1999.0, 'b10902061': 0.0})
b10902061 vs b10902031 - Game 5: {'rule': {'initial_stack': 1000, 'max_round': 20, 'small_blind_amount': 5, 'ante': 0, 'blind_structure': {}}, 'players': [{'name': 'b10902031', 'uuid': 'eunssoiktlmtzbxwyzkueo', 'stack': 1999.0, 'state': 'participating'}, {'name': 'b10902061', 'uuid': 'kxezscpbnpponqarqeuvmy', 'stack': 0, 'state': 'folded'}]}
Final Result: b10902061 won 2 games (stack: 3210.9246137142854), b10902031 won 3 games (stack: 6777.603051080459), num ties: 0
