community cards of this round: ['DK', 'C4', 'D9', 'C2', 'H3']
name: b10902063, hole_card: ['H7', 'D5']
name: b10902127, hole_card: ['S3', 'S7']
Started the round 1
Street "preflop" started. (community card = [])
name: b10902063, hole_card: ['H7', 'D5']
name: b10902127, hole_card: ['S3', 'S7']
"b10902127" declared "fold:0"
"['b10902063']" won the round 1 (stack = {'b10902063': 1005, 'b10902127': 995})
community cards of this round: ['D3', 'HJ', 'H4', 'H9', 'D9']
name: b10902063, hole_card: ['D8', 'D7']
name: b10902127, hole_card: ['S4', 'HA']
Started the round 2
Street "preflop" started. (community card = [])
name: b10902063, hole_card: ['D8', 'D7']
name: b10902127, hole_card: ['S4', 'HA']
"b10902063" declared "raise:64.5"
name: b10902063, hole_card: ['D8', 'D7']
name: b10902127, hole_card: ['S4', 'HA']
"b10902127" declared "call:64.5"
Street "flop" started. (community card = ['D3', 'HJ', 'H4'])
name: b10902063, hole_card: ['D8', 'D7']
name: b10902127, hole_card: ['S4', 'HA']
"b10902063" declared "call:0"
name: b10902063, hole_card: ['D8', 'D7']
name: b10902127, hole_card: ['S4', 'HA']
"b10902127" declared "call:0"
Street "turn" started. (community card = ['D3', 'HJ', 'H4', 'H9'])
name: b10902063, hole_card: ['D8', 'D7']
name: b10902127, hole_card: ['S4', 'HA']
"b10902063" declared "call:0"
name: b10902063, hole_card: ['D8', 'D7']
name: b10902127, hole_card: ['S4', 'HA']
"b10902127" declared "call:0"
Street "river" started. (community card = ['D3', 'HJ', 'H4', 'H9', 'D9'])
name: b10902063, hole_card: ['D8', 'D7']
name: b10902127, hole_card: ['S4', 'HA']
"b10902063" declared "call:0"
name: b10902063, hole_card: ['D8', 'D7']
name: b10902127, hole_card: ['S4', 'HA']
"b10902127" declared "raise:20"
name: b10902063, hole_card: ['D8', 'D7']
name: b10902127, hole_card: ['S4', 'HA']
"b10902063" declared "fold:0"
"['b10902127']" won the round 2 (stack = {'b10902063': 940.5, 'b10902127': 1059.5})
community cards of this round: ['C4', 'S3', 'C5', 'DA', 'H6']
name: b10902063, hole_card: ['D3', 'CQ']
name: b10902127, hole_card: ['DT', 'HQ']
Started the round 3
Street "preflop" started. (community card = [])
name: b10902063, hole_card: ['D3', 'CQ']
name: b10902127, hole_card: ['DT', 'HQ']
"b10902127" declared "call:10"
name: b10902063, hole_card: ['D3', 'CQ']
name: b10902127, hole_card: ['DT', 'HQ']
"b10902063" declared "raise:61.275"
name: b10902063, hole_card: ['D3', 'CQ']
name: b10902127, hole_card: ['DT', 'HQ']
"b10902127" declared "raise:112.55"
name: b10902063, hole_card: ['D3', 'CQ']
name: b10902127, hole_card: ['DT', 'HQ']
"b10902063" declared "raise:202.65875"
name: b10902063, hole_card: ['D3', 'CQ']
name: b10902127, hole_card: ['DT', 'HQ']
"b10902127" declared "fold:0"
"['b10902063']" won the round 3 (stack = {'b10902063': 1052.84125, 'b10902127': 946.95})
community cards of this round: ['C2', 'ST', 'C9', 'CT', 'DQ']
name: b10902063, hole_card: ['DJ', 'S7']
name: b10902127, hole_card: ['C3', 'H2']
Started the round 4
Street "preflop" started. (community card = [])
name: b10902063, hole_card: ['DJ', 'S7']
name: b10902127, hole_card: ['C3', 'H2']
"b10902063" declared "raise:66.8920625"
name: b10902063, hole_card: ['DJ', 'S7']
name: b10902127, hole_card: ['C3', 'H2']
"b10902127" declared "fold:0"
"['b10902063']" won the round 4 (stack = {'b10902063': 1061.9491874999999, 'b10902127': 936.95})
community cards of this round: ['S3', 'DT', 'C6', 'SA', 'C9']
name: b10902063, hole_card: ['CJ', 'D4']
name: b10902127, hole_card: ['CK', 'CA']
Started the round 5
Street "preflop" started. (community card = [])
name: b10902063, hole_card: ['CJ', 'D4']
name: b10902127, hole_card: ['CK', 'CA']
"b10902127" declared "raise:936.95"
name: b10902063, hole_card: ['CJ', 'D4']
name: b10902127, hole_card: ['CK', 'CA']
"b10902063" declared "fold:0"
"['b10902127']" won the round 5 (stack = {'b10902063': 1051.9491874999999, 'b10902127': 946.0})
community cards of this round: ['D4', 'DJ', 'C6', 'D5', 'C7']
name: b10902063, hole_card: ['D9', 'DK']
name: b10902127, hole_card: ['S6', 'H2']
Started the round 6
Street "preflop" started. (community card = [])
name: b10902063, hole_card: ['D9', 'DK']
name: b10902127, hole_card: ['S6', 'H2']
"b10902063" declared "call:10"
name: b10902063, hole_card: ['D9', 'DK']
name: b10902127, hole_card: ['S6', 'H2']
"b10902127" declared "fold:0"
"['b10902063']" won the round 6 (stack = {'b10902063': 1061.9491874999999, 'b10902127': 936.0})
community cards of this round: ['DA', 'C5', 'C7', 'D9', 'D3']
name: b10902063, hole_card: ['H6', 'HA']
name: b10902127, hole_card: ['SQ', 'DQ']
Started the round 7
Street "preflop" started. (community card = [])
name: b10902063, hole_card: ['H6', 'HA']
name: b10902127, hole_card: ['SQ', 'DQ']
"b10902127" declared "raise:936.0"
name: b10902063, hole_card: ['H6', 'HA']
name: b10902127, hole_card: ['SQ', 'DQ']
"b10902063" declared "call:936.0"
Street "flop" started. (community card = ['DA', 'C5', 'C7'])
Street "turn" started. (community card = ['DA', 'C5', 'C7', 'D9'])
Street "river" started. (community card = ['DA', 'C5', 'C7', 'D9', 'D3'])
"['b10902063']" won the round 7 (stack = {'b10902063': 1997.9491874999999, 'b10902127': 0.0})
b10902127 vs b10902063 - Game 1: {'rule': {'initial_stack': 1000, 'max_round': 20, 'small_blind_amount': 5, 'ante': 0, 'blind_structure': {}}, 'players': [{'name': 'b10902063', 'uuid': 'iyroqdxehuaanjenvcajbw', 'stack': 1997.9491874999999, 'state': 'participating'}, {'name': 'b10902127', 'uuid': 'azpubqpfluueijrnbhffak', 'stack': 0, 'state': 'folded'}]}
community cards of this round: ['DK', 'C4', 'D9', 'C2', 'H3']
name: b10902127, hole_card: ['H7', 'D5']
name: b10902063, hole_card: ['S3', 'S7']
Started the round 1
Street "preflop" started. (community card = [])
name: b10902127, hole_card: ['H7', 'D5']
name: b10902063, hole_card: ['S3', 'S7']
"b10902063" declared "call:10"
name: b10902127, hole_card: ['H7', 'D5']
name: b10902063, hole_card: ['S3', 'S7']
"b10902127" declared "call:10"
Street "flop" started. (community card = ['DK', 'C4', 'D9'])
name: b10902127, hole_card: ['H7', 'D5']
name: b10902063, hole_card: ['S3', 'S7']
"b10902063" declared "call:0"
name: b10902127, hole_card: ['H7', 'D5']
name: b10902063, hole_card: ['S3', 'S7']
"b10902127" declared "call:0"
Street "turn" started. (community card = ['DK', 'C4', 'D9', 'C2'])
name: b10902127, hole_card: ['H7', 'D5']
name: b10902063, hole_card: ['S3', 'S7']
"b10902063" declared "call:0"
name: b10902127, hole_card: ['H7', 'D5']
name: b10902063, hole_card: ['S3', 'S7']
"b10902127" declared "call:0"
Street "river" started. (community card = ['DK', 'C4', 'D9', 'C2', 'H3'])
name: b10902127, hole_card: ['H7', 'D5']
name: b10902063, hole_card: ['S3', 'S7']
"b10902063" declared "call:0"
name: b10902127, hole_card: ['H7', 'D5']
name: b10902063, hole_card: ['S3', 'S7']
"b10902127" declared "call:0"
"['b10902063']" won the round 1 (stack = {'b10902127': 990, 'b10902063': 1010})
community cards of this round: ['D3', 'HJ', 'H4', 'H9', 'D9']
name: b10902127, hole_card: ['D8', 'D7']
name: b10902063, hole_card: ['S4', 'HA']
Started the round 2
Street "preflop" started. (community card = [])
name: b10902127, hole_card: ['D8', 'D7']
name: b10902063, hole_card: ['S4', 'HA']
"b10902127" declared "call:10"
name: b10902127, hole_card: ['D8', 'D7']
name: b10902063, hole_card: ['S4', 'HA']
"b10902063" declared "call:10"
Street "flop" started. (community card = ['D3', 'HJ', 'H4'])
name: b10902127, hole_card: ['D8', 'D7']
name: b10902063, hole_card: ['S4', 'HA']
"b10902127" declared "call:0"
name: b10902127, hole_card: ['D8', 'D7']
name: b10902063, hole_card: ['S4', 'HA']
"b10902063" declared "raise:59.5"
name: b10902127, hole_card: ['D8', 'D7']
name: b10902063, hole_card: ['S4', 'HA']
"b10902127" declared "fold:0"
"['b10902063']" won the round 2 (stack = {'b10902127': 980, 'b10902063': 1019.5})
community cards of this round: ['C4', 'S3', 'C5', 'DA', 'H6']
name: b10902127, hole_card: ['D3', 'CQ']
name: b10902063, hole_card: ['DT', 'HQ']
Started the round 3
Street "preflop" started. (community card = [])
name: b10902127, hole_card: ['D3', 'CQ']
name: b10902063, hole_card: ['DT', 'HQ']
"b10902063" declared "call:10"
name: b10902127, hole_card: ['D3', 'CQ']
name: b10902063, hole_card: ['DT', 'HQ']
"b10902127" declared "call:10"
Street "flop" started. (community card = ['C4', 'S3', 'C5'])
name: b10902127, hole_card: ['D3', 'CQ']
name: b10902063, hole_card: ['DT', 'HQ']
"b10902063" declared "call:0"
name: b10902127, hole_card: ['D3', 'CQ']
name: b10902063, hole_card: ['DT', 'HQ']
"b10902127" declared "call:0"
Street "turn" started. (community card = ['C4', 'S3', 'C5', 'DA'])
name: b10902127, hole_card: ['D3', 'CQ']
name: b10902063, hole_card: ['DT', 'HQ']
"b10902063" declared "call:0"
name: b10902127, hole_card: ['D3', 'CQ']
name: b10902063, hole_card: ['DT', 'HQ']
"b10902127" declared "call:0"
Street "river" started. (community card = ['C4', 'S3', 'C5', 'DA', 'H6'])
name: b10902127, hole_card: ['D3', 'CQ']
name: b10902063, hole_card: ['DT', 'HQ']
"b10902063" declared "call:0"
name: b10902127, hole_card: ['D3', 'CQ']
name: b10902063, hole_card: ['DT', 'HQ']
"b10902127" declared "call:0"
"['b10902127']" won the round 3 (stack = {'b10902127': 990, 'b10902063': 1009.5})
community cards of this round: ['C2', 'ST', 'C9', 'CT', 'DQ']
name: b10902127, hole_card: ['DJ', 'S7']
name: b10902063, hole_card: ['C3', 'H2']
Started the round 4
Street "preflop" started. (community card = [])
name: b10902127, hole_card: ['DJ', 'S7']
name: b10902063, hole_card: ['C3', 'H2']
"b10902127" declared "call:10"
name: b10902127, hole_card: ['DJ', 'S7']
name: b10902063, hole_card: ['C3', 'H2']
"b10902063" declared "call:10"
Street "flop" started. (community card = ['C2', 'ST', 'C9'])
name: b10902127, hole_card: ['DJ', 'S7']
name: b10902063, hole_card: ['C3', 'H2']
"b10902127" declared "call:0"
name: b10902127, hole_card: ['DJ', 'S7']
name: b10902063, hole_card: ['C3', 'H2']
"b10902063" declared "call:0"
Street "turn" started. (community card = ['C2', 'ST', 'C9', 'CT'])
name: b10902127, hole_card: ['DJ', 'S7']
name: b10902063, hole_card: ['C3', 'H2']
"b10902127" declared "call:0"
name: b10902127, hole_card: ['DJ', 'S7']
name: b10902063, hole_card: ['C3', 'H2']
"b10902063" declared "call:0"
Street "river" started. (community card = ['C2', 'ST', 'C9', 'CT', 'DQ'])
name: b10902127, hole_card: ['DJ', 'S7']
name: b10902063, hole_card: ['C3', 'H2']
"b10902127" declared "call:0"
name: b10902127, hole_card: ['DJ', 'S7']
name: b10902063, hole_card: ['C3', 'H2']
"b10902063" declared "call:0"
"['b10902063']" won the round 4 (stack = {'b10902127': 980, 'b10902063': 1019.5})
community cards of this round: ['S3', 'DT', 'C6', 'SA', 'C9']
name: b10902127, hole_card: ['CJ', 'D4']
name: b10902063, hole_card: ['CK', 'CA']
Started the round 5
Street "preflop" started. (community card = [])
name: b10902127, hole_card: ['CJ', 'D4']
name: b10902063, hole_card: ['CK', 'CA']
"b10902063" declared "call:10"
name: b10902127, hole_card: ['CJ', 'D4']
name: b10902063, hole_card: ['CK', 'CA']
"b10902127" declared "call:10"
Street "flop" started. (community card = ['S3', 'DT', 'C6'])
name: b10902127, hole_card: ['CJ', 'D4']
name: b10902063, hole_card: ['CK', 'CA']
"b10902063" declared "raise:59.975"
name: b10902127, hole_card: ['CJ', 'D4']
name: b10902063, hole_card: ['CK', 'CA']
"b10902127" declared "fold:0"
"['b10902063']" won the round 5 (stack = {'b10902127': 970, 'b10902063': 1028.525})
community cards of this round: ['D4', 'DJ', 'C6', 'D5', 'C7']
name: b10902127, hole_card: ['D9', 'DK']
name: b10902063, hole_card: ['S6', 'H2']
Started the round 6
Street "preflop" started. (community card = [])
name: b10902127, hole_card: ['D9', 'DK']
name: b10902063, hole_card: ['S6', 'H2']
"b10902127" declared "raise:60"
name: b10902127, hole_card: ['D9', 'DK']
name: b10902063, hole_card: ['S6', 'H2']
"b10902063" declared "fold:0"
"['b10902127']" won the round 6 (stack = {'b10902127': 980, 'b10902063': 1018.5250000000001})
community cards of this round: ['DA', 'C5', 'C7', 'D9', 'D3']
name: b10902127, hole_card: ['H6', 'HA']
name: b10902063, hole_card: ['SQ', 'DQ']
Started the round 7
Street "preflop" started. (community card = [])
name: b10902127, hole_card: ['H6', 'HA']
name: b10902063, hole_card: ['SQ', 'DQ']
"b10902063" declared "raise:65.17625000000001"
name: b10902127, hole_card: ['H6', 'HA']
name: b10902063, hole_card: ['SQ', 'DQ']
"b10902127" declared "call:65.17625000000001"
Street "flop" started. (community card = ['DA', 'C5', 'C7'])
name: b10902127, hole_card: ['H6', 'HA']
name: b10902063, hole_card: ['SQ', 'DQ']
"b10902063" declared "raise:57.167437500000005"
name: b10902127, hole_card: ['H6', 'HA']
name: b10902063, hole_card: ['SQ', 'DQ']
"b10902127" declared "raise:914.82375"
name: b10902127, hole_card: ['H6', 'HA']
name: b10902063, hole_card: ['SQ', 'DQ']
"b10902063" declared "call:914.82375"
Street "turn" started. (community card = ['DA', 'C5', 'C7', 'D9'])
Street "river" started. (community card = ['DA', 'C5', 'C7', 'D9', 'D3'])
"['b10902127']" won the round 7 (stack = {'b10902127': 1960.0, 'b10902063': 38.52500000000009})
community cards of this round: ['DT', 'S2', 'SK', 'D5', 'C9']
name: b10902127, hole_card: ['S3', 'HJ']
name: b10902063, hole_card: ['SQ', 'H2']
Started the round 8
Street "preflop" started. (community card = [])
name: b10902127, hole_card: ['S3', 'HJ']
name: b10902063, hole_card: ['SQ', 'H2']
"b10902127" declared "fold:0"
"['b10902063']" won the round 8 (stack = {'b10902127': 1955.0, 'b10902063': 43.52500000000009})
community cards of this round: ['C4', 'C2', 'DT', 'D7', 'SQ']
name: b10902127, hole_card: ['S2', 'CA']
name: b10902063, hole_card: ['D4', 'DK']
Started the round 9
Street "preflop" started. (community card = [])
name: b10902127, hole_card: ['S2', 'CA']
name: b10902063, hole_card: ['D4', 'DK']
"b10902063" declared "raise:43.52500000000009"
name: b10902127, hole_card: ['S2', 'CA']
name: b10902063, hole_card: ['D4', 'DK']
"b10902127" declared "fold:0"
"['b10902063']" won the round 9 (stack = {'b10902127': 1945.0, 'b10902063': 53.0})
community cards of this round: ['C3', 'D2', 'SQ', 'H7', 'DK']
name: b10902127, hole_card: ['D5', 'CT']
name: b10902063, hole_card: ['C8', 'C4']
Started the round 10
Street "preflop" started. (community card = [])
name: b10902127, hole_card: ['D5', 'CT']
name: b10902063, hole_card: ['C8', 'C4']
"b10902127" declared "fold:0"
"['b10902063']" won the round 10 (stack = {'b10902127': 1940.0, 'b10902063': 58.0})
community cards of this round: ['SQ', 'D5', 'CT', 'H2', 'C9']
name: b10902127, hole_card: ['DJ', 'CK']
name: b10902063, hole_card: ['DK', 'H8']
Started the round 11
Street "preflop" started. (community card = [])
name: b10902127, hole_card: ['DJ', 'CK']
name: b10902063, hole_card: ['DK', 'H8']
"b10902063" declared "raise:58.0"
name: b10902127, hole_card: ['DJ', 'CK']
name: b10902063, hole_card: ['DK', 'H8']
"b10902127" declared "fold:0"
"['b10902063']" won the round 11 (stack = {'b10902127': 1930.0, 'b10902063': 68.0})
community cards of this round: ['HQ', 'C7', 'S2', 'DK', 'CQ']
name: b10902127, hole_card: ['SA', 'C3']
name: b10902063, hole_card: ['S7', 'S9']
Started the round 12
Street "preflop" started. (community card = [])
name: b10902127, hole_card: ['SA', 'C3']
name: b10902063, hole_card: ['S7', 'S9']
"b10902127" declared "fold:0"
"['b10902063']" won the round 12 (stack = {'b10902127': 1925.0, 'b10902063': 73.0})
community cards of this round: ['D6', 'H4', 'S3', 'C3', 'HT']
name: b10902127, hole_card: ['H8', 'H3']
name: b10902063, hole_card: ['DA', 'C9']
Started the round 13
Street "preflop" started. (community card = [])
name: b10902127, hole_card: ['H8', 'H3']
name: b10902063, hole_card: ['DA', 'C9']
"b10902063" declared "raise:73.0"
name: b10902127, hole_card: ['H8', 'H3']
name: b10902063, hole_card: ['DA', 'C9']
"b10902127" declared "fold:0"
"['b10902063']" won the round 13 (stack = {'b10902127': 1915.0, 'b10902063': 83.0})
community cards of this round: ['S3', 'C4', 'CT', 'C7', 'H7']
name: b10902127, hole_card: ['SQ', 'D8']
name: b10902063, hole_card: ['DK', 'DQ']
Started the round 14
Street "preflop" started. (community card = [])
name: b10902127, hole_card: ['SQ', 'D8']
name: b10902063, hole_card: ['DK', 'DQ']
"b10902127" declared "fold:0"
"['b10902063']" won the round 14 (stack = {'b10902127': 1910.0, 'b10902063': 88.0})
community cards of this round: ['CQ', 'H6', 'D2', 'C2', 'HT']
name: b10902127, hole_card: ['H4', 'D9']
name: b10902063, hole_card: ['S4', 'SQ']
Started the round 15
Street "preflop" started. (community card = [])
name: b10902127, hole_card: ['H4', 'D9']
name: b10902063, hole_card: ['S4', 'SQ']
"b10902063" declared "raise:88.0"
name: b10902127, hole_card: ['H4', 'D9']
name: b10902063, hole_card: ['S4', 'SQ']
"b10902127" declared "fold:0"
"['b10902063']" won the round 15 (stack = {'b10902127': 1900.0, 'b10902063': 98.0})
community cards of this round: ['D2', 'C4', 'CA', 'D4', 'SK']
name: b10902127, hole_card: ['CJ', 'ST']
name: b10902063, hole_card: ['SJ', 'C5']
Started the round 16
Street "preflop" started. (community card = [])
name: b10902127, hole_card: ['CJ', 'ST']
name: b10902063, hole_card: ['SJ', 'C5']
"b10902127" declared "fold:0"
"['b10902063']" won the round 16 (stack = {'b10902127': 1895.0, 'b10902063': 103.0})
community cards of this round: ['H9', 'C3', 'C8', 'S2', 'S6']
name: b10902127, hole_card: ['D9', 'S3']
name: b10902063, hole_card: ['HK', 'SK']
Started the round 17
Street "preflop" started. (community card = [])
name: b10902127, hole_card: ['D9', 'S3']
name: b10902063, hole_card: ['HK', 'SK']
"b10902063" declared "raise:103.0"
name: b10902127, hole_card: ['D9', 'S3']
name: b10902063, hole_card: ['HK', 'SK']
"b10902127" declared "fold:0"
"['b10902063']" won the round 17 (stack = {'b10902127': 1885.0, 'b10902063': 113.0})
community cards of this round: ['C7', 'C5', 'H5', 'H4', 'DA']
name: b10902127, hole_card: ['SA', 'H3']
name: b10902063, hole_card: ['CQ', 'S2']
Started the round 18
Street "preflop" started. (community card = [])
name: b10902127, hole_card: ['SA', 'H3']
name: b10902063, hole_card: ['CQ', 'S2']
"b10902127" declared "fold:0"
"['b10902063']" won the round 18 (stack = {'b10902127': 1880.0, 'b10902063': 118.0})
community cards of this round: ['S4', 'D8', 'CJ', 'C4', 'S5']
name: b10902127, hole_card: ['SA', 'H3']
name: b10902063, hole_card: ['ST', 'H5']
Started the round 19
Street "preflop" started. (community card = [])
name: b10902127, hole_card: ['SA', 'H3']
name: b10902063, hole_card: ['ST', 'H5']
"b10902063" declared "raise:118.0"
name: b10902127, hole_card: ['SA', 'H3']
name: b10902063, hole_card: ['ST', 'H5']
"b10902127" declared "fold:0"
"['b10902063']" won the round 19 (stack = {'b10902127': 1870.0, 'b10902063': 128.0})
community cards of this round: ['CQ', 'DA', 'S5', 'D5', 'S7']
name: b10902127, hole_card: ['HA', 'DJ']
name: b10902063, hole_card: ['H5', 'C6']
Started the round 20
Street "preflop" started. (community card = [])
name: b10902127, hole_card: ['HA', 'DJ']
name: b10902063, hole_card: ['H5', 'C6']
"b10902127" declared "fold:0"
"['b10902063']" won the round 20 (stack = {'b10902127': 1865.0, 'b10902063': 133.0})
b10902127 vs b10902063 - Game 2: {'rule': {'initial_stack': 1000, 'max_round': 20, 'small_blind_amount': 5, 'ante': 0, 'blind_structure': {}}, 'players': [{'name': 'b10902127', 'uuid': 'mgpyzycodthrwipjuplqgr', 'stack': 1865.0, 'state': 'participating'}, {'name': 'b10902063', 'uuid': 'esrtluywcpdbzlpvlgttpg', 'stack': 133.0, 'state': 'participating'}]}
community cards of this round: ['C2', 'S2', 'C9', 'S3', 'D2']
name: b10902063, hole_card: ['HQ', 'C6']
name: b10902127, hole_card: ['S9', 'C8']
Started the round 1
Street "preflop" started. (community card = [])
name: b10902063, hole_card: ['HQ', 'C6']
name: b10902127, hole_card: ['S9', 'C8']
"b10902127" declared "call:10"
name: b10902063, hole_card: ['HQ', 'C6']
name: b10902127, hole_card: ['S9', 'C8']
"b10902063" declared "call:10"
Street "flop" started. (community card = ['C2', 'S2', 'C9'])
name: b10902063, hole_card: ['HQ', 'C6']
name: b10902127, hole_card: ['S9', 'C8']
"b10902127" declared "raise:70"
name: b10902063, hole_card: ['HQ', 'C6']
name: b10902127, hole_card: ['S9', 'C8']
"b10902063" declared "fold:0"
"['b10902127']" won the round 1 (stack = {'b10902063': 990, 'b10902127': 1010})
community cards of this round: ['CQ', 'CJ', 'D3', 'SJ', 'S4']
name: b10902063, hole_card: ['D4', 'H3']
name: b10902127, hole_card: ['S7', 'S9']
Started the round 2
Street "preflop" started. (community card = [])
name: b10902063, hole_card: ['D4', 'H3']
name: b10902127, hole_card: ['S7', 'S9']
"b10902063" declared "call:10"
name: b10902063, hole_card: ['D4', 'H3']
name: b10902127, hole_card: ['S7', 'S9']
"b10902127" declared "call:10"
Street "flop" started. (community card = ['CQ', 'CJ', 'D3'])
name: b10902063, hole_card: ['D4', 'H3']
name: b10902127, hole_card: ['S7', 'S9']
"b10902063" declared "call:0"
name: b10902063, hole_card: ['D4', 'H3']
name: b10902127, hole_card: ['S7', 'S9']
"b10902127" declared "call:0"
Street "turn" started. (community card = ['CQ', 'CJ', 'D3', 'SJ'])
name: b10902063, hole_card: ['D4', 'H3']
name: b10902127, hole_card: ['S7', 'S9']
"b10902063" declared "call:0"
name: b10902063, hole_card: ['D4', 'H3']
name: b10902127, hole_card: ['S7', 'S9']
"b10902127" declared "call:0"
Street "river" started. (community card = ['CQ', 'CJ', 'D3', 'SJ', 'S4'])
name: b10902063, hole_card: ['D4', 'H3']
name: b10902127, hole_card: ['S7', 'S9']
"b10902063" declared "raise:58.5"
name: b10902063, hole_card: ['D4', 'H3']
name: b10902127, hole_card: ['S7', 'S9']
"b10902127" declared "fold:0"
"['b10902063']" won the round 2 (stack = {'b10902063': 999.5, 'b10902127': 1000})
community cards of this round: ['H8', 'C7', 'S9', 'S5', 'S4']
name: b10902063, hole_card: ['HK', 'CK']
name: b10902127, hole_card: ['DQ', 'HQ']
Started the round 3
Street "preflop" started. (community card = [])
name: b10902063, hole_card: ['HK', 'CK']
name: b10902127, hole_card: ['DQ', 'HQ']
"b10902127" declared "raise:55"
name: b10902063, hole_card: ['HK', 'CK']
name: b10902127, hole_card: ['DQ', 'HQ']
"b10902063" declared "raise:144.975"
name: b10902063, hole_card: ['HK', 'CK']
name: b10902127, hole_card: ['DQ', 'HQ']
"b10902127" declared "raise:1000"
name: b10902063, hole_card: ['HK', 'CK']
name: b10902127, hole_card: ['DQ', 'HQ']
"b10902063" declared "call:1000"
Street "flop" started. (community card = ['H8', 'C7', 'S9'])
Street "turn" started. (community card = ['H8', 'C7', 'S9', 'S5'])
Street "river" started. (community card = ['H8', 'C7', 'S9', 'S5', 'S4'])
"['b10902063']" won the round 3 (stack = {'b10902063': 1999.0, 'b10902127': 0})
b10902127 vs b10902063 - Game 3: {'rule': {'initial_stack': 1000, 'max_round': 20, 'small_blind_amount': 5, 'ante': 0, 'blind_structure': {}}, 'players': [{'name': 'b10902063', 'uuid': 'yrfkvpkqmwegbmtngwfwfz', 'stack': 1999.0, 'state': 'participating'}, {'name': 'b10902127', 'uuid': 'enuyhlvpmqisktryasbalg', 'stack': 0, 'state': 'folded'}]}
community cards of this round: ['C2', 'S2', 'C9', 'S3', 'D2']
name: b10902127, hole_card: ['HQ', 'C6']
name: b10902063, hole_card: ['S9', 'C8']
Started the round 1
Street "preflop" started. (community card = [])
name: b10902127, hole_card: ['HQ', 'C6']
name: b10902063, hole_card: ['S9', 'C8']
"b10902063" declared "call:10"
name: b10902127, hole_card: ['HQ', 'C6']
name: b10902063, hole_card: ['S9', 'C8']
"b10902127" declared "call:10"
Street "flop" started. (community card = ['C2', 'S2', 'C9'])
name: b10902127, hole_card: ['HQ', 'C6']
name: b10902063, hole_card: ['S9', 'C8']
"b10902063" declared "raise:59.0"
name: b10902127, hole_card: ['HQ', 'C6']
name: b10902063, hole_card: ['S9', 'C8']
"b10902127" declared "call:59.0"
Street "turn" started. (community card = ['C2', 'S2', 'C9', 'S3'])
name: b10902127, hole_card: ['HQ', 'C6']
name: b10902063, hole_card: ['S9', 'C8']
"b10902063" declared "raise:56.05"
name: b10902127, hole_card: ['HQ', 'C6']
name: b10902063, hole_card: ['S9', 'C8']
"b10902127" declared "call:56.05"
Street "river" started. (community card = ['C2', 'S2', 'C9', 'S3', 'D2'])
name: b10902127, hole_card: ['HQ', 'C6']
name: b10902063, hole_card: ['S9', 'C8']
"b10902063" declared "raise:53.2475"
name: b10902127, hole_card: ['HQ', 'C6']
name: b10902063, hole_card: ['S9', 'C8']
"b10902127" declared "raise:874.95"
name: b10902127, hole_card: ['HQ', 'C6']
name: b10902063, hole_card: ['S9', 'C8']
"b10902063" declared "call:874.95"
"['b10902063']" won the round 1 (stack = {'b10902127': 0.0, 'b10902063': 2000.0})
b10902127 vs b10902063 - Game 4: {'rule': {'initial_stack': 1000, 'max_round': 20, 'small_blind_amount': 5, 'ante': 0, 'blind_structure': {}}, 'players': [{'name': 'b10902127', 'uuid': 'snwpkoethjnjjtzulifoph', 'stack': 0, 'state': 'folded'}, {'name': 'b10902063', 'uuid': 'imaqxygbrueqkfchemnfvw', 'stack': 2000.0, 'state': 'participating'}]}
community cards of this round: ['S6', 'C6', 'H3', 'H4', 'HA']
name: b10902063, hole_card: ['S5', 'HQ']
name: b10902127, hole_card: ['C9', 'C2']
Started the round 1
Street "preflop" started. (community card = [])
name: b10902063, hole_card: ['S5', 'HQ']
name: b10902127, hole_card: ['C9', 'C2']
"b10902127" declared "call:10"
name: b10902063, hole_card: ['S5', 'HQ']
name: b10902127, hole_card: ['C9', 'C2']
"b10902063" declared "call:10"
Street "flop" started. (community card = ['S6', 'C6', 'H3'])
name: b10902063, hole_card: ['S5', 'HQ']
name: b10902127, hole_card: ['C9', 'C2']
"b10902127" declared "call:0"
name: b10902063, hole_card: ['S5', 'HQ']
name: b10902127, hole_card: ['C9', 'C2']
"b10902063" declared "call:0"
Street "turn" started. (community card = ['S6', 'C6', 'H3', 'H4'])
name: b10902063, hole_card: ['S5', 'HQ']
name: b10902127, hole_card: ['C9', 'C2']
"b10902127" declared "call:0"
name: b10902063, hole_card: ['S5', 'HQ']
name: b10902127, hole_card: ['C9', 'C2']
"b10902063" declared "call:0"
Street "river" started. (community card = ['S6', 'C6', 'H3', 'H4', 'HA'])
name: b10902063, hole_card: ['S5', 'HQ']
name: b10902127, hole_card: ['C9', 'C2']
"b10902127" declared "call:0"
name: b10902063, hole_card: ['S5', 'HQ']
name: b10902127, hole_card: ['C9', 'C2']
"b10902063" declared "call:0"
"['b10902063']" won the round 1 (stack = {'b10902063': 1010, 'b10902127': 990})
community cards of this round: ['SJ', 'D3', 'D7', 'H8', 'DA']
name: b10902063, hole_card: ['CQ', 'D5']
name: b10902127, hole_card: ['C9', 'S3']
Started the round 2
Street "preflop" started. (community card = [])
name: b10902063, hole_card: ['CQ', 'D5']
name: b10902127, hole_card: ['C9', 'S3']
"b10902063" declared "call:10"
name: b10902063, hole_card: ['CQ', 'D5']
name: b10902127, hole_card: ['C9', 'S3']
"b10902127" declared "fold:0"
"['b10902063']" won the round 2 (stack = {'b10902063': 1020, 'b10902127': 980})
community cards of this round: ['C9', 'DA', 'D4', 'C8', 'DJ']
name: b10902063, hole_card: ['D3', 'S5']
name: b10902127, hole_card: ['S8', 'HJ']
Started the round 3
Street "preflop" started. (community card = [])
name: b10902063, hole_card: ['D3', 'S5']
name: b10902127, hole_card: ['S8', 'HJ']
"b10902127" declared "call:10"
name: b10902063, hole_card: ['D3', 'S5']
name: b10902127, hole_card: ['S8', 'HJ']
"b10902063" declared "call:10"
Street "flop" started. (community card = ['C9', 'DA', 'D4'])
name: b10902063, hole_card: ['D3', 'S5']
name: b10902127, hole_card: ['S8', 'HJ']
"b10902127" declared "call:0"
name: b10902063, hole_card: ['D3', 'S5']
name: b10902127, hole_card: ['S8', 'HJ']
"b10902063" declared "call:0"
Street "turn" started. (community card = ['C9', 'DA', 'D4', 'C8'])
name: b10902063, hole_card: ['D3', 'S5']
name: b10902127, hole_card: ['S8', 'HJ']
"b10902127" declared "call:0"
name: b10902063, hole_card: ['D3', 'S5']
name: b10902127, hole_card: ['S8', 'HJ']
"b10902063" declared "call:0"
Street "river" started. (community card = ['C9', 'DA', 'D4', 'C8', 'DJ'])
name: b10902063, hole_card: ['D3', 'S5']
name: b10902127, hole_card: ['S8', 'HJ']
"b10902127" declared "raise:970"
name: b10902063, hole_card: ['D3', 'S5']
name: b10902127, hole_card: ['S8', 'HJ']
"b10902063" declared "fold:0"
"['b10902127']" won the round 3 (stack = {'b10902063': 1010, 'b10902127': 990})
community cards of this round: ['H2', 'S3', 'C3', 'CT', 'C2']
name: b10902063, hole_card: ['C9', 'DQ']
name: b10902127, hole_card: ['D8', 'H5']
Started the round 4
Street "preflop" started. (community card = [])
name: b10902063, hole_card: ['C9', 'DQ']
name: b10902127, hole_card: ['D8', 'H5']
"b10902063" declared "call:10"
name: b10902063, hole_card: ['C9', 'DQ']
name: b10902127, hole_card: ['D8', 'H5']
"b10902127" declared "fold:0"
"['b10902063']" won the round 4 (stack = {'b10902063': 1020, 'b10902127': 980})
community cards of this round: ['SK', 'D5', 'DJ', 'HQ', 'S6']
name: b10902063, hole_card: ['CT', 'H4']
name: b10902127, hole_card: ['H6', 'C3']
Started the round 5
Street "preflop" started. (community card = [])
name: b10902063, hole_card: ['CT', 'H4']
name: b10902127, hole_card: ['H6', 'C3']
"b10902127" declared "fold:0"
"['b10902063']" won the round 5 (stack = {'b10902063': 1025, 'b10902127': 975})
community cards of this round: ['HT', 'D9', 'H7', 'HQ', 'SQ']
name: b10902063, hole_card: ['DJ', 'S5']
name: b10902127, hole_card: ['S3', 'SA']
Started the round 6
Street "preflop" started. (community card = [])
name: b10902063, hole_card: ['DJ', 'S5']
name: b10902127, hole_card: ['S3', 'SA']
"b10902063" declared "raise:65.5"
name: b10902063, hole_card: ['DJ', 'S5']
name: b10902127, hole_card: ['S3', 'SA']
"b10902127" declared "call:65.5"
Street "flop" started. (community card = ['HT', 'D9', 'H7'])
name: b10902063, hole_card: ['DJ', 'S5']
name: b10902127, hole_card: ['S3', 'SA']
"b10902063" declared "call:0"
name: b10902063, hole_card: ['DJ', 'S5']
name: b10902127, hole_card: ['S3', 'SA']
"b10902127" declared "call:0"
Street "turn" started. (community card = ['HT', 'D9', 'H7', 'HQ'])
name: b10902063, hole_card: ['DJ', 'S5']
name: b10902127, hole_card: ['S3', 'SA']
"b10902063" declared "call:0"
name: b10902063, hole_card: ['DJ', 'S5']
name: b10902127, hole_card: ['S3', 'SA']
"b10902127" declared "call:0"
Street "river" started. (community card = ['HT', 'D9', 'H7', 'HQ', 'SQ'])
name: b10902063, hole_card: ['DJ', 'S5']
name: b10902127, hole_card: ['S3', 'SA']
"b10902063" declared "call:0"
name: b10902063, hole_card: ['DJ', 'S5']
name: b10902127, hole_card: ['S3', 'SA']
"b10902127" declared "call:0"
"['b10902127']" won the round 6 (stack = {'b10902063': 959.5, 'b10902127': 1040.5})
community cards of this round: ['SA', 'C8', 'H3', 'S5', 'D9']
name: b10902063, hole_card: ['S3', 'DQ']
name: b10902127, hole_card: ['H6', 'D5']
Started the round 7
Street "preflop" started. (community card = [])
name: b10902063, hole_card: ['S3', 'DQ']
name: b10902127, hole_card: ['H6', 'D5']
"b10902127" declared "fold:0"
"['b10902063']" won the round 7 (stack = {'b10902063': 964.5, 'b10902127': 1035.5})
community cards of this round: ['S5', 'HJ', 'ST', 'DQ', 'D8']
name: b10902063, hole_card: ['C9', 'SA']
name: b10902127, hole_card: ['DK', 'C5']
Started the round 8
Street "preflop" started. (community card = [])
name: b10902063, hole_card: ['C9', 'SA']
name: b10902127, hole_card: ['DK', 'C5']
"b10902063" declared "call:10"
name: b10902063, hole_card: ['C9', 'SA']
name: b10902127, hole_card: ['DK', 'C5']
"b10902127" declared "call:10"
Street "flop" started. (community card = ['S5', 'HJ', 'ST'])
name: b10902063, hole_card: ['C9', 'SA']
name: b10902127, hole_card: ['DK', 'C5']
"b10902063" declared "call:0"
name: b10902063, hole_card: ['C9', 'SA']
name: b10902127, hole_card: ['DK', 'C5']
"b10902127" declared "call:0"
Street "turn" started. (community card = ['S5', 'HJ', 'ST', 'DQ'])
name: b10902063, hole_card: ['C9', 'SA']
name: b10902127, hole_card: ['DK', 'C5']
"b10902063" declared "call:0"
name: b10902063, hole_card: ['C9', 'SA']
name: b10902127, hole_card: ['DK', 'C5']
"b10902127" declared "call:0"
Street "river" started. (community card = ['S5', 'HJ', 'ST', 'DQ', 'D8'])
name: b10902063, hole_card: ['C9', 'SA']
name: b10902127, hole_card: ['DK', 'C5']
"b10902063" declared "raise:57.225"
name: b10902063, hole_card: ['C9', 'SA']
name: b10902127, hole_card: ['DK', 'C5']
"b10902127" declared "fold:0"
"['b10902063']" won the round 8 (stack = {'b10902063': 974.275, 'b10902127': 1025.5})
community cards of this round: ['D2', 'HA', 'H9', 'DA', 'S9']
name: b10902063, hole_card: ['H6', 'H8']
name: b10902127, hole_card: ['C3', 'DT']
Started the round 9
Street "preflop" started. (community card = [])
name: b10902063, hole_card: ['H6', 'H8']
name: b10902127, hole_card: ['C3', 'DT']
"b10902127" declared "call:10"
name: b10902063, hole_card: ['H6', 'H8']
name: b10902127, hole_card: ['C3', 'DT']
"b10902063" declared "call:10"
Street "flop" started. (community card = ['D2', 'HA', 'H9'])
name: b10902063, hole_card: ['H6', 'H8']
name: b10902127, hole_card: ['C3', 'DT']
"b10902127" declared "call:0"
name: b10902063, hole_card: ['H6', 'H8']
name: b10902127, hole_card: ['C3', 'DT']
"b10902063" declared "call:0"
Street "turn" started. (community card = ['D2', 'HA', 'H9', 'DA'])
name: b10902063, hole_card: ['H6', 'H8']
name: b10902127, hole_card: ['C3', 'DT']
"b10902127" declared "call:0"
name: b10902063, hole_card: ['H6', 'H8']
name: b10902127, hole_card: ['C3', 'DT']
"b10902063" declared "call:0"
Street "river" started. (community card = ['D2', 'HA', 'H9', 'DA', 'S9'])
name: b10902063, hole_card: ['H6', 'H8']
name: b10902127, hole_card: ['C3', 'DT']
"b10902127" declared "call:0"
name: b10902063, hole_card: ['H6', 'H8']
name: b10902127, hole_card: ['C3', 'DT']
"b10902063" declared "call:0"
"['b10902127']" won the round 9 (stack = {'b10902063': 964.275, 'b10902127': 1035.5})
community cards of this round: ['DJ', 'H6', 'H8', 'S8', 'SA']
name: b10902063, hole_card: ['D2', 'D7']
name: b10902127, hole_card: ['SJ', 'HK']
Started the round 10
Street "preflop" started. (community card = [])
name: b10902063, hole_card: ['D2', 'D7']
name: b10902127, hole_card: ['SJ', 'HK']
"b10902063" declared "call:10"
name: b10902063, hole_card: ['D2', 'D7']
name: b10902127, hole_card: ['SJ', 'HK']
"b10902127" declared "raise:20"
name: b10902063, hole_card: ['D2', 'D7']
name: b10902127, hole_card: ['SJ', 'HK']
"b10902063" declared "call:20"
Street "flop" started. (community card = ['DJ', 'H6', 'H8'])
name: b10902063, hole_card: ['D2', 'D7']
name: b10902127, hole_card: ['SJ', 'HK']
"b10902063" declared "call:0"
name: b10902063, hole_card: ['D2', 'D7']
name: b10902127, hole_card: ['SJ', 'HK']
"b10902127" declared "raise:40"
name: b10902063, hole_card: ['D2', 'D7']
name: b10902127, hole_card: ['SJ', 'HK']
"b10902063" declared "fold:0"
"['b10902127']" won the round 10 (stack = {'b10902063': 944.275, 'b10902127': 1055.5})
community cards of this round: ['S4', 'D3', 'DK', 'H7', 'S7']
name: b10902063, hole_card: ['H3', 'D6']
name: b10902127, hole_card: ['H4', 'DT']
Started the round 11
Street "preflop" started. (community card = [])
name: b10902063, hole_card: ['H3', 'D6']
name: b10902127, hole_card: ['H4', 'DT']
"b10902127" declared "call:10"
name: b10902063, hole_card: ['H3', 'D6']
name: b10902127, hole_card: ['H4', 'DT']
"b10902063" declared "call:10"
Street "flop" started. (community card = ['S4', 'D3', 'DK'])
name: b10902063, hole_card: ['H3', 'D6']
name: b10902127, hole_card: ['H4', 'DT']
"b10902127" declared "call:0"
name: b10902063, hole_card: ['H3', 'D6']
name: b10902127, hole_card: ['H4', 'DT']
"b10902063" declared "raise:56.21375"
name: b10902063, hole_card: ['H3', 'D6']
name: b10902127, hole_card: ['H4', 'DT']
"b10902127" declared "fold:0"
"['b10902063']" won the round 11 (stack = {'b10902063': 954.06125, 'b10902127': 1045.5})
community cards of this round: ['H6', 'HQ', 'CK', 'C6', 'DK']
name: b10902063, hole_card: ['DA', 'C4']
name: b10902127, hole_card: ['HK', 'H5']
Started the round 12
Street "preflop" started. (community card = [])
name: b10902063, hole_card: ['DA', 'C4']
name: b10902127, hole_card: ['HK', 'H5']
"b10902063" declared "call:10"
name: b10902063, hole_card: ['DA', 'C4']
name: b10902127, hole_card: ['HK', 'H5']
"b10902127" declared "call:10"
Street "flop" started. (community card = ['H6', 'HQ', 'CK'])
name: b10902063, hole_card: ['DA', 'C4']
name: b10902127, hole_card: ['HK', 'H5']
"b10902063" declared "call:0"
name: b10902063, hole_card: ['DA', 'C4']
name: b10902127, hole_card: ['HK', 'H5']
"b10902127" declared "raise:40"
name: b10902063, hole_card: ['DA', 'C4']
name: b10902127, hole_card: ['HK', 'H5']
"b10902063" declared "fold:0"
"['b10902127']" won the round 12 (stack = {'b10902063': 944.06125, 'b10902127': 1055.5})
community cards of this round: ['SJ', 'C7', 'H8', 'D3', 'C5']
name: b10902063, hole_card: ['CT', 'DQ']
name: b10902127, hole_card: ['SK', 'D8']
Started the round 13
Street "preflop" started. (community card = [])
name: b10902063, hole_card: ['CT', 'DQ']
name: b10902127, hole_card: ['SK', 'D8']
"b10902127" declared "call:10"
name: b10902063, hole_card: ['CT', 'DQ']
name: b10902127, hole_card: ['SK', 'D8']
"b10902063" declared "raise:944.06125"
name: b10902063, hole_card: ['CT', 'DQ']
name: b10902127, hole_card: ['SK', 'D8']
"b10902127" declared "fold:0"
"['b10902063']" won the round 13 (stack = {'b10902063': 954.0, 'b10902127': 1045.5})
community cards of this round: ['S9', 'H9', 'C9', 'D5', 'S2']
name: b10902063, hole_card: ['S3', 'HT']
name: b10902127, hole_card: ['H3', 'DK']
Started the round 14
Street "preflop" started. (community card = [])
name: b10902063, hole_card: ['S3', 'HT']
name: b10902127, hole_card: ['H3', 'DK']
"b10902063" declared "raise:954.0"
name: b10902063, hole_card: ['S3', 'HT']
name: b10902127, hole_card: ['H3', 'DK']
"b10902127" declared "fold:0"
"['b10902063']" won the round 14 (stack = {'b10902063': 964.0, 'b10902127': 1035.5})
community cards of this round: ['H7', 'H9', 'C7', 'S4', 'SJ']
name: b10902063, hole_card: ['H6', 'DA']
name: b10902127, hole_card: ['CT', 'CJ']
Started the round 15
Street "preflop" started. (community card = [])
name: b10902063, hole_card: ['H6', 'DA']
name: b10902127, hole_card: ['CT', 'CJ']
"b10902127" declared "call:10"
name: b10902063, hole_card: ['H6', 'DA']
name: b10902127, hole_card: ['CT', 'CJ']
"b10902063" declared "raise:964.0"
name: b10902063, hole_card: ['H6', 'DA']
name: b10902127, hole_card: ['CT', 'CJ']
"b10902127" declared "fold:0"
"['b10902063']" won the round 15 (stack = {'b10902063': 974.0, 'b10902127': 1025.5})
community cards of this round: ['C9', 'ST', 'H5', 'S7', 'S9']
name: b10902063, hole_card: ['C6', 'C3']
name: b10902127, hole_card: ['DK', 'H2']
Started the round 16
Street "preflop" started. (community card = [])
name: b10902063, hole_card: ['C6', 'C3']
name: b10902127, hole_card: ['DK', 'H2']
"b10902063" declared "raise:974.0"
name: b10902063, hole_card: ['C6', 'C3']
name: b10902127, hole_card: ['DK', 'H2']
"b10902127" declared "fold:0"
"['b10902063']" won the round 16 (stack = {'b10902063': 984.0, 'b10902127': 1015.5})
community cards of this round: ['H7', 'SJ', 'C5', 'D4', 'SQ']
name: b10902063, hole_card: ['DJ', 'S8']
name: b10902127, hole_card: ['HA', 'DA']
Started the round 17
Street "preflop" started. (community card = [])
name: b10902063, hole_card: ['DJ', 'S8']
name: b10902127, hole_card: ['HA', 'DA']
"b10902127" declared "raise:1015.5"
name: b10902063, hole_card: ['DJ', 'S8']
name: b10902127, hole_card: ['HA', 'DA']
"b10902063" declared "fold:0"
"['b10902127']" won the round 17 (stack = {'b10902063': 974.0, 'b10902127': 1025.0})
community cards of this round: ['C8', 'CA', 'DA', 'D9', 'S8']
name: b10902063, hole_card: ['H2', 'D5']
name: b10902127, hole_card: ['C3', 'HJ']
Started the round 18
Street "preflop" started. (community card = [])
name: b10902063, hole_card: ['H2', 'D5']
name: b10902127, hole_card: ['C3', 'HJ']
"b10902063" declared "raise:974.0"
name: b10902063, hole_card: ['H2', 'D5']
name: b10902127, hole_card: ['C3', 'HJ']
"b10902127" declared "fold:0"
"['b10902063']" won the round 18 (stack = {'b10902063': 984.0, 'b10902127': 1015.0})
community cards of this round: ['D3', 'CJ', 'S2', 'HA', 'D9']
name: b10902063, hole_card: ['H6', 'D5']
name: b10902127, hole_card: ['CA', 'H4']
Started the round 19
Street "preflop" started. (community card = [])
name: b10902063, hole_card: ['H6', 'D5']
name: b10902127, hole_card: ['CA', 'H4']
"b10902127" declared "fold:0"
"['b10902063']" won the round 19 (stack = {'b10902063': 989.0, 'b10902127': 1010.0})
community cards of this round: ['C5', 'D3', 'CT', 'C3', 'S3']
name: b10902063, hole_card: ['CQ', 'C7']
name: b10902127, hole_card: ['CK', 'SA']
Started the round 20
Street "preflop" started. (community card = [])
name: b10902063, hole_card: ['CQ', 'C7']
name: b10902127, hole_card: ['CK', 'SA']
"b10902063" declared "raise:989.0"
name: b10902063, hole_card: ['CQ', 'C7']
name: b10902127, hole_card: ['CK', 'SA']
"b10902127" declared "call:989.0"
Street "flop" started. (community card = ['C5', 'D3', 'CT'])
Street "turn" started. (community card = ['C5', 'D3', 'CT', 'C3'])
Street "river" started. (community card = ['C5', 'D3', 'CT', 'C3', 'S3'])
"['b10902063']" won the round 20 (stack = {'b10902063': 1978.0, 'b10902127': 21.0})
b10902127 vs b10902063 - Game 5: {'rule': {'initial_stack': 1000, 'max_round': 20, 'small_blind_amount': 5, 'ante': 0, 'blind_structure': {}}, 'players': [{'name': 'b10902063', 'uuid': 'ybkjlgojmhfcoinuahtrke', 'stack': 1978.0, 'state': 'participating'}, {'name': 'b10902127', 'uuid': 'ivhlivotuyishwgxvsfnym', 'stack': 21.0, 'state': 'participating'}]}
Final Result: b10902127 won 4 games (stack: 9839.9491875), b10902063 won 1 games (stack: 154.0)
