community cards of this round: ['S9', 'HK', 'DT', 'HT', 'C8']
name: b10902067, hole_card: ['C4', 'S2']
name: b10902108, hole_card: ['C9', 'D9']
Started the round 1
Street "preflop" started. (community card = [])
name: b10902067, hole_card: ['C4', 'S2']
name: b10902108, hole_card: ['C9', 'D9']
"b10902108" declared "raise:98.55"
name: b10902067, hole_card: ['C4', 'S2']
name: b10902108, hole_card: ['C9', 'D9']
"b10902067" declared "fold:0"
"['b10902108']" won the round 1 (stack = {'b10902067': 990, 'b10902108': 1009.45})
community cards of this round: ['SA', 'S7', 'S6', 'DA', 'H3']
name: b10902067, hole_card: ['S9', 'C3']
name: b10902108, hole_card: ['C2', 'D4']
Started the round 2
Street "preflop" started. (community card = [])
name: b10902067, hole_card: ['S9', 'C3']
name: b10902108, hole_card: ['C2', 'D4']
"b10902067" declared "raise:15"
name: b10902067, hole_card: ['S9', 'C3']
name: b10902108, hole_card: ['C2', 'D4']
"b10902108" declared "fold:0"
"['b10902067']" won the round 2 (stack = {'b10902067': 1000, 'b10902108': 999.45})
community cards of this round: ['CT', 'HJ', 'DJ', 'HA', 'C3']
name: b10902067, hole_card: ['C9', 'CK']
name: b10902108, hole_card: ['C5', 'D4']
Started the round 3
Street "preflop" started. (community card = [])
name: b10902067, hole_card: ['C9', 'CK']
name: b10902108, hole_card: ['C5', 'D4']
"b10902108" declared "fold:0"
"['b10902067']" won the round 3 (stack = {'b10902067': 1005, 'b10902108': 994.45})
community cards of this round: ['DJ', 'H2', 'S7', 'H7', 'H8']
name: b10902067, hole_card: ['C4', 'C9']
name: b10902108, hole_card: ['CQ', 'D3']
Started the round 4
Street "preflop" started. (community card = [])
name: b10902067, hole_card: ['C4', 'C9']
name: b10902108, hole_card: ['CQ', 'D3']
"b10902067" declared "raise:15"
name: b10902067, hole_card: ['C4', 'C9']
name: b10902108, hole_card: ['CQ', 'D3']
"b10902108" declared "call:15"
Street "flop" started. (community card = ['DJ', 'H2', 'S7'])
name: b10902067, hole_card: ['C4', 'C9']
name: b10902108, hole_card: ['CQ', 'D3']
"b10902067" declared "call:0"
name: b10902067, hole_card: ['C4', 'C9']
name: b10902108, hole_card: ['CQ', 'D3']
"b10902108" declared "call:0"
Street "turn" started. (community card = ['DJ', 'H2', 'S7', 'H7'])
name: b10902067, hole_card: ['C4', 'C9']
name: b10902108, hole_card: ['CQ', 'D3']
"b10902067" declared "call:0"
BLUFF!!!!
name: b10902067, hole_card: ['C4', 'C9']
name: b10902108, hole_card: ['CQ', 'D3']
"b10902108" declared "raise:399.3075"
name: b10902067, hole_card: ['C4', 'C9']
name: b10902108, hole_card: ['CQ', 'D3']
"b10902067" declared "fold:0"
"['b10902108']" won the round 4 (stack = {'b10902067': 990, 'b10902108': 1009.1425})
community cards of this round: ['H7', 'H8', 'CJ', 'D7', 'H6']
name: b10902067, hole_card: ['H4', 'SK']
name: b10902108, hole_card: ['H9', 'H3']
Started the round 5
Street "preflop" started. (community card = [])
name: b10902067, hole_card: ['H4', 'SK']
name: b10902108, hole_card: ['H9', 'H3']
"b10902108" declared "fold:0"
"['b10902067']" won the round 5 (stack = {'b10902067': 995, 'b10902108': 1004.1425})
community cards of this round: ['HJ', 'C5', 'DQ', 'DK', 'ST']
name: b10902067, hole_card: ['C8', 'C3']
name: b10902108, hole_card: ['CK', 'S5']
Started the round 6
Street "preflop" started. (community card = [])
name: b10902067, hole_card: ['C8', 'C3']
name: b10902108, hole_card: ['CK', 'S5']
"b10902067" declared "raise:15"
name: b10902067, hole_card: ['C8', 'C3']
name: b10902108, hole_card: ['CK', 'S5']
"b10902108" declared "fold:0"
"['b10902067']" won the round 6 (stack = {'b10902067': 1005, 'b10902108': 994.1425})
community cards of this round: ['C7', 'SJ', 'HQ', 'HT', 'HA']
name: b10902067, hole_card: ['DA', 'C4']
name: b10902108, hole_card: ['C5', 'H9']
Started the round 7
Street "preflop" started. (community card = [])
name: b10902067, hole_card: ['DA', 'C4']
name: b10902108, hole_card: ['C5', 'H9']
"b10902108" declared "fold:0"
"['b10902067']" won the round 7 (stack = {'b10902067': 1010, 'b10902108': 989.1425})
community cards of this round: ['H8', 'D7', 'H4', 'H7', 'CT']
name: b10902067, hole_card: ['C2', 'D2']
name: b10902108, hole_card: ['S3', 'D3']
Started the round 8
Street "preflop" started. (community card = [])
name: b10902067, hole_card: ['C2', 'D2']
name: b10902108, hole_card: ['S3', 'D3']
"b10902067" declared "raise:15"
name: b10902067, hole_card: ['C2', 'D2']
name: b10902108, hole_card: ['S3', 'D3']
"b10902108" declared "fold:0"
"['b10902067']" won the round 8 (stack = {'b10902067': 1020, 'b10902108': 979.1425})
community cards of this round: ['H6', 'D9', 'HK', 'HT', 'S8']
name: b10902067, hole_card: ['D8', 'DK']
name: b10902108, hole_card: ['D4', 'H2']
Started the round 9
Street "preflop" started. (community card = [])
name: b10902067, hole_card: ['D8', 'DK']
name: b10902108, hole_card: ['D4', 'H2']
"b10902108" declared "fold:0"
"['b10902067']" won the round 9 (stack = {'b10902067': 1025, 'b10902108': 974.1425})
community cards of this round: ['S8', 'HJ', 'H8', 'DK', 'S3']
name: b10902067, hole_card: ['DT', 'CT']
name: b10902108, hole_card: ['D8', 'D6']
Started the round 10
Street "preflop" started. (community card = [])
name: b10902067, hole_card: ['DT', 'CT']
name: b10902108, hole_card: ['D8', 'D6']
"b10902067" declared "raise:15"
name: b10902067, hole_card: ['DT', 'CT']
name: b10902108, hole_card: ['D8', 'D6']
"b10902108" declared "call:15"
Street "flop" started. (community card = ['S8', 'HJ', 'H8'])
name: b10902067, hole_card: ['DT', 'CT']
name: b10902108, hole_card: ['D8', 'D6']
"b10902067" declared "raise:10"
name: b10902067, hole_card: ['DT', 'CT']
name: b10902108, hole_card: ['D8', 'D6']
"b10902108" declared "raise:68.19589249999997"
name: b10902067, hole_card: ['DT', 'CT']
name: b10902108, hole_card: ['D8', 'D6']
"b10902067" declared "raise:126.39178499999994"
name: b10902067, hole_card: ['DT', 'CT']
name: b10902108, hole_card: ['D8', 'D6']
"b10902108" declared "raise:184.58767749999993"
name: b10902067, hole_card: ['DT', 'CT']
name: b10902108, hole_card: ['D8', 'D6']
"b10902067" declared "raise:242.7835699999999"
ALL IN!!!!!
name: b10902067, hole_card: ['DT', 'CT']
name: b10902108, hole_card: ['D8', 'D6']
"b10902108" declared "raise:959.1425"
name: b10902067, hole_card: ['DT', 'CT']
name: b10902108, hole_card: ['D8', 'D6']
"b10902067" declared "call:959.1425"
Street "turn" started. (community card = ['S8', 'HJ', 'H8', 'DK'])
Street "river" started. (community card = ['S8', 'HJ', 'H8', 'DK', 'S3'])
"['b10902108']" won the round 10 (stack = {'b10902067': 50.85750000000007, 'b10902108': 1948.0})
community cards of this round: ['C3', 'SJ', 'CJ', 'S3', 'D5']
name: b10902067, hole_card: ['CA', 'H2']
name: b10902108, hole_card: ['DA', 'S4']
Started the round 11
Street "preflop" started. (community card = [])
name: b10902067, hole_card: ['CA', 'H2']
name: b10902108, hole_card: ['DA', 'S4']
"b10902108" declared "fold:0"
"['b10902067']" won the round 11 (stack = {'b10902067': 55.85750000000007, 'b10902108': 1943.0})
community cards of this round: ['H2', 'C2', 'DQ', 'HK', 'S3']
name: b10902067, hole_card: ['C3', 'H7']
name: b10902108, hole_card: ['C5', 'SQ']
Started the round 12
Street "preflop" started. (community card = [])
name: b10902067, hole_card: ['C3', 'H7']
name: b10902108, hole_card: ['C5', 'SQ']
"b10902067" declared "raise:55.85750000000007"
name: b10902067, hole_card: ['C3', 'H7']
name: b10902108, hole_card: ['C5', 'SQ']
"b10902108" declared "fold:0"
"['b10902067']" won the round 12 (stack = {'b10902067': 65.0, 'b10902108': 1933.0})
community cards of this round: ['D6', 'CJ', 'H7', 'CK', 'DT']
name: b10902067, hole_card: ['H3', 'H2']
name: b10902108, hole_card: ['D8', 'HQ']
Started the round 13
Street "preflop" started. (community card = [])
name: b10902067, hole_card: ['H3', 'H2']
name: b10902108, hole_card: ['D8', 'HQ']
"b10902108" declared "fold:0"
"['b10902067']" won the round 13 (stack = {'b10902067': 70.0, 'b10902108': 1928.0})
community cards of this round: ['CK', 'ST', 'H2', 'C3', 'H3']
name: b10902067, hole_card: ['DJ', 'C8']
name: b10902108, hole_card: ['H5', 'S9']
Started the round 14
Street "preflop" started. (community card = [])
name: b10902067, hole_card: ['DJ', 'C8']
name: b10902108, hole_card: ['H5', 'S9']
"b10902067" declared "raise:15"
name: b10902067, hole_card: ['DJ', 'C8']
name: b10902108, hole_card: ['H5', 'S9']
"b10902108" declared "fold:0"
"['b10902067']" won the round 14 (stack = {'b10902067': 80.0, 'b10902108': 1918.0})
community cards of this round: ['D3', 'HQ', 'ST', 'H4', 'HJ']
name: b10902067, hole_card: ['C3', 'DT']
name: b10902108, hole_card: ['S9', 'DJ']
Started the round 15
Street "preflop" started. (community card = [])
name: b10902067, hole_card: ['C3', 'DT']
name: b10902108, hole_card: ['S9', 'DJ']
"b10902108" declared "fold:0"
"['b10902067']" won the round 15 (stack = {'b10902067': 85.0, 'b10902108': 1913.0})
community cards of this round: ['CK', 'S6', 'D2', 'DK', 'H8']
name: b10902067, hole_card: ['D9', 'CA']
name: b10902108, hole_card: ['S8', 'C9']
Started the round 16
Street "preflop" started. (community card = [])
name: b10902067, hole_card: ['D9', 'CA']
name: b10902108, hole_card: ['S8', 'C9']
"b10902067" declared "raise:15"
name: b10902067, hole_card: ['D9', 'CA']
name: b10902108, hole_card: ['S8', 'C9']
"b10902108" declared "fold:0"
"['b10902067']" won the round 16 (stack = {'b10902067': 95.0, 'b10902108': 1903.0})
community cards of this round: ['SK', 'H9', 'CQ', 'H7', 'C9']
name: b10902067, hole_card: ['DT', 'D6']
name: b10902108, hole_card: ['HK', 'H3']
Started the round 17
Street "preflop" started. (community card = [])
name: b10902067, hole_card: ['DT', 'D6']
name: b10902108, hole_card: ['HK', 'H3']
"b10902108" declared "fold:0"
"['b10902067']" won the round 17 (stack = {'b10902067': 100.0, 'b10902108': 1898.0})
community cards of this round: ['CJ', 'S9', 'D3', 'C8', 'S3']
name: b10902067, hole_card: ['H4', 'H9']
name: b10902108, hole_card: ['C3', 'H2']
Started the round 18
Street "preflop" started. (community card = [])
name: b10902067, hole_card: ['H4', 'H9']
name: b10902108, hole_card: ['C3', 'H2']
"b10902067" declared "raise:15"
name: b10902067, hole_card: ['H4', 'H9']
name: b10902108, hole_card: ['C3', 'H2']
"b10902108" declared "fold:0"
"['b10902067']" won the round 18 (stack = {'b10902067': 110.0, 'b10902108': 1888.0})
community cards of this round: ['D3', 'C3', 'C9', 'H7', 'SQ']
name: b10902067, hole_card: ['HK', 'D5']
name: b10902108, hole_card: ['H4', 'CK']
Started the round 19
Street "preflop" started. (community card = [])
name: b10902067, hole_card: ['HK', 'D5']
name: b10902108, hole_card: ['H4', 'CK']
"b10902108" declared "fold:0"
"['b10902067']" won the round 19 (stack = {'b10902067': 115.0, 'b10902108': 1883.0})
community cards of this round: ['CQ', 'H3', 'CK', 'C7', 'H7']
name: b10902067, hole_card: ['SK', 'CA']
name: b10902108, hole_card: ['D7', 'ST']
Started the round 20
Street "preflop" started. (community card = [])
name: b10902067, hole_card: ['SK', 'CA']
name: b10902108, hole_card: ['D7', 'ST']
"b10902067" declared "raise:15"
name: b10902067, hole_card: ['SK', 'CA']
name: b10902108, hole_card: ['D7', 'ST']
"b10902108" declared "fold:0"
"['b10902067']" won the round 20 (stack = {'b10902067': 125.0, 'b10902108': 1873.0})
b10902108 vs b10902067 - Game 1: {'rule': {'initial_stack': 1000, 'max_round': 20, 'small_blind_amount': 5, 'ante': 0, 'blind_structure': {}}, 'players': [{'name': 'b10902067', 'uuid': 'geyukzzqrceebbvqauxdqx', 'stack': 125.0, 'state': 'participating'}, {'name': 'b10902108', 'uuid': 'edgbkzfuwjiyozixuxfjzb', 'stack': 1873.0, 'state': 'participating'}]}
community cards of this round: ['S9', 'HK', 'DT', 'HT', 'C8']
name: b10902108, hole_card: ['C4', 'S2']
name: b10902067, hole_card: ['C9', 'D9']
Started the round 1
Street "preflop" started. (community card = [])
name: b10902108, hole_card: ['C4', 'S2']
name: b10902067, hole_card: ['C9', 'D9']
"b10902067" declared "raise:15"
name: b10902108, hole_card: ['C4', 'S2']
name: b10902067, hole_card: ['C9', 'D9']
"b10902108" declared "fold:0"
"['b10902067']" won the round 1 (stack = {'b10902108': 990, 'b10902067': 1010})
community cards of this round: ['SA', 'S7', 'S6', 'DA', 'H3']
name: b10902108, hole_card: ['S9', 'C3']
name: b10902067, hole_card: ['C2', 'D4']
Started the round 2
Street "preflop" started. (community card = [])
name: b10902108, hole_card: ['S9', 'C3']
name: b10902067, hole_card: ['C2', 'D4']
"b10902108" declared "fold:0"
"['b10902067']" won the round 2 (stack = {'b10902108': 985, 'b10902067': 1015})
community cards of this round: ['CT', 'HJ', 'DJ', 'HA', 'C3']
name: b10902108, hole_card: ['C9', 'CK']
name: b10902067, hole_card: ['C5', 'D4']
Started the round 3
Street "preflop" started. (community card = [])
name: b10902108, hole_card: ['C9', 'CK']
name: b10902067, hole_card: ['C5', 'D4']
"b10902067" declared "fold:0"
"['b10902108']" won the round 3 (stack = {'b10902108': 990, 'b10902067': 1010})
community cards of this round: ['DJ', 'H2', 'S7', 'H7', 'H8']
name: b10902108, hole_card: ['C4', 'C9']
name: b10902067, hole_card: ['CQ', 'D3']
Started the round 4
Street "preflop" started. (community card = [])
name: b10902108, hole_card: ['C4', 'C9']
name: b10902067, hole_card: ['CQ', 'D3']
"b10902108" declared "fold:0"
"['b10902067']" won the round 4 (stack = {'b10902108': 985, 'b10902067': 1015})
community cards of this round: ['H7', 'H8', 'CJ', 'D7', 'H6']
name: b10902108, hole_card: ['H4', 'SK']
name: b10902067, hole_card: ['H9', 'H3']
Started the round 5
Street "preflop" started. (community card = [])
name: b10902108, hole_card: ['H4', 'SK']
name: b10902067, hole_card: ['H9', 'H3']
"b10902067" declared "raise:15"
name: b10902108, hole_card: ['H4', 'SK']
name: b10902067, hole_card: ['H9', 'H3']
"b10902108" declared "fold:0"
"['b10902067']" won the round 5 (stack = {'b10902108': 975, 'b10902067': 1025})
community cards of this round: ['HJ', 'C5', 'DQ', 'DK', 'ST']
name: b10902108, hole_card: ['C8', 'C3']
name: b10902067, hole_card: ['CK', 'S5']
Started the round 6
Street "preflop" started. (community card = [])
name: b10902108, hole_card: ['C8', 'C3']
name: b10902067, hole_card: ['CK', 'S5']
"b10902108" declared "fold:0"
"['b10902067']" won the round 6 (stack = {'b10902108': 970, 'b10902067': 1030})
community cards of this round: ['C7', 'SJ', 'HQ', 'HT', 'HA']
name: b10902108, hole_card: ['DA', 'C4']
name: b10902067, hole_card: ['C5', 'H9']
Started the round 7
Street "preflop" started. (community card = [])
name: b10902108, hole_card: ['DA', 'C4']
name: b10902067, hole_card: ['C5', 'H9']
"b10902067" declared "raise:15"
name: b10902108, hole_card: ['DA', 'C4']
name: b10902067, hole_card: ['C5', 'H9']
"b10902108" declared "fold:0"
"['b10902067']" won the round 7 (stack = {'b10902108': 960, 'b10902067': 1040})
community cards of this round: ['H8', 'D7', 'H4', 'H7', 'CT']
name: b10902108, hole_card: ['C2', 'D2']
name: b10902067, hole_card: ['S3', 'D3']
Started the round 8
Street "preflop" started. (community card = [])
name: b10902108, hole_card: ['C2', 'D2']
name: b10902067, hole_card: ['S3', 'D3']
"b10902108" declared "call:10"
name: b10902108, hole_card: ['C2', 'D2']
name: b10902067, hole_card: ['S3', 'D3']
"b10902067" declared "raise:15"
name: b10902108, hole_card: ['C2', 'D2']
name: b10902067, hole_card: ['S3', 'D3']
"b10902108" declared "fold:0"
"['b10902067']" won the round 8 (stack = {'b10902108': 950, 'b10902067': 1050})
community cards of this round: ['H6', 'D9', 'HK', 'HT', 'S8']
name: b10902108, hole_card: ['D8', 'DK']
name: b10902067, hole_card: ['D4', 'H2']
Started the round 9
Street "preflop" started. (community card = [])
name: b10902108, hole_card: ['D8', 'DK']
name: b10902067, hole_card: ['D4', 'H2']
"b10902067" declared "fold:0"
"['b10902108']" won the round 9 (stack = {'b10902108': 955, 'b10902067': 1045})
community cards of this round: ['S8', 'HJ', 'H8', 'DK', 'S3']
name: b10902108, hole_card: ['DT', 'CT']
name: b10902067, hole_card: ['D8', 'D6']
Started the round 10
Street "preflop" started. (community card = [])
name: b10902108, hole_card: ['DT', 'CT']
name: b10902067, hole_card: ['D8', 'D6']
"b10902108" declared "raise:83.6"
name: b10902108, hole_card: ['DT', 'CT']
name: b10902067, hole_card: ['D8', 'D6']
"b10902067" declared "fold:0"
"['b10902108']" won the round 10 (stack = {'b10902108': 964.4, 'b10902067': 1035})
community cards of this round: ['C3', 'SJ', 'CJ', 'S3', 'D5']
name: b10902108, hole_card: ['CA', 'H2']
name: b10902067, hole_card: ['DA', 'S4']
Started the round 11
Street "preflop" started. (community card = [])
name: b10902108, hole_card: ['CA', 'H2']
name: b10902067, hole_card: ['DA', 'S4']
"b10902067" declared "fold:0"
"['b10902108']" won the round 11 (stack = {'b10902108': 969.4, 'b10902067': 1030})
community cards of this round: ['H2', 'C2', 'DQ', 'HK', 'S3']
name: b10902108, hole_card: ['C3', 'H7']
name: b10902067, hole_card: ['C5', 'SQ']
Started the round 12
Street "preflop" started. (community card = [])
name: b10902108, hole_card: ['C3', 'H7']
name: b10902067, hole_card: ['C5', 'SQ']
"b10902108" declared "fold:0"
"['b10902067']" won the round 12 (stack = {'b10902108': 964.4, 'b10902067': 1035})
community cards of this round: ['D6', 'CJ', 'H7', 'CK', 'DT']
name: b10902108, hole_card: ['H3', 'H2']
name: b10902067, hole_card: ['D8', 'HQ']
Started the round 13
Street "preflop" started. (community card = [])
name: b10902108, hole_card: ['H3', 'H2']
name: b10902067, hole_card: ['D8', 'HQ']
"b10902067" declared "fold:0"
"['b10902108']" won the round 13 (stack = {'b10902108': 969.4, 'b10902067': 1030})
community cards of this round: ['CK', 'ST', 'H2', 'C3', 'H3']
name: b10902108, hole_card: ['DJ', 'C8']
name: b10902067, hole_card: ['H5', 'S9']
Started the round 14
Street "preflop" started. (community card = [])
name: b10902108, hole_card: ['DJ', 'C8']
name: b10902067, hole_card: ['H5', 'S9']
"b10902108" declared "call:10"
name: b10902108, hole_card: ['DJ', 'C8']
name: b10902067, hole_card: ['H5', 'S9']
"b10902067" declared "fold:0"
"['b10902108']" won the round 14 (stack = {'b10902108': 979.4, 'b10902067': 1020})
community cards of this round: ['D3', 'HQ', 'ST', 'H4', 'HJ']
name: b10902108, hole_card: ['C3', 'DT']
name: b10902067, hole_card: ['S9', 'DJ']
Started the round 15
Street "preflop" started. (community card = [])
name: b10902108, hole_card: ['C3', 'DT']
name: b10902067, hole_card: ['S9', 'DJ']
"b10902067" declared "fold:0"
"['b10902108']" won the round 15 (stack = {'b10902108': 984.4, 'b10902067': 1015})
community cards of this round: ['CK', 'S6', 'D2', 'DK', 'H8']
name: b10902108, hole_card: ['D9', 'CA']
name: b10902067, hole_card: ['S8', 'C9']
Started the round 16
Street "preflop" started. (community card = [])
name: b10902108, hole_card: ['D9', 'CA']
name: b10902067, hole_card: ['S8', 'C9']
"b10902108" declared "raise:22.428000000000015"
name: b10902108, hole_card: ['D9', 'CA']
name: b10902067, hole_card: ['S8', 'C9']
"b10902067" declared "fold:0"
"['b10902108']" won the round 16 (stack = {'b10902108': 993.972, 'b10902067': 1005})
community cards of this round: ['SK', 'H9', 'CQ', 'H7', 'C9']
name: b10902108, hole_card: ['DT', 'D6']
name: b10902067, hole_card: ['HK', 'H3']
Started the round 17
Street "preflop" started. (community card = [])
name: b10902108, hole_card: ['DT', 'D6']
name: b10902067, hole_card: ['HK', 'H3']
"b10902067" declared "raise:15"
name: b10902108, hole_card: ['DT', 'D6']
name: b10902067, hole_card: ['HK', 'H3']
"b10902108" declared "fold:0"
"['b10902067']" won the round 17 (stack = {'b10902108': 983.972, 'b10902067': 1015})
community cards of this round: ['CJ', 'S9', 'D3', 'C8', 'S3']
name: b10902108, hole_card: ['H4', 'H9']
name: b10902067, hole_card: ['C3', 'H2']
Started the round 18
Street "preflop" started. (community card = [])
name: b10902108, hole_card: ['H4', 'H9']
name: b10902067, hole_card: ['C3', 'H2']
"b10902108" declared "call:10"
name: b10902108, hole_card: ['H4', 'H9']
name: b10902067, hole_card: ['C3', 'H2']
"b10902067" declared "fold:0"
"['b10902108']" won the round 18 (stack = {'b10902108': 993.972, 'b10902067': 1005})
community cards of this round: ['D3', 'C3', 'C9', 'H7', 'SQ']
name: b10902108, hole_card: ['HK', 'D5']
name: b10902067, hole_card: ['H4', 'CK']
Started the round 19
Street "preflop" started. (community card = [])
name: b10902108, hole_card: ['HK', 'D5']
name: b10902067, hole_card: ['H4', 'CK']
"b10902067" declared "fold:0"
"['b10902108']" won the round 19 (stack = {'b10902108': 998.972, 'b10902067': 1000})
community cards of this round: ['CQ', 'H3', 'CK', 'C7', 'H7']
name: b10902108, hole_card: ['SK', 'CA']
name: b10902067, hole_card: ['D7', 'ST']
Started the round 20
Street "preflop" started. (community card = [])
name: b10902108, hole_card: ['SK', 'CA']
name: b10902067, hole_card: ['D7', 'ST']
"b10902108" declared "raise:15"
name: b10902108, hole_card: ['SK', 'CA']
name: b10902067, hole_card: ['D7', 'ST']
"b10902067" declared "raise:1000"
name: b10902108, hole_card: ['SK', 'CA']
name: b10902067, hole_card: ['D7', 'ST']
"b10902108" declared "call:1000"
Street "flop" started. (community card = ['CQ', 'H3', 'CK'])
Street "turn" started. (community card = ['CQ', 'H3', 'CK', 'C7'])
Street "river" started. (community card = ['CQ', 'H3', 'CK', 'C7', 'H7'])
"['b10902067']" won the round 20 (stack = {'b10902108': 0.0, 'b10902067': 1998})
b10902108 vs b10902067 - Game 2: {'rule': {'initial_stack': 1000, 'max_round': 20, 'small_blind_amount': 5, 'ante': 0, 'blind_structure': {}}, 'players': [{'name': 'b10902108', 'uuid': 'ivoqjfkmjsixfvuamrlgkp', 'stack': 0.0, 'state': 'participating'}, {'name': 'b10902067', 'uuid': 'oaitoutapwdqnmdxwqcoja', 'stack': 1998, 'state': 'participating'}]}
community cards of this round: ['H6', 'D3', 'HT', 'CJ', 'C2']
name: b10902067, hole_card: ['SJ', 'CA']
name: b10902108, hole_card: ['D9', 'D5']
Started the round 1
Street "preflop" started. (community card = [])
name: b10902067, hole_card: ['SJ', 'CA']
name: b10902108, hole_card: ['D9', 'D5']
"b10902108" declared "fold:0"
"['b10902067']" won the round 1 (stack = {'b10902067': 1005, 'b10902108': 995})
community cards of this round: ['SJ', 'D3', 'S9', 'HA', 'DK']
name: b10902067, hole_card: ['DT', 'D5']
name: b10902108, hole_card: ['DQ', 'CT']
Started the round 2
Street "preflop" started. (community card = [])
name: b10902067, hole_card: ['DT', 'D5']
name: b10902108, hole_card: ['DQ', 'CT']
"b10902067" declared "raise:15"
name: b10902067, hole_card: ['DT', 'D5']
name: b10902108, hole_card: ['DQ', 'CT']
"b10902108" declared "fold:0"
"['b10902067']" won the round 2 (stack = {'b10902067': 1015, 'b10902108': 985})
community cards of this round: ['DT', 'C5', 'S3', 'H7', 'H9']
name: b10902067, hole_card: ['S8', 'HJ']
name: b10902108, hole_card: ['HT', 'S6']
Started the round 3
Street "preflop" started. (community card = [])
name: b10902067, hole_card: ['S8', 'HJ']
name: b10902108, hole_card: ['HT', 'S6']
"b10902108" declared "fold:0"
"['b10902067']" won the round 3 (stack = {'b10902067': 1020, 'b10902108': 980})
community cards of this round: ['SQ', 'C5', 'S3', 'DT', 'D6']
name: b10902067, hole_card: ['H9', 'S5']
name: b10902108, hole_card: ['SA', 'S4']
Started the round 4
Street "preflop" started. (community card = [])
name: b10902067, hole_card: ['H9', 'S5']
name: b10902108, hole_card: ['SA', 'S4']
"b10902067" declared "raise:15"
name: b10902067, hole_card: ['H9', 'S5']
name: b10902108, hole_card: ['SA', 'S4']
"b10902108" declared "fold:0"
"['b10902067']" won the round 4 (stack = {'b10902067': 1030, 'b10902108': 970})
community cards of this round: ['H4', 'SK', 'C6', 'DJ', 'C5']
name: b10902067, hole_card: ['D6', 'D8']
name: b10902108, hole_card: ['SA', 'D3']
Started the round 5
Street "preflop" started. (community card = [])
name: b10902067, hole_card: ['D6', 'D8']
name: b10902108, hole_card: ['SA', 'D3']
"b10902108" declared "call:10"
name: b10902067, hole_card: ['D6', 'D8']
name: b10902108, hole_card: ['SA', 'D3']
"b10902067" declared "raise:15"
name: b10902067, hole_card: ['D6', 'D8']
name: b10902108, hole_card: ['SA', 'D3']
"b10902108" declared "fold:0"
"['b10902067']" won the round 5 (stack = {'b10902067': 1040, 'b10902108': 960})
community cards of this round: ['C2', 'H6', 'DJ', 'S2', 'H4']
name: b10902067, hole_card: ['D2', 'C7']
name: b10902108, hole_card: ['HJ', 'S5']
Started the round 6
Street "preflop" started. (community card = [])
name: b10902067, hole_card: ['D2', 'C7']
name: b10902108, hole_card: ['HJ', 'S5']
"b10902067" declared "fold:0"
"['b10902108']" won the round 6 (stack = {'b10902067': 1035, 'b10902108': 965})
community cards of this round: ['SK', 'D8', 'HQ', 'H8', 'C9']
name: b10902067, hole_card: ['CT', 'H4']
name: b10902108, hole_card: ['HJ', 'CQ']
Started the round 7
Street "preflop" started. (community card = [])
name: b10902067, hole_card: ['CT', 'H4']
name: b10902108, hole_card: ['HJ', 'CQ']
"b10902108" declared "raise:75.0"
name: b10902067, hole_card: ['CT', 'H4']
name: b10902108, hole_card: ['HJ', 'CQ']
"b10902067" declared "fold:0"
"['b10902108']" won the round 7 (stack = {'b10902067': 1025, 'b10902108': 975.0})
community cards of this round: ['D2', 'H6', 'S3', 'H4', 'D5']
name: b10902067, hole_card: ['CJ', 'HQ']
name: b10902108, hole_card: ['D9', 'ST']
Started the round 8
Street "preflop" started. (community card = [])
name: b10902067, hole_card: ['CJ', 'HQ']
name: b10902108, hole_card: ['D9', 'ST']
"b10902067" declared "raise:15"
name: b10902067, hole_card: ['CJ', 'HQ']
name: b10902108, hole_card: ['D9', 'ST']
"b10902108" declared "call:15"
Street "flop" started. (community card = ['D2', 'H6', 'S3'])
name: b10902067, hole_card: ['CJ', 'HQ']
name: b10902108, hole_card: ['D9', 'ST']
"b10902067" declared "call:0"
name: b10902067, hole_card: ['CJ', 'HQ']
name: b10902108, hole_card: ['D9', 'ST']
"b10902108" declared "call:0"
Street "turn" started. (community card = ['D2', 'H6', 'S3', 'H4'])
name: b10902067, hole_card: ['CJ', 'HQ']
name: b10902108, hole_card: ['D9', 'ST']
"b10902067" declared "call:0"
name: b10902067, hole_card: ['CJ', 'HQ']
name: b10902108, hole_card: ['D9', 'ST']
"b10902108" declared "call:0"
Street "river" started. (community card = ['D2', 'H6', 'S3', 'H4', 'D5'])
name: b10902067, hole_card: ['CJ', 'HQ']
name: b10902108, hole_card: ['D9', 'ST']
"b10902067" declared "raise:10"
name: b10902067, hole_card: ['CJ', 'HQ']
name: b10902108, hole_card: ['D9', 'ST']
"b10902108" declared "call:10"
"['b10902067']" won the round 8 (stack = {'b10902067': 1050, 'b10902108': 950.0})
community cards of this round: ['S5', 'CQ', 'SK', 'HJ', 'H5']
name: b10902067, hole_card: ['S3', 'H8']
name: b10902108, hole_card: ['S6', 'DQ']
Started the round 9
Street "preflop" started. (community card = [])
name: b10902067, hole_card: ['S3', 'H8']
name: b10902108, hole_card: ['S6', 'DQ']
"b10902108" declared "call:10"
name: b10902067, hole_card: ['S3', 'H8']
name: b10902108, hole_card: ['S6', 'DQ']
"b10902067" declared "fold:0"
"['b10902108']" won the round 9 (stack = {'b10902067': 1040, 'b10902108': 960.0})
community cards of this round: ['S3', 'C4', 'S4', 'C2', 'D3']
name: b10902067, hole_card: ['H6', 'D2']
name: b10902108, hole_card: ['D6', 'D9']
Started the round 10
Street "preflop" started. (community card = [])
name: b10902067, hole_card: ['H6', 'D2']
name: b10902108, hole_card: ['D6', 'D9']
"b10902067" declared "fold:0"
"['b10902108']" won the round 10 (stack = {'b10902067': 1035, 'b10902108': 965.0})
community cards of this round: ['H3', 'HQ', 'D8', 'DJ', 'C5']
name: b10902067, hole_card: ['DK', 'SJ']
name: b10902108, hole_card: ['S6', 'HT']
Started the round 11
Street "preflop" started. (community card = [])
name: b10902067, hole_card: ['DK', 'SJ']
name: b10902108, hole_card: ['S6', 'HT']
"b10902108" declared "fold:0"
"['b10902067']" won the round 11 (stack = {'b10902067': 1040, 'b10902108': 960.0})
community cards of this round: ['DT', 'DJ', 'S2', 'SK', 'CT']
name: b10902067, hole_card: ['CK', 'H6']
name: b10902108, hole_card: ['C5', 'D3']
Started the round 12
Street "preflop" started. (community card = [])
name: b10902067, hole_card: ['CK', 'H6']
name: b10902108, hole_card: ['C5', 'D3']
"b10902067" declared "fold:0"
"['b10902108']" won the round 12 (stack = {'b10902067': 1035, 'b10902108': 965.0})
community cards of this round: ['C9', 'H8', 'S5', 'S9', 'D3']
name: b10902067, hole_card: ['SK', 'C3']
name: b10902108, hole_card: ['S7', 'C5']
Started the round 13
Street "preflop" started. (community card = [])
name: b10902067, hole_card: ['SK', 'C3']
name: b10902108, hole_card: ['S7', 'C5']
"b10902108" declared "fold:0"
"['b10902067']" won the round 13 (stack = {'b10902067': 1040, 'b10902108': 960.0})
community cards of this round: ['C4', 'CT', 'S8', 'S9', 'CJ']
name: b10902067, hole_card: ['S7', 'C2']
name: b10902108, hole_card: ['C6', 'DJ']
Started the round 14
Street "preflop" started. (community card = [])
name: b10902067, hole_card: ['S7', 'C2']
name: b10902108, hole_card: ['C6', 'DJ']
"b10902067" declared "fold:0"
"['b10902108']" won the round 14 (stack = {'b10902067': 1035, 'b10902108': 965.0})
community cards of this round: ['H5', 'ST', 'SJ', 'H3', 'C7']
name: b10902067, hole_card: ['S4', 'C8']
name: b10902108, hole_card: ['D5', 'S8']
Started the round 15
Street "preflop" started. (community card = [])
name: b10902067, hole_card: ['S4', 'C8']
name: b10902108, hole_card: ['D5', 'S8']
"b10902108" declared "call:10"
name: b10902067, hole_card: ['S4', 'C8']
name: b10902108, hole_card: ['D5', 'S8']
"b10902067" declared "fold:0"
"['b10902108']" won the round 15 (stack = {'b10902067': 1025, 'b10902108': 975.0})
community cards of this round: ['HA', 'CQ', 'DA', 'S7', 'SK']
name: b10902067, hole_card: ['S8', 'C6']
name: b10902108, hole_card: ['H4', 'DQ']
Started the round 16
Street "preflop" started. (community card = [])
name: b10902067, hole_card: ['S8', 'C6']
name: b10902108, hole_card: ['H4', 'DQ']
"b10902067" declared "fold:0"
"['b10902108']" won the round 16 (stack = {'b10902067': 1020, 'b10902108': 980.0})
community cards of this round: ['D7', 'HT', 'H7', 'S8', 'SA']
name: b10902067, hole_card: ['C6', 'S2']
name: b10902108, hole_card: ['CA', 'DK']
Started the round 17
Street "preflop" started. (community card = [])
name: b10902067, hole_card: ['C6', 'S2']
name: b10902108, hole_card: ['CA', 'DK']
"b10902108" declared "raise:23.450000000000003"
name: b10902067, hole_card: ['C6', 'S2']
name: b10902108, hole_card: ['CA', 'DK']
"b10902067" declared "fold:0"
"['b10902108']" won the round 17 (stack = {'b10902067': 1010, 'b10902108': 989.55})
community cards of this round: ['CT', 'H7', 'C4', 'C6', 'C9']
name: b10902067, hole_card: ['CJ', 'D9']
name: b10902108, hole_card: ['S4', 'C8']
Started the round 18
Street "preflop" started. (community card = [])
name: b10902067, hole_card: ['CJ', 'D9']
name: b10902108, hole_card: ['S4', 'C8']
"b10902067" declared "fold:0"
"['b10902108']" won the round 18 (stack = {'b10902067': 1005, 'b10902108': 994.55})
community cards of this round: ['S9', 'H7', 'ST', 'C5', 'D2']
name: b10902067, hole_card: ['HQ', 'D3']
name: b10902108, hole_card: ['HA', 'H6']
Started the round 19
Street "preflop" started. (community card = [])
name: b10902067, hole_card: ['HQ', 'D3']
name: b10902108, hole_card: ['HA', 'H6']
"b10902108" declared "raise:15"
name: b10902067, hole_card: ['HQ', 'D3']
name: b10902108, hole_card: ['HA', 'H6']
"b10902067" declared "fold:0"
"['b10902108']" won the round 19 (stack = {'b10902067': 995, 'b10902108': 1004.55})
community cards of this round: ['S4', 'C9', 'D5', 'S3', 'C5']
name: b10902067, hole_card: ['CQ', 'C3']
name: b10902108, hole_card: ['D4', 'CT']
Started the round 20
Street "preflop" started. (community card = [])
name: b10902067, hole_card: ['CQ', 'C3']
name: b10902108, hole_card: ['D4', 'CT']
"b10902067" declared "raise:995"
name: b10902067, hole_card: ['CQ', 'C3']
name: b10902108, hole_card: ['D4', 'CT']
"b10902108" declared "call:995"
Street "flop" started. (community card = ['S4', 'C9', 'D5'])
Street "turn" started. (community card = ['S4', 'C9', 'D5', 'S3'])
Street "river" started. (community card = ['S4', 'C9', 'D5', 'S3', 'C5'])
"['b10902108']" won the round 20 (stack = {'b10902067': 0, 'b10902108': 1999.55})
b10902108 vs b10902067 - Game 3: {'rule': {'initial_stack': 1000, 'max_round': 20, 'small_blind_amount': 5, 'ante': 0, 'blind_structure': {}}, 'players': [{'name': 'b10902067', 'uuid': 'iyzpcpbxuqmfflwebzweys', 'stack': 0, 'state': 'participating'}, {'name': 'b10902108', 'uuid': 'iqiveqkuylakyrpqehljmq', 'stack': 1999.55, 'state': 'participating'}]}
community cards of this round: ['H6', 'D3', 'HT', 'CJ', 'C2']
name: b10902108, hole_card: ['SJ', 'CA']
name: b10902067, hole_card: ['D9', 'D5']
Started the round 1
Street "preflop" started. (community card = [])
name: b10902108, hole_card: ['SJ', 'CA']
name: b10902067, hole_card: ['D9', 'D5']
"b10902067" declared "raise:15"
name: b10902108, hole_card: ['SJ', 'CA']
name: b10902067, hole_card: ['D9', 'D5']
"b10902108" declared "fold:0"
"['b10902067']" won the round 1 (stack = {'b10902108': 990, 'b10902067': 1010})
community cards of this round: ['SJ', 'D3', 'S9', 'HA', 'DK']
name: b10902108, hole_card: ['DT', 'D5']
name: b10902067, hole_card: ['DQ', 'CT']
Started the round 2
Street "preflop" started. (community card = [])
name: b10902108, hole_card: ['DT', 'D5']
name: b10902067, hole_card: ['DQ', 'CT']
"b10902108" declared "fold:0"
"['b10902067']" won the round 2 (stack = {'b10902108': 985, 'b10902067': 1015})
community cards of this round: ['DT', 'C5', 'S3', 'H7', 'H9']
name: b10902108, hole_card: ['S8', 'HJ']
name: b10902067, hole_card: ['HT', 'S6']
Started the round 3
Street "preflop" started. (community card = [])
name: b10902108, hole_card: ['S8', 'HJ']
name: b10902067, hole_card: ['HT', 'S6']
"b10902067" declared "raise:15"
name: b10902108, hole_card: ['S8', 'HJ']
name: b10902067, hole_card: ['HT', 'S6']
"b10902108" declared "fold:0"
"['b10902067']" won the round 3 (stack = {'b10902108': 975, 'b10902067': 1025})
community cards of this round: ['SQ', 'C5', 'S3', 'DT', 'D6']
name: b10902108, hole_card: ['H9', 'S5']
name: b10902067, hole_card: ['SA', 'S4']
Started the round 4
Street "preflop" started. (community card = [])
name: b10902108, hole_card: ['H9', 'S5']
name: b10902067, hole_card: ['SA', 'S4']
"b10902108" declared "fold:0"
"['b10902067']" won the round 4 (stack = {'b10902108': 970, 'b10902067': 1030})
community cards of this round: ['H4', 'SK', 'C6', 'DJ', 'C5']
name: b10902108, hole_card: ['D6', 'D8']
name: b10902067, hole_card: ['SA', 'D3']
Started the round 5
Street "preflop" started. (community card = [])
name: b10902108, hole_card: ['D6', 'D8']
name: b10902067, hole_card: ['SA', 'D3']
"b10902067" declared "raise:15"
name: b10902108, hole_card: ['D6', 'D8']
name: b10902067, hole_card: ['SA', 'D3']
"b10902108" declared "fold:0"
"['b10902067']" won the round 5 (stack = {'b10902108': 960, 'b10902067': 1040})
community cards of this round: ['C2', 'H6', 'DJ', 'S2', 'H4']
name: b10902108, hole_card: ['D2', 'C7']
name: b10902067, hole_card: ['HJ', 'S5']
Started the round 6
Street "preflop" started. (community card = [])
name: b10902108, hole_card: ['D2', 'C7']
name: b10902067, hole_card: ['HJ', 'S5']
"b10902108" declared "fold:0"
"['b10902067']" won the round 6 (stack = {'b10902108': 955, 'b10902067': 1045})
community cards of this round: ['SK', 'D8', 'HQ', 'H8', 'C9']
name: b10902108, hole_card: ['CT', 'H4']
name: b10902067, hole_card: ['HJ', 'CQ']
Started the round 7
Street "preflop" started. (community card = [])
name: b10902108, hole_card: ['CT', 'H4']
name: b10902067, hole_card: ['HJ', 'CQ']
"b10902067" declared "raise:15"
name: b10902108, hole_card: ['CT', 'H4']
name: b10902067, hole_card: ['HJ', 'CQ']
"b10902108" declared "fold:0"
"['b10902067']" won the round 7 (stack = {'b10902108': 945, 'b10902067': 1055})
community cards of this round: ['D2', 'H6', 'S3', 'H4', 'D5']
name: b10902108, hole_card: ['CJ', 'HQ']
name: b10902067, hole_card: ['D9', 'ST']
Started the round 8
Street "preflop" started. (community card = [])
name: b10902108, hole_card: ['CJ', 'HQ']
name: b10902067, hole_card: ['D9', 'ST']
"b10902108" declared "raise:81.0"
name: b10902108, hole_card: ['CJ', 'HQ']
name: b10902067, hole_card: ['D9', 'ST']
"b10902067" declared "fold:0"
"['b10902108']" won the round 8 (stack = {'b10902108': 955.0, 'b10902067': 1045})
community cards of this round: ['S5', 'CQ', 'SK', 'HJ', 'H5']
name: b10902108, hole_card: ['S3', 'H8']
name: b10902067, hole_card: ['S6', 'DQ']
Started the round 9
Street "preflop" started. (community card = [])
name: b10902108, hole_card: ['S3', 'H8']
name: b10902067, hole_card: ['S6', 'DQ']
"b10902067" declared "fold:0"
"['b10902108']" won the round 9 (stack = {'b10902108': 960.0, 'b10902067': 1040})
community cards of this round: ['S3', 'C4', 'S4', 'C2', 'D3']
name: b10902108, hole_card: ['H6', 'D2']
name: b10902067, hole_card: ['D6', 'D9']
Started the round 10
Street "preflop" started. (community card = [])
name: b10902108, hole_card: ['H6', 'D2']
name: b10902067, hole_card: ['D6', 'D9']
"b10902108" declared "fold:0"
"['b10902067']" won the round 10 (stack = {'b10902108': 955.0, 'b10902067': 1045})
community cards of this round: ['H3', 'HQ', 'D8', 'DJ', 'C5']
name: b10902108, hole_card: ['DK', 'SJ']
name: b10902067, hole_card: ['S6', 'HT']
Started the round 11
Street "preflop" started. (community card = [])
name: b10902108, hole_card: ['DK', 'SJ']
name: b10902067, hole_card: ['S6', 'HT']
"b10902067" declared "fold:0"
"['b10902108']" won the round 11 (stack = {'b10902108': 960.0, 'b10902067': 1040})
community cards of this round: ['DT', 'DJ', 'S2', 'SK', 'CT']
name: b10902108, hole_card: ['CK', 'H6']
name: b10902067, hole_card: ['C5', 'D3']
Started the round 12
Street "preflop" started. (community card = [])
name: b10902108, hole_card: ['CK', 'H6']
name: b10902067, hole_card: ['C5', 'D3']
"b10902108" declared "call:10"
name: b10902108, hole_card: ['CK', 'H6']
name: b10902067, hole_card: ['C5', 'D3']
"b10902067" declared "fold:0"
"['b10902108']" won the round 12 (stack = {'b10902108': 970.0, 'b10902067': 1030})
community cards of this round: ['C9', 'H8', 'S5', 'S9', 'D3']
name: b10902108, hole_card: ['SK', 'C3']
name: b10902067, hole_card: ['S7', 'C5']
Started the round 13
Street "preflop" started. (community card = [])
name: b10902108, hole_card: ['SK', 'C3']
name: b10902067, hole_card: ['S7', 'C5']
"b10902067" declared "fold:0"
"['b10902108']" won the round 13 (stack = {'b10902108': 975.0, 'b10902067': 1025})
community cards of this round: ['C4', 'CT', 'S8', 'S9', 'CJ']
name: b10902108, hole_card: ['S7', 'C2']
name: b10902067, hole_card: ['C6', 'DJ']
Started the round 14
Street "preflop" started. (community card = [])
name: b10902108, hole_card: ['S7', 'C2']
name: b10902067, hole_card: ['C6', 'DJ']
"b10902108" declared "fold:0"
"['b10902067']" won the round 14 (stack = {'b10902108': 970.0, 'b10902067': 1030})
community cards of this round: ['H5', 'ST', 'SJ', 'H3', 'C7']
name: b10902108, hole_card: ['S4', 'C8']
name: b10902067, hole_card: ['D5', 'S8']
Started the round 15
Street "preflop" started. (community card = [])
name: b10902108, hole_card: ['S4', 'C8']
name: b10902067, hole_card: ['D5', 'S8']
"b10902067" declared "fold:0"
"['b10902108']" won the round 15 (stack = {'b10902108': 975.0, 'b10902067': 1025})
community cards of this round: ['HA', 'CQ', 'DA', 'S7', 'SK']
name: b10902108, hole_card: ['S8', 'C6']
name: b10902067, hole_card: ['H4', 'DQ']
Started the round 16
Street "preflop" started. (community card = [])
name: b10902108, hole_card: ['S8', 'C6']
name: b10902067, hole_card: ['H4', 'DQ']
"b10902108" declared "fold:0"
"['b10902067']" won the round 16 (stack = {'b10902108': 970.0, 'b10902067': 1030})
community cards of this round: ['D7', 'HT', 'H7', 'S8', 'SA']
name: b10902108, hole_card: ['C6', 'S2']
name: b10902067, hole_card: ['CA', 'DK']
Started the round 17
Street "preflop" started. (community card = [])
name: b10902108, hole_card: ['C6', 'S2']
name: b10902067, hole_card: ['CA', 'DK']
"b10902067" declared "raise:15"
name: b10902108, hole_card: ['C6', 'S2']
name: b10902067, hole_card: ['CA', 'DK']
"b10902108" declared "call:15"
Street "flop" started. (community card = ['D7', 'HT', 'H7'])
name: b10902108, hole_card: ['C6', 'S2']
name: b10902067, hole_card: ['CA', 'DK']
"b10902067" declared "raise:10"
name: b10902108, hole_card: ['C6', 'S2']
name: b10902067, hole_card: ['CA', 'DK']
"b10902108" declared "call:10"
Street "turn" started. (community card = ['D7', 'HT', 'H7', 'S8'])
name: b10902108, hole_card: ['C6', 'S2']
name: b10902067, hole_card: ['CA', 'DK']
"b10902067" declared "call:0"
name: b10902108, hole_card: ['C6', 'S2']
name: b10902067, hole_card: ['CA', 'DK']
"b10902108" declared "call:0"
Street "river" started. (community card = ['D7', 'HT', 'H7', 'S8', 'SA'])
name: b10902108, hole_card: ['C6', 'S2']
name: b10902067, hole_card: ['CA', 'DK']
"b10902067" declared "raise:10"
name: b10902108, hole_card: ['C6', 'S2']
name: b10902067, hole_card: ['CA', 'DK']
"b10902108" declared "call:10"
"['b10902067']" won the round 17 (stack = {'b10902108': 935.0, 'b10902067': 1065})
community cards of this round: ['CT', 'H7', 'C4', 'C6', 'C9']
name: b10902108, hole_card: ['CJ', 'D9']
name: b10902067, hole_card: ['S4', 'C8']
Started the round 18
Street "preflop" started. (community card = [])
name: b10902108, hole_card: ['CJ', 'D9']
name: b10902067, hole_card: ['S4', 'C8']
"b10902108" declared "call:10"
name: b10902108, hole_card: ['CJ', 'D9']
name: b10902067, hole_card: ['S4', 'C8']
"b10902067" declared "fold:0"
"['b10902108']" won the round 18 (stack = {'b10902108': 945.0, 'b10902067': 1055})
community cards of this round: ['S9', 'H7', 'ST', 'C5', 'D2']
name: b10902108, hole_card: ['HQ', 'D3']
name: b10902067, hole_card: ['HA', 'H6']
Started the round 19
Street "preflop" started. (community card = [])
name: b10902108, hole_card: ['HQ', 'D3']
name: b10902067, hole_card: ['HA', 'H6']
"b10902067" declared "fold:0"
"['b10902108']" won the round 19 (stack = {'b10902108': 950.0, 'b10902067': 1050})
community cards of this round: ['S4', 'C9', 'D5', 'S3', 'C5']
name: b10902108, hole_card: ['CQ', 'C3']
name: b10902067, hole_card: ['D4', 'CT']
Started the round 20
Street "preflop" started. (community card = [])
name: b10902108, hole_card: ['CQ', 'C3']
name: b10902067, hole_card: ['D4', 'CT']
"b10902108" declared "call:10"
name: b10902108, hole_card: ['CQ', 'C3']
name: b10902067, hole_card: ['D4', 'CT']
"b10902067" declared "fold:0"
"['b10902108']" won the round 20 (stack = {'b10902108': 960.0, 'b10902067': 1040})
b10902108 vs b10902067 - Game 4: {'rule': {'initial_stack': 1000, 'max_round': 20, 'small_blind_amount': 5, 'ante': 0, 'blind_structure': {}}, 'players': [{'name': 'b10902108', 'uuid': 'fxrqmgcvwgceuisyukegqs', 'stack': 960.0, 'state': 'participating'}, {'name': 'b10902067', 'uuid': 'ofrdhtvmpddbzzosgpefwl', 'stack': 1040, 'state': 'participating'}]}
community cards of this round: ['S8', 'D7', 'S6', 'CT', 'C2']
name: b10902067, hole_card: ['D6', 'HK']
name: b10902108, hole_card: ['H2', 'C5']
Started the round 1
Street "preflop" started. (community card = [])
name: b10902067, hole_card: ['D6', 'HK']
name: b10902108, hole_card: ['H2', 'C5']
"b10902108" declared "fold:0"
"['b10902067']" won the round 1 (stack = {'b10902067': 1005, 'b10902108': 995})
community cards of this round: ['HK', 'CK', 'CA', 'HT', 'CQ']
name: b10902067, hole_card: ['C6', 'S9']
name: b10902108, hole_card: ['H4', 'ST']
Started the round 2
Street "preflop" started. (community card = [])
name: b10902067, hole_card: ['C6', 'S9']
name: b10902108, hole_card: ['H4', 'ST']
"b10902067" declared "raise:15"
name: b10902067, hole_card: ['C6', 'S9']
name: b10902108, hole_card: ['H4', 'ST']
"b10902108" declared "fold:0"
"['b10902067']" won the round 2 (stack = {'b10902067': 1015, 'b10902108': 985})
community cards of this round: ['CJ', 'C5', 'DA', 'D4', 'D7']
name: b10902067, hole_card: ['HK', 'S7']
name: b10902108, hole_card: ['H4', 'H9']
Started the round 3
Street "preflop" started. (community card = [])
name: b10902067, hole_card: ['HK', 'S7']
name: b10902108, hole_card: ['H4', 'H9']
"b10902108" declared "fold:0"
"['b10902067']" won the round 3 (stack = {'b10902067': 1020, 'b10902108': 980})
community cards of this round: ['H3', 'H9', 'H6', 'C5', 'D9']
name: b10902067, hole_card: ['HQ', 'DK']
name: b10902108, hole_card: ['C2', 'HT']
Started the round 4
Street "preflop" started. (community card = [])
name: b10902067, hole_card: ['HQ', 'DK']
name: b10902108, hole_card: ['C2', 'HT']
"b10902067" declared "raise:15"
name: b10902067, hole_card: ['HQ', 'DK']
name: b10902108, hole_card: ['C2', 'HT']
"b10902108" declared "fold:0"
"['b10902067']" won the round 4 (stack = {'b10902067': 1030, 'b10902108': 970})
community cards of this round: ['H4', 'SJ', 'D2', 'D7', 'D9']
name: b10902067, hole_card: ['C5', 'SA']
name: b10902108, hole_card: ['S6', 'H3']
Started the round 5
Street "preflop" started. (community card = [])
name: b10902067, hole_card: ['C5', 'SA']
name: b10902108, hole_card: ['S6', 'H3']
"b10902108" declared "fold:0"
"['b10902067']" won the round 5 (stack = {'b10902067': 1035, 'b10902108': 965})
community cards of this round: ['C4', 'HA', 'SA', 'H8', 'S7']
name: b10902067, hole_card: ['HT', 'CK']
name: b10902108, hole_card: ['H4', 'CT']
Started the round 6
Street "preflop" started. (community card = [])
name: b10902067, hole_card: ['HT', 'CK']
name: b10902108, hole_card: ['H4', 'CT']
"b10902067" declared "raise:15"
name: b10902067, hole_card: ['HT', 'CK']
name: b10902108, hole_card: ['H4', 'CT']
"b10902108" declared "fold:0"
"['b10902067']" won the round 6 (stack = {'b10902067': 1045, 'b10902108': 955})
community cards of this round: ['H2', 'DJ', 'S6', 'S5', 'C5']
name: b10902067, hole_card: ['ST', 'SJ']
name: b10902108, hole_card: ['HJ', 'H6']
Started the round 7
Street "preflop" started. (community card = [])
name: b10902067, hole_card: ['ST', 'SJ']
name: b10902108, hole_card: ['HJ', 'H6']
"b10902108" declared "call:10"
name: b10902067, hole_card: ['ST', 'SJ']
name: b10902108, hole_card: ['HJ', 'H6']
"b10902067" declared "raise:15"
name: b10902067, hole_card: ['ST', 'SJ']
name: b10902108, hole_card: ['HJ', 'H6']
"b10902108" declared "call:15"
Street "flop" started. (community card = ['H2', 'DJ', 'S6'])
name: b10902067, hole_card: ['ST', 'SJ']
name: b10902108, hole_card: ['HJ', 'H6']
"b10902108" declared "raise:120.068"
name: b10902067, hole_card: ['ST', 'SJ']
name: b10902108, hole_card: ['HJ', 'H6']
"b10902067" declared "raise:240.136"
name: b10902067, hole_card: ['ST', 'SJ']
name: b10902108, hole_card: ['HJ', 'H6']
"b10902108" declared "raise:360.204"
name: b10902067, hole_card: ['ST', 'SJ']
name: b10902108, hole_card: ['HJ', 'H6']
"b10902067" declared "raise:480.27200000000005"
ALL IN!!!!!
name: b10902067, hole_card: ['ST', 'SJ']
name: b10902108, hole_card: ['HJ', 'H6']
"b10902108" declared "raise:940.0"
name: b10902067, hole_card: ['ST', 'SJ']
name: b10902108, hole_card: ['HJ', 'H6']
"b10902067" declared "call:940.0"
Street "turn" started. (community card = ['H2', 'DJ', 'S6', 'S5'])
Street "river" started. (community card = ['H2', 'DJ', 'S6', 'S5', 'C5'])
"['b10902108']" won the round 7 (stack = {'b10902067': 90.0, 'b10902108': 1910.0})
community cards of this round: ['S5', 'C5', 'D2', 'DJ', 'H8']
name: b10902067, hole_card: ['CJ', 'HT']
name: b10902108, hole_card: ['SJ', 'C6']
Started the round 8
Street "preflop" started. (community card = [])
name: b10902067, hole_card: ['CJ', 'HT']
name: b10902108, hole_card: ['SJ', 'C6']
"b10902067" declared "raise:15"
name: b10902067, hole_card: ['CJ', 'HT']
name: b10902108, hole_card: ['SJ', 'C6']
"b10902108" declared "fold:0"
"['b10902067']" won the round 8 (stack = {'b10902067': 100.0, 'b10902108': 1900.0})
community cards of this round: ['CA', 'D5', 'HA', 'C2', 'C6']
name: b10902067, hole_card: ['S4', 'SA']
name: b10902108, hole_card: ['SJ', 'S7']
Started the round 9
Street "preflop" started. (community card = [])
name: b10902067, hole_card: ['S4', 'SA']
name: b10902108, hole_card: ['SJ', 'S7']
"b10902108" declared "fold:0"
"['b10902067']" won the round 9 (stack = {'b10902067': 105.0, 'b10902108': 1895.0})
community cards of this round: ['C7', 'H7', 'HQ', 'S2', 'C8']
name: b10902067, hole_card: ['C2', 'SK']
name: b10902108, hole_card: ['D3', 'HA']
Started the round 10
Street "preflop" started. (community card = [])
name: b10902067, hole_card: ['C2', 'SK']
name: b10902108, hole_card: ['D3', 'HA']
"b10902067" declared "raise:15"
name: b10902067, hole_card: ['C2', 'SK']
name: b10902108, hole_card: ['D3', 'HA']
"b10902108" declared "fold:0"
"['b10902067']" won the round 10 (stack = {'b10902067': 115.0, 'b10902108': 1885.0})
community cards of this round: ['C9', 'DA', 'S3', 'SK', 'DK']
name: b10902067, hole_card: ['C5', 'D9']
name: b10902108, hole_card: ['HT', 'H7']
Started the round 11
Street "preflop" started. (community card = [])
name: b10902067, hole_card: ['C5', 'D9']
name: b10902108, hole_card: ['HT', 'H7']
"b10902108" declared "fold:0"
"['b10902067']" won the round 11 (stack = {'b10902067': 120.0, 'b10902108': 1880.0})
community cards of this round: ['DA', 'D3', 'HT', 'H2', 'D6']
name: b10902067, hole_card: ['S4', 'SJ']
name: b10902108, hole_card: ['D8', 'S3']
Started the round 12
Street "preflop" started. (community card = [])
name: b10902067, hole_card: ['S4', 'SJ']
name: b10902108, hole_card: ['D8', 'S3']
"b10902067" declared "raise:15"
name: b10902067, hole_card: ['S4', 'SJ']
name: b10902108, hole_card: ['D8', 'S3']
"b10902108" declared "fold:0"
"['b10902067']" won the round 12 (stack = {'b10902067': 130.0, 'b10902108': 1870.0})
community cards of this round: ['SK', 'S3', 'HK', 'CT', 'CA']
name: b10902067, hole_card: ['CQ', 'S5']
name: b10902108, hole_card: ['DT', 'H9']
Started the round 13
Street "preflop" started. (community card = [])
name: b10902067, hole_card: ['CQ', 'S5']
name: b10902108, hole_card: ['DT', 'H9']
"b10902108" declared "fold:0"
"['b10902067']" won the round 13 (stack = {'b10902067': 135.0, 'b10902108': 1865.0})
community cards of this round: ['S7', 'CK', 'H9', 'H6', 'HQ']
name: b10902067, hole_card: ['C7', 'D8']
name: b10902108, hole_card: ['H2', 'CQ']
Started the round 14
Street "preflop" started. (community card = [])
name: b10902067, hole_card: ['C7', 'D8']
name: b10902108, hole_card: ['H2', 'CQ']
"b10902067" declared "raise:15"
name: b10902067, hole_card: ['C7', 'D8']
name: b10902108, hole_card: ['H2', 'CQ']
"b10902108" declared "fold:0"
"['b10902067']" won the round 14 (stack = {'b10902067': 145.0, 'b10902108': 1855.0})
community cards of this round: ['S3', 'CT', 'DQ', 'S4', 'SA']
name: b10902067, hole_card: ['SJ', 'H3']
name: b10902108, hole_card: ['DJ', 'CK']
Started the round 15
Street "preflop" started. (community card = [])
name: b10902067, hole_card: ['SJ', 'H3']
name: b10902108, hole_card: ['DJ', 'CK']
"b10902108" declared "fold:0"
"['b10902067']" won the round 15 (stack = {'b10902067': 150.0, 'b10902108': 1850.0})
community cards of this round: ['H2', 'H5', 'DK', 'D8', 'HA']
name: b10902067, hole_card: ['D4', 'C2']
name: b10902108, hole_card: ['H3', 'D6']
Started the round 16
Street "preflop" started. (community card = [])
name: b10902067, hole_card: ['D4', 'C2']
name: b10902108, hole_card: ['H3', 'D6']
"b10902067" declared "raise:150.0"
name: b10902067, hole_card: ['D4', 'C2']
name: b10902108, hole_card: ['H3', 'D6']
"b10902108" declared "fold:0"
"['b10902067']" won the round 16 (stack = {'b10902067': 160.0, 'b10902108': 1840.0})
community cards of this round: ['D4', 'DT', 'HA', 'S8', 'H6']
name: b10902067, hole_card: ['D8', 'C6']
name: b10902108, hole_card: ['SJ', 'CK']
Started the round 17
Street "preflop" started. (community card = [])
name: b10902067, hole_card: ['D8', 'C6']
name: b10902108, hole_card: ['SJ', 'CK']
"b10902108" declared "fold:0"
"['b10902067']" won the round 17 (stack = {'b10902067': 165.0, 'b10902108': 1835.0})
community cards of this round: ['H8', 'C8', 'D5', 'S4', 'D9']
name: b10902067, hole_card: ['CQ', 'S2']
name: b10902108, hole_card: ['S7', 'D3']
Started the round 18
Street "preflop" started. (community card = [])
name: b10902067, hole_card: ['CQ', 'S2']
name: b10902108, hole_card: ['S7', 'D3']
"b10902067" declared "raise:15"
name: b10902067, hole_card: ['CQ', 'S2']
name: b10902108, hole_card: ['S7', 'D3']
"b10902108" declared "fold:0"
"['b10902067']" won the round 18 (stack = {'b10902067': 175.0, 'b10902108': 1825.0})
community cards of this round: ['HT', 'S7', 'H8', 'S6', 'D4']
name: b10902067, hole_card: ['D3', 'DQ']
name: b10902108, hole_card: ['C2', 'S8']
Started the round 19
Street "preflop" started. (community card = [])
name: b10902067, hole_card: ['D3', 'DQ']
name: b10902108, hole_card: ['C2', 'S8']
"b10902108" declared "fold:0"
"['b10902067']" won the round 19 (stack = {'b10902067': 180.0, 'b10902108': 1820.0})
community cards of this round: ['D4', 'S6', 'S5', 'D3', 'HK']
name: b10902067, hole_card: ['C4', 'D2']
name: b10902108, hole_card: ['HQ', 'HT']
Started the round 20
Street "preflop" started. (community card = [])
name: b10902067, hole_card: ['C4', 'D2']
name: b10902108, hole_card: ['HQ', 'HT']
"b10902067" declared "raise:180.0"
name: b10902067, hole_card: ['C4', 'D2']
name: b10902108, hole_card: ['HQ', 'HT']
"b10902108" declared "fold:0"
"['b10902067']" won the round 20 (stack = {'b10902067': 190.0, 'b10902108': 1810.0})
b10902108 vs b10902067 - Game 5: {'rule': {'initial_stack': 1000, 'max_round': 20, 'small_blind_amount': 5, 'ante': 0, 'blind_structure': {}}, 'players': [{'name': 'b10902067', 'uuid': 'igzrutgegvvmjlpqodmavv', 'stack': 190.0, 'state': 'participating'}, {'name': 'b10902108', 'uuid': 'kebjpcqfrbsbbyrkesjqnt', 'stack': 1810.0, 'state': 'participating'}]}
Final Result: b10902108 won 3 games (stack: 6642.55), b10902067 won 2 games (stack: 3353.0), num ties: 0
