community cards of this round: ['CQ', 'H7', 'H5', 'SQ', 'DT']
name: b11902143, hole_card: ['C5', 'D6']
name: b10902037, hole_card: ['H6', 'DQ']
Started the round 1
Street "preflop" started. (community card = [])
name: b11902143, hole_card: ['C5', 'D6']
name: b10902037, hole_card: ['H6', 'DQ']
"b10902037" declared "raise:66.45099230457676"
name: b11902143, hole_card: ['C5', 'D6']
name: b10902037, hole_card: ['H6', 'DQ']
"b11902143" declared "fold:0"
"['b10902037']" won the round 1 (stack = {'b11902143': 990, 'b10902037': 1009.5490076954233})
community cards of this round: ['C4', 'C8', 'H8', 'S3', 'H3']
name: b11902143, hole_card: ['C9', 'SA']
name: b10902037, hole_card: ['DQ', 'C6']
Started the round 2
Street "preflop" started. (community card = [])
name: b11902143, hole_card: ['C9', 'SA']
name: b10902037, hole_card: ['DQ', 'C6']
"b11902143" declared "call:10"
name: b11902143, hole_card: ['C9', 'SA']
name: b10902037, hole_card: ['DQ', 'C6']
"b10902037" declared "raise:64.4280000849485"
name: b11902143, hole_card: ['C9', 'SA']
name: b10902037, hole_card: ['DQ', 'C6']
"b11902143" declared "fold:0"
"['b10902037']" won the round 2 (stack = {'b11902143': 980, 'b10902037': 1019.1210076104747})
community cards of this round: ['D8', 'H4', 'C8', 'C3', 'D7']
name: b11902143, hole_card: ['S7', 'HT']
name: b10902037, hole_card: ['CA', 'H3']
Started the round 3
Street "preflop" started. (community card = [])
name: b11902143, hole_card: ['S7', 'HT']
name: b10902037, hole_card: ['CA', 'H3']
"b10902037" declared "raise:52.75938677093555"
name: b11902143, hole_card: ['S7', 'HT']
name: b10902037, hole_card: ['CA', 'H3']
"b11902143" declared "fold:0"
"['b10902037']" won the round 3 (stack = {'b11902143': 970, 'b10902037': 1028.3616208395392})
community cards of this round: ['CJ', 'H3', 'CT', 'C3', 'D2']
name: b11902143, hole_card: ['DJ', 'HK']
name: b10902037, hole_card: ['S8', 'D6']
Started the round 4
Street "preflop" started. (community card = [])
name: b11902143, hole_card: ['DJ', 'HK']
name: b10902037, hole_card: ['S8', 'D6']
"b11902143" declared "raise:150"
name: b11902143, hole_card: ['DJ', 'HK']
name: b10902037, hole_card: ['S8', 'D6']
"b10902037" declared "fold:0"
"['b11902143']" won the round 4 (stack = {'b11902143': 980, 'b10902037': 1018.3616208395392})
community cards of this round: ['CJ', 'H5', 'C7', 'S7', 'S9']
name: b11902143, hole_card: ['C8', 'CT']
name: b10902037, hole_card: ['CK', 'SK']
Started the round 5
Street "preflop" started. (community card = [])
name: b11902143, hole_card: ['C8', 'CT']
name: b10902037, hole_card: ['CK', 'SK']
"b10902037" declared "raise:78.43137254901961"
name: b11902143, hole_card: ['C8', 'CT']
name: b10902037, hole_card: ['CK', 'SK']
"b11902143" declared "fold:0"
"['b10902037']" won the round 5 (stack = {'b11902143': 970, 'b10902037': 1027.9302482905196})
community cards of this round: ['D5', 'H7', 'S4', 'CA', 'HQ']
name: b11902143, hole_card: ['S6', 'C9']
name: b10902037, hole_card: ['DK', 'CK']
Started the round 6
Street "preflop" started. (community card = [])
name: b11902143, hole_card: ['S6', 'C9']
name: b10902037, hole_card: ['DK', 'CK']
"b11902143" declared "call:10"
name: b11902143, hole_card: ['S6', 'C9']
name: b10902037, hole_card: ['DK', 'CK']
"b10902037" declared "raise:1027.9302482905196"
name: b11902143, hole_card: ['S6', 'C9']
name: b10902037, hole_card: ['DK', 'CK']
"b11902143" declared "fold:0"
"['b10902037']" won the round 6 (stack = {'b11902143': 960, 'b10902037': 1037.0})
community cards of this round: ['CA', 'C4', 'H3', 'S3', 'CJ']
name: b11902143, hole_card: ['H5', 'D4']
name: b10902037, hole_card: ['SK', 'C5']
Started the round 7
Street "preflop" started. (community card = [])
name: b11902143, hole_card: ['H5', 'D4']
name: b10902037, hole_card: ['SK', 'C5']
"b10902037" declared "raise:47.400302877334674"
name: b11902143, hole_card: ['H5', 'D4']
name: b10902037, hole_card: ['SK', 'C5']
"b11902143" declared "fold:0"
"['b10902037']" won the round 7 (stack = {'b11902143': 950, 'b10902037': 1046.5996971226655})
community cards of this round: ['C4', 'CA', 'SQ', 'DJ', 'H4']
name: b11902143, hole_card: ['H8', 'SA']
name: b10902037, hole_card: ['C3', 'DT']
Started the round 8
Street "preflop" started. (community card = [])
name: b11902143, hole_card: ['H8', 'SA']
name: b10902037, hole_card: ['C3', 'DT']
"b11902143" declared "raise:150"
name: b11902143, hole_card: ['H8', 'SA']
name: b10902037, hole_card: ['C3', 'DT']
"b10902037" declared "fold:0"
"['b11902143']" won the round 8 (stack = {'b11902143': 960, 'b10902037': 1036.5996971226655})
community cards of this round: ['C6', 'ST', 'DT', 'SA', 'CA']
name: b11902143, hole_card: ['S7', 'SQ']
name: b10902037, hole_card: ['HJ', 'D4']
Started the round 9
Street "preflop" started. (community card = [])
name: b11902143, hole_card: ['S7', 'SQ']
name: b10902037, hole_card: ['HJ', 'D4']
"b10902037" declared "raise:20"
name: b11902143, hole_card: ['S7', 'SQ']
name: b10902037, hole_card: ['HJ', 'D4']
"b11902143" declared "fold:0"
"['b10902037']" won the round 9 (stack = {'b11902143': 950, 'b10902037': 1046.5996971226655})
community cards of this round: ['D6', 'D3', 'D2', 'DQ', 'SA']
name: b11902143, hole_card: ['C3', 'C7']
name: b10902037, hole_card: ['H9', 'D9']
Started the round 10
Street "preflop" started. (community card = [])
name: b11902143, hole_card: ['C3', 'C7']
name: b10902037, hole_card: ['H9', 'D9']
"b11902143" declared "call:10"
name: b11902143, hole_card: ['C3', 'C7']
name: b10902037, hole_card: ['H9', 'D9']
"b10902037" declared "raise:1046.5996971226655"
name: b11902143, hole_card: ['C3', 'C7']
name: b10902037, hole_card: ['H9', 'D9']
"b11902143" declared "fold:0"
"['b10902037']" won the round 10 (stack = {'b11902143': 940, 'b10902037': 1056.0})
community cards of this round: ['C2', 'D9', 'CT', 'CJ', 'HA']
name: b11902143, hole_card: ['C9', 'DK']
name: b10902037, hole_card: ['D2', 'SQ']
Started the round 11
Street "preflop" started. (community card = [])
name: b11902143, hole_card: ['C9', 'DK']
name: b10902037, hole_card: ['D2', 'SQ']
"b10902037" declared "raise:20"
name: b11902143, hole_card: ['C9', 'DK']
name: b10902037, hole_card: ['D2', 'SQ']
"b11902143" declared "raise:930"
name: b11902143, hole_card: ['C9', 'DK']
name: b10902037, hole_card: ['D2', 'SQ']
"b10902037" declared "fold:0"
"['b11902143']" won the round 11 (stack = {'b11902143': 960, 'b10902037': 1036.0})
community cards of this round: ['H2', 'HQ', 'HK', 'CK', 'S2']
name: b11902143, hole_card: ['D8', 'H3']
name: b10902037, hole_card: ['SQ', 'D7']
Started the round 12
Street "preflop" started. (community card = [])
name: b11902143, hole_card: ['D8', 'H3']
name: b10902037, hole_card: ['SQ', 'D7']
"b11902143" declared "call:10"
name: b11902143, hole_card: ['D8', 'H3']
name: b10902037, hole_card: ['SQ', 'D7']
"b10902037" declared "raise:48.24410484768748"
name: b11902143, hole_card: ['D8', 'H3']
name: b10902037, hole_card: ['SQ', 'D7']
"b11902143" declared "fold:0"
"['b10902037']" won the round 12 (stack = {'b11902143': 950, 'b10902037': 1045.7558951523124})
community cards of this round: ['C4', 'H2', 'CT', 'S8', 'S2']
name: b11902143, hole_card: ['H5', 'SA']
name: b10902037, hole_card: ['DJ', 'D5']
Started the round 13
Street "preflop" started. (community card = [])
name: b11902143, hole_card: ['H5', 'SA']
name: b10902037, hole_card: ['DJ', 'D5']
"b10902037" declared "call:10"
name: b11902143, hole_card: ['H5', 'SA']
name: b10902037, hole_card: ['DJ', 'D5']
"b11902143" declared "raise:940"
name: b11902143, hole_card: ['H5', 'SA']
name: b10902037, hole_card: ['DJ', 'D5']
"b10902037" declared "fold:0"
"['b11902143']" won the round 13 (stack = {'b11902143': 960, 'b10902037': 1035.7558951523124})
community cards of this round: ['D6', 'CT', 'D9', 'C8', 'CQ']
name: b11902143, hole_card: ['DJ', 'C5']
name: b10902037, hole_card: ['CJ', 'S5']
Started the round 14
Street "preflop" started. (community card = [])
name: b11902143, hole_card: ['DJ', 'C5']
name: b10902037, hole_card: ['CJ', 'S5']
"b11902143" declared "raise:955"
name: b11902143, hole_card: ['DJ', 'C5']
name: b10902037, hole_card: ['CJ', 'S5']
"b10902037" declared "fold:0"
"['b11902143']" won the round 14 (stack = {'b11902143': 970, 'b10902037': 1025.7558951523124})
community cards of this round: ['D2', 'D5', 'C9', 'CJ', 'HT']
name: b11902143, hole_card: ['H4', 'H6']
name: b10902037, hole_card: ['H3', 'C6']
Started the round 15
Street "preflop" started. (community card = [])
name: b11902143, hole_card: ['H4', 'H6']
name: b10902037, hole_card: ['H3', 'C6']
"b10902037" declared "fold:0"
"['b11902143']" won the round 15 (stack = {'b11902143': 975, 'b10902037': 1020.7558951523124})
community cards of this round: ['C8', 'HJ', 'D9', 'S2', 'S3']
name: b11902143, hole_card: ['H4', 'C9']
name: b10902037, hole_card: ['C6', 'HT']
Started the round 16
Street "preflop" started. (community card = [])
name: b11902143, hole_card: ['H4', 'C9']
name: b10902037, hole_card: ['C6', 'HT']
"b11902143" declared "raise:970"
name: b11902143, hole_card: ['H4', 'C9']
name: b10902037, hole_card: ['C6', 'HT']
"b10902037" declared "fold:0"
"['b11902143']" won the round 16 (stack = {'b11902143': 985, 'b10902037': 1010.7558951523124})
community cards of this round: ['DQ', 'SJ', 'CJ', 'D8', 'S9']
name: b11902143, hole_card: ['HT', 'CT']
name: b10902037, hole_card: ['DJ', 'CQ']
Started the round 17
Street "preflop" started. (community card = [])
name: b11902143, hole_card: ['HT', 'CT']
name: b10902037, hole_card: ['DJ', 'CQ']
"b10902037" declared "raise:54.320113314447596"
name: b11902143, hole_card: ['HT', 'CT']
name: b10902037, hole_card: ['DJ', 'CQ']
"b11902143" declared "raise:975"
name: b11902143, hole_card: ['HT', 'CT']
name: b10902037, hole_card: ['DJ', 'CQ']
"b10902037" declared "call:975"
Street "flop" started. (community card = ['DQ', 'SJ', 'CJ'])
name: b11902143, hole_card: ['HT', 'CT']
name: b10902037, hole_card: ['DJ', 'CQ']
"b10902037" declared "call:0"
name: b11902143, hole_card: ['HT', 'CT']
name: b10902037, hole_card: ['DJ', 'CQ']
"b11902143" declared "raise:10"
name: b11902143, hole_card: ['HT', 'CT']
name: b10902037, hole_card: ['DJ', 'CQ']
"b10902037" declared "call:10"
Street "turn" started. (community card = ['DQ', 'SJ', 'CJ', 'D8'])
Street "river" started. (community card = ['DQ', 'SJ', 'CJ', 'D8', 'S9'])
"['b10902037']" won the round 17 (stack = {'b11902143': 0, 'b10902037': 1995.7558951523124})
b10902037 vs b11902143 - Game 1: {'rule': {'initial_stack': 1000, 'max_round': 20, 'small_blind_amount': 5, 'ante': 0, 'blind_structure': {}}, 'players': [{'name': 'b11902143', 'uuid': 'zkcgmvaxgozuydxrommlre', 'stack': 0, 'state': 'folded'}, {'name': 'b10902037', 'uuid': 'iauhundapvbnlqeoiqvepp', 'stack': 1995.7558951523124, 'state': 'participating'}]}
community cards of this round: ['CQ', 'H7', 'H5', 'SQ', 'DT']
name: b10902037, hole_card: ['C5', 'D6']
name: b11902143, hole_card: ['H6', 'DQ']
Started the round 1
Street "preflop" started. (community card = [])
name: b10902037, hole_card: ['C5', 'D6']
name: b11902143, hole_card: ['H6', 'DQ']
"b11902143" declared "call:10"
name: b10902037, hole_card: ['C5', 'D6']
name: b11902143, hole_card: ['H6', 'DQ']
"b10902037" declared "raise:20"
name: b10902037, hole_card: ['C5', 'D6']
name: b11902143, hole_card: ['H6', 'DQ']
"b11902143" declared "fold:0"
"['b10902037']" won the round 1 (stack = {'b10902037': 1010, 'b11902143': 990})
community cards of this round: ['C4', 'C8', 'H8', 'S3', 'H3']
name: b10902037, hole_card: ['C9', 'SA']
name: b11902143, hole_card: ['DQ', 'C6']
Started the round 2
Street "preflop" started. (community card = [])
name: b10902037, hole_card: ['C9', 'SA']
name: b11902143, hole_card: ['DQ', 'C6']
"b10902037" declared "raise:72.94964028776978"
name: b10902037, hole_card: ['C9', 'SA']
name: b11902143, hole_card: ['DQ', 'C6']
"b11902143" declared "fold:0"
"['b10902037']" won the round 2 (stack = {'b10902037': 1019.0503597122303, 'b11902143': 980})
community cards of this round: ['D8', 'H4', 'C8', 'C3', 'D7']
name: b10902037, hole_card: ['S7', 'HT']
name: b11902143, hole_card: ['CA', 'H3']
Started the round 3
Street "preflop" started. (community card = [])
name: b10902037, hole_card: ['S7', 'HT']
name: b11902143, hole_card: ['CA', 'H3']
"b11902143" declared "call:10"
name: b10902037, hole_card: ['S7', 'HT']
name: b11902143, hole_card: ['CA', 'H3']
"b10902037" declared "raise:53.006599522327214"
name: b10902037, hole_card: ['S7', 'HT']
name: b11902143, hole_card: ['CA', 'H3']
"b11902143" declared "fold:0"
"['b10902037']" won the round 3 (stack = {'b10902037': 1029.043760189903, 'b11902143': 970})
community cards of this round: ['CJ', 'H3', 'CT', 'C3', 'D2']
name: b10902037, hole_card: ['DJ', 'HK']
name: b11902143, hole_card: ['S8', 'D6']
Started the round 4
Street "preflop" started. (community card = [])
name: b10902037, hole_card: ['DJ', 'HK']
name: b11902143, hole_card: ['S8', 'D6']
"b10902037" declared "raise:55.718326934734286"
name: b10902037, hole_card: ['DJ', 'HK']
name: b11902143, hole_card: ['S8', 'D6']
"b11902143" declared "fold:0"
"['b10902037']" won the round 4 (stack = {'b10902037': 1038.3254332551687, 'b11902143': 960})
community cards of this round: ['CJ', 'H5', 'C7', 'S7', 'S9']
name: b10902037, hole_card: ['C8', 'CT']
name: b11902143, hole_card: ['CK', 'SK']
Started the round 5
Street "preflop" started. (community card = [])
name: b10902037, hole_card: ['C8', 'CT']
name: b11902143, hole_card: ['CK', 'SK']
"b11902143" declared "raise:150"
name: b10902037, hole_card: ['C8', 'CT']
name: b11902143, hole_card: ['CK', 'SK']
"b10902037" declared "fold:0"
"['b11902143']" won the round 5 (stack = {'b10902037': 1028.3254332551687, 'b11902143': 970})
community cards of this round: ['D5', 'H7', 'S4', 'CA', 'HQ']
name: b10902037, hole_card: ['S6', 'C9']
name: b11902143, hole_card: ['DK', 'CK']
Started the round 6
Street "preflop" started. (community card = [])
name: b10902037, hole_card: ['S6', 'C9']
name: b11902143, hole_card: ['DK', 'CK']
"b10902037" declared "raise:20"
name: b10902037, hole_card: ['S6', 'C9']
name: b11902143, hole_card: ['DK', 'CK']
"b11902143" declared "raise:300"
name: b10902037, hole_card: ['S6', 'C9']
name: b11902143, hole_card: ['DK', 'CK']
"b10902037" declared "fold:0"
"['b11902143']" won the round 6 (stack = {'b10902037': 1008.3254332551687, 'b11902143': 990})
community cards of this round: ['CA', 'C4', 'H3', 'S3', 'CJ']
name: b10902037, hole_card: ['H5', 'D4']
name: b11902143, hole_card: ['SK', 'C5']
Started the round 7
Street "preflop" started. (community card = [])
name: b10902037, hole_card: ['H5', 'D4']
name: b11902143, hole_card: ['SK', 'C5']
"b11902143" declared "call:10"
name: b10902037, hole_card: ['H5', 'D4']
name: b11902143, hole_card: ['SK', 'C5']
"b10902037" declared "raise:20"
name: b10902037, hole_card: ['H5', 'D4']
name: b11902143, hole_card: ['SK', 'C5']
"b11902143" declared "fold:0"
"['b10902037']" won the round 7 (stack = {'b10902037': 1018.3254332551687, 'b11902143': 980})
community cards of this round: ['C4', 'CA', 'SQ', 'DJ', 'H4']
name: b10902037, hole_card: ['H8', 'SA']
name: b11902143, hole_card: ['C3', 'DT']
Started the round 8
Street "preflop" started. (community card = [])
name: b10902037, hole_card: ['H8', 'SA']
name: b11902143, hole_card: ['C3', 'DT']
"b10902037" declared "raise:54.04040404040404"
name: b10902037, hole_card: ['H8', 'SA']
name: b11902143, hole_card: ['C3', 'DT']
"b11902143" declared "fold:0"
"['b10902037']" won the round 8 (stack = {'b10902037': 1028.2850292147646, 'b11902143': 970})
community cards of this round: ['C6', 'ST', 'DT', 'SA', 'CA']
name: b10902037, hole_card: ['S7', 'SQ']
name: b11902143, hole_card: ['HJ', 'D4']
Started the round 9
Street "preflop" started. (community card = [])
name: b10902037, hole_card: ['S7', 'SQ']
name: b11902143, hole_card: ['HJ', 'D4']
"b11902143" declared "call:10"
name: b10902037, hole_card: ['S7', 'SQ']
name: b11902143, hole_card: ['HJ', 'D4']
"b10902037" declared "raise:1028.2850292147646"
name: b10902037, hole_card: ['S7', 'SQ']
name: b11902143, hole_card: ['HJ', 'D4']
"b11902143" declared "fold:0"
"['b10902037']" won the round 9 (stack = {'b10902037': 1038.0, 'b11902143': 960})
community cards of this round: ['D6', 'D3', 'D2', 'DQ', 'SA']
name: b10902037, hole_card: ['C3', 'C7']
name: b11902143, hole_card: ['H9', 'D9']
Started the round 10
Street "preflop" started. (community card = [])
name: b10902037, hole_card: ['C3', 'C7']
name: b11902143, hole_card: ['H9', 'D9']
"b10902037" declared "raise:20"
name: b10902037, hole_card: ['C3', 'C7']
name: b11902143, hole_card: ['H9', 'D9']
"b11902143" declared "raise:300"
name: b10902037, hole_card: ['C3', 'C7']
name: b11902143, hole_card: ['H9', 'D9']
"b10902037" declared "fold:0"
"['b11902143']" won the round 10 (stack = {'b10902037': 1018.0, 'b11902143': 980})
community cards of this round: ['C2', 'D9', 'CT', 'CJ', 'HA']
name: b10902037, hole_card: ['C9', 'DK']
name: b11902143, hole_card: ['D2', 'SQ']
Started the round 11
Street "preflop" started. (community card = [])
name: b10902037, hole_card: ['C9', 'DK']
name: b11902143, hole_card: ['D2', 'SQ']
"b11902143" declared "call:10"
name: b10902037, hole_card: ['C9', 'DK']
name: b11902143, hole_card: ['D2', 'SQ']
"b10902037" declared "raise:1018.0"
name: b10902037, hole_card: ['C9', 'DK']
name: b11902143, hole_card: ['D2', 'SQ']
"b11902143" declared "fold:0"
"['b10902037']" won the round 11 (stack = {'b10902037': 1028.0, 'b11902143': 970})
community cards of this round: ['H2', 'HQ', 'HK', 'CK', 'S2']
name: b10902037, hole_card: ['D8', 'H3']
name: b11902143, hole_card: ['SQ', 'D7']
Started the round 12
Street "preflop" started. (community card = [])
name: b10902037, hole_card: ['D8', 'H3']
name: b11902143, hole_card: ['SQ', 'D7']
"b10902037" declared "fold:0"
"['b11902143']" won the round 12 (stack = {'b10902037': 1023.0, 'b11902143': 975})
community cards of this round: ['C4', 'H2', 'CT', 'S8', 'S2']
name: b10902037, hole_card: ['H5', 'SA']
name: b11902143, hole_card: ['DJ', 'D5']
Started the round 13
Street "preflop" started. (community card = [])
name: b10902037, hole_card: ['H5', 'SA']
name: b11902143, hole_card: ['DJ', 'D5']
"b11902143" declared "call:10"
name: b10902037, hole_card: ['H5', 'SA']
name: b11902143, hole_card: ['DJ', 'D5']
"b10902037" declared "raise:1023.0"
name: b10902037, hole_card: ['H5', 'SA']
name: b11902143, hole_card: ['DJ', 'D5']
"b11902143" declared "fold:0"
"['b10902037']" won the round 13 (stack = {'b10902037': 1033.0, 'b11902143': 965})
community cards of this round: ['D6', 'CT', 'D9', 'C8', 'CQ']
name: b10902037, hole_card: ['DJ', 'C5']
name: b11902143, hole_card: ['CJ', 'S5']
Started the round 14
Street "preflop" started. (community card = [])
name: b10902037, hole_card: ['DJ', 'C5']
name: b11902143, hole_card: ['CJ', 'S5']
"b10902037" declared "raise:20"
name: b10902037, hole_card: ['DJ', 'C5']
name: b11902143, hole_card: ['CJ', 'S5']
"b11902143" declared "raise:955"
name: b10902037, hole_card: ['DJ', 'C5']
name: b11902143, hole_card: ['CJ', 'S5']
"b10902037" declared "fold:0"
"['b11902143']" won the round 14 (stack = {'b10902037': 1013.0, 'b11902143': 985})
community cards of this round: ['D2', 'D5', 'C9', 'CJ', 'HT']
name: b10902037, hole_card: ['H4', 'H6']
name: b11902143, hole_card: ['H3', 'C6']
Started the round 15
Street "preflop" started. (community card = [])
name: b10902037, hole_card: ['H4', 'H6']
name: b11902143, hole_card: ['H3', 'C6']
"b11902143" declared "call:10"
name: b10902037, hole_card: ['H4', 'H6']
name: b11902143, hole_card: ['H3', 'C6']
"b10902037" declared "raise:36.575245420504"
name: b10902037, hole_card: ['H4', 'H6']
name: b11902143, hole_card: ['H3', 'C6']
"b11902143" declared "fold:0"
"['b10902037']" won the round 15 (stack = {'b10902037': 1022.424754579496, 'b11902143': 975})
community cards of this round: ['C8', 'HJ', 'D9', 'S2', 'S3']
name: b10902037, hole_card: ['H4', 'C9']
name: b11902143, hole_card: ['C6', 'HT']
Started the round 16
Street "preflop" started. (community card = [])
name: b10902037, hole_card: ['H4', 'C9']
name: b11902143, hole_card: ['C6', 'HT']
"b10902037" declared "raise:20"
name: b10902037, hole_card: ['H4', 'C9']
name: b11902143, hole_card: ['C6', 'HT']
"b11902143" declared "raise:965"
name: b10902037, hole_card: ['H4', 'C9']
name: b11902143, hole_card: ['C6', 'HT']
"b10902037" declared "fold:0"
"['b11902143']" won the round 16 (stack = {'b10902037': 1002.424754579496, 'b11902143': 995})
community cards of this round: ['DQ', 'SJ', 'CJ', 'D8', 'S9']
name: b10902037, hole_card: ['HT', 'CT']
name: b11902143, hole_card: ['DJ', 'CQ']
Started the round 17
Street "preflop" started. (community card = [])
name: b10902037, hole_card: ['HT', 'CT']
name: b11902143, hole_card: ['DJ', 'CQ']
"b11902143" declared "call:10"
name: b10902037, hole_card: ['HT', 'CT']
name: b11902143, hole_card: ['DJ', 'CQ']
"b10902037" declared "raise:1002.424754579496"
name: b10902037, hole_card: ['HT', 'CT']
name: b11902143, hole_card: ['DJ', 'CQ']
"b11902143" declared "fold:0"
"['b10902037']" won the round 17 (stack = {'b10902037': 1012.0, 'b11902143': 985})
community cards of this round: ['CJ', 'D6', 'SA', 'S6', 'H9']
name: b10902037, hole_card: ['H3', 'C2']
name: b11902143, hole_card: ['DT', 'CK']
Started the round 18
Street "preflop" started. (community card = [])
name: b10902037, hole_card: ['H3', 'C2']
name: b11902143, hole_card: ['DT', 'CK']
"b10902037" declared "fold:0"
"['b11902143']" won the round 18 (stack = {'b10902037': 1007.0, 'b11902143': 990})
community cards of this round: ['S3', 'S9', 'HK', 'S2', 'C9']
name: b10902037, hole_card: ['S4', 'ST']
name: b11902143, hole_card: ['C4', 'CJ']
Started the round 19
Street "preflop" started. (community card = [])
name: b10902037, hole_card: ['S4', 'ST']
name: b11902143, hole_card: ['C4', 'CJ']
"b11902143" declared "raise:985"
name: b10902037, hole_card: ['S4', 'ST']
name: b11902143, hole_card: ['C4', 'CJ']
"b10902037" declared "fold:0"
"['b11902143']" won the round 19 (stack = {'b10902037': 997.0, 'b11902143': 1000})
community cards of this round: ['H3', 'CQ', 'CJ', 'H6', 'S5']
name: b10902037, hole_card: ['D8', 'SJ']
name: b11902143, hole_card: ['D5', 'S2']
Started the round 20
Street "preflop" started. (community card = [])
name: b10902037, hole_card: ['D8', 'SJ']
name: b11902143, hole_card: ['D5', 'S2']
"b10902037" declared "call:10"
name: b10902037, hole_card: ['D8', 'SJ']
name: b11902143, hole_card: ['D5', 'S2']
"b11902143" declared "raise:990"
name: b10902037, hole_card: ['D8', 'SJ']
name: b11902143, hole_card: ['D5', 'S2']
"b10902037" declared "call:990"
Street "flop" started. (community card = ['H3', 'CQ', 'CJ'])
name: b10902037, hole_card: ['D8', 'SJ']
name: b11902143, hole_card: ['D5', 'S2']
"b10902037" declared "call:0"
name: b10902037, hole_card: ['D8', 'SJ']
name: b11902143, hole_card: ['D5', 'S2']
"b11902143" declared "raise:10"
name: b10902037, hole_card: ['D8', 'SJ']
name: b11902143, hole_card: ['D5', 'S2']
"b10902037" declared "call:10"
Street "turn" started. (community card = ['H3', 'CQ', 'CJ', 'H6'])
Street "river" started. (community card = ['H3', 'CQ', 'CJ', 'H6', 'S5'])
"['b10902037']" won the round 20 (stack = {'b10902037': 1994.0, 'b11902143': 3})
b10902037 vs b11902143 - Game 2: {'rule': {'initial_stack': 1000, 'max_round': 20, 'small_blind_amount': 5, 'ante': 0, 'blind_structure': {}}, 'players': [{'name': 'b10902037', 'uuid': 'earyvfdxcwexgqzlvtgedc', 'stack': 1994.0, 'state': 'participating'}, {'name': 'b11902143', 'uuid': 'upopjpiqtiqprqaaqsykqp', 'stack': 3, 'state': 'participating'}]}
community cards of this round: ['ST', 'S3', 'D2', 'SQ', 'DJ']
name: b11902143, hole_card: ['D7', 'CK']
name: b10902037, hole_card: ['H8', 'H6']
Started the round 1
Street "preflop" started. (community card = [])
name: b11902143, hole_card: ['D7', 'CK']
name: b10902037, hole_card: ['H8', 'H6']
"b10902037" declared "raise:20"
name: b11902143, hole_card: ['D7', 'CK']
name: b10902037, hole_card: ['H8', 'H6']
"b11902143" declared "fold:0"
"['b10902037']" won the round 1 (stack = {'b11902143': 990, 'b10902037': 1010})
community cards of this round: ['D2', 'SJ', 'CA', 'C5', 'S9']
name: b11902143, hole_card: ['S3', 'H5']
name: b10902037, hole_card: ['H8', 'C2']
Started the round 2
Street "preflop" started. (community card = [])
name: b11902143, hole_card: ['S3', 'H5']
name: b10902037, hole_card: ['H8', 'C2']
"b11902143" declared "call:10"
name: b11902143, hole_card: ['S3', 'H5']
name: b10902037, hole_card: ['H8', 'C2']
"b10902037" declared "raise:20"
name: b11902143, hole_card: ['S3', 'H5']
name: b10902037, hole_card: ['H8', 'C2']
"b11902143" declared "fold:0"
"['b10902037']" won the round 2 (stack = {'b11902143': 980, 'b10902037': 1020})
community cards of this round: ['HQ', 'C2', 'D8', 'C7', 'CJ']
name: b11902143, hole_card: ['DJ', 'CQ']
name: b10902037, hole_card: ['SA', 'SK']
Started the round 3
Street "preflop" started. (community card = [])
name: b11902143, hole_card: ['DJ', 'CQ']
name: b10902037, hole_card: ['SA', 'SK']
"b10902037" declared "raise:68.7041712958287"
name: b11902143, hole_card: ['DJ', 'CQ']
name: b10902037, hole_card: ['SA', 'SK']
"b11902143" declared "raise:970"
name: b11902143, hole_card: ['DJ', 'CQ']
name: b10902037, hole_card: ['SA', 'SK']
"b10902037" declared "call:970"
Street "flop" started. (community card = ['HQ', 'C2', 'D8'])
name: b11902143, hole_card: ['DJ', 'CQ']
name: b10902037, hole_card: ['SA', 'SK']
"b10902037" declared "call:0"
name: b11902143, hole_card: ['DJ', 'CQ']
name: b10902037, hole_card: ['SA', 'SK']
"b11902143" declared "raise:10"
name: b11902143, hole_card: ['DJ', 'CQ']
name: b10902037, hole_card: ['SA', 'SK']
"b10902037" declared "raise:50.0"
Street "turn" started. (community card = ['HQ', 'C2', 'D8', 'C7'])
Street "river" started. (community card = ['HQ', 'C2', 'D8', 'C7', 'CJ'])
"['b11902143']" won the round 3 (stack = {'b11902143': 1960, 'b10902037': 40.0})
community cards of this round: ['C8', 'CA', 'DQ', 'D8', 'CQ']
name: b11902143, hole_card: ['S5', 'HT']
name: b10902037, hole_card: ['DK', 'DA']
Started the round 4
Street "preflop" started. (community card = [])
name: b11902143, hole_card: ['S5', 'HT']
name: b10902037, hole_card: ['DK', 'DA']
"b11902143" declared "fold:0"
"['b10902037']" won the round 4 (stack = {'b11902143': 1955, 'b10902037': 45.0})
community cards of this round: ['CK', 'H7', 'S5', 'H8', 'DJ']
name: b11902143, hole_card: ['SK', 'C7']
name: b10902037, hole_card: ['S6', 'C8']
Started the round 5
Street "preflop" started. (community card = [])
name: b11902143, hole_card: ['SK', 'C7']
name: b10902037, hole_card: ['S6', 'C8']
"b10902037" declared "raise:45.0"
name: b11902143, hole_card: ['SK', 'C7']
name: b10902037, hole_card: ['S6', 'C8']
"b11902143" declared "fold:0"
"['b10902037']" won the round 5 (stack = {'b11902143': 1945, 'b10902037': 55.0})
community cards of this round: ['D3', 'H8', 'ST', 'HK', 'S3']
name: b11902143, hole_card: ['HJ', 'DK']
name: b10902037, hole_card: ['CT', 'SQ']
Started the round 6
Street "preflop" started. (community card = [])
name: b11902143, hole_card: ['HJ', 'DK']
name: b10902037, hole_card: ['CT', 'SQ']
"b11902143" declared "fold:0"
"['b10902037']" won the round 6 (stack = {'b11902143': 1940, 'b10902037': 60.0})
community cards of this round: ['C4', 'HQ', 'D4', 'H9', 'S9']
name: b11902143, hole_card: ['CK', 'H4']
name: b10902037, hole_card: ['HA', 'S3']
Started the round 7
Street "preflop" started. (community card = [])
name: b11902143, hole_card: ['CK', 'H4']
name: b10902037, hole_card: ['HA', 'S3']
"b10902037" declared "raise:60.0"
name: b11902143, hole_card: ['CK', 'H4']
name: b10902037, hole_card: ['HA', 'S3']
"b11902143" declared "fold:0"
"['b10902037']" won the round 7 (stack = {'b11902143': 1930, 'b10902037': 70.0})
community cards of this round: ['SQ', 'S6', 'H5', 'CQ', 'D3']
name: b11902143, hole_card: ['HT', 'D6']
name: b10902037, hole_card: ['CK', 'CA']
Started the round 8
Street "preflop" started. (community card = [])
name: b11902143, hole_card: ['HT', 'D6']
name: b10902037, hole_card: ['CK', 'CA']
"b11902143" declared "fold:0"
"['b10902037']" won the round 8 (stack = {'b11902143': 1925, 'b10902037': 75.0})
community cards of this round: ['ST', 'S3', 'HT', 'CJ', 'CA']
name: b11902143, hole_card: ['S9', 'SQ']
name: b10902037, hole_card: ['C3', 'HQ']
Started the round 9
Street "preflop" started. (community card = [])
name: b11902143, hole_card: ['S9', 'SQ']
name: b10902037, hole_card: ['C3', 'HQ']
"b10902037" declared "raise:75.0"
name: b11902143, hole_card: ['S9', 'SQ']
name: b10902037, hole_card: ['C3', 'HQ']
"b11902143" declared "fold:0"
"['b10902037']" won the round 9 (stack = {'b11902143': 1915, 'b10902037': 85.0})
community cards of this round: ['HQ', 'CA', 'DQ', 'HT', 'SQ']
name: b11902143, hole_card: ['H4', 'CT']
name: b10902037, hole_card: ['S2', 'CQ']
Started the round 10
Street "preflop" started. (community card = [])
name: b11902143, hole_card: ['H4', 'CT']
name: b10902037, hole_card: ['S2', 'CQ']
"b11902143" declared "fold:0"
"['b10902037']" won the round 10 (stack = {'b11902143': 1910, 'b10902037': 90.0})
community cards of this round: ['C2', 'HQ', 'SQ', 'S7', 'DQ']
name: b11902143, hole_card: ['DT', 'SJ']
name: b10902037, hole_card: ['S5', 'C3']
Started the round 11
Street "preflop" started. (community card = [])
name: b11902143, hole_card: ['DT', 'SJ']
name: b10902037, hole_card: ['S5', 'C3']
"b10902037" declared "raise:90.0"
name: b11902143, hole_card: ['DT', 'SJ']
name: b10902037, hole_card: ['S5', 'C3']
"b11902143" declared "fold:0"
"['b10902037']" won the round 11 (stack = {'b11902143': 1900, 'b10902037': 100.0})
community cards of this round: ['DA', 'D2', 'HA', 'CJ', 'H6']
name: b11902143, hole_card: ['HJ', 'C2']
name: b10902037, hole_card: ['SJ', 'H7']
Started the round 12
Street "preflop" started. (community card = [])
name: b11902143, hole_card: ['HJ', 'C2']
name: b10902037, hole_card: ['SJ', 'H7']
"b11902143" declared "fold:0"
"['b10902037']" won the round 12 (stack = {'b11902143': 1895, 'b10902037': 105.0})
community cards of this round: ['D6', 'H5', 'S2', 'D8', 'DQ']
name: b11902143, hole_card: ['HK', 'D7']
name: b10902037, hole_card: ['D4', 'D5']
Started the round 13
Street "preflop" started. (community card = [])
name: b11902143, hole_card: ['HK', 'D7']
name: b10902037, hole_card: ['D4', 'D5']
"b10902037" declared "raise:105.0"
name: b11902143, hole_card: ['HK', 'D7']
name: b10902037, hole_card: ['D4', 'D5']
"b11902143" declared "fold:0"
"['b10902037']" won the round 13 (stack = {'b11902143': 1885, 'b10902037': 115.0})
community cards of this round: ['H2', 'C5', 'D4', 'H4', 'D8']
name: b11902143, hole_card: ['HK', 'DQ']
name: b10902037, hole_card: ['S4', 'H5']
Started the round 14
Street "preflop" started. (community card = [])
name: b11902143, hole_card: ['HK', 'DQ']
name: b10902037, hole_card: ['S4', 'H5']
"b11902143" declared "fold:0"
"['b10902037']" won the round 14 (stack = {'b11902143': 1880, 'b10902037': 120.0})
community cards of this round: ['SJ', 'CA', 'DQ', 'S2', 'D2']
name: b11902143, hole_card: ['HA', 'HJ']
name: b10902037, hole_card: ['H7', 'C8']
Started the round 15
Street "preflop" started. (community card = [])
name: b11902143, hole_card: ['HA', 'HJ']
name: b10902037, hole_card: ['H7', 'C8']
"b10902037" declared "raise:120.0"
name: b11902143, hole_card: ['HA', 'HJ']
name: b10902037, hole_card: ['H7', 'C8']
"b11902143" declared "fold:0"
"['b10902037']" won the round 15 (stack = {'b11902143': 1870, 'b10902037': 130.0})
community cards of this round: ['CA', 'DA', 'H6', 'C5', 'CK']
name: b11902143, hole_card: ['DK', 'D6']
name: b10902037, hole_card: ['HT', 'H2']
Started the round 16
Street "preflop" started. (community card = [])
name: b11902143, hole_card: ['DK', 'D6']
name: b10902037, hole_card: ['HT', 'H2']
"b11902143" declared "fold:0"
"['b10902037']" won the round 16 (stack = {'b11902143': 1865, 'b10902037': 135.0})
community cards of this round: ['CK', 'H8', 'C7', 'H4', 'S5']
name: b11902143, hole_card: ['H5', 'C9']
name: b10902037, hole_card: ['S9', 'C8']
Started the round 17
Street "preflop" started. (community card = [])
name: b11902143, hole_card: ['H5', 'C9']
name: b10902037, hole_card: ['S9', 'C8']
"b10902037" declared "raise:135.0"
name: b11902143, hole_card: ['H5', 'C9']
name: b10902037, hole_card: ['S9', 'C8']
"b11902143" declared "fold:0"
"['b10902037']" won the round 17 (stack = {'b11902143': 1855, 'b10902037': 145.0})
community cards of this round: ['D6', 'DA', 'S6', 'D9', 'H5']
name: b11902143, hole_card: ['HT', 'SJ']
name: b10902037, hole_card: ['C5', 'HA']
Started the round 18
Street "preflop" started. (community card = [])
name: b11902143, hole_card: ['HT', 'SJ']
name: b10902037, hole_card: ['C5', 'HA']
"b11902143" declared "fold:0"
"['b10902037']" won the round 18 (stack = {'b11902143': 1850, 'b10902037': 150.0})
community cards of this round: ['HJ', 'DT', 'H6', 'H5', 'DQ']
name: b11902143, hole_card: ['D7', 'H2']
name: b10902037, hole_card: ['S6', 'D9']
Started the round 19
Street "preflop" started. (community card = [])
name: b11902143, hole_card: ['D7', 'H2']
name: b10902037, hole_card: ['S6', 'D9']
"b10902037" declared "raise:150.0"
name: b11902143, hole_card: ['D7', 'H2']
name: b10902037, hole_card: ['S6', 'D9']
"b11902143" declared "fold:0"
"['b10902037']" won the round 19 (stack = {'b11902143': 1840, 'b10902037': 160.0})
community cards of this round: ['SJ', 'CJ', 'H3', 'C9', 'C2']
name: b11902143, hole_card: ['H9', 'CA']
name: b10902037, hole_card: ['C4', 'D4']
Started the round 20
Street "preflop" started. (community card = [])
name: b11902143, hole_card: ['H9', 'CA']
name: b10902037, hole_card: ['C4', 'D4']
"b11902143" declared "fold:0"
"['b10902037']" won the round 20 (stack = {'b11902143': 1835, 'b10902037': 165.0})
b10902037 vs b11902143 - Game 3: {'rule': {'initial_stack': 1000, 'max_round': 20, 'small_blind_amount': 5, 'ante': 0, 'blind_structure': {}}, 'players': [{'name': 'b11902143', 'uuid': 'zapawqtarmxplsktufheno', 'stack': 1835, 'state': 'participating'}, {'name': 'b10902037', 'uuid': 'iwfzwyozsqtymcmjgbzojd', 'stack': 165.0, 'state': 'participating'}]}
community cards of this round: ['ST', 'S3', 'D2', 'SQ', 'DJ']
name: b10902037, hole_card: ['D7', 'CK']
name: b11902143, hole_card: ['H8', 'H6']
Started the round 1
Street "preflop" started. (community card = [])
name: b10902037, hole_card: ['D7', 'CK']
name: b11902143, hole_card: ['H8', 'H6']
"b11902143" declared "call:10"
name: b10902037, hole_card: ['D7', 'CK']
name: b11902143, hole_card: ['H8', 'H6']
"b10902037" declared "raise:1000"
name: b10902037, hole_card: ['D7', 'CK']
name: b11902143, hole_card: ['H8', 'H6']
"b11902143" declared "fold:0"
"['b10902037']" won the round 1 (stack = {'b10902037': 1010, 'b11902143': 990})
community cards of this round: ['D2', 'SJ', 'CA', 'C5', 'S9']
name: b10902037, hole_card: ['S3', 'H5']
name: b11902143, hole_card: ['H8', 'C2']
Started the round 2
Street "preflop" started. (community card = [])
name: b10902037, hole_card: ['S3', 'H5']
name: b11902143, hole_card: ['H8', 'C2']
"b10902037" declared "fold:0"
"['b11902143']" won the round 2 (stack = {'b10902037': 1005, 'b11902143': 995})
community cards of this round: ['HQ', 'C2', 'D8', 'C7', 'CJ']
name: b10902037, hole_card: ['DJ', 'CQ']
name: b11902143, hole_card: ['SA', 'SK']
Started the round 3
Street "preflop" started. (community card = [])
name: b10902037, hole_card: ['DJ', 'CQ']
name: b11902143, hole_card: ['SA', 'SK']
"b11902143" declared "raise:150"
name: b10902037, hole_card: ['DJ', 'CQ']
name: b11902143, hole_card: ['SA', 'SK']
"b10902037" declared "call:150"
Street "flop" started. (community card = ['HQ', 'C2', 'D8'])
name: b10902037, hole_card: ['DJ', 'CQ']
name: b11902143, hole_card: ['SA', 'SK']
"b11902143" declared "raise:845"
name: b10902037, hole_card: ['DJ', 'CQ']
name: b11902143, hole_card: ['SA', 'SK']
"b10902037" declared "call:845"
Street "turn" started. (community card = ['HQ', 'C2', 'D8', 'C7'])
Street "river" started. (community card = ['HQ', 'C2', 'D8', 'C7', 'CJ'])
"['b10902037']" won the round 3 (stack = {'b10902037': 2000, 'b11902143': 0})
b10902037 vs b11902143 - Game 4: {'rule': {'initial_stack': 1000, 'max_round': 20, 'small_blind_amount': 5, 'ante': 0, 'blind_structure': {}}, 'players': [{'name': 'b10902037', 'uuid': 'whcfocupnrmmstdbhmwokd', 'stack': 2000, 'state': 'participating'}, {'name': 'b11902143', 'uuid': 'gwbpddnjtidtofzxgxgpek', 'stack': 0, 'state': 'folded'}]}
community cards of this round: ['ST', 'CJ', 'C4', 'H8', 'D3']
name: b11902143, hole_card: ['CQ', 'DK']
name: b10902037, hole_card: ['H7', 'C8']
Started the round 1
Street "preflop" started. (community card = [])
name: b11902143, hole_card: ['CQ', 'DK']
name: b10902037, hole_card: ['H7', 'C8']
"b10902037" declared "raise:20"
name: b11902143, hole_card: ['CQ', 'DK']
name: b10902037, hole_card: ['H7', 'C8']
"b11902143" declared "raise:300"
name: b11902143, hole_card: ['CQ', 'DK']
name: b10902037, hole_card: ['H7', 'C8']
"b10902037" declared "fold:0"
"['b11902143']" won the round 1 (stack = {'b11902143': 1020, 'b10902037': 980})
community cards of this round: ['HA', 'D9', 'D6', 'S4', 'HK']
name: b11902143, hole_card: ['H3', 'HT']
name: b10902037, hole_card: ['C3', 'S6']
Started the round 2
Street "preflop" started. (community card = [])
name: b11902143, hole_card: ['H3', 'HT']
name: b10902037, hole_card: ['C3', 'S6']
"b11902143" declared "call:10"
name: b11902143, hole_card: ['H3', 'HT']
name: b10902037, hole_card: ['C3', 'S6']
"b10902037" declared "raise:20"
name: b11902143, hole_card: ['H3', 'HT']
name: b10902037, hole_card: ['C3', 'S6']
"b11902143" declared "call:20"
Street "flop" started. (community card = ['HA', 'D9', 'D6'])
name: b11902143, hole_card: ['H3', 'HT']
name: b10902037, hole_card: ['C3', 'S6']
"b11902143" declared "call:0"
name: b11902143, hole_card: ['H3', 'HT']
name: b10902037, hole_card: ['C3', 'S6']
"b10902037" declared "raise:36.97807602306022"
name: b11902143, hole_card: ['H3', 'HT']
name: b10902037, hole_card: ['C3', 'S6']
"b11902143" declared "fold:0"
"['b10902037']" won the round 2 (stack = {'b11902143': 1000, 'b10902037': 999.0219239769398})
community cards of this round: ['D4', 'C9', 'H9', 'HJ', 'SJ']
name: b11902143, hole_card: ['C3', 'H4']
name: b10902037, hole_card: ['CA', 'DT']
Started the round 3
Street "preflop" started. (community card = [])
name: b11902143, hole_card: ['C3', 'H4']
name: b10902037, hole_card: ['CA', 'DT']
"b10902037" declared "raise:74.71228705053527"
name: b11902143, hole_card: ['C3', 'H4']
name: b10902037, hole_card: ['CA', 'DT']
"b11902143" declared "fold:0"
"['b10902037']" won the round 3 (stack = {'b11902143': 990, 'b10902037': 1008.3096369264046})
community cards of this round: ['D4', 'C9', 'DA', 'H7', 'H5']
name: b11902143, hole_card: ['SJ', 'D8']
name: b10902037, hole_card: ['C6', 'CA']
Started the round 4
Street "preflop" started. (community card = [])
name: b11902143, hole_card: ['SJ', 'D8']
name: b10902037, hole_card: ['C6', 'CA']
"b11902143" declared "call:10"
name: b11902143, hole_card: ['SJ', 'D8']
name: b10902037, hole_card: ['C6', 'CA']
"b10902037" declared "raise:1008.3096369264046"
name: b11902143, hole_card: ['SJ', 'D8']
name: b10902037, hole_card: ['C6', 'CA']
"b11902143" declared "fold:0"
"['b10902037']" won the round 4 (stack = {'b11902143': 980, 'b10902037': 1018.0})
community cards of this round: ['SA', 'CA', 'DK', 'DQ', 'DT']
name: b11902143, hole_card: ['C6', 'C8']
name: b10902037, hole_card: ['H7', 'C7']
Started the round 5
Street "preflop" started. (community card = [])
name: b11902143, hole_card: ['C6', 'C8']
name: b10902037, hole_card: ['H7', 'C7']
"b10902037" declared "raise:61.69379144062689"
name: b11902143, hole_card: ['C6', 'C8']
name: b10902037, hole_card: ['H7', 'C7']
"b11902143" declared "fold:0"
"['b10902037']" won the round 5 (stack = {'b11902143': 970, 'b10902037': 1027.306208559373})
community cards of this round: ['S7', 'S5', 'HA', 'D4', 'S8']
name: b11902143, hole_card: ['H5', 'CA']
name: b10902037, hole_card: ['D3', 'SA']
Started the round 6
Street "preflop" started. (community card = [])
name: b11902143, hole_card: ['H5', 'CA']
name: b10902037, hole_card: ['D3', 'SA']
"b11902143" declared "call:10"
name: b11902143, hole_card: ['H5', 'CA']
name: b10902037, hole_card: ['D3', 'SA']
"b10902037" declared "raise:47.3343449671219"
name: b11902143, hole_card: ['H5', 'CA']
name: b10902037, hole_card: ['D3', 'SA']
"b11902143" declared "fold:0"
"['b10902037']" won the round 6 (stack = {'b11902143': 960, 'b10902037': 1036.9718635922513})
community cards of this round: ['C5', 'C6', 'CK', 'HJ', 'CJ']
name: b11902143, hole_card: ['C4', 'D8']
name: b10902037, hole_card: ['D9', 'S4']
Started the round 7
Street "preflop" started. (community card = [])
name: b11902143, hole_card: ['C4', 'D8']
name: b10902037, hole_card: ['D9', 'S4']
"b10902037" declared "fold:0"
"['b11902143']" won the round 7 (stack = {'b11902143': 965, 'b10902037': 1031.9718635922513})
community cards of this round: ['H8', 'CK', 'S6', 'H6', 'H9']
name: b11902143, hole_card: ['SK', 'D2']
name: b10902037, hole_card: ['SJ', 'C9']
Started the round 8
Street "preflop" started. (community card = [])
name: b11902143, hole_card: ['SK', 'D2']
name: b10902037, hole_card: ['SJ', 'C9']
"b11902143" declared "call:10"
name: b11902143, hole_card: ['SK', 'D2']
name: b10902037, hole_card: ['SJ', 'C9']
"b10902037" declared "raise:48.867084766336234"
name: b11902143, hole_card: ['SK', 'D2']
name: b10902037, hole_card: ['SJ', 'C9']
"b11902143" declared "fold:0"
"['b10902037']" won the round 8 (stack = {'b11902143': 955, 'b10902037': 1041.1047788259152})
community cards of this round: ['S9', 'S5', 'ST', 'S3', 'D9']
name: b11902143, hole_card: ['CQ', 'H2']
name: b10902037, hole_card: ['C4', 'H8']
Started the round 9
Street "preflop" started. (community card = [])
name: b11902143, hole_card: ['CQ', 'H2']
name: b10902037, hole_card: ['C4', 'H8']
"b10902037" declared "fold:0"
"['b11902143']" won the round 9 (stack = {'b11902143': 960, 'b10902037': 1036.1047788259152})
community cards of this round: ['DJ', 'D3', 'H3', 'C4', 'SA']
name: b11902143, hole_card: ['S4', 'S2']
name: b10902037, hole_card: ['C2', 'SK']
Started the round 10
Street "preflop" started. (community card = [])
name: b11902143, hole_card: ['S4', 'S2']
name: b10902037, hole_card: ['C2', 'SK']
"b11902143" declared "call:10"
name: b11902143, hole_card: ['S4', 'S2']
name: b10902037, hole_card: ['C2', 'SK']
"b10902037" declared "raise:44.09178206812898"
name: b11902143, hole_card: ['S4', 'S2']
name: b10902037, hole_card: ['C2', 'SK']
"b11902143" declared "fold:0"
"['b10902037']" won the round 10 (stack = {'b11902143': 950, 'b10902037': 1046.0129967577864})
community cards of this round: ['SK', 'SJ', 'HK', 'S2', 'C4']
name: b11902143, hole_card: ['S7', 'D7']
name: b10902037, hole_card: ['D6', 'CK']
Started the round 11
Street "preflop" started. (community card = [])
name: b11902143, hole_card: ['S7', 'D7']
name: b10902037, hole_card: ['D6', 'CK']
"b10902037" declared "raise:48.87492398135009"
name: b11902143, hole_card: ['S7', 'D7']
name: b10902037, hole_card: ['D6', 'CK']
"b11902143" declared "fold:0"
"['b10902037']" won the round 11 (stack = {'b11902143': 940, 'b10902037': 1055.1380727764363})
community cards of this round: ['D5', 'DA', 'C4', 'S9', 'CT']
name: b11902143, hole_card: ['H3', 'S5']
name: b10902037, hole_card: ['H4', 'D8']
Started the round 12
Street "preflop" started. (community card = [])
name: b11902143, hole_card: ['H3', 'S5']
name: b10902037, hole_card: ['H4', 'D8']
"b11902143" declared "raise:935"
name: b11902143, hole_card: ['H3', 'S5']
name: b10902037, hole_card: ['H4', 'D8']
"b10902037" declared "fold:0"
"['b11902143']" won the round 12 (stack = {'b11902143': 950, 'b10902037': 1045.1380727764363})
community cards of this round: ['HT', 'S8', 'C6', 'DA', 'CK']
name: b11902143, hole_card: ['SJ', 'CJ']
name: b10902037, hole_card: ['S2', 'H5']
Started the round 13
Street "preflop" started. (community card = [])
name: b11902143, hole_card: ['SJ', 'CJ']
name: b10902037, hole_card: ['S2', 'H5']
"b10902037" declared "fold:0"
"['b11902143']" won the round 13 (stack = {'b11902143': 955, 'b10902037': 1040.1380727764363})
community cards of this round: ['D9', 'H7', 'HA', 'S6', 'D5']
name: b11902143, hole_card: ['C7', 'SJ']
name: b10902037, hole_card: ['D8', 'CT']
Started the round 14
Street "preflop" started. (community card = [])
name: b11902143, hole_card: ['C7', 'SJ']
name: b10902037, hole_card: ['D8', 'CT']
"b11902143" declared "raise:950"
name: b11902143, hole_card: ['C7', 'SJ']
name: b10902037, hole_card: ['D8', 'CT']
"b10902037" declared "fold:0"
"['b11902143']" won the round 14 (stack = {'b11902143': 965, 'b10902037': 1030.1380727764363})
community cards of this round: ['HA', 'SK', 'C9', 'C8', 'DT']
name: b11902143, hole_card: ['DA', 'D5']
name: b10902037, hole_card: ['C7', 'H8']
Started the round 15
Street "preflop" started. (community card = [])
name: b11902143, hole_card: ['DA', 'D5']
name: b10902037, hole_card: ['C7', 'H8']
"b10902037" declared "call:10"
name: b11902143, hole_card: ['DA', 'D5']
name: b10902037, hole_card: ['C7', 'H8']
"b11902143" declared "raise:955"
name: b11902143, hole_card: ['DA', 'D5']
name: b10902037, hole_card: ['C7', 'H8']
"b10902037" declared "fold:0"
"['b11902143']" won the round 15 (stack = {'b11902143': 975, 'b10902037': 1020.1380727764363})
community cards of this round: ['ST', 'D4', 'HJ', 'SK', 'S9']
name: b11902143, hole_card: ['D7', 'S7']
name: b10902037, hole_card: ['DK', 'S4']
Started the round 16
Street "preflop" started. (community card = [])
name: b11902143, hole_card: ['D7', 'S7']
name: b10902037, hole_card: ['DK', 'S4']
"b11902143" declared "raise:970"
name: b11902143, hole_card: ['D7', 'S7']
name: b10902037, hole_card: ['DK', 'S4']
"b10902037" declared "fold:0"
"['b11902143']" won the round 16 (stack = {'b11902143': 985, 'b10902037': 1010.1380727764363})
community cards of this round: ['C6', 'D8', 'HT', 'SQ', 'S8']
name: b11902143, hole_card: ['H9', 'S7']
name: b10902037, hole_card: ['C8', 'S2']
Started the round 17
Street "preflop" started. (community card = [])
name: b11902143, hole_card: ['H9', 'S7']
name: b10902037, hole_card: ['C8', 'S2']
"b10902037" declared "raise:20"
name: b11902143, hole_card: ['H9', 'S7']
name: b10902037, hole_card: ['C8', 'S2']
"b11902143" declared "raise:975"
name: b11902143, hole_card: ['H9', 'S7']
name: b10902037, hole_card: ['C8', 'S2']
"b10902037" declared "fold:0"
"['b11902143']" won the round 17 (stack = {'b11902143': 1005, 'b10902037': 990.1380727764363})
community cards of this round: ['D3', 'D9', 'C3', 'HA', 'CA']
name: b11902143, hole_card: ['S2', 'SJ']
name: b10902037, hole_card: ['H2', 'DQ']
Started the round 18
Street "preflop" started. (community card = [])
name: b11902143, hole_card: ['S2', 'SJ']
name: b10902037, hole_card: ['H2', 'DQ']
"b11902143" declared "call:10"
name: b11902143, hole_card: ['S2', 'SJ']
name: b10902037, hole_card: ['H2', 'DQ']
"b10902037" declared "raise:990.1380727764363"
name: b11902143, hole_card: ['S2', 'SJ']
name: b10902037, hole_card: ['H2', 'DQ']
"b11902143" declared "fold:0"
"['b10902037']" won the round 18 (stack = {'b11902143': 995, 'b10902037': 1000.0})
community cards of this round: ['HT', 'DT', 'C6', 'DK', 'H6']
name: b11902143, hole_card: ['H3', 'D3']
name: b10902037, hole_card: ['D6', 'ST']
Started the round 19
Street "preflop" started. (community card = [])
name: b11902143, hole_card: ['H3', 'D3']
name: b10902037, hole_card: ['D6', 'ST']
"b10902037" declared "call:10"
name: b11902143, hole_card: ['H3', 'D3']
name: b10902037, hole_card: ['D6', 'ST']
"b11902143" declared "raise:985"
name: b11902143, hole_card: ['H3', 'D3']
name: b10902037, hole_card: ['D6', 'ST']
"b10902037" declared "call:985"
Street "flop" started. (community card = ['HT', 'DT', 'C6'])
name: b11902143, hole_card: ['H3', 'D3']
name: b10902037, hole_card: ['D6', 'ST']
"b10902037" declared "call:0"
name: b11902143, hole_card: ['H3', 'D3']
name: b10902037, hole_card: ['D6', 'ST']
"b11902143" declared "raise:10"
name: b11902143, hole_card: ['H3', 'D3']
name: b10902037, hole_card: ['D6', 'ST']
"b10902037" declared "call:10"
Street "turn" started. (community card = ['HT', 'DT', 'C6', 'DK'])
Street "river" started. (community card = ['HT', 'DT', 'C6', 'DK', 'H6'])
"['b10902037']" won the round 19 (stack = {'b11902143': 0, 'b10902037': 1995.0})
b10902037 vs b11902143 - Game 5: {'rule': {'initial_stack': 1000, 'max_round': 20, 'small_blind_amount': 5, 'ante': 0, 'blind_structure': {}}, 'players': [{'name': 'b11902143', 'uuid': 'cnhavqvyjockvcurkcojxc', 'stack': 0, 'state': 'folded'}, {'name': 'b10902037', 'uuid': 'trixkgppownyeozoacfjwk', 'stack': 1995.0, 'state': 'participating'}]}
Final Result: b10902037 won 3 games (stack: 9819.755895152313), b11902143 won 2 games (stack: 168.0)
