community cards of this round: ['CA', 'D5', 'SK', 'D4', 'H7']
name: b10902088, hole_card: ['C9', 'CK']
name: b10902091, hole_card: ['H9', 'D6']
Started the round 1
Street "preflop" started. (community card = [])
name: b10902088, hole_card: ['C9', 'CK']
name: b10902091, hole_card: ['H9', 'D6']
"b10902091" declared "raise:15"
coef: 0.5 0.07 0.22800000000000004
0.6096
name: b10902088, hole_card: ['C9', 'CK']
name: b10902091, hole_card: ['H9', 'D6']
"b10902088" declared "raise:49.870400000000004"
name: b10902088, hole_card: ['C9', 'CK']
name: b10902091, hole_card: ['H9', 'D6']
"b10902091" declared "call:49.870400000000004"
Street "flop" started. (community card = ['CA', 'D5', 'SK'])
name: b10902088, hole_card: ['C9', 'CK']
name: b10902091, hole_card: ['H9', 'D6']
"b10902091" declared "call:0"
coef: 0.3048
0.8216
name: b10902088, hole_card: ['C9', 'CK']
name: b10902091, hole_card: ['H9', 'D6']
"b10902088" declared "raise:164.482095872"
name: b10902088, hole_card: ['C9', 'CK']
name: b10902091, hole_card: ['H9', 'D6']
"b10902091" declared "fold:0"
"['b10902088']" won the round 1 (stack = {'b10902088': 1049.647504128, 'b10902091': 950.1296})
community cards of this round: ['DA', 'SJ', 'HT', 'HQ', 'H4']
name: b10902088, hole_card: ['DQ', 'DT']
name: b10902091, hole_card: ['H6', 'H3']
Started the round 2
Street "preflop" started. (community card = [])
coef: 0.3 0.07 0.33088
0.6072
name: b10902088, hole_card: ['DQ', 'DT']
name: b10902091, hole_card: ['H6', 'H3']
"b10902088" declared "raise:46.411898225326084"
name: b10902088, hole_card: ['DQ', 'DT']
name: b10902091, hole_card: ['H6', 'H3']
"b10902091" declared "fold:0"
"['b10902088']" won the round 2 (stack = {'b10902088': 1059.2356059026738, 'b10902091': 940.1296})
community cards of this round: ['HK', 'HA', 'ST', 'C3', 'S9']
name: b10902088, hole_card: ['S3', 'SQ']
name: b10902091, hole_card: ['H3', 'CK']
Started the round 3
Street "preflop" started. (community card = [])
name: b10902088, hole_card: ['S3', 'SQ']
name: b10902091, hole_card: ['H3', 'CK']
"b10902091" declared "raise:15"
coef: 0.35 0.14 0.394528
0.5064
name: b10902088, hole_card: ['S3', 'SQ']
name: b10902091, hole_card: ['H3', 'CK']
"b10902088" declared "call:15"
Street "flop" started. (community card = ['HK', 'HA', 'ST'])
name: b10902088, hole_card: ['S3', 'SQ']
name: b10902091, hole_card: ['H3', 'CK']
"b10902091" declared "raise:97.43520000000001"
coef: 0.45671680000000003
0.5248
name: b10902088, hole_card: ['S3', 'SQ']
name: b10902091, hole_card: ['H3', 'CK']
"b10902088" declared "call:97.43520000000001"
Street "turn" started. (community card = ['HK', 'HA', 'ST', 'C3'])
name: b10902088, hole_card: ['S3', 'SQ']
name: b10902091, hole_card: ['H3', 'CK']
"b10902091" declared "raise:97.43520000000001"
coef: 0.51403008
0.5756
name: b10902088, hole_card: ['S3', 'SQ']
name: b10902091, hole_card: ['H3', 'CK']
"b10902088" declared "call:97.43520000000001"
Street "river" started. (community card = ['HK', 'HA', 'ST', 'C3', 'S9'])
name: b10902088, hole_card: ['S3', 'SQ']
name: b10902091, hole_card: ['H3', 'CK']
"b10902091" declared "raise:194.87040000000002"
coef: 0.5501323337142857
0.4808
ffff
name: b10902088, hole_card: ['S3', 'SQ']
name: b10902091, hole_card: ['H3', 'CK']
"b10902088" declared "fold:0"
"['b10902091']" won the round 3 (stack = {'b10902088': 849.3652059026738, 'b10902091': 1149.3888})
community cards of this round: ['D8', 'DJ', 'H8', 'ST', 'D2']
name: b10902088, hole_card: ['CA', 'H3']
name: b10902091, hole_card: ['HA', 'S7']
Started the round 4
Street "preflop" started. (community card = [])
coef: 0.3875 0.19 0.5610794002285714
0.5436
name: b10902088, hole_card: ['CA', 'H3']
name: b10902091, hole_card: ['HA', 'S7']
"b10902088" declared "raise:37.67804629643467"
name: b10902088, hole_card: ['CA', 'H3']
name: b10902091, hole_card: ['HA', 'S7']
"b10902091" declared "fold:0"
"['b10902088']" won the round 4 (stack = {'b10902088': 858.6871596062391, 'b10902091': 1139.3888})
community cards of this round: ['D6', 'C8', 'D5', 'CT', 'HK']
name: b10902088, hole_card: ['CJ', 'H8']
name: b10902091, hole_card: ['C4', 'DT']
Started the round 5
Street "preflop" started. (community card = [])
name: b10902088, hole_card: ['CJ', 'H8']
name: b10902091, hole_card: ['C4', 'DT']
"b10902091" declared "fold:0"
"['b10902088']" won the round 5 (stack = {'b10902088': 863.6871596062391, 'b10902091': 1134.3888})
community cards of this round: ['S7', 'SK', 'C7', 'DT', 'H5']
name: b10902088, hole_card: ['S5', 'SA']
name: b10902091, hole_card: ['SQ', 'S6']
Started the round 6
Street "preflop" started. (community card = [])
coef: 0.3666666666666667 0.19 0.5593143068038096
0.6156
name: b10902088, hole_card: ['S5', 'SA']
name: b10902091, hole_card: ['SQ', 'S6']
"b10902088" declared "raise:41.12259077268004"
name: b10902088, hole_card: ['S5', 'SA']
name: b10902091, hole_card: ['SQ', 'S6']
"b10902091" declared "fold:0"
"['b10902088']" won the round 6 (stack = {'b10902088': 873.5645688335591, 'b10902091': 1124.3888})
community cards of this round: ['CJ', 'SQ', 'CT', 'HQ', 'HT']
name: b10902088, hole_card: ['D2', 'D8']
name: b10902091, hole_card: ['DQ', 'D3']
Started the round 7
Street "preflop" started. (community card = [])
name: b10902088, hole_card: ['D2', 'D8']
name: b10902091, hole_card: ['DQ', 'D3']
"b10902091" declared "fold:0"
"['b10902088']" won the round 7 (stack = {'b10902088': 878.5645688335591, 'b10902091': 1119.3888})
community cards of this round: ['H9', 'DK', 'DJ', 'H6', 'C2']
name: b10902088, hole_card: ['C6', 'D2']
name: b10902091, hole_card: ['H3', 'S4']
Started the round 8
Street "preflop" started. (community card = [])
coef: 0.35 0.19 0.5515885840822857
0.3224
name: b10902088, hole_card: ['C6', 'D2']
name: b10902091, hole_card: ['H3', 'S4']
"b10902088" declared "call:10"
name: b10902088, hole_card: ['C6', 'D2']
name: b10902091, hole_card: ['H3', 'S4']
"b10902091" declared "fold:0"
"['b10902088']" won the round 8 (stack = {'b10902088': 888.5645688335591, 'b10902091': 1109.3888})
community cards of this round: ['H9', 'H7', 'C3', 'HQ', 'DK']
name: b10902088, hole_card: ['D2', 'CQ']
name: b10902091, hole_card: ['DA', 'H8']
Started the round 9
Street "preflop" started. (community card = [])
name: b10902088, hole_card: ['D2', 'CQ']
name: b10902091, hole_card: ['DA', 'H8']
"b10902091" declared "fold:0"
"['b10902088']" won the round 9 (stack = {'b10902088': 893.5645688335591, 'b10902091': 1104.3888})
community cards of this round: ['S2', 'H8', 'S8', 'S3', 'HQ']
name: b10902088, hole_card: ['HK', 'S7']
name: b10902091, hole_card: ['C9', 'DK']
Started the round 10
Street "preflop" started. (community card = [])
coef: 0.33636363636363636 0.19 0.5414986049948259
0.57
name: b10902088, hole_card: ['HK', 'S7']
name: b10902091, hole_card: ['C9', 'DK']
"b10902088" declared "raise:40.03909021175643"
name: b10902088, hole_card: ['HK', 'S7']
name: b10902091, hole_card: ['C9', 'DK']
"b10902091" declared "fold:0"
"['b10902088']" won the round 10 (stack = {'b10902088': 903.5254786218027, 'b10902091': 1094.3888})
community cards of this round: ['H6', 'SK', 'HQ', 'C8', 'SA']
name: b10902088, hole_card: ['CK', 'C5']
name: b10902091, hole_card: ['S5', 'D5']
Started the round 11
Street "preflop" started. (community card = [])
name: b10902088, hole_card: ['CK', 'C5']
name: b10902091, hole_card: ['S5', 'D5']
"b10902091" declared "fold:0"
"['b10902088']" won the round 11 (stack = {'b10902088': 908.5254786218027, 'b10902091': 1089.3888})
community cards of this round: ['D7', 'S5', 'H7', 'H4', 'D2']
name: b10902088, hole_card: ['S4', 'SK']
name: b10902091, hole_card: ['DT', 'HK']
Started the round 12
Street "preflop" started. (community card = [])
coef: 0.325 0.19 0.5308991629968955
0.534
name: b10902088, hole_card: ['S4', 'SK']
name: b10902091, hole_card: ['DT', 'HK']
"b10902088" declared "raise:38.85713027920214"
name: b10902088, hole_card: ['S4', 'SK']
name: b10902091, hole_card: ['DT', 'HK']
"b10902091" declared "fold:0"
"['b10902088']" won the round 12 (stack = {'b10902088': 917.6683483426006, 'b10902091': 1079.3888})
community cards of this round: ['HJ', 'HK', 'HT', 'C4', 'S9']
name: b10902088, hole_card: ['H6', 'S2']
name: b10902091, hole_card: ['S4', 'S3']
Started the round 13
Street "preflop" started. (community card = [])
name: b10902088, hole_card: ['H6', 'S2']
name: b10902091, hole_card: ['S4', 'S3']
"b10902091" declared "fold:0"
"['b10902088']" won the round 13 (stack = {'b10902088': 922.6683483426006, 'b10902091': 1074.3888})
community cards of this round: ['CK', 'CQ', 'D4', 'DK', 'SA']
name: b10902088, hole_card: ['HT', 'S7']
name: b10902091, hole_card: ['S5', 'D9']
Started the round 14
Street "preflop" started. (community card = [])
coef: 0.3153846153846154 0.19 0.5206933439519834
0.4712
name: b10902088, hole_card: ['HT', 'S7']
name: b10902091, hole_card: ['S5', 'D9']
"b10902088" declared "raise:36.38466628695167"
name: b10902088, hole_card: ['HT', 'S7']
name: b10902091, hole_card: ['S5', 'D9']
"b10902091" declared "fold:0"
"['b10902088']" won the round 14 (stack = {'b10902088': 932.2836820556489, 'b10902091': 1064.3888})
community cards of this round: ['S9', 'DT', 'S3', 'HA', 'D2']
name: b10902088, hole_card: ['CJ', 'D3']
name: b10902091, hole_card: ['S5', 'DA']
Started the round 15
Street "preflop" started. (community card = [])
name: b10902088, hole_card: ['CJ', 'D3']
name: b10902091, hole_card: ['S5', 'DA']
"b10902091" declared "fold:0"
"['b10902088']" won the round 15 (stack = {'b10902088': 937.2836820556489, 'b10902091': 1059.3888})
community cards of this round: ['C2', 'CK', 'SK', 'S7', 'C9']
name: b10902088, hole_card: ['C4', 'D2']
name: b10902091, hole_card: ['HA', 'D8']
Started the round 16
Street "preflop" started. (community card = [])
coef: 0.30714285714285716 0.19 0.5112731492283329
0.288
name: b10902088, hole_card: ['C4', 'D2']
name: b10902091, hole_card: ['HA', 'D8']
"b10902088" declared "call:10"
name: b10902088, hole_card: ['C4', 'D2']
name: b10902091, hole_card: ['HA', 'D8']
"b10902091" declared "fold:0"
"['b10902088']" won the round 16 (stack = {'b10902088': 947.2836820556489, 'b10902091': 1049.3888})
community cards of this round: ['HQ', 'H2', 'C4', 'S9', 'DQ']
name: b10902088, hole_card: ['H8', 'C3']
name: b10902091, hole_card: ['S5', 'H5']
Started the round 17
Street "preflop" started. (community card = [])
name: b10902088, hole_card: ['H8', 'C3']
name: b10902091, hole_card: ['S5', 'H5']
"b10902091" declared "fold:0"
"['b10902088']" won the round 17 (stack = {'b10902088': 952.2836820556489, 'b10902091': 1044.3888})
community cards of this round: ['D4', 'CK', 'S6', 'D8', 'S8']
name: b10902088, hole_card: ['D6', 'DA']
name: b10902091, hole_card: ['C4', 'CJ']
Started the round 18
Street "preflop" started. (community card = [])
coef: 0.3 0.19 0.5027638895369997
0.6116
name: b10902088, hole_card: ['D6', 'DA']
name: b10902091, hole_card: ['C4', 'CJ']
"b10902088" declared "raise:43.662134997261745"
name: b10902088, hole_card: ['D6', 'DA']
name: b10902091, hole_card: ['C4', 'CJ']
"b10902091" declared "fold:0"
"['b10902088']" won the round 18 (stack = {'b10902088': 961.6215470583871, 'b10902091': 1034.3888})
community cards of this round: ['HJ', 'C7', 'DK', 'C9', 'D6']
name: b10902088, hole_card: ['C3', 'S5']
name: b10902091, hole_card: ['S3', 'D3']
Started the round 19
Street "preflop" started. (community card = [])
name: b10902088, hole_card: ['C3', 'S5']
name: b10902091, hole_card: ['S3', 'D3']
"b10902091" declared "fold:0"
"['b10902088']" won the round 19 (stack = {'b10902088': 966.6215470583871, 'b10902091': 1029.3888})
community cards of this round: ['H8', 'CJ', 'H5', 'S8', 'DJ']
name: b10902088, hole_card: ['H4', 'S6']
name: b10902091, hole_card: ['S5', 'CK']
Started the round 20
Street "preflop" started. (community card = [])
coef: 0.29375 0.19 0.4951583337221998
0.3848
name: b10902088, hole_card: ['H4', 'S6']
name: b10902091, hole_card: ['S5', 'CK']
"b10902088" declared "call:10"
name: b10902088, hole_card: ['H4', 'S6']
name: b10902091, hole_card: ['S5', 'CK']
"b10902091" declared "fold:0"
"['b10902088']" won the round 20 (stack = {'b10902088': 976.6215470583871, 'b10902091': 1019.3888})
b10902091 vs b10902088 - Game 1: {'rule': {'initial_stack': 1000, 'max_round': 20, 'small_blind_amount': 5, 'ante': 0, 'blind_structure': {}}, 'players': [{'name': 'b10902088', 'uuid': 'kfujowofsizolsmrpifkkt', 'stack': 976.6215470583871, 'state': 'participating'}, {'name': 'b10902091', 'uuid': 'xksckkatzsomnmkvvzglik', 'stack': 1019.3888, 'state': 'participating'}]}
community cards of this round: ['CA', 'D5', 'SK', 'D4', 'H7']
name: b10902091, hole_card: ['C9', 'CK']
name: b10902088, hole_card: ['H9', 'D6']
Started the round 1
Street "preflop" started. (community card = [])
coef: 0.2 0.0 0.08000000000000002
0.4624
name: b10902091, hole_card: ['C9', 'CK']
name: b10902088, hole_card: ['H9', 'D6']
"b10902088" declared "raise:28.663919999999997"
name: b10902091, hole_card: ['C9', 'CK']
name: b10902088, hole_card: ['H9', 'D6']
"b10902091" declared "call:28.663919999999997"
Street "flop" started. (community card = ['CA', 'D5', 'SK'])
coef: 0.12800000000000003
0.3072
name: b10902091, hole_card: ['C9', 'CK']
name: b10902088, hole_card: ['H9', 'D6']
"b10902088" declared "call:0"
name: b10902091, hole_card: ['C9', 'CK']
name: b10902088, hole_card: ['H9', 'D6']
"b10902091" declared "raise:72.5"
coef: 0.20879999999999999
0.3088
ffff
name: b10902091, hole_card: ['C9', 'CK']
name: b10902088, hole_card: ['H9', 'D6']
"b10902088" declared "fold:0"
"['b10902091']" won the round 1 (stack = {'b10902091': 1027.83608, 'b10902088': 971.33608})
community cards of this round: ['DA', 'SJ', 'HT', 'HQ', 'H4']
name: b10902091, hole_card: ['DQ', 'DT']
name: b10902088, hole_card: ['H6', 'H3']
Started the round 2
Street "preflop" started. (community card = [])
name: b10902091, hole_card: ['DQ', 'DT']
name: b10902088, hole_card: ['H6', 'H3']
"b10902091" declared "raise:15"
coef: 0.35 0.1 0.30528
0.3876
name: b10902091, hole_card: ['DQ', 'DT']
name: b10902088, hole_card: ['H6', 'H3']
"b10902088" declared "call:15"
Street "flop" started. (community card = ['DA', 'SJ', 'HT'])
name: b10902091, hole_card: ['DQ', 'DT']
name: b10902088, hole_card: ['H6', 'H3']
"b10902091" declared "raise:56.08195999999998"
coef: 0.387168
0.2172
ffff
name: b10902091, hole_card: ['DQ', 'DT']
name: b10902088, hole_card: ['H6', 'H3']
"b10902088" declared "fold:0"
"['b10902091']" won the round 2 (stack = {'b10902091': 1042.75412, 'b10902088': 956.33608})
community cards of this round: ['HK', 'HA', 'ST', 'C3', 'S9']
name: b10902091, hole_card: ['S3', 'SQ']
name: b10902088, hole_card: ['H3', 'CK']
Started the round 3
Street "preflop" started. (community card = [])
coef: 0.35 0.13 0.42430080000000003
0.526
name: b10902091, hole_card: ['S3', 'SQ']
name: b10902088, hole_card: ['H3', 'CK']
"b10902088" declared "raise:39.757138904"
name: b10902091, hole_card: ['S3', 'SQ']
name: b10902088, hole_card: ['H3', 'CK']
"b10902091" declared "call:39.757138904"
Street "flop" started. (community card = ['HK', 'HA', 'ST'])
coef: 0.43800905142857144
0.7404
name: b10902091, hole_card: ['S3', 'SQ']
name: b10902088, hole_card: ['H3', 'CK']
"b10902088" declared "raise:144.24620959749566"
name: b10902091, hole_card: ['S3', 'SQ']
name: b10902088, hole_card: ['H3', 'CK']
"b10902091" declared "fold:0"
"['b10902088']" won the round 3 (stack = {'b10902091': 1002.996981096, 'b10902088': 995.3327314985044})
community cards of this round: ['D8', 'DJ', 'H8', 'ST', 'D2']
name: b10902091, hole_card: ['CA', 'H3']
name: b10902088, hole_card: ['HA', 'S7']
Started the round 4
Street "preflop" started. (community card = [])
name: b10902091, hole_card: ['CA', 'H3']
name: b10902088, hole_card: ['HA', 'S7']
"b10902091" declared "raise:15"
coef: 0.35 0.2 0.4828054308571429
0.5844
name: b10902091, hole_card: ['CA', 'H3']
name: b10902088, hole_card: ['HA', 'S7']
"b10902088" declared "raise:48.499222414386296"
name: b10902091, hole_card: ['CA', 'H3']
name: b10902088, hole_card: ['HA', 'S7']
"b10902091" declared "call:48.499222414386296"
Street "flop" started. (community card = ['D8', 'DJ', 'H8'])
name: b10902091, hole_card: ['CA', 'H3']
name: b10902088, hole_card: ['HA', 'S7']
"b10902091" declared "call:0"
coef: 0.503016591847619
0.566
name: b10902091, hole_card: ['CA', 'H3']
name: b10902088, hole_card: ['HA', 'S7']
"b10902088" declared "raise:116.04955322832217"
name: b10902091, hole_card: ['CA', 'H3']
name: b10902088, hole_card: ['HA', 'S7']
"b10902091" declared "fold:0"
"['b10902088']" won the round 4 (stack = {'b10902091': 954.4977586816137, 'b10902088': 1043.783955855796})
community cards of this round: ['D6', 'C8', 'D5', 'CT', 'HK']
name: b10902091, hole_card: ['CJ', 'H8']
name: b10902088, hole_card: ['C4', 'DT']
Started the round 5
Street "preflop" started. (community card = [])
coef: 0.32 0.2 0.5098099551085714
0.4408
name: b10902091, hole_card: ['CJ', 'H8']
name: b10902088, hole_card: ['C4', 'DT']
"b10902088" declared "call:10"
name: b10902091, hole_card: ['CJ', 'H8']
name: b10902088, hole_card: ['C4', 'DT']
"b10902091" declared "raise:15"
coef: 0.33636363636363636 0.27 0.5484314276105974
0.442
name: b10902091, hole_card: ['CJ', 'H8']
name: b10902088, hole_card: ['C4', 'DT']
"b10902088" declared "call:15"
Street "flop" started. (community card = ['D6', 'C8', 'D5'])
coef: 0.5890588565663584
0.3444
name: b10902091, hole_card: ['CJ', 'H8']
name: b10902088, hole_card: ['C4', 'DT']
"b10902088" declared "call:0"
name: b10902091, hole_card: ['CJ', 'H8']
name: b10902088, hole_card: ['C4', 'DT']
"b10902091" declared "call:0"
Street "turn" started. (community card = ['D6', 'C8', 'D5', 'CT'])
coef: 0.6088199293244305
0.7476
name: b10902091, hole_card: ['CJ', 'H8']
name: b10902088, hole_card: ['C4', 'DT']
"b10902088" declared "raise:162.3285770795586"
name: b10902091, hole_card: ['CJ', 'H8']
name: b10902088, hole_card: ['C4', 'DT']
"b10902091" declared "fold:0"
"['b10902088']" won the round 5 (stack = {'b10902091': 939.4977586816137, 'b10902088': 1058.4553787762375})
community cards of this round: ['S7', 'SK', 'C7', 'DT', 'H5']
name: b10902091, hole_card: ['S5', 'SA']
name: b10902088, hole_card: ['SQ', 'S6']
Started the round 6
Street "preflop" started. (community card = [])
name: b10902091, hole_card: ['S5', 'SA']
name: b10902088, hole_card: ['SQ', 'S6']
"b10902091" declared "raise:15"
coef: 0.35 0.37 0.6532919575946583
0.5568
name: b10902091, hole_card: ['S5', 'SA']
name: b10902088, hole_card: ['SQ', 'S6']
"b10902088" declared "raise:48.91059774513045"
name: b10902091, hole_card: ['S5', 'SA']
name: b10902088, hole_card: ['SQ', 'S6']
"b10902091" declared "call:48.91059774513045"
Street "flop" started. (community card = ['S7', 'SK', 'C7'])
name: b10902091, hole_card: ['S5', 'SA']
name: b10902088, hole_card: ['SQ', 'S6']
"b10902091" declared "raise:85.25112065919313"
coef: 0.695975174556795
0.662
name: b10902091, hole_card: ['S5', 'SA']
name: b10902088, hole_card: ['SQ', 'S6']
"b10902088" declared "raise:725.9484026082074"
name: b10902091, hole_card: ['S5', 'SA']
name: b10902088, hole_card: ['SQ', 'S6']
"b10902091" declared "call:725.9484026082074"
Street "turn" started. (community card = ['S7', 'SK', 'C7', 'DT'])
name: b10902091, hole_card: ['S5', 'SA']
name: b10902088, hole_card: ['SQ', 'S6']
"b10902091" declared "call:0"
coef: 0.7175851047340771
0.5524
name: b10902091, hole_card: ['S5', 'SA']
name: b10902088, hole_card: ['SQ', 'S6']
"b10902088" declared "raise:161.13463944080976"
name: b10902091, hole_card: ['S5', 'SA']
name: b10902088, hole_card: ['SQ', 'S6']
"b10902091" declared "call:161.13463944080976"
Street "river" started. (community card = ['S7', 'SK', 'C7', 'DT', 'H5'])
name: b10902091, hole_card: ['S5', 'SA']
name: b10902088, hole_card: ['SQ', 'S6']
"b10902091" declared "call:0"
coef: 0.7270216510757403
0.3912
name: b10902091, hole_card: ['S5', 'SA']
name: b10902088, hole_card: ['SQ', 'S6']
"b10902088" declared "call:0"
"['b10902091']" won the round 6 (stack = {'b10902091': 1874.5041188874661, 'b10902088': 122.46173898208988})
community cards of this round: ['CJ', 'SQ', 'CT', 'HQ', 'HT']
name: b10902091, hole_card: ['D2', 'D8']
name: b10902088, hole_card: ['DQ', 'D3']
Started the round 7
Street "preflop" started. (community card = [])
coef: 0.3333333333333333 0.4 0.7295463239787776
0.5016
name: b10902091, hole_card: ['D2', 'D8']
name: b10902088, hole_card: ['DQ', 'D3']
"b10902088" declared "raise:17.695140413670813"
name: b10902091, hole_card: ['D2', 'D8']
name: b10902088, hole_card: ['DQ', 'D3']
"b10902091" declared "fold:0"
"['b10902088']" won the round 7 (stack = {'b10902091': 1864.5041188874661, 'b10902088': 131.76659856841906})
community cards of this round: ['H9', 'DK', 'DJ', 'H6', 'C2']
name: b10902091, hole_card: ['C6', 'D2']
name: b10902088, hole_card: ['H3', 'S4']
Started the round 8
Street "preflop" started. (community card = [])
name: b10902091, hole_card: ['C6', 'D2']
name: b10902088, hole_card: ['H3', 'S4']
"b10902091" declared "fold:0"
"['b10902088']" won the round 8 (stack = {'b10902091': 1859.5041188874661, 'b10902088': 136.76659856841906})
community cards of this round: ['H9', 'H7', 'C3', 'HQ', 'DK']
name: b10902091, hole_card: ['D2', 'CQ']
name: b10902088, hole_card: ['DA', 'H8']
Started the round 9
Street "preflop" started. (community card = [])
coef: 0.3263157894736842 0.4 0.7282541101767402
0.6328
name: b10902091, hole_card: ['D2', 'CQ']
name: b10902088, hole_card: ['DA', 'H8']
"b10902088" declared "raise:18.852695178704778"
name: b10902091, hole_card: ['D2', 'CQ']
name: b10902088, hole_card: ['DA', 'H8']
"b10902091" declared "fold:0"
"['b10902088']" won the round 9 (stack = {'b10902091': 1849.5041188874661, 'b10902088': 145.91390338971428})
community cards of this round: ['S2', 'H8', 'S8', 'S3', 'HQ']
name: b10902091, hole_card: ['HK', 'S7']
name: b10902088, hole_card: ['C9', 'DK']
Started the round 10
Street "preflop" started. (community card = [])
name: b10902091, hole_card: ['HK', 'S7']
name: b10902088, hole_card: ['C9', 'DK']
"b10902091" declared "fold:0"
"['b10902088']" won the round 10 (stack = {'b10902091': 1844.5041188874661, 'b10902088': 150.91390338971428})
community cards of this round: ['H6', 'SK', 'HQ', 'C8', 'SA']
name: b10902091, hole_card: ['CK', 'C5']
name: b10902088, hole_card: ['S5', 'D5']
Started the round 11
Street "preflop" started. (community card = [])
coef: 0.32 0.4 0.7249524661060441
0.596
name: b10902091, hole_card: ['CK', 'C5']
name: b10902088, hole_card: ['S5', 'D5']
"b10902088" declared "raise:19.050234321013484"
name: b10902091, hole_card: ['CK', 'C5']
name: b10902088, hole_card: ['S5', 'D5']
"b10902091" declared "fold:0"
"['b10902088']" won the round 11 (stack = {'b10902091': 1834.5041188874661, 'b10902088': 160.8636690687008})
community cards of this round: ['D7', 'S5', 'H7', 'H4', 'D2']
name: b10902091, hole_card: ['S4', 'SK']
name: b10902088, hole_card: ['DT', 'HK']
Started the round 12
Street "preflop" started. (community card = [])
name: b10902091, hole_card: ['S4', 'SK']
name: b10902088, hole_card: ['DT', 'HK']
"b10902091" declared "fold:0"
"['b10902088']" won the round 12 (stack = {'b10902091': 1829.5041188874661, 'b10902088': 165.8636690687008})
community cards of this round: ['HJ', 'HK', 'HT', 'C4', 'S9']
name: b10902091, hole_card: ['H6', 'S2']
name: b10902088, hole_card: ['S4', 'S3']
Started the round 13
Street "preflop" started. (community card = [])
coef: 0.3142857142857143 0.4 0.7206857653779122
0.3592
name: b10902091, hole_card: ['H6', 'S2']
name: b10902088, hole_card: ['S4', 'S3']
"b10902088" declared "call:10"
name: b10902091, hole_card: ['H6', 'S2']
name: b10902088, hole_card: ['S4', 'S3']
"b10902091" declared "fold:0"
"['b10902088']" won the round 13 (stack = {'b10902091': 1819.5041188874661, 'b10902088': 175.8636690687008})
community cards of this round: ['CK', 'CQ', 'D4', 'DK', 'SA']
name: b10902091, hole_card: ['HT', 'S7']
name: b10902088, hole_card: ['S5', 'D9']
Started the round 14
Street "preflop" started. (community card = [])
name: b10902091, hole_card: ['HT', 'S7']
name: b10902088, hole_card: ['S5', 'D9']
"b10902091" declared "fold:0"
"['b10902088']" won the round 14 (stack = {'b10902091': 1814.5041188874661, 'b10902088': 180.8636690687008})
community cards of this round: ['S9', 'DT', 'S3', 'HA', 'D2']
name: b10902091, hole_card: ['CJ', 'D3']
name: b10902088, hole_card: ['S5', 'DA']
Started the round 15
Street "preflop" started. (community card = [])
coef: 0.3090909090909091 0.4 0.7160478228631109
0.5808
name: b10902091, hole_card: ['CJ', 'D3']
name: b10902088, hole_card: ['S5', 'DA']
"b10902088" declared "raise:19.81668094975507"
name: b10902091, hole_card: ['CJ', 'D3']
name: b10902088, hole_card: ['S5', 'DA']
"b10902091" declared "fold:0"
"['b10902088']" won the round 15 (stack = {'b10902091': 1804.5041188874661, 'b10902088': 190.04698811894573})
community cards of this round: ['C2', 'CK', 'SK', 'S7', 'C9']
name: b10902091, hole_card: ['C4', 'D2']
name: b10902088, hole_card: ['HA', 'D8']
Started the round 16
Street "preflop" started. (community card = [])
name: b10902091, hole_card: ['C4', 'D2']
name: b10902088, hole_card: ['HA', 'D8']
"b10902091" declared "fold:0"
"['b10902088']" won the round 16 (stack = {'b10902091': 1799.5041188874661, 'b10902088': 195.04698811894573})
community cards of this round: ['HQ', 'H2', 'C4', 'S9', 'DQ']
name: b10902091, hole_card: ['H8', 'C3']
name: b10902088, hole_card: ['S5', 'H5']
Started the round 17
Street "preflop" started. (community card = [])
coef: 0.30434782608695654 0.4 0.7113678241526491
0.5996
name: b10902091, hole_card: ['H8', 'C3']
name: b10902088, hole_card: ['S5', 'H5']
"b10902088" declared "raise:20.397808703805993"
name: b10902091, hole_card: ['H8', 'C3']
name: b10902088, hole_card: ['S5', 'H5']
"b10902091" declared "fold:0"
"['b10902088']" won the round 17 (stack = {'b10902091': 1789.5041188874661, 'b10902088': 204.64917941513974})
community cards of this round: ['D4', 'CK', 'S6', 'D8', 'S8']
name: b10902091, hole_card: ['D6', 'DA']
name: b10902088, hole_card: ['C4', 'CJ']
Started the round 18
Street "preflop" started. (community card = [])
name: b10902091, hole_card: ['D6', 'DA']
name: b10902088, hole_card: ['C4', 'CJ']
"b10902091" declared "fold:0"
"['b10902088']" won the round 18 (stack = {'b10902091': 1784.5041188874661, 'b10902088': 209.64917941513974})
community cards of this round: ['HJ', 'C7', 'DK', 'C9', 'D6']
name: b10902091, hole_card: ['C3', 'S5']
name: b10902088, hole_card: ['S3', 'D3']
Started the round 19
Street "preflop" started. (community card = [])
coef: 0.3 0.4 0.7068206944915894
0.544
name: b10902091, hole_card: ['C3', 'S5']
name: b10902088, hole_card: ['S3', 'D3']
"b10902088" declared "raise:20.294457680091803"
name: b10902091, hole_card: ['C3', 'S5']
name: b10902088, hole_card: ['S3', 'D3']
"b10902091" declared "fold:0"
"['b10902088']" won the round 19 (stack = {'b10902091': 1774.5041188874661, 'b10902088': 219.35472173504795})
community cards of this round: ['H8', 'CJ', 'H5', 'S8', 'DJ']
name: b10902091, hole_card: ['H4', 'S6']
name: b10902088, hole_card: ['S5', 'CK']
Started the round 20
Street "preflop" started. (community card = [])
name: b10902091, hole_card: ['H4', 'S6']
name: b10902088, hole_card: ['S5', 'CK']
"b10902091" declared "fold:0"
"['b10902088']" won the round 20 (stack = {'b10902091': 1769.5041188874661, 'b10902088': 224.35472173504795})
b10902091 vs b10902088 - Game 2: {'rule': {'initial_stack': 1000, 'max_round': 20, 'small_blind_amount': 5, 'ante': 0, 'blind_structure': {}}, 'players': [{'name': 'b10902091', 'uuid': 'prjmvdcajkhhkxglkzrwzj', 'stack': 1769.5041188874661, 'state': 'participating'}, {'name': 'b10902088', 'uuid': 'jkuzlrpcqrkybnywlmgebq', 'stack': 224.35472173504795, 'state': 'participating'}]}
community cards of this round: ['H6', 'C9', 'C5', 'DJ', 'D9']
name: b10902088, hole_card: ['S2', 'SA']
name: b10902091, hole_card: ['H7', 'DT']
Started the round 1
Street "preflop" started. (community card = [])
name: b10902088, hole_card: ['S2', 'SA']
name: b10902091, hole_card: ['H7', 'DT']
"b10902091" declared "raise:15"
coef: 0.5 0.07 0.22800000000000004
0.5668
name: b10902088, hole_card: ['S2', 'SA']
name: b10902091, hole_card: ['H7', 'DT']
"b10902088" declared "raise:47.7732"
name: b10902088, hole_card: ['S2', 'SA']
name: b10902091, hole_card: ['H7', 'DT']
"b10902091" declared "call:47.7732"
Street "flop" started. (community card = ['H6', 'C9', 'C5'])
name: b10902088, hole_card: ['S2', 'SA']
name: b10902091, hole_card: ['H7', 'DT']
"b10902091" declared "call:0"
coef: 0.3048
0.3796
name: b10902088, hole_card: ['S2', 'SA']
name: b10902091, hole_card: ['H7', 'DT']
"b10902088" declared "call:0"
Street "turn" started. (community card = ['H6', 'C9', 'C5', 'DJ'])
name: b10902088, hole_card: ['S2', 'SA']
name: b10902091, hole_card: ['H7', 'DT']
"b10902091" declared "call:0"
coef: 0.33088
0.3528
name: b10902088, hole_card: ['S2', 'SA']
name: b10902091, hole_card: ['H7', 'DT']
"b10902088" declared "call:0"
Street "river" started. (community card = ['H6', 'C9', 'C5', 'DJ', 'D9'])
name: b10902088, hole_card: ['S2', 'SA']
name: b10902091, hole_card: ['H7', 'DT']
"b10902091" declared "call:0"
coef: 0.33652800000000005
0.4348
name: b10902088, hole_card: ['S2', 'SA']
name: b10902091, hole_card: ['H7', 'DT']
"b10902088" declared "call:0"
"['b10902088']" won the round 1 (stack = {'b10902088': 1047.2268, 'b10902091': 952.2268})
community cards of this round: ['H2', 'HA', 'H7', 'C6', 'CJ']
name: b10902088, hole_card: ['H4', 'S3']
name: b10902091, hole_card: ['CT', 'C3']
Started the round 2
Street "preflop" started. (community card = [])
coef: 0.26 0.07 0.3339168
0.3112
name: b10902088, hole_card: ['H4', 'S3']
name: b10902091, hole_card: ['CT', 'C3']
"b10902088" declared "call:10"
name: b10902088, hole_card: ['H4', 'S3']
name: b10902091, hole_card: ['CT', 'C3']
"b10902091" declared "raise:15"
coef: 0.3 0.14 0.37635008000000003
0.3248
name: b10902088, hole_card: ['H4', 'S3']
name: b10902091, hole_card: ['CT', 'C3']
"b10902088" declared "call:15"
Street "flop" started. (community card = ['H2', 'HA', 'H7'])
coef: 0.42523861942857144
0.3284
name: b10902088, hole_card: ['H4', 'S3']
name: b10902091, hole_card: ['CT', 'C3']
"b10902088" declared "call:0"
name: b10902088, hole_card: ['H4', 'S3']
name: b10902091, hole_card: ['CT', 'C3']
"b10902091" declared "call:0"
Street "turn" started. (community card = ['H2', 'HA', 'H7', 'C6'])
coef: 0.4481431716571429
0.2592
ffff
name: b10902088, hole_card: ['H4', 'S3']
name: b10902091, hole_card: ['CT', 'C3']
"b10902088" declared "fold:0"
"['b10902091']" won the round 2 (stack = {'b10902088': 1032.2268, 'b10902091': 967.2268})
community cards of this round: ['S6', 'H8', 'C9', 'DA', 'SJ']
name: b10902088, hole_card: ['DK', 'HJ']
name: b10902091, hole_card: ['HK', 'DQ']
Started the round 3
Street "preflop" started. (community card = [])
name: b10902088, hole_card: ['DK', 'HJ']
name: b10902091, hole_card: ['HK', 'DQ']
"b10902091" declared "raise:15"
coef: 0.3333333333333333 0.24000000000000002 0.4982192363276191
0.6304
name: b10902088, hole_card: ['DK', 'HJ']
name: b10902091, hole_card: ['HK', 'DQ']
"b10902088" declared "raise:51.905388736"
name: b10902088, hole_card: ['DK', 'HJ']
name: b10902091, hole_card: ['HK', 'DQ']
"b10902091" declared "call:51.905388736"
Street "flop" started. (community card = ['S6', 'H8', 'C9'])
name: b10902088, hole_card: ['DK', 'HJ']
name: b10902091, hole_card: ['HK', 'DQ']
"b10902091" declared "call:0"
coef: 0.5229315417965714
0.42
name: b10902088, hole_card: ['DK', 'HJ']
name: b10902091, hole_card: ['HK', 'DQ']
"b10902088" declared "call:0"
Street "turn" started. (community card = ['S6', 'H8', 'C9', 'DA'])
name: b10902088, hole_card: ['DK', 'HJ']
name: b10902091, hole_card: ['HK', 'DQ']
"b10902091" declared "call:0"
coef: 0.5333952887143065
0.3892
name: b10902088, hole_card: ['DK', 'HJ']
name: b10902091, hole_card: ['HK', 'DQ']
"b10902088" declared "call:0"
Street "river" started. (community card = ['S6', 'H8', 'C9', 'DA', 'SJ'])
name: b10902088, hole_card: ['DK', 'HJ']
name: b10902091, hole_card: ['HK', 'DQ']
"b10902091" declared "call:0"
coef: 0.5360371732285839
0.7584
name: b10902088, hole_card: ['DK', 'HJ']
name: b10902091, hole_card: ['HK', 'DQ']
"b10902088" declared "raise:157.1783516605235"
name: b10902088, hole_card: ['DK', 'HJ']
name: b10902091, hole_card: ['HK', 'DQ']
"b10902091" declared "fold:0"
"['b10902088']" won the round 3 (stack = {'b10902088': 1083.1430596034766, 'b10902091': 915.3214112640001})
community cards of this round: ['DJ', 'SA', 'C5', 'HQ', 'S4']
name: b10902088, hole_card: ['H3', 'SQ']
name: b10902091, hole_card: ['S8', 'DA']
Started the round 4
Street "preflop" started. (community card = [])
coef: 0.2923076923076923 0.24000000000000002 0.5345453808602273
0.4808
name: b10902088, hole_card: ['H3', 'SQ']
name: b10902091, hole_card: ['S8', 'DA']
"b10902088" declared "call:10"
name: b10902088, hole_card: ['H3', 'SQ']
name: b10902091, hole_card: ['S8', 'DA']
"b10902091" declared "raise:15"
coef: 0.30714285714285716 0.31000000000000005 0.5675843713732793
0.4888
name: b10902088, hole_card: ['H3', 'SQ']
name: b10902091, hole_card: ['S8', 'DA']
"b10902088" declared "call:15"
Street "flop" started. (community card = ['DJ', 'SA', 'C5'])
coef: 0.6045506228239677
0.3948
name: b10902088, hole_card: ['H3', 'SQ']
name: b10902091, hole_card: ['S8', 'DA']
"b10902088" declared "call:0"
name: b10902088, hole_card: ['H3', 'SQ']
name: b10902091, hole_card: ['S8', 'DA']
"b10902091" declared "raise:104.83929436799997"
coef: 0.6432303736943805
0.386
ffff
name: b10902088, hole_card: ['H3', 'SQ']
name: b10902091, hole_card: ['S8', 'DA']
"b10902088" declared "fold:0"
"['b10902091']" won the round 4 (stack = {'b10902088': 1068.1430596034766, 'b10902091': 929.4821168960001})
community cards of this round: ['S5', 'C6', 'C5', 'S6', 'C7']
name: b10902088, hole_card: ['D7', 'DQ']
name: b10902091, hole_card: ['CQ', 'HA']
Started the round 5
Street "preflop" started. (community card = [])
name: b10902088, hole_card: ['D7', 'DQ']
name: b10902091, hole_card: ['CQ', 'HA']
"b10902091" declared "raise:15"
coef: 0.3411764705882353 0.44000000000000006 0.6984088124519225
0.5584
name: b10902088, hole_card: ['D7', 'DQ']
name: b10902091, hole_card: ['CQ', 'HA']
"b10902088" declared "raise:37.55849253447744"
name: b10902088, hole_card: ['D7', 'DQ']
name: b10902091, hole_card: ['CQ', 'HA']
"b10902091" declared "call:37.55849253447744"
Street "flop" started. (community card = ['S5', 'C6', 'C5'])
name: b10902088, hole_card: ['D7', 'DQ']
name: b10902091, hole_card: ['CQ', 'HA']
"b10902091" declared "call:0"
coef: 0.7283786208044869
0.4396
name: b10902088, hole_card: ['D7', 'DQ']
name: b10902091, hole_card: ['CQ', 'HA']
"b10902088" declared "call:0"
Street "turn" started. (community card = ['S5', 'C6', 'C5', 'S6'])
name: b10902088, hole_card: ['D7', 'DQ']
name: b10902091, hole_card: ['CQ', 'HA']
"b10902091" declared "call:0"
coef: 0.7435534882721659
0.4324
name: b10902088, hole_card: ['D7', 'DQ']
name: b10902091, hole_card: ['CQ', 'HA']
"b10902088" declared "call:0"
Street "river" started. (community card = ['S5', 'C6', 'C5', 'S6', 'C7'])
name: b10902088, hole_card: ['D7', 'DQ']
name: b10902091, hole_card: ['CQ', 'HA']
"b10902091" declared "call:0"
coef: 0.7501320929632995
0.6768
name: b10902088, hole_card: ['D7', 'DQ']
name: b10902091, hole_card: ['CQ', 'HA']
"b10902088" declared "call:0"
"['b10902088']" won the round 5 (stack = {'b10902088': 1105.5845670689991, 'b10902091': 891.9236243615227})
community cards of this round: ['C3', 'CQ', 'H5', 'H3', 'D4']
name: b10902088, hole_card: ['C5', 'H9']
name: b10902091, hole_card: ['CK', 'D8']
Started the round 6
Street "preflop" started. (community card = [])
coef: 0.3142857142857143 0.44000000000000006 0.7517935414922654
0.4312
name: b10902088, hole_card: ['C5', 'H9']
name: b10902091, hole_card: ['CK', 'D8']
"b10902088" declared "call:10"
name: b10902088, hole_card: ['C5', 'H9']
name: b10902091, hole_card: ['CK', 'D8']
"b10902091" declared "raise:15"
coef: 0.32272727272727275 0.51 0.7841670339862683
0.4468
name: b10902088, hole_card: ['C5', 'H9']
name: b10902091, hole_card: ['CK', 'D8']
"b10902088" declared "call:15"
Street "flop" started. (community card = ['C3', 'CQ', 'H5'])
coef: 0.8186741334352392
0.6572
name: b10902088, hole_card: ['C5', 'H9']
name: b10902091, hole_card: ['CK', 'D8']
"b10902088" declared "raise:720.1601774777463"
name: b10902088, hole_card: ['C5', 'H9']
name: b10902091, hole_card: ['CK', 'D8']
"b10902091" declared "call:720.1601774777463"
Street "turn" started. (community card = ['C3', 'CQ', 'H5', 'H3'])
coef: 0.8372044800611436
0.6424
name: b10902088, hole_card: ['C5', 'H9']
name: b10902091, hole_card: ['CK', 'D8']
"b10902088" declared "raise:241.53662787342083"
name: b10902088, hole_card: ['C5', 'H9']
name: b10902091, hole_card: ['CK', 'D8']
"b10902091" declared "call:241.53662787342083"
Street "river" started. (community card = ['C3', 'CQ', 'H5', 'H3', 'D4'])
"['b10902088']" won the round 6 (stack = {'b10902088': 1995.887761717832, 'b10902091': 0.0})
b10902091 vs b10902088 - Game 3: {'rule': {'initial_stack': 1000, 'max_round': 20, 'small_blind_amount': 5, 'ante': 0, 'blind_structure': {}}, 'players': [{'name': 'b10902088', 'uuid': 'rftkzkqyxtnouqtxquohrv', 'stack': 1995.887761717832, 'state': 'participating'}, {'name': 'b10902091', 'uuid': 'eusamrnjinuihylspdqgak', 'stack': 0, 'state': 'folded'}]}
community cards of this round: ['H6', 'C9', 'C5', 'DJ', 'D9']
name: b10902091, hole_card: ['S2', 'SA']
name: b10902088, hole_card: ['H7', 'DT']
Started the round 1
Street "preflop" started. (community card = [])
coef: 0.2 0.0 0.08000000000000002
0.4872
name: b10902091, hole_card: ['S2', 'SA']
name: b10902088, hole_card: ['H7', 'DT']
"b10902088" declared "raise:29.39676"
name: b10902091, hole_card: ['S2', 'SA']
name: b10902088, hole_card: ['H7', 'DT']
"b10902091" declared "call:29.39676"
Street "flop" started. (community card = ['H6', 'C9', 'C5'])
coef: 0.12800000000000003
0.368
name: b10902091, hole_card: ['S2', 'SA']
name: b10902088, hole_card: ['H7', 'DT']
"b10902088" declared "call:0"
name: b10902091, hole_card: ['S2', 'SA']
name: b10902088, hole_card: ['H7', 'DT']
"b10902091" declared "call:0"
Street "turn" started. (community card = ['H6', 'C9', 'C5', 'DJ'])
coef: 0.15680000000000005
0.2632
name: b10902091, hole_card: ['S2', 'SA']
name: b10902088, hole_card: ['H7', 'DT']
"b10902088" declared "call:0"
name: b10902091, hole_card: ['S2', 'SA']
name: b10902088, hole_card: ['H7', 'DT']
"b10902091" declared "call:0"
Street "river" started. (community card = ['H6', 'C9', 'C5', 'DJ', 'D9'])
coef: 0.17408000000000004
0.1688
ffff
name: b10902091, hole_card: ['S2', 'SA']
name: b10902088, hole_card: ['H7', 'DT']
"b10902088" declared "fold:0"
"['b10902091']" won the round 1 (stack = {'b10902091': 1028.60324, 'b10902088': 970.60324})
community cards of this round: ['H2', 'HA', 'H7', 'C6', 'CJ']
name: b10902091, hole_card: ['H4', 'S3']
name: b10902088, hole_card: ['CT', 'C3']
Started the round 2
Street "preflop" started. (community card = [])
name: b10902091, hole_card: ['H4', 'S3']
name: b10902088, hole_card: ['CT', 'C3']
"b10902091" declared "fold:0"
"['b10902088']" won the round 2 (stack = {'b10902091': 1023.6032399999999, 'b10902088': 975.60324})
community cards of this round: ['S6', 'H8', 'C9', 'DA', 'SJ']
name: b10902091, hole_card: ['DK', 'HJ']
name: b10902088, hole_card: ['HK', 'DQ']
Started the round 3
Street "preflop" started. (community card = [])
coef: 0.2 0.0 0.18444800000000006
0.6204
name: b10902091, hole_card: ['DK', 'HJ']
name: b10902088, hole_card: ['HK', 'DQ']
"b10902088" declared "raise:44.797912504799996"
name: b10902091, hole_card: ['DK', 'HJ']
name: b10902088, hole_card: ['HK', 'DQ']
"b10902091" declared "call:44.797912504799996"
Street "flop" started. (community card = ['S6', 'H8', 'C9'])
coef: 0.19066880000000003
0.4332
name: b10902091, hole_card: ['DK', 'HJ']
name: b10902088, hole_card: ['HK', 'DQ']
"b10902088" declared "call:0"
name: b10902091, hole_card: ['DK', 'HJ']
name: b10902088, hole_card: ['HK', 'DQ']
"b10902091" declared "call:0"
Street "turn" started. (community card = ['S6', 'H8', 'C9', 'DA'])
coef: 0.19440128
0.4256
name: b10902091, hole_card: ['DK', 'HJ']
name: b10902088, hole_card: ['HK', 'DQ']
"b10902088" declared "call:0"
name: b10902091, hole_card: ['DK', 'HJ']
name: b10902088, hole_card: ['HK', 'DQ']
"b10902091" declared "call:0"
Street "river" started. (community card = ['S6', 'H8', 'C9', 'DA', 'SJ'])
coef: 0.19664076800000002
0.3444
name: b10902091, hole_card: ['DK', 'HJ']
name: b10902088, hole_card: ['HK', 'DQ']
"b10902088" declared "call:0"
name: b10902091, hole_card: ['DK', 'HJ']
name: b10902088, hole_card: ['HK', 'DQ']
"b10902091" declared "raise:106.39676000000009"
coef: 0.20731779413333334
0.3512
ffff
name: b10902091, hole_card: ['DK', 'HJ']
name: b10902088, hole_card: ['HK', 'DQ']
"b10902088" declared "fold:0"
"['b10902091']" won the round 3 (stack = {'b10902091': 1067.4085674951998, 'b10902088': 930.8053274952})
community cards of this round: ['DJ', 'SA', 'C5', 'HQ', 'S4']
name: b10902091, hole_card: ['H3', 'SQ']
name: b10902088, hole_card: ['S8', 'DA']
Started the round 4
Street "preflop" started. (community card = [])
name: b10902091, hole_card: ['H3', 'SQ']
name: b10902088, hole_card: ['S8', 'DA']
"b10902091" declared "raise:15"
coef: 0.26 0.060000000000000005 0.25239067648
0.5948
name: b10902091, hole_card: ['H3', 'SQ']
name: b10902088, hole_card: ['S8', 'DA']
"b10902088" declared "raise:47.08735043970725"
name: b10902091, hole_card: ['H3', 'SQ']
name: b10902088, hole_card: ['S8', 'DA']
"b10902091" declared "call:47.08735043970725"
Street "flop" started. (community card = ['DJ', 'SA', 'C5'])
name: b10902091, hole_card: ['H3', 'SQ']
name: b10902088, hole_card: ['S8', 'DA']
"b10902091" declared "call:0"
coef: 0.27725258770618183
0.8708
name: b10902091, hole_card: ['H3', 'SQ']
name: b10902088, hole_card: ['S8', 'DA']
"b10902088" declared "raise:883.7179770554927"
name: b10902091, hole_card: ['H3', 'SQ']
name: b10902088, hole_card: ['S8', 'DA']
"b10902091" declared "fold:0"
"['b10902088']" won the round 4 (stack = {'b10902091': 1020.3212170554925, 'b10902088': 977.0})
community cards of this round: ['S5', 'C6', 'C5', 'S6', 'C7']
name: b10902091, hole_card: ['D7', 'DQ']
name: b10902088, hole_card: ['CQ', 'HA']
Started the round 5
Street "preflop" started. (community card = [])
coef: 0.25 0.060000000000000005 0.2903515526237091
0.65
name: b10902091, hole_card: ['D7', 'DQ']
name: b10902088, hole_card: ['CQ', 'HA']
"b10902088" declared "raise:46.265"
name: b10902091, hole_card: ['D7', 'DQ']
name: b10902088, hole_card: ['CQ', 'HA']
"b10902091" declared "call:46.265"
Street "flop" started. (community card = ['S5', 'C6', 'C5'])
coef: 0.2966724700357639
0.6004
name: b10902091, hole_card: ['D7', 'DQ']
name: b10902088, hole_card: ['CQ', 'HA']
"b10902088" declared "raise:120.56185880000001"
name: b10902091, hole_card: ['D7', 'DQ']
name: b10902088, hole_card: ['CQ', 'HA']
"b10902091" declared "fold:0"
"['b10902088']" won the round 5 (stack = {'b10902091': 974.0562170554925, 'b10902088': 1023.1731412})
community cards of this round: ['C3', 'CQ', 'H5', 'H3', 'D4']
name: b10902091, hole_card: ['C5', 'H9']
name: b10902088, hole_card: ['CK', 'D8']
Started the round 6
Street "preflop" started. (community card = [])
name: b10902091, hole_card: ['C5', 'H9']
name: b10902088, hole_card: ['CK', 'D8']
"b10902091" declared "raise:15"
coef: 0.2642857142857143 0.13 0.3357177677357441
0.574
name: b10902091, hole_card: ['C5', 'H9']
name: b10902088, hole_card: ['CK', 'D8']
"b10902088" declared "raise:37.274641491463996"
name: b10902091, hole_card: ['C5', 'H9']
name: b10902088, hole_card: ['CK', 'D8']
"b10902091" declared "call:37.274641491463996"
Street "flop" started. (community card = ['C3', 'CQ', 'H5'])
name: b10902091, hole_card: ['C5', 'H9']
name: b10902088, hole_card: ['CK', 'D8']
"b10902091" declared "call:0"
coef: 0.35743066064144646
0.4392
name: b10902091, hole_card: ['C5', 'H9']
name: b10902088, hole_card: ['CK', 'D8']
"b10902088" declared "call:0"
Street "turn" started. (community card = ['C3', 'CQ', 'H5', 'H3'])
name: b10902091, hole_card: ['C5', 'H9']
name: b10902088, hole_card: ['CK', 'D8']
"b10902091" declared "call:0"
coef: 0.3689583963848679
0.436
name: b10902091, hole_card: ['C5', 'H9']
name: b10902088, hole_card: ['CK', 'D8']
"b10902088" declared "call:0"
Street "river" started. (community card = ['C3', 'CQ', 'H5', 'H3', 'D4'])
name: b10902091, hole_card: ['C5', 'H9']
name: b10902088, hole_card: ['CK', 'D8']
"b10902091" declared "call:0"
coef: 0.374551508419156
0.336
name: b10902091, hole_card: ['C5', 'H9']
name: b10902088, hole_card: ['CK', 'D8']
"b10902088" declared "call:0"
"['b10902091']" won the round 6 (stack = {'b10902091': 1010.7815755640286, 'b10902088': 985.8984997085361})
community cards of this round: ['CT', 'SA', 'DJ', 'S9', 'H3']
name: b10902091, hole_card: ['S2', 'SQ']
name: b10902088, hole_card: ['S5', 'H5']
Started the round 7
Street "preflop" started. (community card = [])
coef: 0.25 0.13 0.37673090505149365
0.5972
name: b10902091, hole_card: ['S2', 'SQ']
name: b10902088, hole_card: ['S5', 'H5']
"b10902088" declared "raise:43.99102920129688"
name: b10902091, hole_card: ['S2', 'SQ']
name: b10902088, hole_card: ['S5', 'H5']
"b10902091" declared "call:43.99102920129688"
Street "flop" started. (community card = ['CT', 'SA', 'DJ'])
coef: 0.3769859114519488
0.4768
name: b10902091, hole_card: ['S2', 'SQ']
name: b10902088, hole_card: ['S5', 'H5']
"b10902088" declared "call:0"
name: b10902091, hole_card: ['S2', 'SQ']
name: b10902088, hole_card: ['S5', 'H5']
"b10902091" declared "call:0"
Street "turn" started. (community card = ['CT', 'SA', 'DJ', 'S9'])
coef: 0.3761915468711693
0.4044
name: b10902091, hole_card: ['S2', 'SQ']
name: b10902088, hole_card: ['S5', 'H5']
"b10902088" declared "call:0"
name: b10902091, hole_card: ['S2', 'SQ']
name: b10902088, hole_card: ['S5', 'H5']
"b10902091" declared "call:0"
Street "river" started. (community card = ['CT', 'SA', 'DJ', 'S9', 'H3'])
coef: 0.3748577852655587
0.458
name: b10902091, hole_card: ['S2', 'SQ']
name: b10902088, hole_card: ['S5', 'H5']
"b10902088" declared "call:0"
name: b10902091, hole_card: ['S2', 'SQ']
name: b10902088, hole_card: ['S5', 'H5']
"b10902091" declared "call:0"
"['b10902088']" won the round 7 (stack = {'b10902091': 966.7905463627317, 'b10902088': 1028.9074705072392})
community cards of this round: ['S4', 'D3', 'H3', 'DK', 'S8']
name: b10902091, hole_card: ['D5', 'CQ']
name: b10902088, hole_card: ['C5', 'C9']
Started the round 8
Street "preflop" started. (community card = [])
name: b10902091, hole_card: ['D5', 'CQ']
name: b10902088, hole_card: ['C5', 'C9']
"b10902091" declared "raise:15"
coef: 0.2545454545454546 0.2 0.40673285297751705
0.4796
name: b10902091, hole_card: ['D5', 'CQ']
name: b10902088, hole_card: ['C5', 'C9']
"b10902088" declared "call:15"
Street "flop" started. (community card = ['S4', 'D3', 'H3'])
name: b10902091, hole_card: ['D5', 'CQ']
name: b10902088, hole_card: ['C5', 'C9']
"b10902091" declared "call:0"
coef: 0.4249092770039015
0.2756
ffff
name: b10902091, hole_card: ['D5', 'CQ']
name: b10902088, hole_card: ['C5', 'C9']
"b10902088" declared "fold:0"
"['b10902091']" won the round 8 (stack = {'b10902091': 981.7905463627317, 'b10902088': 1013.9074705072392})
community cards of this round: ['CJ', 'H7', 'C5', 'D7', 'D3']
name: b10902091, hole_card: ['HK', 'S9']
name: b10902088, hole_card: ['HJ', 'D9']
Started the round 9
Street "preflop" started. (community card = [])
coef: 0.25 0.2 0.4349455662023409
0.5328
name: b10902091, hole_card: ['HK', 'S9']
name: b10902088, hole_card: ['HJ', 'D9']
"b10902088" declared "call:10"
name: b10902091, hole_card: ['HK', 'S9']
name: b10902088, hole_card: ['HJ', 'D9']
"b10902091" declared "raise:15"
coef: 0.26 0.27 0.4729673397214046
0.5468
name: b10902091, hole_card: ['HK', 'S9']
name: b10902088, hole_card: ['HJ', 'D9']
"b10902088" declared "call:15"
Street "flop" started. (community card = ['CJ', 'H7', 'C5'])
coef: 0.5114727115251505
0.778
name: b10902091, hole_card: ['HK', 'S9']
name: b10902088, hole_card: ['HJ', 'D9']
"b10902088" declared "raise:779.3700120546321"
name: b10902091, hole_card: ['HK', 'S9']
name: b10902088, hole_card: ['HJ', 'D9']
"b10902091" declared "fold:0"
"['b10902088']" won the round 9 (stack = {'b10902091': 966.7905463627317, 'b10902088': 1028.537458452607})
community cards of this round: ['HQ', 'C9', 'H4', 'HA', 'H7']
name: b10902091, hole_card: ['H3', 'CT']
name: b10902088, hole_card: ['HT', 'S4']
Started the round 10
Street "preflop" started. (community card = [])
name: b10902091, hole_card: ['H3', 'CT']
name: b10902088, hole_card: ['HT', 'S4']
"b10902091" declared "raise:15"
coef: 0.2777777777777778 0.37 0.5659947380262014
0.4284
name: b10902091, hole_card: ['H3', 'CT']
name: b10902088, hole_card: ['HT', 'S4']
"b10902088" declared "call:15"
Street "flop" started. (community card = ['HQ', 'C9', 'H4'])
name: b10902091, hole_card: ['H3', 'CT']
name: b10902088, hole_card: ['HT', 'S4']
"b10902091" declared "call:0"
coef: 0.5975968428157208
0.6308
name: b10902091, hole_card: ['H3', 'CT']
name: b10902088, hole_card: ['HT', 'S4']
"b10902088" declared "raise:643.0314287919045"
name: b10902091, hole_card: ['H3', 'CT']
name: b10902088, hole_card: ['HT', 'S4']
"b10902091" declared "fold:0"
"['b10902088']" won the round 10 (stack = {'b10902091': 951.7905463627317, 'b10902088': 1043.5060296607026})
community cards of this round: ['S6', 'DJ', 'CA', 'D4', 'H5']
name: b10902091, hole_card: ['C8', 'HQ']
name: b10902088, hole_card: ['C5', 'CK']
Started the round 11
Street "preflop" started. (community card = [])
coef: 0.27241379310344827 0.37 0.6155236229308119
0.5752
name: b10902091, hole_card: ['C8', 'HQ']
name: b10902088, hole_card: ['C5', 'CK']
"b10902088" declared "raise:44.57983341304181"
name: b10902091, hole_card: ['C8', 'HQ']
name: b10902088, hole_card: ['C5', 'CK']
"b10902091" declared "call:44.57983341304181"
Street "flop" started. (community card = ['S6', 'DJ', 'CA'])
coef: 0.6253141737584871
0.482
name: b10902091, hole_card: ['C8', 'HQ']
name: b10902088, hole_card: ['C5', 'CK']
"b10902088" declared "raise:486.6624265913725"
name: b10902091, hole_card: ['C8', 'HQ']
name: b10902088, hole_card: ['C5', 'CK']
"b10902091" declared "call:486.6624265913725"
Street "turn" started. (community card = ['S6', 'DJ', 'CA', 'D4'])
coef: 0.6302852784486406
0.4
name: b10902091, hole_card: ['C8', 'HQ']
name: b10902088, hole_card: ['C5', 'CK']
"b10902088" declared "call:0"
name: b10902091, hole_card: ['C8', 'HQ']
name: b10902088, hole_card: ['C5', 'CK']
"b10902091" declared "call:0"
Street "river" started. (community card = ['S6', 'DJ', 'CA', 'D4', 'H5'])
coef: 0.6324211670691844
0.5468
name: b10902091, hole_card: ['C8', 'HQ']
name: b10902088, hole_card: ['C5', 'CK']
"b10902088" declared "call:0"
name: b10902091, hole_card: ['C8', 'HQ']
name: b10902088, hole_card: ['C5', 'CK']
"b10902091" declared "call:0"
"['b10902088']" won the round 11 (stack = {'b10902091': 420.5482863583174, 'b10902088': 1574.2637696562883})
community cards of this round: ['S3', 'CA', 'H5', 'CQ', 'CJ']
name: b10902091, hole_card: ['HK', 'S8']
name: b10902088, hole_card: ['H6', 'S4']
Started the round 12
Street "preflop" started. (community card = [])
name: b10902091, hole_card: ['HK', 'S8']
name: b10902088, hole_card: ['H6', 'S4']
"b10902091" declared "raise:15"
coef: 0.2727272727272727 0.44000000000000006 0.6645436093324197
0.3956
name: b10902091, hole_card: ['HK', 'S8']
name: b10902088, hole_card: ['H6', 'S4']
"b10902088" declared "call:15"
Street "flop" started. (community card = ['S3', 'CA', 'H5'])
name: b10902091, hole_card: ['HK', 'S8']
name: b10902088, hole_card: ['H6', 'S4']
"b10902091" declared "call:0"
coef: 0.682961459717099
0.4356
name: b10902091, hole_card: ['HK', 'S8']
name: b10902088, hole_card: ['H6', 'S4']
"b10902088" declared "call:0"
Street "turn" started. (community card = ['S3', 'CA', 'H5', 'CQ'])
name: b10902091, hole_card: ['HK', 'S8']
name: b10902088, hole_card: ['H6', 'S4']
"b10902091" declared "call:0"
coef: 0.6932054472588309
0.2684
ffff
name: b10902091, hole_card: ['HK', 'S8']
name: b10902088, hole_card: ['H6', 'S4']
"b10902088" declared "fold:0"
"['b10902091']" won the round 12 (stack = {'b10902091': 435.5482863583174, 'b10902088': 1559.2637696562883})
community cards of this round: ['S4', 'H5', 'HA', 'C6', 'C4']
name: b10902091, hole_card: ['DK', 'C2']
name: b10902088, hole_card: ['HT', 'S7']
Started the round 13
Street "preflop" started. (community card = [])
coef: 0.26666666666666666 0.44000000000000006 0.6985899350219653
0.496
name: b10902091, hole_card: ['DK', 'C2']
name: b10902088, hole_card: ['HT', 'S7']
"b10902088" declared "raise:53.29774148747595"
name: b10902091, hole_card: ['DK', 'C2']
name: b10902088, hole_card: ['HT', 'S7']
"b10902091" declared "call:53.29774148747595"
Street "flop" started. (community card = ['S4', 'H5', 'HA'])
coef: 0.7010999069591253
0.348
name: b10902091, hole_card: ['DK', 'C2']
name: b10902088, hole_card: ['HT', 'S7']
"b10902088" declared "call:0"
name: b10902091, hole_card: ['DK', 'C2']
name: b10902088, hole_card: ['HT', 'S7']
"b10902091" declared "call:0"
Street "turn" started. (community card = ['S4', 'H5', 'HA', 'C6'])
coef: 0.701923102070212
0.3196
ffff
name: b10902091, hole_card: ['DK', 'C2']
name: b10902088, hole_card: ['HT', 'S7']
"b10902088" declared "fold:0"
"['b10902091']" won the round 13 (stack = {'b10902091': 488.25054487084145, 'b10902088': 1505.9660281688123})
community cards of this round: ['S8', 'H9', 'S2', 'C5', 'S4']
name: b10902091, hole_card: ['C7', 'H2']
name: b10902088, hole_card: ['HJ', 'D5']
Started the round 14
Street "preflop" started. (community card = [])
name: b10902091, hole_card: ['C7', 'H2']
name: b10902088, hole_card: ['HJ', 'D5']
"b10902091" declared "raise:15"
coef: 0.2692307692307693 0.51 0.732846168934435
0.478
name: b10902091, hole_card: ['C7', 'H2']
name: b10902088, hole_card: ['HJ', 'D5']
"b10902088" declared "raise:55.51458807323461"
name: b10902091, hole_card: ['C7', 'H2']
name: b10902088, hole_card: ['HJ', 'D5']
"b10902091" declared "call:55.51458807323461"
Street "flop" started. (community card = ['S8', 'H9', 'S2'])
name: b10902091, hole_card: ['C7', 'H2']
name: b10902088, hole_card: ['HJ', 'D5']
"b10902091" declared "call:0"
coef: 0.7507077013606611
0.322
name: b10902091, hole_card: ['C7', 'H2']
name: b10902088, hole_card: ['HJ', 'D5']
"b10902088" declared "call:0"
Street "turn" started. (community card = ['S8', 'H9', 'S2', 'C5'])
name: b10902091, hole_card: ['C7', 'H2']
name: b10902088, hole_card: ['HJ', 'D5']
"b10902091" declared "call:0"
coef: 0.7607660842310309
0.5908
name: b10902091, hole_card: ['C7', 'H2']
name: b10902088, hole_card: ['HJ', 'D5']
"b10902088" declared "raise:861.0187108084673"
name: b10902091, hole_card: ['C7', 'H2']
name: b10902088, hole_card: ['HJ', 'D5']
"b10902091" declared "call:861.0187108084673"
Street "river" started. (community card = ['S8', 'H9', 'S2', 'C5', 'S4'])
"['b10902088']" won the round 14 (stack = {'b10902091': 0.0, 'b10902088': 1993.4327292871103})
b10902091 vs b10902088 - Game 4: {'rule': {'initial_stack': 1000, 'max_round': 20, 'small_blind_amount': 5, 'ante': 0, 'blind_structure': {}}, 'players': [{'name': 'b10902091', 'uuid': 'kqtyojuflagrfaujaivjwm', 'stack': 0, 'state': 'folded'}, {'name': 'b10902088', 'uuid': 'nhsuyrecyjudbaxfjlszfv', 'stack': 1993.4327292871103, 'state': 'participating'}]}
community cards of this round: ['CQ', 'S9', 'H9', 'HQ', 'S3']
name: b10902088, hole_card: ['H2', 'C3']
name: b10902091, hole_card: ['DT', 'H3']
Started the round 1
Street "preflop" started. (community card = [])
name: b10902088, hole_card: ['H2', 'C3']
name: b10902091, hole_card: ['DT', 'H3']
"b10902091" declared "raise:15"
coef: 0.5 0.07 0.22800000000000004
0.2864
name: b10902088, hole_card: ['H2', 'C3']
name: b10902091, hole_card: ['DT', 'H3']
"b10902088" declared "call:15"
Street "flop" started. (community card = ['CQ', 'S9', 'H9'])
name: b10902088, hole_card: ['H2', 'C3']
name: b10902091, hole_card: ['DT', 'H3']
"b10902091" declared "call:0"
coef: 0.3048
0.122
ffff
name: b10902088, hole_card: ['H2', 'C3']
name: b10902091, hole_card: ['DT', 'H3']
"b10902088" declared "fold:0"
"['b10902091']" won the round 1 (stack = {'b10902088': 985, 'b10902091': 1015})
community cards of this round: ['S2', 'H3', 'DT', 'D5', 'DJ']
name: b10902088, hole_card: ['H5', 'HQ']
name: b10902091, hole_card: ['S4', 'D7']
Started the round 2
Street "preflop" started. (community card = [])
coef: 0.3 0.07 0.33088
0.5424
name: b10902088, hole_card: ['H5', 'HQ']
name: b10902091, hole_card: ['S4', 'D7']
"b10902088" declared "raise:41.306400000000004"
name: b10902088, hole_card: ['H5', 'HQ']
name: b10902091, hole_card: ['S4', 'D7']
"b10902091" declared "fold:0"
"['b10902088']" won the round 2 (stack = {'b10902088': 994.6936, 'b10902091': 1005})
community cards of this round: ['SA', 'D4', 'S3', 'S9', 'SK']
name: b10902088, hole_card: ['SQ', 'H7']
name: b10902091, hole_card: ['C8', 'DQ']
Started the round 3
Street "preflop" started. (community card = [])
name: b10902088, hole_card: ['SQ', 'H7']
name: b10902091, hole_card: ['C8', 'DQ']
"b10902091" declared "raise:15"
coef: 0.35 0.14 0.394528
0.526
name: b10902088, hole_card: ['SQ', 'H7']
name: b10902091, hole_card: ['C8', 'DQ']
"b10902088" declared "raise:45.634441679999995"
name: b10902088, hole_card: ['SQ', 'H7']
name: b10902091, hole_card: ['C8', 'DQ']
"b10902091" declared "call:45.634441679999995"
Street "flop" started. (community card = ['SA', 'D4', 'S3'])
name: b10902088, hole_card: ['SQ', 'H7']
name: b10902091, hole_card: ['C8', 'DQ']
"b10902091" declared "call:0"
coef: 0.4207168
0.438
name: b10902088, hole_card: ['SQ', 'H7']
name: b10902091, hole_card: ['C8', 'DQ']
"b10902088" declared "call:0"
Street "turn" started. (community card = ['SA', 'D4', 'S3', 'S9'])
name: b10902088, hole_card: ['SQ', 'H7']
name: b10902091, hole_card: ['C8', 'DQ']
"b10902091" declared "call:0"
coef: 0.42843008000000005
0.4612
name: b10902088, hole_card: ['SQ', 'H7']
name: b10902091, hole_card: ['C8', 'DQ']
"b10902088" declared "call:0"
Street "river" started. (community card = ['SA', 'D4', 'S3', 'S9', 'SK'])
name: b10902088, hole_card: ['SQ', 'H7']
name: b10902091, hole_card: ['C8', 'DQ']
"b10902091" declared "call:0"
coef: 0.42734376228571436
0.9436
name: b10902088, hole_card: ['SQ', 'H7']
name: b10902091, hole_card: ['C8', 'DQ']
"b10902088" declared "raise:949.0591583199999"
name: b10902088, hole_card: ['SQ', 'H7']
name: b10902091, hole_card: ['C8', 'DQ']
"b10902091" declared "fold:0"
"['b10902088']" won the round 3 (stack = {'b10902088': 1040.0, 'b10902091': 959.36555832})
community cards of this round: ['SK', 'CA', 'HK', 'D2', 'H6']
name: b10902088, hole_card: ['DQ', 'S9']
name: b10902091, hole_card: ['D3', 'DA']
Started the round 4
Street "preflop" started. (community card = [])
coef: 0.275 0.14 0.4224062573714286
0.5664
name: b10902088, hole_card: ['DQ', 'S9']
name: b10902091, hole_card: ['D3', 'DA']
"b10902088" declared "raise:32.4168"
name: b10902088, hole_card: ['DQ', 'S9']
name: b10902091, hole_card: ['D3', 'DA']
"b10902091" declared "call:32.4168"
Street "flop" started. (community card = ['SK', 'CA', 'HK'])
coef: 0.41611042108952384
0.6012
name: b10902088, hole_card: ['DQ', 'S9']
name: b10902091, hole_card: ['D3', 'DA']
"b10902088" declared "raise:129.949403968"
name: b10902088, hole_card: ['DQ', 'S9']
name: b10902091, hole_card: ['D3', 'DA']
"b10902091" declared "raise:259.898807936"
coef: 0.4336662526537143
0.606
name: b10902088, hole_card: ['DQ', 'S9']
name: b10902091, hole_card: ['D3', 'DA']
"b10902088" declared "call:259.898807936"
Street "turn" started. (community card = ['SK', 'CA', 'HK', 'D2'])
coef: 0.4638361152285922
0.5724
name: b10902088, hole_card: ['DQ', 'S9']
name: b10902091, hole_card: ['D3', 'DA']
"b10902088" declared "call:0"
name: b10902088, hole_card: ['DQ', 'S9']
name: b10902091, hole_card: ['D3', 'DA']
"b10902091" declared "raise:82.81722084"
coef: 0.5003016691371553
0.542
name: b10902088, hole_card: ['DQ', 'S9']
name: b10902091, hole_card: ['D3', 'DA']
"b10902088" declared "call:82.81722084"
Street "river" started. (community card = ['SK', 'CA', 'HK', 'D2', 'H6'])
coef: 0.5235656168669086
0.492
ffff
name: b10902088, hole_card: ['DQ', 'S9']
name: b10902091, hole_card: ['D3', 'DA']
"b10902088" declared "fold:0"
"['b10902091']" won the round 4 (stack = {'b10902088': 664.8671712239999, 'b10902091': 1334.232729544})
community cards of this round: ['SQ', 'H8', 'S5', 'H4', 'DQ']
name: b10902088, hole_card: ['C2', 'CJ']
name: b10902091, hole_card: ['H9', 'C9']
Started the round 5
Street "preflop" started. (community card = [])
name: b10902088, hole_card: ['C2', 'CJ']
name: b10902091, hole_card: ['H9', 'C9']
"b10902091" declared "fold:0"
"['b10902088']" won the round 5 (stack = {'b10902088': 669.8671712239999, 'b10902091': 1329.232729544})
community cards of this round: ['H4', 'D4', 'CQ', 'H5', 'D5']
name: b10902088, hole_card: ['H7', 'S2']
name: b10902091, hole_card: ['CA', 'C3']
Started the round 6
Street "preflop" started. (community card = [])
coef: 0.32857142857142857 0.22 0.5335679415487166
0.316
name: b10902088, hole_card: ['H7', 'S2']
name: b10902091, hole_card: ['CA', 'C3']
"b10902088" declared "call:10"
name: b10902088, hole_card: ['H7', 'S2']
name: b10902091, hole_card: ['CA', 'C3']
"b10902091" declared "fold:0"
"['b10902088']" won the round 6 (stack = {'b10902088': 679.8671712239999, 'b10902091': 1319.232729544})
community cards of this round: ['SJ', 'H8', 'S6', 'H6', 'H2']
name: b10902088, hole_card: ['C9', 'C5']
name: b10902091, hole_card: ['C8', 'DT']
Started the round 7
Street "preflop" started. (community card = [])
name: b10902088, hole_card: ['C9', 'C5']
name: b10902091, hole_card: ['C8', 'DT']
"b10902091" declared "fold:0"
"['b10902088']" won the round 7 (stack = {'b10902088': 684.8671712239999, 'b10902091': 1314.232729544})
community cards of this round: ['ST', 'S4', 'C8', 'SK', 'D6']
name: b10902088, hole_card: ['H5', 'H2']
name: b10902091, hole_card: ['S5', 'C9']
Started the round 8
Street "preflop" started. (community card = [])
coef: 0.32 0.22 0.53614076492923
0.3672
name: b10902088, hole_card: ['H5', 'H2']
name: b10902091, hole_card: ['S5', 'C9']
"b10902088" declared "call:10"
name: b10902088, hole_card: ['H5', 'H2']
name: b10902091, hole_card: ['S5', 'C9']
"b10902091" declared "fold:0"
"['b10902088']" won the round 8 (stack = {'b10902088': 694.8671712239999, 'b10902091': 1304.232729544})
community cards of this round: ['S8', 'D9', 'C4', 'CT', 'SQ']
name: b10902088, hole_card: ['D2', 'HJ']
name: b10902091, hole_card: ['C2', 'S3']
Started the round 9
Street "preflop" started. (community card = [])
name: b10902088, hole_card: ['D2', 'HJ']
name: b10902091, hole_card: ['C2', 'S3']
"b10902091" declared "fold:0"
"['b10902088']" won the round 9 (stack = {'b10902088': 699.8671712239999, 'b10902091': 1299.232729544})
community cards of this round: ['ST', 'DK', 'D5', 'S9', 'H5']
name: b10902088, hole_card: ['S5', 'S8']
name: b10902091, hole_card: ['CK', 'SQ']
Started the round 10
Street "preflop" started. (community card = [])
coef: 0.3125 0.22 0.534684458957538
0.4564
name: b10902088, hole_card: ['S5', 'S8']
name: b10902091, hole_card: ['CK', 'SQ']
"b10902088" declared "raise:30.628668847331674"
name: b10902088, hole_card: ['S5', 'S8']
name: b10902091, hole_card: ['CK', 'SQ']
"b10902091" declared "fold:0"
"['b10902088']" won the round 10 (stack = {'b10902088': 709.2385023766682, 'b10902091': 1289.232729544})
community cards of this round: ['C4', 'D5', 'C5', 'S2', 'D4']
name: b10902088, hole_card: ['S4', 'HK']
name: b10902091, hole_card: ['C6', 'S6']
Started the round 11
Street "preflop" started. (community card = [])
name: b10902088, hole_card: ['S4', 'HK']
name: b10902091, hole_card: ['C6', 'S6']
"b10902091" declared "fold:0"
"['b10902088']" won the round 11 (stack = {'b10902088': 714.2385023766682, 'b10902091': 1284.232729544})
community cards of this round: ['S4', 'HJ', 'HA', 'S8', 'S2']
name: b10902088, hole_card: ['H8', 'CJ']
name: b10902091, hole_card: ['S6', 'DQ']
Started the round 12
Street "preflop" started. (community card = [])
coef: 0.3058823529411765 0.22 0.5311636165509934
0.5124
name: b10902088, hole_card: ['H8', 'CJ']
name: b10902091, hole_card: ['S6', 'DQ']
"b10902088" declared "raise:32.91449043089024"
name: b10902088, hole_card: ['H8', 'CJ']
name: b10902091, hole_card: ['S6', 'DQ']
"b10902091" declared "fold:0"
"['b10902088']" won the round 12 (stack = {'b10902088': 723.3240119457779, 'b10902091': 1274.232729544})
community cards of this round: ['S8', 'C3', 'S6', 'H2', 'D8']
name: b10902088, hole_card: ['D7', 'C2']
name: b10902091, hole_card: ['C6', 'DA']
Started the round 13
Street "preflop" started. (community card = [])
name: b10902088, hole_card: ['D7', 'C2']
name: b10902091, hole_card: ['C6', 'DA']
"b10902091" declared "fold:0"
"['b10902088']" won the round 13 (stack = {'b10902088': 728.3240119457779, 'b10902091': 1269.232729544})
community cards of this round: ['DA', 'SJ', 'H6', 'D7', 'SK']
name: b10902088, hole_card: ['C8', 'CQ']
name: b10902091, hole_card: ['S5', 'D8']
Started the round 14
Street "preflop" started. (community card = [])
coef: 0.3 0.22 0.526698169930596
0.5932
name: b10902088, hole_card: ['C8', 'CQ']
name: b10902091, hole_card: ['S5', 'D8']
"b10902088" declared "raise:36.15719019431177"
name: b10902088, hole_card: ['C8', 'CQ']
name: b10902091, hole_card: ['S5', 'D8']
"b10902091" declared "fold:0"
"['b10902088']" won the round 14 (stack = {'b10902088': 738.1668217514662, 'b10902091': 1259.232729544})
community cards of this round: ['S5', 'CK', 'H5', 'D9', 'S6']
name: b10902088, hole_card: ['D3', 'S7']
name: b10902091, hole_card: ['SK', 'D6']
Started the round 15
Street "preflop" started. (community card = [])
name: b10902088, hole_card: ['D3', 'S7']
name: b10902091, hole_card: ['SK', 'D6']
"b10902091" declared "fold:0"
"['b10902088']" won the round 15 (stack = {'b10902088': 743.1668217514662, 'b10902091': 1254.232729544})
community cards of this round: ['H7', 'C8', 'S3', 'H8', 'S6']
name: b10902088, hole_card: ['DQ', 'H2']
name: b10902091, hole_card: ['H3', 'ST']
Started the round 16
Street "preflop" started. (community card = [])
coef: 0.2947368421052632 0.22 0.5219136388004629
0.4664
name: b10902088, hole_card: ['DQ', 'H2']
name: b10902091, hole_card: ['H3', 'ST']
"b10902088" declared "raise:31.98085028324419"
name: b10902088, hole_card: ['DQ', 'H2']
name: b10902091, hole_card: ['H3', 'ST']
"b10902091" declared "fold:0"
"['b10902088']" won the round 16 (stack = {'b10902088': 752.185971468222, 'b10902091': 1244.232729544})
community cards of this round: ['DJ', 'H8', 'S5', 'S3', 'C7']
name: b10902088, hole_card: ['HJ', 'D3']
name: b10902091, hole_card: ['DQ', 'S8']
Started the round 17
Street "preflop" started. (community card = [])
name: b10902088, hole_card: ['HJ', 'D3']
name: b10902091, hole_card: ['DQ', 'S8']
"b10902091" declared "fold:0"
"['b10902088']" won the round 17 (stack = {'b10902088': 757.185971468222, 'b10902091': 1239.232729544})
community cards of this round: ['C4', 'D3', 'D7', 'SK', 'H3']
name: b10902088, hole_card: ['C7', 'H8']
name: b10902091, hole_card: ['C2', 'CA']
Started the round 18
Street "preflop" started. (community card = [])
coef: 0.29 0.22 0.5171481832802778
0.4524
name: b10902088, hole_card: ['C7', 'H8']
name: b10902091, hole_card: ['C2', 'CA']
"b10902088" declared "raise:31.788246674611184"
name: b10902088, hole_card: ['C7', 'H8']
name: b10902091, hole_card: ['C2', 'CA']
"b10902091" declared "fold:0"
"['b10902088']" won the round 18 (stack = {'b10902088': 766.3977247936108, 'b10902091': 1229.232729544})
community cards of this round: ['DT', 'S8', 'DK', 'D2', 'S6']
name: b10902088, hole_card: ['C3', 'S4']
name: b10902091, hole_card: ['C9', 'ST']
Started the round 19
Street "preflop" started. (community card = [])
name: b10902088, hole_card: ['C3', 'S4']
name: b10902091, hole_card: ['C9', 'ST']
"b10902091" declared "fold:0"
"['b10902088']" won the round 19 (stack = {'b10902088': 771.3977247936108, 'b10902091': 1224.232729544})
community cards of this round: ['D6', 'D8', 'C9', 'HK', 'S3']
name: b10902088, hole_card: ['D5', 'DQ']
name: b10902091, hole_card: ['S2', 'DJ']
Started the round 20
Street "preflop" started. (community card = [])
coef: 0.2857142857142857 0.22 0.5125746242538809
0.5428
name: b10902088, hole_card: ['D5', 'DQ']
name: b10902091, hole_card: ['S2', 'DJ']
"b10902088" declared "raise:35.52863425089859"
name: b10902088, hole_card: ['D5', 'DQ']
name: b10902091, hole_card: ['S2', 'DJ']
"b10902091" declared "fold:0"
"['b10902088']" won the round 20 (stack = {'b10902088': 780.8690905427122, 'b10902091': 1214.232729544})
b10902091 vs b10902088 - Game 5: {'rule': {'initial_stack': 1000, 'max_round': 20, 'small_blind_amount': 5, 'ante': 0, 'blind_structure': {}}, 'players': [{'name': 'b10902088', 'uuid': 'gsciosmcwleafzvoevyclg', 'stack': 780.8690905427122, 'state': 'participating'}, {'name': 'b10902091', 'uuid': 'tilrckfyhzwtooluydjoov', 'stack': 1214.232729544, 'state': 'participating'}]}
Final Result: b10902091 won 2 games (stack: 7992.446139436409), b10902088 won 3 games (stack: 1981.8453593361473)
