community cards of this round: ['C9', 'C5', 'SQ', 'CK', 'DQ']
name: b11902072, hole_card: ['DK', 'S2']
name: b10902022, hole_card: ['H7', 'D6']
Started the round 1
Street "preflop" started. (community card = [])
name: b11902072, hole_card: ['DK', 'S2']
name: b10902022, hole_card: ['H7', 'D6']
"b10902022" declared "call:10"
name: b11902072, hole_card: ['DK', 'S2']
name: b10902022, hole_card: ['H7', 'D6']
"b11902072" declared "call:10"
Street "flop" started. (community card = ['C9', 'C5', 'SQ'])
name: b11902072, hole_card: ['DK', 'S2']
name: b10902022, hole_card: ['H7', 'D6']
"b10902022" declared "call:0"
name: b11902072, hole_card: ['DK', 'S2']
name: b10902022, hole_card: ['H7', 'D6']
"b11902072" declared "call:0"
Street "turn" started. (community card = ['C9', 'C5', 'SQ', 'CK'])
name: b11902072, hole_card: ['DK', 'S2']
name: b10902022, hole_card: ['H7', 'D6']
"b10902022" declared "call:0"
name: b11902072, hole_card: ['DK', 'S2']
name: b10902022, hole_card: ['H7', 'D6']
"b11902072" declared "raise:16.0"
name: b11902072, hole_card: ['DK', 'S2']
name: b10902022, hole_card: ['H7', 'D6']
"b10902022" declared "fold:0"
"['b11902072']" won the round 1 (stack = {'b11902072': 1010.0, 'b10902022': 990})
community cards of this round: ['D5', 'H4', 'SQ', 'S6', 'CQ']
name: b11902072, hole_card: ['D8', 'C9']
name: b10902022, hole_card: ['S3', 'S2']
Started the round 2
Street "preflop" started. (community card = [])
name: b11902072, hole_card: ['D8', 'C9']
name: b10902022, hole_card: ['S3', 'S2']
"b11902072" declared "fold:0"
"['b10902022']" won the round 2 (stack = {'b11902072': 1005.0, 'b10902022': 995})
community cards of this round: ['C8', 'S7', 'D5', 'D4', 'D3']
name: b11902072, hole_card: ['H9', 'CJ']
name: b10902022, hole_card: ['S8', 'C7']
Started the round 3
Street "preflop" started. (community card = [])
name: b11902072, hole_card: ['H9', 'CJ']
name: b10902022, hole_card: ['S8', 'C7']
"b10902022" declared "call:10"
name: b11902072, hole_card: ['H9', 'CJ']
name: b10902022, hole_card: ['S8', 'C7']
"b11902072" declared "raise:55.0"
name: b11902072, hole_card: ['H9', 'CJ']
name: b10902022, hole_card: ['S8', 'C7']
"b10902022" declared "fold:0"
"['b11902072']" won the round 3 (stack = {'b11902072': 1015.0, 'b10902022': 985})
community cards of this round: ['CT', 'D2', 'S3', 'SJ', 'CQ']
name: b11902072, hole_card: ['CA', 'D5']
name: b10902022, hole_card: ['C3', 'S9']
Started the round 4
Street "preflop" started. (community card = [])
name: b11902072, hole_card: ['CA', 'D5']
name: b10902022, hole_card: ['C3', 'S9']
"b11902072" declared "raise:30"
name: b11902072, hole_card: ['CA', 'D5']
name: b10902022, hole_card: ['C3', 'S9']
"b10902022" declared "fold:0"
"['b11902072']" won the round 4 (stack = {'b11902072': 1025.0, 'b10902022': 975})
community cards of this round: ['C2', 'D5', 'H7', 'H2', 'S5']
name: b11902072, hole_card: ['D9', 'S8']
name: b10902022, hole_card: ['C8', 'HJ']
Started the round 5
Street "preflop" started. (community card = [])
name: b11902072, hole_card: ['D9', 'S8']
name: b10902022, hole_card: ['C8', 'HJ']
"b10902022" declared "call:10"
name: b11902072, hole_card: ['D9', 'S8']
name: b10902022, hole_card: ['C8', 'HJ']
"b11902072" declared "call:10"
Street "flop" started. (community card = ['C2', 'D5', 'H7'])
name: b11902072, hole_card: ['D9', 'S8']
name: b10902022, hole_card: ['C8', 'HJ']
"b10902022" declared "call:0"
name: b11902072, hole_card: ['D9', 'S8']
name: b10902022, hole_card: ['C8', 'HJ']
"b11902072" declared "call:0"
Street "turn" started. (community card = ['C2', 'D5', 'H7', 'H2'])
name: b11902072, hole_card: ['D9', 'S8']
name: b10902022, hole_card: ['C8', 'HJ']
"b10902022" declared "call:0"
name: b11902072, hole_card: ['D9', 'S8']
name: b10902022, hole_card: ['C8', 'HJ']
"b11902072" declared "call:0"
Street "river" started. (community card = ['C2', 'D5', 'H7', 'H2', 'S5'])
name: b11902072, hole_card: ['D9', 'S8']
name: b10902022, hole_card: ['C8', 'HJ']
"b10902022" declared "call:0"
name: b11902072, hole_card: ['D9', 'S8']
name: b10902022, hole_card: ['C8', 'HJ']
"b11902072" declared "call:0"
"['b10902022']" won the round 5 (stack = {'b11902072': 1015.0, 'b10902022': 985})
community cards of this round: ['S6', 'DA', 'D8', 'C4', 'DJ']
name: b11902072, hole_card: ['DT', 'HK']
name: b10902022, hole_card: ['S5', 'H6']
Started the round 6
Street "preflop" started. (community card = [])
name: b11902072, hole_card: ['DT', 'HK']
name: b10902022, hole_card: ['S5', 'H6']
"b11902072" declared "raise:30"
name: b11902072, hole_card: ['DT', 'HK']
name: b10902022, hole_card: ['S5', 'H6']
"b10902022" declared "call:30"
Street "flop" started. (community card = ['S6', 'DA', 'D8'])
name: b11902072, hole_card: ['DT', 'HK']
name: b10902022, hole_card: ['S5', 'H6']
"b11902072" declared "raise:27.0"
name: b11902072, hole_card: ['DT', 'HK']
name: b10902022, hole_card: ['S5', 'H6']
"b10902022" declared "call:27.0"
Street "turn" started. (community card = ['S6', 'DA', 'D8', 'C4'])
name: b11902072, hole_card: ['DT', 'HK']
name: b10902022, hole_card: ['S5', 'H6']
"b11902072" declared "call:0"
name: b11902072, hole_card: ['DT', 'HK']
name: b10902022, hole_card: ['S5', 'H6']
"b10902022" declared "raise:25"
name: b11902072, hole_card: ['DT', 'HK']
name: b10902022, hole_card: ['S5', 'H6']
"b11902072" declared "fold:0"
"['b10902022']" won the round 6 (stack = {'b11902072': 958.0, 'b10902022': 1042.0})
community cards of this round: ['H3', 'H6', 'D4', 'C5', 'D9']
name: b11902072, hole_card: ['H4', 'C4']
name: b10902022, hole_card: ['DA', 'HQ']
Started the round 7
Street "preflop" started. (community card = [])
name: b11902072, hole_card: ['H4', 'C4']
name: b10902022, hole_card: ['DA', 'HQ']
"b10902022" declared "raise:25"
name: b11902072, hole_card: ['H4', 'C4']
name: b10902022, hole_card: ['DA', 'HQ']
"b11902072" declared "raise:140"
name: b11902072, hole_card: ['H4', 'C4']
name: b10902022, hole_card: ['DA', 'HQ']
"b10902022" declared "fold:0"
"['b11902072']" won the round 7 (stack = {'b11902072': 983.0, 'b10902022': 1017.0})
community cards of this round: ['CJ', 'C7', 'SJ', 'C3', 'H7']
name: b11902072, hole_card: ['SA', 'ST']
name: b10902022, hole_card: ['D8', 'D2']
Started the round 8
Street "preflop" started. (community card = [])
name: b11902072, hole_card: ['SA', 'ST']
name: b10902022, hole_card: ['D8', 'D2']
"b11902072" declared "raise:30"
name: b11902072, hole_card: ['SA', 'ST']
name: b10902022, hole_card: ['D8', 'D2']
"b10902022" declared "fold:0"
"['b11902072']" won the round 8 (stack = {'b11902072': 993.0, 'b10902022': 1007.0})
community cards of this round: ['C7', 'DT', 'C2', 'DQ', 'D4']
name: b11902072, hole_card: ['S6', 'HQ']
name: b10902022, hole_card: ['S7', 'H6']
Started the round 9
Street "preflop" started. (community card = [])
name: b11902072, hole_card: ['S6', 'HQ']
name: b10902022, hole_card: ['S7', 'H6']
"b10902022" declared "call:10"
name: b11902072, hole_card: ['S6', 'HQ']
name: b10902022, hole_card: ['S7', 'H6']
"b11902072" declared "call:10"
Street "flop" started. (community card = ['C7', 'DT', 'C2'])
name: b11902072, hole_card: ['S6', 'HQ']
name: b10902022, hole_card: ['S7', 'H6']
"b10902022" declared "raise:25"
name: b11902072, hole_card: ['S6', 'HQ']
name: b10902022, hole_card: ['S7', 'H6']
"b11902072" declared "fold:0"
"['b10902022']" won the round 9 (stack = {'b11902072': 983.0, 'b10902022': 1017.0})
community cards of this round: ['C4', 'H3', 'H7', 'S2', 'S6']
name: b11902072, hole_card: ['CA', 'SK']
name: b10902022, hole_card: ['D9', 'H2']
Started the round 10
Street "preflop" started. (community card = [])
name: b11902072, hole_card: ['CA', 'SK']
name: b10902022, hole_card: ['D9', 'H2']
"b11902072" declared "raise:30"
name: b11902072, hole_card: ['CA', 'SK']
name: b10902022, hole_card: ['D9', 'H2']
"b10902022" declared "fold:0"
"['b11902072']" won the round 10 (stack = {'b11902072': 993.0, 'b10902022': 1007.0})
community cards of this round: ['S9', 'S6', 'ST', 'CK', 'H3']
name: b11902072, hole_card: ['D7', 'C7']
name: b10902022, hole_card: ['H4', 'C4']
Started the round 11
Street "preflop" started. (community card = [])
name: b11902072, hole_card: ['D7', 'C7']
name: b10902022, hole_card: ['H4', 'C4']
"b10902022" declared "call:10"
name: b11902072, hole_card: ['D7', 'C7']
name: b10902022, hole_card: ['H4', 'C4']
"b11902072" declared "raise:55.0"
name: b11902072, hole_card: ['D7', 'C7']
name: b10902022, hole_card: ['H4', 'C4']
"b10902022" declared "call:55.0"
Street "flop" started. (community card = ['S9', 'S6', 'ST'])
name: b11902072, hole_card: ['D7', 'C7']
name: b10902022, hole_card: ['H4', 'C4']
"b10902022" declared "call:0"
name: b11902072, hole_card: ['D7', 'C7']
name: b10902022, hole_card: ['H4', 'C4']
"b11902072" declared "call:0"
Street "turn" started. (community card = ['S9', 'S6', 'ST', 'CK'])
name: b11902072, hole_card: ['D7', 'C7']
name: b10902022, hole_card: ['H4', 'C4']
"b10902022" declared "call:0"
name: b11902072, hole_card: ['D7', 'C7']
name: b10902022, hole_card: ['H4', 'C4']
"b11902072" declared "call:0"
Street "river" started. (community card = ['S9', 'S6', 'ST', 'CK', 'H3'])
name: b11902072, hole_card: ['D7', 'C7']
name: b10902022, hole_card: ['H4', 'C4']
"b10902022" declared "call:0"
name: b11902072, hole_card: ['D7', 'C7']
name: b10902022, hole_card: ['H4', 'C4']
"b11902072" declared "call:0"
"['b11902072']" won the round 11 (stack = {'b11902072': 1048.0, 'b10902022': 952.0})
community cards of this round: ['S9', 'DQ', 'D4', 'D9', 'S6']
name: b11902072, hole_card: ['C3', 'D8']
name: b10902022, hole_card: ['SA', 'D2']
Started the round 12
Street "preflop" started. (community card = [])
name: b11902072, hole_card: ['C3', 'D8']
name: b10902022, hole_card: ['SA', 'D2']
"b11902072" declared "fold:0"
"['b10902022']" won the round 12 (stack = {'b11902072': 1043.0, 'b10902022': 957.0})
community cards of this round: ['HJ', 'S5', 'D2', 'H7', 'H3']
name: b11902072, hole_card: ['SA', 'D5']
name: b10902022, hole_card: ['C5', 'H8']
Started the round 13
Street "preflop" started. (community card = [])
name: b11902072, hole_card: ['SA', 'D5']
name: b10902022, hole_card: ['C5', 'H8']
"b10902022" declared "fold:0"
"['b11902072']" won the round 13 (stack = {'b11902072': 1048.0, 'b10902022': 952.0})
community cards of this round: ['C4', 'D3', 'H4', 'D2', 'C3']
name: b11902072, hole_card: ['CK', 'CQ']
name: b10902022, hole_card: ['H2', 'D8']
Started the round 14
Street "preflop" started. (community card = [])
name: b11902072, hole_card: ['CK', 'CQ']
name: b10902022, hole_card: ['H2', 'D8']
"b11902072" declared "raise:30"
name: b11902072, hole_card: ['CK', 'CQ']
name: b10902022, hole_card: ['H2', 'D8']
"b10902022" declared "call:30"
Street "flop" started. (community card = ['C4', 'D3', 'H4'])
name: b11902072, hole_card: ['CK', 'CQ']
name: b10902022, hole_card: ['H2', 'D8']
"b11902072" declared "call:0"
name: b11902072, hole_card: ['CK', 'CQ']
name: b10902022, hole_card: ['H2', 'D8']
"b10902022" declared "call:0"
Street "turn" started. (community card = ['C4', 'D3', 'H4', 'D2'])
name: b11902072, hole_card: ['CK', 'CQ']
name: b10902022, hole_card: ['H2', 'D8']
"b11902072" declared "call:0"
name: b11902072, hole_card: ['CK', 'CQ']
name: b10902022, hole_card: ['H2', 'D8']
"b10902022" declared "raise:64.0"
name: b11902072, hole_card: ['CK', 'CQ']
name: b10902022, hole_card: ['H2', 'D8']
"b11902072" declared "call:64.0"
Street "river" started. (community card = ['C4', 'D3', 'H4', 'D2', 'C3'])
name: b11902072, hole_card: ['CK', 'CQ']
name: b10902022, hole_card: ['H2', 'D8']
"b11902072" declared "raise:954.0"
name: b11902072, hole_card: ['CK', 'CQ']
name: b10902022, hole_card: ['H2', 'D8']
"b10902022" declared "call:954.0"
"['b11902072']" won the round 14 (stack = {'b11902072': 2000.0, 'b10902022': 0.0})
b10902022 vs b11902072 - Game 1: {'rule': {'initial_stack': 1000, 'max_round': 20, 'small_blind_amount': 5, 'ante': 0, 'blind_structure': {}}, 'players': [{'name': 'b11902072', 'uuid': 'rdasiheabhmdpshpmirgrg', 'stack': 2000.0, 'state': 'participating'}, {'name': 'b10902022', 'uuid': 'lmgasgxuwhofixjjpbwwlk', 'stack': 0, 'state': 'folded'}]}
community cards of this round: ['C9', 'C5', 'SQ', 'CK', 'DQ']
name: b10902022, hole_card: ['DK', 'S2']
name: b11902072, hole_card: ['H7', 'D6']
Started the round 1
Street "preflop" started. (community card = [])
name: b10902022, hole_card: ['DK', 'S2']
name: b11902072, hole_card: ['H7', 'D6']
"b11902072" declared "fold:0"
"['b10902022']" won the round 1 (stack = {'b10902022': 1005, 'b11902072': 995})
community cards of this round: ['D5', 'H4', 'SQ', 'S6', 'CQ']
name: b10902022, hole_card: ['D8', 'C9']
name: b11902072, hole_card: ['S3', 'S2']
Started the round 2
Street "preflop" started. (community card = [])
name: b10902022, hole_card: ['D8', 'C9']
name: b11902072, hole_card: ['S3', 'S2']
"b10902022" declared "call:10"
name: b10902022, hole_card: ['D8', 'C9']
name: b11902072, hole_card: ['S3', 'S2']
"b11902072" declared "call:10"
Street "flop" started. (community card = ['D5', 'H4', 'SQ'])
name: b10902022, hole_card: ['D8', 'C9']
name: b11902072, hole_card: ['S3', 'S2']
"b10902022" declared "call:0"
name: b10902022, hole_card: ['D8', 'C9']
name: b11902072, hole_card: ['S3', 'S2']
"b11902072" declared "call:0"
Street "turn" started. (community card = ['D5', 'H4', 'SQ', 'S6'])
name: b10902022, hole_card: ['D8', 'C9']
name: b11902072, hole_card: ['S3', 'S2']
"b10902022" declared "call:0"
name: b10902022, hole_card: ['D8', 'C9']
name: b11902072, hole_card: ['S3', 'S2']
"b11902072" declared "call:0"
Street "river" started. (community card = ['D5', 'H4', 'SQ', 'S6', 'CQ'])
name: b10902022, hole_card: ['D8', 'C9']
name: b11902072, hole_card: ['S3', 'S2']
"b10902022" declared "call:0"
name: b10902022, hole_card: ['D8', 'C9']
name: b11902072, hole_card: ['S3', 'S2']
"b11902072" declared "call:0"
"['b11902072']" won the round 2 (stack = {'b10902022': 995, 'b11902072': 1005})
community cards of this round: ['C8', 'S7', 'D5', 'D4', 'D3']
name: b10902022, hole_card: ['H9', 'CJ']
name: b11902072, hole_card: ['S8', 'C7']
Started the round 3
Street "preflop" started. (community card = [])
name: b10902022, hole_card: ['H9', 'CJ']
name: b11902072, hole_card: ['S8', 'C7']
"b11902072" declared "fold:0"
"['b10902022']" won the round 3 (stack = {'b10902022': 1000, 'b11902072': 1000})
community cards of this round: ['CT', 'D2', 'S3', 'SJ', 'CQ']
name: b10902022, hole_card: ['CA', 'D5']
name: b11902072, hole_card: ['C3', 'S9']
Started the round 4
Street "preflop" started. (community card = [])
name: b10902022, hole_card: ['CA', 'D5']
name: b11902072, hole_card: ['C3', 'S9']
"b10902022" declared "call:10"
name: b10902022, hole_card: ['CA', 'D5']
name: b11902072, hole_card: ['C3', 'S9']
"b11902072" declared "call:10"
Street "flop" started. (community card = ['CT', 'D2', 'S3'])
name: b10902022, hole_card: ['CA', 'D5']
name: b11902072, hole_card: ['C3', 'S9']
"b10902022" declared "call:0"
name: b10902022, hole_card: ['CA', 'D5']
name: b11902072, hole_card: ['C3', 'S9']
"b11902072" declared "raise:16.0"
name: b10902022, hole_card: ['CA', 'D5']
name: b11902072, hole_card: ['C3', 'S9']
"b10902022" declared "call:16.0"
Street "turn" started. (community card = ['CT', 'D2', 'S3', 'SJ'])
name: b10902022, hole_card: ['CA', 'D5']
name: b11902072, hole_card: ['C3', 'S9']
"b10902022" declared "call:0"
name: b10902022, hole_card: ['CA', 'D5']
name: b11902072, hole_card: ['C3', 'S9']
"b11902072" declared "raise:41.6"
name: b10902022, hole_card: ['CA', 'D5']
name: b11902072, hole_card: ['C3', 'S9']
"b10902022" declared "fold:0"
"['b11902072']" won the round 4 (stack = {'b10902022': 974.0, 'b11902072': 1025.4})
community cards of this round: ['C2', 'D5', 'H7', 'H2', 'S5']
name: b10902022, hole_card: ['D9', 'S8']
name: b11902072, hole_card: ['C8', 'HJ']
Started the round 5
Street "preflop" started. (community card = [])
name: b10902022, hole_card: ['D9', 'S8']
name: b11902072, hole_card: ['C8', 'HJ']
"b11902072" declared "fold:0"
"['b10902022']" won the round 5 (stack = {'b10902022': 979.0, 'b11902072': 1020.4000000000001})
community cards of this round: ['S6', 'DA', 'D8', 'C4', 'DJ']
name: b10902022, hole_card: ['DT', 'HK']
name: b11902072, hole_card: ['S5', 'H6']
Started the round 6
Street "preflop" started. (community card = [])
name: b10902022, hole_card: ['DT', 'HK']
name: b11902072, hole_card: ['S5', 'H6']
"b10902022" declared "raise:25"
name: b10902022, hole_card: ['DT', 'HK']
name: b11902072, hole_card: ['S5', 'H6']
"b11902072" declared "fold:0"
"['b10902022']" won the round 6 (stack = {'b10902022': 989.0, 'b11902072': 1010.4000000000001})
community cards of this round: ['H3', 'H6', 'D4', 'C5', 'D9']
name: b10902022, hole_card: ['H4', 'C4']
name: b11902072, hole_card: ['DA', 'HQ']
Started the round 7
Street "preflop" started. (community card = [])
name: b10902022, hole_card: ['H4', 'C4']
name: b11902072, hole_card: ['DA', 'HQ']
"b11902072" declared "raise:30"
name: b10902022, hole_card: ['H4', 'C4']
name: b11902072, hole_card: ['DA', 'HQ']
"b10902022" declared "call:30"
Street "flop" started. (community card = ['H3', 'H6', 'D4'])
name: b10902022, hole_card: ['H4', 'C4']
name: b11902072, hole_card: ['DA', 'HQ']
"b11902072" declared "raise:48.0"
name: b10902022, hole_card: ['H4', 'C4']
name: b11902072, hole_card: ['DA', 'HQ']
"b10902022" declared "call:48.0"
Street "turn" started. (community card = ['H3', 'H6', 'D4', 'C5'])
name: b10902022, hole_card: ['H4', 'C4']
name: b11902072, hole_card: ['DA', 'HQ']
"b11902072" declared "raise:70.2"
name: b10902022, hole_card: ['H4', 'C4']
name: b11902072, hole_card: ['DA', 'HQ']
"b10902022" declared "fold:0"
"['b11902072']" won the round 7 (stack = {'b10902022': 911.0, 'b11902072': 1088.2})
community cards of this round: ['CJ', 'C7', 'SJ', 'C3', 'H7']
name: b10902022, hole_card: ['SA', 'ST']
name: b11902072, hole_card: ['D8', 'D2']
Started the round 8
Street "preflop" started. (community card = [])
name: b10902022, hole_card: ['SA', 'ST']
name: b11902072, hole_card: ['D8', 'D2']
"b10902022" declared "raise:170.0"
name: b10902022, hole_card: ['SA', 'ST']
name: b11902072, hole_card: ['D8', 'D2']
"b11902072" declared "fold:0"
"['b10902022']" won the round 8 (stack = {'b10902022': 921.0, 'b11902072': 1078.2})
community cards of this round: ['C7', 'DT', 'C2', 'DQ', 'D4']
name: b10902022, hole_card: ['S6', 'HQ']
name: b11902072, hole_card: ['S7', 'H6']
Started the round 9
Street "preflop" started. (community card = [])
name: b10902022, hole_card: ['S6', 'HQ']
name: b11902072, hole_card: ['S7', 'H6']
"b11902072" declared "fold:0"
"['b10902022']" won the round 9 (stack = {'b10902022': 926.0, 'b11902072': 1073.2})
community cards of this round: ['C4', 'H3', 'H7', 'S2', 'S6']
name: b10902022, hole_card: ['CA', 'SK']
name: b11902072, hole_card: ['D9', 'H2']
Started the round 10
Street "preflop" started. (community card = [])
name: b10902022, hole_card: ['CA', 'SK']
name: b11902072, hole_card: ['D9', 'H2']
"b10902022" declared "raise:140.0"
name: b10902022, hole_card: ['CA', 'SK']
name: b11902072, hole_card: ['D9', 'H2']
"b11902072" declared "fold:0"
"['b10902022']" won the round 10 (stack = {'b10902022': 936.0, 'b11902072': 1063.2})
community cards of this round: ['S9', 'S6', 'ST', 'CK', 'H3']
name: b10902022, hole_card: ['D7', 'C7']
name: b11902072, hole_card: ['H4', 'C4']
Started the round 11
Street "preflop" started. (community card = [])
name: b10902022, hole_card: ['D7', 'C7']
name: b11902072, hole_card: ['H4', 'C4']
"b11902072" declared "raise:30"
name: b10902022, hole_card: ['D7', 'C7']
name: b11902072, hole_card: ['H4', 'C4']
"b10902022" declared "raise:100.0"
name: b10902022, hole_card: ['D7', 'C7']
name: b11902072, hole_card: ['H4', 'C4']
"b11902072" declared "fold:0"
"['b10902022']" won the round 11 (stack = {'b10902022': 966.0, 'b11902072': 1033.2})
community cards of this round: ['S9', 'DQ', 'D4', 'D9', 'S6']
name: b10902022, hole_card: ['C3', 'D8']
name: b11902072, hole_card: ['SA', 'D2']
Started the round 12
Street "preflop" started. (community card = [])
name: b10902022, hole_card: ['C3', 'D8']
name: b11902072, hole_card: ['SA', 'D2']
"b10902022" declared "call:10"
name: b10902022, hole_card: ['C3', 'D8']
name: b11902072, hole_card: ['SA', 'D2']
"b11902072" declared "raise:55.0"
name: b10902022, hole_card: ['C3', 'D8']
name: b11902072, hole_card: ['SA', 'D2']
"b10902022" declared "fold:0"
"['b11902072']" won the round 12 (stack = {'b10902022': 956.0, 'b11902072': 1043.2})
community cards of this round: ['HJ', 'S5', 'D2', 'H7', 'H3']
name: b10902022, hole_card: ['SA', 'D5']
name: b11902072, hole_card: ['C5', 'H8']
Started the round 13
Street "preflop" started. (community card = [])
name: b10902022, hole_card: ['SA', 'D5']
name: b11902072, hole_card: ['C5', 'H8']
"b11902072" declared "fold:0"
"['b10902022']" won the round 13 (stack = {'b10902022': 961.0, 'b11902072': 1038.2})
community cards of this round: ['C4', 'D3', 'H4', 'D2', 'C3']
name: b10902022, hole_card: ['CK', 'CQ']
name: b11902072, hole_card: ['H2', 'D8']
Started the round 14
Street "preflop" started. (community card = [])
name: b10902022, hole_card: ['CK', 'CQ']
name: b11902072, hole_card: ['H2', 'D8']
"b10902022" declared "fold:0"
"['b11902072']" won the round 14 (stack = {'b10902022': 956.0, 'b11902072': 1043.2})
community cards of this round: ['CA', 'C5', 'SK', 'S5', 'SQ']
name: b10902022, hole_card: ['C7', 'DK']
name: b11902072, hole_card: ['D9', 'H2']
Started the round 15
Street "preflop" started. (community card = [])
name: b10902022, hole_card: ['C7', 'DK']
name: b11902072, hole_card: ['D9', 'H2']
"b11902072" declared "fold:0"
"['b10902022']" won the round 15 (stack = {'b10902022': 961.0, 'b11902072': 1038.2})
community cards of this round: ['CJ', 'S5', 'HA', 'D8', 'CQ']
name: b10902022, hole_card: ['C9', 'H9']
name: b11902072, hole_card: ['SJ', 'D4']
Started the round 16
Street "preflop" started. (community card = [])
name: b10902022, hole_card: ['C9', 'H9']
name: b11902072, hole_card: ['SJ', 'D4']
"b10902022" declared "raise:60.0"
name: b10902022, hole_card: ['C9', 'H9']
name: b11902072, hole_card: ['SJ', 'D4']
"b11902072" declared "fold:0"
"['b10902022']" won the round 16 (stack = {'b10902022': 971.0, 'b11902072': 1028.2})
community cards of this round: ['S8', 'C8', 'S5', 'SA', 'SK']
name: b10902022, hole_card: ['D4', 'H4']
name: b11902072, hole_card: ['C2', 'SQ']
Started the round 17
Street "preflop" started. (community card = [])
name: b10902022, hole_card: ['D4', 'H4']
name: b11902072, hole_card: ['C2', 'SQ']
"b11902072" declared "fold:0"
"['b10902022']" won the round 17 (stack = {'b10902022': 976.0, 'b11902072': 1023.2})
community cards of this round: ['S5', 'S6', 'C7', 'H2', 'S9']
name: b10902022, hole_card: ['C6', 'SA']
name: b11902072, hole_card: ['SJ', 'S8']
Started the round 18
Street "preflop" started. (community card = [])
name: b10902022, hole_card: ['C6', 'SA']
name: b11902072, hole_card: ['SJ', 'S8']
"b10902022" declared "raise:30.0"
name: b10902022, hole_card: ['C6', 'SA']
name: b11902072, hole_card: ['SJ', 'S8']
"b11902072" declared "call:30.0"
Street "flop" started. (community card = ['S5', 'S6', 'C7'])
name: b10902022, hole_card: ['C6', 'SA']
name: b11902072, hole_card: ['SJ', 'S8']
"b10902022" declared "raise:10.0"
name: b10902022, hole_card: ['C6', 'SA']
name: b11902072, hole_card: ['SJ', 'S8']
"b11902072" declared "call:10.0"
Street "turn" started. (community card = ['S5', 'S6', 'C7', 'H2'])
name: b10902022, hole_card: ['C6', 'SA']
name: b11902072, hole_card: ['SJ', 'S8']
"b10902022" declared "raise:10"
name: b10902022, hole_card: ['C6', 'SA']
name: b11902072, hole_card: ['SJ', 'S8']
"b11902072" declared "raise:983.2"
name: b10902022, hole_card: ['C6', 'SA']
name: b11902072, hole_card: ['SJ', 'S8']
"b10902022" declared "call:983.2"
Street "river" started. (community card = ['S5', 'S6', 'C7', 'H2', 'S9'])
"['b11902072']" won the round 18 (stack = {'b10902022': 0.0, 'b11902072': 1999.0})
b10902022 vs b11902072 - Game 2: {'rule': {'initial_stack': 1000, 'max_round': 20, 'small_blind_amount': 5, 'ante': 0, 'blind_structure': {}}, 'players': [{'name': 'b10902022', 'uuid': 'evdkvjjqkbrlgtuhnmbldc', 'stack': 0, 'state': 'folded'}, {'name': 'b11902072', 'uuid': 'xetyoubgktuokpdprwqbug', 'stack': 1999.0, 'state': 'participating'}]}
community cards of this round: ['H2', 'DQ', 'HT', 'DA', 'D8']
name: b11902072, hole_card: ['H4', 'H6']
name: b10902022, hole_card: ['S4', 'SJ']
Started the round 1
Street "preflop" started. (community card = [])
name: b11902072, hole_card: ['H4', 'H6']
name: b10902022, hole_card: ['S4', 'SJ']
"b10902022" declared "call:10"
name: b11902072, hole_card: ['H4', 'H6']
name: b10902022, hole_card: ['S4', 'SJ']
"b11902072" declared "call:10"
Street "flop" started. (community card = ['H2', 'DQ', 'HT'])
name: b11902072, hole_card: ['H4', 'H6']
name: b10902022, hole_card: ['S4', 'SJ']
"b10902022" declared "call:0"
name: b11902072, hole_card: ['H4', 'H6']
name: b10902022, hole_card: ['S4', 'SJ']
"b11902072" declared "call:0"
Street "turn" started. (community card = ['H2', 'DQ', 'HT', 'DA'])
name: b11902072, hole_card: ['H4', 'H6']
name: b10902022, hole_card: ['S4', 'SJ']
"b10902022" declared "call:0"
name: b11902072, hole_card: ['H4', 'H6']
name: b10902022, hole_card: ['S4', 'SJ']
"b11902072" declared "call:0"
Street "river" started. (community card = ['H2', 'DQ', 'HT', 'DA', 'D8'])
name: b11902072, hole_card: ['H4', 'H6']
name: b10902022, hole_card: ['S4', 'SJ']
"b10902022" declared "call:0"
name: b11902072, hole_card: ['H4', 'H6']
name: b10902022, hole_card: ['S4', 'SJ']
"b11902072" declared "call:0"
"['b10902022']" won the round 1 (stack = {'b11902072': 990, 'b10902022': 1010})
community cards of this round: ['D2', 'D8', 'H9', 'C3', 'DA']
name: b11902072, hole_card: ['H3', 'C5']
name: b10902022, hole_card: ['S5', 'HJ']
Started the round 2
Street "preflop" started. (community card = [])
name: b11902072, hole_card: ['H3', 'C5']
name: b10902022, hole_card: ['S5', 'HJ']
"b11902072" declared "fold:0"
"['b10902022']" won the round 2 (stack = {'b11902072': 985, 'b10902022': 1015})
community cards of this round: ['SA', 'CK', 'S4', 'C9', 'H3']
name: b11902072, hole_card: ['CA', 'S8']
name: b10902022, hole_card: ['D2', 'HA']
Started the round 3
Street "preflop" started. (community card = [])
name: b11902072, hole_card: ['CA', 'S8']
name: b10902022, hole_card: ['D2', 'HA']
"b10902022" declared "call:10"
name: b11902072, hole_card: ['CA', 'S8']
name: b10902022, hole_card: ['D2', 'HA']
"b11902072" declared "raise:55.0"
name: b11902072, hole_card: ['CA', 'S8']
name: b10902022, hole_card: ['D2', 'HA']
"b10902022" declared "call:55.0"
Street "flop" started. (community card = ['SA', 'CK', 'S4'])
name: b11902072, hole_card: ['CA', 'S8']
name: b10902022, hole_card: ['D2', 'HA']
"b10902022" declared "raise:25"
name: b11902072, hole_card: ['CA', 'S8']
name: b10902022, hole_card: ['D2', 'HA']
"b11902072" declared "raise:50"
name: b11902072, hole_card: ['CA', 'S8']
name: b10902022, hole_card: ['D2', 'HA']
"b10902022" declared "call:50"
Street "turn" started. (community card = ['SA', 'CK', 'S4', 'C9'])
name: b11902072, hole_card: ['CA', 'S8']
name: b10902022, hole_card: ['D2', 'HA']
"b10902022" declared "raise:25"
name: b11902072, hole_card: ['CA', 'S8']
name: b10902022, hole_card: ['D2', 'HA']
"b11902072" declared "call:25"
Street "river" started. (community card = ['SA', 'CK', 'S4', 'C9', 'H3'])
name: b11902072, hole_card: ['CA', 'S8']
name: b10902022, hole_card: ['D2', 'HA']
"b10902022" declared "raise:50"
name: b11902072, hole_card: ['CA', 'S8']
name: b10902022, hole_card: ['D2', 'HA']
"b11902072" declared "raise:855.0"
name: b11902072, hole_card: ['CA', 'S8']
name: b10902022, hole_card: ['D2', 'HA']
"b10902022" declared "call:855.0"
"['b11902072']" won the round 3 (stack = {'b11902072': 1970.0, 'b10902022': 30.0})
community cards of this round: ['S5', 'CA', 'DJ', 'DT', 'HJ']
name: b11902072, hole_card: ['SK', 'C6']
name: b10902022, hole_card: ['DA', 'C4']
Started the round 4
Street "preflop" started. (community card = [])
name: b11902072, hole_card: ['SK', 'C6']
name: b10902022, hole_card: ['DA', 'C4']
"b11902072" declared "fold:0"
"['b10902022']" won the round 4 (stack = {'b11902072': 1965.0, 'b10902022': 35.0})
community cards of this round: ['CJ', 'S5', 'HQ', 'CA', 'S3']
name: b11902072, hole_card: ['HT', 'DA']
name: b10902022, hole_card: ['D3', 'DK']
Started the round 5
Street "preflop" started. (community card = [])
name: b11902072, hole_card: ['HT', 'DA']
name: b10902022, hole_card: ['D3', 'DK']
"b10902022" declared "raise:35.0"
name: b11902072, hole_card: ['HT', 'DA']
name: b10902022, hole_card: ['D3', 'DK']
"b11902072" declared "fold:0"
"['b10902022']" won the round 5 (stack = {'b11902072': 1955.0, 'b10902022': 45.0})
community cards of this round: ['DQ', 'H3', 'S2', 'H2', 'H7']
name: b11902072, hole_card: ['S6', 'CQ']
name: b10902022, hole_card: ['HK', 'D5']
Started the round 6
Street "preflop" started. (community card = [])
name: b11902072, hole_card: ['S6', 'CQ']
name: b10902022, hole_card: ['HK', 'D5']
"b11902072" declared "fold:0"
"['b10902022']" won the round 6 (stack = {'b11902072': 1950.0, 'b10902022': 50.0})
community cards of this round: ['S3', 'CJ', 'H9', 'C2', 'C6']
name: b11902072, hole_card: ['H2', 'HT']
name: b10902022, hole_card: ['D2', 'H7']
Started the round 7
Street "preflop" started. (community card = [])
name: b11902072, hole_card: ['H2', 'HT']
name: b10902022, hole_card: ['D2', 'H7']
"b10902022" declared "call:10"
name: b11902072, hole_card: ['H2', 'HT']
name: b10902022, hole_card: ['D2', 'H7']
"b11902072" declared "fold:0"
"['b10902022']" won the round 7 (stack = {'b11902072': 1940.0, 'b10902022': 60.0})
community cards of this round: ['C3', 'H2', 'C9', 'HT', 'HA']
name: b11902072, hole_card: ['H5', 'HK']
name: b10902022, hole_card: ['DK', 'SA']
Started the round 8
Street "preflop" started. (community card = [])
name: b11902072, hole_card: ['H5', 'HK']
name: b10902022, hole_card: ['DK', 'SA']
"b11902072" declared "fold:0"
"['b10902022']" won the round 8 (stack = {'b11902072': 1935.0, 'b10902022': 65.0})
community cards of this round: ['C3', 'S4', 'H6', 'SJ', 'H2']
name: b11902072, hole_card: ['S3', 'DK']
name: b10902022, hole_card: ['C5', 'DT']
Started the round 9
Street "preflop" started. (community card = [])
name: b11902072, hole_card: ['S3', 'DK']
name: b10902022, hole_card: ['C5', 'DT']
"b10902022" declared "call:10"
name: b11902072, hole_card: ['S3', 'DK']
name: b10902022, hole_card: ['C5', 'DT']
"b11902072" declared "fold:0"
"['b10902022']" won the round 9 (stack = {'b11902072': 1925.0, 'b10902022': 75.0})
community cards of this round: ['S7', 'S3', 'S4', 'D9', 'C7']
name: b11902072, hole_card: ['S8', 'CJ']
name: b10902022, hole_card: ['DJ', 'DT']
Started the round 10
Street "preflop" started. (community card = [])
name: b11902072, hole_card: ['S8', 'CJ']
name: b10902022, hole_card: ['DJ', 'DT']
"b11902072" declared "fold:0"
"['b10902022']" won the round 10 (stack = {'b11902072': 1920.0, 'b10902022': 80.0})
community cards of this round: ['CA', 'C6', 'H2', 'DA', 'C2']
name: b11902072, hole_card: ['S9', 'D2']
name: b10902022, hole_card: ['H4', 'HT']
Started the round 11
Street "preflop" started. (community card = [])
name: b11902072, hole_card: ['S9', 'D2']
name: b10902022, hole_card: ['H4', 'HT']
"b10902022" declared "call:10"
name: b11902072, hole_card: ['S9', 'D2']
name: b10902022, hole_card: ['H4', 'HT']
"b11902072" declared "fold:0"
"['b10902022']" won the round 11 (stack = {'b11902072': 1910.0, 'b10902022': 90.0})
community cards of this round: ['C8', 'H8', 'D9', 'C9', 'CK']
name: b11902072, hole_card: ['S8', 'CA']
name: b10902022, hole_card: ['D4', 'C3']
Started the round 12
Street "preflop" started. (community card = [])
name: b11902072, hole_card: ['S8', 'CA']
name: b10902022, hole_card: ['D4', 'C3']
"b11902072" declared "fold:0"
"['b10902022']" won the round 12 (stack = {'b11902072': 1905.0, 'b10902022': 95.0})
community cards of this round: ['S8', 'D7', 'D5', 'CQ', 'SJ']
name: b11902072, hole_card: ['H8', 'C4']
name: b10902022, hole_card: ['D8', 'D3']
Started the round 13
Street "preflop" started. (community card = [])
name: b11902072, hole_card: ['H8', 'C4']
name: b10902022, hole_card: ['D8', 'D3']
"b10902022" declared "call:10"
name: b11902072, hole_card: ['H8', 'C4']
name: b10902022, hole_card: ['D8', 'D3']
"b11902072" declared "fold:0"
"['b10902022']" won the round 13 (stack = {'b11902072': 1895.0, 'b10902022': 105.0})
community cards of this round: ['CA', 'DA', 'D2', 'H6', 'HJ']
name: b11902072, hole_card: ['D8', 'C5']
name: b10902022, hole_card: ['S9', 'DT']
Started the round 14
Street "preflop" started. (community card = [])
name: b11902072, hole_card: ['D8', 'C5']
name: b10902022, hole_card: ['S9', 'DT']
"b11902072" declared "fold:0"
"['b10902022']" won the round 14 (stack = {'b11902072': 1890.0, 'b10902022': 110.0})
community cards of this round: ['H9', 'S5', 'C3', 'SJ', 'C5']
name: b11902072, hole_card: ['DT', 'DK']
name: b10902022, hole_card: ['DJ', 'HA']
Started the round 15
Street "preflop" started. (community card = [])
name: b11902072, hole_card: ['DT', 'DK']
name: b10902022, hole_card: ['DJ', 'HA']
"b10902022" declared "raise:110.0"
name: b11902072, hole_card: ['DT', 'DK']
name: b10902022, hole_card: ['DJ', 'HA']
"b11902072" declared "fold:0"
"['b10902022']" won the round 15 (stack = {'b11902072': 1880.0, 'b10902022': 120.0})
community cards of this round: ['ST', 'CK', 'S8', 'HA', 'C5']
name: b11902072, hole_card: ['D5', 'H8']
name: b10902022, hole_card: ['C3', 'SA']
Started the round 16
Street "preflop" started. (community card = [])
name: b11902072, hole_card: ['D5', 'H8']
name: b10902022, hole_card: ['C3', 'SA']
"b11902072" declared "fold:0"
"['b10902022']" won the round 16 (stack = {'b11902072': 1875.0, 'b10902022': 125.0})
community cards of this round: ['HA', 'H2', 'D7', 'C2', 'C3']
name: b11902072, hole_card: ['C7', 'S2']
name: b10902022, hole_card: ['H9', 'C4']
Started the round 17
Street "preflop" started. (community card = [])
name: b11902072, hole_card: ['C7', 'S2']
name: b10902022, hole_card: ['H9', 'C4']
"b10902022" declared "call:10"
name: b11902072, hole_card: ['C7', 'S2']
name: b10902022, hole_card: ['H9', 'C4']
"b11902072" declared "fold:0"
"['b10902022']" won the round 17 (stack = {'b11902072': 1865.0, 'b10902022': 135.0})
community cards of this round: ['SA', 'S7', 'C8', 'HK', 'S6']
name: b11902072, hole_card: ['H5', 'C2']
name: b10902022, hole_card: ['D7', 'HQ']
Started the round 18
Street "preflop" started. (community card = [])
name: b11902072, hole_card: ['H5', 'C2']
name: b10902022, hole_card: ['D7', 'HQ']
"b11902072" declared "fold:0"
"['b10902022']" won the round 18 (stack = {'b11902072': 1860.0, 'b10902022': 140.0})
community cards of this round: ['CK', 'S7', 'SQ', 'D9', 'S3']
name: b11902072, hole_card: ['SJ', 'DA']
name: b10902022, hole_card: ['H5', 'ST']
Started the round 19
Street "preflop" started. (community card = [])
name: b11902072, hole_card: ['SJ', 'DA']
name: b10902022, hole_card: ['H5', 'ST']
"b10902022" declared "call:10"
name: b11902072, hole_card: ['SJ', 'DA']
name: b10902022, hole_card: ['H5', 'ST']
"b11902072" declared "fold:0"
"['b10902022']" won the round 19 (stack = {'b11902072': 1850.0, 'b10902022': 150.0})
community cards of this round: ['S8', 'H4', 'DA', 'C4', 'C9']
name: b11902072, hole_card: ['S5', 'H6']
name: b10902022, hole_card: ['C7', 'HQ']
Started the round 20
Street "preflop" started. (community card = [])
name: b11902072, hole_card: ['S5', 'H6']
name: b10902022, hole_card: ['C7', 'HQ']
"b11902072" declared "fold:0"
"['b10902022']" won the round 20 (stack = {'b11902072': 1845.0, 'b10902022': 155.0})
b10902022 vs b11902072 - Game 3: {'rule': {'initial_stack': 1000, 'max_round': 20, 'small_blind_amount': 5, 'ante': 0, 'blind_structure': {}}, 'players': [{'name': 'b11902072', 'uuid': 'knuuqnyxrxkeokfosgyayx', 'stack': 1845.0, 'state': 'participating'}, {'name': 'b10902022', 'uuid': 'wpdewocbjedlnnosawfzhe', 'stack': 155.0, 'state': 'participating'}]}
community cards of this round: ['H2', 'DQ', 'HT', 'DA', 'D8']
name: b10902022, hole_card: ['H4', 'H6']
name: b11902072, hole_card: ['S4', 'SJ']
Started the round 1
Street "preflop" started. (community card = [])
name: b10902022, hole_card: ['H4', 'H6']
name: b11902072, hole_card: ['S4', 'SJ']
"b11902072" declared "fold:0"
"['b10902022']" won the round 1 (stack = {'b10902022': 1005, 'b11902072': 995})
community cards of this round: ['D2', 'D8', 'H9', 'C3', 'DA']
name: b10902022, hole_card: ['H3', 'C5']
name: b11902072, hole_card: ['S5', 'HJ']
Started the round 2
Street "preflop" started. (community card = [])
name: b10902022, hole_card: ['H3', 'C5']
name: b11902072, hole_card: ['S5', 'HJ']
"b10902022" declared "call:10"
name: b10902022, hole_card: ['H3', 'C5']
name: b11902072, hole_card: ['S5', 'HJ']
"b11902072" declared "call:10"
Street "flop" started. (community card = ['D2', 'D8', 'H9'])
name: b10902022, hole_card: ['H3', 'C5']
name: b11902072, hole_card: ['S5', 'HJ']
"b10902022" declared "call:0"
name: b10902022, hole_card: ['H3', 'C5']
name: b11902072, hole_card: ['S5', 'HJ']
"b11902072" declared "call:0"
Street "turn" started. (community card = ['D2', 'D8', 'H9', 'C3'])
name: b10902022, hole_card: ['H3', 'C5']
name: b11902072, hole_card: ['S5', 'HJ']
"b10902022" declared "call:0"
name: b10902022, hole_card: ['H3', 'C5']
name: b11902072, hole_card: ['S5', 'HJ']
"b11902072" declared "call:0"
Street "river" started. (community card = ['D2', 'D8', 'H9', 'C3', 'DA'])
name: b10902022, hole_card: ['H3', 'C5']
name: b11902072, hole_card: ['S5', 'HJ']
"b10902022" declared "call:0"
name: b10902022, hole_card: ['H3', 'C5']
name: b11902072, hole_card: ['S5', 'HJ']
"b11902072" declared "call:0"
"['b10902022']" won the round 2 (stack = {'b10902022': 1015, 'b11902072': 985})
community cards of this round: ['SA', 'CK', 'S4', 'C9', 'H3']
name: b10902022, hole_card: ['CA', 'S8']
name: b11902072, hole_card: ['D2', 'HA']
Started the round 3
Street "preflop" started. (community card = [])
name: b10902022, hole_card: ['CA', 'S8']
name: b11902072, hole_card: ['D2', 'HA']
"b11902072" declared "fold:0"
"['b10902022']" won the round 3 (stack = {'b10902022': 1020, 'b11902072': 980})
community cards of this round: ['S5', 'CA', 'DJ', 'DT', 'HJ']
name: b10902022, hole_card: ['SK', 'C6']
name: b11902072, hole_card: ['DA', 'C4']
Started the round 4
Street "preflop" started. (community card = [])
name: b10902022, hole_card: ['SK', 'C6']
name: b11902072, hole_card: ['DA', 'C4']
"b10902022" declared "call:10"
name: b10902022, hole_card: ['SK', 'C6']
name: b11902072, hole_card: ['DA', 'C4']
"b11902072" declared "raise:55.0"
name: b10902022, hole_card: ['SK', 'C6']
name: b11902072, hole_card: ['DA', 'C4']
"b10902022" declared "call:55.0"
Street "flop" started. (community card = ['S5', 'CA', 'DJ'])
name: b10902022, hole_card: ['SK', 'C6']
name: b11902072, hole_card: ['DA', 'C4']
"b10902022" declared "call:0"
name: b10902022, hole_card: ['SK', 'C6']
name: b11902072, hole_card: ['DA', 'C4']
"b11902072" declared "raise:88.0"
name: b10902022, hole_card: ['SK', 'C6']
name: b11902072, hole_card: ['DA', 'C4']
"b10902022" declared "fold:0"
"['b11902072']" won the round 4 (stack = {'b10902022': 965.0, 'b11902072': 1035.0})
community cards of this round: ['CJ', 'S5', 'HQ', 'CA', 'S3']
name: b10902022, hole_card: ['HT', 'DA']
name: b11902072, hole_card: ['D3', 'DK']
Started the round 5
Street "preflop" started. (community card = [])
name: b10902022, hole_card: ['HT', 'DA']
name: b11902072, hole_card: ['D3', 'DK']
"b11902072" declared "fold:0"
"['b10902022']" won the round 5 (stack = {'b10902022': 970.0, 'b11902072': 1030.0})
community cards of this round: ['DQ', 'H3', 'S2', 'H2', 'H7']
name: b10902022, hole_card: ['S6', 'CQ']
name: b11902072, hole_card: ['HK', 'D5']
Started the round 6
Street "preflop" started. (community card = [])
name: b10902022, hole_card: ['S6', 'CQ']
name: b11902072, hole_card: ['HK', 'D5']
"b10902022" declared "call:10"
name: b10902022, hole_card: ['S6', 'CQ']
name: b11902072, hole_card: ['HK', 'D5']
"b11902072" declared "raise:55.0"
name: b10902022, hole_card: ['S6', 'CQ']
name: b11902072, hole_card: ['HK', 'D5']
"b10902022" declared "fold:0"
"['b11902072']" won the round 6 (stack = {'b10902022': 960.0, 'b11902072': 1040.0})
community cards of this round: ['S3', 'CJ', 'H9', 'C2', 'C6']
name: b10902022, hole_card: ['H2', 'HT']
name: b11902072, hole_card: ['D2', 'H7']
Started the round 7
Street "preflop" started. (community card = [])
name: b10902022, hole_card: ['H2', 'HT']
name: b11902072, hole_card: ['D2', 'H7']
"b11902072" declared "fold:0"
"['b10902022']" won the round 7 (stack = {'b10902022': 965.0, 'b11902072': 1035.0})
community cards of this round: ['C3', 'H2', 'C9', 'HT', 'HA']
name: b10902022, hole_card: ['H5', 'HK']
name: b11902072, hole_card: ['DK', 'SA']
Started the round 8
Street "preflop" started. (community card = [])
name: b10902022, hole_card: ['H5', 'HK']
name: b11902072, hole_card: ['DK', 'SA']
"b10902022" declared "call:10"
name: b10902022, hole_card: ['H5', 'HK']
name: b11902072, hole_card: ['DK', 'SA']
"b11902072" declared "raise:55.0"
name: b10902022, hole_card: ['H5', 'HK']
name: b11902072, hole_card: ['DK', 'SA']
"b10902022" declared "fold:0"
"['b11902072']" won the round 8 (stack = {'b10902022': 955.0, 'b11902072': 1045.0})
community cards of this round: ['C3', 'S4', 'H6', 'SJ', 'H2']
name: b10902022, hole_card: ['S3', 'DK']
name: b11902072, hole_card: ['C5', 'DT']
Started the round 9
Street "preflop" started. (community card = [])
name: b10902022, hole_card: ['S3', 'DK']
name: b11902072, hole_card: ['C5', 'DT']
"b11902072" declared "fold:0"
"['b10902022']" won the round 9 (stack = {'b10902022': 960.0, 'b11902072': 1040.0})
community cards of this round: ['S7', 'S3', 'S4', 'D9', 'C7']
name: b10902022, hole_card: ['S8', 'CJ']
name: b11902072, hole_card: ['DJ', 'DT']
Started the round 10
Street "preflop" started. (community card = [])
name: b10902022, hole_card: ['S8', 'CJ']
name: b11902072, hole_card: ['DJ', 'DT']
"b10902022" declared "call:10"
name: b10902022, hole_card: ['S8', 'CJ']
name: b11902072, hole_card: ['DJ', 'DT']
"b11902072" declared "raise:55.0"
name: b10902022, hole_card: ['S8', 'CJ']
name: b11902072, hole_card: ['DJ', 'DT']
"b10902022" declared "fold:0"
"['b11902072']" won the round 10 (stack = {'b10902022': 950.0, 'b11902072': 1050.0})
community cards of this round: ['CA', 'C6', 'H2', 'DA', 'C2']
name: b10902022, hole_card: ['S9', 'D2']
name: b11902072, hole_card: ['H4', 'HT']
Started the round 11
Street "preflop" started. (community card = [])
name: b10902022, hole_card: ['S9', 'D2']
name: b11902072, hole_card: ['H4', 'HT']
"b11902072" declared "fold:0"
"['b10902022']" won the round 11 (stack = {'b10902022': 955.0, 'b11902072': 1045.0})
community cards of this round: ['C8', 'H8', 'D9', 'C9', 'CK']
name: b10902022, hole_card: ['S8', 'CA']
name: b11902072, hole_card: ['D4', 'C3']
Started the round 12
Street "preflop" started. (community card = [])
name: b10902022, hole_card: ['S8', 'CA']
name: b11902072, hole_card: ['D4', 'C3']
"b10902022" declared "call:10"
name: b10902022, hole_card: ['S8', 'CA']
name: b11902072, hole_card: ['D4', 'C3']
"b11902072" declared "call:10"
Street "flop" started. (community card = ['C8', 'H8', 'D9'])
name: b10902022, hole_card: ['S8', 'CA']
name: b11902072, hole_card: ['D4', 'C3']
"b10902022" declared "call:0"
name: b10902022, hole_card: ['S8', 'CA']
name: b11902072, hole_card: ['D4', 'C3']
"b11902072" declared "call:0"
Street "turn" started. (community card = ['C8', 'H8', 'D9', 'C9'])
name: b10902022, hole_card: ['S8', 'CA']
name: b11902072, hole_card: ['D4', 'C3']
"b10902022" declared "call:0"
name: b10902022, hole_card: ['S8', 'CA']
name: b11902072, hole_card: ['D4', 'C3']
"b11902072" declared "call:0"
Street "river" started. (community card = ['C8', 'H8', 'D9', 'C9', 'CK'])
name: b10902022, hole_card: ['S8', 'CA']
name: b11902072, hole_card: ['D4', 'C3']
"b10902022" declared "raise:96.0"
name: b10902022, hole_card: ['S8', 'CA']
name: b11902072, hole_card: ['D4', 'C3']
"b11902072" declared "fold:0"
"['b10902022']" won the round 12 (stack = {'b10902022': 965.0, 'b11902072': 1035.0})
community cards of this round: ['S8', 'D7', 'D5', 'CQ', 'SJ']
name: b10902022, hole_card: ['H8', 'C4']
name: b11902072, hole_card: ['D8', 'D3']
Started the round 13
Street "preflop" started. (community card = [])
name: b10902022, hole_card: ['H8', 'C4']
name: b11902072, hole_card: ['D8', 'D3']
"b11902072" declared "fold:0"
"['b10902022']" won the round 13 (stack = {'b10902022': 970.0, 'b11902072': 1030.0})
community cards of this round: ['CA', 'DA', 'D2', 'H6', 'HJ']
name: b10902022, hole_card: ['D8', 'C5']
name: b11902072, hole_card: ['S9', 'DT']
Started the round 14
Street "preflop" started. (community card = [])
name: b10902022, hole_card: ['D8', 'C5']
name: b11902072, hole_card: ['S9', 'DT']
"b10902022" declared "call:10"
name: b10902022, hole_card: ['D8', 'C5']
name: b11902072, hole_card: ['S9', 'DT']
"b11902072" declared "call:10"
Street "flop" started. (community card = ['CA', 'DA', 'D2'])
name: b10902022, hole_card: ['D8', 'C5']
name: b11902072, hole_card: ['S9', 'DT']
"b10902022" declared "call:0"
name: b10902022, hole_card: ['D8', 'C5']
name: b11902072, hole_card: ['S9', 'DT']
"b11902072" declared "call:0"
Street "turn" started. (community card = ['CA', 'DA', 'D2', 'H6'])
name: b10902022, hole_card: ['D8', 'C5']
name: b11902072, hole_card: ['S9', 'DT']
"b10902022" declared "call:0"
name: b10902022, hole_card: ['D8', 'C5']
name: b11902072, hole_card: ['S9', 'DT']
"b11902072" declared "call:0"
Street "river" started. (community card = ['CA', 'DA', 'D2', 'H6', 'HJ'])
name: b10902022, hole_card: ['D8', 'C5']
name: b11902072, hole_card: ['S9', 'DT']
"b10902022" declared "call:0"
name: b10902022, hole_card: ['D8', 'C5']
name: b11902072, hole_card: ['S9', 'DT']
"b11902072" declared "call:0"
"['b11902072']" won the round 14 (stack = {'b10902022': 960.0, 'b11902072': 1040.0})
community cards of this round: ['H9', 'S5', 'C3', 'SJ', 'C5']
name: b10902022, hole_card: ['DT', 'DK']
name: b11902072, hole_card: ['DJ', 'HA']
Started the round 15
Street "preflop" started. (community card = [])
name: b10902022, hole_card: ['DT', 'DK']
name: b11902072, hole_card: ['DJ', 'HA']
"b11902072" declared "raise:30"
name: b10902022, hole_card: ['DT', 'DK']
name: b11902072, hole_card: ['DJ', 'HA']
"b10902022" declared "raise:50"
name: b10902022, hole_card: ['DT', 'DK']
name: b11902072, hole_card: ['DJ', 'HA']
"b11902072" declared "raise:320"
name: b10902022, hole_card: ['DT', 'DK']
name: b11902072, hole_card: ['DJ', 'HA']
"b10902022" declared "raise:590"
name: b10902022, hole_card: ['DT', 'DK']
name: b11902072, hole_card: ['DJ', 'HA']
"b11902072" declared "raise:1040.0"
name: b10902022, hole_card: ['DT', 'DK']
name: b11902072, hole_card: ['DJ', 'HA']
"b10902022" declared "call:1040.0"
Street "flop" started. (community card = ['H9', 'S5', 'C3'])
Street "turn" started. (community card = ['H9', 'S5', 'C3', 'SJ'])
Street "river" started. (community card = ['H9', 'S5', 'C3', 'SJ', 'C5'])
"['b11902072']" won the round 15 (stack = {'b10902022': 0.0, 'b11902072': 2000.0})
b10902022 vs b11902072 - Game 4: {'rule': {'initial_stack': 1000, 'max_round': 20, 'small_blind_amount': 5, 'ante': 0, 'blind_structure': {}}, 'players': [{'name': 'b10902022', 'uuid': 'pjiaqtzdwashyrhftxqexh', 'stack': 0, 'state': 'folded'}, {'name': 'b11902072', 'uuid': 'ifsrgfskujrgvigzayfdnb', 'stack': 2000.0, 'state': 'participating'}]}
community cards of this round: ['S5', 'SK', 'S9', 'DK', 'SJ']
name: b11902072, hole_card: ['D6', 'HK']
name: b10902022, hole_card: ['CQ', 'S6']
Started the round 1
Street "preflop" started. (community card = [])
name: b11902072, hole_card: ['D6', 'HK']
name: b10902022, hole_card: ['CQ', 'S6']
"b10902022" declared "call:10"
name: b11902072, hole_card: ['D6', 'HK']
name: b10902022, hole_card: ['CQ', 'S6']
"b11902072" declared "raise:55.0"
name: b11902072, hole_card: ['D6', 'HK']
name: b10902022, hole_card: ['CQ', 'S6']
"b10902022" declared "fold:0"
"['b11902072']" won the round 1 (stack = {'b11902072': 1010.0, 'b10902022': 990})
community cards of this round: ['C2', 'C5', 'DT', 'SQ', 'HT']
name: b11902072, hole_card: ['H5', 'H8']
name: b10902022, hole_card: ['S9', 'C7']
Started the round 2
Street "preflop" started. (community card = [])
name: b11902072, hole_card: ['H5', 'H8']
name: b10902022, hole_card: ['S9', 'C7']
"b11902072" declared "fold:0"
"['b10902022']" won the round 2 (stack = {'b11902072': 1005.0, 'b10902022': 995})
community cards of this round: ['C6', 'C2', 'H4', 'CA', 'H7']
name: b11902072, hole_card: ['C5', 'D3']
name: b10902022, hole_card: ['S5', 'HQ']
Started the round 3
Street "preflop" started. (community card = [])
name: b11902072, hole_card: ['C5', 'D3']
name: b10902022, hole_card: ['S5', 'HQ']
"b10902022" declared "call:10"
name: b11902072, hole_card: ['C5', 'D3']
name: b10902022, hole_card: ['S5', 'HQ']
"b11902072" declared "call:10"
Street "flop" started. (community card = ['C6', 'C2', 'H4'])
name: b11902072, hole_card: ['C5', 'D3']
name: b10902022, hole_card: ['S5', 'HQ']
"b10902022" declared "call:0"
name: b11902072, hole_card: ['C5', 'D3']
name: b10902022, hole_card: ['S5', 'HQ']
"b11902072" declared "raise:10"
name: b11902072, hole_card: ['C5', 'D3']
name: b10902022, hole_card: ['S5', 'HQ']
"b10902022" declared "call:10"
Street "turn" started. (community card = ['C6', 'C2', 'H4', 'CA'])
name: b11902072, hole_card: ['C5', 'D3']
name: b10902022, hole_card: ['S5', 'HQ']
"b10902022" declared "call:0"
name: b11902072, hole_card: ['C5', 'D3']
name: b10902022, hole_card: ['S5', 'HQ']
"b11902072" declared "raise:10"
name: b11902072, hole_card: ['C5', 'D3']
name: b10902022, hole_card: ['S5', 'HQ']
"b10902022" declared "call:10"
Street "river" started. (community card = ['C6', 'C2', 'H4', 'CA', 'H7'])
name: b11902072, hole_card: ['C5', 'D3']
name: b10902022, hole_card: ['S5', 'HQ']
"b10902022" declared "call:0"
name: b11902072, hole_card: ['C5', 'D3']
name: b10902022, hole_card: ['S5', 'HQ']
"b11902072" declared "raise:12.0"
name: b11902072, hole_card: ['C5', 'D3']
name: b10902022, hole_card: ['S5', 'HQ']
"b10902022" declared "fold:0"
"['b11902072']" won the round 3 (stack = {'b11902072': 1035.0, 'b10902022': 965})
community cards of this round: ['SA', 'H8', 'D2', 'D3', 'C6']
name: b11902072, hole_card: ['SK', 'C7']
name: b10902022, hole_card: ['S7', 'D5']
Started the round 4
Street "preflop" started. (community card = [])
name: b11902072, hole_card: ['SK', 'C7']
name: b10902022, hole_card: ['S7', 'D5']
"b11902072" declared "fold:0"
"['b10902022']" won the round 4 (stack = {'b11902072': 1030.0, 'b10902022': 970})
community cards of this round: ['H9', 'SJ', 'S5', 'DT', 'CK']
name: b11902072, hole_card: ['H7', 'HT']
name: b10902022, hole_card: ['H6', 'D4']
Started the round 5
Street "preflop" started. (community card = [])
name: b11902072, hole_card: ['H7', 'HT']
name: b10902022, hole_card: ['H6', 'D4']
"b10902022" declared "call:10"
name: b11902072, hole_card: ['H7', 'HT']
name: b10902022, hole_card: ['H6', 'D4']
"b11902072" declared "call:10"
Street "flop" started. (community card = ['H9', 'SJ', 'S5'])
name: b11902072, hole_card: ['H7', 'HT']
name: b10902022, hole_card: ['H6', 'D4']
"b10902022" declared "call:0"
name: b11902072, hole_card: ['H7', 'HT']
name: b10902022, hole_card: ['H6', 'D4']
"b11902072" declared "call:0"
Street "turn" started. (community card = ['H9', 'SJ', 'S5', 'DT'])
name: b11902072, hole_card: ['H7', 'HT']
name: b10902022, hole_card: ['H6', 'D4']
"b10902022" declared "call:0"
name: b11902072, hole_card: ['H7', 'HT']
name: b10902022, hole_card: ['H6', 'D4']
"b11902072" declared "raise:16.0"
name: b11902072, hole_card: ['H7', 'HT']
name: b10902022, hole_card: ['H6', 'D4']
"b10902022" declared "fold:0"
"['b11902072']" won the round 5 (stack = {'b11902072': 1040.0, 'b10902022': 960})
community cards of this round: ['C9', 'DT', 'H6', 'D8', 'C2']
name: b11902072, hole_card: ['D4', 'SJ']
name: b10902022, hole_card: ['S7', 'SA']
Started the round 6
Street "preflop" started. (community card = [])
name: b11902072, hole_card: ['D4', 'SJ']
name: b10902022, hole_card: ['S7', 'SA']
"b11902072" declared "fold:0"
"['b10902022']" won the round 6 (stack = {'b11902072': 1035.0, 'b10902022': 965})
community cards of this round: ['HK', 'H9', 'CA', 'CK', 'H3']
name: b11902072, hole_card: ['S3', 'CQ']
name: b10902022, hole_card: ['C8', 'D7']
Started the round 7
Street "preflop" started. (community card = [])
name: b11902072, hole_card: ['S3', 'CQ']
name: b10902022, hole_card: ['C8', 'D7']
"b10902022" declared "call:10"
name: b11902072, hole_card: ['S3', 'CQ']
name: b10902022, hole_card: ['C8', 'D7']
"b11902072" declared "call:10"
Street "flop" started. (community card = ['HK', 'H9', 'CA'])
name: b11902072, hole_card: ['S3', 'CQ']
name: b10902022, hole_card: ['C8', 'D7']
"b10902022" declared "call:0"
name: b11902072, hole_card: ['S3', 'CQ']
name: b10902022, hole_card: ['C8', 'D7']
"b11902072" declared "call:0"
Street "turn" started. (community card = ['HK', 'H9', 'CA', 'CK'])
name: b11902072, hole_card: ['S3', 'CQ']
name: b10902022, hole_card: ['C8', 'D7']
"b10902022" declared "call:0"
name: b11902072, hole_card: ['S3', 'CQ']
name: b10902022, hole_card: ['C8', 'D7']
"b11902072" declared "call:0"
Street "river" started. (community card = ['HK', 'H9', 'CA', 'CK', 'H3'])
name: b11902072, hole_card: ['S3', 'CQ']
name: b10902022, hole_card: ['C8', 'D7']
"b10902022" declared "call:0"
name: b11902072, hole_card: ['S3', 'CQ']
name: b10902022, hole_card: ['C8', 'D7']
"b11902072" declared "raise:16.0"
name: b11902072, hole_card: ['S3', 'CQ']
name: b10902022, hole_card: ['C8', 'D7']
"b10902022" declared "fold:0"
"['b11902072']" won the round 7 (stack = {'b11902072': 1045.0, 'b10902022': 955})
community cards of this round: ['S4', 'H7', 'HJ', 'C5', 'S7']
name: b11902072, hole_card: ['D7', 'D8']
name: b10902022, hole_card: ['SJ', 'ST']
Started the round 8
Street "preflop" started. (community card = [])
name: b11902072, hole_card: ['D7', 'D8']
name: b10902022, hole_card: ['SJ', 'ST']
"b11902072" declared "raise:30"
name: b11902072, hole_card: ['D7', 'D8']
name: b10902022, hole_card: ['SJ', 'ST']
"b10902022" declared "call:30"
Street "flop" started. (community card = ['S4', 'H7', 'HJ'])
name: b11902072, hole_card: ['D7', 'D8']
name: b10902022, hole_card: ['SJ', 'ST']
"b11902072" declared "raise:48.0"
name: b11902072, hole_card: ['D7', 'D8']
name: b10902022, hole_card: ['SJ', 'ST']
"b10902022" declared "fold:0"
"['b11902072']" won the round 8 (stack = {'b11902072': 1075.0, 'b10902022': 925})
community cards of this round: ['D3', 'CJ', 'S6', 'S3', 'H4']
name: b11902072, hole_card: ['S2', 'DJ']
name: b10902022, hole_card: ['H2', 'C8']
Started the round 9
Street "preflop" started. (community card = [])
name: b11902072, hole_card: ['S2', 'DJ']
name: b10902022, hole_card: ['H2', 'C8']
"b10902022" declared "fold:0"
"['b11902072']" won the round 9 (stack = {'b11902072': 1080.0, 'b10902022': 920})
community cards of this round: ['CT', 'H3', 'C6', 'DK', 'C8']
name: b11902072, hole_card: ['S9', 'D9']
name: b10902022, hole_card: ['H9', 'S3']
Started the round 10
Street "preflop" started. (community card = [])
name: b11902072, hole_card: ['S9', 'D9']
name: b10902022, hole_card: ['H9', 'S3']
"b11902072" declared "raise:30"
name: b11902072, hole_card: ['S9', 'D9']
name: b10902022, hole_card: ['H9', 'S3']
"b10902022" declared "call:30"
Street "flop" started. (community card = ['CT', 'H3', 'C6'])
name: b11902072, hole_card: ['S9', 'D9']
name: b10902022, hole_card: ['H9', 'S3']
"b11902072" declared "raise:48.0"
name: b11902072, hole_card: ['S9', 'D9']
name: b10902022, hole_card: ['H9', 'S3']
"b10902022" declared "raise:96.0"
name: b11902072, hole_card: ['S9', 'D9']
name: b10902022, hole_card: ['H9', 'S3']
"b11902072" declared "raise:163.20000000000002"
name: b11902072, hole_card: ['S9', 'D9']
name: b10902022, hole_card: ['H9', 'S3']
"b10902022" declared "raise:230.40000000000003"
name: b11902072, hole_card: ['S9', 'D9']
name: b10902022, hole_card: ['H9', 'S3']
"b11902072" declared "raise:1050.0"
name: b11902072, hole_card: ['S9', 'D9']
name: b10902022, hole_card: ['H9', 'S3']
"b10902022" declared "call:1050.0"
Street "turn" started. (community card = ['CT', 'H3', 'C6', 'DK'])
Street "river" started. (community card = ['CT', 'H3', 'C6', 'DK', 'C8'])
"['b11902072']" won the round 10 (stack = {'b11902072': 2000.0, 'b10902022': 0.0})
b10902022 vs b11902072 - Game 5: {'rule': {'initial_stack': 1000, 'max_round': 20, 'small_blind_amount': 5, 'ante': 0, 'blind_structure': {}}, 'players': [{'name': 'b11902072', 'uuid': 'zfntdnmmfkrfzwckzypxhv', 'stack': 2000.0, 'state': 'participating'}, {'name': 'b10902022', 'uuid': 'cnvavpfeyfbqykzswuxqen', 'stack': 0, 'state': 'folded'}]}
Final Result: b10902022 won 0 games (stack: 155.0), b11902072 won 5 games (stack: 9844.0), num ties: 0
