community cards of this round: ['C7', 'H7', 'HJ', 'DQ', 'HQ']
name: b12901024, hole_card: ['D3', 'SA']
name: b10902088, hole_card: ['C3', 'S4']
Started the round 1
Street "preflop" started. (community card = [])
coef: 0.2 0.0 0.08000000000000002
0.3208
name: b12901024, hole_card: ['D3', 'SA']
name: b10902088, hole_card: ['C3', 'S4']
"b10902088" declared "call:10"
name: b12901024, hole_card: ['D3', 'SA']
name: b10902088, hole_card: ['C3', 'S4']
"b12901024" declared "fold:0"
"['b10902088']" won the round 1 (stack = {'b12901024': 990, 'b10902088': 1010})
community cards of this round: ['D5', 'H3', 'DT', 'S7', 'HJ']
name: b12901024, hole_card: ['D8', 'CA']
name: b10902088, hole_card: ['C4', 'S2']
Started the round 2
Street "preflop" started. (community card = [])
name: b12901024, hole_card: ['D8', 'CA']
name: b10902088, hole_card: ['C4', 'S2']
"b12901024" declared "call:10"
coef: 0.2 0.0 0.12800000000000003
0.2888
name: b12901024, hole_card: ['D8', 'CA']
name: b10902088, hole_card: ['C4', 'S2']
"b10902088" declared "call:10"
Street "flop" started. (community card = ['D5', 'H3', 'DT'])
name: b12901024, hole_card: ['D8', 'CA']
name: b10902088, hole_card: ['C4', 'S2']
"b12901024" declared "call:0"
coef: 0.15680000000000005
0.2444
name: b12901024, hole_card: ['D8', 'CA']
name: b10902088, hole_card: ['C4', 'S2']
"b10902088" declared "call:0"
Street "turn" started. (community card = ['D5', 'H3', 'DT', 'S7'])
name: b12901024, hole_card: ['D8', 'CA']
name: b10902088, hole_card: ['C4', 'S2']
"b12901024" declared "call:0"
coef: 0.17408000000000004
0.1332
ffff
name: b12901024, hole_card: ['D8', 'CA']
name: b10902088, hole_card: ['C4', 'S2']
"b10902088" declared "fold:0"
"['b12901024']" won the round 2 (stack = {'b12901024': 1000, 'b10902088': 1000})
community cards of this round: ['S9', 'CQ', 'H2', 'SQ', 'HT']
name: b12901024, hole_card: ['S7', 'C2']
name: b10902088, hole_card: ['HJ', 'SJ']
Started the round 3
Street "preflop" started. (community card = [])
coef: 0.2 0.0 0.18444800000000006
0.7876
name: b12901024, hole_card: ['S7', 'C2']
name: b10902088, hole_card: ['HJ', 'SJ']
"b10902088" declared "raise:53.7893"
name: b12901024, hole_card: ['S7', 'C2']
name: b10902088, hole_card: ['HJ', 'SJ']
"b12901024" declared "fold:0"
"['b10902088']" won the round 3 (stack = {'b12901024': 990, 'b10902088': 1009.2107})
community cards of this round: ['CJ', 'H2', 'H5', 'SJ', 'D4']
name: b12901024, hole_card: ['C4', 'H9']
name: b10902088, hole_card: ['HJ', 'C2']
Started the round 4
Street "preflop" started. (community card = [])
name: b12901024, hole_card: ['C4', 'H9']
name: b10902088, hole_card: ['HJ', 'C2']
"b12901024" declared "fold:0"
"['b10902088']" won the round 4 (stack = {'b12901024': 985, 'b10902088': 1014.2107})
community cards of this round: ['S3', 'SQ', 'DJ', 'S6', 'H8']
name: b12901024, hole_card: ['D2', 'CK']
name: b10902088, hole_card: ['SJ', 'S9']
Started the round 5
Street "preflop" started. (community card = [])
coef: 0.2 0.0 0.19066880000000003
0.5652
name: b12901024, hole_card: ['D2', 'CK']
name: b10902088, hole_card: ['SJ', 'S9']
"b10902088" declared "raise:31.9426166292"
name: b12901024, hole_card: ['D2', 'CK']
name: b10902088, hole_card: ['SJ', 'S9']
"b12901024" declared "fold:0"
"['b10902088']" won the round 5 (stack = {'b12901024': 975, 'b10902088': 1023.2680833708})
community cards of this round: ['S4', 'SK', 'S7', 'D6', 'SQ']
name: b12901024, hole_card: ['S5', 'C9']
name: b10902088, hole_card: ['HA', 'C5']
Started the round 6
Street "preflop" started. (community card = [])
name: b12901024, hole_card: ['S5', 'C9']
name: b10902088, hole_card: ['HA', 'C5']
"b12901024" declared "fold:0"
"['b10902088']" won the round 6 (stack = {'b12901024': 970, 'b10902088': 1028.2680833708})
community cards of this round: ['ST', 'D2', 'C8', 'S4', 'DK']
name: b12901024, hole_card: ['SQ', 'DQ']
name: b10902088, hole_card: ['C2', 'S8']
Started the round 7
Street "preflop" started. (community card = [])
coef: 0.2 0.0 0.19440128
0.368
name: b12901024, hole_card: ['SQ', 'DQ']
name: b10902088, hole_card: ['C2', 'S8']
"b10902088" declared "call:10"
name: b12901024, hole_card: ['SQ', 'DQ']
name: b10902088, hole_card: ['C2', 'S8']
"b12901024" declared "raise:970"
coef: 0.23750000000000002 0.07 0.239640768
0.3508
ffff
name: b12901024, hole_card: ['SQ', 'DQ']
name: b10902088, hole_card: ['C2', 'S8']
"b10902088" declared "fold:0"
"['b12901024']" won the round 7 (stack = {'b12901024': 980, 'b10902088': 1018.2680833708})
community cards of this round: ['CQ', 'HT', 'C4', 'H8', 'CJ']
name: b12901024, hole_card: ['SK', 'D9']
name: b10902088, hole_card: ['C6', 'D7']
Started the round 8
Street "preflop" started. (community card = [])
name: b12901024, hole_card: ['SK', 'D9']
name: b10902088, hole_card: ['C6', 'D7']
"b12901024" declared "call:10"
coef: 0.23333333333333334 0.07 0.26511779413333336
0.4208
name: b12901024, hole_card: ['SK', 'D9']
name: b10902088, hole_card: ['C6', 'D7']
"b10902088" declared "call:10"
Street "flop" started. (community card = ['CQ', 'HT', 'C4'])
name: b12901024, hole_card: ['SK', 'D9']
name: b10902088, hole_card: ['C6', 'D7']
"b12901024" declared "call:0"
coef: 0.27907067648000006
0.2792
ffff
name: b12901024, hole_card: ['SK', 'D9']
name: b10902088, hole_card: ['C6', 'D7']
"b10902088" declared "fold:0"
"['b12901024']" won the round 8 (stack = {'b12901024': 990, 'b10902088': 1008.2680833708})
community cards of this round: ['C8', 'HJ', 'H9', 'C3', 'DA']
name: b12901024, hole_card: ['SK', 'S3']
name: b10902088, hole_card: ['DJ', 'SA']
Started the round 9
Street "preflop" started. (community card = [])
coef: 0.2272727272727273 0.07 0.28635149679709093
0.6568
name: b12901024, hole_card: ['SK', 'S3']
name: b10902088, hole_card: ['DJ', 'SA']
"b10902088" declared "raise:47.61892385789707"
name: b12901024, hole_card: ['SK', 'S3']
name: b10902088, hole_card: ['DJ', 'SA']
"b12901024" declared "fold:0"
"['b10902088']" won the round 9 (stack = {'b12901024': 980, 'b10902088': 1017.649159512903})
community cards of this round: ['C3', 'H2', 'CQ', 'C8', 'DQ']
name: b12901024, hole_card: ['C5', 'C4']
name: b10902088, hole_card: ['S6', 'D6']
Started the round 10
Street "preflop" started. (community card = [])
name: b12901024, hole_card: ['C5', 'C4']
name: b10902088, hole_card: ['S6', 'D6']
"b12901024" declared "fold:0"
"['b10902088']" won the round 10 (stack = {'b12901024': 975, 'b10902088': 1022.649159512903})
community cards of this round: ['H2', 'D6', 'CQ', 'CT', 'SA']
name: b12901024, hole_card: ['SK', 'S7']
name: b10902088, hole_card: ['CK', 'D9']
Started the round 11
Street "preflop" started. (community card = [])
coef: 0.225 0.07 0.28981089807825455
0.5928
name: b12901024, hole_card: ['SK', 'S7']
name: b10902088, hole_card: ['CK', 'D9']
"b10902088" declared "raise:32.920032652777465"
name: b12901024, hole_card: ['SK', 'S7']
name: b10902088, hole_card: ['CK', 'D9']
"b12901024" declared "fold:0"
"['b10902088']" won the round 11 (stack = {'b12901024': 965, 'b10902088': 1031.7291268601257})
community cards of this round: ['ST', 'D9', 'HK', 'CQ', 'H2']
name: b12901024, hole_card: ['D8', 'HT']
name: b10902088, hole_card: ['CA', 'S2']
Started the round 12
Street "preflop" started. (community card = [])
name: b12901024, hole_card: ['D8', 'HT']
name: b10902088, hole_card: ['CA', 'S2']
"b12901024" declared "call:10"
coef: 0.2230769230769231 0.07 0.29111730807772196
0.5408
name: b12901024, hole_card: ['D8', 'HT']
name: b10902088, hole_card: ['CA', 'S2']
"b10902088" declared "call:10"
Street "flop" started. (community card = ['ST', 'D9', 'HK'])
name: b12901024, hole_card: ['D8', 'HT']
name: b10902088, hole_card: ['CA', 'S2']
"b12901024" declared "raise:60"
coef: 0.31181324198949034
0.3856
ffff
name: b12901024, hole_card: ['D8', 'HT']
name: b10902088, hole_card: ['CA', 'S2']
"b10902088" declared "fold:0"
"['b12901024']" won the round 12 (stack = {'b12901024': 975, 'b10902088': 1021.7291268601257})
community cards of this round: ['C4', 'SK', 'H2', 'D3', 'S7']
name: b12901024, hole_card: ['D2', 'SA']
name: b10902088, hole_card: ['D5', 'HJ']
Started the round 13
Street "preflop" started. (community card = [])
coef: 0.24 0.1 0.3230879451936942
0.4848
name: b12901024, hole_card: ['D2', 'SA']
name: b10902088, hole_card: ['D5', 'HJ']
"b10902088" declared "call:10"
name: b12901024, hole_card: ['D2', 'SA']
name: b10902088, hole_card: ['D5', 'HJ']
"b12901024" declared "fold:0"
"['b10902088']" won the round 13 (stack = {'b12901024': 965, 'b10902088': 1031.7291268601257})
community cards of this round: ['ST', 'SJ', 'D5', 'S6', 'CJ']
name: b12901024, hole_card: ['CK', 'C9']
name: b10902088, hole_card: ['S9', 'SK']
Started the round 14
Street "preflop" started. (community card = [])
name: b12901024, hole_card: ['CK', 'C9']
name: b10902088, hole_card: ['S9', 'SK']
"b12901024" declared "call:10"
coef: 0.23750000000000002 0.1 0.3288527671162165
0.6184
name: b12901024, hole_card: ['CK', 'C9']
name: b10902088, hole_card: ['S9', 'SK']
"b10902088" declared "raise:46.437264602515086"
name: b12901024, hole_card: ['CK', 'C9']
name: b10902088, hole_card: ['S9', 'SK']
"b12901024" declared "fold:0"
"['b10902088']" won the round 14 (stack = {'b12901024': 955, 'b10902088': 1041.2918622576105})
community cards of this round: ['DQ', 'S3', 'D8', 'H7', 'C2']
name: b12901024, hole_card: ['H9', 'C6']
name: b10902088, hole_card: ['H5', 'S6']
Started the round 15
Street "preflop" started. (community card = [])
coef: 0.23529411764705882 0.1 0.33142930732855347
0.4048
name: b12901024, hole_card: ['H9', 'C6']
name: b10902088, hole_card: ['H5', 'S6']
"b10902088" declared "call:10"
name: b12901024, hole_card: ['H9', 'C6']
name: b10902088, hole_card: ['H5', 'S6']
"b12901024" declared "call:10"
Street "flop" started. (community card = ['DQ', 'S3', 'D8'])
coef: 0.33219091773046544
0.2184
ffff
name: b12901024, hole_card: ['H9', 'C6']
name: b10902088, hole_card: ['H5', 'S6']
"b10902088" declared "fold:0"
"['b12901024']" won the round 15 (stack = {'b12901024': 965, 'b10902088': 1031.2918622576105})
community cards of this round: ['DT', 'C8', 'C2', 'SK', 'S8']
name: b12901024, hole_card: ['CJ', 'DA']
name: b10902088, hole_card: ['C5', 'D8']
Started the round 16
Street "preflop" started. (community card = [])
name: b12901024, hole_card: ['CJ', 'DA']
name: b10902088, hole_card: ['C5', 'D8']
"b12901024" declared "raise:965"
coef: 0.24736842105263157 0.17 0.3662619190593319
0.4116
ffff
name: b12901024, hole_card: ['CJ', 'DA']
name: b10902088, hole_card: ['C5', 'D8']
"b10902088" declared "fold:0"
"['b12901024']" won the round 16 (stack = {'b12901024': 975, 'b10902088': 1021.2918622576105})
community cards of this round: ['D8', 'HA', 'C4', 'S5', 'SA']
name: b12901024, hole_card: ['SK', 'HK']
name: b10902088, hole_card: ['C5', 'C3']
Started the round 17
Street "preflop" started. (community card = [])
coef: 0.245 0.17 0.3857571514355992
0.3536
name: b12901024, hole_card: ['SK', 'HK']
name: b10902088, hole_card: ['C5', 'C3']
"b10902088" declared "call:10"
name: b12901024, hole_card: ['SK', 'HK']
name: b10902088, hole_card: ['C5', 'C3']
"b12901024" declared "raise:975"
coef: 0.2571428571428571 0.24000000000000002 0.43031143371850233
0.3772
ffff
name: b12901024, hole_card: ['SK', 'HK']
name: b10902088, hole_card: ['C5', 'C3']
"b10902088" declared "fold:0"
"['b12901024']" won the round 17 (stack = {'b12901024': 985, 'b10902088': 1011.2918622576105})
community cards of this round: ['C2', 'DQ', 'H6', 'SK', 'H7']
name: b12901024, hole_card: ['DT', 'C5']
name: b10902088, hole_card: ['DK', 'D7']
Started the round 18
Street "preflop" started. (community card = [])
name: b12901024, hole_card: ['DT', 'C5']
name: b10902088, hole_card: ['DK', 'D7']
"b12901024" declared "fold:0"
"['b10902088']" won the round 18 (stack = {'b12901024': 980, 'b10902088': 1016.2918622576105})
community cards of this round: ['H3', 'D5', 'DJ', 'D7', 'HK']
name: b12901024, hole_card: ['ST', 'H9']
name: b10902088, hole_card: ['DK', 'SA']
Started the round 19
Street "preflop" started. (community card = [])
coef: 0.2545454545454546 0.24000000000000002 0.45600504204928327
0.6748
name: b12901024, hole_card: ['ST', 'H9']
name: b10902088, hole_card: ['DK', 'SA']
"b10902088" declared "raise:48.78358743257178"
name: b12901024, hole_card: ['ST', 'H9']
name: b10902088, hole_card: ['DK', 'SA']
"b12901024" declared "fold:0"
"['b10902088']" won the round 19 (stack = {'b12901024': 970, 'b10902088': 1025.5082748250388})
community cards of this round: ['CQ', 'C5', 'CT', 'S5', 'D4']
name: b12901024, hole_card: ['HJ', 'S4']
name: b10902088, hole_card: ['S2', 'D9']
Started the round 20
Street "preflop" started. (community card = [])
name: b12901024, hole_card: ['HJ', 'S4']
name: b10902088, hole_card: ['S2', 'D9']
"b12901024" declared "fold:0"
"['b10902088']" won the round 20 (stack = {'b12901024': 965, 'b10902088': 1030.5082748250388})
b10902088 vs b12901024 - Game 1: {'rule': {'initial_stack': 1000, 'max_round': 20, 'small_blind_amount': 5, 'ante': 0, 'blind_structure': {}}, 'players': [{'name': 'b12901024', 'uuid': 'hgnlwyyqzfnmiuchtvtbor', 'stack': 965, 'state': 'participating'}, {'name': 'b10902088', 'uuid': 'ivenbkqepwpjjxgafcuenz', 'stack': 1030.5082748250388, 'state': 'participating'}]}
community cards of this round: ['C7', 'H7', 'HJ', 'DQ', 'HQ']
name: b10902088, hole_card: ['D3', 'SA']
name: b12901024, hole_card: ['C3', 'S4']
Started the round 1
Street "preflop" started. (community card = [])
name: b10902088, hole_card: ['D3', 'SA']
name: b12901024, hole_card: ['C3', 'S4']
"b12901024" declared "fold:0"
"['b10902088']" won the round 1 (stack = {'b10902088': 1005, 'b12901024': 995})
community cards of this round: ['D5', 'H3', 'DT', 'S7', 'HJ']
name: b10902088, hole_card: ['D8', 'CA']
name: b12901024, hole_card: ['C4', 'S2']
Started the round 2
Street "preflop" started. (community card = [])
coef: 0.2 0.0 0.08000000000000002
0.6188
name: b10902088, hole_card: ['D8', 'CA']
name: b12901024, hole_card: ['C4', 'S2']
"b10902088" declared "raise:45.6306"
name: b10902088, hole_card: ['D8', 'CA']
name: b12901024, hole_card: ['C4', 'S2']
"b12901024" declared "fold:0"
"['b10902088']" won the round 2 (stack = {'b10902088': 1014.3694, 'b12901024': 985})
community cards of this round: ['S9', 'CQ', 'H2', 'SQ', 'HT']
name: b10902088, hole_card: ['S7', 'C2']
name: b12901024, hole_card: ['HJ', 'SJ']
Started the round 3
Street "preflop" started. (community card = [])
name: b10902088, hole_card: ['S7', 'C2']
name: b12901024, hole_card: ['HJ', 'SJ']
"b12901024" declared "raise:985"
coef: 0.35 0.07 0.21600000000000003
0.33
ffff
name: b10902088, hole_card: ['S7', 'C2']
name: b12901024, hole_card: ['HJ', 'SJ']
"b10902088" declared "fold:0"
"['b12901024']" won the round 3 (stack = {'b10902088': 1004.3694, 'b12901024': 995})
community cards of this round: ['CJ', 'H2', 'H5', 'SJ', 'D4']
name: b10902088, hole_card: ['C4', 'H9']
name: b12901024, hole_card: ['HJ', 'C2']
Started the round 4
Street "preflop" started. (community card = [])
coef: 0.3 0.07 0.2776
0.4044
name: b10902088, hole_card: ['C4', 'H9']
name: b12901024, hole_card: ['HJ', 'C2']
"b10902088" declared "call:10"
name: b10902088, hole_card: ['C4', 'H9']
name: b12901024, hole_card: ['HJ', 'C2']
"b12901024" declared "fold:0"
"['b10902088']" won the round 4 (stack = {'b10902088': 1014.3694, 'b12901024': 985})
community cards of this round: ['S3', 'SQ', 'DJ', 'S6', 'H8']
name: b10902088, hole_card: ['D2', 'CK']
name: b12901024, hole_card: ['SJ', 'S9']
Started the round 5
Street "preflop" started. (community card = [])
name: b10902088, hole_card: ['D2', 'CK']
name: b12901024, hole_card: ['SJ', 'S9']
"b12901024" declared "call:10"
coef: 0.275 0.07 0.30456000000000005
0.4972
name: b10902088, hole_card: ['D2', 'CK']
name: b12901024, hole_card: ['SJ', 'S9']
"b10902088" declared "call:10"
Street "flop" started. (community card = ['S3', 'SQ', 'DJ'])
name: b10902088, hole_card: ['D2', 'CK']
name: b12901024, hole_card: ['SJ', 'S9']
"b12901024" declared "raise:60"
coef: 0.35073600000000005
0.3792
ffff
name: b10902088, hole_card: ['D2', 'CK']
name: b12901024, hole_card: ['SJ', 'S9']
"b10902088" declared "fold:0"
"['b12901024']" won the round 5 (stack = {'b10902088': 1004.3694, 'b12901024': 995})
community cards of this round: ['S4', 'SK', 'S7', 'D6', 'SQ']
name: b10902088, hole_card: ['S5', 'C9']
name: b12901024, hole_card: ['HA', 'C5']
Started the round 6
Street "preflop" started. (community card = [])
coef: 0.3 0.1 0.37044160000000004
0.4308
name: b10902088, hole_card: ['S5', 'C9']
name: b12901024, hole_card: ['HA', 'C5']
"b10902088" declared "call:10"
name: b10902088, hole_card: ['S5', 'C9']
name: b12901024, hole_card: ['HA', 'C5']
"b12901024" declared "fold:0"
"['b10902088']" won the round 6 (stack = {'b10902088': 1014.3694, 'b12901024': 985})
community cards of this round: ['ST', 'D2', 'C8', 'S4', 'DK']
name: b10902088, hole_card: ['SQ', 'DQ']
name: b12901024, hole_card: ['C2', 'S8']
Started the round 7
Street "preflop" started. (community card = [])
name: b10902088, hole_card: ['SQ', 'DQ']
name: b12901024, hole_card: ['C2', 'S8']
"b12901024" declared "fold:0"
"['b10902088']" won the round 7 (stack = {'b10902088': 1019.3694, 'b12901024': 980})
community cards of this round: ['CQ', 'HT', 'C4', 'H8', 'CJ']
name: b10902088, hole_card: ['SK', 'D9']
name: b12901024, hole_card: ['C6', 'D7']
Started the round 8
Street "preflop" started. (community card = [])
coef: 0.2857142857142857 0.1 0.3765506742857143
0.5948
name: b10902088, hole_card: ['SK', 'D9']
name: b12901024, hole_card: ['C6', 'D7']
"b10902088" declared "raise:32.9219675736"
name: b10902088, hole_card: ['SK', 'D9']
name: b12901024, hole_card: ['C6', 'D7']
"b12901024" declared "fold:0"
"['b10902088']" won the round 8 (stack = {'b10902088': 1028.4474324264002, 'b12901024': 970})
community cards of this round: ['C8', 'HJ', 'H9', 'C3', 'DA']
name: b10902088, hole_card: ['SK', 'S3']
name: b12901024, hole_card: ['DJ', 'SA']
Started the round 9
Street "preflop" started. (community card = [])
name: b10902088, hole_card: ['SK', 'S3']
name: b12901024, hole_card: ['DJ', 'SA']
"b12901024" declared "raise:970"
coef: 0.3125 0.17 0.4189304045714286
0.5264
ffff
name: b10902088, hole_card: ['SK', 'S3']
name: b12901024, hole_card: ['DJ', 'SA']
"b10902088" declared "fold:0"
"['b12901024']" won the round 9 (stack = {'b10902088': 1018.4474324264002, 'b12901024': 980})
community cards of this round: ['C3', 'H2', 'CQ', 'C8', 'DQ']
name: b10902088, hole_card: ['C5', 'C4']
name: b12901024, hole_card: ['S6', 'D6']
Started the round 10
Street "preflop" started. (community card = [])
coef: 0.3 0.17 0.4393582427428572
0.4044
name: b10902088, hole_card: ['C5', 'C4']
name: b12901024, hole_card: ['S6', 'D6']
"b10902088" declared "call:10"
name: b10902088, hole_card: ['C5', 'C4']
name: b12901024, hole_card: ['S6', 'D6']
"b12901024" declared "raise:980"
coef: 0.32 0.24000000000000002 0.48761494564571434
0.3976
ffff
name: b10902088, hole_card: ['C5', 'C4']
name: b12901024, hole_card: ['S6', 'D6']
"b10902088" declared "fold:0"
"['b12901024']" won the round 10 (stack = {'b10902088': 1008.4474324264002, 'b12901024': 990})
community cards of this round: ['H2', 'D6', 'CQ', 'CT', 'SA']
name: b10902088, hole_card: ['SK', 'S7']
name: b12901024, hole_card: ['CK', 'D9']
Started the round 11
Street "preflop" started. (community card = [])
name: b10902088, hole_card: ['SK', 'S7']
name: b12901024, hole_card: ['CK', 'D9']
"b12901024" declared "call:10"
coef: 0.3090909090909091 0.24000000000000002 0.5122053310237922
0.5896
name: b10902088, hole_card: ['SK', 'S7']
name: b12901024, hole_card: ['CK', 'D9']
"b10902088" declared "raise:44.28683030793028"
name: b10902088, hole_card: ['SK', 'S7']
name: b12901024, hole_card: ['CK', 'D9']
"b12901024" declared "fold:0"
"['b10902088']" won the round 11 (stack = {'b10902088': 1018.1606021184699, 'b12901024': 980})
community cards of this round: ['ST', 'D9', 'HK', 'CQ', 'H2']
name: b10902088, hole_card: ['D8', 'HT']
name: b12901024, hole_card: ['CA', 'S2']
Started the round 12
Street "preflop" started. (community card = [])
coef: 0.3 0.24000000000000002 0.5233231986142753
0.5096
name: b10902088, hole_card: ['D8', 'HT']
name: b12901024, hole_card: ['CA', 'S2']
"b10902088" declared "raise:40.56053214197861"
name: b10902088, hole_card: ['D8', 'HT']
name: b12901024, hole_card: ['CA', 'S2']
"b12901024" declared "fold:0"
"['b10902088']" won the round 12 (stack = {'b10902088': 1027.6000699764913, 'b12901024': 970})
community cards of this round: ['C4', 'SK', 'H2', 'D3', 'S7']
name: b10902088, hole_card: ['D2', 'SA']
name: b12901024, hole_card: ['D5', 'HJ']
Started the round 13
Street "preflop" started. (community card = [])
name: b10902088, hole_card: ['D2', 'SA']
name: b12901024, hole_card: ['D5', 'HJ']
"b12901024" declared "fold:0"
"['b10902088']" won the round 13 (stack = {'b10902088': 1032.6000699764913, 'b12901024': 965})
community cards of this round: ['ST', 'SJ', 'D5', 'S6', 'CJ']
name: b10902088, hole_card: ['CK', 'C9']
name: b12901024, hole_card: ['S9', 'SK']
Started the round 14
Street "preflop" started. (community card = [])
coef: 0.2923076923076923 0.24000000000000002 0.5269169960916421
0.6148
name: b10902088, hole_card: ['CK', 'C9']
name: b12901024, hole_card: ['S9', 'SK']
"b10902088" declared "raise:46.28102615107734"
name: b10902088, hole_card: ['CK', 'C9']
name: b12901024, hole_card: ['S9', 'SK']
"b12901024" declared "fold:0"
"['b10902088']" won the round 14 (stack = {'b10902088': 1042.3190438254142, 'b12901024': 955})
community cards of this round: ['DQ', 'S3', 'D8', 'H7', 'C2']
name: b10902088, hole_card: ['H9', 'C6']
name: b12901024, hole_card: ['H5', 'S6']
Started the round 15
Street "preflop" started. (community card = [])
name: b10902088, hole_card: ['H9', 'C6']
name: b12901024, hole_card: ['H5', 'S6']
"b12901024" declared "fold:0"
"['b10902088']" won the round 15 (stack = {'b10902088': 1047.3190438254142, 'b12901024': 950})
community cards of this round: ['DT', 'C8', 'C2', 'SK', 'S8']
name: b10902088, hole_card: ['CJ', 'DA']
name: b12901024, hole_card: ['C5', 'D8']
Started the round 16
Street "preflop" started. (community card = [])
coef: 0.2857142857142857 0.24000000000000002 0.5264359119406996
0.6564
name: b10902088, hole_card: ['CJ', 'DA']
name: b12901024, hole_card: ['C5', 'D8']
"b10902088" declared "raise:48.88071101835009"
name: b10902088, hole_card: ['CJ', 'DA']
name: b12901024, hole_card: ['C5', 'D8']
"b12901024" declared "fold:0"
"['b10902088']" won the round 16 (stack = {'b10902088': 1056.438332807064, 'b12901024': 940})
community cards of this round: ['D8', 'HA', 'C4', 'S5', 'SA']
name: b10902088, hole_card: ['SK', 'HK']
name: b12901024, hole_card: ['C5', 'C3']
Started the round 17
Street "preflop" started. (community card = [])
name: b10902088, hole_card: ['SK', 'HK']
name: b12901024, hole_card: ['C5', 'C3']
"b12901024" declared "fold:0"
"['b10902088']" won the round 17 (stack = {'b10902088': 1061.438332807064, 'b12901024': 935})
community cards of this round: ['C2', 'DQ', 'H6', 'SK', 'H7']
name: b10902088, hole_card: ['DT', 'C5']
name: b12901024, hole_card: ['DK', 'D7']
Started the round 18
Street "preflop" started. (community card = [])
coef: 0.28 0.24000000000000002 0.5238615471644198
0.4612
name: b10902088, hole_card: ['DT', 'C5']
name: b12901024, hole_card: ['DK', 'D7']
"b10902088" declared "raise:39.1308679545309"
name: b10902088, hole_card: ['DT', 'C5']
name: b12901024, hole_card: ['DK', 'D7']
"b12901024" declared "fold:0"
"['b10902088']" won the round 18 (stack = {'b10902088': 1071.307464852533, 'b12901024': 925})
community cards of this round: ['H3', 'D5', 'DJ', 'D7', 'HK']
name: b10902088, hole_card: ['ST', 'H9']
name: b12901024, hole_card: ['DK', 'SA']
Started the round 19
Street "preflop" started. (community card = [])
name: b10902088, hole_card: ['ST', 'H9']
name: b12901024, hole_card: ['DK', 'SA']
"b12901024" declared "raise:925"
coef: 0.29375 0.31000000000000005 0.5558169282986519
0.5352
name: b10902088, hole_card: ['ST', 'H9']
name: b12901024, hole_card: ['DK', 'SA']
"b10902088" declared "call:925"
Street "flop" started. (community card = ['H3', 'D5', 'DJ'])
Street "turn" started. (community card = ['H3', 'D5', 'DJ', 'D7'])
Street "river" started. (community card = ['H3', 'D5', 'DJ', 'D7', 'HK'])
"['b12901024']" won the round 19 (stack = {'b10902088': 146.30746485253303, 'b12901024': 1850})
community cards of this round: ['CQ', 'C5', 'CT', 'S5', 'D4']
name: b10902088, hole_card: ['HJ', 'S4']
name: b12901024, hole_card: ['S2', 'D9']
Started the round 20
Street "preflop" started. (community card = [])
coef: 0.2882352941176471 0.31000000000000005 0.57278427462625
0.4708
name: b10902088, hole_card: ['HJ', 'S4']
name: b12901024, hole_card: ['S2', 'D9']
"b10902088" declared "raise:18.09097772262863"
name: b10902088, hole_card: ['HJ', 'S4']
name: b12901024, hole_card: ['S2', 'D9']
"b12901024" declared "fold:0"
"['b10902088']" won the round 20 (stack = {'b10902088': 156.2164871299044, 'b12901024': 1840})
b10902088 vs b12901024 - Game 2: {'rule': {'initial_stack': 1000, 'max_round': 20, 'small_blind_amount': 5, 'ante': 0, 'blind_structure': {}}, 'players': [{'name': 'b10902088', 'uuid': 'uqjkpqhyrtxbiyhnhdrdei', 'stack': 156.2164871299044, 'state': 'participating'}, {'name': 'b12901024', 'uuid': 'jtloaqixhzokblqneavzmt', 'stack': 1840, 'state': 'participating'}]}
community cards of this round: ['C8', 'S8', 'DK', 'S6', 'H9']
name: b12901024, hole_card: ['D3', 'SK']
name: b10902088, hole_card: ['CT', 'H8']
Started the round 1
Street "preflop" started. (community card = [])
coef: 0.2 0.0 0.08000000000000002
0.5172
name: b12901024, hole_card: ['D3', 'SK']
name: b10902088, hole_card: ['CT', 'H8']
"b10902088" declared "raise:40.4721"
name: b12901024, hole_card: ['D3', 'SK']
name: b10902088, hole_card: ['CT', 'H8']
"b12901024" declared "fold:0"
"['b10902088']" won the round 1 (stack = {'b12901024': 990, 'b10902088': 1009.5279})
community cards of this round: ['C6', 'HQ', 'HK', 'S8', 'DA']
name: b12901024, hole_card: ['S6', 'DQ']
name: b10902088, hole_card: ['D7', 'D8']
Started the round 2
Street "preflop" started. (community card = [])
name: b12901024, hole_card: ['S6', 'DQ']
name: b10902088, hole_card: ['D7', 'D8']
"b12901024" declared "call:10"
coef: 0.2 0.0 0.12800000000000003
0.4912
name: b12901024, hole_card: ['S6', 'DQ']
name: b10902088, hole_card: ['D7', 'D8']
"b10902088" declared "raise:29.6553631344"
name: b12901024, hole_card: ['S6', 'DQ']
name: b10902088, hole_card: ['D7', 'D8']
"b12901024" declared "call:29.6553631344"
Street "flop" started. (community card = ['C6', 'HQ', 'HK'])
name: b12901024, hole_card: ['S6', 'DQ']
name: b10902088, hole_card: ['D7', 'D8']
"b12901024" declared "raise:177.9321788064"
coef: 0.20879999999999999
0.2804
ffff
name: b12901024, hole_card: ['S6', 'DQ']
name: b10902088, hole_card: ['D7', 'D8']
"b10902088" declared "fold:0"
"['b12901024']" won the round 2 (stack = {'b12901024': 1019.4124580592, 'b10902088': 979.8725368656001})
community cards of this round: ['CJ', 'S2', 'D8', 'D9', 'SK']
name: b12901024, hole_card: ['SQ', 'S3']
name: b10902088, hole_card: ['DQ', 'H2']
Started the round 3
Street "preflop" started. (community card = [])
coef: 0.275 0.03 0.24728
0.4764
name: b12901024, hole_card: ['SQ', 'S3']
name: b10902088, hole_card: ['DQ', 'H2']
"b10902088" declared "raise:28.789958296883157"
name: b12901024, hole_card: ['SQ', 'S3']
name: b10902088, hole_card: ['DQ', 'H2']
"b12901024" declared "fold:0"
"['b10902088']" won the round 3 (stack = {'b12901024': 1009.4124580592, 'b10902088': 989.0825785687169})
community cards of this round: ['H5', 'CJ', 'DT', 'DK', 'S8']
name: b12901024, hole_card: ['DA', 'S6']
name: b10902088, hole_card: ['H8', 'C4']
Started the round 4
Street "preflop" started. (community card = [])
name: b12901024, hole_card: ['DA', 'S6']
name: b10902088, hole_card: ['H8', 'C4']
"b12901024" declared "call:10"
coef: 0.26 0.03 0.26436800000000005
0.394
name: b12901024, hole_card: ['DA', 'S6']
name: b10902088, hole_card: ['H8', 'C4']
"b10902088" declared "call:10"
Street "flop" started. (community card = ['H5', 'CJ', 'DT'])
name: b12901024, hole_card: ['DA', 'S6']
name: b10902088, hole_card: ['H8', 'C4']
"b12901024" declared "call:0"
coef: 0.27062080000000005
0.2556
name: b12901024, hole_card: ['DA', 'S6']
name: b10902088, hole_card: ['H8', 'C4']
"b10902088" declared "call:0"
Street "turn" started. (community card = ['H5', 'CJ', 'DT', 'DK'])
name: b12901024, hole_card: ['DA', 'S6']
name: b10902088, hole_card: ['H8', 'C4']
"b12901024" declared "call:0"
coef: 0.27151533714285714
0.1812
ffff
name: b12901024, hole_card: ['DA', 'S6']
name: b10902088, hole_card: ['H8', 'C4']
"b10902088" declared "fold:0"
"['b12901024']" won the round 4 (stack = {'b12901024': 1019.4124580592, 'b10902088': 979.0825785687169})
community cards of this round: ['HA', 'C7', 'C2', 'D3', 'SJ']
name: b12901024, hole_card: ['H3', 'DJ']
name: b10902088, hole_card: ['D7', 'C3']
Started the round 5
Street "preflop" started. (community card = [])
coef: 0.23750000000000002 0.03 0.2699092022857143
0.3644
name: b12901024, hole_card: ['H3', 'DJ']
name: b10902088, hole_card: ['D7', 'C3']
"b10902088" declared "call:10"
name: b12901024, hole_card: ['H3', 'DJ']
name: b10902088, hole_card: ['D7', 'C3']
"b12901024" declared "fold:0"
"['b10902088']" won the round 5 (stack = {'b12901024': 1009.4124580592, 'b10902088': 989.0825785687169})
community cards of this round: ['D8', 'D2', 'S9', 'CA', 'D3']
name: b12901024, hole_card: ['HT', 'H4']
name: b10902088, hole_card: ['CQ', 'S4']
Started the round 6
Street "preflop" started. (community card = [])
name: b12901024, hole_card: ['HT', 'H4']
name: b10902088, hole_card: ['CQ', 'S4']
"b12901024" declared "fold:0"
"['b10902088']" won the round 6 (stack = {'b12901024': 1004.4124580592, 'b10902088': 994.0825785687169})
community cards of this round: ['S3', 'DQ', 'SA', 'S6', 'S2']
name: b12901024, hole_card: ['S9', 'DT']
name: b10902088, hole_card: ['H8', 'CK']
Started the round 7
Street "preflop" started. (community card = [])
coef: 0.23333333333333334 0.03 0.26727885470476187
0.5732
name: b12901024, hole_card: ['S9', 'DT']
name: b10902088, hole_card: ['H8', 'CK']
"b10902088" declared "raise:43.06050670177943"
name: b12901024, hole_card: ['S9', 'DT']
name: b10902088, hole_card: ['H8', 'CK']
"b12901024" declared "fold:0"
"['b10902088']" won the round 7 (stack = {'b12901024': 994.4124580592, 'b10902088': 1004.0220718669375})
community cards of this round: ['H6', 'H2', 'D2', 'H3', 'S8']
name: b12901024, hole_card: ['HA', 'SQ']
name: b10902088, hole_card: ['H4', 'S7']
Started the round 8
Street "preflop" started. (community card = [])
name: b12901024, hole_card: ['HA', 'SQ']
name: b10902088, hole_card: ['H4', 'S7']
"b12901024" declared "raise:994.4124580592"
coef: 0.26 0.1 0.3043673128228571
0.3876
ffff
name: b12901024, hole_card: ['HA', 'SQ']
name: b10902088, hole_card: ['H4', 'S7']
"b10902088" declared "fold:0"
"['b12901024']" won the round 8 (stack = {'b12901024': 1004.0, 'b10902088': 994.0220718669375})
community cards of this round: ['D6', 'H9', 'C7', 'S2', 'C4']
name: b12901024, hole_card: ['H7', 'CJ']
name: b10902088, hole_card: ['DQ', 'S9']
Started the round 9
Street "preflop" started. (community card = [])
coef: 0.2545454545454546 0.1 0.3244385695118961
0.5868
name: b12901024, hole_card: ['H7', 'CJ']
name: b10902088, hole_card: ['DQ', 'S9']
"b10902088" declared "raise:43.724507588575946"
name: b12901024, hole_card: ['H7', 'CJ']
name: b10902088, hole_card: ['DQ', 'S9']
"b12901024" declared "fold:0"
"['b10902088']" won the round 9 (stack = {'b12901024': 994.0, 'b10902088': 1003.2975642783615})
community cards of this round: ['DJ', 'SA', 'HA', 'S2', 'D9']
name: b12901024, hole_card: ['DK', 'C4']
name: b10902088, hole_card: ['HJ', 'D2']
Started the round 10
Street "preflop" started. (community card = [])
name: b12901024, hole_card: ['DK', 'C4']
name: b10902088, hole_card: ['HJ', 'D2']
"b12901024" declared "fold:0"
"['b10902088']" won the round 10 (stack = {'b12901024': 989.0, 'b10902088': 1008.2975642783615})
community cards of this round: ['D9', 'D7', 'S3', 'C2', 'CJ']
name: b12901024, hole_card: ['H8', 'H9']
name: b10902088, hole_card: ['ST', 'SA']
Started the round 11
Street "preflop" started. (community card = [])
coef: 0.25 0.1 0.3346631417071376
0.6548
name: b12901024, hole_card: ['H8', 'H9']
name: b10902088, hole_card: ['ST', 'SA']
"b10902088" declared "raise:47.52056225447356"
name: b12901024, hole_card: ['H8', 'H9']
name: b10902088, hole_card: ['ST', 'SA']
"b12901024" declared "fold:0"
"['b10902088']" won the round 11 (stack = {'b12901024': 979.0, 'b10902088': 1017.7770020238879})
community cards of this round: ['D2', 'H2', 'HA', 'H5', 'S4']
name: b12901024, hole_card: ['HT', 'S7']
name: b10902088, hole_card: ['ST', 'C2']
Started the round 12
Street "preflop" started. (community card = [])
name: b12901024, hole_card: ['HT', 'S7']
name: b10902088, hole_card: ['ST', 'C2']
"b12901024" declared "call:10"
coef: 0.24615384615384617 0.1 0.33925942348582105
0.4208
name: b12901024, hole_card: ['HT', 'S7']
name: b10902088, hole_card: ['ST', 'C2']
"b10902088" declared "call:10"
Street "flop" started. (community card = ['D2', 'H2', 'HA'])
name: b12901024, hole_card: ['HT', 'S7']
name: b10902088, hole_card: ['ST', 'C2']
"b12901024" declared "call:0"
coef: 0.3406985112343498
0.9316
name: b12901024, hole_card: ['HT', 'S7']
name: b10902088, hole_card: ['ST', 'C2']
"b10902088" declared "raise:1007.7770020238879"
name: b12901024, hole_card: ['HT', 'S7']
name: b10902088, hole_card: ['ST', 'C2']
"b12901024" declared "call:1007.7770020238879"
Street "turn" started. (community card = ['D2', 'H2', 'HA', 'H5'])
Street "river" started. (community card = ['D2', 'H2', 'HA', 'H5', 'S4'])
"['b10902088']" won the round 12 (stack = {'b12901024': 0.0, 'b10902088': 1996.0})
b10902088 vs b12901024 - Game 3: {'rule': {'initial_stack': 1000, 'max_round': 20, 'small_blind_amount': 5, 'ante': 0, 'blind_structure': {}}, 'players': [{'name': 'b12901024', 'uuid': 'bsvnsfpaljqixulkizzkhy', 'stack': 0, 'state': 'folded'}, {'name': 'b10902088', 'uuid': 'jsvchqhrrnzeqaviiyixdt', 'stack': 1996.0, 'state': 'participating'}]}
community cards of this round: ['C8', 'S8', 'DK', 'S6', 'H9']
name: b10902088, hole_card: ['D3', 'SK']
name: b12901024, hole_card: ['CT', 'H8']
Started the round 1
Street "preflop" started. (community card = [])
name: b10902088, hole_card: ['D3', 'SK']
name: b12901024, hole_card: ['CT', 'H8']
"b12901024" declared "call:10"
coef: 0.2 0.0 0.08000000000000002
0.5244
name: b10902088, hole_card: ['D3', 'SK']
name: b12901024, hole_card: ['CT', 'H8']
"b10902088" declared "raise:40.8267"
name: b10902088, hole_card: ['D3', 'SK']
name: b12901024, hole_card: ['CT', 'H8']
"b12901024" declared "fold:0"
"['b10902088']" won the round 1 (stack = {'b10902088': 1009.1733, 'b12901024': 990})
community cards of this round: ['C6', 'HQ', 'HK', 'S8', 'DA']
name: b10902088, hole_card: ['S6', 'DQ']
name: b12901024, hole_card: ['D7', 'D8']
Started the round 2
Street "preflop" started. (community card = [])
coef: 0.2 0.0 0.12800000000000003
0.5332
name: b10902088, hole_card: ['S6', 'DQ']
name: b12901024, hole_card: ['D7', 'D8']
"b10902088" declared "call:10"
name: b10902088, hole_card: ['S6', 'DQ']
name: b12901024, hole_card: ['D7', 'D8']
"b12901024" declared "call:10"
Street "flop" started. (community card = ['C6', 'HQ', 'HK'])
coef: 0.15680000000000005
0.8752
name: b10902088, hole_card: ['S6', 'DQ']
name: b12901024, hole_card: ['D7', 'D8']
"b10902088" declared "raise:999.1733"
name: b10902088, hole_card: ['S6', 'DQ']
name: b12901024, hole_card: ['D7', 'D8']
"b12901024" declared "call:999.1733"
Street "turn" started. (community card = ['C6', 'HQ', 'HK', 'S8'])
Street "river" started. (community card = ['C6', 'HQ', 'HK', 'S8', 'DA'])
"['b10902088']" won the round 2 (stack = {'b10902088': 1999.0, 'b12901024': 0})
b10902088 vs b12901024 - Game 4: {'rule': {'initial_stack': 1000, 'max_round': 20, 'small_blind_amount': 5, 'ante': 0, 'blind_structure': {}}, 'players': [{'name': 'b10902088', 'uuid': 'bghuuezwnhbeacoivqotsm', 'stack': 1999.0, 'state': 'participating'}, {'name': 'b12901024', 'uuid': 'bdbfmipqbrnttmrofhsorq', 'stack': 0, 'state': 'folded'}]}
community cards of this round: ['D2', 'DT', 'SA', 'DA', 'C5']
name: b12901024, hole_card: ['CA', 'S9']
name: b10902088, hole_card: ['D3', 'S7']
Started the round 1
Street "preflop" started. (community card = [])
coef: 0.2 0.0 0.08000000000000002
0.3448
name: b12901024, hole_card: ['CA', 'S9']
name: b10902088, hole_card: ['D3', 'S7']
"b10902088" declared "call:10"
name: b12901024, hole_card: ['CA', 'S9']
name: b10902088, hole_card: ['D3', 'S7']
"b12901024" declared "call:10"
Street "flop" started. (community card = ['D2', 'DT', 'SA'])
coef: 0.12800000000000003
0.208
name: b12901024, hole_card: ['CA', 'S9']
name: b10902088, hole_card: ['D3', 'S7']
"b10902088" declared "call:0"
name: b12901024, hole_card: ['CA', 'S9']
name: b10902088, hole_card: ['D3', 'S7']
"b12901024" declared "raise:60"
coef: 0.20879999999999999
0.2212
ffff
name: b12901024, hole_card: ['CA', 'S9']
name: b10902088, hole_card: ['D3', 'S7']
"b10902088" declared "fold:0"
"['b12901024']" won the round 1 (stack = {'b12901024': 1010, 'b10902088': 990})
community cards of this round: ['H8', 'H9', 'S9', 'H6', 'C4']
name: b12901024, hole_card: ['H4', 'SK']
name: b10902088, hole_card: ['S5', 'H2']
Started the round 2
Street "preflop" started. (community card = [])
name: b12901024, hole_card: ['H4', 'SK']
name: b10902088, hole_card: ['S5', 'H2']
"b12901024" declared "fold:0"
"['b10902088']" won the round 2 (stack = {'b12901024': 1005, 'b10902088': 995})
community cards of this round: ['D6', 'H2', 'S5', 'C7', 'D8']
name: b12901024, hole_card: ['D2', 'D9']
name: b10902088, hole_card: ['D3', 'D7']
Started the round 3
Street "preflop" started. (community card = [])
coef: 0.275 0.03 0.24728
0.4052
name: b12901024, hole_card: ['D2', 'D9']
name: b10902088, hole_card: ['D3', 'D7']
"b10902088" declared "call:10"
name: b12901024, hole_card: ['D2', 'D9']
name: b10902088, hole_card: ['D3', 'D7']
"b12901024" declared "fold:0"
"['b10902088']" won the round 3 (stack = {'b12901024': 995, 'b10902088': 1005})
community cards of this round: ['HT', 'C8', 'HJ', 'CA', 'CT']
name: b12901024, hole_card: ['DA', 'C6']
name: b10902088, hole_card: ['D9', 'C2']
Started the round 4
Street "preflop" started. (community card = [])
name: b12901024, hole_card: ['DA', 'C6']
name: b10902088, hole_card: ['D9', 'C2']
"b12901024" declared "call:10"
coef: 0.26 0.03 0.26436800000000005
0.3772
name: b12901024, hole_card: ['DA', 'C6']
name: b10902088, hole_card: ['D9', 'C2']
"b10902088" declared "call:10"
Street "flop" started. (community card = ['HT', 'C8', 'HJ'])
name: b12901024, hole_card: ['DA', 'C6']
name: b10902088, hole_card: ['D9', 'C2']
"b12901024" declared "call:0"
coef: 0.27062080000000005
0.4044
name: b12901024, hole_card: ['DA', 'C6']
name: b10902088, hole_card: ['D9', 'C2']
"b10902088" declared "call:0"
Street "turn" started. (community card = ['HT', 'C8', 'HJ', 'CA'])
name: b12901024, hole_card: ['DA', 'C6']
name: b10902088, hole_card: ['D9', 'C2']
"b12901024" declared "raise:60"
coef: 0.3006581942857143
0.2972
ffff
name: b12901024, hole_card: ['DA', 'C6']
name: b10902088, hole_card: ['D9', 'C2']
"b10902088" declared "fold:0"
"['b12901024']" won the round 4 (stack = {'b12901024': 1005, 'b10902088': 995})
community cards of this round: ['C2', 'HQ', 'DA', 'S7', 'D9']
name: b12901024, hole_card: ['D4', 'D2']
name: b10902088, hole_card: ['S2', 'DQ']
Started the round 5
Street "preflop" started. (community card = [])
coef: 0.275 0.06 0.3143949165714286
0.484
name: b12901024, hole_card: ['D4', 'D2']
name: b10902088, hole_card: ['S2', 'DQ']
"b10902088" declared "raise:29.229599999999998"
name: b12901024, hole_card: ['D4', 'D2']
name: b10902088, hole_card: ['S2', 'DQ']
"b12901024" declared "fold:0"
"['b10902088']" won the round 5 (stack = {'b12901024': 995, 'b10902088': 1004.7704})
community cards of this round: ['S8', 'H5', 'D5', 'S2', 'D7']
name: b12901024, hole_card: ['DT', 'S7']
name: b10902088, hole_card: ['HQ', 'D4']
Started the round 6
Street "preflop" started. (community card = [])
name: b12901024, hole_card: ['DT', 'S7']
name: b10902088, hole_card: ['HQ', 'D4']
"b12901024" declared "call:10"
coef: 0.26666666666666666 0.06 0.31930361660952383
0.4856
name: b12901024, hole_card: ['DT', 'S7']
name: b10902088, hole_card: ['HQ', 'D4']
"b10902088" declared "raise:29.418975187199997"
name: b12901024, hole_card: ['DT', 'S7']
name: b10902088, hole_card: ['HQ', 'D4']
"b12901024" declared "call:29.418975187199997"
Street "flop" started. (community card = ['S8', 'H5', 'D5'])
name: b12901024, hole_card: ['DT', 'S7']
name: b10902088, hole_card: ['HQ', 'D4']
"b12901024" declared "call:0"
coef: 0.3195821699657143
0.4224
name: b12901024, hole_card: ['DT', 'S7']
name: b10902088, hole_card: ['HQ', 'D4']
"b10902088" declared "call:0"
Street "turn" started. (community card = ['S8', 'H5', 'D5', 'S2'])
name: b12901024, hole_card: ['DT', 'S7']
name: b10902088, hole_card: ['HQ', 'D4']
"b12901024" declared "call:0"
coef: 0.3175674837976104
0.3404
name: b12901024, hole_card: ['DT', 'S7']
name: b10902088, hole_card: ['HQ', 'D4']
"b10902088" declared "call:0"
Street "river" started. (community card = ['S8', 'H5', 'D5', 'S2', 'D7'])
name: b12901024, hole_card: ['DT', 'S7']
name: b10902088, hole_card: ['HQ', 'D4']
"b12901024" declared "raise:176.51385112319997"
coef: 0.32054049027856624
0.2208
ffff
name: b12901024, hole_card: ['DT', 'S7']
name: b10902088, hole_card: ['HQ', 'D4']
"b10902088" declared "fold:0"
"['b12901024']" won the round 6 (stack = {'b12901024': 1024.0671736896002, 'b10902088': 975.3514248128})
community cards of this round: ['H3', 'HQ', 'DJ', 'D5', 'S7']
name: b12901024, hole_card: ['S2', 'SK']
name: b10902088, hole_card: ['ST', 'C6']
Started the round 7
Street "preflop" started. (community card = [])
coef: 0.2692307692307693 0.049999999999999996 0.32001660185944747
0.466
name: b12901024, hole_card: ['S2', 'SK']
name: b10902088, hole_card: ['ST', 'C6']
"b10902088" declared "raise:28.425712918882944"
name: b12901024, hole_card: ['S2', 'SK']
name: b10902088, hole_card: ['ST', 'C6']
"b12901024" declared "fold:0"
"['b10902088']" won the round 7 (stack = {'b12901024': 1014.0671736896002, 'b10902088': 984.9257118939171})
community cards of this round: ['HA', 'HQ', 'CK', 'C4', 'C6']
name: b12901024, hole_card: ['D8', 'S6']
name: b10902088, hole_card: ['C9', 'HT']
Started the round 8
Street "preflop" started. (community card = [])
name: b12901024, hole_card: ['D8', 'S6']
name: b10902088, hole_card: ['C9', 'HT']
"b12901024" declared "call:10"
coef: 0.2642857142857143 0.049999999999999996 0.3177242468299542
0.528
name: b12901024, hole_card: ['D8', 'S6']
name: b10902088, hole_card: ['C9', 'HT']
"b10902088" declared "raise:40.60603879399942"
name: b12901024, hole_card: ['D8', 'S6']
name: b10902088, hole_card: ['C9', 'HT']
"b12901024" declared "fold:0"
"['b10902088']" won the round 8 (stack = {'b12901024': 1004.0671736896002, 'b10902088': 994.3196730999176})
community cards of this round: ['D7', 'DT', 'S6', 'H5', 'C6']
name: b12901024, hole_card: ['S5', 'CJ']
name: b10902088, hole_card: ['D9', 'DK']
Started the round 9
Street "preflop" started. (community card = [])
coef: 0.26 0.049999999999999996 0.31463454809797253
0.6036
name: b12901024, hole_card: ['S5', 'CJ']
name: b10902088, hole_card: ['D9', 'DK']
"b10902088" declared "raise:44.55586773415551"
name: b12901024, hole_card: ['S5', 'CJ']
name: b10902088, hole_card: ['D9', 'DK']
"b12901024" declared "fold:0"
"['b10902088']" won the round 9 (stack = {'b12901024': 994.0671736896002, 'b10902088': 1003.7638053657621})
community cards of this round: ['DK', 'HK', 'S2', 'ST', 'H4']
name: b12901024, hole_card: ['H6', 'C9']
name: b10902088, hole_card: ['H3', 'DA']
Started the round 10
Street "preflop" started. (community card = [])
name: b12901024, hole_card: ['H6', 'C9']
name: b10902088, hole_card: ['H3', 'DA']
"b12901024" declared "call:10"
coef: 0.25625 0.049999999999999996 0.31128072885878355
0.5448
name: b12901024, hole_card: ['H6', 'C9']
name: b10902088, hole_card: ['H3', 'DA']
"b10902088" declared "raise:41.933926058163365"
name: b12901024, hole_card: ['H6', 'C9']
name: b10902088, hole_card: ['H3', 'DA']
"b12901024" declared "fold:0"
"['b10902088']" won the round 10 (stack = {'b12901024': 984.0671736896002, 'b10902088': 1012.8298793075987})
community cards of this round: ['S9', 'CA', 'S7', 'C3', 'SK']
name: b12901024, hole_card: ['S2', 'S4']
name: b10902088, hole_card: ['CK', 'D3']
Started the round 11
Street "preflop" started. (community card = [])
coef: 0.2529411764705882 0.049999999999999996 0.3079449079035054
0.5176
name: b12901024, hole_card: ['S2', 'S4']
name: b10902088, hole_card: ['CK', 'D3']
"b10902088" declared "call:10"
name: b12901024, hole_card: ['S2', 'S4']
name: b10902088, hole_card: ['CK', 'D3']
"b12901024" declared "fold:0"
"['b10902088']" won the round 11 (stack = {'b12901024': 974.0671736896002, 'b10902088': 1022.8298793075987})
community cards of this round: ['CK', 'HJ', 'H2', 'C8', 'D8']
name: b12901024, hole_card: ['C4', 'H9']
name: b10902088, hole_card: ['HQ', 'DK']
Started the round 12
Street "preflop" started. (community card = [])
name: b12901024, hole_card: ['C4', 'H9']
name: b10902088, hole_card: ['HQ', 'DK']
"b12901024" declared "fold:0"
"['b10902088']" won the round 12 (stack = {'b12901024': 969.0671736896002, 'b10902088': 1027.8298793075987})
community cards of this round: ['H8', 'CA', 'SQ', 'CT', 'C3']
name: b12901024, hole_card: ['HQ', 'DK']
name: b10902088, hole_card: ['S7', 'C4']
Started the round 13
Street "preflop" started. (community card = [])
coef: 0.25 0.049999999999999996 0.30476694474210325
0.3832
name: b12901024, hole_card: ['HQ', 'DK']
name: b10902088, hole_card: ['S7', 'C4']
"b10902088" declared "call:10"
name: b12901024, hole_card: ['HQ', 'DK']
name: b10902088, hole_card: ['S7', 'C4']
"b12901024" declared "raise:969.0671736896002"
coef: 0.26315789473684215 0.12000000000000001 0.33612332473999884
0.3952
ffff
name: b12901024, hole_card: ['HQ', 'DK']
name: b10902088, hole_card: ['S7', 'C4']
"b10902088" declared "fold:0"
"['b12901024']" won the round 13 (stack = {'b12901024': 979.0, 'b10902088': 1017.8298793075987})
community cards of this round: ['D4', 'HK', 'DJ', 'S6', 'S9']
name: b12901024, hole_card: ['CQ', 'HA']
name: b10902088, hole_card: ['SA', 'H6']
Started the round 14
Street "preflop" started. (community card = [])
name: b12901024, hole_card: ['CQ', 'HA']
name: b10902088, hole_card: ['SA', 'H6']
"b12901024" declared "raise:979.0"
coef: 0.275 0.19 0.38767399484399934
0.5976
ffff
name: b12901024, hole_card: ['CQ', 'HA']
name: b10902088, hole_card: ['SA', 'H6']
"b10902088" declared "fold:0"
"['b12901024']" won the round 14 (stack = {'b12901024': 989.0, 'b10902088': 1007.8298793075987})
community cards of this round: ['CT', 'CJ', 'CK', 'HQ', 'H8']
name: b12901024, hole_card: ['SK', 'DA']
name: b10902088, hole_card: ['H2', 'HA']
Started the round 15
Street "preflop" started. (community card = [])
coef: 0.27142857142857146 0.19 0.41717582547782817
0.5692
name: b12901024, hole_card: ['SK', 'DA']
name: b10902088, hole_card: ['H2', 'HA']
"b10902088" declared "raise:31.953563019056556"
name: b12901024, hole_card: ['SK', 'DA']
name: b10902088, hole_card: ['H2', 'HA']
"b12901024" declared "raise:989.0"
coef: 0.28181818181818186 0.26 0.46703276801396965
0.5456
name: b12901024, hole_card: ['SK', 'DA']
name: b10902088, hole_card: ['H2', 'HA']
"b10902088" declared "call:989.0"
Street "flop" started. (community card = ['CT', 'CJ', 'CK'])
Street "turn" started. (community card = ['CT', 'CJ', 'CK', 'HQ'])
Street "river" started. (community card = ['CT', 'CJ', 'CK', 'HQ', 'H8'])
"['b12901024']" won the round 15 (stack = {'b12901024': 1978.0, 'b10902088': 18.82987930759873})
community cards of this round: ['DQ', 'ST', 'H6', 'H4', 'D4']
name: b12901024, hole_card: ['C4', 'SK']
name: b10902088, hole_card: ['DA', 'C9']
Started the round 16
Street "preflop" started. (community card = [])
name: b12901024, hole_card: ['C4', 'SK']
name: b10902088, hole_card: ['DA', 'C9']
"b12901024" declared "fold:0"
"['b10902088']" won the round 16 (stack = {'b12901024': 1973.0, 'b10902088': 23.82987930759873})
community cards of this round: ['C5', 'SJ', 'D5', 'C3', 'S9']
name: b12901024, hole_card: ['C7', 'S8']
name: b10902088, hole_card: ['C6', 'HK']
Started the round 17
Street "preflop" started. (community card = [])
coef: 0.2782608695652174 0.26 0.49552400863446877
0.5596
name: b12901024, hole_card: ['C7', 'S8']
name: b10902088, hole_card: ['C6', 'HK']
"b10902088" declared "raise:15.247060023026613"
name: b12901024, hole_card: ['C7', 'S8']
name: b10902088, hole_card: ['C6', 'HK']
"b12901024" declared "call:15.247060023026613"
Street "flop" started. (community card = ['C5', 'SJ', 'D5'])
coef: 0.5113144051806813
0.4992
name: b12901024, hole_card: ['C7', 'S8']
name: b10902088, hole_card: ['C6', 'HK']
"b10902088" declared "call:0"
name: b12901024, hole_card: ['C7', 'S8']
name: b10902088, hole_card: ['C6', 'HK']
"b12901024" declared "call:0"
Street "turn" started. (community card = ['C5', 'SJ', 'D5', 'C3'])
coef: 0.5195886431084088
0.434
name: b12901024, hole_card: ['C7', 'S8']
name: b10902088, hole_card: ['C6', 'HK']
"b10902088" declared "call:0"
name: b12901024, hole_card: ['C7', 'S8']
name: b10902088, hole_card: ['C6', 'HK']
"b12901024" declared "call:0"
Street "river" started. (community card = ['C5', 'SJ', 'D5', 'C3', 'S9'])
coef: 0.5234454935573529
0.3704
name: b12901024, hole_card: ['C7', 'S8']
name: b10902088, hole_card: ['C6', 'HK']
"b10902088" declared "call:0"
name: b12901024, hole_card: ['C7', 'S8']
name: b10902088, hole_card: ['C6', 'HK']
"b12901024" declared "call:0"
"['b10902088']" won the round 17 (stack = {'b12901024': 1957.7529399769735, 'b10902088': 38.58281928457212})
community cards of this round: ['S3', 'CA', 'H9', 'S9', 'DJ']
name: b12901024, hole_card: ['D7', 'H7']
name: b10902088, hole_card: ['C8', 'H6']
Started the round 18
Street "preflop" started. (community card = [])
name: b12901024, hole_card: ['D7', 'H7']
name: b10902088, hole_card: ['C8', 'H6']
"b12901024" declared "raise:1957.7529399769735"
coef: 0.2777777777777778 0.33 0.5571784072455228
0.4672
name: b12901024, hole_card: ['D7', 'H7']
name: b10902088, hole_card: ['C8', 'H6']
"b10902088" declared "call:1957.7529399769735"
Street "flop" started. (community card = ['S3', 'CA', 'H9'])
Street "turn" started. (community card = ['S3', 'CA', 'H9', 'S9'])
Street "river" started. (community card = ['S3', 'CA', 'H9', 'S9', 'DJ'])
"['b12901024']" won the round 18 (stack = {'b12901024': 1996.0, 'b10902088': 0.0})
b10902088 vs b12901024 - Game 5: {'rule': {'initial_stack': 1000, 'max_round': 20, 'small_blind_amount': 5, 'ante': 0, 'blind_structure': {}}, 'players': [{'name': 'b12901024', 'uuid': 'qpiwvtggdzljcwpwktweml', 'stack': 1996.0, 'state': 'participating'}, {'name': 'b10902088', 'uuid': 'hstqnlegpyoddaqcyirhae', 'stack': 0, 'state': 'folded'}]}
Final Result: b10902088 won 3 games (stack: 5181.7247619549435), b12901024 won 2 games (stack: 4801.0), num ties: 0
