community cards of this round: ['C5', 'C9', 'C4', 'H8', 'H9']
name: b10902103, hole_card: ['D9', 'S2']
name: b10902134, hole_card: ['S6', 'S3']
Started the round 1
Street "preflop" started. (community card = [])
name: b10902103, hole_card: ['D9', 'S2']
name: b10902134, hole_card: ['S6', 'S3']
"b10902134" declared "fold:0"
"['b10902103']" won the round 1 (stack = {'b10902103': 1005, 'b10902134': 995})
community cards of this round: ['H3', 'HA', 'ST', 'S7', 'CA']
name: b10902103, hole_card: ['H7', 'DK']
name: b10902134, hole_card: ['C6', 'CK']
Started the round 2
Street "preflop" started. (community card = [])
name: b10902103, hole_card: ['H7', 'DK']
name: b10902134, hole_card: ['C6', 'CK']
"b10902103" declared "call:10"
name: b10902103, hole_card: ['H7', 'DK']
name: b10902134, hole_card: ['C6', 'CK']
"b10902134" declared "call:10"
Street "flop" started. (community card = ['H3', 'HA', 'ST'])
name: b10902103, hole_card: ['H7', 'DK']
name: b10902134, hole_card: ['C6', 'CK']
"b10902103" declared "call:0"
name: b10902103, hole_card: ['H7', 'DK']
name: b10902134, hole_card: ['C6', 'CK']
"b10902134" declared "call:0"
Street "turn" started. (community card = ['H3', 'HA', 'ST', 'S7'])
name: b10902103, hole_card: ['H7', 'DK']
name: b10902134, hole_card: ['C6', 'CK']
"b10902103" declared "raise:140"
name: b10902103, hole_card: ['H7', 'DK']
name: b10902134, hole_card: ['C6', 'CK']
"b10902134" declared "fold:0"
"['b10902103']" won the round 2 (stack = {'b10902103': 1015, 'b10902134': 985})
community cards of this round: ['H8', 'ST', 'HJ', 'S6', 'H5']
name: b10902103, hole_card: ['DK', 'C8']
name: b10902134, hole_card: ['C4', 'H9']
Started the round 3
Street "preflop" started. (community card = [])
name: b10902103, hole_card: ['DK', 'C8']
name: b10902134, hole_card: ['C4', 'H9']
"b10902134" declared "call:10"
name: b10902103, hole_card: ['DK', 'C8']
name: b10902134, hole_card: ['C4', 'H9']
"b10902103" declared "call:10"
Street "flop" started. (community card = ['H8', 'ST', 'HJ'])
name: b10902103, hole_card: ['DK', 'C8']
name: b10902134, hole_card: ['C4', 'H9']
"b10902134" declared "call:0"
name: b10902103, hole_card: ['DK', 'C8']
name: b10902134, hole_card: ['C4', 'H9']
"b10902103" declared "call:0"
Street "turn" started. (community card = ['H8', 'ST', 'HJ', 'S6'])
name: b10902103, hole_card: ['DK', 'C8']
name: b10902134, hole_card: ['C4', 'H9']
"b10902134" declared "call:0"
name: b10902103, hole_card: ['DK', 'C8']
name: b10902134, hole_card: ['C4', 'H9']
"b10902103" declared "raise:120"
name: b10902103, hole_card: ['DK', 'C8']
name: b10902134, hole_card: ['C4', 'H9']
"b10902134" declared "fold:0"
"['b10902103']" won the round 3 (stack = {'b10902103': 1025, 'b10902134': 975})
community cards of this round: ['S4', 'C2', 'H7', 'SQ', 'CJ']
name: b10902103, hole_card: ['HA', 'CK']
name: b10902134, hole_card: ['C8', 'HJ']
Started the round 4
Street "preflop" started. (community card = [])
name: b10902103, hole_card: ['HA', 'CK']
name: b10902134, hole_card: ['C8', 'HJ']
"b10902103" declared "raise:15"
name: b10902103, hole_card: ['HA', 'CK']
name: b10902134, hole_card: ['C8', 'HJ']
"b10902134" declared "call:15"
Street "flop" started. (community card = ['S4', 'C2', 'H7'])
name: b10902103, hole_card: ['HA', 'CK']
name: b10902134, hole_card: ['C8', 'HJ']
"b10902103" declared "call:0"
name: b10902103, hole_card: ['HA', 'CK']
name: b10902134, hole_card: ['C8', 'HJ']
"b10902134" declared "call:0"
Street "turn" started. (community card = ['S4', 'C2', 'H7', 'SQ'])
name: b10902103, hole_card: ['HA', 'CK']
name: b10902134, hole_card: ['C8', 'HJ']
"b10902103" declared "call:0"
name: b10902103, hole_card: ['HA', 'CK']
name: b10902134, hole_card: ['C8', 'HJ']
"b10902134" declared "call:0"
Street "river" started. (community card = ['S4', 'C2', 'H7', 'SQ', 'CJ'])
name: b10902103, hole_card: ['HA', 'CK']
name: b10902134, hole_card: ['C8', 'HJ']
"b10902103" declared "call:0"
name: b10902103, hole_card: ['HA', 'CK']
name: b10902134, hole_card: ['C8', 'HJ']
"b10902134" declared "raise:643.3333333333334"
name: b10902103, hole_card: ['HA', 'CK']
name: b10902134, hole_card: ['C8', 'HJ']
"b10902103" declared "fold:0"
"['b10902134']" won the round 4 (stack = {'b10902103': 1010, 'b10902134': 989.6666666666666})
community cards of this round: ['SA', 'SK', 'HA', 'DA', 'S4']
name: b10902103, hole_card: ['HJ', 'C5']
name: b10902134, hole_card: ['H2', 'D7']
Started the round 5
Street "preflop" started. (community card = [])
name: b10902103, hole_card: ['HJ', 'C5']
name: b10902134, hole_card: ['H2', 'D7']
"b10902134" declared "fold:0"
"['b10902103']" won the round 5 (stack = {'b10902103': 1015, 'b10902134': 984.6666666666666})
community cards of this round: ['S2', 'D4', 'C4', 'C2', 'CA']
name: b10902103, hole_card: ['H9', 'S5']
name: b10902134, hole_card: ['D3', 'D9']
Started the round 6
Street "preflop" started. (community card = [])
name: b10902103, hole_card: ['H9', 'S5']
name: b10902134, hole_card: ['D3', 'D9']
"b10902103" declared "call:10"
name: b10902103, hole_card: ['H9', 'S5']
name: b10902134, hole_card: ['D3', 'D9']
"b10902134" declared "call:10"
Street "flop" started. (community card = ['S2', 'D4', 'C4'])
name: b10902103, hole_card: ['H9', 'S5']
name: b10902134, hole_card: ['D3', 'D9']
"b10902103" declared "call:0"
name: b10902103, hole_card: ['H9', 'S5']
name: b10902134, hole_card: ['D3', 'D9']
"b10902134" declared "call:0"
Street "turn" started. (community card = ['S2', 'D4', 'C4', 'C2'])
name: b10902103, hole_card: ['H9', 'S5']
name: b10902134, hole_card: ['D3', 'D9']
"b10902103" declared "call:0"
name: b10902103, hole_card: ['H9', 'S5']
name: b10902134, hole_card: ['D3', 'D9']
"b10902134" declared "call:0"
Street "river" started. (community card = ['S2', 'D4', 'C4', 'C2', 'CA'])
name: b10902103, hole_card: ['H9', 'S5']
name: b10902134, hole_card: ['D3', 'D9']
"b10902103" declared "call:0"
name: b10902103, hole_card: ['H9', 'S5']
name: b10902134, hole_card: ['D3', 'D9']
"b10902134" declared "call:0"
"['b10902103']" won the round 6 (stack = {'b10902103': 1025, 'b10902134': 974.6666666666666})
community cards of this round: ['CQ', 'S7', 'CK', 'HT', 'ST']
name: b10902103, hole_card: ['HA', 'C5']
name: b10902134, hole_card: ['C7', 'H4']
Started the round 7
Street "preflop" started. (community card = [])
name: b10902103, hole_card: ['HA', 'C5']
name: b10902134, hole_card: ['C7', 'H4']
"b10902134" declared "fold:0"
"['b10902103']" won the round 7 (stack = {'b10902103': 1030, 'b10902134': 969.6666666666666})
community cards of this round: ['C7', 'S5', 'C2', 'DA', 'C6']
name: b10902103, hole_card: ['HK', 'HA']
name: b10902134, hole_card: ['D2', 'S2']
Started the round 8
Street "preflop" started. (community card = [])
name: b10902103, hole_card: ['HK', 'HA']
name: b10902134, hole_card: ['D2', 'S2']
"b10902103" declared "raise:15"
name: b10902103, hole_card: ['HK', 'HA']
name: b10902134, hole_card: ['D2', 'S2']
"b10902134" declared "call:15"
Street "flop" started. (community card = ['C7', 'S5', 'C2'])
name: b10902103, hole_card: ['HK', 'HA']
name: b10902134, hole_card: ['D2', 'S2']
"b10902103" declared "call:0"
name: b10902103, hole_card: ['HK', 'HA']
name: b10902134, hole_card: ['D2', 'S2']
"b10902134" declared "raise:954.6666666666666"
name: b10902103, hole_card: ['HK', 'HA']
name: b10902134, hole_card: ['D2', 'S2']
"b10902103" declared "fold:0"
"['b10902134']" won the round 8 (stack = {'b10902103': 1015, 'b10902134': 984.0})
community cards of this round: ['DJ', 'CJ', 'HT', 'C3', 'CT']
name: b10902103, hole_card: ['S5', 'CQ']
name: b10902134, hole_card: ['D5', 'C2']
Started the round 9
Street "preflop" started. (community card = [])
name: b10902103, hole_card: ['S5', 'CQ']
name: b10902134, hole_card: ['D5', 'C2']
"b10902134" declared "fold:0"
"['b10902103']" won the round 9 (stack = {'b10902103': 1020, 'b10902134': 979.0})
community cards of this round: ['S8', 'D2', 'C6', 'D9', 'D6']
name: b10902103, hole_card: ['C2', 'CA']
name: b10902134, hole_card: ['CQ', 'C7']
Started the round 10
Street "preflop" started. (community card = [])
name: b10902103, hole_card: ['C2', 'CA']
name: b10902134, hole_card: ['CQ', 'C7']
"b10902103" declared "call:10"
name: b10902103, hole_card: ['C2', 'CA']
name: b10902134, hole_card: ['CQ', 'C7']
"b10902134" declared "call:10"
Street "flop" started. (community card = ['S8', 'D2', 'C6'])
name: b10902103, hole_card: ['C2', 'CA']
name: b10902134, hole_card: ['CQ', 'C7']
"b10902103" declared "call:0"
name: b10902103, hole_card: ['C2', 'CA']
name: b10902134, hole_card: ['CQ', 'C7']
"b10902134" declared "call:0"
Street "turn" started. (community card = ['S8', 'D2', 'C6', 'D9'])
name: b10902103, hole_card: ['C2', 'CA']
name: b10902134, hole_card: ['CQ', 'C7']
"b10902103" declared "call:0"
name: b10902103, hole_card: ['C2', 'CA']
name: b10902134, hole_card: ['CQ', 'C7']
"b10902134" declared "call:0"
Street "river" started. (community card = ['S8', 'D2', 'C6', 'D9', 'D6'])
name: b10902103, hole_card: ['C2', 'CA']
name: b10902134, hole_card: ['CQ', 'C7']
"b10902103" declared "call:0"
name: b10902103, hole_card: ['C2', 'CA']
name: b10902134, hole_card: ['CQ', 'C7']
"b10902134" declared "call:0"
"['b10902103']" won the round 10 (stack = {'b10902103': 1030, 'b10902134': 969.0})
community cards of this round: ['D7', 'C2', 'C5', 'D4', 'CA']
name: b10902103, hole_card: ['CT', 'H6']
name: b10902134, hole_card: ['CQ', 'H8']
Started the round 11
Street "preflop" started. (community card = [])
name: b10902103, hole_card: ['CT', 'H6']
name: b10902134, hole_card: ['CQ', 'H8']
"b10902134" declared "call:10"
name: b10902103, hole_card: ['CT', 'H6']
name: b10902134, hole_card: ['CQ', 'H8']
"b10902103" declared "call:10"
Street "flop" started. (community card = ['D7', 'C2', 'C5'])
name: b10902103, hole_card: ['CT', 'H6']
name: b10902134, hole_card: ['CQ', 'H8']
"b10902134" declared "call:0"
name: b10902103, hole_card: ['CT', 'H6']
name: b10902134, hole_card: ['CQ', 'H8']
"b10902103" declared "call:0"
Street "turn" started. (community card = ['D7', 'C2', 'C5', 'D4'])
name: b10902103, hole_card: ['CT', 'H6']
name: b10902134, hole_card: ['CQ', 'H8']
"b10902134" declared "call:0"
name: b10902103, hole_card: ['CT', 'H6']
name: b10902134, hole_card: ['CQ', 'H8']
"b10902103" declared "call:0"
Street "river" started. (community card = ['D7', 'C2', 'C5', 'D4', 'CA'])
name: b10902103, hole_card: ['CT', 'H6']
name: b10902134, hole_card: ['CQ', 'H8']
"b10902134" declared "call:0"
name: b10902103, hole_card: ['CT', 'H6']
name: b10902134, hole_card: ['CQ', 'H8']
"b10902103" declared "call:0"
"['b10902134']" won the round 11 (stack = {'b10902103': 1020, 'b10902134': 979.0})
community cards of this round: ['D9', 'H4', 'SA', 'HQ', 'S5']
name: b10902103, hole_card: ['D8', 'CJ']
name: b10902134, hole_card: ['HK', 'D4']
Started the round 12
Street "preflop" started. (community card = [])
name: b10902103, hole_card: ['D8', 'CJ']
name: b10902134, hole_card: ['HK', 'D4']
"b10902103" declared "call:10"
name: b10902103, hole_card: ['D8', 'CJ']
name: b10902134, hole_card: ['HK', 'D4']
"b10902134" declared "call:10"
Street "flop" started. (community card = ['D9', 'H4', 'SA'])
name: b10902103, hole_card: ['D8', 'CJ']
name: b10902134, hole_card: ['HK', 'D4']
"b10902103" declared "call:0"
name: b10902103, hole_card: ['D8', 'CJ']
name: b10902134, hole_card: ['HK', 'D4']
"b10902134" declared "call:0"
Street "turn" started. (community card = ['D9', 'H4', 'SA', 'HQ'])
name: b10902103, hole_card: ['D8', 'CJ']
name: b10902134, hole_card: ['HK', 'D4']
"b10902103" declared "call:0"
name: b10902103, hole_card: ['D8', 'CJ']
name: b10902134, hole_card: ['HK', 'D4']
"b10902134" declared "call:0"
Street "river" started. (community card = ['D9', 'H4', 'SA', 'HQ', 'S5'])
name: b10902103, hole_card: ['D8', 'CJ']
name: b10902134, hole_card: ['HK', 'D4']
"b10902103" declared "call:0"
name: b10902103, hole_card: ['D8', 'CJ']
name: b10902134, hole_card: ['HK', 'D4']
"b10902134" declared "call:0"
"['b10902134']" won the round 12 (stack = {'b10902103': 1010, 'b10902134': 989.0})
community cards of this round: ['H8', 'D2', 'H5', 'H4', 'S5']
name: b10902103, hole_card: ['CJ', 'SK']
name: b10902134, hole_card: ['C3', 'C6']
Started the round 13
Street "preflop" started. (community card = [])
name: b10902103, hole_card: ['CJ', 'SK']
name: b10902134, hole_card: ['C3', 'C6']
"b10902134" declared "fold:0"
"['b10902103']" won the round 13 (stack = {'b10902103': 1015, 'b10902134': 984.0})
community cards of this round: ['CA', 'S8', 'C6', 'CJ', 'DK']
name: b10902103, hole_card: ['H9', 'DQ']
name: b10902134, hole_card: ['S3', 'HT']
Started the round 14
Street "preflop" started. (community card = [])
name: b10902103, hole_card: ['H9', 'DQ']
name: b10902134, hole_card: ['S3', 'HT']
"b10902103" declared "raise:15"
name: b10902103, hole_card: ['H9', 'DQ']
name: b10902134, hole_card: ['S3', 'HT']
"b10902134" declared "call:15"
Street "flop" started. (community card = ['CA', 'S8', 'C6'])
name: b10902103, hole_card: ['H9', 'DQ']
name: b10902134, hole_card: ['S3', 'HT']
"b10902103" declared "call:0"
name: b10902103, hole_card: ['H9', 'DQ']
name: b10902134, hole_card: ['S3', 'HT']
"b10902134" declared "call:0"
Street "turn" started. (community card = ['CA', 'S8', 'C6', 'CJ'])
name: b10902103, hole_card: ['H9', 'DQ']
name: b10902134, hole_card: ['S3', 'HT']
"b10902103" declared "call:0"
name: b10902103, hole_card: ['H9', 'DQ']
name: b10902134, hole_card: ['S3', 'HT']
"b10902134" declared "call:0"
Street "river" started. (community card = ['CA', 'S8', 'C6', 'CJ', 'DK'])
name: b10902103, hole_card: ['H9', 'DQ']
name: b10902134, hole_card: ['S3', 'HT']
"b10902103" declared "call:0"
name: b10902103, hole_card: ['H9', 'DQ']
name: b10902134, hole_card: ['S3', 'HT']
"b10902134" declared "call:0"
"['b10902103']" won the round 14 (stack = {'b10902103': 1030, 'b10902134': 969.0})
community cards of this round: ['C7', 'C9', 'HA', 'S5', 'CK']
name: b10902103, hole_card: ['DQ', 'S4']
name: b10902134, hole_card: ['SJ', 'CA']
Started the round 15
Street "preflop" started. (community card = [])
name: b10902103, hole_card: ['DQ', 'S4']
name: b10902134, hole_card: ['SJ', 'CA']
"b10902134" declared "call:10"
name: b10902103, hole_card: ['DQ', 'S4']
name: b10902134, hole_card: ['SJ', 'CA']
"b10902103" declared "fold:0"
"['b10902134']" won the round 15 (stack = {'b10902103': 1020, 'b10902134': 979.0})
community cards of this round: ['S9', 'C6', 'H5', 'D7', 'ST']
name: b10902103, hole_card: ['DT', 'C4']
name: b10902134, hole_card: ['H3', 'S6']
Started the round 16
Street "preflop" started. (community card = [])
name: b10902103, hole_card: ['DT', 'C4']
name: b10902134, hole_card: ['H3', 'S6']
"b10902103" declared "fold:0"
"['b10902134']" won the round 16 (stack = {'b10902103': 1015, 'b10902134': 984.0})
community cards of this round: ['C7', 'D9', 'HT', 'CK', 'CJ']
name: b10902103, hole_card: ['S7', 'H4']
name: b10902134, hole_card: ['D6', 'H7']
Started the round 17
Street "preflop" started. (community card = [])
name: b10902103, hole_card: ['S7', 'H4']
name: b10902134, hole_card: ['D6', 'H7']
"b10902134" declared "raise:15"
name: b10902103, hole_card: ['S7', 'H4']
name: b10902134, hole_card: ['D6', 'H7']
"b10902103" declared "fold:0"
"['b10902134']" won the round 17 (stack = {'b10902103': 1005, 'b10902134': 994.0})
community cards of this round: ['C6', 'H4', 'H9', 'S8', 'H6']
name: b10902103, hole_card: ['SK', 'DJ']
name: b10902134, hole_card: ['C3', 'H2']
Started the round 18
Street "preflop" started. (community card = [])
name: b10902103, hole_card: ['SK', 'DJ']
name: b10902134, hole_card: ['C3', 'H2']
"b10902103" declared "call:10"
name: b10902103, hole_card: ['SK', 'DJ']
name: b10902134, hole_card: ['C3', 'H2']
"b10902134" declared "raise:15"
name: b10902103, hole_card: ['SK', 'DJ']
name: b10902134, hole_card: ['C3', 'H2']
"b10902103" declared "call:15"
Street "flop" started. (community card = ['C6', 'H4', 'H9'])
name: b10902103, hole_card: ['SK', 'DJ']
name: b10902134, hole_card: ['C3', 'H2']
"b10902103" declared "call:0"
name: b10902103, hole_card: ['SK', 'DJ']
name: b10902134, hole_card: ['C3', 'H2']
"b10902134" declared "raise:10"
name: b10902103, hole_card: ['SK', 'DJ']
name: b10902134, hole_card: ['C3', 'H2']
"b10902103" declared "call:10"
Street "turn" started. (community card = ['C6', 'H4', 'H9', 'S8'])
name: b10902103, hole_card: ['SK', 'DJ']

win_rate:0.36666666666666664 my_amount:0 hole_card:['S6', 'S3'] community_card:[]
pot_size:15 call_amount:10 call_prof:0.4

win_rate:0.586 my_amount:0 hole_card:['C6', 'CK'] community_card:[]
pot_size:20 call_amount:10 call_prof:0.3333333333333333

win_rate:0.446 my_amount:10 hole_card:['C6', 'CK'] community_card:['H3', 'HA', 'ST']
pot_size:20 call_amount:0 call_prof:0.0

win_rate:0.41 my_amount:10 hole_card:['C6', 'CK'] community_card:['H3', 'HA', 'ST', 'S7']
pot_size:160 call_amount:140 call_prof:0.4666666666666667

win_rate:0.41 my_amount:0 hole_card:['C4', 'H9'] community_card:[]
pot_size:15 call_amount:10 call_prof:0.4

win_rate:0.4493333333333333 my_amount:10 hole_card:['C4', 'H9'] community_card:['H8', 'ST', 'HJ']
pot_size:20 call_amount:0 call_prof:0.0

win_rate:0.2926666666666667 my_amount:10 hole_card:['C4', 'H9'] community_card:['H8', 'ST', 'HJ', 'S6']
pot_size:20 call_amount:0 call_prof:0.0

win_rate:0.31866666666666665 my_amount:10 hole_card:['C4', 'H9'] community_card:['H8', 'ST', 'HJ', 'S6']
pot_size:140 call_amount:120 call_prof:0.46153846153846156

win_rate:0.5246666666666666 my_amount:0 hole_card:['C8', 'HJ'] community_card:[]
pot_size:25 call_amount:15 call_prof:0.375

win_rate:0.3413333333333333 my_amount:15 hole_card:['C8', 'HJ'] community_card:['S4', 'C2', 'H7']
pot_size:30 call_amount:0 call_prof:0.0

win_rate:0.2713333333333333 my_amount:15 hole_card:['C8', 'HJ'] community_card:['S4', 'C2', 'H7', 'SQ']
pot_size:30 call_amount:0 call_prof:0.0

win_rate:0.7666666666666667 my_amount:15 hole_card:['C8', 'HJ'] community_card:['S4', 'C2', 'H7', 'SQ', 'CJ']
pot_size:30 call_amount:0 call_prof:0.0

win_rate:0.3353333333333333 my_amount:0 hole_card:['H2', 'D7'] community_card:[]
pot_size:15 call_amount:10 call_prof:0.4

win_rate:0.42733333333333334 my_amount:0 hole_card:['D3', 'D9'] community_card:[]
pot_size:20 call_amount:10 call_prof:0.3333333333333333

win_rate:0.31466666666666665 my_amount:10 hole_card:['D3', 'D9'] community_card:['S2', 'D4', 'C4']
pot_size:20 call_amount:0 call_prof:0.0

win_rate:0.192 my_amount:10 hole_card:['D3', 'D9'] community_card:['S2', 'D4', 'C4', 'C2']
pot_size:20 call_amount:0 call_prof:0.0

win_rate:0.136 my_amount:10 hole_card:['D3', 'D9'] community_card:['S2', 'D4', 'C4', 'C2', 'CA']
pot_size:20 call_amount:0 call_prof:0.0

win_rate:0.3973333333333333 my_amount:0 hole_card:['C7', 'H4'] community_card:[]
pot_size:15 call_amount:10 call_prof:0.4

win_rate:0.4846666666666667 my_amount:0 hole_card:['D2', 'S2'] community_card:[]
pot_size:25 call_amount:15 call_prof:0.375

win_rate:0.9246666666666666 my_amount:15 hole_card:['D2', 'S2'] community_card:['C7', 'S5', 'C2']
pot_size:30 call_amount:0 call_prof:0.0

win_rate:0.31666666666666665 my_amount:0 hole_card:['D5', 'C2'] community_card:[]
pot_size:15 call_amount:10 call_prof:0.4

win_rate:0.54 my_amount:0 hole_card:['CQ', 'C7'] community_card:[]
pot_size:20 call_amount:10 call_prof:0.3333333333333333

win_rate:0.40066666666666667 my_amount:10 hole_card:['CQ', 'C7'] community_card:['S8', 'D2', 'C6']
pot_size:20 call_amount:0 call_prof:0.0

win_rate:0.4246666666666667 my_amount:10 hole_card:['CQ', 'C7'] community_card:['S8', 'D2', 'C6', 'D9']
pot_size:20 call_amount:0 call_prof:0.0

win_rate:0.22733333333333333 my_amount:10 hole_card:['CQ', 'C7'] community_card:['S8', 'D2', 'C6', 'D9', 'D6']
pot_size:20 call_amount:0 call_prof:0.0

win_rate:0.5373333333333333 my_amount:0 hole_card:['CQ', 'H8'] community_card:[]
pot_size:15 call_amount:10 call_prof:0.4

win_rate:0.41133333333333333 my_amount:10 hole_card:['CQ', 'H8'] community_card:['D7', 'C2', 'C5']
pot_size:20 call_amount:0 call_prof:0.0

win_rate:0.3333333333333333 my_amount:10 hole_card:['CQ', 'H8'] community_card:['D7', 'C2', 'C5', 'D4']
pot_size:20 call_amount:0 call_prof:0.0

win_rate:0.20933333333333334 my_amount:10 hole_card:['CQ', 'H8'] community_card:['D7', 'C2', 'C5', 'D4', 'CA']
pot_size:20 call_amount:0 call_prof:0.0

win_rate:0.5513333333333333 my_amount:0 hole_card:['HK', 'D4'] community_card:[]
pot_size:20 call_amount:10 call_prof:0.3333333333333333

win_rate:0.614 my_amount:10 hole_card:['HK', 'D4'] community_card:['D9', 'H4', 'SA']
pot_size:20 call_amount:0 call_prof:0.0

win_rate:0.5933333333333334 my_amount:10 hole_card:['HK', 'D4'] community_card:['D9', 'H4', 'SA', 'HQ']
pot_size:20 call_amount:0 call_prof:0.0

win_rate:0.5113333333333333 my_amount:10 hole_card:['HK', 'D4'] community_card:['D9', 'H4', 'SA', 'HQ', 'S5']
pot_size:20 call_amount:0 call_prof:0.0

win_rate:0.37466666666666665 my_amount:0 hole_card:['C3', 'C6'] community_card:[]
pot_size:15 call_amount:10 call_prof:0.4

win_rate:0.43733333333333335 my_amount:0 hole_card:['S3', 'HT'] community_card:[]
pot_size:25 call_amount:15 call_prof:0.375

win_rate:0.266 my_amount:15 hole_card:['S3', 'HT'] community_card:['CA', 'S8', 'C6']
pot_size:30 call_amount:0 call_prof:0.0

win_rate:0.21733333333333332 my_amount:15 hole_card:['S3', 'HT'] community_card:['CA', 'S8', 'C6', 'CJ']
pot_size:30 call_amount:0 call_prof:0.0

win_rate:0.226 my_amount:15 hole_card:['S3', 'HT'] community_card:['CA', 'S8', 'C6', 'CJ', 'DK']
pot_size:30 call_amount:0 call_prof:0.0

win_rate:0.6533333333333333 my_amount:0 hole_card:['SJ', 'CA'] community_card:[]
pot_size:15 call_amount:10 call_prof:0.4

win_rate:0.4146666666666667 my_amount:0 hole_card:['D6', 'H7'] community_card:[]
pot_size:15 call_amount:10 call_prof:0.4

win_rate:0.272 my_amount:0 hole_card:['C3', 'H2'] community_card:[]
pot_size:20 call_amount:10 call_prof:0.3333333333333333

win_rate:0.266 my_amount:0 hole_card:['C3', 'H2'] community_card:['C6', 'H4', 'H9']
pot_size:30 call_amount:0 call_prof:0.0

win_rate:0.13266666666666665 my_amount:0 hole_card:['C3', 'H2'] community_card:['C6', 'H4', 'H9', 'S8']
pot_size:1030 call_amount:980 call_prof:0.48756218905472637

win_rate:0.49533333333333335 my_amount:0 hole_card:['C7', 'HT'] community_card:[]
pot_size:15 call_amount:10 call_prof:0.4

win_rate:0.38333333333333336 my_amount:0 hole_card:['D9', 'S2'] community_card:[]
pot_size:20 call_amount:10 call_prof:0.3333333333333333

win_rate:0.6173333333333333 my_amount:10 hole_card:['D9', 'S2'] community_card:['C5', 'C9', 'C4']
pot_size:20 call_amount:0 call_prof:0.0

win_rate:0.6586666666666666 my_amount:10 hole_card:['D9', 'S2'] community_card:['C5', 'C9', 'C4', 'H8']
pot_size:20 call_amount:0 call_prof:0.0

win_rate:0.888 my_amount:10 hole_card:['D9', 'S2'] community_card:['C5', 'C9', 'C4', 'H8', 'H9']
pot_size:20 call_amount:0 call_prof:0.0

win_rate:0.5606666666666666 my_amount:0 hole_card:['H7', 'DK'] community_card:[]
pot_size:15 call_amount:10 call_prof:0.4

win_rate:0.504 my_amount:10 hole_card:['H7', 'DK'] community_card:['H3', 'HA', 'ST']
pot_size:20 call_amount:0 call_prof:0.0

win_rate:0.654 my_amount:10 hole_card:['H7', 'DK'] community_card:['H3', 'HA', 'ST', 'S7']
pot_size:20 call_amount:0 call_prof:0.0

win_rate:0.7566666666666667 my_amount:10 hole_card:['H7', 'DK'] community_card:['H3', 'HA', 'ST', 'S7', 'CA']
pot_size:20 call_amount:0 call_prof:0.0

win_rate:0.5546666666666666 my_amount:0 hole_card:['DK', 'C8'] community_card:[]
pot_size:20 call_amount:10 call_prof:0.3333333333333333

win_rate:0.582 my_amount:10 hole_card:['DK', 'C8'] community_card:['H8', 'ST', 'HJ']
pot_size:20 call_amount:0 call_prof:0.0

win_rate:0.6253333333333333 my_amount:10 hole_card:['DK', 'C8'] community_card:['H8', 'ST', 'HJ', 'S6']
pot_size:20 call_amount:0 call_prof:0.0

win_rate:0.6186666666666667 my_amount:10 hole_card:['DK', 'C8'] community_card:['H8', 'ST', 'HJ', 'S6', 'H5']
pot_size:20 call_amount:0 call_prof:0.0

win_rate:0.6633333333333333 my_amount:0 hole_card:['HA', 'CK'] community_card:[]
pot_size:15 call_amount:10 call_prof:0.4

win_rate:0.5393333333333333 my_amount:10 hole_card:['HA', 'CK'] community_card:['S4', 'C2', 'H7']
pot_size:20 call_amount:0 call_prof:0.0

win_rate:0.4766666666666667 my_amount:10 hole_card:['HA', 'CK'] community_card:['S4', 'C2', 'H7', 'SQ']
pot_size:20 call_amount:0 call_prof:0.0

win_rate:0.4066666666666667 my_amount:10 hole_card:['HA', 'CK'] community_card:['S4', 'C2', 'H7', 'SQ', 'CJ']
pot_size:20 call_amount:0 call_prof:0.0

win_rate:0.38666666666666666 name: b10902134, hole_card: ['C3', 'H2']
"b10902103" declared "raise:980"
name: b10902103, hole_card: ['SK', 'DJ']
name: b10902134, hole_card: ['C3', 'H2']
"b10902134" declared "raise:-1", Invalid action. Treat as fold...
"['b10902103']" won the round 18 (stack = {'b10902103': 1030, 'b10902134': 969.0})
community cards of this round: ['H7', 'C4', 'H9', 'D6', 'C8']
name: b10902103, hole_card: ['C5', 'H6']
name: b10902134, hole_card: ['C7', 'HT']
Started the round 19
Street "preflop" started. (community card = [])
name: b10902103, hole_card: ['C5', 'H6']
name: b10902134, hole_card: ['C7', 'HT']
"b10902134" declared "raise:969.0"
name: b10902103, hole_card: ['C5', 'H6']
name: b10902134, hole_card: ['C7', 'HT']
"b10902103" declared "fold:0"
"['b10902134']" won the round 19 (stack = {'b10902103': 1020, 'b10902134': 979.0})
community cards of this round: ['H8', 'C5', 'D5', 'HJ', 'S8']
name: b10902103, hole_card: ['CJ', 'CQ']
name: b10902134, hole_card: ['S3', 'S9']
Started the round 20
Street "preflop" started. (community card = [])
name: b10902103, hole_card: ['CJ', 'CQ']
name: b10902134, hole_card: ['S3', 'S9']
"b10902103" declared "fold:0"
"['b10902134']" won the round 20 (stack = {'b10902103': 1015, 'b10902134': 984.0})
b10902134 vs b10902103 - Game 1: {'rule': {'initial_stack': 1000, 'max_round': 20, 'small_blind_amount': 5, 'ante': 0, 'blind_structure': {}}, 'players': [{'name': 'b10902103', 'uuid': 'mecylgcgkhrsnvjviwvgfb', 'stack': 1015, 'state': 'participating'}, {'name': 'b10902134', 'uuid': 'iuobkddfdonscucvbndgxz', 'stack': 984.0, 'state': 'participating'}]}
community cards of this round: ['C5', 'C9', 'C4', 'H8', 'H9']
name: b10902134, hole_card: ['D9', 'S2']
name: b10902103, hole_card: ['S6', 'S3']
Started the round 1
Street "preflop" started. (community card = [])
name: b10902134, hole_card: ['D9', 'S2']
name: b10902103, hole_card: ['S6', 'S3']
"b10902103" declared "call:10"
name: b10902134, hole_card: ['D9', 'S2']
name: b10902103, hole_card: ['S6', 'S3']
"b10902134" declared "call:10"
Street "flop" started. (community card = ['C5', 'C9', 'C4'])
name: b10902134, hole_card: ['D9', 'S2']
name: b10902103, hole_card: ['S6', 'S3']
"b10902103" declared "call:0"
name: b10902134, hole_card: ['D9', 'S2']
name: b10902103, hole_card: ['S6', 'S3']
"b10902134" declared "call:0"
Street "turn" started. (community card = ['C5', 'C9', 'C4', 'H8'])
name: b10902134, hole_card: ['D9', 'S2']
name: b10902103, hole_card: ['S6', 'S3']
"b10902103" declared "call:0"
name: b10902134, hole_card: ['D9', 'S2']
name: b10902103, hole_card: ['S6', 'S3']
"b10902134" declared "call:0"
Street "river" started. (community card = ['C5', 'C9', 'C4', 'H8', 'H9'])
name: b10902134, hole_card: ['D9', 'S2']
name: b10902103, hole_card: ['S6', 'S3']
"b10902103" declared "call:0"
name: b10902134, hole_card: ['D9', 'S2']
name: b10902103, hole_card: ['S6', 'S3']
"b10902134" declared "raise:990"
name: b10902134, hole_card: ['D9', 'S2']
name: b10902103, hole_card: ['S6', 'S3']
"b10902103" declared "fold:0"
"['b10902134']" won the round 1 (stack = {'b10902134': 1010, 'b10902103': 990})
community cards of this round: ['H3', 'HA', 'ST', 'S7', 'CA']
name: b10902134, hole_card: ['H7', 'DK']
name: b10902103, hole_card: ['C6', 'CK']
Started the round 2
Street "preflop" started. (community card = [])
name: b10902134, hole_card: ['H7', 'DK']
name: b10902103, hole_card: ['C6', 'CK']
"b10902134" declared "call:10"
name: b10902134, hole_card: ['H7', 'DK']
name: b10902103, hole_card: ['C6', 'CK']
"b10902103" declared "call:10"
Street "flop" started. (community card = ['H3', 'HA', 'ST'])
name: b10902134, hole_card: ['H7', 'DK']
name: b10902103, hole_card: ['C6', 'CK']
"b10902134" declared "call:0"
name: b10902134, hole_card: ['H7', 'DK']
name: b10902103, hole_card: ['C6', 'CK']
"b10902103" declared "call:0"
Street "turn" started. (community card = ['H3', 'HA', 'ST', 'S7'])
name: b10902134, hole_card: ['H7', 'DK']
name: b10902103, hole_card: ['C6', 'CK']
"b10902134" declared "call:0"
name: b10902134, hole_card: ['H7', 'DK']
name: b10902103, hole_card: ['C6', 'CK']
"b10902103" declared "call:0"
Street "river" started. (community card = ['H3', 'HA', 'ST', 'S7', 'CA'])
name: b10902134, hole_card: ['H7', 'DK']
name: b10902103, hole_card: ['C6', 'CK']
"b10902134" declared "raise:670.0"
name: b10902134, hole_card: ['H7', 'DK']
name: b10902103, hole_card: ['C6', 'CK']
"b10902103" declared "fold:0"
"['b10902134']" won the round 2 (stack = {'b10902134': 1020.0, 'b10902103': 980})
community cards of this round: ['H8', 'ST', 'HJ', 'S6', 'H5']
name: b10902134, hole_card: ['DK', 'C8']
name: b10902103, hole_card: ['C4', 'H9']
Started the round 3
Street "preflop" started. (community card = [])
name: b10902134, hole_card: ['DK', 'C8']
name: b10902103, hole_card: ['C4', 'H9']
"b10902103" declared "call:10"
name: b10902134, hole_card: ['DK', 'C8']
name: b10902103, hole_card: ['C4', 'H9']
"b10902134" declared "call:10"
Street "flop" started. (community card = ['H8', 'ST', 'HJ'])
name: b10902134, hole_card: ['DK', 'C8']
name: b10902103, hole_card: ['C4', 'H9']
"b10902103" declared "call:0"
name: b10902134, hole_card: ['DK', 'C8']
name: b10902103, hole_card: ['C4', 'H9']
"b10902134" declared "call:0"
Street "turn" started. (community card = ['H8', 'ST', 'HJ', 'S6'])
name: b10902134, hole_card: ['DK', 'C8']
name: b10902103, hole_card: ['C4', 'H9']
"b10902103" declared "call:0"
name: b10902134, hole_card: ['DK', 'C8']
name: b10902103, hole_card: ['C4', 'H9']
"b10902134" declared "call:0"
Street "river" started. (community card = ['H8', 'ST', 'HJ', 'S6', 'H5'])
name: b10902134, hole_card: ['DK', 'C8']
name: b10902103, hole_card: ['C4', 'H9']
"b10902103" declared "call:0"
name: b10902134, hole_card: ['DK', 'C8']
name: b10902103, hole_card: ['C4', 'H9']
"b10902134" declared "call:0"
"['b10902134']" won the round 3 (stack = {'b10902134': 1030.0, 'b10902103': 970})
community cards of this round: ['S4', 'C2', 'H7', 'SQ', 'CJ']
name: b10902134, hole_card: ['HA', 'CK']
name: b10902103, hole_card: ['C8', 'HJ']
Started the round 4
Street "preflop" started. (community card = [])
name: b10902134, hole_card: ['HA', 'CK']
name: b10902103, hole_card: ['C8', 'HJ']
"b10902134" declared "call:10"
name: b10902134, hole_card: ['HA', 'CK']
name: b10902103, hole_card: ['C8', 'HJ']
"b10902103" declared "call:10"
Street "flop" started. (community card = ['S4', 'C2', 'H7'])
name: b10902134, hole_card: ['HA', 'CK']
name: b10902103, hole_card: ['C8', 'HJ']
"b10902134" declared "call:0"
name: b10902134, hole_card: ['HA', 'CK']
name: b10902103, hole_card: ['C8', 'HJ']
"b10902103" declared "call:0"
Street "turn" started. (community card = ['S4', 'C2', 'H7', 'SQ'])
name: b10902134, hole_card: ['HA', 'CK']
name: b10902103, hole_card: ['C8', 'HJ']
"b10902134" declared "call:0"
name: b10902134, hole_card: ['HA', 'CK']
name: b10902103, hole_card: ['C8', 'HJ']
"b10902103" declared "call:0"
Street "river" started. (community card = ['S4', 'C2', 'H7', 'SQ', 'CJ'])
name: b10902134, hole_card: ['HA', 'CK']
name: b10902103, hole_card: ['C8', 'HJ']
"b10902134" declared "call:0"
name: b10902134, hole_card: ['HA', 'CK']
name: b10902103, hole_card: ['C8', 'HJ']
"b10902103" declared "raise:160"
name: b10902134, hole_card: ['HA', 'CK']
name: b10902103, hole_card: ['C8', 'HJ']
"b10902134" declared "fold:0"
"['b10902103']" won the round 4 (stack = {'b10902134': 1020.0, 'b10902103': 980})
community cards of this round: ['SA', 'SK', 'HA', 'DA', 'S4']
name: b10902134, hole_card: ['HJ', 'C5']
name: b10902103, hole_card: ['H2', 'D7']
Started the round 5
Street "preflop" started. (community card = [])
name: b10902134, hole_card: ['HJ', 'C5']
name: b10902103, hole_card: ['H2', 'D7']
"b10902103" declared "call:10"
name: b10902134, hole_card: ['HJ', 'C5']
name: b10902103, hole_card: ['H2', 'D7']
"b10902134" declared "call:10"
Street "flop" started. (community card = ['SA', 'SK', 'HA'])
name: b10902134, hole_card: ['HJ', 'C5']
name: b10902103, hole_card: ['H2', 'D7']
"b10902103" declared "call:0"
name: b10902134, hole_card: ['HJ', 'C5']
name: b10902103, hole_card: ['H2', 'D7']
"b10902134" declared "call:0"
Street "turn" started. (community card = ['SA', 'SK', 'HA', 'DA'])
name: b10902134, hole_card: ['HJ', 'C5']
name: b10902103, hole_card: ['H2', 'D7']
"b10902103" declared "call:0"
name: b10902134, hole_card: ['HJ', 'C5']
name: b10902103, hole_card: ['H2', 'D7']
"b10902134" declared "call:0"
Street "river" started. (community card = ['SA', 'SK', 'HA', 'DA', 'S4'])
name: b10902134, hole_card: ['HJ', 'C5']
name: b10902103, hole_card: ['H2', 'D7']
"b10902103" declared "call:0"
name: b10902134, hole_card: ['HJ', 'C5']
name: b10902103, hole_card: ['H2', 'D7']
"b10902134" declared "call:0"
"['b10902134']" won the round 5 (stack = {'b10902134': 1030.0, 'b10902103': 970})
community cards of this round: ['S2', 'D4', 'C4', 'C2', 'CA']
name: b10902134, hole_card: ['H9', 'S5']
name: b10902103, hole_card: ['D3', 'D9']
Started the round 6
Street "preflop" started. (community card = [])
name: b10902134, hole_card: ['H9', 'S5']
name: b10902103, hole_card: ['D3', 'D9']
"b10902134" declared "call:10"
name: b10902134, hole_card: ['H9', 'S5']
name: b10902103, hole_card: ['D3', 'D9']
"b10902103" declared "call:10"
Street "flop" started. (community card = ['S2', 'D4', 'C4'])
name: b10902134, hole_card: ['H9', 'S5']
name: b10902103, hole_card: ['D3', 'D9']
"b10902134" declared "call:0"
name: b10902134, hole_card: ['H9', 'S5']
name: b10902103, hole_card: ['D3', 'D9']
"b10902103" declared "call:0"
Street "turn" started. (community card = ['S2', 'D4', 'C4', 'C2'])
name: b10902134, hole_card: ['H9', 'S5']
name: b10902103, hole_card: ['D3', 'D9']
"b10902134" declared "call:0"
name: b10902134, hole_card: ['H9', 'S5']
name: b10902103, hole_card: ['D3', 'D9']
"b10902103" declared "call:0"
Street "river" started. (community card = ['S2', 'D4', 'C4', 'C2', 'CA'])
name: b10902134, hole_card: ['H9', 'S5']
name: b10902103, hole_card: ['D3', 'D9']
"b10902134" declared "call:0"
name: b10902134, hole_card: ['H9', 'S5']
name: b10902103, hole_card: ['D3', 'D9']
"b10902103" declared "call:0"
"['b10902134']" won the round 6 (stack = {'b10902134': 1040.0, 'b10902103': 960})
community cards of this round: ['CQ', 'S7', 'CK', 'HT', 'ST']
name: b10902134, hole_card: ['HA', 'C5']
name: b10902103, hole_card: ['C7', 'H4']
Started the round 7
Street "preflop" started. (community card = [])
name: b10902134, hole_card: ['HA', 'C5']
name: b10902103, hole_card: ['C7', 'H4']
"b10902103" declared "call:10"
name: b10902134, hole_card: ['HA', 'C5']
name: b10902103, hole_card: ['C7', 'H4']
"b10902134" declared "call:10"
Street "flop" started. (community card = ['CQ', 'S7', 'CK'])
name: b10902134, hole_card: ['HA', 'C5']
name: b10902103, hole_card: ['C7', 'H4']
"b10902103" declared "raise:150"
name: b10902134, hole_card: ['HA', 'C5']
name: b10902103, hole_card: ['C7', 'H4']
"b10902134" declared "call:150"
Street "turn" started. (community card = ['CQ', 'S7', 'CK', 'HT'])
name: b10902134, hole_card: ['HA', 'C5']
name: b10902103, hole_card: ['C7', 'H4']
"b10902103" declared "raise:800"
name: b10902134, hole_card: ['HA', 'C5']
name: b10902103, hole_card: ['C7', 'H4']
"b10902134" declared "call:800"
Street "river" started. (community card = ['CQ', 'S7', 'CK', 'HT', 'ST'])
"['b10902103']" won the round 7 (stack = {'b10902134': 80.0, 'b10902103': 1920})
community cards of this round: ['C7', 'S5', 'C2', 'DA', 'C6']
name: b10902134, hole_card: ['HK', 'HA']
name: b10902103, hole_card: ['D2', 'S2']
Started the round 8
Street "preflop" started. (community card = [])
name: b10902134, hole_card: ['HK', 'HA']
name: b10902103, hole_card: ['D2', 'S2']
"b10902134" declared "call:10"
name: b10902134, hole_card: ['HK', 'HA']
name: b10902103, hole_card: ['D2', 'S2']
"b10902103" declared "fold:0"
"['b10902134']" won the round 8 (stack = {'b10902134': 90.0, 'b10902103': 1910})
community cards of this round: ['DJ', 'CJ', 'HT', 'C3', 'CT']
name: b10902134, hole_card: ['S5', 'CQ']
name: b10902103, hole_card: ['D5', 'C2']
Started the round 9
Street "preflop" started. (community card = [])
name: b10902134, hole_card: ['S5', 'CQ']
name: b10902103, hole_card: ['D5', 'C2']
"b10902103" declared "fold:0"
"['b10902134']" won the round 9 (stack = {'b10902134': 95.0, 'b10902103': 1905})
community cards of this round: ['S8', 'D2', 'C6', 'D9', 'D6']
name: b10902134, hole_card: ['C2', 'CA']
name: b10902103, hole_card: ['CQ', 'C7']
Started the round 10
Street "preflop" started. (community card = [])
name: b10902134, hole_card: ['C2', 'CA']
name: b10902103, hole_card: ['CQ', 'C7']
"b10902134" declared "call:10"
name: b10902134, hole_card: ['C2', 'CA']
name: b10902103, hole_card: ['CQ', 'C7']
"b10902103" declared "fold:0"
"['b10902134']" won the round 10 (stack = {'b10902134': 105.0, 'b10902103': 1895})
community cards of this round: ['D7', 'C2', 'C5', 'D4', 'CA']
name: b10902134, hole_card: ['CT', 'H6']
name: b10902103, hole_card: ['CQ', 'H8']
Started the round 11
Street "preflop" started. (community card = [])
name: b10902134, hole_card: ['CT', 'H6']
name: b10902103, hole_card: ['CQ', 'H8']
"b10902103" declared "fold:0"
"['b10902134']" won the round 11 (stack = {'b10902134': 110.0, 'b10902103': 1890})
community cards of this round: ['D9', 'H4', 'SA', 'HQ', 'S5']
name: b10902134, hole_card: ['D8', 'CJ']
name: b10902103, hole_card: ['HK', 'D4']
Started the round 12
Street "preflop" started. (community card = [])
name: b10902134, hole_card: ['D8', 'CJ']
name: b10902103, hole_card: ['HK', 'D4']
"b10902134" declared "call:10"
name: b10902134, hole_card: ['D8', 'CJ']
name: b10902103, hole_card: ['HK', 'D4']
"b10902103" declared "fold:0"
"['b10902134']" won the round 12 (stack = {'b10902134': 120.0, 'b10902103': 1880})
community cards of this round: ['H8', 'D2', 'H5', 'H4', 'S5']
name: b10902134, hole_card: ['CJ', 'SK']
name: b10902103, hole_card: ['C3', 'C6']
Started the round 13
Street "preflop" started. (community card = [])
name: b10902134, hole_card: ['CJ', 'SK']
name: b10902103, hole_card: ['C3', 'C6']
"b10902103" declared "fold:0"
"['b10902134']" won the round 13 (stack = {'b10902134': 125.0, 'b10902103': 1875})
community cards of this round: ['CA', 'S8', 'C6', 'CJ', 'DK']
name: b10902134, hole_card: ['H9', 'DQ']
name: b10902103, hole_card: ['S3', 'HT']
Started the round 14
Street "preflop" started. (community card = [])
name: b10902134, hole_card: ['H9', 'DQ']
name: b10902103, hole_card: ['S3', 'HT']
"b10902134" declared "call:10"
name: b10902134, hole_card: ['H9', 'DQ']
name: b10902103, hole_card: ['S3', 'HT']
"b10902103" declared "fold:0"
"['b10902134']" won the round 14 (stack = {'b10902134': 135.0, 'b10902103': 1865})
community cards of this round: ['C7', 'C9', 'HA', 'S5', 'CK']
name: b10902134, hole_card: ['DQ', 'S4']
name: b10902103, hole_card: ['SJ', 'CA']
Started the round 15
Street "preflop" started. (community card = [])
name: b10902134, hole_card: ['DQ', 'S4']
name: b10902103, hole_card: ['SJ', 'CA']
"b10902103" declared "fold:0"
"['b10902134']" won the round 15 (stack = {'b10902134': 140.0, 'b10902103': 1860})
community cards of this round: ['S9', 'C6', 'H5', 'D7', 'ST']
name: b10902134, hole_card: ['DT', 'C4']
name: b10902103, hole_card: ['H3', 'S6']
Started the round 16
Street "preflop" started. (community card = [])
name: b10902134, hole_card: ['DT', 'C4']
name: b10902103, hole_card: ['H3', 'S6']
"b10902134" declared "call:10"
name: b10902134, hole_card: ['DT', 'C4']
name: b10902103, hole_card: ['H3', 'S6']
"b10902103" declared "fold:0"
"['b10902134']" won the round 16 (stack = {'b10902134': 150.0, 'b10902103': 1850})
community cards of this round: ['C7', 'D9', 'HT', 'CK', 'CJ']
name: b10902134, hole_card: ['S7', 'H4']
name: b10902103, hole_card: ['D6', 'H7']
Started the round 17
Street "preflop" started. (community card = [])
name: b10902134, hole_card: ['S7', 'H4']
name: b10902103, hole_card: ['D6', 'H7']
"b10902103" declared "fold:0"
"['b10902134']" won the round 17 (stack = {'b10902134': 155.0, 'b10902103': 1845})
community cards of this round: ['C6', 'H4', 'H9', 'S8', 'H6']
name: b10902134, hole_card: ['SK', 'DJ']
name: b10902103, hole_card: ['C3', 'H2']
Started the round 18
Street "preflop" started. (community card = [])
name: b10902134, hole_card: ['SK', 'DJ']
name: b10902103, hole_card: ['C3', 'H2']
"b10902134" declared "raise:15"
name: b10902134, hole_card: ['SK', 'DJ']
name: b10902103, hole_card: ['C3', 'H2']
"b10902103" declared "fold:0"
"['b10902134']" won the round 18 (stack = {'b10902134': 165.0, 'b10902103': 1835})
community cards of this round: ['H7', 'C4', 'H9', 'D6', 'C8']
name: b10902134, hole_card: ['C5', 'H6']
name: b10902103, hole_card: ['C7', 'HT']
Started the round 19
Street "preflop" started. (community card = [])
name: b10902134, hole_card: ['C5', 'H6']
name: b10902103, hole_card: ['C7', 'HT']
"b10902103" declared "fold:0"
"['b10902134']" won the round 19 (stack = {'b10902134': 170.0, 'b10902103': 1830})
community cards of this round: ['H8', 'C5', 'D5', 'HJ', 'S8']
name: b10902134, hole_card: ['CJ', 'CQ']
name: b10902103, hole_card: ['S3', 'S9']
Started the round 20
Street "preflop" started. (community card = [])
name: b10902134, hole_card: ['CJ', 'CQ']
name: b10902103, hole_card: ['S3', 'S9']
"b10902134" declared "raise:170.0"
name: b10902134, hole_card: ['CJ', 'CQ']
name: b10902103, hole_card: ['S3', 'S9']
"b10902103" declared "fold:0"
"['b10902134']" won the round 20 (stack = {'b10902134': 180.0, 'b10902103': 1820})
b10902134 vs b10902103 - Game 2: {'rule': {'initial_stack': 1000, 'max_round': 20, 'small_blind_amount': 5, 'ante': 0, 'blind_structure': {}}, 'players': [{'name': 'b10902134', 'uuid': 'dnvdzxxfperzljwyvjqowj', 'stack': 180.0, 'state': 'participating'}, {'name': 'b10902103', 'uuid': 'txpwgilbuihsmyajvbcdwk', 'stack': 1820, 'state': 'participating'}]}
community cards of this round: ['DQ', 'HJ', 'CQ', 'C5', 'C9']
name: b10902103, hole_card: ['C8', 'H8']
name: b10902134, hole_card: ['C7', 'D4']
Started the round 1
Street "preflop" started. (community card = [])
name: b10902103, hole_card: ['C8', 'H8']
name: b10902134, hole_card: ['C7', 'D4']
"b10902134" declared "fold:0"
"['b10902103']" won the round 1 (stack = {'b10902103': 1005, 'b10902134': 995})
community cards of this round: ['S3', 'D9', 'SJ', 'D7', 'SQ']
name: b10902103, hole_card: ['HJ', 'S2']
name: b10902134, hole_card: ['H3', 'H9']
Started the round 2
Street "preflop" started. (community card = [])
name: b10902103, hole_card: ['HJ', 'S2']
name: b10902134, hole_card: ['H3', 'H9']
"b10902103" declared "call:10"
name: b10902103, hole_card: ['HJ', 'S2']
name: b10902134, hole_card: ['H3', 'H9']
"b10902134" declared "call:10"
Street "flop" started. (community card = ['S3', 'D9', 'SJ'])
name: b10902103, hole_card: ['HJ', 'S2']
name: b10902134, hole_card: ['H3', 'H9']
"b10902103" declared "raise:140"
name: b10902103, hole_card: ['HJ', 'S2']
name: b10902134, hole_card: ['H3', 'H9']
"b10902134" declared "raise:750.0"
name: b10902103, hole_card: ['HJ', 'S2']
name: b10902134, hole_card: ['H3', 'H9']
"b10902103" declared "call:750.0"
Street "turn" started. (community card = ['S3', 'D9', 'SJ', 'D7'])
name: b10902103, hole_card: ['HJ', 'S2']
name: b10902134, hole_card: ['H3', 'H9']
"b10902103" declared "raise:245.0"
name: b10902103, hole_card: ['HJ', 'S2']
name: b10902134, hole_card: ['H3', 'H9']
"b10902134" declared "raise:-1.0", Invalid action. Treat as fold...
"['b10902103']" won the round 2 (stack = {'b10902103': 1765.0, 'b10902134': 235.0})
community cards of this round: ['S6', 'H7', 'D6', 'DA', 'H4']
name: b10902103, hole_card: ['C8', 'C5']
name: b10902134, hole_card: ['S5', 'D5']
Started the round 3
Street "preflop" started. (community card = [])
name: b10902103, hole_card: ['C8', 'C5']
name: b10902134, hole_card: ['S5', 'D5']
"b10902134" declared "call:10"
name: b10902103, hole_card: ['C8', 'C5']
name: b10902134, hole_card: ['S5', 'D5']
"b10902103" declared "fold:0"
"['b10902134']" won the round 3 (stack = {'b10902103': 1755.0, 'b10902134': 245.0})
community cards of this round: ['DK', 'HA', 'CJ', 'HQ', 'D9']
name: b10902103, hole_card: ['S4', 'D3']
name: b10902134, hole_card: ['C4', 'CK']
Started the round 4
Street "preflop" started. (community card = [])
name: b10902103, hole_card: ['S4', 'D3']
name: b10902134, hole_card: ['C4', 'CK']
"b10902103" declared "fold:0"
"['b10902134']" won the round 4 (stack = {'b10902103': 1750.0, 'b10902134': 250.0})
community cards of this round: ['D5', 'CJ', 'CQ', 'S7', 'CA']
name: b10902103, hole_card: ['C3', 'C8']
name: b10902134, hole_card: ['DK', 'HA']
Started the round 5
Street "preflop" started. (community card = [])
name: b10902103, hole_card: ['C3', 'C8']
name: b10902134, hole_card: ['DK', 'HA']
"b10902134" declared "call:10"
name: b10902103, hole_card: ['C3', 'C8']
name: b10902134, hole_card: ['DK', 'HA']
"b10902103" declared "fold:0"
"['b10902134']" won the round 5 (stack = {'b10902103': 1740.0, 'b10902134': 260.0})
community cards of this round: ['H4', 'D7', 'HA', 'S6', 'HJ']
name: b10902103, hole_card: ['D9', 'D3']
name: b10902134, hole_card: ['C8', 'S5']
Started the round 6
Street "preflop" started. (community card = [])
name: b10902103, hole_card: ['D9', 'D3']
name: b10902134, hole_card: ['C8', 'S5']
"b10902103" declared "fold:0"
"['b10902134']" won the round 6 (stack = {'b10902103': 1735.0, 'b10902134': 265.0})
community cards of this round: ['C9', 'D9', 'C3', 'SJ', 'C4']
name: b10902103, hole_card: ['C2', 'D2']
name: b10902134, hole_card: ['S4', 'H9']
Started the round 7
Street "preflop" started. (community card = [])
name: b10902103, hole_card: ['C2', 'D2']
name: b10902134, hole_card: ['S4', 'H9']
"b10902134" declared "fold:0"
"['b10902103']" won the round 7 (stack = {'b10902103': 1740.0, 'b10902134': 260.0})
community cards of this round: ['D3', 'CT', 'D2', 'C5', 'DA']
name: b10902103, hole_card: ['H2', 'S5']
name: b10902134, hole_card: ['SQ', 'H4']
Started the round 8
Street "preflop" started. (community card = [])
name: b10902103, hole_card: ['H2', 'S5']
name: b10902134, hole_card: ['SQ', 'H4']
"b10902103" declared "fold:0"
"['b10902134']" won the round 8 (stack = {'b10902103': 1735.0, 'b10902134': 265.0})
community cards of this round: ['D9', 'D7', 'C3', 'SK', 'S3']
name: b10902103, hole_card: ['DQ', 'H4']
name: b10902134, hole_card: ['CK', 'SA']
Started the round 9
Street "preflop" started. (community card = [])
name: b10902103, hole_card: ['DQ', 'H4']
name: b10902134, hole_card: ['CK', 'SA']
"b10902134" declared "call:10"
name: b10902103, hole_card: ['DQ', 'H4']
name: b10902134, hole_card: ['CK', 'SA']
"b10902103" declared "fold:0"
"['b10902134']" won the round 9 (stack = {'b10902103': 1725.0, 'b10902134': 275.0})
community cards of this round: ['D5', 'C4', 'C7', 'S5', 'D6']
name: b10902103, hole_card: ['HK', 'C5']
name: b10902134, hole_card: ['SQ', 'D9']
Started the round 10
Street "preflop" started. (community card = [])
name: b10902103, hole_card: ['HK', 'C5']
name: b10902134, hole_card: ['SQ', 'D9']
"b10902103" declared "fold:0"
"['b10902134']" won the round 10 (stack = {'b10902103': 1720.0, 'b10902134': 280.0})
community cards of this round: ['S4', 'H8', 'DA', 'C6', 'SA']
name: b10902103, hole_card: ['SQ', 'D3']
name: b10902134, hole_card: ['HJ', 'CA']
Started the round 11
Street "preflop" started. (community card = [])
name: b10902103, hole_card: ['SQ', 'D3']
name: b10902134, hole_card: ['HJ', 'CA']
"b10902134" declared "call:10"
name: b10902103, hole_card: ['SQ', 'D3']
name: b10902134, hole_card: ['HJ', 'CA']
"b10902103" declared "fold:0"
"['b10902134']" won the round 11 (stack = {'b10902103': 1710.0, 'b10902134': 290.0})
community cards of this round: ['D4', 'DT', 'SA', 'S7', 'HK']
name: b10902103, hole_card: ['S9', 'C2']
name: b10902134, hole_card: ['S8', 'C3']
Started the round 12
Street "preflop" started. (community card = [])
name: b10902103, hole_card: ['S9', 'C2']
name: b10902134, hole_card: ['S8', 'C3']
"b10902103" declared "fold:0"
"['b10902134']" won the round 12 (stack = {'b10902103': 1705.0, 'b10902134': 295.0})
community cards of this round: ['H8', 'D5', 'S5', 'CK', 'H7']
name: b10902103, hole_card: ['C9', 'D4']
name: b10902134, hole_card: ['SA', 'HQ']
Started the round 13
Street "preflop" started. (community card = [])
name: b10902103, hole_card: ['C9', 'D4']
name: b10902134, hole_card: ['SA', 'HQ']
"b10902134" declared "call:10"
name: b10902103, hole_card: ['C9', 'D4']
name: b10902134, hole_card: ['SA', 'HQ']
"b10902103" declared "fold:0"
"['b10902134']" won the round 13 (stack = {'b10902103': 1695.0, 'b10902134': 305.0})
community cards of this round: ['HA', 'HJ', 'S3', 'H9', 'H2']
name: b10902103, hole_card: ['CT', 'D8']
name: b10902134, hole_card: ['S8', 'C9']
Started the round 14
Street "preflop" started. (community card = [])
name: b10902103, hole_card: ['CT', 'D8']
name: b10902134, hole_card: ['S8', 'C9']
"b10902103" declared "fold:0"
"['b10902134']" won the round 14 (stack = {'b10902103': 1690.0, 'b10902134': 310.0})
community cards of this round: ['D9', 'H2', 'D7', 'DT', 'H3']
name: b10902103, hole_card: ['CJ', 'D8']
name: b10902134, hole_card: ['D3', 'SJ']
Started the round 15
Street "preflop" started. (community card = [])
name: b10902103, hole_card: ['CJ', 'D8']
name: b10902134, hole_card: ['D3', 'SJ']
"b10902134" declared "call:10"
name: b10902103, hole_card: ['CJ', 'D8']
name: b10902134, hole_card: ['D3', 'SJ']
"b10902103" declared "fold:0"
"['b10902134']" won the round 15 (stack = {'b10902103': 1680.0, 'b10902134': 320.0})
community cards of this round: ['H6', 'C4', 'CA', 'CQ', 'H4']
name: b10902103, hole_card: ['DQ', 'CT']
name: b10902134, hole_card: ['C7', 'D5']
Started the round 16
Street "preflop" started. (community card = [])
name: b10902103, hole_card: ['DQ', 'CT']
name: b10902134, hole_card: ['C7', 'D5']
"b10902103" declared "fold:0"
"['b10902134']" won the round 16 (stack = {'b10902103': 1675.0, 'b10902134': 325.0})
community cards of this round: ['SJ', 'H6', 'S6', 'C9', 'D5']
name: b10902103, hole_card: ['DK', 'D3']
name: b10902134, hole_card: ['S5', 'CK']
Started the round 17
Street "preflop" started. (community card = [])
name: b10902103, hole_card: ['DK', 'D3']
name: b10902134, hole_card: ['S5', 'CK']
"b10902134" declared "raise:15"
name: b10902103, hole_card: ['DK', 'D3']
name: b10902134, hole_card: ['S5', 'CK']
"b10902103" declared "fold:0"
"['b10902134']" won the round 17 (stack = {'b10902103': 1665.0, 'b10902134': 335.0})
community cards of this round: ['C8', 'HA', 'C4', 'DA', 'H9']
name: b10902103, hole_card: ['DQ', 'D2']
name: b10902134, hole_card: ['D6', 'D9']
Started the round 18
Street "preflop" started. (community card = [])
name: b10902103, hole_card: ['DQ', 'D2']
name: b10902134, hole_card: ['D6', 'D9']
"b10902103" declared "fold:0"
"['b10902134']" won the round 18 (stack = {'b10902103': 1660.0, 'b10902134': 340.0})
community cards of this round: ['C9', 'S7', 'H8', 'SQ', 'C8']
name: b10902103, hole_card: ['DA', 'HK']
name: b10902134, hole_card: ['H6', 'HJ']
Started the round 19
Street "preflop" started. (community card = [])
name: b10902103, hole_card: ['DA', 'HK']
name: b10902134, hole_card: ['H6', 'HJ']
"b10902134" declared "raise:340.0"
name: b10902103, hole_card: ['DA', 'HK']
name: b10902134, hole_card: ['H6', 'HJ']
"b10902103" declared "fold:0"
"['b10902134']" won the round 19 (stack = {'b10902103': 1650.0, 'b10902134': 350.0})
community cards of this round: ['S3', 'HQ', 'CA', 'S4', 'S5']
name: b10902103, hole_card: ['CJ', 'DJ']
name: b10902134, hole_card: ['D5', 'C2']
Started the round 20
Street "preflop" started. (community card = [])
name: b10902103, hole_card: ['CJ', 'DJ']
name: b10902134, hole_card: ['D5', 'C2']
"b10902103" declared "fold:0"
"['b10902134']" won the round 20 (stack = {'b10902103': 1645.0, 'b10902134': 355.0})
b10902134 vs b10902103 - Game 3: {'rule': {'initial_stack': 1000, 'max_round': 20, 'small_blind_amount': 5, 'ante': 0, 'blind_structure': {}}, 'players': [{'name': 'b10902103', 'uuid': 'exwzbfmxgcxrklzalqdruh', 'stack': 1645.0, 'state': 'participating'}, {'name': 'b10902134', 'uuid': 'mbxqkxfczqfcuobzjtvyti', 'stack': 355.0, 'state': 'participating'}]}
community cards of this round: ['DQ', 'HJ', 'CQ', 'C5', 'C9']
name: b10902134, hole_card: ['C8', 'H8']
name: b10902103, hole_card: ['C7', 'D4']
Started the round 1
Street "preflop" started. (community card = [])
name: b10902134, hole_card: ['C8', 'H8']
name: b10902103, hole_card: ['C7', 'D4']
"b10902103" declared "call:10"
name: b10902134, hole_card: ['C8', 'H8']
name: b10902103, hole_card: ['C7', 'D4']
"b10902134" declared "call:10"
Street "flop" started. (community card = ['DQ', 'HJ', 'CQ'])
name: b10902134, hole_card: ['C8', 'H8']
name: b10902103, hole_card: ['C7', 'D4']
"b10902103" declared "call:0"
name: b10902134, hole_card: ['C8', 'H8']
name: b10902103, hole_card: ['C7', 'D4']
"b10902134" declared "call:0"
Street "turn" started. (community card = ['DQ', 'HJ', 'CQ', 'C5'])
name: b10902134, hole_card: ['C8', 'H8']
name: b10902103, hole_card: ['C7', 'D4']
"b10902103" declared "call:0"
name: b10902134, hole_card: ['C8', 'H8']
name: b10902103, hole_card: ['C7', 'D4']
"b10902134" declared "call:0"
Street "river" started. (community card = ['DQ', 'HJ', 'CQ', 'C5', 'C9'])
name: b10902134, hole_card: ['C8', 'H8']
name: b10902103, hole_card: ['C7', 'D4']
"b10902103" declared "call:0"
name: b10902134, hole_card: ['C8', 'H8']
name: b10902103, hole_card: ['C7', 'D4']
"b10902134" declared "call:0"
"['b10902134']" won the round 1 (stack = {'b10902134': 1010, 'b10902103': 990})
community cards of this round: ['S3', 'D9', 'SJ', 'D7', 'SQ']
name: b10902134, hole_card: ['HJ', 'S2']
name: b10902103, hole_card: ['H3', 'H9']
Started the round 2
Street "preflop" started. (community card = [])
name: b10902134, hole_card: ['HJ', 'S2']
name: b10902103, hole_card: ['H3', 'H9']
"b10902134" declared "call:10"
name: b10902134, hole_card: ['HJ', 'S2']
name: b10902103, hole_card: ['H3', 'H9']
"b10902103" declared "call:10"
Street "flop" started. (community card = ['S3', 'D9', 'SJ'])
name: b10902134, hole_card: ['HJ', 'S2']
name: b10902103, hole_card: ['H3', 'H9']
"b10902134" declared "raise:670.0"
name: b10902134, hole_card: ['HJ', 'S2']
name: b10902103, hole_card: ['H3', 'H9']
"b10902103" declared "call:670.0"
Street "turn" started. (community card = ['S3', 'D9', 'SJ', 'D7'])
name: b10902134, hole_card: ['HJ', 'S2']
name: b10902103, hole_card: ['H3', 'H9']
"b10902134" declared "raise:223.33333333333334"
name: b10902134, hole_card: ['HJ', 'S2']
name: b10902103, hole_card: ['H3', 'H9']
"b10902103" declared "call:223.33333333333334"
Street "river" started. (community card = ['S3', 'D9', 'SJ', 'D7', 'SQ'])
name: b10902134, hole_card: ['HJ', 'S2']
name: b10902103, hole_card: ['H3', 'H9']
"b10902134" declared "call:0"
name: b10902134, hole_card: ['HJ', 'S2']
name: b10902103, hole_card: ['H3', 'H9']
"b10902103" declared "raise:86.66666666666666"
name: b10902134, hole_card: ['HJ', 'S2']
name: b10902103, hole_card: ['H3', 'H9']
"b10902134" declared "call:86.66666666666666"
"['b10902103']" won the round 2 (stack = {'b10902134': 20.0, 'b10902103': 1980.0})
community cards of this round: ['S6', 'H7', 'D6', 'DA', 'H4']
name: b10902134, hole_card: ['C8', 'C5']
name: b10902103, hole_card: ['S5', 'D5']
Started the round 3
Street "preflop" started. (community card = [])
name: b10902134, hole_card: ['C8', 'C5']
name: b10902103, hole_card: ['S5', 'D5']
"b10902103" declared "fold:0"
"['b10902134']" won the round 3 (stack = {'b10902134': 25.0, 'b10902103': 1975.0})
community cards of this round: ['DK', 'HA', 'CJ', 'HQ', 'D9']
name: b10902134, hole_card: ['S4', 'D3']
name: b10902103, hole_card: ['C4', 'CK']
Started the round 4
Street "preflop" started. (community card = [])
name: b10902134, hole_card: ['S4', 'D3']
name: b10902103, hole_card: ['C4', 'CK']
"b10902134" declared "fold:0"
"['b10902103']" won the round 4 (stack = {'b10902134': 20.0, 'b10902103': 1980.0})
community cards of this round: ['D5', 'CJ', 'CQ', 'S7', 'CA']
name: b10902134, hole_card: ['C3', 'C8']
name: b10902103, hole_card: ['DK', 'HA']
Started the round 5
Street "preflop" started. (community card = [])
name: b10902134, hole_card: ['C3', 'C8']
name: b10902103, hole_card: ['DK', 'HA']
"b10902103" declared "fold:0"
"['b10902134']" won the round 5 (stack = {'b10902134': 25.0, 'b10902103': 1975.0})
community cards of this round: ['H4', 'D7', 'HA', 'S6', 'HJ']
name: b10902134, hole_card: ['D9', 'D3']
name: b10902103, hole_card: ['C8', 'S5']
Started the round 6
Street "preflop" started. (community card = [])
name: b10902134, hole_card: ['D9', 'D3']
name: b10902103, hole_card: ['C8', 'S5']
"b10902134" declared "call:10"
name: b10902134, hole_card: ['D9', 'D3']
name: b10902103, hole_card: ['C8', 'S5']
"b10902103" declared "fold:0"
"['b10902134']" won the round 6 (stack = {'b10902134': 35.0, 'b10902103': 1965.0})
community cards of this round: ['C9', 'D9', 'C3', 'SJ', 'C4']
name: b10902134, hole_card: ['C2', 'D2']
name: b10902103, hole_card: ['S4', 'H9']
Started the round 7
Street "preflop" started. (community card = [])
name: b10902134, hole_card: ['C2', 'D2']
name: b10902103, hole_card: ['S4', 'H9']
"b10902103" declared "fold:0"
"['b10902134']" won the round 7 (stack = {'b10902134': 40.0, 'b10902103': 1960.0})
community cards of this round: ['D3', 'CT', 'D2', 'C5', 'DA']
name: b10902134, hole_card: ['H2', 'S5']
name: b10902103, hole_card: ['SQ', 'H4']
Started the round 8
Street "preflop" started. (community card = [])
name: b10902134, hole_card: ['H2', 'S5']
name: b10902103, hole_card: ['SQ', 'H4']
"b10902134" declared "fold:0"
"['b10902103']" won the round 8 (stack = {'b10902134': 35.0, 'b10902103': 1965.0})
community cards of this round: ['D9', 'D7', 'C3', 'SK', 'S3']
name: b10902134, hole_card: ['DQ', 'H4']
name: b10902103, hole_card: ['CK', 'SA']
Started the round 9
Street "preflop" started. (community card = [])
name: b10902134, hole_card: ['DQ', 'H4']
name: b10902103, hole_card: ['CK', 'SA']
"b10902103" declared "fold:0"
"['b10902134']" won the round 9 (stack = {'b10902134': 40.0, 'b10902103': 1960.0})
community cards of this round: ['D5', 'C4', 'C7', 'S5', 'D6']
name: b10902134, hole_card: ['HK', 'C5']
name: b10902103, hole_card: ['SQ', 'D9']
Started the round 10
Street "preflop" started. (community card = [])
name: b10902134, hole_card: ['HK', 'C5']
name: b10902103, hole_card: ['SQ', 'D9']
"b10902134" declared "call:10"
name: b10902134, hole_card: ['HK', 'C5']
name: b10902103, hole_card: ['SQ', 'D9']
"b10902103" declared "fold:0"
"['b10902134']" won the round 10 (stack = {'b10902134': 50.0, 'b10902103': 1950.0})
community cards of this round: ['S4', 'H8', 'DA', 'C6', 'SA']
name: b10902134, hole_card: ['SQ', 'D3']
name: b10902103, hole_card: ['HJ', 'CA']
Started the round 11
Street "preflop" started. (community card = [])
name: b10902134, hole_card: ['SQ', 'D3']
name: b10902103, hole_card: ['HJ', 'CA']
"b10902103" declared "fold:0"
"['b10902134']" won the round 11 (stack = {'b10902134': 55.0, 'b10902103': 1945.0})
community cards of this round: ['D4', 'DT', 'SA', 'S7', 'HK']
name: b10902134, hole_card: ['S9', 'C2']
name: b10902103, hole_card: ['S8', 'C3']
Started the round 12
Street "preflop" started. (community card = [])
name: b10902134, hole_card: ['S9', 'C2']
name: b10902103, hole_card: ['S8', 'C3']
"b10902134" declared "fold:0"
"['b10902103']" won the round 12 (stack = {'b10902134': 50.0, 'b10902103': 1950.0})
community cards of this round: ['H8', 'D5', 'S5', 'CK', 'H7']
name: b10902134, hole_card: ['C9', 'D4']
name: b10902103, hole_card: ['SA', 'HQ']
Started the round 13
Street "preflop" started. (community card = [])
name: b10902134, hole_card: ['C9', 'D4']
name: b10902103, hole_card: ['SA', 'HQ']
"b10902103" declared "fold:0"
"['b10902134']" won the round 13 (stack = {'b10902134': 55.0, 'b10902103': 1945.0})
community cards of this round: ['HA', 'HJ', 'S3', 'H9', 'H2']
name: b10902134, hole_card: ['CT', 'D8']
name: b10902103, hole_card: ['S8', 'C9']
Started the round 14
Street "preflop" started. (community card = [])
name: b10902134, hole_card: ['CT', 'D8']
name: b10902103, hole_card: ['S8', 'C9']
"b10902134" declared "call:10"
name: b10902134, hole_card: ['CT', 'D8']
name: b10902103, hole_card: ['S8', 'C9']
"b10902103" declared "fold:0"
"['b10902134']" won the round 14 (stack = {'b10902134': 65.0, 'b10902103': 1935.0})
community cards of this round: ['D9', 'H2', 'D7', 'DT', 'H3']
name: b10902134, hole_card: ['CJ', 'D8']
name: b10902103, hole_card: ['D3', 'SJ']
Started the round 15
Street "preflop" started. (community card = [])
name: b10902134, hole_card: ['CJ', 'D8']
name: b10902103, hole_card: ['D3', 'SJ']
"b10902103" declared "fold:0"
"['b10902134']" won the round 15 (stack = {'b10902134': 70.0, 'b10902103': 1930.0})
community cards of this round: ['H6', 'C4', 'CA', 'CQ', 'H4']
name: b10902134, hole_card: ['DQ', 'CT']
name: b10902103, hole_card: ['C7', 'D5']
Started the round 16
Street "preflop" started. (community card = [])
name: b10902134, hole_card: ['DQ', 'CT']
name: b10902103, hole_card: ['C7', 'D5']
"b10902134" declared "call:10"
name: b10902134, hole_card: ['DQ', 'CT']
name: b10902103, hole_card: ['C7', 'D5']
"b10902103" declared "fold:0"
"['b10902134']" won the round 16 (stack = {'b10902134': 80.0, 'b10902103': 1920.0})
community cards of this round: ['SJ', 'H6', 'S6', 'C9', 'D5']
name: b10902134, hole_card: ['DK', 'D3']
name: b10902103, hole_card: ['S5', 'CK']
Started the round 17
Street "preflop" started. (community card = [])
name: b10902134, hole_card: ['DK', 'D3']
name: b10902103, hole_card: ['S5', 'CK']
"b10902103" declared "fold:0"
"['b10902134']" won the round 17 (stack = {'b10902134': 85.0, 'b10902103': 1915.0})
community cards of this round: ['C8', 'HA', 'C4', 'DA', 'H9']
name: b10902134, hole_card: ['DQ', 'D2']
name: b10902103, hole_card: ['D6', 'D9']
Started the round 18
Street "preflop" started. (community card = [])
name: b10902134, hole_card: ['DQ', 'D2']
name: b10902103, hole_card: ['D6', 'D9']
"b10902134" declared "raise:15"
name: b10902134, hole_card: ['DQ', 'D2']
name: b10902103, hole_card: ['D6', 'D9']
"b10902103" declared "fold:0"
"['b10902134']" won the round 18 (stack = {'b10902134': 95.0, 'b10902103': 1905.0})
community cards of this round: ['C9', 'S7', 'H8', 'SQ', 'C8']
name: b10902134, hole_card: ['DA', 'HK']
name: b10902103, hole_card: ['H6', 'HJ']
Started the round 19
Street "preflop" started. (community card = [])
name: b10902134, hole_card: ['DA', 'HK']
name: b10902103, hole_card: ['H6', 'HJ']
"b10902103" declared "fold:0"
"['b10902134']" won the round 19 (stack = {'b10902134': 100.0, 'b10902103': 1900.0})
community cards of this round: ['S3', 'HQ', 'CA', 'S4', 'S5']
name: b10902134, hole_card: ['CJ', 'DJ']
name: b10902103, hole_card: ['D5', 'C2']
Started the round 20
Street "preflop" started. (community card = [])
name: b10902134, hole_card: ['CJ', 'DJ']
name: b10902103, hole_card: ['D5', 'C2']
"b10902134" declared "raise:100.0"
name: b10902134, hole_card: ['CJ', 'DJ']
name: b10902103, hole_card: ['D5', 'C2']
"b10902103" declared "fold:0"
"['b10902134']" won the round 20 (stack = {'b10902134': 110.0, 'b10902103': 1890.0})
b10902134 vs b10902103 - Game 4: {'rule': {'initial_stack': 1000, 'max_round': 20, 'small_blind_amount': 5, 'ante': 0, 'blind_structure': {}}, 'players': [{'name': 'b10902134', 'uuid': 'ekfpqldcqrqguydwuuoixi', 'stack': 110.0, 'state': 'participating'}, {'name': 'b10902103', 'uuid': 'bkamgkkwrlvjurznxgvsje', 'stack': 1890.0, 'state': 'participating'}]}
community cards of this round: ['S3', 'D8', 'DT', 'D7', 'S6']
name: b10902103, hole_card: ['HJ', 'DQ']
name: b10902134, hole_card: ['SJ', 'S7']
Started the round 1
Street "preflop" started. (community card = [])
name: b10902103, hole_card: ['HJ', 'DQ']
name: b10902134, hole_card: ['SJ', 'S7']
"b10902134" declared "call:10"
name: b10902103, hole_card: ['HJ', 'DQ']
name: b10902134, hole_card: ['SJ', 'S7']
"b10902103" declared "call:10"
Street "flop" started. (community card = ['S3', 'D8', 'DT'])
name: b10902103, hole_card: ['HJ', 'DQ']
name: b10902134, hole_card: ['SJ', 'S7']
"b10902134" declared "call:0"
name: b10902103, hole_card: ['HJ', 'DQ']
name: b10902134, hole_card: ['SJ', 'S7']
"b10902103" declared "call:0"
Street "turn" started. (community card = ['S3', 'D8', 'DT', 'D7'])
name: b10902103, hole_card: ['HJ', 'DQ']
name: b10902134, hole_card: ['SJ', 'S7']
"b10902134" declared "call:0"
name: b10902103, hole_card: ['HJ', 'DQ']
name: b10902134, hole_card: ['SJ', 'S7']
"b10902103" declared "call:0"
Street "river" started. (community card = ['S3', 'D8', 'DT', 'D7', 'S6'])
name: b10902103, hole_card: ['HJ', 'DQ']
name: b10902134, hole_card: ['SJ', 'S7']
"b10902134" declared "call:0"
name: b10902103, hole_card: ['HJ', 'DQ']
name: b10902134, hole_card: ['SJ', 'S7']
"b10902103" declared "call:0"
"['b10902134']" won the round 1 (stack = {'b10902103': 990, 'b10902134': 1010})
my_amount:10 hole_card:['HA', 'CK'] community_card:['S4', 'C2', 'H7', 'SQ', 'CJ']
pot_size:180 call_amount:160 call_prof:0.47058823529411764

win_rate:0.4713333333333333 my_amount:0 hole_card:['HJ', 'C5'] community_card:[]
pot_size:20 call_amount:10 call_prof:0.3333333333333333

win_rate:0.4766666666666667 my_amount:10 hole_card:['HJ', 'C5'] community_card:['SA', 'SK', 'HA']
pot_size:20 call_amount:0 call_prof:0.0

win_rate:0.5306666666666666 my_amount:10 hole_card:['HJ', 'C5'] community_card:['SA', 'SK', 'HA', 'DA']
pot_size:20 call_amount:0 call_prof:0.0

win_rate:0.43866666666666665 my_amount:10 hole_card:['HJ', 'C5'] community_card:['SA', 'SK', 'HA', 'DA', 'S4']
pot_size:20 call_amount:0 call_prof:0.0

win_rate:0.436 my_amount:0 hole_card:['H9', 'S5'] community_card:[]
pot_size:15 call_amount:10 call_prof:0.4

win_rate:0.282 my_amount:10 hole_card:['H9', 'S5'] community_card:['S2', 'D4', 'C4']
pot_size:20 call_amount:0 call_prof:0.0

win_rate:0.21133333333333335 my_amount:10 hole_card:['H9', 'S5'] community_card:['S2', 'D4', 'C4', 'C2']
pot_size:20 call_amount:0 call_prof:0.0

win_rate:0.14133333333333334 my_amount:10 hole_card:['H9', 'S5'] community_card:['S2', 'D4', 'C4', 'C2', 'CA']
pot_size:20 call_amount:0 call_prof:0.0

win_rate:0.568 my_amount:0 hole_card:['HA', 'C5'] community_card:[]
pot_size:20 call_amount:10 call_prof:0.3333333333333333

win_rate:0.5026666666666667 my_amount:10 hole_card:['HA', 'C5'] community_card:['CQ', 'S7', 'CK']
pot_size:170 call_amount:150 call_prof:0.46875

win_rate:0.42533333333333334 my_amount:160 hole_card:['HA', 'C5'] community_card:['CQ', 'S7', 'CK', 'HT']
pot_size:1120 call_amount:800 call_prof:0.4166666666666667

win_rate:0.6906666666666667 my_amount:0 hole_card:['HK', 'HA'] community_card:[]
pot_size:15 call_amount:10 call_prof:0.4

win_rate:0.5526666666666666 my_amount:0 hole_card:['C2', 'CA'] community_card:[]
pot_size:15 call_amount:10 call_prof:0.4

win_rate:0.5286666666666666 my_amount:0 hole_card:['D8', 'CJ'] community_card:[]
pot_size:15 call_amount:10 call_prof:0.4

win_rate:0.5353333333333333 my_amount:0 hole_card:['H9', 'DQ'] community_card:[]
pot_size:15 call_amount:10 call_prof:0.4

win_rate:0.43666666666666665 my_amount:0 hole_card:['DT', 'C4'] community_card:[]
pot_size:15 call_amount:10 call_prof:0.4

win_rate:0.6233333333333333 my_amount:0 hole_card:['SK', 'DJ'] community_card:[]
pot_size:15 call_amount:10 call_prof:0.4

win_rate:0.622 my_amount:0 hole_card:['CJ', 'CQ'] community_card:[]
pot_size:15 call_amount:10 call_prof:0.4

win_rate:0.37733333333333335 my_amount:0 hole_card:['C7', 'D4'] community_card:[]
pot_size:15 call_amount:10 call_prof:0.4

win_rate:0.432 my_amount:0 hole_card:['H3', 'H9'] community_card:[]
pot_size:20 call_amount:10 call_prof:0.3333333333333333

win_rate:0.836 my_amount:10 hole_card:['H3', 'H9'] community_card:['S3', 'D9', 'SJ']
pot_size:160 call_amount:140 call_prof:0.4666666666666667

win_rate:0.8306666666666667 my_amount:760.0 hole_card:['H3', 'H9'] community_card:['S3', 'D9', 'SJ', 'D7']
pot_size:1765.0 call_amount:245.0 call_prof:0.12189054726368159

win_rate:0.5893333333333334 my_amount:0 hole_card:['S5', 'D5'] community_card:[]
pot_size:15 call_amount:10 call_prof:0.4

win_rate:0.652 my_amount:0 hole_card:['DK', 'HA'] community_card:[]
pot_size:15 call_amount:10 call_prof:0.4

win_rate:0.3973333333333333 my_amount:0 hole_card:['S4', 'H9'] community_card:[]
pot_size:15 call_amount:10 call_prof:0.4

win_rate:0.6633333333333333 my_amount:0 hole_card:['CK', 'SA'] community_card:[]
pot_size:15 call_amount:10 call_prof:0.4

win_rate:0.6333333333333333 my_amount:0 hole_card:['HJ', 'CA'] community_card:[]
pot_size:15 call_amount:10 call_prof:0.4

win_rate:0.654 my_amount:0 hole_card:['SA', 'HQ'] community_card:[]
pot_size:15 call_amount:10 call_prof:0.4

win_rate:0.4513333333333333 my_amount:0 hole_card:['D3', 'SJ'] community_card:[]
pot_size:15 call_amount:10 call_prof:0.4

win_rate:0.544 my_amount:0 hole_card:['S5', 'CK'] community_card:[]
pot_size:15 call_amount:10 call_prof:0.4

win_rate:0.5173333333333333 my_amount:0 hole_card:['H6', 'HJ'] community_card:[]
pot_size:15 call_amount:10 call_prof:0.4

win_rate:0.6973333333333334 my_amount:0 hole_card:['C8', 'H8'] community_card:[]
pot_size:20 call_amount:10 call_prof:0.3333333333333333

win_rate:0.6326666666666667 my_amount:10 hole_card:['C8', 'H8'] community_card:['DQ', 'HJ', 'CQ']
pot_size:20 call_amount:0 call_prof:0.0

win_rate:0.6666666666666666 my_amount:10 hole_card:['C8', 'H8'] community_card:['DQ', 'HJ', 'CQ', 'C5']
pot_size:20 call_amount:0 call_prof:0.0

win_rate:0.5953333333333334 my_amount:10 hole_card:['C8', 'H8'] community_card:['DQ', 'HJ', 'CQ', 'C5', 'C9']
pot_size:20 call_amount:0 call_prof:0.0

win_rate:0.4186666666666667 my_amount:0 hole_card:['HJ', 'S2'] community_card:[]
pot_size:15 call_amount:10 call_prof:0.4

win_rate:0.7613333333333333 my_amount:10 hole_card:['HJ', 'S2'] community_card:['S3', 'D9', 'SJ']
pot_size:20 call_amount:0 call_prof:0.0

win_rate:0.7726666666666666 my_amount:680.0 hole_card:['HJ', 'S2'] community_card:['S3', 'D9', 'SJ', 'D7']
pot_size:1360.0 call_amount:0 call_prof:0.0

win_rate:0.6906666666666667 my_amount:903.3333333333334 hole_card:['HJ', 'S2'] community_card:['S3', 'D9', 'SJ', 'D7', 'SQ']
pot_size:1806.6666666666667 call_amount:0 call_prof:0.0

win_rate:0.702 my_amount:903.3333333333334 hole_card:['HJ', 'S2'] community_card:['S3', 'D9', 'SJ', 'D7', 'SQ']
pot_size:1893.3333333333335 call_amount:86.66666666666666 call_prof:0.04377104377104376

win_rate:0.306 my_amount:0 hole_card:['S4', 'D3'] community_card:[]
pot_size:15 call_amount:10 call_prof:0.4

win_rate:0.44133333333333336 my_amount:0 hole_card:['D9', 'D3'] community_card:[]
pot_size:15 call_amount:10 call_prof:0.4

win_rate:0.316 my_amount:0 hole_card:['H2', 'S5'] community_card:[]
pot_size:15 call_amount:10 call_prof:0.4

win_rate:0.5206666666666667 my_amount:0 hole_card:['HK', 'C5'] community_card:[]
pot_size:15 call_amount:10 call_prof:0.4

win_rate:0.3973333333333333 my_amount:0 hole_card:['S9', 'C2'] community_card:[]
pot_size:15 call_amount:10 call_prof:0.4

win_rate:0.5326666666666666 my_amount:0 hole_card:['CT', 'D8'] community_card:[]
pot_size:15 call_amount:10 call_prof:0.4

win_rate:0.57 my_amount:0 hole_card:['DQ', 'CT'] community_card:[]
pot_size:15 call_amount:10 call_prof:0.4

win_rate:0.5093333333333333 my_amount:0 hole_card:['DQ', 'D2'] community_card:[]
pot_size:15 call_amount:10 call_prof:0.4

win_rate:0.7826666666666666 my_amount:0 hole_card:['CJ', 'DJ'] community_card:[]
pot_size:15 call_amount:10 call_prof:0.4

win_rate:0.5206666666666667 my_amount:0 hole_card:['SJ', 'S7'] community_card:[]
pot_size:15 call_amount:10 call_prof:0.4

win_rate:0.42933333333333334 my_amount:10 hole_card:['SJ', 'S7'] community_card:['S3', 'D8', 'DT']
pot_size:20 call_amount:0 call_prof:0.0

win_rate:0.5973333333333334 my_amount:10 hole_card:['SJ', 'S7'] community_card:['S3', 'D8', 'DT', 'D7']
pot_size:20 call_amount:0 call_prof:0.0

win_rate:0.48933333333333334 my_amount:10 hole_card:['SJ', 'S7'] community_card:['S3', 'D8', 'DT', 'D7', 'S6']
pot_size:20 call_amount:0 call_prof:0.0

win_rate:0.492 my_amount:0 hole_card:['H6', 'H8'] community_card:[]
pot_size:20 call_amount:10 call_prof:0.3333333333333333

win_rate:0.5253333333333333 my_amount:10 hole_card:['H6', 'H8'] community_card:['H4', 'S4', 'HK']
pot_size:175 call_amount:155 call_prof:0.4696969696969697

win_rate:0.7226666666666667 my_amount:165 hole_card:['H6', 'H8'] community_card:['H4', 'S4', 'HK', 'D6']
pot_size:1155 call_amount:825 call_prof:0.4166666666666667

win_rate:0.54 my_amount:0 hole_card:['SK', 'D3'] community_card:[]
pot_size:15 call_amount:10 call_prof:0.4

win_rate:0.5946666666666667 my_amount:0 hole_card:['HK', 'D9'] community_card:[]
pot_size:15 call_amount:10 call_prof:0.4

win_rate:0.616 my_amount:0 hole_card:['H6', 'HA'] community_card:[]
pot_size:15 call_amount:10 call_prof:0.4

win_rate:0.3466666666666667 my_amount:0 hole_card:['D8', 'H2'] community_card:[]
pot_size:15 call_amount:10 call_prof:0.4

win_rate:0.6686666666666666 my_amount:0 hole_card:['SA', 'DK'] community_card:[]
pot_size:15 call_amount:10 community cards of this round: ['H4', 'S4', 'HK', 'D6', 'S5']
name: b10902103, hole_card: ['C3', 'SK']
name: b10902134, hole_card: ['H6', 'H8']
Started the round 2
Street "preflop" started. (community card = [])
name: b10902103, hole_card: ['C3', 'SK']
name: b10902134, hole_card: ['H6', 'H8']
"b10902103" declared "call:10"
name: b10902103, hole_card: ['C3', 'SK']
name: b10902134, hole_card: ['H6', 'H8']
"b10902134" declared "call:10"
Street "flop" started. (community card = ['H4', 'S4', 'HK'])
name: b10902103, hole_card: ['C3', 'SK']
name: b10902134, hole_card: ['H6', 'H8']
"b10902103" declared "raise:155"
name: b10902103, hole_card: ['C3', 'SK']
name: b10902134, hole_card: ['H6', 'H8']
"b10902134" declared "call:155"
Street "turn" started. (community card = ['H4', 'S4', 'HK', 'D6'])
name: b10902103, hole_card: ['C3', 'SK']
name: b10902134, hole_card: ['H6', 'H8']
"b10902103" declared "raise:825"
name: b10902103, hole_card: ['C3', 'SK']
name: b10902134, hole_card: ['H6', 'H8']
"b10902134" declared "call:825"
Street "river" started. (community card = ['H4', 'S4', 'HK', 'D6', 'S5'])
"['b10902103']" won the round 2 (stack = {'b10902103': 1980, 'b10902134': 20})
community cards of this round: ['D9', 'C6', 'HT', 'H4', 'D7']
name: b10902103, hole_card: ['DK', 'DQ']
name: b10902134, hole_card: ['SK', 'D3']
Started the round 3
Street "preflop" started. (community card = [])
name: b10902103, hole_card: ['DK', 'DQ']
name: b10902134, hole_card: ['SK', 'D3']
"b10902134" declared "call:10"
name: b10902103, hole_card: ['DK', 'DQ']
name: b10902134, hole_card: ['SK', 'D3']
"b10902103" declared "fold:0"
"['b10902134']" won the round 3 (stack = {'b10902103': 1970, 'b10902134': 30})
community cards of this round: ['S3', 'ST', 'S2', 'H7', 'D9']
name: b10902103, hole_card: ['C2', 'D6']
name: b10902134, hole_card: ['H5', 'SQ']
Started the round 4
Street "preflop" started. (community card = [])
name: b10902103, hole_card: ['C2', 'D6']
name: b10902134, hole_card: ['H5', 'SQ']
"b10902103" declared "fold:0"
"['b10902134']" won the round 4 (stack = {'b10902103': 1965, 'b10902134': 35})
community cards of this round: ['DQ', 'HQ', 'C3', 'S7', 'H4']
name: b10902103, hole_card: ['CK', 'DA']
name: b10902134, hole_card: ['HK', 'D9']
Started the round 5
Street "preflop" started. (community card = [])
name: b10902103, hole_card: ['CK', 'DA']
name: b10902134, hole_card: ['HK', 'D9']
"b10902134" declared "call:10"
name: b10902103, hole_card: ['CK', 'DA']
name: b10902134, hole_card: ['HK', 'D9']
"b10902103" declared "fold:0"
"['b10902134']" won the round 5 (stack = {'b10902103': 1955, 'b10902134': 45})
community cards of this round: ['CK', 'D3', 'C6', 'DT', 'DJ']
name: b10902103, hole_card: ['H2', 'D8']
name: b10902134, hole_card: ['DK', 'S3']
Started the round 6
Street "preflop" started. (community card = [])
name: b10902103, hole_card: ['H2', 'D8']
name: b10902134, hole_card: ['DK', 'S3']
"b10902103" declared "fold:0"
"['b10902134']" won the round 6 (stack = {'b10902103': 1950, 'b10902134': 50})
community cards of this round: ['DA', 'HQ', 'D9', 'S5', 'D8']
name: b10902103, hole_card: ['CQ', 'C2']
name: b10902134, hole_card: ['H6', 'HA']
Started the round 7
Street "preflop" started. (community card = [])
name: b10902103, hole_card: ['CQ', 'C2']
name: b10902134, hole_card: ['H6', 'HA']
"b10902134" declared "call:10"
name: b10902103, hole_card: ['CQ', 'C2']
name: b10902134, hole_card: ['H6', 'HA']
"b10902103" declared "fold:0"
"['b10902134']" won the round 7 (stack = {'b10902103': 1940, 'b10902134': 60})
community cards of this round: ['D3', 'HK', 'DK', 'D5', 'DJ']
name: b10902103, hole_card: ['C7', 'H7']
name: b10902134, hole_card: ['CT', 'DA']
Started the round 8
Street "preflop" started. (community card = [])
name: b10902103, hole_card: ['C7', 'H7']
name: b10902134, hole_card: ['CT', 'DA']
"b10902103" declared "fold:0"
"['b10902134']" won the round 8 (stack = {'b10902103': 1935, 'b10902134': 65})
community cards of this round: ['HA', 'C8', 'C3', 'HK', 'CK']
name: b10902103, hole_card: ['HJ', 'SA']
name: b10902134, hole_card: ['D8', 'H2']
Started the round 9
Street "preflop" started. (community card = [])
name: b10902103, hole_card: ['HJ', 'SA']
name: b10902134, hole_card: ['D8', 'H2']
"b10902134" declared "fold:0"
"['b10902103']" won the round 9 (stack = {'b10902103': 1940, 'b10902134': 60})
community cards of this round: ['D9', 'SJ', 'ST', 'HK', 'SQ']
name: b10902103, hole_card: ['H9', 'D3']
name: b10902134, hole_card: ['HJ', 'D6']
Started the round 10
Street "preflop" started. (community card = [])
name: b10902103, hole_card: ['H9', 'D3']
name: b10902134, hole_card: ['HJ', 'D6']
"b10902103" declared "fold:0"
"['b10902134']" won the round 10 (stack = {'b10902103': 1935, 'b10902134': 65})
community cards of this round: ['HK', 'H5', 'SQ', 'H9', 'H6']
name: b10902103, hole_card: ['DQ', 'C5']
name: b10902134, hole_card: ['SA', 'DK']
Started the round 11
Street "preflop" started. (community card = [])
name: b10902103, hole_card: ['DQ', 'C5']
name: b10902134, hole_card: ['SA', 'DK']
"b10902134" declared "call:10"
name: b10902103, hole_card: ['DQ', 'C5']
name: b10902134, hole_card: ['SA', 'DK']
"b10902103" declared "fold:0"
"['b10902134']" won the round 11 (stack = {'b10902103': 1925, 'b10902134': 75})
community cards of this round: ['S5', 'D6', 'S4', 'CA', 'CJ']
name: b10902103, hole_card: ['H2', 'D8']
name: b10902134, hole_card: ['D4', 'HJ']
Started the round 12
Street "preflop" started. (community card = [])
name: b10902103, hole_card: ['H2', 'D8']
name: b10902134, hole_card: ['D4', 'HJ']
"b10902103" declared "fold:0"
"['b10902134']" won the round 12 (stack = {'b10902103': 1920, 'b10902134': 80})
community cards of this round: ['HJ', 'C9', 'S6', 'S7', 'DJ']
name: b10902103, hole_card: ['C5', 'H9']
name: b10902134, hole_card: ['CQ', 'D3']
Started the round 13
Street "preflop" started. (community card = [])
name: b10902103, hole_card: ['C5', 'H9']
name: b10902134, hole_card: ['CQ', 'D3']
"b10902134" declared "call:10"
name: b10902103, hole_card: ['C5', 'H9']
name: b10902134, hole_card: ['CQ', 'D3']
"b10902103" declared "fold:0"
"['b10902134']" won the round 13 (stack = {'b10902103': 1910, 'b10902134': 90})
community cards of this round: ['SK', 'ST', 'D6', 'C2', 'HA']
name: b10902103, hole_card: ['S4', 'D2']
name: b10902134, hole_card: ['C7', 'HT']
Started the round 14
Street "preflop" started. (community card = [])
name: b10902103, hole_card: ['S4', 'D2']
name: b10902134, hole_card: ['C7', 'HT']
"b10902103" declared "fold:0"
"['b10902134']" won the round 14 (stack = {'b10902103': 1905, 'b10902134': 95})
community cards of this round: ['C7', 'SK', 'C8', 'H9', 'S7']
name: b10902103, hole_card: ['S8', 'S4']
name: b10902134, hole_card: ['C2', 'HT']
Started the round 15
Street "preflop" started. (community card = [])
name: b10902103, hole_card: ['S8', 'S4']
name: b10902134, hole_card: ['C2', 'HT']
"b10902134" declared "call:10"
name: b10902103, hole_card: ['S8', 'S4']
name: b10902134, hole_card: ['C2', 'HT']
"b10902103" declared "fold:0"
"['b10902134']" won the round 15 (stack = {'b10902103': 1895, 'b10902134': 105})
community cards of this round: ['HA', 'D3', 'SQ', 'C9', 'H8']
name: b10902103, hole_card: ['D6', 'S4']
name: b10902134, hole_card: ['CA', 'DT']
Started the round 16
Street "preflop" started. (community card = [])
name: b10902103, hole_card: ['D6', 'S4']
name: b10902134, hole_card: ['CA', 'DT']
"b10902103" declared "fold:0"
"['b10902134']" won the round 16 (stack = {'b10902103': 1890, 'b10902134': 110})
community cards of this round: ['HA', 'HQ', 'S2', 'C5', 'H9']
name: b10902103, hole_card: ['S3', 'C3']
name: b10902134, hole_card: ['C4', 'D3']
Started the round 17
Street "preflop" started. (community card = [])
name: b10902103, hole_card: ['S3', 'C3']
name: b10902134, hole_card: ['C4', 'D3']
"b10902134" declared "raise:15"
name: b10902103, hole_card: ['S3', 'C3']
name: b10902134, hole_card: ['C4', 'D3']
"b10902103" declared "fold:0"
"['b10902134']" won the round 17 (stack = {'b10902103': 1880, 'b10902134': 120})
community cards of this round: ['D7', 'S6', 'SQ', 'HT', 'S8']
name: b10902103, hole_card: ['SK', 'D3']
name: b10902134, hole_card: ['CA', 'C9']
call_prof:0.4

win_rate:0.4786666666666667 my_amount:0 hole_card:['CQ', 'D3'] community_card:[]
pot_size:15 call_amount:10 call_prof:0.4

win_rate:0.4086666666666667 my_amount:0 hole_card:['C2', 'HT'] community_card:[]
pot_size:15 call_amount:10 call_prof:0.4

win_rate:0.342 my_amount:0 hole_card:['C4', 'D3'] community_card:[]
pot_size:15 call_amount:10 call_prof:0.4

win_rate:0.39 my_amount:0 hole_card:['C3', 'C6'] community_card:[]
pot_size:15 call_amount:10 call_prof:0.4
Started the round 18
Street "preflop" started. (community card = [])
name: b10902103, hole_card: ['SK', 'D3']
name: b10902134, hole_card: ['CA', 'C9']
"b10902103" declared "fold:0"
"['b10902134']" won the round 18 (stack = {'b10902103': 1875, 'b10902134': 125})
community cards of this round: ['S5', 'SA', 'H3', 'HA', 'S7']
name: b10902103, hole_card: ['S6', 'ST']
name: b10902134, hole_card: ['C3', 'C6']
Started the round 19
Street "preflop" started. (community card = [])
name: b10902103, hole_card: ['S6', 'ST']
name: b10902134, hole_card: ['C3', 'C6']
"b10902134" declared "raise:125"
name: b10902103, hole_card: ['S6', 'ST']
name: b10902134, hole_card: ['C3', 'C6']
"b10902103" declared "fold:0"
"['b10902134']" won the round 19 (stack = {'b10902103': 1865, 'b10902134': 135})
community cards of this round: ['HQ', 'H2', 'CT', 'S3', 'SQ']
name: b10902103, hole_card: ['DJ', 'D3']
name: b10902134, hole_card: ['H8', 'S5']
Started the round 20
Street "preflop" started. (community card = [])
name: b10902103, hole_card: ['DJ', 'D3']
name: b10902134, hole_card: ['H8', 'S5']
"b10902103" declared "fold:0"
"['b10902134']" won the round 20 (stack = {'b10902103': 1860, 'b10902134': 140})
b10902134 vs b10902103 - Game 5: {'rule': {'initial_stack': 1000, 'max_round': 20, 'small_blind_amount': 5, 'ante': 0, 'blind_structure': {}}, 'players': [{'name': 'b10902103', 'uuid': 'awjiqrefkvxjvmacatuocx', 'stack': 1860, 'state': 'participating'}, {'name': 'b10902134', 'uuid': 'bxxvsseulkftbfhonqpvkb', 'stack': 140, 'state': 'participating'}]}
Final Result: b10902134 won 3 games (stack: 8230.0), b10902103 won 2 games (stack: 1769.0)
