community cards of this round: ['CA', 'S8', 'C7', 'DT', 'D9']
name: b10902005, hole_card: ['D2', 'S7']
name: b11705006, hole_card: ['HQ', 'H5']
Started the round 1
Street "preflop" started. (community card = [])
Action: call, Amount: 10
name: b10902005, hole_card: ['D2', 'S7']
name: b11705006, hole_card: ['HQ', 'H5']
"b11705006" declared "call:10"
name: b10902005, hole_card: ['D2', 'S7']
name: b11705006, hole_card: ['HQ', 'H5']
"b10902005" declared "call:10"
Street "flop" started. (community card = ['CA', 'S8', 'C7'])
all_cards: ['HQ', 'H5', 'CA', 'S8', 'C7']
rank_difference: 0
raise: 10, 990
Action: call, Amount: 0
name: b10902005, hole_card: ['D2', 'S7']
name: b11705006, hole_card: ['HQ', 'H5']
"b11705006" declared "call:0"
name: b10902005, hole_card: ['D2', 'S7']
name: b11705006, hole_card: ['HQ', 'H5']
"b10902005" declared "raise:46.385621778776255"
all_cards: ['HQ', 'H5', 'CA', 'S8', 'C7']
rank_difference: 0
last action: RAISE, 46.385621778776255
raise: 92.77124355755251, 990
Action: fold, Amount: 0
name: b10902005, hole_card: ['D2', 'S7']
name: b11705006, hole_card: ['HQ', 'H5']
"b11705006" declared "fold:0"
"['b10902005']" won the round 1 (stack = {'b10902005': 1009.6143782212238, 'b11705006': 990})
community cards of this round: ['D4', 'DJ', 'SK', 'C8', 'D9']
name: b10902005, hole_card: ['DK', 'C2']
name: b11705006, hole_card: ['HA', 'C9']
Started the round 2
Street "preflop" started. (community card = [])
name: b10902005, hole_card: ['DK', 'C2']
name: b11705006, hole_card: ['HA', 'C9']
"b10902005" declared "fold:0"
"['b11705006']" won the round 2 (stack = {'b10902005': 1004.6143782212238, 'b11705006': 995})
community cards of this round: ['S9', 'CA', 'C9', 'H6', 'D7']
name: b10902005, hole_card: ['DT', 'CT']
name: b11705006, hole_card: ['D9', 'D2']
Started the round 3
Street "preflop" started. (community card = [])
Action: fold, Amount: 0
name: b10902005, hole_card: ['DT', 'CT']
name: b11705006, hole_card: ['D9', 'D2']
"b11705006" declared "fold:0"
"['b10902005']" won the round 3 (stack = {'b10902005': 1009.6143782212238, 'b11705006': 990})
community cards of this round: ['C5', 'DQ', 'C2', 'DJ', 'H9']
name: b10902005, hole_card: ['SQ', 'S6']
name: b11705006, hole_card: ['S8', 'DA']
Started the round 4
Street "preflop" started. (community card = [])
name: b10902005, hole_card: ['SQ', 'S6']
name: b11705006, hole_card: ['S8', 'DA']
"b10902005" declared "call:10"
Action: call, Amount: 10
name: b10902005, hole_card: ['SQ', 'S6']
name: b11705006, hole_card: ['S8', 'DA']
"b11705006" declared "call:10"
Street "flop" started. (community card = ['C5', 'DQ', 'C2'])
name: b10902005, hole_card: ['SQ', 'S6']
name: b11705006, hole_card: ['S8', 'DA']
"b10902005" declared "raise:82.00497775428391"
all_cards: ['S8', 'DA', 'C5', 'DQ', 'C2']
rank_difference: 0
last action: RAISE, 82.00497775428391
raise: 164.00995550856783, 980
Action: fold, Amount: 0
name: b10902005, hole_card: ['SQ', 'S6']
name: b11705006, hole_card: ['S8', 'DA']
"b11705006" declared "fold:0"
"['b10902005']" won the round 4 (stack = {'b10902005': 1019.6094004669399, 'b11705006': 980})
community cards of this round: ['ST', 'DA', 'CA', 'HT', 'C6']
name: b10902005, hole_card: ['C7', 'CK']
name: b11705006, hole_card: ['H2', 'C8']
Started the round 5
Street "preflop" started. (community card = [])
Action: fold, Amount: 0
name: b10902005, hole_card: ['C7', 'CK']
name: b11705006, hole_card: ['H2', 'C8']
"b11705006" declared "fold:0"
"['b10902005']" won the round 5 (stack = {'b10902005': 1024.6094004669399, 'b11705006': 975})
community cards of this round: ['H4', 'H6', 'S2', 'H5', 'S7']
name: b10902005, hole_card: ['DQ', 'H2']
name: b11705006, hole_card: ['D5', 'C5']
Started the round 6
Street "preflop" started. (community card = [])
name: b10902005, hole_card: ['DQ', 'H2']
name: b11705006, hole_card: ['D5', 'C5']
"b10902005" declared "fold:0"
"['b11705006']" won the round 6 (stack = {'b10902005': 1019.6094004669399, 'b11705006': 980})
community cards of this round: ['H4', 'SQ', 'S9', 'HQ', 'C9']
name: b10902005, hole_card: ['D6', 'S8']
name: b11705006, hole_card: ['D5', 'C7']
Started the round 7
Street "preflop" started. (community card = [])
Action: call, Amount: 10
name: b10902005, hole_card: ['D6', 'S8']
name: b11705006, hole_card: ['D5', 'C7']
"b11705006" declared "call:10"
name: b10902005, hole_card: ['D6', 'S8']
name: b11705006, hole_card: ['D5', 'C7']
"b10902005" declared "call:10"
Street "flop" started. (community card = ['H4', 'SQ', 'S9'])
all_cards: ['D5', 'C7', 'H4', 'SQ', 'S9']
rank_difference: 0
raise: 10, 970
Action: call, Amount: 0
name: b10902005, hole_card: ['D6', 'S8']
name: b11705006, hole_card: ['D5', 'C7']
"b11705006" declared "call:0"
name: b10902005, hole_card: ['D6', 'S8']
name: b11705006, hole_card: ['D5', 'C7']
"b10902005" declared "call:0"
Street "turn" started. (community card = ['H4', 'SQ', 'S9', 'HQ'])
all_cards: ['D5', 'C7', 'H4', 'SQ', 'S9', 'HQ']
rank_difference: 0
raise: 10, 970
call
Action: call, Amount: 0
name: b10902005, hole_card: ['D6', 'S8']
name: b11705006, hole_card: ['D5', 'C7']
"b11705006" declared "call:0"
name: b10902005, hole_card: ['D6', 'S8']
name: b11705006, hole_card: ['D5', 'C7']
"b10902005" declared "call:0"
Street "river" started. (community card = ['H4', 'SQ', 'S9', 'HQ', 'C9'])
all_cards: ['D5', 'C7', 'H4', 'SQ', 'S9', 'HQ', 'C9']
rank_difference: 0
raise: 10, 970
call
Action: call, Amount: 0
name: b10902005, hole_card: ['D6', 'S8']
name: b11705006, hole_card: ['D5', 'C7']
"b11705006" declared "call:0"
name: b10902005, hole_card: ['D6', 'S8']
name: b11705006, hole_card: ['D5', 'C7']
"b10902005" declared "call:0"
"['b10902005']" won the round 7 (stack = {'b10902005': 1029.6094004669399, 'b11705006': 970})
community cards of this round: ['SK', 'HJ', 'S6', 'H8', 'DA']
name: b10902005, hole_card: ['C2', 'S9']
name: b11705006, hole_card: ['D6', 'D7']
Started the round 8
Street "preflop" started. (community card = [])
name: b10902005, hole_card: ['C2', 'S9']
name: b11705006, hole_card: ['D6', 'D7']
"b10902005" declared "fold:0"
"['b11705006']" won the round 8 (stack = {'b10902005': 1024.6094004669399, 'b11705006': 975})
community cards of this round: ['HA', 'D9', 'H4', 'D8', 'DJ']
name: b10902005, hole_card: ['HK', 'DQ']
name: b11705006, hole_card: ['SK', 'C5']
Started the round 9
Street "preflop" started. (community card = [])
Action: fold, Amount: 0
name: b10902005, hole_card: ['HK', 'DQ']
name: b11705006, hole_card: ['SK', 'C5']
"b11705006" declared "fold:0"
"['b10902005']" won the round 9 (stack = {'b10902005': 1029.6094004669399, 'b11705006': 970})
community cards of this round: ['CT', 'S4', 'D3', 'DJ', 'HT']
name: b10902005, hole_card: ['H8', 'S5']
name: b11705006, hole_card: ['S6', 'C3']
Started the round 10
Street "preflop" started. (community card = [])
name: b10902005, hole_card: ['H8', 'S5']
name: b11705006, hole_card: ['S6', 'C3']
"b10902005" declared "fold:0"
"['b11705006']" won the round 10 (stack = {'b10902005': 1024.6094004669399, 'b11705006': 975})
community cards of this round: ['C5', 'D2', 'S3', 'CK', 'C3']
name: b10902005, hole_card: ['SK', 'DK']
name: b11705006, hole_card: ['D7', 'DQ']
Started the round 11
Street "preflop" started. (community card = [])
Action: call, Amount: 10
name: b10902005, hole_card: ['SK', 'DK']
name: b11705006, hole_card: ['D7', 'DQ']
"b11705006" declared "call:10"
name: b10902005, hole_card: ['SK', 'DK']
name: b11705006, hole_card: ['D7', 'DQ']
"b10902005" declared "raise:64.70254314259765"
Action: call, Amount: 64.70254314259765
name: b10902005, hole_card: ['SK', 'DK']
name: b11705006, hole_card: ['D7', 'DQ']
"b11705006" declared "call:64.70254314259765"
Street "flop" started. (community card = ['C5', 'D2', 'S3'])
all_cards: ['D7', 'DQ', 'C5', 'D2', 'S3']
rank_difference: 0
raise: 10, 910.2974568574024
Action: call, Amount: 0
name: b10902005, hole_card: ['SK', 'DK']
name: b11705006, hole_card: ['D7', 'DQ']
"b11705006" declared "call:0"
name: b10902005, hole_card: ['SK', 'DK']
name: b11705006, hole_card: ['D7', 'DQ']
"b10902005" declared "call:0"
Street "turn" started. (community card = ['C5', 'D2', 'S3', 'CK'])
all_cards: ['D7', 'DQ', 'C5', 'D2', 'S3', 'CK']
rank_difference: 0
raise: 10, 910.2974568574024
call
Action: call, Amount: 0
name: b10902005, hole_card: ['SK', 'DK']
name: b11705006, hole_card: ['D7', 'DQ']
"b11705006" declared "call:0"
name: b10902005, hole_card: ['SK', 'DK']
name: b11705006, hole_card: ['D7', 'DQ']
"b10902005" declared "call:0"
Street "river" started. (community card = ['C5', 'D2', 'S3', 'CK', 'C3'])
all_cards: ['D7', 'DQ', 'C5', 'D2', 'S3', 'CK', 'C3']
rank_difference: 0
raise: 10, 910.2974568574024
call
Action: call, Amount: 0
name: b10902005, hole_card: ['SK', 'DK']
name: b11705006, hole_card: ['D7', 'DQ']
"b11705006" declared "call:0"
name: b10902005, hole_card: ['SK', 'DK']
name: b11705006, hole_card: ['D7', 'DQ']
"b10902005" declared "call:0"
"['b10902005']" won the round 11 (stack = {'b10902005': 1088.9068573243421, 'b11705006': 910.2974568574024})
community cards of this round: ['CA', 'DA', 'S9', 'HT', 'H7']
name: b10902005, hole_card: ['HA', 'SQ']
name: b11705006, hole_card: ['C7', 'H3']
Started the round 12
Street "preflop" started. (community card = [])
name: b10902005, hole_card: ['HA', 'SQ']
name: b11705006, hole_card: ['C7', 'H3']
"b10902005" declared "fold:0"
"['b11705006']" won the round 12 (stack = {'b10902005': 1083.9068573243421, 'b11705006': 915.2974568574024})
community cards of this round: ['H5', 'CA', 'D5', 'D7', 'H3']
name: b10902005, hole_card: ['DK', 'H7']
name: b11705006, hole_card: ['C2', 'S6']
Started the round 13
Street "preflop" started. (community card = [])
Action: call, Amount: 10
name: b10902005, hole_card: ['DK', 'H7']
name: b11705006, hole_card: ['C2', 'S6']
"b11705006" declared "call:10"
name: b10902005, hole_card: ['DK', 'H7']
name: b11705006, hole_card: ['C2', 'S6']
"b10902005" declared "fold:0"
"['b11705006']" won the round 13 (stack = {'b10902005': 1073.9068573243421, 'b11705006': 925.2974568574024})
community cards of this round: ['SJ', 'HQ', 'H5', 'H2', 'SK']
name: b10902005, hole_card: ['H6', 'D4']
name: b11705006, hole_card: ['C5', 'CJ']
Started the round 14
Street "preflop" started. (community card = [])
name: b10902005, hole_card: ['H6', 'D4']
name: b11705006, hole_card: ['C5', 'CJ']
"b10902005" declared "fold:0"
"['b11705006']" won the round 14 (stack = {'b10902005': 1068.9068573243421, 'b11705006': 930.2974568574024})
community cards of this round: ['H5', 'D7', 'HK', 'DJ', 'S2']
name: b10902005, hole_card: ['DA', 'C8']
name: b11705006, hole_card: ['S9', 'C7']
Started the round 15
Street "preflop" started. (community card = [])
Action: call, Amount: 10
name: b10902005, hole_card: ['DA', 'C8']
name: b11705006, hole_card: ['S9', 'C7']
"b11705006" declared "call:10"
name: b10902005, hole_card: ['DA', 'C8']
name: b11705006, hole_card: ['S9', 'C7']
"b10902005" declared "fold:0"
"['b11705006']" won the round 15 (stack = {'b10902005': 1058.9068573243421, 'b11705006': 940.2974568574024})
community cards of this round: ['S5', 'H4', 'S3', 'D8', 'H6']
name: b10902005, hole_card: ['S9', 'C9']
name: b11705006, hole_card: ['H5', 'S2']
Started the round 16
Street "preflop" started. (community card = [])
name: b10902005, hole_card: ['S9', 'C9']
name: b11705006, hole_card: ['H5', 'S2']
"b10902005" declared "fold:0"
"['b11705006']" won the round 16 (stack = {'b10902005': 1053.9068573243421, 'b11705006': 945.2974568574024})
community cards of this round: ['DJ', 'D9', 'H8', 'D8', 'H5']
name: b10902005, hole_card: ['DA', 'CQ']
name: b11705006, hole_card: ['DT', 'C7']
Started the round 17
Street "preflop" started. (community card = [])
Action: call, Amount: 10
name: b10902005, hole_card: ['DA', 'CQ']
name: b11705006, hole_card: ['DT', 'C7']
"b11705006" declared "call:10"
name: b10902005, hole_card: ['DA', 'CQ']
name: b11705006, hole_card: ['DT', 'C7']
"b10902005" declared "fold:0"
"['b11705006']" won the round 17 (stack = {'b10902005': 1043.9068573243421, 'b11705006': 955.2974568574024})
community cards of this round: ['S2', 'D7', 'D5', 'C3', 'H8']
name: b10902005, hole_card: ['C4', 'SQ']
name: b11705006, hole_card: ['C8', 'D8']
Started the round 18
Street "preflop" started. (community card = [])
name: b10902005, hole_card: ['C4', 'SQ']
name: b11705006, hole_card: ['C8', 'D8']
"b10902005" declared "fold:0"
"['b11705006']" won the round 18 (stack = {'b10902005': 1038.9068573243421, 'b11705006': 960.2974568574024})
community cards of this round: ['D6', 'S2', 'HQ', 'HK', 'DK']
name: b10902005, hole_card: ['H6', 'H9']
name: b11705006, hole_card: ['S3', 'C9']
Started the round 19
Street "preflop" started. (community card = [])
Action: fold, Amount: 0
name: b10902005, hole_card: ['H6', 'H9']
name: b11705006, hole_card: ['S3', 'C9']
"b11705006" declared "fold:0"
"['b10902005']" won the round 19 (stack = {'b10902005': 1043.9068573243421, 'b11705006': 955.2974568574024})
community cards of this round: ['H4', 'D9', 'C2', 'DQ', 'S6']
name: b10902005, hole_card: ['HQ', 'D6']
name: b11705006, hole_card: ['D3', 'CK']
Started the round 20
Street "preflop" started. (community card = [])
name: b10902005, hole_card: ['HQ', 'D6']
name: b11705006, hole_card: ['D3', 'CK']
"b10902005" declared "fold:0"
"['b11705006']" won the round 20 (stack = {'b10902005': 1038.9068573243421, 'b11705006': 960.2974568574024})
b11705006 vs b10902005 - Game 1: {'rule': {'initial_stack': 1000, 'max_round': 20, 'small_blind_amount': 5, 'ante': 0, 'blind_structure': {}}, 'players': [{'name': 'b10902005', 'uuid': 'rtquxqzgyuvnlchvdjnmin', 'stack': 1038.9068573243421, 'state': 'participating'}, {'name': 'b11705006', 'uuid': 'dnkuatjlrdkyxylbwoinvr', 'stack': 960.2974568574024, 'state': 'participating'}]}
community cards of this round: ['CA', 'S8', 'C7', 'DT', 'D9']
name: b11705006, hole_card: ['D2', 'S7']
name: b10902005, hole_card: ['HQ', 'H5']
Started the round 1
Street "preflop" started. (community card = [])
name: b11705006, hole_card: ['D2', 'S7']
name: b10902005, hole_card: ['HQ', 'H5']
"b10902005" declared "call:10"
Action: call, Amount: 10
name: b11705006, hole_card: ['D2', 'S7']
name: b10902005, hole_card: ['HQ', 'H5']
"b11705006" declared "call:10"
Street "flop" started. (community card = ['CA', 'S8', 'C7'])
name: b11705006, hole_card: ['D2', 'S7']
name: b10902005, hole_card: ['HQ', 'H5']
"b10902005" declared "call:0"
all_cards: ['D2', 'S7', 'CA', 'S8', 'C7']
rank_difference: 1
raise: 10, 990
Action: raise, Amount: 14
name: b11705006, hole_card: ['D2', 'S7']
name: b10902005, hole_card: ['HQ', 'H5']
"b11705006" declared "raise:14"
name: b11705006, hole_card: ['D2', 'S7']
name: b10902005, hole_card: ['HQ', 'H5']
"b10902005" declared "raise:121.0"
all_cards: ['D2', 'S7', 'CA', 'S8', 'C7']
rank_difference: 1
last action: RAISE, 121.0
raise: 228.0, 990
Action: fold, Amount: 0
name: b11705006, hole_card: ['D2', 'S7']
name: b10902005, hole_card: ['HQ', 'H5']
"b11705006" declared "fold:0"
"['b10902005']" won the round 1 (stack = {'b11705006': 976, 'b10902005': 1024.0})
community cards of this round: ['D4', 'DJ', 'SK', 'C8', 'D9']
name: b11705006, hole_card: ['DK', 'C2']
name: b10902005, hole_card: ['HA', 'C9']
Started the round 2
Street "preflop" started. (community card = [])
Action: call, Amount: 10
name: b11705006, hole_card: ['DK', 'C2']
name: b10902005, hole_card: ['HA', 'C9']
"b11705006" declared "call:10"
name: b11705006, hole_card: ['DK', 'C2']
name: b10902005, hole_card: ['HA', 'C9']
"b10902005" declared "raise:21.343144824543426"
Action: raise, Amount: 99
name: b11705006, hole_card: ['DK', 'C2']
name: b10902005, hole_card: ['HA', 'C9']
"b11705006" declared "raise:99"
name: b11705006, hole_card: ['DK', 'C2']
name: b10902005, hole_card: ['HA', 'C9']
"b10902005" declared "call:99"
Street "flop" started. (community card = ['D4', 'DJ', 'SK'])
all_cards: ['DK', 'C2', 'D4', 'DJ', 'SK']
rank_difference: 1
raise: 10, 877
Action: call, Amount: 0
name: b11705006, hole_card: ['DK', 'C2']
name: b10902005, hole_card: ['HA', 'C9']
"b11705006" declared "call:0"
name: b11705006, hole_card: ['DK', 'C2']
name: b10902005, hole_card: ['HA', 'C9']
"b10902005" declared "raise:125.91222119436736"
all_cards: ['DK', 'C2', 'D4', 'DJ', 'SK']
rank_difference: 1
last action: RAISE, 125.91222119436736
raise: 251.82444238873472, 877
Action: fold, Amount: 0
name: b11705006, hole_card: ['DK', 'C2']
name: b10902005, hole_card: ['HA', 'C9']
"b11705006" declared "fold:0"
"['b10902005']" won the round 2 (stack = {'b11705006': 877, 'b10902005': 1122.0877788056328})
community cards of this round: ['S9', 'CA', 'C9', 'H6', 'D7']
name: b11705006, hole_card: ['DT', 'CT']
name: b10902005, hole_card: ['D9', 'D2']
Started the round 3
Street "preflop" started. (community card = [])
name: b11705006, hole_card: ['DT', 'CT']
name: b10902005, hole_card: ['D9', 'D2']
"b10902005" declared "fold:0"
"['b11705006']" won the round 3 (stack = {'b11705006': 882, 'b10902005': 1117.0877788056328})
community cards of this round: ['C5', 'DQ', 'C2', 'DJ', 'H9']
name: b11705006, hole_card: ['SQ', 'S6']
name: b10902005, hole_card: ['S8', 'DA']
Started the round 4
Street "preflop" started. (community card = [])
Action: call, Amount: 10
name: b11705006, hole_card: ['SQ', 'S6']
name: b10902005, hole_card: ['S8', 'DA']
"b11705006" declared "call:10"
name: b11705006, hole_card: ['SQ', 'S6']
name: b10902005, hole_card: ['S8', 'DA']
"b10902005" declared "call:10"
Street "flop" started. (community card = ['C5', 'DQ', 'C2'])
all_cards: ['SQ', 'S6', 'C5', 'DQ', 'C2']
rank_difference: 1
raise: 10, 872
Action: call, Amount: 0
name: b11705006, hole_card: ['SQ', 'S6']
name: b10902005, hole_card: ['S8', 'DA']
"b11705006" declared "call:0"
name: b11705006, hole_card: ['SQ', 'S6']
name: b10902005, hole_card: ['S8', 'DA']
"b10902005" declared "call:0"
Street "turn" started. (community card = ['C5', 'DQ', 'C2', 'DJ'])
all_cards: ['SQ', 'S6', 'C5', 'DQ', 'C2', 'DJ']
rank_difference: 1
raise: 10, 872
Action: call, Amount: 0
name: b11705006, hole_card: ['SQ', 'S6']
name: b10902005, hole_card: ['S8', 'DA']
"b11705006" declared "call:0"
name: b11705006, hole_card: ['SQ', 'S6']
name: b10902005, hole_card: ['S8', 'DA']
"b10902005" declared "call:0"
Street "river" started. (community card = ['C5', 'DQ', 'C2', 'DJ', 'H9'])
all_cards: ['SQ', 'S6', 'C5', 'DQ', 'C2', 'DJ', 'H9']
rank_difference: 1
raise: 10, 872
Action: call, Amount: 0
name: b11705006, hole_card: ['SQ', 'S6']
name: b10902005, hole_card: ['S8', 'DA']
"b11705006" declared "call:0"
name: b11705006, hole_card: ['SQ', 'S6']
name: b10902005, hole_card: ['S8', 'DA']
"b10902005" declared "call:0"
"['b11705006']" won the round 4 (stack = {'b11705006': 892, 'b10902005': 1107.0877788056328})
community cards of this round: ['ST', 'DA', 'CA', 'HT', 'C6']
name: b11705006, hole_card: ['C7', 'CK']
name: b10902005, hole_card: ['H2', 'C8']
Started the round 5
Street "preflop" started. (community card = [])
name: b11705006, hole_card: ['C7', 'CK']
name: b10902005, hole_card: ['H2', 'C8']
"b10902005" declared "fold:0"
"['b11705006']" won the round 5 (stack = {'b11705006': 897, 'b10902005': 1102.0877788056328})
community cards of this round: ['H4', 'H6', 'S2', 'H5', 'S7']
name: b11705006, hole_card: ['DQ', 'H2']
name: b10902005, hole_card: ['D5', 'C5']
Started the round 6
Street "preflop" started. (community card = [])
Action: call, Amount: 10
name: b11705006, hole_card: ['DQ', 'H2']
name: b10902005, hole_card: ['D5', 'C5']
"b11705006" declared "call:10"
name: b11705006, hole_card: ['DQ', 'H2']
name: b10902005, hole_card: ['D5', 'C5']
"b10902005" declared "call:10"
Street "flop" started. (community card = ['H4', 'H6', 'S2'])
all_cards: ['DQ', 'H2', 'H4', 'H6', 'S2']
rank_difference: 1
raise: 10, 887
Action: raise, Amount: 50
name: b11705006, hole_card: ['DQ', 'H2']
name: b10902005, hole_card: ['D5', 'C5']
"b11705006" declared "raise:50"
name: b11705006, hole_card: ['DQ', 'H2']
name: b10902005, hole_card: ['D5', 'C5']
"b10902005" declared "call:50"
Street "turn" started. (community card = ['H4', 'H6', 'S2', 'H5'])
all_cards: ['DQ', 'H2', 'H4', 'H6', 'S2', 'H5']
rank_difference: 1
raise: 10, 837
Action: call, Amount: 0
name: b11705006, hole_card: ['DQ', 'H2']
name: b10902005, hole_card: ['D5', 'C5']
"b11705006" declared "call:0"
name: b11705006, hole_card: ['DQ', 'H2']
name: b10902005, hole_card: ['D5', 'C5']
"b10902005" declared "call:0"
Street "river" started. (community card = ['H4', 'H6', 'S2', 'H5', 'S7'])
all_cards: ['DQ', 'H2', 'H4', 'H6', 'S2', 'H5', 'S7']
rank_difference: 1
raise: 10, 837
Action: call, Amount: 0
name: b11705006, hole_card: ['DQ', 'H2']
name: b10902005, hole_card: ['D5', 'C5']
"b11705006" declared "call:0"
name: b11705006, hole_card: ['DQ', 'H2']
name: b10902005, hole_card: ['D5', 'C5']
"b10902005" declared "call:0"
"['b10902005']" won the round 6 (stack = {'b11705006': 837, 'b10902005': 1162.0877788056328})
community cards of this round: ['H4', 'SQ', 'S9', 'HQ', 'C9']
name: b11705006, hole_card: ['D6', 'S8']
name: b10902005, hole_card: ['D5', 'C7']
Started the round 7
Street "preflop" started. (community card = [])
name: b11705006, hole_card: ['D6', 'S8']
name: b10902005, hole_card: ['D5', 'C7']
"b10902005" declared "fold:0"
"['b11705006']" won the round 7 (stack = {'b11705006': 842, 'b10902005': 1157.0877788056328})
community cards of this round: ['SK', 'HJ', 'S6', 'H8', 'DA']
name: b11705006, hole_card: ['C2', 'S9']
name: b10902005, hole_card: ['D6', 'D7']
Started the round 8
Street "preflop" started. (community card = [])
Action: raise, Amount: 90
name: b11705006, hole_card: ['C2', 'S9']
name: b10902005, hole_card: ['D6', 'D7']
"b11705006" declared "raise:90"
name: b11705006, hole_card: ['C2', 'S9']
name: b10902005, hole_card: ['D6', 'D7']
"b10902005" declared "fold:0"
"['b11705006']" won the round 8 (stack = {'b11705006': 852, 'b10902005': 1147.0877788056328})
community cards of this round: ['HA', 'D9', 'H4', 'D8', 'DJ']
name: b11705006, hole_card: ['HK', 'DQ']
name: b10902005, hole_card: ['SK', 'C5']
Started the round 9
Street "preflop" started. (community card = [])
name: b11705006, hole_card: ['HK', 'DQ']
name: b10902005, hole_card: ['SK', 'C5']
"b10902005" declared "fold:0"
"['b11705006']" won the round 9 (stack = {'b11705006': 857, 'b10902005': 1142.0877788056328})
community cards of this round: ['CT', 'S4', 'D3', 'DJ', 'HT']
name: b11705006, hole_card: ['H8', 'S5']
name: b10902005, hole_card: ['S6', 'C3']
Started the round 10
Street "preflop" started. (community card = [])
Action: call, Amount: 10
name: b11705006, hole_card: ['H8', 'S5']
name: b10902005, hole_card: ['S6', 'C3']
"b11705006" declared "call:10"
name: b11705006, hole_card: ['H8', 'S5']
name: b10902005, hole_card: ['S6', 'C3']
"b10902005" declared "fold:0"
"['b11705006']" won the round 10 (stack = {'b11705006': 867, 'b10902005': 1132.0877788056328})
community cards of this round: ['C5', 'D2', 'S3', 'CK', 'C3']
name: b11705006, hole_card: ['SK', 'DK']
name: b10902005, hole_card: ['D7', 'DQ']
Started the round 11
Street "preflop" started. (community card = [])
name: b11705006, hole_card: ['SK', 'DK']
name: b10902005, hole_card: ['D7', 'DQ']
"b10902005" declared "fold:0"
"['b11705006']" won the round 11 (stack = {'b11705006': 872, 'b10902005': 1127.0877788056328})
community cards of this round: ['CA', 'DA', 'S9', 'HT', 'H7']
name: b11705006, hole_card: ['HA', 'SQ']
name: b10902005, hole_card: ['C7', 'H3']
Started the round 12
Street "preflop" started. (community card = [])
Action: raise, Amount: 15
name: b11705006, hole_card: ['HA', 'SQ']
name: b10902005, hole_card: ['C7', 'H3']
"b11705006" declared "raise:15"
name: b11705006, hole_card: ['HA', 'SQ']
name: b10902005, hole_card: ['C7', 'H3']
"b10902005" declared "fold:0"
"['b11705006']" won the round 12 (stack = {'b11705006': 882, 'b10902005': 1117.0877788056328})
community cards of this round: ['H5', 'CA', 'D5', 'D7', 'H3']
name: b11705006, hole_card: ['DK', 'H7']
name: b10902005, hole_card: ['C2', 'S6']
Started the round 13
Street "preflop" started. (community card = [])
name: b11705006, hole_card: ['DK', 'H7']
name: b10902005, hole_card: ['C2', 'S6']
"b10902005" declared "fold:0"
"['b11705006']" won the round 13 (stack = {'b11705006': 887, 'b10902005': 1112.0877788056328})
community cards of this round: ['SJ', 'HQ', 'H5', 'H2', 'SK']
name: b11705006, hole_card: ['H6', 'D4']
name: b10902005, hole_card: ['C5', 'CJ']
Started the round 14
Street "preflop" started. (community card = [])
Action: call, Amount: 10
name: b11705006, hole_card: ['H6', 'D4']
name: b10902005, hole_card: ['C5', 'CJ']
"b11705006" declared "call:10"
name: b11705006, hole_card: ['H6', 'D4']
name: b10902005, hole_card: ['C5', 'CJ']
"b10902005" declared "fold:0"
"['b11705006']" won the round 14 (stack = {'b11705006': 897, 'b10902005': 1102.0877788056328})
community cards of this round: ['H5', 'D7', 'HK', 'DJ', 'S2']
name: b11705006, hole_card: ['DA', 'C8']
name: b10902005, hole_card: ['S9', 'C7']
Started the round 15
Street "preflop" started. (community card = [])
name: b11705006, hole_card: ['DA', 'C8']
name: b10902005, hole_card: ['S9', 'C7']
"b10902005" declared "fold:0"
"['b11705006']" won the round 15 (stack = {'b11705006': 902, 'b10902005': 1097.0877788056328})
community cards of this round: ['S5', 'H4', 'S3', 'D8', 'H6']
name: b11705006, hole_card: ['S9', 'C9']
name: b10902005, hole_card: ['H5', 'S2']
Started the round 16
Street "preflop" started. (community card = [])
Action: raise, Amount: 28
name: b11705006, hole_card: ['S9', 'C9']
name: b10902005, hole_card: ['H5', 'S2']
"b11705006" declared "raise:28"
name: b11705006, hole_card: ['S9', 'C9']
name: b10902005, hole_card: ['H5', 'S2']
"b10902005" declared "fold:0"
"['b11705006']" won the round 16 (stack = {'b11705006': 912, 'b10902005': 1087.0877788056328})
community cards of this round: ['DJ', 'D9', 'H8', 'D8', 'H5']
name: b11705006, hole_card: ['DA', 'CQ']
name: b10902005, hole_card: ['DT', 'C7']
Started the round 17
Street "preflop" started. (community card = [])
name: b11705006, hole_card: ['DA', 'CQ']
name: b10902005, hole_card: ['DT', 'C7']
"b10902005" declared "fold:0"
"['b11705006']" won the round 17 (stack = {'b11705006': 917, 'b10902005': 1082.0877788056328})
community cards of this round: ['S2', 'D7', 'D5', 'C3', 'H8']
name: b11705006, hole_card: ['C4', 'SQ']
name: b10902005, hole_card: ['C8', 'D8']
Started the round 18
Street "preflop" started. (community card = [])
Action: fold, Amount: 0
name: b11705006, hole_card: ['C4', 'SQ']
name: b10902005, hole_card: ['C8', 'D8']
"b11705006" declared "fold:0"
"['b10902005']" won the round 18 (stack = {'b11705006': 912, 'b10902005': 1087.0877788056328})
community cards of this round: ['D6', 'S2', 'HQ', 'HK', 'DK']
name: b11705006, hole_card: ['H6', 'H9']
name: b10902005, hole_card: ['S3', 'C9']
Started the round 19
Street "preflop" started. (community card = [])
name: b11705006, hole_card: ['H6', 'H9']
name: b10902005, hole_card: ['S3', 'C9']
"b10902005" declared "fold:0"
"['b11705006']" won the round 19 (stack = {'b11705006': 917, 'b10902005': 1082.0877788056328})
community cards of this round: ['H4', 'D9', 'C2', 'DQ', 'S6']
name: b11705006, hole_card: ['HQ', 'D6']
name: b10902005, hole_card: ['D3', 'CK']
Started the round 20
Street "preflop" started. (community card = [])
Action: call, Amount: 10
name: b11705006, hole_card: ['HQ', 'D6']
name: b10902005, hole_card: ['D3', 'CK']
"b11705006" declared "call:10"
name: b11705006, hole_card: ['HQ', 'D6']
name: b10902005, hole_card: ['D3', 'CK']
"b10902005" declared "fold:0"
"['b11705006']" won the round 20 (stack = {'b11705006': 927, 'b10902005': 1072.0877788056328})
b11705006 vs b10902005 - Game 2: {'rule': {'initial_stack': 1000, 'max_round': 20, 'small_blind_amount': 5, 'ante': 0, 'blind_structure': {}}, 'players': [{'name': 'b11705006', 'uuid': 'cqivammccxwnuuofoucnsv', 'stack': 927, 'state': 'participating'}, {'name': 'b10902005', 'uuid': 'qqftkyvafbsdypbzosqywa', 'stack': 1072.0877788056328, 'state': 'participating'}]}
community cards of this round: ['DT', 'CJ', 'H9', 'S6', 'S8']
name: b10902005, hole_card: ['H4', 'S3']
name: b11705006, hole_card: ['S4', 'D7']
Started the round 1
Street "preflop" started. (community card = [])
Action: call, Amount: 10
name: b10902005, hole_card: ['H4', 'S3']
name: b11705006, hole_card: ['S4', 'D7']
"b11705006" declared "call:10"
name: b10902005, hole_card: ['H4', 'S3']
name: b11705006, hole_card: ['S4', 'D7']
"b10902005" declared "call:10"
Street "flop" started. (community card = ['DT', 'CJ', 'H9'])
all_cards: ['S4', 'D7', 'DT', 'CJ', 'H9']
rank_difference: 0
raise: 10, 990
Action: call, Amount: 0
name: b10902005, hole_card: ['H4', 'S3']
name: b11705006, hole_card: ['S4', 'D7']
"b11705006" declared "call:0"
name: b10902005, hole_card: ['H4', 'S3']
name: b11705006, hole_card: ['S4', 'D7']
"b10902005" declared "call:0"
Street "turn" started. (community card = ['DT', 'CJ', 'H9', 'S6'])
all_cards: ['S4', 'D7', 'DT', 'CJ', 'H9', 'S6']
rank_difference: 0
raise: 10, 990
call
Action: call, Amount: 0
name: b10902005, hole_card: ['H4', 'S3']
name: b11705006, hole_card: ['S4', 'D7']
"b11705006" declared "call:0"
name: b10902005, hole_card: ['H4', 'S3']
name: b11705006, hole_card: ['S4', 'D7']
"b10902005" declared "call:0"
Street "river" started. (community card = ['DT', 'CJ', 'H9', 'S6', 'S8'])
all_cards: ['S4', 'D7', 'DT', 'CJ', 'H9', 'S6', 'S8']
rank_difference: 15
raise: 10, 990
Action: raise, Amount: 618
name: b10902005, hole_card: ['H4', 'S3']
name: b11705006, hole_card: ['S4', 'D7']
"b11705006" declared "raise:618"
name: b10902005, hole_card: ['H4', 'S3']
name: b11705006, hole_card: ['S4', 'D7']
"b10902005" declared "fold:0"
"['b11705006']" won the round 1 (stack = {'b10902005': 990, 'b11705006': 1010})
community cards of this round: ['H3', 'H2', 'HK', 'S4', 'C2']
name: b10902005, hole_card: ['C9', 'SQ']
name: b11705006, hole_card: ['ST', 'H6']
Started the round 2
Street "preflop" started. (community card = [])
name: b10902005, hole_card: ['C9', 'SQ']
name: b11705006, hole_card: ['ST', 'H6']
"b10902005" declared "raise:38.06015430027589"
Action: call, Amount: 38.06015430027589
name: b10902005, hole_card: ['C9', 'SQ']
name: b11705006, hole_card: ['ST', 'H6']
"b11705006" declared "call:38.06015430027589"
Street "flop" started. (community card = ['H3', 'H2', 'HK'])
name: b10902005, hole_card: ['C9', 'SQ']
name: b11705006, hole_card: ['ST', 'H6']
"b10902005" declared "raise:65.56978402483007"
all_cards: ['ST', 'H6', 'H3', 'H2', 'HK']
rank_difference: 0
last action: RAISE, 65.56978402483007
raise: 131.13956804966014, 971.9398456997241
Action: fold, Amount: 0
name: b10902005, hole_card: ['C9', 'SQ']
name: b11705006, hole_card: ['ST', 'H6']
"b11705006" declared "fold:0"
"['b10902005']" won the round 2 (stack = {'b10902005': 1027.370061674894, 'b11705006': 971.9398456997241})
community cards of this round: ['HK', 'HA', 'S8', 'S9', 'HQ']
name: b10902005, hole_card: ['CQ', 'DA']
name: b11705006, hole_card: ['C3', 'CA']
Started the round 3
Street "preflop" started. (community card = [])
Action: call, Amount: 10
name: b10902005, hole_card: ['CQ', 'DA']
name: b11705006, hole_card: ['C3', 'CA']
"b11705006" declared "call:10"
name: b10902005, hole_card: ['CQ', 'DA']
name: b11705006, hole_card: ['C3', 'CA']
"b10902005" declared "raise:27.405629844808253"
Action: fold, Amount: 0
name: b10902005, hole_card: ['CQ', 'DA']
name: b11705006, hole_card: ['C3', 'CA']
"b11705006" declared "fold:0"
"['b10902005']" won the round 3 (stack = {'b10902005': 1036.9644318300857, 'b11705006': 961.9398456997241})
community cards of this round: ['S8', 'C9', 'SJ', 'C8', 'H7']
name: b10902005, hole_card: ['DJ', 'C7']
name: b11705006, hole_card: ['S7', 'D9']
Started the round 4
Street "preflop" started. (community card = [])
name: b10902005, hole_card: ['DJ', 'C7']
name: b11705006, hole_card: ['S7', 'D9']
"b10902005" declared "fold:0"
"['b11705006']" won the round 4 (stack = {'b10902005': 1031.9644318300857, 'b11705006': 966.9398456997241})
community cards of this round: ['S3', 'D6', 'H2', 'CJ', 'SJ']
name: b10902005, hole_card: ['C3', 'S9']
name: b11705006, hole_card: ['D4', 'H7']
Started the round 5
Street "preflop" started. (community card = [])
Action: call, Amount: 10
name: b10902005, hole_card: ['C3', 'S9']
name: b11705006, hole_card: ['D4', 'H7']
"b11705006" declared "call:10"
name: b10902005, hole_card: ['C3', 'S9']
name: b11705006, hole_card: ['D4', 'H7']
"b10902005" declared "call:10"
Street "flop" started. (community card = ['S3', 'D6', 'H2'])
all_cards: ['D4', 'H7', 'S3', 'D6', 'H2']
rank_difference: 0
raise: 10, 956.9398456997241
Action: call, Amount: 0
name: b10902005, hole_card: ['C3', 'S9']
name: b11705006, hole_card: ['D4', 'H7']
"b11705006" declared "call:0"
name: b10902005, hole_card: ['C3', 'S9']
name: b11705006, hole_card: ['D4', 'H7']
"b10902005" declared "raise:51.71137835337652"
all_cards: ['D4', 'H7', 'S3', 'D6', 'H2']
rank_difference: 0
last action: RAISE, 51.71137835337652
raise: 103.42275670675303, 956.9398456997241
Action: fold, Amount: 0
name: b10902005, hole_card: ['C3', 'S9']
name: b11705006, hole_card: ['D4', 'H7']
"b11705006" declared "fold:0"
"['b10902005']" won the round 5 (stack = {'b10902005': 1041.2530534767093, 'b11705006': 956.9398456997241})
community cards of this round: ['CT', 'SA', 'C9', 'D7', 'S2']
name: b10902005, hole_card: ['CJ', 'HJ']
name: b11705006, hole_card: ['C5', 'CK']
Started the round 6
Street "preflop" started. (community card = [])
name: b10902005, hole_card: ['CJ', 'HJ']
name: b11705006, hole_card: ['C5', 'CK']
"b10902005" declared "raise:54.738935287767745"
Action: fold, Amount: 0
name: b10902005, hole_card: ['CJ', 'HJ']
name: b11705006, hole_card: ['C5', 'CK']
"b11705006" declared "fold:0"
"['b10902005']" won the round 6 (stack = {'b10902005': 1050.5141181889417, 'b11705006': 946.9398456997241})
community cards of this round: ['D5', 'DT', 'SK', 'HJ', 'D9']
name: b10902005, hole_card: ['C6', 'S4']
name: b11705006, hole_card: ['S7', 'CT']
Started the round 7
Street "preflop" started. (community card = [])
Action: call, Amount: 10
name: b10902005, hole_card: ['C6', 'S4']
name: b11705006, hole_card: ['S7', 'CT']
"b11705006" declared "call:10"
name: b10902005, hole_card: ['C6', 'S4']
name: b11705006, hole_card: ['S7', 'CT']
"b10902005" declared "call:10"
Street "flop" started. (community card = ['D5', 'DT', 'SK'])
all_cards: ['S7', 'CT', 'D5', 'DT', 'SK']
rank_difference: 1
raise: 10, 936.9398456997241
Action: raise, Amount: 12
name: b10902005, hole_card: ['C6', 'S4']
name: b11705006, hole_card: ['S7', 'CT']
"b11705006" declared "raise:12"
name: b10902005, hole_card: ['C6', 'S4']
name: b11705006, hole_card: ['S7', 'CT']
"b10902005" declared "fold:0"
"['b11705006']" won the round 7 (stack = {'b10902005': 1040.5141181889417, 'b11705006': 956.9398456997241})
community cards of this round: ['CJ', 'DA', 'DT', 'D5', 'H8']
name: b10902005, hole_card: ['S2', 'C2']
name: b11705006, hole_card: ['H9', 'C3']
Started the round 8
Street "preflop" started. (community card = [])
name: b10902005, hole_card: ['S2', 'C2']
name: b11705006, hole_card: ['H9', 'C3']
"b10902005" declared "fold:0"
"['b11705006']" won the round 8 (stack = {'b10902005': 1035.5141181889417, 'b11705006': 961.9398456997241})
community cards of this round: ['CA', 'S5', 'HA', 'H8', 'H4']
name: b10902005, hole_card: ['CJ', 'C5']
name: b11705006, hole_card: ['CK', 'D2']
Started the round 9
Street "preflop" started. (community card = [])
Action: fold, Amount: 0
name: b10902005, hole_card: ['CJ', 'C5']
name: b11705006, hole_card: ['CK', 'D2']
"b11705006" declared "fold:0"
"['b10902005']" won the round 9 (stack = {'b10902005': 1040.5141181889417, 'b11705006': 956.9398456997241})
community cards of this round: ['HK', 'D8', 'ST', 'S6', 'C4']
name: b10902005, hole_card: ['SK', 'D6']
name: b11705006, hole_card: ['H6', 'S5']
Started the round 10
Street "preflop" started. (community card = [])
name: b10902005, hole_card: ['SK', 'D6']
name: b11705006, hole_card: ['H6', 'S5']
"b10902005" declared "call:10"
Action: call, Amount: 10
name: b10902005, hole_card: ['SK', 'D6']
name: b11705006, hole_card: ['H6', 'S5']
"b11705006" declared "call:10"
Street "flop" started. (community card = ['HK', 'D8', 'ST'])
name: b10902005, hole_card: ['SK', 'D6']
name: b11705006, hole_card: ['H6', 'S5']
"b10902005" declared "raise:85.75393154486586"
all_cards: ['H6', 'S5', 'HK', 'D8', 'ST']
rank_difference: 0
last action: RAISE, 85.75393154486586
raise: 171.50786308973173, 946.9398456997241
Action: fold, Amount: 0
name: b10902005, hole_card: ['SK', 'D6']
name: b11705006, hole_card: ['H6', 'S5']
"b11705006" declared "fold:0"
"['b10902005']" won the round 10 (stack = {'b10902005': 1049.760186644076, 'b11705006': 946.9398456997241})
community cards of this round: ['SK', 'CT', 'H3', 'H9', 'D4']
name: b10902005, hole_card: ['D7', 'CK']
name: b11705006, hole_card: ['C9', 'H7']
Started the round 11
Street "preflop" started. (community card = [])
Action: fold, Amount: 0
name: b10902005, hole_card: ['D7', 'CK']
name: b11705006, hole_card: ['C9', 'H7']
"b11705006" declared "fold:0"
"['b10902005']" won the round 11 (stack = {'b10902005': 1054.760186644076, 'b11705006': 941.9398456997241})
community cards of this round: ['HQ', 'HT', 'C3', 'H2', 'CQ']
name: b10902005, hole_card: ['S9', 'DK']
name: b11705006, hole_card: ['H4', 'C5']
Started the round 12
Street "preflop" started. (community card = [])
name: b10902005, hole_card: ['S9', 'DK']
name: b11705006, hole_card: ['H4', 'C5']
"b10902005" declared "call:10"
Action: call, Amount: 10
name: b10902005, hole_card: ['S9', 'DK']
name: b11705006, hole_card: ['H4', 'C5']
"b11705006" declared "call:10"
Street "flop" started. (community card = ['HQ', 'HT', 'C3'])
name: b10902005, hole_card: ['S9', 'DK']
name: b11705006, hole_card: ['H4', 'C5']
"b10902005" declared "call:0"
all_cards: ['H4', 'C5', 'HQ', 'HT', 'C3']
rank_difference: 0
raise: 10, 931.9398456997241
Action: call, Amount: 0
name: b10902005, hole_card: ['S9', 'DK']
name: b11705006, hole_card: ['H4', 'C5']
"b11705006" declared "call:0"
Street "turn" started. (community card = ['HQ', 'HT', 'C3', 'H2'])
name: b10902005, hole_card: ['S9', 'DK']
name: b11705006, hole_card: ['H4', 'C5']
"b10902005" declared "call:0"
all_cards: ['H4', 'C5', 'HQ', 'HT', 'C3', 'H2']
rank_difference: 0
raise: 10, 931.9398456997241
call
Action: call, Amount: 0
name: b10902005, hole_card: ['S9', 'DK']
name: b11705006, hole_card: ['H4', 'C5']
"b11705006" declared "call:0"
Street "river" started. (community card = ['HQ', 'HT', 'C3', 'H2', 'CQ'])
name: b10902005, hole_card: ['S9', 'DK']
name: b11705006, hole_card: ['H4', 'C5']
"b10902005" declared "call:0"
all_cards: ['H4', 'C5', 'HQ', 'HT', 'C3', 'H2', 'CQ']
rank_difference: 0
raise: 10, 931.9398456997241
call
Action: call, Amount: 0
name: b10902005, hole_card: ['S9', 'DK']
name: b11705006, hole_card: ['H4', 'C5']
"b11705006" declared "call:0"
"['b10902005']" won the round 12 (stack = {'b10902005': 1064.760186644076, 'b11705006': 931.9398456997241})
community cards of this round: ['SJ', 'S8', 'SA', 'C7', 'HA']
name: b10902005, hole_card: ['S2', 'D2']
name: b11705006, hole_card: ['H9', 'DK']
Started the round 13
Street "preflop" started. (community card = [])
Action: call, Amount: 10
name: b10902005, hole_card: ['S2', 'D2']
name: b11705006, hole_card: ['H9', 'DK']
"b11705006" declared "call:10"
name: b10902005, hole_card: ['S2', 'D2']
name: b11705006, hole_card: ['H9', 'DK']
"b10902005" declared "fold:0"
"['b11705006']" won the round 13 (stack = {'b10902005': 1054.760186644076, 'b11705006': 941.9398456997241})
community cards of this round: ['S7', 'D2', 'C4', 'D8', 'DQ']
name: b10902005, hole_card: ['S5', 'CQ']
name: b11705006, hole_card: ['H9', 'SQ']
Started the round 14
Street "preflop" started. (community card = [])
name: b10902005, hole_card: ['S5', 'CQ']
name: b11705006, hole_card: ['H9', 'SQ']
"b10902005" declared "fold:0"
"['b11705006']" won the round 14 (stack = {'b10902005': 1049.760186644076, 'b11705006': 946.9398456997241})
community cards of this round: ['D5', 'SQ', 'H6', 'D9', 'S6']
name: b10902005, hole_card: ['DJ', 'HK']
name: b11705006, hole_card: ['DT', 'S7']
Started the round 15
Street "preflop" started. (community card = [])
Action: call, Amount: 10
name: b10902005, hole_card: ['DJ', 'HK']
name: b11705006, hole_card: ['DT', 'S7']
"b11705006" declared "call:10"
name: b10902005, hole_card: ['DJ', 'HK']
name: b11705006, hole_card: ['DT', 'S7']
"b10902005" declared "fold:0"
"['b11705006']" won the round 15 (stack = {'b10902005': 1039.760186644076, 'b11705006': 956.9398456997241})
community cards of this round: ['DQ', 'D9', 'HJ', 'C3', 'D8']
name: b10902005, hole_card: ['C2', 'DT']
name: b11705006, hole_card: ['H4', 'S5']
Started the round 16
Street "preflop" started. (community card = [])
name: b10902005, hole_card: ['C2', 'DT']
name: b11705006, hole_card: ['H4', 'S5']
"b10902005" declared "fold:0"
"['b11705006']" won the round 16 (stack = {'b10902005': 1034.760186644076, 'b11705006': 961.9398456997241})
community cards of this round: ['SK', 'HQ', 'S7', 'D8', 'D4']
name: b10902005, hole_card: ['DQ', 'CK']
name: b11705006, hole_card: ['D7', 'HA']
Started the round 17
Street "preflop" started. (community card = [])
Action: fold, Amount: 0
name: b10902005, hole_card: ['DQ', 'CK']
name: b11705006, hole_card: ['D7', 'HA']
"b11705006" declared "fold:0"
"['b10902005']" won the round 17 (stack = {'b10902005': 1039.760186644076, 'b11705006': 956.9398456997241})
community cards of this round: ['H5', 'S4', 'S6', 'HA', 'SQ']
name: b10902005, hole_card: ['SJ', 'SK']
name: b11705006, hole_card: ['D2', 'CQ']
Started the round 18
Street "preflop" started. (community card = [])
name: b10902005, hole_card: ['SJ', 'SK']
name: b11705006, hole_card: ['D2', 'CQ']
"b10902005" declared "fold:0"
"['b11705006']" won the round 18 (stack = {'b10902005': 1034.760186644076, 'b11705006': 961.9398456997241})
community cards of this round: ['D2', 'HA', 'H7', 'S7', 'C6']
name: b10902005, hole_card: ['D5', 'SA']
name: b11705006, hole_card: ['SQ', 'CT']
Started the round 19
Street "preflop" started. (community card = [])
Action: call, Amount: 10
name: b10902005, hole_card: ['D5', 'SA']
name: b11705006, hole_card: ['SQ', 'CT']
"b11705006" declared "call:10"
name: b10902005, hole_card: ['D5', 'SA']
name: b11705006, hole_card: ['SQ', 'CT']
"b10902005" declared "fold:0"
"['b11705006']" won the round 19 (stack = {'b10902005': 1024.760186644076, 'b11705006': 971.9398456997241})
community cards of this round: ['S4', 'H7', 'HK', 'C6', 'S5']
name: b10902005, hole_card: ['D2', 'HJ']
name: b11705006, hole_card: ['ST', 'C8']
Started the round 20
Street "preflop" started. (community card = [])
name: b10902005, hole_card: ['D2', 'HJ']
name: b11705006, hole_card: ['ST', 'C8']
"b10902005" declared "fold:0"
"['b11705006']" won the round 20 (stack = {'b10902005': 1019.7601866440759, 'b11705006': 976.9398456997241})
b11705006 vs b10902005 - Game 3: {'rule': {'initial_stack': 1000, 'max_round': 20, 'small_blind_amount': 5, 'ante': 0, 'blind_structure': {}}, 'players': [{'name': 'b10902005', 'uuid': 'xjoukxjisbrzgqllnpwfge', 'stack': 1019.7601866440759, 'state': 'participating'}, {'name': 'b11705006', 'uuid': 'rhiyfsnhnraudrilwritnw', 'stack': 976.9398456997241, 'state': 'participating'}]}
community cards of this round: ['DT', 'CJ', 'H9', 'S6', 'S8']
name: b11705006, hole_card: ['H4', 'S3']
name: b10902005, hole_card: ['S4', 'D7']
Started the round 1
Street "preflop" started. (community card = [])
name: b11705006, hole_card: ['H4', 'S3']
name: b10902005, hole_card: ['S4', 'D7']
"b10902005" declared "fold:0"
"['b11705006']" won the round 1 (stack = {'b11705006': 1005, 'b10902005': 995})
community cards of this round: ['H3', 'H2', 'HK', 'S4', 'C2']
name: b11705006, hole_card: ['C9', 'SQ']
name: b10902005, hole_card: ['ST', 'H6']
Started the round 2
Street "preflop" started. (community card = [])
Action: call, Amount: 10
name: b11705006, hole_card: ['C9', 'SQ']
name: b10902005, hole_card: ['ST', 'H6']
"b11705006" declared "call:10"
name: b11705006, hole_card: ['C9', 'SQ']
name: b10902005, hole_card: ['ST', 'H6']
"b10902005" declared "raise:16.074898066011556"
Action: call, Amount: 16.074898066011556
name: b11705006, hole_card: ['C9', 'SQ']
name: b10902005, hole_card: ['ST', 'H6']
"b11705006" declared "call:16.074898066011556"
Street "flop" started. (community card = ['H3', 'H2', 'HK'])
all_cards: ['C9', 'SQ', 'H3', 'H2', 'HK']
rank_difference: 0
raise: 10, 988.9251019339885
Action: call, Amount: 0
name: b11705006, hole_card: ['C9', 'SQ']
name: b10902005, hole_card: ['ST', 'H6']
"b11705006" declared "call:0"
name: b11705006, hole_card: ['C9', 'SQ']
name: b10902005, hole_card: ['ST', 'H6']
"b10902005" declared "call:0"
Street "turn" started. (community card = ['H3', 'H2', 'HK', 'S4'])
all_cards: ['C9', 'SQ', 'H3', 'H2', 'HK', 'S4']
rank_difference: 0
raise: 10, 988.9251019339885
call
Action: call, Amount: 0
name: b11705006, hole_card: ['C9', 'SQ']
name: b10902005, hole_card: ['ST', 'H6']
"b11705006" declared "call:0"
name: b11705006, hole_card: ['C9', 'SQ']
name: b10902005, hole_card: ['ST', 'H6']
"b10902005" declared "call:0"
Street "river" started. (community card = ['H3', 'H2', 'HK', 'S4', 'C2'])
all_cards: ['C9', 'SQ', 'H3', 'H2', 'HK', 'S4', 'C2']
rank_difference: 0
raise: 10, 988.9251019339885
call
Action: call, Amount: 0
name: b11705006, hole_card: ['C9', 'SQ']
name: b10902005, hole_card: ['ST', 'H6']
"b11705006" declared "call:0"
name: b11705006, hole_card: ['C9', 'SQ']
name: b10902005, hole_card: ['ST', 'H6']
"b10902005" declared "call:0"
"['b11705006']" won the round 2 (stack = {'b11705006': 1020.9251019339885, 'b10902005': 978.9251019339885})
community cards of this round: ['HK', 'HA', 'S8', 'S9', 'HQ']
name: b11705006, hole_card: ['CQ', 'DA']
name: b10902005, hole_card: ['C3', 'CA']
Started the round 3
Street "preflop" started. (community card = [])
name: b11705006, hole_card: ['CQ', 'DA']
name: b10902005, hole_card: ['C3', 'CA']
"b10902005" declared "raise:72.22486469277302"
Action: raise, Amount: 134.44972938554605
name: b11705006, hole_card: ['CQ', 'DA']
name: b10902005, hole_card: ['C3', 'CA']
"b11705006" declared "raise:134.44972938554605"
name: b11705006, hole_card: ['CQ', 'DA']
name: b10902005, hole_card: ['C3', 'CA']
"b10902005" declared "fold:0"
"['b11705006']" won the round 3 (stack = {'b11705006': 1092.4753725484425, 'b10902005': 906.7002372412154})
community cards of this round: ['S8', 'C9', 'SJ', 'C8', 'H7']
name: b11705006, hole_card: ['DJ', 'C7']
name: b10902005, hole_card: ['S7', 'D9']
Started the round 4
Street "preflop" started. (community card = [])
Action: call, Amount: 10
name: b11705006, hole_card: ['DJ', 'C7']
name: b10902005, hole_card: ['S7', 'D9']
"b11705006" declared "call:10"
name: b11705006, hole_card: ['DJ', 'C7']
name: b10902005, hole_card: ['S7', 'D9']
"b10902005" declared "raise:468.4181573893947"
name: b11705006, hole_card: ['DJ', 'C7']
name: b10902005, hole_card: ['S7', 'D9']
"b11705006" declared "fold:0"
"['b10902005']" won the round 4 (stack = {'b11705006': 1082.4753725484425, 'b10902005': 916.2820798518208})
community cards of this round: ['S3', 'D6', 'H2', 'CJ', 'SJ']
name: b11705006, hole_card: ['C3', 'S9']
name: b10902005, hole_card: ['D4', 'H7']
Started the round 5
Street "preflop" started. (community card = [])
name: b11705006, hole_card: ['C3', 'S9']
name: b10902005, hole_card: ['D4', 'H7']
"b10902005" declared "raise:334.1485319846026"
name: b11705006, hole_card: ['C3', 'S9']
name: b10902005, hole_card: ['D4', 'H7']
"b11705006" declared "fold:0"
"['b10902005']" won the round 5 (stack = {'b11705006': 1072.4753725484425, 'b10902005': 926.1335478672181})
community cards of this round: ['CT', 'SA', 'C9', 'D7', 'S2']
name: b11705006, hole_card: ['CJ', 'HJ']
name: b10902005, hole_card: ['C5', 'CK']
Started the round 6
Street "preflop" started. (community card = [])
Action: raise, Amount: 35
name: b11705006, hole_card: ['CJ', 'HJ']
name: b10902005, hole_card: ['C5', 'CK']
"b11705006" declared "raise:35"
name: b11705006, hole_card: ['CJ', 'HJ']
name: b10902005, hole_card: ['C5', 'CK']
"b10902005" declared "raise:374.6834568566536"
name: b11705006, hole_card: ['CJ', 'HJ']
name: b10902005, hole_card: ['C5', 'CK']
"b11705006" declared "fold:0"
"['b10902005']" won the round 6 (stack = {'b11705006': 1037.4753725484425, 'b10902005': 960.4500910105645})
community cards of this round: ['D5', 'DT', 'SK', 'HJ', 'D9']
name: b11705006, hole_card: ['C6', 'S4']
name: b10902005, hole_card: ['S7', 'CT']
Started the round 7
Street "preflop" started. (community card = [])
name: b11705006, hole_card: ['C6', 'S4']
name: b10902005, hole_card: ['S7', 'CT']
"b10902005" declared "raise:143.07733360839657"
Action: call, Amount: 143.07733360839657
name: b11705006, hole_card: ['C6', 'S4']
name: b10902005, hole_card: ['S7', 'CT']
"b11705006" declared "call:143.07733360839657"
Street "flop" started. (community card = ['D5', 'DT', 'SK'])
name: b11705006, hole_card: ['C6', 'S4']
name: b10902005, hole_card: ['S7', 'CT']
"b10902005" declared "call:0"
all_cards: ['C6', 'S4', 'D5', 'DT', 'SK']
rank_difference: 0
raise: 10, 894.3980389400459
Action: call, Amount: 0
name: b11705006, hole_card: ['C6', 'S4']
name: b10902005, hole_card: ['S7', 'CT']
"b11705006" declared "call:0"
Street "turn" started. (community card = ['D5', 'DT', 'SK', 'HJ'])
name: b11705006, hole_card: ['C6', 'S4']
name: b10902005, hole_card: ['S7', 'CT']
"b10902005" declared "call:0"
all_cards: ['C6', 'S4', 'D5', 'DT', 'SK', 'HJ']
rank_difference: 0
raise: 10, 894.3980389400459
call
Action: call, Amount: 0
name: b11705006, hole_card: ['C6', 'S4']
name: b10902005, hole_card: ['S7', 'CT']
"b11705006" declared "call:0"
Street "river" started. (community card = ['D5', 'DT', 'SK', 'HJ', 'D9'])
name: b11705006, hole_card: ['C6', 'S4']
name: b10902005, hole_card: ['S7', 'CT']
"b10902005" declared "call:0"
all_cards: ['C6', 'S4', 'D5', 'DT', 'SK', 'HJ', 'D9']
rank_difference: 0
raise: 10, 894.3980389400459
call
Action: call, Amount: 0
name: b11705006, hole_card: ['C6', 'S4']
name: b10902005, hole_card: ['S7', 'CT']
"b11705006" declared "call:0"
"['b10902005']" won the round 7 (stack = {'b11705006': 894.3980389400459, 'b10902005': 1103.372757402168})
community cards of this round: ['CJ', 'DA', 'DT', 'D5', 'H8']
name: b11705006, hole_card: ['S2', 'C2']
name: b10902005, hole_card: ['H9', 'C3']
Started the round 8
Street "preflop" started. (community card = [])
Action: call, Amount: 10
name: b11705006, hole_card: ['S2', 'C2']
name: b10902005, hole_card: ['H9', 'C3']
"b11705006" declared "call:10"
name: b11705006, hole_card: ['S2', 'C2']
name: b10902005, hole_card: ['H9', 'C3']
"b10902005" declared "fold:0"
"['b11705006']" won the round 8 (stack = {'b11705006': 904.3980389400459, 'b10902005': 1093.372757402168})
community cards of this round: ['CA', 'S5', 'HA', 'H8', 'H4']
name: b11705006, hole_card: ['CJ', 'C5']
name: b10902005, hole_card: ['CK', 'D2']
Started the round 9
Street "preflop" started. (community card = [])
name: b11705006, hole_card: ['CJ', 'C5']
name: b10902005, hole_card: ['CK', 'D2']
"b10902005" declared "fold:0"
"['b11705006']" won the round 9 (stack = {'b11705006': 909.3980389400459, 'b10902005': 1088.372757402168})
community cards of this round: ['HK', 'D8', 'ST', 'S6', 'C4']
name: b11705006, hole_card: ['SK', 'D6']
name: b10902005, hole_card: ['H6', 'S5']
Started the round 10
Street "preflop" started. (community card = [])
Action: call, Amount: 10
name: b11705006, hole_card: ['SK', 'D6']
name: b10902005, hole_card: ['H6', 'S5']
"b11705006" declared "call:10"
name: b11705006, hole_card: ['SK', 'D6']
name: b10902005, hole_card: ['H6', 'S5']
"b10902005" declared "fold:0"
"['b11705006']" won the round 10 (stack = {'b11705006': 919.3980389400459, 'b10902005': 1078.372757402168})
community cards of this round: ['SK', 'CT', 'H3', 'H9', 'D4']
name: b11705006, hole_card: ['D7', 'CK']
name: b10902005, hole_card: ['C9', 'H7']
Started the round 11
Street "preflop" started. (community card = [])
name: b11705006, hole_card: ['D7', 'CK']
name: b10902005, hole_card: ['C9', 'H7']
"b10902005" declared "fold:0"
"['b11705006']" won the round 11 (stack = {'b11705006': 924.3980389400459, 'b10902005': 1073.372757402168})
community cards of this round: ['HQ', 'HT', 'C3', 'H2', 'CQ']
name: b11705006, hole_card: ['S9', 'DK']
name: b10902005, hole_card: ['H4', 'C5']
Started the round 12
Street "preflop" started. (community card = [])
Action: call, Amount: 10
name: b11705006, hole_card: ['S9', 'DK']
name: b10902005, hole_card: ['H4', 'C5']
"b11705006" declared "call:10"
name: b11705006, hole_card: ['S9', 'DK']
name: b10902005, hole_card: ['H4', 'C5']
"b10902005" declared "fold:0"
"['b11705006']" won the round 12 (stack = {'b11705006': 934.3980389400459, 'b10902005': 1063.372757402168})
community cards of this round: ['SJ', 'S8', 'SA', 'C7', 'HA']
name: b11705006, hole_card: ['S2', 'D2']
name: b10902005, hole_card: ['H9', 'DK']
Started the round 13
Street "preflop" started. (community card = [])
name: b11705006, hole_card: ['S2', 'D2']
name: b10902005, hole_card: ['H9', 'DK']
"b10902005" declared "fold:0"
"['b11705006']" won the round 13 (stack = {'b11705006': 939.3980389400459, 'b10902005': 1058.372757402168})
community cards of this round: ['S7', 'D2', 'C4', 'D8', 'DQ']
name: b11705006, hole_card: ['S5', 'CQ']
name: b10902005, hole_card: ['H9', 'SQ']
Started the round 14
Street "preflop" started. (community card = [])
Action: call, Amount: 10
name: b11705006, hole_card: ['S5', 'CQ']
name: b10902005, hole_card: ['H9', 'SQ']
"b11705006" declared "call:10"
name: b11705006, hole_card: ['S5', 'CQ']
name: b10902005, hole_card: ['H9', 'SQ']
"b10902005" declared "fold:0"
"['b11705006']" won the round 14 (stack = {'b11705006': 949.3980389400459, 'b10902005': 1048.372757402168})
community cards of this round: ['D5', 'SQ', 'H6', 'D9', 'S6']
name: b11705006, hole_card: ['DJ', 'HK']
name: b10902005, hole_card: ['DT', 'S7']
Started the round 15
Street "preflop" started. (community card = [])
name: b11705006, hole_card: ['DJ', 'HK']
name: b10902005, hole_card: ['DT', 'S7']
"b10902005" declared "fold:0"
"['b11705006']" won the round 15 (stack = {'b11705006': 954.3980389400459, 'b10902005': 1043.372757402168})
community cards of this round: ['DQ', 'D9', 'HJ', 'C3', 'D8']
name: b11705006, hole_card: ['C2', 'DT']
name: b10902005, hole_card: ['H4', 'S5']
Started the round 16
Street "preflop" started. (community card = [])
Action: call, Amount: 10
name: b11705006, hole_card: ['C2', 'DT']
name: b10902005, hole_card: ['H4', 'S5']
"b11705006" declared "call:10"
name: b11705006, hole_card: ['C2', 'DT']
name: b10902005, hole_card: ['H4', 'S5']
"b10902005" declared "fold:0"
"['b11705006']" won the round 16 (stack = {'b11705006': 964.3980389400459, 'b10902005': 1033.372757402168})
community cards of this round: ['SK', 'HQ', 'S7', 'D8', 'D4']
name: b11705006, hole_card: ['DQ', 'CK']
name: b10902005, hole_card: ['D7', 'HA']
Started the round 17
Street "preflop" started. (community card = [])
name: b11705006, hole_card: ['DQ', 'CK']
name: b10902005, hole_card: ['D7', 'HA']
"b10902005" declared "fold:0"
"['b11705006']" won the round 17 (stack = {'b11705006': 969.3980389400459, 'b10902005': 1028.372757402168})
community cards of this round: ['H5', 'S4', 'S6', 'HA', 'SQ']
name: b11705006, hole_card: ['SJ', 'SK']
name: b10902005, hole_card: ['D2', 'CQ']
Started the round 18
Street "preflop" started. (community card = [])
Action: call, Amount: 10
name: b11705006, hole_card: ['SJ', 'SK']
name: b10902005, hole_card: ['D2', 'CQ']
"b11705006" declared "call:10"
name: b11705006, hole_card: ['SJ', 'SK']
name: b10902005, hole_card: ['D2', 'CQ']
"b10902005" declared "fold:0"
"['b11705006']" won the round 18 (stack = {'b11705006': 979.3980389400459, 'b10902005': 1018.372757402168})
community cards of this round: ['D2', 'HA', 'H7', 'S7', 'C6']
name: b11705006, hole_card: ['D5', 'SA']
name: b10902005, hole_card: ['SQ', 'CT']
Started the round 19
Street "preflop" started. (community card = [])
name: b11705006, hole_card: ['D5', 'SA']
name: b10902005, hole_card: ['SQ', 'CT']
"b10902005" declared "fold:0"
"['b11705006']" won the round 19 (stack = {'b11705006': 984.3980389400459, 'b10902005': 1013.372757402168})
community cards of this round: ['S4', 'H7', 'HK', 'C6', 'S5']
name: b11705006, hole_card: ['D2', 'HJ']
name: b10902005, hole_card: ['ST', 'C8']
Started the round 20
Street "preflop" started. (community card = [])
Action: call, Amount: 10
name: b11705006, hole_card: ['D2', 'HJ']
name: b10902005, hole_card: ['ST', 'C8']
"b11705006" declared "call:10"
name: b11705006, hole_card: ['D2', 'HJ']
name: b10902005, hole_card: ['ST', 'C8']
"b10902005" declared "fold:0"
"['b11705006']" won the round 20 (stack = {'b11705006': 994.3980389400459, 'b10902005': 1003.372757402168})
b11705006 vs b10902005 - Game 4: {'rule': {'initial_stack': 1000, 'max_round': 20, 'small_blind_amount': 5, 'ante': 0, 'blind_structure': {}}, 'players': [{'name': 'b11705006', 'uuid': 'vhkabauwqzupneuzlihzjb', 'stack': 994.3980389400459, 'state': 'participating'}, {'name': 'b10902005', 'uuid': 'bmqczrujiutcbubzkqdwer', 'stack': 1003.372757402168, 'state': 'participating'}]}
community cards of this round: ['C8', 'H6', 'ST', 'C2', 'H4']
name: b10902005, hole_card: ['CJ', 'S2']
name: b11705006, hole_card: ['HJ', 'S5']
Started the round 1
Street "preflop" started. (community card = [])
Action: call, Amount: 10
name: b10902005, hole_card: ['CJ', 'S2']
name: b11705006, hole_card: ['HJ', 'S5']
"b11705006" declared "call:10"
name: b10902005, hole_card: ['CJ', 'S2']
name: b11705006, hole_card: ['HJ', 'S5']
"b10902005" declared "call:10"
Street "flop" started. (community card = ['C8', 'H6', 'ST'])
all_cards: ['HJ', 'S5', 'C8', 'H6', 'ST']
rank_difference: 0
raise: 10, 990
Action: call, Amount: 0
name: b10902005, hole_card: ['CJ', 'S2']
name: b11705006, hole_card: ['HJ', 'S5']
"b11705006" declared "call:0"
name: b10902005, hole_card: ['CJ', 'S2']
name: b11705006, hole_card: ['HJ', 'S5']
"b10902005" declared "call:0"
Street "turn" started. (community card = ['C8', 'H6', 'ST', 'C2'])
all_cards: ['HJ', 'S5', 'C8', 'H6', 'ST', 'C2']
rank_difference: 0
raise: 10, 990
call
Action: call, Amount: 0
name: b10902005, hole_card: ['CJ', 'S2']
name: b11705006, hole_card: ['HJ', 'S5']
"b11705006" declared "call:0"
name: b10902005, hole_card: ['CJ', 'S2']
name: b11705006, hole_card: ['HJ', 'S5']
"b10902005" declared "raise:24.623878536922007"
all_cards: ['HJ', 'S5', 'C8', 'H6', 'ST', 'C2']
rank_difference: 0
last action: RAISE, 24.623878536922007
raise: 49.247757073844014, 990
random
Action: fold, Amount: 0
name: b10902005, hole_card: ['CJ', 'S2']
name: b11705006, hole_card: ['HJ', 'S5']
"b11705006" declared "fold:0"
"['b10902005']" won the round 1 (stack = {'b10902005': 1009.376121463078, 'b11705006': 990})
community cards of this round: ['HQ', 'CK', 'D3', 'S4', 'DK']
name: b10902005, hole_card: ['CA', 'DJ']
name: b11705006, hole_card: ['C5', 'SJ']
Started the round 2
Street "preflop" started. (community card = [])
name: b10902005, hole_card: ['CA', 'DJ']
name: b11705006, hole_card: ['C5', 'SJ']
"b10902005" declared "raise:26.57519436539104"
Action: call, Amount: 26.57519436539104
name: b10902005, hole_card: ['CA', 'DJ']
name: b11705006, hole_card: ['C5', 'SJ']
"b11705006" declared "call:26.57519436539104"
Street "flop" started. (community card = ['HQ', 'CK', 'D3'])
name: b10902005, hole_card: ['CA', 'DJ']
name: b11705006, hole_card: ['C5', 'SJ']
"b10902005" declared "raise:44.25941886208793"
all_cards: ['C5', 'SJ', 'HQ', 'CK', 'D3']
rank_difference: 0
last action: RAISE, 44.25941886208793
raise: 88.51883772417585, 963.4248056346089
Action: fold, Amount: 0
name: b10902005, hole_card: ['CA', 'DJ']
name: b11705006, hole_card: ['C5', 'SJ']
"b11705006" declared "fold:0"
"['b10902005']" won the round 2 (stack = {'b10902005': 1035.541508235599, 'b11705006': 963.4248056346089})
community cards of this round: ['S9', 'C4', 'D8', 'DK', 'S7']
name: b10902005, hole_card: ['DA', 'SK']
name: b11705006, hole_card: ['S6', 'D6']
Started the round 3
Street "preflop" started. (community card = [])
Action: call, Amount: 10
name: b10902005, hole_card: ['DA', 'SK']
name: b11705006, hole_card: ['S6', 'D6']
"b11705006" declared "call:10"
name: b10902005, hole_card: ['DA', 'SK']
name: b11705006, hole_card: ['S6', 'D6']
"b10902005" declared "raise:29.25222904695859"
Action: call, Amount: 29.25222904695859
name: b10902005, hole_card: ['DA', 'SK']
name: b11705006, hole_card: ['S6', 'D6']
"b11705006" declared "call:29.25222904695859"
Street "flop" started. (community card = ['S9', 'C4', 'D8'])
all_cards: ['S6', 'D6', 'S9', 'C4', 'D8']
rank_difference: 1
raise: 10, 934.1725765876503
Action: raise, Amount: 32
name: b10902005, hole_card: ['DA', 'SK']
name: b11705006, hole_card: ['S6', 'D6']
"b11705006" declared "raise:32"
name: b10902005, hole_card: ['DA', 'SK']
name: b11705006, hole_card: ['S6', 'D6']
"b10902005" declared "fold:0"
"['b11705006']" won the round 3 (stack = {'b10902005': 1006.2892791886403, 'b11705006': 992.1725765876503})
community cards of this round: ['S4', 'H6', 'C9', 'CK', 'D8']
name: b10902005, hole_card: ['DA', 'D2']
name: b11705006, hole_card: ['C3', 'S2']
Started the round 4
Street "preflop" started. (community card = [])
name: b10902005, hole_card: ['DA', 'D2']
name: b11705006, hole_card: ['C3', 'S2']
"b10902005" declared "fold:0"
"['b11705006']" won the round 4 (stack = {'b10902005': 1001.2892791886403, 'b11705006': 997.1725765876503})
community cards of this round: ['H7', 'D9', 'HQ', 'S8', 'CQ']
name: b10902005, hole_card: ['H6', 'HA']
name: b11705006, hole_card: ['HT', 'SJ']
Started the round 5
Street "preflop" started. (community card = [])
Action: call, Amount: 10
name: b10902005, hole_card: ['H6', 'HA']
name: b11705006, hole_card: ['HT', 'SJ']
"b11705006" declared "call:10"
name: b10902005, hole_card: ['H6', 'HA']
name: b11705006, hole_card: ['HT', 'SJ']
"b10902005" declared "raise:34.60103633146148"
Action: call, Amount: 34.60103633146148
name: b10902005, hole_card: ['H6', 'HA']
name: b11705006, hole_card: ['HT', 'SJ']
"b11705006" declared "call:34.60103633146148"
Street "flop" started. (community card = ['H7', 'D9', 'HQ'])
all_cards: ['HT', 'SJ', 'H7', 'D9', 'HQ']
rank_difference: 0
raise: 10, 962.5715402561888
Action: call, Amount: 0
name: b10902005, hole_card: ['H6', 'HA']
name: b11705006, hole_card: ['HT', 'SJ']
"b11705006" declared "call:0"
name: b10902005, hole_card: ['H6', 'HA']
name: b11705006, hole_card: ['HT', 'SJ']
"b10902005" declared "raise:69.52929529640022"
all_cards: ['HT', 'SJ', 'H7', 'D9', 'HQ']
rank_difference: 0
last action: RAISE, 69.52929529640022
raise: 139.05859059280044, 962.5715402561888
Action: fold, Amount: 0
name: b10902005, hole_card: ['H6', 'HA']
name: b11705006, hole_card: ['HT', 'SJ']
"b11705006" declared "fold:0"
"['b10902005']" won the round 5 (stack = {'b10902005': 1035.1589475607786, 'b11705006': 962.5715402561888})
community cards of this round: ['CQ', 'CA', 'DA', 'D6', 'H9']
name: b10902005, hole_card: ['SJ', 'C8']
name: b11705006, hole_card: ['H4', 'S9']
Started the round 6
Street "preflop" started. (community card = [])
name: b10902005, hole_card: ['SJ', 'C8']
name: b11705006, hole_card: ['H4', 'S9']
"b10902005" declared "fold:0"
"['b11705006']" won the round 6 (stack = {'b10902005': 1030.1589475607786, 'b11705006': 967.5715402561888})
community cards of this round: ['C7', 'S6', 'S9', 'CT', 'S5']
name: b10902005, hole_card: ['C3', 'ST']
name: b11705006, hole_card: ['H6', 'D2']
Started the round 7
Street "preflop" started. (community card = [])
Action: call, Amount: 10
name: b10902005, hole_card: ['C3', 'ST']
name: b11705006, hole_card: ['H6', 'D2']
"b11705006" declared "call:10"
name: b10902005, hole_card: ['C3', 'ST']
name: b11705006, hole_card: ['H6', 'D2']
"b10902005" declared "call:10"
Street "flop" started. (community card = ['C7', 'S6', 'S9'])
all_cards: ['H6', 'D2', 'C7', 'S6', 'S9']
rank_difference: 1
raise: 10, 957.5715402561888
Action: raise, Amount: 22
name: b10902005, hole_card: ['C3', 'ST']
name: b11705006, hole_card: ['H6', 'D2']
"b11705006" declared "raise:22"
name: b10902005, hole_card: ['C3', 'ST']
name: b11705006, hole_card: ['H6', 'D2']
"b10902005" declared "fold:0"
"['b11705006']" won the round 7 (stack = {'b10902005': 1020.1589475607786, 'b11705006': 977.5715402561888})
community cards of this round: ['H8', 'C9', 'SK', 'DA', 'H2']
name: b10902005, hole_card: ['S8', 'S5']
name: b11705006, hole_card: ['CJ', 'D4']
Started the round 8
Street "preflop" started. (community card = [])
name: b10902005, hole_card: ['S8', 'S5']
name: b11705006, hole_card: ['CJ', 'D4']
"b10902005" declared "fold:0"
"['b11705006']" won the round 8 (stack = {'b10902005': 1015.1589475607786, 'b11705006': 982.5715402561888})
community cards of this round: ['CA', 'SJ', 'DQ', 'SK', 'HJ']
name: b10902005, hole_card: ['DA', 'D9']
name: b11705006, hole_card: ['HK', 'CT']
Started the round 9
Street "preflop" started. (community card = [])
Action: fold, Amount: 0
name: b10902005, hole_card: ['DA', 'D9']
name: b11705006, hole_card: ['HK', 'CT']
"b11705006" declared "fold:0"
"['b10902005']" won the round 9 (stack = {'b10902005': 1020.1589475607786, 'b11705006': 977.5715402561888})
community cards of this round: ['H6', 'C4', 'SK', 'D9', 'C3']
name: b10902005, hole_card: ['CQ', 'H7']
name: b11705006, hole_card: ['SQ', 'CK']
Started the round 10
Street "preflop" started. (community card = [])
name: b10902005, hole_card: ['CQ', 'H7']
name: b11705006, hole_card: ['SQ', 'CK']
"b10902005" declared "fold:0"
"['b11705006']" won the round 10 (stack = {'b10902005': 1015.1589475607786, 'b11705006': 982.5715402561888})
community cards of this round: ['D3', 'S2', 'C2', 'S9', 'S5']
name: b10902005, hole_card: ['DK', 'SQ']
name: b11705006, hole_card: ['CQ', 'D5']
Started the round 11
Street "preflop" started. (community card = [])
Action: fold, Amount: 0
name: b10902005, hole_card: ['DK', 'SQ']
name: b11705006, hole_card: ['CQ', 'D5']
"b11705006" declared "fold:0"
"['b10902005']" won the round 11 (stack = {'b10902005': 1020.1589475607786, 'b11705006': 977.5715402561888})
community cards of this round: ['SJ', 'CT', 'H5', 'C8', 'HT']
name: b10902005, hole_card: ['S6', 'D5']
name: b11705006, hole_card: ['CQ', 'H6']
Started the round 12
Street "preflop" started. (community card = [])
name: b10902005, hole_card: ['S6', 'D5']
name: b11705006, hole_card: ['CQ', 'H6']
"b10902005" declared "fold:0"
"['b11705006']" won the round 12 (stack = {'b10902005': 1015.1589475607786, 'b11705006': 982.5715402561888})
community cards of this round: ['H2', 'H8', 'DJ', 'DQ', 'HK']
name: b10902005, hole_card: ['S6', 'S2']
name: b11705006, hole_card: ['CJ', 'H9']
Started the round 13
Street "preflop" started. (community card = [])
Action: raise, Amount: 20
name: b10902005, hole_card: ['S6', 'S2']
name: b11705006, hole_card: ['CJ', 'H9']
"b11705006" declared "raise:20"
name: b10902005, hole_card: ['S6', 'S2']
name: b11705006, hole_card: ['CJ', 'H9']
"b10902005" declared "fold:0"
"['b11705006']" won the round 13 (stack = {'b10902005': 1005.1589475607786, 'b11705006': 992.5715402561888})
community cards of this round: ['H8', 'S4', 'CA', 'C7', 'H3']
name: b10902005, hole_card: ['CQ', 'H4']
name: b11705006, hole_card: ['CK', 'HA']
Started the round 14
Street "preflop" started. (community card = [])
name: b10902005, hole_card: ['CQ', 'H4']
name: b11705006, hole_card: ['CK', 'HA']
"b10902005" declared "fold:0"
"['b11705006']" won the round 14 (stack = {'b10902005': 1000.1589475607786, 'b11705006': 997.5715402561888})
community cards of this round: ['H7', 'DQ', 'SA', 'HA', 'H9']
name: b10902005, hole_card: ['S3', 'HJ']
name: b11705006, hole_card: ['CQ', 'S7']
Started the round 15
Street "preflop" started. (community card = [])
Action: call, Amount: 10
name: b10902005, hole_card: ['S3', 'HJ']
name: b11705006, hole_card: ['CQ', 'S7']
"b11705006" declared "call:10"
name: b10902005, hole_card: ['S3', 'HJ']
name: b11705006, hole_card: ['CQ', 'S7']
"b10902005" declared "raise:37.6093819568774"
Action: call, Amount: 37.6093819568774
name: b10902005, hole_card: ['S3', 'HJ']
name: b11705006, hole_card: ['CQ', 'S7']
"b11705006" declared "call:37.6093819568774"
Street "flop" started. (community card = ['H7', 'DQ', 'SA'])
all_cards: ['CQ', 'S7', 'H7', 'DQ', 'SA']
rank_difference: 4
raise: 10, 959.9621582993113
Action: raise, Amount: 65
name: b10902005, hole_card: ['S3', 'HJ']
name: b11705006, hole_card: ['CQ', 'S7']
"b11705006" declared "raise:65"
name: b10902005, hole_card: ['S3', 'HJ']
name: b11705006, hole_card: ['CQ', 'S7']
"b10902005" declared "call:65"
Street "turn" started. (community card = ['H7', 'DQ', 'SA', 'HA'])
all_cards: ['CQ', 'S7', 'H7', 'DQ', 'SA', 'HA']
rank_difference: 0
raise: 10, 894.9621582993113
call
Action: call, Amount: 0
name: b10902005, hole_card: ['S3', 'HJ']
name: b11705006, hole_card: ['CQ', 'S7']
"b11705006" declared "call:0"
name: b10902005, hole_card: ['S3', 'HJ']
name: b11705006, hole_card: ['CQ', 'S7']
"b10902005" declared "call:0"
Street "river" started. (community card = ['H7', 'DQ', 'SA', 'HA', 'H9'])
all_cards: ['CQ', 'S7', 'H7', 'DQ', 'SA', 'HA', 'H9']
rank_difference: 0
raise: 10, 894.9621582993113
call
Action: call, Amount: 0
name: b10902005, hole_card: ['S3', 'HJ']
name: b11705006, hole_card: ['CQ', 'S7']
"b11705006" declared "call:0"
name: b10902005, hole_card: ['S3', 'HJ']
name: b11705006, hole_card: ['CQ', 'S7']
"b10902005" declared "call:0"
"['b11705006']" won the round 15 (stack = {'b10902005': 897.5495656039012, 'b11705006': 1099.9621582993113})
community cards of this round: ['C9', 'DA', 'S9', 'C2', 'C6']
name: b10902005, hole_card: ['DQ', 'D6']
name: b11705006, hole_card: ['DT', 'D8']
Started the round 16
Street "preflop" started. (community card = [])
name: b10902005, hole_card: ['DQ', 'D6']
name: b11705006, hole_card: ['DT', 'D8']
"b10902005" declared "raise:897.5495656039012"
name: b10902005, hole_card: ['DQ', 'D6']
name: b11705006, hole_card: ['DT', 'D8']
"b11705006" declared "fold:0"
"['b10902005']" won the round 16 (stack = {'b10902005': 907.0, 'b11705006': 1089.9621582993113})
community cards of this round: ['C5', 'D4', 'H7', 'HJ', 'SK']
name: b10902005, hole_card: ['H5', 'DT']
name: b11705006, hole_card: ['CA', 'HK']
Started the round 17
Street "preflop" started. (community card = [])
name: b10902005, hole_card: ['H5', 'DT']
name: b11705006, hole_card: ['CA', 'HK']
"b11705006" declared "fold:0"
"['b10902005']" won the round 17 (stack = {'b10902005': 912.0, 'b11705006': 1084.9621582993113})
community cards of this round: ['DT', 'HK', 'C5', 'D3', 'DQ']
name: b10902005, hole_card: ['SA', 'D6']
name: b11705006, hole_card: ['C8', 'CJ']
Started the round 18
Street "preflop" started. (community card = [])
name: b10902005, hole_card: ['SA', 'D6']
name: b11705006, hole_card: ['C8', 'CJ']
"b10902005" declared "raise:912.0"
name: b10902005, hole_card: ['SA', 'D6']
name: b11705006, hole_card: ['C8', 'CJ']
"b11705006" declared "fold:0"
"['b10902005']" won the round 18 (stack = {'b10902005': 922.0, 'b11705006': 1074.9621582993113})
community cards of this round: ['H2', 'H3', 'D6', 'S8', 'SQ']
name: b10902005, hole_card: ['ST', 'S6']
name: b11705006, hole_card: ['C6', 'S3']
Started the round 19
Street "preflop" started. (community card = [])
name: b10902005, hole_card: ['ST', 'S6']
name: b11705006, hole_card: ['C6', 'S3']
"b11705006" declared "fold:0"
"['b10902005']" won the round 19 (stack = {'b10902005': 927.0, 'b11705006': 1069.9621582993113})
community cards of this round: ['HT', 'S5', 'ST', 'C4', 'CJ']
name: b10902005, hole_card: ['CA', 'H4']
name: b11705006, hole_card: ['S9', 'DT']
Started the round 20
Street "preflop" started. (community card = [])
name: b10902005, hole_card: ['CA', 'H4']
name: b11705006, hole_card: ['S9', 'DT']
"b10902005" declared "call:10"
name: b10902005, hole_card: ['CA', 'H4']
name: b11705006, hole_card: ['S9', 'DT']
"b11705006" declared "fold:0"
"['b10902005']" won the round 20 (stack = {'b10902005': 937.0, 'b11705006': 1059.9621582993113})
b11705006 vs b10902005 - Game 5: {'rule': {'initial_stack': 1000, 'max_round': 20, 'small_blind_amount': 5, 'ante': 0, 'blind_structure': {}}, 'players': [{'name': 'b10902005', 'uuid': 'pzptzxmpnvxgktpzhoidyo', 'stack': 937.0, 'state': 'participating'}, {'name': 'b11705006', 'uuid': 'fzvjjbhrrxqjyriqyjiwdk', 'stack': 1059.9621582993113, 'state': 'participating'}]}
Final Result: b11705006 won 1 games (stack: 4918.597499796484), b10902005 won 4 games (stack: 5071.1275801762185), num ties: 0
