community cards of this round: ['DT', 'SQ', 'S6', 'C6', 'S9']
name: b10902111, hole_card: ['CJ', 'H5']
name: b11902143, hole_card: ['DA', 'H2']
Started the round 1
Street "preflop" started. (community card = [])
name: b10902111, hole_card: ['CJ', 'H5']
name: b11902143, hole_card: ['DA', 'H2']
"b11902143" declared "call:10"
name: b10902111, hole_card: ['CJ', 'H5']
name: b11902143, hole_card: ['DA', 'H2']
"b10902111" declared "raise:15"
name: b10902111, hole_card: ['CJ', 'H5']
name: b11902143, hole_card: ['DA', 'H2']
"b11902143" declared "fold:0"
"['b10902111']" won the round 1 (stack = {'b10902111': 1010, 'b11902143': 990})
community cards of this round: ['S6', 'DT', 'CT', 'SQ', 'HK']
name: b10902111, hole_card: ['HJ', 'CA']
name: b11902143, hole_card: ['H4', 'S3']
Started the round 2
Street "preflop" started. (community card = [])
name: b10902111, hole_card: ['HJ', 'CA']
name: b11902143, hole_card: ['H4', 'S3']
"b10902111" declared "call:10"
name: b10902111, hole_card: ['HJ', 'CA']
name: b11902143, hole_card: ['H4', 'S3']
"b11902143" declared "call:10"
Street "flop" started. (community card = ['S6', 'DT', 'CT'])
name: b10902111, hole_card: ['HJ', 'CA']
name: b11902143, hole_card: ['H4', 'S3']
"b10902111" declared "raise:10"
name: b10902111, hole_card: ['HJ', 'CA']
name: b11902143, hole_card: ['H4', 'S3']
"b11902143" declared "fold:0"
"['b10902111']" won the round 2 (stack = {'b10902111': 1020, 'b11902143': 980})
community cards of this round: ['S5', 'S2', 'C6', 'SQ', 'ST']
name: b10902111, hole_card: ['D4', 'DJ']
name: b11902143, hole_card: ['D3', 'HA']
Started the round 3
Street "preflop" started. (community card = [])
name: b10902111, hole_card: ['D4', 'DJ']
name: b11902143, hole_card: ['D3', 'HA']
"b11902143" declared "call:10"
name: b10902111, hole_card: ['D4', 'DJ']
name: b11902143, hole_card: ['D3', 'HA']
"b10902111" declared "call:10"
Street "flop" started. (community card = ['S5', 'S2', 'C6'])
name: b10902111, hole_card: ['D4', 'DJ']
name: b11902143, hole_card: ['D3', 'HA']
"b11902143" declared "call:0"
name: b10902111, hole_card: ['D4', 'DJ']
name: b11902143, hole_card: ['D3', 'HA']
"b10902111" declared "fold:0"
"['b11902143']" won the round 3 (stack = {'b10902111': 1010, 'b11902143': 990})
community cards of this round: ['C5', 'S5', 'DJ', 'C3', 'S3']
name: b10902111, hole_card: ['D6', 'D2']
name: b11902143, hole_card: ['CJ', 'S2']
Started the round 4
Street "preflop" started. (community card = [])
name: b10902111, hole_card: ['D6', 'D2']
name: b11902143, hole_card: ['CJ', 'S2']
"b10902111" declared "fold:0"
"['b11902143']" won the round 4 (stack = {'b10902111': 1005, 'b11902143': 995})
community cards of this round: ['C8', 'D5', 'D4', 'H3', 'DQ']
name: b10902111, hole_card: ['S5', 'C9']
name: b11902143, hole_card: ['H2', 'DJ']
Started the round 5
Street "preflop" started. (community card = [])
name: b10902111, hole_card: ['S5', 'C9']
name: b11902143, hole_card: ['H2', 'DJ']
"b11902143" declared "call:10"
name: b10902111, hole_card: ['S5', 'C9']
name: b11902143, hole_card: ['H2', 'DJ']
"b10902111" declared "call:10"
Street "flop" started. (community card = ['C8', 'D5', 'D4'])
name: b10902111, hole_card: ['S5', 'C9']
name: b11902143, hole_card: ['H2', 'DJ']
"b11902143" declared "call:0"
name: b10902111, hole_card: ['S5', 'C9']
name: b11902143, hole_card: ['H2', 'DJ']
"b10902111" declared "raise:10"
name: b10902111, hole_card: ['S5', 'C9']
name: b11902143, hole_card: ['H2', 'DJ']
"b11902143" declared "fold:0"
"['b10902111']" won the round 5 (stack = {'b10902111': 1015, 'b11902143': 985})
community cards of this round: ['HQ', 'DQ', 'H3', 'HJ', 'CQ']
name: b10902111, hole_card: ['S2', 'CJ']
name: b11902143, hole_card: ['SA', 'H8']
Started the round 6
Street "preflop" started. (community card = [])
name: b10902111, hole_card: ['S2', 'CJ']
name: b11902143, hole_card: ['SA', 'H8']
"b10902111" declared "call:10"
name: b10902111, hole_card: ['S2', 'CJ']
name: b11902143, hole_card: ['SA', 'H8']
"b11902143" declared "call:10"
Street "flop" started. (community card = ['HQ', 'DQ', 'H3'])
name: b10902111, hole_card: ['S2', 'CJ']
name: b11902143, hole_card: ['SA', 'H8']
"b10902111" declared "fold:0"
"['b11902143']" won the round 6 (stack = {'b10902111': 1005, 'b11902143': 995})
community cards of this round: ['H7', 'CA', 'HK', 'DK', 'C5']
name: b10902111, hole_card: ['S9', 'DQ']
name: b11902143, hole_card: ['S5', 'D3']
Started the round 7
Street "preflop" started. (community card = [])
name: b10902111, hole_card: ['S9', 'DQ']
name: b11902143, hole_card: ['S5', 'D3']
"b11902143" declared "call:10"
name: b10902111, hole_card: ['S9', 'DQ']
name: b11902143, hole_card: ['S5', 'D3']
"b10902111" declared "raise:15"
name: b10902111, hole_card: ['S9', 'DQ']
name: b11902143, hole_card: ['S5', 'D3']
"b11902143" declared "fold:0"
"['b10902111']" won the round 7 (stack = {'b10902111': 1015, 'b11902143': 985})
community cards of this round: ['DA', 'HT', 'CQ', 'H7', 'SK']
name: b10902111, hole_card: ['D9', 'CA']
name: b11902143, hole_card: ['S7', 'D7']
Started the round 8
Street "preflop" started. (community card = [])
name: b10902111, hole_card: ['D9', 'CA']
name: b11902143, hole_card: ['S7', 'D7']
"b10902111" declared "raise:15"
name: b10902111, hole_card: ['D9', 'CA']
name: b11902143, hole_card: ['S7', 'D7']
"b11902143" declared "raise:200"
name: b10902111, hole_card: ['D9', 'CA']
name: b11902143, hole_card: ['S7', 'D7']
"b10902111" declared "call:200"
Street "flop" started. (community card = ['DA', 'HT', 'CQ'])
name: b10902111, hole_card: ['D9', 'CA']
name: b11902143, hole_card: ['S7', 'D7']
"b10902111" declared "raise:10"
name: b10902111, hole_card: ['D9', 'CA']
name: b11902143, hole_card: ['S7', 'D7']
"b11902143" declared "raise:785"
name: b10902111, hole_card: ['D9', 'CA']
name: b11902143, hole_card: ['S7', 'D7']
"b10902111" declared "call:785"
Street "turn" started. (community card = ['DA', 'HT', 'CQ', 'H7'])
Street "river" started. (community card = ['DA', 'HT', 'CQ', 'H7', 'SK'])
"['b11902143']" won the round 8 (stack = {'b10902111': 30, 'b11902143': 1970})
community cards of this round: ['D7', 'C2', 'CJ', 'C7', 'C6']
name: b10902111, hole_card: ['D9', 'H5']
name: b11902143, hole_card: ['S3', 'D2']
Started the round 9
Street "preflop" started. (community card = [])
name: b10902111, hole_card: ['D9', 'H5']
name: b11902143, hole_card: ['S3', 'D2']
"b11902143" declared "fold:0"
"['b10902111']" won the round 9 (stack = {'b10902111': 35, 'b11902143': 1965})
community cards of this round: ['CK', 'DA', 'H3', 'D4', 'HK']
name: b10902111, hole_card: ['C2', 'CJ']
name: b11902143, hole_card: ['DJ', 'D2']
Started the round 10
Street "preflop" started. (community card = [])
name: b10902111, hole_card: ['C2', 'CJ']
name: b11902143, hole_card: ['DJ', 'D2']
"b10902111" declared "call:10"
name: b10902111, hole_card: ['C2', 'CJ']
name: b11902143, hole_card: ['DJ', 'D2']
"b11902143" declared "fold:0"
"['b10902111']" won the round 10 (stack = {'b10902111': 45, 'b11902143': 1955})
community cards of this round: ['SQ', 'S3', 'C4', 'H4', 'H6']
name: b10902111, hole_card: ['CJ', 'SJ']
name: b11902143, hole_card: ['DK', 'CA']
Started the round 11
Street "preflop" started. (community card = [])
name: b10902111, hole_card: ['CJ', 'SJ']
name: b11902143, hole_card: ['DK', 'CA']
"b11902143" declared "fold:0"
"['b10902111']" won the round 11 (stack = {'b10902111': 50, 'b11902143': 1950})
community cards of this round: ['D4', 'D6', 'S7', 'H4', 'HA']
name: b10902111, hole_card: ['S9', 'H6']
name: b11902143, hole_card: ['S4', 'HT']
Started the round 12
Street "preflop" started. (community card = [])
name: b10902111, hole_card: ['S9', 'H6']
name: b11902143, hole_card: ['S4', 'HT']
"b10902111" declared "call:10"
name: b10902111, hole_card: ['S9', 'H6']
name: b11902143, hole_card: ['S4', 'HT']
"b11902143" declared "fold:0"
"['b10902111']" won the round 12 (stack = {'b10902111': 60, 'b11902143': 1940})
community cards of this round: ['D8', 'S8', 'ST', 'S7', 'SQ']
name: b10902111, hole_card: ['S6', 'CQ']
name: b11902143, hole_card: ['C4', 'S3']
Started the round 13
Street "preflop" started. (community card = [])
name: b10902111, hole_card: ['S6', 'CQ']
name: b11902143, hole_card: ['C4', 'S3']
"b11902143" declared "fold:0"
"['b10902111']" won the round 13 (stack = {'b10902111': 65, 'b11902143': 1935})
community cards of this round: ['D5', 'HQ', 'S4', 'H9', 'S5']
name: b10902111, hole_card: ['CJ', 'D9']
name: b11902143, hole_card: ['S2', 'S3']
Started the round 14
Street "preflop" started. (community card = [])
name: b10902111, hole_card: ['CJ', 'D9']
name: b11902143, hole_card: ['S2', 'S3']
"b10902111" declared "raise:15"
name: b10902111, hole_card: ['CJ', 'D9']
name: b11902143, hole_card: ['S2', 'S3']
"b11902143" declared "fold:0"
"['b10902111']" won the round 14 (stack = {'b10902111': 75, 'b11902143': 1925})
community cards of this round: ['D2', 'D9', 'C3', 'S4', 'S5']
name: b10902111, hole_card: ['S9', 'D5']
name: b11902143, hole_card: ['H7', 'H5']
Started the round 15
Street "preflop" started. (community card = [])
name: b10902111, hole_card: ['S9', 'D5']
name: b11902143, hole_card: ['H7', 'H5']
"b11902143" declared "fold:0"
"['b10902111']" won the round 15 (stack = {'b10902111': 80, 'b11902143': 1920})
community cards of this round: ['SJ', 'DT', 'C7', 'C2', 'D4']
name: b10902111, hole_card: ['D8', 'DQ']
name: b11902143, hole_card: ['C8', 'S6']
Started the round 16
Street "preflop" started. (community card = [])
name: b10902111, hole_card: ['D8', 'DQ']
name: b11902143, hole_card: ['C8', 'S6']
"b10902111" declared "call:10"
name: b10902111, hole_card: ['D8', 'DQ']
name: b11902143, hole_card: ['C8', 'S6']
"b11902143" declared "fold:0"
"['b10902111']" won the round 16 (stack = {'b10902111': 90, 'b11902143': 1910})
community cards of this round: ['C4', 'HJ', 'ST', 'S7', 'DJ']
name: b10902111, hole_card: ['H2', 'H5']
name: b11902143, hole_card: ['CQ', 'HT']
Started the round 17
Street "preflop" started. (community card = [])
name: b10902111, hole_card: ['H2', 'H5']
name: b11902143, hole_card: ['CQ', 'HT']
"b11902143" declared "fold:0"
"['b10902111']" won the round 17 (stack = {'b10902111': 95, 'b11902143': 1905})
community cards of this round: ['C8', 'DA', 'DJ', 'H5', 'S6']
name: b10902111, hole_card: ['S4', 'C3']
name: b11902143, hole_card: ['DQ', 'H3']
Started the round 18
Street "preflop" started. (community card = [])
name: b10902111, hole_card: ['S4', 'C3']
name: b11902143, hole_card: ['DQ', 'H3']
"b10902111" declared "fold:0"
"['b11902143']" won the round 18 (stack = {'b10902111': 90, 'b11902143': 1910})
community cards of this round: ['HQ', 'D4', 'DJ', 'CJ', 'S4']
name: b10902111, hole_card: ['CA', 'S8']
name: b11902143, hole_card: ['H8', 'DA']
Started the round 19
Street "preflop" started. (community card = [])
name: b10902111, hole_card: ['CA', 'S8']
name: b11902143, hole_card: ['H8', 'DA']
"b11902143" declared "fold:0"
"['b10902111']" won the round 19 (stack = {'b10902111': 95, 'b11902143': 1905})
community cards of this round: ['H2', 'CQ', 'C9', 'HA', 'H6']
name: b10902111, hole_card: ['S7', 'SQ']
name: b11902143, hole_card: ['H4', 'D4']
Started the round 20
Street "preflop" started. (community card = [])
name: b10902111, hole_card: ['S7', 'SQ']
name: b11902143, hole_card: ['H4', 'D4']
"b10902111" declared "raise:15"
name: b10902111, hole_card: ['S7', 'SQ']
name: b11902143, hole_card: ['H4', 'D4']
"b11902143" declared "fold:0"
"['b10902111']" won the round 20 (stack = {'b10902111': 105, 'b11902143': 1895})
b11902143 vs b10902111 - Game 1: {'rule': {'initial_stack': 1000, 'max_round': 20, 'small_blind_amount': 5, 'ante': 0, 'blind_structure': {}}, 'players': [{'name': 'b10902111', 'uuid': 'wlahlkmwvkxqdalwljsqdl', 'stack': 105, 'state': 'participating'}, {'name': 'b11902143', 'uuid': 'fuzkxauqanhtwmzcqtblql', 'stack': 1895, 'state': 'participating'}]}
community cards of this round: ['DT', 'SQ', 'S6', 'C6', 'S9']
name: b11902143, hole_card: ['CJ', 'H5']
name: b10902111, hole_card: ['DA', 'H2']
Started the round 1
Street "preflop" started. (community card = [])
name: b11902143, hole_card: ['CJ', 'H5']
name: b10902111, hole_card: ['DA', 'H2']
"b10902111" declared "raise:15"
name: b11902143, hole_card: ['CJ', 'H5']
name: b10902111, hole_card: ['DA', 'H2']
"b11902143" declared "fold:0"
"['b10902111']" won the round 1 (stack = {'b11902143': 990, 'b10902111': 1010})
community cards of this round: ['S6', 'DT', 'CT', 'SQ', 'HK']
name: b11902143, hole_card: ['HJ', 'CA']
name: b10902111, hole_card: ['H4', 'S3']
Started the round 2
Street "preflop" started. (community card = [])
name: b11902143, hole_card: ['HJ', 'CA']
name: b10902111, hole_card: ['H4', 'S3']
"b11902143" declared "raise:150"
name: b11902143, hole_card: ['HJ', 'CA']
name: b10902111, hole_card: ['H4', 'S3']
"b10902111" declared "fold:0"
"['b11902143']" won the round 2 (stack = {'b11902143': 1000, 'b10902111': 1000})
community cards of this round: ['S5', 'S2', 'C6', 'SQ', 'ST']
name: b11902143, hole_card: ['D4', 'DJ']
name: b10902111, hole_card: ['D3', 'HA']
Started the round 3
Street "preflop" started. (community card = [])
name: b11902143, hole_card: ['D4', 'DJ']
name: b10902111, hole_card: ['D3', 'HA']
"b10902111" declared "raise:15"
name: b11902143, hole_card: ['D4', 'DJ']
name: b10902111, hole_card: ['D3', 'HA']
"b11902143" declared "fold:0"
"['b10902111']" won the round 3 (stack = {'b11902143': 990, 'b10902111': 1010})
community cards of this round: ['C5', 'S5', 'DJ', 'C3', 'S3']
name: b11902143, hole_card: ['D6', 'D2']
name: b10902111, hole_card: ['CJ', 'S2']
Started the round 4
Street "preflop" started. (community card = [])
name: b11902143, hole_card: ['D6', 'D2']
name: b10902111, hole_card: ['CJ', 'S2']
"b11902143" declared "call:10"
name: b11902143, hole_card: ['D6', 'D2']
name: b10902111, hole_card: ['CJ', 'S2']
"b10902111" declared "call:10"
Street "flop" started. (community card = ['C5', 'S5', 'DJ'])
name: b11902143, hole_card: ['D6', 'D2']
name: b10902111, hole_card: ['CJ', 'S2']
"b11902143" declared "call:0"
name: b11902143, hole_card: ['D6', 'D2']
name: b10902111, hole_card: ['CJ', 'S2']
"b10902111" declared "raise:10"
name: b11902143, hole_card: ['D6', 'D2']
name: b10902111, hole_card: ['CJ', 'S2']
"b11902143" declared "fold:0"
"['b10902111']" won the round 4 (stack = {'b11902143': 980, 'b10902111': 1020})
community cards of this round: ['C8', 'D5', 'D4', 'H3', 'DQ']
name: b11902143, hole_card: ['S5', 'C9']
name: b10902111, hole_card: ['H2', 'DJ']
Started the round 5
Street "preflop" started. (community card = [])
name: b11902143, hole_card: ['S5', 'C9']
name: b10902111, hole_card: ['H2', 'DJ']
"b10902111" declared "call:10"
name: b11902143, hole_card: ['S5', 'C9']
name: b10902111, hole_card: ['H2', 'DJ']
"b11902143" declared "call:10"
Street "flop" started. (community card = ['C8', 'D5', 'D4'])
name: b11902143, hole_card: ['S5', 'C9']
name: b10902111, hole_card: ['H2', 'DJ']
"b10902111" declared "fold:0"
"['b11902143']" won the round 5 (stack = {'b11902143': 990, 'b10902111': 1010})
community cards of this round: ['HQ', 'DQ', 'H3', 'HJ', 'CQ']
name: b11902143, hole_card: ['S2', 'CJ']
name: b10902111, hole_card: ['SA', 'H8']
Started the round 6
Street "preflop" started. (community card = [])
name: b11902143, hole_card: ['S2', 'CJ']
name: b10902111, hole_card: ['SA', 'H8']
"b11902143" declared "call:10"
name: b11902143, hole_card: ['S2', 'CJ']
name: b10902111, hole_card: ['SA', 'H8']
"b10902111" declared "call:10"
Street "flop" started. (community card = ['HQ', 'DQ', 'H3'])
name: b11902143, hole_card: ['S2', 'CJ']
name: b10902111, hole_card: ['SA', 'H8']
"b11902143" declared "call:0"
name: b11902143, hole_card: ['S2', 'CJ']
name: b10902111, hole_card: ['SA', 'H8']
"b10902111" declared "raise:10"
name: b11902143, hole_card: ['S2', 'CJ']
name: b10902111, hole_card: ['SA', 'H8']
"b11902143" declared "call:10"
Street "turn" started. (community card = ['HQ', 'DQ', 'H3', 'HJ'])
name: b11902143, hole_card: ['S2', 'CJ']
name: b10902111, hole_card: ['SA', 'H8']
"b11902143" declared "raise:50"
name: b11902143, hole_card: ['S2', 'CJ']
name: b10902111, hole_card: ['SA', 'H8']
"b10902111" declared "raise:100"
name: b11902143, hole_card: ['S2', 'CJ']
name: b10902111, hole_card: ['SA', 'H8']
"b11902143" declared "fold:0"
"['b10902111']" won the round 6 (stack = {'b11902143': 920, 'b10902111': 1080})
community cards of this round: ['H7', 'CA', 'HK', 'DK', 'C5']
name: b11902143, hole_card: ['S9', 'DQ']
name: b10902111, hole_card: ['S5', 'D3']
Started the round 7
Street "preflop" started. (community card = [])
name: b11902143, hole_card: ['S9', 'DQ']
name: b10902111, hole_card: ['S5', 'D3']
"b10902111" declared "fold:0"
"['b11902143']" won the round 7 (stack = {'b11902143': 925, 'b10902111': 1075})
community cards of this round: ['DA', 'HT', 'CQ', 'H7', 'SK']
name: b11902143, hole_card: ['D9', 'CA']
name: b10902111, hole_card: ['S7', 'D7']
Started the round 8
Street "preflop" started. (community card = [])
name: b11902143, hole_card: ['D9', 'CA']
name: b10902111, hole_card: ['S7', 'D7']
"b11902143" declared "fold:0"
"['b10902111']" won the round 8 (stack = {'b11902143': 920, 'b10902111': 1080})
community cards of this round: ['D7', 'C2', 'CJ', 'C7', 'C6']
name: b11902143, hole_card: ['D9', 'H5']
name: b10902111, hole_card: ['S3', 'D2']
Started the round 9
Street "preflop" started. (community card = [])
name: b11902143, hole_card: ['D9', 'H5']
name: b10902111, hole_card: ['S3', 'D2']
"b10902111" declared "fold:0"
"['b11902143']" won the round 9 (stack = {'b11902143': 925, 'b10902111': 1075})
community cards of this round: ['CK', 'DA', 'H3', 'D4', 'HK']
name: b11902143, hole_card: ['C2', 'CJ']
name: b10902111, hole_card: ['DJ', 'D2']
Started the round 10
Street "preflop" started. (community card = [])
name: b11902143, hole_card: ['C2', 'CJ']
name: b10902111, hole_card: ['DJ', 'D2']
"b11902143" declared "raise:920"
name: b11902143, hole_card: ['C2', 'CJ']
name: b10902111, hole_card: ['DJ', 'D2']
"b10902111" declared "call:920"
Street "flop" started. (community card = ['CK', 'DA', 'H3'])
name: b11902143, hole_card: ['C2', 'CJ']
name: b10902111, hole_card: ['DJ', 'D2']
"b11902143" declared "call:0"
name: b11902143, hole_card: ['C2', 'CJ']
name: b10902111, hole_card: ['DJ', 'D2']
"b10902111" declared "call:0"
Street "turn" started. (community card = ['CK', 'DA', 'H3', 'D4'])
name: b11902143, hole_card: ['C2', 'CJ']
name: b10902111, hole_card: ['DJ', 'D2']
"b11902143" declared "call:0"
name: b11902143, hole_card: ['C2', 'CJ']
name: b10902111, hole_card: ['DJ', 'D2']
"b10902111" declared "fold:0"
"['b11902143']" won the round 10 (stack = {'b11902143': 1845, 'b10902111': 155})
community cards of this round: ['SQ', 'S3', 'C4', 'H4', 'H6']
name: b11902143, hole_card: ['CJ', 'SJ']
name: b10902111, hole_card: ['DK', 'CA']
Started the round 11
Street "preflop" started. (community card = [])
name: b11902143, hole_card: ['CJ', 'SJ']
name: b10902111, hole_card: ['DK', 'CA']
"b10902111" declared "call:10"
name: b11902143, hole_card: ['CJ', 'SJ']
name: b10902111, hole_card: ['DK', 'CA']
"b11902143" declared "fold:0"
"['b10902111']" won the round 11 (stack = {'b11902143': 1835, 'b10902111': 165})
community cards of this round: ['D4', 'D6', 'S7', 'H4', 'HA']
name: b11902143, hole_card: ['S9', 'H6']
name: b10902111, hole_card: ['S4', 'HT']
Started the round 12
Street "preflop" started. (community card = [])
name: b11902143, hole_card: ['S9', 'H6']
name: b10902111, hole_card: ['S4', 'HT']
"b11902143" declared "fold:0"
"['b10902111']" won the round 12 (stack = {'b11902143': 1830, 'b10902111': 170})
community cards of this round: ['D8', 'S8', 'ST', 'S7', 'SQ']
name: b11902143, hole_card: ['S6', 'CQ']
name: b10902111, hole_card: ['C4', 'S3']
Started the round 13
Street "preflop" started. (community card = [])
name: b11902143, hole_card: ['S6', 'CQ']
name: b10902111, hole_card: ['C4', 'S3']
"b10902111" declared "fold:0"
"['b11902143']" won the round 13 (stack = {'b11902143': 1835, 'b10902111': 165})
community cards of this round: ['D5', 'HQ', 'S4', 'H9', 'S5']
name: b11902143, hole_card: ['CJ', 'D9']
name: b10902111, hole_card: ['S2', 'S3']
Started the round 14
Street "preflop" started. (community card = [])
name: b11902143, hole_card: ['CJ', 'D9']
name: b10902111, hole_card: ['S2', 'S3']
"b11902143" declared "fold:0"
"['b10902111']" won the round 14 (stack = {'b11902143': 1830, 'b10902111': 170})
community cards of this round: ['D2', 'D9', 'C3', 'S4', 'S5']
name: b11902143, hole_card: ['S9', 'D5']
name: b10902111, hole_card: ['H7', 'H5']
Started the round 15
Street "preflop" started. (community card = [])
name: b11902143, hole_card: ['S9', 'D5']
name: b10902111, hole_card: ['H7', 'H5']
"b10902111" declared "call:10"
name: b11902143, hole_card: ['S9', 'D5']
name: b10902111, hole_card: ['H7', 'H5']
"b11902143" declared "fold:0"
"['b10902111']" won the round 15 (stack = {'b11902143': 1820, 'b10902111': 180})
community cards of this round: ['SJ', 'DT', 'C7', 'C2', 'D4']
name: b11902143, hole_card: ['D8', 'DQ']
name: b10902111, hole_card: ['C8', 'S6']
Started the round 16
Street "preflop" started. (community card = [])
name: b11902143, hole_card: ['D8', 'DQ']
name: b10902111, hole_card: ['C8', 'S6']
"b11902143" declared "fold:0"
"['b10902111']" won the round 16 (stack = {'b11902143': 1815, 'b10902111': 185})
community cards of this round: ['C4', 'HJ', 'ST', 'S7', 'DJ']
name: b11902143, hole_card: ['H2', 'H5']
name: b10902111, hole_card: ['CQ', 'HT']
Started the round 17
Street "preflop" started. (community card = [])
name: b11902143, hole_card: ['H2', 'H5']
name: b10902111, hole_card: ['CQ', 'HT']
"b10902111" declared "raise:15"
name: b11902143, hole_card: ['H2', 'H5']
name: b10902111, hole_card: ['CQ', 'HT']
"b11902143" declared "fold:0"
"['b10902111']" won the round 17 (stack = {'b11902143': 1805, 'b10902111': 195})
community cards of this round: ['C8', 'DA', 'DJ', 'H5', 'S6']
name: b11902143, hole_card: ['S4', 'C3']
name: b10902111, hole_card: ['DQ', 'H3']
Started the round 18
Street "preflop" started. (community card = [])
name: b11902143, hole_card: ['S4', 'C3']
name: b10902111, hole_card: ['DQ', 'H3']
"b11902143" declared "fold:0"
"['b10902111']" won the round 18 (stack = {'b11902143': 1800, 'b10902111': 200})
community cards of this round: ['HQ', 'D4', 'DJ', 'CJ', 'S4']
name: b11902143, hole_card: ['CA', 'S8']
name: b10902111, hole_card: ['H8', 'DA']
Started the round 19
Street "preflop" started. (community card = [])
name: b11902143, hole_card: ['CA', 'S8']
name: b10902111, hole_card: ['H8', 'DA']
"b10902111" declared "raise:15"
name: b11902143, hole_card: ['CA', 'S8']
name: b10902111, hole_card: ['H8', 'DA']
"b11902143" declared "fold:0"
"['b10902111']" won the round 19 (stack = {'b11902143': 1790, 'b10902111': 210})
community cards of this round: ['H2', 'CQ', 'C9', 'HA', 'H6']
name: b11902143, hole_card: ['S7', 'SQ']
name: b10902111, hole_card: ['H4', 'D4']
Started the round 20
Street "preflop" started. (community card = [])
name: b11902143, hole_card: ['S7', 'SQ']
name: b10902111, hole_card: ['H4', 'D4']
"b11902143" declared "fold:0"
"['b10902111']" won the round 20 (stack = {'b11902143': 1785, 'b10902111': 215})
b11902143 vs b10902111 - Game 2: {'rule': {'initial_stack': 1000, 'max_round': 20, 'small_blind_amount': 5, 'ante': 0, 'blind_structure': {}}, 'players': [{'name': 'b11902143', 'uuid': 'fubblnusfwqdniaabcyyxt', 'stack': 1785, 'state': 'participating'}, {'name': 'b10902111', 'uuid': 'yxfmvqdynphjiusmtnchmb', 'stack': 215, 'state': 'participating'}]}
community cards of this round: ['ST', 'H6', 'CK', 'CT', 'C4']
name: b10902111, hole_card: ['H3', 'HQ']
name: b11902143, hole_card: ['S3', 'H4']
Started the round 1
Street "preflop" started. (community card = [])
name: b10902111, hole_card: ['H3', 'HQ']
name: b11902143, hole_card: ['S3', 'H4']
"b11902143" declared "call:10"
name: b10902111, hole_card: ['H3', 'HQ']
name: b11902143, hole_card: ['S3', 'H4']
"b10902111" declared "raise:15"
name: b10902111, hole_card: ['H3', 'HQ']
name: b11902143, hole_card: ['S3', 'H4']
"b11902143" declared "fold:0"
"['b10902111']" won the round 1 (stack = {'b10902111': 1010, 'b11902143': 990})
community cards of this round: ['C3', 'CA', 'D7', 'HA', 'S6']
name: b10902111, hole_card: ['C9', 'C4']
name: b11902143, hole_card: ['CK', 'S9']
Started the round 2
Street "preflop" started. (community card = [])
name: b10902111, hole_card: ['C9', 'C4']
name: b11902143, hole_card: ['CK', 'S9']
"b10902111" declared "call:10"
name: b10902111, hole_card: ['C9', 'C4']
name: b11902143, hole_card: ['CK', 'S9']
"b11902143" declared "raise:150"
name: b10902111, hole_card: ['C9', 'C4']
name: b11902143, hole_card: ['CK', 'S9']
"b10902111" declared "call:150"
Street "flop" started. (community card = ['C3', 'CA', 'D7'])
name: b10902111, hole_card: ['C9', 'C4']
name: b11902143, hole_card: ['CK', 'S9']
"b10902111" declared "call:0"
name: b10902111, hole_card: ['C9', 'C4']
name: b11902143, hole_card: ['CK', 'S9']
"b11902143" declared "raise:840"
name: b10902111, hole_card: ['C9', 'C4']
name: b11902143, hole_card: ['CK', 'S9']
"b10902111" declared "call:840"
Street "turn" started. (community card = ['C3', 'CA', 'D7', 'HA'])
Street "river" started. (community card = ['C3', 'CA', 'D7', 'HA', 'S6'])
"['b11902143']" won the round 2 (stack = {'b10902111': 20, 'b11902143': 1980})
community cards of this round: ['CK', 'SA', 'HQ', 'HJ', 'C9']
name: b10902111, hole_card: ['C6', 'D6']
name: b11902143, hole_card: ['S8', 'H3']
Started the round 3
Street "preflop" started. (community card = [])
name: b10902111, hole_card: ['C6', 'D6']
name: b11902143, hole_card: ['S8', 'H3']
"b11902143" declared "fold:0"
"['b10902111']" won the round 3 (stack = {'b10902111': 25, 'b11902143': 1975})
community cards of this round: ['C9', 'S9', 'H8', 'CA', 'HJ']
name: b10902111, hole_card: ['H3', 'D3']
name: b11902143, hole_card: ['ST', 'S3']
Started the round 4
Street "preflop" started. (community card = [])
name: b10902111, hole_card: ['H3', 'D3']
name: b11902143, hole_card: ['ST', 'S3']
"b10902111" declared "raise:15"
name: b10902111, hole_card: ['H3', 'D3']
name: b11902143, hole_card: ['ST', 'S3']
"b11902143" declared "fold:0"
"['b10902111']" won the round 4 (stack = {'b10902111': 35, 'b11902143': 1965})
community cards of this round: ['HJ', 'HK', 'H5', 'H8', 'H3']
name: b10902111, hole_card: ['C7', 'DJ']
name: b11902143, hole_card: ['ST', 'D9']
Started the round 5
Street "preflop" started. (community card = [])
name: b10902111, hole_card: ['C7', 'DJ']
name: b11902143, hole_card: ['ST', 'D9']
"b11902143" declared "fold:0"
"['b10902111']" won the round 5 (stack = {'b10902111': 40, 'b11902143': 1960})
community cards of this round: ['ST', 'DT', 'S6', 'S9', 'S2']
name: b10902111, hole_card: ['S8', 'C5']
name: b11902143, hole_card: ['C3', 'DK']
Started the round 6
Street "preflop" started. (community card = [])
name: b10902111, hole_card: ['S8', 'C5']
name: b11902143, hole_card: ['C3', 'DK']
"b10902111" declared "call:10"
name: b10902111, hole_card: ['S8', 'C5']
name: b11902143, hole_card: ['C3', 'DK']
"b11902143" declared "fold:0"
"['b10902111']" won the round 6 (stack = {'b10902111': 50, 'b11902143': 1950})
community cards of this round: ['H6', 'D5', 'DT', 'C2', 'D9']
name: b10902111, hole_card: ['SK', 'DA']
name: b11902143, hole_card: ['HA', 'CQ']
Started the round 7
Street "preflop" started. (community card = [])
name: b10902111, hole_card: ['SK', 'DA']
name: b11902143, hole_card: ['HA', 'CQ']
"b11902143" declared "fold:0"
"['b10902111']" won the round 7 (stack = {'b10902111': 55, 'b11902143': 1945})
community cards of this round: ['S4', 'HK', 'D3', 'C8', 'D9']
name: b10902111, hole_card: ['CK', 'H8']
name: b11902143, hole_card: ['S7', 'SJ']
Started the round 8
Street "preflop" started. (community card = [])
name: b10902111, hole_card: ['CK', 'H8']
name: b11902143, hole_card: ['S7', 'SJ']
"b10902111" declared "raise:15"
name: b10902111, hole_card: ['CK', 'H8']
name: b11902143, hole_card: ['S7', 'SJ']
"b11902143" declared "fold:0"
"['b10902111']" won the round 8 (stack = {'b10902111': 65, 'b11902143': 1935})
community cards of this round: ['H6', 'HQ', 'S3', 'DA', 'SK']
name: b10902111, hole_card: ['DK', 'H8']
name: b11902143, hole_card: ['S4', 'D2']
Started the round 9
Street "preflop" started. (community card = [])
name: b10902111, hole_card: ['DK', 'H8']
name: b11902143, hole_card: ['S4', 'D2']
"b11902143" declared "fold:0"
"['b10902111']" won the round 9 (stack = {'b10902111': 70, 'b11902143': 1930})
community cards of this round: ['DQ', 'D3', 'D5', 'C9', 'D6']
name: b10902111, hole_card: ['HA', 'H4']
name: b11902143, hole_card: ['D2', 'H2']
Started the round 10
Street "preflop" started. (community card = [])
name: b10902111, hole_card: ['HA', 'H4']
name: b11902143, hole_card: ['D2', 'H2']
"b10902111" declared "raise:15"
name: b10902111, hole_card: ['HA', 'H4']
name: b11902143, hole_card: ['D2', 'H2']
"b11902143" declared "fold:0"
"['b10902111']" won the round 10 (stack = {'b10902111': 80, 'b11902143': 1920})
community cards of this round: ['D2', 'S2', 'C9', 'D5', 'DT']
name: b10902111, hole_card: ['D6', 'H8']
name: b11902143, hole_card: ['CK', 'C4']
Started the round 11
Street "preflop" started. (community card = [])
name: b10902111, hole_card: ['D6', 'H8']
name: b11902143, hole_card: ['CK', 'C4']
"b11902143" declared "fold:0"
"['b10902111']" won the round 11 (stack = {'b10902111': 85, 'b11902143': 1915})
community cards of this round: ['D9', 'D2', 'HA', 'H7', 'S2']
name: b10902111, hole_card: ['C6', 'S8']
name: b11902143, hole_card: ['HJ', 'SJ']
Started the round 12
Street "preflop" started. (community card = [])
name: b10902111, hole_card: ['C6', 'S8']
name: b11902143, hole_card: ['HJ', 'SJ']
"b10902111" declared "call:10"
name: b10902111, hole_card: ['C6', 'S8']
name: b11902143, hole_card: ['HJ', 'SJ']
"b11902143" declared "fold:0"
"['b10902111']" won the round 12 (stack = {'b10902111': 95, 'b11902143': 1905})
community cards of this round: ['D4', 'D2', 'H6', 'D5', 'HJ']
name: b10902111, hole_card: ['D8', 'C6']
name: b11902143, hole_card: ['C3', 'DT']
Started the round 13
Street "preflop" started. (community card = [])
name: b10902111, hole_card: ['D8', 'C6']
name: b11902143, hole_card: ['C3', 'DT']
"b11902143" declared "fold:0"
"['b10902111']" won the round 13 (stack = {'b10902111': 100, 'b11902143': 1900})
community cards of this round: ['H6', 'SJ', 'DK', 'DA', 'D3']
name: b10902111, hole_card: ['SQ', 'DT']
name: b11902143, hole_card: ['CK', 'C7']
Started the round 14
Street "preflop" started. (community card = [])
name: b10902111, hole_card: ['SQ', 'DT']
name: b11902143, hole_card: ['CK', 'C7']
"b10902111" declared "raise:15"
name: b10902111, hole_card: ['SQ', 'DT']
name: b11902143, hole_card: ['CK', 'C7']
"b11902143" declared "fold:0"
"['b10902111']" won the round 14 (stack = {'b10902111': 110, 'b11902143': 1890})
community cards of this round: ['S9', 'C7', 'H2', 'C8', 'HA']
name: b10902111, hole_card: ['C5', 'SQ']
name: b11902143, hole_card: ['S6', 'DQ']
Started the round 15
Street "preflop" started. (community card = [])
name: b10902111, hole_card: ['C5', 'SQ']
name: b11902143, hole_card: ['S6', 'DQ']
"b11902143" declared "fold:0"
"['b10902111']" won the round 15 (stack = {'b10902111': 115, 'b11902143': 1885})
community cards of this round: ['D3', 'C4', 'D7', 'H6', 'C8']
name: b10902111, hole_card: ['S9', 'S6']
name: b11902143, hole_card: ['C5', 'HT']
Started the round 16
Street "preflop" started. (community card = [])
name: b10902111, hole_card: ['S9', 'S6']
name: b11902143, hole_card: ['C5', 'HT']
"b10902111" declared "call:10"
name: b10902111, hole_card: ['S9', 'S6']
name: b11902143, hole_card: ['C5', 'HT']
"b11902143" declared "fold:0"
"['b10902111']" won the round 16 (stack = {'b10902111': 125, 'b11902143': 1875})
community cards of this round: ['S8', 'S6', 'D3', 'D5', 'S5']
name: b10902111, hole_card: ['C3', 'D6']
name: b11902143, hole_card: ['D9', 'HA']
Started the round 17
Street "preflop" started. (community card = [])
name: b10902111, hole_card: ['C3', 'D6']
name: b11902143, hole_card: ['D9', 'HA']
"b11902143" declared "fold:0"
"['b10902111']" won the round 17 (stack = {'b10902111': 130, 'b11902143': 1870})
community cards of this round: ['C7', 'H8', 'SQ', 'D2', 'CT']
name: b10902111, hole_card: ['S2', 'SJ']
name: b11902143, hole_card: ['DA', 'H9']
Started the round 18
Street "preflop" started. (community card = [])
name: b10902111, hole_card: ['S2', 'SJ']
name: b11902143, hole_card: ['DA', 'H9']
"b10902111" declared "call:10"
name: b10902111, hole_card: ['S2', 'SJ']
name: b11902143, hole_card: ['DA', 'H9']
"b11902143" declared "fold:0"
"['b10902111']" won the round 18 (stack = {'b10902111': 140, 'b11902143': 1860})
community cards of this round: ['S8', 'H2', 'C9', 'H7', 'CQ']
name: b10902111, hole_card: ['S9', 'HJ']
name: b11902143, hole_card: ['C5', 'D5']
Started the round 19
Street "preflop" started. (community card = [])
name: b10902111, hole_card: ['S9', 'HJ']
name: b11902143, hole_card: ['C5', 'D5']
"b11902143" declared "fold:0"
"['b10902111']" won the round 19 (stack = {'b10902111': 145, 'b11902143': 1855})
community cards of this round: ['DT', 'C6', 'C4', 'H6', 'CJ']
name: b10902111, hole_card: ['DJ', 'C3']
name: b11902143, hole_card: ['C5', 'H3']
Started the round 20
Street "preflop" started. (community card = [])
name: b10902111, hole_card: ['DJ', 'C3']
name: b11902143, hole_card: ['C5', 'H3']
"b10902111" declared "call:10"
name: b10902111, hole_card: ['DJ', 'C3']
name: b11902143, hole_card: ['C5', 'H3']
"b11902143" declared "fold:0"
"['b10902111']" won the round 20 (stack = {'b10902111': 155, 'b11902143': 1845})
b11902143 vs b10902111 - Game 3: {'rule': {'initial_stack': 1000, 'max_round': 20, 'small_blind_amount': 5, 'ante': 0, 'blind_structure': {}}, 'players': [{'name': 'b10902111', 'uuid': 'ibmiqrtogrpeexdrwvlbxa', 'stack': 155, 'state': 'participating'}, {'name': 'b11902143', 'uuid': 'puhezourgodsrmupyzqzwf', 'stack': 1845, 'state': 'participating'}]}
community cards of this round: ['ST', 'H6', 'CK', 'CT', 'C4']
name: b11902143, hole_card: ['H3', 'HQ']
name: b10902111, hole_card: ['S3', 'H4']
Started the round 1
Street "preflop" started. (community card = [])
name: b11902143, hole_card: ['H3', 'HQ']
name: b10902111, hole_card: ['S3', 'H4']
"b10902111" declared "fold:0"
"['b11902143']" won the round 1 (stack = {'b11902143': 1005, 'b10902111': 995})
community cards of this round: ['C3', 'CA', 'D7', 'HA', 'S6']
name: b11902143, hole_card: ['C9', 'C4']
name: b10902111, hole_card: ['CK', 'S9']
Started the round 2
Street "preflop" started. (community card = [])
name: b11902143, hole_card: ['C9', 'C4']
name: b10902111, hole_card: ['CK', 'S9']
"b11902143" declared "call:10"
name: b11902143, hole_card: ['C9', 'C4']
name: b10902111, hole_card: ['CK', 'S9']
"b10902111" declared "raise:15"
name: b11902143, hole_card: ['C9', 'C4']
name: b10902111, hole_card: ['CK', 'S9']
"b11902143" declared "fold:0"
"['b10902111']" won the round 2 (stack = {'b11902143': 995, 'b10902111': 1005})
community cards of this round: ['CK', 'SA', 'HQ', 'HJ', 'C9']
name: b11902143, hole_card: ['C6', 'D6']
name: b10902111, hole_card: ['S8', 'H3']
Started the round 3
Street "preflop" started. (community card = [])
name: b11902143, hole_card: ['C6', 'D6']
name: b10902111, hole_card: ['S8', 'H3']
"b10902111" declared "call:10"
name: b11902143, hole_card: ['C6', 'D6']
name: b10902111, hole_card: ['S8', 'H3']
"b11902143" declared "raise:150"
name: b11902143, hole_card: ['C6', 'D6']
name: b10902111, hole_card: ['S8', 'H3']
"b10902111" declared "call:150"
Street "flop" started. (community card = ['CK', 'SA', 'HQ'])
name: b11902143, hole_card: ['C6', 'D6']
name: b10902111, hole_card: ['S8', 'H3']
"b10902111" declared "fold:0"
"['b11902143']" won the round 3 (stack = {'b11902143': 1145, 'b10902111': 855})
community cards of this round: ['C9', 'S9', 'H8', 'CA', 'HJ']
name: b11902143, hole_card: ['H3', 'D3']
name: b10902111, hole_card: ['ST', 'S3']
Started the round 4
Street "preflop" started. (community card = [])
name: b11902143, hole_card: ['H3', 'D3']
name: b10902111, hole_card: ['ST', 'S3']
"b11902143" declared "fold:0"
"['b10902111']" won the round 4 (stack = {'b11902143': 1140, 'b10902111': 860})
community cards of this round: ['HJ', 'HK', 'H5', 'H8', 'H3']
name: b11902143, hole_card: ['C7', 'DJ']
name: b10902111, hole_card: ['ST', 'D9']
Started the round 5
Street "preflop" started. (community card = [])
name: b11902143, hole_card: ['C7', 'DJ']
name: b10902111, hole_card: ['ST', 'D9']
"b10902111" declared "raise:15"
name: b11902143, hole_card: ['C7', 'DJ']
name: b10902111, hole_card: ['ST', 'D9']
"b11902143" declared "fold:0"
"['b10902111']" won the round 5 (stack = {'b11902143': 1130, 'b10902111': 870})
community cards of this round: ['ST', 'DT', 'S6', 'S9', 'S2']
name: b11902143, hole_card: ['S8', 'C5']
name: b10902111, hole_card: ['C3', 'DK']
Started the round 6
Street "preflop" started. (community card = [])
name: b11902143, hole_card: ['S8', 'C5']
name: b10902111, hole_card: ['C3', 'DK']
"b11902143" declared "fold:0"
"['b10902111']" won the round 6 (stack = {'b11902143': 1125, 'b10902111': 875})
community cards of this round: ['H6', 'D5', 'DT', 'C2', 'D9']
name: b11902143, hole_card: ['SK', 'DA']
name: b10902111, hole_card: ['HA', 'CQ']
Started the round 7
Street "preflop" started. (community card = [])
name: b11902143, hole_card: ['SK', 'DA']
name: b10902111, hole_card: ['HA', 'CQ']
"b10902111" declared "call:10"
name: b11902143, hole_card: ['SK', 'DA']
name: b10902111, hole_card: ['HA', 'CQ']
"b11902143" declared "fold:0"
"['b10902111']" won the round 7 (stack = {'b11902143': 1115, 'b10902111': 885})
community cards of this round: ['S4', 'HK', 'D3', 'C8', 'D9']
name: b11902143, hole_card: ['CK', 'H8']
name: b10902111, hole_card: ['S7', 'SJ']
Started the round 8
Street "preflop" started. (community card = [])
name: b11902143, hole_card: ['CK', 'H8']
name: b10902111, hole_card: ['S7', 'SJ']
"b11902143" declared "fold:0"
"['b10902111']" won the round 8 (stack = {'b11902143': 1110, 'b10902111': 890})
community cards of this round: ['H6', 'HQ', 'S3', 'DA', 'SK']
name: b11902143, hole_card: ['DK', 'H8']
name: b10902111, hole_card: ['S4', 'D2']
Started the round 9
Street "preflop" started. (community card = [])
name: b11902143, hole_card: ['DK', 'H8']
name: b10902111, hole_card: ['S4', 'D2']
"b10902111" declared "fold:0"
"['b11902143']" won the round 9 (stack = {'b11902143': 1115, 'b10902111': 885})
community cards of this round: ['DQ', 'D3', 'D5', 'C9', 'D6']
name: b11902143, hole_card: ['HA', 'H4']
name: b10902111, hole_card: ['D2', 'H2']
Started the round 10
Street "preflop" started. (community card = [])
name: b11902143, hole_card: ['HA', 'H4']
name: b10902111, hole_card: ['D2', 'H2']
"b11902143" declared "fold:0"
"['b10902111']" won the round 10 (stack = {'b11902143': 1110, 'b10902111': 890})
community cards of this round: ['D2', 'S2', 'C9', 'D5', 'DT']
name: b11902143, hole_card: ['D6', 'H8']
name: b10902111, hole_card: ['CK', 'C4']
Started the round 11
Street "preflop" started. (community card = [])
name: b11902143, hole_card: ['D6', 'H8']
name: b10902111, hole_card: ['CK', 'C4']
"b10902111" declared "raise:15"
name: b11902143, hole_card: ['D6', 'H8']
name: b10902111, hole_card: ['CK', 'C4']
"b11902143" declared "fold:0"
"['b10902111']" won the round 11 (stack = {'b11902143': 1100, 'b10902111': 900})
community cards of this round: ['D9', 'D2', 'HA', 'H7', 'S2']
name: b11902143, hole_card: ['C6', 'S8']
name: b10902111, hole_card: ['HJ', 'SJ']
Started the round 12
Street "preflop" started. (community card = [])
name: b11902143, hole_card: ['C6', 'S8']
name: b10902111, hole_card: ['HJ', 'SJ']
"b11902143" declared "fold:0"
"['b10902111']" won the round 12 (stack = {'b11902143': 1095, 'b10902111': 905})
community cards of this round: ['D4', 'D2', 'H6', 'D5', 'HJ']
name: b11902143, hole_card: ['D8', 'C6']
name: b10902111, hole_card: ['C3', 'DT']
Started the round 13
Street "preflop" started. (community card = [])
name: b11902143, hole_card: ['D8', 'C6']
name: b10902111, hole_card: ['C3', 'DT']
"b10902111" declared "call:10"
name: b11902143, hole_card: ['D8', 'C6']
name: b10902111, hole_card: ['C3', 'DT']
"b11902143" declared "fold:0"
"['b10902111']" won the round 13 (stack = {'b11902143': 1085, 'b10902111': 915})
community cards of this round: ['H6', 'SJ', 'DK', 'DA', 'D3']
name: b11902143, hole_card: ['SQ', 'DT']
name: b10902111, hole_card: ['CK', 'C7']
Started the round 14
Street "preflop" started. (community card = [])
name: b11902143, hole_card: ['SQ', 'DT']
name: b10902111, hole_card: ['CK', 'C7']
"b11902143" declared "fold:0"
"['b10902111']" won the round 14 (stack = {'b11902143': 1080, 'b10902111': 920})
community cards of this round: ['S9', 'C7', 'H2', 'C8', 'HA']
name: b11902143, hole_card: ['C5', 'SQ']
name: b10902111, hole_card: ['S6', 'DQ']
Started the round 15
Street "preflop" started. (community card = [])
name: b11902143, hole_card: ['C5', 'SQ']
name: b10902111, hole_card: ['S6', 'DQ']
"b10902111" declared "raise:15"
name: b11902143, hole_card: ['C5', 'SQ']
name: b10902111, hole_card: ['S6', 'DQ']
"b11902143" declared "fold:0"
"['b10902111']" won the round 15 (stack = {'b11902143': 1070, 'b10902111': 930})
community cards of this round: ['D3', 'C4', 'D7', 'H6', 'C8']
name: b11902143, hole_card: ['S9', 'S6']
name: b10902111, hole_card: ['C5', 'HT']
Started the round 16
Street "preflop" started. (community card = [])
name: b11902143, hole_card: ['S9', 'S6']
name: b10902111, hole_card: ['C5', 'HT']
"b11902143" declared "fold:0"
"['b10902111']" won the round 16 (stack = {'b11902143': 1065, 'b10902111': 935})
community cards of this round: ['S8', 'S6', 'D3', 'D5', 'S5']
name: b11902143, hole_card: ['C3', 'D6']
name: b10902111, hole_card: ['D9', 'HA']
Started the round 17
Street "preflop" started. (community card = [])
name: b11902143, hole_card: ['C3', 'D6']
name: b10902111, hole_card: ['D9', 'HA']
"b10902111" declared "call:10"
name: b11902143, hole_card: ['C3', 'D6']
name: b10902111, hole_card: ['D9', 'HA']
"b11902143" declared "fold:0"
"['b10902111']" won the round 17 (stack = {'b11902143': 1055, 'b10902111': 945})
community cards of this round: ['C7', 'H8', 'SQ', 'D2', 'CT']
name: b11902143, hole_card: ['S2', 'SJ']
name: b10902111, hole_card: ['DA', 'H9']
Started the round 18
Street "preflop" started. (community card = [])
name: b11902143, hole_card: ['S2', 'SJ']
name: b10902111, hole_card: ['DA', 'H9']
"b11902143" declared "fold:0"
"['b10902111']" won the round 18 (stack = {'b11902143': 1050, 'b10902111': 950})
community cards of this round: ['S8', 'H2', 'C9', 'H7', 'CQ']
name: b11902143, hole_card: ['S9', 'HJ']
name: b10902111, hole_card: ['C5', 'D5']
Started the round 19
Street "preflop" started. (community card = [])
name: b11902143, hole_card: ['S9', 'HJ']
name: b10902111, hole_card: ['C5', 'D5']
"b10902111" declared "raise:15"
name: b11902143, hole_card: ['S9', 'HJ']
name: b10902111, hole_card: ['C5', 'D5']
"b11902143" declared "fold:0"
"['b10902111']" won the round 19 (stack = {'b11902143': 1040, 'b10902111': 960})
community cards of this round: ['DT', 'C6', 'C4', 'H6', 'CJ']
name: b11902143, hole_card: ['DJ', 'C3']
name: b10902111, hole_card: ['C5', 'H3']
Started the round 20
Street "preflop" started. (community card = [])
name: b11902143, hole_card: ['DJ', 'C3']
name: b10902111, hole_card: ['C5', 'H3']
"b11902143" declared "fold:0"
"['b10902111']" won the round 20 (stack = {'b11902143': 1035, 'b10902111': 965})
b11902143 vs b10902111 - Game 4: {'rule': {'initial_stack': 1000, 'max_round': 20, 'small_blind_amount': 5, 'ante': 0, 'blind_structure': {}}, 'players': [{'name': 'b11902143', 'uuid': 'vibjolhsiktfsqqbugoaub', 'stack': 1035, 'state': 'participating'}, {'name': 'b10902111', 'uuid': 'rxlvhixckhzgjrpgyopgmo', 'stack': 965, 'state': 'participating'}]}
community cards of this round: ['C2', 'S7', 'S5', 'D9', 'DT']
name: b10902111, hole_card: ['S3', 'SA']
name: b11902143, hole_card: ['H2', 'C8']
Started the round 1
Street "preflop" started. (community card = [])
name: b10902111, hole_card: ['S3', 'SA']
name: b11902143, hole_card: ['H2', 'C8']
"b11902143" declared "call:10"
name: b10902111, hole_card: ['S3', 'SA']
name: b11902143, hole_card: ['H2', 'C8']
"b10902111" declared "raise:15"
name: b10902111, hole_card: ['S3', 'SA']
name: b11902143, hole_card: ['H2', 'C8']
"b11902143" declared "fold:0"
"['b10902111']" won the round 1 (stack = {'b10902111': 1010, 'b11902143': 990})
community cards of this round: ['HJ', 'CA', 'HK', 'CT', 'D8']
name: b10902111, hole_card: ['D4', 'C5']
name: b11902143, hole_card: ['S3', 'C6']
Started the round 2
Street "preflop" started. (community card = [])
name: b10902111, hole_card: ['D4', 'C5']
name: b11902143, hole_card: ['S3', 'C6']
"b10902111" declared "fold:0"
"['b11902143']" won the round 2 (stack = {'b10902111': 1005, 'b11902143': 995})
community cards of this round: ['CQ', 'SA', 'S3', 'S5', 'S7']
name: b10902111, hole_card: ['DQ', 'SQ']
name: b11902143, hole_card: ['C2', 'D4']
Started the round 3
Street "preflop" started. (community card = [])
name: b10902111, hole_card: ['DQ', 'SQ']
name: b11902143, hole_card: ['C2', 'D4']
"b11902143" declared "fold:0"
"['b10902111']" won the round 3 (stack = {'b10902111': 1010, 'b11902143': 990})
community cards of this round: ['H6', 'C6', 'SJ', 'DQ', 'D8']
name: b10902111, hole_card: ['DK', 'D2']
name: b11902143, hole_card: ['H9', 'ST']
Started the round 4
Street "preflop" started. (community card = [])
name: b10902111, hole_card: ['DK', 'D2']
name: b11902143, hole_card: ['H9', 'ST']
"b10902111" declared "raise:15"
name: b10902111, hole_card: ['DK', 'D2']
name: b11902143, hole_card: ['H9', 'ST']
"b11902143" declared "fold:0"
"['b10902111']" won the round 4 (stack = {'b10902111': 1020, 'b11902143': 980})
community cards of this round: ['S4', 'CA', 'S9', 'D5', 'C4']
name: b10902111, hole_card: ['H9', 'H3']
name: b11902143, hole_card: ['D9', 'H7']
Started the round 5
Street "preflop" started. (community card = [])
name: b10902111, hole_card: ['H9', 'H3']
name: b11902143, hole_card: ['D9', 'H7']
"b11902143" declared "call:10"
name: b10902111, hole_card: ['H9', 'H3']
name: b11902143, hole_card: ['D9', 'H7']
"b10902111" declared "call:10"
Street "flop" started. (community card = ['S4', 'CA', 'S9'])
name: b10902111, hole_card: ['H9', 'H3']
name: b11902143, hole_card: ['D9', 'H7']
"b11902143" declared "raise:50"
name: b10902111, hole_card: ['H9', 'H3']
name: b11902143, hole_card: ['D9', 'H7']
"b10902111" declared "raise:100"
name: b10902111, hole_card: ['H9', 'H3']
name: b11902143, hole_card: ['D9', 'H7']
"b11902143" declared "fold:0"
"['b10902111']" won the round 5 (stack = {'b10902111': 1080, 'b11902143': 920})
community cards of this round: ['DK', 'S6', 'CJ', 'HT', 'CT']
name: b10902111, hole_card: ['H3', 'H7']
name: b11902143, hole_card: ['C9', 'D7']
Started the round 6
Street "preflop" started. (community card = [])
name: b10902111, hole_card: ['H3', 'H7']
name: b11902143, hole_card: ['C9', 'D7']
"b10902111" declared "fold:0"
"['b11902143']" won the round 6 (stack = {'b10902111': 1075, 'b11902143': 925})
community cards of this round: ['CT', 'C2', 'DJ', 'D2', 'C9']
name: b10902111, hole_card: ['HQ', 'H5']
name: b11902143, hole_card: ['DQ', 'H8']
Started the round 7
Street "preflop" started. (community card = [])
name: b10902111, hole_card: ['HQ', 'H5']
name: b11902143, hole_card: ['DQ', 'H8']
"b11902143" declared "call:10"
name: b10902111, hole_card: ['HQ', 'H5']
name: b11902143, hole_card: ['DQ', 'H8']
"b10902111" declared "raise:15"
name: b10902111, hole_card: ['HQ', 'H5']
name: b11902143, hole_card: ['DQ', 'H8']
"b11902143" declared "fold:0"
"['b10902111']" won the round 7 (stack = {'b10902111': 1085, 'b11902143': 915})
community cards of this round: ['C3', 'CT', 'SJ', 'CQ', 'SQ']
name: b10902111, hole_card: ['C2', 'HT']
name: b11902143, hole_card: ['DJ', 'H2']
Started the round 8
Street "preflop" started. (community card = [])
name: b10902111, hole_card: ['C2', 'HT']
name: b11902143, hole_card: ['DJ', 'H2']
"b10902111" declared "call:10"
name: b10902111, hole_card: ['C2', 'HT']
name: b11902143, hole_card: ['DJ', 'H2']
"b11902143" declared "raise:905"
name: b10902111, hole_card: ['C2', 'HT']
name: b11902143, hole_card: ['DJ', 'H2']
"b10902111" declared "call:905"
Street "flop" started. (community card = ['C3', 'CT', 'SJ'])
name: b10902111, hole_card: ['C2', 'HT']
name: b11902143, hole_card: ['DJ', 'H2']
"b10902111" declared "raise:10"
name: b10902111, hole_card: ['C2', 'HT']
name: b11902143, hole_card: ['DJ', 'H2']
"b11902143" declared "call:10"
Street "turn" started. (community card = ['C3', 'CT', 'SJ', 'CQ'])
Street "river" started. (community card = ['C3', 'CT', 'SJ', 'CQ', 'SQ'])
"['b11902143']" won the round 8 (stack = {'b10902111': 170, 'b11902143': 1830})
community cards of this round: ['SQ', 'C3', 'HA', 'HJ', 'C5']
name: b10902111, hole_card: ['H9', 'C9']
name: b11902143, hole_card: ['DK', 'CQ']
Started the round 9
Street "preflop" started. (community card = [])
name: b10902111, hole_card: ['H9', 'C9']
name: b11902143, hole_card: ['DK', 'CQ']
"b11902143" declared "fold:0"
"['b10902111']" won the round 9 (stack = {'b10902111': 175, 'b11902143': 1825})
community cards of this round: ['SK', 'D8', 'CJ', 'DJ', 'HQ']
name: b10902111, hole_card: ['C6', 'H8']
name: b11902143, hole_card: ['HT', 'CQ']
Started the round 10
Street "preflop" started. (community card = [])
name: b10902111, hole_card: ['C6', 'H8']
name: b11902143, hole_card: ['HT', 'CQ']
"b10902111" declared "call:10"
name: b10902111, hole_card: ['C6', 'H8']
name: b11902143, hole_card: ['HT', 'CQ']
"b11902143" declared "fold:0"
"['b10902111']" won the round 10 (stack = {'b10902111': 185, 'b11902143': 1815})
community cards of this round: ['DJ', 'SQ', 'H8', 'S5', 'C8']
name: b10902111, hole_card: ['C4', 'SA']
name: b11902143, hole_card: ['HK', 'D5']
Started the round 11
Street "preflop" started. (community card = [])
name: b10902111, hole_card: ['C4', 'SA']
name: b11902143, hole_card: ['HK', 'D5']
"b11902143" declared "fold:0"
"['b10902111']" won the round 11 (stack = {'b10902111': 190, 'b11902143': 1810})
community cards of this round: ['CQ', 'S3', 'DJ', 'H5', 'D8']
name: b10902111, hole_card: ['HT', 'CJ']
name: b11902143, hole_card: ['DQ', 'H8']
Started the round 12
Street "preflop" started. (community card = [])
name: b10902111, hole_card: ['HT', 'CJ']
name: b11902143, hole_card: ['DQ', 'H8']
"b10902111" declared "raise:15"
name: b10902111, hole_card: ['HT', 'CJ']
name: b11902143, hole_card: ['DQ', 'H8']
"b11902143" declared "fold:0"
"['b10902111']" won the round 12 (stack = {'b10902111': 200, 'b11902143': 1800})
community cards of this round: ['H7', 'DJ', 'C5', 'C2', 'C4']
name: b10902111, hole_card: ['C3', 'SK']
name: b11902143, hole_card: ['S5', 'D3']
Started the round 13
Street "preflop" started. (community card = [])
name: b10902111, hole_card: ['C3', 'SK']
name: b11902143, hole_card: ['S5', 'D3']
"b11902143" declared "fold:0"
"['b10902111']" won the round 13 (stack = {'b10902111': 205, 'b11902143': 1795})
community cards of this round: ['CA', 'SQ', 'H6', 'ST', 'H3']
name: b10902111, hole_card: ['D3', 'CK']
name: b11902143, hole_card: ['SK', 'D7']
Started the round 14
Street "preflop" started. (community card = [])
name: b10902111, hole_card: ['D3', 'CK']
name: b11902143, hole_card: ['SK', 'D7']
"b10902111" declared "raise:15"
name: b10902111, hole_card: ['D3', 'CK']
name: b11902143, hole_card: ['SK', 'D7']
"b11902143" declared "fold:0"
"['b10902111']" won the round 14 (stack = {'b10902111': 215, 'b11902143': 1785})
community cards of this round: ['DJ', 'ST', 'S9', 'D2', 'DT']
name: b10902111, hole_card: ['H6', 'C6']
name: b11902143, hole_card: ['SQ', 'SA']
Started the round 15
Street "preflop" started. (community card = [])
name: b10902111, hole_card: ['H6', 'C6']
name: b11902143, hole_card: ['SQ', 'SA']
"b11902143" declared "fold:0"
"['b10902111']" won the round 15 (stack = {'b10902111': 220, 'b11902143': 1780})
community cards of this round: ['D2', 'CK', 'S9', 'SQ', 'SA']
name: b10902111, hole_card: ['CT', 'S6']
name: b11902143, hole_card: ['H2', 'D7']
Started the round 16
Street "preflop" started. (community card = [])
name: b10902111, hole_card: ['CT', 'S6']
name: b11902143, hole_card: ['H2', 'D7']
"b10902111" declared "call:10"
name: b10902111, hole_card: ['CT', 'S6']
name: b11902143, hole_card: ['H2', 'D7']
"b11902143" declared "fold:0"
"['b10902111']" won the round 16 (stack = {'b10902111': 230, 'b11902143': 1770})
community cards of this round: ['S6', 'D3', 'H8', 'D2', 'DK']
name: b10902111, hole_card: ['D7', 'CK']
name: b11902143, hole_card: ['HQ', 'HA']
Started the round 17
Street "preflop" started. (community card = [])
name: b10902111, hole_card: ['D7', 'CK']
name: b11902143, hole_card: ['HQ', 'HA']
"b11902143" declared "fold:0"
"['b10902111']" won the round 17 (stack = {'b10902111': 235, 'b11902143': 1765})
community cards of this round: ['D2', 'CJ', 'HK', 'D3', 'D9']
name: b10902111, hole_card: ['H4', 'C4']
name: b11902143, hole_card: ['S9', 'SQ']
Started the round 18
Street "preflop" started. (community card = [])
name: b10902111, hole_card: ['H4', 'C4']
name: b11902143, hole_card: ['S9', 'SQ']
"b10902111" declared "raise:15"
name: b10902111, hole_card: ['H4', 'C4']
name: b11902143, hole_card: ['S9', 'SQ']
"b11902143" declared "fold:0"
"['b10902111']" won the round 18 (stack = {'b10902111': 245, 'b11902143': 1755})
community cards of this round: ['D5', 'D4', 'H6', 'C7', 'C3']
name: b10902111, hole_card: ['S3', 'C2']
name: b11902143, hole_card: ['D3', 'S6']
Started the round 19
Street "preflop" started. (community card = [])
name: b10902111, hole_card: ['S3', 'C2']
name: b11902143, hole_card: ['D3', 'S6']
"b11902143" declared "fold:0"
"['b10902111']" won the round 19 (stack = {'b10902111': 250, 'b11902143': 1750})
community cards of this round: ['DJ', 'D5', 'C9', 'S8', 'C2']
name: b10902111, hole_card: ['SK', 'HQ']
name: b11902143, hole_card: ['SA', 'D7']
Started the round 20
Street "preflop" started. (community card = [])
name: b10902111, hole_card: ['SK', 'HQ']
name: b11902143, hole_card: ['SA', 'D7']
"b10902111" declared "call:10"
name: b10902111, hole_card: ['SK', 'HQ']
name: b11902143, hole_card: ['SA', 'D7']
"b11902143" declared "fold:0"
"['b10902111']" won the round 20 (stack = {'b10902111': 260, 'b11902143': 1740})
b11902143 vs b10902111 - Game 5: {'rule': {'initial_stack': 1000, 'max_round': 20, 'small_blind_amount': 5, 'ante': 0, 'blind_structure': {}}, 'players': [{'name': 'b10902111', 'uuid': 'ewvlqgsbgtmviwalzpzobg', 'stack': 260, 'state': 'participating'}, {'name': 'b11902143', 'uuid': 'lkkuocpxkfzjgymqtfczvu', 'stack': 1740, 'state': 'participating'}]}
Final Result: b11902143 won 2 games (stack: 8300), b10902111 won 3 games (stack: 1700)
