community cards of this round: ['D2', 'D6', 'S3', 'H8', 'DK']
name: b11705048, hole_card: ['S2', 'S6']
name: b11902069, hole_card: ['HK', 'HQ']
Started the round 1
Street "preflop" started. (community card = [])
name: b11705048, hole_card: ['S2', 'S6']
name: b11902069, hole_card: ['HK', 'HQ']
"b11902069" declared "fold:0"
"['b11705048']" won the round 1 (stack = {'b11705048': 1005, 'b11902069': 995})
community cards of this round: ['S9', 'D3', 'C3', 'S6', 'C2']
name: b11705048, hole_card: ['CT', 'SA']
name: b11902069, hole_card: ['HQ', 'S7']
Started the round 2
Street "preflop" started. (community card = [])
name: b11705048, hole_card: ['CT', 'SA']
name: b11902069, hole_card: ['HQ', 'S7']
"b11705048" declared "call:10"
name: b11705048, hole_card: ['CT', 'SA']
name: b11902069, hole_card: ['HQ', 'S7']
"b11902069" declared "fold:0"
"['b11705048']" won the round 2 (stack = {'b11705048': 1015, 'b11902069': 985})
community cards of this round: ['S5', 'H5', 'S6', 'DK', 'D8']
name: b11705048, hole_card: ['DA', 'S9']
name: b11902069, hole_card: ['HJ', 'H9']
Started the round 3
Street "preflop" started. (community card = [])
name: b11705048, hole_card: ['DA', 'S9']
name: b11902069, hole_card: ['HJ', 'H9']
"b11902069" declared "fold:0"
"['b11705048']" won the round 3 (stack = {'b11705048': 1020, 'b11902069': 980})
community cards of this round: ['S2', 'S4', 'CT', 'SA', 'C6']
name: b11705048, hole_card: ['CJ', 'D9']
name: b11902069, hole_card: ['C8', 'DK']
Started the round 4
Street "preflop" started. (community card = [])
name: b11705048, hole_card: ['CJ', 'D9']
name: b11902069, hole_card: ['C8', 'DK']
"b11705048" declared "call:10"
name: b11705048, hole_card: ['CJ', 'D9']
name: b11902069, hole_card: ['C8', 'DK']
"b11902069" declared "fold:0"
"['b11705048']" won the round 4 (stack = {'b11705048': 1030, 'b11902069': 970})
community cards of this round: ['H3', 'ST', 'C6', 'S5', 'D3']
name: b11705048, hole_card: ['H5', 'HA']
name: b11902069, hole_card: ['DA', 'C7']
Started the round 5
Street "preflop" started. (community card = [])
name: b11705048, hole_card: ['H5', 'HA']
name: b11902069, hole_card: ['DA', 'C7']
"b11902069" declared "fold:0"
"['b11705048']" won the round 5 (stack = {'b11705048': 1035, 'b11902069': 965})
community cards of this round: ['S2', 'H7', 'D4', 'H4', 'C7']
name: b11705048, hole_card: ['HQ', 'DK']
name: b11902069, hole_card: ['S8', 'S5']
Started the round 6
Street "preflop" started. (community card = [])
name: b11705048, hole_card: ['HQ', 'DK']
name: b11902069, hole_card: ['S8', 'S5']
"b11705048" declared "call:10"
name: b11705048, hole_card: ['HQ', 'DK']
name: b11902069, hole_card: ['S8', 'S5']
"b11902069" declared "fold:0"
"['b11705048']" won the round 6 (stack = {'b11705048': 1045, 'b11902069': 955})
community cards of this round: ['D7', 'H6', 'HA', 'S6', 'SK']
name: b11705048, hole_card: ['CK', 'S4']
name: b11902069, hole_card: ['C4', 'H3']
Started the round 7
Street "preflop" started. (community card = [])
name: b11705048, hole_card: ['CK', 'S4']
name: b11902069, hole_card: ['C4', 'H3']
"b11902069" declared "fold:0"
"['b11705048']" won the round 7 (stack = {'b11705048': 1050, 'b11902069': 950})
community cards of this round: ['HK', 'D5', 'S8', 'CQ', 'H4']
name: b11705048, hole_card: ['CA', 'S2']
name: b11902069, hole_card: ['HJ', 'S5']
Started the round 8
Street "preflop" started. (community card = [])
name: b11705048, hole_card: ['CA', 'S2']
name: b11902069, hole_card: ['HJ', 'S5']
"b11705048" declared "call:10"
name: b11705048, hole_card: ['CA', 'S2']
name: b11902069, hole_card: ['HJ', 'S5']
"b11902069" declared "fold:0"
"['b11705048']" won the round 8 (stack = {'b11705048': 1060, 'b11902069': 940})
community cards of this round: ['H3', 'HA', 'D9', 'H8', 'ST']
name: b11705048, hole_card: ['D3', 'CQ']
name: b11902069, hole_card: ['D2', 'D5']
Started the round 9
Street "preflop" started. (community card = [])
name: b11705048, hole_card: ['D3', 'CQ']
name: b11902069, hole_card: ['D2', 'D5']
"b11902069" declared "fold:0"
"['b11705048']" won the round 9 (stack = {'b11705048': 1065, 'b11902069': 935})
community cards of this round: ['H2', 'H5', 'H6', 'CA', 'HJ']
name: b11705048, hole_card: ['DJ', 'C9']
name: b11902069, hole_card: ['SQ', 'S3']
Started the round 10
Street "preflop" started. (community card = [])
name: b11705048, hole_card: ['DJ', 'C9']
name: b11902069, hole_card: ['SQ', 'S3']
"b11705048" declared "fold:0"
"['b11902069']" won the round 10 (stack = {'b11705048': 1060, 'b11902069': 940})
community cards of this round: ['D8', 'S7', 'S2', 'HJ', 'H3']
name: b11705048, hole_card: ['SQ', 'C9']
name: b11902069, hole_card: ['S4', 'H8']
Started the round 11
Street "preflop" started. (community card = [])
name: b11705048, hole_card: ['SQ', 'C9']
name: b11902069, hole_card: ['S4', 'H8']
"b11902069" declared "fold:0"
"['b11705048']" won the round 11 (stack = {'b11705048': 1065, 'b11902069': 935})
community cards of this round: ['D7', 'H7', 'S2', 'DQ', 'SJ']
name: b11705048, hole_card: ['C2', 'C3']
name: b11902069, hole_card: ['C9', 'HJ']
Started the round 12
Street "preflop" started. (community card = [])
name: b11705048, hole_card: ['C2', 'C3']
name: b11902069, hole_card: ['C9', 'HJ']
"b11705048" declared "fold:0"
"['b11902069']" won the round 12 (stack = {'b11705048': 1060, 'b11902069': 940})
community cards of this round: ['H9', 'H7', 'D9', 'DT', 'D6']
name: b11705048, hole_card: ['H2', 'CQ']
name: b11902069, hole_card: ['S5', 'C3']
Started the round 13
Street "preflop" started. (community card = [])
name: b11705048, hole_card: ['H2', 'CQ']
name: b11902069, hole_card: ['S5', 'C3']
"b11902069" declared "raise:940"
name: b11705048, hole_card: ['H2', 'CQ']
name: b11902069, hole_card: ['S5', 'C3']
"b11705048" declared "fold:0"
"['b11902069']" won the round 13 (stack = {'b11705048': 1050, 'b11902069': 950})
community cards of this round: ['D8', 'C4', 'SQ', 'C6', 'C8']
name: b11705048, hole_card: ['S2', 'D2']
name: b11902069, hole_card: ['HK', 'SK']
Started the round 14
Street "preflop" started. (community card = [])
name: b11705048, hole_card: ['S2', 'D2']
name: b11902069, hole_card: ['HK', 'SK']
"b11705048" declared "fold:0"
"['b11902069']" won the round 14 (stack = {'b11705048': 1045, 'b11902069': 955})
community cards of this round: ['CJ', 'C3', 'D2', 'D3', 'D6']
name: b11705048, hole_card: ['HA', 'H9']
name: b11902069, hole_card: ['D8', 'D5']
Started the round 15
Street "preflop" started. (community card = [])
name: b11705048, hole_card: ['HA', 'H9']
name: b11902069, hole_card: ['D8', 'D5']
"b11902069" declared "raise:955"
name: b11705048, hole_card: ['HA', 'H9']
name: b11902069, hole_card: ['D8', 'D5']
"b11705048" declared "fold:0"
"['b11902069']" won the round 15 (stack = {'b11705048': 1035, 'b11902069': 965})
community cards of this round: ['HK', 'S8', 'H2', 'CK', 'SJ']
name: b11705048, hole_card: ['DA', 'S7']
name: b11902069, hole_card: ['C3', 'H8']
Started the round 16
Street "preflop" started. (community card = [])
name: b11705048, hole_card: ['DA', 'S7']
name: b11902069, hole_card: ['C3', 'H8']
"b11705048" declared "fold:0"
"['b11902069']" won the round 16 (stack = {'b11705048': 1030, 'b11902069': 970})
community cards of this round: ['HJ', 'HA', 'S2', 'C3', 'H9']
name: b11705048, hole_card: ['H3', 'DT']
name: b11902069, hole_card: ['S8', 'DK']
Started the round 17
Street "preflop" started. (community card = [])
name: b11705048, hole_card: ['H3', 'DT']
name: b11902069, hole_card: ['S8', 'DK']
"b11902069" declared "raise:970"
name: b11705048, hole_card: ['H3', 'DT']
name: b11902069, hole_card: ['S8', 'DK']
"b11705048" declared "fold:0"
"['b11902069']" won the round 17 (stack = {'b11705048': 1020, 'b11902069': 980})
community cards of this round: ['S6', 'C8', 'DT', 'D9', 'S4']
name: b11705048, hole_card: ['DK', 'D4']
name: b11902069, hole_card: ['CQ', 'H9']
Started the round 18
Street "preflop" started. (community card = [])
name: b11705048, hole_card: ['DK', 'D4']
name: b11902069, hole_card: ['CQ', 'H9']
"b11705048" declared "fold:0"
"['b11902069']" won the round 18 (stack = {'b11705048': 1015, 'b11902069': 985})
community cards of this round: ['D6', 'S2', 'DQ', 'DK', 'HA']
name: b11705048, hole_card: ['S3', 'C4']
name: b11902069, hole_card: ['C2', 'S7']
Started the round 19
Street "preflop" started. (community card = [])
name: b11705048, hole_card: ['S3', 'C4']
name: b11902069, hole_card: ['C2', 'S7']
"b11902069" declared "raise:985"
name: b11705048, hole_card: ['S3', 'C4']
name: b11902069, hole_card: ['C2', 'S7']
"b11705048" declared "fold:0"
"['b11902069']" won the round 19 (stack = {'b11705048': 1005, 'b11902069': 995})
community cards of this round: ['S8', 'SK', 'SQ', 'D2', 'HA']
name: b11705048, hole_card: ['CJ', 'D8']
name: b11902069, hole_card: ['H4', 'SA']
Started the round 20
Street "preflop" started. (community card = [])
name: b11705048, hole_card: ['CJ', 'D8']
name: b11902069, hole_card: ['H4', 'SA']
"b11705048" declared "fold:0"
"['b11902069']" won the round 20 (stack = {'b11705048': 1000, 'b11902069': 1000})
b11902069 vs b11705048 - Game 1: {'rule': {'initial_stack': 1000, 'max_round': 20, 'small_blind_amount': 5, 'ante': 0, 'blind_structure': {}}, 'players': [{'name': 'b11705048', 'uuid': 'roxahpjxgigjgrjuraymsa', 'stack': 1000, 'state': 'participating'}, {'name': 'b11902069', 'uuid': 'jlsrgnuongmjfnbokyadjo', 'stack': 1000, 'state': 'participating'}]}
community cards of this round: ['D2', 'D6', 'S3', 'H8', 'DK']
name: b11902069, hole_card: ['S2', 'S6']
name: b11705048, hole_card: ['HK', 'HQ']
Started the round 1
Street "preflop" started. (community card = [])
name: b11902069, hole_card: ['S2', 'S6']
name: b11705048, hole_card: ['HK', 'HQ']
"b11705048" declared "call:10"
name: b11902069, hole_card: ['S2', 'S6']
name: b11705048, hole_card: ['HK', 'HQ']
"b11902069" declared "fold:0"
"['b11705048']" won the round 1 (stack = {'b11902069': 990, 'b11705048': 1010})
community cards of this round: ['S9', 'D3', 'C3', 'S6', 'C2']
name: b11902069, hole_card: ['CT', 'SA']
name: b11705048, hole_card: ['HQ', 'S7']
Started the round 2
Street "preflop" started. (community card = [])
name: b11902069, hole_card: ['CT', 'SA']
name: b11705048, hole_card: ['HQ', 'S7']
"b11902069" declared "fold:0"
"['b11705048']" won the round 2 (stack = {'b11902069': 985, 'b11705048': 1015})
community cards of this round: ['S5', 'H5', 'S6', 'DK', 'D8']
name: b11902069, hole_card: ['DA', 'S9']
name: b11705048, hole_card: ['HJ', 'H9']
Started the round 3
Street "preflop" started. (community card = [])
name: b11902069, hole_card: ['DA', 'S9']
name: b11705048, hole_card: ['HJ', 'H9']
"b11705048" declared "call:10"
name: b11902069, hole_card: ['DA', 'S9']
name: b11705048, hole_card: ['HJ', 'H9']
"b11902069" declared "call:10"
Street "flop" started. (community card = ['S5', 'H5', 'S6'])
name: b11902069, hole_card: ['DA', 'S9']
name: b11705048, hole_card: ['HJ', 'H9']
"b11705048" declared "fold:0"
"['b11902069']" won the round 3 (stack = {'b11902069': 995, 'b11705048': 1005})
community cards of this round: ['S2', 'S4', 'CT', 'SA', 'C6']
name: b11902069, hole_card: ['CJ', 'D9']
name: b11705048, hole_card: ['C8', 'DK']
Started the round 4
Street "preflop" started. (community card = [])
name: b11902069, hole_card: ['CJ', 'D9']
name: b11705048, hole_card: ['C8', 'DK']
"b11902069" declared "fold:0"
"['b11705048']" won the round 4 (stack = {'b11902069': 990, 'b11705048': 1010})
community cards of this round: ['H3', 'ST', 'C6', 'S5', 'D3']
name: b11902069, hole_card: ['H5', 'HA']
name: b11705048, hole_card: ['DA', 'C7']
Started the round 5
Street "preflop" started. (community card = [])
name: b11902069, hole_card: ['H5', 'HA']
name: b11705048, hole_card: ['DA', 'C7']
"b11705048" declared "call:10"
name: b11902069, hole_card: ['H5', 'HA']
name: b11705048, hole_card: ['DA', 'C7']
"b11902069" declared "fold:0"
"['b11705048']" won the round 5 (stack = {'b11902069': 980, 'b11705048': 1020})
community cards of this round: ['S2', 'H7', 'D4', 'H4', 'C7']
name: b11902069, hole_card: ['HQ', 'DK']
name: b11705048, hole_card: ['S8', 'S5']
Started the round 6
Street "preflop" started. (community card = [])
name: b11902069, hole_card: ['HQ', 'DK']
name: b11705048, hole_card: ['S8', 'S5']
"b11902069" declared "fold:0"
"['b11705048']" won the round 6 (stack = {'b11902069': 975, 'b11705048': 1025})
community cards of this round: ['D7', 'H6', 'HA', 'S6', 'SK']
name: b11902069, hole_card: ['CK', 'S4']
name: b11705048, hole_card: ['C4', 'H3']
Started the round 7
Street "preflop" started. (community card = [])
name: b11902069, hole_card: ['CK', 'S4']
name: b11705048, hole_card: ['C4', 'H3']
"b11705048" declared "fold:0"
"['b11902069']" won the round 7 (stack = {'b11902069': 980, 'b11705048': 1020})
community cards of this round: ['HK', 'D5', 'S8', 'CQ', 'H4']
name: b11902069, hole_card: ['CA', 'S2']
name: b11705048, hole_card: ['HJ', 'S5']
Started the round 8
Street "preflop" started. (community card = [])
name: b11902069, hole_card: ['CA', 'S2']
name: b11705048, hole_card: ['HJ', 'S5']
"b11902069" declared "fold:0"
"['b11705048']" won the round 8 (stack = {'b11902069': 975, 'b11705048': 1025})
community cards of this round: ['H3', 'HA', 'D9', 'H8', 'ST']
name: b11902069, hole_card: ['D3', 'CQ']
name: b11705048, hole_card: ['D2', 'D5']
Started the round 9
Street "preflop" started. (community card = [])
name: b11902069, hole_card: ['D3', 'CQ']
name: b11705048, hole_card: ['D2', 'D5']
"b11705048" declared "fold:0"
"['b11902069']" won the round 9 (stack = {'b11902069': 980, 'b11705048': 1020})
community cards of this round: ['H2', 'H5', 'H6', 'CA', 'HJ']
name: b11902069, hole_card: ['DJ', 'C9']
name: b11705048, hole_card: ['SQ', 'S3']
Started the round 10
Street "preflop" started. (community card = [])
name: b11902069, hole_card: ['DJ', 'C9']
name: b11705048, hole_card: ['SQ', 'S3']
"b11902069" declared "fold:0"
"['b11705048']" won the round 10 (stack = {'b11902069': 975, 'b11705048': 1025})
community cards of this round: ['D8', 'S7', 'S2', 'HJ', 'H3']
name: b11902069, hole_card: ['SQ', 'C9']
name: b11705048, hole_card: ['S4', 'H8']
Started the round 11
Street "preflop" started. (community card = [])
name: b11902069, hole_card: ['SQ', 'C9']
name: b11705048, hole_card: ['S4', 'H8']
"b11705048" declared "fold:0"
"['b11902069']" won the round 11 (stack = {'b11902069': 980, 'b11705048': 1020})
community cards of this round: ['D7', 'H7', 'S2', 'DQ', 'SJ']
name: b11902069, hole_card: ['C2', 'C3']
name: b11705048, hole_card: ['C9', 'HJ']
Started the round 12
Street "preflop" started. (community card = [])
name: b11902069, hole_card: ['C2', 'C3']
name: b11705048, hole_card: ['C9', 'HJ']
"b11902069" declared "fold:0"
"['b11705048']" won the round 12 (stack = {'b11902069': 975, 'b11705048': 1025})
community cards of this round: ['H9', 'H7', 'D9', 'DT', 'D6']
name: b11902069, hole_card: ['H2', 'CQ']
name: b11705048, hole_card: ['S5', 'C3']
Started the round 13
Street "preflop" started. (community card = [])
name: b11902069, hole_card: ['H2', 'CQ']
name: b11705048, hole_card: ['S5', 'C3']
"b11705048" declared "fold:0"
"['b11902069']" won the round 13 (stack = {'b11902069': 980, 'b11705048': 1020})
community cards of this round: ['D8', 'C4', 'SQ', 'C6', 'C8']
name: b11902069, hole_card: ['S2', 'D2']
name: b11705048, hole_card: ['HK', 'SK']
Started the round 14
Street "preflop" started. (community card = [])
name: b11902069, hole_card: ['S2', 'D2']
name: b11705048, hole_card: ['HK', 'SK']
"b11902069" declared "fold:0"
"['b11705048']" won the round 14 (stack = {'b11902069': 975, 'b11705048': 1025})
community cards of this round: ['CJ', 'C3', 'D2', 'D3', 'D6']
name: b11902069, hole_card: ['HA', 'H9']
name: b11705048, hole_card: ['D8', 'D5']
Started the round 15
Street "preflop" started. (community card = [])
name: b11902069, hole_card: ['HA', 'H9']
name: b11705048, hole_card: ['D8', 'D5']
"b11705048" declared "call:10"
name: b11902069, hole_card: ['HA', 'H9']
name: b11705048, hole_card: ['D8', 'D5']
"b11902069" declared "fold:0"
"['b11705048']" won the round 15 (stack = {'b11902069': 965, 'b11705048': 1035})
community cards of this round: ['HK', 'S8', 'H2', 'CK', 'SJ']
name: b11902069, hole_card: ['DA', 'S7']
name: b11705048, hole_card: ['C3', 'H8']
Started the round 16
Street "preflop" started. (community card = [])
name: b11902069, hole_card: ['DA', 'S7']
name: b11705048, hole_card: ['C3', 'H8']
"b11902069" declared "raise:965"
name: b11902069, hole_card: ['DA', 'S7']
name: b11705048, hole_card: ['C3', 'H8']
"b11705048" declared "fold:0"
"['b11902069']" won the round 16 (stack = {'b11902069': 975, 'b11705048': 1025})
community cards of this round: ['HJ', 'HA', 'S2', 'C3', 'H9']
name: b11902069, hole_card: ['H3', 'DT']
name: b11705048, hole_card: ['S8', 'DK']
Started the round 17
Street "preflop" started. (community card = [])
name: b11902069, hole_card: ['H3', 'DT']
name: b11705048, hole_card: ['S8', 'DK']
"b11705048" declared "fold:0"
"['b11902069']" won the round 17 (stack = {'b11902069': 980, 'b11705048': 1020})
community cards of this round: ['S6', 'C8', 'DT', 'D9', 'S4']
name: b11902069, hole_card: ['DK', 'D4']
name: b11705048, hole_card: ['CQ', 'H9']
Started the round 18
Street "preflop" started. (community card = [])
name: b11902069, hole_card: ['DK', 'D4']
name: b11705048, hole_card: ['CQ', 'H9']
"b11902069" declared "raise:980"
name: b11902069, hole_card: ['DK', 'D4']
name: b11705048, hole_card: ['CQ', 'H9']
"b11705048" declared "fold:0"
"['b11902069']" won the round 18 (stack = {'b11902069': 990, 'b11705048': 1010})
community cards of this round: ['D6', 'S2', 'DQ', 'DK', 'HA']
name: b11902069, hole_card: ['S3', 'C4']
name: b11705048, hole_card: ['C2', 'S7']
Started the round 19
Street "preflop" started. (community card = [])
name: b11902069, hole_card: ['S3', 'C4']
name: b11705048, hole_card: ['C2', 'S7']
"b11705048" declared "fold:0"
"['b11902069']" won the round 19 (stack = {'b11902069': 995, 'b11705048': 1005})
community cards of this round: ['S8', 'SK', 'SQ', 'D2', 'HA']
name: b11902069, hole_card: ['CJ', 'D8']
name: b11705048, hole_card: ['H4', 'SA']
Started the round 20
Street "preflop" started. (community card = [])
name: b11902069, hole_card: ['CJ', 'D8']
name: b11705048, hole_card: ['H4', 'SA']
"b11902069" declared "raise:995"
name: b11902069, hole_card: ['CJ', 'D8']
name: b11705048, hole_card: ['H4', 'SA']
"b11705048" declared "fold:0"
"['b11902069']" won the round 20 (stack = {'b11902069': 1005, 'b11705048': 995})
b11902069 vs b11705048 - Game 2: {'rule': {'initial_stack': 1000, 'max_round': 20, 'small_blind_amount': 5, 'ante': 0, 'blind_structure': {}}, 'players': [{'name': 'b11902069', 'uuid': 'zpkznhlwbniihgazdekqkl', 'stack': 1005, 'state': 'participating'}, {'name': 'b11705048', 'uuid': 'vkvcympgqtqfgniqcgzsgm', 'stack': 995, 'state': 'participating'}]}
community cards of this round: ['D5', 'S7', 'SA', 'S6', 'D9']
name: b11705048, hole_card: ['H2', 'DQ']
name: b11902069, hole_card: ['D3', 'S5']
Started the round 1
Street "preflop" started. (community card = [])
name: b11705048, hole_card: ['H2', 'DQ']
name: b11902069, hole_card: ['D3', 'S5']
"b11902069" declared "fold:0"
"['b11705048']" won the round 1 (stack = {'b11705048': 1005, 'b11902069': 995})
community cards of this round: ['HT', 'C6', 'H4', 'HQ', 'S8']
name: b11705048, hole_card: ['S5', 'CJ']
name: b11902069, hole_card: ['SJ', 'H2']
Started the round 2
Street "preflop" started. (community card = [])
name: b11705048, hole_card: ['S5', 'CJ']
name: b11902069, hole_card: ['SJ', 'H2']
"b11705048" declared "call:10"
name: b11705048, hole_card: ['S5', 'CJ']
name: b11902069, hole_card: ['SJ', 'H2']
"b11902069" declared "fold:0"
"['b11705048']" won the round 2 (stack = {'b11705048': 1015, 'b11902069': 985})
community cards of this round: ['H4', 'DQ', 'S3', 'SK', 'ST']
name: b11705048, hole_card: ['D6', 'C5']
name: b11902069, hole_card: ['S2', 'D8']
Started the round 3
Street "preflop" started. (community card = [])
name: b11705048, hole_card: ['D6', 'C5']
name: b11902069, hole_card: ['S2', 'D8']
"b11902069" declared "fold:0"
"['b11705048']" won the round 3 (stack = {'b11705048': 1020, 'b11902069': 980})
community cards of this round: ['D4', 'C5', 'D7', 'H3', 'H7']
name: b11705048, hole_card: ['H5', 'D9']
name: b11902069, hole_card: ['CQ', 'CA']
Started the round 4
Street "preflop" started. (community card = [])
name: b11705048, hole_card: ['H5', 'D9']
name: b11902069, hole_card: ['CQ', 'CA']
"b11705048" declared "call:10"
name: b11705048, hole_card: ['H5', 'D9']
name: b11902069, hole_card: ['CQ', 'CA']
"b11902069" declared "call:10"
Street "flop" started. (community card = ['D4', 'C5', 'D7'])
name: b11705048, hole_card: ['H5', 'D9']
name: b11902069, hole_card: ['CQ', 'CA']
"b11705048" declared "call:0"
name: b11705048, hole_card: ['H5', 'D9']
name: b11902069, hole_card: ['CQ', 'CA']
"b11902069" declared "fold:0"
"['b11705048']" won the round 4 (stack = {'b11705048': 1030, 'b11902069': 970})
community cards of this round: ['CT', 'S8', 'CJ', 'DQ', 'D8']
name: b11705048, hole_card: ['C8', 'C4']
name: b11902069, hole_card: ['H6', 'D3']
Started the round 5
Street "preflop" started. (community card = [])
name: b11705048, hole_card: ['C8', 'C4']
name: b11902069, hole_card: ['H6', 'D3']
"b11902069" declared "fold:0"
"['b11705048']" won the round 5 (stack = {'b11705048': 1035, 'b11902069': 965})
community cards of this round: ['CQ', 'S5', 'D6', 'H9', 'D9']
name: b11705048, hole_card: ['DJ', 'SA']
name: b11902069, hole_card: ['S2', 'H7']
Started the round 6
Street "preflop" started. (community card = [])
name: b11705048, hole_card: ['DJ', 'SA']
name: b11902069, hole_card: ['S2', 'H7']
"b11705048" declared "call:10"
name: b11705048, hole_card: ['DJ', 'SA']
name: b11902069, hole_card: ['S2', 'H7']
"b11902069" declared "fold:0"
"['b11705048']" won the round 6 (stack = {'b11705048': 1045, 'b11902069': 955})
community cards of this round: ['SA', 'SK', 'S2', 'C5', 'DT']
name: b11705048, hole_card: ['S3', 'H6']
name: b11902069, hole_card: ['D8', 'S6']
Started the round 7
Street "preflop" started. (community card = [])
name: b11705048, hole_card: ['S3', 'H6']
name: b11902069, hole_card: ['D8', 'S6']
"b11902069" declared "fold:0"
"['b11705048']" won the round 7 (stack = {'b11705048': 1050, 'b11902069': 950})
community cards of this round: ['C4', 'SQ', 'S5', 'SA', 'C5']
name: b11705048, hole_card: ['H8', 'HJ']
name: b11902069, hole_card: ['S7', 'CA']
Started the round 8
Street "preflop" started. (community card = [])
name: b11705048, hole_card: ['H8', 'HJ']
name: b11902069, hole_card: ['S7', 'CA']
"b11705048" declared "call:10"
name: b11705048, hole_card: ['H8', 'HJ']
name: b11902069, hole_card: ['S7', 'CA']
"b11902069" declared "fold:0"
"['b11705048']" won the round 8 (stack = {'b11705048': 1060, 'b11902069': 940})
community cards of this round: ['DQ', 'H9', 'H3', 'C2', 'CT']
name: b11705048, hole_card: ['DK', 'H6']
name: b11902069, hole_card: ['SQ', 'HJ']
Started the round 9
Street "preflop" started. (community card = [])
name: b11705048, hole_card: ['DK', 'H6']
name: b11902069, hole_card: ['SQ', 'HJ']
"b11902069" declared "fold:0"
"['b11705048']" won the round 9 (stack = {'b11705048': 1065, 'b11902069': 935})
community cards of this round: ['S9', 'HJ', 'HT', 'H6', 'H4']
name: b11705048, hole_card: ['H5', 'S7']
name: b11902069, hole_card: ['SK', 'C6']
Started the round 10
Street "preflop" started. (community card = [])
name: b11705048, hole_card: ['H5', 'S7']
name: b11902069, hole_card: ['SK', 'C6']
"b11705048" declared "fold:0"
"['b11902069']" won the round 10 (stack = {'b11705048': 1060, 'b11902069': 940})
community cards of this round: ['C2', 'SJ', 'DK', 'SQ', 'D3']
name: b11705048, hole_card: ['DQ', 'H9']
name: b11902069, hole_card: ['HJ', 'S3']
Started the round 11
Street "preflop" started. (community card = [])
name: b11705048, hole_card: ['DQ', 'H9']
name: b11902069, hole_card: ['HJ', 'S3']
"b11902069" declared "fold:0"
"['b11705048']" won the round 11 (stack = {'b11705048': 1065, 'b11902069': 935})
community cards of this round: ['D3', 'HK', 'H4', 'H2', 'C2']
name: b11705048, hole_card: ['D7', 'C3']
name: b11902069, hole_card: ['S4', 'D5']
Started the round 12
Street "preflop" started. (community card = [])
name: b11705048, hole_card: ['D7', 'C3']
name: b11902069, hole_card: ['S4', 'D5']
"b11705048" declared "fold:0"
"['b11902069']" won the round 12 (stack = {'b11705048': 1060, 'b11902069': 940})
community cards of this round: ['DQ', 'S5', 'S7', 'CK', 'DT']
name: b11705048, hole_card: ['C4', 'ST']
name: b11902069, hole_card: ['H3', 'SJ']
Started the round 13
Street "preflop" started. (community card = [])
name: b11705048, hole_card: ['C4', 'ST']
name: b11902069, hole_card: ['H3', 'SJ']
"b11902069" declared "raise:940"
name: b11705048, hole_card: ['C4', 'ST']
name: b11902069, hole_card: ['H3', 'SJ']
"b11705048" declared "fold:0"
"['b11902069']" won the round 13 (stack = {'b11705048': 1050, 'b11902069': 950})
community cards of this round: ['D3', 'H2', 'H5', 'C5', 'D8']
name: b11705048, hole_card: ['H9', 'S4']
name: b11902069, hole_card: ['D6', 'S5']
Started the round 14
Street "preflop" started. (community card = [])
name: b11705048, hole_card: ['H9', 'S4']
name: b11902069, hole_card: ['D6', 'S5']
"b11705048" declared "fold:0"
"['b11902069']" won the round 14 (stack = {'b11705048': 1045, 'b11902069': 955})
community cards of this round: ['HJ', 'H3', 'H7', 'CK', 'H4']
name: b11705048, hole_card: ['H6', 'S4']
name: b11902069, hole_card: ['C7', 'S6']
Started the round 15
Street "preflop" started. (community card = [])
name: b11705048, hole_card: ['H6', 'S4']
name: b11902069, hole_card: ['C7', 'S6']
"b11902069" declared "raise:955"
name: b11705048, hole_card: ['H6', 'S4']
name: b11902069, hole_card: ['C7', 'S6']
"b11705048" declared "fold:0"
"['b11902069']" won the round 15 (stack = {'b11705048': 1035, 'b11902069': 965})
community cards of this round: ['D4', 'HT', 'C2', 'C4', 'H2']
name: b11705048, hole_card: ['S4', 'H9']
name: b11902069, hole_card: ['DT', 'S3']
Started the round 16
Street "preflop" started. (community card = [])
name: b11705048, hole_card: ['S4', 'H9']
name: b11902069, hole_card: ['DT', 'S3']
"b11705048" declared "fold:0"
"['b11902069']" won the round 16 (stack = {'b11705048': 1030, 'b11902069': 970})
community cards of this round: ['HQ', 'C5', 'H6', 'SK', 'D9']
name: b11705048, hole_card: ['S9', 'C2']
name: b11902069, hole_card: ['C6', 'D6']
Started the round 17
Street "preflop" started. (community card = [])
name: b11705048, hole_card: ['S9', 'C2']
name: b11902069, hole_card: ['C6', 'D6']
"b11902069" declared "raise:970"
name: b11705048, hole_card: ['S9', 'C2']
name: b11902069, hole_card: ['C6', 'D6']
"b11705048" declared "fold:0"
"['b11902069']" won the round 17 (stack = {'b11705048': 1020, 'b11902069': 980})
community cards of this round: ['SJ', 'SA', 'C9', 'CK', 'S5']
name: b11705048, hole_card: ['D3', 'H6']
name: b11902069, hole_card: ['DJ', 'C7']
Started the round 18
Street "preflop" started. (community card = [])
name: b11705048, hole_card: ['D3', 'H6']
name: b11902069, hole_card: ['DJ', 'C7']
"b11705048" declared "fold:0"
"['b11902069']" won the round 18 (stack = {'b11705048': 1015, 'b11902069': 985})
community cards of this round: ['HJ', 'H7', 'DA', 'C2', 'D5']
name: b11705048, hole_card: ['D2', 'H8']
name: b11902069, hole_card: ['H2', 'S9']
Started the round 19
Street "preflop" started. (community card = [])
name: b11705048, hole_card: ['D2', 'H8']
name: b11902069, hole_card: ['H2', 'S9']
"b11902069" declared "raise:985"
name: b11705048, hole_card: ['D2', 'H8']
name: b11902069, hole_card: ['H2', 'S9']
"b11705048" declared "fold:0"
"['b11902069']" won the round 19 (stack = {'b11705048': 1005, 'b11902069': 995})
community cards of this round: ['D2', 'SA', 'D6', 'C9', 'SQ']
name: b11705048, hole_card: ['D4', 'C6']
name: b11902069, hole_card: ['D7', 'HK']
Started the round 20
Street "preflop" started. (community card = [])
name: b11705048, hole_card: ['D4', 'C6']
name: b11902069, hole_card: ['D7', 'HK']
"b11705048" declared "fold:0"
"['b11902069']" won the round 20 (stack = {'b11705048': 1000, 'b11902069': 1000})
b11902069 vs b11705048 - Game 3: {'rule': {'initial_stack': 1000, 'max_round': 20, 'small_blind_amount': 5, 'ante': 0, 'blind_structure': {}}, 'players': [{'name': 'b11705048', 'uuid': 'dexfqavcmkbmxcsqpktbit', 'stack': 1000, 'state': 'participating'}, {'name': 'b11902069', 'uuid': 'efwltiqmqagvfnabryjuxn', 'stack': 1000, 'state': 'participating'}]}
community cards of this round: ['D5', 'S7', 'SA', 'S6', 'D9']
name: b11902069, hole_card: ['H2', 'DQ']
name: b11705048, hole_card: ['D3', 'S5']
Started the round 1
Street "preflop" started. (community card = [])
name: b11902069, hole_card: ['H2', 'DQ']
name: b11705048, hole_card: ['D3', 'S5']
"b11705048" declared "fold:0"
"['b11902069']" won the round 1 (stack = {'b11902069': 1005, 'b11705048': 995})
community cards of this round: ['HT', 'C6', 'H4', 'HQ', 'S8']
name: b11902069, hole_card: ['S5', 'CJ']
name: b11705048, hole_card: ['SJ', 'H2']
Started the round 2
Street "preflop" started. (community card = [])
name: b11902069, hole_card: ['S5', 'CJ']
name: b11705048, hole_card: ['SJ', 'H2']
"b11902069" declared "fold:0"
"['b11705048']" won the round 2 (stack = {'b11902069': 1000, 'b11705048': 1000})
community cards of this round: ['H4', 'DQ', 'S3', 'SK', 'ST']
name: b11902069, hole_card: ['D6', 'C5']
name: b11705048, hole_card: ['S2', 'D8']
Started the round 3
Street "preflop" started. (community card = [])
name: b11902069, hole_card: ['D6', 'C5']
name: b11705048, hole_card: ['S2', 'D8']
"b11705048" declared "fold:0"
"['b11902069']" won the round 3 (stack = {'b11902069': 1005, 'b11705048': 995})
community cards of this round: ['D4', 'C5', 'D7', 'H3', 'H7']
name: b11902069, hole_card: ['H5', 'D9']
name: b11705048, hole_card: ['CQ', 'CA']
Started the round 4
Street "preflop" started. (community card = [])
name: b11902069, hole_card: ['H5', 'D9']
name: b11705048, hole_card: ['CQ', 'CA']
"b11902069" declared "fold:0"
"['b11705048']" won the round 4 (stack = {'b11902069': 1000, 'b11705048': 1000})
community cards of this round: ['CT', 'S8', 'CJ', 'DQ', 'D8']
name: b11902069, hole_card: ['C8', 'C4']
name: b11705048, hole_card: ['H6', 'D3']
Started the round 5
Street "preflop" started. (community card = [])
name: b11902069, hole_card: ['C8', 'C4']
name: b11705048, hole_card: ['H6', 'D3']
"b11705048" declared "fold:0"
"['b11902069']" won the round 5 (stack = {'b11902069': 1005, 'b11705048': 995})
community cards of this round: ['CQ', 'S5', 'D6', 'H9', 'D9']
name: b11902069, hole_card: ['DJ', 'SA']
name: b11705048, hole_card: ['S2', 'H7']
Started the round 6
Street "preflop" started. (community card = [])
name: b11902069, hole_card: ['DJ', 'SA']
name: b11705048, hole_card: ['S2', 'H7']
"b11902069" declared "fold:0"
"['b11705048']" won the round 6 (stack = {'b11902069': 1000, 'b11705048': 1000})
community cards of this round: ['SA', 'SK', 'S2', 'C5', 'DT']
name: b11902069, hole_card: ['S3', 'H6']
name: b11705048, hole_card: ['D8', 'S6']
Started the round 7
Street "preflop" started. (community card = [])
name: b11902069, hole_card: ['S3', 'H6']
name: b11705048, hole_card: ['D8', 'S6']
"b11705048" declared "call:10"
name: b11902069, hole_card: ['S3', 'H6']
name: b11705048, hole_card: ['D8', 'S6']
"b11902069" declared "fold:0"
"['b11705048']" won the round 7 (stack = {'b11902069': 990, 'b11705048': 1010})
community cards of this round: ['C4', 'SQ', 'S5', 'SA', 'C5']
name: b11902069, hole_card: ['H8', 'HJ']
name: b11705048, hole_card: ['S7', 'CA']
Started the round 8
Street "preflop" started. (community card = [])
name: b11902069, hole_card: ['H8', 'HJ']
name: b11705048, hole_card: ['S7', 'CA']
"b11902069" declared "fold:0"
"['b11705048']" won the round 8 (stack = {'b11902069': 985, 'b11705048': 1015})
community cards of this round: ['DQ', 'H9', 'H3', 'C2', 'CT']
name: b11902069, hole_card: ['DK', 'H6']
name: b11705048, hole_card: ['SQ', 'HJ']
Started the round 9
Street "preflop" started. (community card = [])
name: b11902069, hole_card: ['DK', 'H6']
name: b11705048, hole_card: ['SQ', 'HJ']
"b11705048" declared "call:10"
name: b11902069, hole_card: ['DK', 'H6']
name: b11705048, hole_card: ['SQ', 'HJ']
"b11902069" declared "fold:0"
"['b11705048']" won the round 9 (stack = {'b11902069': 975, 'b11705048': 1025})
community cards of this round: ['S9', 'HJ', 'HT', 'H6', 'H4']
name: b11902069, hole_card: ['H5', 'S7']
name: b11705048, hole_card: ['SK', 'C6']
Started the round 10
Street "preflop" started. (community card = [])
name: b11902069, hole_card: ['H5', 'S7']
name: b11705048, hole_card: ['SK', 'C6']
"b11902069" declared "fold:0"
"['b11705048']" won the round 10 (stack = {'b11902069': 970, 'b11705048': 1030})
community cards of this round: ['C2', 'SJ', 'DK', 'SQ', 'D3']
name: b11902069, hole_card: ['DQ', 'H9']
name: b11705048, hole_card: ['HJ', 'S3']
Started the round 11
Street "preflop" started. (community card = [])
name: b11902069, hole_card: ['DQ', 'H9']
name: b11705048, hole_card: ['HJ', 'S3']
"b11705048" declared "call:10"
name: b11902069, hole_card: ['DQ', 'H9']
name: b11705048, hole_card: ['HJ', 'S3']
"b11902069" declared "call:10"
Street "flop" started. (community card = ['C2', 'SJ', 'DK'])
name: b11902069, hole_card: ['DQ', 'H9']
name: b11705048, hole_card: ['HJ', 'S3']
"b11705048" declared "raise:1020"
name: b11902069, hole_card: ['DQ', 'H9']
name: b11705048, hole_card: ['HJ', 'S3']
"b11902069" declared "fold:0"
"['b11705048']" won the round 11 (stack = {'b11902069': 960, 'b11705048': 1040})
community cards of this round: ['D3', 'HK', 'H4', 'H2', 'C2']
name: b11902069, hole_card: ['D7', 'C3']
name: b11705048, hole_card: ['S4', 'D5']
Started the round 12
Street "preflop" started. (community card = [])
name: b11902069, hole_card: ['D7', 'C3']
name: b11705048, hole_card: ['S4', 'D5']
"b11902069" declared "fold:0"
"['b11705048']" won the round 12 (stack = {'b11902069': 955, 'b11705048': 1045})
community cards of this round: ['DQ', 'S5', 'S7', 'CK', 'DT']
name: b11902069, hole_card: ['C4', 'ST']
name: b11705048, hole_card: ['H3', 'SJ']
Started the round 13
Street "preflop" started. (community card = [])
name: b11902069, hole_card: ['C4', 'ST']
name: b11705048, hole_card: ['H3', 'SJ']
"b11705048" declared "fold:0"
"['b11902069']" won the round 13 (stack = {'b11902069': 960, 'b11705048': 1040})
community cards of this round: ['D3', 'H2', 'H5', 'C5', 'D8']
name: b11902069, hole_card: ['H9', 'S4']
name: b11705048, hole_card: ['D6', 'S5']
Started the round 14
Street "preflop" started. (community card = [])
name: b11902069, hole_card: ['H9', 'S4']
name: b11705048, hole_card: ['D6', 'S5']
"b11902069" declared "fold:0"
"['b11705048']" won the round 14 (stack = {'b11902069': 955, 'b11705048': 1045})
community cards of this round: ['HJ', 'H3', 'H7', 'CK', 'H4']
name: b11902069, hole_card: ['H6', 'S4']
name: b11705048, hole_card: ['C7', 'S6']
Started the round 15
Street "preflop" started. (community card = [])
name: b11902069, hole_card: ['H6', 'S4']
name: b11705048, hole_card: ['C7', 'S6']
"b11705048" declared "fold:0"
"['b11902069']" won the round 15 (stack = {'b11902069': 960, 'b11705048': 1040})
community cards of this round: ['D4', 'HT', 'C2', 'C4', 'H2']
name: b11902069, hole_card: ['S4', 'H9']
name: b11705048, hole_card: ['DT', 'S3']
Started the round 16
Street "preflop" started. (community card = [])
name: b11902069, hole_card: ['S4', 'H9']
name: b11705048, hole_card: ['DT', 'S3']
"b11902069" declared "raise:960"
name: b11902069, hole_card: ['S4', 'H9']
name: b11705048, hole_card: ['DT', 'S3']
"b11705048" declared "fold:0"
"['b11902069']" won the round 16 (stack = {'b11902069': 970, 'b11705048': 1030})
community cards of this round: ['HQ', 'C5', 'H6', 'SK', 'D9']
name: b11902069, hole_card: ['S9', 'C2']
name: b11705048, hole_card: ['C6', 'D6']
Started the round 17
Street "preflop" started. (community card = [])
name: b11902069, hole_card: ['S9', 'C2']
name: b11705048, hole_card: ['C6', 'D6']
"b11705048" declared "fold:0"
"['b11902069']" won the round 17 (stack = {'b11902069': 975, 'b11705048': 1025})
community cards of this round: ['SJ', 'SA', 'C9', 'CK', 'S5']
name: b11902069, hole_card: ['D3', 'H6']
name: b11705048, hole_card: ['DJ', 'C7']
Started the round 18
Street "preflop" started. (community card = [])
name: b11902069, hole_card: ['D3', 'H6']
name: b11705048, hole_card: ['DJ', 'C7']
"b11902069" declared "raise:975"
name: b11902069, hole_card: ['D3', 'H6']
name: b11705048, hole_card: ['DJ', 'C7']
"b11705048" declared "fold:0"
"['b11902069']" won the round 18 (stack = {'b11902069': 985, 'b11705048': 1015})
community cards of this round: ['HJ', 'H7', 'DA', 'C2', 'D5']
name: b11902069, hole_card: ['D2', 'H8']
name: b11705048, hole_card: ['H2', 'S9']
Started the round 19
Street "preflop" started. (community card = [])
name: b11902069, hole_card: ['D2', 'H8']
name: b11705048, hole_card: ['H2', 'S9']
"b11705048" declared "fold:0"
"['b11902069']" won the round 19 (stack = {'b11902069': 990, 'b11705048': 1010})
community cards of this round: ['D2', 'SA', 'D6', 'C9', 'SQ']
name: b11902069, hole_card: ['D4', 'C6']
name: b11705048, hole_card: ['D7', 'HK']
Started the round 20
Street "preflop" started. (community card = [])
name: b11902069, hole_card: ['D4', 'C6']
name: b11705048, hole_card: ['D7', 'HK']
"b11902069" declared "raise:990"
name: b11902069, hole_card: ['D4', 'C6']
name: b11705048, hole_card: ['D7', 'HK']
"b11705048" declared "fold:0"
"['b11902069']" won the round 20 (stack = {'b11902069': 1000, 'b11705048': 1000})
b11902069 vs b11705048 - Game 4: {'rule': {'initial_stack': 1000, 'max_round': 20, 'small_blind_amount': 5, 'ante': 0, 'blind_structure': {}}, 'players': [{'name': 'b11902069', 'uuid': 'bzhpfzloewyetyjejggmrg', 'stack': 1000, 'state': 'participating'}, {'name': 'b11705048', 'uuid': 'lbxaounmhaynzzrwiliyjf', 'stack': 1000, 'state': 'participating'}]}
community cards of this round: ['D8', 'D2', 'HK', 'S4', 'H4']
name: b11705048, hole_card: ['C8', 'C3']
name: b11902069, hole_card: ['CA', 'SQ']
Started the round 1
Street "preflop" started. (community card = [])
name: b11705048, hole_card: ['C8', 'C3']
name: b11902069, hole_card: ['CA', 'SQ']
"b11902069" declared "call:10"
name: b11705048, hole_card: ['C8', 'C3']
name: b11902069, hole_card: ['CA', 'SQ']
"b11705048" declared "call:10"
Street "flop" started. (community card = ['D8', 'D2', 'HK'])
name: b11705048, hole_card: ['C8', 'C3']
name: b11902069, hole_card: ['CA', 'SQ']
"b11902069" declared "fold:0"
"['b11705048']" won the round 1 (stack = {'b11705048': 1010, 'b11902069': 990})
community cards of this round: ['HA', 'C5', 'S8', 'HQ', 'SA']
name: b11705048, hole_card: ['D6', 'DJ']
name: b11902069, hole_card: ['ST', 'CA']
Started the round 2
Street "preflop" started. (community card = [])
name: b11705048, hole_card: ['D6', 'DJ']
name: b11902069, hole_card: ['ST', 'CA']
"b11705048" declared "call:10"
name: b11705048, hole_card: ['D6', 'DJ']
name: b11902069, hole_card: ['ST', 'CA']
"b11902069" declared "fold:0"
"['b11705048']" won the round 2 (stack = {'b11705048': 1020, 'b11902069': 980})
community cards of this round: ['C2', 'DQ', 'D8', 'HJ', 'ST']
name: b11705048, hole_card: ['CJ', 'HA']
name: b11902069, hole_card: ['D6', 'C9']
Started the round 3
Street "preflop" started. (community card = [])
name: b11705048, hole_card: ['CJ', 'HA']
name: b11902069, hole_card: ['D6', 'C9']
"b11902069" declared "fold:0"
"['b11705048']" won the round 3 (stack = {'b11705048': 1025, 'b11902069': 975})
community cards of this round: ['CQ', 'DA', 'CT', 'H8', 'HT']
name: b11705048, hole_card: ['D3', 'C7']
name: b11902069, hole_card: ['CJ', 'SQ']
Started the round 4
Street "preflop" started. (community card = [])
name: b11705048, hole_card: ['D3', 'C7']
name: b11902069, hole_card: ['CJ', 'SQ']
"b11705048" declared "fold:0"
"['b11902069']" won the round 4 (stack = {'b11705048': 1020, 'b11902069': 980})
community cards of this round: ['ST', 'S3', 'DK', 'D7', 'D2']
name: b11705048, hole_card: ['C6', 'C5']
name: b11902069, hole_card: ['C9', 'D5']
Started the round 5
Street "preflop" started. (community card = [])
name: b11705048, hole_card: ['C6', 'C5']
name: b11902069, hole_card: ['C9', 'D5']
"b11902069" declared "fold:0"
"['b11705048']" won the round 5 (stack = {'b11705048': 1025, 'b11902069': 975})
community cards of this round: ['HA', 'CQ', 'C3', 'C5', 'S8']
name: b11705048, hole_card: ['C4', 'ST']
name: b11902069, hole_card: ['H9', 'C6']
Started the round 6
Street "preflop" started. (community card = [])
name: b11705048, hole_card: ['C4', 'ST']
name: b11902069, hole_card: ['H9', 'C6']
"b11705048" declared "call:10"
name: b11705048, hole_card: ['C4', 'ST']
name: b11902069, hole_card: ['H9', 'C6']
"b11902069" declared "fold:0"
"['b11705048']" won the round 6 (stack = {'b11705048': 1035, 'b11902069': 965})
community cards of this round: ['H7', 'D4', 'HA', 'D8', 'SJ']
name: b11705048, hole_card: ['C3', 'C5']
name: b11902069, hole_card: ['H3', 'S2']
Started the round 7
Street "preflop" started. (community card = [])
name: b11705048, hole_card: ['C3', 'C5']
name: b11902069, hole_card: ['H3', 'S2']
"b11902069" declared "fold:0"
"['b11705048']" won the round 7 (stack = {'b11705048': 1040, 'b11902069': 960})
community cards of this round: ['S3', 'SJ', 'S2', 'C6', 'H7']
name: b11705048, hole_card: ['C9', 'C2']
name: b11902069, hole_card: ['H4', 'DK']
Started the round 8
Street "preflop" started. (community card = [])
name: b11705048, hole_card: ['C9', 'C2']
name: b11902069, hole_card: ['H4', 'DK']
"b11705048" declared "call:10"
name: b11705048, hole_card: ['C9', 'C2']
name: b11902069, hole_card: ['H4', 'DK']
"b11902069" declared "call:10"
Street "flop" started. (community card = ['S3', 'SJ', 'S2'])
name: b11705048, hole_card: ['C9', 'C2']
name: b11902069, hole_card: ['H4', 'DK']
"b11705048" declared "call:0"
name: b11705048, hole_card: ['C9', 'C2']
name: b11902069, hole_card: ['H4', 'DK']
"b11902069" declared "fold:0"
"['b11705048']" won the round 8 (stack = {'b11705048': 1050, 'b11902069': 950})
community cards of this round: ['HK', 'S4', 'C6', 'H8', 'HJ']
name: b11705048, hole_card: ['S7', 'CQ']
name: b11902069, hole_card: ['SJ', 'H3']
Started the round 9
Street "preflop" started. (community card = [])
name: b11705048, hole_card: ['S7', 'CQ']
name: b11902069, hole_card: ['SJ', 'H3']
"b11902069" declared "fold:0"
"['b11705048']" won the round 9 (stack = {'b11705048': 1055, 'b11902069': 945})
community cards of this round: ['H2', 'S8', 'H8', 'C8', 'SA']
name: b11705048, hole_card: ['S5', 'H7']
name: b11902069, hole_card: ['DA', 'CT']
Started the round 10
Street "preflop" started. (community card = [])
name: b11705048, hole_card: ['S5', 'H7']
name: b11902069, hole_card: ['DA', 'CT']
"b11705048" declared "fold:0"
"['b11902069']" won the round 10 (stack = {'b11705048': 1050, 'b11902069': 950})
community cards of this round: ['S3', 'D6', 'S2', 'DK', 'SQ']
name: b11705048, hole_card: ['CT', 'HK']
name: b11902069, hole_card: ['DJ', 'SK']
Started the round 11
Street "preflop" started. (community card = [])
name: b11705048, hole_card: ['CT', 'HK']
name: b11902069, hole_card: ['DJ', 'SK']
"b11902069" declared "call:10"
name: b11705048, hole_card: ['CT', 'HK']
name: b11902069, hole_card: ['DJ', 'SK']
"b11705048" declared "call:10"
Street "flop" started. (community card = ['S3', 'D6', 'S2'])
name: b11705048, hole_card: ['CT', 'HK']
name: b11902069, hole_card: ['DJ', 'SK']
"b11902069" declared "fold:0"
"['b11705048']" won the round 11 (stack = {'b11705048': 1060, 'b11902069': 940})
community cards of this round: ['S8', 'H2', 'C9', 'CQ', 'S9']
name: b11705048, hole_card: ['HT', 'CA']
name: b11902069, hole_card: ['C6', 'D5']
Started the round 12
Street "preflop" started. (community card = [])
name: b11705048, hole_card: ['HT', 'CA']
name: b11902069, hole_card: ['C6', 'D5']
"b11705048" declared "fold:0"
"['b11902069']" won the round 12 (stack = {'b11705048': 1055, 'b11902069': 945})
community cards of this round: ['S3', 'S5', 'CK', 'CT', 'S6']
name: b11705048, hole_card: ['HT', 'CJ']
name: b11902069, hole_card: ['C8', 'SK']
Started the round 13
Street "preflop" started. (community card = [])
name: b11705048, hole_card: ['HT', 'CJ']
name: b11902069, hole_card: ['C8', 'SK']
"b11902069" declared "raise:945"
name: b11705048, hole_card: ['HT', 'CJ']
name: b11902069, hole_card: ['C8', 'SK']
"b11705048" declared "fold:0"
"['b11902069']" won the round 13 (stack = {'b11705048': 1045, 'b11902069': 955})
community cards of this round: ['D3', 'CT', 'S8', 'DA', 'SJ']
name: b11705048, hole_card: ['C7', 'H4']
name: b11902069, hole_card: ['C3', 'HA']
Started the round 14
Street "preflop" started. (community card = [])
name: b11705048, hole_card: ['C7', 'H4']
name: b11902069, hole_card: ['C3', 'HA']
"b11705048" declared "fold:0"
"['b11902069']" won the round 14 (stack = {'b11705048': 1040, 'b11902069': 960})
community cards of this round: ['S7', 'S3', 'HJ', 'DK', 'C9']
name: b11705048, hole_card: ['C4', 'DT']
name: b11902069, hole_card: ['C2', 'C5']
Started the round 15
Street "preflop" started. (community card = [])
name: b11705048, hole_card: ['C4', 'DT']
name: b11902069, hole_card: ['C2', 'C5']
"b11902069" declared "raise:960"
name: b11705048, hole_card: ['C4', 'DT']
name: b11902069, hole_card: ['C2', 'C5']
"b11705048" declared "fold:0"
"['b11902069']" won the round 15 (stack = {'b11705048': 1030, 'b11902069': 970})
community cards of this round: ['DT', 'DQ', 'D5', 'H3', 'D8']
name: b11705048, hole_card: ['C9', 'CA']
name: b11902069, hole_card: ['C5', 'S9']
Started the round 16
Street "preflop" started. (community card = [])
name: b11705048, hole_card: ['C9', 'CA']
name: b11902069, hole_card: ['C5', 'S9']
"b11705048" declared "fold:0"
"['b11902069']" won the round 16 (stack = {'b11705048': 1025, 'b11902069': 975})
community cards of this round: ['DA', 'HQ', 'H2', 'CJ', 'D7']
name: b11705048, hole_card: ['DQ', 'D5']
name: b11902069, hole_card: ['DJ', 'C2']
Started the round 17
Street "preflop" started. (community card = [])
name: b11705048, hole_card: ['DQ', 'D5']
name: b11902069, hole_card: ['DJ', 'C2']
"b11902069" declared "raise:975"
name: b11705048, hole_card: ['DQ', 'D5']
name: b11902069, hole_card: ['DJ', 'C2']
"b11705048" declared "fold:0"
"['b11902069']" won the round 17 (stack = {'b11705048': 1015, 'b11902069': 985})
community cards of this round: ['HT', 'C5', 'S6', 'H3', 'D2']
name: b11705048, hole_card: ['SQ', 'D7']
name: b11902069, hole_card: ['CJ', 'ST']
Started the round 18
Street "preflop" started. (community card = [])
name: b11705048, hole_card: ['SQ', 'D7']
name: b11902069, hole_card: ['CJ', 'ST']
"b11705048" declared "fold:0"
"['b11902069']" won the round 18 (stack = {'b11705048': 1010, 'b11902069': 990})
community cards of this round: ['HQ', 'C7', 'C6', 'H9', 'SJ']
name: b11705048, hole_card: ['ST', 'S2']
name: b11902069, hole_card: ['S8', 'DA']
Started the round 19
Street "preflop" started. (community card = [])
name: b11705048, hole_card: ['ST', 'S2']
name: b11902069, hole_card: ['S8', 'DA']
"b11902069" declared "raise:990"
name: b11705048, hole_card: ['ST', 'S2']
name: b11902069, hole_card: ['S8', 'DA']
"b11705048" declared "fold:0"
"['b11902069']" won the round 19 (stack = {'b11705048': 1000, 'b11902069': 1000})
community cards of this round: ['H4', 'CK', 'C3', 'S8', 'S5']
name: b11705048, hole_card: ['H6', 'HA']
name: b11902069, hole_card: ['C2', 'H2']
Started the round 20
Street "preflop" started. (community card = [])
name: b11705048, hole_card: ['H6', 'HA']
name: b11902069, hole_card: ['C2', 'H2']
"b11705048" declared "call:10"
name: b11705048, hole_card: ['H6', 'HA']
name: b11902069, hole_card: ['C2', 'H2']
"b11902069" declared "raise:1000"
name: b11705048, hole_card: ['H6', 'HA']
name: b11902069, hole_card: ['C2', 'H2']
"b11705048" declared "fold:0"
"['b11902069']" won the round 20 (stack = {'b11705048': 990, 'b11902069': 1010})
b11902069 vs b11705048 - Game 5: {'rule': {'initial_stack': 1000, 'max_round': 20, 'small_blind_amount': 5, 'ante': 0, 'blind_structure': {}}, 'players': [{'name': 'b11705048', 'uuid': 'cwgkhicfowescjimfkmrob', 'stack': 990, 'state': 'participating'}, {'name': 'b11902069', 'uuid': 'ksbfaukptqhkmqffcqbiho', 'stack': 1010, 'state': 'participating'}]}
Final Result: b11902069 won 2 games (stack: 5015), b11705048 won 0 games (stack: 4985), num ties: 3
