community cards of this round: ['DQ', 'HQ', 'D7', 'S2', 'SJ']
name: b10902012, hole_card: ['C4', 'S5']
name: b11902135, hole_card: ['H3', 'S3']
['C4', 'S5']
Started the round 1
Street "preflop" started. (community card = [])
name: b10902012, hole_card: ['C4', 'S5']
name: b11902135, hole_card: ['H3', 'S3']
"b11902135" declared "fold:0"
"['b10902012']" won the round 1 (stack = {'b10902012': 1005, 'b11902135': 995})
community cards of this round: ['D2', 'D5', 'S7', 'S8', 'HT']
name: b10902012, hole_card: ['H2', 'H3']
name: b11902135, hole_card: ['SJ', 'DA']
['H2', 'H3']
Started the round 2
Street "preflop" started. (community card = [])
    eval: 12850, range: (10, 0)
name: b10902012, hole_card: ['H2', 'H3']
name: b11902135, hole_card: ['SJ', 'DA']
"b10902012" declared "call:10"
name: b10902012, hole_card: ['H2', 'H3']
name: b11902135, hole_card: ['SJ', 'DA']
"b11902135" declared "call:10"
Street "flop" started. (community card = ['D2', 'D5', 'S7'])
    eval: 73778, range: (10, 0)
name: b10902012, hole_card: ['H2', 'H3']
name: b11902135, hole_card: ['SJ', 'DA']
"b10902012" declared "call:0"
name: b10902012, hole_card: ['H2', 'H3']
name: b11902135, hole_card: ['SJ', 'DA']
"b11902135" declared "call:0"
Street "turn" started. (community card = ['D2', 'D5', 'S7', 'S8'])
    eval: 73778, range: (11.872749825755497, 0)
name: b10902012, hole_card: ['H2', 'H3']
name: b11902135, hole_card: ['SJ', 'DA']
"b10902012" declared "call:0"
name: b10902012, hole_card: ['H2', 'H3']
name: b11902135, hole_card: ['SJ', 'DA']
"b11902135" declared "fold:0"
"['b10902012']" won the round 2 (stack = {'b10902012': 1015, 'b11902135': 985})
community cards of this round: ['CT', 'S8', 'S6', 'D7', 'D6']
name: b10902012, hole_card: ['HQ', 'H5']
name: b11902135, hole_card: ['SA', 'CJ']
['HQ', 'H5']
Started the round 3
Street "preflop" started. (community card = [])
name: b10902012, hole_card: ['HQ', 'H5']
name: b11902135, hole_card: ['SA', 'CJ']
"b11902135" declared "fold:0"
"['b10902012']" won the round 3 (stack = {'b10902012': 1020, 'b11902135': 980})
community cards of this round: ['D4', 'S4', 'CJ', 'CA', 'H5']
name: b10902012, hole_card: ['H3', 'CT']
name: b11902135, hole_card: ['DK', 'D9']
['H3', 'CT']
Started the round 4
Street "preflop" started. (community card = [])
    eval: 41891, range: (10, 0)
name: b10902012, hole_card: ['H3', 'CT']
name: b11902135, hole_card: ['DK', 'D9']
"b10902012" declared "call:10"
name: b10902012, hole_card: ['H3', 'CT']
name: b11902135, hole_card: ['DK', 'D9']
"b11902135" declared "fold:0"
"['b10902012']" won the round 4 (stack = {'b10902012': 1030, 'b11902135': 970})
community cards of this round: ['D5', 'S9', 'S3', 'DQ', 'SK']
name: b10902012, hole_card: ['DJ', 'D2']
name: b11902135, hole_card: ['C3', 'DK']
['DJ', 'D2']
Started the round 5
Street "preflop" started. (community card = [])
name: b10902012, hole_card: ['DJ', 'D2']
name: b11902135, hole_card: ['C3', 'DK']
"b11902135" declared "fold:0"
"['b10902012']" won the round 5 (stack = {'b10902012': 1035, 'b11902135': 965})
community cards of this round: ['D7', 'D3', 'H6', 'S4', 'SJ']
name: b10902012, hole_card: ['CK', 'S5']
name: b11902135, hole_card: ['H9', 'CT']
['CK', 'S5']
Started the round 6
Street "preflop" started. (community card = [])
    eval: 54741, range: (10, 0)
name: b10902012, hole_card: ['CK', 'S5']
name: b11902135, hole_card: ['H9', 'CT']
"b10902012" declared "call:10"
name: b10902012, hole_card: ['CK', 'S5']
name: b11902135, hole_card: ['H9', 'CT']
"b11902135" declared "fold:0"
"['b10902012']" won the round 6 (stack = {'b10902012': 1045, 'b11902135': 955})
community cards of this round: ['SQ', 'HJ', 'HK', 'DA', 'D4']
name: b10902012, hole_card: ['SJ', 'SK']
name: b11902135, hole_card: ['H2', 'D3']
['SJ', 'SK']
Started the round 7
Street "preflop" started. (community card = [])
name: b10902012, hole_card: ['SJ', 'SK']
name: b11902135, hole_card: ['H2', 'D3']
"b11902135" declared "fold:0"
"['b10902012']" won the round 7 (stack = {'b10902012': 1050, 'b11902135': 950})
community cards of this round: ['C9', 'D2', 'C6', 'HQ', 'CK']
name: b10902012, hole_card: ['S4', 'D8']
name: b11902135, hole_card: ['SK', 'HK']
['S4', 'D8']
Started the round 8
Street "preflop" started. (community card = [])
    eval: 33924, range: (10, 0)
name: b10902012, hole_card: ['S4', 'D8']
name: b11902135, hole_card: ['SK', 'HK']
"b10902012" declared "call:10"
name: b10902012, hole_card: ['S4', 'D8']
name: b11902135, hole_card: ['SK', 'HK']
"b11902135" declared "raise:763.0"
0th fold
    eval: 33924, range: (10, 0)
name: b10902012, hole_card: ['S4', 'D8']
name: b11902135, hole_card: ['SK', 'HK']
"b10902012" declared "fold:0"
"['b11902135']" won the round 8 (stack = {'b10902012': 1040, 'b11902135': 960.0})
community cards of this round: ['D9', 'H2', 'SQ', 'H5', 'ST']
name: b10902012, hole_card: ['CK', 'DJ']
name: b11902135, hole_card: ['D5', 'CT']
['CK', 'DJ']
Started the round 9
Street "preflop" started. (community card = [])
name: b10902012, hole_card: ['CK', 'DJ']
name: b11902135, hole_card: ['D5', 'CT']
"b11902135" declared "fold:0"
"['b10902012']" won the round 9 (stack = {'b10902012': 1045, 'b11902135': 955.0})
community cards of this round: ['S4', 'S6', 'D8', 'S7', 'H6']
name: b10902012, hole_card: ['S5', 'CT']
name: b11902135, hole_card: ['S3', 'C2']
['S5', 'CT']
Started the round 10
Street "preflop" started. (community card = [])
    eval: 42405, range: (10, 0)
name: b10902012, hole_card: ['S5', 'CT']
name: b11902135, hole_card: ['S3', 'C2']
"b10902012" declared "call:10"
name: b10902012, hole_card: ['S5', 'CT']
name: b11902135, hole_card: ['S3', 'C2']
"b11902135" declared "fold:0"
"['b10902012']" won the round 10 (stack = {'b10902012': 1055, 'b11902135': 945.0})
community cards of this round: ['CQ', 'SJ', 'DT', 'D9', 'DK']
name: b10902012, hole_card: ['S6', 'HK']
name: b11902135, hole_card: ['S4', 'H5']
['S6', 'HK']
Started the round 11
Street "preflop" started. (community card = [])
name: b10902012, hole_card: ['S6', 'HK']
name: b11902135, hole_card: ['S4', 'H5']
"b11902135" declared "call:10"
    eval: 54998, range: (10, 0)
name: b10902012, hole_card: ['S6', 'HK']
name: b11902135, hole_card: ['S4', 'H5']
"b10902012" declared "call:10"
Street "flop" started. (community card = ['CQ', 'SJ', 'DT'])
name: b10902012, hole_card: ['S6', 'HK']
name: b11902135, hole_card: ['S4', 'H5']
"b11902135" declared "fold:0"
"['b10902012']" won the round 11 (stack = {'b10902012': 1065, 'b11902135': 935.0})
community cards of this round: ['H4', 'H7', 'S9', 'C5', 'CQ']
name: b10902012, hole_card: ['D9', 'SK']
name: b11902135, hole_card: ['S4', 'ST']
['D9', 'SK']
Started the round 12
Street "preflop" started. (community card = [])
    eval: 55769, range: (10, 0)
name: b10902012, hole_card: ['D9', 'SK']
name: b11902135, hole_card: ['S4', 'ST']
"b10902012" declared "call:10"
name: b10902012, hole_card: ['D9', 'SK']
name: b11902135, hole_card: ['S4', 'ST']
"b11902135" declared "fold:0"
"['b10902012']" won the round 12 (stack = {'b10902012': 1075, 'b11902135': 925.0})
community cards of this round: ['HA', 'HK', 'SK', 'HT', 'D8']
name: b10902012, hole_card: ['CK', 'D5']
name: b11902135, hole_card: ['DK', 'SA']
['CK', 'D5']
Started the round 13
Street "preflop" started. (community card = [])
name: b10902012, hole_card: ['CK', 'D5']
name: b11902135, hole_card: ['DK', 'SA']
"b11902135" declared "raise:925.0"
0th fold
    eval: 54741, range: (10, 0)
name: b10902012, hole_card: ['CK', 'D5']
name: b11902135, hole_card: ['DK', 'SA']
"b10902012" declared "fold:0"
"['b11902135']" won the round 13 (stack = {'b10902012': 1065, 'b11902135': 935.0})
community cards of this round: ['DQ', 'C3', 'C7', 'CA', 'H6']
name: b10902012, hole_card: ['DK', 'S8']
name: b11902135, hole_card: ['H7', 'CJ']
['DK', 'S8']
Started the round 14
Street "preflop" started. (community card = [])
name: b10902012, hole_card: ['DK', 'S8']
name: b11902135, hole_card: ['H7', 'CJ']
"b10902012" declared "fold:0"
"['b11902135']" won the round 14 (stack = {'b10902012': 1060, 'b11902135': 940.0})
community cards of this round: ['SQ', 'H5', 'C6', 'D3', 'D9']
name: b10902012, hole_card: ['S8', 'SA']
name: b11902135, hole_card: ['C7', 'C5']
['S8', 'SA']
Started the round 15
Street "preflop" started. (community card = [])
name: b10902012, hole_card: ['S8', 'SA']
name: b11902135, hole_card: ['C7', 'C5']
"b11902135" declared "fold:0"
"['b10902012']" won the round 15 (stack = {'b10902012': 1065, 'b11902135': 935.0})
community cards of this round: ['DT', 'SA', 'S9', 'C2', 'S2']
name: b10902012, hole_card: ['CJ', 'SQ']
name: b11902135, hole_card: ['C3', 'S6']
['CJ', 'SQ']
Started the round 16
Street "preflop" started. (community card = [])
name: b10902012, hole_card: ['CJ', 'SQ']
name: b11902135, hole_card: ['C3', 'S6']
"b10902012" declared "fold:0"
"['b11902135']" won the round 16 (stack = {'b10902012': 1060, 'b11902135': 940.0})
community cards of this round: ['S6', 'C6', 'CJ', 'D5', 'S8']
name: b10902012, hole_card: ['HA', 'C4']
name: b11902135, hole_card: ['H5', 'SA']
['HA', 'C4']
Started the round 17
Street "preflop" started. (community card = [])
name: b10902012, hole_card: ['HA', 'C4']
name: b11902135, hole_card: ['H5', 'SA']
"b11902135" declared "raise:940.0"
    eval: 58596, range: (10, 0)
name: b10902012, hole_card: ['HA', 'C4']
name: b11902135, hole_card: ['H5', 'SA']
"b10902012" declared "call:940.0"
Street "flop" started. (community card = ['S6', 'C6', 'CJ'])
Street "turn" started. (community card = ['S6', 'C6', 'CJ', 'D5'])
Street "river" started. (community card = ['S6', 'C6', 'CJ', 'D5', 'S8'])
"['b11902135']" won the round 17 (stack = {'b10902012': 120.0, 'b11902135': 1880.0})
community cards of this round: ['C6', 'C7', 'S2', 'S4', 'SK']
name: b10902012, hole_card: ['S9', 'HA']
name: b11902135, hole_card: ['D5', 'CK']
['S9', 'HA']
Started the round 18
Street "preflop" started. (community card = [])
    eval: 59881, range: (10, 0)
name: b10902012, hole_card: ['S9', 'HA']
name: b11902135, hole_card: ['D5', 'CK']
"b10902012" declared "call:10"
name: b10902012, hole_card: ['S9', 'HA']
name: b11902135, hole_card: ['D5', 'CK']
"b11902135" declared "fold:0"
"['b10902012']" won the round 18 (stack = {'b10902012': 130.0, 'b11902135': 1870.0})
community cards of this round: ['D3', 'D5', 'H7', 'H2', 'S8']
name: b10902012, hole_card: ['D4', 'CA']
name: b11902135, hole_card: ['HQ', 'CK']
['D4', 'CA']
Started the round 19
Street "preflop" started. (community card = [])
name: b10902012, hole_card: ['D4', 'CA']
name: b11902135, hole_card: ['HQ', 'CK']
"b11902135" declared "fold:0"
"['b10902012']" won the round 19 (stack = {'b10902012': 135.0, 'b11902135': 1865.0})
community cards of this round: ['SJ', 'HJ', 'S3', 'C6', 'D8']
name: b10902012, hole_card: ['DK', 'H9']
name: b11902135, hole_card: ['S2', 'CJ']
['DK', 'H9']
Started the round 20
Street "preflop" started. (community card = [])
    eval: 55769, range: (5, 0)
name: b10902012, hole_card: ['DK', 'H9']
name: b11902135, hole_card: ['S2', 'CJ']
"b10902012" declared "call:10"
name: b10902012, hole_card: ['DK', 'H9']
name: b11902135, hole_card: ['S2', 'CJ']
"b11902135" declared "fold:0"
"['b10902012']" won the round 20 (stack = {'b10902012': 145.0, 'b11902135': 1855.0})
b11902135 vs b10902012 - Game 1: {'rule': {'initial_stack': 1000, 'max_round': 20, 'small_blind_amount': 5, 'ante': 0, 'blind_structure': {}}, 'players': [{'name': 'b10902012', 'uuid': 'orwlhigkuxqwjyniorolcl', 'stack': 145.0, 'state': 'participating'}, {'name': 'b11902135', 'uuid': 'mxmzgytqtwjqprmcmyedks', 'stack': 1855.0, 'state': 'participating'}]}
community cards of this round: ['DQ', 'HQ', 'D7', 'S2', 'SJ']
name: b11902135, hole_card: ['C4', 'S5']
name: b10902012, hole_card: ['H3', 'S3']
['H3', 'S3']
Started the round 1
Street "preflop" started. (community card = [])
    eval: 77875, range: (153.84615384615384, 0)
name: b11902135, hole_card: ['C4', 'S5']
name: b10902012, hole_card: ['H3', 'S3']
"b10902012" declared "call:10"
name: b11902135, hole_card: ['C4', 'S5']
name: b10902012, hole_card: ['H3', 'S3']
"b11902135" declared "fold:0"
"['b10902012']" won the round 1 (stack = {'b11902135': 990, 'b10902012': 1010})
community cards of this round: ['D2', 'D5', 'S7', 'S8', 'HT']
name: b11902135, hole_card: ['H2', 'H3']
name: b10902012, hole_card: ['SJ', 'DA']
['SJ', 'DA']
Started the round 2
Street "preflop" started. (community card = [])
name: b11902135, hole_card: ['H2', 'H3']
name: b10902012, hole_card: ['SJ', 'DA']
"b11902135" declared "fold:0"
"['b10902012']" won the round 2 (stack = {'b11902135': 985, 'b10902012': 1015})
community cards of this round: ['CT', 'S8', 'S6', 'D7', 'D6']
name: b11902135, hole_card: ['HQ', 'H5']
name: b10902012, hole_card: ['SA', 'CJ']
['SA', 'CJ']
Started the round 3
Street "preflop" started. (community card = [])
    eval: 60395, range: (10, 0)
name: b11902135, hole_card: ['HQ', 'H5']
name: b10902012, hole_card: ['SA', 'CJ']
"b10902012" declared "call:10"
name: b11902135, hole_card: ['HQ', 'H5']
name: b10902012, hole_card: ['SA', 'CJ']
"b11902135" declared "raise:15.0"
0th fold
    eval: 60395, range: (10, 0)
name: b11902135, hole_card: ['HQ', 'H5']
name: b10902012, hole_card: ['SA', 'CJ']
"b10902012" declared "fold:0"
"['b11902135']" won the round 3 (stack = {'b11902135': 995.0, 'b10902012': 1005})
community cards of this round: ['D4', 'S4', 'CJ', 'CA', 'H5']
name: b11902135, hole_card: ['H3', 'CT']
name: b10902012, hole_card: ['DK', 'D9']
['DK', 'D9']
Started the round 4
Street "preflop" started. (community card = [])
name: b11902135, hole_card: ['H3', 'CT']
name: b10902012, hole_card: ['DK', 'D9']
"b11902135" declared "fold:0"
"['b10902012']" won the round 4 (stack = {'b11902135': 990.0, 'b10902012': 1010})
community cards of this round: ['D5', 'S9', 'S3', 'DQ', 'SK']
name: b11902135, hole_card: ['DJ', 'D2']
name: b10902012, hole_card: ['C3', 'DK']
['C3', 'DK']
Started the round 5
Street "preflop" started. (community card = [])
    eval: 54227, range: (10, 0)
name: b11902135, hole_card: ['DJ', 'D2']
name: b10902012, hole_card: ['C3', 'DK']
"b10902012" declared "call:10"
name: b11902135, hole_card: ['DJ', 'D2']
name: b10902012, hole_card: ['C3', 'DK']
"b11902135" declared "call:10"
Street "flop" started. (community card = ['D5', 'S9', 'S3'])
    eval: 78035, range: (10, 0)
name: b11902135, hole_card: ['DJ', 'D2']
name: b10902012, hole_card: ['C3', 'DK']
"b10902012" declared "call:0"
name: b11902135, hole_card: ['DJ', 'D2']
name: b10902012, hole_card: ['C3', 'DK']
"b11902135" declared "fold:0"
"['b10902012']" won the round 5 (stack = {'b11902135': 980.0, 'b10902012': 1020})
community cards of this round: ['D7', 'D3', 'H6', 'S4', 'SJ']
name: b11902135, hole_card: ['CK', 'S5']
name: b10902012, hole_card: ['H9', 'CT']
['H9', 'CT']
Started the round 6
Street "preflop" started. (community card = [])
name: b11902135, hole_card: ['CK', 'S5']
name: b10902012, hole_card: ['H9', 'CT']
"b11902135" declared "fold:0"
"['b10902012']" won the round 6 (stack = {'b11902135': 975.0, 'b10902012': 1025})
community cards of this round: ['SQ', 'HJ', 'HK', 'DA', 'D4']
name: b11902135, hole_card: ['SJ', 'SK']
name: b10902012, hole_card: ['H2', 'D3']
['H2', 'D3']
Started the round 7
Street "preflop" started. (community card = [])
    eval: 12850, range: (10, 0)
name: b11902135, hole_card: ['SJ', 'SK']
name: b10902012, hole_card: ['H2', 'D3']
"b10902012" declared "call:10"
name: b11902135, hole_card: ['SJ', 'SK']
name: b10902012, hole_card: ['H2', 'D3']
"b11902135" declared "call:10"
Street "flop" started. (community card = ['SQ', 'HJ', 'HK'])
    eval: 12850, range: (5.0, 0)
name: b11902135, hole_card: ['SJ', 'SK']
name: b10902012, hole_card: ['H2', 'D3']
"b10902012" declared "call:0"
name: b11902135, hole_card: ['SJ', 'SK']
name: b10902012, hole_card: ['H2', 'D3']
"b11902135" declared "raise:774.0"
0th fold
    eval: 12850, range: (5.0, 0)
name: b11902135, hole_card: ['SJ', 'SK']
name: b10902012, hole_card: ['H2', 'D3']
"b10902012" declared "fold:0"
"['b11902135']" won the round 7 (stack = {'b11902135': 985.0, 'b10902012': 1015})
community cards of this round: ['C9', 'D2', 'C6', 'HQ', 'CK']
name: b11902135, hole_card: ['S4', 'D8']
name: b10902012, hole_card: ['SK', 'HK']
['SK', 'HK']
Started the round 8
Street "preflop" started. (community card = [])
name: b11902135, hole_card: ['S4', 'D8']
name: b10902012, hole_card: ['SK', 'HK']
"b11902135" declared "fold:0"
"['b10902012']" won the round 8 (stack = {'b11902135': 980.0, 'b10902012': 1020})
community cards of this round: ['D9', 'H2', 'SQ', 'H5', 'ST']
name: b11902135, hole_card: ['CK', 'DJ']
name: b10902012, hole_card: ['D5', 'CT']
['D5', 'CT']
Started the round 9
Street "preflop" started. (community card = [])
    eval: 42405, range: (10, 0)
name: b11902135, hole_card: ['CK', 'DJ']
name: b10902012, hole_card: ['D5', 'CT']
"b10902012" declared "call:10"
name: b11902135, hole_card: ['CK', 'DJ']
name: b10902012, hole_card: ['D5', 'CT']
"b11902135" declared "raise:15.0"
    eval: 42405, range: (10, 0)
name: b11902135, hole_card: ['CK', 'DJ']
name: b10902012, hole_card: ['D5', 'CT']
"b10902012" declared "call:15.0"
Street "flop" started. (community card = ['D9', 'H2', 'SQ'])
    eval: 42405, range: (5.0, 0)
name: b11902135, hole_card: ['CK', 'DJ']
name: b10902012, hole_card: ['D5', 'CT']
"b10902012" declared "call:0"
name: b11902135, hole_card: ['CK', 'DJ']
name: b10902012, hole_card: ['D5', 'CT']
"b11902135" declared "call:0"
Street "turn" started. (community card = ['D9', 'H2', 'SQ', 'H5'])
    eval: 86181, range: (299.58922732436014, 52.8274816680404)
name: b11902135, hole_card: ['CK', 'DJ']
name: b10902012, hole_card: ['D5', 'CT']
"b10902012" declared "raise:52.8274816680404"
name: b11902135, hole_card: ['CK', 'DJ']
name: b10902012, hole_card: ['D5', 'CT']
"b11902135" declared "call:52.8274816680404"
Street "river" started. (community card = ['D9', 'H2', 'SQ', 'H5', 'ST'])
    eval: 173477, range: (952.1725183319596, 952.1725183319596)
name: b11902135, hole_card: ['CK', 'DJ']
name: b10902012, hole_card: ['D5', 'CT']
"b10902012" declared "raise:952.1725183319596"
name: b11902135, hole_card: ['CK', 'DJ']
name: b10902012, hole_card: ['D5', 'CT']
"b11902135" declared "call:952.1725183319596"
"['b11902135']" won the round 9 (stack = {'b11902135': 1960.0, 'b10902012': 40.0})
community cards of this round: ['S4', 'S6', 'D8', 'S7', 'H6']
name: b11902135, hole_card: ['S5', 'CT']
name: b10902012, hole_card: ['S3', 'C2']
['S3', 'C2']
Started the round 10
Street "preflop" started. (community card = [])
name: b11902135, hole_card: ['S5', 'CT']
name: b10902012, hole_card: ['S3', 'C2']
"b11902135" declared "fold:0"
"['b10902012']" won the round 10 (stack = {'b11902135': 1955.0, 'b10902012': 45.0})
community cards of this round: ['CQ', 'SJ', 'DT', 'D9', 'DK']
name: b11902135, hole_card: ['S6', 'HK']
name: b10902012, hole_card: ['S4', 'H5']
['S4', 'H5']
Started the round 11
Street "preflop" started. (community card = [])
    eval: 21588, range: (10, 0)
name: b11902135, hole_card: ['S6', 'HK']
name: b10902012, hole_card: ['S4', 'H5']
"b10902012" declared "call:10"
name: b11902135, hole_card: ['S6', 'HK']
name: b10902012, hole_card: ['S4', 'H5']
"b11902135" declared "fold:0"
"['b10902012']" won the round 11 (stack = {'b11902135': 1945.0, 'b10902012': 55.0})
community cards of this round: ['H4', 'H7', 'S9', 'C5', 'CQ']
name: b11902135, hole_card: ['D9', 'SK']
name: b10902012, hole_card: ['S4', 'ST']
['S4', 'ST']
Started the round 12
Street "preflop" started. (community card = [])
name: b11902135, hole_card: ['D9', 'SK']
name: b10902012, hole_card: ['S4', 'ST']
"b11902135" declared "fold:0"
"['b10902012']" won the round 12 (stack = {'b11902135': 1940.0, 'b10902012': 60.0})
community cards of this round: ['HA', 'HK', 'SK', 'HT', 'D8']
name: b11902135, hole_card: ['CK', 'D5']
name: b10902012, hole_card: ['DK', 'SA']
['DK', 'SA']
Started the round 13
Street "preflop" started. (community card = [])
    eval: 60909, range: (10, 0)
name: b11902135, hole_card: ['CK', 'D5']
name: b10902012, hole_card: ['DK', 'SA']
"b10902012" declared "call:10"
name: b11902135, hole_card: ['CK', 'D5']
name: b10902012, hole_card: ['DK', 'SA']
"b11902135" declared "fold:0"
"['b10902012']" won the round 13 (stack = {'b11902135': 1930.0, 'b10902012': 70.0})
community cards of this round: ['DQ', 'C3', 'C7', 'CA', 'H6']
name: b11902135, hole_card: ['DK', 'S8']
name: b10902012, hole_card: ['H7', 'CJ']
['H7', 'CJ']
Started the round 14
Street "preflop" started. (community card = [])
name: b11902135, hole_card: ['DK', 'S8']
name: b10902012, hole_card: ['H7', 'CJ']
"b11902135" declared "fold:0"
"['b10902012']" won the round 14 (stack = {'b11902135': 1925.0, 'b10902012': 75.0})
community cards of this round: ['SQ', 'H5', 'C6', 'D3', 'D9']
name: b11902135, hole_card: ['S8', 'SA']
name: b10902012, hole_card: ['C7', 'C5']
['C7', 'C5']
Started the round 15
Street "preflop" started. (community card = [])
    eval: 30069, range: (10, 0)
name: b11902135, hole_card: ['S8', 'SA']
name: b10902012, hole_card: ['C7', 'C5']
"b10902012" declared "call:10"
name: b11902135, hole_card: ['S8', 'SA']
name: b10902012, hole_card: ['C7', 'C5']
"b11902135" declared "fold:0"
"['b10902012']" won the round 15 (stack = {'b11902135': 1915.0, 'b10902012': 85.0})
community cards of this round: ['DT', 'SA', 'S9', 'C2', 'S2']
name: b11902135, hole_card: ['CJ', 'SQ']
name: b10902012, hole_card: ['C3', 'S6']
['C3', 'S6']
Started the round 16
Street "preflop" started. (community card = [])
name: b11902135, hole_card: ['CJ', 'SQ']
name: b10902012, hole_card: ['C3', 'S6']
"b11902135" declared "fold:0"
"['b10902012']" won the round 16 (stack = {'b11902135': 1910.0, 'b10902012': 90.0})
community cards of this round: ['S6', 'C6', 'CJ', 'D5', 'S8']
name: b11902135, hole_card: ['HA', 'C4']
name: b10902012, hole_card: ['H5', 'SA']
['H5', 'SA']
Started the round 17
Street "preflop" started. (community card = [])
    eval: 58853, range: (10, 0)
name: b11902135, hole_card: ['HA', 'C4']
name: b10902012, hole_card: ['H5', 'SA']
"b10902012" declared "call:10"
name: b11902135, hole_card: ['HA', 'C4']
name: b10902012, hole_card: ['H5', 'SA']
"b11902135" declared "fold:0"
"['b10902012']" won the round 17 (stack = {'b11902135': 1900.0, 'b10902012': 100.0})
community cards of this round: ['C6', 'C7', 'S2', 'S4', 'SK']
name: b11902135, hole_card: ['S9', 'HA']
name: b10902012, hole_card: ['D5', 'CK']
['D5', 'CK']
Started the round 18
Street "preflop" started. (community card = [])
name: b11902135, hole_card: ['S9', 'HA']
name: b10902012, hole_card: ['D5', 'CK']
"b11902135" declared "fold:0"
"['b10902012']" won the round 18 (stack = {'b11902135': 1895.0, 'b10902012': 105.0})
community cards of this round: ['D3', 'D5', 'H7', 'H2', 'S8']
name: b11902135, hole_card: ['D4', 'CA']
name: b10902012, hole_card: ['HQ', 'CK']
['HQ', 'CK']
Started the round 19
Street "preflop" started. (community card = [])
    eval: 56540, range: (10, 0)
name: b11902135, hole_card: ['D4', 'CA']
name: b10902012, hole_card: ['HQ', 'CK']
"b10902012" declared "call:10"
name: b11902135, hole_card: ['D4', 'CA']
name: b10902012, hole_card: ['HQ', 'CK']
"b11902135" declared "fold:0"
"['b10902012']" won the round 19 (stack = {'b11902135': 1885.0, 'b10902012': 115.0})
community cards of this round: ['SJ', 'HJ', 'S3', 'C6', 'D8']
name: b11902135, hole_card: ['DK', 'H9']
name: b10902012, hole_card: ['S2', 'CJ']
['S2', 'CJ']
Started the round 20
Street "preflop" started. (community card = [])
name: b11902135, hole_card: ['DK', 'H9']
name: b10902012, hole_card: ['S2', 'CJ']
"b11902135" declared "fold:0"
"['b10902012']" won the round 20 (stack = {'b11902135': 1880.0, 'b10902012': 120.0})
b11902135 vs b10902012 - Game 2: {'rule': {'initial_stack': 1000, 'max_round': 20, 'small_blind_amount': 5, 'ante': 0, 'blind_structure': {}}, 'players': [{'name': 'b11902135', 'uuid': 'mipiyetjxgtxboypjrlctn', 'stack': 1880.0, 'state': 'participating'}, {'name': 'b10902012', 'uuid': 'hxhkfmhybdxzxbhzmkjnum', 'stack': 120.0, 'state': 'participating'}]}
community cards of this round: ['D7', 'SJ', 'H4', 'HT', 'C5']
name: b10902012, hole_card: ['DK', 'CT']
name: b11902135, hole_card: ['C9', 'S6']
['DK', 'CT']
Started the round 1
Street "preflop" started. (community card = [])
name: b10902012, hole_card: ['DK', 'CT']
name: b11902135, hole_card: ['C9', 'S6']
"b11902135" declared "fold:0"
"['b10902012']" won the round 1 (stack = {'b10902012': 1005, 'b11902135': 995})
community cards of this round: ['D9', 'DK', 'C3', 'H7', 'H9']
name: b10902012, hole_card: ['HQ', 'C8']
name: b11902135, hole_card: ['H5', 'H2']
['HQ', 'C8']
Started the round 2
Street "preflop" started. (community card = [])
    eval: 51400, range: (10, 0)
name: b10902012, hole_card: ['HQ', 'C8']
name: b11902135, hole_card: ['H5', 'H2']
"b10902012" declared "call:10"
name: b10902012, hole_card: ['HQ', 'C8']
name: b11902135, hole_card: ['H5', 'H2']
"b11902135" declared "fold:0"
"['b10902012']" won the round 2 (stack = {'b10902012': 1015, 'b11902135': 985})
community cards of this round: ['D8', 'S9', 'HT', 'HK', 'CA']
name: b10902012, hole_card: ['SJ', 'CT']
name: b11902135, hole_card: ['HJ', 'C9']
['SJ', 'CT']
Started the round 3
Street "preflop" started. (community card = [])
name: b10902012, hole_card: ['SJ', 'CT']
name: b11902135, hole_card: ['HJ', 'C9']
"b11902135" declared "fold:0"
"['b10902012']" won the round 3 (stack = {'b10902012': 1020, 'b11902135': 980})
community cards of this round: ['DK', 'H3', 'C5', 'D2', 'H4']
name: b10902012, hole_card: ['HQ', 'DT']
name: b11902135, hole_card: ['SQ', 'S5']
['HQ', 'DT']
Started the round 4
Street "preflop" started. (community card = [])
    eval: 51914, range: (10, 0)
name: b10902012, hole_card: ['HQ', 'DT']
name: b11902135, hole_card: ['SQ', 'S5']
"b10902012" declared "call:10"
name: b10902012, hole_card: ['HQ', 'DT']
name: b11902135, hole_card: ['SQ', 'S5']
"b11902135" declared "fold:0"
"['b10902012']" won the round 4 (stack = {'b10902012': 1030, 'b11902135': 970})
community cards of this round: ['S4', 'S6', 'S7', 'C8', 'SK']
name: b10902012, hole_card: ['C3', 'HA']
name: b11902135, hole_card: ['S2', 'C9']
['C3', 'HA']
Started the round 5
Street "preflop" started. (community card = [])
name: b10902012, hole_card: ['C3', 'HA']
name: b11902135, hole_card: ['S2', 'C9']
"b11902135" declared "fold:0"
"['b10902012']" won the round 5 (stack = {'b10902012': 1035, 'b11902135': 965})
community cards of this round: ['DQ', 'H3', 'D8', 'CK', 'SK']
name: b10902012, hole_card: ['SJ', 'SQ']
name: b11902135, hole_card: ['C5', 'D3']
['SJ', 'SQ']
Started the round 6
Street "preflop" started. (community card = [])
    eval: 52171, range: (10, 0)
name: b10902012, hole_card: ['SJ', 'SQ']
name: b11902135, hole_card: ['C5', 'D3']
"b10902012" declared "call:10"
name: b10902012, hole_card: ['SJ', 'SQ']
name: b11902135, hole_card: ['C5', 'D3']
"b11902135" declared "fold:0"
"['b10902012']" won the round 6 (stack = {'b10902012': 1045, 'b11902135': 955})
community cards of this round: ['S2', 'C5', 'SQ', 'DJ', 'HT']
name: b10902012, hole_card: ['C8', 'C7']
name: b11902135, hole_card: ['H9', 'DA']
['C8', 'C7']
Started the round 7
Street "preflop" started. (community card = [])
name: b10902012, hole_card: ['C8', 'C7']
name: b11902135, hole_card: ['H9', 'DA']
"b11902135" declared "call:10"
    eval: 34695, range: (10, 0)
name: b10902012, hole_card: ['C8', 'C7']
name: b11902135, hole_card: ['H9', 'DA']
"b10902012" declared "call:10"
Street "flop" started. (community card = ['S2', 'C5', 'SQ'])
name: b10902012, hole_card: ['C8', 'C7']
name: b11902135, hole_card: ['H9', 'DA']
"b11902135" declared "call:0"
    eval: 34695, range: (5.0, 0)
name: b10902012, hole_card: ['C8', 'C7']
name: b11902135, hole_card: ['H9', 'DA']
"b10902012" declared "call:0"
Street "turn" started. (community card = ['S2', 'C5', 'SQ', 'DJ'])
name: b10902012, hole_card: ['C8', 'C7']
name: b11902135, hole_card: ['H9', 'DA']
"b11902135" declared "fold:0"
"['b10902012']" won the round 7 (stack = {'b10902012': 1055, 'b11902135': 945})
community cards of this round: ['D3', 'HK', 'H5', 'D5', 'D2']
name: b10902012, hole_card: ['H4', 'S4']
name: b11902135, hole_card: ['D6', 'H9']
['H4', 'S4']
Started the round 8
Street "preflop" started. (community card = [])
    eval: 81988, range: (243.46153846153845, 0)
name: b10902012, hole_card: ['H4', 'S4']
name: b11902135, hole_card: ['D6', 'H9']
"b10902012" declared "call:10"
name: b10902012, hole_card: ['H4', 'S4']
name: b11902135, hole_card: ['D6', 'H9']
"b11902135" declared "fold:0"
"['b10902012']" won the round 8 (stack = {'b10902012': 1065, 'b11902135': 935})
community cards of this round: ['C5', 'HK', 'S8', 'H8', 'CJ']
name: b10902012, hole_card: ['CA', 'CQ']
name: b11902135, hole_card: ['H3', 'D7']
['CA', 'CQ']
Started the round 9
Street "preflop" started. (community card = [])
name: b10902012, hole_card: ['CA', 'CQ']
name: b11902135, hole_card: ['H3', 'D7']
"b11902135" declared "fold:0"
"['b10902012']" won the round 9 (stack = {'b10902012': 1070, 'b11902135': 930})
community cards of this round: ['SQ', 'HJ', 'CT', 'D5', 'C4']
name: b10902012, hole_card: ['HA', 'S4']
name: b11902135, hole_card: ['H8', 'DA']
['HA', 'S4']
Started the round 10
Street "preflop" started. (community card = [])
    eval: 58596, range: (10, 0)
name: b10902012, hole_card: ['HA', 'S4']
name: b11902135, hole_card: ['H8', 'DA']
"b10902012" declared "call:10"
name: b10902012, hole_card: ['HA', 'S4']
name: b11902135, hole_card: ['H8', 'DA']
"b11902135" declared "call:10"
Street "flop" started. (community card = ['SQ', 'HJ', 'CT'])
    eval: 58596, range: (5.0, 0)
name: b10902012, hole_card: ['HA', 'S4']
name: b11902135, hole_card: ['H8', 'DA']
"b10902012" declared "call:0"
name: b10902012, hole_card: ['HA', 'S4']
name: b11902135, hole_card: ['H8', 'DA']
"b11902135" declared "raise:10.0"
0th fold
    eval: 58596, range: (5.0, 0)
name: b10902012, hole_card: ['HA', 'S4']
name: b11902135, hole_card: ['H8', 'DA']
"b10902012" declared "fold:0"
"['b11902135']" won the round 10 (stack = {'b10902012': 1060, 'b11902135': 940.0})
community cards of this round: ['H3', 'H8', 'C7', 'CA', 'D5']
name: b10902012, hole_card: ['HK', 'D6']
name: b11902135, hole_card: ['S9', 'S3']
['HK', 'D6']
Started the round 11
Street "preflop" started. (community card = [])
name: b10902012, hole_card: ['HK', 'D6']
name: b11902135, hole_card: ['S9', 'S3']
"b11902135" declared "fold:0"
"['b10902012']" won the round 11 (stack = {'b10902012': 1065, 'b11902135': 935.0})
community cards of this round: ['CT', 'SK', 'D9', 'S5', 'H4']
name: b10902012, hole_card: ['DK', 'C9']
name: b11902135, hole_card: ['HT', 'S8']
['DK', 'C9']
Started the round 12
Street "preflop" started. (community card = [])
    eval: 55769, range: (10, 0)
name: b10902012, hole_card: ['DK', 'C9']
name: b11902135, hole_card: ['HT', 'S8']
"b10902012" declared "call:10"
name: b10902012, hole_card: ['DK', 'C9']
name: b11902135, hole_card: ['HT', 'S8']
"b11902135" declared "fold:0"
"['b10902012']" won the round 12 (stack = {'b10902012': 1075, 'b11902135': 925.0})
community cards of this round: ['DT', 'H5', 'DJ', 'S3', 'H6']
name: b10902012, hole_card: ['HA', 'HJ']
name: b11902135, hole_card: ['HK', 'C4']
['HA', 'HJ']
Started the round 13
Street "preflop" started. (community card = [])
name: b10902012, hole_card: ['HA', 'HJ']
name: b11902135, hole_card: ['HK', 'C4']
"b11902135" declared "fold:0"
"['b10902012']" won the round 13 (stack = {'b10902012': 1080, 'b11902135': 920.0})
community cards of this round: ['SK', 'D3', 'D9', 'C5', 'HQ']
name: b10902012, hole_card: ['S4', 'D4']
name: b11902135, hole_card: ['S9', 'CK']
['S4', 'D4']
Started the round 14
Street "preflop" started. (community card = [])
name: b10902012, hole_card: ['S4', 'D4']
name: b11902135, hole_card: ['S9', 'CK']
"b10902012" declared "fold:0"
"['b11902135']" won the round 14 (stack = {'b10902012': 1075, 'b11902135': 925.0})
community cards of this round: ['D2', 'HT', 'D4', 'C3', 'DQ']
name: b10902012, hole_card: ['H3', 'CJ']
name: b11902135, hole_card: ['DA', 'S3']
['H3', 'CJ']
Started the round 15
Street "preflop" started. (community card = [])
name: b10902012, hole_card: ['H3', 'CJ']
name: b11902135, hole_card: ['DA', 'S3']
"b11902135" declared "fold:0"
"['b10902012']" won the round 15 (stack = {'b10902012': 1080, 'b11902135': 920.0})
community cards of this round: ['H3', 'C7', 'HJ', 'S2', 'D4']
name: b10902012, hole_card: ['CT', 'S8']
name: b11902135, hole_card: ['S3', 'DA']
['CT', 'S8']
Started the round 16
Street "preflop" started. (community card = [])
name: b10902012, hole_card: ['CT', 'S8']
name: b11902135, hole_card: ['S3', 'DA']
"b10902012" declared "fold:0"
"['b11902135']" won the round 16 (stack = {'b10902012': 1075, 'b11902135': 925.0})
community cards of this round: ['HA', 'SQ', 'D9', 'CJ', 'HJ']
name: b10902012, hole_card: ['S5', 'D2']
name: b11902135, hole_card: ['D8', 'S8']
['S5', 'D2']
Started the round 17
Street "preflop" started. (community card = [])
name: b10902012, hole_card: ['S5', 'D2']
name: b11902135, hole_card: ['D8', 'S8']
"b11902135" declared "raise:925.0"
0th fold
    eval: 21074, range: (10, 0)
name: b10902012, hole_card: ['S5', 'D2']
name: b11902135, hole_card: ['D8', 'S8']
"b10902012" declared "fold:0"
"['b11902135']" won the round 17 (stack = {'b10902012': 1065, 'b11902135': 935.0})
community cards of this round: ['DA', 'C6', 'C5', 'CA', 'C4']
name: b10902012, hole_card: ['HT', 'HJ']
name: b11902135, hole_card: ['H9', 'CK']
['HT', 'HJ']
Started the round 18
Street "preflop" started. (community card = [])
name: b10902012, hole_card: ['HT', 'HJ']
name: b11902135, hole_card: ['H9', 'CK']
"b10902012" declared "fold:0"
"['b11902135']" won the round 18 (stack = {'b10902012': 1060, 'b11902135': 940.0})
community cards of this round: ['C9', 'HK', 'CK', 'SJ', 'S3']
name: b10902012, hole_card: ['S6', 'D5']
name: b11902135, hole_card: ['H2', 'D6']
['S6', 'D5']
Started the round 19
Street "preflop" started. (community card = [])
name: b10902012, hole_card: ['S6', 'D5']
name: b11902135, hole_card: ['H2', 'D6']
"b11902135" declared "fold:0"
"['b10902012']" won the round 19 (stack = {'b10902012': 1065, 'b11902135': 935.0})
community cards of this round: ['CQ', 'HK', 'D7', 'HT', 'SK']
name: b10902012, hole_card: ['D3', 'S5']
name: b11902135, hole_card: ['H8', 'S7']
['D3', 'S5']
Started the round 20
Street "preflop" started. (community card = [])
name: b10902012, hole_card: ['D3', 'S5']
name: b11902135, hole_card: ['H8', 'S7']
"b10902012" declared "fold:0"
"['b11902135']" won the round 20 (stack = {'b10902012': 1060, 'b11902135': 940.0})
b11902135 vs b10902012 - Game 3: {'rule': {'initial_stack': 1000, 'max_round': 20, 'small_blind_amount': 5, 'ante': 0, 'blind_structure': {}}, 'players': [{'name': 'b10902012', 'uuid': 'nnspqxmjglimgxuacgpglf', 'stack': 1060, 'state': 'participating'}, {'name': 'b11902135', 'uuid': 'nnapintzhdvxcbtilaogsn', 'stack': 940.0, 'state': 'participating'}]}
community cards of this round: ['D7', 'SJ', 'H4', 'HT', 'C5']
name: b11902135, hole_card: ['DK', 'CT']
name: b10902012, hole_card: ['C9', 'S6']
['C9', 'S6']
Started the round 1
Street "preflop" started. (community card = [])
    eval: 38550, range: (10, 0)
name: b11902135, hole_card: ['DK', 'CT']
name: b10902012, hole_card: ['C9', 'S6']
"b10902012" declared "call:10"
name: b11902135, hole_card: ['DK', 'CT']
name: b10902012, hole_card: ['C9', 'S6']
"b11902135" declared "call:10"
Street "flop" started. (community card = ['D7', 'SJ', 'H4'])
    eval: 38550, range: (5.0, 0)
name: b11902135, hole_card: ['DK', 'CT']
name: b10902012, hole_card: ['C9', 'S6']
"b10902012" declared "call:0"
name: b11902135, hole_card: ['DK', 'CT']
name: b10902012, hole_card: ['C9', 'S6']
"b11902135" declared "fold:0"
"['b10902012']" won the round 1 (stack = {'b11902135': 990, 'b10902012': 1010})
community cards of this round: ['D9', 'DK', 'C3', 'H7', 'H9']
name: b11902135, hole_card: ['HQ', 'C8']
name: b10902012, hole_card: ['H5', 'H2']
['H5', 'H2']
Started the round 2
Street "preflop" started. (community card = [])
name: b11902135, hole_card: ['HQ', 'C8']
name: b10902012, hole_card: ['H5', 'H2']
"b11902135" declared "fold:0"
"['b10902012']" won the round 2 (stack = {'b11902135': 985, 'b10902012': 1015})
community cards of this round: ['D8', 'S9', 'HT', 'HK', 'CA']
name: b11902135, hole_card: ['SJ', 'CT']
name: b10902012, hole_card: ['HJ', 'C9']
['HJ', 'C9']
Started the round 3
Street "preflop" started. (community card = [])
    eval: 47545, range: (10, 0)
name: b11902135, hole_card: ['SJ', 'CT']
name: b10902012, hole_card: ['HJ', 'C9']
"b10902012" declared "call:10"
name: b11902135, hole_card: ['SJ', 'CT']
name: b10902012, hole_card: ['HJ', 'C9']
"b11902135" declared "fold:0"
"['b10902012']" won the round 3 (stack = {'b11902135': 975, 'b10902012': 1025})
community cards of this round: ['DK', 'H3', 'C5', 'D2', 'H4']
name: b11902135, hole_card: ['HQ', 'DT']
name: b10902012, hole_card: ['SQ', 'S5']
['SQ', 'S5']
Started the round 4
Street "preflop" started. (community card = [])
name: b11902135, hole_card: ['HQ', 'DT']
name: b10902012, hole_card: ['SQ', 'S5']
"b11902135" declared "call:10"
    eval: 50629, range: (10, 0)
name: b11902135, hole_card: ['HQ', 'DT']
name: b10902012, hole_card: ['SQ', 'S5']
"b10902012" declared "call:10"
Street "flop" started. (community card = ['DK', 'H3', 'C5'])
name: b11902135, hole_card: ['HQ', 'DT']
name: b10902012, hole_card: ['SQ', 'S5']
"b11902135" declared "call:0"
    eval: 86213, range: (10, 0)
name: b11902135, hole_card: ['HQ', 'DT']
name: b10902012, hole_card: ['SQ', 'S5']
"b10902012" declared "call:0"
Street "turn" started. (community card = ['DK', 'H3', 'C5', 'D2'])
name: b11902135, hole_card: ['HQ', 'DT']
name: b10902012, hole_card: ['SQ', 'S5']
"b11902135" declared "fold:0"
"['b10902012']" won the round 4 (stack = {'b11902135': 965, 'b10902012': 1035})
community cards of this round: ['S4', 'S6', 'S7', 'C8', 'SK']
name: b11902135, hole_card: ['C3', 'HA']
name: b10902012, hole_card: ['S2', 'C9']
['S2', 'C9']
Started the round 5
Street "preflop" started. (community card = [])
    eval: 37522, range: (10, 0)
name: b11902135, hole_card: ['C3', 'HA']
name: b10902012, hole_card: ['S2', 'C9']
"b10902012" declared "call:10"
name: b11902135, hole_card: ['C3', 'HA']
name: b10902012, hole_card: ['S2', 'C9']
"b11902135" declared "fold:0"
"['b10902012']" won the round 5 (stack = {'b11902135': 955, 'b10902012': 1045})
community cards of this round: ['DQ', 'H3', 'D8', 'CK', 'SK']
name: b11902135, hole_card: ['SJ', 'SQ']
name: b10902012, hole_card: ['C5', 'D3']
['C5', 'D3']
Started the round 6
Street "preflop" started. (community card = [])
name: b11902135, hole_card: ['SJ', 'SQ']
name: b10902012, hole_card: ['C5', 'D3']
"b11902135" declared "call:10"
    eval: 21331, range: (10, 0)
name: b11902135, hole_card: ['SJ', 'SQ']
name: b10902012, hole_card: ['C5', 'D3']
"b10902012" declared "call:10"
Street "flop" started. (community card = ['DQ', 'H3', 'D8'])
name: b11902135, hole_card: ['SJ', 'SQ']
name: b10902012, hole_card: ['C5', 'D3']
"b11902135" declared "raise:758.0"
0th fold
    eval: 77907, range: (10, 0)
name: b11902135, hole_card: ['SJ', 'SQ']
name: b10902012, hole_card: ['C5', 'D3']
"b10902012" declared "fold:0"
"['b11902135']" won the round 6 (stack = {'b11902135': 965.0, 'b10902012': 1035})
community cards of this round: ['S2', 'C5', 'SQ', 'DJ', 'HT']
name: b11902135, hole_card: ['C8', 'C7']
name: b10902012, hole_card: ['H9', 'DA']
['H9', 'DA']
Started the round 7
Street "preflop" started. (community card = [])
    eval: 59881, range: (10, 0)
name: b11902135, hole_card: ['C8', 'C7']
name: b10902012, hole_card: ['H9', 'DA']
"b10902012" declared "call:10"
name: b11902135, hole_card: ['C8', 'C7']
name: b10902012, hole_card: ['H9', 'DA']
"b11902135" declared "fold:0"
"['b10902012']" won the round 7 (stack = {'b11902135': 955.0, 'b10902012': 1045})
community cards of this round: ['D3', 'HK', 'H5', 'D5', 'D2']
name: b11902135, hole_card: ['H4', 'S4']
name: b10902012, hole_card: ['D6', 'H9']
['D6', 'H9']
Started the round 8
Street "preflop" started. (community card = [])
name: b11902135, hole_card: ['H4', 'S4']
name: b10902012, hole_card: ['D6', 'H9']
"b11902135" declared "call:10"
    eval: 38550, range: (10, 0)
name: b11902135, hole_card: ['H4', 'S4']
name: b10902012, hole_card: ['D6', 'H9']
"b10902012" declared "call:10"
Street "flop" started. (community card = ['D3', 'HK', 'H5'])
name: b11902135, hole_card: ['H4', 'S4']
name: b10902012, hole_card: ['D6', 'H9']
"b11902135" declared "call:0"
    eval: 38550, range: (5.0, 0)
name: b11902135, hole_card: ['H4', 'S4']
name: b10902012, hole_card: ['D6', 'H9']
"b10902012" declared "call:0"
Street "turn" started. (community card = ['D3', 'HK', 'H5', 'D5'])
name: b11902135, hole_card: ['H4', 'S4']
name: b10902012, hole_card: ['D6', 'H9']
"b11902135" declared "call:0"
    eval: 86166, range: (10, 0)
name: b11902135, hole_card: ['H4', 'S4']
name: b10902012, hole_card: ['D6', 'H9']
"b10902012" declared "call:0"
Street "river" started. (community card = ['D3', 'HK', 'H5', 'D5', 'D2'])
name: b11902135, hole_card: ['H4', 'S4']
name: b10902012, hole_card: ['D6', 'H9']
"b11902135" declared "call:0"
    eval: 86166, range: (10, 0)
name: b11902135, hole_card: ['H4', 'S4']
name: b10902012, hole_card: ['D6', 'H9']
"b10902012" declared "call:0"
"['b11902135']" won the round 8 (stack = {'b11902135': 965.0, 'b10902012': 1035})
community cards of this round: ['C5', 'HK', 'S8', 'H8', 'CJ']
name: b11902135, hole_card: ['CA', 'CQ']
name: b10902012, hole_card: ['H3', 'D7']
['H3', 'D7']
Started the round 9
Street "preflop" started. (community card = [])
    eval: 29555, range: (10, 0)
name: b11902135, hole_card: ['CA', 'CQ']
name: b10902012, hole_card: ['H3', 'D7']
"b10902012" declared "call:10"
name: b11902135, hole_card: ['CA', 'CQ']
name: b10902012, hole_card: ['H3', 'D7']
"b11902135" declared "raise:15.0"
0th fold
    eval: 29555, range: (10, 0)
name: b11902135, hole_card: ['CA', 'CQ']
name: b10902012, hole_card: ['H3', 'D7']
"b10902012" declared "fold:0"
"['b11902135']" won the round 9 (stack = {'b11902135': 975.0, 'b10902012': 1025})
community cards of this round: ['SQ', 'HJ', 'CT', 'D5', 'C4']
name: b11902135, hole_card: ['HA', 'S4']
name: b10902012, hole_card: ['H8', 'DA']
['H8', 'DA']
Started the round 10
Street "preflop" started. (community card = [])
name: b11902135, hole_card: ['HA', 'S4']
name: b10902012, hole_card: ['H8', 'DA']
"b11902135" declared "call:10"
    eval: 59624, range: (10, 0)
name: b11902135, hole_card: ['HA', 'S4']
name: b10902012, hole_card: ['H8', 'DA']
"b10902012" declared "call:10"
Street "flop" started. (community card = ['SQ', 'HJ', 'CT'])
name: b11902135, hole_card: ['HA', 'S4']
name: b10902012, hole_card: ['H8', 'DA']
"b11902135" declared "call:0"
    eval: 59624, range: (5.0, 0)
name: b11902135, hole_card: ['HA', 'S4']
name: b10902012, hole_card: ['H8', 'DA']
"b10902012" declared "call:0"
Street "turn" started. (community card = ['SQ', 'HJ', 'CT', 'D5'])
name: b11902135, hole_card: ['HA', 'S4']
name: b10902012, hole_card: ['H8', 'DA']
"b11902135" declared "fold:0"
"['b10902012']" won the round 10 (stack = {'b11902135': 965.0, 'b10902012': 1035})
community cards of this round: ['H3', 'H8', 'C7', 'CA', 'D5']
name: b11902135, hole_card: ['HK', 'D6']
name: b10902012, hole_card: ['S9', 'S3']
['S9', 'S3']
Started the round 11
Street "preflop" started. (community card = [])
    eval: 37779, range: (10, 0)
name: b11902135, hole_card: ['HK', 'D6']
name: b10902012, hole_card: ['S9', 'S3']
"b10902012" declared "call:10"
name: b11902135, hole_card: ['HK', 'D6']
name: b10902012, hole_card: ['S9', 'S3']
"b11902135" declared "call:10"
Street "flop" started. (community card = ['H3', 'H8', 'C7'])
    eval: 77971, range: (10, 0)
name: b11902135, hole_card: ['HK', 'D6']
name: b10902012, hole_card: ['S9', 'S3']
"b10902012" declared "call:0"
name: b11902135, hole_card: ['HK', 'D6']
name: b10902012, hole_card: ['S9', 'S3']
"b11902135" declared "call:0"
Street "turn" started. (community card = ['H3', 'H8', 'C7', 'CA'])
    eval: 77971, range: (114.48631337951872, 0.3261574841805789)
name: b11902135, hole_card: ['HK', 'D6']
name: b10902012, hole_card: ['S9', 'S3']
"b10902012" declared "call:0"
name: b11902135, hole_card: ['HK', 'D6']
name: b10902012, hole_card: ['S9', 'S3']
"b11902135" declared "fold:0"
"['b10902012']" won the round 11 (stack = {'b11902135': 955.0, 'b10902012': 1045})
community cards of this round: ['CT', 'SK', 'D9', 'S5', 'H4']
name: b11902135, hole_card: ['DK', 'C9']
name: b10902012, hole_card: ['HT', 'S8']
['HT', 'S8']
Started the round 12
Street "preflop" started. (community card = [])
name: b11902135, hole_card: ['DK', 'C9']
name: b10902012, hole_card: ['HT', 'S8']
"b11902135" declared "call:10"
    eval: 43176, range: (10, 0)
name: b11902135, hole_card: ['DK', 'C9']
name: b10902012, hole_card: ['HT', 'S8']
"b10902012" declared "call:10"
Street "flop" started. (community card = ['CT', 'SK', 'D9'])
name: b11902135, hole_card: ['DK', 'C9']
name: b10902012, hole_card: ['HT', 'S8']
"b11902135" declared "raise:758.0"
0th fold
    eval: 106664, range: (10, 0)
name: b11902135, hole_card: ['DK', 'C9']
name: b10902012, hole_card: ['HT', 'S8']
"b10902012" declared "fold:0"
"['b11902135']" won the round 12 (stack = {'b11902135': 965.0, 'b10902012': 1035})
community cards of this round: ['DT', 'H5', 'DJ', 'S3', 'H6']
name: b11902135, hole_card: ['HA', 'HJ']
name: b10902012, hole_card: ['HK', 'C4']
['HK', 'C4']
Started the round 13
Street "preflop" started. (community card = [])
    eval: 54484, range: (10, 0)
name: b11902135, hole_card: ['HA', 'HJ']
name: b10902012, hole_card: ['HK', 'C4']
"b10902012" declared "call:10"
name: b11902135, hole_card: ['HA', 'HJ']
name: b10902012, hole_card: ['HK', 'C4']
"b11902135" declared "call:10"
Street "flop" started. (community card = ['DT', 'H5', 'DJ'])
    eval: 54484, range: (5.0, 0)
name: b11902135, hole_card: ['HA', 'HJ']
name: b10902012, hole_card: ['HK', 'C4']
"b10902012" declared "call:0"
name: b11902135, hole_card: ['HA', 'HJ']
name: b10902012, hole_card: ['HK', 'C4']
"b11902135" declared "raise:766.0"
1th fold
    eval: 54484, range: (5.0, 0)
name: b11902135, hole_card: ['HA', 'HJ']
name: b10902012, hole_card: ['HK', 'C4']
"b10902012" declared "fold:0"
"['b11902135']" won the round 13 (stack = {'b11902135': 975.0, 'b10902012': 1025})
community cards of this round: ['SK', 'D3', 'D9', 'C5', 'HQ']
name: b11902135, hole_card: ['S4', 'D4']
name: b10902012, hole_card: ['S9', 'CK']
['S9', 'CK']
Started the round 14
Street "preflop" started. (community card = [])
name: b11902135, hole_card: ['S4', 'D4']
name: b10902012, hole_card: ['S9', 'CK']
"b11902135" declared "fold:0"
"['b10902012']" won the round 14 (stack = {'b11902135': 970.0, 'b10902012': 1030})
community cards of this round: ['D2', 'HT', 'D4', 'C3', 'DQ']
name: b11902135, hole_card: ['H3', 'CJ']
name: b10902012, hole_card: ['DA', 'S3']
['DA', 'S3']
Started the round 15
Street "preflop" started. (community card = [])
    eval: 58339, range: (10, 0)
name: b11902135, hole_card: ['H3', 'CJ']
name: b10902012, hole_card: ['DA', 'S3']
"b10902012" declared "call:10"
name: b11902135, hole_card: ['H3', 'CJ']
name: b10902012, hole_card: ['DA', 'S3']
"b11902135" declared "fold:0"
"['b10902012']" won the round 15 (stack = {'b11902135': 960.0, 'b10902012': 1040})
community cards of this round: ['H3', 'C7', 'HJ', 'S2', 'D4']
name: b11902135, hole_card: ['CT', 'S8']
name: b10902012, hole_card: ['S3', 'DA']
['S3', 'DA']
Started the round 16
Street "preflop" started. (community card = [])
name: b11902135, hole_card: ['CT', 'S8']
name: b10902012, hole_card: ['S3', 'DA']
"b11902135" declared "fold:0"
"['b10902012']" won the round 16 (stack = {'b11902135': 955.0, 'b10902012': 1045})
community cards of this round: ['HA', 'SQ', 'D9', 'CJ', 'HJ']
name: b11902135, hole_card: ['S5', 'D2']
name: b10902012, hole_card: ['D8', 'S8']
['D8', 'S8']
Started the round 17
Street "preflop" started. (community card = [])
name: b11902135, hole_card: ['S5', 'D2']
name: b10902012, hole_card: ['D8', 'S8']
"b10902012" declared "fold:0"
"['b11902135']" won the round 17 (stack = {'b11902135': 960.0, 'b10902012': 1040})
community cards of this round: ['DA', 'C6', 'C5', 'CA', 'C4']
name: b11902135, hole_card: ['HT', 'HJ']
name: b10902012, hole_card: ['H9', 'CK']
['H9', 'CK']
Started the round 18
Street "preflop" started. (community card = [])
name: b11902135, hole_card: ['HT', 'HJ']
name: b10902012, hole_card: ['H9', 'CK']
"b11902135" declared "raise:960.0"
0th fold
    eval: 55769, range: (10, 0)
name: b11902135, hole_card: ['HT', 'HJ']
name: b10902012, hole_card: ['H9', 'CK']
"b10902012" declared "fold:0"
"['b11902135']" won the round 18 (stack = {'b11902135': 970.0, 'b10902012': 1030})
community cards of this round: ['C9', 'HK', 'CK', 'SJ', 'S3']
name: b11902135, hole_card: ['S6', 'D5']
name: b10902012, hole_card: ['H2', 'D6']
['H2', 'D6']
Started the round 19
Street "preflop" started. (community card = [])
name: b11902135, hole_card: ['S6', 'D5']
name: b10902012, hole_card: ['H2', 'D6']
"b10902012" declared "fold:0"
"['b11902135']" won the round 19 (stack = {'b11902135': 975.0, 'b10902012': 1025})
community cards of this round: ['CQ', 'HK', 'D7', 'HT', 'SK']
name: b11902135, hole_card: ['D3', 'S5']
name: b10902012, hole_card: ['H8', 'S7']
['H8', 'S7']
Started the round 20
Street "preflop" started. (community card = [])
name: b11902135, hole_card: ['D3', 'S5']
name: b10902012, hole_card: ['H8', 'S7']
"b11902135" declared "fold:0"
"['b10902012']" won the round 20 (stack = {'b11902135': 970.0, 'b10902012': 1030})
b11902135 vs b10902012 - Game 4: {'rule': {'initial_stack': 1000, 'max_round': 20, 'small_blind_amount': 5, 'ante': 0, 'blind_structure': {}}, 'players': [{'name': 'b11902135', 'uuid': 'jmlsnvprippzpmsxjcdlve', 'stack': 970.0, 'state': 'participating'}, {'name': 'b10902012', 'uuid': 'awlgozcsfckwxyjrggmoak', 'stack': 1030, 'state': 'participating'}]}
community cards of this round: ['HQ', 'ST', 'HK', 'C5', 'D2']
name: b10902012, hole_card: ['C7', 'CJ']
name: b11902135, hole_card: ['C3', 'H7']
['C7', 'CJ']
Started the round 1
Street "preflop" started. (community card = [])
name: b10902012, hole_card: ['C7', 'CJ']
name: b11902135, hole_card: ['C3', 'H7']
"b11902135" declared "fold:0"
"['b10902012']" won the round 1 (stack = {'b10902012': 1005, 'b11902135': 995})
community cards of this round: ['S5', 'S3', 'DK', 'CA', 'S2']
name: b10902012, hole_card: ['H8', 'H9']
name: b11902135, hole_card: ['DJ', 'HT']
['H8', 'H9']
Started the round 2
Street "preflop" started. (community card = [])
    eval: 39064, range: (10, 0)
name: b10902012, hole_card: ['H8', 'H9']
name: b11902135, hole_card: ['DJ', 'HT']
"b10902012" declared "call:10"
name: b10902012, hole_card: ['H8', 'H9']
name: b11902135, hole_card: ['DJ', 'HT']
"b11902135" declared "call:10"
Street "flop" started. (community card = ['S5', 'S3', 'DK'])
    eval: 39064, range: (5.0, 0)
name: b10902012, hole_card: ['H8', 'H9']
name: b11902135, hole_card: ['DJ', 'HT']
"b10902012" declared "call:0"
name: b10902012, hole_card: ['H8', 'H9']
name: b11902135, hole_card: ['DJ', 'HT']
"b11902135" declared "fold:0"
"['b10902012']" won the round 2 (stack = {'b10902012': 1015, 'b11902135': 985})
community cards of this round: ['D7', 'S8', 'HJ', 'DK', 'C3']
name: b10902012, hole_card: ['DT', 'H2']
name: b11902135, hole_card: ['C9', 'CJ']
['DT', 'H2']
Started the round 3
Street "preflop" started. (community card = [])
name: b10902012, hole_card: ['DT', 'H2']
name: b11902135, hole_card: ['C9', 'CJ']
"b11902135" declared "fold:0"
"['b10902012']" won the round 3 (stack = {'b10902012': 1020, 'b11902135': 980})
community cards of this round: ['D2', 'H6', 'C3', 'S4', 'SJ']
name: b10902012, hole_card: ['D5', 'D4']
name: b11902135, hole_card: ['D8', 'D9']
['D5', 'D4']
Started the round 4
Street "preflop" started. (community card = [])
    eval: 21588, range: (10, 0)
name: b10902012, hole_card: ['D5', 'D4']
name: b11902135, hole_card: ['D8', 'D9']
"b10902012" declared "call:10"
name: b10902012, hole_card: ['D5', 'D4']
name: b11902135, hole_card: ['D8', 'D9']
"b11902135" declared "fold:0"
"['b10902012']" won the round 4 (stack = {'b10902012': 1030, 'b11902135': 970})
community cards of this round: ['S7', 'S8', 'D8', 'D2', 'H5']
name: b10902012, hole_card: ['C3', 'CJ']
name: b11902135, hole_card: ['D9', 'C6']
['C3', 'CJ']
Started the round 5
Street "preflop" started. (community card = [])
name: b10902012, hole_card: ['C3', 'CJ']
name: b11902135, hole_card: ['D9', 'C6']
"b11902135" declared "fold:0"
"['b10902012']" won the round 5 (stack = {'b10902012': 1035, 'b11902135': 965})
community cards of this round: ['DT', 'H9', 'D9', 'D3', 'S9']
name: b10902012, hole_card: ['CT', 'DQ']
name: b11902135, hole_card: ['S6', 'C8']
['CT', 'DQ']
Started the round 6
Street "preflop" started. (community card = [])
    eval: 51914, range: (10, 0)
name: b10902012, hole_card: ['CT', 'DQ']
name: b11902135, hole_card: ['S6', 'C8']
"b10902012" declared "call:10"
name: b10902012, hole_card: ['CT', 'DQ']
name: b11902135, hole_card: ['S6', 'C8']
"b11902135" declared "fold:0"
"['b10902012']" won the round 6 (stack = {'b10902012': 1045, 'b11902135': 955})
community cards of this round: ['S7', 'SA', 'H9', 'C8', 'C4']
name: b10902012, hole_card: ['ST', 'HJ']
name: b11902135, hole_card: ['D5', 'S9']
['ST', 'HJ']
Started the round 7
Street "preflop" started. (community card = [])
name: b10902012, hole_card: ['ST', 'HJ']
name: b11902135, hole_card: ['D5', 'S9']
"b11902135" declared "fold:0"
"['b10902012']" won the round 7 (stack = {'b10902012': 1050, 'b11902135': 950})
community cards of this round: ['D7', 'DQ', 'D6', 'H7', 'H8']
name: b10902012, hole_card: ['CK', 'D9']
name: b11902135, hole_card: ['H2', 'CJ']
['CK', 'D9']
Started the round 8
Street "preflop" started. (community card = [])
    eval: 55769, range: (10, 0)
name: b10902012, hole_card: ['CK', 'D9']
name: b11902135, hole_card: ['H2', 'CJ']
"b10902012" declared "call:10"
name: b10902012, hole_card: ['CK', 'D9']
name: b11902135, hole_card: ['H2', 'CJ']
"b11902135" declared "call:10"
Street "flop" started. (community card = ['D7', 'DQ', 'D6'])
    eval: 55769, range: (5.0, 0)
name: b10902012, hole_card: ['CK', 'D9']
name: b11902135, hole_card: ['H2', 'CJ']
"b10902012" declared "call:0"
name: b10902012, hole_card: ['CK', 'D9']
name: b11902135, hole_card: ['H2', 'CJ']
"b11902135" declared "fold:0"
"['b10902012']" won the round 8 (stack = {'b10902012': 1060, 'b11902135': 940})
community cards of this round: ['D3', 'C3', 'S7', 'DA', 'H5']
name: b10902012, hole_card: ['SA', 'D7']
name: b11902135, hole_card: ['SJ', 'HQ']
['SA', 'D7']
Started the round 9
Street "preflop" started. (community card = [])
name: b10902012, hole_card: ['SA', 'D7']
name: b11902135, hole_card: ['SJ', 'HQ']
"b11902135" declared "call:10"
    eval: 59367, range: (10, 0)
name: b10902012, hole_card: ['SA', 'D7']
name: b11902135, hole_card: ['SJ', 'HQ']
"b10902012" declared "call:10"
Street "flop" started. (community card = ['D3', 'C3', 'S7'])
name: b10902012, hole_card: ['SA', 'D7']
name: b11902135, hole_card: ['SJ', 'HQ']
"b11902135" declared "fold:0"
"['b10902012']" won the round 9 (stack = {'b10902012': 1070, 'b11902135': 930})
community cards of this round: ['H2', 'S7', 'ST', 'D4', 'D8']
name: b10902012, hole_card: ['D6', 'SQ']
name: b11902135, hole_card: ['S8', 'C2']
['D6', 'SQ']
Started the round 10
Street "preflop" started. (community card = [])
    eval: 50886, range: (10, 0)
name: b10902012, hole_card: ['D6', 'SQ']
name: b11902135, hole_card: ['S8', 'C2']
"b10902012" declared "call:10"
name: b10902012, hole_card: ['D6', 'SQ']
name: b11902135, hole_card: ['S8', 'C2']
"b11902135" declared "fold:0"
"['b10902012']" won the round 10 (stack = {'b10902012': 1080, 'b11902135': 920})
community cards of this round: ['SK', 'ST', 'CA', 'C5', 'SQ']
name: b10902012, hole_card: ['CJ', 'D8']
name: b11902135, hole_card: ['SJ', 'CK']
['CJ', 'D8']
Started the round 11
Street "preflop" started. (community card = [])
name: b10902012, hole_card: ['CJ', 'D8']
name: b11902135, hole_card: ['SJ', 'CK']
"b11902135" declared "fold:0"
"['b10902012']" won the round 11 (stack = {'b10902012': 1085, 'b11902135': 915})
community cards of this round: ['C2', 'HT', 'S8', 'C7', 'SK']
name: b10902012, hole_card: ['C9', 'SA']
name: b11902135, hole_card: ['H8', 'S4']
['C9', 'SA']
Started the round 12
Street "preflop" started. (community card = [])
name: b10902012, hole_card: ['C9', 'SA']
name: b11902135, hole_card: ['H8', 'S4']
"b10902012" declared "fold:0"
"['b11902135']" won the round 12 (stack = {'b10902012': 1080, 'b11902135': 920})
community cards of this round: ['SQ', 'S4', 'D5', 'H5', 'H4']
name: b10902012, hole_card: ['D7', 'S6']
name: b11902135, hole_card: ['S3', 'S5']
['D7', 'S6']
Started the round 13
Street "preflop" started. (community card = [])
name: b10902012, hole_card: ['D7', 'S6']
name: b11902135, hole_card: ['S3', 'S5']
"b11902135" declared "fold:0"
"['b10902012']" won the round 13 (stack = {'b10902012': 1085, 'b11902135': 915})
community cards of this round: ['HQ', 'ST', 'SQ', 'H9', 'CQ']
name: b10902012, hole_card: ['D4', 'C8']
name: b11902135, hole_card: ['HJ', 'CJ']
['D4', 'C8']
Started the round 14
Street "preflop" started. (community card = [])
name: b10902012, hole_card: ['D4', 'C8']
name: b11902135, hole_card: ['HJ', 'CJ']
"b10902012" declared "fold:0"
"['b11902135']" won the round 14 (stack = {'b10902012': 1080, 'b11902135': 920})
community cards of this round: ['SQ', 'CA', 'H9', 'H7', 'SA']
name: b10902012, hole_card: ['C6', 'S4']
name: b11902135, hole_card: ['C9', 'H4']
['C6', 'S4']
Started the round 15
Street "preflop" started. (community card = [])
name: b10902012, hole_card: ['C6', 'S4']
name: b11902135, hole_card: ['C9', 'H4']
"b11902135" declared "fold:0"
"['b10902012']" won the round 15 (stack = {'b10902012': 1085, 'b11902135': 915})
community cards of this round: ['HA', 'DA', 'H4', 'HJ', 'SA']
name: b10902012, hole_card: ['SK', 'CJ']
name: b11902135, hole_card: ['HT', 'SQ']
['SK', 'CJ']
Started the round 16
Street "preflop" started. (community card = [])
name: b10902012, hole_card: ['SK', 'CJ']
name: b11902135, hole_card: ['HT', 'SQ']
"b10902012" declared "fold:0"
"['b11902135']" won the round 16 (stack = {'b10902012': 1080, 'b11902135': 920})
community cards of this round: ['H6', 'HJ', 'D4', 'S4', 'S9']
name: b10902012, hole_card: ['H7', 'S3']
name: b11902135, hole_card: ['SJ', 'D7']
['H7', 'S3']
Started the round 17
Street "preflop" started. (community card = [])
name: b10902012, hole_card: ['H7', 'S3']
name: b11902135, hole_card: ['SJ', 'D7']
"b11902135" declared "fold:0"
"['b10902012']" won the round 17 (stack = {'b10902012': 1085, 'b11902135': 915})
community cards of this round: ['HA', 'C5', 'CA', 'C6', 'DK']
name: b10902012, hole_card: ['CJ', 'C7']
name: b11902135, hole_card: ['CK', 'D8']
['CJ', 'C7']
Started the round 18
Street "preflop" started. (community card = [])
name: b10902012, hole_card: ['CJ', 'C7']
name: b11902135, hole_card: ['CK', 'D8']
"b10902012" declared "fold:0"
"['b11902135']" won the round 18 (stack = {'b10902012': 1080, 'b11902135': 920})
community cards of this round: ['C4', 'D9', 'S3', 'H5', 'SK']
name: b10902012, hole_card: ['DA', 'D8']
name: b11902135, hole_card: ['D2', 'CJ']
['DA', 'D8']
Started the round 19
Street "preflop" started. (community card = [])
name: b10902012, hole_card: ['DA', 'D8']
name: b11902135, hole_card: ['D2', 'CJ']
"b11902135" declared "fold:0"
"['b10902012']" won the round 19 (stack = {'b10902012': 1085, 'b11902135': 915})
community cards of this round: ['CJ', 'D3', 'H2', 'DQ', 'D7']
name: b10902012, hole_card: ['S9', 'HQ']
name: b11902135, hole_card: ['H9', 'SQ']
['S9', 'HQ']
Started the round 20
Street "preflop" started. (community card = [])
name: b10902012, hole_card: ['S9', 'HQ']
name: b11902135, hole_card: ['H9', 'SQ']
"b10902012" declared "fold:0"
"['b11902135']" won the round 20 (stack = {'b10902012': 1080, 'b11902135': 920})
b11902135 vs b10902012 - Game 5: {'rule': {'initial_stack': 1000, 'max_round': 20, 'small_blind_amount': 5, 'ante': 0, 'blind_structure': {}}, 'players': [{'name': 'b10902012', 'uuid': 'nevzckubklyyrwzhxkkyoy', 'stack': 1080, 'state': 'participating'}, {'name': 'b11902135', 'uuid': 'qvhfbrmvwpeeuwtivligvd', 'stack': 920, 'state': 'participating'}]}
Final Result: b11902135 won 3 games (stack: 6905.0), b10902012 won 2 games (stack: 3095.0)
