community cards of this round: ['HQ', 'D7', 'HT', 'H4', 'CJ']
name: b09902013, hole_card: ['S6', 'H7']
name: b11902087, hole_card: ['S7', 'S4']
Started the round 1
Street "preflop" started. (community card = [])
name: b09902013, hole_card: ['S6', 'H7']
name: b11902087, hole_card: ['S7', 'S4']
"b11902087" declared "call:10"
name: b09902013, hole_card: ['S6', 'H7']
name: b11902087, hole_card: ['S7', 'S4']
"b09902013" declared "call:10"
Street "flop" started. (community card = ['HQ', 'D7', 'HT'])
name: b09902013, hole_card: ['S6', 'H7']
name: b11902087, hole_card: ['S7', 'S4']
"b11902087" declared "raise:10"
name: b09902013, hole_card: ['S6', 'H7']
name: b11902087, hole_card: ['S7', 'S4']
"b09902013" declared "call:10"
Street "turn" started. (community card = ['HQ', 'D7', 'HT', 'H4'])
name: b09902013, hole_card: ['S6', 'H7']
name: b11902087, hole_card: ['S7', 'S4']
"b11902087" declared "raise:10"
name: b09902013, hole_card: ['S6', 'H7']
name: b11902087, hole_card: ['S7', 'S4']
"b09902013" declared "call:10"
Street "river" started. (community card = ['HQ', 'D7', 'HT', 'H4', 'CJ'])
name: b09902013, hole_card: ['S6', 'H7']
name: b11902087, hole_card: ['S7', 'S4']
"b11902087" declared "raise:10"
name: b09902013, hole_card: ['S6', 'H7']
name: b11902087, hole_card: ['S7', 'S4']
"b09902013" declared "fold:0"
"['b11902087']" won the round 1 (stack = {'b09902013': 970, 'b11902087': 1030})
community cards of this round: ['H7', 'H6', 'DQ', 'HQ', 'D6']
name: b09902013, hole_card: ['DA', 'S9']
name: b11902087, hole_card: ['S7', 'C5']
Started the round 2
Street "preflop" started. (community card = [])
name: b09902013, hole_card: ['DA', 'S9']
name: b11902087, hole_card: ['S7', 'C5']
"b09902013" declared "raise:103.5"
name: b09902013, hole_card: ['DA', 'S9']
name: b11902087, hole_card: ['S7', 'C5']
"b11902087" declared "fold:0"
"['b09902013']" won the round 2 (stack = {'b09902013': 979.5, 'b11902087': 1020})
community cards of this round: ['H2', 'S6', 'SQ', 'S4', 'ST']
name: b09902013, hole_card: ['SA', 'DK']
name: b11902087, hole_card: ['D7', 'H8']
Started the round 3
Street "preflop" started. (community card = [])
name: b09902013, hole_card: ['SA', 'DK']
name: b11902087, hole_card: ['D7', 'H8']
"b11902087" declared "call:10"
name: b09902013, hole_card: ['SA', 'DK']
name: b11902087, hole_card: ['D7', 'H8']
"b09902013" declared "raise:979.5"
name: b09902013, hole_card: ['SA', 'DK']
name: b11902087, hole_card: ['D7', 'H8']
"b11902087" declared "fold:0"
"['b09902013']" won the round 3 (stack = {'b09902013': 989.0, 'b11902087': 1010})
community cards of this round: ['DQ', 'H4', 'CT', 'C2', 'D7']
name: b09902013, hole_card: ['H7', 'ST']
name: b11902087, hole_card: ['DA', 'C9']
Started the round 4
Street "preflop" started. (community card = [])
name: b09902013, hole_card: ['H7', 'ST']
name: b11902087, hole_card: ['DA', 'C9']
"b09902013" declared "call:10"
name: b09902013, hole_card: ['H7', 'ST']
name: b11902087, hole_card: ['DA', 'C9']
"b11902087" declared "raise:15"
name: b09902013, hole_card: ['H7', 'ST']
name: b11902087, hole_card: ['DA', 'C9']
"b09902013" declared "fold:0"
"['b11902087']" won the round 4 (stack = {'b09902013': 979.0, 'b11902087': 1020})
community cards of this round: ['DT', 'D4', 'D3', 'D5', 'HK']
name: b09902013, hole_card: ['DJ', 'S3']
name: b11902087, hole_card: ['C4', 'DQ']
Started the round 5
Street "preflop" started. (community card = [])
name: b09902013, hole_card: ['DJ', 'S3']
name: b11902087, hole_card: ['C4', 'DQ']
"b11902087" declared "call:10"
name: b09902013, hole_card: ['DJ', 'S3']
name: b11902087, hole_card: ['C4', 'DQ']
"b09902013" declared "call:10"
Street "flop" started. (community card = ['DT', 'D4', 'D3'])
name: b09902013, hole_card: ['DJ', 'S3']
name: b11902087, hole_card: ['C4', 'DQ']
"b11902087" declared "raise:10"
name: b09902013, hole_card: ['DJ', 'S3']
name: b11902087, hole_card: ['C4', 'DQ']
"b09902013" declared "call:10"
Street "turn" started. (community card = ['DT', 'D4', 'D3', 'D5'])
name: b09902013, hole_card: ['DJ', 'S3']
name: b11902087, hole_card: ['C4', 'DQ']
"b11902087" declared "raise:10"
name: b09902013, hole_card: ['DJ', 'S3']
name: b11902087, hole_card: ['C4', 'DQ']
"b09902013" declared "raise:58.2"
name: b09902013, hole_card: ['DJ', 'S3']
name: b11902087, hole_card: ['C4', 'DQ']
"b11902087" declared "raise:106.4"
name: b09902013, hole_card: ['DJ', 'S3']
name: b11902087, hole_card: ['C4', 'DQ']
"b09902013" declared "raise:154.60000000000002"
name: b09902013, hole_card: ['DJ', 'S3']
name: b11902087, hole_card: ['C4', 'DQ']
"b11902087" declared "raise:202.80000000000004"
name: b09902013, hole_card: ['DJ', 'S3']
name: b11902087, hole_card: ['C4', 'DQ']
"b09902013" declared "call:202.80000000000004"
Street "river" started. (community card = ['DT', 'D4', 'D3', 'D5', 'HK'])
name: b09902013, hole_card: ['DJ', 'S3']
name: b11902087, hole_card: ['C4', 'DQ']
"b11902087" declared "raise:797.2"
name: b09902013, hole_card: ['DJ', 'S3']
name: b11902087, hole_card: ['C4', 'DQ']
"b09902013" declared "call:797.2"
"['b11902087']" won the round 5 (stack = {'b09902013': 0.0, 'b11902087': 1999.0})
b11902087 vs b09902013 - Game 1: {'rule': {'initial_stack': 1000, 'max_round': 20, 'small_blind_amount': 5, 'ante': 0, 'blind_structure': {}}, 'players': [{'name': 'b09902013', 'uuid': 'wdtrhvavecokyamgqrpnrb', 'stack': 0, 'state': 'folded'}, {'name': 'b11902087', 'uuid': 'asrjgaodgwptcoafmzgioe', 'stack': 1999.0, 'state': 'participating'}]}
community cards of this round: ['HQ', 'D7', 'HT', 'H4', 'CJ']
name: b11902087, hole_card: ['S6', 'H7']
name: b09902013, hole_card: ['S7', 'S4']
Started the round 1
Street "preflop" started. (community card = [])
name: b11902087, hole_card: ['S6', 'H7']
name: b09902013, hole_card: ['S7', 'S4']
"b09902013" declared "fold:0"
"['b11902087']" won the round 1 (stack = {'b11902087': 1005, 'b09902013': 995})
community cards of this round: ['H7', 'H6', 'DQ', 'HQ', 'D6']
name: b11902087, hole_card: ['DA', 'S9']
name: b09902013, hole_card: ['S7', 'C5']
Started the round 2
Street "preflop" started. (community card = [])
name: b11902087, hole_card: ['DA', 'S9']
name: b09902013, hole_card: ['S7', 'C5']
"b11902087" declared "raise:15"
name: b11902087, hole_card: ['DA', 'S9']
name: b09902013, hole_card: ['S7', 'C5']
"b09902013" declared "fold:0"
"['b11902087']" won the round 2 (stack = {'b11902087': 1015, 'b09902013': 985})
community cards of this round: ['H2', 'S6', 'SQ', 'S4', 'ST']
name: b11902087, hole_card: ['SA', 'DK']
name: b09902013, hole_card: ['D7', 'H8']
Started the round 3
Street "preflop" started. (community card = [])
name: b11902087, hole_card: ['SA', 'DK']
name: b09902013, hole_card: ['D7', 'H8']
"b09902013" declared "call:10"
name: b11902087, hole_card: ['SA', 'DK']
name: b09902013, hole_card: ['D7', 'H8']
"b11902087" declared "raise:15"
name: b11902087, hole_card: ['SA', 'DK']
name: b09902013, hole_card: ['D7', 'H8']
"b09902013" declared "fold:0"
"['b11902087']" won the round 3 (stack = {'b11902087': 1025, 'b09902013': 975})
community cards of this round: ['DQ', 'H4', 'CT', 'C2', 'D7']
name: b11902087, hole_card: ['H7', 'ST']
name: b09902013, hole_card: ['DA', 'C9']
Started the round 4
Street "preflop" started. (community card = [])
name: b11902087, hole_card: ['H7', 'ST']
name: b09902013, hole_card: ['DA', 'C9']
"b11902087" declared "call:10"
name: b11902087, hole_card: ['H7', 'ST']
name: b09902013, hole_card: ['DA', 'C9']
"b09902013" declared "raise:94.5"
name: b11902087, hole_card: ['H7', 'ST']
name: b09902013, hole_card: ['DA', 'C9']
"b11902087" declared "call:94.5"
Street "flop" started. (community card = ['DQ', 'H4', 'CT'])
name: b11902087, hole_card: ['H7', 'ST']
name: b09902013, hole_card: ['DA', 'C9']
"b11902087" declared "raise:10"
name: b11902087, hole_card: ['H7', 'ST']
name: b09902013, hole_card: ['DA', 'C9']
"b09902013" declared "call:10"
Street "turn" started. (community card = ['DQ', 'H4', 'CT', 'C2'])
name: b11902087, hole_card: ['H7', 'ST']
name: b09902013, hole_card: ['DA', 'C9']
"b11902087" declared "raise:10"
name: b11902087, hole_card: ['H7', 'ST']
name: b09902013, hole_card: ['DA', 'C9']
"b09902013" declared "call:10"
Street "river" started. (community card = ['DQ', 'H4', 'CT', 'C2', 'D7'])
name: b11902087, hole_card: ['H7', 'ST']
name: b09902013, hole_card: ['DA', 'C9']
"b11902087" declared "raise:910.5"
name: b11902087, hole_card: ['H7', 'ST']
name: b09902013, hole_card: ['DA', 'C9']
"b09902013" declared "call:910.5"
"['b11902087']" won the round 4 (stack = {'b11902087': 2000.0, 'b09902013': 0.0})
b11902087 vs b09902013 - Game 2: {'rule': {'initial_stack': 1000, 'max_round': 20, 'small_blind_amount': 5, 'ante': 0, 'blind_structure': {}}, 'players': [{'name': 'b11902087', 'uuid': 'qjfancesohubklphzeluyw', 'stack': 2000.0, 'state': 'participating'}, {'name': 'b09902013', 'uuid': 'styhejbupwwvjepkyzavpo', 'stack': 0, 'state': 'folded'}]}
community cards of this round: ['S5', 'H8', 'HA', 'D2', 'HJ']
name: b09902013, hole_card: ['S9', 'D9']
name: b11902087, hole_card: ['D8', 'C6']
Started the round 1
Street "preflop" started. (community card = [])
name: b09902013, hole_card: ['S9', 'D9']
name: b11902087, hole_card: ['D8', 'C6']
"b11902087" declared "call:10"
name: b09902013, hole_card: ['S9', 'D9']
name: b11902087, hole_card: ['D8', 'C6']
"b09902013" declared "raise:1000"
name: b09902013, hole_card: ['S9', 'D9']
name: b11902087, hole_card: ['D8', 'C6']
"b11902087" declared "fold:0"
"['b09902013']" won the round 1 (stack = {'b09902013': 1010, 'b11902087': 990})
community cards of this round: ['C4', 'CA', 'S3', 'ST', 'DK']
name: b09902013, hole_card: ['S9', 'C2']
name: b11902087, hole_card: ['SJ', 'D2']
Started the round 2
Street "preflop" started. (community card = [])
name: b09902013, hole_card: ['S9', 'C2']
name: b11902087, hole_card: ['SJ', 'D2']
"b09902013" declared "fold:0"
"['b11902087']" won the round 2 (stack = {'b09902013': 1005, 'b11902087': 995})
community cards of this round: ['HQ', 'S7', 'S8', 'HA', 'SK']
name: b09902013, hole_card: ['D9', 'HK']
name: b11902087, hole_card: ['H8', 'H5']
Started the round 3
Street "preflop" started. (community card = [])
name: b09902013, hole_card: ['D9', 'HK']
name: b11902087, hole_card: ['H8', 'H5']
"b11902087" declared "call:10"
name: b09902013, hole_card: ['D9', 'HK']
name: b11902087, hole_card: ['H8', 'H5']
"b09902013" declared "call:10"
Street "flop" started. (community card = ['HQ', 'S7', 'S8'])
name: b09902013, hole_card: ['D9', 'HK']
name: b11902087, hole_card: ['H8', 'H5']
"b11902087" declared "raise:10"
name: b09902013, hole_card: ['D9', 'HK']
name: b11902087, hole_card: ['H8', 'H5']
"b09902013" declared "fold:0"
"['b11902087']" won the round 3 (stack = {'b09902013': 995, 'b11902087': 1005})
community cards of this round: ['HA', 'H6', 'D3', 'C7', 'C9']
name: b09902013, hole_card: ['D9', 'DJ']
name: b11902087, hole_card: ['S5', 'C5']
Started the round 4
Street "preflop" started. (community card = [])
name: b09902013, hole_card: ['D9', 'DJ']
name: b11902087, hole_card: ['S5', 'C5']
"b09902013" declared "call:10"
name: b09902013, hole_card: ['D9', 'DJ']
name: b11902087, hole_card: ['S5', 'C5']
"b11902087" declared "raise:15"
name: b09902013, hole_card: ['D9', 'DJ']
name: b11902087, hole_card: ['S5', 'C5']
"b09902013" declared "call:15"
Street "flop" started. (community card = ['HA', 'H6', 'D3'])
name: b09902013, hole_card: ['D9', 'DJ']
name: b11902087, hole_card: ['S5', 'C5']
"b09902013" declared "call:0"
name: b09902013, hole_card: ['D9', 'DJ']
name: b11902087, hole_card: ['S5', 'C5']
"b11902087" declared "raise:10"
name: b09902013, hole_card: ['D9', 'DJ']
name: b11902087, hole_card: ['S5', 'C5']
"b09902013" declared "fold:0"
"['b11902087']" won the round 4 (stack = {'b09902013': 980, 'b11902087': 1020})
community cards of this round: ['S2', 'CJ', 'CQ', 'D8', 'H8']
name: b09902013, hole_card: ['H2', 'S7']
name: b11902087, hole_card: ['C9', 'C6']
Started the round 5
Street "preflop" started. (community card = [])
name: b09902013, hole_card: ['H2', 'S7']
name: b11902087, hole_card: ['C9', 'C6']
"b11902087" declared "call:10"
name: b09902013, hole_card: ['H2', 'S7']
name: b11902087, hole_card: ['C9', 'C6']
"b09902013" declared "call:10"
Street "flop" started. (community card = ['S2', 'CJ', 'CQ'])
name: b09902013, hole_card: ['H2', 'S7']
name: b11902087, hole_card: ['C9', 'C6']
"b11902087" declared "raise:10"
name: b09902013, hole_card: ['H2', 'S7']
name: b11902087, hole_card: ['C9', 'C6']
"b09902013" declared "call:10"
Street "turn" started. (community card = ['S2', 'CJ', 'CQ', 'D8'])
name: b09902013, hole_card: ['H2', 'S7']
name: b11902087, hole_card: ['C9', 'C6']
"b11902087" declared "raise:10"
name: b09902013, hole_card: ['H2', 'S7']
name: b11902087, hole_card: ['C9', 'C6']
"b09902013" declared "fold:0"
"['b11902087']" won the round 5 (stack = {'b09902013': 960, 'b11902087': 1040})
community cards of this round: ['C4', 'DQ', 'HQ', 'H4', 'SJ']
name: b09902013, hole_card: ['CA', 'H7']
name: b11902087, hole_card: ['S6', 'SA']
Started the round 6
Street "preflop" started. (community card = [])
name: b09902013, hole_card: ['CA', 'H7']
name: b11902087, hole_card: ['S6', 'SA']
"b09902013" declared "call:10"
name: b09902013, hole_card: ['CA', 'H7']
name: b11902087, hole_card: ['S6', 'SA']
"b11902087" declared "raise:15"
name: b09902013, hole_card: ['CA', 'H7']
name: b11902087, hole_card: ['S6', 'SA']
"b09902013" declared "call:15"
Street "flop" started. (community card = ['C4', 'DQ', 'HQ'])
name: b09902013, hole_card: ['CA', 'H7']
name: b11902087, hole_card: ['S6', 'SA']
"b09902013" declared "call:0"
name: b09902013, hole_card: ['CA', 'H7']
name: b11902087, hole_card: ['S6', 'SA']
"b11902087" declared "raise:10"
name: b09902013, hole_card: ['CA', 'H7']
name: b11902087, hole_card: ['S6', 'SA']
"b09902013" declared "call:10"
Street "turn" started. (community card = ['C4', 'DQ', 'HQ', 'H4'])
name: b09902013, hole_card: ['CA', 'H7']
name: b11902087, hole_card: ['S6', 'SA']
"b09902013" declared "call:0"
name: b09902013, hole_card: ['CA', 'H7']
name: b11902087, hole_card: ['S6', 'SA']
"b11902087" declared "raise:10"
name: b09902013, hole_card: ['CA', 'H7']
name: b11902087, hole_card: ['S6', 'SA']
"b09902013" declared "call:10"
Street "river" started. (community card = ['C4', 'DQ', 'HQ', 'H4', 'SJ'])
name: b09902013, hole_card: ['CA', 'H7']
name: b11902087, hole_card: ['S6', 'SA']
"b09902013" declared "call:0"
name: b09902013, hole_card: ['CA', 'H7']
name: b11902087, hole_card: ['S6', 'SA']
"b11902087" declared "raise:10"
name: b09902013, hole_card: ['CA', 'H7']
name: b11902087, hole_card: ['S6', 'SA']
"b09902013" declared "call:10"
"['b09902013']" won the round 6 (stack = {'b09902013': 1005, 'b11902087': 995})
community cards of this round: ['S8', 'D2', 'DQ', 'C9', 'C4']
name: b09902013, hole_card: ['H3', 'D5']
name: b11902087, hole_card: ['H4', 'SQ']
Started the round 7
Street "preflop" started. (community card = [])
name: b09902013, hole_card: ['H3', 'D5']
name: b11902087, hole_card: ['H4', 'SQ']
"b11902087" declared "call:10"
name: b09902013, hole_card: ['H3', 'D5']
name: b11902087, hole_card: ['H4', 'SQ']
"b09902013" declared "call:10"
Street "flop" started. (community card = ['S8', 'D2', 'DQ'])
name: b09902013, hole_card: ['H3', 'D5']
name: b11902087, hole_card: ['H4', 'SQ']
"b11902087" declared "raise:10"
name: b09902013, hole_card: ['H3', 'D5']
name: b11902087, hole_card: ['H4', 'SQ']
"b09902013" declared "fold:0"
"['b11902087']" won the round 7 (stack = {'b09902013': 995, 'b11902087': 1005})
community cards of this round: ['S8', 'C5', 'D7', 'HQ', 'C3']
name: b09902013, hole_card: ['H7', 'C6']
name: b11902087, hole_card: ['H5', 'D2']
Started the round 8
Street "preflop" started. (community card = [])
name: b09902013, hole_card: ['H7', 'C6']
name: b11902087, hole_card: ['H5', 'D2']
"b09902013" declared "fold:0"
"['b11902087']" won the round 8 (stack = {'b09902013': 990, 'b11902087': 1010})
community cards of this round: ['S4', 'S7', 'H6', 'ST', 'C4']
name: b09902013, hole_card: ['H8', 'H7']
name: b11902087, hole_card: ['SQ', 'S8']
Started the round 9
Street "preflop" started. (community card = [])
name: b09902013, hole_card: ['H8', 'H7']
name: b11902087, hole_card: ['SQ', 'S8']
"b11902087" declared "raise:15"
name: b09902013, hole_card: ['H8', 'H7']
name: b11902087, hole_card: ['SQ', 'S8']
"b09902013" declared "fold:0"
"['b11902087']" won the round 9 (stack = {'b09902013': 980, 'b11902087': 1020})
community cards of this round: ['HJ', 'C6', 'HQ', 'CA', 'C4']
name: b09902013, hole_card: ['H6', 'SJ']
name: b11902087, hole_card: ['CQ', 'D9']
Started the round 10
Street "preflop" started. (community card = [])
name: b09902013, hole_card: ['H6', 'SJ']
name: b11902087, hole_card: ['CQ', 'D9']
"b09902013" declared "call:10"
name: b09902013, hole_card: ['H6', 'SJ']
name: b11902087, hole_card: ['CQ', 'D9']
"b11902087" declared "raise:15"
name: b09902013, hole_card: ['H6', 'SJ']
name: b11902087, hole_card: ['CQ', 'D9']
"b09902013" declared "fold:0"
"['b11902087']" won the round 10 (stack = {'b09902013': 970, 'b11902087': 1030})
community cards of this round: ['S6', 'C8', 'S5', 'C6', 'D6']
name: b09902013, hole_card: ['C7', 'HA']
name: b11902087, hole_card: ['ST', 'DJ']
Started the round 11
Street "preflop" started. (community card = [])
name: b09902013, hole_card: ['C7', 'HA']
name: b11902087, hole_card: ['ST', 'DJ']
"b11902087" declared "raise:15"
name: b09902013, hole_card: ['C7', 'HA']
name: b11902087, hole_card: ['ST', 'DJ']
"b09902013" declared "call:15"
Street "flop" started. (community card = ['S6', 'C8', 'S5'])
name: b09902013, hole_card: ['C7', 'HA']
name: b11902087, hole_card: ['ST', 'DJ']
"b11902087" declared "raise:10"
name: b09902013, hole_card: ['C7', 'HA']
name: b11902087, hole_card: ['ST', 'DJ']
"b09902013" declared "call:10"
Street "turn" started. (community card = ['S6', 'C8', 'S5', 'C6'])
name: b09902013, hole_card: ['C7', 'HA']
name: b11902087, hole_card: ['ST', 'DJ']
"b11902087" declared "raise:10"
name: b09902013, hole_card: ['C7', 'HA']
name: b11902087, hole_card: ['ST', 'DJ']
"b09902013" declared "call:10"
Street "river" started. (community card = ['S6', 'C8', 'S5', 'C6', 'D6'])
name: b09902013, hole_card: ['C7', 'HA']
name: b11902087, hole_card: ['ST', 'DJ']
"b11902087" declared "raise:10"
name: b09902013, hole_card: ['C7', 'HA']
name: b11902087, hole_card: ['ST', 'DJ']
"b09902013" declared "call:10"
"['b09902013']" won the round 11 (stack = {'b09902013': 1015, 'b11902087': 985})
community cards of this round: ['C8', 'C4', 'C7', 'H7', 'D6']
name: b09902013, hole_card: ['CT', 'S3']
name: b11902087, hole_card: ['D3', 'DJ']
Started the round 12
Street "preflop" started. (community card = [])
name: b09902013, hole_card: ['CT', 'S3']
name: b11902087, hole_card: ['D3', 'DJ']
"b09902013" declared "fold:0"
"['b11902087']" won the round 12 (stack = {'b09902013': 1010, 'b11902087': 990})
community cards of this round: ['H7', 'SA', 'H4', 'HT', 'D8']
name: b09902013, hole_card: ['C5', 'HJ']
name: b11902087, hole_card: ['S4', 'DK']
Started the round 13
Street "preflop" started. (community card = [])
name: b09902013, hole_card: ['C5', 'HJ']
name: b11902087, hole_card: ['S4', 'DK']
"b11902087" declared "raise:15"
name: b09902013, hole_card: ['C5', 'HJ']
name: b11902087, hole_card: ['S4', 'DK']
"b09902013" declared "fold:0"
"['b11902087']" won the round 13 (stack = {'b09902013': 1000, 'b11902087': 1000})
community cards of this round: ['S7', 'D8', 'H2', 'SK', 'C7']
name: b09902013, hole_card: ['C9', 'H7']
name: b11902087, hole_card: ['C3', 'DJ']
Started the round 14
Street "preflop" started. (community card = [])
name: b09902013, hole_card: ['C9', 'H7']
name: b11902087, hole_card: ['C3', 'DJ']
"b09902013" declared "call:10"
name: b09902013, hole_card: ['C9', 'H7']
name: b11902087, hole_card: ['C3', 'DJ']
"b11902087" declared "raise:15"
name: b09902013, hole_card: ['C9', 'H7']
name: b11902087, hole_card: ['C3', 'DJ']
"b09902013" declared "fold:0"
"['b11902087']" won the round 14 (stack = {'b09902013': 990, 'b11902087': 1010})
community cards of this round: ['D2', 'SK', 'C9', 'H6', 'C8']
name: b09902013, hole_card: ['H8', 'H5']
name: b11902087, hole_card: ['C2', 'H4']
Started the round 15
Street "preflop" started. (community card = [])
name: b09902013, hole_card: ['H8', 'H5']
name: b11902087, hole_card: ['C2', 'H4']
"b11902087" declared "fold:0"
"['b09902013']" won the round 15 (stack = {'b09902013': 995, 'b11902087': 1005})
community cards of this round: ['D3', 'S7', 'S8', 'H6', 'HJ']
name: b09902013, hole_card: ['H4', 'CQ']
name: b11902087, hole_card: ['SJ', 'C4']
Started the round 16
Street "preflop" started. (community card = [])
name: b09902013, hole_card: ['H4', 'CQ']
name: b11902087, hole_card: ['SJ', 'C4']
"b09902013" declared "call:10"
name: b09902013, hole_card: ['H4', 'CQ']
name: b11902087, hole_card: ['SJ', 'C4']
"b11902087" declared "raise:15"
name: b09902013, hole_card: ['H4', 'CQ']
name: b11902087, hole_card: ['SJ', 'C4']
"b09902013" declared "fold:0"
"['b11902087']" won the round 16 (stack = {'b09902013': 985, 'b11902087': 1015})
community cards of this round: ['H3', 'S9', 'H2', 'H7', 'DT']
name: b09902013, hole_card: ['C8', 'H9']
name: b11902087, hole_card: ['D8', 'D5']
Started the round 17
Street "preflop" started. (community card = [])
name: b09902013, hole_card: ['C8', 'H9']
name: b11902087, hole_card: ['D8', 'D5']
"b11902087" declared "call:10"
name: b09902013, hole_card: ['C8', 'H9']
name: b11902087, hole_card: ['D8', 'D5']
"b09902013" declared "call:10"
Street "flop" started. (community card = ['H3', 'S9', 'H2'])
name: b09902013, hole_card: ['C8', 'H9']
name: b11902087, hole_card: ['D8', 'D5']
"b11902087" declared "call:0"
name: b09902013, hole_card: ['C8', 'H9']
name: b11902087, hole_card: ['D8', 'D5']
"b09902013" declared "raise:40.0"
name: b09902013, hole_card: ['C8', 'H9']
name: b11902087, hole_card: ['D8', 'D5']
"b11902087" declared "fold:0"
"['b09902013']" won the round 17 (stack = {'b09902013': 995.0, 'b11902087': 1005})
community cards of this round: ['D5', 'D2', 'D3', 'C6', 'C9']
name: b09902013, hole_card: ['S9', 'HA']
name: b11902087, hole_card: ['H7', 'D6']
Started the round 18
Street "preflop" started. (community card = [])
name: b09902013, hole_card: ['S9', 'HA']
name: b11902087, hole_card: ['H7', 'D6']
"b09902013" declared "raise:995.0"
name: b09902013, hole_card: ['S9', 'HA']
name: b11902087, hole_card: ['H7', 'D6']
"b11902087" declared "fold:0"
"['b09902013']" won the round 18 (stack = {'b09902013': 1005.0, 'b11902087': 995})
community cards of this round: ['SA', 'CJ', 'C6', 'CK', 'SJ']
name: b09902013, hole_card: ['SK', 'H7']
name: b11902087, hole_card: ['H8', 'S2']
Started the round 19
Street "preflop" started. (community card = [])
name: b09902013, hole_card: ['SK', 'H7']
name: b11902087, hole_card: ['H8', 'S2']
"b11902087" declared "fold:0"
"['b09902013']" won the round 19 (stack = {'b09902013': 1010.0, 'b11902087': 990})
community cards of this round: ['C4', 'HT', 'ST', 'H5', 'H6']
name: b09902013, hole_card: ['H8', 'DK']
name: b11902087, hole_card: ['D4', 'D2']
Started the round 20
Street "preflop" started. (community card = [])
name: b09902013, hole_card: ['H8', 'DK']
name: b11902087, hole_card: ['D4', 'D2']
"b09902013" declared "fold:0"
"['b11902087']" won the round 20 (stack = {'b09902013': 1005.0, 'b11902087': 995})
b11902087 vs b09902013 - Game 3: {'rule': {'initial_stack': 1000, 'max_round': 20, 'small_blind_amount': 5, 'ante': 0, 'blind_structure': {}}, 'players': [{'name': 'b09902013', 'uuid': 'qdxyywmehewlaslswszhwe', 'stack': 1005.0, 'state': 'participating'}, {'name': 'b11902087', 'uuid': 'huvmcxqjhzixqnwqxegzbj', 'stack': 995, 'state': 'participating'}]}
community cards of this round: ['S5', 'H8', 'HA', 'D2', 'HJ']
name: b11902087, hole_card: ['S9', 'D9']
name: b09902013, hole_card: ['D8', 'C6']
Started the round 1
Street "preflop" started. (community card = [])
name: b11902087, hole_card: ['S9', 'D9']
name: b09902013, hole_card: ['D8', 'C6']
"b09902013" declared "fold:0"
"['b11902087']" won the round 1 (stack = {'b11902087': 1005, 'b09902013': 995})
community cards of this round: ['C4', 'CA', 'S3', 'ST', 'DK']
name: b11902087, hole_card: ['S9', 'C2']
name: b09902013, hole_card: ['SJ', 'D2']
Started the round 2
Street "preflop" started. (community card = [])
name: b11902087, hole_card: ['S9', 'C2']
name: b09902013, hole_card: ['SJ', 'D2']
"b11902087" declared "fold:0"
"['b09902013']" won the round 2 (stack = {'b11902087': 1000, 'b09902013': 1000})
community cards of this round: ['HQ', 'S7', 'S8', 'HA', 'SK']
name: b11902087, hole_card: ['D9', 'HK']
name: b09902013, hole_card: ['H8', 'H5']
Started the round 3
Street "preflop" started. (community card = [])
name: b11902087, hole_card: ['D9', 'HK']
name: b09902013, hole_card: ['H8', 'H5']
"b09902013" declared "fold:0"
"['b11902087']" won the round 3 (stack = {'b11902087': 1005, 'b09902013': 995})
community cards of this round: ['HA', 'H6', 'D3', 'C7', 'C9']
name: b11902087, hole_card: ['D9', 'DJ']
name: b09902013, hole_card: ['S5', 'C5']
Started the round 4
Street "preflop" started. (community card = [])
name: b11902087, hole_card: ['D9', 'DJ']
name: b09902013, hole_card: ['S5', 'C5']
"b11902087" declared "raise:15"
name: b11902087, hole_card: ['D9', 'DJ']
name: b09902013, hole_card: ['S5', 'C5']
"b09902013" declared "call:15"
Street "flop" started. (community card = ['HA', 'H6', 'D3'])
name: b11902087, hole_card: ['D9', 'DJ']
name: b09902013, hole_card: ['S5', 'C5']
"b11902087" declared "raise:10"
name: b11902087, hole_card: ['D9', 'DJ']
name: b09902013, hole_card: ['S5', 'C5']
"b09902013" declared "raise:20"
name: b11902087, hole_card: ['D9', 'DJ']
name: b09902013, hole_card: ['S5', 'C5']
"b11902087" declared "raise:30"
name: b11902087, hole_card: ['D9', 'DJ']
name: b09902013, hole_card: ['S5', 'C5']
"b09902013" declared "raise:40"
name: b11902087, hole_card: ['D9', 'DJ']
name: b09902013, hole_card: ['S5', 'C5']
"b11902087" declared "raise:50"
name: b11902087, hole_card: ['D9', 'DJ']
name: b09902013, hole_card: ['S5', 'C5']
"b09902013" declared "raise:60"
name: b11902087, hole_card: ['D9', 'DJ']
name: b09902013, hole_card: ['S5', 'C5']
"b11902087" declared "raise:70"
name: b11902087, hole_card: ['D9', 'DJ']
name: b09902013, hole_card: ['S5', 'C5']
"b09902013" declared "call:70"
Street "turn" started. (community card = ['HA', 'H6', 'D3', 'C7'])
name: b11902087, hole_card: ['D9', 'DJ']
name: b09902013, hole_card: ['S5', 'C5']
"b11902087" declared "raise:10"
name: b11902087, hole_card: ['D9', 'DJ']
name: b09902013, hole_card: ['S5', 'C5']
"b09902013" declared "call:10"
Street "river" started. (community card = ['HA', 'H6', 'D3', 'C7', 'C9'])
name: b11902087, hole_card: ['D9', 'DJ']
name: b09902013, hole_card: ['S5', 'C5']
"b11902087" declared "raise:10"
name: b11902087, hole_card: ['D9', 'DJ']
name: b09902013, hole_card: ['S5', 'C5']
"b09902013" declared "call:10"
"['b11902087']" won the round 4 (stack = {'b11902087': 1110, 'b09902013': 890})
community cards of this round: ['S2', 'CJ', 'CQ', 'D8', 'H8']
name: b11902087, hole_card: ['H2', 'S7']
name: b09902013, hole_card: ['C9', 'C6']
Started the round 5
Street "preflop" started. (community card = [])
name: b11902087, hole_card: ['H2', 'S7']
name: b09902013, hole_card: ['C9', 'C6']
"b09902013" declared "call:10"
name: b11902087, hole_card: ['H2', 'S7']
name: b09902013, hole_card: ['C9', 'C6']
"b11902087" declared "fold:0"
"['b09902013']" won the round 5 (stack = {'b11902087': 1100, 'b09902013': 900})
community cards of this round: ['C4', 'DQ', 'HQ', 'H4', 'SJ']
name: b11902087, hole_card: ['CA', 'H7']
name: b09902013, hole_card: ['S6', 'SA']
Started the round 6
Street "preflop" started. (community card = [])
name: b11902087, hole_card: ['CA', 'H7']
name: b09902013, hole_card: ['S6', 'SA']
"b11902087" declared "raise:15"
name: b11902087, hole_card: ['CA', 'H7']
name: b09902013, hole_card: ['S6', 'SA']
"b09902013" declared "raise:900"
name: b11902087, hole_card: ['CA', 'H7']
name: b09902013, hole_card: ['S6', 'SA']
"b11902087" declared "call:900"
Street "flop" started. (community card = ['C4', 'DQ', 'HQ'])
Street "turn" started. (community card = ['C4', 'DQ', 'HQ', 'H4'])
Street "river" started. (community card = ['C4', 'DQ', 'HQ', 'H4', 'SJ'])
"['b11902087']" won the round 6 (stack = {'b11902087': 2000, 'b09902013': 0})
b11902087 vs b09902013 - Game 4: {'rule': {'initial_stack': 1000, 'max_round': 20, 'small_blind_amount': 5, 'ante': 0, 'blind_structure': {}}, 'players': [{'name': 'b11902087', 'uuid': 'mosgnsqrbrgnwmttbqoqrc', 'stack': 2000, 'state': 'participating'}, {'name': 'b09902013', 'uuid': 'gyezvucvxgyzpdngavmjdy', 'stack': 0, 'state': 'folded'}]}
community cards of this round: ['S9', 'D8', 'CA', 'S4', 'DJ']
name: b09902013, hole_card: ['H3', 'D4']
name: b11902087, hole_card: ['S8', 'SJ']
Started the round 1
Street "preflop" started. (community card = [])
name: b09902013, hole_card: ['H3', 'D4']
name: b11902087, hole_card: ['S8', 'SJ']
"b11902087" declared "raise:15"
name: b09902013, hole_card: ['H3', 'D4']
name: b11902087, hole_card: ['S8', 'SJ']
"b09902013" declared "fold:0"
"['b11902087']" won the round 1 (stack = {'b09902013': 990, 'b11902087': 1010})
community cards of this round: ['H5', 'HT', 'CQ', 'S7', 'D3']
name: b09902013, hole_card: ['SA', 'H4']
name: b11902087, hole_card: ['D9', 'DT']
Started the round 2
Street "preflop" started. (community card = [])
name: b09902013, hole_card: ['SA', 'H4']
name: b11902087, hole_card: ['D9', 'DT']
"b09902013" declared "call:10"
name: b09902013, hole_card: ['SA', 'H4']
name: b11902087, hole_card: ['D9', 'DT']
"b11902087" declared "raise:15"
name: b09902013, hole_card: ['SA', 'H4']
name: b11902087, hole_card: ['D9', 'DT']
"b09902013" declared "call:15"
Street "flop" started. (community card = ['H5', 'HT', 'CQ'])
name: b09902013, hole_card: ['SA', 'H4']
name: b11902087, hole_card: ['D9', 'DT']
"b09902013" declared "call:0"
name: b09902013, hole_card: ['SA', 'H4']
name: b11902087, hole_card: ['D9', 'DT']
"b11902087" declared "raise:10"
name: b09902013, hole_card: ['SA', 'H4']
name: b11902087, hole_card: ['D9', 'DT']
"b09902013" declared "call:10"
Street "turn" started. (community card = ['H5', 'HT', 'CQ', 'S7'])
name: b09902013, hole_card: ['SA', 'H4']
name: b11902087, hole_card: ['D9', 'DT']
"b09902013" declared "call:0"
name: b09902013, hole_card: ['SA', 'H4']
name: b11902087, hole_card: ['D9', 'DT']
"b11902087" declared "raise:10"
name: b09902013, hole_card: ['SA', 'H4']
name: b11902087, hole_card: ['D9', 'DT']
"b09902013" declared "fold:0"
"['b11902087']" won the round 2 (stack = {'b09902013': 965, 'b11902087': 1035})
community cards of this round: ['H8', 'C3', 'H9', 'CT', 'S3']
name: b09902013, hole_card: ['DA', 'DQ']
name: b11902087, hole_card: ['HJ', 'S2']
Started the round 3
Street "preflop" started. (community card = [])
name: b09902013, hole_card: ['DA', 'DQ']
name: b11902087, hole_card: ['HJ', 'S2']
"b11902087" declared "call:10"
name: b09902013, hole_card: ['DA', 'DQ']
name: b11902087, hole_card: ['HJ', 'S2']
"b09902013" declared "raise:965"
name: b09902013, hole_card: ['DA', 'DQ']
name: b11902087, hole_card: ['HJ', 'S2']
"b11902087" declared "fold:0"
"['b09902013']" won the round 3 (stack = {'b09902013': 975, 'b11902087': 1025})
community cards of this round: ['H9', 'S6', 'S4', 'D3', 'H2']
name: b09902013, hole_card: ['HK', 'H5']
name: b11902087, hole_card: ['S7', 'H4']
Started the round 4
Street "preflop" started. (community card = [])
name: b09902013, hole_card: ['HK', 'H5']
name: b11902087, hole_card: ['S7', 'H4']
"b09902013" declared "call:10"
name: b09902013, hole_card: ['HK', 'H5']
name: b11902087, hole_card: ['S7', 'H4']
"b11902087" declared "call:10"
Street "flop" started. (community card = ['H9', 'S6', 'S4'])
name: b09902013, hole_card: ['HK', 'H5']
name: b11902087, hole_card: ['S7', 'H4']
"b09902013" declared "call:0"
name: b09902013, hole_card: ['HK', 'H5']
name: b11902087, hole_card: ['S7', 'H4']
"b11902087" declared "raise:10"
name: b09902013, hole_card: ['HK', 'H5']
name: b11902087, hole_card: ['S7', 'H4']
"b09902013" declared "fold:0"
"['b11902087']" won the round 4 (stack = {'b09902013': 965, 'b11902087': 1035})
community cards of this round: ['S2', 'D4', 'HJ', 'C8', 'D5']
name: b09902013, hole_card: ['CQ', 'SA']
name: b11902087, hole_card: ['DJ', 'H5']
Started the round 5
Street "preflop" started. (community card = [])
name: b09902013, hole_card: ['CQ', 'SA']
name: b11902087, hole_card: ['DJ', 'H5']
"b11902087" declared "call:10"
name: b09902013, hole_card: ['CQ', 'SA']
name: b11902087, hole_card: ['DJ', 'H5']
"b09902013" declared "raise:96.0"
name: b09902013, hole_card: ['CQ', 'SA']
name: b11902087, hole_card: ['DJ', 'H5']
"b11902087" declared "fold:0"
"['b09902013']" won the round 5 (stack = {'b09902013': 975.0, 'b11902087': 1025})
community cards of this round: ['S2', 'HA', 'S3', 'S6', 'SK']
name: b09902013, hole_card: ['HQ', 'H8']
name: b11902087, hole_card: ['C7', 'CJ']
Started the round 6
Street "preflop" started. (community card = [])
name: b09902013, hole_card: ['HQ', 'H8']
name: b11902087, hole_card: ['C7', 'CJ']
"b09902013" declared "call:10"
name: b09902013, hole_card: ['HQ', 'H8']
name: b11902087, hole_card: ['C7', 'CJ']
"b11902087" declared "raise:15"
name: b09902013, hole_card: ['HQ', 'H8']
name: b11902087, hole_card: ['C7', 'CJ']
"b09902013" declared "call:15"
Street "flop" started. (community card = ['S2', 'HA', 'S3'])
name: b09902013, hole_card: ['HQ', 'H8']
name: b11902087, hole_card: ['C7', 'CJ']
"b09902013" declared "call:0"
name: b09902013, hole_card: ['HQ', 'H8']
name: b11902087, hole_card: ['C7', 'CJ']
"b11902087" declared "raise:10"
name: b09902013, hole_card: ['HQ', 'H8']
name: b11902087, hole_card: ['C7', 'CJ']
"b09902013" declared "fold:0"
"['b11902087']" won the round 6 (stack = {'b09902013': 960.0, 'b11902087': 1040})
community cards of this round: ['S3', 'CQ', 'D8', 'C3', 'D4']
name: b09902013, hole_card: ['HQ', 'DA']
name: b11902087, hole_card: ['DJ', 'S7']
Started the round 7
Street "preflop" started. (community card = [])
name: b09902013, hole_card: ['HQ', 'DA']
name: b11902087, hole_card: ['DJ', 'S7']
"b11902087" declared "raise:15"
name: b09902013, hole_card: ['HQ', 'DA']
name: b11902087, hole_card: ['DJ', 'S7']
"b09902013" declared "raise:90.0"
name: b09902013, hole_card: ['HQ', 'DA']
name: b11902087, hole_card: ['DJ', 'S7']
"b11902087" declared "call:90.0"
Street "flop" started. (community card = ['S3', 'CQ', 'D8'])
name: b09902013, hole_card: ['HQ', 'DA']
name: b11902087, hole_card: ['DJ', 'S7']
"b11902087" declared "raise:10"
name: b09902013, hole_card: ['HQ', 'DA']
name: b11902087, hole_card: ['DJ', 'S7']
"b09902013" declared "raise:120.0"
name: b09902013, hole_card: ['HQ', 'DA']
name: b11902087, hole_card: ['DJ', 'S7']
"b11902087" declared "call:120.0"
Street "turn" started. (community card = ['S3', 'CQ', 'D8', 'C3'])
name: b09902013, hole_card: ['HQ', 'DA']
name: b11902087, hole_card: ['DJ', 'S7']
"b11902087" declared "raise:10"
name: b09902013, hole_card: ['HQ', 'DA']
name: b11902087, hole_card: ['DJ', 'S7']
"b09902013" declared "call:10"
Street "river" started. (community card = ['S3', 'CQ', 'D8', 'C3', 'D4'])
name: b09902013, hole_card: ['HQ', 'DA']
name: b11902087, hole_card: ['DJ', 'S7']
"b11902087" declared "raise:10"
name: b09902013, hole_card: ['HQ', 'DA']
name: b11902087, hole_card: ['DJ', 'S7']
"b09902013" declared "call:10"
"['b09902013']" won the round 7 (stack = {'b09902013': 1190.0, 'b11902087': 810.0})
community cards of this round: ['D3', 'H4', 'H2', 'HA', 'SA']
name: b09902013, hole_card: ['H9', 'C7']
name: b11902087, hole_card: ['ST', 'DQ']
Started the round 8
Street "preflop" started. (community card = [])
name: b09902013, hole_card: ['H9', 'C7']
name: b11902087, hole_card: ['ST', 'DQ']
"b09902013" declared "fold:0"
"['b11902087']" won the round 8 (stack = {'b09902013': 1185.0, 'b11902087': 815.0})
community cards of this round: ['DJ', 'H9', 'S9', 'SK', 'DT']
name: b09902013, hole_card: ['DA', 'HJ']
name: b11902087, hole_card: ['D6', 'S2']
Started the round 9
Street "preflop" started. (community card = [])
name: b09902013, hole_card: ['DA', 'HJ']
name: b11902087, hole_card: ['D6', 'S2']
"b11902087" declared "fold:0"
"['b09902013']" won the round 9 (stack = {'b09902013': 1190.0, 'b11902087': 810.0})
community cards of this round: ['C9', 'S7', 'S8', 'DQ', 'S4']
name: b09902013, hole_card: ['HJ', 'D8']
name: b11902087, hole_card: ['DJ', 'CJ']
Started the round 10
Street "preflop" started. (community card = [])
name: b09902013, hole_card: ['HJ', 'D8']
name: b11902087, hole_card: ['DJ', 'CJ']
"b09902013" declared "fold:0"
"['b11902087']" won the round 10 (stack = {'b09902013': 1185.0, 'b11902087': 815.0})
community cards of this round: ['H5', 'HK', 'S7', 'S2', 'S6']
name: b09902013, hole_card: ['H2', 'C9']
name: b11902087, hole_card: ['CQ', 'SJ']
Started the round 11
Street "preflop" started. (community card = [])
name: b09902013, hole_card: ['H2', 'C9']
name: b11902087, hole_card: ['CQ', 'SJ']
"b11902087" declared "raise:15"
name: b09902013, hole_card: ['H2', 'C9']
name: b11902087, hole_card: ['CQ', 'SJ']
"b09902013" declared "fold:0"
"['b11902087']" won the round 11 (stack = {'b09902013': 1175.0, 'b11902087': 825.0})
community cards of this round: ['H6', 'D4', 'H3', 'D6', 'C9']
name: b09902013, hole_card: ['C2', 'C3']
name: b11902087, hole_card: ['SQ', 'HA']
Started the round 12
Street "preflop" started. (community card = [])
name: b09902013, hole_card: ['C2', 'C3']
name: b11902087, hole_card: ['SQ', 'HA']
"b09902013" declared "fold:0"
"['b11902087']" won the round 12 (stack = {'b09902013': 1170.0, 'b11902087': 830.0})
community cards of this round: ['C5', 'HQ', 'S6', 'H6', 'C3']
name: b09902013, hole_card: ['CA', 'H2']
name: b11902087, hole_card: ['ST', 'SK']
Started the round 13
Street "preflop" started. (community card = [])
name: b09902013, hole_card: ['CA', 'H2']
name: b11902087, hole_card: ['ST', 'SK']
"b11902087" declared "raise:15"
name: b09902013, hole_card: ['CA', 'H2']
name: b11902087, hole_card: ['ST', 'SK']
"b09902013" declared "fold:0"
"['b11902087']" won the round 13 (stack = {'b09902013': 1160.0, 'b11902087': 840.0})
community cards of this round: ['C5', 'HT', 'H9', 'D6', 'DA']
name: b09902013, hole_card: ['C7', 'H6']
name: b11902087, hole_card: ['H3', 'DQ']
Started the round 14
Street "preflop" started. (community card = [])
name: b09902013, hole_card: ['C7', 'H6']
name: b11902087, hole_card: ['H3', 'DQ']
"b09902013" declared "fold:0"
"['b11902087']" won the round 14 (stack = {'b09902013': 1155.0, 'b11902087': 845.0})
community cards of this round: ['D2', 'H3', 'S5', 'CQ', 'D5']
name: b09902013, hole_card: ['H9', 'ST']
name: b11902087, hole_card: ['HT', 'D9']
Started the round 15
Street "preflop" started. (community card = [])
name: b09902013, hole_card: ['H9', 'ST']
name: b11902087, hole_card: ['HT', 'D9']
"b11902087" declared "raise:15"
name: b09902013, hole_card: ['H9', 'ST']
name: b11902087, hole_card: ['HT', 'D9']
"b09902013" declared "fold:0"
"['b11902087']" won the round 15 (stack = {'b09902013': 1145.0, 'b11902087': 855.0})
community cards of this round: ['C3', 'H6', 'CQ', 'S5', 'HT']
name: b09902013, hole_card: ['HQ', 'H7']
name: b11902087, hole_card: ['CJ', 'S8']
Started the round 16
Street "preflop" started. (community card = [])
name: b09902013, hole_card: ['HQ', 'H7']
name: b11902087, hole_card: ['CJ', 'S8']
"b09902013" declared "fold:0"
"['b11902087']" won the round 16 (stack = {'b09902013': 1140.0, 'b11902087': 860.0})
community cards of this round: ['CT', 'H9', 'D7', 'CA', 'SK']
name: b09902013, hole_card: ['H7', 'DJ']
name: b11902087, hole_card: ['SJ', 'D9']
Started the round 17
Street "preflop" started. (community card = [])
name: b09902013, hole_card: ['H7', 'DJ']
name: b11902087, hole_card: ['SJ', 'D9']
"b11902087" declared "raise:15"
name: b09902013, hole_card: ['H7', 'DJ']
name: b11902087, hole_card: ['SJ', 'D9']
"b09902013" declared "fold:0"
"['b11902087']" won the round 17 (stack = {'b09902013': 1130.0, 'b11902087': 870.0})
community cards of this round: ['H8', 'C3', 'S5', 'CT', 'C6']
name: b09902013, hole_card: ['S7', 'CJ']
name: b11902087, hole_card: ['S9', 'C8']
Started the round 18
Street "preflop" started. (community card = [])
name: b09902013, hole_card: ['S7', 'CJ']
name: b11902087, hole_card: ['S9', 'C8']
"b09902013" declared "fold:0"
"['b11902087']" won the round 18 (stack = {'b09902013': 1125.0, 'b11902087': 875.0})
community cards of this round: ['S5', 'DK', 'D3', 'CQ', 'S4']
name: b09902013, hole_card: ['DQ', 'CT']
name: b11902087, hole_card: ['D7', 'D9']
Started the round 19
Street "preflop" started. (community card = [])
name: b09902013, hole_card: ['DQ', 'CT']
name: b11902087, hole_card: ['D7', 'D9']
"b11902087" declared "call:10"
name: b09902013, hole_card: ['DQ', 'CT']
name: b11902087, hole_card: ['D7', 'D9']
"b09902013" declared "fold:0"
"['b11902087']" won the round 19 (stack = {'b09902013': 1115.0, 'b11902087': 885.0})
community cards of this round: ['D3', 'H9', 'D6', 'S6', 'S3']
name: b09902013, hole_card: ['HK', 'H4']
name: b11902087, hole_card: ['HQ', 'S8']
Started the round 20
Street "preflop" started. (community card = [])
name: b09902013, hole_card: ['HK', 'H4']
name: b11902087, hole_card: ['HQ', 'S8']
"b09902013" declared "fold:0"
"['b11902087']" won the round 20 (stack = {'b09902013': 1110.0, 'b11902087': 890.0})
b11902087 vs b09902013 - Game 5: {'rule': {'initial_stack': 1000, 'max_round': 20, 'small_blind_amount': 5, 'ante': 0, 'blind_structure': {}}, 'players': [{'name': 'b09902013', 'uuid': 'yzcgqwfzhspbpvferlxgfw', 'stack': 1110.0, 'state': 'participating'}, {'name': 'b11902087', 'uuid': 'wybjjjhadqnygtwppqdvxz', 'stack': 890.0, 'state': 'participating'}]}
Final Result: b11902087 won 3 games (stack: 7884.0), b09902013 won 2 games (stack: 2115.0), num ties: 0
