community cards of this round: ['D7', 'CA', 'C2', 'S6', 'SA']
name: b11902155, hole_card: ['HJ', 'D2']
name: b11902145, hole_card: ['CT', 'H8']
Started the round 1
Street "preflop" started. (community card = [])
name: b11902155, hole_card: ['HJ', 'D2']
name: b11902145, hole_card: ['CT', 'H8']
"b11902145" declared "raise:15"
name: b11902155, hole_card: ['HJ', 'D2']
name: b11902145, hole_card: ['CT', 'H8']
"b11902155" declared "raise:20"
name: b11902155, hole_card: ['HJ', 'D2']
name: b11902145, hole_card: ['CT', 'H8']
"b11902145" declared "raise:25"
name: b11902155, hole_card: ['HJ', 'D2']
name: b11902145, hole_card: ['CT', 'H8']
"b11902155" declared "fold:0"
"['b11902145']" won the round 1 (stack = {'b11902155': 980, 'b11902145': 1020})
community cards of this round: ['C9', 'S9', 'S7', 'H7', 'H3']
name: b11902155, hole_card: ['S6', 'HT']
name: b11902145, hole_card: ['CJ', 'D6']
Started the round 2
Street "preflop" started. (community card = [])
name: b11902155, hole_card: ['S6', 'HT']
name: b11902145, hole_card: ['CJ', 'D6']
"b11902155" declared "raise:20"
name: b11902155, hole_card: ['S6', 'HT']
name: b11902145, hole_card: ['CJ', 'D6']
"b11902145" declared "call:20"
Street "flop" started. (community card = ['C9', 'S9', 'S7'])
name: b11902155, hole_card: ['S6', 'HT']
name: b11902145, hole_card: ['CJ', 'D6']
"b11902155" declared "raise:20"
name: b11902155, hole_card: ['S6', 'HT']
name: b11902145, hole_card: ['CJ', 'D6']
"b11902145" declared "call:20"
Street "turn" started. (community card = ['C9', 'S9', 'S7', 'H7'])
name: b11902155, hole_card: ['S6', 'HT']
name: b11902145, hole_card: ['CJ', 'D6']
"b11902155" declared "raise:20"
name: b11902155, hole_card: ['S6', 'HT']
name: b11902145, hole_card: ['CJ', 'D6']
"b11902145" declared "raise:40"
name: b11902155, hole_card: ['S6', 'HT']
name: b11902145, hole_card: ['CJ', 'D6']
"b11902155" declared "call:40"
Street "river" started. (community card = ['C9', 'S9', 'S7', 'H7', 'H3'])
name: b11902155, hole_card: ['S6', 'HT']
name: b11902145, hole_card: ['CJ', 'D6']
"b11902155" declared "raise:20"
name: b11902155, hole_card: ['S6', 'HT']
name: b11902145, hole_card: ['CJ', 'D6']
"b11902145" declared "raise:40"
name: b11902155, hole_card: ['S6', 'HT']
name: b11902145, hole_card: ['CJ', 'D6']
"b11902155" declared "call:40"
"['b11902145']" won the round 2 (stack = {'b11902155': 860, 'b11902145': 1140})
community cards of this round: ['H5', 'S2', 'H9', 'HK', 'CT']
name: b11902155, hole_card: ['D4', 'C7']
name: b11902145, hole_card: ['S5', 'S3']
Started the round 3
Street "preflop" started. (community card = [])
name: b11902155, hole_card: ['D4', 'C7']
name: b11902145, hole_card: ['S5', 'S3']
"b11902145" declared "fold:0"
"['b11902155']" won the round 3 (stack = {'b11902155': 865, 'b11902145': 1135})
community cards of this round: ['D7', 'DJ', 'S6', 'D5', 'CJ']
name: b11902155, hole_card: ['S3', 'HQ']
name: b11902145, hole_card: ['C2', 'DA']
Started the round 4
Street "preflop" started. (community card = [])
name: b11902155, hole_card: ['S3', 'HQ']
name: b11902145, hole_card: ['C2', 'DA']
"b11902155" declared "raise:20"
name: b11902155, hole_card: ['S3', 'HQ']
name: b11902145, hole_card: ['C2', 'DA']
"b11902145" declared "raise:30"
name: b11902155, hole_card: ['S3', 'HQ']
name: b11902145, hole_card: ['C2', 'DA']
"b11902155" declared "fold:0"
"['b11902145']" won the round 4 (stack = {'b11902155': 845, 'b11902145': 1155})
community cards of this round: ['DA', 'S3', 'SJ', 'H5', 'C9']
name: b11902155, hole_card: ['DJ', 'C7']
name: b11902145, hole_card: ['HK', 'CA']
Started the round 5
Street "preflop" started. (community card = [])
name: b11902155, hole_card: ['DJ', 'C7']
name: b11902145, hole_card: ['HK', 'CA']
"b11902145" declared "raise:15"
name: b11902155, hole_card: ['DJ', 'C7']
name: b11902145, hole_card: ['HK', 'CA']
"b11902155" declared "raise:20"
name: b11902155, hole_card: ['DJ', 'C7']
name: b11902145, hole_card: ['HK', 'CA']
"b11902145" declared "raise:25"
name: b11902155, hole_card: ['DJ', 'C7']
name: b11902145, hole_card: ['HK', 'CA']
"b11902155" declared "call:25"
Street "flop" started. (community card = ['DA', 'S3', 'SJ'])
name: b11902155, hole_card: ['DJ', 'C7']
name: b11902145, hole_card: ['HK', 'CA']
"b11902145" declared "raise:1130"
name: b11902155, hole_card: ['DJ', 'C7']
name: b11902145, hole_card: ['HK', 'CA']
"b11902155" declared "call:1130"
Street "turn" started. (community card = ['DA', 'S3', 'SJ', 'H5'])
Street "river" started. (community card = ['DA', 'S3', 'SJ', 'H5', 'C9'])
"['b11902145']" won the round 5 (stack = {'b11902155': 0, 'b11902145': 2000})
b11902145 vs b11902155 - Game 1: {'rule': {'initial_stack': 1000, 'max_round': 20, 'small_blind_amount': 5, 'ante': 0, 'blind_structure': {}}, 'players': [{'name': 'b11902155', 'uuid': 'rjqoxxolslqdxerdcyvrbu', 'stack': 0, 'state': 'folded'}, {'name': 'b11902145', 'uuid': 'zwjehhojncgetzqptkjoty', 'stack': 2000, 'state': 'participating'}]}
community cards of this round: ['D7', 'CA', 'C2', 'S6', 'SA']
name: b11902145, hole_card: ['HJ', 'D2']
name: b11902155, hole_card: ['CT', 'H8']
Started the round 1
Street "preflop" started. (community card = [])
name: b11902145, hole_card: ['HJ', 'D2']
name: b11902155, hole_card: ['CT', 'H8']
"b11902155" declared "raise:20"
name: b11902145, hole_card: ['HJ', 'D2']
name: b11902155, hole_card: ['CT', 'H8']
"b11902145" declared "call:20"
Street "flop" started. (community card = ['D7', 'CA', 'C2'])
name: b11902145, hole_card: ['HJ', 'D2']
name: b11902155, hole_card: ['CT', 'H8']
"b11902155" declared "raise:20"
name: b11902145, hole_card: ['HJ', 'D2']
name: b11902155, hole_card: ['CT', 'H8']
"b11902145" declared "raise:40"
name: b11902145, hole_card: ['HJ', 'D2']
name: b11902155, hole_card: ['CT', 'H8']
"b11902155" declared "call:40"
Street "turn" started. (community card = ['D7', 'CA', 'C2', 'S6'])
name: b11902145, hole_card: ['HJ', 'D2']
name: b11902155, hole_card: ['CT', 'H8']
"b11902155" declared "raise:20"
name: b11902145, hole_card: ['HJ', 'D2']
name: b11902155, hole_card: ['CT', 'H8']
"b11902145" declared "raise:40"
name: b11902145, hole_card: ['HJ', 'D2']
name: b11902155, hole_card: ['CT', 'H8']
"b11902155" declared "call:40"
Street "river" started. (community card = ['D7', 'CA', 'C2', 'S6', 'SA'])
name: b11902145, hole_card: ['HJ', 'D2']
name: b11902155, hole_card: ['CT', 'H8']
"b11902155" declared "raise:20"
name: b11902145, hole_card: ['HJ', 'D2']
name: b11902155, hole_card: ['CT', 'H8']
"b11902145" declared "raise:40"
name: b11902145, hole_card: ['HJ', 'D2']
name: b11902155, hole_card: ['CT', 'H8']
"b11902155" declared "fold:0"
"['b11902145']" won the round 1 (stack = {'b11902145': 1120, 'b11902155': 880})
community cards of this round: ['C9', 'S9', 'S7', 'H7', 'H3']
name: b11902145, hole_card: ['S6', 'HT']
name: b11902155, hole_card: ['CJ', 'D6']
Started the round 2
Street "preflop" started. (community card = [])
name: b11902145, hole_card: ['S6', 'HT']
name: b11902155, hole_card: ['CJ', 'D6']
"b11902145" declared "call:10"
name: b11902145, hole_card: ['S6', 'HT']
name: b11902155, hole_card: ['CJ', 'D6']
"b11902155" declared "raise:20"
name: b11902145, hole_card: ['S6', 'HT']
name: b11902155, hole_card: ['CJ', 'D6']
"b11902145" declared "call:20"
Street "flop" started. (community card = ['C9', 'S9', 'S7'])
name: b11902145, hole_card: ['S6', 'HT']
name: b11902155, hole_card: ['CJ', 'D6']
"b11902145" declared "raise:10"
name: b11902145, hole_card: ['S6', 'HT']
name: b11902155, hole_card: ['CJ', 'D6']
"b11902155" declared "raise:20"
name: b11902145, hole_card: ['S6', 'HT']
name: b11902155, hole_card: ['CJ', 'D6']
"b11902145" declared "raise:30"
name: b11902145, hole_card: ['S6', 'HT']
name: b11902155, hole_card: ['CJ', 'D6']
"b11902155" declared "call:30"
Street "turn" started. (community card = ['C9', 'S9', 'S7', 'H7'])
name: b11902145, hole_card: ['S6', 'HT']
name: b11902155, hole_card: ['CJ', 'D6']
"b11902145" declared "raise:10"
name: b11902145, hole_card: ['S6', 'HT']
name: b11902155, hole_card: ['CJ', 'D6']
"b11902155" declared "raise:20"
name: b11902145, hole_card: ['S6', 'HT']
name: b11902155, hole_card: ['CJ', 'D6']
"b11902145" declared "raise:30"
name: b11902145, hole_card: ['S6', 'HT']
name: b11902155, hole_card: ['CJ', 'D6']
"b11902155" declared "fold:0"
"['b11902145']" won the round 2 (stack = {'b11902145': 1190, 'b11902155': 810})
community cards of this round: ['H5', 'S2', 'H9', 'HK', 'CT']
name: b11902145, hole_card: ['D4', 'C7']
name: b11902155, hole_card: ['S5', 'S3']
Started the round 3
Street "preflop" started. (community card = [])
name: b11902145, hole_card: ['D4', 'C7']
name: b11902155, hole_card: ['S5', 'S3']
"b11902155" declared "raise:20"
name: b11902145, hole_card: ['D4', 'C7']
name: b11902155, hole_card: ['S5', 'S3']
"b11902145" declared "fold:0"
"['b11902155']" won the round 3 (stack = {'b11902145': 1180, 'b11902155': 820})
community cards of this round: ['D7', 'DJ', 'S6', 'D5', 'CJ']
name: b11902145, hole_card: ['S3', 'HQ']
name: b11902155, hole_card: ['C2', 'DA']
Started the round 4
Street "preflop" started. (community card = [])
name: b11902145, hole_card: ['S3', 'HQ']
name: b11902155, hole_card: ['C2', 'DA']
"b11902145" declared "fold:0"
"['b11902155']" won the round 4 (stack = {'b11902145': 1175, 'b11902155': 825})
community cards of this round: ['DA', 'S3', 'SJ', 'H5', 'C9']
name: b11902145, hole_card: ['DJ', 'C7']
name: b11902155, hole_card: ['HK', 'CA']
Started the round 5
Street "preflop" started. (community card = [])
name: b11902145, hole_card: ['DJ', 'C7']
name: b11902155, hole_card: ['HK', 'CA']
"b11902155" declared "raise:20"
name: b11902145, hole_card: ['DJ', 'C7']
name: b11902155, hole_card: ['HK', 'CA']
"b11902145" declared "fold:0"
"['b11902155']" won the round 5 (stack = {'b11902145': 1165, 'b11902155': 835})
community cards of this round: ['H6', 'D3', 'D9', 'CQ', 'S5']
name: b11902145, hole_card: ['CT', 'S4']
name: b11902155, hole_card: ['C9', 'DK']
Started the round 6
Street "preflop" started. (community card = [])
name: b11902145, hole_card: ['CT', 'S4']
name: b11902155, hole_card: ['C9', 'DK']
"b11902145" declared "fold:0"
"['b11902155']" won the round 6 (stack = {'b11902145': 1160, 'b11902155': 840})
community cards of this round: ['H8', 'C4', 'H9', 'C3', 'CT']
name: b11902145, hole_card: ['HJ', 'H3']
name: b11902155, hole_card: ['S7', 'C7']
Started the round 7
Street "preflop" started. (community card = [])
name: b11902145, hole_card: ['HJ', 'H3']
name: b11902155, hole_card: ['S7', 'C7']
"b11902155" declared "raise:20"
name: b11902145, hole_card: ['HJ', 'H3']
name: b11902155, hole_card: ['S7', 'C7']
"b11902145" declared "fold:0"
"['b11902155']" won the round 7 (stack = {'b11902145': 1150, 'b11902155': 850})
community cards of this round: ['C7', 'SK', 'HA', 'S3', 'C2']
name: b11902145, hole_card: ['H9', 'ST']
name: b11902155, hole_card: ['D2', 'S5']
Started the round 8
Street "preflop" started. (community card = [])
name: b11902145, hole_card: ['H9', 'ST']
name: b11902155, hole_card: ['D2', 'S5']
"b11902145" declared "fold:0"
"['b11902155']" won the round 8 (stack = {'b11902145': 1145, 'b11902155': 855})
community cards of this round: ['C3', 'HA', 'C9', 'H5', 'CA']
name: b11902145, hole_card: ['C2', 'D2']
name: b11902155, hole_card: ['S3', 'HK']
Started the round 9
Street "preflop" started. (community card = [])
name: b11902145, hole_card: ['C2', 'D2']
name: b11902155, hole_card: ['S3', 'HK']
"b11902155" declared "raise:20"
name: b11902145, hole_card: ['C2', 'D2']
name: b11902155, hole_card: ['S3', 'HK']
"b11902145" declared "fold:0"
"['b11902155']" won the round 9 (stack = {'b11902145': 1135, 'b11902155': 865})
community cards of this round: ['DA', 'SA', 'H4', 'H5', 'CQ']
name: b11902145, hole_card: ['CT', 'C3']
name: b11902155, hole_card: ['DT', 'D7']
Started the round 10
Street "preflop" started. (community card = [])
name: b11902145, hole_card: ['CT', 'C3']
name: b11902155, hole_card: ['DT', 'D7']
"b11902145" declared "fold:0"
"['b11902155']" won the round 10 (stack = {'b11902145': 1130, 'b11902155': 870})
community cards of this round: ['HT', 'H4', 'HK', 'C7', 'SJ']
name: b11902145, hole_card: ['DK', 'DJ']
name: b11902155, hole_card: ['H3', 'C4']
Started the round 11
Street "preflop" started. (community card = [])
name: b11902145, hole_card: ['DK', 'DJ']
name: b11902155, hole_card: ['H3', 'C4']
"b11902155" declared "raise:20"
name: b11902145, hole_card: ['DK', 'DJ']
name: b11902155, hole_card: ['H3', 'C4']
"b11902145" declared "fold:0"
"['b11902155']" won the round 11 (stack = {'b11902145': 1120, 'b11902155': 880})
community cards of this round: ['DK', 'C2', 'S8', 'C9', 'C7']
name: b11902145, hole_card: ['SK', 'S5']
name: b11902155, hole_card: ['S2', 'D5']
Started the round 12
Street "preflop" started. (community card = [])
name: b11902145, hole_card: ['SK', 'S5']
name: b11902155, hole_card: ['S2', 'D5']
"b11902145" declared "fold:0"
"['b11902155']" won the round 12 (stack = {'b11902145': 1115, 'b11902155': 885})
community cards of this round: ['C3', 'HT', 'ST', 'C9', 'S6']
name: b11902145, hole_card: ['HK', 'C6']
name: b11902155, hole_card: ['C2', 'S9']
Started the round 13
Street "preflop" started. (community card = [])
name: b11902145, hole_card: ['HK', 'C6']
name: b11902155, hole_card: ['C2', 'S9']
"b11902155" declared "raise:20"
name: b11902145, hole_card: ['HK', 'C6']
name: b11902155, hole_card: ['C2', 'S9']
"b11902145" declared "fold:0"
"['b11902155']" won the round 13 (stack = {'b11902145': 1105, 'b11902155': 895})
community cards of this round: ['S6', 'HA', 'D3', 'C3', 'CK']
name: b11902145, hole_card: ['S8', 'DT']
name: b11902155, hole_card: ['C8', 'HJ']
Started the round 14
Street "preflop" started. (community card = [])
name: b11902145, hole_card: ['S8', 'DT']
name: b11902155, hole_card: ['C8', 'HJ']
"b11902145" declared "fold:0"
"['b11902155']" won the round 14 (stack = {'b11902145': 1100, 'b11902155': 900})
community cards of this round: ['HK', 'H8', 'DK', 'H9', 'H5']
name: b11902145, hole_card: ['S9', 'C5']
name: b11902155, hole_card: ['SQ', 'S8']
Started the round 15
Street "preflop" started. (community card = [])
name: b11902145, hole_card: ['S9', 'C5']
name: b11902155, hole_card: ['SQ', 'S8']
"b11902155" declared "raise:20"
name: b11902145, hole_card: ['S9', 'C5']
name: b11902155, hole_card: ['SQ', 'S8']
"b11902145" declared "fold:0"
"['b11902155']" won the round 15 (stack = {'b11902145': 1090, 'b11902155': 910})
community cards of this round: ['S7', 'D7', 'H4', 'H2', 'HA']
name: b11902145, hole_card: ['H3', 'SK']
name: b11902155, hole_card: ['D3', 'HT']
Started the round 16
Street "preflop" started. (community card = [])
name: b11902145, hole_card: ['H3', 'SK']
name: b11902155, hole_card: ['D3', 'HT']
"b11902145" declared "fold:0"
"['b11902155']" won the round 16 (stack = {'b11902145': 1085, 'b11902155': 915})
community cards of this round: ['CJ', 'H7', 'CA', 'S4', 'H2']
name: b11902145, hole_card: ['D4', 'C2']
name: b11902155, hole_card: ['C4', 'DJ']
Started the round 17
Street "preflop" started. (community card = [])
name: b11902145, hole_card: ['D4', 'C2']
name: b11902155, hole_card: ['C4', 'DJ']
"b11902155" declared "raise:20"
name: b11902145, hole_card: ['D4', 'C2']
name: b11902155, hole_card: ['C4', 'DJ']
"b11902145" declared "fold:0"
"['b11902155']" won the round 17 (stack = {'b11902145': 1075, 'b11902155': 925})
community cards of this round: ['CK', 'HT', 'S8', 'S9', 'D9']
name: b11902145, hole_card: ['SQ', 'CT']
name: b11902155, hole_card: ['CJ', 'C9']
Started the round 18
Street "preflop" started. (community card = [])
name: b11902145, hole_card: ['SQ', 'CT']
name: b11902155, hole_card: ['CJ', 'C9']
"b11902145" declared "fold:0"
"['b11902155']" won the round 18 (stack = {'b11902145': 1070, 'b11902155': 930})
community cards of this round: ['C2', 'D2', 'S8', 'DT', 'D4']
name: b11902145, hole_card: ['S7', 'S2']
name: b11902155, hole_card: ['D3', 'CQ']
Started the round 19
Street "preflop" started. (community card = [])
name: b11902145, hole_card: ['S7', 'S2']
name: b11902155, hole_card: ['D3', 'CQ']
"b11902155" declared "raise:20"
name: b11902145, hole_card: ['S7', 'S2']
name: b11902155, hole_card: ['D3', 'CQ']
"b11902145" declared "fold:0"
"['b11902155']" won the round 19 (stack = {'b11902145': 1060, 'b11902155': 940})
community cards of this round: ['SA', 'C7', 'H9', 'D8', 'SQ']
name: b11902145, hole_card: ['ST', 'DA']
name: b11902155, hole_card: ['HK', 'CJ']
Started the round 20
Street "preflop" started. (community card = [])
name: b11902145, hole_card: ['ST', 'DA']
name: b11902155, hole_card: ['HK', 'CJ']
"b11902145" declared "fold:0"
"['b11902155']" won the round 20 (stack = {'b11902145': 1055, 'b11902155': 945})
b11902145 vs b11902155 - Game 2: {'rule': {'initial_stack': 1000, 'max_round': 20, 'small_blind_amount': 5, 'ante': 0, 'blind_structure': {}}, 'players': [{'name': 'b11902145', 'uuid': 'ayjxygiptpmoirluhbycid', 'stack': 1055, 'state': 'participating'}, {'name': 'b11902155', 'uuid': 'axhahkuffawpaonmazuspb', 'stack': 945, 'state': 'participating'}]}
community cards of this round: ['HJ', 'HT', 'D9', 'SJ', 'D4']
name: b11902155, hole_card: ['H7', 'SA']
name: b11902145, hole_card: ['CJ', 'HA']
Started the round 1
Street "preflop" started. (community card = [])
name: b11902155, hole_card: ['H7', 'SA']
name: b11902145, hole_card: ['CJ', 'HA']
"b11902145" declared "raise:15"
name: b11902155, hole_card: ['H7', 'SA']
name: b11902145, hole_card: ['CJ', 'HA']
"b11902155" declared "raise:20"
name: b11902155, hole_card: ['H7', 'SA']
name: b11902145, hole_card: ['CJ', 'HA']
"b11902145" declared "raise:25"
name: b11902155, hole_card: ['H7', 'SA']
name: b11902145, hole_card: ['CJ', 'HA']
"b11902155" declared "call:25"
Street "flop" started. (community card = ['HJ', 'HT', 'D9'])
name: b11902155, hole_card: ['H7', 'SA']
name: b11902145, hole_card: ['CJ', 'HA']
"b11902145" declared "raise:10"
name: b11902155, hole_card: ['H7', 'SA']
name: b11902145, hole_card: ['CJ', 'HA']
"b11902155" declared "raise:20"
name: b11902155, hole_card: ['H7', 'SA']
name: b11902145, hole_card: ['CJ', 'HA']
"b11902145" declared "raise:30"
name: b11902155, hole_card: ['H7', 'SA']
name: b11902145, hole_card: ['CJ', 'HA']
"b11902155" declared "call:30"
Street "turn" started. (community card = ['HJ', 'HT', 'D9', 'SJ'])
name: b11902155, hole_card: ['H7', 'SA']
name: b11902145, hole_card: ['CJ', 'HA']
"b11902145" declared "raise:945"
name: b11902155, hole_card: ['H7', 'SA']
name: b11902145, hole_card: ['CJ', 'HA']
"b11902155" declared "call:945"
Street "river" started. (community card = ['HJ', 'HT', 'D9', 'SJ', 'D4'])
"['b11902145']" won the round 1 (stack = {'b11902155': 0, 'b11902145': 2000})
b11902145 vs b11902155 - Game 3: {'rule': {'initial_stack': 1000, 'max_round': 20, 'small_blind_amount': 5, 'ante': 0, 'blind_structure': {}}, 'players': [{'name': 'b11902155', 'uuid': 'kdlkdxsyootifefzklmpac', 'stack': 0, 'state': 'folded'}, {'name': 'b11902145', 'uuid': 'qoaladyoykpmgombehsipp', 'stack': 2000, 'state': 'participating'}]}
community cards of this round: ['HJ', 'HT', 'D9', 'SJ', 'D4']
name: b11902145, hole_card: ['H7', 'SA']
name: b11902155, hole_card: ['CJ', 'HA']
Started the round 1
Street "preflop" started. (community card = [])
name: b11902145, hole_card: ['H7', 'SA']
name: b11902155, hole_card: ['CJ', 'HA']
"b11902155" declared "raise:20"
name: b11902145, hole_card: ['H7', 'SA']
name: b11902155, hole_card: ['CJ', 'HA']
"b11902145" declared "raise:30"
name: b11902145, hole_card: ['H7', 'SA']
name: b11902155, hole_card: ['CJ', 'HA']
"b11902155" declared "raise:40"
name: b11902145, hole_card: ['H7', 'SA']
name: b11902155, hole_card: ['CJ', 'HA']
"b11902145" declared "raise:50"
name: b11902145, hole_card: ['H7', 'SA']
name: b11902155, hole_card: ['CJ', 'HA']
"b11902155" declared "raise:60"
name: b11902145, hole_card: ['H7', 'SA']
name: b11902155, hole_card: ['CJ', 'HA']
"b11902145" declared "raise:70"
name: b11902145, hole_card: ['H7', 'SA']
name: b11902155, hole_card: ['CJ', 'HA']
"b11902155" declared "raise:80"
name: b11902145, hole_card: ['H7', 'SA']
name: b11902155, hole_card: ['CJ', 'HA']
"b11902145" declared "raise:90"
name: b11902145, hole_card: ['H7', 'SA']
name: b11902155, hole_card: ['CJ', 'HA']
"b11902155" declared "call:90"
Street "flop" started. (community card = ['HJ', 'HT', 'D9'])
name: b11902145, hole_card: ['H7', 'SA']
name: b11902155, hole_card: ['CJ', 'HA']
"b11902155" declared "raise:20"
name: b11902145, hole_card: ['H7', 'SA']
name: b11902155, hole_card: ['CJ', 'HA']
"b11902145" declared "raise:40"
name: b11902145, hole_card: ['H7', 'SA']
name: b11902155, hole_card: ['CJ', 'HA']
"b11902155" declared "raise:120"
name: b11902145, hole_card: ['H7', 'SA']
name: b11902155, hole_card: ['CJ', 'HA']
"b11902145" declared "raise:200"
name: b11902145, hole_card: ['H7', 'SA']
name: b11902155, hole_card: ['CJ', 'HA']
"b11902155" declared "raise:560"
name: b11902145, hole_card: ['H7', 'SA']
name: b11902155, hole_card: ['CJ', 'HA']
"b11902145" declared "call:560"
Street "turn" started. (community card = ['HJ', 'HT', 'D9', 'SJ'])
name: b11902145, hole_card: ['H7', 'SA']
name: b11902155, hole_card: ['CJ', 'HA']
"b11902155" declared "raise:20"
name: b11902145, hole_card: ['H7', 'SA']
name: b11902155, hole_card: ['CJ', 'HA']
"b11902145" declared "raise:40"
name: b11902145, hole_card: ['H7', 'SA']
name: b11902155, hole_card: ['CJ', 'HA']
"b11902155" declared "raise:120"
name: b11902145, hole_card: ['H7', 'SA']
name: b11902155, hole_card: ['CJ', 'HA']
"b11902145" declared "raise:200"
name: b11902145, hole_card: ['H7', 'SA']
name: b11902155, hole_card: ['CJ', 'HA']
"b11902155" declared "raise:350"
name: b11902145, hole_card: ['H7', 'SA']
name: b11902155, hole_card: ['CJ', 'HA']
"b11902145" declared "call:350"
Street "river" started. (community card = ['HJ', 'HT', 'D9', 'SJ', 'D4'])
"['b11902155']" won the round 1 (stack = {'b11902145': 0, 'b11902155': 2000})
b11902145 vs b11902155 - Game 4: {'rule': {'initial_stack': 1000, 'max_round': 20, 'small_blind_amount': 5, 'ante': 0, 'blind_structure': {}}, 'players': [{'name': 'b11902145', 'uuid': 'qiwhcontplydfrkuxxtgiq', 'stack': 0, 'state': 'folded'}, {'name': 'b11902155', 'uuid': 'gzlgowjhzxhjafrvhovpiz', 'stack': 2000, 'state': 'participating'}]}
community cards of this round: ['HA', 'D8', 'CA', 'HQ', 'HT']
name: b11902155, hole_card: ['H4', 'S5']
name: b11902145, hole_card: ['C4', 'D2']
Started the round 1
Street "preflop" started. (community card = [])
name: b11902155, hole_card: ['H4', 'S5']
name: b11902145, hole_card: ['C4', 'D2']
"b11902145" declared "fold:0"
"['b11902155']" won the round 1 (stack = {'b11902155': 1005, 'b11902145': 995})
community cards of this round: ['ST', 'C5', 'SA', 'D9', 'S6']
name: b11902155, hole_card: ['S9', 'DA']
name: b11902145, hole_card: ['HA', 'D7']
Started the round 2
Street "preflop" started. (community card = [])
name: b11902155, hole_card: ['S9', 'DA']
name: b11902145, hole_card: ['HA', 'D7']
"b11902155" declared "raise:20"
name: b11902155, hole_card: ['S9', 'DA']
name: b11902145, hole_card: ['HA', 'D7']
"b11902145" declared "raise:30"
name: b11902155, hole_card: ['S9', 'DA']
name: b11902145, hole_card: ['HA', 'D7']
"b11902155" declared "call:30"
Street "flop" started. (community card = ['ST', 'C5', 'SA'])
name: b11902155, hole_card: ['S9', 'DA']
name: b11902145, hole_card: ['HA', 'D7']
"b11902155" declared "raise:20"
name: b11902155, hole_card: ['S9', 'DA']
name: b11902145, hole_card: ['HA', 'D7']
"b11902145" declared "raise:40"
name: b11902155, hole_card: ['S9', 'DA']
name: b11902145, hole_card: ['HA', 'D7']
"b11902155" declared "raise:120"
name: b11902155, hole_card: ['S9', 'DA']
name: b11902145, hole_card: ['HA', 'D7']
"b11902145" declared "raise:200"
name: b11902155, hole_card: ['S9', 'DA']
name: b11902145, hole_card: ['HA', 'D7']
"b11902155" declared "raise:560"
name: b11902155, hole_card: ['S9', 'DA']
name: b11902145, hole_card: ['HA', 'D7']
"b11902145" declared "raise:920"
name: b11902155, hole_card: ['S9', 'DA']
name: b11902145, hole_card: ['HA', 'D7']
"b11902155" declared "call:920"
Street "turn" started. (community card = ['ST', 'C5', 'SA', 'D9'])
name: b11902155, hole_card: ['S9', 'DA']
name: b11902145, hole_card: ['HA', 'D7']
"b11902155" declared "raise:20"
name: b11902155, hole_card: ['S9', 'DA']
name: b11902145, hole_card: ['HA', 'D7']
"b11902145" declared "raise:45"
name: b11902155, hole_card: ['S9', 'DA']
name: b11902145, hole_card: ['HA', 'D7']
"b11902155" declared "call:45"
Street "river" started. (community card = ['ST', 'C5', 'SA', 'D9', 'S6'])
"['b11902155']" won the round 2 (stack = {'b11902155': 2000, 'b11902145': 0})
b11902145 vs b11902155 - Game 5: {'rule': {'initial_stack': 1000, 'max_round': 20, 'small_blind_amount': 5, 'ante': 0, 'blind_structure': {}}, 'players': [{'name': 'b11902155', 'uuid': 'fksfeftaxteyujtxflwmpr', 'stack': 2000, 'state': 'participating'}, {'name': 'b11902145', 'uuid': 'vtholevqdbzbljmnvogdef', 'stack': 0, 'state': 'folded'}]}
Final Result: b11902145 won 3 games (stack: 5055), b11902155 won 2 games (stack: 4945), num ties: 0
