community cards of this round: ['D2', 'C8', 'SA', 'C5', 'C9']
name: b10902070, hole_card: ['H3', 'DQ']
name: b11902009, hole_card: ['H7', 'HA']
Started the round 1
Street "preflop" started. (community card = [])
name: b10902070, hole_card: ['H3', 'DQ']
name: b11902009, hole_card: ['H7', 'HA']
"b11902009" declared "raise:45"
name: b10902070, hole_card: ['H3', 'DQ']
name: b11902009, hole_card: ['H7', 'HA']
"b10902070" declared "fold:0"
"['b11902009']" won the round 1 (stack = {'b10902070': 990, 'b11902009': 1010})
community cards of this round: ['H8', 'H4', 'CA', 'S6', 'DT']
name: b10902070, hole_card: ['H3', 'C4']
name: b11902009, hole_card: ['D8', 'DJ']
Started the round 2
Street "preflop" started. (community card = [])
name: b10902070, hole_card: ['H3', 'C4']
name: b11902009, hole_card: ['D8', 'DJ']
"b10902070" declared "raise:30"
name: b10902070, hole_card: ['H3', 'C4']
name: b11902009, hole_card: ['D8', 'DJ']
"b11902009" declared "raise:150"
name: b10902070, hole_card: ['H3', 'C4']
name: b11902009, hole_card: ['D8', 'DJ']
"b10902070" declared "fold:0"
"['b11902009']" won the round 2 (stack = {'b10902070': 960, 'b11902009': 1040})
community cards of this round: ['S7', 'ST', 'H7', 'SK', 'CA']
name: b10902070, hole_card: ['H4', 'H5']
name: b11902009, hole_card: ['HK', 'C3']
Started the round 3
Street "preflop" started. (community card = [])
name: b10902070, hole_card: ['H4', 'H5']
name: b11902009, hole_card: ['HK', 'C3']
"b11902009" declared "call:10"
name: b10902070, hole_card: ['H4', 'H5']
name: b11902009, hole_card: ['HK', 'C3']
"b10902070" declared "call:10"
Street "flop" started. (community card = ['S7', 'ST', 'H7'])
name: b10902070, hole_card: ['H4', 'H5']
name: b11902009, hole_card: ['HK', 'C3']
"b11902009" declared "call:0"
name: b10902070, hole_card: ['H4', 'H5']
name: b11902009, hole_card: ['HK', 'C3']
"b10902070" declared "call:0"
Street "turn" started. (community card = ['S7', 'ST', 'H7', 'SK'])
name: b10902070, hole_card: ['H4', 'H5']
name: b11902009, hole_card: ['HK', 'C3']
"b11902009" declared "raise:20"
name: b10902070, hole_card: ['H4', 'H5']
name: b11902009, hole_card: ['HK', 'C3']
"b10902070" declared "fold:0"
"['b11902009']" won the round 3 (stack = {'b10902070': 950, 'b11902009': 1050})
community cards of this round: ['D3', 'C3', 'H8', 'D5', 'HQ']
name: b10902070, hole_card: ['CK', 'HA']
name: b11902009, hole_card: ['H2', 'C6']
Started the round 4
Street "preflop" started. (community card = [])
name: b10902070, hole_card: ['CK', 'HA']
name: b11902009, hole_card: ['H2', 'C6']
"b10902070" declared "raise:30"
name: b10902070, hole_card: ['CK', 'HA']
name: b11902009, hole_card: ['H2', 'C6']
"b11902009" declared "fold:0"
"['b10902070']" won the round 4 (stack = {'b10902070': 960, 'b11902009': 1040})
community cards of this round: ['D2', 'H9', 'D9', 'H4', 'H7']
name: b10902070, hole_card: ['SJ', 'C9']
name: b11902009, hole_card: ['DK', 'H8']
Started the round 5
Street "preflop" started. (community card = [])
name: b10902070, hole_card: ['SJ', 'C9']
name: b11902009, hole_card: ['DK', 'H8']
"b11902009" declared "raise:30"
name: b10902070, hole_card: ['SJ', 'C9']
name: b11902009, hole_card: ['DK', 'H8']
"b10902070" declared "fold:0"
"['b11902009']" won the round 5 (stack = {'b10902070': 950, 'b11902009': 1050})
community cards of this round: ['S9', 'C3', 'CJ', 'D6', 'DQ']
name: b10902070, hole_card: ['H3', 'S2']
name: b11902009, hole_card: ['CT', 'D4']
Started the round 6
Street "preflop" started. (community card = [])
name: b10902070, hole_card: ['H3', 'S2']
name: b11902009, hole_card: ['CT', 'D4']
"b10902070" declared "raise:30"
name: b10902070, hole_card: ['H3', 'S2']
name: b11902009, hole_card: ['CT', 'D4']
"b11902009" declared "fold:0"
"['b10902070']" won the round 6 (stack = {'b10902070': 960, 'b11902009': 1040})
community cards of this round: ['S8', 'DK', 'DT', 'SQ', 'HJ']
name: b10902070, hole_card: ['C9', 'S2']
name: b11902009, hole_card: ['C7', 'D3']
Started the round 7
Street "preflop" started. (community card = [])
name: b10902070, hole_card: ['C9', 'S2']
name: b11902009, hole_card: ['C7', 'D3']
"b11902009" declared "fold:0"
"['b10902070']" won the round 7 (stack = {'b10902070': 965, 'b11902009': 1035})
community cards of this round: ['SJ', 'C7', 'D6', 'DA', 'D3']
name: b10902070, hole_card: ['H3', 'SQ']
name: b11902009, hole_card: ['S4', 'D4']
Started the round 8
Street "preflop" started. (community card = [])
name: b10902070, hole_card: ['H3', 'SQ']
name: b11902009, hole_card: ['S4', 'D4']
"b10902070" declared "raise:30"
name: b10902070, hole_card: ['H3', 'SQ']
name: b11902009, hole_card: ['S4', 'D4']
"b11902009" declared "raise:150"
name: b10902070, hole_card: ['H3', 'SQ']
name: b11902009, hole_card: ['S4', 'D4']
"b10902070" declared "fold:0"
"['b11902009']" won the round 8 (stack = {'b10902070': 935, 'b11902009': 1065})
community cards of this round: ['SJ', 'H3', 'CJ', 'SA', 'S5']
name: b10902070, hole_card: ['H8', 'D4']
name: b11902009, hole_card: ['CA', 'SQ']
Started the round 9
Street "preflop" started. (community card = [])
name: b10902070, hole_card: ['H8', 'D4']
name: b11902009, hole_card: ['CA', 'SQ']
"b11902009" declared "raise:30"
name: b10902070, hole_card: ['H8', 'D4']
name: b11902009, hole_card: ['CA', 'SQ']
"b10902070" declared "call:30"
Street "flop" started. (community card = ['SJ', 'H3', 'CJ'])
name: b10902070, hole_card: ['H8', 'D4']
name: b11902009, hole_card: ['CA', 'SQ']
"b11902009" declared "raise:274.45"
name: b10902070, hole_card: ['H8', 'D4']
name: b11902009, hole_card: ['CA', 'SQ']
"b10902070" declared "raise:905"
name: b10902070, hole_card: ['H8', 'D4']
name: b11902009, hole_card: ['CA', 'SQ']
"b11902009" declared "call:905"
Street "turn" started. (community card = ['SJ', 'H3', 'CJ', 'SA'])
Street "river" started. (community card = ['SJ', 'H3', 'CJ', 'SA', 'S5'])
"['b11902009']" won the round 9 (stack = {'b10902070': 0, 'b11902009': 2000.0})
b11902009 vs b10902070 - Game 1: {'rule': {'initial_stack': 1000, 'max_round': 20, 'small_blind_amount': 5, 'ante': 0, 'blind_structure': {}}, 'players': [{'name': 'b10902070', 'uuid': 'bneqlgbihabbadbevuesdw', 'stack': 0, 'state': 'folded'}, {'name': 'b11902009', 'uuid': 'uehvrkbfysjotvdlcfubue', 'stack': 2000.0, 'state': 'participating'}]}
community cards of this round: ['D2', 'C8', 'SA', 'C5', 'C9']
name: b11902009, hole_card: ['H3', 'DQ']
name: b10902070, hole_card: ['H7', 'HA']
Started the round 1
Street "preflop" started. (community card = [])
name: b11902009, hole_card: ['H3', 'DQ']
name: b10902070, hole_card: ['H7', 'HA']
"b10902070" declared "raise:30"
name: b11902009, hole_card: ['H3', 'DQ']
name: b10902070, hole_card: ['H7', 'HA']
"b11902009" declared "fold:0"
"['b10902070']" won the round 1 (stack = {'b11902009': 990, 'b10902070': 1010})
community cards of this round: ['H8', 'H4', 'CA', 'S6', 'DT']
name: b11902009, hole_card: ['H3', 'C4']
name: b10902070, hole_card: ['D8', 'DJ']
Started the round 2
Street "preflop" started. (community card = [])
name: b11902009, hole_card: ['H3', 'C4']
name: b10902070, hole_card: ['D8', 'DJ']
"b11902009" declared "fold:0"
"['b10902070']" won the round 2 (stack = {'b11902009': 985, 'b10902070': 1015})
community cards of this round: ['S7', 'ST', 'H7', 'SK', 'CA']
name: b11902009, hole_card: ['H4', 'H5']
name: b10902070, hole_card: ['HK', 'C3']
Started the round 3
Street "preflop" started. (community card = [])
name: b11902009, hole_card: ['H4', 'H5']
name: b10902070, hole_card: ['HK', 'C3']
"b10902070" declared "call:10"
name: b11902009, hole_card: ['H4', 'H5']
name: b10902070, hole_card: ['HK', 'C3']
"b11902009" declared "call:10"
Street "flop" started. (community card = ['S7', 'ST', 'H7'])
name: b11902009, hole_card: ['H4', 'H5']
name: b10902070, hole_card: ['HK', 'C3']
"b10902070" declared "call:0"
name: b11902009, hole_card: ['H4', 'H5']
name: b10902070, hole_card: ['HK', 'C3']
"b11902009" declared "call:0"
Street "turn" started. (community card = ['S7', 'ST', 'H7', 'SK'])
name: b11902009, hole_card: ['H4', 'H5']
name: b10902070, hole_card: ['HK', 'C3']
"b10902070" declared "call:0"
name: b11902009, hole_card: ['H4', 'H5']
name: b10902070, hole_card: ['HK', 'C3']
"b11902009" declared "call:0"
Street "river" started. (community card = ['S7', 'ST', 'H7', 'SK', 'CA'])
name: b11902009, hole_card: ['H4', 'H5']
name: b10902070, hole_card: ['HK', 'C3']
"b10902070" declared "call:0"
name: b11902009, hole_card: ['H4', 'H5']
name: b10902070, hole_card: ['HK', 'C3']
"b11902009" declared "call:0"
"['b10902070']" won the round 3 (stack = {'b11902009': 975, 'b10902070': 1025})
community cards of this round: ['D3', 'C3', 'H8', 'D5', 'HQ']
name: b11902009, hole_card: ['CK', 'HA']
name: b10902070, hole_card: ['H2', 'C6']
Started the round 4
Street "preflop" started. (community card = [])
name: b11902009, hole_card: ['CK', 'HA']
name: b10902070, hole_card: ['H2', 'C6']
"b11902009" declared "call:10"
name: b11902009, hole_card: ['CK', 'HA']
name: b10902070, hole_card: ['H2', 'C6']
"b10902070" declared "call:10"
Street "flop" started. (community card = ['D3', 'C3', 'H8'])
name: b11902009, hole_card: ['CK', 'HA']
name: b10902070, hole_card: ['H2', 'C6']
"b11902009" declared "raise:229.64999999999998"
name: b11902009, hole_card: ['CK', 'HA']
name: b10902070, hole_card: ['H2', 'C6']
"b10902070" declared "fold:0"
"['b11902009']" won the round 4 (stack = {'b11902009': 984.35, 'b10902070': 1015})
community cards of this round: ['D2', 'H9', 'D9', 'H4', 'H7']
name: b11902009, hole_card: ['SJ', 'C9']
name: b10902070, hole_card: ['DK', 'H8']
Started the round 5
Street "preflop" started. (community card = [])
name: b11902009, hole_card: ['SJ', 'C9']
name: b10902070, hole_card: ['DK', 'H8']
"b10902070" declared "raise:30"
name: b11902009, hole_card: ['SJ', 'C9']
name: b10902070, hole_card: ['DK', 'H8']
"b11902009" declared "raise:150"
name: b11902009, hole_card: ['SJ', 'C9']
name: b10902070, hole_card: ['DK', 'H8']
"b10902070" declared "fold:0"
"['b11902009']" won the round 5 (stack = {'b11902009': 1014.35, 'b10902070': 985})
community cards of this round: ['S9', 'C3', 'CJ', 'D6', 'DQ']
name: b11902009, hole_card: ['H3', 'S2']
name: b10902070, hole_card: ['CT', 'D4']
Started the round 6
Street "preflop" started. (community card = [])
name: b11902009, hole_card: ['H3', 'S2']
name: b10902070, hole_card: ['CT', 'D4']
"b11902009" declared "fold:0"
"['b10902070']" won the round 6 (stack = {'b11902009': 1009.35, 'b10902070': 990})
community cards of this round: ['S8', 'DK', 'DT', 'SQ', 'HJ']
name: b11902009, hole_card: ['C9', 'S2']
name: b10902070, hole_card: ['C7', 'D3']
Started the round 7
Street "preflop" started. (community card = [])
name: b11902009, hole_card: ['C9', 'S2']
name: b10902070, hole_card: ['C7', 'D3']
"b10902070" declared "raise:30"
name: b11902009, hole_card: ['C9', 'S2']
name: b10902070, hole_card: ['C7', 'D3']
"b11902009" declared "fold:0"
"['b10902070']" won the round 7 (stack = {'b11902009': 999.35, 'b10902070': 1000})
community cards of this round: ['SJ', 'C7', 'D6', 'DA', 'D3']
name: b11902009, hole_card: ['H3', 'SQ']
name: b10902070, hole_card: ['S4', 'D4']
Started the round 8
Street "preflop" started. (community card = [])
name: b11902009, hole_card: ['H3', 'SQ']
name: b10902070, hole_card: ['S4', 'D4']
"b11902009" declared "fold:0"
"['b10902070']" won the round 8 (stack = {'b11902009': 994.35, 'b10902070': 1005})
community cards of this round: ['SJ', 'H3', 'CJ', 'SA', 'S5']
name: b11902009, hole_card: ['H8', 'D4']
name: b10902070, hole_card: ['CA', 'SQ']
Started the round 9
Street "preflop" started. (community card = [])
name: b11902009, hole_card: ['H8', 'D4']
name: b10902070, hole_card: ['CA', 'SQ']
"b10902070" declared "raise:30"
name: b11902009, hole_card: ['H8', 'D4']
name: b10902070, hole_card: ['CA', 'SQ']
"b11902009" declared "fold:0"
"['b10902070']" won the round 9 (stack = {'b11902009': 984.35, 'b10902070': 1015})
community cards of this round: ['S8', 'H7', 'ST', 'D6', 'S9']
name: b11902009, hole_card: ['DQ', 'DA']
name: b10902070, hole_card: ['CK', 'C8']
Started the round 10
Street "preflop" started. (community card = [])
name: b11902009, hole_card: ['DQ', 'DA']
name: b10902070, hole_card: ['CK', 'C8']
"b11902009" declared "raise:45"
name: b11902009, hole_card: ['DQ', 'DA']
name: b10902070, hole_card: ['CK', 'C8']
"b10902070" declared "fold:0"
"['b11902009']" won the round 10 (stack = {'b11902009': 994.35, 'b10902070': 1005})
community cards of this round: ['H9', 'SQ', 'S2', 'D8', 'C5']
name: b11902009, hole_card: ['C3', 'S9']
name: b10902070, hole_card: ['ST', 'D7']
Started the round 11
Street "preflop" started. (community card = [])
name: b11902009, hole_card: ['C3', 'S9']
name: b10902070, hole_card: ['ST', 'D7']
"b10902070" declared "raise:30"
name: b11902009, hole_card: ['C3', 'S9']
name: b10902070, hole_card: ['ST', 'D7']
"b11902009" declared "fold:0"
"['b10902070']" won the round 11 (stack = {'b11902009': 984.35, 'b10902070': 1015})
community cards of this round: ['HK', 'H7', 'D7', 'H5', 'ST']
name: b11902009, hole_card: ['C8', 'S4']
name: b10902070, hole_card: ['S5', 'DT']
Started the round 12
Street "preflop" started. (community card = [])
name: b11902009, hole_card: ['C8', 'S4']
name: b10902070, hole_card: ['S5', 'DT']
"b11902009" declared "fold:0"
"['b10902070']" won the round 12 (stack = {'b11902009': 979.35, 'b10902070': 1020})
community cards of this round: ['C4', 'D7', 'SJ', 'S3', 'SQ']
name: b11902009, hole_card: ['CA', 'SK']
name: b10902070, hole_card: ['H8', 'CJ']
Started the round 13
Street "preflop" started. (community card = [])
name: b11902009, hole_card: ['CA', 'SK']
name: b10902070, hole_card: ['H8', 'CJ']
"b10902070" declared "call:10"
name: b11902009, hole_card: ['CA', 'SK']
name: b10902070, hole_card: ['H8', 'CJ']
"b11902009" declared "call:10"
Street "flop" started. (community card = ['C4', 'D7', 'SJ'])
name: b11902009, hole_card: ['CA', 'SK']
name: b10902070, hole_card: ['H8', 'CJ']
"b10902070" declared "raise:15.5761316872428"
name: b11902009, hole_card: ['CA', 'SK']
name: b10902070, hole_card: ['H8', 'CJ']
"b11902009" declared "raise:109.96087325102887"
name: b11902009, hole_card: ['CA', 'SK']
name: b10902070, hole_card: ['H8', 'CJ']
"b10902070" declared "fold:0"
"['b11902009']" won the round 13 (stack = {'b11902009': 1004.3891267489712, 'b10902070': 994.4238683127572})
community cards of this round: ['D4', 'CT', 'SA', 'HK', 'D3']
name: b11902009, hole_card: ['SQ', 'C5']
name: b10902070, hole_card: ['CJ', 'C2']
Started the round 14
Street "preflop" started. (community card = [])
name: b11902009, hole_card: ['SQ', 'C5']
name: b10902070, hole_card: ['CJ', 'C2']
"b11902009" declared "fold:0"
"['b10902070']" won the round 14 (stack = {'b11902009': 999.3891267489712, 'b10902070': 999.4238683127572})
community cards of this round: ['CK', 'C4', 'CA', 'C6', 'H4']
name: b11902009, hole_card: ['C9', 'C5']
name: b10902070, hole_card: ['HK', 'S4']
Started the round 15
Street "preflop" started. (community card = [])
name: b11902009, hole_card: ['C9', 'C5']
name: b10902070, hole_card: ['HK', 'S4']
"b10902070" declared "raise:30"
name: b11902009, hole_card: ['C9', 'C5']
name: b10902070, hole_card: ['HK', 'S4']
"b11902009" declared "call:30"
Street "flop" started. (community card = ['CK', 'C4', 'CA'])
name: b11902009, hole_card: ['C9', 'C5']
name: b10902070, hole_card: ['HK', 'S4']
"b10902070" declared "raise:969.4238683127572"
name: b11902009, hole_card: ['C9', 'C5']
name: b10902070, hole_card: ['HK', 'S4']
"b11902009" declared "call:969.4238683127572"
Street "turn" started. (community card = ['CK', 'C4', 'CA', 'C6'])
Street "river" started. (community card = ['CK', 'C4', 'CA', 'C6', 'H4'])
"['b10902070']" won the round 15 (stack = {'b11902009': 0.0, 'b10902070': 1998.0})
b11902009 vs b10902070 - Game 2: {'rule': {'initial_stack': 1000, 'max_round': 20, 'small_blind_amount': 5, 'ante': 0, 'blind_structure': {}}, 'players': [{'name': 'b11902009', 'uuid': 'rmgkggvqqsxysolueoqfrt', 'stack': 0, 'state': 'folded'}, {'name': 'b10902070', 'uuid': 'uebwrwiiuyofjlpujnnkdf', 'stack': 1998.0, 'state': 'participating'}]}
community cards of this round: ['H2', 'CA', 'HK', 'D7', 'S7']
name: b10902070, hole_card: ['DQ', 'D2']
name: b11902009, hole_card: ['C4', 'H5']
Started the round 1
Street "preflop" started. (community card = [])
name: b10902070, hole_card: ['DQ', 'D2']
name: b11902009, hole_card: ['C4', 'H5']
"b11902009" declared "call:10"
name: b10902070, hole_card: ['DQ', 'D2']
name: b11902009, hole_card: ['C4', 'H5']
"b10902070" declared "call:10"
Street "flop" started. (community card = ['H2', 'CA', 'HK'])
name: b10902070, hole_card: ['DQ', 'D2']
name: b11902009, hole_card: ['C4', 'H5']
"b11902009" declared "fold:0"
"['b10902070']" won the round 1 (stack = {'b10902070': 1010, 'b11902009': 990})
community cards of this round: ['DJ', 'H3', 'S8', 'S4', 'SA']
name: b10902070, hole_card: ['HQ', 'C6']
name: b11902009, hole_card: ['DA', 'CT']
Started the round 2
Street "preflop" started. (community card = [])
name: b10902070, hole_card: ['HQ', 'C6']
name: b11902009, hole_card: ['DA', 'CT']
"b10902070" declared "call:10"
name: b10902070, hole_card: ['HQ', 'C6']
name: b11902009, hole_card: ['DA', 'CT']
"b11902009" declared "call:10"
Street "flop" started. (community card = ['DJ', 'H3', 'S8'])
name: b10902070, hole_card: ['HQ', 'C6']
name: b11902009, hole_card: ['DA', 'CT']
"b10902070" declared "call:0"
name: b10902070, hole_card: ['HQ', 'C6']
name: b11902009, hole_card: ['DA', 'CT']
"b11902009" declared "call:0"
Street "turn" started. (community card = ['DJ', 'H3', 'S8', 'S4'])
name: b10902070, hole_card: ['HQ', 'C6']
name: b11902009, hole_card: ['DA', 'CT']
"b10902070" declared "call:0"
name: b10902070, hole_card: ['HQ', 'C6']
name: b11902009, hole_card: ['DA', 'CT']
"b11902009" declared "call:0"
Street "river" started. (community card = ['DJ', 'H3', 'S8', 'S4', 'SA'])
name: b10902070, hole_card: ['HQ', 'C6']
name: b11902009, hole_card: ['DA', 'CT']
"b10902070" declared "call:0"
name: b10902070, hole_card: ['HQ', 'C6']
name: b11902009, hole_card: ['DA', 'CT']
"b11902009" declared "raise:10"
name: b10902070, hole_card: ['HQ', 'C6']
name: b11902009, hole_card: ['DA', 'CT']
"b10902070" declared "fold:0"
"['b11902009']" won the round 2 (stack = {'b10902070': 1000, 'b11902009': 1000})
community cards of this round: ['H5', 'C9', 'D7', 'SA', 'S4']
name: b10902070, hole_card: ['H8', 'H6']
name: b11902009, hole_card: ['SJ', 'S6']
Started the round 3
Street "preflop" started. (community card = [])
name: b10902070, hole_card: ['H8', 'H6']
name: b11902009, hole_card: ['SJ', 'S6']
"b11902009" declared "raise:45"
name: b10902070, hole_card: ['H8', 'H6']
name: b11902009, hole_card: ['SJ', 'S6']
"b10902070" declared "fold:0"
"['b11902009']" won the round 3 (stack = {'b10902070': 990, 'b11902009': 1010})
community cards of this round: ['C2', 'C5', 'H6', 'H2', 'H9']
name: b10902070, hole_card: ['H4', 'CA']
name: b11902009, hole_card: ['S8', 'HK']
Started the round 4
Street "preflop" started. (community card = [])
name: b10902070, hole_card: ['H4', 'CA']
name: b11902009, hole_card: ['S8', 'HK']
"b10902070" declared "raise:30"
name: b10902070, hole_card: ['H4', 'CA']
name: b11902009, hole_card: ['S8', 'HK']
"b11902009" declared "call:30"
Street "flop" started. (community card = ['C2', 'C5', 'H6'])
name: b10902070, hole_card: ['H4', 'CA']
name: b11902009, hole_card: ['S8', 'HK']
"b10902070" declared "raise:14.691358024691356"
name: b10902070, hole_card: ['H4', 'CA']
name: b11902009, hole_card: ['S8', 'HK']
"b11902009" declared "call:14.691358024691356"
Street "turn" started. (community card = ['C2', 'C5', 'H6', 'H2'])
name: b10902070, hole_card: ['H4', 'CA']
name: b11902009, hole_card: ['S8', 'HK']
"b10902070" declared "raise:20.741922145430912"
name: b10902070, hole_card: ['H4', 'CA']
name: b11902009, hole_card: ['S8', 'HK']
"b11902009" declared "call:20.741922145430912"
Street "river" started. (community card = ['C2', 'C5', 'H6', 'H2', 'H9'])
name: b10902070, hole_card: ['H4', 'CA']
name: b11902009, hole_card: ['S8', 'HK']
"b10902070" declared "call:0"
name: b10902070, hole_card: ['H4', 'CA']
name: b11902009, hole_card: ['S8', 'HK']
"b11902009" declared "call:0"
"['b10902070']" won the round 4 (stack = {'b10902070': 1054.566719829878, 'b11902009': 944.5667198298778})
community cards of this round: ['H9', 'SK', 'D7', 'DA', 'C4']
name: b10902070, hole_card: ['S2', 'SQ']
name: b11902009, hole_card: ['HT', 'HJ']
Started the round 5
Street "preflop" started. (community card = [])
name: b10902070, hole_card: ['S2', 'SQ']
name: b11902009, hole_card: ['HT', 'HJ']
"b11902009" declared "raise:45"
name: b10902070, hole_card: ['S2', 'SQ']
name: b11902009, hole_card: ['HT', 'HJ']
"b10902070" declared "fold:0"
"['b11902009']" won the round 5 (stack = {'b10902070': 1044.566719829878, 'b11902009': 954.5667198298778})
community cards of this round: ['H8', 'DA', 'HK', 'DK', 'CA']
name: b10902070, hole_card: ['CT', 'SK']
name: b11902009, hole_card: ['S2', 'H2']
Started the round 6
Street "preflop" started. (community card = [])
name: b10902070, hole_card: ['CT', 'SK']
name: b11902009, hole_card: ['S2', 'H2']
"b10902070" declared "raise:30"
name: b10902070, hole_card: ['CT', 'SK']
name: b11902009, hole_card: ['S2', 'H2']
"b11902009" declared "raise:150"
name: b10902070, hole_card: ['CT', 'SK']
name: b11902009, hole_card: ['S2', 'H2']
"b10902070" declared "fold:0"
"['b11902009']" won the round 6 (stack = {'b10902070': 1014.5667198298779, 'b11902009': 984.5667198298778})
community cards of this round: ['D8', 'SK', 'D2', 'C4', 'H4']
name: b10902070, hole_card: ['S3', 'DK']
name: b11902009, hole_card: ['H7', 'HJ']
Started the round 7
Street "preflop" started. (community card = [])
name: b10902070, hole_card: ['S3', 'DK']
name: b11902009, hole_card: ['H7', 'HJ']
"b11902009" declared "raise:45"
name: b10902070, hole_card: ['S3', 'DK']
name: b11902009, hole_card: ['H7', 'HJ']
"b10902070" declared "fold:0"
"['b11902009']" won the round 7 (stack = {'b10902070': 1004.5667198298779, 'b11902009': 994.5667198298778})
community cards of this round: ['H6', 'C8', 'C9', 'H4', 'H2']
name: b10902070, hole_card: ['DT', 'SK']
name: b11902009, hole_card: ['D6', 'C2']
Started the round 8
Street "preflop" started. (community card = [])
name: b10902070, hole_card: ['DT', 'SK']
name: b11902009, hole_card: ['D6', 'C2']
"b10902070" declared "raise:30"
name: b10902070, hole_card: ['DT', 'SK']
name: b11902009, hole_card: ['D6', 'C2']
"b11902009" declared "fold:0"
"['b10902070']" won the round 8 (stack = {'b10902070': 1014.5667198298779, 'b11902009': 984.5667198298778})
community cards of this round: ['C4', 'S2', 'D2', 'ST', 'C3']
name: b10902070, hole_card: ['S8', 'C7']
name: b11902009, hole_card: ['C6', 'S5']
Started the round 9
Street "preflop" started. (community card = [])
name: b10902070, hole_card: ['S8', 'C7']
name: b11902009, hole_card: ['C6', 'S5']
"b11902009" declared "call:10"
name: b10902070, hole_card: ['S8', 'C7']
name: b11902009, hole_card: ['C6', 'S5']
"b10902070" declared "call:10"
Street "flop" started. (community card = ['C4', 'S2', 'D2'])
name: b10902070, hole_card: ['S8', 'C7']
name: b11902009, hole_card: ['C6', 'S5']
"b11902009" declared "call:0"
name: b10902070, hole_card: ['S8', 'C7']
name: b11902009, hole_card: ['C6', 'S5']
"b10902070" declared "call:0"
Street "turn" started. (community card = ['C4', 'S2', 'D2', 'ST'])
name: b10902070, hole_card: ['S8', 'C7']
name: b11902009, hole_card: ['C6', 'S5']
"b11902009" declared "fold:0"
"['b10902070']" won the round 9 (stack = {'b10902070': 1024.566719829878, 'b11902009': 974.5667198298778})
community cards of this round: ['H5', 'SA', 'D6', 'ST', 'H6']
name: b10902070, hole_card: ['S6', 'SK']
name: b11902009, hole_card: ['S7', 'HJ']
Started the round 10
Street "preflop" started. (community card = [])
name: b10902070, hole_card: ['S6', 'SK']
name: b11902009, hole_card: ['S7', 'HJ']
"b10902070" declared "raise:30"
name: b10902070, hole_card: ['S6', 'SK']
name: b11902009, hole_card: ['S7', 'HJ']
"b11902009" declared "fold:0"
"['b10902070']" won the round 10 (stack = {'b10902070': 1034.566719829878, 'b11902009': 964.5667198298778})
community cards of this round: ['C7', 'C2', 'D3', 'HQ', 'H4']
name: b10902070, hole_card: ['SK', 'HT']
name: b11902009, hole_card: ['H6', 'D5']
Started the round 11
Street "preflop" started. (community card = [])
name: b10902070, hole_card: ['SK', 'HT']
name: b11902009, hole_card: ['H6', 'D5']
"b11902009" declared "call:10"
name: b10902070, hole_card: ['SK', 'HT']
name: b11902009, hole_card: ['H6', 'D5']
"b10902070" declared "call:10"
Street "flop" started. (community card = ['C7', 'C2', 'D3'])
name: b10902070, hole_card: ['SK', 'HT']
name: b11902009, hole_card: ['H6', 'D5']
"b11902009" declared "call:0"
name: b10902070, hole_card: ['SK', 'HT']
name: b11902009, hole_card: ['H6', 'D5']
"b10902070" declared "call:0"
Street "turn" started. (community card = ['C7', 'C2', 'D3', 'HQ'])
name: b10902070, hole_card: ['SK', 'HT']
name: b11902009, hole_card: ['H6', 'D5']
"b11902009" declared "fold:0"
"['b10902070']" won the round 11 (stack = {'b10902070': 1044.566719829878, 'b11902009': 954.5667198298778})
community cards of this round: ['D7', 'S9', 'S5', 'CK', 'S8']
name: b10902070, hole_card: ['SJ', 'D4']
name: b11902009, hole_card: ['HT', 'D2']
Started the round 12
Street "preflop" started. (community card = [])
name: b10902070, hole_card: ['SJ', 'D4']
name: b11902009, hole_card: ['HT', 'D2']
"b10902070" declared "raise:30"
name: b10902070, hole_card: ['SJ', 'D4']
name: b11902009, hole_card: ['HT', 'D2']
"b11902009" declared "fold:0"
"['b10902070']" won the round 12 (stack = {'b10902070': 1054.566719829878, 'b11902009': 944.5667198298778})
community cards of this round: ['HA', 'HQ', 'SK', 'C7', 'CQ']
name: b10902070, hole_card: ['S4', 'SQ']
name: b11902009, hole_card: ['H5', 'H4']
Started the round 13
Street "preflop" started. (community card = [])
name: b10902070, hole_card: ['S4', 'SQ']
name: b11902009, hole_card: ['H5', 'H4']
"b11902009" declared "raise:45"
name: b10902070, hole_card: ['S4', 'SQ']
name: b11902009, hole_card: ['H5', 'H4']
"b10902070" declared "fold:0"
"['b11902009']" won the round 13 (stack = {'b10902070': 1044.566719829878, 'b11902009': 954.5667198298778})
community cards of this round: ['D5', 'SQ', 'S8', 'CQ', 'C3']
name: b10902070, hole_card: ['H5', 'S9']
name: b11902009, hole_card: ['D7', 'HQ']
Started the round 14
Street "preflop" started. (community card = [])
name: b10902070, hole_card: ['H5', 'S9']
name: b11902009, hole_card: ['D7', 'HQ']
"b10902070" declared "raise:30"
name: b10902070, hole_card: ['H5', 'S9']
name: b11902009, hole_card: ['D7', 'HQ']
"b11902009" declared "fold:0"
"['b10902070']" won the round 14 (stack = {'b10902070': 1054.566719829878, 'b11902009': 944.5667198298778})
community cards of this round: ['CK', 'S4', 'CT', 'S8', 'S6']
name: b10902070, hole_card: ['S3', 'C9']
name: b11902009, hole_card: ['C3', 'DJ']
Started the round 15
Street "preflop" started. (community card = [])
name: b10902070, hole_card: ['S3', 'C9']
name: b11902009, hole_card: ['C3', 'DJ']
"b11902009" declared "fold:0"
"['b10902070']" won the round 15 (stack = {'b10902070': 1059.566719829878, 'b11902009': 939.5667198298778})
community cards of this round: ['D5', 'S4', 'C4', 'HK', 'DJ']
name: b10902070, hole_card: ['H3', 'H9']
name: b11902009, hole_card: ['D6', 'HQ']
Started the round 16
Street "preflop" started. (community card = [])
name: b10902070, hole_card: ['H3', 'H9']
name: b11902009, hole_card: ['D6', 'HQ']
"b10902070" declared "fold:0"
"['b11902009']" won the round 16 (stack = {'b10902070': 1054.566719829878, 'b11902009': 944.5667198298778})
community cards of this round: ['D8', 'H8', 'S2', 'H2', 'H7']
name: b10902070, hole_card: ['C6', 'SJ']
name: b11902009, hole_card: ['S9', 'DT']
Started the round 17
Street "preflop" started. (community card = [])
name: b10902070, hole_card: ['C6', 'SJ']
name: b11902009, hole_card: ['S9', 'DT']
"b11902009" declared "raise:944.5667198298778"
name: b10902070, hole_card: ['C6', 'SJ']
name: b11902009, hole_card: ['S9', 'DT']
"b10902070" declared "fold:0"
"['b11902009']" won the round 17 (stack = {'b10902070': 1044.566719829878, 'b11902009': 954.0})
community cards of this round: ['SA', 'D8', 'SQ', 'C8', 'D6']
name: b10902070, hole_card: ['D2', 'C2']
name: b11902009, hole_card: ['HK', 'C7']
Started the round 18
Street "preflop" started. (community card = [])
name: b10902070, hole_card: ['D2', 'C2']
name: b11902009, hole_card: ['HK', 'C7']
"b10902070" declared "fold:0"
"['b11902009']" won the round 18 (stack = {'b10902070': 1039.566719829878, 'b11902009': 959.0})
community cards of this round: ['H2', 'CQ', 'DK', 'DQ', 'C5']
name: b10902070, hole_card: ['DT', 'S9']
name: b11902009, hole_card: ['H6', 'D2']
Started the round 19
Street "preflop" started. (community card = [])
name: b10902070, hole_card: ['DT', 'S9']
name: b11902009, hole_card: ['H6', 'D2']
"b11902009" declared "raise:15"
name: b10902070, hole_card: ['DT', 'S9']
name: b11902009, hole_card: ['H6', 'D2']
"b10902070" declared "fold:0"
"['b11902009']" won the round 19 (stack = {'b10902070': 1029.566719829878, 'b11902009': 969.0})
community cards of this round: ['D3', 'D5', 'SA', 'DT', 'D8']
name: b10902070, hole_card: ['C5', 'C7']
name: b11902009, hole_card: ['HT', 'C3']
Started the round 20
Street "preflop" started. (community card = [])
name: b10902070, hole_card: ['C5', 'C7']
name: b11902009, hole_card: ['HT', 'C3']
"b10902070" declared "fold:0"
"['b11902009']" won the round 20 (stack = {'b10902070': 1024.566719829878, 'b11902009': 974.0})
b11902009 vs b10902070 - Game 3: {'rule': {'initial_stack': 1000, 'max_round': 20, 'small_blind_amount': 5, 'ante': 0, 'blind_structure': {}}, 'players': [{'name': 'b10902070', 'uuid': 'fcnwbitfptkawnxaxardcy', 'stack': 1024.566719829878, 'state': 'participating'}, {'name': 'b11902009', 'uuid': 'mtqladtrfwszffrelnnzuu', 'stack': 974.0, 'state': 'participating'}]}
community cards of this round: ['H2', 'CA', 'HK', 'D7', 'S7']
name: b11902009, hole_card: ['DQ', 'D2']
name: b10902070, hole_card: ['C4', 'H5']
Started the round 1
Street "preflop" started. (community card = [])
name: b11902009, hole_card: ['DQ', 'D2']
name: b10902070, hole_card: ['C4', 'H5']
"b10902070" declared "raise:30"
name: b11902009, hole_card: ['DQ', 'D2']
name: b10902070, hole_card: ['C4', 'H5']
"b11902009" declared "raise:150"
name: b11902009, hole_card: ['DQ', 'D2']
name: b10902070, hole_card: ['C4', 'H5']
"b10902070" declared "fold:0"
"['b11902009']" won the round 1 (stack = {'b11902009': 1030, 'b10902070': 970})
community cards of this round: ['DJ', 'H3', 'S8', 'S4', 'SA']
name: b11902009, hole_card: ['HQ', 'C6']
name: b10902070, hole_card: ['DA', 'CT']
Started the round 2
Street "preflop" started. (community card = [])
name: b11902009, hole_card: ['HQ', 'C6']
name: b10902070, hole_card: ['DA', 'CT']
"b11902009" declared "fold:0"
"['b10902070']" won the round 2 (stack = {'b11902009': 1025, 'b10902070': 975})
community cards of this round: ['H5', 'C9', 'D7', 'SA', 'S4']
name: b11902009, hole_card: ['H8', 'H6']
name: b10902070, hole_card: ['SJ', 'S6']
Started the round 3
Street "preflop" started. (community card = [])
name: b11902009, hole_card: ['H8', 'H6']
name: b10902070, hole_card: ['SJ', 'S6']
"b10902070" declared "raise:30"
name: b11902009, hole_card: ['H8', 'H6']
name: b10902070, hole_card: ['SJ', 'S6']
"b11902009" declared "raise:150"
name: b11902009, hole_card: ['H8', 'H6']
name: b10902070, hole_card: ['SJ', 'S6']
"b10902070" declared "raise:975"
name: b11902009, hole_card: ['H8', 'H6']
name: b10902070, hole_card: ['SJ', 'S6']
"b11902009" declared "call:975"
Street "flop" started. (community card = ['H5', 'C9', 'D7'])
Street "turn" started. (community card = ['H5', 'C9', 'D7', 'SA'])
Street "river" started. (community card = ['H5', 'C9', 'D7', 'SA', 'S4'])
"['b11902009']" won the round 3 (stack = {'b11902009': 2000, 'b10902070': 0})
b11902009 vs b10902070 - Game 4: {'rule': {'initial_stack': 1000, 'max_round': 20, 'small_blind_amount': 5, 'ante': 0, 'blind_structure': {}}, 'players': [{'name': 'b11902009', 'uuid': 'ensulzgxzoiimwjqrixkfv', 'stack': 2000, 'state': 'participating'}, {'name': 'b10902070', 'uuid': 'umjotrzuyxrkaehgzlapns', 'stack': 0, 'state': 'folded'}]}
community cards of this round: ['D4', 'S5', 'H5', 'S4', 'S6']
name: b10902070, hole_card: ['HQ', 'D5']
name: b11902009, hole_card: ['D7', 'S3']
Started the round 1
Street "preflop" started. (community card = [])
name: b10902070, hole_card: ['HQ', 'D5']
name: b11902009, hole_card: ['D7', 'S3']
"b11902009" declared "fold:0"
"['b10902070']" won the round 1 (stack = {'b10902070': 1005, 'b11902009': 995})
community cards of this round: ['SK', 'DT', 'HT', 'C6', 'S2']
name: b10902070, hole_card: ['H7', 'D9']
name: b11902009, hole_card: ['SA', 'SQ']
Started the round 2
Street "preflop" started. (community card = [])
name: b10902070, hole_card: ['H7', 'D9']
name: b11902009, hole_card: ['SA', 'SQ']
"b10902070" declared "call:10"
name: b10902070, hole_card: ['H7', 'D9']
name: b11902009, hole_card: ['SA', 'SQ']
"b11902009" declared "raise:45"
name: b10902070, hole_card: ['H7', 'D9']
name: b11902009, hole_card: ['SA', 'SQ']
"b10902070" declared "call:45"
Street "flop" started. (community card = ['SK', 'DT', 'HT'])
name: b10902070, hole_card: ['H7', 'D9']
name: b11902009, hole_card: ['SA', 'SQ']
"b10902070" declared "call:0"
name: b10902070, hole_card: ['H7', 'D9']
name: b11902009, hole_card: ['SA', 'SQ']
"b11902009" declared "raise:950"
name: b10902070, hole_card: ['H7', 'D9']
name: b11902009, hole_card: ['SA', 'SQ']
"b10902070" declared "fold:0"
"['b11902009']" won the round 2 (stack = {'b10902070': 960, 'b11902009': 1040})
community cards of this round: ['H5', 'C9', 'S8', 'S3', 'H3']
name: b10902070, hole_card: ['C5', 'HJ']
name: b11902009, hole_card: ['S5', 'SJ']
Started the round 3
Street "preflop" started. (community card = [])
name: b10902070, hole_card: ['C5', 'HJ']
name: b11902009, hole_card: ['S5', 'SJ']
"b11902009" declared "raise:45"
name: b10902070, hole_card: ['C5', 'HJ']
name: b11902009, hole_card: ['S5', 'SJ']
"b10902070" declared "fold:0"
"['b11902009']" won the round 3 (stack = {'b10902070': 950, 'b11902009': 1050})
community cards of this round: ['D5', 'HJ', 'DQ', 'D7', 'S7']
name: b10902070, hole_card: ['DK', 'CA']
name: b11902009, hole_card: ['C2', 'HT']
Started the round 4
Street "preflop" started. (community card = [])
name: b10902070, hole_card: ['DK', 'CA']
name: b11902009, hole_card: ['C2', 'HT']
"b10902070" declared "raise:30"
name: b10902070, hole_card: ['DK', 'CA']
name: b11902009, hole_card: ['C2', 'HT']
"b11902009" declared "fold:0"
"['b10902070']" won the round 4 (stack = {'b10902070': 960, 'b11902009': 1040})
community cards of this round: ['C4', 'H5', 'C9', 'S6', 'H6']
name: b10902070, hole_card: ['HQ', 'HA']
name: b11902009, hole_card: ['DK', 'CK']
Started the round 5
Street "preflop" started. (community card = [])
name: b10902070, hole_card: ['HQ', 'HA']
name: b11902009, hole_card: ['DK', 'CK']
"b11902009" declared "raise:45"
name: b10902070, hole_card: ['HQ', 'HA']
name: b11902009, hole_card: ['DK', 'CK']
"b10902070" declared "call:45"
Street "flop" started. (community card = ['C4', 'H5', 'C9'])
name: b10902070, hole_card: ['HQ', 'HA']
name: b11902009, hole_card: ['DK', 'CK']
"b11902009" declared "raise:20"
name: b10902070, hole_card: ['HQ', 'HA']
name: b11902009, hole_card: ['DK', 'CK']
"b10902070" declared "raise:915"
name: b10902070, hole_card: ['HQ', 'HA']
name: b11902009, hole_card: ['DK', 'CK']
"b11902009" declared "call:915"
Street "turn" started. (community card = ['C4', 'H5', 'C9', 'S6'])
Street "river" started. (community card = ['C4', 'H5', 'C9', 'S6', 'H6'])
"['b11902009']" won the round 5 (stack = {'b10902070': 0, 'b11902009': 2000})
b11902009 vs b10902070 - Game 5: {'rule': {'initial_stack': 1000, 'max_round': 20, 'small_blind_amount': 5, 'ante': 0, 'blind_structure': {}}, 'players': [{'name': 'b10902070', 'uuid': 'xytzwlsrwvotgnyqiugxye', 'stack': 0, 'state': 'folded'}, {'name': 'b11902009', 'uuid': 'regnznvwshaxlqewrtfquq', 'stack': 2000, 'state': 'participating'}]}
Final Result: b11902009 won 2 games (stack: 9022.566719829878), b10902070 won 3 games (stack: 974.0)
