community cards of this round: ['D6', 'DQ', 'C5', 'D8', 'D7']
name: b10902059, hole_card: ['S8', 'HJ']
name: b11902135, hole_card: ['S4', 'H8']
Started the round 1
Street "preflop" started. (community card = [])
name: b10902059, hole_card: ['S8', 'HJ']
name: b11902135, hole_card: ['S4', 'H8']
"b11902135" declared "fold:0"
"['b10902059']" won the round 1 (stack = {'b10902059': 1005, 'b11902135': 995})
community cards of this round: ['D7', 'C4', 'C2', 'HQ', 'D6']
name: b10902059, hole_card: ['SJ', 'S3']
name: b11902135, hole_card: ['CQ', 'D8']
Started the round 2
Street "preflop" started. (community card = [])
name: b10902059, hole_card: ['SJ', 'S3']
name: b11902135, hole_card: ['CQ', 'D8']
"b10902059" declared "raise:1005"
name: b10902059, hole_card: ['SJ', 'S3']
name: b11902135, hole_card: ['CQ', 'D8']
"b11902135" declared "call:1005"
Street "flop" started. (community card = ['D7', 'C4', 'C2'])
Street "turn" started. (community card = ['D7', 'C4', 'C2', 'HQ'])
Street "river" started. (community card = ['D7', 'C4', 'C2', 'HQ', 'D6'])
"['b11902135']" won the round 2 (stack = {'b10902059': 10, 'b11902135': 1990})
community cards of this round: ['ST', 'H9', 'D8', 'D3', 'CJ']
name: b10902059, hole_card: ['C2', 'SK']
name: b11902135, hole_card: ['H5', 'H7']
Started the round 3
Street "preflop" started. (community card = [])
name: b10902059, hole_card: ['C2', 'SK']
name: b11902135, hole_card: ['H5', 'H7']
"b11902135" declared "fold:0"
"['b10902059']" won the round 3 (stack = {'b10902059': 15, 'b11902135': 1985})
community cards of this round: ['S5', 'SJ', 'H4', 'H3', 'D4']
name: b10902059, hole_card: ['SK', 'S4']
name: b11902135, hole_card: ['HA', 'C8']
Started the round 4
Street "preflop" started. (community card = [])
name: b10902059, hole_card: ['SK', 'S4']
name: b11902135, hole_card: ['HA', 'C8']
"b10902059" declared "raise:15"
name: b10902059, hole_card: ['SK', 'S4']
name: b11902135, hole_card: ['HA', 'C8']
"b11902135" declared "fold:0"
"['b10902059']" won the round 4 (stack = {'b10902059': 25, 'b11902135': 1975})
community cards of this round: ['ST', 'SK', 'S4', 'C9', 'C7']
name: b10902059, hole_card: ['HT', 'C8']
name: b11902135, hole_card: ['C4', 'D5']
Started the round 5
Street "preflop" started. (community card = [])
name: b10902059, hole_card: ['HT', 'C8']
name: b11902135, hole_card: ['C4', 'D5']
"b11902135" declared "fold:0"
"['b10902059']" won the round 5 (stack = {'b10902059': 30, 'b11902135': 1970})
community cards of this round: ['S4', 'HA', 'H2', 'DQ', 'SK']
name: b10902059, hole_card: ['SA', 'HK']
name: b11902135, hole_card: ['H5', 'C3']
Started the round 6
Street "preflop" started. (community card = [])
name: b10902059, hole_card: ['SA', 'HK']
name: b11902135, hole_card: ['H5', 'C3']
"b10902059" declared "raise:30"
name: b10902059, hole_card: ['SA', 'HK']
name: b11902135, hole_card: ['H5', 'C3']
"b11902135" declared "fold:0"
"['b10902059']" won the round 6 (stack = {'b10902059': 40, 'b11902135': 1960})
community cards of this round: ['HJ', 'C9', 'H4', 'S6', 'ST']
name: b10902059, hole_card: ['C2', 'D7']
name: b11902135, hole_card: ['S8', 'S2']
Started the round 7
Street "preflop" started. (community card = [])
name: b10902059, hole_card: ['C2', 'D7']
name: b11902135, hole_card: ['S8', 'S2']
"b11902135" declared "fold:0"
"['b10902059']" won the round 7 (stack = {'b10902059': 45, 'b11902135': 1955})
community cards of this round: ['H7', 'H5', 'S6', 'C9', 'CA']
name: b10902059, hole_card: ['S7', 'H2']
name: b11902135, hole_card: ['H8', 'ST']
Started the round 8
Street "preflop" started. (community card = [])
name: b10902059, hole_card: ['S7', 'H2']
name: b11902135, hole_card: ['H8', 'ST']
"b10902059" declared "raise:45"
name: b10902059, hole_card: ['S7', 'H2']
name: b11902135, hole_card: ['H8', 'ST']
"b11902135" declared "fold:0"
"['b10902059']" won the round 8 (stack = {'b10902059': 55, 'b11902135': 1945})
community cards of this round: ['DA', 'H8', 'D5', 'S6', 'CJ']
name: b10902059, hole_card: ['H2', 'S3']
name: b11902135, hole_card: ['S8', 'SK']
Started the round 9
Street "preflop" started. (community card = [])
name: b10902059, hole_card: ['H2', 'S3']
name: b11902135, hole_card: ['S8', 'SK']
"b11902135" declared "fold:0"
"['b10902059']" won the round 9 (stack = {'b10902059': 60, 'b11902135': 1940})
community cards of this round: ['H3', 'D2', 'SK', 'H4', 'S2']
name: b10902059, hole_card: ['DK', 'C7']
name: b11902135, hole_card: ['S4', 'CT']
Started the round 10
Street "preflop" started. (community card = [])
name: b10902059, hole_card: ['DK', 'C7']
name: b11902135, hole_card: ['S4', 'CT']
"b10902059" declared "raise:60"
name: b10902059, hole_card: ['DK', 'C7']
name: b11902135, hole_card: ['S4', 'CT']
"b11902135" declared "fold:0"
"['b10902059']" won the round 10 (stack = {'b10902059': 70, 'b11902135': 1930})
community cards of this round: ['H4', 'D7', 'C2', 'D8', 'DJ']
name: b10902059, hole_card: ['C4', 'D2']
name: b11902135, hole_card: ['S7', 'S5']
Started the round 11
Street "preflop" started. (community card = [])
name: b10902059, hole_card: ['C4', 'D2']
name: b11902135, hole_card: ['S7', 'S5']
"b11902135" declared "fold:0"
"['b10902059']" won the round 11 (stack = {'b10902059': 75, 'b11902135': 1925})
community cards of this round: ['H7', 'S3', 'D7', 'C8', 'C9']
name: b10902059, hole_card: ['D6', 'D8']
name: b11902135, hole_card: ['SJ', 'CJ']
Started the round 12
Street "preflop" started. (community card = [])
name: b10902059, hole_card: ['D6', 'D8']
name: b11902135, hole_card: ['SJ', 'CJ']
"b10902059" declared "raise:75"
name: b10902059, hole_card: ['D6', 'D8']
name: b11902135, hole_card: ['SJ', 'CJ']
"b11902135" declared "fold:0"
"['b10902059']" won the round 12 (stack = {'b10902059': 85, 'b11902135': 1915})
community cards of this round: ['D9', 'H6', 'C3', 'CQ', 'HA']
name: b10902059, hole_card: ['S3', 'C8']
name: b11902135, hole_card: ['DQ', 'HK']
Started the round 13
Street "preflop" started. (community card = [])
name: b10902059, hole_card: ['S3', 'C8']
name: b11902135, hole_card: ['DQ', 'HK']
"b11902135" declared "fold:0"
"['b10902059']" won the round 13 (stack = {'b10902059': 90, 'b11902135': 1910})
community cards of this round: ['HQ', 'H9', 'DK', 'D4', 'S5']
name: b10902059, hole_card: ['H5', 'H2']
name: b11902135, hole_card: ['S7', 'HT']
Started the round 14
Street "preflop" started. (community card = [])
name: b10902059, hole_card: ['H5', 'H2']
name: b11902135, hole_card: ['S7', 'HT']
"b10902059" declared "raise:90"
name: b10902059, hole_card: ['H5', 'H2']
name: b11902135, hole_card: ['S7', 'HT']
"b11902135" declared "fold:0"
"['b10902059']" won the round 14 (stack = {'b10902059': 100, 'b11902135': 1900})
community cards of this round: ['D6', 'H4', 'CK', 'H9', 'H7']
name: b10902059, hole_card: ['CJ', 'H8']
name: b11902135, hole_card: ['C8', 'CT']
Started the round 15
Street "preflop" started. (community card = [])
name: b10902059, hole_card: ['CJ', 'H8']
name: b11902135, hole_card: ['C8', 'CT']
"b11902135" declared "fold:0"
"['b10902059']" won the round 15 (stack = {'b10902059': 105, 'b11902135': 1895})
community cards of this round: ['D5', 'H6', 'H5', 'CT', 'CQ']
name: b10902059, hole_card: ['D6', 'S3']
name: b11902135, hole_card: ['SJ', 'CA']
Started the round 16
Street "preflop" started. (community card = [])
name: b10902059, hole_card: ['D6', 'S3']
name: b11902135, hole_card: ['SJ', 'CA']
"b10902059" declared "raise:105"
name: b10902059, hole_card: ['D6', 'S3']
name: b11902135, hole_card: ['SJ', 'CA']
"b11902135" declared "fold:0"
"['b10902059']" won the round 16 (stack = {'b10902059': 115, 'b11902135': 1885})
community cards of this round: ['DA', 'S8', 'D2', 'CJ', 'H8']
name: b10902059, hole_card: ['H9', 'S3']
name: b11902135, hole_card: ['D3', 'ST']
Started the round 17
Street "preflop" started. (community card = [])
name: b10902059, hole_card: ['H9', 'S3']
name: b11902135, hole_card: ['D3', 'ST']
"b11902135" declared "fold:0"
"['b10902059']" won the round 17 (stack = {'b10902059': 120, 'b11902135': 1880})
community cards of this round: ['SK', 'D8', 'H5', 'DK', 'C9']
name: b10902059, hole_card: ['D4', 'C6']
name: b11902135, hole_card: ['S7', 'S9']
Started the round 18
Street "preflop" started. (community card = [])
name: b10902059, hole_card: ['D4', 'C6']
name: b11902135, hole_card: ['S7', 'S9']
"b10902059" declared "raise:120"
name: b10902059, hole_card: ['D4', 'C6']
name: b11902135, hole_card: ['S7', 'S9']
"b11902135" declared "fold:0"
"['b10902059']" won the round 18 (stack = {'b10902059': 130, 'b11902135': 1870})
community cards of this round: ['D3', 'S2', 'C3', 'S6', 'CT']
name: b10902059, hole_card: ['HK', 'S3']
name: b11902135, hole_card: ['D7', 'H4']
Started the round 19
Street "preflop" started. (community card = [])
name: b10902059, hole_card: ['HK', 'S3']
name: b11902135, hole_card: ['D7', 'H4']
"b11902135" declared "fold:0"
"['b10902059']" won the round 19 (stack = {'b10902059': 135, 'b11902135': 1865})
community cards of this round: ['H2', 'D8', 'HJ', 'H5', 'H8']
name: b10902059, hole_card: ['D3', 'S9']
name: b11902135, hole_card: ['SQ', 'H9']
Started the round 20
Street "preflop" started. (community card = [])
name: b10902059, hole_card: ['D3', 'S9']
name: b11902135, hole_card: ['SQ', 'H9']
"b10902059" declared "raise:135"
name: b10902059, hole_card: ['D3', 'S9']
name: b11902135, hole_card: ['SQ', 'H9']
"b11902135" declared "fold:0"
"['b10902059']" won the round 20 (stack = {'b10902059': 145, 'b11902135': 1855})
b11902135 vs b10902059 - Game 1: {'rule': {'initial_stack': 1000, 'max_round': 20, 'small_blind_amount': 5, 'ante': 0, 'blind_structure': {}}, 'players': [{'name': 'b10902059', 'uuid': 'phbmrgytggpvexfoimpccb', 'stack': 145, 'state': 'participating'}, {'name': 'b11902135', 'uuid': 'ulxvcfxtqmyqxzogefjghl', 'stack': 1855, 'state': 'participating'}]}
community cards of this round: ['D6', 'DQ', 'C5', 'D8', 'D7']
name: b11902135, hole_card: ['S8', 'HJ']
name: b10902059, hole_card: ['S4', 'H8']
Started the round 1
Street "preflop" started. (community card = [])
name: b11902135, hole_card: ['S8', 'HJ']
name: b10902059, hole_card: ['S4', 'H8']
"b10902059" declared "raise:1000"
name: b11902135, hole_card: ['S8', 'HJ']
name: b10902059, hole_card: ['S4', 'H8']
"b11902135" declared "fold:0"
"['b10902059']" won the round 1 (stack = {'b11902135': 990, 'b10902059': 1010})
community cards of this round: ['D7', 'C4', 'C2', 'HQ', 'D6']
name: b11902135, hole_card: ['SJ', 'S3']
name: b10902059, hole_card: ['CQ', 'D8']
Started the round 2
Street "preflop" started. (community card = [])
name: b11902135, hole_card: ['SJ', 'S3']
name: b10902059, hole_card: ['CQ', 'D8']
"b11902135" declared "fold:0"
"['b10902059']" won the round 2 (stack = {'b11902135': 985, 'b10902059': 1015})
community cards of this round: ['ST', 'H9', 'D8', 'D3', 'CJ']
name: b11902135, hole_card: ['C2', 'SK']
name: b10902059, hole_card: ['H5', 'H7']
Started the round 3
Street "preflop" started. (community card = [])
name: b11902135, hole_card: ['C2', 'SK']
name: b10902059, hole_card: ['H5', 'H7']
"b10902059" declared "raise:1015"
name: b11902135, hole_card: ['C2', 'SK']
name: b10902059, hole_card: ['H5', 'H7']
"b11902135" declared "fold:0"
"['b10902059']" won the round 3 (stack = {'b11902135': 975, 'b10902059': 1025})
community cards of this round: ['S5', 'SJ', 'H4', 'H3', 'D4']
name: b11902135, hole_card: ['SK', 'S4']
name: b10902059, hole_card: ['HA', 'C8']
Started the round 4
Street "preflop" started. (community card = [])
name: b11902135, hole_card: ['SK', 'S4']
name: b10902059, hole_card: ['HA', 'C8']
"b11902135" declared "fold:0"
"['b10902059']" won the round 4 (stack = {'b11902135': 970, 'b10902059': 1030})
community cards of this round: ['ST', 'SK', 'S4', 'C9', 'C7']
name: b11902135, hole_card: ['HT', 'C8']
name: b10902059, hole_card: ['C4', 'D5']
Started the round 5
Street "preflop" started. (community card = [])
name: b11902135, hole_card: ['HT', 'C8']
name: b10902059, hole_card: ['C4', 'D5']
"b10902059" declared "raise:1030"
name: b11902135, hole_card: ['HT', 'C8']
name: b10902059, hole_card: ['C4', 'D5']
"b11902135" declared "fold:0"
"['b10902059']" won the round 5 (stack = {'b11902135': 960, 'b10902059': 1040})
community cards of this round: ['S4', 'HA', 'H2', 'DQ', 'SK']
name: b11902135, hole_card: ['SA', 'HK']
name: b10902059, hole_card: ['H5', 'C3']
Started the round 6
Street "preflop" started. (community card = [])
name: b11902135, hole_card: ['SA', 'HK']
name: b10902059, hole_card: ['H5', 'C3']
"b11902135" declared "call:10"
name: b11902135, hole_card: ['SA', 'HK']
name: b10902059, hole_card: ['H5', 'C3']
"b10902059" declared "raise:1040"
name: b11902135, hole_card: ['SA', 'HK']
name: b10902059, hole_card: ['H5', 'C3']
"b11902135" declared "call:1040"
Street "flop" started. (community card = ['S4', 'HA', 'H2'])
Street "turn" started. (community card = ['S4', 'HA', 'H2', 'DQ'])
Street "river" started. (community card = ['S4', 'HA', 'H2', 'DQ', 'SK'])
"['b11902135']" won the round 6 (stack = {'b11902135': 1920, 'b10902059': 80})
community cards of this round: ['HJ', 'C9', 'H4', 'S6', 'ST']
name: b11902135, hole_card: ['C2', 'D7']
name: b10902059, hole_card: ['S8', 'S2']
Started the round 7
Street "preflop" started. (community card = [])
name: b11902135, hole_card: ['C2', 'D7']
name: b10902059, hole_card: ['S8', 'S2']
"b10902059" declared "raise:80"
name: b11902135, hole_card: ['C2', 'D7']
name: b10902059, hole_card: ['S8', 'S2']
"b11902135" declared "fold:0"
"['b10902059']" won the round 7 (stack = {'b11902135': 1910, 'b10902059': 90})
community cards of this round: ['H7', 'H5', 'S6', 'C9', 'CA']
name: b11902135, hole_card: ['S7', 'H2']
name: b10902059, hole_card: ['H8', 'ST']
Started the round 8
Street "preflop" started. (community card = [])
name: b11902135, hole_card: ['S7', 'H2']
name: b10902059, hole_card: ['H8', 'ST']
"b11902135" declared "fold:0"
"['b10902059']" won the round 8 (stack = {'b11902135': 1905, 'b10902059': 95})
community cards of this round: ['DA', 'H8', 'D5', 'S6', 'CJ']
name: b11902135, hole_card: ['H2', 'S3']
name: b10902059, hole_card: ['S8', 'SK']
Started the round 9
Street "preflop" started. (community card = [])
name: b11902135, hole_card: ['H2', 'S3']
name: b10902059, hole_card: ['S8', 'SK']
"b10902059" declared "raise:95"
name: b11902135, hole_card: ['H2', 'S3']
name: b10902059, hole_card: ['S8', 'SK']
"b11902135" declared "fold:0"
"['b10902059']" won the round 9 (stack = {'b11902135': 1895, 'b10902059': 105})
community cards of this round: ['H3', 'D2', 'SK', 'H4', 'S2']
name: b11902135, hole_card: ['DK', 'C7']
name: b10902059, hole_card: ['S4', 'CT']
Started the round 10
Street "preflop" started. (community card = [])
name: b11902135, hole_card: ['DK', 'C7']
name: b10902059, hole_card: ['S4', 'CT']
"b11902135" declared "fold:0"
"['b10902059']" won the round 10 (stack = {'b11902135': 1890, 'b10902059': 110})
community cards of this round: ['H4', 'D7', 'C2', 'D8', 'DJ']
name: b11902135, hole_card: ['C4', 'D2']
name: b10902059, hole_card: ['S7', 'S5']
Started the round 11
Street "preflop" started. (community card = [])
name: b11902135, hole_card: ['C4', 'D2']
name: b10902059, hole_card: ['S7', 'S5']
"b10902059" declared "raise:110"
name: b11902135, hole_card: ['C4', 'D2']
name: b10902059, hole_card: ['S7', 'S5']
"b11902135" declared "fold:0"
"['b10902059']" won the round 11 (stack = {'b11902135': 1880, 'b10902059': 120})
community cards of this round: ['H7', 'S3', 'D7', 'C8', 'C9']
name: b11902135, hole_card: ['D6', 'D8']
name: b10902059, hole_card: ['SJ', 'CJ']
Started the round 12
Street "preflop" started. (community card = [])
name: b11902135, hole_card: ['D6', 'D8']
name: b10902059, hole_card: ['SJ', 'CJ']
"b11902135" declared "fold:0"
"['b10902059']" won the round 12 (stack = {'b11902135': 1875, 'b10902059': 125})
community cards of this round: ['D9', 'H6', 'C3', 'CQ', 'HA']
name: b11902135, hole_card: ['S3', 'C8']
name: b10902059, hole_card: ['DQ', 'HK']
Started the round 13
Street "preflop" started. (community card = [])
name: b11902135, hole_card: ['S3', 'C8']
name: b10902059, hole_card: ['DQ', 'HK']
"b10902059" declared "raise:125"
name: b11902135, hole_card: ['S3', 'C8']
name: b10902059, hole_card: ['DQ', 'HK']
"b11902135" declared "fold:0"
"['b10902059']" won the round 13 (stack = {'b11902135': 1865, 'b10902059': 135})
community cards of this round: ['HQ', 'H9', 'DK', 'D4', 'S5']
name: b11902135, hole_card: ['H5', 'H2']
name: b10902059, hole_card: ['S7', 'HT']
Started the round 14
Street "preflop" started. (community card = [])
name: b11902135, hole_card: ['H5', 'H2']
name: b10902059, hole_card: ['S7', 'HT']
"b11902135" declared "fold:0"
"['b10902059']" won the round 14 (stack = {'b11902135': 1860, 'b10902059': 140})
community cards of this round: ['D6', 'H4', 'CK', 'H9', 'H7']
name: b11902135, hole_card: ['CJ', 'H8']
name: b10902059, hole_card: ['C8', 'CT']
Started the round 15
Street "preflop" started. (community card = [])
name: b11902135, hole_card: ['CJ', 'H8']
name: b10902059, hole_card: ['C8', 'CT']
"b10902059" declared "raise:140"
name: b11902135, hole_card: ['CJ', 'H8']
name: b10902059, hole_card: ['C8', 'CT']
"b11902135" declared "fold:0"
"['b10902059']" won the round 15 (stack = {'b11902135': 1850, 'b10902059': 150})
community cards of this round: ['D5', 'H6', 'H5', 'CT', 'CQ']
name: b11902135, hole_card: ['D6', 'S3']
name: b10902059, hole_card: ['SJ', 'CA']
Started the round 16
Street "preflop" started. (community card = [])
name: b11902135, hole_card: ['D6', 'S3']
name: b10902059, hole_card: ['SJ', 'CA']
"b11902135" declared "fold:0"
"['b10902059']" won the round 16 (stack = {'b11902135': 1845, 'b10902059': 155})
community cards of this round: ['DA', 'S8', 'D2', 'CJ', 'H8']
name: b11902135, hole_card: ['H9', 'S3']
name: b10902059, hole_card: ['D3', 'ST']
Started the round 17
Street "preflop" started. (community card = [])
name: b11902135, hole_card: ['H9', 'S3']
name: b10902059, hole_card: ['D3', 'ST']
"b10902059" declared "raise:155"
name: b11902135, hole_card: ['H9', 'S3']
name: b10902059, hole_card: ['D3', 'ST']
"b11902135" declared "fold:0"
"['b10902059']" won the round 17 (stack = {'b11902135': 1835, 'b10902059': 165})
community cards of this round: ['SK', 'D8', 'H5', 'DK', 'C9']
name: b11902135, hole_card: ['D4', 'C6']
name: b10902059, hole_card: ['S7', 'S9']
Started the round 18
Street "preflop" started. (community card = [])
name: b11902135, hole_card: ['D4', 'C6']
name: b10902059, hole_card: ['S7', 'S9']
"b11902135" declared "fold:0"
"['b10902059']" won the round 18 (stack = {'b11902135': 1830, 'b10902059': 170})
community cards of this round: ['D3', 'S2', 'C3', 'S6', 'CT']
name: b11902135, hole_card: ['HK', 'S3']
name: b10902059, hole_card: ['D7', 'H4']
Started the round 19
Street "preflop" started. (community card = [])
name: b11902135, hole_card: ['HK', 'S3']
name: b10902059, hole_card: ['D7', 'H4']
"b10902059" declared "raise:170"
name: b11902135, hole_card: ['HK', 'S3']
name: b10902059, hole_card: ['D7', 'H4']
"b11902135" declared "fold:0"
"['b10902059']" won the round 19 (stack = {'b11902135': 1820, 'b10902059': 180})
community cards of this round: ['H2', 'D8', 'HJ', 'H5', 'H8']
name: b11902135, hole_card: ['D3', 'S9']
name: b10902059, hole_card: ['SQ', 'H9']
Started the round 20
Street "preflop" started. (community card = [])
name: b11902135, hole_card: ['D3', 'S9']
name: b10902059, hole_card: ['SQ', 'H9']
"b11902135" declared "fold:0"
"['b10902059']" won the round 20 (stack = {'b11902135': 1815, 'b10902059': 185})
b11902135 vs b10902059 - Game 2: {'rule': {'initial_stack': 1000, 'max_round': 20, 'small_blind_amount': 5, 'ante': 0, 'blind_structure': {}}, 'players': [{'name': 'b11902135', 'uuid': 'yhuokvvgyokbmypyronjyh', 'stack': 1815, 'state': 'participating'}, {'name': 'b10902059', 'uuid': 'mvebxxgkrtdkhbeawvbzuj', 'stack': 185, 'state': 'participating'}]}
community cards of this round: ['D8', 'S3', 'H9', 'D7', 'ST']
name: b10902059, hole_card: ['CJ', 'C3']
name: b11902135, hole_card: ['CQ', 'C6']
Started the round 1
Street "preflop" started. (community card = [])
name: b10902059, hole_card: ['CJ', 'C3']
name: b11902135, hole_card: ['CQ', 'C6']
"b11902135" declared "call:10"
name: b10902059, hole_card: ['CJ', 'C3']
name: b11902135, hole_card: ['CQ', 'C6']
"b10902059" declared "raise:1000"
name: b10902059, hole_card: ['CJ', 'C3']
name: b11902135, hole_card: ['CQ', 'C6']
"b11902135" declared "call:1000"
Street "flop" started. (community card = ['D8', 'S3', 'H9'])
Street "turn" started. (community card = ['D8', 'S3', 'H9', 'D7'])
Street "river" started. (community card = ['D8', 'S3', 'H9', 'D7', 'ST'])
"['b10902059']" won the round 1 (stack = {'b10902059': 2000, 'b11902135': 0})
b11902135 vs b10902059 - Game 3: {'rule': {'initial_stack': 1000, 'max_round': 20, 'small_blind_amount': 5, 'ante': 0, 'blind_structure': {}}, 'players': [{'name': 'b10902059', 'uuid': 'ieptyvhovadaxgyvqlszip', 'stack': 2000, 'state': 'participating'}, {'name': 'b11902135', 'uuid': 'qdcvzusmoowlpcqmibkjyy', 'stack': 0, 'state': 'folded'}]}
community cards of this round: ['D8', 'S3', 'H9', 'D7', 'ST']
name: b11902135, hole_card: ['CJ', 'C3']
name: b10902059, hole_card: ['CQ', 'C6']
Started the round 1
Street "preflop" started. (community card = [])
name: b11902135, hole_card: ['CJ', 'C3']
name: b10902059, hole_card: ['CQ', 'C6']
"b10902059" declared "raise:1000"
name: b11902135, hole_card: ['CJ', 'C3']
name: b10902059, hole_card: ['CQ', 'C6']
"b11902135" declared "call:1000"
Street "flop" started. (community card = ['D8', 'S3', 'H9'])
Street "turn" started. (community card = ['D8', 'S3', 'H9', 'D7'])
Street "river" started. (community card = ['D8', 'S3', 'H9', 'D7', 'ST'])
"['b11902135']" won the round 1 (stack = {'b11902135': 2000, 'b10902059': 0})
b11902135 vs b10902059 - Game 4: {'rule': {'initial_stack': 1000, 'max_round': 20, 'small_blind_amount': 5, 'ante': 0, 'blind_structure': {}}, 'players': [{'name': 'b11902135', 'uuid': 'ucifbhiapmqmiuovaxkaly', 'stack': 2000, 'state': 'participating'}, {'name': 'b10902059', 'uuid': 'llhmqholsdyjgzwmnztllv', 'stack': 0, 'state': 'folded'}]}
community cards of this round: ['SJ', 'C3', 'D9', 'HK', 'SQ']
name: b10902059, hole_card: ['C6', 'D8']
name: b11902135, hole_card: ['DQ', 'HA']
Started the round 1
Street "preflop" started. (community card = [])
name: b10902059, hole_card: ['C6', 'D8']
name: b11902135, hole_card: ['DQ', 'HA']
"b11902135" declared "raise:606.0"
name: b10902059, hole_card: ['C6', 'D8']
name: b11902135, hole_card: ['DQ', 'HA']
"b10902059" declared "raise:-1", Invalid action. Treat as fold...
"['b11902135']" won the round 1 (stack = {'b10902059': 990, 'b11902135': 1010.0})
community cards of this round: ['CT', 'H9', 'CQ', 'DQ', 'SA']
name: b10902059, hole_card: ['C5', 'SJ']
name: b11902135, hole_card: ['DA', 'C7']
Started the round 2
Street "preflop" started. (community card = [])
name: b10902059, hole_card: ['C5', 'SJ']
name: b11902135, hole_card: ['DA', 'C7']
"b10902059" declared "raise:990"
name: b10902059, hole_card: ['C5', 'SJ']
name: b11902135, hole_card: ['DA', 'C7']
"b11902135" declared "call:990"
Street "flop" started. (community card = ['CT', 'H9', 'CQ'])
Street "turn" started. (community card = ['CT', 'H9', 'CQ', 'DQ'])
Street "river" started. (community card = ['CT', 'H9', 'CQ', 'DQ', 'SA'])
"['b11902135']" won the round 2 (stack = {'b10902059': 0, 'b11902135': 2000.0})
b11902135 vs b10902059 - Game 5: {'rule': {'initial_stack': 1000, 'max_round': 20, 'small_blind_amount': 5, 'ante': 0, 'blind_structure': {}}, 'players': [{'name': 'b10902059', 'uuid': 'sqamtbspwxlnjmfcrbeyvr', 'stack': 0, 'state': 'folded'}, {'name': 'b11902135', 'uuid': 'bxlmtzgpnasofkrhszanmx', 'stack': 2000.0, 'state': 'participating'}]}
Final Result: b11902135 won 3 games (stack: 9670.0), b10902059 won 2 games (stack: 330)
