community cards of this round: ['D9', 'DT', 'C3', 'HQ', 'H4']
name: b10705013, hole_card: ['D8', 'D7']
name: b11902140, hole_card: ['H3', 'S5']
Started the round 1
Street "preflop" started. (community card = [])
name: b10705013, hole_card: ['D8', 'D7']
name: b11902140, hole_card: ['H3', 'S5']
"b11902140" declared "fold:0"
"['b10705013']" won the round 1 (stack = {'b10705013': 1005, 'b11902140': 995})
community cards of this round: ['S2', 'CK', 'D8', 'SA', 'SJ']
name: b10705013, hole_card: ['DQ', 'D4']
name: b11902140, hole_card: ['CT', 'D3']
Started the round 2
Street "preflop" started. (community card = [])
name: b10705013, hole_card: ['DQ', 'D4']
name: b11902140, hole_card: ['CT', 'D3']
"b10705013" declared "call:10"
name: b10705013, hole_card: ['DQ', 'D4']
name: b11902140, hole_card: ['CT', 'D3']
"b11902140" declared "call:10"
Street "flop" started. (community card = ['S2', 'CK', 'D8'])
name: b10705013, hole_card: ['DQ', 'D4']
name: b11902140, hole_card: ['CT', 'D3']
"b10705013" declared "call:0"
name: b10705013, hole_card: ['DQ', 'D4']
name: b11902140, hole_card: ['CT', 'D3']
"b11902140" declared "call:0"
Street "turn" started. (community card = ['S2', 'CK', 'D8', 'SA'])
name: b10705013, hole_card: ['DQ', 'D4']
name: b11902140, hole_card: ['CT', 'D3']
"b10705013" declared "call:0"
name: b10705013, hole_card: ['DQ', 'D4']
name: b11902140, hole_card: ['CT', 'D3']
"b11902140" declared "call:0"
Street "river" started. (community card = ['S2', 'CK', 'D8', 'SA', 'SJ'])
name: b10705013, hole_card: ['DQ', 'D4']
name: b11902140, hole_card: ['CT', 'D3']
"b10705013" declared "call:0"
name: b10705013, hole_card: ['DQ', 'D4']
name: b11902140, hole_card: ['CT', 'D3']
"b11902140" declared "call:0"
"['b10705013']" won the round 2 (stack = {'b10705013': 1015, 'b11902140': 985})
community cards of this round: ['HJ', 'ST', 'SA', 'H9', 'DQ']
name: b10705013, hole_card: ['CJ', 'S5']
name: b11902140, hole_card: ['S8', 'HK']
Started the round 3
Street "preflop" started. (community card = [])
name: b10705013, hole_card: ['CJ', 'S5']
name: b11902140, hole_card: ['S8', 'HK']
"b11902140" declared "raise:29.77157360406091"
name: b10705013, hole_card: ['CJ', 'S5']
name: b11902140, hole_card: ['S8', 'HK']
"b10705013" declared "call:29.77157360406091"
Street "flop" started. (community card = ['HJ', 'ST', 'SA'])
name: b10705013, hole_card: ['CJ', 'S5']
name: b11902140, hole_card: ['S8', 'HK']
"b11902140" declared "raise:24.394341518719884"
name: b10705013, hole_card: ['CJ', 'S5']
name: b11902140, hole_card: ['S8', 'HK']
"b10705013" declared "call:24.394341518719884"
Street "turn" started. (community card = ['HJ', 'ST', 'SA', 'H9'])
name: b10705013, hole_card: ['CJ', 'S5']
name: b11902140, hole_card: ['S8', 'HK']
"b11902140" declared "call:0"
name: b10705013, hole_card: ['CJ', 'S5']
name: b11902140, hole_card: ['S8', 'HK']
"b10705013" declared "call:0"
Street "river" started. (community card = ['HJ', 'ST', 'SA', 'H9', 'DQ'])
name: b10705013, hole_card: ['CJ', 'S5']
name: b11902140, hole_card: ['S8', 'HK']
"b11902140" declared "raise:77.66816975443841"
name: b10705013, hole_card: ['CJ', 'S5']
name: b11902140, hole_card: ['S8', 'HK']
"b10705013" declared "fold:0"
"['b11902140']" won the round 3 (stack = {'b10705013': 960.8340848772192, 'b11902140': 1039.165915122781})
community cards of this round: ['D3', 'C5', 'H2', 'H6', 'SJ']
name: b10705013, hole_card: ['ST', 'H3']
name: b11902140, hole_card: ['C8', 'S6']
Started the round 4
Street "preflop" started. (community card = [])
name: b10705013, hole_card: ['ST', 'H3']
name: b11902140, hole_card: ['C8', 'S6']
"b10705013" declared "call:10"
name: b10705013, hole_card: ['ST', 'H3']
name: b11902140, hole_card: ['C8', 'S6']
"b11902140" declared "call:10"
Street "flop" started. (community card = ['D3', 'C5', 'H2'])
name: b10705013, hole_card: ['ST', 'H3']
name: b11902140, hole_card: ['C8', 'S6']
"b10705013" declared "call:0"
name: b10705013, hole_card: ['ST', 'H3']
name: b11902140, hole_card: ['C8', 'S6']
"b11902140" declared "call:0"
Street "turn" started. (community card = ['D3', 'C5', 'H2', 'H6'])
name: b10705013, hole_card: ['ST', 'H3']
name: b11902140, hole_card: ['C8', 'S6']
"b10705013" declared "call:0"
name: b10705013, hole_card: ['ST', 'H3']
name: b11902140, hole_card: ['C8', 'S6']
"b11902140" declared "raise:10.0"
name: b10705013, hole_card: ['ST', 'H3']
name: b11902140, hole_card: ['C8', 'S6']
"b10705013" declared "fold:0"
"['b11902140']" won the round 4 (stack = {'b10705013': 950.8340848772192, 'b11902140': 1049.165915122781})
community cards of this round: ['CK', 'H6', 'D7', 'D6', 'D2']
name: b10705013, hole_card: ['DJ', 'C6']
name: b11902140, hole_card: ['C9', 'DK']
Started the round 5
Street "preflop" started. (community card = [])
name: b10705013, hole_card: ['DJ', 'C6']
name: b11902140, hole_card: ['C9', 'DK']
"b11902140" declared "raise:86.83408487721908"
name: b10705013, hole_card: ['DJ', 'C6']
name: b11902140, hole_card: ['C9', 'DK']
"b10705013" declared "fold:0"
"['b11902140']" won the round 5 (stack = {'b10705013': 940.8340848772192, 'b11902140': 1058.3318302455618})
community cards of this round: ['HJ', 'SJ', 'H9', 'CT', 'S2']
name: b10705013, hole_card: ['HT', 'C2']
name: b11902140, hole_card: ['S5', 'DQ']
Started the round 6
Street "preflop" started. (community card = [])
name: b10705013, hole_card: ['HT', 'C2']
name: b11902140, hole_card: ['S5', 'DQ']
"b10705013" declared "call:10"
name: b10705013, hole_card: ['HT', 'C2']
name: b11902140, hole_card: ['S5', 'DQ']
"b11902140" declared "raise:15.0"
name: b10705013, hole_card: ['HT', 'C2']
name: b11902140, hole_card: ['S5', 'DQ']
"b10705013" declared "call:15.0"
Street "flop" started. (community card = ['HJ', 'SJ', 'H9'])
name: b10705013, hole_card: ['HT', 'C2']
name: b11902140, hole_card: ['S5', 'DQ']
"b10705013" declared "call:0"
name: b10705013, hole_card: ['HT', 'C2']
name: b11902140, hole_card: ['S5', 'DQ']
"b11902140" declared "call:0"
Street "turn" started. (community card = ['HJ', 'SJ', 'H9', 'CT'])
name: b10705013, hole_card: ['HT', 'C2']
name: b11902140, hole_card: ['S5', 'DQ']
"b10705013" declared "call:0"
name: b10705013, hole_card: ['HT', 'C2']
name: b11902140, hole_card: ['S5', 'DQ']
"b11902140" declared "call:0"
Street "river" started. (community card = ['HJ', 'SJ', 'H9', 'CT', 'S2'])
name: b10705013, hole_card: ['HT', 'C2']
name: b11902140, hole_card: ['S5', 'DQ']
"b10705013" declared "raise:71.0"
name: b10705013, hole_card: ['HT', 'C2']
name: b11902140, hole_card: ['S5', 'DQ']
"b11902140" declared "fold:0"
"['b10705013']" won the round 6 (stack = {'b10705013': 955.8340848772192, 'b11902140': 1043.3318302455618})
community cards of this round: ['H5', 'DK', 'CJ', 'HK', 'SJ']
name: b10705013, hole_card: ['D3', 'H4']
name: b11902140, hole_card: ['DA', 'C9']
Started the round 7
Street "preflop" started. (community card = [])
name: b10705013, hole_card: ['D3', 'H4']
name: b11902140, hole_card: ['DA', 'C9']
"b11902140" declared "raise:72.25112731582863"
name: b10705013, hole_card: ['D3', 'H4']
name: b11902140, hole_card: ['DA', 'C9']
"b10705013" declared "fold:0"
"['b11902140']" won the round 7 (stack = {'b10705013': 945.8340848772192, 'b11902140': 1053.0807029297332})
community cards of this round: ['H6', 'C6', 'H2', 'C2', 'H5']
name: b10705013, hole_card: ['C8', 'D7']
name: b11902140, hole_card: ['DT', 'C3']
Started the round 8
Street "preflop" started. (community card = [])
name: b10705013, hole_card: ['C8', 'D7']
name: b11902140, hole_card: ['DT', 'C3']
"b10705013" declared "call:10"
name: b10705013, hole_card: ['C8', 'D7']
name: b11902140, hole_card: ['DT', 'C3']
"b11902140" declared "call:10"
Street "flop" started. (community card = ['H6', 'C6', 'H2'])
name: b10705013, hole_card: ['C8', 'D7']
name: b11902140, hole_card: ['DT', 'C3']
"b10705013" declared "call:0"
name: b10705013, hole_card: ['C8', 'D7']
name: b11902140, hole_card: ['DT', 'C3']
"b11902140" declared "call:0"
Street "turn" started. (community card = ['H6', 'C6', 'H2', 'C2'])
name: b10705013, hole_card: ['C8', 'D7']
name: b11902140, hole_card: ['DT', 'C3']
"b10705013" declared "call:0"
name: b10705013, hole_card: ['C8', 'D7']
name: b11902140, hole_card: ['DT', 'C3']
"b11902140" declared "call:0"
Street "river" started. (community card = ['H6', 'C6', 'H2', 'C2', 'H5'])
name: b10705013, hole_card: ['C8', 'D7']
name: b11902140, hole_card: ['DT', 'C3']
"b10705013" declared "call:0"
name: b10705013, hole_card: ['C8', 'D7']
name: b11902140, hole_card: ['DT', 'C3']
"b11902140" declared "call:0"
"['b11902140']" won the round 8 (stack = {'b10705013': 935.8340848772192, 'b11902140': 1063.0807029297332})
community cards of this round: ['D8', 'DJ', 'S8', 'C9', 'S6']
name: b10705013, hole_card: ['D3', 'CT']
name: b11902140, hole_card: ['CK', 'HA']
Started the round 9
Street "preflop" started. (community card = [])
name: b10705013, hole_card: ['D3', 'CT']
name: b11902140, hole_card: ['CK', 'HA']
"b11902140" declared "raise:32.37669097374305"
name: b10705013, hole_card: ['D3', 'CT']
name: b11902140, hole_card: ['CK', 'HA']
"b10705013" declared "call:32.37669097374305"
Street "flop" started. (community card = ['D8', 'DJ', 'S8'])
name: b10705013, hole_card: ['D3', 'CT']
name: b11902140, hole_card: ['CK', 'HA']
"b11902140" declared "call:0"
name: b10705013, hole_card: ['D3', 'CT']
name: b11902140, hole_card: ['CK', 'HA']
"b10705013" declared "call:0"
Street "turn" started. (community card = ['D8', 'DJ', 'S8', 'C9'])
name: b10705013, hole_card: ['D3', 'CT']
name: b11902140, hole_card: ['CK', 'HA']
"b11902140" declared "call:0"
name: b10705013, hole_card: ['D3', 'CT']
name: b11902140, hole_card: ['CK', 'HA']
"b10705013" declared "call:0"
Street "river" started. (community card = ['D8', 'DJ', 'S8', 'C9', 'S6'])
name: b10705013, hole_card: ['D3', 'CT']
name: b11902140, hole_card: ['CK', 'HA']
"b11902140" declared "call:0"
name: b10705013, hole_card: ['D3', 'CT']
name: b11902140, hole_card: ['CK', 'HA']
"b10705013" declared "call:0"
"['b11902140']" won the round 9 (stack = {'b10705013': 903.4573939034761, 'b11902140': 1094.7040119559902})
community cards of this round: ['H3', 'D8', 'D6', 'S6', 'SQ']
name: b10705013, hole_card: ['HQ', 'S8']
name: b11902140, hole_card: ['D2', 'ST']
Started the round 10
Street "preflop" started. (community card = [])
name: b10705013, hole_card: ['HQ', 'S8']
name: b11902140, hole_card: ['D2', 'ST']
"b10705013" declared "call:10"
name: b10705013, hole_card: ['HQ', 'S8']
name: b11902140, hole_card: ['D2', 'ST']
"b11902140" declared "call:10"
Street "flop" started. (community card = ['H3', 'D8', 'D6'])
name: b10705013, hole_card: ['HQ', 'S8']
name: b11902140, hole_card: ['D2', 'ST']
"b10705013" declared "raise:186.0"
name: b10705013, hole_card: ['HQ', 'S8']
name: b11902140, hole_card: ['D2', 'ST']
"b11902140" declared "fold:0"
"['b10705013']" won the round 10 (stack = {'b10705013': 913.4573939034761, 'b11902140': 1084.7040119559902})
community cards of this round: ['S6', 'D5', 'S2', 'H8', 'C4']
name: b10705013, hole_card: ['H4', 'HT']
name: b11902140, hole_card: ['S5', 'D4']
Started the round 11
Street "preflop" started. (community card = [])
name: b10705013, hole_card: ['H4', 'HT']
name: b11902140, hole_card: ['S5', 'D4']
"b11902140" declared "call:10"
name: b10705013, hole_card: ['H4', 'HT']
name: b11902140, hole_card: ['S5', 'D4']
"b10705013" declared "call:10"
Street "flop" started. (community card = ['S6', 'D5', 'S2'])
name: b10705013, hole_card: ['H4', 'HT']
name: b11902140, hole_card: ['S5', 'D4']
"b11902140" declared "call:0"
name: b10705013, hole_card: ['H4', 'HT']
name: b11902140, hole_card: ['S5', 'D4']
"b10705013" declared "call:0"
Street "turn" started. (community card = ['S6', 'D5', 'S2', 'H8'])
name: b10705013, hole_card: ['H4', 'HT']
name: b11902140, hole_card: ['S5', 'D4']
"b11902140" declared "call:0"
name: b10705013, hole_card: ['H4', 'HT']
name: b11902140, hole_card: ['S5', 'D4']
"b10705013" declared "call:0"
Street "river" started. (community card = ['S6', 'D5', 'S2', 'H8', 'C4'])
name: b10705013, hole_card: ['H4', 'HT']
name: b11902140, hole_card: ['S5', 'D4']
"b11902140" declared "call:0"
name: b10705013, hole_card: ['H4', 'HT']
name: b11902140, hole_card: ['S5', 'D4']
"b10705013" declared "call:0"
"['b11902140']" won the round 11 (stack = {'b10705013': 903.4573939034761, 'b11902140': 1094.7040119559902})
community cards of this round: ['S6', 'H5', 'HA', 'C2', 'C4']
name: b10705013, hole_card: ['HK', 'D9']
name: b11902140, hole_card: ['SQ', 'H6']
Started the round 12
Street "preflop" started. (community card = [])
name: b10705013, hole_card: ['HK', 'D9']
name: b11902140, hole_card: ['SQ', 'H6']
"b10705013" declared "call:10"
name: b10705013, hole_card: ['HK', 'D9']
name: b11902140, hole_card: ['SQ', 'H6']
"b11902140" declared "fold:0"
"['b10705013']" won the round 12 (stack = {'b10705013': 913.4573939034761, 'b11902140': 1084.7040119559902})
community cards of this round: ['S4', 'HT', 'C5', 'HA', 'C8']
name: b10705013, hole_card: ['S8', 'H3']
name: b11902140, hole_card: ['ST', 'DA']
Started the round 13
Street "preflop" started. (community card = [])
name: b10705013, hole_card: ['S8', 'H3']
name: b11902140, hole_card: ['ST', 'DA']
"b11902140" declared "fold:0"
"['b10705013']" won the round 13 (stack = {'b10705013': 918.4573939034761, 'b11902140': 1079.7040119559902})
community cards of this round: ['DT', 'S2', 'H5', 'SA', 'H8']
name: b10705013, hole_card: ['H9', 'H4']
name: b11902140, hole_card: ['D7', 'H7']
Started the round 14
Street "preflop" started. (community card = [])
name: b10705013, hole_card: ['H9', 'H4']
name: b11902140, hole_card: ['D7', 'H7']
"b10705013" declared "call:10"
name: b10705013, hole_card: ['H9', 'H4']
name: b11902140, hole_card: ['D7', 'H7']
"b11902140" declared "fold:0"
"['b10705013']" won the round 14 (stack = {'b10705013': 928.4573939034761, 'b11902140': 1069.7040119559902})
community cards of this round: ['C5', 'CJ', 'CT', 'HT', 'SK']
name: b10705013, hole_card: ['DA', 'S4']
name: b11902140, hole_card: ['C3', 'DQ']
Started the round 15
Street "preflop" started. (community card = [])
name: b10705013, hole_card: ['DA', 'S4']
name: b11902140, hole_card: ['C3', 'DQ']
"b11902140" declared "fold:0"
"['b10705013']" won the round 15 (stack = {'b10705013': 933.4573939034761, 'b11902140': 1064.7040119559902})
community cards of this round: ['S4', 'SJ', 'D3', 'D6', 'DK']
name: b10705013, hole_card: ['S9', 'HQ']
name: b11902140, hole_card: ['DQ', 'C3']
Started the round 16
Street "preflop" started. (community card = [])
name: b10705013, hole_card: ['S9', 'HQ']
name: b11902140, hole_card: ['DQ', 'C3']
"b10705013" declared "call:10"
name: b10705013, hole_card: ['S9', 'HQ']
name: b11902140, hole_card: ['DQ', 'C3']
"b11902140" declared "fold:0"
"['b10705013']" won the round 16 (stack = {'b10705013': 943.4573939034761, 'b11902140': 1054.7040119559902})
community cards of this round: ['S6', 'C8', 'D4', 'H2', 'S4']
name: b10705013, hole_card: ['D8', 'D3']
name: b11902140, hole_card: ['C6', 'HK']
Started the round 17
Street "preflop" started. (community card = [])
name: b10705013, hole_card: ['D8', 'D3']
name: b11902140, hole_card: ['C6', 'HK']
"b11902140" declared "fold:0"
"['b10705013']" won the round 17 (stack = {'b10705013': 948.4573939034761, 'b11902140': 1049.7040119559902})
community cards of this round: ['DT', 'C3', 'D7', 'SQ', 'H5']
name: b10705013, hole_card: ['SA', 'H2']
name: b11902140, hole_card: ['DA', 'SK']
Started the round 18
Street "preflop" started. (community card = [])
name: b10705013, hole_card: ['SA', 'H2']
name: b11902140, hole_card: ['DA', 'SK']
"b10705013" declared "call:10"
name: b10705013, hole_card: ['SA', 'H2']
name: b11902140, hole_card: ['DA', 'SK']
"b11902140" declared "fold:0"
"['b10705013']" won the round 18 (stack = {'b10705013': 958.4573939034761, 'b11902140': 1039.7040119559902})
community cards of this round: ['C7', 'H6', 'SA', 'DQ', 'CK']
name: b10705013, hole_card: ['S4', 'D7']
name: b11902140, hole_card: ['SQ', 'C6']
Started the round 19
Street "preflop" started. (community card = [])
name: b10705013, hole_card: ['S4', 'D7']
name: b11902140, hole_card: ['SQ', 'C6']
"b11902140" declared "fold:0"
"['b10705013']" won the round 19 (stack = {'b10705013': 963.4573939034761, 'b11902140': 1034.7040119559902})
community cards of this round: ['C7', 'ST', 'H3', 'SQ', 'HQ']
name: b10705013, hole_card: ['H6', 'D6']
name: b11902140, hole_card: ['D8', 'SA']
Started the round 20
Street "preflop" started. (community card = [])
name: b10705013, hole_card: ['H6', 'D6']
name: b11902140, hole_card: ['D8', 'SA']
"b10705013" declared "call:10"
name: b10705013, hole_card: ['H6', 'D6']
name: b11902140, hole_card: ['D8', 'SA']
"b11902140" declared "fold:0"
"['b10705013']" won the round 20 (stack = {'b10705013': 973.4573939034761, 'b11902140': 1024.7040119559902})
b11902140 vs b10705013 - Game 1: {'rule': {'initial_stack': 1000, 'max_round': 20, 'small_blind_amount': 5, 'ante': 0, 'blind_structure': {}}, 'players': [{'name': 'b10705013', 'uuid': 'ektesqduxmnlkjcbcjluth', 'stack': 973.4573939034761, 'state': 'participating'}, {'name': 'b11902140', 'uuid': 'lbowhspmfdeuhguedlujyi', 'stack': 1024.7040119559902, 'state': 'participating'}]}
community cards of this round: ['D9', 'DT', 'C3', 'HQ', 'H4']
name: b11902140, hole_card: ['D8', 'D7']
name: b10705013, hole_card: ['H3', 'S5']
Started the round 1
Street "preflop" started. (community card = [])
name: b11902140, hole_card: ['D8', 'D7']
name: b10705013, hole_card: ['H3', 'S5']
"b10705013" declared "call:10"
name: b11902140, hole_card: ['D8', 'D7']
name: b10705013, hole_card: ['H3', 'S5']
"b11902140" declared "raise:15.0"
name: b11902140, hole_card: ['D8', 'D7']
name: b10705013, hole_card: ['H3', 'S5']
"b10705013" declared "call:15.0"
Street "flop" started. (community card = ['D9', 'DT', 'C3'])
name: b11902140, hole_card: ['D8', 'D7']
name: b10705013, hole_card: ['H3', 'S5']
"b10705013" declared "call:0"
name: b11902140, hole_card: ['D8', 'D7']
name: b10705013, hole_card: ['H3', 'S5']
"b11902140" declared "raise:161.0"
name: b11902140, hole_card: ['D8', 'D7']
name: b10705013, hole_card: ['H3', 'S5']
"b10705013" declared "fold:0"
"['b11902140']" won the round 1 (stack = {'b11902140': 1015.0, 'b10705013': 985.0})
community cards of this round: ['S2', 'CK', 'D8', 'SA', 'SJ']
name: b11902140, hole_card: ['DQ', 'D4']
name: b10705013, hole_card: ['CT', 'D3']
Started the round 2
Street "preflop" started. (community card = [])
name: b11902140, hole_card: ['DQ', 'D4']
name: b10705013, hole_card: ['CT', 'D3']
"b11902140" declared "raise:151.0"
name: b11902140, hole_card: ['DQ', 'D4']
name: b10705013, hole_card: ['CT', 'D3']
"b10705013" declared "fold:0"
"['b11902140']" won the round 2 (stack = {'b11902140': 1025.0, 'b10705013': 975.0})
community cards of this round: ['HJ', 'ST', 'SA', 'H9', 'DQ']
name: b11902140, hole_card: ['CJ', 'S5']
name: b10705013, hole_card: ['S8', 'HK']
Started the round 3
Street "preflop" started. (community card = [])
name: b11902140, hole_card: ['CJ', 'S5']
name: b10705013, hole_card: ['S8', 'HK']
"b10705013" declared "call:10"
name: b11902140, hole_card: ['CJ', 'S5']
name: b10705013, hole_card: ['S8', 'HK']
"b11902140" declared "raise:15.0"
name: b11902140, hole_card: ['CJ', 'S5']
name: b10705013, hole_card: ['S8', 'HK']
"b10705013" declared "call:15.0"
Street "flop" started. (community card = ['HJ', 'ST', 'SA'])
name: b11902140, hole_card: ['CJ', 'S5']
name: b10705013, hole_card: ['S8', 'HK']
"b10705013" declared "call:0"
name: b11902140, hole_card: ['CJ', 'S5']
name: b10705013, hole_card: ['S8', 'HK']
"b11902140" declared "raise:116.0"
name: b11902140, hole_card: ['CJ', 'S5']
name: b10705013, hole_card: ['S8', 'HK']
"b10705013" declared "fold:0"
"['b11902140']" won the round 3 (stack = {'b11902140': 1040.0, 'b10705013': 960.0})
community cards of this round: ['D3', 'C5', 'H2', 'H6', 'SJ']
name: b11902140, hole_card: ['ST', 'H3']
name: b10705013, hole_card: ['C8', 'S6']
Started the round 4
Street "preflop" started. (community card = [])
name: b11902140, hole_card: ['ST', 'H3']
name: b10705013, hole_card: ['C8', 'S6']
"b11902140" declared "raise:15.0"
name: b11902140, hole_card: ['ST', 'H3']
name: b10705013, hole_card: ['C8', 'S6']
"b10705013" declared "call:15.0"
Street "flop" started. (community card = ['D3', 'C5', 'H2'])
name: b11902140, hole_card: ['ST', 'H3']
name: b10705013, hole_card: ['C8', 'S6']
"b11902140" declared "raise:91.0"
name: b11902140, hole_card: ['ST', 'H3']
name: b10705013, hole_card: ['C8', 'S6']
"b10705013" declared "fold:0"
"['b11902140']" won the round 4 (stack = {'b11902140': 1055.0, 'b10705013': 945.0})
community cards of this round: ['CK', 'H6', 'D7', 'D6', 'D2']
name: b11902140, hole_card: ['DJ', 'C6']
name: b10705013, hole_card: ['C9', 'DK']
Started the round 5
Street "preflop" started. (community card = [])
name: b11902140, hole_card: ['DJ', 'C6']
name: b10705013, hole_card: ['C9', 'DK']
"b10705013" declared "call:10"
name: b11902140, hole_card: ['DJ', 'C6']
name: b10705013, hole_card: ['C9', 'DK']
"b11902140" declared "raise:15.0"
name: b11902140, hole_card: ['DJ', 'C6']
name: b10705013, hole_card: ['C9', 'DK']
"b10705013" declared "call:15.0"
Street "flop" started. (community card = ['CK', 'H6', 'D7'])
name: b11902140, hole_card: ['DJ', 'C6']
name: b10705013, hole_card: ['C9', 'DK']
"b10705013" declared "raise:40.0"
name: b11902140, hole_card: ['DJ', 'C6']
name: b10705013, hole_card: ['C9', 'DK']
"b11902140" declared "raise:80.0"
name: b11902140, hole_card: ['DJ', 'C6']
name: b10705013, hole_card: ['C9', 'DK']
"b10705013" declared "raise:120.0"
name: b11902140, hole_card: ['DJ', 'C6']
name: b10705013, hole_card: ['C9', 'DK']
"b11902140" declared "call:120.0"
Street "turn" started. (community card = ['CK', 'H6', 'D7', 'D6'])
name: b11902140, hole_card: ['DJ', 'C6']
name: b10705013, hole_card: ['C9', 'DK']
"b10705013" declared "raise:50.0"
name: b11902140, hole_card: ['DJ', 'C6']
name: b10705013, hole_card: ['C9', 'DK']
"b11902140" declared "call:50.0"
Street "river" started. (community card = ['CK', 'H6', 'D7', 'D6', 'D2'])
name: b11902140, hole_card: ['DJ', 'C6']
name: b10705013, hole_card: ['C9', 'DK']
"b10705013" declared "raise:60.0"
name: b11902140, hole_card: ['DJ', 'C6']
name: b10705013, hole_card: ['C9', 'DK']
"b11902140" declared "call:60.0"
"['b11902140']" won the round 5 (stack = {'b11902140': 1300.0, 'b10705013': 700.0})
community cards of this round: ['HJ', 'SJ', 'H9', 'CT', 'S2']
name: b11902140, hole_card: ['HT', 'C2']
name: b10705013, hole_card: ['S5', 'DQ']
Started the round 6
Street "preflop" started. (community card = [])
name: b11902140, hole_card: ['HT', 'C2']
name: b10705013, hole_card: ['S5', 'DQ']
"b11902140" declared "fold:0"
"['b10705013']" won the round 6 (stack = {'b11902140': 1295.0, 'b10705013': 705.0})
community cards of this round: ['H5', 'DK', 'CJ', 'HK', 'SJ']
name: b11902140, hole_card: ['D3', 'H4']
name: b10705013, hole_card: ['DA', 'C9']
Started the round 7
Street "preflop" started. (community card = [])
name: b11902140, hole_card: ['D3', 'H4']
name: b10705013, hole_card: ['DA', 'C9']
"b10705013" declared "call:10"
name: b11902140, hole_card: ['D3', 'H4']
name: b10705013, hole_card: ['DA', 'C9']
"b11902140" declared "fold:0"
"['b10705013']" won the round 7 (stack = {'b11902140': 1285.0, 'b10705013': 715.0})
community cards of this round: ['H6', 'C6', 'H2', 'C2', 'H5']
name: b11902140, hole_card: ['C8', 'D7']
name: b10705013, hole_card: ['DT', 'C3']
Started the round 8
Street "preflop" started. (community card = [])
name: b11902140, hole_card: ['C8', 'D7']
name: b10705013, hole_card: ['DT', 'C3']
"b11902140" declared "fold:0"
"['b10705013']" won the round 8 (stack = {'b11902140': 1280.0, 'b10705013': 720.0})
community cards of this round: ['D8', 'DJ', 'S8', 'C9', 'S6']
name: b11902140, hole_card: ['D3', 'CT']
name: b10705013, hole_card: ['CK', 'HA']
Started the round 9
Street "preflop" started. (community card = [])
name: b11902140, hole_card: ['D3', 'CT']
name: b10705013, hole_card: ['CK', 'HA']
"b10705013" declared "call:10"
name: b11902140, hole_card: ['D3', 'CT']
name: b10705013, hole_card: ['CK', 'HA']
"b11902140" declared "fold:0"
"['b10705013']" won the round 9 (stack = {'b11902140': 1270.0, 'b10705013': 730.0})
community cards of this round: ['H3', 'D8', 'D6', 'S6', 'SQ']
name: b11902140, hole_card: ['HQ', 'S8']
name: b10705013, hole_card: ['D2', 'ST']
Started the round 10
Street "preflop" started. (community card = [])
name: b11902140, hole_card: ['HQ', 'S8']
name: b10705013, hole_card: ['D2', 'ST']
"b11902140" declared "fold:0"
"['b10705013']" won the round 10 (stack = {'b11902140': 1265.0, 'b10705013': 735.0})
community cards of this round: ['S6', 'D5', 'S2', 'H8', 'C4']
name: b11902140, hole_card: ['H4', 'HT']
name: b10705013, hole_card: ['S5', 'D4']
Started the round 11
Street "preflop" started. (community card = [])
name: b11902140, hole_card: ['H4', 'HT']
name: b10705013, hole_card: ['S5', 'D4']
"b10705013" declared "call:10"
name: b11902140, hole_card: ['H4', 'HT']
name: b10705013, hole_card: ['S5', 'D4']
"b11902140" declared "fold:0"
"['b10705013']" won the round 11 (stack = {'b11902140': 1255.0, 'b10705013': 745.0})
community cards of this round: ['S6', 'H5', 'HA', 'C2', 'C4']
name: b11902140, hole_card: ['HK', 'D9']
name: b10705013, hole_card: ['SQ', 'H6']
Started the round 12
Street "preflop" started. (community card = [])
name: b11902140, hole_card: ['HK', 'D9']
name: b10705013, hole_card: ['SQ', 'H6']
"b11902140" declared "fold:0"
"['b10705013']" won the round 12 (stack = {'b11902140': 1250.0, 'b10705013': 750.0})
community cards of this round: ['S4', 'HT', 'C5', 'HA', 'C8']
name: b11902140, hole_card: ['S8', 'H3']
name: b10705013, hole_card: ['ST', 'DA']
Started the round 13
Street "preflop" started. (community card = [])
name: b11902140, hole_card: ['S8', 'H3']
name: b10705013, hole_card: ['ST', 'DA']
"b10705013" declared "call:10"
name: b11902140, hole_card: ['S8', 'H3']
name: b10705013, hole_card: ['ST', 'DA']
"b11902140" declared "fold:0"
"['b10705013']" won the round 13 (stack = {'b11902140': 1240.0, 'b10705013': 760.0})
community cards of this round: ['DT', 'S2', 'H5', 'SA', 'H8']
name: b11902140, hole_card: ['H9', 'H4']
name: b10705013, hole_card: ['D7', 'H7']
Started the round 14
Street "preflop" started. (community card = [])
name: b11902140, hole_card: ['H9', 'H4']
name: b10705013, hole_card: ['D7', 'H7']
"b11902140" declared "fold:0"
"['b10705013']" won the round 14 (stack = {'b11902140': 1235.0, 'b10705013': 765.0})
community cards of this round: ['C5', 'CJ', 'CT', 'HT', 'SK']
name: b11902140, hole_card: ['DA', 'S4']
name: b10705013, hole_card: ['C3', 'DQ']
Started the round 15
Street "preflop" started. (community card = [])
name: b11902140, hole_card: ['DA', 'S4']
name: b10705013, hole_card: ['C3', 'DQ']
"b10705013" declared "call:10"
name: b11902140, hole_card: ['DA', 'S4']
name: b10705013, hole_card: ['C3', 'DQ']
"b11902140" declared "fold:0"
"['b10705013']" won the round 15 (stack = {'b11902140': 1225.0, 'b10705013': 775.0})
community cards of this round: ['S4', 'SJ', 'D3', 'D6', 'DK']
name: b11902140, hole_card: ['S9', 'HQ']
name: b10705013, hole_card: ['DQ', 'C3']
Started the round 16
Street "preflop" started. (community card = [])
name: b11902140, hole_card: ['S9', 'HQ']
name: b10705013, hole_card: ['DQ', 'C3']
"b11902140" declared "fold:0"
"['b10705013']" won the round 16 (stack = {'b11902140': 1220.0, 'b10705013': 780.0})
community cards of this round: ['S6', 'C8', 'D4', 'H2', 'S4']
name: b11902140, hole_card: ['D8', 'D3']
name: b10705013, hole_card: ['C6', 'HK']
Started the round 17
Street "preflop" started. (community card = [])
name: b11902140, hole_card: ['D8', 'D3']
name: b10705013, hole_card: ['C6', 'HK']
"b10705013" declared "call:10"
name: b11902140, hole_card: ['D8', 'D3']
name: b10705013, hole_card: ['C6', 'HK']
"b11902140" declared "fold:0"
"['b10705013']" won the round 17 (stack = {'b11902140': 1210.0, 'b10705013': 790.0})
community cards of this round: ['DT', 'C3', 'D7', 'SQ', 'H5']
name: b11902140, hole_card: ['SA', 'H2']
name: b10705013, hole_card: ['DA', 'SK']
Started the round 18
Street "preflop" started. (community card = [])
name: b11902140, hole_card: ['SA', 'H2']
name: b10705013, hole_card: ['DA', 'SK']
"b11902140" declared "fold:0"
"['b10705013']" won the round 18 (stack = {'b11902140': 1205.0, 'b10705013': 795.0})
community cards of this round: ['C7', 'H6', 'SA', 'DQ', 'CK']
name: b11902140, hole_card: ['S4', 'D7']
name: b10705013, hole_card: ['SQ', 'C6']
Started the round 19
Street "preflop" started. (community card = [])
name: b11902140, hole_card: ['S4', 'D7']
name: b10705013, hole_card: ['SQ', 'C6']
"b10705013" declared "call:10"
name: b11902140, hole_card: ['S4', 'D7']
name: b10705013, hole_card: ['SQ', 'C6']
"b11902140" declared "fold:0"
"['b10705013']" won the round 19 (stack = {'b11902140': 1195.0, 'b10705013': 805.0})
community cards of this round: ['C7', 'ST', 'H3', 'SQ', 'HQ']
name: b11902140, hole_card: ['H6', 'D6']
name: b10705013, hole_card: ['D8', 'SA']
Started the round 20
Street "preflop" started. (community card = [])
name: b11902140, hole_card: ['H6', 'D6']
name: b10705013, hole_card: ['D8', 'SA']
"b11902140" declared "fold:0"
"['b10705013']" won the round 20 (stack = {'b11902140': 1190.0, 'b10705013': 810.0})
b11902140 vs b10705013 - Game 2: {'rule': {'initial_stack': 1000, 'max_round': 20, 'small_blind_amount': 5, 'ante': 0, 'blind_structure': {}}, 'players': [{'name': 'b11902140', 'uuid': 'ywmhcdihhzadanjpixvgzh', 'stack': 1190.0, 'state': 'participating'}, {'name': 'b10705013', 'uuid': 'kjtphxkxcfobjaogxdiual', 'stack': 810.0, 'state': 'participating'}]}
community cards of this round: ['D5', 'H4', 'HA', 'HQ', 'C8']
name: b10705013, hole_card: ['SK', 'D8']
name: b11902140, hole_card: ['S4', 'DQ']
Started the round 1
Street "preflop" started. (community card = [])
name: b10705013, hole_card: ['SK', 'D8']
name: b11902140, hole_card: ['S4', 'DQ']
"b11902140" declared "raise:15.0"
name: b10705013, hole_card: ['SK', 'D8']
name: b11902140, hole_card: ['S4', 'DQ']
"b10705013" declared "call:15.0"
Street "flop" started. (community card = ['D5', 'H4', 'HA'])
name: b10705013, hole_card: ['SK', 'D8']
name: b11902140, hole_card: ['S4', 'DQ']
"b11902140" declared "raise:161.0"
name: b10705013, hole_card: ['SK', 'D8']
name: b11902140, hole_card: ['S4', 'DQ']
"b10705013" declared "fold:0"
"['b11902140']" won the round 1 (stack = {'b10705013': 985.0, 'b11902140': 1015.0})
community cards of this round: ['HJ', 'CQ', 'C9', 'H3', 'HK']
name: b10705013, hole_card: ['S4', 'H2']
name: b11902140, hole_card: ['CK', 'C2']
Started the round 2
Street "preflop" started. (community card = [])
name: b10705013, hole_card: ['S4', 'H2']
name: b11902140, hole_card: ['CK', 'C2']
"b10705013" declared "call:10"
name: b10705013, hole_card: ['S4', 'H2']
name: b11902140, hole_card: ['CK', 'C2']
"b11902140" declared "raise:15.0"
name: b10705013, hole_card: ['S4', 'H2']
name: b11902140, hole_card: ['CK', 'C2']
"b10705013" declared "fold:0"
"['b11902140']" won the round 2 (stack = {'b10705013': 975.0, 'b11902140': 1025.0})
community cards of this round: ['H5', 'S8', 'D4', 'S9', 'SK']
name: b10705013, hole_card: ['DQ', 'DA']
name: b11902140, hole_card: ['S7', 'D7']
Started the round 3
Street "preflop" started. (community card = [])
name: b10705013, hole_card: ['DQ', 'DA']
name: b11902140, hole_card: ['S7', 'D7']
"b11902140" declared "raise:131.0"
name: b10705013, hole_card: ['DQ', 'DA']
name: b11902140, hole_card: ['S7', 'D7']
"b10705013" declared "fold:0"
"['b11902140']" won the round 3 (stack = {'b10705013': 965.0, 'b11902140': 1035.0})
community cards of this round: ['HJ', 'D6', 'C7', 'DK', 'CK']
name: b10705013, hole_card: ['H3', 'CA']
name: b11902140, hole_card: ['D8', 'C4']
Started the round 4
Street "preflop" started. (community card = [])
name: b10705013, hole_card: ['H3', 'CA']
name: b11902140, hole_card: ['D8', 'C4']
"b10705013" declared "call:10"
name: b10705013, hole_card: ['H3', 'CA']
name: b11902140, hole_card: ['D8', 'C4']
"b11902140" declared "call:10"
Street "flop" started. (community card = ['HJ', 'D6', 'C7'])
name: b10705013, hole_card: ['H3', 'CA']
name: b11902140, hole_card: ['D8', 'C4']
"b10705013" declared "call:0"
name: b10705013, hole_card: ['H3', 'CA']
name: b11902140, hole_card: ['D8', 'C4']
"b11902140" declared "call:0"
Street "turn" started. (community card = ['HJ', 'D6', 'C7', 'DK'])
name: b10705013, hole_card: ['H3', 'CA']
name: b11902140, hole_card: ['D8', 'C4']
"b10705013" declared "call:0"
name: b10705013, hole_card: ['H3', 'CA']
name: b11902140, hole_card: ['D8', 'C4']
"b11902140" declared "call:0"
Street "river" started. (community card = ['HJ', 'D6', 'C7', 'DK', 'CK'])
name: b10705013, hole_card: ['H3', 'CA']
name: b11902140, hole_card: ['D8', 'C4']
"b10705013" declared "call:0"
name: b10705013, hole_card: ['H3', 'CA']
name: b11902140, hole_card: ['D8', 'C4']
"b11902140" declared "call:0"
"['b10705013']" won the round 4 (stack = {'b10705013': 975.0, 'b11902140': 1025.0})
community cards of this round: ['D2', 'C2', 'D6', 'D9', 'CK']
name: b10705013, hole_card: ['C5', 'HA']
name: b11902140, hole_card: ['D8', 'C9']
Started the round 5
Street "preflop" started. (community card = [])
name: b10705013, hole_card: ['C5', 'HA']
name: b11902140, hole_card: ['D8', 'C9']
"b11902140" declared "raise:15.0"
name: b10705013, hole_card: ['C5', 'HA']
name: b11902140, hole_card: ['D8', 'C9']
"b10705013" declared "call:15.0"
Street "flop" started. (community card = ['D2', 'C2', 'D6'])
name: b10705013, hole_card: ['C5', 'HA']
name: b11902140, hole_card: ['D8', 'C9']
"b11902140" declared "call:0"
name: b10705013, hole_card: ['C5', 'HA']
name: b11902140, hole_card: ['D8', 'C9']
"b10705013" declared "call:0"
Street "turn" started. (community card = ['D2', 'C2', 'D6', 'D9'])
name: b10705013, hole_card: ['C5', 'HA']
name: b11902140, hole_card: ['D8', 'C9']
"b11902140" declared "raise:96.0"
name: b10705013, hole_card: ['C5', 'HA']
name: b11902140, hole_card: ['D8', 'C9']
"b10705013" declared "fold:0"
"['b11902140']" won the round 5 (stack = {'b10705013': 960.0, 'b11902140': 1040.0})
community cards of this round: ['HA', 'C5', 'D5', 'D3', 'DJ']
name: b10705013, hole_card: ['SK', 'S9']
name: b11902140, hole_card: ['S3', 'D4']
Started the round 6
Street "preflop" started. (community card = [])
name: b10705013, hole_card: ['SK', 'S9']
name: b11902140, hole_card: ['S3', 'D4']
"b10705013" declared "call:10"
name: b10705013, hole_card: ['SK', 'S9']
name: b11902140, hole_card: ['S3', 'D4']
"b11902140" declared "fold:0"
"['b10705013']" won the round 6 (stack = {'b10705013': 970.0, 'b11902140': 1030.0})
community cards of this round: ['S5', 'S2', 'S9', 'D5', 'DT']
name: b10705013, hole_card: ['C4', 'H9']
name: b11902140, hole_card: ['HQ', 'H2']
Started the round 7
Street "preflop" started. (community card = [])
name: b10705013, hole_card: ['C4', 'H9']
name: b11902140, hole_card: ['HQ', 'H2']
"b11902140" declared "raise:15.0"
name: b10705013, hole_card: ['C4', 'H9']
name: b11902140, hole_card: ['HQ', 'H2']
"b10705013" declared "call:15.0"
Street "flop" started. (community card = ['S5', 'S2', 'S9'])
name: b10705013, hole_card: ['C4', 'H9']
name: b11902140, hole_card: ['HQ', 'H2']
"b11902140" declared "raise:10.0"
name: b10705013, hole_card: ['C4', 'H9']
name: b11902140, hole_card: ['HQ', 'H2']
"b10705013" declared "call:10.0"
Street "turn" started. (community card = ['S5', 'S2', 'S9', 'D5'])
name: b10705013, hole_card: ['C4', 'H9']
name: b11902140, hole_card: ['HQ', 'H2']
"b11902140" declared "raise:10.0"
name: b10705013, hole_card: ['C4', 'H9']
name: b11902140, hole_card: ['HQ', 'H2']
"b10705013" declared "call:10.0"
Street "river" started. (community card = ['S5', 'S2', 'S9', 'D5', 'DT'])
name: b10705013, hole_card: ['C4', 'H9']
name: b11902140, hole_card: ['HQ', 'H2']
"b11902140" declared "call:0"
name: b10705013, hole_card: ['C4', 'H9']
name: b11902140, hole_card: ['HQ', 'H2']
"b10705013" declared "call:0"
"['b10705013']" won the round 7 (stack = {'b10705013': 1005.0, 'b11902140': 995.0})
community cards of this round: ['D5', 'ST', 'CJ', 'S4', 'SA']
name: b10705013, hole_card: ['S2', 'C5']
name: b11902140, hole_card: ['C8', 'DK']
Started the round 8
Street "preflop" started. (community card = [])
name: b10705013, hole_card: ['S2', 'C5']
name: b11902140, hole_card: ['C8', 'DK']
"b10705013" declared "call:10"
name: b10705013, hole_card: ['S2', 'C5']
name: b11902140, hole_card: ['C8', 'DK']
"b11902140" declared "raise:19.924623115577887"
name: b10705013, hole_card: ['S2', 'C5']
name: b11902140, hole_card: ['C8', 'DK']
"b10705013" declared "call:19.924623115577887"
Street "flop" started. (community card = ['D5', 'ST', 'CJ'])
name: b10705013, hole_card: ['S2', 'C5']
name: b11902140, hole_card: ['C8', 'DK']
"b10705013" declared "call:0"
name: b10705013, hole_card: ['S2', 'C5']
name: b11902140, hole_card: ['C8', 'DK']
"b11902140" declared "call:0"
Street "turn" started. (community card = ['D5', 'ST', 'CJ', 'S4'])
name: b10705013, hole_card: ['S2', 'C5']
name: b11902140, hole_card: ['C8', 'DK']
"b10705013" declared "call:0"
name: b10705013, hole_card: ['S2', 'C5']
name: b11902140, hole_card: ['C8', 'DK']
"b11902140" declared "call:0"
Street "river" started. (community card = ['D5', 'ST', 'CJ', 'S4', 'SA'])
name: b10705013, hole_card: ['S2', 'C5']
name: b11902140, hole_card: ['C8', 'DK']
"b10705013" declared "call:0"
name: b10705013, hole_card: ['S2', 'C5']
name: b11902140, hole_card: ['C8', 'DK']
"b11902140" declared "call:0"
"['b10705013']" won the round 8 (stack = {'b10705013': 1024.075376884422, 'b11902140': 975.0753768844221})
community cards of this round: ['D7', 'SJ', 'H2', 'D5', 'C8']
name: b10705013, hole_card: ['D6', 'S4']
name: b11902140, hole_card: ['S8', 'H8']
Started the round 9
Street "preflop" started. (community card = [])
name: b10705013, hole_card: ['D6', 'S4']
name: b11902140, hole_card: ['S8', 'H8']
"b11902140" declared "raise:39.123106060606005"
name: b10705013, hole_card: ['D6', 'S4']
name: b11902140, hole_card: ['S8', 'H8']
"b10705013" declared "call:39.123106060606005"
Street "flop" started. (community card = ['D7', 'SJ', 'H2'])
name: b10705013, hole_card: ['D6', 'S4']
name: b11902140, hole_card: ['S8', 'H8']
"b11902140" declared "raise:57.253787878787875"
name: b10705013, hole_card: ['D6', 'S4']
name: b11902140, hole_card: ['S8', 'H8']
"b10705013" declared "fold:0"
"['b11902140']" won the round 9 (stack = {'b10705013': 984.952270823816, 'b11902140': 1013.6984829450282})
community cards of this round: ['D8', 'DJ', 'S7', 'D3', 'HQ']
name: b10705013, hole_card: ['SQ', 'H3']
name: b11902140, hole_card: ['H8', 'C6']
Started the round 10
Street "preflop" started. (community card = [])
name: b10705013, hole_card: ['SQ', 'H3']
name: b11902140, hole_card: ['H8', 'C6']
"b10705013" declared "call:10"
name: b10705013, hole_card: ['SQ', 'H3']
name: b11902140, hole_card: ['H8', 'C6']
"b11902140" declared "call:10"
Street "flop" started. (community card = ['D8', 'DJ', 'S7'])
name: b10705013, hole_card: ['SQ', 'H3']
name: b11902140, hole_card: ['H8', 'C6']
"b10705013" declared "call:0"
name: b10705013, hole_card: ['SQ', 'H3']
name: b11902140, hole_card: ['H8', 'C6']
"b11902140" declared "raise:66.62689393939377"
name: b10705013, hole_card: ['SQ', 'H3']
name: b11902140, hole_card: ['H8', 'C6']
"b10705013" declared "fold:0"
"['b11902140']" won the round 10 (stack = {'b10705013': 974.952270823816, 'b11902140': 1023.0715890056345})
community cards of this round: ['DA', 'S3', 'SJ', 'C5', 'DT']
name: b10705013, hole_card: ['H3', 'DJ']
name: b11902140, hole_card: ['CQ', 'SK']
Started the round 11
Street "preflop" started. (community card = [])
name: b10705013, hole_card: ['H3', 'DJ']
name: b11902140, hole_card: ['CQ', 'SK']
"b11902140" declared "raise:51.940340909090764"
name: b10705013, hole_card: ['H3', 'DJ']
name: b11902140, hole_card: ['CQ', 'SK']
"b10705013" declared "fold:0"
"['b11902140']" won the round 11 (stack = {'b10705013': 964.952270823816, 'b11902140': 1032.1312480965437})
community cards of this round: ['C3', 'S2', 'S8', 'C4', 'H7']
name: b10705013, hole_card: ['SJ', 'D4']
name: b11902140, hole_card: ['C6', 'CA']
Started the round 12
Street "preflop" started. (community card = [])
name: b10705013, hole_card: ['SJ', 'D4']
name: b11902140, hole_card: ['C6', 'CA']
"b10705013" declared "call:10"
name: b10705013, hole_card: ['SJ', 'D4']
name: b11902140, hole_card: ['C6', 'CA']
"b11902140" declared "raise:15.0"
name: b10705013, hole_card: ['SJ', 'D4']
name: b11902140, hole_card: ['C6', 'CA']
"b10705013" declared "call:15.0"
Street "flop" started. (community card = ['C3', 'S2', 'S8'])
name: b10705013, hole_card: ['SJ', 'D4']
name: b11902140, hole_card: ['C6', 'CA']
"b10705013" declared "call:0"
name: b10705013, hole_card: ['SJ', 'D4']
name: b11902140, hole_card: ['C6', 'CA']
"b11902140" declared "call:0"
Street "turn" started. (community card = ['C3', 'S2', 'S8', 'C4'])
name: b10705013, hole_card: ['SJ', 'D4']
name: b11902140, hole_card: ['C6', 'CA']
"b10705013" declared "call:0"
name: b10705013, hole_card: ['SJ', 'D4']
name: b11902140, hole_card: ['C6', 'CA']
"b11902140" declared "call:0"
Street "river" started. (community card = ['C3', 'S2', 'S8', 'C4', 'H7'])
name: b10705013, hole_card: ['SJ', 'D4']
name: b11902140, hole_card: ['C6', 'CA']
"b10705013" declared "call:0"
name: b10705013, hole_card: ['SJ', 'D4']
name: b11902140, hole_card: ['C6', 'CA']
"b11902140" declared "call:0"
"['b10705013']" won the round 12 (stack = {'b10705013': 979.952270823816, 'b11902140': 1017.1312480965437})
community cards of this round: ['S8', 'H7', 'SA', 'DJ', 'DQ']
name: b10705013, hole_card: ['C9', 'C6']
name: b11902140, hole_card: ['D9', 'C4']
Started the round 13
Street "preflop" started. (community card = [])
name: b10705013, hole_card: ['C9', 'C6']
name: b11902140, hole_card: ['D9', 'C4']
"b11902140" declared "raise:15.0"
name: b10705013, hole_card: ['C9', 'C6']
name: b11902140, hole_card: ['D9', 'C4']
"b10705013" declared "call:15.0"
Street "flop" started. (community card = ['S8', 'H7', 'SA'])
name: b10705013, hole_card: ['C9', 'C6']
name: b11902140, hole_card: ['D9', 'C4']
"b11902140" declared "call:0"
name: b10705013, hole_card: ['C9', 'C6']
name: b11902140, hole_card: ['D9', 'C4']
"b10705013" declared "call:0"
Street "turn" started. (community card = ['S8', 'H7', 'SA', 'DJ'])
name: b10705013, hole_card: ['C9', 'C6']
name: b11902140, hole_card: ['D9', 'C4']
"b11902140" declared "call:0"
name: b10705013, hole_card: ['C9', 'C6']
name: b11902140, hole_card: ['D9', 'C4']
"b10705013" declared "call:0"
Street "river" started. (community card = ['S8', 'H7', 'SA', 'DJ', 'DQ'])
name: b10705013, hole_card: ['C9', 'C6']
name: b11902140, hole_card: ['D9', 'C4']
"b11902140" declared "call:0"
name: b10705013, hole_card: ['C9', 'C6']
name: b11902140, hole_card: ['D9', 'C4']
"b10705013" declared "call:0"
"['b10705013']" won the round 13 (stack = {'b10705013': 994.952270823816, 'b11902140': 1002.1312480965437})
community cards of this round: ['H2', 'C6', 'H9', 'C3', 'S2']
name: b10705013, hole_card: ['SJ', 'DT']
name: b11902140, hole_card: ['H5', 'C5']
Started the round 14
Street "preflop" started. (community card = [])
name: b10705013, hole_card: ['SJ', 'DT']
name: b11902140, hole_card: ['H5', 'C5']
"b10705013" declared "call:10"
name: b10705013, hole_card: ['SJ', 'DT']
name: b11902140, hole_card: ['H5', 'C5']
"b11902140" declared "raise:15.0"
name: b10705013, hole_card: ['SJ', 'DT']
name: b11902140, hole_card: ['H5', 'C5']
"b10705013" declared "call:15.0"
Street "flop" started. (community card = ['H2', 'C6', 'H9'])
name: b10705013, hole_card: ['SJ', 'DT']
name: b11902140, hole_card: ['H5', 'C5']
"b10705013" declared "call:0"
name: b10705013, hole_card: ['SJ', 'DT']
name: b11902140, hole_card: ['H5', 'C5']
"b11902140" declared "raise:27.41051136363626"
name: b10705013, hole_card: ['SJ', 'DT']
name: b11902140, hole_card: ['H5', 'C5']
"b10705013" declared "fold:0"
"['b11902140']" won the round 14 (stack = {'b10705013': 979.952270823816, 'b11902140': 1016.7207367329074})
community cards of this round: ['C7', 'S3', 'S8', 'ST', 'H5']
name: b10705013, hole_card: ['SK', 'C3']
name: b11902140, hole_card: ['DQ', 'CA']
Started the round 15
Street "preflop" started. (community card = [])
name: b10705013, hole_card: ['SK', 'C3']
name: b11902140, hole_card: ['DQ', 'CA']
"b11902140" declared "raise:17.615767045454277"
name: b10705013, hole_card: ['SK', 'C3']
name: b11902140, hole_card: ['DQ', 'CA']
"b10705013" declared "call:17.615767045454277"
Street "flop" started. (community card = ['C7', 'S3', 'S8'])
name: b10705013, hole_card: ['SK', 'C3']
name: b11902140, hole_card: ['DQ', 'CA']
"b11902140" declared "call:0"
name: b10705013, hole_card: ['SK', 'C3']
name: b11902140, hole_card: ['DQ', 'CA']
"b10705013" declared "call:0"
Street "turn" started. (community card = ['C7', 'S3', 'S8', 'ST'])
name: b10705013, hole_card: ['SK', 'C3']
name: b11902140, hole_card: ['DQ', 'CA']
"b11902140" declared "call:0"
name: b10705013, hole_card: ['SK', 'C3']
name: b11902140, hole_card: ['DQ', 'CA']
"b10705013" declared "call:0"
Street "river" started. (community card = ['C7', 'S3', 'S8', 'ST', 'H5'])
name: b10705013, hole_card: ['SK', 'C3']
name: b11902140, hole_card: ['DQ', 'CA']
"b11902140" declared "call:0"
name: b10705013, hole_card: ['SK', 'C3']
name: b11902140, hole_card: ['DQ', 'CA']
"b10705013" declared "call:0"
"['b10705013']" won the round 15 (stack = {'b10705013': 997.3365037783617, 'b11902140': 999.1049696874531})
community cards of this round: ['ST', 'D8', 'D6', 'DQ', 'S9']
name: b10705013, hole_card: ['H5', 'SA']
name: b11902140, hole_card: ['D4', 'D9']
Started the round 16
Street "preflop" started. (community card = [])
name: b10705013, hole_card: ['H5', 'SA']
name: b11902140, hole_card: ['D4', 'D9']
"b10705013" declared "call:10"
name: b10705013, hole_card: ['H5', 'SA']
name: b11902140, hole_card: ['D4', 'D9']
"b11902140" declared "call:10"
Street "flop" started. (community card = ['ST', 'D8', 'D6'])
name: b10705013, hole_card: ['H5', 'SA']
name: b11902140, hole_card: ['D4', 'D9']
"b10705013" declared "call:0"
name: b10705013, hole_card: ['H5', 'SA']
name: b11902140, hole_card: ['D4', 'D9']
"b11902140" declared "raise:20.115767045454277"
name: b10705013, hole_card: ['H5', 'SA']
name: b11902140, hole_card: ['D4', 'D9']
"b10705013" declared "fold:0"
"['b11902140']" won the round 16 (stack = {'b10705013': 987.3365037783617, 'b11902140': 1008.9892026419989})
community cards of this round: ['HT', 'S2', 'H9', 'HJ', 'HQ']
name: b10705013, hole_card: ['H3', 'D7']
name: b11902140, hole_card: ['SJ', 'C3']
Started the round 17
Street "preflop" started. (community card = [])
name: b10705013, hole_card: ['H3', 'D7']
name: b11902140, hole_card: ['SJ', 'C3']
"b11902140" declared "raise:15.0"
name: b10705013, hole_card: ['H3', 'D7']
name: b11902140, hole_card: ['SJ', 'C3']
"b10705013" declared "call:15.0"
Street "flop" started. (community card = ['HT', 'S2', 'H9'])
name: b10705013, hole_card: ['H3', 'D7']
name: b11902140, hole_card: ['SJ', 'C3']
"b11902140" declared "call:0"
name: b10705013, hole_card: ['H3', 'D7']
name: b11902140, hole_card: ['SJ', 'C3']
"b10705013" declared "raise:10"
name: b10705013, hole_card: ['H3', 'D7']
name: b11902140, hole_card: ['SJ', 'C3']
"b11902140" declared "fold:0"
"['b10705013']" won the round 17 (stack = {'b10705013': 1002.3365037783617, 'b11902140': 993.9892026419989})
community cards of this round: ['SK', 'HA', 'S9', 'DK', 'CT']
name: b10705013, hole_card: ['H2', 'S5']
name: b11902140, hole_card: ['H7', 'D7']
Started the round 18
Street "preflop" started. (community card = [])
name: b10705013, hole_card: ['H2', 'S5']
name: b11902140, hole_card: ['H7', 'D7']
"b10705013" declared "call:10"
name: b10705013, hole_card: ['H2', 'S5']
name: b11902140, hole_card: ['H7', 'D7']
"b11902140" declared "raise:19.11066722957339"
name: b10705013, hole_card: ['H2', 'S5']
name: b11902140, hole_card: ['H7', 'D7']
"b10705013" declared "call:19.11066722957339"
Street "flop" started. (community card = ['SK', 'HA', 'S9'])
name: b10705013, hole_card: ['H2', 'S5']
name: b11902140, hole_card: ['H7', 'D7']
"b10705013" declared "call:0"
name: b10705013, hole_card: ['H2', 'S5']
name: b11902140, hole_card: ['H7', 'D7']
"b11902140" declared "call:0"
Street "turn" started. (community card = ['SK', 'HA', 'S9', 'DK'])
name: b10705013, hole_card: ['H2', 'S5']
name: b11902140, hole_card: ['H7', 'D7']
"b10705013" declared "call:0"
name: b10705013, hole_card: ['H2', 'S5']
name: b11902140, hole_card: ['H7', 'D7']
"b11902140" declared "call:0"
Street "river" started. (community card = ['SK', 'HA', 'S9', 'DK', 'CT'])
name: b10705013, hole_card: ['H2', 'S5']
name: b11902140, hole_card: ['H7', 'D7']
"b10705013" declared "call:0"
name: b10705013, hole_card: ['H2', 'S5']
name: b11902140, hole_card: ['H7', 'D7']
"b11902140" declared "call:0"
"['b11902140']" won the round 18 (stack = {'b10705013': 983.2258365487883, 'b11902140': 1012.8785354124254})
community cards of this round: ['C6', 'H9', 'H2', 'DQ', 'CT']
name: b10705013, hole_card: ['HA', 'S4']
name: b11902140, hole_card: ['DT', 'S2']
Started the round 19
Street "preflop" started. (community card = [])
name: b10705013, hole_card: ['HA', 'S4']
name: b11902140, hole_card: ['DT', 'S2']
"b11902140" declared "fold:0"
"['b10705013']" won the round 19 (stack = {'b10705013': 988.2258365487883, 'b11902140': 1007.8785354124254})
community cards of this round: ['DK', 'CA', 'C9', 'H8', 'H7']
name: b10705013, hole_card: ['D7', 'H6']
name: b11902140, hole_card: ['C7', 'DT']
Started the round 20
Street "preflop" started. (community card = [])
name: b10705013, hole_card: ['D7', 'H6']
name: b11902140, hole_card: ['C7', 'DT']
"b10705013" declared "call:10"
name: b10705013, hole_card: ['D7', 'H6']
name: b11902140, hole_card: ['C7', 'DT']
"b11902140" declared "fold:0"
"['b10705013']" won the round 20 (stack = {'b10705013': 998.2258365487883, 'b11902140': 997.8785354124254})
b11902140 vs b10705013 - Game 3: {'rule': {'initial_stack': 1000, 'max_round': 20, 'small_blind_amount': 5, 'ante': 0, 'blind_structure': {}}, 'players': [{'name': 'b10705013', 'uuid': 'dyoaddwhzwwrjmuguvqtqy', 'stack': 998.2258365487883, 'state': 'participating'}, {'name': 'b11902140', 'uuid': 'dzhhvzgcrytimjurqrgumh', 'stack': 997.8785354124254, 'state': 'participating'}]}
community cards of this round: ['D5', 'H4', 'HA', 'HQ', 'C8']
name: b11902140, hole_card: ['SK', 'D8']
name: b10705013, hole_card: ['S4', 'DQ']
Started the round 1
Street "preflop" started. (community card = [])
name: b11902140, hole_card: ['SK', 'D8']
name: b10705013, hole_card: ['S4', 'DQ']
"b10705013" declared "call:10"
name: b11902140, hole_card: ['SK', 'D8']
name: b10705013, hole_card: ['S4', 'DQ']
"b11902140" declared "raise:15.0"
name: b11902140, hole_card: ['SK', 'D8']
name: b10705013, hole_card: ['S4', 'DQ']
"b10705013" declared "call:15.0"
Street "flop" started. (community card = ['D5', 'H4', 'HA'])
name: b11902140, hole_card: ['SK', 'D8']
name: b10705013, hole_card: ['S4', 'DQ']
"b10705013" declared "call:0"
name: b11902140, hole_card: ['SK', 'D8']
name: b10705013, hole_card: ['S4', 'DQ']
"b11902140" declared "call:0"
Street "turn" started. (community card = ['D5', 'H4', 'HA', 'HQ'])
name: b11902140, hole_card: ['SK', 'D8']
name: b10705013, hole_card: ['S4', 'DQ']
"b10705013" declared "raise:58.0"
name: b11902140, hole_card: ['SK', 'D8']
name: b10705013, hole_card: ['S4', 'DQ']
"b11902140" declared "fold:0"
"['b10705013']" won the round 1 (stack = {'b11902140': 985.0, 'b10705013': 1015.0})
community cards of this round: ['HJ', 'CQ', 'C9', 'H3', 'HK']
name: b11902140, hole_card: ['S4', 'H2']
name: b10705013, hole_card: ['CK', 'C2']
Started the round 2
Street "preflop" started. (community card = [])
name: b11902140, hole_card: ['S4', 'H2']
name: b10705013, hole_card: ['CK', 'C2']
"b11902140" declared "fold:0"
"['b10705013']" won the round 2 (stack = {'b11902140': 980.0, 'b10705013': 1020.0})
community cards of this round: ['H5', 'S8', 'D4', 'S9', 'SK']
name: b11902140, hole_card: ['DQ', 'DA']
name: b10705013, hole_card: ['S7', 'D7']
Started the round 3
Street "preflop" started. (community card = [])
name: b11902140, hole_card: ['DQ', 'DA']
name: b10705013, hole_card: ['S7', 'D7']
"b10705013" declared "call:10"
name: b11902140, hole_card: ['DQ', 'DA']
name: b10705013, hole_card: ['S7', 'D7']
"b11902140" declared "raise:34.69387755102041"
name: b11902140, hole_card: ['DQ', 'DA']
name: b10705013, hole_card: ['S7', 'D7']
"b10705013" declared "call:34.69387755102041"
Street "flop" started. (community card = ['H5', 'S8', 'D4'])
name: b11902140, hole_card: ['DQ', 'DA']
name: b10705013, hole_card: ['S7', 'D7']
"b10705013" declared "raise:42.0"
name: b11902140, hole_card: ['DQ', 'DA']
name: b10705013, hole_card: ['S7', 'D7']
"b11902140" declared "fold:0"
"['b10705013']" won the round 3 (stack = {'b11902140': 945.3061224489796, 'b10705013': 1054.3061224489797})
community cards of this round: ['HJ', 'D6', 'C7', 'DK', 'CK']
name: b11902140, hole_card: ['H3', 'CA']
name: b10705013, hole_card: ['D8', 'C4']
Started the round 4
Street "preflop" started. (community card = [])
name: b11902140, hole_card: ['H3', 'CA']
name: b10705013, hole_card: ['D8', 'C4']
"b11902140" declared "raise:68.63520077720213"
name: b11902140, hole_card: ['H3', 'CA']
name: b10705013, hole_card: ['D8', 'C4']
"b10705013" declared "fold:0"
"['b11902140']" won the round 4 (stack = {'b11902140': 954.6709216717775, 'b10705013': 1044.3061224489797})
community cards of this round: ['D2', 'C2', 'D6', 'D9', 'CK']
name: b11902140, hole_card: ['C5', 'HA']
name: b10705013, hole_card: ['D8', 'C9']
Started the round 5
Street "preflop" started. (community card = [])
name: b11902140, hole_card: ['C5', 'HA']
name: b10705013, hole_card: ['D8', 'C9']
"b10705013" declared "call:10"
name: b11902140, hole_card: ['C5', 'HA']
name: b10705013, hole_card: ['D8', 'C9']
"b11902140" declared "raise:59.11341637024665"
name: b11902140, hole_card: ['C5', 'HA']
name: b10705013, hole_card: ['D8', 'C9']
"b10705013" declared "fold:0"
"['b11902140']" won the round 5 (stack = {'b11902140': 964.5575053015308, 'b10705013': 1034.3061224489797})
community cards of this round: ['HA', 'C5', 'D5', 'D3', 'DJ']
name: b11902140, hole_card: ['SK', 'S9']
name: b10705013, hole_card: ['S3', 'D4']
Started the round 6
Street "preflop" started. (community card = [])
name: b11902140, hole_card: ['SK', 'S9']
name: b10705013, hole_card: ['S3', 'D4']
"b11902140" declared "raise:49.33197219073989"
name: b11902140, hole_card: ['SK', 'S9']
name: b10705013, hole_card: ['S3', 'D4']
"b10705013" declared "call:49.33197219073989"
Street "flop" started. (community card = ['HA', 'C5', 'D5'])
name: b11902140, hole_card: ['SK', 'S9']
name: b10705013, hole_card: ['S3', 'D4']
"b11902140" declared "call:0"
name: b11902140, hole_card: ['SK', 'S9']
name: b10705013, hole_card: ['S3', 'D4']
"b10705013" declared "call:0"
Street "turn" started. (community card = ['HA', 'C5', 'D5', 'D3'])
name: b11902140, hole_card: ['SK', 'S9']
name: b10705013, hole_card: ['S3', 'D4']
"b11902140" declared "call:0"
name: b11902140, hole_card: ['SK', 'S9']
name: b10705013, hole_card: ['S3', 'D4']
"b10705013" declared "call:0"
Street "river" started. (community card = ['HA', 'C5', 'D5', 'D3', 'DJ'])
name: b11902140, hole_card: ['SK', 'S9']
name: b10705013, hole_card: ['S3', 'D4']
"b11902140" declared "call:0"
name: b11902140, hole_card: ['SK', 'S9']
name: b10705013, hole_card: ['S3', 'D4']
"b10705013" declared "call:0"
"['b10705013']" won the round 6 (stack = {'b11902140': 915.2255331107909, 'b10705013': 1082.97415025824})
community cards of this round: ['S5', 'S2', 'S9', 'D5', 'DT']
name: b11902140, hole_card: ['C4', 'H9']
name: b10705013, hole_card: ['HQ', 'H2']
Started the round 7
Street "preflop" started. (community card = [])
name: b11902140, hole_card: ['C4', 'H9']
name: b10705013, hole_card: ['HQ', 'H2']
"b10705013" declared "call:10"
name: b11902140, hole_card: ['C4', 'H9']
name: b10705013, hole_card: ['HQ', 'H2']
"b11902140" declared "call:10"
Street "flop" started. (community card = ['S5', 'S2', 'S9'])
name: b11902140, hole_card: ['C4', 'H9']
name: b10705013, hole_card: ['HQ', 'H2']
"b10705013" declared "call:0"
name: b11902140, hole_card: ['C4', 'H9']
name: b10705013, hole_card: ['HQ', 'H2']
"b11902140" declared "raise:194.87430857372453"
name: b11902140, hole_card: ['C4', 'H9']
name: b10705013, hole_card: ['HQ', 'H2']
"b10705013" declared "fold:0"
"['b11902140']" won the round 7 (stack = {'b11902140': 924.3512245370664, 'b10705013': 1072.97415025824})
community cards of this round: ['D5', 'ST', 'CJ', 'S4', 'SA']
name: b11902140, hole_card: ['S2', 'C5']
name: b10705013, hole_card: ['C8', 'DK']
Started the round 8
Street "preflop" started. (community card = [])
name: b11902140, hole_card: ['S2', 'C5']
name: b10705013, hole_card: ['C8', 'DK']
"b11902140" declared "fold:0"
"['b10705013']" won the round 8 (stack = {'b11902140': 919.3512245370664, 'b10705013': 1077.97415025824})
community cards of this round: ['D7', 'SJ', 'H2', 'D5', 'C8']
name: b11902140, hole_card: ['D6', 'S4']
name: b10705013, hole_card: ['S8', 'H8']
Started the round 9
Street "preflop" started. (community card = [])
name: b11902140, hole_card: ['D6', 'S4']
name: b10705013, hole_card: ['S8', 'H8']
"b10705013" declared "call:10"
name: b11902140, hole_card: ['D6', 'S4']
name: b10705013, hole_card: ['S8', 'H8']
"b11902140" declared "call:10"
Street "flop" started. (community card = ['D7', 'SJ', 'H2'])
name: b11902140, hole_card: ['D6', 'S4']
name: b10705013, hole_card: ['S8', 'H8']
"b10705013" declared "raise:45.0"
name: b11902140, hole_card: ['D6', 'S4']
name: b10705013, hole_card: ['S8', 'H8']
"b11902140" declared "fold:0"
"['b10705013']" won the round 9 (stack = {'b11902140': 909.3512245370664, 'b10705013': 1087.97415025824})
community cards of this round: ['D8', 'DJ', 'S7', 'D3', 'HQ']
name: b11902140, hole_card: ['SQ', 'H3']
name: b10705013, hole_card: ['H8', 'C6']
Started the round 10
Street "preflop" started. (community card = [])
name: b11902140, hole_card: ['SQ', 'H3']
name: b10705013, hole_card: ['H8', 'C6']
"b11902140" declared "raise:102.83824557472363"
name: b11902140, hole_card: ['SQ', 'H3']
name: b10705013, hole_card: ['H8', 'C6']
"b10705013" declared "fold:0"
"['b11902140']" won the round 10 (stack = {'b11902140': 918.5129789623428, 'b10705013': 1077.97415025824})
community cards of this round: ['DA', 'S3', 'SJ', 'C5', 'DT']
name: b11902140, hole_card: ['H3', 'DJ']
name: b10705013, hole_card: ['CQ', 'SK']
Started the round 11
Street "preflop" started. (community card = [])
name: b11902140, hole_card: ['H3', 'DJ']
name: b10705013, hole_card: ['CQ', 'SK']
"b10705013" declared "call:10"
name: b11902140, hole_card: ['H3', 'DJ']
name: b10705013, hole_card: ['CQ', 'SK']
"b11902140" declared "call:10"
Street "flop" started. (community card = ['DA', 'S3', 'SJ'])
name: b11902140, hole_card: ['H3', 'DJ']
name: b10705013, hole_card: ['CQ', 'SK']
"b10705013" declared "call:0"
name: b11902140, hole_card: ['H3', 'DJ']
name: b10705013, hole_card: ['CQ', 'SK']
"b11902140" declared "raise:150.7305856479485"
name: b11902140, hole_card: ['H3', 'DJ']
name: b10705013, hole_card: ['CQ', 'SK']
"b10705013" declared "fold:0"
"['b11902140']" won the round 11 (stack = {'b11902140': 927.7823933143943, 'b10705013': 1067.97415025824})
community cards of this round: ['C3', 'S2', 'S8', 'C4', 'H7']
name: b11902140, hole_card: ['SJ', 'D4']
name: b10705013, hole_card: ['C6', 'CA']
Started the round 12
Street "preflop" started. (community card = [])
name: b11902140, hole_card: ['SJ', 'D4']
name: b10705013, hole_card: ['C6', 'CA']
"b11902140" declared "raise:83.96259745187379"
name: b11902140, hole_card: ['SJ', 'D4']
name: b10705013, hole_card: ['C6', 'CA']
"b10705013" declared "fold:0"
"['b11902140']" won the round 12 (stack = {'b11902140': 936.8197958625206, 'b10705013': 1057.97415025824})
community cards of this round: ['S8', 'H7', 'SA', 'DJ', 'DQ']
name: b11902140, hole_card: ['C9', 'C6']
name: b10705013, hole_card: ['D9', 'C4']
Started the round 13
Street "preflop" started. (community card = [])
name: b11902140, hole_card: ['C9', 'C6']
name: b10705013, hole_card: ['D9', 'C4']
"b10705013" declared "call:10"
name: b11902140, hole_card: ['C9', 'C6']
name: b10705013, hole_card: ['D9', 'C4']
"b11902140" declared "raise:74.6072386227132"
name: b11902140, hole_card: ['C9', 'C6']
name: b10705013, hole_card: ['D9', 'C4']
"b10705013" declared "fold:0"
"['b11902140']" won the round 13 (stack = {'b11902140': 946.2125572398073, 'b10705013': 1047.97415025824})
community cards of this round: ['H2', 'C6', 'H9', 'C3', 'S2']
name: b11902140, hole_card: ['SJ', 'DT']
name: b10705013, hole_card: ['H5', 'C5']
Started the round 14
Street "preflop" started. (community card = [])
name: b11902140, hole_card: ['SJ', 'DT']
name: b10705013, hole_card: ['H5', 'C5']
"b11902140" declared "raise:65.07419978652577"
name: b11902140, hole_card: ['SJ', 'DT']
name: b10705013, hole_card: ['H5', 'C5']
"b10705013" declared "fold:0"
"['b11902140']" won the round 14 (stack = {'b11902140': 956.1383574532815, 'b10705013': 1037.97415025824})
community cards of this round: ['C7', 'S3', 'S8', 'ST', 'H5']
name: b11902140, hole_card: ['SK', 'C3']
name: b10705013, hole_card: ['DQ', 'CA']
Started the round 15
Street "preflop" started. (community card = [])
name: b11902140, hole_card: ['SK', 'C3']
name: b10705013, hole_card: ['DQ', 'CA']
"b10705013" declared "call:10"
name: b11902140, hole_card: ['SK', 'C3']
name: b10705013, hole_card: ['DQ', 'CA']
"b11902140" declared "raise:55.27597210224299"
name: b11902140, hole_card: ['SK', 'C3']
name: b10705013, hole_card: ['DQ', 'CA']
"b10705013" declared "fold:0"
"['b11902140']" won the round 15 (stack = {'b11902140': 965.8623853510385, 'b10705013': 1027.97415025824})
community cards of this round: ['ST', 'D8', 'D6', 'DQ', 'S9']
name: b11902140, hole_card: ['H5', 'SA']
name: b10705013, hole_card: ['D4', 'D9']
Started the round 16
Street "preflop" started. (community card = [])
name: b11902140, hole_card: ['H5', 'SA']
name: b10705013, hole_card: ['D4', 'D9']
"b11902140" declared "raise:45.57357954599269"
name: b11902140, hole_card: ['H5', 'SA']
name: b10705013, hole_card: ['D4', 'D9']
"b10705013" declared "call:45.57357954599269"
Street "flop" started. (community card = ['ST', 'D8', 'D6'])
name: b11902140, hole_card: ['H5', 'SA']
name: b10705013, hole_card: ['D4', 'D9']
"b11902140" declared "call:0"
name: b11902140, hole_card: ['H5', 'SA']
name: b10705013, hole_card: ['D4', 'D9']
"b10705013" declared "call:0"
Street "turn" started. (community card = ['ST', 'D8', 'D6', 'DQ'])
name: b11902140, hole_card: ['H5', 'SA']
name: b10705013, hole_card: ['D4', 'D9']
"b11902140" declared "call:0"
name: b11902140, hole_card: ['H5', 'SA']
name: b10705013, hole_card: ['D4', 'D9']
"b10705013" declared "raise:253.0"
name: b11902140, hole_card: ['H5', 'SA']
name: b10705013, hole_card: ['D4', 'D9']
"b11902140" declared "call:253.0"
Street "river" started. (community card = ['ST', 'D8', 'D6', 'DQ', 'S9'])
name: b11902140, hole_card: ['H5', 'SA']
name: b10705013, hole_card: ['D4', 'D9']
"b11902140" declared "call:0"
name: b11902140, hole_card: ['H5', 'SA']
name: b10705013, hole_card: ['D4', 'D9']
"b10705013" declared "raise:729.4005707122471"
name: b11902140, hole_card: ['H5', 'SA']
name: b10705013, hole_card: ['D4', 'D9']
"b11902140" declared "call:729.4005707122471"
"['b10705013']" won the round 16 (stack = {'b11902140': 0.0, 'b10705013': 1993.0})
b11902140 vs b10705013 - Game 4: {'rule': {'initial_stack': 1000, 'max_round': 20, 'small_blind_amount': 5, 'ante': 0, 'blind_structure': {}}, 'players': [{'name': 'b11902140', 'uuid': 'mcpbmgxynpxzjzizrrypqn', 'stack': 0, 'state': 'folded'}, {'name': 'b10705013', 'uuid': 'jjdjgradpxvocvwvjduved', 'stack': 1993.0, 'state': 'participating'}]}
community cards of this round: ['C7', 'CT', 'S8', 'HA', 'S4']
name: b10705013, hole_card: ['HT', 'S6']
name: b11902140, hole_card: ['SJ', 'C5']
Started the round 1
Street "preflop" started. (community card = [])
name: b10705013, hole_card: ['HT', 'S6']
name: b11902140, hole_card: ['SJ', 'C5']
"b11902140" declared "raise:15.0"
name: b10705013, hole_card: ['HT', 'S6']
name: b11902140, hole_card: ['SJ', 'C5']
"b10705013" declared "call:15.0"
Street "flop" started. (community card = ['C7', 'CT', 'S8'])
name: b10705013, hole_card: ['HT', 'S6']
name: b11902140, hole_card: ['SJ', 'C5']
"b11902140" declared "call:0"
name: b10705013, hole_card: ['HT', 'S6']
name: b11902140, hole_card: ['SJ', 'C5']
"b10705013" declared "raise:42.0"
name: b10705013, hole_card: ['HT', 'S6']
name: b11902140, hole_card: ['SJ', 'C5']
"b11902140" declared "fold:0"
"['b10705013']" won the round 1 (stack = {'b10705013': 1015.0, 'b11902140': 985.0})
community cards of this round: ['CK', 'CT', 'SA', 'SQ', 'CQ']
name: b10705013, hole_card: ['H7', 'S9']
name: b11902140, hole_card: ['SK', 'C7']
Started the round 2
Street "preflop" started. (community card = [])
name: b10705013, hole_card: ['H7', 'S9']
name: b11902140, hole_card: ['SK', 'C7']
"b10705013" declared "call:10"
name: b10705013, hole_card: ['H7', 'S9']
name: b11902140, hole_card: ['SK', 'C7']
"b11902140" declared "raise:29.77157360406091"
name: b10705013, hole_card: ['H7', 'S9']
name: b11902140, hole_card: ['SK', 'C7']
"b10705013" declared "call:29.77157360406091"
Street "flop" started. (community card = ['CK', 'CT', 'SA'])
name: b10705013, hole_card: ['H7', 'S9']
name: b11902140, hole_card: ['SK', 'C7']
"b10705013" declared "call:0"
name: b10705013, hole_card: ['H7', 'S9']
name: b11902140, hole_card: ['SK', 'C7']
"b11902140" declared "raise:136.4568527918782"
name: b10705013, hole_card: ['H7', 'S9']
name: b11902140, hole_card: ['SK', 'C7']
"b10705013" declared "fold:0"
"['b11902140']" won the round 2 (stack = {'b10705013': 985.2284263959391, 'b11902140': 1014.7715736040609})
community cards of this round: ['SK', 'S2', 'CQ', 'D5', 'H2']
name: b10705013, hole_card: ['ST', 'C3']
name: b11902140, hole_card: ['C8', 'S5']
Started the round 3
Street "preflop" started. (community card = [])
name: b10705013, hole_card: ['ST', 'C3']
name: b11902140, hole_card: ['C8', 'S5']
"b11902140" declared "raise:15.0"
name: b10705013, hole_card: ['ST', 'C3']
name: b11902140, hole_card: ['C8', 'S5']
"b10705013" declared "call:15.0"
Street "flop" started. (community card = ['SK', 'S2', 'CQ'])
name: b10705013, hole_card: ['ST', 'C3']
name: b11902140, hole_card: ['C8', 'S5']
"b11902140" declared "call:0"
name: b10705013, hole_card: ['ST', 'C3']
name: b11902140, hole_card: ['C8', 'S5']
"b10705013" declared "call:0"
Street "turn" started. (community card = ['SK', 'S2', 'CQ', 'D5'])
name: b10705013, hole_card: ['ST', 'C3']
name: b11902140, hole_card: ['C8', 'S5']
"b11902140" declared "raise:126.2284263959391"
name: b10705013, hole_card: ['ST', 'C3']
name: b11902140, hole_card: ['C8', 'S5']
"b10705013" declared "fold:0"
"['b11902140']" won the round 3 (stack = {'b10705013': 970.2284263959391, 'b11902140': 1029.5431472081218})
community cards of this round: ['H6', 'H5', 'C7', 'C5', 'S6']
name: b10705013, hole_card: ['H9', 'SA']
name: b11902140, hole_card: ['S9', 'HJ']
Started the round 4
Street "preflop" started. (community card = [])
name: b10705013, hole_card: ['H9', 'SA']
name: b11902140, hole_card: ['S9', 'HJ']
"b10705013" declared "call:10"
name: b10705013, hole_card: ['H9', 'SA']
name: b11902140, hole_card: ['S9', 'HJ']
"b11902140" declared "raise:15.0"
name: b10705013, hole_card: ['H9', 'SA']
name: b11902140, hole_card: ['S9', 'HJ']
"b10705013" declared "call:15.0"
Street "flop" started. (community card = ['H6', 'H5', 'C7'])
name: b10705013, hole_card: ['H9', 'SA']
name: b11902140, hole_card: ['S9', 'HJ']
"b10705013" declared "call:0"
name: b10705013, hole_card: ['H9', 'SA']
name: b11902140, hole_card: ['S9', 'HJ']
"b11902140" declared "call:0"
Street "turn" started. (community card = ['H6', 'H5', 'C7', 'C5'])
name: b10705013, hole_card: ['H9', 'SA']
name: b11902140, hole_card: ['S9', 'HJ']
"b10705013" declared "call:0"
name: b10705013, hole_card: ['H9', 'SA']
name: b11902140, hole_card: ['S9', 'HJ']
"b11902140" declared "call:0"
Street "river" started. (community card = ['H6', 'H5', 'C7', 'C5', 'S6'])
name: b10705013, hole_card: ['H9', 'SA']
name: b11902140, hole_card: ['S9', 'HJ']
"b10705013" declared "call:0"
name: b10705013, hole_card: ['H9', 'SA']
name: b11902140, hole_card: ['S9', 'HJ']
"b11902140" declared "call:0"
"['b10705013']" won the round 4 (stack = {'b10705013': 985.2284263959391, 'b11902140': 1014.5431472081218})
community cards of this round: ['S3', 'HJ', 'DJ', 'H8', 'D8']
name: b10705013, hole_card: ['SA', 'CJ']
name: b11902140, hole_card: ['C7', 'S5']
Started the round 5
Street "preflop" started. (community card = [])
name: b10705013, hole_card: ['SA', 'CJ']
name: b11902140, hole_card: ['C7', 'S5']
"b11902140" declared "call:10"
name: b10705013, hole_card: ['SA', 'CJ']
name: b11902140, hole_card: ['C7', 'S5']
"b10705013" declared "call:10"
Street "flop" started. (community card = ['S3', 'HJ', 'DJ'])
name: b10705013, hole_card: ['SA', 'CJ']
name: b11902140, hole_card: ['C7', 'S5']
"b11902140" declared "call:0"
name: b10705013, hole_card: ['SA', 'CJ']
name: b11902140, hole_card: ['C7', 'S5']
"b10705013" declared "raise:251.0"
name: b10705013, hole_card: ['SA', 'CJ']
name: b11902140, hole_card: ['C7', 'S5']
"b11902140" declared "fold:0"
"['b10705013']" won the round 5 (stack = {'b10705013': 995.2284263959391, 'b11902140': 1004.5431472081218})
community cards of this round: ['D5', 'C6', 'S8', 'HJ', 'S6']
name: b10705013, hole_card: ['DT', 'DQ']
name: b11902140, hole_card: ['SK', 'HA']
Started the round 6
Street "preflop" started. (community card = [])
name: b10705013, hole_card: ['DT', 'DQ']
name: b11902140, hole_card: ['SK', 'HA']
"b10705013" declared "call:10"
name: b10705013, hole_card: ['DT', 'DQ']
name: b11902140, hole_card: ['SK', 'HA']
"b11902140" declared "raise:15.0"
name: b10705013, hole_card: ['DT', 'DQ']
name: b11902140, hole_card: ['SK', 'HA']
"b10705013" declared "call:15.0"
Street "flop" started. (community card = ['D5', 'C6', 'S8'])
name: b10705013, hole_card: ['DT', 'DQ']
name: b11902140, hole_card: ['SK', 'HA']
"b10705013" declared "call:0"
name: b10705013, hole_card: ['DT', 'DQ']
name: b11902140, hole_card: ['SK', 'HA']
"b11902140" declared "call:0"
Street "turn" started. (community card = ['D5', 'C6', 'S8', 'HJ'])
name: b10705013, hole_card: ['DT', 'DQ']
name: b11902140, hole_card: ['SK', 'HA']
"b10705013" declared "call:0"
name: b10705013, hole_card: ['DT', 'DQ']
name: b11902140, hole_card: ['SK', 'HA']
"b11902140" declared "call:0"
Street "river" started. (community card = ['D5', 'C6', 'S8', 'HJ', 'S6'])
name: b10705013, hole_card: ['DT', 'DQ']
name: b11902140, hole_card: ['SK', 'HA']
"b10705013" declared "call:0"
name: b10705013, hole_card: ['DT', 'DQ']
name: b11902140, hole_card: ['SK', 'HA']
"b11902140" declared "call:0"
"['b11902140']" won the round 6 (stack = {'b10705013': 980.2284263959391, 'b11902140': 1019.5431472081218})
community cards of this round: ['HK', 'HJ', 'S8', 'D6', 'H6']
name: b10705013, hole_card: ['DA', 'H9']
name: b11902140, hole_card: ['H5', 'CA']
Started the round 7
Street "preflop" started. (community card = [])
name: b10705013, hole_card: ['DA', 'H9']
name: b11902140, hole_card: ['H5', 'CA']
"b11902140" declared "raise:96.34263959390864"
name: b10705013, hole_card: ['DA', 'H9']
name: b11902140, hole_card: ['H5', 'CA']
"b10705013" declared "fold:0"
"['b11902140']" won the round 7 (stack = {'b10705013': 970.2284263959391, 'b11902140': 1029.2005076142132})
community cards of this round: ['S8', 'D2', 'SQ', 'HA', 'S6']
name: b10705013, hole_card: ['DQ', 'H7']
name: b11902140, hole_card: ['CT', 'H4']
Started the round 8
Street "preflop" started. (community card = [])
name: b10705013, hole_card: ['DQ', 'H7']
name: b11902140, hole_card: ['CT', 'H4']
"b10705013" declared "call:10"
name: b10705013, hole_card: ['DQ', 'H7']
name: b11902140, hole_card: ['CT', 'H4']
"b11902140" declared "call:10"
Street "flop" started. (community card = ['S8', 'D2', 'SQ'])
name: b10705013, hole_card: ['DQ', 'H7']
name: b11902140, hole_card: ['CT', 'H4']
"b10705013" declared "raise:41.0"
name: b10705013, hole_card: ['DQ', 'H7']
name: b11902140, hole_card: ['CT', 'H4']
"b11902140" declared "fold:0"
"['b10705013']" won the round 8 (stack = {'b10705013': 980.2284263959391, 'b11902140': 1019.2005076142132})
community cards of this round: ['C2', 'C7', 'C8', 'HQ', 'C6']
name: b10705013, hole_card: ['S2', 'S6']
name: b11902140, hole_card: ['D3', 'D6']
Started the round 9
Street "preflop" started. (community card = [])
name: b10705013, hole_card: ['S2', 'S6']
name: b11902140, hole_card: ['D3', 'D6']
"b11902140" declared "call:10"
name: b10705013, hole_card: ['S2', 'S6']
name: b11902140, hole_card: ['D3', 'D6']
"b10705013" declared "call:10"
Street "flop" started. (community card = ['C2', 'C7', 'C8'])
name: b10705013, hole_card: ['S2', 'S6']
name: b11902140, hole_card: ['D3', 'D6']
"b11902140" declared "call:0"
name: b10705013, hole_card: ['S2', 'S6']
name: b11902140, hole_card: ['D3', 'D6']
"b10705013" declared "call:0"
Street "turn" started. (community card = ['C2', 'C7', 'C8', 'HQ'])
name: b10705013, hole_card: ['S2', 'S6']
name: b11902140, hole_card: ['D3', 'D6']
"b11902140" declared "call:0"
name: b10705013, hole_card: ['S2', 'S6']
name: b11902140, hole_card: ['D3', 'D6']
"b10705013" declared "call:0"
Street "river" started. (community card = ['C2', 'C7', 'C8', 'HQ', 'C6'])
name: b10705013, hole_card: ['S2', 'S6']
name: b11902140, hole_card: ['D3', 'D6']
"b11902140" declared "call:0"
name: b10705013, hole_card: ['S2', 'S6']
name: b11902140, hole_card: ['D3', 'D6']
"b10705013" declared "call:0"
"['b10705013']" won the round 9 (stack = {'b10705013': 990.2284263959391, 'b11902140': 1009.2005076142132})
community cards of this round: ['H8', 'DJ', 'D9', 'SQ', 'H6']
name: b10705013, hole_card: ['HT', 'S5']
name: b11902140, hole_card: ['HJ', 'H5']
Started the round 10
Street "preflop" started. (community card = [])
name: b10705013, hole_card: ['HT', 'S5']
name: b11902140, hole_card: ['HJ', 'H5']
"b10705013" declared "call:10"
name: b10705013, hole_card: ['HT', 'S5']
name: b11902140, hole_card: ['HJ', 'H5']
"b11902140" declared "raise:15.0"
name: b10705013, hole_card: ['HT', 'S5']
name: b11902140, hole_card: ['HJ', 'H5']
"b10705013" declared "call:15.0"
Street "flop" started. (community card = ['H8', 'DJ', 'D9'])
name: b10705013, hole_card: ['HT', 'S5']
name: b11902140, hole_card: ['HJ', 'H5']
"b10705013" declared "call:0"
name: b10705013, hole_card: ['HT', 'S5']
name: b11902140, hole_card: ['HJ', 'H5']
"b11902140" declared "raise:61.513959390862965"
name: b10705013, hole_card: ['HT', 'S5']
name: b11902140, hole_card: ['HJ', 'H5']
"b10705013" declared "fold:0"
"['b11902140']" won the round 10 (stack = {'b10705013': 975.2284263959391, 'b11902140': 1023.6865482233502})
community cards of this round: ['SA', 'S4', 'H6', 'C7', 'D5']
name: b10705013, hole_card: ['C2', 'S3']
name: b11902140, hole_card: ['H9', 'CK']
Started the round 11
Street "preflop" started. (community card = [])
name: b10705013, hole_card: ['C2', 'S3']
name: b11902140, hole_card: ['H9', 'CK']
"b11902140" declared "raise:51.77093908629445"
name: b10705013, hole_card: ['C2', 'S3']
name: b11902140, hole_card: ['H9', 'CK']
"b10705013" declared "fold:0"
"['b11902140']" won the round 11 (stack = {'b10705013': 965.2284263959391, 'b11902140': 1032.9156091370558})
community cards of this round: ['S9', 'S3', 'H5', 'S6', 'S8']
name: b10705013, hole_card: ['CA', 'C7']
name: b11902140, hole_card: ['S2', 'C3']
Started the round 12
Street "preflop" started. (community card = [])
name: b10705013, hole_card: ['CA', 'C7']
name: b11902140, hole_card: ['S2', 'C3']
"b10705013" declared "call:10"
name: b10705013, hole_card: ['CA', 'C7']
name: b11902140, hole_card: ['S2', 'C3']
"b11902140" declared "fold:0"
"['b10705013']" won the round 12 (stack = {'b10705013': 975.2284263959391, 'b11902140': 1022.9156091370558})
community cards of this round: ['SA', 'H4', 'HJ', 'H2', 'D9']
name: b10705013, hole_card: ['DK', 'C8']
name: b11902140, hole_card: ['HQ', 'DQ']
Started the round 13
Street "preflop" started. (community card = [])
name: b10705013, hole_card: ['DK', 'C8']
name: b11902140, hole_card: ['HQ', 'DQ']
"b11902140" declared "raise:32.156408629441785"
name: b10705013, hole_card: ['DK', 'C8']
name: b11902140, hole_card: ['HQ', 'DQ']
"b10705013" declared "call:32.156408629441785"
Street "flop" started. (community card = ['SA', 'H4', 'HJ'])
name: b10705013, hole_card: ['DK', 'C8']
name: b11902140, hole_card: ['HQ', 'DQ']
"b11902140" declared "call:0"
name: b10705013, hole_card: ['DK', 'C8']
name: b11902140, hole_card: ['HQ', 'DQ']
"b10705013" declared "call:0"
Street "turn" started. (community card = ['SA', 'H4', 'HJ', 'H2'])
name: b10705013, hole_card: ['DK', 'C8']
name: b11902140, hole_card: ['HQ', 'DQ']
"b11902140" declared "call:0"
name: b10705013, hole_card: ['DK', 'C8']
name: b11902140, hole_card: ['HQ', 'DQ']
"b10705013" declared "call:0"
Street "river" started. (community card = ['SA', 'H4', 'HJ', 'H2', 'D9'])
name: b10705013, hole_card: ['DK', 'C8']
name: b11902140, hole_card: ['HQ', 'DQ']
"b11902140" declared "call:0"
name: b10705013, hole_card: ['DK', 'C8']
name: b11902140, hole_card: ['HQ', 'DQ']
"b10705013" declared "call:0"
"['b11902140']" won the round 13 (stack = {'b10705013': 943.0720177664973, 'b11902140': 1054.759200507614})
community cards of this round: ['DT', 'D8', 'D2', 'H2', 'H3']
name: b10705013, hole_card: ['C5', 'CK']
name: b11902140, hole_card: ['CQ', 'SQ']
Started the round 14
Street "preflop" started. (community card = [])
name: b10705013, hole_card: ['C5', 'CK']
name: b11902140, hole_card: ['CQ', 'SQ']
"b10705013" declared "call:10"
name: b10705013, hole_card: ['C5', 'CK']
name: b11902140, hole_card: ['CQ', 'SQ']
"b11902140" declared "call:10"
Street "flop" started. (community card = ['DT', 'D8', 'D2'])
name: b10705013, hole_card: ['C5', 'CK']
name: b11902140, hole_card: ['CQ', 'SQ']
"b10705013" declared "call:0"
name: b10705013, hole_card: ['C5', 'CK']
name: b11902140, hole_card: ['CQ', 'SQ']
"b11902140" declared "call:0"
Street "turn" started. (community card = ['DT', 'D8', 'D2', 'H2'])
name: b10705013, hole_card: ['C5', 'CK']
name: b11902140, hole_card: ['CQ', 'SQ']
"b10705013" declared "call:0"
name: b10705013, hole_card: ['C5', 'CK']
name: b11902140, hole_card: ['CQ', 'SQ']
"b11902140" declared "call:0"
Street "river" started. (community card = ['DT', 'D8', 'D2', 'H2', 'H3'])
name: b10705013, hole_card: ['C5', 'CK']
name: b11902140, hole_card: ['CQ', 'SQ']
"b10705013" declared "call:0"
name: b10705013, hole_card: ['C5', 'CK']
name: b11902140, hole_card: ['CQ', 'SQ']
"b11902140" declared "call:0"
"['b11902140']" won the round 14 (stack = {'b10705013': 933.0720177664973, 'b11902140': 1064.759200507614})
community cards of this round: ['D6', 'CJ', 'C2', 'C6', 'C4']
name: b10705013, hole_card: ['H3', 'H9']
name: b11902140, hole_card: ['DA', 'C5']
Started the round 15
Street "preflop" started. (community card = [])
name: b10705013, hole_card: ['H3', 'H9']
name: b11902140, hole_card: ['DA', 'C5']
"b11902140" declared "fold:0"
"['b10705013']" won the round 15 (stack = {'b10705013': 938.0720177664973, 'b11902140': 1059.759200507614})
community cards of this round: ['D3', 'SK', 'C6', 'DQ', 'C3']
name: b10705013, hole_card: ['H2', 'SJ']
name: b11902140, hole_card: ['S9', 'CT']
Started the round 16
Street "preflop" started. (community card = [])
name: b10705013, hole_card: ['H2', 'SJ']
name: b11902140, hole_card: ['S9', 'CT']
"b10705013" declared "call:10"
name: b10705013, hole_card: ['H2', 'SJ']
name: b11902140, hole_card: ['S9', 'CT']
"b11902140" declared "fold:0"
"['b10705013']" won the round 16 (stack = {'b10705013': 948.0720177664973, 'b11902140': 1049.759200507614})
community cards of this round: ['SK', 'H6', 'DK', 'D2', 'S6']
name: b10705013, hole_card: ['C3', 'C9']
name: b11902140, hole_card: ['CK', 'H9']
Started the round 17
Street "preflop" started. (community card = [])
name: b10705013, hole_card: ['C3', 'C9']
name: b11902140, hole_card: ['CK', 'H9']
"b11902140" declared "fold:0"
"['b10705013']" won the round 17 (stack = {'b10705013': 953.0720177664973, 'b11902140': 1044.759200507614})
community cards of this round: ['HK', 'C4', 'DT', 'DJ', 'CA']
name: b10705013, hole_card: ['C3', 'C5']
name: b11902140, hole_card: ['HA', 'ST']
Started the round 18
Street "preflop" started. (community card = [])
name: b10705013, hole_card: ['C3', 'C5']
name: b11902140, hole_card: ['HA', 'ST']
"b10705013" declared "call:10"
name: b10705013, hole_card: ['C3', 'C5']
name: b11902140, hole_card: ['HA', 'ST']
"b11902140" declared "fold:0"
"['b10705013']" won the round 18 (stack = {'b10705013': 963.0720177664973, 'b11902140': 1034.759200507614})
community cards of this round: ['S8', 'C5', 'S5', 'D8', 'C6']
name: b10705013, hole_card: ['H2', 'D5']
name: b11902140, hole_card: ['H9', 'HK']
Started the round 19
Street "preflop" started. (community card = [])
name: b10705013, hole_card: ['H2', 'D5']
name: b11902140, hole_card: ['H9', 'HK']
"b11902140" declared "fold:0"
"['b10705013']" won the round 19 (stack = {'b10705013': 968.0720177664973, 'b11902140': 1029.759200507614})
community cards of this round: ['HK', 'H6', 'D3', 'H7', 'SQ']
name: b10705013, hole_card: ['C6', 'S4']
name: b11902140, hole_card: ['S2', 'DJ']
Started the round 20
Street "preflop" started. (community card = [])
name: b10705013, hole_card: ['C6', 'S4']
name: b11902140, hole_card: ['S2', 'DJ']
"b10705013" declared "call:10"
name: b10705013, hole_card: ['C6', 'S4']
name: b11902140, hole_card: ['S2', 'DJ']
"b11902140" declared "fold:0"
"['b10705013']" won the round 20 (stack = {'b10705013': 978.0720177664973, 'b11902140': 1019.759200507614})
b11902140 vs b10705013 - Game 5: {'rule': {'initial_stack': 1000, 'max_round': 20, 'small_blind_amount': 5, 'ante': 0, 'blind_structure': {}}, 'players': [{'name': 'b10705013', 'uuid': 'mpevlszxwwatuoctrfiegr', 'stack': 978.0720177664973, 'state': 'participating'}, {'name': 'b11902140', 'uuid': 'simjmcuhbtrsxadlaosrlh', 'stack': 1019.759200507614, 'state': 'participating'}]}
Final Result: b11902140 won 3 games (stack: 4232.341747876029), b10705013 won 2 games (stack: 5752.755248218762), num ties: 0
