community cards of this round: ['DK', 'SJ', 'D3', 'D5', 'HT']
name: b10902116, hole_card: ['S9', 'S6']
name: b11902047, hole_card: ['H2', 'S8']
Started the round 1
Street "preflop" started. (community card = [])
39
[0.2448129  0.1892939  0.22036733 0.34552588]
name: b10902116, hole_card: ['S9', 'S6']
name: b11902047, hole_card: ['H2', 'S8']
"b11902047" declared "fold:0"
"['b10902116']" won the round 1 (stack = {'b10902116': 1005, 'b11902047': 995})
community cards of this round: ['S2', 'H8', 'D6', 'HK', 'S6']
name: b10902116, hole_card: ['C5', 'D2']
name: b11902047, hole_card: ['DA', 'SJ']
Started the round 2
Street "preflop" started. (community card = [])
name: b10902116, hole_card: ['C5', 'D2']
name: b11902047, hole_card: ['DA', 'SJ']
"b10902116" declared "call:10"
519
[0.52157014 0.17898308 0.11763265 0.18181413]
name: b10902116, hole_card: ['C5', 'D2']
name: b11902047, hole_card: ['DA', 'SJ']
"b11902047" declared "call:10"
Street "flop" started. (community card = ['S2', 'H8', 'D6'])
name: b10902116, hole_card: ['C5', 'D2']
name: b11902047, hole_card: ['DA', 'SJ']
"b10902116" declared "raise:10"
5119529
[0.30225554 0.27549396 0.16998805 0.25226245]
name: b10902116, hole_card: ['C5', 'D2']
name: b11902047, hole_card: ['DA', 'SJ']
"b11902047" declared "fold:0"
"['b10902116']" won the round 2 (stack = {'b10902116': 1015, 'b11902047': 985})
community cards of this round: ['CA', 'DQ', 'CK', 'DJ', 'D2']
name: b10902116, hole_card: ['SK', 'D8']
name: b11902047, hole_card: ['C4', 'CQ']
Started the round 3
Street "preflop" started. (community card = [])
49
[0.57462975 0.08842233 0.10635598 0.23059193]
name: b10902116, hole_card: ['SK', 'D8']
name: b11902047, hole_card: ['C4', 'CQ']
"b11902047" declared "raise:20"
name: b10902116, hole_card: ['SK', 'D8']
name: b11902047, hole_card: ['C4', 'CQ']
"b10902116" declared "raise:30"
4329
[0.49462275 0.09690389 0.09264935 0.315824  ]
name: b10902116, hole_card: ['SK', 'D8']
name: b11902047, hole_card: ['C4', 'CQ']
"b11902047" declared "fold:0"
"['b10902116']" won the round 3 (stack = {'b10902116': 1035, 'b11902047': 965})
community cards of this round: ['D5', 'SJ', 'H7', 'ST', 'DQ']
name: b10902116, hole_card: ['HK', 'HT']
name: b11902047, hole_card: ['H2', 'CA']
Started the round 4
Street "preflop" started. (community card = [])
name: b10902116, hole_card: ['HK', 'HT']
name: b11902047, hole_card: ['H2', 'CA']
"b10902116" declared "raise:15"
429
[0.13028855 0.31751391 0.21457336 0.33762418]
name: b10902116, hole_card: ['HK', 'HT']
name: b11902047, hole_card: ['H2', 'CA']
"b11902047" declared "call:15"
Street "flop" started. (community card = ['D5', 'SJ', 'H7'])
name: b10902116, hole_card: ['HK', 'HT']
name: b11902047, hole_card: ['H2', 'CA']
"b10902116" declared "call:0"
4219319
[0.29522471 0.26879612 0.21742384 0.21855532]
name: b10902116, hole_card: ['HK', 'HT']
name: b11902047, hole_card: ['H2', 'CA']
"b11902047" declared "raise:30"
name: b10902116, hole_card: ['HK', 'HT']
name: b11902047, hole_card: ['H2', 'CA']
"b10902116" declared "call:30"
Street "turn" started. (community card = ['D5', 'SJ', 'H7', 'ST'])
name: b10902116, hole_card: ['HK', 'HT']
name: b11902047, hole_card: ['H2', 'CA']
"b10902116" declared "raise:41"
421931319329
[0.55440743 0.19053312 0.1319073  0.12315215]
name: b10902116, hole_card: ['HK', 'HT']
name: b11902047, hole_card: ['H2', 'CA']
"b11902047" declared "call:41"
Street "river" started. (community card = ['D5', 'SJ', 'H7', 'ST', 'DQ'])
name: b10902116, hole_card: ['HK', 'HT']
name: b11902047, hole_card: ['H2', 'CA']
"b10902116" declared "call:0"
4219313193219319
[0.26175011 0.32098858 0.16227473 0.25498657]
name: b10902116, hole_card: ['HK', 'HT']
name: b11902047, hole_card: ['H2', 'CA']
"b11902047" declared "call:0"
"['b10902116']" won the round 4 (stack = {'b10902116': 1121, 'b11902047': 879})
community cards of this round: ['D3', 'D6', 'C4', 'H7', 'C7']
name: b10902116, hole_card: ['HA', 'D8']
name: b11902047, hole_card: ['C5', 'H6']
Started the round 5
Street "preflop" started. (community card = [])
39
[0.2448129  0.1892939  0.22036733 0.34552588]
name: b10902116, hole_card: ['HA', 'D8']
name: b11902047, hole_card: ['C5', 'H6']
"b11902047" declared "fold:0"
"['b10902116']" won the round 5 (stack = {'b10902116': 1126, 'b11902047': 874})
community cards of this round: ['CA', 'D7', 'SK', 'ST', 'S7']
name: b10902116, hole_card: ['DJ', 'C9']
name: b11902047, hole_card: ['HT', 'S4']
Started the round 6
Street "preflop" started. (community card = [])
name: b10902116, hole_card: ['DJ', 'C9']
name: b11902047, hole_card: ['HT', 'S4']
"b10902116" declared "fold:0"
"['b11902047']" won the round 6 (stack = {'b10902116': 1121, 'b11902047': 879})
community cards of this round: ['ST', 'C3', 'HQ', 'CT', 'HJ']
name: b10902116, hole_card: ['SK', 'DK']
name: b11902047, hole_card: ['H2', 'D2']
Started the round 7
Street "preflop" started. (community card = [])
39
[0.2448129  0.1892939  0.22036733 0.34552588]
name: b10902116, hole_card: ['SK', 'DK']
name: b11902047, hole_card: ['H2', 'D2']
"b11902047" declared "fold:0"
"['b10902116']" won the round 7 (stack = {'b10902116': 1126, 'b11902047': 874})
community cards of this round: ['C3', 'CQ', 'CJ', 'ST', 'S8']
name: b10902116, hole_card: ['D6', 'SK']
name: b11902047, hole_card: ['C6', 'D5']
Started the round 8
Street "preflop" started. (community card = [])
name: b10902116, hole_card: ['D6', 'SK']
name: b11902047, hole_card: ['C6', 'D5']
"b10902116" declared "fold:0"
"['b11902047']" won the round 8 (stack = {'b10902116': 1121, 'b11902047': 879})
community cards of this round: ['D3', 'D6', 'S3', 'SQ', 'S9']
name: b10902116, hole_card: ['DK', 'H3']
name: b11902047, hole_card: ['DT', 'CQ']
Started the round 9
Street "preflop" started. (community card = [])
49
[0.57462975 0.08842233 0.10635598 0.23059193]
name: b10902116, hole_card: ['DK', 'H3']
name: b11902047, hole_card: ['DT', 'CQ']
"b11902047" declared "fold:0"
"['b10902116']" won the round 9 (stack = {'b10902116': 1126, 'b11902047': 874})
community cards of this round: ['SA', 'C4', 'DJ', 'D3', 'HA']
name: b10902116, hole_card: ['C3', 'H5']
name: b11902047, hole_card: ['CJ', 'D8']
Started the round 10
Street "preflop" started. (community card = [])
name: b10902116, hole_card: ['C3', 'H5']
name: b11902047, hole_card: ['CJ', 'D8']
"b10902116" declared "fold:0"
"['b11902047']" won the round 10 (stack = {'b10902116': 1121, 'b11902047': 879})
community cards of this round: ['C2', 'SQ', 'H6', 'D2', 'C4']
name: b10902116, hole_card: ['H4', 'H3']
name: b11902047, hole_card: ['H8', 'S9']
Started the round 11
Street "preflop" started. (community card = [])
49
[0.57462975 0.08842233 0.10635598 0.23059193]
name: b10902116, hole_card: ['H4', 'H3']
name: b11902047, hole_card: ['H8', 'S9']
"b11902047" declared "fold:0"
"['b10902116']" won the round 11 (stack = {'b10902116': 1126, 'b11902047': 874})
community cards of this round: ['H5', 'S5', 'D3', 'HK', 'D4']
name: b10902116, hole_card: ['SJ', 'S8']
name: b11902047, hole_card: ['HQ', 'H6']
Started the round 12
Street "preflop" started. (community card = [])
name: b10902116, hole_card: ['SJ', 'S8']
name: b11902047, hole_card: ['HQ', 'H6']
"b10902116" declared "fold:0"
"['b11902047']" won the round 12 (stack = {'b10902116': 1121, 'b11902047': 879})
community cards of this round: ['HA', 'H3', 'C4', 'CQ', 'H5']
name: b10902116, hole_card: ['D7', 'D6']
name: b11902047, hole_card: ['CA', 'SQ']
Started the round 13
Street "preflop" started. (community card = [])
59
[0.21847041 0.11628126 0.12600889 0.53923943]
name: b10902116, hole_card: ['D7', 'D6']
name: b11902047, hole_card: ['CA', 'SQ']
"b11902047" declared "raise:20"
name: b10902116, hole_card: ['D7', 'D6']
name: b11902047, hole_card: ['CA', 'SQ']
"b10902116" declared "fold:0"
"['b11902047']" won the round 13 (stack = {'b10902116': 1111, 'b11902047': 889})
community cards of this round: ['D8', 'H9', 'C2', 'CA', 'HA']
name: b10902116, hole_card: ['S8', 'CK']
name: b11902047, hole_card: ['SJ', 'C5']
Started the round 14
Street "preflop" started. (community card = [])
name: b10902116, hole_card: ['S8', 'CK']
name: b11902047, hole_card: ['SJ', 'C5']
"b10902116" declared "fold:0"
"['b11902047']" won the round 14 (stack = {'b10902116': 1106, 'b11902047': 894})
community cards of this round: ['S7', 'CA', 'DA', 'HK', 'SJ']
name: b10902116, hole_card: ['CJ', 'H9']
name: b11902047, hole_card: ['SK', 'H5']
Started the round 15
Street "preflop" started. (community card = [])
49
[0.57462975 0.08842233 0.10635598 0.23059193]
name: b10902116, hole_card: ['CJ', 'H9']
name: b11902047, hole_card: ['SK', 'H5']
"b11902047" declared "fold:0"
"['b10902116']" won the round 15 (stack = {'b10902116': 1111, 'b11902047': 889})
community cards of this round: ['SK', 'S2', 'ST', 'C7', 'C8']
name: b10902116, hole_card: ['H2', 'D2']
name: b11902047, hole_card: ['H6', 'CK']
Started the round 16
Street "preflop" started. (community card = [])
name: b10902116, hole_card: ['H2', 'D2']
name: b11902047, hole_card: ['H6', 'CK']
"b10902116" declared "fold:0"
"['b11902047']" won the round 16 (stack = {'b10902116': 1106, 'b11902047': 894})
community cards of this round: ['C2', 'D5', 'C5', 'CT', 'S9']
name: b10902116, hole_card: ['CJ', 'DQ']
name: b11902047, hole_card: ['C3', 'H6']
Started the round 17
Street "preflop" started. (community card = [])
39
[0.2448129  0.1892939  0.22036733 0.34552588]
name: b10902116, hole_card: ['CJ', 'DQ']
name: b11902047, hole_card: ['C3', 'H6']
"b11902047" declared "fold:0"
"['b10902116']" won the round 17 (stack = {'b10902116': 1111, 'b11902047': 889})
community cards of this round: ['S7', 'S6', 'H8', 'D5', 'S2']
name: b10902116, hole_card: ['C8', 'H7']
name: b11902047, hole_card: ['D3', 'HK']
Started the round 18
Street "preflop" started. (community card = [])
name: b10902116, hole_card: ['C8', 'H7']
name: b11902047, hole_card: ['D3', 'HK']
"b10902116" declared "fold:0"
"['b11902047']" won the round 18 (stack = {'b10902116': 1106, 'b11902047': 894})
community cards of this round: ['H6', 'S6', 'D8', 'DJ', 'HJ']
name: b10902116, hole_card: ['HK', 'S8']
name: b11902047, hole_card: ['H4', 'D2']
Started the round 19
Street "preflop" started. (community card = [])
29
[0.25928082 0.1774796  0.18992129 0.3733183 ]
name: b10902116, hole_card: ['HK', 'S8']
name: b11902047, hole_card: ['H4', 'D2']
"b11902047" declared "raise:20"
name: b10902116, hole_card: ['HK', 'S8']
name: b11902047, hole_card: ['H4', 'D2']
"b10902116" declared "fold:0"
"['b11902047']" won the round 19 (stack = {'b10902116': 1096, 'b11902047': 904})
community cards of this round: ['H4', 'H7', 'HQ', 'C3', 'C6']
name: b10902116, hole_card: ['S5', 'H2']
name: b11902047, hole_card: ['HT', 'C5']
Started the round 20
Street "preflop" started. (community card = [])
name: b10902116, hole_card: ['S5', 'H2']
name: b11902047, hole_card: ['HT', 'C5']
"b10902116" declared "fold:0"
"['b11902047']" won the round 20 (stack = {'b10902116': 1091, 'b11902047': 909})
b11902047 vs b10902116 - Game 1: {'rule': {'initial_stack': 1000, 'max_round': 20, 'small_blind_amount': 5, 'ante': 0, 'blind_structure': {}}, 'players': [{'name': 'b10902116', 'uuid': 'cxitqutzgbxhcictysshlo', 'stack': 1091, 'state': 'participating'}, {'name': 'b11902047', 'uuid': 'dycisrmgxmkvkxmzmkroib', 'stack': 909, 'state': 'participating'}]}
community cards of this round: ['DK', 'SJ', 'D3', 'D5', 'HT']
name: b11902047, hole_card: ['S9', 'S6']
name: b10902116, hole_card: ['H2', 'S8']
Started the round 1
Street "preflop" started. (community card = [])
name: b11902047, hole_card: ['S9', 'S6']
name: b10902116, hole_card: ['H2', 'S8']
"b10902116" declared "call:10"
319
[0.29537566 0.24400458 0.15965821 0.30096155]
name: b11902047, hole_card: ['S9', 'S6']
name: b10902116, hole_card: ['H2', 'S8']
"b11902047" declared "raise:30"
name: b11902047, hole_card: ['S9', 'S6']
name: b10902116, hole_card: ['H2', 'S8']
"b10902116" declared "call:30"
Street "flop" started. (community card = ['DK', 'SJ', 'D3'])
name: b11902047, hole_card: ['S9', 'S6']
name: b10902116, hole_card: ['H2', 'S8']
"b10902116" declared "call:0"
31319319
[0.34396179 0.20552995 0.13021624 0.32029203]
name: b11902047, hole_card: ['S9', 'S6']
name: b10902116, hole_card: ['H2', 'S8']
"b11902047" declared "call:0"
Street "turn" started. (community card = ['DK', 'SJ', 'D3', 'D5'])
name: b11902047, hole_card: ['S9', 'S6']
name: b10902116, hole_card: ['H2', 'S8']
"b10902116" declared "call:0"
313193119319
[0.28924038 0.20869183 0.1861713  0.31589648]
name: b11902047, hole_card: ['S9', 'S6']
name: b10902116, hole_card: ['H2', 'S8']
"b11902047" declared "raise:60"
name: b11902047, hole_card: ['S9', 'S6']
name: b10902116, hole_card: ['H2', 'S8']
"b10902116" declared "fold:0"
"['b11902047']" won the round 1 (stack = {'b11902047': 1030, 'b10902116': 970})
community cards of this round: ['S2', 'H8', 'D6', 'HK', 'S6']
name: b11902047, hole_card: ['C5', 'D2']
name: b10902116, hole_card: ['DA', 'SJ']
Started the round 2
Street "preflop" started. (community card = [])
29
[0.25928082 0.1774796  0.18992129 0.3733183 ]
name: b11902047, hole_card: ['C5', 'D2']
name: b10902116, hole_card: ['DA', 'SJ']
"b11902047" declared "call:10"
name: b11902047, hole_card: ['C5', 'D2']
name: b10902116, hole_card: ['DA', 'SJ']
"b10902116" declared "raise:15"
2129
[0.21907515 0.16532179 0.29135939 0.32424367]
name: b11902047, hole_card: ['C5', 'D2']
name: b10902116, hole_card: ['DA', 'SJ']
"b11902047" declared "call:15"
Street "flop" started. (community card = ['S2', 'H8', 'D6'])
2121949
[0.39779232 0.16447052 0.17704442 0.26069274]
name: b11902047, hole_card: ['C5', 'D2']
name: b10902116, hole_card: ['DA', 'SJ']
"b11902047" declared "call:0"
name: b11902047, hole_card: ['C5', 'D2']
name: b10902116, hole_card: ['DA', 'SJ']
"b10902116" declared "call:0"
Street "turn" started. (community card = ['S2', 'H8', 'D6', 'HK'])
21219411949
[0.42602659 0.23123988 0.14330947 0.19942406]
name: b11902047, hole_card: ['C5', 'D2']
name: b10902116, hole_card: ['DA', 'SJ']
"b11902047" declared "call:0"
name: b11902047, hole_card: ['C5', 'D2']
name: b10902116, hole_card: ['DA', 'SJ']
"b10902116" declared "call:0"
Street "river" started. (community card = ['S2', 'H8', 'D6', 'HK', 'S6'])
212195119411949
[0.08289289 0.13184336 0.27794606 0.50731769]
name: b11902047, hole_card: ['C5', 'D2']
name: b10902116, hole_card: ['DA', 'SJ']
"b11902047" declared "raise:30"
name: b11902047, hole_card: ['C5', 'D2']
name: b10902116, hole_card: ['DA', 'SJ']
"b10902116" declared "call:30"
"['b11902047']" won the round 2 (stack = {'b11902047': 1075, 'b10902116': 925})
community cards of this round: ['CA', 'DQ', 'CK', 'DJ', 'D2']
name: b11902047, hole_card: ['SK', 'D8']
name: b10902116, hole_card: ['C4', 'CQ']
Started the round 3
Street "preflop" started. (community card = [])
name: b11902047, hole_card: ['SK', 'D8']
name: b10902116, hole_card: ['C4', 'CQ']
"b10902116" declared "call:10"
419
[0.12927453 0.21803914 0.21998352 0.4327028 ]
name: b11902047, hole_card: ['SK', 'D8']
name: b10902116, hole_card: ['C4', 'CQ']
"b11902047" declared "raise:30"
name: b11902047, hole_card: ['SK', 'D8']
name: b10902116, hole_card: ['C4', 'CQ']
"b10902116" declared "call:30"
Street "flop" started. (community card = ['CA', 'DQ', 'CK'])
name: b11902047, hole_card: ['SK', 'D8']
name: b10902116, hole_card: ['C4', 'CQ']
"b10902116" declared "raise:176"
41319439
[0.40689536 0.31482622 0.12639899 0.15187942]
name: b11902047, hole_card: ['SK', 'D8']
name: b10902116, hole_card: ['C4', 'CQ']
"b11902047" declared "fold:0"
"['b10902116']" won the round 3 (stack = {'b11902047': 1045, 'b10902116': 955})
community cards of this round: ['D5', 'SJ', 'H7', 'ST', 'DQ']
name: b11902047, hole_card: ['HK', 'HT']
name: b10902116, hole_card: ['H2', 'CA']
Started the round 4
Street "preflop" started. (community card = [])
59
[0.21847041 0.11628126 0.12600889 0.53923943]
name: b11902047, hole_card: ['HK', 'HT']
name: b10902116, hole_card: ['H2', 'CA']
"b11902047" declared "raise:20"
name: b11902047, hole_card: ['HK', 'HT']
name: b10902116, hole_card: ['H2', 'CA']
"b10902116" declared "raise:30"
5329
[0.21847041 0.11628126 0.12600889 0.53923943]
name: b11902047, hole_card: ['HK', 'HT']
name: b10902116, hole_card: ['H2', 'CA']
"b11902047" declared "fold:0"
"['b10902116']" won the round 4 (stack = {'b11902047': 1025, 'b10902116': 975})
community cards of this round: ['D3', 'D6', 'C4', 'H7', 'C7']
name: b11902047, hole_card: ['HA', 'D8']
name: b10902116, hole_card: ['C5', 'H6']
Started the round 5
Street "preflop" started. (community card = [])
name: b11902047, hole_card: ['HA', 'D8']
name: b10902116, hole_card: ['C5', 'H6']
"b10902116" declared "call:10"
419
[0.12927453 0.21803914 0.21998352 0.4327028 ]
name: b11902047, hole_card: ['HA', 'D8']
name: b10902116, hole_card: ['C5', 'H6']
"b11902047" declared "raise:20"
name: b11902047, hole_card: ['HA', 'D8']
name: b10902116, hole_card: ['C5', 'H6']
"b10902116" declared "call:20"
Street "flop" started. (community card = ['D3', 'D6', 'C4'])
name: b11902047, hole_card: ['HA', 'D8']
name: b10902116, hole_card: ['C5', 'H6']
"b10902116" declared "raise:121"
41219439
[0.35020463 0.26869819 0.14133857 0.23975862]
name: b11902047, hole_card: ['HA', 'D8']
name: b10902116, hole_card: ['C5', 'H6']
"b11902047" declared "raise:242"
name: b11902047, hole_card: ['HA', 'D8']
name: b10902116, hole_card: ['C5', 'H6']
"b10902116" declared "raise:363"
4121943329
[0.3563539 0.6436461]
name: b11902047, hole_card: ['HA', 'D8']
name: b10902116, hole_card: ['C5', 'H6']
"b11902047" declared "call:363"
Street "turn" started. (community card = ['D3', 'D6', 'C4', 'H7'])
name: b11902047, hole_card: ['HA', 'D8']
name: b10902116, hole_card: ['C5', 'H6']
"b10902116" declared "raise:10"
41219433219429
[0.2454905  0.13385557 0.11411157 0.50654236]
name: b11902047, hole_card: ['HA', 'D8']
name: b10902116, hole_card: ['C5', 'H6']
"b11902047" declared "raise:642"
name: b11902047, hole_card: ['HA', 'D8']
name: b10902116, hole_card: ['C5', 'H6']
"b10902116" declared "call:642"
Street "river" started. (community card = ['D3', 'D6', 'C4', 'H7', 'C7'])
"['b10902116']" won the round 5 (stack = {'b11902047': 50, 'b10902116': 1950})
community cards of this round: ['CA', 'D7', 'SK', 'ST', 'S7']
name: b11902047, hole_card: ['DJ', 'C9']
name: b10902116, hole_card: ['HT', 'S4']
Started the round 6
Street "preflop" started. (community card = [])
49
[0.57462975 0.08842233 0.10635598 0.23059193]
name: b11902047, hole_card: ['DJ', 'C9']
name: b10902116, hole_card: ['HT', 'S4']
"b11902047" declared "fold:0"
"['b10902116']" won the round 6 (stack = {'b11902047': 45, 'b10902116': 1955})
community cards of this round: ['ST', 'C3', 'HQ', 'CT', 'HJ']
name: b11902047, hole_card: ['SK', 'DK']
name: b10902116, hole_card: ['H2', 'D2']
Started the round 7
Street "preflop" started. (community card = [])
name: b11902047, hole_card: ['SK', 'DK']
name: b10902116, hole_card: ['H2', 'D2']
"b10902116" declared "fold:0"
"['b11902047']" won the round 7 (stack = {'b11902047': 50, 'b10902116': 1950})
community cards of this round: ['C3', 'CQ', 'CJ', 'ST', 'S8']
name: b11902047, hole_card: ['D6', 'SK']
name: b10902116, hole_card: ['C6', 'D5']
Started the round 8
Street "preflop" started. (community card = [])
49
[0.57462975 0.08842233 0.10635598 0.23059193]
name: b11902047, hole_card: ['D6', 'SK']
name: b10902116, hole_card: ['C6', 'D5']
"b11902047" declared "raise:20"
name: b11902047, hole_card: ['D6', 'SK']
name: b10902116, hole_card: ['C6', 'D5']
"b10902116" declared "fold:0"
"['b11902047']" won the round 8 (stack = {'b11902047': 60, 'b10902116': 1940})
community cards of this round: ['D3', 'D6', 'S3', 'SQ', 'S9']
name: b11902047, hole_card: ['DK', 'H3']
name: b10902116, hole_card: ['DT', 'CQ']
Started the round 9
Street "preflop" started. (community card = [])
name: b11902047, hole_card: ['DK', 'H3']
name: b10902116, hole_card: ['DT', 'CQ']
"b10902116" declared "fold:0"
"['b11902047']" won the round 9 (stack = {'b11902047': 65, 'b10902116': 1935})
community cards of this round: ['SA', 'C4', 'DJ', 'D3', 'HA']
name: b11902047, hole_card: ['C3', 'H5']
name: b10902116, hole_card: ['CJ', 'D8']
Started the round 10
Street "preflop" started. (community card = [])
29
[0.25928082 0.1774796  0.18992129 0.3733183 ]
name: b11902047, hole_card: ['C3', 'H5']
name: b10902116, hole_card: ['CJ', 'D8']
"b11902047" declared "raise:20"
name: b11902047, hole_card: ['C3', 'H5']
name: b10902116, hole_card: ['CJ', 'D8']
"b10902116" declared "fold:0"
"['b11902047']" won the round 10 (stack = {'b11902047': 75, 'b10902116': 1925})
community cards of this round: ['C2', 'SQ', 'H6', 'D2', 'C4']
name: b11902047, hole_card: ['H4', 'H3']
name: b10902116, hole_card: ['H8', 'S9']
Started the round 11
Street "preflop" started. (community card = [])
name: b11902047, hole_card: ['H4', 'H3']
name: b10902116, hole_card: ['H8', 'S9']
"b10902116" declared "fold:0"
"['b11902047']" won the round 11 (stack = {'b11902047': 80, 'b10902116': 1920})
community cards of this round: ['H5', 'S5', 'D3', 'HK', 'D4']
name: b11902047, hole_card: ['SJ', 'S8']
name: b10902116, hole_card: ['HQ', 'H6']
Started the round 12
Street "preflop" started. (community card = [])
49
[0.57462975 0.08842233 0.10635598 0.23059193]
name: b11902047, hole_card: ['SJ', 'S8']
name: b10902116, hole_card: ['HQ', 'H6']
"b11902047" declared "raise:20"
name: b11902047, hole_card: ['SJ', 'S8']
name: b10902116, hole_card: ['HQ', 'H6']
"b10902116" declared "fold:0"
"['b11902047']" won the round 12 (stack = {'b11902047': 90, 'b10902116': 1910})
community cards of this round: ['HA', 'H3', 'C4', 'CQ', 'H5']
name: b11902047, hole_card: ['D7', 'D6']
name: b10902116, hole_card: ['CA', 'SQ']
Started the round 13
Street "preflop" started. (community card = [])
name: b11902047, hole_card: ['D7', 'D6']
name: b10902116, hole_card: ['CA', 'SQ']
"b10902116" declared "fold:0"
"['b11902047']" won the round 13 (stack = {'b11902047': 95, 'b10902116': 1905})
community cards of this round: ['D8', 'H9', 'C2', 'CA', 'HA']
name: b11902047, hole_card: ['S8', 'CK']
name: b10902116, hole_card: ['SJ', 'C5']
Started the round 14
Street "preflop" started. (community card = [])
49
[0.57462975 0.08842233 0.10635598 0.23059193]
name: b11902047, hole_card: ['S8', 'CK']
name: b10902116, hole_card: ['SJ', 'C5']
"b11902047" declared "fold:0"
"['b10902116']" won the round 14 (stack = {'b11902047': 90, 'b10902116': 1910})
community cards of this round: ['S7', 'CA', 'DA', 'HK', 'SJ']
name: b11902047, hole_card: ['CJ', 'H9']
name: b10902116, hole_card: ['SK', 'H5']
Started the round 15
Street "preflop" started. (community card = [])
name: b11902047, hole_card: ['CJ', 'H9']
name: b10902116, hole_card: ['SK', 'H5']
"b10902116" declared "fold:0"
"['b11902047']" won the round 15 (stack = {'b11902047': 95, 'b10902116': 1905})
community cards of this round: ['SK', 'S2', 'ST', 'C7', 'C8']
name: b11902047, hole_card: ['H2', 'D2']
name: b10902116, hole_card: ['H6', 'CK']
Started the round 16
Street "preflop" started. (community card = [])
39
[0.2448129  0.1892939  0.22036733 0.34552588]
name: b11902047, hole_card: ['H2', 'D2']
name: b10902116, hole_card: ['H6', 'CK']
"b11902047" declared "call:10"
name: b11902047, hole_card: ['H2', 'D2']
name: b10902116, hole_card: ['H6', 'CK']
"b10902116" declared "fold:0"
"['b11902047']" won the round 16 (stack = {'b11902047': 105, 'b10902116': 1895})
community cards of this round: ['C2', 'D5', 'C5', 'CT', 'S9']
name: b11902047, hole_card: ['CJ', 'DQ']
name: b10902116, hole_card: ['C3', 'H6']
Started the round 17
Street "preflop" started. (community card = [])
name: b11902047, hole_card: ['CJ', 'DQ']
name: b10902116, hole_card: ['C3', 'H6']
"b10902116" declared "fold:0"
"['b11902047']" won the round 17 (stack = {'b11902047': 110, 'b10902116': 1890})
community cards of this round: ['S7', 'S6', 'H8', 'D5', 'S2']
name: b11902047, hole_card: ['C8', 'H7']
name: b10902116, hole_card: ['D3', 'HK']
Started the round 18
Street "preflop" started. (community card = [])
39
[0.2448129  0.1892939  0.22036733 0.34552588]
name: b11902047, hole_card: ['C8', 'H7']
name: b10902116, hole_card: ['D3', 'HK']
"b11902047" declared "raise:20"
name: b11902047, hole_card: ['C8', 'H7']
name: b10902116, hole_card: ['D3', 'HK']
"b10902116" declared "fold:0"
"['b11902047']" won the round 18 (stack = {'b11902047': 120, 'b10902116': 1880})
community cards of this round: ['H6', 'S6', 'D8', 'DJ', 'HJ']
name: b11902047, hole_card: ['HK', 'S8']
name: b10902116, hole_card: ['H4', 'D2']
Started the round 19
Street "preflop" started. (community card = [])
name: b11902047, hole_card: ['HK', 'S8']
name: b10902116, hole_card: ['H4', 'D2']
"b10902116" declared "fold:0"
"['b11902047']" won the round 19 (stack = {'b11902047': 125, 'b10902116': 1875})
community cards of this round: ['H4', 'H7', 'HQ', 'C3', 'C6']
name: b11902047, hole_card: ['S5', 'H2']
name: b10902116, hole_card: ['HT', 'C5']
Started the round 20
Street "preflop" started. (community card = [])
29
[0.25928082 0.1774796  0.18992129 0.3733183 ]
name: b11902047, hole_card: ['S5', 'H2']
name: b10902116, hole_card: ['HT', 'C5']
"b11902047" declared "raise:20"
name: b11902047, hole_card: ['S5', 'H2']
name: b10902116, hole_card: ['HT', 'C5']
"b10902116" declared "fold:0"
"['b11902047']" won the round 20 (stack = {'b11902047': 135, 'b10902116': 1865})
b11902047 vs b10902116 - Game 2: {'rule': {'initial_stack': 1000, 'max_round': 20, 'small_blind_amount': 5, 'ante': 0, 'blind_structure': {}}, 'players': [{'name': 'b11902047', 'uuid': 'ddkcfhgramgvcclpbcxqmt', 'stack': 135, 'state': 'participating'}, {'name': 'b10902116', 'uuid': 'ncikccjcsjdyhzcwgvrsxz', 'stack': 1865, 'state': 'participating'}]}
community cards of this round: ['HA', 'C5', 'DA', 'HT', 'H8']
name: b10902116, hole_card: ['SA', 'CA']
name: b11902047, hole_card: ['C9', 'H2']
Started the round 1
Street "preflop" started. (community card = [])
39
[0.2448129  0.1892939  0.22036733 0.34552588]
name: b10902116, hole_card: ['SA', 'CA']
name: b11902047, hole_card: ['C9', 'H2']
"b11902047" declared "raise:15"
name: b10902116, hole_card: ['SA', 'CA']
name: b11902047, hole_card: ['C9', 'H2']
"b10902116" declared "raise:126"
3239
[0.19549996 0.34786318 0.14852021 0.30811665]
name: b10902116, hole_card: ['SA', 'CA']
name: b11902047, hole_card: ['C9', 'H2']
"b11902047" declared "call:126"
Street "flop" started. (community card = ['HA', 'C5', 'DA'])
3231939
[0.3265249  0.19113694 0.1946413  0.28769686]
name: b10902116, hole_card: ['SA', 'CA']
name: b11902047, hole_card: ['C9', 'H2']
"b11902047" declared "raise:126"
name: b10902116, hole_card: ['SA', 'CA']
name: b11902047, hole_card: ['C9', 'H2']
"b10902116" declared "raise:252"
323193229
[0.31191813 0.23972453 0.10301679 0.34534054]
name: b10902116, hole_card: ['SA', 'CA']
name: b11902047, hole_card: ['C9', 'H2']
"b11902047" declared "call:252"
Street "turn" started. (community card = ['HA', 'C5', 'DA', 'HT'])
323192221929
[0.32762472 0.30004888 0.11344636 0.25888003]
name: b10902116, hole_card: ['SA', 'CA']
name: b11902047, hole_card: ['C9', 'H2']
"b11902047" declared "call:0"
name: b10902116, hole_card: ['SA', 'CA']
name: b11902047, hole_card: ['C9', 'H2']
"b10902116" declared "raise:10"
32319222192129
[0.40843628 0.07001268 0.26290226 0.25864878]
name: b10902116, hole_card: ['SA', 'CA']
name: b11902047, hole_card: ['C9', 'H2']
"b11902047" declared "fold:0"
"['b10902116']" won the round 1 (stack = {'b10902116': 1378, 'b11902047': 622})
community cards of this round: ['C4', 'S5', 'CK', 'H2', 'D2']
name: b10902116, hole_card: ['D9', 'D7']
name: b11902047, hole_card: ['HK', 'H5']
Started the round 2
Street "preflop" started. (community card = [])
name: b10902116, hole_card: ['D9', 'D7']
name: b11902047, hole_card: ['HK', 'H5']
"b10902116" declared "fold:0"
"['b11902047']" won the round 2 (stack = {'b10902116': 1373, 'b11902047': 627})
community cards of this round: ['D4', 'S2', 'H9', 'D7', 'C4']
name: b10902116, hole_card: ['H2', 'C3']
name: b11902047, hole_card: ['CT', 'S8']
Started the round 3
Street "preflop" started. (community card = [])
39
[0.2448129  0.1892939  0.22036733 0.34552588]
name: b10902116, hole_card: ['H2', 'C3']
name: b11902047, hole_card: ['CT', 'S8']
"b11902047" declared "fold:0"
"['b10902116']" won the round 3 (stack = {'b10902116': 1378, 'b11902047': 622})
community cards of this round: ['D5', 'CQ', 'H5', 'HQ', 'ST']
name: b10902116, hole_card: ['S4', 'DA']
name: b11902047, hole_card: ['C4', 'H2']
Started the round 4
Street "preflop" started. (community card = [])
name: b10902116, hole_card: ['S4', 'DA']
name: b11902047, hole_card: ['C4', 'H2']
"b10902116" declared "fold:0"
"['b11902047']" won the round 4 (stack = {'b10902116': 1373, 'b11902047': 627})
community cards of this round: ['S5', 'CT', 'H6', 'S2', 'H9']
name: b10902116, hole_card: ['SQ', 'D7']
name: b11902047, hole_card: ['H5', 'CJ']
Started the round 5
Street "preflop" started. (community card = [])
39
[0.2448129  0.1892939  0.22036733 0.34552588]
name: b10902116, hole_card: ['SQ', 'D7']
name: b11902047, hole_card: ['H5', 'CJ']
"b11902047" declared "fold:0"
"['b10902116']" won the round 5 (stack = {'b10902116': 1378, 'b11902047': 622})
community cards of this round: ['D7', 'HK', 'S8', 'S6', 'H6']
name: b10902116, hole_card: ['H5', 'SQ']
name: b11902047, hole_card: ['D6', 'SK']
Started the round 6
Street "preflop" started. (community card = [])
name: b10902116, hole_card: ['H5', 'SQ']
name: b11902047, hole_card: ['D6', 'SK']
"b10902116" declared "fold:0"
"['b11902047']" won the round 6 (stack = {'b10902116': 1373, 'b11902047': 627})
community cards of this round: ['H2', 'CJ', 'H8', 'D5', 'S4']
name: b10902116, hole_card: ['S8', 'D2']
name: b11902047, hole_card: ['S2', 'D7']
Started the round 7
Street "preflop" started. (community card = [])
29
[0.25928082 0.1774796  0.18992129 0.3733183 ]
name: b10902116, hole_card: ['S8', 'D2']
name: b11902047, hole_card: ['S2', 'D7']
"b11902047" declared "raise:20"
name: b10902116, hole_card: ['S8', 'D2']
name: b11902047, hole_card: ['S2', 'D7']
"b10902116" declared "fold:0"
"['b11902047']" won the round 7 (stack = {'b10902116': 1363, 'b11902047': 637})
community cards of this round: ['C4', 'DA', 'S7', 'H2', 'SJ']
name: b10902116, hole_card: ['S6', 'S2']
name: b11902047, hole_card: ['CT', 'D9']
Started the round 8
Street "preflop" started. (community card = [])
name: b10902116, hole_card: ['S6', 'S2']
name: b11902047, hole_card: ['CT', 'D9']
"b10902116" declared "fold:0"
"['b11902047']" won the round 8 (stack = {'b10902116': 1358, 'b11902047': 642})
community cards of this round: ['DJ', 'D7', 'CT', 'DT', 'SJ']
name: b10902116, hole_card: ['HQ', 'D9']
name: b11902047, hole_card: ['HA', 'H9']
Started the round 9
Street "preflop" started. (community card = [])
59
[0.21847041 0.11628126 0.12600889 0.53923943]
name: b10902116, hole_card: ['HQ', 'D9']
name: b11902047, hole_card: ['HA', 'H9']
"b11902047" declared "call:10"
name: b10902116, hole_card: ['HQ', 'D9']
name: b11902047, hole_card: ['HA', 'H9']
"b10902116" declared "fold:0"
"['b11902047']" won the round 9 (stack = {'b10902116': 1348, 'b11902047': 652})
community cards of this round: ['C7', 'CA', 'CT', 'S8', 'D9']
name: b10902116, hole_card: ['H9', 'SQ']
name: b11902047, hole_card: ['H7', 'ST']
Started the round 10
Street "preflop" started. (community card = [])
name: b10902116, hole_card: ['H9', 'SQ']
name: b11902047, hole_card: ['H7', 'ST']
"b10902116" declared "fold:0"
"['b11902047']" won the round 10 (stack = {'b10902116': 1343, 'b11902047': 657})
community cards of this round: ['H2', 'C6', 'H4', 'H9', 'C4']
name: b10902116, hole_card: ['C8', 'HA']
name: b11902047, hole_card: ['H7', 'C5']
Started the round 11
Street "preflop" started. (community card = [])
39
[0.2448129  0.1892939  0.22036733 0.34552588]
name: b10902116, hole_card: ['C8', 'HA']
name: b11902047, hole_card: ['H7', 'C5']
"b11902047" declared "raise:15"
name: b10902116, hole_card: ['C8', 'HA']
name: b11902047, hole_card: ['H7', 'C5']
"b10902116" declared "fold:0"
"['b11902047']" won the round 11 (stack = {'b10902116': 1333, 'b11902047': 667})
community cards of this round: ['S8', 'D8', 'H6', 'H5', 'C2']
name: b10902116, hole_card: ['S6', 'H9']
name: b11902047, hole_card: ['HK', 'H3']
Started the round 12
Street "preflop" started. (community card = [])
name: b10902116, hole_card: ['S6', 'H9']
name: b11902047, hole_card: ['HK', 'H3']
"b10902116" declared "fold:0"
"['b11902047']" won the round 12 (stack = {'b10902116': 1328, 'b11902047': 672})
community cards of this round: ['SK', 'HK', 'S8', 'ST', 'DK']
name: b10902116, hole_card: ['D6', 'H6']
name: b11902047, hole_card: ['C9', 'D4']
Started the round 13
Street "preflop" started. (community card = [])
39
[0.2448129  0.1892939  0.22036733 0.34552588]
name: b10902116, hole_card: ['D6', 'H6']
name: b11902047, hole_card: ['C9', 'D4']
"b11902047" declared "call:10"
name: b10902116, hole_card: ['D6', 'H6']
name: b11902047, hole_card: ['C9', 'D4']
"b10902116" declared "fold:0"
"['b11902047']" won the round 13 (stack = {'b10902116': 1318, 'b11902047': 682})
community cards of this round: ['HK', 'S3', 'D2', 'C8', 'D6']
name: b10902116, hole_card: ['DQ', 'H9']
name: b11902047, hole_card: ['SA', 'DT']
Started the round 14
Street "preflop" started. (community card = [])
name: b10902116, hole_card: ['DQ', 'H9']
name: b11902047, hole_card: ['SA', 'DT']
"b10902116" declared "fold:0"
"['b11902047']" won the round 14 (stack = {'b10902116': 1313, 'b11902047': 687})
community cards of this round: ['H7', 'C4', 'HJ', 'D4', 'DJ']
name: b10902116, hole_card: ['S6', 'H9']
name: b11902047, hole_card: ['D8', 'H2']
Started the round 15
Street "preflop" started. (community card = [])
39
[0.2448129  0.1892939  0.22036733 0.34552588]
name: b10902116, hole_card: ['S6', 'H9']
name: b11902047, hole_card: ['D8', 'H2']
"b11902047" declared "call:10"
name: b10902116, hole_card: ['S6', 'H9']
name: b11902047, hole_card: ['D8', 'H2']
"b10902116" declared "fold:0"
"['b11902047']" won the round 15 (stack = {'b10902116': 1303, 'b11902047': 697})
community cards of this round: ['C2', 'DA', 'CK', 'DK', 'C6']
name: b10902116, hole_card: ['H6', 'CT']
name: b11902047, hole_card: ['SQ', 'S9']
Started the round 16
Street "preflop" started. (community card = [])
name: b10902116, hole_card: ['H6', 'CT']
name: b11902047, hole_card: ['SQ', 'S9']
"b10902116" declared "fold:0"
"['b11902047']" won the round 16 (stack = {'b10902116': 1298, 'b11902047': 702})
community cards of this round: ['D9', 'S3', 'H5', 'H9', 'D7']
name: b10902116, hole_card: ['S2', 'CT']
name: b11902047, hole_card: ['D6', 'C8']
Started the round 17
Street "preflop" started. (community card = [])
39
[0.2448129  0.1892939  0.22036733 0.34552588]
name: b10902116, hole_card: ['S2', 'CT']
name: b11902047, hole_card: ['D6', 'C8']
"b11902047" declared "raise:20"
name: b10902116, hole_card: ['S2', 'CT']
name: b11902047, hole_card: ['D6', 'C8']
"b10902116" declared "fold:0"
"['b11902047']" won the round 17 (stack = {'b10902116': 1288, 'b11902047': 712})
community cards of this round: ['S6', 'D6', 'DQ', 'C4', 'DT']
name: b10902116, hole_card: ['SQ', 'CT']
name: b11902047, hole_card: ['ST', 'H6']
Started the round 18
Street "preflop" started. (community card = [])
name: b10902116, hole_card: ['SQ', 'CT']
name: b11902047, hole_card: ['ST', 'H6']
"b10902116" declared "fold:0"
"['b11902047']" won the round 18 (stack = {'b10902116': 1283, 'b11902047': 717})
community cards of this round: ['S4', 'HQ', 'S8', 'D3', 'C2']
name: b10902116, hole_card: ['HK', 'S2']
name: b11902047, hole_card: ['H8', 'H5']
Started the round 19
Street "preflop" started. (community card = [])
39
[0.2448129  0.1892939  0.22036733 0.34552588]
name: b10902116, hole_card: ['HK', 'S2']
name: b11902047, hole_card: ['H8', 'H5']
"b11902047" declared "raise:15"
name: b10902116, hole_card: ['HK', 'S2']
name: b11902047, hole_card: ['H8', 'H5']
"b10902116" declared "fold:0"
"['b11902047']" won the round 19 (stack = {'b10902116': 1273, 'b11902047': 727})
community cards of this round: ['D9', 'S3', 'C4', 'HJ', 'ST']
name: b10902116, hole_card: ['HK', 'CQ']
name: b11902047, hole_card: ['D3', 'S5']
Started the round 20
Street "preflop" started. (community card = [])
name: b10902116, hole_card: ['HK', 'CQ']
name: b11902047, hole_card: ['D3', 'S5']
"b10902116" declared "fold:0"
"['b11902047']" won the round 20 (stack = {'b10902116': 1268, 'b11902047': 732})
b11902047 vs b10902116 - Game 3: {'rule': {'initial_stack': 1000, 'max_round': 20, 'small_blind_amount': 5, 'ante': 0, 'blind_structure': {}}, 'players': [{'name': 'b10902116', 'uuid': 'rsmcgwpmehdbytnauoqzhw', 'stack': 1268, 'state': 'participating'}, {'name': 'b11902047', 'uuid': 'qozqxpafcuhbylracodavr', 'stack': 732, 'state': 'participating'}]}
community cards of this round: ['HA', 'C5', 'DA', 'HT', 'H8']
name: b11902047, hole_card: ['SA', 'CA']
name: b10902116, hole_card: ['C9', 'H2']
Started the round 1
Street "preflop" started. (community card = [])
name: b11902047, hole_card: ['SA', 'CA']
name: b10902116, hole_card: ['C9', 'H2']
"b10902116" declared "call:10"
719
[0.28702346 0.29817142 0.14139841 0.27340671]
name: b11902047, hole_card: ['SA', 'CA']
name: b10902116, hole_card: ['C9', 'H2']
"b11902047" declared "call:10"
Street "flop" started. (community card = ['HA', 'C5', 'DA'])
name: b11902047, hole_card: ['SA', 'CA']
name: b10902116, hole_card: ['C9', 'H2']
"b10902116" declared "call:0"
6119719
[0.46823338 0.16800933 0.12794499 0.2358123 ]
name: b11902047, hole_card: ['SA', 'CA']
name: b10902116, hole_card: ['C9', 'H2']
"b11902047" declared "raise:20"
name: b11902047, hole_card: ['SA', 'CA']
name: b10902116, hole_card: ['C9', 'H2']
"b10902116" declared "call:20"
Street "turn" started. (community card = ['HA', 'C5', 'DA', 'HT'])
name: b11902047, hole_card: ['SA', 'CA']
name: b10902116, hole_card: ['C9', 'H2']
"b10902116" declared "call:0"
611971319719
[0.45613038 0.14644019 0.0849226  0.31250683]
name: b11902047, hole_card: ['SA', 'CA']
name: b10902116, hole_card: ['C9', 'H2']
"b11902047" declared "call:0"
Street "river" started. (community card = ['HA', 'C5', 'DA', 'HT', 'H8'])
name: b11902047, hole_card: ['SA', 'CA']
name: b10902116, hole_card: ['C9', 'H2']
"b10902116" declared "call:0"
6119713197119719
[0.23313084 0.29957775 0.12325262 0.34403879]
name: b11902047, hole_card: ['SA', 'CA']
name: b10902116, hole_card: ['C9', 'H2']
"b11902047" declared "raise:30"
name: b11902047, hole_card: ['SA', 'CA']
name: b10902116, hole_card: ['C9', 'H2']
"b10902116" declared "fold:0"
"['b11902047']" won the round 1 (stack = {'b11902047': 1030, 'b10902116': 970})
community cards of this round: ['C4', 'S5', 'CK', 'H2', 'D2']
name: b11902047, hole_card: ['D9', 'D7']
name: b10902116, hole_card: ['HK', 'H5']
Started the round 2
Street "preflop" started. (community card = [])
49
[0.57462975 0.08842233 0.10635598 0.23059193]
name: b11902047, hole_card: ['D9', 'D7']
name: b10902116, hole_card: ['HK', 'H5']
"b11902047" declared "fold:0"
"['b10902116']" won the round 2 (stack = {'b11902047': 1025, 'b10902116': 975})
community cards of this round: ['D4', 'S2', 'H9', 'D7', 'C4']
name: b11902047, hole_card: ['H2', 'C3']
name: b10902116, hole_card: ['CT', 'S8']
Started the round 3
Street "preflop" started. (community card = [])
name: b11902047, hole_card: ['H2', 'C3']
name: b10902116, hole_card: ['CT', 'S8']
"b10902116" declared "call:10"
219
[0.25567879 0.23827898 0.17915301 0.32688921]
name: b11902047, hole_card: ['H2', 'C3']
name: b10902116, hole_card: ['CT', 'S8']
"b11902047" declared "raise:30"
name: b11902047, hole_card: ['H2', 'C3']
name: b10902116, hole_card: ['CT', 'S8']
"b10902116" declared "call:30"
Street "flop" started. (community card = ['D4', 'S2', 'H9'])
name: b11902047, hole_card: ['H2', 'C3']
name: b10902116, hole_card: ['CT', 'S8']
"b10902116" declared "call:0"
21319219
[0.47123381 0.27947435 0.10389061 0.14540123]
name: b11902047, hole_card: ['H2', 'C3']
name: b10902116, hole_card: ['CT', 'S8']
"b11902047" declared "call:0"
Street "turn" started. (community card = ['D4', 'S2', 'H9', 'D7'])
name: b11902047, hole_card: ['H2', 'C3']
name: b10902116, hole_card: ['CT', 'S8']
"b10902116" declared "call:0"
213192119419
[0.40689536 0.31482622 0.12639899 0.15187942]
name: b11902047, hole_card: ['H2', 'C3']
name: b10902116, hole_card: ['CT', 'S8']
"b11902047" declared "call:0"
Street "river" started. (community card = ['D4', 'S2', 'H9', 'D7', 'C4'])
name: b11902047, hole_card: ['H2', 'C3']
name: b10902116, hole_card: ['CT', 'S8']
"b10902116" declared "call:0"
2131911194119419
[0.19062953 0.21841664 0.18576178 0.40519205]
name: b11902047, hole_card: ['H2', 'C3']
name: b10902116, hole_card: ['CT', 'S8']
"b11902047" declared "raise:60"
name: b11902047, hole_card: ['H2', 'C3']
name: b10902116, hole_card: ['CT', 'S8']
"b10902116" declared "fold:0"
"['b11902047']" won the round 3 (stack = {'b11902047': 1055, 'b10902116': 945})
community cards of this round: ['D5', 'CQ', 'H5', 'HQ', 'ST']
name: b11902047, hole_card: ['S4', 'DA']
name: b10902116, hole_card: ['C4', 'H2']
Started the round 4
Street "preflop" started. (community card = [])
49
[0.57462975 0.08842233 0.10635598 0.23059193]
name: b11902047, hole_card: ['S4', 'DA']
name: b10902116, hole_card: ['C4', 'H2']
"b11902047" declared "fold:0"
"['b10902116']" won the round 4 (stack = {'b11902047': 1050, 'b10902116': 950})
community cards of this round: ['S5', 'CT', 'H6', 'S2', 'H9']
name: b11902047, hole_card: ['SQ', 'D7']
name: b10902116, hole_card: ['H5', 'CJ']
Started the round 5
Street "preflop" started. (community card = [])
name: b11902047, hole_card: ['SQ', 'D7']
name: b10902116, hole_card: ['H5', 'CJ']
"b10902116" declared "call:10"
419
[0.12927453 0.21803914 0.21998352 0.4327028 ]
name: b11902047, hole_card: ['SQ', 'D7']
name: b10902116, hole_card: ['H5', 'CJ']
"b11902047" declared "raise:30"
name: b11902047, hole_card: ['SQ', 'D7']
name: b10902116, hole_card: ['H5', 'CJ']
"b10902116" declared "call:30"
Street "flop" started. (community card = ['S5', 'CT', 'H6'])
name: b11902047, hole_card: ['SQ', 'D7']
name: b10902116, hole_card: ['H5', 'CJ']
"b10902116" declared "raise:10"
41319429
[0.36346313 0.27935407 0.18889521 0.1682876 ]
name: b11902047, hole_card: ['SQ', 'D7']
name: b10902116, hole_card: ['H5', 'CJ']
"b11902047" declared "raise:35"
name: b11902047, hole_card: ['SQ', 'D7']
name: b10902116, hole_card: ['H5', 'CJ']
"b10902116" declared "raise:60"
4131932229
[0.34031802 0.65968198]
name: b11902047, hole_card: ['SQ', 'D7']
name: b10902116, hole_card: ['H5', 'CJ']
"b11902047" declared "fold:0"
"['b10902116']" won the round 5 (stack = {'b11902047': 985, 'b10902116': 1015})
community cards of this round: ['D7', 'HK', 'S8', 'S6', 'H6']
name: b11902047, hole_card: ['H5', 'SQ']
name: b10902116, hole_card: ['D6', 'SK']
Started the round 6
Street "preflop" started. (community card = [])
49
[0.57462975 0.08842233 0.10635598 0.23059193]
name: b11902047, hole_card: ['H5', 'SQ']
name: b10902116, hole_card: ['D6', 'SK']
"b11902047" declared "fold:0"
"['b10902116']" won the round 6 (stack = {'b11902047': 980, 'b10902116': 1020})
community cards of this round: ['H2', 'CJ', 'H8', 'D5', 'S4']
name: b11902047, hole_card: ['S8', 'D2']
name: b10902116, hole_card: ['S2', 'D7']
Started the round 7
Street "preflop" started. (community card = [])
name: b11902047, hole_card: ['S8', 'D2']
name: b10902116, hole_card: ['S2', 'D7']
"b10902116" declared "call:10"
319
[0.29537566 0.24400458 0.15965821 0.30096155]
name: b11902047, hole_card: ['S8', 'D2']
name: b10902116, hole_card: ['S2', 'D7']
"b11902047" declared "call:10"
Street "flop" started. (community card = ['H2', 'CJ', 'H8'])
name: b11902047, hole_card: ['S8', 'D2']
name: b10902116, hole_card: ['S2', 'D7']
"b10902116" declared "raise:10"
2119529
[0.19062953 0.21841664 0.18576178 0.40519205]
name: b11902047, hole_card: ['S8', 'D2']
name: b10902116, hole_card: ['S2', 'D7']
"b11902047" declared "raise:30"
name: b11902047, hole_card: ['S8', 'D2']
name: b10902116, hole_card: ['S2', 'D7']
"b10902116" declared "raise:50"
211942329
[0.43690025 0.56309975]
name: b11902047, hole_card: ['S8', 'D2']
name: b10902116, hole_card: ['S2', 'D7']
"b11902047" declared "fold:0"
"['b10902116']" won the round 7 (stack = {'b11902047': 940, 'b10902116': 1060})
community cards of this round: ['C4', 'DA', 'S7', 'H2', 'SJ']
name: b11902047, hole_card: ['S6', 'S2']
name: b10902116, hole_card: ['CT', 'D9']
Started the round 8
Street "preflop" started. (community card = [])
39
[0.2448129  0.1892939  0.22036733 0.34552588]
name: b11902047, hole_card: ['S6', 'S2']
name: b10902116, hole_card: ['CT', 'D9']
"b11902047" declared "raise:15"
name: b11902047, hole_card: ['S6', 'S2']
name: b10902116, hole_card: ['CT', 'D9']
"b10902116" declared "raise:20"
2229
[0.21921346 0.13703713 0.30431574 0.33943368]
name: b11902047, hole_card: ['S6', 'S2']
name: b10902116, hole_card: ['CT', 'D9']
"b11902047" declared "call:20"
Street "flop" started. (community card = ['C4', 'DA', 'S7'])
2221929
[0.2356179  0.31357105 0.20903077 0.24178028]
name: b11902047, hole_card: ['S6', 'S2']
name: b10902116, hole_card: ['CT', 'D9']
"b11902047" declared "call:0"
name: b11902047, hole_card: ['S6', 'S2']
name: b10902116, hole_card: ['CT', 'D9']
"b10902116" declared "call:0"
Street "turn" started. (community card = ['C4', 'DA', 'S7', 'H2'])
22219211929
[0.20419527 0.21588189 0.22099416 0.35892868]
name: b11902047, hole_card: ['S6', 'S2']
name: b10902116, hole_card: ['CT', 'D9']
"b11902047" declared "call:0"
name: b11902047, hole_card: ['S6', 'S2']
name: b10902116, hole_card: ['CT', 'D9']
"b10902116" declared "call:0"
Street "river" started. (community card = ['C4', 'DA', 'S7', 'H2', 'SJ'])
222192119111919
[0.37751268 0.37756915 0.17553224 0.06938594]
name: b11902047, hole_card: ['S6', 'S2']
name: b10902116, hole_card: ['CT', 'D9']
"b11902047" declared "raise:20"
name: b11902047, hole_card: ['S6', 'S2']
name: b10902116, hole_card: ['CT', 'D9']
"b10902116" declared "fold:0"
"['b11902047']" won the round 8 (stack = {'b11902047': 960, 'b10902116': 1040})
community cards of this round: ['DJ', 'D7', 'CT', 'DT', 'SJ']
name: b11902047, hole_card: ['HQ', 'D9']
name: b10902116, hole_card: ['HA', 'H9']
Started the round 9
Street "preflop" started. (community card = [])
name: b11902047, hole_card: ['HQ', 'D9']
name: b10902116, hole_card: ['HA', 'H9']
"b10902116" declared "raise:15"
429
[0.13028855 0.31751391 0.21457336 0.33762418]
name: b11902047, hole_card: ['HQ', 'D9']
name: b10902116, hole_card: ['HA', 'H9']
"b11902047" declared "raise:35"
name: b11902047, hole_card: ['HQ', 'D9']
name: b10902116, hole_card: ['HA', 'H9']
"b10902116" declared "raise:55"
42339
[0.24462707 0.75537293]
name: b11902047, hole_card: ['HQ', 'D9']
name: b10902116, hole_card: ['HA', 'H9']
"b11902047" declared "call:55"
Street "flop" started. (community card = ['DJ', 'D7', 'CT'])
name: b11902047, hole_card: ['HQ', 'D9']
name: b10902116, hole_card: ['HA', 'H9']
"b10902116" declared "raise:10"
423319429
[0.3711964  0.50761997 0.00502093 0.1161627 ]
name: b11902047, hole_card: ['HQ', 'D9']
name: b10902116, hole_card: ['HA', 'H9']
"b11902047" declared "raise:120"
name: b11902047, hole_card: ['HQ', 'D9']
name: b10902116, hole_card: ['HA', 'H9']
"b10902116" declared "fold:0"
"['b11902047']" won the round 9 (stack = {'b11902047': 1025, 'b10902116': 975})
community cards of this round: ['C7', 'CA', 'CT', 'S8', 'D9']
name: b11902047, hole_card: ['H9', 'SQ']
name: b10902116, hole_card: ['H7', 'ST']
Started the round 10
Street "preflop" started. (community card = [])
49
[0.57462975 0.08842233 0.10635598 0.23059193]
name: b11902047, hole_card: ['H9', 'SQ']
name: b10902116, hole_card: ['H7', 'ST']
"b11902047" declared "fold:0"
"['b10902116']" won the round 10 (stack = {'b11902047': 1020, 'b10902116': 980})
community cards of this round: ['H2', 'C6', 'H4', 'H9', 'C4']
name: b11902047, hole_card: ['C8', 'HA']
name: b10902116, hole_card: ['H7', 'C5']
Started the round 11
Street "preflop" started. (community card = [])
name: b11902047, hole_card: ['C8', 'HA']
name: b10902116, hole_card: ['H7', 'C5']
"b10902116" declared "call:10"
419
[0.12927453 0.21803914 0.21998352 0.4327028 ]
name: b11902047, hole_card: ['C8', 'HA']
name: b10902116, hole_card: ['H7', 'C5']
"b11902047" declared "call:10"
Street "flop" started. (community card = ['H2', 'C6', 'H4'])
name: b11902047, hole_card: ['C8', 'HA']
name: b10902116, hole_card: ['H7', 'C5']
"b10902116" declared "call:0"
4119419
[0.33623885 0.24860253 0.14802604 0.26713258]
name: b11902047, hole_card: ['C8', 'HA']
name: b10902116, hole_card: ['H7', 'C5']
"b11902047" declared "call:0"
Street "turn" started. (community card = ['H2', 'C6', 'H4', 'H9'])
name: b11902047, hole_card: ['C8', 'HA']
name: b10902116, hole_card: ['H7', 'C5']
"b10902116" declared "call:0"
41194119419
[0.38930354 0.28152563 0.12537616 0.20379467]
name: b11902047, hole_card: ['C8', 'HA']
name: b10902116, hole_card: ['H7', 'C5']
"b11902047" declared "call:0"
Street "river" started. (community card = ['H2', 'C6', 'H4', 'H9', 'C4'])
name: b11902047, hole_card: ['C8', 'HA']
name: b10902116, hole_card: ['H7', 'C5']
"b10902116" declared "call:0"
411941194119319
[0.21449736 0.31217961 0.15749785 0.31582518]
name: b11902047, hole_card: ['C8', 'HA']
name: b10902116, hole_card: ['H7', 'C5']
"b11902047" declared "raise:10"
name: b11902047, hole_card: ['C8', 'HA']
name: b10902116, hole_card: ['H7', 'C5']
"b10902116" declared "fold:0"
"['b11902047']" won the round 11 (stack = {'b11902047': 1030, 'b10902116': 970})
community cards of this round: ['S8', 'D8', 'H6', 'H5', 'C2']
name: b11902047, hole_card: ['S6', 'H9']
name: b10902116, hole_card: ['HK', 'H3']
Started the round 12
Street "preflop" started. (community card = [])
39
[0.2448129  0.1892939  0.22036733 0.34552588]
name: b11902047, hole_card: ['S6', 'H9']
name: b10902116, hole_card: ['HK', 'H3']
"b11902047" declared "raise:20"
name: b11902047, hole_card: ['S6', 'H9']
name: b10902116, hole_card: ['HK', 'H3']
"b10902116" declared "raise:30"
3329
[0.20056629 0.26882925 0.18865561 0.34194885]
name: b11902047, hole_card: ['S6', 'H9']
name: b10902116, hole_card: ['HK', 'H3']
"b11902047" declared "fold:0"
"['b10902116']" won the round 12 (stack = {'b11902047': 1010, 'b10902116': 990})
community cards of this round: ['SK', 'HK', 'S8', 'ST', 'DK']
name: b11902047, hole_card: ['D6', 'H6']
name: b10902116, hole_card: ['C9', 'D4']
Started the round 13
Street "preflop" started. (community card = [])
name: b11902047, hole_card: ['D6', 'H6']
name: b10902116, hole_card: ['C9', 'D4']
"b10902116" declared "call:10"
519
[0.52157014 0.17898308 0.11763265 0.18181413]
name: b11902047, hole_card: ['D6', 'H6']
name: b10902116, hole_card: ['C9', 'D4']
"b11902047" declared "call:10"
Street "flop" started. (community card = ['SK', 'HK', 'S8'])
name: b11902047, hole_card: ['D6', 'H6']
name: b10902116, hole_card: ['C9', 'D4']
"b10902116" declared "call:0"
5119419
[0.30650616 0.17009305 0.1792292  0.3441716 ]
name: b11902047, hole_card: ['D6', 'H6']
name: b10902116, hole_card: ['C9', 'D4']
"b11902047" declared "call:0"
Street "turn" started. (community card = ['SK', 'HK', 'S8', 'ST'])
name: b11902047, hole_card: ['D6', 'H6']
name: b10902116, hole_card: ['C9', 'D4']
"b10902116" declared "call:0"
41194119419
[0.38930354 0.28152563 0.12537616 0.20379467]
name: b11902047, hole_card: ['D6', 'H6']
name: b10902116, hole_card: ['C9', 'D4']
"b11902047" declared "raise:10"
name: b11902047, hole_card: ['D6', 'H6']
name: b10902116, hole_card: ['C9', 'D4']
"b10902116" declared "fold:0"
"['b11902047']" won the round 13 (stack = {'b11902047': 1020, 'b10902116': 980})
community cards of this round: ['HK', 'S3', 'D2', 'C8', 'D6']
name: b11902047, hole_card: ['DQ', 'H9']
name: b10902116, hole_card: ['SA', 'DT']
Started the round 14
Street "preflop" started. (community card = [])
49
[0.57462975 0.08842233 0.10635598 0.23059193]
name: b11902047, hole_card: ['DQ', 'H9']
name: b10902116, hole_card: ['SA', 'DT']
"b11902047" declared "raise:20"
name: b11902047, hole_card: ['DQ', 'H9']
name: b10902116, hole_card: ['SA', 'DT']
"b10902116" declared "raise:30"
4329
[0.49462275 0.09690389 0.09264935 0.315824  ]
name: b11902047, hole_card: ['DQ', 'H9']
name: b10902116, hole_card: ['SA', 'DT']
"b11902047" declared "call:30"
Street "flop" started. (community card = ['HK', 'S3', 'D2'])
4321949
[0.42857093 0.11329834 0.13682026 0.32131046]
name: b11902047, hole_card: ['DQ', 'H9']
name: b10902116, hole_card: ['SA', 'DT']
"b11902047" declared "call:0"
name: b11902047, hole_card: ['DQ', 'H9']
name: b10902116, hole_card: ['SA', 'DT']
"b10902116" declared "raise:950"
432194139
[0.38700422 0.14975223 0.23707361 0.22616994]
name: b11902047, hole_card: ['DQ', 'H9']
name: b10902116, hole_card: ['SA', 'DT']
"b11902047" declared "call:950"
Street "turn" started. (community card = ['HK', 'S3', 'D2', 'C8'])
Street "river" started. (community card = ['HK', 'S3', 'D2', 'C8', 'D6'])
"['b10902116']" won the round 14 (stack = {'b11902047': 40, 'b10902116': 1960})
community cards of this round: ['H7', 'C4', 'HJ', 'D4', 'DJ']
name: b11902047, hole_card: ['S6', 'H9']
name: b10902116, hole_card: ['D8', 'H2']
Started the round 15
Street "preflop" started. (community card = [])
name: b11902047, hole_card: ['S6', 'H9']
name: b10902116, hole_card: ['D8', 'H2']
"b10902116" declared "fold:0"
"['b11902047']" won the round 15 (stack = {'b11902047': 45, 'b10902116': 1955})
community cards of this round: ['C2', 'DA', 'CK', 'DK', 'C6']
name: b11902047, hole_card: ['H6', 'CT']
name: b10902116, hole_card: ['SQ', 'S9']
Started the round 16
Street "preflop" started. (community card = [])
39
[0.2448129  0.1892939  0.22036733 0.34552588]
name: b11902047, hole_card: ['H6', 'CT']
name: b10902116, hole_card: ['SQ', 'S9']
"b11902047" declared "raise:20"
name: b11902047, hole_card: ['H6', 'CT']
name: b10902116, hole_card: ['SQ', 'S9']
"b10902116" declared "fold:0"
"['b11902047']" won the round 16 (stack = {'b11902047': 55, 'b10902116': 1945})
community cards of this round: ['D9', 'S3', 'H5', 'H9', 'D7']
name: b11902047, hole_card: ['S2', 'CT']
name: b10902116, hole_card: ['D6', 'C8']
Started the round 17
Street "preflop" started. (community card = [])
name: b11902047, hole_card: ['S2', 'CT']
name: b10902116, hole_card: ['D6', 'C8']
"b10902116" declared "fold:0"
"['b11902047']" won the round 17 (stack = {'b11902047': 60, 'b10902116': 1940})
community cards of this round: ['S6', 'D6', 'DQ', 'C4', 'DT']
name: b11902047, hole_card: ['SQ', 'CT']
name: b10902116, hole_card: ['ST', 'H6']
Started the round 18
Street "preflop" started. (community card = [])
49
[0.57462975 0.08842233 0.10635598 0.23059193]
name: b11902047, hole_card: ['SQ', 'CT']
name: b10902116, hole_card: ['ST', 'H6']
"b11902047" declared "fold:0"
"['b10902116']" won the round 18 (stack = {'b11902047': 55, 'b10902116': 1945})
community cards of this round: ['S4', 'HQ', 'S8', 'D3', 'C2']
name: b11902047, hole_card: ['HK', 'S2']
name: b10902116, hole_card: ['H8', 'H5']
Started the round 19
Street "preflop" started. (community card = [])
name: b11902047, hole_card: ['HK', 'S2']
name: b10902116, hole_card: ['H8', 'H5']
"b10902116" declared "fold:0"
"['b11902047']" won the round 19 (stack = {'b11902047': 60, 'b10902116': 1940})
community cards of this round: ['D9', 'S3', 'C4', 'HJ', 'ST']
name: b11902047, hole_card: ['HK', 'CQ']
name: b10902116, hole_card: ['D3', 'S5']
Started the round 20
Street "preflop" started. (community card = [])
59
[0.21847041 0.11628126 0.12600889 0.53923943]
name: b11902047, hole_card: ['HK', 'CQ']
name: b10902116, hole_card: ['D3', 'S5']
"b11902047" declared "fold:0"
"['b10902116']" won the round 20 (stack = {'b11902047': 55, 'b10902116': 1945})
b11902047 vs b10902116 - Game 4: {'rule': {'initial_stack': 1000, 'max_round': 20, 'small_blind_amount': 5, 'ante': 0, 'blind_structure': {}}, 'players': [{'name': 'b11902047', 'uuid': 'plnmeokmdoszhelmvsfxce', 'stack': 55, 'state': 'participating'}, {'name': 'b10902116', 'uuid': 'bjctiseeoygglkhetwmctd', 'stack': 1945, 'state': 'participating'}]}
community cards of this round: ['H4', 'C2', 'CJ', 'S6', 'DJ']
name: b10902116, hole_card: ['HA', 'D3']
name: b11902047, hole_card: ['HQ', 'H2']
Started the round 1
Street "preflop" started. (community card = [])
39
[0.2448129  0.1892939  0.22036733 0.34552588]
name: b10902116, hole_card: ['HA', 'D3']
name: b11902047, hole_card: ['HQ', 'H2']
"b11902047" declared "call:10"
name: b10902116, hole_card: ['HA', 'D3']
name: b11902047, hole_card: ['HQ', 'H2']
"b10902116" declared "raise:15"
4129
[0.53588222 0.1405445  0.13922852 0.18434476]
name: b10902116, hole_card: ['HA', 'D3']
name: b11902047, hole_card: ['HQ', 'H2']
"b11902047" declared "call:15"
Street "flop" started. (community card = ['H4', 'C2', 'CJ'])
3121949
[0.23240522 0.16606822 0.17057249 0.43095406]
name: b10902116, hole_card: ['HA', 'D3']
name: b11902047, hole_card: ['HQ', 'H2']
"b11902047" declared "raise:15"
name: b10902116, hole_card: ['HA', 'D3']
name: b11902047, hole_card: ['HQ', 'H2']
"b10902116" declared "raise:30"
412194229
[0.41394637 0.10605616 0.21678606 0.26321141]
name: b10902116, hole_card: ['HA', 'D3']
name: b11902047, hole_card: ['HQ', 'H2']
"b11902047" declared "call:30"
Street "turn" started. (community card = ['H4', 'C2', 'CJ', 'S6'])
312194221959
[0.31102749 0.16664291 0.21374665 0.30858295]
name: b10902116, hole_card: ['HA', 'D3']
name: b11902047, hole_card: ['HQ', 'H2']
"b11902047" declared "call:0"
name: b10902116, hole_card: ['HA', 'D3']
name: b11902047, hole_card: ['HQ', 'H2']
"b10902116" declared "call:0"
Street "river" started. (community card = ['H4', 'C2', 'CJ', 'S6', 'DJ'])
4121942219511949
[0.31938131 0.26324816 0.21429491 0.20307562]
name: b10902116, hole_card: ['HA', 'D3']
name: b11902047, hole_card: ['HQ', 'H2']
"b11902047" declared "call:0"
name: b10902116, hole_card: ['HA', 'D3']
name: b11902047, hole_card: ['HQ', 'H2']
"b10902116" declared "call:0"
"['b11902047']" won the round 1 (stack = {'b10902116': 955, 'b11902047': 1045})
community cards of this round: ['HA', 'HT', 'SA', 'C7', 'H5']
name: b10902116, hole_card: ['HQ', 'HK']
name: b11902047, hole_card: ['ST', 'SJ']
Started the round 2
Street "preflop" started. (community card = [])
name: b10902116, hole_card: ['HQ', 'HK']
name: b11902047, hole_card: ['ST', 'SJ']
"b10902116" declared "raise:15"
429
[0.13028855 0.31751391 0.21457336 0.33762418]
name: b10902116, hole_card: ['HQ', 'HK']
name: b11902047, hole_card: ['ST', 'SJ']
"b11902047" declared "raise:35"
name: b10902116, hole_card: ['HQ', 'HK']
name: b11902047, hole_card: ['ST', 'SJ']
"b10902116" declared "raise:55"
42339
[0.24462707 0.75537293]
name: b10902116, hole_card: ['HQ', 'HK']
name: b11902047, hole_card: ['ST', 'SJ']
"b11902047" declared "call:55"
Street "flop" started. (community card = ['HA', 'HT', 'SA'])
name: b10902116, hole_card: ['HQ', 'HK']
name: b11902047, hole_card: ['ST', 'SJ']
"b10902116" declared "raise:126"
423319439
[0.40667159 0.40781216 0.06119717 0.12431908]
name: b10902116, hole_card: ['HQ', 'HK']
name: b11902047, hole_card: ['ST', 'SJ']
"b11902047" declared "fold:0"
"['b10902116']" won the round 2 (stack = {'b10902116': 1010, 'b11902047': 990})
community cards of this round: ['S7', 'CJ', 'H9', 'SA', 'H8']
name: b10902116, hole_card: ['HA', 'CQ']
name: b11902047, hole_card: ['HK', 'CK']
Started the round 3
Street "preflop" started. (community card = [])
69
[0.25620681 0.12569482 0.21192601 0.40617236]
name: b10902116, hole_card: ['HA', 'CQ']
name: b11902047, hole_card: ['HK', 'CK']
"b11902047" declared "raise:20"
name: b10902116, hole_card: ['HA', 'CQ']
name: b11902047, hole_card: ['HK', 'CK']
"b10902116" declared "raise:96"
6339
[0.23240522 0.16606822 0.17057249 0.43095406]
name: b10902116, hole_card: ['HA', 'CQ']
name: b11902047, hole_card: ['HK', 'CK']
"b11902047" declared "call:96"
Street "flop" started. (community card = ['S7', 'CJ', 'H9'])
6331969
[0.29333303 0.06325566 0.31300927 0.33040204]
name: b10902116, hole_card: ['HA', 'CQ']
name: b11902047, hole_card: ['HK', 'CK']
"b11902047" declared "raise:192"
name: b10902116, hole_card: ['HA', 'CQ']
name: b11902047, hole_card: ['HK', 'CK']
"b10902116" declared "fold:0"
"['b11902047']" won the round 3 (stack = {'b10902116': 914, 'b11902047': 1086})
community cards of this round: ['C8', 'HA', 'S4', 'CJ', 'H3']
name: b10902116, hole_card: ['D7', 'CT']
name: b11902047, hole_card: ['H8', 'S5']
Started the round 4
Street "preflop" started. (community card = [])
name: b10902116, hole_card: ['D7', 'CT']
name: b11902047, hole_card: ['H8', 'S5']
"b10902116" declared "call:10"
319
[0.29537566 0.24400458 0.15965821 0.30096155]
name: b10902116, hole_card: ['D7', 'CT']
name: b11902047, hole_card: ['H8', 'S5']
"b11902047" declared "raise:30"
name: b10902116, hole_card: ['D7', 'CT']
name: b11902047, hole_card: ['H8', 'S5']
"b10902116" declared "call:30"
Street "flop" started. (community card = ['C8', 'HA', 'S4'])
name: b10902116, hole_card: ['D7', 'CT']
name: b11902047, hole_card: ['H8', 'S5']
"b10902116" declared "call:0"
31319519
[0.21449736 0.31217961 0.15749785 0.31582518]
name: b10902116, hole_card: ['D7', 'CT']
name: b11902047, hole_card: ['H8', 'S5']
"b11902047" declared "call:0"
Street "turn" started. (community card = ['C8', 'HA', 'S4', 'CJ'])
name: b10902116, hole_card: ['D7', 'CT']
name: b11902047, hole_card: ['H8', 'S5']
"b10902116" declared "call:0"
313195119519
[0.17599687 0.11364811 0.19118994 0.51916507]
name: b10902116, hole_card: ['D7', 'CT']
name: b11902047, hole_card: ['H8', 'S5']
"b11902047" declared "raise:60"
name: b10902116, hole_card: ['D7', 'CT']
name: b11902047, hole_card: ['H8', 'S5']
"b10902116" declared "fold:0"
"['b11902047']" won the round 4 (stack = {'b10902116': 884, 'b11902047': 1116})
community cards of this round: ['S7', 'HT', 'HK', 'H4', 'H7']
name: b10902116, hole_card: ['D8', 'H2']
name: b11902047, hole_card: ['DK', 'H9']
Started the round 5
Street "preflop" started. (community card = [])
49
[0.57462975 0.08842233 0.10635598 0.23059193]
name: b10902116, hole_card: ['D8', 'H2']
name: b11902047, hole_card: ['DK', 'H9']
"b11902047" declared "fold:0"
"['b10902116']" won the round 5 (stack = {'b10902116': 889, 'b11902047': 1111})
community cards of this round: ['C8', 'C9', 'H9', 'CT', 'H4']
name: b10902116, hole_card: ['DA', 'D5']
name: b11902047, hole_card: ['S8', 'S5']
Started the round 6
Street "preflop" started. (community card = [])
name: b10902116, hole_card: ['DA', 'D5']
name: b11902047, hole_card: ['S8', 'S5']
"b10902116" declared "raise:889"
339
[0.35020463 0.26869819 0.14133857 0.23975862]
name: b10902116, hole_card: ['DA', 'D5']
name: b11902047, hole_card: ['S8', 'S5']
"b11902047" declared "call:889"
Street "flop" started. (community card = ['C8', 'C9', 'H9'])
Street "turn" started. (community card = ['C8', 'C9', 'H9', 'CT'])
Street "river" started. (community card = ['C8', 'C9', 'H9', 'CT', 'H4'])
"['b11902047']" won the round 6 (stack = {'b10902116': 0, 'b11902047': 2000})
b11902047 vs b10902116 - Game 5: {'rule': {'initial_stack': 1000, 'max_round': 20, 'small_blind_amount': 5, 'ante': 0, 'blind_structure': {}}, 'players': [{'name': 'b10902116', 'uuid': 'aofaaefwugjyqvykhqvcba', 'stack': 0, 'state': 'folded'}, {'name': 'b11902047', 'uuid': 'fzyqknrkreyuotugxeregg', 'stack': 2000, 'state': 'participating'}]}
Final Result: b11902047 won 2 games (stack: 8169), b10902116 won 3 games (stack: 1831)
