community cards of this round: ['SA', 'H9', 'HT', 'H7', 'CQ']
name: b10902135, hole_card: ['DJ', 'C2']
name: b11902158, hole_card: ['S3', 'CK']
Started the round 1
Street "preflop" started. (community card = [])
name: b10902135, hole_card: ['DJ', 'C2']
name: b11902158, hole_card: ['S3', 'CK']
"b11902158" declared "call:10"
name: b10902135, hole_card: ['DJ', 'C2']
name: b11902158, hole_card: ['S3', 'CK']
"b10902135" declared "call:10"
Street "flop" started. (community card = ['SA', 'H9', 'HT'])
name: b10902135, hole_card: ['DJ', 'C2']
name: b11902158, hole_card: ['S3', 'CK']
"b11902158" declared "raise:20"
name: b10902135, hole_card: ['DJ', 'C2']
name: b11902158, hole_card: ['S3', 'CK']
"b10902135" declared "fold:0"
"['b11902158']" won the round 1 (stack = {'b10902135': 990, 'b11902158': 1010})
community cards of this round: ['CT', 'HQ', 'C6', 'S3', 'SK']
name: b10902135, hole_card: ['CA', 'S4']
name: b11902158, hole_card: ['D9', 'S7']
Started the round 2
Street "preflop" started. (community card = [])
name: b10902135, hole_card: ['CA', 'S4']
name: b11902158, hole_card: ['D9', 'S7']
"b10902135" declared "raise:30"
name: b10902135, hole_card: ['CA', 'S4']
name: b11902158, hole_card: ['D9', 'S7']
"b11902158" declared "fold:0"
"['b10902135']" won the round 2 (stack = {'b10902135': 1000, 'b11902158': 1000})
community cards of this round: ['HA', 'S7', 'D7', 'ST', 'DQ']
name: b10902135, hole_card: ['D5', 'C9']
name: b11902158, hole_card: ['DT', 'S6']
Started the round 3
Street "preflop" started. (community card = [])
name: b10902135, hole_card: ['D5', 'C9']
name: b11902158, hole_card: ['DT', 'S6']
"b11902158" declared "fold:0"
"['b10902135']" won the round 3 (stack = {'b10902135': 1005, 'b11902158': 995})
community cards of this round: ['H3', 'SA', 'C4', 'HK', 'HA']
name: b10902135, hole_card: ['S9', 'DQ']
name: b11902158, hole_card: ['CQ', 'C5']
Started the round 4
Street "preflop" started. (community card = [])
name: b10902135, hole_card: ['S9', 'DQ']
name: b11902158, hole_card: ['CQ', 'C5']
"b10902135" declared "raise:30"
name: b10902135, hole_card: ['S9', 'DQ']
name: b11902158, hole_card: ['CQ', 'C5']
"b11902158" declared "call:30"
Street "flop" started. (community card = ['H3', 'SA', 'C4'])
name: b10902135, hole_card: ['S9', 'DQ']
name: b11902158, hole_card: ['CQ', 'C5']
"b10902135" declared "call:0"
name: b10902135, hole_card: ['S9', 'DQ']
name: b11902158, hole_card: ['CQ', 'C5']
"b11902158" declared "call:0"
Street "turn" started. (community card = ['H3', 'SA', 'C4', 'HK'])
name: b10902135, hole_card: ['S9', 'DQ']
name: b11902158, hole_card: ['CQ', 'C5']
"b10902135" declared "call:0"
name: b10902135, hole_card: ['S9', 'DQ']
name: b11902158, hole_card: ['CQ', 'C5']
"b11902158" declared "raise:20"
name: b10902135, hole_card: ['S9', 'DQ']
name: b11902158, hole_card: ['CQ', 'C5']
"b10902135" declared "fold:0"
"['b11902158']" won the round 4 (stack = {'b10902135': 975, 'b11902158': 1025})
community cards of this round: ['DT', 'DJ', 'D4', 'HA', 'S8']
name: b10902135, hole_card: ['D3', 'S9']
name: b11902158, hole_card: ['DK', 'ST']
Started the round 5
Street "preflop" started. (community card = [])
name: b10902135, hole_card: ['D3', 'S9']
name: b11902158, hole_card: ['DK', 'ST']
"b11902158" declared "raise:20"
name: b10902135, hole_card: ['D3', 'S9']
name: b11902158, hole_card: ['DK', 'ST']
"b10902135" declared "fold:0"
"['b11902158']" won the round 5 (stack = {'b10902135': 965, 'b11902158': 1035})
community cards of this round: ['CK', 'SQ', 'S5', 'C7', 'SA']
name: b10902135, hole_card: ['HQ', 'CA']
name: b11902158, hole_card: ['C8', 'C9']
Started the round 6
Street "preflop" started. (community card = [])
name: b10902135, hole_card: ['HQ', 'CA']
name: b11902158, hole_card: ['C8', 'C9']
"b10902135" declared "raise:30"
name: b10902135, hole_card: ['HQ', 'CA']
name: b11902158, hole_card: ['C8', 'C9']
"b11902158" declared "fold:0"
"['b10902135']" won the round 6 (stack = {'b10902135': 975, 'b11902158': 1025})
community cards of this round: ['DJ', 'C8', 'H2', 'ST', 'SQ']
name: b10902135, hole_card: ['D2', 'SK']
name: b11902158, hole_card: ['S5', 'D8']
Started the round 7
Street "preflop" started. (community card = [])
name: b10902135, hole_card: ['D2', 'SK']
name: b11902158, hole_card: ['S5', 'D8']
"b11902158" declared "fold:0"
"['b10902135']" won the round 7 (stack = {'b10902135': 980, 'b11902158': 1020})
community cards of this round: ['DJ', 'H3', 'D9', 'C6', 'SQ']
name: b10902135, hole_card: ['H4', 'DQ']
name: b11902158, hole_card: ['DT', 'H2']
Started the round 8
Street "preflop" started. (community card = [])
name: b10902135, hole_card: ['H4', 'DQ']
name: b11902158, hole_card: ['DT', 'H2']
"b10902135" declared "raise:20"
name: b10902135, hole_card: ['H4', 'DQ']
name: b11902158, hole_card: ['DT', 'H2']
"b11902158" declared "fold:0"
"['b10902135']" won the round 8 (stack = {'b10902135': 990, 'b11902158': 1010})
community cards of this round: ['D8', 'D9', 'C6', 'S9', 'SK']
name: b10902135, hole_card: ['DJ', 'S7']
name: b11902158, hole_card: ['DA', 'D5']
Started the round 9
Street "preflop" started. (community card = [])
name: b10902135, hole_card: ['DJ', 'S7']
name: b11902158, hole_card: ['DA', 'D5']
"b11902158" declared "raise:20"
name: b10902135, hole_card: ['DJ', 'S7']
name: b11902158, hole_card: ['DA', 'D5']
"b10902135" declared "call:20"
Street "flop" started. (community card = ['D8', 'D9', 'C6'])
name: b10902135, hole_card: ['DJ', 'S7']
name: b11902158, hole_card: ['DA', 'D5']
"b11902158" declared "raise:20"
name: b10902135, hole_card: ['DJ', 'S7']
name: b11902158, hole_card: ['DA', 'D5']
"b10902135" declared "call:20"
Street "turn" started. (community card = ['D8', 'D9', 'C6', 'S9'])
name: b10902135, hole_card: ['DJ', 'S7']
name: b11902158, hole_card: ['DA', 'D5']
"b11902158" declared "call:0"
name: b10902135, hole_card: ['DJ', 'S7']
name: b11902158, hole_card: ['DA', 'D5']
"b10902135" declared "call:0"
Street "river" started. (community card = ['D8', 'D9', 'C6', 'S9', 'SK'])
name: b10902135, hole_card: ['DJ', 'S7']
name: b11902158, hole_card: ['DA', 'D5']
"b11902158" declared "call:0"
name: b10902135, hole_card: ['DJ', 'S7']
name: b11902158, hole_card: ['DA', 'D5']
"b10902135" declared "call:0"
"['b11902158']" won the round 9 (stack = {'b10902135': 950, 'b11902158': 1050})
community cards of this round: ['C3', 'C5', 'D6', 'CK', 'S7']
name: b10902135, hole_card: ['DK', 'DT']
name: b11902158, hole_card: ['HT', 'ST']
Started the round 10
Street "preflop" started. (community card = [])
name: b10902135, hole_card: ['DK', 'DT']
name: b11902158, hole_card: ['HT', 'ST']
"b10902135" declared "raise:20"
name: b10902135, hole_card: ['DK', 'DT']
name: b11902158, hole_card: ['HT', 'ST']
"b11902158" declared "call:20"
Street "flop" started. (community card = ['C3', 'C5', 'D6'])
name: b10902135, hole_card: ['DK', 'DT']
name: b11902158, hole_card: ['HT', 'ST']
"b10902135" declared "call:0"
name: b10902135, hole_card: ['DK', 'DT']
name: b11902158, hole_card: ['HT', 'ST']
"b11902158" declared "raise:12.5"
name: b10902135, hole_card: ['DK', 'DT']
name: b11902158, hole_card: ['HT', 'ST']
"b10902135" declared "fold:0"
"['b11902158']" won the round 10 (stack = {'b10902135': 930, 'b11902158': 1069.5})
community cards of this round: ['C7', 'S3', 'CJ', 'SA', 'C6']
name: b10902135, hole_card: ['D7', 'D6']
name: b11902158, hole_card: ['D4', 'S7']
Started the round 11
Street "preflop" started. (community card = [])
name: b10902135, hole_card: ['D7', 'D6']
name: b11902158, hole_card: ['D4', 'S7']
"b11902158" declared "fold:0"
"['b10902135']" won the round 11 (stack = {'b10902135': 935, 'b11902158': 1064.5})
community cards of this round: ['H2', 'H3', 'DT', 'HT', 'CQ']
name: b10902135, hole_card: ['S6', 'D7']
name: b11902158, hole_card: ['C2', 'HA']
Started the round 12
Street "preflop" started. (community card = [])
name: b10902135, hole_card: ['S6', 'D7']
name: b11902158, hole_card: ['C2', 'HA']
"b10902135" declared "raise:20"
name: b10902135, hole_card: ['S6', 'D7']
name: b11902158, hole_card: ['C2', 'HA']
"b11902158" declared "call:20"
Street "flop" started. (community card = ['H2', 'H3', 'DT'])
name: b10902135, hole_card: ['S6', 'D7']
name: b11902158, hole_card: ['C2', 'HA']
"b10902135" declared "call:0"
name: b10902135, hole_card: ['S6', 'D7']
name: b11902158, hole_card: ['C2', 'HA']
"b11902158" declared "call:0"
Street "turn" started. (community card = ['H2', 'H3', 'DT', 'HT'])
name: b10902135, hole_card: ['S6', 'D7']
name: b11902158, hole_card: ['C2', 'HA']
"b10902135" declared "call:0"
name: b10902135, hole_card: ['S6', 'D7']
name: b11902158, hole_card: ['C2', 'HA']
"b11902158" declared "call:0"
Street "river" started. (community card = ['H2', 'H3', 'DT', 'HT', 'CQ'])
name: b10902135, hole_card: ['S6', 'D7']
name: b11902158, hole_card: ['C2', 'HA']
"b10902135" declared "call:0"
name: b10902135, hole_card: ['S6', 'D7']
name: b11902158, hole_card: ['C2', 'HA']
"b11902158" declared "call:0"
"['b11902158']" won the round 12 (stack = {'b10902135': 915, 'b11902158': 1084.5})
community cards of this round: ['H9', 'D4', 'SJ', 'HK', 'C5']
name: b10902135, hole_card: ['CK', 'CJ']
name: b11902158, hole_card: ['SK', 'DA']
Started the round 13
Street "preflop" started. (community card = [])
name: b10902135, hole_card: ['CK', 'CJ']
name: b11902158, hole_card: ['SK', 'DA']
"b11902158" declared "fold:0"
"['b10902135']" won the round 13 (stack = {'b10902135': 920, 'b11902158': 1079.5})
community cards of this round: ['S6', 'C2', 'H5', 'S4', 'H9']
name: b10902135, hole_card: ['HT', 'D2']
name: b11902158, hole_card: ['S7', 'D9']
Started the round 14
Street "preflop" started. (community card = [])
name: b10902135, hole_card: ['HT', 'D2']
name: b11902158, hole_card: ['S7', 'D9']
"b10902135" declared "raise:200"
name: b10902135, hole_card: ['HT', 'D2']
name: b11902158, hole_card: ['S7', 'D9']
"b11902158" declared "fold:0"
"['b10902135']" won the round 14 (stack = {'b10902135': 930, 'b11902158': 1069.5})
community cards of this round: ['S5', 'S8', 'C5', 'H7', 'D8']
name: b10902135, hole_card: ['HQ', 'SJ']
name: b11902158, hole_card: ['SQ', 'D3']
Started the round 15
Street "preflop" started. (community card = [])
name: b10902135, hole_card: ['HQ', 'SJ']
name: b11902158, hole_card: ['SQ', 'D3']
"b11902158" declared "fold:0"
"['b10902135']" won the round 15 (stack = {'b10902135': 935, 'b11902158': 1064.5})
community cards of this round: ['H4', 'HT', 'C2', 'C9', 'SQ']
name: b10902135, hole_card: ['HJ', 'C8']
name: b11902158, hole_card: ['SK', 'D3']
Started the round 16
Street "preflop" started. (community card = [])
name: b10902135, hole_card: ['HJ', 'C8']
name: b11902158, hole_card: ['SK', 'D3']
"b10902135" declared "raise:200"
name: b10902135, hole_card: ['HJ', 'C8']
name: b11902158, hole_card: ['SK', 'D3']
"b11902158" declared "fold:0"
"['b10902135']" won the round 16 (stack = {'b10902135': 945, 'b11902158': 1054.5})
community cards of this round: ['C9', 'C4', 'C6', 'DA', 'H4']
name: b10902135, hole_card: ['CJ', 'DQ']
name: b11902158, hole_card: ['S7', 'S6']
Started the round 17
Street "preflop" started. (community card = [])
name: b10902135, hole_card: ['CJ', 'DQ']
name: b11902158, hole_card: ['S7', 'S6']
"b11902158" declared "fold:0"
"['b10902135']" won the round 17 (stack = {'b10902135': 950, 'b11902158': 1049.5})
community cards of this round: ['SA', 'SQ', 'DJ', 'H7', 'C4']
name: b10902135, hole_card: ['H8', 'SK']
name: b11902158, hole_card: ['C6', 'HJ']
Started the round 18
Street "preflop" started. (community card = [])
name: b10902135, hole_card: ['H8', 'SK']
name: b11902158, hole_card: ['C6', 'HJ']
"b10902135" declared "raise:200"
name: b10902135, hole_card: ['H8', 'SK']
name: b11902158, hole_card: ['C6', 'HJ']
"b11902158" declared "fold:0"
"['b10902135']" won the round 18 (stack = {'b10902135': 960, 'b11902158': 1039.5})
community cards of this round: ['H7', 'H8', 'D4', 'H6', 'D9']
name: b10902135, hole_card: ['S7', 'S9']
name: b11902158, hole_card: ['C9', 'S2']
Started the round 19
Street "preflop" started. (community card = [])
name: b10902135, hole_card: ['S7', 'S9']
name: b11902158, hole_card: ['C9', 'S2']
"b11902158" declared "fold:0"
"['b10902135']" won the round 19 (stack = {'b10902135': 965, 'b11902158': 1034.5})
community cards of this round: ['HJ', 'CA', 'C4', 'SA', 'CQ']
name: b10902135, hole_card: ['HQ', 'D5']
name: b11902158, hole_card: ['C7', 'C5']
Started the round 20
Street "preflop" started. (community card = [])
name: b10902135, hole_card: ['HQ', 'D5']
name: b11902158, hole_card: ['C7', 'C5']
"b10902135" declared "raise:200"
name: b10902135, hole_card: ['HQ', 'D5']
name: b11902158, hole_card: ['C7', 'C5']
"b11902158" declared "fold:0"
"['b10902135']" won the round 20 (stack = {'b10902135': 975, 'b11902158': 1024.5})
b11902158 vs b10902135 - Game 1: {'rule': {'initial_stack': 1000, 'max_round': 20, 'small_blind_amount': 5, 'ante': 0, 'blind_structure': {}}, 'players': [{'name': 'b10902135', 'uuid': 'gmnxkodyhgtxhkgyshvnpf', 'stack': 975, 'state': 'participating'}, {'name': 'b11902158', 'uuid': 'dfgeugnpssjtloybswjpba', 'stack': 1024.5, 'state': 'participating'}]}
community cards of this round: ['SA', 'H9', 'HT', 'H7', 'CQ']
name: b11902158, hole_card: ['DJ', 'C2']
name: b10902135, hole_card: ['S3', 'CK']
Started the round 1
Street "preflop" started. (community card = [])
name: b11902158, hole_card: ['DJ', 'C2']
name: b10902135, hole_card: ['S3', 'CK']
"b10902135" declared "raise:20"
name: b11902158, hole_card: ['DJ', 'C2']
name: b10902135, hole_card: ['S3', 'CK']
"b11902158" declared "fold:0"
"['b10902135']" won the round 1 (stack = {'b11902158': 990, 'b10902135': 1010})
community cards of this round: ['CT', 'HQ', 'C6', 'S3', 'SK']
name: b11902158, hole_card: ['CA', 'S4']
name: b10902135, hole_card: ['D9', 'S7']
Started the round 2
Street "preflop" started. (community card = [])
name: b11902158, hole_card: ['CA', 'S4']
name: b10902135, hole_card: ['D9', 'S7']
"b11902158" declared "raise:20"
name: b11902158, hole_card: ['CA', 'S4']
name: b10902135, hole_card: ['D9', 'S7']
"b10902135" declared "call:20"
Street "flop" started. (community card = ['CT', 'HQ', 'C6'])
name: b11902158, hole_card: ['CA', 'S4']
name: b10902135, hole_card: ['D9', 'S7']
"b11902158" declared "raise:20"
name: b11902158, hole_card: ['CA', 'S4']
name: b10902135, hole_card: ['D9', 'S7']
"b10902135" declared "fold:0"
"['b11902158']" won the round 2 (stack = {'b11902158': 1010, 'b10902135': 990})
community cards of this round: ['HA', 'S7', 'D7', 'ST', 'DQ']
name: b11902158, hole_card: ['D5', 'C9']
name: b10902135, hole_card: ['DT', 'S6']
Started the round 3
Street "preflop" started. (community card = [])
name: b11902158, hole_card: ['D5', 'C9']
name: b10902135, hole_card: ['DT', 'S6']
"b10902135" declared "raise:20"
name: b11902158, hole_card: ['D5', 'C9']
name: b10902135, hole_card: ['DT', 'S6']
"b11902158" declared "fold:0"
"['b10902135']" won the round 3 (stack = {'b11902158': 1000, 'b10902135': 1000})
community cards of this round: ['H3', 'SA', 'C4', 'HK', 'HA']
name: b11902158, hole_card: ['S9', 'DQ']
name: b10902135, hole_card: ['CQ', 'C5']
Started the round 4
Street "preflop" started. (community card = [])
name: b11902158, hole_card: ['S9', 'DQ']
name: b10902135, hole_card: ['CQ', 'C5']
"b11902158" declared "call:10"
name: b11902158, hole_card: ['S9', 'DQ']
name: b10902135, hole_card: ['CQ', 'C5']
"b10902135" declared "call:10"
Street "flop" started. (community card = ['H3', 'SA', 'C4'])
name: b11902158, hole_card: ['S9', 'DQ']
name: b10902135, hole_card: ['CQ', 'C5']
"b11902158" declared "call:0"
name: b11902158, hole_card: ['S9', 'DQ']
name: b10902135, hole_card: ['CQ', 'C5']
"b10902135" declared "call:0"
Street "turn" started. (community card = ['H3', 'SA', 'C4', 'HK'])
name: b11902158, hole_card: ['S9', 'DQ']
name: b10902135, hole_card: ['CQ', 'C5']
"b11902158" declared "call:0"
name: b11902158, hole_card: ['S9', 'DQ']
name: b10902135, hole_card: ['CQ', 'C5']
"b10902135" declared "call:0"
Street "river" started. (community card = ['H3', 'SA', 'C4', 'HK', 'HA'])
name: b11902158, hole_card: ['S9', 'DQ']
name: b10902135, hole_card: ['CQ', 'C5']
"b11902158" declared "call:0"
name: b11902158, hole_card: ['S9', 'DQ']
name: b10902135, hole_card: ['CQ', 'C5']
"b10902135" declared "raise:13.333333333333334"
name: b11902158, hole_card: ['S9', 'DQ']
name: b10902135, hole_card: ['CQ', 'C5']
"b11902158" declared "call:13.333333333333334"
"['b11902158']" won the round 4 (stack = {'b11902158': 1022.6666666666666, 'b10902135': 976.6666666666666})
community cards of this round: ['DT', 'DJ', 'D4', 'HA', 'S8']
name: b11902158, hole_card: ['D3', 'S9']
name: b10902135, hole_card: ['DK', 'ST']
Started the round 5
Street "preflop" started. (community card = [])
name: b11902158, hole_card: ['D3', 'S9']
name: b10902135, hole_card: ['DK', 'ST']
"b10902135" declared "raise:30"
name: b11902158, hole_card: ['D3', 'S9']
name: b10902135, hole_card: ['DK', 'ST']
"b11902158" declared "fold:0"
"['b10902135']" won the round 5 (stack = {'b11902158': 1012.6666666666666, 'b10902135': 986.6666666666666})
community cards of this round: ['CK', 'SQ', 'S5', 'C7', 'SA']
name: b11902158, hole_card: ['HQ', 'CA']
name: b10902135, hole_card: ['C8', 'C9']
Started the round 6
Street "preflop" started. (community card = [])
name: b11902158, hole_card: ['HQ', 'CA']
name: b10902135, hole_card: ['C8', 'C9']
"b11902158" declared "raise:20"
name: b11902158, hole_card: ['HQ', 'CA']
name: b10902135, hole_card: ['C8', 'C9']
"b10902135" declared "call:20"
Street "flop" started. (community card = ['CK', 'SQ', 'S5'])
name: b11902158, hole_card: ['HQ', 'CA']
name: b10902135, hole_card: ['C8', 'C9']
"b11902158" declared "raise:48.166666666666686"
name: b11902158, hole_card: ['HQ', 'CA']
name: b10902135, hole_card: ['C8', 'C9']
"b10902135" declared "fold:0"
"['b11902158']" won the round 6 (stack = {'b11902158': 1032.5, 'b10902135': 966.6666666666666})
community cards of this round: ['DJ', 'C8', 'H2', 'ST', 'SQ']
name: b11902158, hole_card: ['D2', 'SK']
name: b10902135, hole_card: ['S5', 'D8']
Started the round 7
Street "preflop" started. (community card = [])
name: b11902158, hole_card: ['D2', 'SK']
name: b10902135, hole_card: ['S5', 'D8']
"b10902135" declared "raise:20"
name: b11902158, hole_card: ['D2', 'SK']
name: b10902135, hole_card: ['S5', 'D8']
"b11902158" declared "call:20"
Street "flop" started. (community card = ['DJ', 'C8', 'H2'])
name: b11902158, hole_card: ['D2', 'SK']
name: b10902135, hole_card: ['S5', 'D8']
"b10902135" declared "raise:13.333333333333334"
name: b11902158, hole_card: ['D2', 'SK']
name: b10902135, hole_card: ['S5', 'D8']
"b11902158" declared "call:13.333333333333334"
Street "turn" started. (community card = ['DJ', 'C8', 'H2', 'ST'])
name: b11902158, hole_card: ['D2', 'SK']
name: b10902135, hole_card: ['S5', 'D8']
"b10902135" declared "raise:22.222222222222225"
name: b11902158, hole_card: ['D2', 'SK']
name: b10902135, hole_card: ['S5', 'D8']
"b11902158" declared "call:22.222222222222225"
Street "river" started. (community card = ['DJ', 'C8', 'H2', 'ST', 'SQ'])
name: b11902158, hole_card: ['D2', 'SK']
name: b10902135, hole_card: ['S5', 'D8']
"b10902135" declared "call:0"
name: b11902158, hole_card: ['D2', 'SK']
name: b10902135, hole_card: ['S5', 'D8']
"b11902158" declared "call:0"
"['b10902135']" won the round 7 (stack = {'b11902158': 976.9444444444445, 'b10902135': 1022.1111111111111})
community cards of this round: ['DJ', 'H3', 'D9', 'C6', 'SQ']
name: b11902158, hole_card: ['H4', 'DQ']
name: b10902135, hole_card: ['DT', 'H2']
Started the round 8
Street "preflop" started. (community card = [])
name: b11902158, hole_card: ['H4', 'DQ']
name: b10902135, hole_card: ['DT', 'H2']
"b11902158" declared "call:10"
name: b11902158, hole_card: ['H4', 'DQ']
name: b10902135, hole_card: ['DT', 'H2']
"b10902135" declared "call:10"
Street "flop" started. (community card = ['DJ', 'H3', 'D9'])
name: b11902158, hole_card: ['H4', 'DQ']
name: b10902135, hole_card: ['DT', 'H2']
"b11902158" declared "call:0"
name: b11902158, hole_card: ['H4', 'DQ']
name: b10902135, hole_card: ['DT', 'H2']
"b10902135" declared "call:0"
Street "turn" started. (community card = ['DJ', 'H3', 'D9', 'C6'])
name: b11902158, hole_card: ['H4', 'DQ']
name: b10902135, hole_card: ['DT', 'H2']
"b11902158" declared "call:0"
name: b11902158, hole_card: ['H4', 'DQ']
name: b10902135, hole_card: ['DT', 'H2']
"b10902135" declared "call:0"
Street "river" started. (community card = ['DJ', 'H3', 'D9', 'C6', 'SQ'])
name: b11902158, hole_card: ['H4', 'DQ']
name: b10902135, hole_card: ['DT', 'H2']
"b11902158" declared "call:0"
name: b11902158, hole_card: ['H4', 'DQ']
name: b10902135, hole_card: ['DT', 'H2']
"b10902135" declared "call:0"
"['b11902158']" won the round 8 (stack = {'b11902158': 986.9444444444445, 'b10902135': 1012.1111111111111})
community cards of this round: ['D8', 'D9', 'C6', 'S9', 'SK']
name: b11902158, hole_card: ['DJ', 'S7']
name: b10902135, hole_card: ['DA', 'D5']
Started the round 9
Street "preflop" started. (community card = [])
name: b11902158, hole_card: ['DJ', 'S7']
name: b10902135, hole_card: ['DA', 'D5']
"b10902135" declared "raise:20"
name: b11902158, hole_card: ['DJ', 'S7']
name: b10902135, hole_card: ['DA', 'D5']
"b11902158" declared "call:20"
Street "flop" started. (community card = ['D8', 'D9', 'C6'])
name: b11902158, hole_card: ['DJ', 'S7']
name: b10902135, hole_card: ['DA', 'D5']
"b10902135" declared "raise:13.333333333333334"
name: b11902158, hole_card: ['DJ', 'S7']
name: b10902135, hole_card: ['DA', 'D5']
"b11902158" declared "fold:0"
"['b10902135']" won the round 9 (stack = {'b11902158': 966.9444444444445, 'b10902135': 1031.7777777777778})
community cards of this round: ['C3', 'C5', 'D6', 'CK', 'S7']
name: b11902158, hole_card: ['DK', 'DT']
name: b10902135, hole_card: ['HT', 'ST']
Started the round 10
Street "preflop" started. (community card = [])
name: b11902158, hole_card: ['DK', 'DT']
name: b10902135, hole_card: ['HT', 'ST']
"b11902158" declared "raise:20"
name: b11902158, hole_card: ['DK', 'DT']
name: b10902135, hole_card: ['HT', 'ST']
"b10902135" declared "raise:40"
name: b11902158, hole_card: ['DK', 'DT']
name: b10902135, hole_card: ['HT', 'ST']
"b11902158" declared "call:40"
Street "flop" started. (community card = ['C3', 'C5', 'D6'])
name: b11902158, hole_card: ['DK', 'DT']
name: b10902135, hole_card: ['HT', 'ST']
"b11902158" declared "call:0"
name: b11902158, hole_card: ['DK', 'DT']
name: b10902135, hole_card: ['HT', 'ST']
"b10902135" declared "raise:53.333333333333336"
name: b11902158, hole_card: ['DK', 'DT']
name: b10902135, hole_card: ['HT', 'ST']
"b11902158" declared "fold:0"
"['b10902135']" won the round 10 (stack = {'b11902158': 926.9444444444445, 'b10902135': 1071.4444444444443})
community cards of this round: ['C7', 'S3', 'CJ', 'SA', 'C6']
name: b11902158, hole_card: ['D7', 'D6']
name: b10902135, hole_card: ['D4', 'S7']
Started the round 11
Street "preflop" started. (community card = [])
name: b11902158, hole_card: ['D7', 'D6']
name: b10902135, hole_card: ['D4', 'S7']
"b10902135" declared "raise:20"
name: b11902158, hole_card: ['D7', 'D6']
name: b10902135, hole_card: ['D4', 'S7']
"b11902158" declared "fold:0"
"['b10902135']" won the round 11 (stack = {'b11902158': 916.9444444444445, 'b10902135': 1081.4444444444443})
community cards of this round: ['H2', 'H3', 'DT', 'HT', 'CQ']
name: b11902158, hole_card: ['S6', 'D7']
name: b10902135, hole_card: ['C2', 'HA']
Started the round 12
Street "preflop" started. (community card = [])
name: b11902158, hole_card: ['S6', 'D7']
name: b10902135, hole_card: ['C2', 'HA']
"b11902158" declared "fold:0"
"['b10902135']" won the round 12 (stack = {'b11902158': 911.9444444444445, 'b10902135': 1086.4444444444443})
community cards of this round: ['H9', 'D4', 'SJ', 'HK', 'C5']
name: b11902158, hole_card: ['CK', 'CJ']
name: b10902135, hole_card: ['SK', 'DA']
Started the round 13
Street "preflop" started. (community card = [])
name: b11902158, hole_card: ['CK', 'CJ']
name: b10902135, hole_card: ['SK', 'DA']
"b10902135" declared "fold:0"
"['b11902158']" won the round 13 (stack = {'b11902158': 916.9444444444445, 'b10902135': 1081.4444444444443})
community cards of this round: ['S6', 'C2', 'H5', 'S4', 'H9']
name: b11902158, hole_card: ['HT', 'D2']
name: b10902135, hole_card: ['S7', 'D9']
Started the round 14
Street "preflop" started. (community card = [])
name: b11902158, hole_card: ['HT', 'D2']
name: b10902135, hole_card: ['S7', 'D9']
"b11902158" declared "fold:0"
"['b10902135']" won the round 14 (stack = {'b11902158': 911.9444444444445, 'b10902135': 1086.4444444444443})
community cards of this round: ['S5', 'S8', 'C5', 'H7', 'D8']
name: b11902158, hole_card: ['HQ', 'SJ']
name: b10902135, hole_card: ['SQ', 'D3']
Started the round 15
Street "preflop" started. (community card = [])
name: b11902158, hole_card: ['HQ', 'SJ']
name: b10902135, hole_card: ['SQ', 'D3']
"b10902135" declared "fold:0"
"['b11902158']" won the round 15 (stack = {'b11902158': 916.9444444444445, 'b10902135': 1081.4444444444443})
community cards of this round: ['H4', 'HT', 'C2', 'C9', 'SQ']
name: b11902158, hole_card: ['HJ', 'C8']
name: b10902135, hole_card: ['SK', 'D3']
Started the round 16
Street "preflop" started. (community card = [])
name: b11902158, hole_card: ['HJ', 'C8']
name: b10902135, hole_card: ['SK', 'D3']
"b11902158" declared "fold:0"
"['b10902135']" won the round 16 (stack = {'b11902158': 911.9444444444445, 'b10902135': 1086.4444444444443})
community cards of this round: ['C9', 'C4', 'C6', 'DA', 'H4']
name: b11902158, hole_card: ['CJ', 'DQ']
name: b10902135, hole_card: ['S7', 'S6']
Started the round 17
Street "preflop" started. (community card = [])
name: b11902158, hole_card: ['CJ', 'DQ']
name: b10902135, hole_card: ['S7', 'S6']
"b10902135" declared "fold:0"
"['b11902158']" won the round 17 (stack = {'b11902158': 916.9444444444445, 'b10902135': 1081.4444444444443})
community cards of this round: ['SA', 'SQ', 'DJ', 'H7', 'C4']
name: b11902158, hole_card: ['H8', 'SK']
name: b10902135, hole_card: ['C6', 'HJ']
Started the round 18
Street "preflop" started. (community card = [])
name: b11902158, hole_card: ['H8', 'SK']
name: b10902135, hole_card: ['C6', 'HJ']
"b11902158" declared "raise:20"
name: b11902158, hole_card: ['H8', 'SK']
name: b10902135, hole_card: ['C6', 'HJ']
"b10902135" declared "fold:0"
"['b11902158']" won the round 18 (stack = {'b11902158': 926.9444444444445, 'b10902135': 1071.4444444444443})
community cards of this round: ['H7', 'H8', 'D4', 'H6', 'D9']
name: b11902158, hole_card: ['S7', 'S9']
name: b10902135, hole_card: ['C9', 'S2']
Started the round 19
Street "preflop" started. (community card = [])
name: b11902158, hole_card: ['S7', 'S9']
name: b10902135, hole_card: ['C9', 'S2']
"b10902135" declared "fold:0"
"['b11902158']" won the round 19 (stack = {'b11902158': 931.9444444444445, 'b10902135': 1066.4444444444443})
community cards of this round: ['HJ', 'CA', 'C4', 'SA', 'CQ']
name: b11902158, hole_card: ['HQ', 'D5']
name: b10902135, hole_card: ['C7', 'C5']
Started the round 20
Street "preflop" started. (community card = [])
name: b11902158, hole_card: ['HQ', 'D5']
name: b10902135, hole_card: ['C7', 'C5']
"b11902158" declared "call:10"
name: b11902158, hole_card: ['HQ', 'D5']
name: b10902135, hole_card: ['C7', 'C5']
"b10902135" declared "fold:0"
"['b11902158']" won the round 20 (stack = {'b11902158': 941.9444444444445, 'b10902135': 1056.4444444444443})
b11902158 vs b10902135 - Game 2: {'rule': {'initial_stack': 1000, 'max_round': 20, 'small_blind_amount': 5, 'ante': 0, 'blind_structure': {}}, 'players': [{'name': 'b11902158', 'uuid': 'eimuyikmuuuomtvanvlorc', 'stack': 941.9444444444445, 'state': 'participating'}, {'name': 'b10902135', 'uuid': 'nhiefeahywtfrojwryghqc', 'stack': 1056.4444444444443, 'state': 'participating'}]}
community cards of this round: ['C5', 'HJ', 'HA', 'D5', 'D2']
name: b10902135, hole_card: ['DK', 'D7']
name: b11902158, hole_card: ['C2', 'S4']
Started the round 1
Street "preflop" started. (community card = [])
name: b10902135, hole_card: ['DK', 'D7']
name: b11902158, hole_card: ['C2', 'S4']
"b11902158" declared "fold:0"
"['b10902135']" won the round 1 (stack = {'b10902135': 1005, 'b11902158': 995})
community cards of this round: ['C2', 'S6', 'C3', 'S5', 'CT']
name: b10902135, hole_card: ['H4', 'C5']
name: b11902158, hole_card: ['CA', 'SA']
Started the round 2
Street "preflop" started. (community card = [])
name: b10902135, hole_card: ['H4', 'C5']
name: b11902158, hole_card: ['CA', 'SA']
"b10902135" declared "raise:20"
name: b10902135, hole_card: ['H4', 'C5']
name: b11902158, hole_card: ['CA', 'SA']
"b11902158" declared "call:20"
Street "flop" started. (community card = ['C2', 'S6', 'C3'])
name: b10902135, hole_card: ['H4', 'C5']
name: b11902158, hole_card: ['CA', 'SA']
"b10902135" declared "raise:13.333333333333334"
name: b10902135, hole_card: ['H4', 'C5']
name: b11902158, hole_card: ['CA', 'SA']
"b11902158" declared "raise:67.33333333333333"
name: b10902135, hole_card: ['H4', 'C5']
name: b11902158, hole_card: ['CA', 'SA']
"b10902135" declared "raise:985.0"
name: b10902135, hole_card: ['H4', 'C5']
name: b11902158, hole_card: ['CA', 'SA']
"b11902158" declared "call:985.0"
Street "turn" started. (community card = ['C2', 'S6', 'C3', 'S5'])
Street "river" started. (community card = ['C2', 'S6', 'C3', 'S5', 'CT'])
"['b10902135']" won the round 2 (stack = {'b10902135': 2000.0, 'b11902158': 0.0})
b11902158 vs b10902135 - Game 3: {'rule': {'initial_stack': 1000, 'max_round': 20, 'small_blind_amount': 5, 'ante': 0, 'blind_structure': {}}, 'players': [{'name': 'b10902135', 'uuid': 'tlyrrtbgilezaecngsoaid', 'stack': 2000.0, 'state': 'participating'}, {'name': 'b11902158', 'uuid': 'skcovxcevwtvgjynbmuolp', 'stack': 0, 'state': 'folded'}]}
community cards of this round: ['C5', 'HJ', 'HA', 'D5', 'D2']
name: b11902158, hole_card: ['DK', 'D7']
name: b10902135, hole_card: ['C2', 'S4']
Started the round 1
Street "preflop" started. (community card = [])
name: b11902158, hole_card: ['DK', 'D7']
name: b10902135, hole_card: ['C2', 'S4']
"b10902135" declared "raise:20"
name: b11902158, hole_card: ['DK', 'D7']
name: b10902135, hole_card: ['C2', 'S4']
"b11902158" declared "call:20"
Street "flop" started. (community card = ['C5', 'HJ', 'HA'])
name: b11902158, hole_card: ['DK', 'D7']
name: b10902135, hole_card: ['C2', 'S4']
"b10902135" declared "call:0"
name: b11902158, hole_card: ['DK', 'D7']
name: b10902135, hole_card: ['C2', 'S4']
"b11902158" declared "raise:20"
name: b11902158, hole_card: ['DK', 'D7']
name: b10902135, hole_card: ['C2', 'S4']
"b10902135" declared "fold:0"
"['b11902158']" won the round 1 (stack = {'b11902158': 1020, 'b10902135': 980})
community cards of this round: ['C2', 'S6', 'C3', 'S5', 'CT']
name: b11902158, hole_card: ['H4', 'C5']
name: b10902135, hole_card: ['CA', 'SA']
Started the round 2
Street "preflop" started. (community card = [])
name: b11902158, hole_card: ['H4', 'C5']
name: b10902135, hole_card: ['CA', 'SA']
"b11902158" declared "fold:0"
"['b10902135']" won the round 2 (stack = {'b11902158': 1015, 'b10902135': 985})
community cards of this round: ['SA', 'C6', 'SK', 'S5', 'HA']
name: b11902158, hole_card: ['C4', 'D7']
name: b10902135, hole_card: ['S4', 'H6']
Started the round 3
Street "preflop" started. (community card = [])
name: b11902158, hole_card: ['C4', 'D7']
name: b10902135, hole_card: ['S4', 'H6']
"b10902135" declared "raise:20"
name: b11902158, hole_card: ['C4', 'D7']
name: b10902135, hole_card: ['S4', 'H6']
"b11902158" declared "fold:0"
"['b10902135']" won the round 3 (stack = {'b11902158': 1005, 'b10902135': 995})
community cards of this round: ['HQ', 'SK', 'C5', 'SA', 'D7']
name: b11902158, hole_card: ['H7', 'CQ']
name: b10902135, hole_card: ['D9', 'C7']
Started the round 4
Street "preflop" started. (community card = [])
name: b11902158, hole_card: ['H7', 'CQ']
name: b10902135, hole_card: ['D9', 'C7']
"b11902158" declared "call:10"
name: b11902158, hole_card: ['H7', 'CQ']
name: b10902135, hole_card: ['D9', 'C7']
"b10902135" declared "call:10"
Street "flop" started. (community card = ['HQ', 'SK', 'C5'])
name: b11902158, hole_card: ['H7', 'CQ']
name: b10902135, hole_card: ['D9', 'C7']
"b11902158" declared "raise:65.5"
name: b11902158, hole_card: ['H7', 'CQ']
name: b10902135, hole_card: ['D9', 'C7']
"b10902135" declared "fold:0"
"['b11902158']" won the round 4 (stack = {'b11902158': 1014.5, 'b10902135': 985})
community cards of this round: ['DJ', 'H6', 'SA', 'DQ', 'D4']
name: b11902158, hole_card: ['D7', 'H3']
name: b10902135, hole_card: ['C6', 'DA']
Started the round 5
Street "preflop" started. (community card = [])
name: b11902158, hole_card: ['D7', 'H3']
name: b10902135, hole_card: ['C6', 'DA']
"b10902135" declared "raise:30"
name: b11902158, hole_card: ['D7', 'H3']
name: b10902135, hole_card: ['C6', 'DA']
"b11902158" declared "fold:0"
"['b10902135']" won the round 5 (stack = {'b11902158': 1004.5, 'b10902135': 995})
community cards of this round: ['CJ', 'HQ', 'SJ', 'CA', 'DA']
name: b11902158, hole_card: ['H9', 'H7']
name: b10902135, hole_card: ['SK', 'H8']
Started the round 6
Street "preflop" started. (community card = [])
name: b11902158, hole_card: ['H9', 'H7']
name: b10902135, hole_card: ['SK', 'H8']
"b11902158" declared "fold:0"
"['b10902135']" won the round 6 (stack = {'b11902158': 999.5, 'b10902135': 1000})
community cards of this round: ['H5', 'CJ', 'S4', 'D5', 'D8']
name: b11902158, hole_card: ['C9', 'D2']
name: b10902135, hole_card: ['C4', 'HA']
Started the round 7
Street "preflop" started. (community card = [])
name: b11902158, hole_card: ['C9', 'D2']
name: b10902135, hole_card: ['C4', 'HA']
"b10902135" declared "raise:30"
name: b11902158, hole_card: ['C9', 'D2']
name: b10902135, hole_card: ['C4', 'HA']
"b11902158" declared "fold:0"
"['b10902135']" won the round 7 (stack = {'b11902158': 989.5, 'b10902135': 1010})
community cards of this round: ['DT', 'D2', 'D6', 'D8', 'SJ']
name: b11902158, hole_card: ['HT', 'S6']
name: b10902135, hole_card: ['SQ', 'H3']
Started the round 8
Street "preflop" started. (community card = [])
name: b11902158, hole_card: ['HT', 'S6']
name: b10902135, hole_card: ['SQ', 'H3']
"b11902158" declared "fold:0"
"['b10902135']" won the round 8 (stack = {'b11902158': 984.5, 'b10902135': 1015})
community cards of this round: ['C5', 'H4', 'S2', 'DJ', 'S8']
name: b11902158, hole_card: ['SA', 'H8']
name: b10902135, hole_card: ['CQ', 'CA']
Started the round 9
Street "preflop" started. (community card = [])
name: b11902158, hole_card: ['SA', 'H8']
name: b10902135, hole_card: ['CQ', 'CA']
"b10902135" declared "raise:30"
name: b11902158, hole_card: ['SA', 'H8']
name: b10902135, hole_card: ['CQ', 'CA']
"b11902158" declared "call:30"
Street "flop" started. (community card = ['C5', 'H4', 'S2'])
name: b11902158, hole_card: ['SA', 'H8']
name: b10902135, hole_card: ['CQ', 'CA']
"b10902135" declared "raise:20.0"
name: b11902158, hole_card: ['SA', 'H8']
name: b10902135, hole_card: ['CQ', 'CA']
"b11902158" declared "call:20.0"
Street "turn" started. (community card = ['C5', 'H4', 'S2', 'DJ'])
name: b11902158, hole_card: ['SA', 'H8']
name: b10902135, hole_card: ['CQ', 'CA']
"b10902135" declared "call:0"
name: b11902158, hole_card: ['SA', 'H8']
name: b10902135, hole_card: ['CQ', 'CA']
"b11902158" declared "raise:20"
name: b11902158, hole_card: ['SA', 'H8']
name: b10902135, hole_card: ['CQ', 'CA']
"b10902135" declared "call:20"
Street "river" started. (community card = ['C5', 'H4', 'S2', 'DJ', 'S8'])
name: b11902158, hole_card: ['SA', 'H8']
name: b10902135, hole_card: ['CQ', 'CA']
"b10902135" declared "call:0"
name: b11902158, hole_card: ['SA', 'H8']
name: b10902135, hole_card: ['CQ', 'CA']
"b11902158" declared "raise:49.0"
name: b11902158, hole_card: ['SA', 'H8']
name: b10902135, hole_card: ['CQ', 'CA']
"b10902135" declared "fold:0"
"['b11902158']" won the round 9 (stack = {'b11902158': 1054.5, 'b10902135': 945.0})
community cards of this round: ['S8', 'D3', 'H6', 'C3', 'DJ']
name: b11902158, hole_card: ['HJ', 'C5']
name: b10902135, hole_card: ['H8', 'S9']
Started the round 10
Street "preflop" started. (community card = [])
name: b11902158, hole_card: ['HJ', 'C5']
name: b10902135, hole_card: ['H8', 'S9']
"b11902158" declared "fold:0"
"['b10902135']" won the round 10 (stack = {'b11902158': 1049.5, 'b10902135': 950.0})
community cards of this round: ['D6', 'S9', 'H2', 'H8', 'CJ']
name: b11902158, hole_card: ['DJ', 'HJ']
name: b10902135, hole_card: ['C8', 'CT']
Started the round 11
Street "preflop" started. (community card = [])
name: b11902158, hole_card: ['DJ', 'HJ']
name: b10902135, hole_card: ['C8', 'CT']
"b10902135" declared "raise:20"
name: b11902158, hole_card: ['DJ', 'HJ']
name: b10902135, hole_card: ['C8', 'CT']
"b11902158" declared "call:20"
Street "flop" started. (community card = ['D6', 'S9', 'H2'])
name: b11902158, hole_card: ['DJ', 'HJ']
name: b10902135, hole_card: ['C8', 'CT']
"b10902135" declared "call:0"
name: b11902158, hole_card: ['DJ', 'HJ']
name: b10902135, hole_card: ['C8', 'CT']
"b11902158" declared "call:0"
Street "turn" started. (community card = ['D6', 'S9', 'H2', 'H8'])
name: b11902158, hole_card: ['DJ', 'HJ']
name: b10902135, hole_card: ['C8', 'CT']
"b10902135" declared "raise:13.333333333333334"
name: b11902158, hole_card: ['DJ', 'HJ']
name: b10902135, hole_card: ['C8', 'CT']
"b11902158" declared "call:13.333333333333334"
Street "river" started. (community card = ['D6', 'S9', 'H2', 'H8', 'CJ'])
name: b11902158, hole_card: ['DJ', 'HJ']
name: b10902135, hole_card: ['C8', 'CT']
"b10902135" declared "raise:22.222222222222225"
name: b11902158, hole_card: ['DJ', 'HJ']
name: b10902135, hole_card: ['C8', 'CT']
"b11902158" declared "call:22.222222222222225"
"['b11902158']" won the round 11 (stack = {'b11902158': 1104.9444444444443, 'b10902135': 894.4444444444445})
community cards of this round: ['SQ', 'DA', 'H5', 'HJ', 'C6']
name: b11902158, hole_card: ['CA', 'S7']
name: b10902135, hole_card: ['S3', 'SA']
Started the round 12
Street "preflop" started. (community card = [])
name: b11902158, hole_card: ['CA', 'S7']
name: b10902135, hole_card: ['S3', 'SA']
"b11902158" declared "fold:0"
"['b10902135']" won the round 12 (stack = {'b11902158': 1099.9444444444443, 'b10902135': 899.4444444444445})
community cards of this round: ['C3', 'D8', 'SA', 'HT', 'CK']
name: b11902158, hole_card: ['C7', 'DQ']
name: b10902135, hole_card: ['H6', 'S7']
Started the round 13
Street "preflop" started. (community card = [])
name: b11902158, hole_card: ['C7', 'DQ']
name: b10902135, hole_card: ['H6', 'S7']
"b10902135" declared "raise:200"
name: b11902158, hole_card: ['C7', 'DQ']
name: b10902135, hole_card: ['H6', 'S7']
"b11902158" declared "fold:0"
"['b10902135']" won the round 13 (stack = {'b11902158': 1089.9444444444443, 'b10902135': 909.4444444444445})
community cards of this round: ['H2', 'C2', 'DK', 'D5', 'HJ']
name: b11902158, hole_card: ['S5', 'DA']
name: b10902135, hole_card: ['H7', 'HK']
Started the round 14
Street "preflop" started. (community card = [])
name: b11902158, hole_card: ['S5', 'DA']
name: b10902135, hole_card: ['H7', 'HK']
"b11902158" declared "fold:0"
"['b10902135']" won the round 14 (stack = {'b11902158': 1084.9444444444443, 'b10902135': 914.4444444444445})
community cards of this round: ['CK', 'SA', 'SK', 'D2', 'HK']
name: b11902158, hole_card: ['ST', 'S8']
name: b10902135, hole_card: ['C5', 'S4']
Started the round 15
Street "preflop" started. (community card = [])
name: b11902158, hole_card: ['ST', 'S8']
name: b10902135, hole_card: ['C5', 'S4']
"b10902135" declared "raise:200"
name: b11902158, hole_card: ['ST', 'S8']
name: b10902135, hole_card: ['C5', 'S4']
"b11902158" declared "fold:0"
"['b10902135']" won the round 15 (stack = {'b11902158': 1074.9444444444443, 'b10902135': 924.4444444444445})
community cards of this round: ['H2', 'S3', 'S9', 'S8', 'C6']
name: b11902158, hole_card: ['CT', 'S7']
name: b10902135, hole_card: ['SA', 'D5']
Started the round 16
Street "preflop" started. (community card = [])
name: b11902158, hole_card: ['CT', 'S7']
name: b10902135, hole_card: ['SA', 'D5']
"b11902158" declared "fold:0"
"['b10902135']" won the round 16 (stack = {'b11902158': 1069.9444444444443, 'b10902135': 929.4444444444445})
community cards of this round: ['H2', 'D8', 'HJ', 'C4', 'S5']
name: b11902158, hole_card: ['H6', 'S8']
name: b10902135, hole_card: ['CT', 'C3']
Started the round 17
Street "preflop" started. (community card = [])
name: b11902158, hole_card: ['H6', 'S8']
name: b10902135, hole_card: ['CT', 'C3']
"b10902135" declared "raise:200"
name: b11902158, hole_card: ['H6', 'S8']
name: b10902135, hole_card: ['CT', 'C3']
"b11902158" declared "fold:0"
"['b10902135']" won the round 17 (stack = {'b11902158': 1059.9444444444443, 'b10902135': 939.4444444444445})
community cards of this round: ['C4', 'H7', 'H4', 'CQ', 'HQ']
name: b11902158, hole_card: ['CK', 'H3']
name: b10902135, hole_card: ['SJ', 'SQ']
Started the round 18
Street "preflop" started. (community card = [])
name: b11902158, hole_card: ['CK', 'H3']
name: b10902135, hole_card: ['SJ', 'SQ']
"b11902158" declared "fold:0"
"['b10902135']" won the round 18 (stack = {'b11902158': 1054.9444444444443, 'b10902135': 944.4444444444445})
community cards of this round: ['HJ', 'C6', 'C5', 'DJ', 'S8']
name: b11902158, hole_card: ['C7', 'H3']
name: b10902135, hole_card: ['SK', 'D6']
Started the round 19
Street "preflop" started. (community card = [])
name: b11902158, hole_card: ['C7', 'H3']
name: b10902135, hole_card: ['SK', 'D6']
"b10902135" declared "raise:200"
name: b11902158, hole_card: ['C7', 'H3']
name: b10902135, hole_card: ['SK', 'D6']
"b11902158" declared "fold:0"
"['b10902135']" won the round 19 (stack = {'b11902158': 1044.9444444444443, 'b10902135': 954.4444444444445})
community cards of this round: ['H3', 'D6', 'S9', 'SK', 'C6']
name: b11902158, hole_card: ['H2', 'H7']
name: b10902135, hole_card: ['S5', 'DT']
Started the round 20
Street "preflop" started. (community card = [])
name: b11902158, hole_card: ['H2', 'H7']
name: b10902135, hole_card: ['S5', 'DT']
"b11902158" declared "fold:0"
"['b10902135']" won the round 20 (stack = {'b11902158': 1039.9444444444443, 'b10902135': 959.4444444444445})
b11902158 vs b10902135 - Game 4: {'rule': {'initial_stack': 1000, 'max_round': 20, 'small_blind_amount': 5, 'ante': 0, 'blind_structure': {}}, 'players': [{'name': 'b11902158', 'uuid': 'zfltyatawsjfmaiocdomru', 'stack': 1039.9444444444443, 'state': 'participating'}, {'name': 'b10902135', 'uuid': 'ilwotwfsxdiuuopfpaggdn', 'stack': 959.4444444444445, 'state': 'participating'}]}
community cards of this round: ['SJ', 'S5', 'CA', 'C2', 'S4']
name: b10902135, hole_card: ['DQ', 'ST']
name: b11902158, hole_card: ['D2', 'DA']
Started the round 1
Street "preflop" started. (community card = [])
name: b10902135, hole_card: ['DQ', 'ST']
name: b11902158, hole_card: ['D2', 'DA']
"b11902158" declared "raise:20"
name: b10902135, hole_card: ['DQ', 'ST']
name: b11902158, hole_card: ['D2', 'DA']
"b10902135" declared "raise:40"
name: b10902135, hole_card: ['DQ', 'ST']
name: b11902158, hole_card: ['D2', 'DA']
"b11902158" declared "call:40"
Street "flop" started. (community card = ['SJ', 'S5', 'CA'])
name: b10902135, hole_card: ['DQ', 'ST']
name: b11902158, hole_card: ['D2', 'DA']
"b11902158" declared "raise:65.75"
name: b10902135, hole_card: ['DQ', 'ST']
name: b11902158, hole_card: ['D2', 'DA']
"b10902135" declared "call:65.75"
Street "turn" started. (community card = ['SJ', 'S5', 'CA', 'C2'])
name: b10902135, hole_card: ['DQ', 'ST']
name: b11902158, hole_card: ['D2', 'DA']
"b11902158" declared "raise:32.875"
name: b10902135, hole_card: ['DQ', 'ST']
name: b11902158, hole_card: ['D2', 'DA']
"b10902135" declared "fold:0"
"['b11902158']" won the round 1 (stack = {'b10902135': 894.25, 'b11902158': 1105.375})
community cards of this round: ['H4', 'HT', 'C3', 'DT', 'D4']
name: b10902135, hole_card: ['D2', 'CA']
name: b11902158, hole_card: ['HJ', 'H2']
Started the round 2
Street "preflop" started. (community card = [])
name: b10902135, hole_card: ['D2', 'CA']
name: b11902158, hole_card: ['HJ', 'H2']
"b10902135" declared "raise:30"
name: b10902135, hole_card: ['D2', 'CA']
name: b11902158, hole_card: ['HJ', 'H2']
"b11902158" declared "fold:0"
"['b10902135']" won the round 2 (stack = {'b10902135': 904.25, 'b11902158': 1095.375})
community cards of this round: ['DK', 'DJ', 'S7', 'SJ', 'H3']
name: b10902135, hole_card: ['D9', 'S2']
name: b11902158, hole_card: ['H4', 'CQ']
Started the round 3
Street "preflop" started. (community card = [])
name: b10902135, hole_card: ['D9', 'S2']
name: b11902158, hole_card: ['H4', 'CQ']
"b11902158" declared "call:10"
name: b10902135, hole_card: ['D9', 'S2']
name: b11902158, hole_card: ['H4', 'CQ']
"b10902135" declared "call:10"
Street "flop" started. (community card = ['DK', 'DJ', 'S7'])
name: b10902135, hole_card: ['D9', 'S2']
name: b11902158, hole_card: ['H4', 'CQ']
"b11902158" declared "call:0"
name: b10902135, hole_card: ['D9', 'S2']
name: b11902158, hole_card: ['H4', 'CQ']
"b10902135" declared "call:0"
Street "turn" started. (community card = ['DK', 'DJ', 'S7', 'SJ'])
name: b10902135, hole_card: ['D9', 'S2']
name: b11902158, hole_card: ['H4', 'CQ']
"b11902158" declared "call:0"
name: b10902135, hole_card: ['D9', 'S2']
name: b11902158, hole_card: ['H4', 'CQ']
"b10902135" declared "call:0"
Street "river" started. (community card = ['DK', 'DJ', 'S7', 'SJ', 'H3'])
name: b10902135, hole_card: ['D9', 'S2']
name: b11902158, hole_card: ['H4', 'CQ']
"b11902158" declared "call:0"
name: b10902135, hole_card: ['D9', 'S2']
name: b11902158, hole_card: ['H4', 'CQ']
"b10902135" declared "call:0"
"['b11902158']" won the round 3 (stack = {'b10902135': 894.25, 'b11902158': 1105.375})
community cards of this round: ['D8', 'H4', 'S9', 'C3', 'D4']
name: b10902135, hole_card: ['H8', 'H6']
name: b11902158, hole_card: ['SA', 'C6']
Started the round 4
Street "preflop" started. (community card = [])
name: b10902135, hole_card: ['H8', 'H6']
name: b11902158, hole_card: ['SA', 'C6']
"b10902135" declared "fold:0"
"['b11902158']" won the round 4 (stack = {'b10902135': 889.25, 'b11902158': 1110.375})
community cards of this round: ['D5', 'D9', 'CA', 'SK', 'D3']
name: b10902135, hole_card: ['C4', 'C8']
name: b11902158, hole_card: ['SQ', 'SA']
Started the round 5
Street "preflop" started. (community card = [])
name: b10902135, hole_card: ['C4', 'C8']
name: b11902158, hole_card: ['SQ', 'SA']
"b11902158" declared "raise:20"
name: b10902135, hole_card: ['C4', 'C8']
name: b11902158, hole_card: ['SQ', 'SA']
"b10902135" declared "raise:889.25"
name: b10902135, hole_card: ['C4', 'C8']
name: b11902158, hole_card: ['SQ', 'SA']
"b11902158" declared "call:889.25"
Street "flop" started. (community card = ['D5', 'D9', 'CA'])
Street "turn" started. (community card = ['D5', 'D9', 'CA', 'SK'])
Street "river" started. (community card = ['D5', 'D9', 'CA', 'SK', 'D3'])
"['b11902158']" won the round 5 (stack = {'b10902135': 0.0, 'b11902158': 1999.125})
b11902158 vs b10902135 - Game 5: {'rule': {'initial_stack': 1000, 'max_round': 20, 'small_blind_amount': 5, 'ante': 0, 'blind_structure': {}}, 'players': [{'name': 'b10902135', 'uuid': 'bwibcmnbmjrhxulohufvtf', 'stack': 0, 'state': 'folded'}, {'name': 'b11902158', 'uuid': 'kirvynjojshosbnqymtoqp', 'stack': 1999.125, 'state': 'participating'}]}
Final Result: b11902158 won 2 games (stack: 7120.013888888889), b10902135 won 3 games (stack: 2876.3888888888887)
