community cards of this round: ['S5', 'HQ', 'H8', 'C6', 'SA']
name: b10902017, hole_card: ['D7', 'D9']
name: b11902085, hole_card: ['HJ', 'H4']
Started the round 1
Street "preflop" started. (community card = [])
my hole cards : ['HJ', 'H4']
my_hole_score =  19
money =  995
cur_pot_bet =  5
pot size =  15
call amount =  10
esitmate win rate =  0.497
name: b10902017, hole_card: ['D7', 'D9']
name: b11902085, hole_card: ['HJ', 'H4']
"b11902085" declared "raise:15"
name: b10902017, hole_card: ['D7', 'D9']
name: b11902085, hole_card: ['HJ', 'H4']
"b10902017" declared "fold:0"
"['b11902085']" won the round 1 (stack = {'b10902017': 990, 'b11902085': 1010})
community cards of this round: ['D5', 'H6', 'D8', 'S9', 'HA']
name: b10902017, hole_card: ['D9', 'S6']
name: b11902085, hole_card: ['H7', 'H3']
Started the round 2
Street "preflop" started. (community card = [])
name: b10902017, hole_card: ['D9', 'S6']
name: b11902085, hole_card: ['H7', 'H3']
"b10902017" declared "call:10"
my hole cards : ['H7', 'H3']
my_hole_score =  16
money =  1000
cur_pot_bet =  10
pot size =  20
call amount =  10
esitmate win rate =  0.394
name: b10902017, hole_card: ['D9', 'S6']
name: b11902085, hole_card: ['H7', 'H3']
"b11902085" declared "raise:15"
name: b10902017, hole_card: ['D9', 'S6']
name: b11902085, hole_card: ['H7', 'H3']
"b10902017" declared "call:15"
Street "flop" started. (community card = ['D5', 'H6', 'D8'])
name: b10902017, hole_card: ['D9', 'S6']
name: b11902085, hole_card: ['H7', 'H3']
"b10902017" declared "raise:31"
my hole cards : ['H7', 'H3']
my_hole_score =  16
money =  995
cur_pot_bet =  15
pot size =  61
call amount =  31
esitmate win rate =  0.38
name: b10902017, hole_card: ['D9', 'S6']
name: b11902085, hole_card: ['H7', 'H3']
"b11902085" declared "call:31"
Street "turn" started. (community card = ['D5', 'H6', 'D8', 'S9'])
name: b10902017, hole_card: ['D9', 'S6']
name: b11902085, hole_card: ['H7', 'H3']
"b10902017" declared "call:0"
my hole cards : ['H7', 'H3']
my_hole_score =  16
money =  964
cur_pot_bet =  46
pot size =  92
call amount =  0
esitmate win rate =  0.8
name: b10902017, hole_card: ['D9', 'S6']
name: b11902085, hole_card: ['H7', 'H3']
"b11902085" declared "raise:10"
name: b10902017, hole_card: ['D9', 'S6']
name: b11902085, hole_card: ['H7', 'H3']
"b10902017" declared "call:10"
Street "river" started. (community card = ['D5', 'H6', 'D8', 'S9', 'HA'])
name: b10902017, hole_card: ['D9', 'S6']
name: b11902085, hole_card: ['H7', 'H3']
"b10902017" declared "raise:207"
my hole cards : ['H7', 'H3']
my_hole_score =  16
money =  954
cur_pot_bet =  56
pot size =  319
call amount =  207
esitmate win rate =  0.891
name: b10902017, hole_card: ['D9', 'S6']
name: b11902085, hole_card: ['H7', 'H3']
"b11902085" declared "raise:954"
name: b10902017, hole_card: ['D9', 'S6']
name: b11902085, hole_card: ['H7', 'H3']
"b10902017" declared "fold:0"
"['b11902085']" won the round 2 (stack = {'b10902017': 727, 'b11902085': 1273})
community cards of this round: ['H9', 'C7', 'S4', 'HA', 'H7']
name: b10902017, hole_card: ['C8', 'H2']
name: b11902085, hole_card: ['D7', 'DT']
Started the round 3
Street "preflop" started. (community card = [])
my hole cards : ['D7', 'DT']
my_hole_score =  22
money =  1268
cur_pot_bet =  5
pot size =  15
call amount =  10
name: b10902017, hole_card: ['C8', 'H2']
name: b11902085, hole_card: ['D7', 'DT']
"b11902085" declared "fold:0"
"['b10902017']" won the round 3 (stack = {'b10902017': 732, 'b11902085': 1268})
community cards of this round: ['CJ', 'HQ', 'S8', 'DT', 'H2']
name: b10902017, hole_card: ['D9', 'CQ']
name: b11902085, hole_card: ['S9', 'D3']
Started the round 4
Street "preflop" started. (community card = [])
name: b10902017, hole_card: ['D9', 'CQ']
name: b11902085, hole_card: ['S9', 'D3']
"b10902017" declared "raise:732"
my hole cards : ['S9', 'D3']
my_hole_score =  1
money =  1258
cur_pot_bet =  10
pot size =  742
call amount =  732
name: b10902017, hole_card: ['D9', 'CQ']
name: b11902085, hole_card: ['S9', 'D3']
"b11902085" declared "fold:0"
"['b10902017']" won the round 4 (stack = {'b10902017': 742, 'b11902085': 1258})
community cards of this round: ['D6', 'S2', 'HJ', 'HQ', 'CT']
name: b10902017, hole_card: ['ST', 'H8']
name: b11902085, hole_card: ['DT', 'DJ']
Started the round 5
Street "preflop" started. (community card = [])
my hole cards : ['DT', 'DJ']
my_hole_score =  28
money =  1253
cur_pot_bet =  5
pot size =  15
call amount =  10
name: b10902017, hole_card: ['ST', 'H8']
name: b11902085, hole_card: ['DT', 'DJ']
"b11902085" declared "fold:0"
"['b10902017']" won the round 5 (stack = {'b10902017': 747, 'b11902085': 1253})
community cards of this round: ['HT', 'DQ', 'HA', 'D5', 'CT']
name: b10902017, hole_card: ['D3', 'C4']
name: b11902085, hole_card: ['D9', 'DT']
Started the round 6
Street "preflop" started. (community card = [])
name: b10902017, hole_card: ['D3', 'C4']
name: b11902085, hole_card: ['D9', 'DT']
"b10902017" declared "raise:747"
my hole cards : ['D9', 'DT']
my_hole_score =  27
money =  1243
cur_pot_bet =  10
pot size =  757
call amount =  747
name: b10902017, hole_card: ['D3', 'C4']
name: b11902085, hole_card: ['D9', 'DT']
"b11902085" declared "fold:0"
"['b10902017']" won the round 6 (stack = {'b10902017': 757, 'b11902085': 1243})
community cards of this round: ['D6', 'S8', 'D9', 'CA', 'HT']
name: b10902017, hole_card: ['C7', 'C9']
name: b11902085, hole_card: ['SK', 'D4']
Started the round 7
Street "preflop" started. (community card = [])
my hole cards : ['SK', 'D4']
my_hole_score =  10
money =  1238
cur_pot_bet =  5
pot size =  15
call amount =  10
name: b10902017, hole_card: ['C7', 'C9']
name: b11902085, hole_card: ['SK', 'D4']
"b11902085" declared "fold:0"
"['b10902017']" won the round 7 (stack = {'b10902017': 762, 'b11902085': 1238})
community cards of this round: ['HT', 'D9', 'C3', 'DT', 'SQ']
name: b10902017, hole_card: ['H7', 'CJ']
name: b11902085, hole_card: ['ST', 'D2']
Started the round 8
Street "preflop" started. (community card = [])
name: b10902017, hole_card: ['H7', 'CJ']
name: b11902085, hole_card: ['ST', 'D2']
"b10902017" declared "raise:762"
my hole cards : ['ST', 'D2']
my_hole_score =  2
money =  1228
cur_pot_bet =  10
pot size =  772
call amount =  762
name: b10902017, hole_card: ['H7', 'CJ']
name: b11902085, hole_card: ['ST', 'D2']
"b11902085" declared "fold:0"
"['b10902017']" won the round 8 (stack = {'b10902017': 772, 'b11902085': 1228})
community cards of this round: ['H8', 'CT', 'S5', 'D6', 'H2']
name: b10902017, hole_card: ['HA', 'S9']
name: b11902085, hole_card: ['S3', 'DA']
Started the round 9
Street "preflop" started. (community card = [])
my hole cards : ['S3', 'DA']
my_hole_score =  28
money =  1223
cur_pot_bet =  5
pot size =  15
call amount =  10
name: b10902017, hole_card: ['HA', 'S9']
name: b11902085, hole_card: ['S3', 'DA']
"b11902085" declared "fold:0"
"['b10902017']" won the round 9 (stack = {'b10902017': 777, 'b11902085': 1223})
community cards of this round: ['CJ', 'S6', 'S9', 'C9', 'D5']
name: b10902017, hole_card: ['H7', 'HQ']
name: b11902085, hole_card: ['CK', 'H3']
Started the round 10
Street "preflop" started. (community card = [])
name: b10902017, hole_card: ['H7', 'HQ']
name: b11902085, hole_card: ['CK', 'H3']
"b10902017" declared "raise:777"
my hole cards : ['CK', 'H3']
my_hole_score =  10
money =  1213
cur_pot_bet =  10
pot size =  787
call amount =  777
name: b10902017, hole_card: ['H7', 'HQ']
name: b11902085, hole_card: ['CK', 'H3']
"b11902085" declared "fold:0"
"['b10902017']" won the round 10 (stack = {'b10902017': 787, 'b11902085': 1213})
community cards of this round: ['C5', 'H2', 'D9', 'S6', 'DA']
name: b10902017, hole_card: ['C7', 'DJ']
name: b11902085, hole_card: ['CJ', 'CA']
Started the round 11
Street "preflop" started. (community card = [])
my hole cards : ['CJ', 'CA']
my_hole_score =  26
money =  1208
cur_pot_bet =  5
pot size =  15
call amount =  10
name: b10902017, hole_card: ['C7', 'DJ']
name: b11902085, hole_card: ['CJ', 'CA']
"b11902085" declared "fold:0"
"['b10902017']" won the round 11 (stack = {'b10902017': 792, 'b11902085': 1208})
community cards of this round: ['C5', 'S4', 'D9', 'CJ', 'HK']
name: b10902017, hole_card: ['SJ', 'H4']
name: b11902085, hole_card: ['CA', 'H9']
Started the round 12
Street "preflop" started. (community card = [])
name: b10902017, hole_card: ['SJ', 'H4']
name: b11902085, hole_card: ['CA', 'H9']
"b10902017" declared "raise:792"
my hole cards : ['CA', 'H9']
my_hole_score =  15
money =  1198
cur_pot_bet =  10
pot size =  802
call amount =  792
name: b10902017, hole_card: ['SJ', 'H4']
name: b11902085, hole_card: ['CA', 'H9']
"b11902085" declared "fold:0"
"['b10902017']" won the round 12 (stack = {'b10902017': 802, 'b11902085': 1198})
community cards of this round: ['D9', 'HT', 'C3', 'H3', 'SA']
name: b10902017, hole_card: ['C6', 'SQ']
name: b11902085, hole_card: ['S3', 'D2']
Started the round 13
Street "preflop" started. (community card = [])
my hole cards : ['S3', 'D2']
my_hole_score =  3
money =  1193
cur_pot_bet =  5
pot size =  15
call amount =  10
name: b10902017, hole_card: ['C6', 'SQ']
name: b11902085, hole_card: ['S3', 'D2']
"b11902085" declared "fold:0"
"['b10902017']" won the round 13 (stack = {'b10902017': 807, 'b11902085': 1193})
community cards of this round: ['SQ', 'S5', 'D3', 'CA', 'H9']
name: b10902017, hole_card: ['CK', 'S8']
name: b11902085, hole_card: ['C5', 'D4']
Started the round 14
Street "preflop" started. (community card = [])
name: b10902017, hole_card: ['CK', 'S8']
name: b11902085, hole_card: ['C5', 'D4']
"b10902017" declared "raise:807"
my hole cards : ['C5', 'D4']
my_hole_score =  11
money =  1183
cur_pot_bet =  10
pot size =  817
call amount =  807
name: b10902017, hole_card: ['CK', 'S8']
name: b11902085, hole_card: ['C5', 'D4']
"b11902085" declared "fold:0"
"['b10902017']" won the round 14 (stack = {'b10902017': 817, 'b11902085': 1183})
community cards of this round: ['DQ', 'D5', 'D8', 'C5', 'C2']
name: b10902017, hole_card: ['C4', 'H6']
name: b11902085, hole_card: ['SA', 'H3']
Started the round 15
Street "preflop" started. (community card = [])
my hole cards : ['SA', 'H3']
my_hole_score =  28
money =  1178
cur_pot_bet =  5
pot size =  15
call amount =  10
name: b10902017, hole_card: ['C4', 'H6']
name: b11902085, hole_card: ['SA', 'H3']
"b11902085" declared "fold:0"
"['b10902017']" won the round 15 (stack = {'b10902017': 822, 'b11902085': 1178})
community cards of this round: ['HK', 'S2', 'CQ', 'H9', 'C7']
name: b10902017, hole_card: ['DQ', 'H4']
name: b11902085, hole_card: ['HA', 'SA']
Started the round 16
Street "preflop" started. (community card = [])
name: b10902017, hole_card: ['DQ', 'H4']
name: b11902085, hole_card: ['HA', 'SA']
"b10902017" declared "raise:822"
my hole cards : ['HA', 'SA']
my_hole_score =  30
money =  1168
cur_pot_bet =  10
pot size =  832
call amount =  822
name: b10902017, hole_card: ['DQ', 'H4']
name: b11902085, hole_card: ['HA', 'SA']
"b11902085" declared "fold:0"
"['b10902017']" won the round 16 (stack = {'b10902017': 832, 'b11902085': 1168})
community cards of this round: ['HQ', 'D3', 'HJ', 'H7', 'DT']
name: b10902017, hole_card: ['C4', 'HK']
name: b11902085, hole_card: ['HA', 'S2']
Started the round 17
Street "preflop" started. (community card = [])
my hole cards : ['HA', 'S2']
my_hole_score =  28
money =  1163
cur_pot_bet =  5
pot size =  15
call amount =  10
name: b10902017, hole_card: ['C4', 'HK']
name: b11902085, hole_card: ['HA', 'S2']
"b11902085" declared "fold:0"
"['b10902017']" won the round 17 (stack = {'b10902017': 837, 'b11902085': 1163})
community cards of this round: ['DK', 'C8', 'CK', 'DT', 'H6']
name: b10902017, hole_card: ['DQ', 'H4']
name: b11902085, hole_card: ['C3', 'HQ']
Started the round 18
Street "preflop" started. (community card = [])
name: b10902017, hole_card: ['DQ', 'H4']
name: b11902085, hole_card: ['C3', 'HQ']
"b10902017" declared "raise:837"
my hole cards : ['C3', 'HQ']
my_hole_score =  7
money =  1153
cur_pot_bet =  10
pot size =  847
call amount =  837
name: b10902017, hole_card: ['DQ', 'H4']
name: b11902085, hole_card: ['C3', 'HQ']
"b11902085" declared "fold:0"
"['b10902017']" won the round 18 (stack = {'b10902017': 847, 'b11902085': 1153})
community cards of this round: ['D3', 'S2', 'CT', 'D2', 'S4']
name: b10902017, hole_card: ['S8', 'H5']
name: b11902085, hole_card: ['D5', 'SK']
Started the round 19
Street "preflop" started. (community card = [])
my hole cards : ['D5', 'SK']
my_hole_score =  11
money =  1148
cur_pot_bet =  5
pot size =  15
call amount =  10
name: b10902017, hole_card: ['S8', 'H5']
name: b11902085, hole_card: ['D5', 'SK']
"b11902085" declared "fold:0"
"['b10902017']" won the round 19 (stack = {'b10902017': 852, 'b11902085': 1148})
community cards of this round: ['H8', 'DT', 'S9', 'H2', 'C2']
name: b10902017, hole_card: ['S3', 'HA']
name: b11902085, hole_card: ['S7', 'H4']
Started the round 20
Street "preflop" started. (community card = [])
name: b10902017, hole_card: ['S3', 'HA']
name: b11902085, hole_card: ['S7', 'H4']
"b10902017" declared "raise:852"
my hole cards : ['S7', 'H4']
my_hole_score =  7
money =  1138
cur_pot_bet =  10
pot size =  862
call amount =  852
name: b10902017, hole_card: ['S3', 'HA']
name: b11902085, hole_card: ['S7', 'H4']
"b11902085" declared "fold:0"
"['b10902017']" won the round 20 (stack = {'b10902017': 862, 'b11902085': 1138})
b11902085 vs b10902017 - Game 1: {'rule': {'initial_stack': 1000, 'max_round': 20, 'small_blind_amount': 5, 'ante': 0, 'blind_structure': {}}, 'players': [{'name': 'b10902017', 'uuid': 'ijuftjjoepirelwbgvmflu', 'stack': 862, 'state': 'participating'}, {'name': 'b11902085', 'uuid': 'urzfmucfqztzyjqrflumdu', 'stack': 1138, 'state': 'participating'}]}
community cards of this round: ['S5', 'HQ', 'H8', 'C6', 'SA']
name: b11902085, hole_card: ['D7', 'D9']
name: b10902017, hole_card: ['HJ', 'H4']
Started the round 1
Street "preflop" started. (community card = [])
name: b11902085, hole_card: ['D7', 'D9']
name: b10902017, hole_card: ['HJ', 'H4']
"b10902017" declared "raise:15"
my hole cards : ['D7', 'D9']
my_hole_score =  23
money =  990
cur_pot_bet =  10
pot size =  25
call amount =  15
esitmate win rate =  0.471
name: b11902085, hole_card: ['D7', 'D9']
name: b10902017, hole_card: ['HJ', 'H4']
"b11902085" declared "raise:20"
name: b11902085, hole_card: ['D7', 'D9']
name: b10902017, hole_card: ['HJ', 'H4']
"b10902017" declared "fold:0"
"['b11902085']" won the round 1 (stack = {'b11902085': 1015, 'b10902017': 985})
community cards of this round: ['D5', 'H6', 'D8', 'S9', 'HA']
name: b11902085, hole_card: ['D9', 'S6']
name: b10902017, hole_card: ['H7', 'H3']
Started the round 2
Street "preflop" started. (community card = [])
my hole cards : ['D9', 'S6']
my_hole_score =  10
money =  1010
cur_pot_bet =  5
pot size =  15
call amount =  10
esitmate win rate =  0.442
name: b11902085, hole_card: ['D9', 'S6']
name: b10902017, hole_card: ['H7', 'H3']
"b11902085" declared "raise:15"
name: b11902085, hole_card: ['D9', 'S6']
name: b10902017, hole_card: ['H7', 'H3']
"b10902017" declared "call:15"
Street "flop" started. (community card = ['D5', 'H6', 'D8'])
my hole cards : ['D9', 'S6']
my_hole_score =  10
money =  1000
cur_pot_bet =  15
pot size =  30
call amount =  0
esitmate win rate =  0.662
name: b11902085, hole_card: ['D9', 'S6']
name: b10902017, hole_card: ['H7', 'H3']
"b11902085" declared "raise:10"
name: b11902085, hole_card: ['D9', 'S6']
name: b10902017, hole_card: ['H7', 'H3']
"b10902017" declared "fold:0"
"['b11902085']" won the round 2 (stack = {'b11902085': 1030, 'b10902017': 970})
community cards of this round: ['H9', 'C7', 'S4', 'HA', 'H7']
name: b11902085, hole_card: ['C8', 'H2']
name: b10902017, hole_card: ['D7', 'DT']
Started the round 3
Street "preflop" started. (community card = [])
name: b11902085, hole_card: ['C8', 'H2']
name: b10902017, hole_card: ['D7', 'DT']
"b10902017" declared "call:10"
my hole cards : ['C8', 'H2']
my_hole_score =  0
money =  1020
cur_pot_bet =  10
pot size =  20
call amount =  10
esitmate win rate =  0.379
name: b11902085, hole_card: ['C8', 'H2']
name: b10902017, hole_card: ['D7', 'DT']
"b11902085" declared "raise:15"
name: b11902085, hole_card: ['C8', 'H2']
name: b10902017, hole_card: ['D7', 'DT']
"b10902017" declared "call:15"
Street "flop" started. (community card = ['H9', 'C7', 'S4'])
name: b11902085, hole_card: ['C8', 'H2']
name: b10902017, hole_card: ['D7', 'DT']
"b10902017" declared "raise:35"
my hole cards : ['C8', 'H2']
my_hole_score =  0
money =  1015
cur_pot_bet =  15
pot size =  65
call amount =  35
esitmate win rate =  0.234
name: b11902085, hole_card: ['C8', 'H2']
name: b10902017, hole_card: ['D7', 'DT']
"b11902085" declared "fold:0"
"['b10902017']" won the round 3 (stack = {'b11902085': 1015, 'b10902017': 985})
community cards of this round: ['CJ', 'HQ', 'S8', 'DT', 'H2']
name: b11902085, hole_card: ['D9', 'CQ']
name: b10902017, hole_card: ['S9', 'D3']
Started the round 4
Street "preflop" started. (community card = [])
my hole cards : ['D9', 'CQ']
my_hole_score =  19
money =  1010
cur_pot_bet =  5
pot size =  15
call amount =  10
esitmate win rate =  0.572
name: b11902085, hole_card: ['D9', 'CQ']
name: b10902017, hole_card: ['S9', 'D3']
"b11902085" declared "raise:15"
name: b11902085, hole_card: ['D9', 'CQ']
name: b10902017, hole_card: ['S9', 'D3']
"b10902017" declared "fold:0"
"['b11902085']" won the round 4 (stack = {'b11902085': 1025, 'b10902017': 975})
community cards of this round: ['D6', 'S2', 'HJ', 'HQ', 'CT']
name: b11902085, hole_card: ['ST', 'H8']
name: b10902017, hole_card: ['DT', 'DJ']
Started the round 5
Street "preflop" started. (community card = [])
name: b11902085, hole_card: ['ST', 'H8']
name: b10902017, hole_card: ['DT', 'DJ']
"b10902017" declared "raise:24"
my hole cards : ['ST', 'H8']
my_hole_score =  17
money =  1015
cur_pot_bet =  10
pot size =  34
call amount =  24
esitmate win rate =  0.516
name: b11902085, hole_card: ['ST', 'H8']
name: b10902017, hole_card: ['DT', 'DJ']
"b11902085" declared "raise:38"
name: b11902085, hole_card: ['ST', 'H8']
name: b10902017, hole_card: ['DT', 'DJ']
"b10902017" declared "raise:52"
my hole cards : ['ST', 'H8']
my_hole_score =  17
money =  987
cur_pot_bet =  38
pot size =  90
call amount =  52
esitmate win rate =  0.505
name: b11902085, hole_card: ['ST', 'H8']
name: b10902017, hole_card: ['DT', 'DJ']
"b11902085" declared "raise:66"
name: b11902085, hole_card: ['ST', 'H8']
name: b10902017, hole_card: ['DT', 'DJ']
"b10902017" declared "raise:80"
my hole cards : ['ST', 'H8']
my_hole_score =  17
money =  959
cur_pot_bet =  66
pot size =  146
call amount =  80
esitmate win rate =  0.502
name: b11902085, hole_card: ['ST', 'H8']
name: b10902017, hole_card: ['DT', 'DJ']
"b11902085" declared "raise:94"
name: b11902085, hole_card: ['ST', 'H8']
name: b10902017, hole_card: ['DT', 'DJ']
"b10902017" declared "raise:108"
my hole cards : ['ST', 'H8']
my_hole_score =  17
money =  931
cur_pot_bet =  94
pot size =  202
call amount =  108
esitmate win rate =  0.494
name: b11902085, hole_card: ['ST', 'H8']
name: b10902017, hole_card: ['DT', 'DJ']
"b11902085" declared "raise:122"
name: b11902085, hole_card: ['ST', 'H8']
name: b10902017, hole_card: ['DT', 'DJ']
"b10902017" declared "raise:136"
my hole cards : ['ST', 'H8']
my_hole_score =  17
money =  903
cur_pot_bet =  122
pot size =  258
call amount =  136
esitmate win rate =  0.501
name: b11902085, hole_card: ['ST', 'H8']
name: b10902017, hole_card: ['DT', 'DJ']
"b11902085" declared "raise:150"
name: b11902085, hole_card: ['ST', 'H8']
name: b10902017, hole_card: ['DT', 'DJ']
"b10902017" declared "raise:164"
my hole cards : ['ST', 'H8']
my_hole_score =  17
money =  875
cur_pot_bet =  150
pot size =  314
call amount =  164
esitmate win rate =  0.486
name: b11902085, hole_card: ['ST', 'H8']
name: b10902017, hole_card: ['DT', 'DJ']
"b11902085" declared "raise:178"
name: b11902085, hole_card: ['ST', 'H8']
name: b10902017, hole_card: ['DT', 'DJ']
"b10902017" declared "raise:192"
my hole cards : ['ST', 'H8']
my_hole_score =  17
money =  847
cur_pot_bet =  178
pot size =  370
call amount =  192
esitmate win rate =  0.512
name: b11902085, hole_card: ['ST', 'H8']
name: b10902017, hole_card: ['DT', 'DJ']
"b11902085" declared "raise:206"
name: b11902085, hole_card: ['ST', 'H8']
name: b10902017, hole_card: ['DT', 'DJ']
"b10902017" declared "raise:220"
my hole cards : ['ST', 'H8']
my_hole_score =  17
money =  819
cur_pot_bet =  206
pot size =  426
call amount =  220
esitmate win rate =  0.529
name: b11902085, hole_card: ['ST', 'H8']
name: b10902017, hole_card: ['DT', 'DJ']
"b11902085" declared "raise:234"
name: b11902085, hole_card: ['ST', 'H8']
name: b10902017, hole_card: ['DT', 'DJ']
"b10902017" declared "raise:248"
my hole cards : ['ST', 'H8']
my_hole_score =  17
money =  791
cur_pot_bet =  234
pot size =  482
call amount =  248
esitmate win rate =  0.538
name: b11902085, hole_card: ['ST', 'H8']
name: b10902017, hole_card: ['DT', 'DJ']
"b11902085" declared "raise:262"
name: b11902085, hole_card: ['ST', 'H8']
name: b10902017, hole_card: ['DT', 'DJ']
"b10902017" declared "raise:276"
my hole cards : ['ST', 'H8']
my_hole_score =  17
money =  763
cur_pot_bet =  262
pot size =  538
call amount =  276
esitmate win rate =  0.51
name: b11902085, hole_card: ['ST', 'H8']
name: b10902017, hole_card: ['DT', 'DJ']
"b11902085" declared "raise:290"
name: b11902085, hole_card: ['ST', 'H8']
name: b10902017, hole_card: ['DT', 'DJ']
"b10902017" declared "raise:304"
my hole cards : ['ST', 'H8']
my_hole_score =  17
money =  735
cur_pot_bet =  290
pot size =  594
call amount =  304
esitmate win rate =  0.543
name: b11902085, hole_card: ['ST', 'H8']
name: b10902017, hole_card: ['DT', 'DJ']
"b11902085" declared "raise:318"
name: b11902085, hole_card: ['ST', 'H8']
name: b10902017, hole_card: ['DT', 'DJ']
"b10902017" declared "raise:332"
my hole cards : ['ST', 'H8']
my_hole_score =  17
money =  707
cur_pot_bet =  318
pot size =  650
call amount =  332
esitmate win rate =  0.511
name: b11902085, hole_card: ['ST', 'H8']
name: b10902017, hole_card: ['DT', 'DJ']
"b11902085" declared "raise:346"
name: b11902085, hole_card: ['ST', 'H8']
name: b10902017, hole_card: ['DT', 'DJ']
"b10902017" declared "raise:360"
my hole cards : ['ST', 'H8']
my_hole_score =  17
money =  679
cur_pot_bet =  346
pot size =  706
call amount =  360
esitmate win rate =  0.515
name: b11902085, hole_card: ['ST', 'H8']
name: b10902017, hole_card: ['DT', 'DJ']
"b11902085" declared "raise:374"
name: b11902085, hole_card: ['ST', 'H8']
name: b10902017, hole_card: ['DT', 'DJ']
"b10902017" declared "raise:388"
my hole cards : ['ST', 'H8']
my_hole_score =  17
money =  651
cur_pot_bet =  374
pot size =  762
call amount =  388
esitmate win rate =  0.501
name: b11902085, hole_card: ['ST', 'H8']
name: b10902017, hole_card: ['DT', 'DJ']
"b11902085" declared "raise:402"
name: b11902085, hole_card: ['ST', 'H8']
name: b10902017, hole_card: ['DT', 'DJ']
"b10902017" declared "raise:416"
my hole cards : ['ST', 'H8']
my_hole_score =  17
money =  623
cur_pot_bet =  402
pot size =  818
call amount =  416
esitmate win rate =  0.502
name: b11902085, hole_card: ['ST', 'H8']
name: b10902017, hole_card: ['DT', 'DJ']
"b11902085" declared "raise:430"
name: b11902085, hole_card: ['ST', 'H8']
name: b10902017, hole_card: ['DT', 'DJ']
"b10902017" declared "raise:444"
my hole cards : ['ST', 'H8']
my_hole_score =  17
money =  595
cur_pot_bet =  430
pot size =  874
call amount =  444
esitmate win rate =  0.499
name: b11902085, hole_card: ['ST', 'H8']
name: b10902017, hole_card: ['DT', 'DJ']
"b11902085" declared "raise:458"
name: b11902085, hole_card: ['ST', 'H8']
name: b10902017, hole_card: ['DT', 'DJ']
"b10902017" declared "raise:472"
my hole cards : ['ST', 'H8']
my_hole_score =  17
money =  567
cur_pot_bet =  458
pot size =  930
call amount =  472
esitmate win rate =  0.507
name: b11902085, hole_card: ['ST', 'H8']
name: b10902017, hole_card: ['DT', 'DJ']
"b11902085" declared "raise:486"
name: b11902085, hole_card: ['ST', 'H8']
name: b10902017, hole_card: ['DT', 'DJ']
"b10902017" declared "raise:500"
my hole cards : ['ST', 'H8']
my_hole_score =  17
money =  539
cur_pot_bet =  486
pot size =  986
call amount =  500
esitmate win rate =  0.523
name: b11902085, hole_card: ['ST', 'H8']
name: b10902017, hole_card: ['DT', 'DJ']
"b11902085" declared "raise:514"
name: b11902085, hole_card: ['ST', 'H8']
name: b10902017, hole_card: ['DT', 'DJ']
"b10902017" declared "raise:528"
my hole cards : ['ST', 'H8']
my_hole_score =  17
money =  511
cur_pot_bet =  514
pot size =  1042
call amount =  528
esitmate win rate =  0.514
name: b11902085, hole_card: ['ST', 'H8']
name: b10902017, hole_card: ['DT', 'DJ']
"b11902085" declared "raise:542"
name: b11902085, hole_card: ['ST', 'H8']
name: b10902017, hole_card: ['DT', 'DJ']
"b10902017" declared "raise:556"
my hole cards : ['ST', 'H8']
my_hole_score =  17
money =  483
cur_pot_bet =  542
pot size =  1098
call amount =  556
esitmate win rate =  0.466
name: b11902085, hole_card: ['ST', 'H8']
name: b10902017, hole_card: ['DT', 'DJ']
"b11902085" declared "raise:570"
name: b11902085, hole_card: ['ST', 'H8']
name: b10902017, hole_card: ['DT', 'DJ']
"b10902017" declared "raise:584"
my hole cards : ['ST', 'H8']
my_hole_score =  17
money =  455
cur_pot_bet =  570
pot size =  1154
call amount =  584
esitmate win rate =  0.506
name: b11902085, hole_card: ['ST', 'H8']
name: b10902017, hole_card: ['DT', 'DJ']
"b11902085" declared "raise:598"
name: b11902085, hole_card: ['ST', 'H8']
name: b10902017, hole_card: ['DT', 'DJ']
"b10902017" declared "raise:612"
my hole cards : ['ST', 'H8']
my_hole_score =  17
money =  427
cur_pot_bet =  598
pot size =  1210
call amount =  612
esitmate win rate =  0.52
name: b11902085, hole_card: ['ST', 'H8']
name: b10902017, hole_card: ['DT', 'DJ']
"b11902085" declared "raise:626"
name: b11902085, hole_card: ['ST', 'H8']
name: b10902017, hole_card: ['DT', 'DJ']
"b10902017" declared "raise:640"
my hole cards : ['ST', 'H8']
my_hole_score =  17
money =  399
cur_pot_bet =  626
pot size =  1266
call amount =  640
esitmate win rate =  0.509
name: b11902085, hole_card: ['ST', 'H8']
name: b10902017, hole_card: ['DT', 'DJ']
"b11902085" declared "raise:654"
name: b11902085, hole_card: ['ST', 'H8']
name: b10902017, hole_card: ['DT', 'DJ']
"b10902017" declared "raise:668"
my hole cards : ['ST', 'H8']
my_hole_score =  17
money =  371
cur_pot_bet =  654
pot size =  1322
call amount =  668
esitmate win rate =  0.487
name: b11902085, hole_card: ['ST', 'H8']
name: b10902017, hole_card: ['DT', 'DJ']
"b11902085" declared "raise:682"
name: b11902085, hole_card: ['ST', 'H8']
name: b10902017, hole_card: ['DT', 'DJ']
"b10902017" declared "raise:696"
my hole cards : ['ST', 'H8']
my_hole_score =  17
money =  343
cur_pot_bet =  682
pot size =  1378
call amount =  696
esitmate win rate =  0.519
name: b11902085, hole_card: ['ST', 'H8']
name: b10902017, hole_card: ['DT', 'DJ']
"b11902085" declared "raise:710"
name: b11902085, hole_card: ['ST', 'H8']
name: b10902017, hole_card: ['DT', 'DJ']
"b10902017" declared "raise:724"
my hole cards : ['ST', 'H8']
my_hole_score =  17
money =  315
cur_pot_bet =  710
pot size =  1434
call amount =  724
esitmate win rate =  0.504
name: b11902085, hole_card: ['ST', 'H8']
name: b10902017, hole_card: ['DT', 'DJ']
"b11902085" declared "raise:738"
name: b11902085, hole_card: ['ST', 'H8']
name: b10902017, hole_card: ['DT', 'DJ']
"b10902017" declared "raise:752"
my hole cards : ['ST', 'H8']
my_hole_score =  17
money =  287
cur_pot_bet =  738
pot size =  1490
call amount =  752
esitmate win rate =  0.536
name: b11902085, hole_card: ['ST', 'H8']
name: b10902017, hole_card: ['DT', 'DJ']
"b11902085" declared "raise:766"
name: b11902085, hole_card: ['ST', 'H8']
name: b10902017, hole_card: ['DT', 'DJ']
"b10902017" declared "raise:780"
my hole cards : ['ST', 'H8']
my_hole_score =  17
money =  259
cur_pot_bet =  766
pot size =  1546
call amount =  780
esitmate win rate =  0.503
name: b11902085, hole_card: ['ST', 'H8']
name: b10902017, hole_card: ['DT', 'DJ']
"b11902085" declared "raise:794"
name: b11902085, hole_card: ['ST', 'H8']
name: b10902017, hole_card: ['DT', 'DJ']
"b10902017" declared "raise:808"
my hole cards : ['ST', 'H8']
my_hole_score =  17
money =  231
cur_pot_bet =  794
pot size =  1602
call amount =  808
esitmate win rate =  0.505
name: b11902085, hole_card: ['ST', 'H8']
name: b10902017, hole_card: ['DT', 'DJ']
"b11902085" declared "raise:822"
name: b11902085, hole_card: ['ST', 'H8']
name: b10902017, hole_card: ['DT', 'DJ']
"b10902017" declared "raise:836"
my hole cards : ['ST', 'H8']
my_hole_score =  17
money =  203
cur_pot_bet =  822
pot size =  1658
call amount =  836
esitmate win rate =  0.535
name: b11902085, hole_card: ['ST', 'H8']
name: b10902017, hole_card: ['DT', 'DJ']
"b11902085" declared "raise:850"
name: b11902085, hole_card: ['ST', 'H8']
name: b10902017, hole_card: ['DT', 'DJ']
"b10902017" declared "raise:864"
my hole cards : ['ST', 'H8']
my_hole_score =  17
money =  175
cur_pot_bet =  850
pot size =  1714
call amount =  864
esitmate win rate =  0.551
name: b11902085, hole_card: ['ST', 'H8']
name: b10902017, hole_card: ['DT', 'DJ']
"b11902085" declared "raise:878"
name: b11902085, hole_card: ['ST', 'H8']
name: b10902017, hole_card: ['DT', 'DJ']
"b10902017" declared "raise:892"
my hole cards : ['ST', 'H8']
my_hole_score =  17
money =  147
cur_pot_bet =  878
pot size =  1770
call amount =  892
esitmate win rate =  0.511
name: b11902085, hole_card: ['ST', 'H8']
name: b10902017, hole_card: ['DT', 'DJ']
"b11902085" declared "raise:906"
name: b11902085, hole_card: ['ST', 'H8']
name: b10902017, hole_card: ['DT', 'DJ']
"b10902017" declared "raise:920"
my hole cards : ['ST', 'H8']
my_hole_score =  17
money =  119
cur_pot_bet =  906
pot size =  1826
call amount =  920
esitmate win rate =  0.517
name: b11902085, hole_card: ['ST', 'H8']
name: b10902017, hole_card: ['DT', 'DJ']
"b11902085" declared "raise:934"
name: b11902085, hole_card: ['ST', 'H8']
name: b10902017, hole_card: ['DT', 'DJ']
"b10902017" declared "raise:948"
my hole cards : ['ST', 'H8']
my_hole_score =  17
money =  91
cur_pot_bet =  934
pot size =  1882
call amount =  948
esitmate win rate =  0.508
name: b11902085, hole_card: ['ST', 'H8']
name: b10902017, hole_card: ['DT', 'DJ']
"b11902085" declared "raise:962"
name: b11902085, hole_card: ['ST', 'H8']
name: b10902017, hole_card: ['DT', 'DJ']
"b10902017" declared "call:962"
Street "flop" started. (community card = ['D6', 'S2', 'HJ'])
name: b11902085, hole_card: ['ST', 'H8']
name: b10902017, hole_card: ['DT', 'DJ']
"b10902017" declared "raise:13"
my hole cards : ['ST', 'H8']
my_hole_score =  17
money =  63
cur_pot_bet =  962
pot size =  1937
call amount =  13
esitmate win rate =  0.314
name: b11902085, hole_card: ['ST', 'H8']
name: b10902017, hole_card: ['DT', 'DJ']
"b11902085" declared "fold:0"
"['b10902017']" won the round 5 (stack = {'b11902085': 63, 'b10902017': 1937})
community cards of this round: ['HT', 'DQ', 'HA', 'D5', 'CT']
name: b11902085, hole_card: ['D3', 'C4']
name: b10902017, hole_card: ['D9', 'DT']
Started the round 6
Street "preflop" started. (community card = [])
my hole cards : ['D3', 'C4']
my_hole_score =  7
money =  58
cur_pot_bet =  5
pot size =  15
call amount =  10
esitmate win rate =  0.327
name: b11902085, hole_card: ['D3', 'C4']
name: b10902017, hole_card: ['D9', 'DT']
"b11902085" declared "raise:15"
name: b11902085, hole_card: ['D3', 'C4']
name: b10902017, hole_card: ['D9', 'DT']
"b10902017" declared "fold:0"
"['b11902085']" won the round 6 (stack = {'b11902085': 73, 'b10902017': 1927})
community cards of this round: ['D6', 'S8', 'D9', 'CA', 'HT']
name: b11902085, hole_card: ['C7', 'C9']
name: b10902017, hole_card: ['SK', 'D4']
Started the round 7
Street "preflop" started. (community card = [])
name: b11902085, hole_card: ['C7', 'C9']
name: b10902017, hole_card: ['SK', 'D4']
"b10902017" declared "fold:0"
"['b11902085']" won the round 7 (stack = {'b11902085': 78, 'b10902017': 1922})
community cards of this round: ['HT', 'D9', 'C3', 'DT', 'SQ']
name: b11902085, hole_card: ['H7', 'CJ']
name: b10902017, hole_card: ['ST', 'D2']
Started the round 8
Street "preflop" started. (community card = [])
my hole cards : ['H7', 'CJ']
my_hole_score =  11
money =  73
cur_pot_bet =  5
pot size =  15
call amount =  10
esitmate win rate =  0.523
name: b11902085, hole_card: ['H7', 'CJ']
name: b10902017, hole_card: ['ST', 'D2']
"b11902085" declared "raise:15"
name: b11902085, hole_card: ['H7', 'CJ']
name: b10902017, hole_card: ['ST', 'D2']
"b10902017" declared "fold:0"
"['b11902085']" won the round 8 (stack = {'b11902085': 88, 'b10902017': 1912})
community cards of this round: ['H8', 'CT', 'S5', 'D6', 'H2']
name: b11902085, hole_card: ['HA', 'S9']
name: b10902017, hole_card: ['S3', 'DA']
Started the round 9
Street "preflop" started. (community card = [])
name: b11902085, hole_card: ['HA', 'S9']
name: b10902017, hole_card: ['S3', 'DA']
"b10902017" declared "fold:0"
"['b11902085']" won the round 9 (stack = {'b11902085': 93, 'b10902017': 1907})
community cards of this round: ['CJ', 'S6', 'S9', 'C9', 'D5']
name: b11902085, hole_card: ['H7', 'HQ']
name: b10902017, hole_card: ['CK', 'H3']
Started the round 10
Street "preflop" started. (community card = [])
my hole cards : ['H7', 'HQ']
my_hole_score =  22
money =  88
cur_pot_bet =  5
pot size =  15
call amount =  10
esitmate win rate =  0.545
name: b11902085, hole_card: ['H7', 'HQ']
name: b10902017, hole_card: ['CK', 'H3']
"b11902085" declared "raise:15"
name: b11902085, hole_card: ['H7', 'HQ']
name: b10902017, hole_card: ['CK', 'H3']
"b10902017" declared "fold:0"
"['b11902085']" won the round 10 (stack = {'b11902085': 103, 'b10902017': 1897})
community cards of this round: ['C5', 'H2', 'D9', 'S6', 'DA']
name: b11902085, hole_card: ['C7', 'DJ']
name: b10902017, hole_card: ['CJ', 'CA']
Started the round 11
Street "preflop" started. (community card = [])
name: b11902085, hole_card: ['C7', 'DJ']
name: b10902017, hole_card: ['CJ', 'CA']
"b10902017" declared "fold:0"
"['b11902085']" won the round 11 (stack = {'b11902085': 108, 'b10902017': 1892})
community cards of this round: ['C5', 'S4', 'D9', 'CJ', 'HK']
name: b11902085, hole_card: ['SJ', 'H4']
name: b10902017, hole_card: ['CA', 'H9']
Started the round 12
Street "preflop" started. (community card = [])
my hole cards : ['SJ', 'H4']
my_hole_score =  4
money =  103
cur_pot_bet =  5
pot size =  15
call amount =  10
esitmate win rate =  0.471
name: b11902085, hole_card: ['SJ', 'H4']
name: b10902017, hole_card: ['CA', 'H9']
"b11902085" declared "raise:15"
name: b11902085, hole_card: ['SJ', 'H4']
name: b10902017, hole_card: ['CA', 'H9']
"b10902017" declared "fold:0"
"['b11902085']" won the round 12 (stack = {'b11902085': 118, 'b10902017': 1882})
community cards of this round: ['D9', 'HT', 'C3', 'H3', 'SA']
name: b11902085, hole_card: ['C6', 'SQ']
name: b10902017, hole_card: ['S3', 'D2']
Started the round 13
Street "preflop" started. (community card = [])
name: b11902085, hole_card: ['C6', 'SQ']
name: b10902017, hole_card: ['S3', 'D2']
"b10902017" declared "fold:0"
"['b11902085']" won the round 13 (stack = {'b11902085': 123, 'b10902017': 1877})
community cards of this round: ['SQ', 'S5', 'D3', 'CA', 'H9']
name: b11902085, hole_card: ['CK', 'S8']
name: b10902017, hole_card: ['C5', 'D4']
Started the round 14
Street "preflop" started. (community card = [])
my hole cards : ['CK', 'S8']
my_hole_score =  15
money =  118
cur_pot_bet =  5
pot size =  15
call amount =  10
esitmate win rate =  0.578
name: b11902085, hole_card: ['CK', 'S8']
name: b10902017, hole_card: ['C5', 'D4']
"b11902085" declared "raise:15"
name: b11902085, hole_card: ['CK', 'S8']
name: b10902017, hole_card: ['C5', 'D4']
"b10902017" declared "fold:0"
"['b11902085']" won the round 14 (stack = {'b11902085': 133, 'b10902017': 1867})
community cards of this round: ['DQ', 'D5', 'D8', 'C5', 'C2']
name: b11902085, hole_card: ['C4', 'H6']
name: b10902017, hole_card: ['SA', 'H3']
Started the round 15
Street "preflop" started. (community card = [])
name: b11902085, hole_card: ['C4', 'H6']
name: b10902017, hole_card: ['SA', 'H3']
"b10902017" declared "fold:0"
"['b11902085']" won the round 15 (stack = {'b11902085': 138, 'b10902017': 1862})
community cards of this round: ['HK', 'S2', 'CQ', 'H9', 'C7']
name: b11902085, hole_card: ['DQ', 'H4']
name: b10902017, hole_card: ['HA', 'SA']
Started the round 16
Street "preflop" started. (community card = [])
my hole cards : ['DQ', 'H4']
my_hole_score =  7
money =  133
cur_pot_bet =  5
pot size =  15
call amount =  10
esitmate win rate =  0.503
name: b11902085, hole_card: ['DQ', 'H4']
name: b10902017, hole_card: ['HA', 'SA']
"b11902085" declared "raise:15"
name: b11902085, hole_card: ['DQ', 'H4']
name: b10902017, hole_card: ['HA', 'SA']
"b10902017" declared "fold:0"
"['b11902085']" won the round 16 (stack = {'b11902085': 148, 'b10902017': 1852})
community cards of this round: ['HQ', 'D3', 'HJ', 'H7', 'DT']
name: b11902085, hole_card: ['C4', 'HK']
name: b10902017, hole_card: ['HA', 'S2']
Started the round 17
Street "preflop" started. (community card = [])
name: b11902085, hole_card: ['C4', 'HK']
name: b10902017, hole_card: ['HA', 'S2']
"b10902017" declared "fold:0"
"['b11902085']" won the round 17 (stack = {'b11902085': 153, 'b10902017': 1847})
community cards of this round: ['DK', 'C8', 'CK', 'DT', 'H6']
name: b11902085, hole_card: ['DQ', 'H4']
name: b10902017, hole_card: ['C3', 'HQ']
Started the round 18
Street "preflop" started. (community card = [])
my hole cards : ['DQ', 'H4']
my_hole_score =  7
money =  148
cur_pot_bet =  5
pot size =  15
call amount =  10
esitmate win rate =  0.49
name: b11902085, hole_card: ['DQ', 'H4']
name: b10902017, hole_card: ['C3', 'HQ']
"b11902085" declared "raise:15"
name: b11902085, hole_card: ['DQ', 'H4']
name: b10902017, hole_card: ['C3', 'HQ']
"b10902017" declared "fold:0"
"['b11902085']" won the round 18 (stack = {'b11902085': 163, 'b10902017': 1837})
community cards of this round: ['D3', 'S2', 'CT', 'D2', 'S4']
name: b11902085, hole_card: ['S8', 'H5']
name: b10902017, hole_card: ['D5', 'SK']
Started the round 19
Street "preflop" started. (community card = [])
name: b11902085, hole_card: ['S8', 'H5']
name: b10902017, hole_card: ['D5', 'SK']
"b10902017" declared "fold:0"
"['b11902085']" won the round 19 (stack = {'b11902085': 168, 'b10902017': 1832})
community cards of this round: ['H8', 'DT', 'S9', 'H2', 'C2']
name: b11902085, hole_card: ['S3', 'HA']
name: b10902017, hole_card: ['S7', 'H4']
Started the round 20
Street "preflop" started. (community card = [])
my hole cards : ['S3', 'HA']
my_hole_score =  28
money =  163
cur_pot_bet =  5
pot size =  15
call amount =  10
esitmate win rate =  0.542
name: b11902085, hole_card: ['S3', 'HA']
name: b10902017, hole_card: ['S7', 'H4']
"b11902085" declared "raise:15"
name: b11902085, hole_card: ['S3', 'HA']
name: b10902017, hole_card: ['S7', 'H4']
"b10902017" declared "fold:0"
"['b11902085']" won the round 20 (stack = {'b11902085': 178, 'b10902017': 1822})
b11902085 vs b10902017 - Game 2: {'rule': {'initial_stack': 1000, 'max_round': 20, 'small_blind_amount': 5, 'ante': 0, 'blind_structure': {}}, 'players': [{'name': 'b11902085', 'uuid': 'puepalksolzdqplyuzmgnx', 'stack': 178, 'state': 'participating'}, {'name': 'b10902017', 'uuid': 'mtlsmqsnwjtdostmhlhafa', 'stack': 1822, 'state': 'participating'}]}
community cards of this round: ['SA', 'CK', 'S2', 'H4', 'C5']
name: b10902017, hole_card: ['S9', 'DT']
name: b11902085, hole_card: ['C8', 'C9']
Started the round 1
Street "preflop" started. (community card = [])
my hole cards : ['C8', 'C9']
my_hole_score =  25
money =  995
cur_pot_bet =  5
pot size =  15
call amount =  10
esitmate win rate =  0.546
name: b10902017, hole_card: ['S9', 'DT']
name: b11902085, hole_card: ['C8', 'C9']
"b11902085" declared "raise:15"
name: b10902017, hole_card: ['S9', 'DT']
name: b11902085, hole_card: ['C8', 'C9']
"b10902017" declared "fold:0"
"['b11902085']" won the round 1 (stack = {'b10902017': 990, 'b11902085': 1010})
community cards of this round: ['S4', 'C7', 'H8', 'C2', 'HK']
name: b10902017, hole_card: ['C8', 'C6']
name: b11902085, hole_card: ['H2', 'SK']
Started the round 2
Street "preflop" started. (community card = [])
name: b10902017, hole_card: ['C8', 'C6']
name: b11902085, hole_card: ['H2', 'SK']
"b10902017" declared "raise:15"
my hole cards : ['H2', 'SK']
my_hole_score =  9
money =  1000
cur_pot_bet =  10
pot size =  25
call amount =  15
esitmate win rate =  0.515
name: b10902017, hole_card: ['C8', 'C6']
name: b11902085, hole_card: ['H2', 'SK']
"b11902085" declared "raise:20"
name: b10902017, hole_card: ['C8', 'C6']
name: b11902085, hole_card: ['H2', 'SK']
"b10902017" declared "fold:0"
"['b11902085']" won the round 2 (stack = {'b10902017': 975, 'b11902085': 1025})
community cards of this round: ['C5', 'D8', 'HT', 'H7', 'CA']
name: b10902017, hole_card: ['CT', 'C8']
name: b11902085, hole_card: ['DT', 'S5']
Started the round 3
Street "preflop" started. (community card = [])
my hole cards : ['DT', 'S5']
my_hole_score =  3
money =  1020
cur_pot_bet =  5
pot size =  15
call amount =  10
esitmate win rate =  0.463
name: b10902017, hole_card: ['CT', 'C8']
name: b11902085, hole_card: ['DT', 'S5']
"b11902085" declared "raise:15"
name: b10902017, hole_card: ['CT', 'C8']
name: b11902085, hole_card: ['DT', 'S5']
"b10902017" declared "call:15"
Street "flop" started. (community card = ['C5', 'D8', 'HT'])
my hole cards : ['DT', 'S5']
my_hole_score =  3
money =  1010
cur_pot_bet =  15
pot size =  30
call amount =  0
esitmate win rate =  0.888
name: b10902017, hole_card: ['CT', 'C8']
name: b11902085, hole_card: ['DT', 'S5']
"b11902085" declared "raise:10"
name: b10902017, hole_card: ['CT', 'C8']
name: b11902085, hole_card: ['DT', 'S5']
"b10902017" declared "raise:46"
my hole cards : ['DT', 'S5']
my_hole_score =  3
money =  1000
cur_pot_bet =  25
pot size =  86
call amount =  46
esitmate win rate =  0.882
name: b10902017, hole_card: ['CT', 'C8']
name: b11902085, hole_card: ['DT', 'S5']
"b11902085" declared "raise:82"
name: b10902017, hole_card: ['CT', 'C8']
name: b11902085, hole_card: ['DT', 'S5']
"b10902017" declared "raise:118"
my hole cards : ['DT', 'S5']
my_hole_score =  3
money =  928
cur_pot_bet =  97
pot size =  230
call amount =  118
esitmate win rate =  0.877
name: b10902017, hole_card: ['CT', 'C8']
name: b11902085, hole_card: ['DT', 'S5']
"b11902085" declared "raise:154"
name: b10902017, hole_card: ['CT', 'C8']
name: b11902085, hole_card: ['DT', 'S5']
"b10902017" declared "raise:190"
my hole cards : ['DT', 'S5']
my_hole_score =  3
money =  856
cur_pot_bet =  169
pot size =  374
call amount =  190
esitmate win rate =  0.876
name: b10902017, hole_card: ['CT', 'C8']
name: b11902085, hole_card: ['DT', 'S5']
"b11902085" declared "raise:226"
name: b10902017, hole_card: ['CT', 'C8']
name: b11902085, hole_card: ['DT', 'S5']
"b10902017" declared "raise:262"
my hole cards : ['DT', 'S5']
my_hole_score =  3
money =  784
cur_pot_bet =  241
pot size =  518
call amount =  262
esitmate win rate =  0.873
name: b10902017, hole_card: ['CT', 'C8']
name: b11902085, hole_card: ['DT', 'S5']
"b11902085" declared "raise:298"
name: b10902017, hole_card: ['CT', 'C8']
name: b11902085, hole_card: ['DT', 'S5']
"b10902017" declared "raise:334"
my hole cards : ['DT', 'S5']
my_hole_score =  3
money =  712
cur_pot_bet =  313
pot size =  662
call amount =  334
esitmate win rate =  0.872
name: b10902017, hole_card: ['CT', 'C8']
name: b11902085, hole_card: ['DT', 'S5']
"b11902085" declared "raise:370"
name: b10902017, hole_card: ['CT', 'C8']
name: b11902085, hole_card: ['DT', 'S5']
"b10902017" declared "raise:406"
my hole cards : ['DT', 'S5']
my_hole_score =  3
money =  640
cur_pot_bet =  385
pot size =  806
call amount =  406
esitmate win rate =  0.862
name: b10902017, hole_card: ['CT', 'C8']
name: b11902085, hole_card: ['DT', 'S5']
"b11902085" declared "raise:442"
name: b10902017, hole_card: ['CT', 'C8']
name: b11902085, hole_card: ['DT', 'S5']
"b10902017" declared "raise:478"
my hole cards : ['DT', 'S5']
my_hole_score =  3
money =  568
cur_pot_bet =  457
pot size =  950
call amount =  478
esitmate win rate =  0.874
name: b10902017, hole_card: ['CT', 'C8']
name: b11902085, hole_card: ['DT', 'S5']
"b11902085" declared "raise:514"
name: b10902017, hole_card: ['CT', 'C8']
name: b11902085, hole_card: ['DT', 'S5']
"b10902017" declared "raise:550"
my hole cards : ['DT', 'S5']
my_hole_score =  3
money =  496
cur_pot_bet =  529
pot size =  1094
call amount =  550
esitmate win rate =  0.881
name: b10902017, hole_card: ['CT', 'C8']
name: b11902085, hole_card: ['DT', 'S5']
"b11902085" declared "raise:586"
name: b10902017, hole_card: ['CT', 'C8']
name: b11902085, hole_card: ['DT', 'S5']
"b10902017" declared "raise:622"
my hole cards : ['DT', 'S5']
my_hole_score =  3
money =  424
cur_pot_bet =  601
pot size =  1238
call amount =  622
esitmate win rate =  0.886
name: b10902017, hole_card: ['CT', 'C8']
name: b11902085, hole_card: ['DT', 'S5']
"b11902085" declared "raise:658"
name: b10902017, hole_card: ['CT', 'C8']
name: b11902085, hole_card: ['DT', 'S5']
"b10902017" declared "raise:694"
my hole cards : ['DT', 'S5']
my_hole_score =  3
money =  352
cur_pot_bet =  673
pot size =  1382
call amount =  694
esitmate win rate =  0.881
name: b10902017, hole_card: ['CT', 'C8']
name: b11902085, hole_card: ['DT', 'S5']
"b11902085" declared "raise:730"
name: b10902017, hole_card: ['CT', 'C8']
name: b11902085, hole_card: ['DT', 'S5']
"b10902017" declared "raise:766"
my hole cards : ['DT', 'S5']
my_hole_score =  3
money =  280
cur_pot_bet =  745
pot size =  1526
call amount =  766
esitmate win rate =  0.87
name: b10902017, hole_card: ['CT', 'C8']
name: b11902085, hole_card: ['DT', 'S5']
"b11902085" declared "raise:802"
name: b10902017, hole_card: ['CT', 'C8']
name: b11902085, hole_card: ['DT', 'S5']
"b10902017" declared "raise:838"
my hole cards : ['DT', 'S5']
my_hole_score =  3
money =  208
cur_pot_bet =  817
pot size =  1670
call amount =  838
esitmate win rate =  0.872
name: b10902017, hole_card: ['CT', 'C8']
name: b11902085, hole_card: ['DT', 'S5']
"b11902085" declared "raise:874"
name: b10902017, hole_card: ['CT', 'C8']
name: b11902085, hole_card: ['DT', 'S5']
"b10902017" declared "raise:910"
my hole cards : ['DT', 'S5']
my_hole_score =  3
money =  136
cur_pot_bet =  889
pot size =  1814
call amount =  910
esitmate win rate =  0.88
name: b10902017, hole_card: ['CT', 'C8']
name: b11902085, hole_card: ['DT', 'S5']
"b11902085" declared "raise:946"
name: b10902017, hole_card: ['CT', 'C8']
name: b11902085, hole_card: ['DT', 'S5']
"b10902017" declared "call:946"
Street "turn" started. (community card = ['C5', 'D8', 'HT', 'H7'])
my hole cards : ['DT', 'S5']
my_hole_score =  3
money =  64
cur_pot_bet =  961
pot size =  1922
call amount =  0
esitmate win rate =  0.829
name: b10902017, hole_card: ['CT', 'C8']
name: b11902085, hole_card: ['DT', 'S5']
"b11902085" declared "raise:10"
name: b10902017, hole_card: ['CT', 'C8']
name: b11902085, hole_card: ['DT', 'S5']
"b10902017" declared "call:10"
Street "river" started. (community card = ['C5', 'D8', 'HT', 'H7', 'CA'])
my hole cards : ['DT', 'S5']
my_hole_score =  3
money =  54
cur_pot_bet =  971
pot size =  1942
call amount =  0
esitmate win rate =  0.892
name: b10902017, hole_card: ['CT', 'C8']
name: b11902085, hole_card: ['DT', 'S5']
"b11902085" declared "raise:10"
name: b10902017, hole_card: ['CT', 'C8']
name: b11902085, hole_card: ['DT', 'S5']
"b10902017" declared "call:10"
"['b10902017']" won the round 3 (stack = {'b10902017': 1950, 'b11902085': 50})
community cards of this round: ['HA', 'S9', 'H5', 'CJ', 'C9']
name: b10902017, hole_card: ['H6', 'SK']
name: b11902085, hole_card: ['CT', 'HT']
Started the round 4
Street "preflop" started. (community card = [])
name: b10902017, hole_card: ['H6', 'SK']
name: b11902085, hole_card: ['CT', 'HT']
"b10902017" declared "fold:0"
"['b11902085']" won the round 4 (stack = {'b10902017': 1945, 'b11902085': 55})
community cards of this round: ['DK', 'HJ', 'H7', 'CT', 'H2']
name: b10902017, hole_card: ['CA', 'C3']
name: b11902085, hole_card: ['SJ', 'SQ']
Started the round 5
Street "preflop" started. (community card = [])
my hole cards : ['SJ', 'SQ']
my_hole_score =  28
money =  50
cur_pot_bet =  5
pot size =  15
call amount =  10
esitmate win rate =  0.619
name: b10902017, hole_card: ['CA', 'C3']
name: b11902085, hole_card: ['SJ', 'SQ']
"b11902085" declared "raise:15"
name: b10902017, hole_card: ['CA', 'C3']
name: b11902085, hole_card: ['SJ', 'SQ']
"b10902017" declared "fold:0"
"['b11902085']" won the round 5 (stack = {'b10902017': 1935, 'b11902085': 65})
community cards of this round: ['C5', 'D3', 'SK', 'C8', 'H5']
name: b10902017, hole_card: ['HK', 'CJ']
name: b11902085, hole_card: ['H3', 'HQ']
Started the round 6
Street "preflop" started. (community card = [])
name: b10902017, hole_card: ['HK', 'CJ']
name: b11902085, hole_card: ['H3', 'HQ']
"b10902017" declared "fold:0"
"['b11902085']" won the round 6 (stack = {'b10902017': 1930, 'b11902085': 70})
community cards of this round: ['H4', 'S5', 'SA', 'C4', 'HQ']
name: b10902017, hole_card: ['C2', 'HJ']
name: b11902085, hole_card: ['S6', 'D4']
Started the round 7
Street "preflop" started. (community card = [])
my hole cards : ['S6', 'D4']
my_hole_score =  9
money =  65
cur_pot_bet =  5
pot size =  15
call amount =  10
esitmate win rate =  0.394
name: b10902017, hole_card: ['C2', 'HJ']
name: b11902085, hole_card: ['S6', 'D4']
"b11902085" declared "raise:15"
name: b10902017, hole_card: ['C2', 'HJ']
name: b11902085, hole_card: ['S6', 'D4']
"b10902017" declared "fold:0"
"['b11902085']" won the round 7 (stack = {'b10902017': 1920, 'b11902085': 80})
community cards of this round: ['D7', 'C2', 'S5', 'H8', 'SJ']
name: b10902017, hole_card: ['CA', 'H5']
name: b11902085, hole_card: ['H7', 'DA']
Started the round 8
Street "preflop" started. (community card = [])
name: b10902017, hole_card: ['CA', 'H5']
name: b11902085, hole_card: ['H7', 'DA']
"b10902017" declared "fold:0"
"['b11902085']" won the round 8 (stack = {'b10902017': 1915, 'b11902085': 85})
community cards of this round: ['C6', 'D8', 'C9', 'D6', 'CK']
name: b10902017, hole_card: ['S9', 'D9']
name: b11902085, hole_card: ['S4', 'H5']
Started the round 9
Street "preflop" started. (community card = [])
my hole cards : ['S4', 'H5']
my_hole_score =  11
money =  80
cur_pot_bet =  5
pot size =  15
call amount =  10
esitmate win rate =  0.358
name: b10902017, hole_card: ['S9', 'D9']
name: b11902085, hole_card: ['S4', 'H5']
"b11902085" declared "raise:15"
name: b10902017, hole_card: ['S9', 'D9']
name: b11902085, hole_card: ['S4', 'H5']
"b10902017" declared "fold:0"
"['b11902085']" won the round 9 (stack = {'b10902017': 1905, 'b11902085': 95})
community cards of this round: ['D2', 'H6', 'SQ', 'D9', 'HT']
name: b10902017, hole_card: ['H4', 'S5']
name: b11902085, hole_card: ['DA', 'HJ']
Started the round 10
Street "preflop" started. (community card = [])
name: b10902017, hole_card: ['H4', 'S5']
name: b11902085, hole_card: ['DA', 'HJ']
"b10902017" declared "fold:0"
"['b11902085']" won the round 10 (stack = {'b10902017': 1900, 'b11902085': 100})
community cards of this round: ['DQ', 'HJ', 'CK', 'D7', 'ST']
name: b10902017, hole_card: ['S3', 'HA']
name: b11902085, hole_card: ['C5', 'H7']
Started the round 11
Street "preflop" started. (community card = [])
my hole cards : ['C5', 'H7']
my_hole_score =  10
money =  95
cur_pot_bet =  5
pot size =  15
call amount =  10
esitmate win rate =  0.43
name: b10902017, hole_card: ['S3', 'HA']
name: b11902085, hole_card: ['C5', 'H7']
"b11902085" declared "raise:15"
name: b10902017, hole_card: ['S3', 'HA']
name: b11902085, hole_card: ['C5', 'H7']
"b10902017" declared "fold:0"
"['b11902085']" won the round 11 (stack = {'b10902017': 1890, 'b11902085': 110})
community cards of this round: ['CJ', 'C6', 'C4', 'CQ', 'S9']
name: b10902017, hole_card: ['HA', 'SK']
name: b11902085, hole_card: ['ST', 'H3']
Started the round 12
Street "preflop" started. (community card = [])
name: b10902017, hole_card: ['HA', 'SK']
name: b11902085, hole_card: ['ST', 'H3']
"b10902017" declared "fold:0"
"['b11902085']" won the round 12 (stack = {'b10902017': 1885, 'b11902085': 115})
community cards of this round: ['CK', 'S9', 'HT', 'HK', 'CJ']
name: b10902017, hole_card: ['C7', 'DJ']
name: b11902085, hole_card: ['C5', 'D4']
Started the round 13
Street "preflop" started. (community card = [])
my hole cards : ['C5', 'D4']
my_hole_score =  11
money =  110
cur_pot_bet =  5
pot size =  15
call amount =  10
esitmate win rate =  0.354
name: b10902017, hole_card: ['C7', 'DJ']
name: b11902085, hole_card: ['C5', 'D4']
"b11902085" declared "raise:15"
name: b10902017, hole_card: ['C7', 'DJ']
name: b11902085, hole_card: ['C5', 'D4']
"b10902017" declared "fold:0"
"['b11902085']" won the round 13 (stack = {'b10902017': 1875, 'b11902085': 125})
community cards of this round: ['S4', 'SA', 'D9', 'S5', 'DJ']
name: b10902017, hole_card: ['SJ', 'S2']
name: b11902085, hole_card: ['H5', 'CJ']
Started the round 14
Street "preflop" started. (community card = [])
name: b10902017, hole_card: ['SJ', 'S2']
name: b11902085, hole_card: ['H5', 'CJ']
"b10902017" declared "fold:0"
"['b11902085']" won the round 14 (stack = {'b10902017': 1870, 'b11902085': 130})
community cards of this round: ['ST', 'C9', 'HJ', 'DA', 'C8']
name: b10902017, hole_card: ['CJ', 'H8']
name: b11902085, hole_card: ['H4', 'S3']
Started the round 15
Street "preflop" started. (community card = [])
my hole cards : ['H4', 'S3']
my_hole_score =  7
money =  125
cur_pot_bet =  5
pot size =  15
call amount =  10
esitmate win rate =  0.301
name: b10902017, hole_card: ['CJ', 'H8']
name: b11902085, hole_card: ['H4', 'S3']
"b11902085" declared "raise:15"
name: b10902017, hole_card: ['CJ', 'H8']
name: b11902085, hole_card: ['H4', 'S3']
"b10902017" declared "fold:0"
"['b11902085']" won the round 15 (stack = {'b10902017': 1860, 'b11902085': 140})
community cards of this round: ['D2', 'DQ', 'SK', 'D3', 'CA']
name: b10902017, hole_card: ['ST', 'H7']
name: b11902085, hole_card: ['D4', 'C8']
Started the round 16
Street "preflop" started. (community card = [])
name: b10902017, hole_card: ['ST', 'H7']
name: b11902085, hole_card: ['D4', 'C8']
"b10902017" declared "fold:0"
"['b11902085']" won the round 16 (stack = {'b10902017': 1855, 'b11902085': 145})
community cards of this round: ['C3', 'D7', 'S6', 'DA', 'H6']
name: b10902017, hole_card: ['CT', 'DT']
name: b11902085, hole_card: ['SK', 'S3']
Started the round 17
Street "preflop" started. (community card = [])
my hole cards : ['SK', 'S3']
my_hole_score =  22
money =  140
cur_pot_bet =  5
pot size =  15
call amount =  10
esitmate win rate =  0.535
name: b10902017, hole_card: ['CT', 'DT']
name: b11902085, hole_card: ['SK', 'S3']
"b11902085" declared "raise:15"
name: b10902017, hole_card: ['CT', 'DT']
name: b11902085, hole_card: ['SK', 'S3']
"b10902017" declared "fold:0"
"['b11902085']" won the round 17 (stack = {'b10902017': 1845, 'b11902085': 155})
community cards of this round: ['H2', 'C7', 'DA', 'C4', 'H6']
name: b10902017, hole_card: ['DQ', 'S3']
name: b11902085, hole_card: ['CT', 'D9']
Started the round 18
Street "preflop" started. (community card = [])
name: b10902017, hole_card: ['DQ', 'S3']
name: b11902085, hole_card: ['CT', 'D9']
"b10902017" declared "fold:0"
"['b11902085']" won the round 18 (stack = {'b10902017': 1840, 'b11902085': 160})
community cards of this round: ['S7', 'CJ', 'S3', 'ST', 'DQ']
name: b10902017, hole_card: ['SK', 'S6']
name: b11902085, hole_card: ['D5', 'DA']
Started the round 19
Street "preflop" started. (community card = [])
my hole cards : ['D5', 'DA']
my_hole_score =  28
money =  155
cur_pot_bet =  5
pot size =  15
call amount =  10
esitmate win rate =  0.59
name: b10902017, hole_card: ['SK', 'S6']
name: b11902085, hole_card: ['D5', 'DA']
"b11902085" declared "raise:15"
name: b10902017, hole_card: ['SK', 'S6']
name: b11902085, hole_card: ['D5', 'DA']
"b10902017" declared "fold:0"
"['b11902085']" won the round 19 (stack = {'b10902017': 1830, 'b11902085': 170})
community cards of this round: ['S7', 'HK', 'SA', 'DA', 'C9']
name: b10902017, hole_card: ['H7', 'S4']
name: b11902085, hole_card: ['C8', 'ST']
Started the round 20
Street "preflop" started. (community card = [])
name: b10902017, hole_card: ['H7', 'S4']
name: b11902085, hole_card: ['C8', 'ST']
"b10902017" declared "fold:0"
"['b11902085']" won the round 20 (stack = {'b10902017': 1825, 'b11902085': 175})
b11902085 vs b10902017 - Game 3: {'rule': {'initial_stack': 1000, 'max_round': 20, 'small_blind_amount': 5, 'ante': 0, 'blind_structure': {}}, 'players': [{'name': 'b10902017', 'uuid': 'gkcbcqutujdlxnwmqdqmld', 'stack': 1825, 'state': 'participating'}, {'name': 'b11902085', 'uuid': 'bhdjlqijzxsrkfvbumxokp', 'stack': 175, 'state': 'participating'}]}
community cards of this round: ['SA', 'CK', 'S2', 'H4', 'C5']
name: b11902085, hole_card: ['S9', 'DT']
name: b10902017, hole_card: ['C8', 'C9']
Started the round 1
Street "preflop" started. (community card = [])
name: b11902085, hole_card: ['S9', 'DT']
name: b10902017, hole_card: ['C8', 'C9']
"b10902017" declared "call:10"
my hole cards : ['S9', 'DT']
my_hole_score =  21
money =  990
cur_pot_bet =  10
pot size =  20
call amount =  10
esitmate win rate =  0.526
name: b11902085, hole_card: ['S9', 'DT']
name: b10902017, hole_card: ['C8', 'C9']
"b11902085" declared "raise:15"
name: b11902085, hole_card: ['S9', 'DT']
name: b10902017, hole_card: ['C8', 'C9']
"b10902017" declared "call:15"
Street "flop" started. (community card = ['SA', 'CK', 'S2'])
name: b11902085, hole_card: ['S9', 'DT']
name: b10902017, hole_card: ['C8', 'C9']
"b10902017" declared "call:0"
my hole cards : ['S9', 'DT']
my_hole_score =  21
money =  985
cur_pot_bet =  15
pot size =  30
call amount =  0
esitmate win rate =  0.397
name: b11902085, hole_card: ['S9', 'DT']
name: b10902017, hole_card: ['C8', 'C9']
"b11902085" declared "raise:10"
name: b11902085, hole_card: ['S9', 'DT']
name: b10902017, hole_card: ['C8', 'C9']
"b10902017" declared "fold:0"
"['b11902085']" won the round 1 (stack = {'b11902085': 1015, 'b10902017': 985})
community cards of this round: ['S4', 'C7', 'H8', 'C2', 'HK']
name: b11902085, hole_card: ['C8', 'C6']
name: b10902017, hole_card: ['H2', 'SK']
Started the round 2
Street "preflop" started. (community card = [])
my hole cards : ['C8', 'C6']
my_hole_score =  22
money =  1010
cur_pot_bet =  5
pot size =  15
call amount =  10
esitmate win rate =  0.458
name: b11902085, hole_card: ['C8', 'C6']
name: b10902017, hole_card: ['H2', 'SK']
"b11902085" declared "raise:15"
name: b11902085, hole_card: ['C8', 'C6']
name: b10902017, hole_card: ['H2', 'SK']
"b10902017" declared "call:15"
Street "flop" started. (community card = ['S4', 'C7', 'H8'])
my hole cards : ['C8', 'C6']
my_hole_score =  22
money =  1000
cur_pot_bet =  15
pot size =  30
call amount =  0
esitmate win rate =  0.747
name: b11902085, hole_card: ['C8', 'C6']
name: b10902017, hole_card: ['H2', 'SK']
"b11902085" declared "raise:10"
name: b11902085, hole_card: ['C8', 'C6']
name: b10902017, hole_card: ['H2', 'SK']
"b10902017" declared "fold:0"
"['b11902085']" won the round 2 (stack = {'b11902085': 1030, 'b10902017': 970})
community cards of this round: ['C5', 'D8', 'HT', 'H7', 'CA']
name: b11902085, hole_card: ['CT', 'C8']
name: b10902017, hole_card: ['DT', 'S5']
Started the round 3
Street "preflop" started. (community card = [])
name: b11902085, hole_card: ['CT', 'C8']
name: b10902017, hole_card: ['DT', 'S5']
"b10902017" declared "call:10"
my hole cards : ['CT', 'C8']
my_hole_score =  25
money =  1020
cur_pot_bet =  10
pot size =  20
call amount =  10
esitmate win rate =  0.537
name: b11902085, hole_card: ['CT', 'C8']
name: b10902017, hole_card: ['DT', 'S5']
"b11902085" declared "raise:15"
name: b11902085, hole_card: ['CT', 'C8']
name: b10902017, hole_card: ['DT', 'S5']
"b10902017" declared "call:15"
Street "flop" started. (community card = ['C5', 'D8', 'HT'])
name: b11902085, hole_card: ['CT', 'C8']
name: b10902017, hole_card: ['DT', 'S5']
"b10902017" declared "raise:45"
my hole cards : ['CT', 'C8']
my_hole_score =  25
money =  1015
cur_pot_bet =  15
pot size =  75
call amount =  45
esitmate win rate =  0.895
name: b11902085, hole_card: ['CT', 'C8']
name: b10902017, hole_card: ['DT', 'S5']
"b11902085" declared "raise:1015"
name: b11902085, hole_card: ['CT', 'C8']
name: b10902017, hole_card: ['DT', 'S5']
"b10902017" declared "call:1015"
Street "turn" started. (community card = ['C5', 'D8', 'HT', 'H7'])
Street "river" started. (community card = ['C5', 'D8', 'HT', 'H7', 'CA'])
"['b11902085']" won the round 3 (stack = {'b11902085': 2000, 'b10902017': 0})
b11902085 vs b10902017 - Game 4: {'rule': {'initial_stack': 1000, 'max_round': 20, 'small_blind_amount': 5, 'ante': 0, 'blind_structure': {}}, 'players': [{'name': 'b11902085', 'uuid': 'eggddszllmayhbgfqstrqc', 'stack': 2000, 'state': 'participating'}, {'name': 'b10902017', 'uuid': 'najciaocytmkcisvtedtrk', 'stack': 0, 'state': 'folded'}]}
community cards of this round: ['H8', 'S7', 'HJ', 'H5', 'CK']
name: b10902017, hole_card: ['H9', 'S3']
name: b11902085, hole_card: ['CT', 'HT']
Started the round 1
Street "preflop" started. (community card = [])
my hole cards : ['CT', 'HT']
my_hole_score =  29
money =  995
cur_pot_bet =  5
pot size =  15
call amount =  10
esitmate win rate =  0.739
name: b10902017, hole_card: ['H9', 'S3']
name: b11902085, hole_card: ['CT', 'HT']
"b11902085" declared "raise:15"
name: b10902017, hole_card: ['H9', 'S3']
name: b11902085, hole_card: ['CT', 'HT']
"b10902017" declared "fold:0"
"['b11902085']" won the round 1 (stack = {'b10902017': 990, 'b11902085': 1010})
community cards of this round: ['H6', 'H8', 'S5', 'SA', 'H3']
name: b10902017, hole_card: ['C2', 'DT']
name: b11902085, hole_card: ['D9', 'C4']
Started the round 2
Street "preflop" started. (community card = [])
name: b10902017, hole_card: ['C2', 'DT']
name: b11902085, hole_card: ['D9', 'C4']
"b10902017" declared "fold:0"
"['b11902085']" won the round 2 (stack = {'b10902017': 985, 'b11902085': 1015})
community cards of this round: ['HT', 'DK', 'CT', 'CA', 'HQ']
name: b10902017, hole_card: ['SK', 'H4']
name: b11902085, hole_card: ['S5', 'D3']
Started the round 3
Street "preflop" started. (community card = [])
my hole cards : ['S5', 'D3']
my_hole_score =  8
money =  1010
cur_pot_bet =  5
pot size =  15
call amount =  10
esitmate win rate =  0.348
name: b10902017, hole_card: ['SK', 'H4']
name: b11902085, hole_card: ['S5', 'D3']
"b11902085" declared "raise:15"
name: b10902017, hole_card: ['SK', 'H4']
name: b11902085, hole_card: ['S5', 'D3']
"b10902017" declared "call:15"
Street "flop" started. (community card = ['HT', 'DK', 'CT'])
my hole cards : ['S5', 'D3']
my_hole_score =  8
money =  1000
cur_pot_bet =  15
pot size =  30
call amount =  0
esitmate win rate =  0.179
name: b10902017, hole_card: ['SK', 'H4']
name: b11902085, hole_card: ['S5', 'D3']
"b11902085" declared "raise:10"
name: b10902017, hole_card: ['SK', 'H4']
name: b11902085, hole_card: ['S5', 'D3']
"b10902017" declared "raise:43"
my hole cards : ['S5', 'D3']
my_hole_score =  8
money =  990
cur_pot_bet =  25
pot size =  83
call amount =  43
esitmate win rate =  0.182
name: b10902017, hole_card: ['SK', 'H4']
name: b11902085, hole_card: ['S5', 'D3']
"b11902085" declared "fold:0"
"['b10902017']" won the round 3 (stack = {'b10902017': 1010, 'b11902085': 990})
community cards of this round: ['SJ', 'HT', 'D6', 'SK', 'S4']
name: b10902017, hole_card: ['DT', 'S9']
name: b11902085, hole_card: ['CT', 'HQ']
Started the round 4
Street "preflop" started. (community card = [])
name: b10902017, hole_card: ['DT', 'S9']
name: b11902085, hole_card: ['CT', 'HQ']
"b10902017" declared "call:10"
my hole cards : ['CT', 'HQ']
my_hole_score =  23
money =  980
cur_pot_bet =  10
pot size =  20
call amount =  10
esitmate win rate =  0.578
name: b10902017, hole_card: ['DT', 'S9']
name: b11902085, hole_card: ['CT', 'HQ']
"b11902085" declared "raise:15"
name: b10902017, hole_card: ['DT', 'S9']
name: b11902085, hole_card: ['CT', 'HQ']
"b10902017" declared "call:15"
Street "flop" started. (community card = ['SJ', 'HT', 'D6'])
name: b10902017, hole_card: ['DT', 'S9']
name: b11902085, hole_card: ['CT', 'HQ']
"b10902017" declared "raise:43"
my hole cards : ['CT', 'HQ']
my_hole_score =  23
money =  975
cur_pot_bet =  15
pot size =  73
call amount =  43
esitmate win rate =  0.768
name: b10902017, hole_card: ['DT', 'S9']
name: b11902085, hole_card: ['CT', 'HQ']
"b11902085" declared "raise:86"
name: b10902017, hole_card: ['DT', 'S9']
name: b11902085, hole_card: ['CT', 'HQ']
"b10902017" declared "raise:129"
my hole cards : ['CT', 'HQ']
my_hole_score =  23
money =  889
cur_pot_bet =  101
pot size =  245
call amount =  129
esitmate win rate =  0.792
name: b10902017, hole_card: ['DT', 'S9']
name: b11902085, hole_card: ['CT', 'HQ']
"b11902085" declared "fold:0"
"['b10902017']" won the round 4 (stack = {'b10902017': 1111, 'b11902085': 889})
community cards of this round: ['D6', 'HK', 'CT', 'S9', 'CQ']
name: b10902017, hole_card: ['H2', 'SQ']
name: b11902085, hole_card: ['CA', 'D7']
Started the round 5
Street "preflop" started. (community card = [])
my hole cards : ['CA', 'D7']
my_hole_score =  18
money =  884
cur_pot_bet =  5
pot size =  15
call amount =  10
esitmate win rate =  0.6
name: b10902017, hole_card: ['H2', 'SQ']
name: b11902085, hole_card: ['CA', 'D7']
"b11902085" declared "raise:15"
name: b10902017, hole_card: ['H2', 'SQ']
name: b11902085, hole_card: ['CA', 'D7']
"b10902017" declared "fold:0"
"['b11902085']" won the round 5 (stack = {'b10902017': 1101, 'b11902085': 899})
community cards of this round: ['DK', 'HQ', 'S6', 'D7', 'S3']
name: b10902017, hole_card: ['H2', 'H4']
name: b11902085, hole_card: ['S5', 'D4']
Started the round 6
Street "preflop" started. (community card = [])
name: b10902017, hole_card: ['H2', 'H4']
name: b11902085, hole_card: ['S5', 'D4']
"b10902017" declared "fold:0"
"['b11902085']" won the round 6 (stack = {'b10902017': 1096, 'b11902085': 904})
community cards of this round: ['S7', 'H6', 'D9', 'S6', 'SA']
name: b10902017, hole_card: ['C4', 'CJ']
name: b11902085, hole_card: ['C9', 'S8']
Started the round 7
Street "preflop" started. (community card = [])
my hole cards : ['C9', 'S8']
my_hole_score =  17
money =  899
cur_pot_bet =  5
pot size =  15
call amount =  10
esitmate win rate =  0.485
name: b10902017, hole_card: ['C4', 'CJ']
name: b11902085, hole_card: ['C9', 'S8']
"b11902085" declared "raise:15"
name: b10902017, hole_card: ['C4', 'CJ']
name: b11902085, hole_card: ['C9', 'S8']
"b10902017" declared "call:15"
Street "flop" started. (community card = ['S7', 'H6', 'D9'])
my hole cards : ['C9', 'S8']
my_hole_score =  17
money =  889
cur_pot_bet =  15
pot size =  30
call amount =  0
esitmate win rate =  0.782
name: b10902017, hole_card: ['C4', 'CJ']
name: b11902085, hole_card: ['C9', 'S8']
"b11902085" declared "raise:10"
name: b10902017, hole_card: ['C4', 'CJ']
name: b11902085, hole_card: ['C9', 'S8']
"b10902017" declared "fold:0"
"['b11902085']" won the round 7 (stack = {'b10902017': 1081, 'b11902085': 919})
community cards of this round: ['C8', 'H7', 'HT', 'SK', 'H8']
name: b10902017, hole_card: ['DQ', 'SQ']
name: b11902085, hole_card: ['H4', 'DA']
Started the round 8
Street "preflop" started. (community card = [])
name: b10902017, hole_card: ['DQ', 'SQ']
name: b11902085, hole_card: ['H4', 'DA']
"b10902017" declared "raise:50"
my hole cards : ['H4', 'DA']
my_hole_score =  26
money =  909
cur_pot_bet =  10
pot size =  60
call amount =  50
esitmate win rate =  0.573
name: b10902017, hole_card: ['DQ', 'SQ']
name: b11902085, hole_card: ['H4', 'DA']
"b11902085" declared "raise:90"
name: b10902017, hole_card: ['DQ', 'SQ']
name: b11902085, hole_card: ['H4', 'DA']
"b10902017" declared "raise:130"
my hole cards : ['H4', 'DA']
my_hole_score =  26
money =  829
cur_pot_bet =  90
pot size =  220
call amount =  130
esitmate win rate =  0.568
name: b10902017, hole_card: ['DQ', 'SQ']
name: b11902085, hole_card: ['H4', 'DA']
"b11902085" declared "raise:170"
name: b10902017, hole_card: ['DQ', 'SQ']
name: b11902085, hole_card: ['H4', 'DA']
"b10902017" declared "raise:210"
my hole cards : ['H4', 'DA']
my_hole_score =  26
money =  749
cur_pot_bet =  170
pot size =  380
call amount =  210
esitmate win rate =  0.568
name: b10902017, hole_card: ['DQ', 'SQ']
name: b11902085, hole_card: ['H4', 'DA']
"b11902085" declared "raise:250"
name: b10902017, hole_card: ['DQ', 'SQ']
name: b11902085, hole_card: ['H4', 'DA']
"b10902017" declared "raise:290"
my hole cards : ['H4', 'DA']
my_hole_score =  26
money =  669
cur_pot_bet =  250
pot size =  540
call amount =  290
esitmate win rate =  0.569
name: b10902017, hole_card: ['DQ', 'SQ']
name: b11902085, hole_card: ['H4', 'DA']
"b11902085" declared "raise:330"
name: b10902017, hole_card: ['DQ', 'SQ']
name: b11902085, hole_card: ['H4', 'DA']
"b10902017" declared "raise:370"
my hole cards : ['H4', 'DA']
my_hole_score =  26
money =  589
cur_pot_bet =  330
pot size =  700
call amount =  370
esitmate win rate =  0.561
name: b10902017, hole_card: ['DQ', 'SQ']
name: b11902085, hole_card: ['H4', 'DA']
"b11902085" declared "raise:410"
name: b10902017, hole_card: ['DQ', 'SQ']
name: b11902085, hole_card: ['H4', 'DA']
"b10902017" declared "raise:450"
my hole cards : ['H4', 'DA']
my_hole_score =  26
money =  509
cur_pot_bet =  410
pot size =  860
call amount =  450
esitmate win rate =  0.549
name: b10902017, hole_card: ['DQ', 'SQ']
name: b11902085, hole_card: ['H4', 'DA']
"b11902085" declared "raise:490"
name: b10902017, hole_card: ['DQ', 'SQ']
name: b11902085, hole_card: ['H4', 'DA']
"b10902017" declared "raise:530"
my hole cards : ['H4', 'DA']
my_hole_score =  26
money =  429
cur_pot_bet =  490
pot size =  1020
call amount =  530
esitmate win rate =  0.554
name: b10902017, hole_card: ['DQ', 'SQ']
name: b11902085, hole_card: ['H4', 'DA']
"b11902085" declared "raise:570"
name: b10902017, hole_card: ['DQ', 'SQ']
name: b11902085, hole_card: ['H4', 'DA']
"b10902017" declared "raise:610"
my hole cards : ['H4', 'DA']
my_hole_score =  26
money =  349
cur_pot_bet =  570
pot size =  1180
call amount =  610
esitmate win rate =  0.593
name: b10902017, hole_card: ['DQ', 'SQ']
name: b11902085, hole_card: ['H4', 'DA']
"b11902085" declared "raise:650"
name: b10902017, hole_card: ['DQ', 'SQ']
name: b11902085, hole_card: ['H4', 'DA']
"b10902017" declared "raise:690"
my hole cards : ['H4', 'DA']
my_hole_score =  26
money =  269
cur_pot_bet =  650
pot size =  1340
call amount =  690
esitmate win rate =  0.58
name: b10902017, hole_card: ['DQ', 'SQ']
name: b11902085, hole_card: ['H4', 'DA']
"b11902085" declared "raise:730"
name: b10902017, hole_card: ['DQ', 'SQ']
name: b11902085, hole_card: ['H4', 'DA']
"b10902017" declared "raise:770"
my hole cards : ['H4', 'DA']
my_hole_score =  26
money =  189
cur_pot_bet =  730
pot size =  1500
call amount =  770
esitmate win rate =  0.576
name: b10902017, hole_card: ['DQ', 'SQ']
name: b11902085, hole_card: ['H4', 'DA']
"b11902085" declared "raise:810"
name: b10902017, hole_card: ['DQ', 'SQ']
name: b11902085, hole_card: ['H4', 'DA']
"b10902017" declared "raise:850"
my hole cards : ['H4', 'DA']
my_hole_score =  26
money =  109
cur_pot_bet =  810
pot size =  1660
call amount =  850
esitmate win rate =  0.567
name: b10902017, hole_card: ['DQ', 'SQ']
name: b11902085, hole_card: ['H4', 'DA']
"b11902085" declared "raise:890"
name: b10902017, hole_card: ['DQ', 'SQ']
name: b11902085, hole_card: ['H4', 'DA']
"b10902017" declared "raise:930"
my hole cards : ['H4', 'DA']
my_hole_score =  26
money =  29
cur_pot_bet =  890
pot size =  1820
call amount =  930
esitmate win rate =  0.524
name: b10902017, hole_card: ['DQ', 'SQ']
name: b11902085, hole_card: ['H4', 'DA']
"b11902085" declared "call:930"
Street "flop" started. (community card = ['C8', 'H7', 'HT'])
Street "turn" started. (community card = ['C8', 'H7', 'HT', 'SK'])
Street "river" started. (community card = ['C8', 'H7', 'HT', 'SK', 'H8'])
"['b10902017']" won the round 8 (stack = {'b10902017': 2000, 'b11902085': 0})
b11902085 vs b10902017 - Game 5: {'rule': {'initial_stack': 1000, 'max_round': 20, 'small_blind_amount': 5, 'ante': 0, 'blind_structure': {}}, 'players': [{'name': 'b10902017', 'uuid': 'wibqeluhqhkeexuqrqstzs', 'stack': 2000, 'state': 'participating'}, {'name': 'b11902085', 'uuid': 'elhrpwxplvkbdqaxirglpq', 'stack': 0, 'state': 'folded'}]}
Final Result: b11902085 won 2 games (stack: 3491), b10902017 won 3 games (stack: 6509), num ties: 0
