community cards of this round: ['C4', 'D4', 'D8', 'C8', 'C5']
name: b10401008, hole_card: ['HJ', 'H7']
name: b11902114, hole_card: ['HT', 'DJ']
Started the round 1
Street "preflop" started. (community card = [])
name: b10401008, hole_card: ['HJ', 'H7']
name: b11902114, hole_card: ['HT', 'DJ']
"b11902114" declared "raise:25"
name: b10401008, hole_card: ['HJ', 'H7']
name: b11902114, hole_card: ['HT', 'DJ']
"b10401008" declared "call:25"
Street "flop" started. (community card = ['C4', 'D4', 'D8'])
name: b10401008, hole_card: ['HJ', 'H7']
name: b11902114, hole_card: ['HT', 'DJ']
"b11902114" declared "call:0"
name: b10401008, hole_card: ['HJ', 'H7']
name: b11902114, hole_card: ['HT', 'DJ']
"b10401008" declared "call:0"
Street "turn" started. (community card = ['C4', 'D4', 'D8', 'C8'])
name: b10401008, hole_card: ['HJ', 'H7']
name: b11902114, hole_card: ['HT', 'DJ']
"b11902114" declared "call:0"
name: b10401008, hole_card: ['HJ', 'H7']
name: b11902114, hole_card: ['HT', 'DJ']
"b10401008" declared "raise:20"
name: b10401008, hole_card: ['HJ', 'H7']
name: b11902114, hole_card: ['HT', 'DJ']
"b11902114" declared "fold:0"
"['b10401008']" won the round 1 (stack = {'b10401008': 1025, 'b11902114': 975})
community cards of this round: ['ST', 'C6', 'DA', 'CJ', 'S6']
name: b10401008, hole_card: ['HQ', 'SJ']
name: b11902114, hole_card: ['DT', 'SQ']
Started the round 2
Street "preflop" started. (community card = [])
name: b10401008, hole_card: ['HQ', 'SJ']
name: b11902114, hole_card: ['DT', 'SQ']
"b10401008" declared "call:10"
name: b10401008, hole_card: ['HQ', 'SJ']
name: b11902114, hole_card: ['DT', 'SQ']
"b11902114" declared "raise:25"
name: b10401008, hole_card: ['HQ', 'SJ']
name: b11902114, hole_card: ['DT', 'SQ']
"b10401008" declared "call:25"
Street "flop" started. (community card = ['ST', 'C6', 'DA'])
name: b10401008, hole_card: ['HQ', 'SJ']
name: b11902114, hole_card: ['DT', 'SQ']
"b10401008" declared "call:0"
name: b10401008, hole_card: ['HQ', 'SJ']
name: b11902114, hole_card: ['DT', 'SQ']
"b11902114" declared "call:0"
Street "turn" started. (community card = ['ST', 'C6', 'DA', 'CJ'])
name: b10401008, hole_card: ['HQ', 'SJ']
name: b11902114, hole_card: ['DT', 'SQ']
"b10401008" declared "raise:50"
name: b10401008, hole_card: ['HQ', 'SJ']
name: b11902114, hole_card: ['DT', 'SQ']
"b11902114" declared "fold:0"
"['b10401008']" won the round 2 (stack = {'b10401008': 1050, 'b11902114': 950})
community cards of this round: ['HQ', 'D5', 'CK', 'C4', 'D7']
name: b10401008, hole_card: ['C2', 'CA']
name: b11902114, hole_card: ['HJ', 'D2']
Started the round 3
Street "preflop" started. (community card = [])
name: b10401008, hole_card: ['C2', 'CA']
name: b11902114, hole_card: ['HJ', 'D2']
"b11902114" declared "fold:0"
"['b10401008']" won the round 3 (stack = {'b10401008': 1055, 'b11902114': 945})
community cards of this round: ['S2', 'SK', 'H3', 'D8', 'H5']
name: b10401008, hole_card: ['H4', 'HT']
name: b11902114, hole_card: ['D7', 'CT']
Started the round 4
Street "preflop" started. (community card = [])
name: b10401008, hole_card: ['H4', 'HT']
name: b11902114, hole_card: ['D7', 'CT']
"b10401008" declared "call:10"
name: b10401008, hole_card: ['H4', 'HT']
name: b11902114, hole_card: ['D7', 'CT']
"b11902114" declared "call:10"
Street "flop" started. (community card = ['S2', 'SK', 'H3'])
name: b10401008, hole_card: ['H4', 'HT']
name: b11902114, hole_card: ['D7', 'CT']
"b10401008" declared "call:0"
name: b10401008, hole_card: ['H4', 'HT']
name: b11902114, hole_card: ['D7', 'CT']
"b11902114" declared "call:0"
Street "turn" started. (community card = ['S2', 'SK', 'H3', 'D8'])
name: b10401008, hole_card: ['H4', 'HT']
name: b11902114, hole_card: ['D7', 'CT']
"b10401008" declared "call:0"
name: b10401008, hole_card: ['H4', 'HT']
name: b11902114, hole_card: ['D7', 'CT']
"b11902114" declared "call:0"
Street "river" started. (community card = ['S2', 'SK', 'H3', 'D8', 'H5'])
name: b10401008, hole_card: ['H4', 'HT']
name: b11902114, hole_card: ['D7', 'CT']
"b10401008" declared "call:0"
name: b10401008, hole_card: ['H4', 'HT']
name: b11902114, hole_card: ['D7', 'CT']
"b11902114" declared "call:0"
"['b11902114']" won the round 4 (stack = {'b10401008': 1045, 'b11902114': 955})
community cards of this round: ['HA', 'HJ', 'DQ', 'SK', 'C9']
name: b10401008, hole_card: ['SJ', 'C5']
name: b11902114, hole_card: ['H4', 'S5']
Started the round 5
Street "preflop" started. (community card = [])
name: b10401008, hole_card: ['SJ', 'C5']
name: b11902114, hole_card: ['H4', 'S5']
"b11902114" declared "fold:0"
"['b10401008']" won the round 5 (stack = {'b10401008': 1050, 'b11902114': 950})
community cards of this round: ['C3', 'H7', 'H9', 'HT', 'HQ']
name: b10401008, hole_card: ['HA', 'C9']
name: b11902114, hole_card: ['D7', 'DQ']
Started the round 6
Street "preflop" started. (community card = [])
name: b10401008, hole_card: ['HA', 'C9']
name: b11902114, hole_card: ['D7', 'DQ']
"b10401008" declared "raise:25"
name: b10401008, hole_card: ['HA', 'C9']
name: b11902114, hole_card: ['D7', 'DQ']
"b11902114" declared "fold:0"
"['b10401008']" won the round 6 (stack = {'b10401008': 1060, 'b11902114': 940})
community cards of this round: ['D4', 'D9', 'HQ', 'H8', 'CA']
name: b10401008, hole_card: ['S9', 'S4']
name: b11902114, hole_card: ['SA', 'CQ']
Started the round 7
Street "preflop" started. (community card = [])
name: b10401008, hole_card: ['S9', 'S4']
name: b11902114, hole_card: ['SA', 'CQ']
"b11902114" declared "raise:25"
name: b10401008, hole_card: ['S9', 'S4']
name: b11902114, hole_card: ['SA', 'CQ']
"b10401008" declared "call:25"
Street "flop" started. (community card = ['D4', 'D9', 'HQ'])
name: b10401008, hole_card: ['S9', 'S4']
name: b11902114, hole_card: ['SA', 'CQ']
"b11902114" declared "call:0"
name: b10401008, hole_card: ['S9', 'S4']
name: b11902114, hole_card: ['SA', 'CQ']
"b10401008" declared "raise:20"
name: b10401008, hole_card: ['S9', 'S4']
name: b11902114, hole_card: ['SA', 'CQ']
"b11902114" declared "fold:0"
"['b10401008']" won the round 7 (stack = {'b10401008': 1085, 'b11902114': 915})
community cards of this round: ['ST', 'CK', 'D6', 'S7', 'C5']
name: b10401008, hole_card: ['D2', 'DK']
name: b11902114, hole_card: ['CJ', 'HT']
Started the round 8
Street "preflop" started. (community card = [])
name: b10401008, hole_card: ['D2', 'DK']
name: b11902114, hole_card: ['CJ', 'HT']
"b10401008" declared "call:10"
name: b10401008, hole_card: ['D2', 'DK']
name: b11902114, hole_card: ['CJ', 'HT']
"b11902114" declared "raise:915"
name: b10401008, hole_card: ['D2', 'DK']
name: b11902114, hole_card: ['CJ', 'HT']
"b10401008" declared "fold:0"
"['b11902114']" won the round 8 (stack = {'b10401008': 1075, 'b11902114': 925})
community cards of this round: ['H9', 'D2', 'SK', 'DQ', 'D3']
name: b10401008, hole_card: ['H5', 'DT']
name: b11902114, hole_card: ['D5', 'C8']
Started the round 9
Street "preflop" started. (community card = [])
name: b10401008, hole_card: ['H5', 'DT']
name: b11902114, hole_card: ['D5', 'C8']
"b11902114" declared "raise:925"
name: b10401008, hole_card: ['H5', 'DT']
name: b11902114, hole_card: ['D5', 'C8']
"b10401008" declared "fold:0"
"['b11902114']" won the round 9 (stack = {'b10401008': 1065, 'b11902114': 935})
community cards of this round: ['C2', 'C9', 'D8', 'CK', 'DJ']
name: b10401008, hole_card: ['H5', 'H6']
name: b11902114, hole_card: ['S2', 'HA']
Started the round 10
Street "preflop" started. (community card = [])
name: b10401008, hole_card: ['H5', 'H6']
name: b11902114, hole_card: ['S2', 'HA']
"b10401008" declared "call:10"
name: b10401008, hole_card: ['H5', 'H6']
name: b11902114, hole_card: ['S2', 'HA']
"b11902114" declared "raise:935"
name: b10401008, hole_card: ['H5', 'H6']
name: b11902114, hole_card: ['S2', 'HA']
"b10401008" declared "fold:0"
"['b11902114']" won the round 10 (stack = {'b10401008': 1055, 'b11902114': 945})
community cards of this round: ['C4', 'HA', 'S9', 'HQ', 'S5']
name: b10401008, hole_card: ['C7', 'C6']
name: b11902114, hole_card: ['H6', 'DQ']
Started the round 11
Street "preflop" started. (community card = [])
name: b10401008, hole_card: ['C7', 'C6']
name: b11902114, hole_card: ['H6', 'DQ']
"b11902114" declared "raise:945"
name: b10401008, hole_card: ['C7', 'C6']
name: b11902114, hole_card: ['H6', 'DQ']
"b10401008" declared "fold:0"
"['b11902114']" won the round 11 (stack = {'b10401008': 1045, 'b11902114': 955})
community cards of this round: ['H9', 'C3', 'HQ', 'S4', 'C7']
name: b10401008, hole_card: ['DQ', 'SK']
name: b11902114, hole_card: ['D2', 'SQ']
Started the round 12
Street "preflop" started. (community card = [])
name: b10401008, hole_card: ['DQ', 'SK']
name: b11902114, hole_card: ['D2', 'SQ']
"b10401008" declared "raise:25"
name: b10401008, hole_card: ['DQ', 'SK']
name: b11902114, hole_card: ['D2', 'SQ']
"b11902114" declared "raise:955"
name: b10401008, hole_card: ['DQ', 'SK']
name: b11902114, hole_card: ['D2', 'SQ']
"b10401008" declared "fold:0"
"['b11902114']" won the round 12 (stack = {'b10401008': 1020, 'b11902114': 980})
community cards of this round: ['DK', 'DA', 'SJ', 'DJ', 'C8']
name: b10401008, hole_card: ['C5', 'HJ']
name: b11902114, hole_card: ['C9', 'H2']
Started the round 13
Street "preflop" started. (community card = [])
name: b10401008, hole_card: ['C5', 'HJ']
name: b11902114, hole_card: ['C9', 'H2']
"b11902114" declared "fold:0"
"['b10401008']" won the round 13 (stack = {'b10401008': 1025, 'b11902114': 975})
community cards of this round: ['CA', 'C2', 'S5', 'H8', 'SJ']
name: b10401008, hole_card: ['S7', 'C4']
name: b11902114, hole_card: ['H9', 'H3']
Started the round 14
Street "preflop" started. (community card = [])
name: b10401008, hole_card: ['S7', 'C4']
name: b11902114, hole_card: ['H9', 'H3']
"b10401008" declared "call:10"
name: b10401008, hole_card: ['S7', 'C4']
name: b11902114, hole_card: ['H9', 'H3']
"b11902114" declared "raise:975"
name: b10401008, hole_card: ['S7', 'C4']
name: b11902114, hole_card: ['H9', 'H3']
"b10401008" declared "fold:0"
"['b11902114']" won the round 14 (stack = {'b10401008': 1015, 'b11902114': 985})
community cards of this round: ['CQ', 'S8', 'C5', 'DQ', 'H4']
name: b10401008, hole_card: ['ST', 'SQ']
name: b11902114, hole_card: ['C3', 'C8']
Started the round 15
Street "preflop" started. (community card = [])
name: b10401008, hole_card: ['ST', 'SQ']
name: b11902114, hole_card: ['C3', 'C8']
"b11902114" declared "fold:0"
"['b10401008']" won the round 15 (stack = {'b10401008': 1020, 'b11902114': 980})
community cards of this round: ['S7', 'CK', 'C6', 'D4', 'HQ']
name: b10401008, hole_card: ['H2', 'CQ']
name: b11902114, hole_card: ['S3', 'S4']
Started the round 16
Street "preflop" started. (community card = [])
name: b10401008, hole_card: ['H2', 'CQ']
name: b11902114, hole_card: ['S3', 'S4']
"b10401008" declared "call:10"
name: b10401008, hole_card: ['H2', 'CQ']
name: b11902114, hole_card: ['S3', 'S4']
"b11902114" declared "raise:980"
name: b10401008, hole_card: ['H2', 'CQ']
name: b11902114, hole_card: ['S3', 'S4']
"b10401008" declared "fold:0"
"['b11902114']" won the round 16 (stack = {'b10401008': 1010, 'b11902114': 990})
community cards of this round: ['S3', 'CJ', 'H2', 'SA', 'D8']
name: b10401008, hole_card: ['H7', 'D7']
name: b11902114, hole_card: ['C8', 'SJ']
Started the round 17
Street "preflop" started. (community card = [])
name: b10401008, hole_card: ['H7', 'D7']
name: b11902114, hole_card: ['C8', 'SJ']
"b11902114" declared "raise:990"
name: b10401008, hole_card: ['H7', 'D7']
name: b11902114, hole_card: ['C8', 'SJ']
"b10401008" declared "fold:0"
"['b11902114']" won the round 17 (stack = {'b10401008': 1000, 'b11902114': 1000})
community cards of this round: ['CT', 'HQ', 'C2', 'H7', 'C6']
name: b10401008, hole_card: ['C4', 'D4']
name: b11902114, hole_card: ['DQ', 'D8']
Started the round 18
Street "preflop" started. (community card = [])
name: b10401008, hole_card: ['C4', 'D4']
name: b11902114, hole_card: ['DQ', 'D8']
"b10401008" declared "raise:25"
name: b10401008, hole_card: ['C4', 'D4']
name: b11902114, hole_card: ['DQ', 'D8']
"b11902114" declared "raise:1000"
name: b10401008, hole_card: ['C4', 'D4']
name: b11902114, hole_card: ['DQ', 'D8']
"b10401008" declared "fold:0"
"['b11902114']" won the round 18 (stack = {'b10401008': 975, 'b11902114': 1025})
community cards of this round: ['CQ', 'CJ', 'HJ', 'CA', 'C2']
name: b10401008, hole_card: ['DJ', 'HK']
name: b11902114, hole_card: ['SQ', 'CT']
Started the round 19
Street "preflop" started. (community card = [])
name: b10401008, hole_card: ['DJ', 'HK']
name: b11902114, hole_card: ['SQ', 'CT']
"b11902114" declared "fold:0"
"['b10401008']" won the round 19 (stack = {'b10401008': 980, 'b11902114': 1020})
community cards of this round: ['D9', 'H4', 'HA', 'H7', 'CT']
name: b10401008, hole_card: ['D6', 'C7']
name: b11902114, hole_card: ['CK', 'H9']
Started the round 20
Street "preflop" started. (community card = [])
name: b10401008, hole_card: ['D6', 'C7']
name: b11902114, hole_card: ['CK', 'H9']
"b10401008" declared "fold:0"
"['b11902114']" won the round 20 (stack = {'b10401008': 975, 'b11902114': 1025})
b11902114 vs b10401008 - Game 1: {'rule': {'initial_stack': 1000, 'max_round': 20, 'small_blind_amount': 5, 'ante': 0, 'blind_structure': {}}, 'players': [{'name': 'b10401008', 'uuid': 'mribiaejtbaushsnclcuxy', 'stack': 975, 'state': 'participating'}, {'name': 'b11902114', 'uuid': 'plsekpahlbbjbjcscluyxn', 'stack': 1025, 'state': 'participating'}]}
community cards of this round: ['C4', 'D4', 'D8', 'C8', 'C5']
name: b11902114, hole_card: ['HJ', 'H7']
name: b10401008, hole_card: ['HT', 'DJ']
Started the round 1
Street "preflop" started. (community card = [])
name: b11902114, hole_card: ['HJ', 'H7']
name: b10401008, hole_card: ['HT', 'DJ']
"b10401008" declared "call:10"
name: b11902114, hole_card: ['HJ', 'H7']
name: b10401008, hole_card: ['HT', 'DJ']
"b11902114" declared "call:10"
Street "flop" started. (community card = ['C4', 'D4', 'D8'])
name: b11902114, hole_card: ['HJ', 'H7']
name: b10401008, hole_card: ['HT', 'DJ']
"b10401008" declared "call:0"
name: b11902114, hole_card: ['HJ', 'H7']
name: b10401008, hole_card: ['HT', 'DJ']
"b11902114" declared "call:0"
Street "turn" started. (community card = ['C4', 'D4', 'D8', 'C8'])
name: b11902114, hole_card: ['HJ', 'H7']
name: b10401008, hole_card: ['HT', 'DJ']
"b10401008" declared "call:0"
name: b11902114, hole_card: ['HJ', 'H7']
name: b10401008, hole_card: ['HT', 'DJ']
"b11902114" declared "call:0"
Street "river" started. (community card = ['C4', 'D4', 'D8', 'C8', 'C5'])
name: b11902114, hole_card: ['HJ', 'H7']
name: b10401008, hole_card: ['HT', 'DJ']
"b10401008" declared "call:0"
name: b11902114, hole_card: ['HJ', 'H7']
name: b10401008, hole_card: ['HT', 'DJ']
"b11902114" declared "call:0"
"['b10401008']" won the round 1 (stack = {'b11902114': 990, 'b10401008': 1010})
community cards of this round: ['ST', 'C6', 'DA', 'CJ', 'S6']
name: b11902114, hole_card: ['HQ', 'SJ']
name: b10401008, hole_card: ['DT', 'SQ']
Started the round 2
Street "preflop" started. (community card = [])
name: b11902114, hole_card: ['HQ', 'SJ']
name: b10401008, hole_card: ['DT', 'SQ']
"b11902114" declared "raise:25"
name: b11902114, hole_card: ['HQ', 'SJ']
name: b10401008, hole_card: ['DT', 'SQ']
"b10401008" declared "call:25"
Street "flop" started. (community card = ['ST', 'C6', 'DA'])
name: b11902114, hole_card: ['HQ', 'SJ']
name: b10401008, hole_card: ['DT', 'SQ']
"b11902114" declared "call:0"
name: b11902114, hole_card: ['HQ', 'SJ']
name: b10401008, hole_card: ['DT', 'SQ']
"b10401008" declared "raise:20"
name: b11902114, hole_card: ['HQ', 'SJ']
name: b10401008, hole_card: ['DT', 'SQ']
"b11902114" declared "fold:0"
"['b10401008']" won the round 2 (stack = {'b11902114': 965, 'b10401008': 1035})
community cards of this round: ['HQ', 'D5', 'CK', 'C4', 'D7']
name: b11902114, hole_card: ['C2', 'CA']
name: b10401008, hole_card: ['HJ', 'D2']
Started the round 3
Street "preflop" started. (community card = [])
name: b11902114, hole_card: ['C2', 'CA']
name: b10401008, hole_card: ['HJ', 'D2']
"b10401008" declared "call:10"
name: b11902114, hole_card: ['C2', 'CA']
name: b10401008, hole_card: ['HJ', 'D2']
"b11902114" declared "raise:25"
name: b11902114, hole_card: ['C2', 'CA']
name: b10401008, hole_card: ['HJ', 'D2']
"b10401008" declared "call:25"
Street "flop" started. (community card = ['HQ', 'D5', 'CK'])
name: b11902114, hole_card: ['C2', 'CA']
name: b10401008, hole_card: ['HJ', 'D2']
"b10401008" declared "call:0"
name: b11902114, hole_card: ['C2', 'CA']
name: b10401008, hole_card: ['HJ', 'D2']
"b11902114" declared "call:0"
Street "turn" started. (community card = ['HQ', 'D5', 'CK', 'C4'])
name: b11902114, hole_card: ['C2', 'CA']
name: b10401008, hole_card: ['HJ', 'D2']
"b10401008" declared "call:0"
name: b11902114, hole_card: ['C2', 'CA']
name: b10401008, hole_card: ['HJ', 'D2']
"b11902114" declared "call:0"
Street "river" started. (community card = ['HQ', 'D5', 'CK', 'C4', 'D7'])
name: b11902114, hole_card: ['C2', 'CA']
name: b10401008, hole_card: ['HJ', 'D2']
"b10401008" declared "call:0"
name: b11902114, hole_card: ['C2', 'CA']
name: b10401008, hole_card: ['HJ', 'D2']
"b11902114" declared "call:0"
"['b11902114']" won the round 3 (stack = {'b11902114': 990, 'b10401008': 1010})
community cards of this round: ['S2', 'SK', 'H3', 'D8', 'H5']
name: b11902114, hole_card: ['H4', 'HT']
name: b10401008, hole_card: ['D7', 'CT']
Started the round 4
Street "preflop" started. (community card = [])
name: b11902114, hole_card: ['H4', 'HT']
name: b10401008, hole_card: ['D7', 'CT']
"b11902114" declared "fold:0"
"['b10401008']" won the round 4 (stack = {'b11902114': 985, 'b10401008': 1015})
community cards of this round: ['HA', 'HJ', 'DQ', 'SK', 'C9']
name: b11902114, hole_card: ['SJ', 'C5']
name: b10401008, hole_card: ['H4', 'S5']
Started the round 5
Street "preflop" started. (community card = [])
name: b11902114, hole_card: ['SJ', 'C5']
name: b10401008, hole_card: ['H4', 'S5']
"b10401008" declared "call:10"
name: b11902114, hole_card: ['SJ', 'C5']
name: b10401008, hole_card: ['H4', 'S5']
"b11902114" declared "call:10"
Street "flop" started. (community card = ['HA', 'HJ', 'DQ'])
name: b11902114, hole_card: ['SJ', 'C5']
name: b10401008, hole_card: ['H4', 'S5']
"b10401008" declared "call:0"
name: b11902114, hole_card: ['SJ', 'C5']
name: b10401008, hole_card: ['H4', 'S5']
"b11902114" declared "call:0"
Street "turn" started. (community card = ['HA', 'HJ', 'DQ', 'SK'])
name: b11902114, hole_card: ['SJ', 'C5']
name: b10401008, hole_card: ['H4', 'S5']
"b10401008" declared "call:0"
name: b11902114, hole_card: ['SJ', 'C5']
name: b10401008, hole_card: ['H4', 'S5']
"b11902114" declared "call:0"
Street "river" started. (community card = ['HA', 'HJ', 'DQ', 'SK', 'C9'])
name: b11902114, hole_card: ['SJ', 'C5']
name: b10401008, hole_card: ['H4', 'S5']
"b10401008" declared "call:0"
name: b11902114, hole_card: ['SJ', 'C5']
name: b10401008, hole_card: ['H4', 'S5']
"b11902114" declared "call:0"
"['b11902114']" won the round 5 (stack = {'b11902114': 995, 'b10401008': 1005})
community cards of this round: ['C3', 'H7', 'H9', 'HT', 'HQ']
name: b11902114, hole_card: ['HA', 'C9']
name: b10401008, hole_card: ['D7', 'DQ']
Started the round 6
Street "preflop" started. (community card = [])
name: b11902114, hole_card: ['HA', 'C9']
name: b10401008, hole_card: ['D7', 'DQ']
"b11902114" declared "raise:25"
name: b11902114, hole_card: ['HA', 'C9']
name: b10401008, hole_card: ['D7', 'DQ']
"b10401008" declared "call:25"
Street "flop" started. (community card = ['C3', 'H7', 'H9'])
name: b11902114, hole_card: ['HA', 'C9']
name: b10401008, hole_card: ['D7', 'DQ']
"b11902114" declared "call:0"
name: b11902114, hole_card: ['HA', 'C9']
name: b10401008, hole_card: ['D7', 'DQ']
"b10401008" declared "raise:20"
name: b11902114, hole_card: ['HA', 'C9']
name: b10401008, hole_card: ['D7', 'DQ']
"b11902114" declared "fold:0"
"['b10401008']" won the round 6 (stack = {'b11902114': 970, 'b10401008': 1030})
community cards of this round: ['D4', 'D9', 'HQ', 'H8', 'CA']
name: b11902114, hole_card: ['S9', 'S4']
name: b10401008, hole_card: ['SA', 'CQ']
Started the round 7
Street "preflop" started. (community card = [])
name: b11902114, hole_card: ['S9', 'S4']
name: b10401008, hole_card: ['SA', 'CQ']
"b10401008" declared "raise:25"
name: b11902114, hole_card: ['S9', 'S4']
name: b10401008, hole_card: ['SA', 'CQ']
"b11902114" declared "fold:0"
"['b10401008']" won the round 7 (stack = {'b11902114': 960, 'b10401008': 1040})
community cards of this round: ['ST', 'CK', 'D6', 'S7', 'C5']
name: b11902114, hole_card: ['D2', 'DK']
name: b10401008, hole_card: ['CJ', 'HT']
Started the round 8
Street "preflop" started. (community card = [])
name: b11902114, hole_card: ['D2', 'DK']
name: b10401008, hole_card: ['CJ', 'HT']
"b11902114" declared "fold:0"
"['b10401008']" won the round 8 (stack = {'b11902114': 955, 'b10401008': 1045})
community cards of this round: ['H9', 'D2', 'SK', 'DQ', 'D3']
name: b11902114, hole_card: ['H5', 'DT']
name: b10401008, hole_card: ['D5', 'C8']
Started the round 9
Street "preflop" started. (community card = [])
name: b11902114, hole_card: ['H5', 'DT']
name: b10401008, hole_card: ['D5', 'C8']
"b10401008" declared "call:10"
name: b11902114, hole_card: ['H5', 'DT']
name: b10401008, hole_card: ['D5', 'C8']
"b11902114" declared "call:10"
Street "flop" started. (community card = ['H9', 'D2', 'SK'])
name: b11902114, hole_card: ['H5', 'DT']
name: b10401008, hole_card: ['D5', 'C8']
"b10401008" declared "call:0"
name: b11902114, hole_card: ['H5', 'DT']
name: b10401008, hole_card: ['D5', 'C8']
"b11902114" declared "call:0"
Street "turn" started. (community card = ['H9', 'D2', 'SK', 'DQ'])
name: b11902114, hole_card: ['H5', 'DT']
name: b10401008, hole_card: ['D5', 'C8']
"b10401008" declared "call:0"
name: b11902114, hole_card: ['H5', 'DT']
name: b10401008, hole_card: ['D5', 'C8']
"b11902114" declared "call:0"
Street "river" started. (community card = ['H9', 'D2', 'SK', 'DQ', 'D3'])
name: b11902114, hole_card: ['H5', 'DT']
name: b10401008, hole_card: ['D5', 'C8']
"b10401008" declared "call:0"
name: b11902114, hole_card: ['H5', 'DT']
name: b10401008, hole_card: ['D5', 'C8']
"b11902114" declared "call:0"
"['b11902114']" won the round 9 (stack = {'b11902114': 965, 'b10401008': 1035})
community cards of this round: ['C2', 'C9', 'D8', 'CK', 'DJ']
name: b11902114, hole_card: ['H5', 'H6']
name: b10401008, hole_card: ['S2', 'HA']
Started the round 10
Street "preflop" started. (community card = [])
name: b11902114, hole_card: ['H5', 'H6']
name: b10401008, hole_card: ['S2', 'HA']
"b11902114" declared "fold:0"
"['b10401008']" won the round 10 (stack = {'b11902114': 960, 'b10401008': 1040})
community cards of this round: ['C4', 'HA', 'S9', 'HQ', 'S5']
name: b11902114, hole_card: ['C7', 'C6']
name: b10401008, hole_card: ['H6', 'DQ']
Started the round 11
Street "preflop" started. (community card = [])
name: b11902114, hole_card: ['C7', 'C6']
name: b10401008, hole_card: ['H6', 'DQ']
"b10401008" declared "call:10"
name: b11902114, hole_card: ['C7', 'C6']
name: b10401008, hole_card: ['H6', 'DQ']
"b11902114" declared "raise:960"
name: b11902114, hole_card: ['C7', 'C6']
name: b10401008, hole_card: ['H6', 'DQ']
"b10401008" declared "fold:0"
"['b11902114']" won the round 11 (stack = {'b11902114': 970, 'b10401008': 1030})
community cards of this round: ['H9', 'C3', 'HQ', 'S4', 'C7']
name: b11902114, hole_card: ['DQ', 'SK']
name: b10401008, hole_card: ['D2', 'SQ']
Started the round 12
Street "preflop" started. (community card = [])
name: b11902114, hole_card: ['DQ', 'SK']
name: b10401008, hole_card: ['D2', 'SQ']
"b11902114" declared "raise:25"
name: b11902114, hole_card: ['DQ', 'SK']
name: b10401008, hole_card: ['D2', 'SQ']
"b10401008" declared "call:25"
Street "flop" started. (community card = ['H9', 'C3', 'HQ'])
name: b11902114, hole_card: ['DQ', 'SK']
name: b10401008, hole_card: ['D2', 'SQ']
"b11902114" declared "raise:45"
name: b11902114, hole_card: ['DQ', 'SK']
name: b10401008, hole_card: ['D2', 'SQ']
"b10401008" declared "raise:90"
name: b11902114, hole_card: ['DQ', 'SK']
name: b10401008, hole_card: ['D2', 'SQ']
"b11902114" declared "raise:945"
name: b11902114, hole_card: ['DQ', 'SK']
name: b10401008, hole_card: ['D2', 'SQ']
"b10401008" declared "call:945"
Street "turn" started. (community card = ['H9', 'C3', 'HQ', 'S4'])
Street "river" started. (community card = ['H9', 'C3', 'HQ', 'S4', 'C7'])
"['b11902114']" won the round 12 (stack = {'b11902114': 1940, 'b10401008': 60})
community cards of this round: ['DK', 'DA', 'SJ', 'DJ', 'C8']
name: b11902114, hole_card: ['C5', 'HJ']
name: b10401008, hole_card: ['C9', 'H2']
Started the round 13
Street "preflop" started. (community card = [])
name: b11902114, hole_card: ['C5', 'HJ']
name: b10401008, hole_card: ['C9', 'H2']
"b10401008" declared "call:10"
name: b11902114, hole_card: ['C5', 'HJ']
name: b10401008, hole_card: ['C9', 'H2']
"b11902114" declared "fold:0"
"['b10401008']" won the round 13 (stack = {'b11902114': 1930, 'b10401008': 70})
community cards of this round: ['CA', 'C2', 'S5', 'H8', 'SJ']
name: b11902114, hole_card: ['S7', 'C4']
name: b10401008, hole_card: ['H9', 'H3']
Started the round 14
Street "preflop" started. (community card = [])
name: b11902114, hole_card: ['S7', 'C4']
name: b10401008, hole_card: ['H9', 'H3']
"b11902114" declared "fold:0"
"['b10401008']" won the round 14 (stack = {'b11902114': 1925, 'b10401008': 75})
community cards of this round: ['CQ', 'S8', 'C5', 'DQ', 'H4']
name: b11902114, hole_card: ['ST', 'SQ']
name: b10401008, hole_card: ['C3', 'C8']
Started the round 15
Street "preflop" started. (community card = [])
name: b11902114, hole_card: ['ST', 'SQ']
name: b10401008, hole_card: ['C3', 'C8']
"b10401008" declared "call:10"
name: b11902114, hole_card: ['ST', 'SQ']
name: b10401008, hole_card: ['C3', 'C8']
"b11902114" declared "fold:0"
"['b10401008']" won the round 15 (stack = {'b11902114': 1915, 'b10401008': 85})
community cards of this round: ['S7', 'CK', 'C6', 'D4', 'HQ']
name: b11902114, hole_card: ['H2', 'CQ']
name: b10401008, hole_card: ['S3', 'S4']
Started the round 16
Street "preflop" started. (community card = [])
name: b11902114, hole_card: ['H2', 'CQ']
name: b10401008, hole_card: ['S3', 'S4']
"b11902114" declared "fold:0"
"['b10401008']" won the round 16 (stack = {'b11902114': 1910, 'b10401008': 90})
community cards of this round: ['S3', 'CJ', 'H2', 'SA', 'D8']
name: b11902114, hole_card: ['H7', 'D7']
name: b10401008, hole_card: ['C8', 'SJ']
Started the round 17
Street "preflop" started. (community card = [])
name: b11902114, hole_card: ['H7', 'D7']
name: b10401008, hole_card: ['C8', 'SJ']
"b10401008" declared "call:10"
name: b11902114, hole_card: ['H7', 'D7']
name: b10401008, hole_card: ['C8', 'SJ']
"b11902114" declared "fold:0"
"['b10401008']" won the round 17 (stack = {'b11902114': 1900, 'b10401008': 100})
community cards of this round: ['CT', 'HQ', 'C2', 'H7', 'C6']
name: b11902114, hole_card: ['C4', 'D4']
name: b10401008, hole_card: ['DQ', 'D8']
Started the round 18
Street "preflop" started. (community card = [])
name: b11902114, hole_card: ['C4', 'D4']
name: b10401008, hole_card: ['DQ', 'D8']
"b11902114" declared "fold:0"
"['b10401008']" won the round 18 (stack = {'b11902114': 1895, 'b10401008': 105})
community cards of this round: ['CQ', 'CJ', 'HJ', 'CA', 'C2']
name: b11902114, hole_card: ['DJ', 'HK']
name: b10401008, hole_card: ['SQ', 'CT']
Started the round 19
Street "preflop" started. (community card = [])
name: b11902114, hole_card: ['DJ', 'HK']
name: b10401008, hole_card: ['SQ', 'CT']
"b10401008" declared "call:10"
name: b11902114, hole_card: ['DJ', 'HK']
name: b10401008, hole_card: ['SQ', 'CT']
"b11902114" declared "fold:0"
"['b10401008']" won the round 19 (stack = {'b11902114': 1885, 'b10401008': 115})
community cards of this round: ['D9', 'H4', 'HA', 'H7', 'CT']
name: b11902114, hole_card: ['D6', 'C7']
name: b10401008, hole_card: ['CK', 'H9']
Started the round 20
Street "preflop" started. (community card = [])
name: b11902114, hole_card: ['D6', 'C7']
name: b10401008, hole_card: ['CK', 'H9']
"b11902114" declared "fold:0"
"['b10401008']" won the round 20 (stack = {'b11902114': 1880, 'b10401008': 120})
b11902114 vs b10401008 - Game 2: {'rule': {'initial_stack': 1000, 'max_round': 20, 'small_blind_amount': 5, 'ante': 0, 'blind_structure': {}}, 'players': [{'name': 'b11902114', 'uuid': 'cijezoyllmluyketswvkro', 'stack': 1880, 'state': 'participating'}, {'name': 'b10401008', 'uuid': 'kfqgboykdomkvckmxlgxrg', 'stack': 120, 'state': 'participating'}]}
community cards of this round: ['S4', 'D4', 'S6', 'DA', 'DJ']
name: b10401008, hole_card: ['D6', 'DK']
name: b11902114, hole_card: ['DQ', 'C3']
Started the round 1
Street "preflop" started. (community card = [])
name: b10401008, hole_card: ['D6', 'DK']
name: b11902114, hole_card: ['DQ', 'C3']
"b11902114" declared "fold:0"
"['b10401008']" won the round 1 (stack = {'b10401008': 1005, 'b11902114': 995})
community cards of this round: ['H2', 'HQ', 'D7', 'D9', 'S6']
name: b10401008, hole_card: ['S2', 'C2']
name: b11902114, hole_card: ['D3', 'C3']
Started the round 2
Street "preflop" started. (community card = [])
name: b10401008, hole_card: ['S2', 'C2']
name: b11902114, hole_card: ['D3', 'C3']
"b10401008" declared "raise:25"
name: b10401008, hole_card: ['S2', 'C2']
name: b11902114, hole_card: ['D3', 'C3']
"b11902114" declared "fold:0"
"['b10401008']" won the round 2 (stack = {'b10401008': 1015, 'b11902114': 985})
community cards of this round: ['S5', 'D5', 'H9', 'S9', 'S3']
name: b10401008, hole_card: ['D8', 'SA']
name: b11902114, hole_card: ['C8', 'D4']
Started the round 3
Street "preflop" started. (community card = [])
name: b10401008, hole_card: ['D8', 'SA']
name: b11902114, hole_card: ['C8', 'D4']
"b11902114" declared "fold:0"
"['b10401008']" won the round 3 (stack = {'b10401008': 1020, 'b11902114': 980})
community cards of this round: ['S9', 'H9', 'CJ', 'D4', 'S2']
name: b10401008, hole_card: ['HT', 'H7']
name: b11902114, hole_card: ['S7', 'S8']
Started the round 4
Street "preflop" started. (community card = [])
name: b10401008, hole_card: ['HT', 'H7']
name: b11902114, hole_card: ['S7', 'S8']
"b10401008" declared "fold:0"
"['b11902114']" won the round 4 (stack = {'b10401008': 1015, 'b11902114': 985})
community cards of this round: ['DA', 'D2', 'C2', 'CK', 'D3']
name: b10401008, hole_card: ['S2', 'CQ']
name: b11902114, hole_card: ['SA', 'DT']
Started the round 5
Street "preflop" started. (community card = [])
name: b10401008, hole_card: ['S2', 'CQ']
name: b11902114, hole_card: ['SA', 'DT']
"b11902114" declared "raise:25"
name: b10401008, hole_card: ['S2', 'CQ']
name: b11902114, hole_card: ['SA', 'DT']
"b10401008" declared "fold:0"
"['b11902114']" won the round 5 (stack = {'b10401008': 1005, 'b11902114': 995})
community cards of this round: ['H9', 'S4', 'C8', 'CA', 'D9']
name: b10401008, hole_card: ['D3', 'D6']
name: b11902114, hole_card: ['D8', 'DT']
Started the round 6
Street "preflop" started. (community card = [])
name: b10401008, hole_card: ['D3', 'D6']
name: b11902114, hole_card: ['D8', 'DT']
"b10401008" declared "fold:0"
"['b11902114']" won the round 6 (stack = {'b10401008': 1000, 'b11902114': 1000})
community cards of this round: ['CK', 'SA', 'S4', 'HT', 'D6']
name: b10401008, hole_card: ['H3', 'S5']
name: b11902114, hole_card: ['SQ', 'C8']
Started the round 7
Street "preflop" started. (community card = [])
name: b10401008, hole_card: ['H3', 'S5']
name: b11902114, hole_card: ['SQ', 'C8']
"b11902114" declared "fold:0"
"['b10401008']" won the round 7 (stack = {'b10401008': 1005, 'b11902114': 995})
community cards of this round: ['DT', 'DQ', 'DA', 'CQ', 'HA']
name: b10401008, hole_card: ['D7', 'C8']
name: b11902114, hole_card: ['H5', 'H6']
Started the round 8
Street "preflop" started. (community card = [])
name: b10401008, hole_card: ['D7', 'C8']
name: b11902114, hole_card: ['H5', 'H6']
"b10401008" declared "fold:0"
"['b11902114']" won the round 8 (stack = {'b10401008': 1000, 'b11902114': 1000})
community cards of this round: ['DQ', 'S5', 'HT', 'CT', 'SA']
name: b10401008, hole_card: ['CA', 'C3']
name: b11902114, hole_card: ['DJ', 'DT']
Started the round 9
Street "preflop" started. (community card = [])
name: b10401008, hole_card: ['CA', 'C3']
name: b11902114, hole_card: ['DJ', 'DT']
"b11902114" declared "raise:25"
name: b10401008, hole_card: ['CA', 'C3']
name: b11902114, hole_card: ['DJ', 'DT']
"b10401008" declared "fold:0"
"['b11902114']" won the round 9 (stack = {'b10401008': 990, 'b11902114': 1010})
community cards of this round: ['H2', 'CA', 'S9', 'ST', 'CJ']
name: b10401008, hole_card: ['DT', 'C6']
name: b11902114, hole_card: ['H5', 'C8']
Started the round 10
Street "preflop" started. (community card = [])
name: b10401008, hole_card: ['DT', 'C6']
name: b11902114, hole_card: ['H5', 'C8']
"b10401008" declared "fold:0"
"['b11902114']" won the round 10 (stack = {'b10401008': 985, 'b11902114': 1015})
community cards of this round: ['H5', 'ST', 'S6', 'C4', 'H9']
name: b10401008, hole_card: ['SK', 'DK']
name: b11902114, hole_card: ['D9', 'C7']
Started the round 11
Street "preflop" started. (community card = [])
name: b10401008, hole_card: ['SK', 'DK']
name: b11902114, hole_card: ['D9', 'C7']
"b11902114" declared "fold:0"
"['b10401008']" won the round 11 (stack = {'b10401008': 990, 'b11902114': 1010})
community cards of this round: ['C8', 'S6', 'CT', 'CQ', 'HT']
name: b10401008, hole_card: ['H7', 'C4']
name: b11902114, hole_card: ['H3', 'D5']
Started the round 12
Street "preflop" started. (community card = [])
name: b10401008, hole_card: ['H7', 'C4']
name: b11902114, hole_card: ['H3', 'D5']
"b10401008" declared "fold:0"
"['b11902114']" won the round 12 (stack = {'b10401008': 985, 'b11902114': 1015})
community cards of this round: ['C3', 'CJ', 'H3', 'C7', 'C5']
name: b10401008, hole_card: ['H5', 'CK']
name: b11902114, hole_card: ['C4', 'HQ']
Started the round 13
Street "preflop" started. (community card = [])
name: b10401008, hole_card: ['H5', 'CK']
name: b11902114, hole_card: ['C4', 'HQ']
"b11902114" declared "fold:0"
"['b10401008']" won the round 13 (stack = {'b10401008': 990, 'b11902114': 1010})
community cards of this round: ['H7', 'ST', 'H3', 'D9', 'D8']
name: b10401008, hole_card: ['CQ', 'HK']
name: b11902114, hole_card: ['S2', 'DK']
Started the round 14
Street "preflop" started. (community card = [])
name: b10401008, hole_card: ['CQ', 'HK']
name: b11902114, hole_card: ['S2', 'DK']
"b10401008" declared "raise:25"
name: b10401008, hole_card: ['CQ', 'HK']
name: b11902114, hole_card: ['S2', 'DK']
"b11902114" declared "fold:0"
"['b10401008']" won the round 14 (stack = {'b10401008': 1000, 'b11902114': 1000})
community cards of this round: ['H5', 'S8', 'DQ', 'H2', 'HQ']
name: b10401008, hole_card: ['ST', 'S3']
name: b11902114, hole_card: ['H6', 'S6']
Started the round 15
Street "preflop" started. (community card = [])
name: b10401008, hole_card: ['ST', 'S3']
name: b11902114, hole_card: ['H6', 'S6']
"b11902114" declared "raise:25"
name: b10401008, hole_card: ['ST', 'S3']
name: b11902114, hole_card: ['H6', 'S6']
"b10401008" declared "fold:0"
"['b11902114']" won the round 15 (stack = {'b10401008': 990, 'b11902114': 1010})
community cards of this round: ['DK', 'H2', 'H9', 'S7', 'H8']
name: b10401008, hole_card: ['D4', 'CA']
name: b11902114, hole_card: ['SK', 'ST']
Started the round 16
Street "preflop" started. (community card = [])
name: b10401008, hole_card: ['D4', 'CA']
name: b11902114, hole_card: ['SK', 'ST']
"b10401008" declared "raise:25"
name: b10401008, hole_card: ['D4', 'CA']
name: b11902114, hole_card: ['SK', 'ST']
"b11902114" declared "raise:50"
name: b10401008, hole_card: ['D4', 'CA']
name: b11902114, hole_card: ['SK', 'ST']
"b10401008" declared "fold:0"
"['b11902114']" won the round 16 (stack = {'b10401008': 965, 'b11902114': 1035})
community cards of this round: ['HQ', 'S8', 'S9', 'S7', 'S4']
name: b10401008, hole_card: ['S2', 'CJ']
name: b11902114, hole_card: ['SQ', 'S5']
Started the round 17
Street "preflop" started. (community card = [])
name: b10401008, hole_card: ['S2', 'CJ']
name: b11902114, hole_card: ['SQ', 'S5']
"b11902114" declared "fold:0"
"['b10401008']" won the round 17 (stack = {'b10401008': 970, 'b11902114': 1030})
community cards of this round: ['SQ', 'D7', 'C2', 'HA', 'SA']
name: b10401008, hole_card: ['S2', 'CK']
name: b11902114, hole_card: ['CT', 'S6']
Started the round 18
Street "preflop" started. (community card = [])
name: b10401008, hole_card: ['S2', 'CK']
name: b11902114, hole_card: ['CT', 'S6']
"b10401008" declared "fold:0"
"['b11902114']" won the round 18 (stack = {'b10401008': 965, 'b11902114': 1035})
community cards of this round: ['DT', 'C2', 'D4', 'H9', 'H8']
name: b10401008, hole_card: ['H2', 'SJ']
name: b11902114, hole_card: ['DK', 'HT']
Started the round 19
Street "preflop" started. (community card = [])
name: b10401008, hole_card: ['H2', 'SJ']
name: b11902114, hole_card: ['DK', 'HT']
"b11902114" declared "fold:0"
"['b10401008']" won the round 19 (stack = {'b10401008': 970, 'b11902114': 1030})
community cards of this round: ['SA', 'CJ', 'D6', 'D9', 'C2']
name: b10401008, hole_card: ['HK', 'D2']
name: b11902114, hole_card: ['S9', 'C7']
Started the round 20
Street "preflop" started. (community card = [])
name: b10401008, hole_card: ['HK', 'D2']
name: b11902114, hole_card: ['S9', 'C7']
"b10401008" declared "fold:0"
"['b11902114']" won the round 20 (stack = {'b10401008': 965, 'b11902114': 1035})
b11902114 vs b10401008 - Game 3: {'rule': {'initial_stack': 1000, 'max_round': 20, 'small_blind_amount': 5, 'ante': 0, 'blind_structure': {}}, 'players': [{'name': 'b10401008', 'uuid': 'qmpoanqxywhbkukjeahhbs', 'stack': 965, 'state': 'participating'}, {'name': 'b11902114', 'uuid': 'gtwybcccbodawfxwsbjeks', 'stack': 1035, 'state': 'participating'}]}
community cards of this round: ['S4', 'D4', 'S6', 'DA', 'DJ']
name: b11902114, hole_card: ['D6', 'DK']
name: b10401008, hole_card: ['DQ', 'C3']
Started the round 1
Street "preflop" started. (community card = [])
name: b11902114, hole_card: ['D6', 'DK']
name: b10401008, hole_card: ['DQ', 'C3']
"b10401008" declared "call:10"
name: b11902114, hole_card: ['D6', 'DK']
name: b10401008, hole_card: ['DQ', 'C3']
"b11902114" declared "raise:25"
name: b11902114, hole_card: ['D6', 'DK']
name: b10401008, hole_card: ['DQ', 'C3']
"b10401008" declared "call:25"
Street "flop" started. (community card = ['S4', 'D4', 'S6'])
name: b11902114, hole_card: ['D6', 'DK']
name: b10401008, hole_card: ['DQ', 'C3']
"b10401008" declared "call:0"
name: b11902114, hole_card: ['D6', 'DK']
name: b10401008, hole_card: ['DQ', 'C3']
"b11902114" declared "call:0"
Street "turn" started. (community card = ['S4', 'D4', 'S6', 'DA'])
name: b11902114, hole_card: ['D6', 'DK']
name: b10401008, hole_card: ['DQ', 'C3']
"b10401008" declared "call:0"
name: b11902114, hole_card: ['D6', 'DK']
name: b10401008, hole_card: ['DQ', 'C3']
"b11902114" declared "call:0"
Street "river" started. (community card = ['S4', 'D4', 'S6', 'DA', 'DJ'])
name: b11902114, hole_card: ['D6', 'DK']
name: b10401008, hole_card: ['DQ', 'C3']
"b10401008" declared "call:0"
name: b11902114, hole_card: ['D6', 'DK']
name: b10401008, hole_card: ['DQ', 'C3']
"b11902114" declared "raise:45"
name: b11902114, hole_card: ['D6', 'DK']
name: b10401008, hole_card: ['DQ', 'C3']
"b10401008" declared "fold:0"
"['b11902114']" won the round 1 (stack = {'b11902114': 1025, 'b10401008': 975})
community cards of this round: ['H2', 'HQ', 'D7', 'D9', 'S6']
name: b11902114, hole_card: ['S2', 'C2']
name: b10401008, hole_card: ['D3', 'C3']
Started the round 2
Street "preflop" started. (community card = [])
name: b11902114, hole_card: ['S2', 'C2']
name: b10401008, hole_card: ['D3', 'C3']
"b11902114" declared "fold:0"
"['b10401008']" won the round 2 (stack = {'b11902114': 1020, 'b10401008': 980})
community cards of this round: ['S5', 'D5', 'H9', 'S9', 'S3']
name: b11902114, hole_card: ['D8', 'SA']
name: b10401008, hole_card: ['C8', 'D4']
Started the round 3
Street "preflop" started. (community card = [])
name: b11902114, hole_card: ['D8', 'SA']
name: b10401008, hole_card: ['C8', 'D4']
"b10401008" declared "call:10"
name: b11902114, hole_card: ['D8', 'SA']
name: b10401008, hole_card: ['C8', 'D4']
"b11902114" declared "raise:25"
name: b11902114, hole_card: ['D8', 'SA']
name: b10401008, hole_card: ['C8', 'D4']
"b10401008" declared "call:25"
Street "flop" started. (community card = ['S5', 'D5', 'H9'])
name: b11902114, hole_card: ['D8', 'SA']
name: b10401008, hole_card: ['C8', 'D4']
"b10401008" declared "call:0"
name: b11902114, hole_card: ['D8', 'SA']
name: b10401008, hole_card: ['C8', 'D4']
"b11902114" declared "call:0"
Street "turn" started. (community card = ['S5', 'D5', 'H9', 'S9'])
name: b11902114, hole_card: ['D8', 'SA']
name: b10401008, hole_card: ['C8', 'D4']
"b10401008" declared "raise:20"
name: b11902114, hole_card: ['D8', 'SA']
name: b10401008, hole_card: ['C8', 'D4']
"b11902114" declared "fold:0"
"['b10401008']" won the round 3 (stack = {'b11902114': 995, 'b10401008': 1005})
community cards of this round: ['S9', 'H9', 'CJ', 'D4', 'S2']
name: b11902114, hole_card: ['HT', 'H7']
name: b10401008, hole_card: ['S7', 'S8']
Started the round 4
Street "preflop" started. (community card = [])
name: b11902114, hole_card: ['HT', 'H7']
name: b10401008, hole_card: ['S7', 'S8']
"b11902114" declared "fold:0"
"['b10401008']" won the round 4 (stack = {'b11902114': 990, 'b10401008': 1010})
community cards of this round: ['DA', 'D2', 'C2', 'CK', 'D3']
name: b11902114, hole_card: ['S2', 'CQ']
name: b10401008, hole_card: ['SA', 'DT']
Started the round 5
Street "preflop" started. (community card = [])
name: b11902114, hole_card: ['S2', 'CQ']
name: b10401008, hole_card: ['SA', 'DT']
"b10401008" declared "raise:25"
name: b11902114, hole_card: ['S2', 'CQ']
name: b10401008, hole_card: ['SA', 'DT']
"b11902114" declared "fold:0"
"['b10401008']" won the round 5 (stack = {'b11902114': 980, 'b10401008': 1020})
community cards of this round: ['H9', 'S4', 'C8', 'CA', 'D9']
name: b11902114, hole_card: ['D3', 'D6']
name: b10401008, hole_card: ['D8', 'DT']
Started the round 6
Street "preflop" started. (community card = [])
name: b11902114, hole_card: ['D3', 'D6']
name: b10401008, hole_card: ['D8', 'DT']
"b11902114" declared "fold:0"
"['b10401008']" won the round 6 (stack = {'b11902114': 975, 'b10401008': 1025})
community cards of this round: ['CK', 'SA', 'S4', 'HT', 'D6']
name: b11902114, hole_card: ['H3', 'S5']
name: b10401008, hole_card: ['SQ', 'C8']
Started the round 7
Street "preflop" started. (community card = [])
name: b11902114, hole_card: ['H3', 'S5']
name: b10401008, hole_card: ['SQ', 'C8']
"b10401008" declared "call:10"
name: b11902114, hole_card: ['H3', 'S5']
name: b10401008, hole_card: ['SQ', 'C8']
"b11902114" declared "call:10"
Street "flop" started. (community card = ['CK', 'SA', 'S4'])
name: b11902114, hole_card: ['H3', 'S5']
name: b10401008, hole_card: ['SQ', 'C8']
"b10401008" declared "call:0"
name: b11902114, hole_card: ['H3', 'S5']
name: b10401008, hole_card: ['SQ', 'C8']
"b11902114" declared "call:0"
Street "turn" started. (community card = ['CK', 'SA', 'S4', 'HT'])
name: b11902114, hole_card: ['H3', 'S5']
name: b10401008, hole_card: ['SQ', 'C8']
"b10401008" declared "call:0"
name: b11902114, hole_card: ['H3', 'S5']
name: b10401008, hole_card: ['SQ', 'C8']
"b11902114" declared "call:0"
Street "river" started. (community card = ['CK', 'SA', 'S4', 'HT', 'D6'])
name: b11902114, hole_card: ['H3', 'S5']
name: b10401008, hole_card: ['SQ', 'C8']
"b10401008" declared "call:0"
name: b11902114, hole_card: ['H3', 'S5']
name: b10401008, hole_card: ['SQ', 'C8']
"b11902114" declared "call:0"
"['b10401008']" won the round 7 (stack = {'b11902114': 965, 'b10401008': 1035})
community cards of this round: ['DT', 'DQ', 'DA', 'CQ', 'HA']
name: b11902114, hole_card: ['D7', 'C8']
name: b10401008, hole_card: ['H5', 'H6']
Started the round 8
Street "preflop" started. (community card = [])
name: b11902114, hole_card: ['D7', 'C8']
name: b10401008, hole_card: ['H5', 'H6']
"b11902114" declared "fold:0"
"['b10401008']" won the round 8 (stack = {'b11902114': 960, 'b10401008': 1040})
community cards of this round: ['DQ', 'S5', 'HT', 'CT', 'SA']
name: b11902114, hole_card: ['CA', 'C3']
name: b10401008, hole_card: ['DJ', 'DT']
Started the round 9
Street "preflop" started. (community card = [])
name: b11902114, hole_card: ['CA', 'C3']
name: b10401008, hole_card: ['DJ', 'DT']
"b10401008" declared "call:10"
name: b11902114, hole_card: ['CA', 'C3']
name: b10401008, hole_card: ['DJ', 'DT']
"b11902114" declared "raise:25"
name: b11902114, hole_card: ['CA', 'C3']
name: b10401008, hole_card: ['DJ', 'DT']
"b10401008" declared "call:25"
Street "flop" started. (community card = ['DQ', 'S5', 'HT'])
name: b11902114, hole_card: ['CA', 'C3']
name: b10401008, hole_card: ['DJ', 'DT']
"b10401008" declared "raise:20"
name: b11902114, hole_card: ['CA', 'C3']
name: b10401008, hole_card: ['DJ', 'DT']
"b11902114" declared "fold:0"
"['b10401008']" won the round 9 (stack = {'b11902114': 935, 'b10401008': 1065})
community cards of this round: ['H2', 'CA', 'S9', 'ST', 'CJ']
name: b11902114, hole_card: ['DT', 'C6']
name: b10401008, hole_card: ['H5', 'C8']
Started the round 10
Street "preflop" started. (community card = [])
name: b11902114, hole_card: ['DT', 'C6']
name: b10401008, hole_card: ['H5', 'C8']
"b11902114" declared "raise:935"
name: b11902114, hole_card: ['DT', 'C6']
name: b10401008, hole_card: ['H5', 'C8']
"b10401008" declared "fold:0"
"['b11902114']" won the round 10 (stack = {'b11902114': 945, 'b10401008': 1055})
community cards of this round: ['H5', 'ST', 'S6', 'C4', 'H9']
name: b11902114, hole_card: ['SK', 'DK']
name: b10401008, hole_card: ['D9', 'C7']
Started the round 11
Street "preflop" started. (community card = [])
name: b11902114, hole_card: ['SK', 'DK']
name: b10401008, hole_card: ['D9', 'C7']
"b10401008" declared "call:10"
name: b11902114, hole_card: ['SK', 'DK']
name: b10401008, hole_card: ['D9', 'C7']
"b11902114" declared "raise:945"
name: b11902114, hole_card: ['SK', 'DK']
name: b10401008, hole_card: ['D9', 'C7']
"b10401008" declared "fold:0"
"['b11902114']" won the round 11 (stack = {'b11902114': 955, 'b10401008': 1045})
community cards of this round: ['C8', 'S6', 'CT', 'CQ', 'HT']
name: b11902114, hole_card: ['H7', 'C4']
name: b10401008, hole_card: ['H3', 'D5']
Started the round 12
Street "preflop" started. (community card = [])
name: b11902114, hole_card: ['H7', 'C4']
name: b10401008, hole_card: ['H3', 'D5']
"b11902114" declared "raise:955"
name: b11902114, hole_card: ['H7', 'C4']
name: b10401008, hole_card: ['H3', 'D5']
"b10401008" declared "fold:0"
"['b11902114']" won the round 12 (stack = {'b11902114': 965, 'b10401008': 1035})
community cards of this round: ['C3', 'CJ', 'H3', 'C7', 'C5']
name: b11902114, hole_card: ['H5', 'CK']
name: b10401008, hole_card: ['C4', 'HQ']
Started the round 13
Street "preflop" started. (community card = [])
name: b11902114, hole_card: ['H5', 'CK']
name: b10401008, hole_card: ['C4', 'HQ']
"b10401008" declared "call:10"
name: b11902114, hole_card: ['H5', 'CK']
name: b10401008, hole_card: ['C4', 'HQ']
"b11902114" declared "raise:965"
name: b11902114, hole_card: ['H5', 'CK']
name: b10401008, hole_card: ['C4', 'HQ']
"b10401008" declared "fold:0"
"['b11902114']" won the round 13 (stack = {'b11902114': 975, 'b10401008': 1025})
community cards of this round: ['H7', 'ST', 'H3', 'D9', 'D8']
name: b11902114, hole_card: ['CQ', 'HK']
name: b10401008, hole_card: ['S2', 'DK']
Started the round 14
Street "preflop" started. (community card = [])
name: b11902114, hole_card: ['CQ', 'HK']
name: b10401008, hole_card: ['S2', 'DK']
"b11902114" declared "raise:25"
name: b11902114, hole_card: ['CQ', 'HK']
name: b10401008, hole_card: ['S2', 'DK']
"b10401008" declared "call:25"
Street "flop" started. (community card = ['H7', 'ST', 'H3'])
name: b11902114, hole_card: ['CQ', 'HK']
name: b10401008, hole_card: ['S2', 'DK']
"b11902114" declared "call:0"
name: b11902114, hole_card: ['CQ', 'HK']
name: b10401008, hole_card: ['S2', 'DK']
"b10401008" declared "call:0"
Street "turn" started. (community card = ['H7', 'ST', 'H3', 'D9'])
name: b11902114, hole_card: ['CQ', 'HK']
name: b10401008, hole_card: ['S2', 'DK']
"b11902114" declared "call:0"
name: b11902114, hole_card: ['CQ', 'HK']
name: b10401008, hole_card: ['S2', 'DK']
"b10401008" declared "call:0"
Street "river" started. (community card = ['H7', 'ST', 'H3', 'D9', 'D8'])
name: b11902114, hole_card: ['CQ', 'HK']
name: b10401008, hole_card: ['S2', 'DK']
"b11902114" declared "call:0"
name: b11902114, hole_card: ['CQ', 'HK']
name: b10401008, hole_card: ['S2', 'DK']
"b10401008" declared "call:0"
"['b11902114']" won the round 14 (stack = {'b11902114': 1000, 'b10401008': 1000})
community cards of this round: ['H5', 'S8', 'DQ', 'H2', 'HQ']
name: b11902114, hole_card: ['ST', 'S3']
name: b10401008, hole_card: ['H6', 'S6']
Started the round 15
Street "preflop" started. (community card = [])
name: b11902114, hole_card: ['ST', 'S3']
name: b10401008, hole_card: ['H6', 'S6']
"b10401008" declared "raise:25"
name: b11902114, hole_card: ['ST', 'S3']
name: b10401008, hole_card: ['H6', 'S6']
"b11902114" declared "fold:0"
"['b10401008']" won the round 15 (stack = {'b11902114': 990, 'b10401008': 1010})
community cards of this round: ['DK', 'H2', 'H9', 'S7', 'H8']
name: b11902114, hole_card: ['D4', 'CA']
name: b10401008, hole_card: ['SK', 'ST']
Started the round 16
Street "preflop" started. (community card = [])
name: b11902114, hole_card: ['D4', 'CA']
name: b10401008, hole_card: ['SK', 'ST']
"b11902114" declared "raise:25"
name: b11902114, hole_card: ['D4', 'CA']
name: b10401008, hole_card: ['SK', 'ST']
"b10401008" declared "call:25"
Street "flop" started. (community card = ['DK', 'H2', 'H9'])
name: b11902114, hole_card: ['D4', 'CA']
name: b10401008, hole_card: ['SK', 'ST']
"b11902114" declared "call:0"
name: b11902114, hole_card: ['D4', 'CA']
name: b10401008, hole_card: ['SK', 'ST']
"b10401008" declared "raise:20"
name: b11902114, hole_card: ['D4', 'CA']
name: b10401008, hole_card: ['SK', 'ST']
"b11902114" declared "raise:965"
name: b11902114, hole_card: ['D4', 'CA']
name: b10401008, hole_card: ['SK', 'ST']
"b10401008" declared "call:965"
Street "turn" started. (community card = ['DK', 'H2', 'H9', 'S7'])
Street "river" started. (community card = ['DK', 'H2', 'H9', 'S7', 'H8'])
"['b10401008']" won the round 16 (stack = {'b11902114': 0, 'b10401008': 2000})
b11902114 vs b10401008 - Game 4: {'rule': {'initial_stack': 1000, 'max_round': 20, 'small_blind_amount': 5, 'ante': 0, 'blind_structure': {}}, 'players': [{'name': 'b11902114', 'uuid': 'halptglgxtzstubibmkxwo', 'stack': 0, 'state': 'folded'}, {'name': 'b10401008', 'uuid': 'czkmyvakybzrkqvpcwlbmp', 'stack': 2000, 'state': 'participating'}]}
community cards of this round: ['D7', 'S2', 'HQ', 'DK', 'HJ']
name: b10401008, hole_card: ['DA', 'H7']
name: b11902114, hole_card: ['CK', 'S5']
Started the round 1
Street "preflop" started. (community card = [])
name: b10401008, hole_card: ['DA', 'H7']
name: b11902114, hole_card: ['CK', 'S5']
"b11902114" declared "fold:0"
"['b10401008']" won the round 1 (stack = {'b10401008': 1005, 'b11902114': 995})
community cards of this round: ['S4', 'H7', 'S8', 'S2', 'DT']
name: b10401008, hole_card: ['D2', 'D5']
name: b11902114, hole_card: ['DJ', 'CT']
Started the round 2
Street "preflop" started. (community card = [])
name: b10401008, hole_card: ['D2', 'D5']
name: b11902114, hole_card: ['DJ', 'CT']
"b10401008" declared "fold:0"
"['b11902114']" won the round 2 (stack = {'b10401008': 1000, 'b11902114': 1000})
community cards of this round: ['DJ', 'CA', 'D5', 'D6', 'H4']
name: b10401008, hole_card: ['CJ', 'S9']
name: b11902114, hole_card: ['H2', 'C2']
Started the round 3
Street "preflop" started. (community card = [])
name: b10401008, hole_card: ['CJ', 'S9']
name: b11902114, hole_card: ['H2', 'C2']
"b11902114" declared "fold:0"
"['b10401008']" won the round 3 (stack = {'b10401008': 1005, 'b11902114': 995})
community cards of this round: ['H4', 'D3', 'H2', 'S5', 'D2']
name: b10401008, hole_card: ['CA', 'SA']
name: b11902114, hole_card: ['C6', 'D7']
Started the round 4
Street "preflop" started. (community card = [])
name: b10401008, hole_card: ['CA', 'SA']
name: b11902114, hole_card: ['C6', 'D7']
"b10401008" declared "raise:20"
name: b10401008, hole_card: ['CA', 'SA']
name: b11902114, hole_card: ['C6', 'D7']
"b11902114" declared "fold:0"
"['b10401008']" won the round 4 (stack = {'b10401008': 1015, 'b11902114': 985})
community cards of this round: ['D8', 'SQ', 'D6', 'CQ', 'C5']
name: b10401008, hole_card: ['C2', 'HJ']
name: b11902114, hole_card: ['S7', 'H4']
Started the round 5
Street "preflop" started. (community card = [])
name: b10401008, hole_card: ['C2', 'HJ']
name: b11902114, hole_card: ['S7', 'H4']
"b11902114" declared "fold:0"
"['b10401008']" won the round 5 (stack = {'b10401008': 1020, 'b11902114': 980})
community cards of this round: ['D4', 'DK', 'CA', 'D3', 'S6']
name: b10401008, hole_card: ['H5', 'HT']
name: b11902114, hole_card: ['DA', 'H2']
Started the round 6
Street "preflop" started. (community card = [])
name: b10401008, hole_card: ['H5', 'HT']
name: b11902114, hole_card: ['DA', 'H2']
"b10401008" declared "fold:0"
"['b11902114']" won the round 6 (stack = {'b10401008': 1015, 'b11902114': 985})
community cards of this round: ['S3', 'HT', 'HJ', 'S7', 'S2']
name: b10401008, hole_card: ['S9', 'CT']
name: b11902114, hole_card: ['DJ', 'HQ']
Started the round 7
Street "preflop" started. (community card = [])
name: b10401008, hole_card: ['S9', 'CT']
name: b11902114, hole_card: ['DJ', 'HQ']
"b11902114" declared "raise:25"
name: b10401008, hole_card: ['S9', 'CT']
name: b11902114, hole_card: ['DJ', 'HQ']
"b10401008" declared "fold:0"
"['b11902114']" won the round 7 (stack = {'b10401008': 1005, 'b11902114': 995})
community cards of this round: ['H5', 'CK', 'H2', 'C8', 'S7']
name: b10401008, hole_card: ['DJ', 'S9']
name: b11902114, hole_card: ['C4', 'H4']
Started the round 8
Street "preflop" started. (community card = [])
name: b10401008, hole_card: ['DJ', 'S9']
name: b11902114, hole_card: ['C4', 'H4']
"b10401008" declared "fold:0"
"['b11902114']" won the round 8 (stack = {'b10401008': 1000, 'b11902114': 1000})
community cards of this round: ['D7', 'C7', 'D6', 'CT', 'D5']
name: b10401008, hole_card: ['S9', 'SQ']
name: b11902114, hole_card: ['C6', 'SJ']
Started the round 9
Street "preflop" started. (community card = [])
name: b10401008, hole_card: ['S9', 'SQ']
name: b11902114, hole_card: ['C6', 'SJ']
"b11902114" declared "fold:0"
"['b10401008']" won the round 9 (stack = {'b10401008': 1005, 'b11902114': 995})
community cards of this round: ['CJ', 'HT', 'S4', 'S9', 'DT']
name: b10401008, hole_card: ['D7', 'HJ']
name: b11902114, hole_card: ['S3', 'S6']
Started the round 10
Street "preflop" started. (community card = [])
name: b10401008, hole_card: ['D7', 'HJ']
name: b11902114, hole_card: ['S3', 'S6']
"b10401008" declared "fold:0"
"['b11902114']" won the round 10 (stack = {'b10401008': 1000, 'b11902114': 1000})
community cards of this round: ['D9', 'D5', 'S7', 'DJ', 'C8']
name: b10401008, hole_card: ['HA', 'H5']
name: b11902114, hole_card: ['S5', 'C3']
Started the round 11
Street "preflop" started. (community card = [])
name: b10401008, hole_card: ['HA', 'H5']
name: b11902114, hole_card: ['S5', 'C3']
"b11902114" declared "fold:0"
"['b10401008']" won the round 11 (stack = {'b10401008': 1005, 'b11902114': 995})
community cards of this round: ['C4', 'CK', 'CQ', 'S3', 'S7']
name: b10401008, hole_card: ['H6', 'S4']
name: b11902114, hole_card: ['D8', 'D7']
Started the round 12
Street "preflop" started. (community card = [])
name: b10401008, hole_card: ['H6', 'S4']
name: b11902114, hole_card: ['D8', 'D7']
"b10401008" declared "fold:0"
"['b11902114']" won the round 12 (stack = {'b10401008': 1000, 'b11902114': 1000})
community cards of this round: ['C5', 'H6', 'C8', 'HJ', 'S6']
name: b10401008, hole_card: ['S8', 'C3']
name: b11902114, hole_card: ['CK', 'HK']
Started the round 13
Street "preflop" started. (community card = [])
name: b10401008, hole_card: ['S8', 'C3']
name: b11902114, hole_card: ['CK', 'HK']
"b11902114" declared "raise:25"
name: b10401008, hole_card: ['S8', 'C3']
name: b11902114, hole_card: ['CK', 'HK']
"b10401008" declared "fold:0"
"['b11902114']" won the round 13 (stack = {'b10401008': 990, 'b11902114': 1010})
community cards of this round: ['CQ', 'H9', 'DK', 'D3', 'S7']
name: b10401008, hole_card: ['HT', 'DT']
name: b11902114, hole_card: ['SQ', 'S6']
Started the round 14
Street "preflop" started. (community card = [])
name: b10401008, hole_card: ['HT', 'DT']
name: b11902114, hole_card: ['SQ', 'S6']
"b10401008" declared "raise:20"
name: b10401008, hole_card: ['HT', 'DT']
name: b11902114, hole_card: ['SQ', 'S6']
"b11902114" declared "fold:0"
"['b10401008']" won the round 14 (stack = {'b10401008': 1000, 'b11902114': 1000})
community cards of this round: ['H7', 'HA', 'S8', 'DJ', 'CJ']
name: b10401008, hole_card: ['C9', 'CT']
name: b11902114, hole_card: ['D8', 'C7']
Started the round 15
Street "preflop" started. (community card = [])
name: b10401008, hole_card: ['C9', 'CT']
name: b11902114, hole_card: ['D8', 'C7']
"b11902114" declared "fold:0"
"['b10401008']" won the round 15 (stack = {'b10401008': 1005, 'b11902114': 995})
community cards of this round: ['CA', 'DQ', 'C3', 'HQ', 'SQ']
name: b10401008, hole_card: ['H2', 'S7']
name: b11902114, hole_card: ['CT', 'HA']
Started the round 16
Street "preflop" started. (community card = [])
name: b10401008, hole_card: ['H2', 'S7']
name: b11902114, hole_card: ['CT', 'HA']
"b10401008" declared "fold:0"
"['b11902114']" won the round 16 (stack = {'b10401008': 1000, 'b11902114': 1000})
community cards of this round: ['H6', 'H5', 'S8', 'S6', 'H4']
name: b10401008, hole_card: ['DJ', 'CA']
name: b11902114, hole_card: ['D6', 'C9']
Started the round 17
Street "preflop" started. (community card = [])
name: b10401008, hole_card: ['DJ', 'CA']
name: b11902114, hole_card: ['D6', 'C9']
"b11902114" declared "fold:0"
"['b10401008']" won the round 17 (stack = {'b10401008': 1005, 'b11902114': 995})
community cards of this round: ['HK', 'DJ', 'HJ', 'CQ', 'H8']
name: b10401008, hole_card: ['HT', 'S5']
name: b11902114, hole_card: ['CK', 'C9']
Started the round 18
Street "preflop" started. (community card = [])
name: b10401008, hole_card: ['HT', 'S5']
name: b11902114, hole_card: ['CK', 'C9']
"b10401008" declared "fold:0"
"['b11902114']" won the round 18 (stack = {'b10401008': 1000, 'b11902114': 1000})
community cards of this round: ['S6', 'HK', 'H8', 'ST', 'DK']
name: b10401008, hole_card: ['H6', 'D7']
name: b11902114, hole_card: ['C9', 'SQ']
Started the round 19
Street "preflop" started. (community card = [])
name: b10401008, hole_card: ['H6', 'D7']
name: b11902114, hole_card: ['C9', 'SQ']
"b11902114" declared "raise:1000"
name: b10401008, hole_card: ['H6', 'D7']
name: b11902114, hole_card: ['C9', 'SQ']
"b10401008" declared "fold:0"
"['b11902114']" won the round 19 (stack = {'b10401008': 990, 'b11902114': 1010})
community cards of this round: ['CT', 'H2', 'S9', 'C2', 'S8']
name: b10401008, hole_card: ['C4', 'CJ']
name: b11902114, hole_card: ['DJ', 'HQ']
Started the round 20
Street "preflop" started. (community card = [])
name: b10401008, hole_card: ['C4', 'CJ']
name: b11902114, hole_card: ['DJ', 'HQ']
"b10401008" declared "fold:0"
"['b11902114']" won the round 20 (stack = {'b10401008': 985, 'b11902114': 1015})
b11902114 vs b10401008 - Game 5: {'rule': {'initial_stack': 1000, 'max_round': 20, 'small_blind_amount': 5, 'ante': 0, 'blind_structure': {}}, 'players': [{'name': 'b10401008', 'uuid': 'enghonhcqonbgbxzgvleny', 'stack': 985, 'state': 'participating'}, {'name': 'b11902114', 'uuid': 'obdhifdvjctrmvvdtqmxkx', 'stack': 1015, 'state': 'participating'}]}
Final Result: b11902114 won 1 games (stack: 6955), b10401008 won 4 games (stack: 3045)
