community cards of this round: ['SJ', 'C2', 'CT', 'CQ', 'CJ']
name: b09508001, hole_card: ['H4', 'S9']
name: b11902029, hole_card: ['HK', 'C3']
Started the round 1
Street "preflop" started. (community card = [])
name: b09508001, hole_card: ['H4', 'S9']
name: b11902029, hole_card: ['HK', 'C3']
"b11902029" declared "raise:15"
name: b09508001, hole_card: ['H4', 'S9']
name: b11902029, hole_card: ['HK', 'C3']
"b09508001" declared "fold:0"
"['b11902029']" won the round 1 (stack = {'b09508001': 990, 'b11902029': 1010})
community cards of this round: ['S9', 'C7', 'D8', 'H5', 'S7']
name: b09508001, hole_card: ['HJ', 'C6']
name: b11902029, hole_card: ['C9', 'S2']
Started the round 2
Street "preflop" started. (community card = [])
name: b09508001, hole_card: ['HJ', 'C6']
name: b11902029, hole_card: ['C9', 'S2']
"b09508001" declared "fold:0"
"['b11902029']" won the round 2 (stack = {'b09508001': 985, 'b11902029': 1015})
community cards of this round: ['D9', 'DQ', 'H8', 'D7', 'S7']
name: b09508001, hole_card: ['DJ', 'CA']
name: b11902029, hole_card: ['DK', 'HT']
Started the round 3
Street "preflop" started. (community card = [])
name: b09508001, hole_card: ['DJ', 'CA']
name: b11902029, hole_card: ['DK', 'HT']
"b11902029" declared "raise:15"
name: b09508001, hole_card: ['DJ', 'CA']
name: b11902029, hole_card: ['DK', 'HT']
"b09508001" declared "call:15"
Street "flop" started. (community card = ['D9', 'DQ', 'H8'])
name: b09508001, hole_card: ['DJ', 'CA']
name: b11902029, hole_card: ['DK', 'HT']
"b11902029" declared "raise:15"
name: b09508001, hole_card: ['DJ', 'CA']
name: b11902029, hole_card: ['DK', 'HT']
"b09508001" declared "call:15"
Street "turn" started. (community card = ['D9', 'DQ', 'H8', 'D7'])
name: b09508001, hole_card: ['DJ', 'CA']
name: b11902029, hole_card: ['DK', 'HT']
"b11902029" declared "raise:30"
name: b09508001, hole_card: ['DJ', 'CA']
name: b11902029, hole_card: ['DK', 'HT']
"b09508001" declared "fold:0"
"['b11902029']" won the round 3 (stack = {'b09508001': 955, 'b11902029': 1045})
community cards of this round: ['C8', 'DT', 'S4', 'SK', 'C5']
name: b09508001, hole_card: ['H7', 'CJ']
name: b11902029, hole_card: ['H9', 'HA']
Started the round 4
Street "preflop" started. (community card = [])
name: b09508001, hole_card: ['H7', 'CJ']
name: b11902029, hole_card: ['H9', 'HA']
"b09508001" declared "fold:0"
"['b11902029']" won the round 4 (stack = {'b09508001': 950, 'b11902029': 1050})
community cards of this round: ['C7', 'D6', 'D5', 'C2', 'D7']
name: b09508001, hole_card: ['H3', 'D9']
name: b11902029, hole_card: ['HK', 'CK']
Started the round 5
Street "preflop" started. (community card = [])
name: b09508001, hole_card: ['H3', 'D9']
name: b11902029, hole_card: ['HK', 'CK']
"b11902029" declared "raise:15"
name: b09508001, hole_card: ['H3', 'D9']
name: b11902029, hole_card: ['HK', 'CK']
"b09508001" declared "fold:0"
"['b11902029']" won the round 5 (stack = {'b09508001': 940, 'b11902029': 1060})
community cards of this round: ['H7', 'HJ', 'C2', 'HT', 'S6']
name: b09508001, hole_card: ['C4', 'HQ']
name: b11902029, hole_card: ['DK', 'S5']
Started the round 6
Street "preflop" started. (community card = [])
name: b09508001, hole_card: ['C4', 'HQ']
name: b11902029, hole_card: ['DK', 'S5']
"b09508001" declared "fold:0"
"['b11902029']" won the round 6 (stack = {'b09508001': 935, 'b11902029': 1065})
community cards of this round: ['S7', 'H2', 'D4', 'HT', 'DJ']
name: b09508001, hole_card: ['ST', 'C9']
name: b11902029, hole_card: ['H4', 'C4']
Started the round 7
Street "preflop" started. (community card = [])
name: b09508001, hole_card: ['ST', 'C9']
name: b11902029, hole_card: ['H4', 'C4']
"b11902029" declared "raise:15"
name: b09508001, hole_card: ['ST', 'C9']
name: b11902029, hole_card: ['H4', 'C4']
"b09508001" declared "fold:0"
"['b11902029']" won the round 7 (stack = {'b09508001': 925, 'b11902029': 1075})
community cards of this round: ['C5', 'S5', 'D2', 'D6', 'DQ']
name: b09508001, hole_card: ['H2', 'C6']
name: b11902029, hole_card: ['DA', 'H4']
Started the round 8
Street "preflop" started. (community card = [])
name: b09508001, hole_card: ['H2', 'C6']
name: b11902029, hole_card: ['DA', 'H4']
"b09508001" declared "fold:0"
"['b11902029']" won the round 8 (stack = {'b09508001': 920, 'b11902029': 1080})
community cards of this round: ['D4', 'D9', 'CA', 'DJ', 'H2']
name: b09508001, hole_card: ['D8', 'S7']
name: b11902029, hole_card: ['SA', 'D2']
Started the round 9
Street "preflop" started. (community card = [])
name: b09508001, hole_card: ['D8', 'S7']
name: b11902029, hole_card: ['SA', 'D2']
"b11902029" declared "raise:15"
name: b09508001, hole_card: ['D8', 'S7']
name: b11902029, hole_card: ['SA', 'D2']
"b09508001" declared "raise:920"
name: b09508001, hole_card: ['D8', 'S7']
name: b11902029, hole_card: ['SA', 'D2']
"b11902029" declared "fold:0"
"['b09508001']" won the round 9 (stack = {'b09508001': 935, 'b11902029': 1065})
community cards of this round: ['SA', 'C3', 'ST', 'S3', 'HJ']
name: b09508001, hole_card: ['D9', 'S6']
name: b11902029, hole_card: ['D5', 'DA']
Started the round 10
Street "preflop" started. (community card = [])
name: b09508001, hole_card: ['D9', 'S6']
name: b11902029, hole_card: ['D5', 'DA']
"b09508001" declared "fold:0"
"['b11902029']" won the round 10 (stack = {'b09508001': 930, 'b11902029': 1070})
community cards of this round: ['D6', 'HQ', 'DT', 'DQ', 'D5']
name: b09508001, hole_card: ['C9', 'H5']
name: b11902029, hole_card: ['S2', 'H7']
Started the round 11
Street "preflop" started. (community card = [])
name: b09508001, hole_card: ['C9', 'H5']
name: b11902029, hole_card: ['S2', 'H7']
"b11902029" declared "fold:0"
"['b09508001']" won the round 11 (stack = {'b09508001': 935, 'b11902029': 1065})
community cards of this round: ['C9', 'D2', 'H6', 'H9', 'C3']
name: b09508001, hole_card: ['S6', 'H5']
name: b11902029, hole_card: ['S4', 'H8']
Started the round 12
Street "preflop" started. (community card = [])
name: b09508001, hole_card: ['S6', 'H5']
name: b11902029, hole_card: ['S4', 'H8']
"b09508001" declared "raise:935"
name: b09508001, hole_card: ['S6', 'H5']
name: b11902029, hole_card: ['S4', 'H8']
"b11902029" declared "fold:0"
"['b09508001']" won the round 12 (stack = {'b09508001': 945, 'b11902029': 1055})
community cards of this round: ['D6', 'C7', 'H7', 'H4', 'D5']
name: b09508001, hole_card: ['CT', 'H8']
name: b11902029, hole_card: ['S7', 'S8']
Started the round 13
Street "preflop" started. (community card = [])
name: b09508001, hole_card: ['CT', 'H8']
name: b11902029, hole_card: ['S7', 'S8']
"b11902029" declared "raise:15"
name: b09508001, hole_card: ['CT', 'H8']
name: b11902029, hole_card: ['S7', 'S8']
"b09508001" declared "raise:945"
name: b09508001, hole_card: ['CT', 'H8']
name: b11902029, hole_card: ['S7', 'S8']
"b11902029" declared "fold:0"
"['b09508001']" won the round 13 (stack = {'b09508001': 960, 'b11902029': 1040})
community cards of this round: ['D3', 'D9', 'D6', 'C8', 'H2']
name: b09508001, hole_card: ['D4', 'C4']
name: b11902029, hole_card: ['D7', 'HT']
Started the round 14
Street "preflop" started. (community card = [])
name: b09508001, hole_card: ['D4', 'C4']
name: b11902029, hole_card: ['D7', 'HT']
"b09508001" declared "call:10"
name: b09508001, hole_card: ['D4', 'C4']
name: b11902029, hole_card: ['D7', 'HT']
"b11902029" declared "raise:15"
name: b09508001, hole_card: ['D4', 'C4']
name: b11902029, hole_card: ['D7', 'HT']
"b09508001" declared "raise:960"
name: b09508001, hole_card: ['D4', 'C4']
name: b11902029, hole_card: ['D7', 'HT']
"b11902029" declared "fold:0"
"['b09508001']" won the round 14 (stack = {'b09508001': 975, 'b11902029': 1025})
community cards of this round: ['C4', 'S8', 'D7', 'SJ', 'CA']
name: b09508001, hole_card: ['DJ', 'DA']
name: b11902029, hole_card: ['CJ', 'D3']
Started the round 15
Street "preflop" started. (community card = [])
name: b09508001, hole_card: ['DJ', 'DA']
name: b11902029, hole_card: ['CJ', 'D3']
"b11902029" declared "raise:15"
name: b09508001, hole_card: ['DJ', 'DA']
name: b11902029, hole_card: ['CJ', 'D3']
"b09508001" declared "call:15"
Street "flop" started. (community card = ['C4', 'S8', 'D7'])
name: b09508001, hole_card: ['DJ', 'DA']
name: b11902029, hole_card: ['CJ', 'D3']
"b11902029" declared "call:0"
name: b09508001, hole_card: ['DJ', 'DA']
name: b11902029, hole_card: ['CJ', 'D3']
"b09508001" declared "raise:960"
name: b09508001, hole_card: ['DJ', 'DA']
name: b11902029, hole_card: ['CJ', 'D3']
"b11902029" declared "fold:0"
"['b09508001']" won the round 15 (stack = {'b09508001': 990, 'b11902029': 1010})
community cards of this round: ['DT', 'H5', 'HJ', 'SA', 'ST']
name: b09508001, hole_card: ['SJ', 'S7']
name: b11902029, hole_card: ['S6', 'S9']
Started the round 16
Street "preflop" started. (community card = [])
name: b09508001, hole_card: ['SJ', 'S7']
name: b11902029, hole_card: ['S6', 'S9']
"b09508001" declared "fold:0"
"['b11902029']" won the round 16 (stack = {'b09508001': 985, 'b11902029': 1015})
community cards of this round: ['CA', 'D8', 'D3', 'CK', 'CQ']
name: b09508001, hole_card: ['H7', 'HK']
name: b11902029, hole_card: ['ST', 'D9']
Started the round 17
Street "preflop" started. (community card = [])
name: b09508001, hole_card: ['H7', 'HK']
name: b11902029, hole_card: ['ST', 'D9']
"b11902029" declared "fold:0"
"['b09508001']" won the round 17 (stack = {'b09508001': 990, 'b11902029': 1010})
community cards of this round: ['C2', 'HT', 'S9', 'S7', 'SJ']
name: b09508001, hole_card: ['S6', 'CK']
name: b11902029, hole_card: ['C9', 'CA']
Started the round 18
Street "preflop" started. (community card = [])
name: b09508001, hole_card: ['S6', 'CK']
name: b11902029, hole_card: ['C9', 'CA']
"b09508001" declared "call:10"
name: b09508001, hole_card: ['S6', 'CK']
name: b11902029, hole_card: ['C9', 'CA']
"b11902029" declared "raise:15"
name: b09508001, hole_card: ['S6', 'CK']
name: b11902029, hole_card: ['C9', 'CA']
"b09508001" declared "raise:990"
name: b09508001, hole_card: ['S6', 'CK']
name: b11902029, hole_card: ['C9', 'CA']
"b11902029" declared "raise:502", Invalid action. Treat as fold...
"['b09508001']" won the round 18 (stack = {'b09508001': 1005, 'b11902029': 995})
community cards of this round: ['S4', 'D8', 'C2', 'S5', 'C8']
name: b09508001, hole_card: ['S7', 'HT']
name: b11902029, hole_card: ['SQ', 'C4']
Started the round 19
Street "preflop" started. (community card = [])
name: b09508001, hole_card: ['S7', 'HT']
name: b11902029, hole_card: ['SQ', 'C4']
"b11902029" declared "raise:15"
name: b09508001, hole_card: ['S7', 'HT']
name: b11902029, hole_card: ['SQ', 'C4']
"b09508001" declared "fold:0"
"['b11902029']" won the round 19 (stack = {'b09508001': 995, 'b11902029': 1005})
community cards of this round: ['H5', 'H8', 'S6', 'ST', 'CJ']
name: b09508001, hole_card: ['HT', 'S7']
name: b11902029, hole_card: ['DQ', 'DK']
Started the round 20
Street "preflop" started. (community card = [])
name: b09508001, hole_card: ['HT', 'S7']
name: b11902029, hole_card: ['DQ', 'DK']
"b09508001" declared "raise:995"
name: b09508001, hole_card: ['HT', 'S7']
name: b11902029, hole_card: ['DQ', 'DK']
"b11902029" declared "raise:502", Invalid action. Treat as fold...
"['b09508001']" won the round 20 (stack = {'b09508001': 1005, 'b11902029': 995})
b11902029 vs b09508001 - Game 1: {'rule': {'initial_stack': 1000, 'max_round': 20, 'small_blind_amount': 5, 'ante': 0, 'blind_structure': {}}, 'players': [{'name': 'b09508001', 'uuid': 'lwdwrwpslqwkyotvrgisgp', 'stack': 1005, 'state': 'participating'}, {'name': 'b11902029', 'uuid': 'iplwxtdbdvwhqralnejayh', 'stack': 995, 'state': 'participating'}]}
community cards of this round: ['SJ', 'C2', 'CT', 'CQ', 'CJ']
name: b11902029, hole_card: ['H4', 'S9']
name: b09508001, hole_card: ['HK', 'C3']
Started the round 1
Street "preflop" started. (community card = [])
name: b11902029, hole_card: ['H4', 'S9']
name: b09508001, hole_card: ['HK', 'C3']
"b09508001" declared "fold:0"
"['b11902029']" won the round 1 (stack = {'b11902029': 1005, 'b09508001': 995})
community cards of this round: ['S9', 'C7', 'D8', 'H5', 'S7']
name: b11902029, hole_card: ['HJ', 'C6']
name: b09508001, hole_card: ['C9', 'S2']
Started the round 2
Street "preflop" started. (community card = [])
name: b11902029, hole_card: ['HJ', 'C6']
name: b09508001, hole_card: ['C9', 'S2']
"b11902029" declared "raise:15"
name: b11902029, hole_card: ['HJ', 'C6']
name: b09508001, hole_card: ['C9', 'S2']
"b09508001" declared "fold:0"
"['b11902029']" won the round 2 (stack = {'b11902029': 1015, 'b09508001': 985})
community cards of this round: ['D9', 'DQ', 'H8', 'D7', 'S7']
name: b11902029, hole_card: ['DJ', 'CA']
name: b09508001, hole_card: ['DK', 'HT']
Started the round 3
Street "preflop" started. (community card = [])
name: b11902029, hole_card: ['DJ', 'CA']
name: b09508001, hole_card: ['DK', 'HT']
"b09508001" declared "call:10"
name: b11902029, hole_card: ['DJ', 'CA']
name: b09508001, hole_card: ['DK', 'HT']
"b11902029" declared "raise:15"
name: b11902029, hole_card: ['DJ', 'CA']
name: b09508001, hole_card: ['DK', 'HT']
"b09508001" declared "call:15"
Street "flop" started. (community card = ['D9', 'DQ', 'H8'])
name: b11902029, hole_card: ['DJ', 'CA']
name: b09508001, hole_card: ['DK', 'HT']
"b09508001" declared "fold:0"
"['b11902029']" won the round 3 (stack = {'b11902029': 1030, 'b09508001': 970})
community cards of this round: ['C8', 'DT', 'S4', 'SK', 'C5']
name: b11902029, hole_card: ['H7', 'CJ']
name: b09508001, hole_card: ['H9', 'HA']
Started the round 4
Street "preflop" started. (community card = [])
name: b11902029, hole_card: ['H7', 'CJ']
name: b09508001, hole_card: ['H9', 'HA']
"b11902029" declared "raise:15"
name: b11902029, hole_card: ['H7', 'CJ']
name: b09508001, hole_card: ['H9', 'HA']
"b09508001" declared "call:15"
Street "flop" started. (community card = ['C8', 'DT', 'S4'])
name: b11902029, hole_card: ['H7', 'CJ']
name: b09508001, hole_card: ['H9', 'HA']
"b11902029" declared "call:0"
name: b11902029, hole_card: ['H7', 'CJ']
name: b09508001, hole_card: ['H9', 'HA']
"b09508001" declared "fold:0"
"['b11902029']" won the round 4 (stack = {'b11902029': 1045, 'b09508001': 955})
community cards of this round: ['C7', 'D6', 'D5', 'C2', 'D7']
name: b11902029, hole_card: ['H3', 'D9']
name: b09508001, hole_card: ['HK', 'CK']
Started the round 5
Street "preflop" started. (community card = [])
name: b11902029, hole_card: ['H3', 'D9']
name: b09508001, hole_card: ['HK', 'CK']
"b09508001" declared "raise:146.0"
name: b11902029, hole_card: ['H3', 'D9']
name: b09508001, hole_card: ['HK', 'CK']
"b11902029" declared "fold:0"
"['b09508001']" won the round 5 (stack = {'b11902029': 1035, 'b09508001': 965.0})
community cards of this round: ['H7', 'HJ', 'C2', 'HT', 'S6']
name: b11902029, hole_card: ['C4', 'HQ']
name: b09508001, hole_card: ['DK', 'S5']
Started the round 6
Street "preflop" started. (community card = [])
name: b11902029, hole_card: ['C4', 'HQ']
name: b09508001, hole_card: ['DK', 'S5']
"b11902029" declared "raise:15"
name: b11902029, hole_card: ['C4', 'HQ']
name: b09508001, hole_card: ['DK', 'S5']
"b09508001" declared "fold:0"
"['b11902029']" won the round 6 (stack = {'b11902029': 1045, 'b09508001': 955.0})
community cards of this round: ['S7', 'H2', 'D4', 'HT', 'DJ']
name: b11902029, hole_card: ['ST', 'C9']
name: b09508001, hole_card: ['H4', 'C4']
Started the round 7
Street "preflop" started. (community card = [])
name: b11902029, hole_card: ['ST', 'C9']
name: b09508001, hole_card: ['H4', 'C4']
"b09508001" declared "call:10"
name: b11902029, hole_card: ['ST', 'C9']
name: b09508001, hole_card: ['H4', 'C4']
"b11902029" declared "raise:15"
name: b11902029, hole_card: ['ST', 'C9']
name: b09508001, hole_card: ['H4', 'C4']
"b09508001" declared "call:15"
Street "flop" started. (community card = ['S7', 'H2', 'D4'])
name: b11902029, hole_card: ['ST', 'C9']
name: b09508001, hole_card: ['H4', 'C4']
"b09508001" declared "raise:126.0"
name: b11902029, hole_card: ['ST', 'C9']
name: b09508001, hole_card: ['H4', 'C4']
"b11902029" declared "fold:0"
"['b09508001']" won the round 7 (stack = {'b11902029': 1030, 'b09508001': 970.0})
community cards of this round: ['C5', 'S5', 'D2', 'D6', 'DQ']
name: b11902029, hole_card: ['H2', 'C6']
name: b09508001, hole_card: ['DA', 'H4']
Started the round 8
Street "preflop" started. (community card = [])
name: b11902029, hole_card: ['H2', 'C6']
name: b09508001, hole_card: ['DA', 'H4']
"b11902029" declared "fold:0"
"['b09508001']" won the round 8 (stack = {'b11902029': 1025, 'b09508001': 975.0})
community cards of this round: ['D4', 'D9', 'CA', 'DJ', 'H2']
name: b11902029, hole_card: ['D8', 'S7']
name: b09508001, hole_card: ['SA', 'D2']
Started the round 9
Street "preflop" started. (community card = [])
name: b11902029, hole_card: ['D8', 'S7']
name: b09508001, hole_card: ['SA', 'D2']
"b09508001" declared "fold:0"
"['b11902029']" won the round 9 (stack = {'b11902029': 1030, 'b09508001': 970.0})
community cards of this round: ['SA', 'C3', 'ST', 'S3', 'HJ']
name: b11902029, hole_card: ['D9', 'S6']
name: b09508001, hole_card: ['D5', 'DA']
Started the round 10
Street "preflop" started. (community card = [])
name: b11902029, hole_card: ['D9', 'S6']
name: b09508001, hole_card: ['D5', 'DA']
"b11902029" declared "raise:15"
name: b11902029, hole_card: ['D9', 'S6']
name: b09508001, hole_card: ['D5', 'DA']
"b09508001" declared "call:15"
Street "flop" started. (community card = ['SA', 'C3', 'ST'])
name: b11902029, hole_card: ['D9', 'S6']
name: b09508001, hole_card: ['D5', 'DA']
"b11902029" declared "call:0"
name: b11902029, hole_card: ['D9', 'S6']
name: b09508001, hole_card: ['D5', 'DA']
"b09508001" declared "raise:91.0"
name: b11902029, hole_card: ['D9', 'S6']
name: b09508001, hole_card: ['D5', 'DA']
"b11902029" declared "fold:0"
"['b09508001']" won the round 10 (stack = {'b11902029': 1015, 'b09508001': 985.0})
community cards of this round: ['D6', 'HQ', 'DT', 'DQ', 'D5']
name: b11902029, hole_card: ['C9', 'H5']
name: b09508001, hole_card: ['S2', 'H7']
Started the round 11
Street "preflop" started. (community card = [])
name: b11902029, hole_card: ['C9', 'H5']
name: b09508001, hole_card: ['S2', 'H7']
"b09508001" declared "fold:0"
"['b11902029']" won the round 11 (stack = {'b11902029': 1020, 'b09508001': 980.0})
community cards of this round: ['C9', 'D2', 'H6', 'H9', 'C3']
name: b11902029, hole_card: ['S6', 'H5']
name: b09508001, hole_card: ['S4', 'H8']
Started the round 12
Street "preflop" started. (community card = [])
name: b11902029, hole_card: ['S6', 'H5']
name: b09508001, hole_card: ['S4', 'H8']
"b11902029" declared "raise:15"
name: b11902029, hole_card: ['S6', 'H5']
name: b09508001, hole_card: ['S4', 'H8']
"b09508001" declared "fold:0"
"['b11902029']" won the round 12 (stack = {'b11902029': 1030, 'b09508001': 970.0})
community cards of this round: ['D6', 'C7', 'H7', 'H4', 'D5']
name: b11902029, hole_card: ['CT', 'H8']
name: b09508001, hole_card: ['S7', 'S8']
Started the round 13
Street "preflop" started. (community card = [])
name: b11902029, hole_card: ['CT', 'H8']
name: b09508001, hole_card: ['S7', 'S8']
"b09508001" declared "fold:0"
"['b11902029']" won the round 13 (stack = {'b11902029': 1035, 'b09508001': 965.0})
community cards of this round: ['D3', 'D9', 'D6', 'C8', 'H2']
name: b11902029, hole_card: ['D4', 'C4']
name: b09508001, hole_card: ['D7', 'HT']
Started the round 14
Street "preflop" started. (community card = [])
name: b11902029, hole_card: ['D4', 'C4']
name: b09508001, hole_card: ['D7', 'HT']
"b11902029" declared "raise:15"
name: b11902029, hole_card: ['D4', 'C4']
name: b09508001, hole_card: ['D7', 'HT']
"b09508001" declared "fold:0"
"['b11902029']" won the round 14 (stack = {'b11902029': 1045, 'b09508001': 955.0})
community cards of this round: ['C4', 'S8', 'D7', 'SJ', 'CA']
name: b11902029, hole_card: ['DJ', 'DA']
name: b09508001, hole_card: ['CJ', 'D3']
Started the round 15
Street "preflop" started. (community card = [])
name: b11902029, hole_card: ['DJ', 'DA']
name: b09508001, hole_card: ['CJ', 'D3']
"b09508001" declared "raise:955.0"
name: b11902029, hole_card: ['DJ', 'DA']
name: b09508001, hole_card: ['CJ', 'D3']
"b11902029" declared "fold:0"
"['b09508001']" won the round 15 (stack = {'b11902029': 1035, 'b09508001': 965.0})
community cards of this round: ['DT', 'H5', 'HJ', 'SA', 'ST']
name: b11902029, hole_card: ['SJ', 'S7']
name: b09508001, hole_card: ['S6', 'S9']
Started the round 16
Street "preflop" started. (community card = [])
name: b11902029, hole_card: ['SJ', 'S7']
name: b09508001, hole_card: ['S6', 'S9']
"b11902029" declared "raise:15"
name: b11902029, hole_card: ['SJ', 'S7']
name: b09508001, hole_card: ['S6', 'S9']
"b09508001" declared "raise:965.0"
name: b11902029, hole_card: ['SJ', 'S7']
name: b09508001, hole_card: ['S6', 'S9']
"b11902029" declared "fold:0"
"['b09508001']" won the round 16 (stack = {'b11902029': 1020, 'b09508001': 980.0})
community cards of this round: ['CA', 'D8', 'D3', 'CK', 'CQ']
name: b11902029, hole_card: ['H7', 'HK']
name: b09508001, hole_card: ['ST', 'D9']
Started the round 17
Street "preflop" started. (community card = [])
name: b11902029, hole_card: ['H7', 'HK']
name: b09508001, hole_card: ['ST', 'D9']
"b09508001" declared "fold:0"
"['b11902029']" won the round 17 (stack = {'b11902029': 1025, 'b09508001': 975.0})
community cards of this round: ['C2', 'HT', 'S9', 'S7', 'SJ']
name: b11902029, hole_card: ['S6', 'CK']
name: b09508001, hole_card: ['C9', 'CA']
Started the round 18
Street "preflop" started. (community card = [])
name: b11902029, hole_card: ['S6', 'CK']
name: b09508001, hole_card: ['C9', 'CA']
"b11902029" declared "raise:15"
name: b11902029, hole_card: ['S6', 'CK']
name: b09508001, hole_card: ['C9', 'CA']
"b09508001" declared "raise:975.0"
name: b11902029, hole_card: ['S6', 'CK']
name: b09508001, hole_card: ['C9', 'CA']
"b11902029" declared "fold:0"
"['b09508001']" won the round 18 (stack = {'b11902029': 1010, 'b09508001': 990.0})
community cards of this round: ['S4', 'D8', 'C2', 'S5', 'C8']
name: b11902029, hole_card: ['S7', 'HT']
name: b09508001, hole_card: ['SQ', 'C4']
Started the round 19
Street "preflop" started. (community card = [])
name: b11902029, hole_card: ['S7', 'HT']
name: b09508001, hole_card: ['SQ', 'C4']
"b09508001" declared "raise:990.0"
name: b11902029, hole_card: ['S7', 'HT']
name: b09508001, hole_card: ['SQ', 'C4']
"b11902029" declared "fold:0"
"['b09508001']" won the round 19 (stack = {'b11902029': 1000, 'b09508001': 1000.0})
community cards of this round: ['H5', 'H8', 'S6', 'ST', 'CJ']
name: b11902029, hole_card: ['HT', 'S7']
name: b09508001, hole_card: ['DQ', 'DK']
Started the round 20
Street "preflop" started. (community card = [])
name: b11902029, hole_card: ['HT', 'S7']
name: b09508001, hole_card: ['DQ', 'DK']
"b11902029" declared "raise:15"
name: b11902029, hole_card: ['HT', 'S7']
name: b09508001, hole_card: ['DQ', 'DK']
"b09508001" declared "raise:1000.0"
name: b11902029, hole_card: ['HT', 'S7']
name: b09508001, hole_card: ['DQ', 'DK']
"b11902029" declared "raise:507", Invalid action. Treat as fold...
"['b09508001']" won the round 20 (stack = {'b11902029': 985, 'b09508001': 1015.0})
b11902029 vs b09508001 - Game 2: {'rule': {'initial_stack': 1000, 'max_round': 20, 'small_blind_amount': 5, 'ante': 0, 'blind_structure': {}}, 'players': [{'name': 'b11902029', 'uuid': 'phzmxhupamhrfysrsybzgy', 'stack': 985, 'state': 'participating'}, {'name': 'b09508001', 'uuid': 'dwuaskwjlomhdvxrifrlsh', 'stack': 1015.0, 'state': 'participating'}]}
community cards of this round: ['C5', 'C9', 'C7', 'H4', 'S4']
name: b09508001, hole_card: ['D8', 'DK']
name: b11902029, hole_card: ['C3', 'D9']
Started the round 1
Street "preflop" started. (community card = [])
name: b09508001, hole_card: ['D8', 'DK']
name: b11902029, hole_card: ['C3', 'D9']
"b11902029" declared "raise:15"
name: b09508001, hole_card: ['D8', 'DK']
name: b11902029, hole_card: ['C3', 'D9']
"b09508001" declared "call:15"
Street "flop" started. (community card = ['C5', 'C9', 'C7'])
name: b09508001, hole_card: ['D8', 'DK']
name: b11902029, hole_card: ['C3', 'D9']
"b11902029" declared "raise:15"
name: b09508001, hole_card: ['D8', 'DK']
name: b11902029, hole_card: ['C3', 'D9']
"b09508001" declared "fold:0"
"['b11902029']" won the round 1 (stack = {'b09508001': 985, 'b11902029': 1015})
community cards of this round: ['H2', 'S2', 'SJ', 'C5', 'DK']
name: b09508001, hole_card: ['C6', 'H4']
name: b11902029, hole_card: ['HT', 'S4']
Started the round 2
Street "preflop" started. (community card = [])
name: b09508001, hole_card: ['C6', 'H4']
name: b11902029, hole_card: ['HT', 'S4']
"b09508001" declared "fold:0"
"['b11902029']" won the round 2 (stack = {'b09508001': 980, 'b11902029': 1020})
community cards of this round: ['H4', 'S7', 'D9', 'D6', 'S5']
name: b09508001, hole_card: ['S8', 'S9']
name: b11902029, hole_card: ['D4', 'S4']
Started the round 3
Street "preflop" started. (community card = [])
name: b09508001, hole_card: ['S8', 'S9']
name: b11902029, hole_card: ['D4', 'S4']
"b11902029" declared "raise:15"
name: b09508001, hole_card: ['S8', 'S9']
name: b11902029, hole_card: ['D4', 'S4']
"b09508001" declared "fold:0"
"['b11902029']" won the round 3 (stack = {'b09508001': 970, 'b11902029': 1030})
community cards of this round: ['H8', 'C2', 'S9', 'D7', 'C3']
name: b09508001, hole_card: ['S3', 'CQ']
name: b11902029, hole_card: ['D2', 'D4']
Started the round 4
Street "preflop" started. (community card = [])
name: b09508001, hole_card: ['S3', 'CQ']
name: b11902029, hole_card: ['D2', 'D4']
"b09508001" declared "fold:0"
"['b11902029']" won the round 4 (stack = {'b09508001': 965, 'b11902029': 1035})
community cards of this round: ['D3', 'H9', 'DK', 'D4', 'H7']
name: b09508001, hole_card: ['S2', 'SQ']
name: b11902029, hole_card: ['D8', 'C9']
Started the round 5
Street "preflop" started. (community card = [])
name: b09508001, hole_card: ['S2', 'SQ']
name: b11902029, hole_card: ['D8', 'C9']
"b11902029" declared "raise:15"
name: b09508001, hole_card: ['S2', 'SQ']
name: b11902029, hole_card: ['D8', 'C9']
"b09508001" declared "fold:0"
"['b11902029']" won the round 5 (stack = {'b09508001': 955, 'b11902029': 1045})
community cards of this round: ['D4', 'DQ', 'H9', 'CT', 'DA']
name: b09508001, hole_card: ['S4', 'S5']
name: b11902029, hole_card: ['D7', 'D3']
Started the round 6
Street "preflop" started. (community card = [])
name: b09508001, hole_card: ['S4', 'S5']
name: b11902029, hole_card: ['D7', 'D3']
"b09508001" declared "fold:0"
"['b11902029']" won the round 6 (stack = {'b09508001': 950, 'b11902029': 1050})
community cards of this round: ['SA', 'ST', 'D3', 'D4', 'S2']
name: b09508001, hole_card: ['D8', 'CQ']
name: b11902029, hole_card: ['D6', 'H9']
Started the round 7
Street "preflop" started. (community card = [])
name: b09508001, hole_card: ['D8', 'CQ']
name: b11902029, hole_card: ['D6', 'H9']
"b11902029" declared "raise:15"
name: b09508001, hole_card: ['D8', 'CQ']
name: b11902029, hole_card: ['D6', 'H9']
"b09508001" declared "call:15"
Street "flop" started. (community card = ['SA', 'ST', 'D3'])
name: b09508001, hole_card: ['D8', 'CQ']
name: b11902029, hole_card: ['D6', 'H9']
"b11902029" declared "call:0"
name: b09508001, hole_card: ['D8', 'CQ']
name: b11902029, hole_card: ['D6', 'H9']
"b09508001" declared "fold:0"
"['b11902029']" won the round 7 (stack = {'b09508001': 935, 'b11902029': 1065})
community cards of this round: ['SQ', 'C2', 'ST', 'S4', 'C5']
name: b09508001, hole_card: ['C7', 'D4']
name: b11902029, hole_card: ['H8', 'S2']
Started the round 8
Street "preflop" started. (community card = [])
name: b09508001, hole_card: ['C7', 'D4']
name: b11902029, hole_card: ['H8', 'S2']
"b09508001" declared "fold:0"
"['b11902029']" won the round 8 (stack = {'b09508001': 930, 'b11902029': 1070})
community cards of this round: ['HJ', 'H4', 'D9', 'CJ', 'C5']
name: b09508001, hole_card: ['CQ', 'S9']
name: b11902029, hole_card: ['S6', 'D8']
Started the round 9
Street "preflop" started. (community card = [])
name: b09508001, hole_card: ['CQ', 'S9']
name: b11902029, hole_card: ['S6', 'D8']
"b11902029" declared "raise:15"
name: b09508001, hole_card: ['CQ', 'S9']
name: b11902029, hole_card: ['S6', 'D8']
"b09508001" declared "call:15"
Street "flop" started. (community card = ['HJ', 'H4', 'D9'])
name: b09508001, hole_card: ['CQ', 'S9']
name: b11902029, hole_card: ['S6', 'D8']
"b11902029" declared "call:0"
name: b09508001, hole_card: ['CQ', 'S9']
name: b11902029, hole_card: ['S6', 'D8']
"b09508001" declared "raise:915"
name: b09508001, hole_card: ['CQ', 'S9']
name: b11902029, hole_card: ['S6', 'D8']
"b11902029" declared "fold:0"
"['b09508001']" won the round 9 (stack = {'b09508001': 945, 'b11902029': 1055})
community cards of this round: ['DK', 'H4', 'C7', 'C2', 'H8']
name: b09508001, hole_card: ['CQ', 'HT']
name: b11902029, hole_card: ['SJ', 'H7']
Started the round 10
Street "preflop" started. (community card = [])
name: b09508001, hole_card: ['CQ', 'HT']
name: b11902029, hole_card: ['SJ', 'H7']
"b09508001" declared "call:10"
name: b09508001, hole_card: ['CQ', 'HT']
name: b11902029, hole_card: ['SJ', 'H7']
"b11902029" declared "raise:15"
name: b09508001, hole_card: ['CQ', 'HT']
name: b11902029, hole_card: ['SJ', 'H7']
"b09508001" declared "call:15"
Street "flop" started. (community card = ['DK', 'H4', 'C7'])
name: b09508001, hole_card: ['CQ', 'HT']
name: b11902029, hole_card: ['SJ', 'H7']
"b09508001" declared "fold:0"
"['b11902029']" won the round 10 (stack = {'b09508001': 930, 'b11902029': 1070})
community cards of this round: ['CK', 'S8', 'SK', 'H9', 'D9']
name: b09508001, hole_card: ['D2', 'S4']
name: b11902029, hole_card: ['S7', 'S3']
Started the round 11
Street "preflop" started. (community card = [])
name: b09508001, hole_card: ['D2', 'S4']
name: b11902029, hole_card: ['S7', 'S3']
"b11902029" declared "raise:15"
name: b09508001, hole_card: ['D2', 'S4']
name: b11902029, hole_card: ['S7', 'S3']
"b09508001" declared "raise:930"
name: b09508001, hole_card: ['D2', 'S4']
name: b11902029, hole_card: ['S7', 'S3']
"b11902029" declared "fold:0"
"['b09508001']" won the round 11 (stack = {'b09508001': 945, 'b11902029': 1055})
community cards of this round: ['D3', 'CT', 'D9', 'H8', 'C8']
name: b09508001, hole_card: ['D4', 'HA']
name: b11902029, hole_card: ['C5', 'DJ']
Started the round 12
Street "preflop" started. (community card = [])
name: b09508001, hole_card: ['D4', 'HA']
name: b11902029, hole_card: ['C5', 'DJ']
"b09508001" declared "call:10"
name: b09508001, hole_card: ['D4', 'HA']
name: b11902029, hole_card: ['C5', 'DJ']
"b11902029" declared "raise:15"
name: b09508001, hole_card: ['D4', 'HA']
name: b11902029, hole_card: ['C5', 'DJ']
"b09508001" declared "raise:945"
name: b09508001, hole_card: ['D4', 'HA']
name: b11902029, hole_card: ['C5', 'DJ']
"b11902029" declared "fold:0"
"['b09508001']" won the round 12 (stack = {'b09508001': 960, 'b11902029': 1040})
community cards of this round: ['H5', 'H3', 'H8', 'CJ', 'C7']
name: b09508001, hole_card: ['D6', 'HQ']
name: b11902029, hole_card: ['DK', 'C3']
Started the round 13
Street "preflop" started. (community card = [])
name: b09508001, hole_card: ['D6', 'HQ']
name: b11902029, hole_card: ['DK', 'C3']
"b11902029" declared "raise:15"
name: b09508001, hole_card: ['D6', 'HQ']
name: b11902029, hole_card: ['DK', 'C3']
"b09508001" declared "fold:0"
"['b11902029']" won the round 13 (stack = {'b09508001': 950, 'b11902029': 1050})
community cards of this round: ['SA', 'D9', 'HT', 'C6', 'C2']
name: b09508001, hole_card: ['D5', 'C4']
name: b11902029, hole_card: ['HJ', 'D6']
Started the round 14
Street "preflop" started. (community card = [])
name: b09508001, hole_card: ['D5', 'C4']
name: b11902029, hole_card: ['HJ', 'D6']
"b09508001" declared "raise:950"
name: b09508001, hole_card: ['D5', 'C4']
name: b11902029, hole_card: ['HJ', 'D6']
"b11902029" declared "fold:0"
"['b09508001']" won the round 14 (stack = {'b09508001': 960, 'b11902029': 1040})
community cards of this round: ['HQ', 'CT', 'D7', 'CJ', 'C6']
name: b09508001, hole_card: ['HT', 'CK']
name: b11902029, hole_card: ['D6', 'S7']
Started the round 15
Street "preflop" started. (community card = [])
name: b09508001, hole_card: ['HT', 'CK']
name: b11902029, hole_card: ['D6', 'S7']
"b11902029" declared "raise:15"
name: b09508001, hole_card: ['HT', 'CK']
name: b11902029, hole_card: ['D6', 'S7']
"b09508001" declared "raise:960"
name: b09508001, hole_card: ['HT', 'CK']
name: b11902029, hole_card: ['D6', 'S7']
"b11902029" declared "fold:0"
"['b09508001']" won the round 15 (stack = {'b09508001': 975, 'b11902029': 1025})
community cards of this round: ['C5', 'D5', 'S2', 'HT', 'D3']
name: b09508001, hole_card: ['S3', 'S4']
name: b11902029, hole_card: ['S8', 'D6']
Started the round 16
Street "preflop" started. (community card = [])
name: b09508001, hole_card: ['S3', 'S4']
name: b11902029, hole_card: ['S8', 'D6']
"b09508001" declared "fold:0"
"['b11902029']" won the round 16 (stack = {'b09508001': 970, 'b11902029': 1030})
community cards of this round: ['HK', 'DT', 'HA', 'S6', 'SA']
name: b09508001, hole_card: ['H5', 'C7']
name: b11902029, hole_card: ['S2', 'C8']
Started the round 17
Street "preflop" started. (community card = [])
name: b09508001, hole_card: ['H5', 'C7']
name: b11902029, hole_card: ['S2', 'C8']
"b11902029" declared "raise:15"
name: b09508001, hole_card: ['H5', 'C7']
name: b11902029, hole_card: ['S2', 'C8']
"b09508001" declared "raise:970"
name: b09508001, hole_card: ['H5', 'C7']
name: b11902029, hole_card: ['S2', 'C8']
"b11902029" declared "fold:0"
"['b09508001']" won the round 17 (stack = {'b09508001': 985, 'b11902029': 1015})
community cards of this round: ['H5', 'C9', 'HQ', 'HJ', 'D5']
name: b09508001, hole_card: ['S3', 'CJ']
name: b11902029, hole_card: ['DT', 'H7']
Started the round 18
Street "preflop" started. (community card = [])
name: b09508001, hole_card: ['S3', 'CJ']
name: b11902029, hole_card: ['DT', 'H7']
"b09508001" declared "raise:985"
name: b09508001, hole_card: ['S3', 'CJ']
name: b11902029, hole_card: ['DT', 'H7']
"b11902029" declared "fold:0"
"['b09508001']" won the round 18 (stack = {'b09508001': 995, 'b11902029': 1005})
community cards of this round: ['C6', 'HT', 'H7', 'H6', 'H5']
name: b09508001, hole_card: ['SJ', 'HK']
name: b11902029, hole_card: ['CK', 'C8']
Started the round 19
Street "preflop" started. (community card = [])
name: b09508001, hole_card: ['SJ', 'HK']
name: b11902029, hole_card: ['CK', 'C8']
"b11902029" declared "raise:15"
name: b09508001, hole_card: ['SJ', 'HK']
name: b11902029, hole_card: ['CK', 'C8']
"b09508001" declared "raise:995"
name: b09508001, hole_card: ['SJ', 'HK']
name: b11902029, hole_card: ['CK', 'C8']
"b11902029" declared "raise:505", Invalid action. Treat as fold...
"['b09508001']" won the round 19 (stack = {'b09508001': 1010, 'b11902029': 990})
community cards of this round: ['DK', 'HK', 'H4', 'D6', 'CA']
name: b09508001, hole_card: ['HT', 'D3']
name: b11902029, hole_card: ['D4', 'C2']
Started the round 20
Street "preflop" started. (community card = [])
name: b09508001, hole_card: ['HT', 'D3']
name: b11902029, hole_card: ['D4', 'C2']
"b09508001" declared "fold:0"
"['b11902029']" won the round 20 (stack = {'b09508001': 1005, 'b11902029': 995})
b11902029 vs b09508001 - Game 3: {'rule': {'initial_stack': 1000, 'max_round': 20, 'small_blind_amount': 5, 'ante': 0, 'blind_structure': {}}, 'players': [{'name': 'b09508001', 'uuid': 'qmbrknbhjizjzrakvvstpc', 'stack': 1005, 'state': 'participating'}, {'name': 'b11902029', 'uuid': 'kmshiaakyirxkvyrengmce', 'stack': 995, 'state': 'participating'}]}
community cards of this round: ['C5', 'C9', 'C7', 'H4', 'S4']
name: b11902029, hole_card: ['D8', 'DK']
name: b09508001, hole_card: ['C3', 'D9']
Started the round 1
Street "preflop" started. (community card = [])
name: b11902029, hole_card: ['D8', 'DK']
name: b09508001, hole_card: ['C3', 'D9']
"b09508001" declared "fold:0"
"['b11902029']" won the round 1 (stack = {'b11902029': 1005, 'b09508001': 995})
community cards of this round: ['H2', 'S2', 'SJ', 'C5', 'DK']
name: b11902029, hole_card: ['C6', 'H4']
name: b09508001, hole_card: ['HT', 'S4']
Started the round 2
Street "preflop" started. (community card = [])
name: b11902029, hole_card: ['C6', 'H4']
name: b09508001, hole_card: ['HT', 'S4']
"b11902029" declared "raise:15"
name: b11902029, hole_card: ['C6', 'H4']
name: b09508001, hole_card: ['HT', 'S4']
"b09508001" declared "fold:0"
"['b11902029']" won the round 2 (stack = {'b11902029': 1015, 'b09508001': 985})
community cards of this round: ['H4', 'S7', 'D9', 'D6', 'S5']
name: b11902029, hole_card: ['S8', 'S9']
name: b09508001, hole_card: ['D4', 'S4']
Started the round 3
Street "preflop" started. (community card = [])
name: b11902029, hole_card: ['S8', 'S9']
name: b09508001, hole_card: ['D4', 'S4']
"b09508001" declared "call:10"
name: b11902029, hole_card: ['S8', 'S9']
name: b09508001, hole_card: ['D4', 'S4']
"b11902029" declared "raise:15"
name: b11902029, hole_card: ['S8', 'S9']
name: b09508001, hole_card: ['D4', 'S4']
"b09508001" declared "call:15"
Street "flop" started. (community card = ['H4', 'S7', 'D9'])
name: b11902029, hole_card: ['S8', 'S9']
name: b09508001, hole_card: ['D4', 'S4']
"b09508001" declared "raise:126.0"
name: b11902029, hole_card: ['S8', 'S9']
name: b09508001, hole_card: ['D4', 'S4']
"b11902029" declared "fold:0"
"['b09508001']" won the round 3 (stack = {'b11902029': 1000, 'b09508001': 1000.0})
community cards of this round: ['H8', 'C2', 'S9', 'D7', 'C3']
name: b11902029, hole_card: ['S3', 'CQ']
name: b09508001, hole_card: ['D2', 'D4']
Started the round 4
Street "preflop" started. (community card = [])
name: b11902029, hole_card: ['S3', 'CQ']
name: b09508001, hole_card: ['D2', 'D4']
"b11902029" declared "raise:15"
name: b11902029, hole_card: ['S3', 'CQ']
name: b09508001, hole_card: ['D2', 'D4']
"b09508001" declared "fold:0"
"['b11902029']" won the round 4 (stack = {'b11902029': 1010, 'b09508001': 990.0})
community cards of this round: ['D3', 'H9', 'DK', 'D4', 'H7']
name: b11902029, hole_card: ['S2', 'SQ']
name: b09508001, hole_card: ['D8', 'C9']
Started the round 5
Street "preflop" started. (community card = [])
name: b11902029, hole_card: ['S2', 'SQ']
name: b09508001, hole_card: ['D8', 'C9']
"b09508001" declared "fold:0"
"['b11902029']" won the round 5 (stack = {'b11902029': 1015, 'b09508001': 985.0})
community cards of this round: ['D4', 'DQ', 'H9', 'CT', 'DA']
name: b11902029, hole_card: ['S4', 'S5']
name: b09508001, hole_card: ['D7', 'D3']
Started the round 6
Street "preflop" started. (community card = [])
name: b11902029, hole_card: ['S4', 'S5']
name: b09508001, hole_card: ['D7', 'D3']
"b11902029" declared "raise:15"
name: b11902029, hole_card: ['S4', 'S5']
name: b09508001, hole_card: ['D7', 'D3']
"b09508001" declared "fold:0"
"['b11902029']" won the round 6 (stack = {'b11902029': 1025, 'b09508001': 975.0})
community cards of this round: ['SA', 'ST', 'D3', 'D4', 'S2']
name: b11902029, hole_card: ['D8', 'CQ']
name: b09508001, hole_card: ['D6', 'H9']
Started the round 7
Street "preflop" started. (community card = [])
name: b11902029, hole_card: ['D8', 'CQ']
name: b09508001, hole_card: ['D6', 'H9']
"b09508001" declared "fold:0"
"['b11902029']" won the round 7 (stack = {'b11902029': 1030, 'b09508001': 970.0})
community cards of this round: ['SQ', 'C2', 'ST', 'S4', 'C5']
name: b11902029, hole_card: ['C7', 'D4']
name: b09508001, hole_card: ['H8', 'S2']
Started the round 8
Street "preflop" started. (community card = [])
name: b11902029, hole_card: ['C7', 'D4']
name: b09508001, hole_card: ['H8', 'S2']
"b11902029" declared "raise:15"
name: b11902029, hole_card: ['C7', 'D4']
name: b09508001, hole_card: ['H8', 'S2']
"b09508001" declared "fold:0"
"['b11902029']" won the round 8 (stack = {'b11902029': 1040, 'b09508001': 960.0})
community cards of this round: ['HJ', 'H4', 'D9', 'CJ', 'C5']
name: b11902029, hole_card: ['CQ', 'S9']
name: b09508001, hole_card: ['S6', 'D8']
Started the round 9
Street "preflop" started. (community card = [])
name: b11902029, hole_card: ['CQ', 'S9']
name: b09508001, hole_card: ['S6', 'D8']
"b09508001" declared "fold:0"
"['b11902029']" won the round 9 (stack = {'b11902029': 1045, 'b09508001': 955.0})
community cards of this round: ['DK', 'H4', 'C7', 'C2', 'H8']
name: b11902029, hole_card: ['CQ', 'HT']
name: b09508001, hole_card: ['SJ', 'H7']
Started the round 10
Street "preflop" started. (community card = [])
name: b11902029, hole_card: ['CQ', 'HT']
name: b09508001, hole_card: ['SJ', 'H7']
"b11902029" declared "raise:15"
name: b11902029, hole_card: ['CQ', 'HT']
name: b09508001, hole_card: ['SJ', 'H7']
"b09508001" declared "fold:0"
"['b11902029']" won the round 10 (stack = {'b11902029': 1055, 'b09508001': 945.0})
community cards of this round: ['CK', 'S8', 'SK', 'H9', 'D9']
name: b11902029, hole_card: ['D2', 'S4']
name: b09508001, hole_card: ['S7', 'S3']
Started the round 11
Street "preflop" started. (community card = [])
name: b11902029, hole_card: ['D2', 'S4']
name: b09508001, hole_card: ['S7', 'S3']
"b09508001" declared "fold:0"
"['b11902029']" won the round 11 (stack = {'b11902029': 1060, 'b09508001': 940.0})
community cards of this round: ['D3', 'CT', 'D9', 'H8', 'C8']
name: b11902029, hole_card: ['D4', 'HA']
name: b09508001, hole_card: ['C5', 'DJ']
Started the round 12
Street "preflop" started. (community card = [])
name: b11902029, hole_card: ['D4', 'HA']
name: b09508001, hole_card: ['C5', 'DJ']
"b11902029" declared "raise:15"
name: b11902029, hole_card: ['D4', 'HA']
name: b09508001, hole_card: ['C5', 'DJ']
"b09508001" declared "raise:940.0"
name: b11902029, hole_card: ['D4', 'HA']
name: b09508001, hole_card: ['C5', 'DJ']
"b11902029" declared "fold:0"
"['b09508001']" won the round 12 (stack = {'b11902029': 1045, 'b09508001': 955.0})
community cards of this round: ['H5', 'H3', 'H8', 'CJ', 'C7']
name: b11902029, hole_card: ['D6', 'HQ']
name: b09508001, hole_card: ['DK', 'C3']
Started the round 13
Street "preflop" started. (community card = [])
name: b11902029, hole_card: ['D6', 'HQ']
name: b09508001, hole_card: ['DK', 'C3']
"b09508001" declared "fold:0"
"['b11902029']" won the round 13 (stack = {'b11902029': 1050, 'b09508001': 950.0})
community cards of this round: ['SA', 'D9', 'HT', 'C6', 'C2']
name: b11902029, hole_card: ['D5', 'C4']
name: b09508001, hole_card: ['HJ', 'D6']
Started the round 14
Street "preflop" started. (community card = [])
name: b11902029, hole_card: ['D5', 'C4']
name: b09508001, hole_card: ['HJ', 'D6']
"b11902029" declared "raise:15"
name: b11902029, hole_card: ['D5', 'C4']
name: b09508001, hole_card: ['HJ', 'D6']
"b09508001" declared "raise:950.0"
name: b11902029, hole_card: ['D5', 'C4']
name: b09508001, hole_card: ['HJ', 'D6']
"b11902029" declared "fold:0"
"['b09508001']" won the round 14 (stack = {'b11902029': 1035, 'b09508001': 965.0})
community cards of this round: ['HQ', 'CT', 'D7', 'CJ', 'C6']
name: b11902029, hole_card: ['HT', 'CK']
name: b09508001, hole_card: ['D6', 'S7']
Started the round 15
Street "preflop" started. (community card = [])
name: b11902029, hole_card: ['HT', 'CK']
name: b09508001, hole_card: ['D6', 'S7']
"b09508001" declared "fold:0"
"['b11902029']" won the round 15 (stack = {'b11902029': 1040, 'b09508001': 960.0})
community cards of this round: ['C5', 'D5', 'S2', 'HT', 'D3']
name: b11902029, hole_card: ['S3', 'S4']
name: b09508001, hole_card: ['S8', 'D6']
Started the round 16
Street "preflop" started. (community card = [])
name: b11902029, hole_card: ['S3', 'S4']
name: b09508001, hole_card: ['S8', 'D6']
"b11902029" declared "raise:15"
name: b11902029, hole_card: ['S3', 'S4']
name: b09508001, hole_card: ['S8', 'D6']
"b09508001" declared "raise:960.0"
name: b11902029, hole_card: ['S3', 'S4']
name: b09508001, hole_card: ['S8', 'D6']
"b11902029" declared "fold:0"
"['b09508001']" won the round 16 (stack = {'b11902029': 1025, 'b09508001': 975.0})
community cards of this round: ['HK', 'DT', 'HA', 'S6', 'SA']
name: b11902029, hole_card: ['H5', 'C7']
name: b09508001, hole_card: ['S2', 'C8']
Started the round 17
Street "preflop" started. (community card = [])
name: b11902029, hole_card: ['H5', 'C7']
name: b09508001, hole_card: ['S2', 'C8']
"b09508001" declared "raise:975.0"
name: b11902029, hole_card: ['H5', 'C7']
name: b09508001, hole_card: ['S2', 'C8']
"b11902029" declared "fold:0"
"['b09508001']" won the round 17 (stack = {'b11902029': 1015, 'b09508001': 985.0})
community cards of this round: ['H5', 'C9', 'HQ', 'HJ', 'D5']
name: b11902029, hole_card: ['S3', 'CJ']
name: b09508001, hole_card: ['DT', 'H7']
Started the round 18
Street "preflop" started. (community card = [])
name: b11902029, hole_card: ['S3', 'CJ']
name: b09508001, hole_card: ['DT', 'H7']
"b11902029" declared "fold:0"
"['b09508001']" won the round 18 (stack = {'b11902029': 1010, 'b09508001': 990.0})
community cards of this round: ['C6', 'HT', 'H7', 'H6', 'H5']
name: b11902029, hole_card: ['SJ', 'HK']
name: b09508001, hole_card: ['CK', 'C8']
Started the round 19
Street "preflop" started. (community card = [])
name: b11902029, hole_card: ['SJ', 'HK']
name: b09508001, hole_card: ['CK', 'C8']
"b09508001" declared "raise:990.0"
name: b11902029, hole_card: ['SJ', 'HK']
name: b09508001, hole_card: ['CK', 'C8']
"b11902029" declared "fold:0"
"['b09508001']" won the round 19 (stack = {'b11902029': 1000, 'b09508001': 1000.0})
community cards of this round: ['DK', 'HK', 'H4', 'D6', 'CA']
name: b11902029, hole_card: ['HT', 'D3']
name: b09508001, hole_card: ['D4', 'C2']
Started the round 20
Street "preflop" started. (community card = [])
name: b11902029, hole_card: ['HT', 'D3']
name: b09508001, hole_card: ['D4', 'C2']
"b11902029" declared "raise:15"
name: b11902029, hole_card: ['HT', 'D3']
name: b09508001, hole_card: ['D4', 'C2']
"b09508001" declared "raise:1000.0"
name: b11902029, hole_card: ['HT', 'D3']
name: b09508001, hole_card: ['D4', 'C2']
"b11902029" declared "raise:507", Invalid action. Treat as fold...
"['b09508001']" won the round 20 (stack = {'b11902029': 985, 'b09508001': 1015.0})
b11902029 vs b09508001 - Game 4: {'rule': {'initial_stack': 1000, 'max_round': 20, 'small_blind_amount': 5, 'ante': 0, 'blind_structure': {}}, 'players': [{'name': 'b11902029', 'uuid': 'irsrhsqfjliyggghmvitdl', 'stack': 985, 'state': 'participating'}, {'name': 'b09508001', 'uuid': 'zkqqcjxqclizemyrixzosz', 'stack': 1015.0, 'state': 'participating'}]}
community cards of this round: ['SA', 'HJ', 'H7', 'HA', 'CA']
name: b09508001, hole_card: ['H3', 'C5']
name: b11902029, hole_card: ['D7', 'H4']
Started the round 1
Street "preflop" started. (community card = [])
name: b09508001, hole_card: ['H3', 'C5']
name: b11902029, hole_card: ['D7', 'H4']
"b11902029" declared "raise:15"
name: b09508001, hole_card: ['H3', 'C5']
name: b11902029, hole_card: ['D7', 'H4']
"b09508001" declared "fold:0"
"['b11902029']" won the round 1 (stack = {'b09508001': 990, 'b11902029': 1010})
community cards of this round: ['S2', 'D5', 'S4', 'D7', 'H4']
name: b09508001, hole_card: ['S7', 'DJ']
name: b11902029, hole_card: ['D9', 'D2']
Started the round 2
Street "preflop" started. (community card = [])
name: b09508001, hole_card: ['S7', 'DJ']
name: b11902029, hole_card: ['D9', 'D2']
"b09508001" declared "fold:0"
"['b11902029']" won the round 2 (stack = {'b09508001': 985, 'b11902029': 1015})
community cards of this round: ['HQ', 'DJ', 'C6', 'H8', 'H6']
name: b09508001, hole_card: ['D5', 'S9']
name: b11902029, hole_card: ['DA', 'SK']
Started the round 3
Street "preflop" started. (community card = [])
name: b09508001, hole_card: ['D5', 'S9']
name: b11902029, hole_card: ['DA', 'SK']
"b11902029" declared "raise:15"
name: b09508001, hole_card: ['D5', 'S9']
name: b11902029, hole_card: ['DA', 'SK']
"b09508001" declared "fold:0"
"['b11902029']" won the round 3 (stack = {'b09508001': 975, 'b11902029': 1025})
community cards of this round: ['C8', 'H5', 'SA', 'H3', 'HA']
name: b09508001, hole_card: ['H8', 'S9']
name: b11902029, hole_card: ['C7', 'S8']
Started the round 4
Street "preflop" started. (community card = [])
name: b09508001, hole_card: ['H8', 'S9']
name: b11902029, hole_card: ['C7', 'S8']
"b09508001" declared "fold:0"
"['b11902029']" won the round 4 (stack = {'b09508001': 970, 'b11902029': 1030})
community cards of this round: ['C4', 'H5', 'SQ', 'H4', 'HQ']
name: b09508001, hole_card: ['CA', 'S5']
name: b11902029, hole_card: ['CK', 'C3']
Started the round 5
Street "preflop" started. (community card = [])
name: b09508001, hole_card: ['CA', 'S5']
name: b11902029, hole_card: ['CK', 'C3']
"b11902029" declared "raise:15"
name: b09508001, hole_card: ['CA', 'S5']
name: b11902029, hole_card: ['CK', 'C3']
"b09508001" declared "call:15"
Street "flop" started. (community card = ['C4', 'H5', 'SQ'])
name: b09508001, hole_card: ['CA', 'S5']
name: b11902029, hole_card: ['CK', 'C3']
"b11902029" declared "call:0"
name: b09508001, hole_card: ['CA', 'S5']
name: b11902029, hole_card: ['CK', 'C3']
"b09508001" declared "call:0"
Street "turn" started. (community card = ['C4', 'H5', 'SQ', 'H4'])
name: b09508001, hole_card: ['CA', 'S5']
name: b11902029, hole_card: ['CK', 'C3']
"b11902029" declared "call:0"
name: b09508001, hole_card: ['CA', 'S5']
name: b11902029, hole_card: ['CK', 'C3']
"b09508001" declared "call:0"
Street "river" started. (community card = ['C4', 'H5', 'SQ', 'H4', 'HQ'])
name: b09508001, hole_card: ['CA', 'S5']
name: b11902029, hole_card: ['CK', 'C3']
"b11902029" declared "call:0"
name: b09508001, hole_card: ['CA', 'S5']
name: b11902029, hole_card: ['CK', 'C3']
"b09508001" declared "raise:63"
name: b09508001, hole_card: ['CA', 'S5']
name: b11902029, hole_card: ['CK', 'C3']
"b11902029" declared "fold:0"
"['b09508001']" won the round 5 (stack = {'b09508001': 985, 'b11902029': 1015})
community cards of this round: ['D4', 'D7', 'SA', 'H4', 'D2']
name: b09508001, hole_card: ['S4', 'SK']
name: b11902029, hole_card: ['HT', 'S5']
Started the round 6
Street "preflop" started. (community card = [])
name: b09508001, hole_card: ['S4', 'SK']
name: b11902029, hole_card: ['HT', 'S5']
"b09508001" declared "call:10"
name: b09508001, hole_card: ['S4', 'SK']
name: b11902029, hole_card: ['HT', 'S5']
"b11902029" declared "raise:15"
name: b09508001, hole_card: ['S4', 'SK']
name: b11902029, hole_card: ['HT', 'S5']
"b09508001" declared "fold:0"
"['b11902029']" won the round 6 (stack = {'b09508001': 975, 'b11902029': 1025})
community cards of this round: ['C7', 'HA', 'S6', 'C2', 'CA']
name: b09508001, hole_card: ['HT', 'H8']
name: b11902029, hole_card: ['DQ', 'HK']
Started the round 7
Street "preflop" started. (community card = [])
name: b09508001, hole_card: ['HT', 'H8']
name: b11902029, hole_card: ['DQ', 'HK']
"b11902029" declared "raise:15"
name: b09508001, hole_card: ['HT', 'H8']
name: b11902029, hole_card: ['DQ', 'HK']
"b09508001" declared "fold:0"
"['b11902029']" won the round 7 (stack = {'b09508001': 965, 'b11902029': 1035})
community cards of this round: ['SQ', 'HQ', 'C4', 'H4', 'D6']
name: b09508001, hole_card: ['C3', 'H2']
name: b11902029, hole_card: ['DA', 'H5']
Started the round 8
Street "preflop" started. (community card = [])
name: b09508001, hole_card: ['C3', 'H2']
name: b11902029, hole_card: ['DA', 'H5']
"b09508001" declared "fold:0"
"['b11902029']" won the round 8 (stack = {'b09508001': 960, 'b11902029': 1040})
community cards of this round: ['S5', 'DK', 'DQ', 'C3', 'SJ']
name: b09508001, hole_card: ['HJ', 'S4']
name: b11902029, hole_card: ['C5', 'HQ']
Started the round 9
Street "preflop" started. (community card = [])
name: b09508001, hole_card: ['HJ', 'S4']
name: b11902029, hole_card: ['C5', 'HQ']
"b11902029" declared "raise:15"
name: b09508001, hole_card: ['HJ', 'S4']
name: b11902029, hole_card: ['C5', 'HQ']
"b09508001" declared "fold:0"
"['b11902029']" won the round 9 (stack = {'b09508001': 950, 'b11902029': 1050})
community cards of this round: ['C3', 'HA', 'H7', 'D9', 'C6']
name: b09508001, hole_card: ['DK', 'S2']
name: b11902029, hole_card: ['SJ', 'DT']
Started the round 10
Street "preflop" started. (community card = [])
name: b09508001, hole_card: ['DK', 'S2']
name: b11902029, hole_card: ['SJ', 'DT']
"b09508001" declared "fold:0"
"['b11902029']" won the round 10 (stack = {'b09508001': 945, 'b11902029': 1055})
community cards of this round: ['S2', 'HJ', 'C5', 'SJ', 'HQ']
name: b09508001, hole_card: ['HK', 'C9']
name: b11902029, hole_card: ['SK', 'C8']
Started the round 11
Street "preflop" started. (community card = [])
name: b09508001, hole_card: ['HK', 'C9']
name: b11902029, hole_card: ['SK', 'C8']
"b11902029" declared "raise:15"
name: b09508001, hole_card: ['HK', 'C9']
name: b11902029, hole_card: ['SK', 'C8']
"b09508001" declared "call:15"
Street "flop" started. (community card = ['S2', 'HJ', 'C5'])
name: b09508001, hole_card: ['HK', 'C9']
name: b11902029, hole_card: ['SK', 'C8']
"b11902029" declared "call:0"
name: b09508001, hole_card: ['HK', 'C9']
name: b11902029, hole_card: ['SK', 'C8']
"b09508001" declared "raise:930"
name: b09508001, hole_card: ['HK', 'C9']
name: b11902029, hole_card: ['SK', 'C8']
"b11902029" declared "fold:0"
"['b09508001']" won the round 11 (stack = {'b09508001': 960, 'b11902029': 1040})
community cards of this round: ['DQ', 'HT', 'C3', 'HA', 'C4']
name: b09508001, hole_card: ['C8', 'S2']
name: b11902029, hole_card: ['CJ', 'C2']
Started the round 12
Street "preflop" started. (community card = [])
name: b09508001, hole_card: ['C8', 'S2']
name: b11902029, hole_card: ['CJ', 'C2']
"b09508001" declared "fold:0"
"['b11902029']" won the round 12 (stack = {'b09508001': 955, 'b11902029': 1045})
community cards of this round: ['SA', 'HT', 'HK', 'HJ', 'H8']
name: b09508001, hole_card: ['D4', 'CQ']
name: b11902029, hole_card: ['H9', 'D9']
Started the round 13
Street "preflop" started. (community card = [])
name: b09508001, hole_card: ['D4', 'CQ']
name: b11902029, hole_card: ['H9', 'D9']
"b11902029" declared "raise:15"
name: b09508001, hole_card: ['D4', 'CQ']
name: b11902029, hole_card: ['H9', 'D9']
"b09508001" declared "raise:955"
name: b09508001, hole_card: ['D4', 'CQ']
name: b11902029, hole_card: ['H9', 'D9']
"b11902029" declared "fold:0"
"['b09508001']" won the round 13 (stack = {'b09508001': 970, 'b11902029': 1030})
community cards of this round: ['H7', 'H4', 'D3', 'DA', 'ST']
name: b09508001, hole_card: ['CT', 'CQ']
name: b11902029, hole_card: ['H8', 'HA']
Started the round 14
Street "preflop" started. (community card = [])
name: b09508001, hole_card: ['CT', 'CQ']
name: b11902029, hole_card: ['H8', 'HA']
"b09508001" declared "call:10"
name: b09508001, hole_card: ['CT', 'CQ']
name: b11902029, hole_card: ['H8', 'HA']
"b11902029" declared "raise:15"
name: b09508001, hole_card: ['CT', 'CQ']
name: b11902029, hole_card: ['H8', 'HA']
"b09508001" declared "call:15"
Street "flop" started. (community card = ['H7', 'H4', 'D3'])
name: b09508001, hole_card: ['CT', 'CQ']
name: b11902029, hole_card: ['H8', 'HA']
"b09508001" declared "call:0"
name: b09508001, hole_card: ['CT', 'CQ']
name: b11902029, hole_card: ['H8', 'HA']
"b11902029" declared "raise:15"
name: b09508001, hole_card: ['CT', 'CQ']
name: b11902029, hole_card: ['H8', 'HA']
"b09508001" declared "fold:0"
"['b11902029']" won the round 14 (stack = {'b09508001': 955, 'b11902029': 1045})
community cards of this round: ['S4', 'C3', 'SA', 'D7', 'H3']
name: b09508001, hole_card: ['H9', 'CQ']
name: b11902029, hole_card: ['S3', 'CT']
Started the round 15
Street "preflop" started. (community card = [])
name: b09508001, hole_card: ['H9', 'CQ']
name: b11902029, hole_card: ['S3', 'CT']
"b11902029" declared "raise:15"
name: b09508001, hole_card: ['H9', 'CQ']
name: b11902029, hole_card: ['S3', 'CT']
"b09508001" declared "raise:955"
name: b09508001, hole_card: ['H9', 'CQ']
name: b11902029, hole_card: ['S3', 'CT']
"b11902029" declared "fold:0"
"['b09508001']" won the round 15 (stack = {'b09508001': 970, 'b11902029': 1030})
community cards of this round: ['S5', 'HJ', 'SK', 'H9', 'D3']
name: b09508001, hole_card: ['D9', 'HA']
name: b11902029, hole_card: ['HQ', 'HT']
Started the round 16
Street "preflop" started. (community card = [])
name: b09508001, hole_card: ['D9', 'HA']
name: b11902029, hole_card: ['HQ', 'HT']
"b09508001" declared "raise:970"
name: b09508001, hole_card: ['D9', 'HA']
name: b11902029, hole_card: ['HQ', 'HT']
"b11902029" declared "fold:0"
"['b09508001']" won the round 16 (stack = {'b09508001': 980, 'b11902029': 1020})
community cards of this round: ['S5', 'D8', 'S4', 'S7', 'DJ']
name: b09508001, hole_card: ['H3', 'D6']
name: b11902029, hole_card: ['S8', 'H5']
Started the round 17
Street "preflop" started. (community card = [])
name: b09508001, hole_card: ['H3', 'D6']
name: b11902029, hole_card: ['S8', 'H5']
"b11902029" declared "raise:15"
name: b09508001, hole_card: ['H3', 'D6']
name: b11902029, hole_card: ['S8', 'H5']
"b09508001" declared "raise:980"
name: b09508001, hole_card: ['H3', 'D6']
name: b11902029, hole_card: ['S8', 'H5']
"b11902029" declared "fold:0"
"['b09508001']" won the round 17 (stack = {'b09508001': 995, 'b11902029': 1005})
community cards of this round: ['CT', 'D4', 'S8', 'CJ', 'S7']
name: b09508001, hole_card: ['C6', 'C2']
name: b11902029, hole_card: ['H3', 'CA']
Started the round 18
Street "preflop" started. (community card = [])
name: b09508001, hole_card: ['C6', 'C2']
name: b11902029, hole_card: ['H3', 'CA']
"b09508001" declared "fold:0"
"['b11902029']" won the round 18 (stack = {'b09508001': 990, 'b11902029': 1010})
community cards of this round: ['C6', 'HQ', 'C9', 'C4', 'SA']
name: b09508001, hole_card: ['DK', 'D7']
name: b11902029, hole_card: ['CA', 'D8']
Started the round 19
Street "preflop" started. (community card = [])
name: b09508001, hole_card: ['DK', 'D7']
name: b11902029, hole_card: ['CA', 'D8']
"b11902029" declared "fold:0"
"['b09508001']" won the round 19 (stack = {'b09508001': 995, 'b11902029': 1005})
community cards of this round: ['H8', 'H3', 'DA', 'C4', 'C2']
name: b09508001, hole_card: ['H9', 'D6']
name: b11902029, hole_card: ['CQ', 'SK']
Started the round 20
Street "preflop" started. (community card = [])
name: b09508001, hole_card: ['H9', 'D6']
name: b11902029, hole_card: ['CQ', 'SK']
"b09508001" declared "raise:995"
name: b09508001, hole_card: ['H9', 'D6']
name: b11902029, hole_card: ['CQ', 'SK']
"b11902029" declared "raise:502", Invalid action. Treat as fold...
"['b09508001']" won the round 20 (stack = {'b09508001': 1005, 'b11902029': 995})
b11902029 vs b09508001 - Game 5: {'rule': {'initial_stack': 1000, 'max_round': 20, 'small_blind_amount': 5, 'ante': 0, 'blind_structure': {}}, 'players': [{'name': 'b09508001', 'uuid': 'dyeslnwzjrhpdmgilowowj', 'stack': 1005, 'state': 'participating'}, {'name': 'b11902029', 'uuid': 'yttoeipjqaskphtpjswnyb', 'stack': 995, 'state': 'participating'}]}
Final Result: b11902029 won 0 games (stack: 4955), b09508001 won 5 games (stack: 5045.0), num ties: 0
