community cards of this round: ['D7', 'H3', 'D4', 'ST', 'S5']
name: b10902127, hole_card: ['CT', 'S9']
name: b11902156, hole_card: ['D3', 'DA']
Started the round 1
Street "preflop" started. (community card = [])
name: b10902127, hole_card: ['CT', 'S9']
name: b11902156, hole_card: ['D3', 'DA']
"b11902156" declared "raise:179"
name: b10902127, hole_card: ['CT', 'S9']
name: b11902156, hole_card: ['D3', 'DA']
"b10902127" declared "fold:0"
"['b11902156']" won the round 1 (stack = {'b10902127': 990, 'b11902156': 1010})
community cards of this round: ['HA', 'S2', 'ST', 'S5', 'H9']
name: b10902127, hole_card: ['H2', 'C5']
name: b11902156, hole_card: ['C2', 'C3']
Started the round 2
Street "preflop" started. (community card = [])
name: b10902127, hole_card: ['H2', 'C5']
name: b11902156, hole_card: ['C2', 'C3']
"b10902127" declared "fold:0"
"['b11902156']" won the round 2 (stack = {'b10902127': 985, 'b11902156': 1015})
community cards of this round: ['CJ', 'SJ', 'H3', 'CQ', 'S5']
name: b10902127, hole_card: ['DA', 'SK']
name: b11902156, hole_card: ['HJ', 'C4']
Started the round 3
Street "preflop" started. (community card = [])
name: b10902127, hole_card: ['DA', 'SK']
name: b11902156, hole_card: ['HJ', 'C4']
"b11902156" declared "raise:681"
name: b10902127, hole_card: ['DA', 'SK']
name: b11902156, hole_card: ['HJ', 'C4']
"b10902127" declared "fold:0"
"['b11902156']" won the round 3 (stack = {'b10902127': 975, 'b11902156': 1025})
community cards of this round: ['D5', 'DQ', 'S6', 'C7', 'S4']
name: b10902127, hole_card: ['H6', 'D9']
name: b11902156, hole_card: ['D7', 'CK']
Started the round 4
Street "preflop" started. (community card = [])
name: b10902127, hole_card: ['H6', 'D9']
name: b11902156, hole_card: ['D7', 'CK']
"b10902127" declared "call:10"
name: b10902127, hole_card: ['H6', 'D9']
name: b11902156, hole_card: ['D7', 'CK']
"b11902156" declared "raise:856"
name: b10902127, hole_card: ['H6', 'D9']
name: b11902156, hole_card: ['D7', 'CK']
"b10902127" declared "fold:0"
"['b11902156']" won the round 4 (stack = {'b10902127': 965, 'b11902156': 1035})
community cards of this round: ['C7', 'D9', 'HJ', 'SA', 'S8']
name: b10902127, hole_card: ['H3', 'DA']
name: b11902156, hole_card: ['H9', 'S5']
Started the round 5
Street "preflop" started. (community card = [])
name: b10902127, hole_card: ['H3', 'DA']
name: b11902156, hole_card: ['H9', 'S5']
"b11902156" declared "raise:525"
name: b10902127, hole_card: ['H3', 'DA']
name: b11902156, hole_card: ['H9', 'S5']
"b10902127" declared "fold:0"
"['b11902156']" won the round 5 (stack = {'b10902127': 955, 'b11902156': 1045})
community cards of this round: ['HA', 'H3', 'SA', 'SJ', 'CA']
name: b10902127, hole_card: ['D5', 'DJ']
name: b11902156, hole_card: ['H7', 'S7']
Started the round 6
Street "preflop" started. (community card = [])
name: b10902127, hole_card: ['D5', 'DJ']
name: b11902156, hole_card: ['H7', 'S7']
"b10902127" declared "call:10"
name: b10902127, hole_card: ['D5', 'DJ']
name: b11902156, hole_card: ['H7', 'S7']
"b11902156" declared "raise:873"
name: b10902127, hole_card: ['D5', 'DJ']
name: b11902156, hole_card: ['H7', 'S7']
"b10902127" declared "fold:0"
"['b11902156']" won the round 6 (stack = {'b10902127': 945, 'b11902156': 1055})
community cards of this round: ['D6', 'DK', 'CJ', 'H5', 'HQ']
name: b10902127, hole_card: ['S2', 'HA']
name: b11902156, hole_card: ['C9', 'D7']
Started the round 7
Street "preflop" started. (community card = [])
name: b10902127, hole_card: ['S2', 'HA']
name: b11902156, hole_card: ['C9', 'D7']
"b11902156" declared "raise:188"
name: b10902127, hole_card: ['S2', 'HA']
name: b11902156, hole_card: ['C9', 'D7']
"b10902127" declared "raise:945"
name: b10902127, hole_card: ['S2', 'HA']
name: b11902156, hole_card: ['C9', 'D7']
"b11902156" declared "raise:-1", Invalid action. Treat as fold...
"['b10902127']" won the round 7 (stack = {'b10902127': 1133, 'b11902156': 867})
community cards of this round: ['CK', 'D8', 'S2', 'D4', 'SJ']
name: b10902127, hole_card: ['D9', 'H6']
name: b11902156, hole_card: ['H8', 'C6']
Started the round 8
Street "preflop" started. (community card = [])
name: b10902127, hole_card: ['D9', 'H6']
name: b11902156, hole_card: ['H8', 'C6']
"b10902127" declared "fold:0"
"['b11902156']" won the round 8 (stack = {'b10902127': 1128, 'b11902156': 872})
community cards of this round: ['CQ', 'H2', 'D7', 'H8', 'S5']
name: b10902127, hole_card: ['D8', 'S2']
name: b11902156, hole_card: ['SJ', 'C4']
Started the round 9
Street "preflop" started. (community card = [])
name: b10902127, hole_card: ['D8', 'S2']
name: b11902156, hole_card: ['SJ', 'C4']
"b11902156" declared "raise:157"
name: b10902127, hole_card: ['D8', 'S2']
name: b11902156, hole_card: ['SJ', 'C4']
"b10902127" declared "fold:0"
"['b11902156']" won the round 9 (stack = {'b10902127': 1118, 'b11902156': 882})
community cards of this round: ['SJ', 'C2', 'S7', 'S2', 'C3']
name: b10902127, hole_card: ['HA', 'H2']
name: b11902156, hole_card: ['H5', 'H3']
Started the round 10
Street "preflop" started. (community card = [])
name: b10902127, hole_card: ['HA', 'H2']
name: b11902156, hole_card: ['H5', 'H3']
"b10902127" declared "fold:0"
"['b11902156']" won the round 10 (stack = {'b10902127': 1113, 'b11902156': 887})
community cards of this round: ['SA', 'DT', 'H9', 'D3', 'SQ']
name: b10902127, hole_card: ['CJ', 'H7']
name: b11902156, hole_card: ['C3', 'CT']
Started the round 11
Street "preflop" started. (community card = [])
name: b10902127, hole_card: ['CJ', 'H7']
name: b11902156, hole_card: ['C3', 'CT']
"b11902156" declared "raise:15"
name: b10902127, hole_card: ['CJ', 'H7']
name: b11902156, hole_card: ['C3', 'CT']
"b10902127" declared "fold:0"
"['b11902156']" won the round 11 (stack = {'b10902127': 1103, 'b11902156': 897})
community cards of this round: ['CQ', 'CK', 'S8', 'CA', 'S5']
name: b10902127, hole_card: ['SQ', 'DJ']
name: b11902156, hole_card: ['DK', 'C4']
Started the round 12
Street "preflop" started. (community card = [])
name: b10902127, hole_card: ['SQ', 'DJ']
name: b11902156, hole_card: ['DK', 'C4']
"b10902127" declared "fold:0"
"['b11902156']" won the round 12 (stack = {'b10902127': 1098, 'b11902156': 902})
community cards of this round: ['S6', 'DA', 'SQ', 'S2', 'S5']
name: b10902127, hole_card: ['HK', 'DQ']
name: b11902156, hole_card: ['S3', 'C2']
Started the round 13
Street "preflop" started. (community card = [])
name: b10902127, hole_card: ['HK', 'DQ']
name: b11902156, hole_card: ['S3', 'C2']
"b11902156" declared "raise:754"
name: b10902127, hole_card: ['HK', 'DQ']
name: b11902156, hole_card: ['S3', 'C2']
"b10902127" declared "fold:0"
"['b11902156']" won the round 13 (stack = {'b10902127': 1088, 'b11902156': 912})
community cards of this round: ['ST', 'SQ', 'H2', 'SJ', 'D8']
name: b10902127, hole_card: ['CJ', 'HT']
name: b11902156, hole_card: ['S9', 'D4']
Started the round 14
Street "preflop" started. (community card = [])
name: b10902127, hole_card: ['CJ', 'HT']
name: b11902156, hole_card: ['S9', 'D4']
"b10902127" declared "fold:0"
"['b11902156']" won the round 14 (stack = {'b10902127': 1083, 'b11902156': 917})
community cards of this round: ['D8', 'S4', 'D7', 'S5', 'C5']
name: b10902127, hole_card: ['C8', 'HT']
name: b11902156, hole_card: ['S3', 'C4']
Started the round 15
Street "preflop" started. (community card = [])
name: b10902127, hole_card: ['C8', 'HT']
name: b11902156, hole_card: ['S3', 'C4']
"b11902156" declared "raise:616"
name: b10902127, hole_card: ['C8', 'HT']
name: b11902156, hole_card: ['S3', 'C4']
"b10902127" declared "fold:0"
"['b11902156']" won the round 15 (stack = {'b10902127': 1073, 'b11902156': 927})
community cards of this round: ['S7', 'HT', 'H7', 'C4', 'DQ']
name: b10902127, hole_card: ['HQ', 'CT']
name: b11902156, hole_card: ['D5', 'H9']
Started the round 16
Street "preflop" started. (community card = [])
name: b10902127, hole_card: ['HQ', 'CT']
name: b11902156, hole_card: ['D5', 'H9']
"b10902127" declared "fold:0"
"['b11902156']" won the round 16 (stack = {'b10902127': 1068, 'b11902156': 932})
community cards of this round: ['SK', 'HA', 'S6', 'C3', 'D7']
name: b10902127, hole_card: ['H5', 'S5']
name: b11902156, hole_card: ['SJ', 'S8']
Started the round 17
Street "preflop" started. (community card = [])
name: b10902127, hole_card: ['H5', 'S5']
name: b11902156, hole_card: ['SJ', 'S8']
"b11902156" declared "fold:0"
"['b10902127']" won the round 17 (stack = {'b10902127': 1073, 'b11902156': 927})
community cards of this round: ['D3', 'S8', 'H7', 'S3', 'C7']
name: b10902127, hole_card: ['SA', 'CK']
name: b11902156, hole_card: ['C8', 'HT']
Started the round 18
Street "preflop" started. (community card = [])
name: b10902127, hole_card: ['SA', 'CK']
name: b11902156, hole_card: ['C8', 'HT']
"b10902127" declared "fold:0"
"['b11902156']" won the round 18 (stack = {'b10902127': 1068, 'b11902156': 932})
community cards of this round: ['H9', 'H8', 'C3', 'CK', 'ST']
name: b10902127, hole_card: ['D2', 'SK']
name: b11902156, hole_card: ['C7', 'S3']
Started the round 19
Street "preflop" started. (community card = [])
name: b10902127, hole_card: ['D2', 'SK']
name: b11902156, hole_card: ['C7', 'S3']
"b11902156" declared "raise:779"
name: b10902127, hole_card: ['D2', 'SK']
name: b11902156, hole_card: ['C7', 'S3']
"b10902127" declared "fold:0"
"['b11902156']" won the round 19 (stack = {'b10902127': 1058, 'b11902156': 942})
community cards of this round: ['DJ', 'HT', 'DK', 'D3', 'H4']
name: b10902127, hole_card: ['C6', 'S8']
name: b11902156, hole_card: ['C3', 'SA']
Started the round 20
Street "preflop" started. (community card = [])
name: b10902127, hole_card: ['C6', 'S8']
name: b11902156, hole_card: ['C3', 'SA']
"b10902127" declared "fold:0"
"['b11902156']" won the round 20 (stack = {'b10902127': 1053, 'b11902156': 947})
b11902156 vs b10902127 - Game 1: {'rule': {'initial_stack': 1000, 'max_round': 20, 'small_blind_amount': 5, 'ante': 0, 'blind_structure': {}}, 'players': [{'name': 'b10902127', 'uuid': 'gnzcprdjxutmmsgfqxkiiz', 'stack': 1053, 'state': 'participating'}, {'name': 'b11902156', 'uuid': 'ikttukvyhjvtzzxtudvwex', 'stack': 947, 'state': 'participating'}]}
community cards of this round: ['D7', 'H3', 'D4', 'ST', 'S5']
name: b11902156, hole_card: ['CT', 'S9']
name: b10902127, hole_card: ['D3', 'DA']
Started the round 1
Street "preflop" started. (community card = [])
name: b11902156, hole_card: ['CT', 'S9']
name: b10902127, hole_card: ['D3', 'DA']
"b10902127" declared "call:10"
name: b11902156, hole_card: ['CT', 'S9']
name: b10902127, hole_card: ['D3', 'DA']
"b11902156" declared "raise:15"
name: b11902156, hole_card: ['CT', 'S9']
name: b10902127, hole_card: ['D3', 'DA']
"b10902127" declared "call:15"
Street "flop" started. (community card = ['D7', 'H3', 'D4'])
name: b11902156, hole_card: ['CT', 'S9']
name: b10902127, hole_card: ['D3', 'DA']
"b10902127" declared "raise:65"
name: b11902156, hole_card: ['CT', 'S9']
name: b10902127, hole_card: ['D3', 'DA']
"b11902156" declared "raise:842"
name: b11902156, hole_card: ['CT', 'S9']
name: b10902127, hole_card: ['D3', 'DA']
"b10902127" declared "fold:0"
"['b11902156']" won the round 1 (stack = {'b11902156': 1080, 'b10902127': 920})
community cards of this round: ['HA', 'S2', 'ST', 'S5', 'H9']
name: b11902156, hole_card: ['H2', 'C5']
name: b10902127, hole_card: ['C2', 'C3']
Started the round 2
Street "preflop" started. (community card = [])
name: b11902156, hole_card: ['H2', 'C5']
name: b10902127, hole_card: ['C2', 'C3']
"b11902156" declared "raise:547"
name: b11902156, hole_card: ['H2', 'C5']
name: b10902127, hole_card: ['C2', 'C3']
"b10902127" declared "fold:0"
"['b11902156']" won the round 2 (stack = {'b11902156': 1090, 'b10902127': 910})
community cards of this round: ['CJ', 'SJ', 'H3', 'CQ', 'S5']
name: b11902156, hole_card: ['DA', 'SK']
name: b10902127, hole_card: ['HJ', 'C4']
Started the round 3
Street "preflop" started. (community card = [])
name: b11902156, hole_card: ['DA', 'SK']
name: b10902127, hole_card: ['HJ', 'C4']
"b10902127" declared "call:10"
name: b11902156, hole_card: ['DA', 'SK']
name: b10902127, hole_card: ['HJ', 'C4']
"b11902156" declared "raise:15"
name: b11902156, hole_card: ['DA', 'SK']
name: b10902127, hole_card: ['HJ', 'C4']
"b10902127" declared "call:15"
Street "flop" started. (community card = ['CJ', 'SJ', 'H3'])
name: b11902156, hole_card: ['DA', 'SK']
name: b10902127, hole_card: ['HJ', 'C4']
"b10902127" declared "raise:895"
name: b11902156, hole_card: ['DA', 'SK']
name: b10902127, hole_card: ['HJ', 'C4']
"b11902156" declared "raise:-1", Invalid action. Treat as fold...
"['b10902127']" won the round 3 (stack = {'b11902156': 1075, 'b10902127': 925})
community cards of this round: ['D5', 'DQ', 'S6', 'C7', 'S4']
name: b11902156, hole_card: ['H6', 'D9']
name: b10902127, hole_card: ['D7', 'CK']
Started the round 4
Street "preflop" started. (community card = [])
name: b11902156, hole_card: ['H6', 'D9']
name: b10902127, hole_card: ['D7', 'CK']
"b11902156" declared "raise:721"
name: b11902156, hole_card: ['H6', 'D9']
name: b10902127, hole_card: ['D7', 'CK']
"b10902127" declared "fold:0"
"['b11902156']" won the round 4 (stack = {'b11902156': 1085, 'b10902127': 915})
community cards of this round: ['C7', 'D9', 'HJ', 'SA', 'S8']
name: b11902156, hole_card: ['H3', 'DA']
name: b10902127, hole_card: ['H9', 'S5']
Started the round 5
Street "preflop" started. (community card = [])
name: b11902156, hole_card: ['H3', 'DA']
name: b10902127, hole_card: ['H9', 'S5']
"b10902127" declared "call:10"
name: b11902156, hole_card: ['H3', 'DA']
name: b10902127, hole_card: ['H9', 'S5']
"b11902156" declared "raise:728"
name: b11902156, hole_card: ['H3', 'DA']
name: b10902127, hole_card: ['H9', 'S5']
"b10902127" declared "fold:0"
"['b11902156']" won the round 5 (stack = {'b11902156': 1095, 'b10902127': 905})
community cards of this round: ['HA', 'H3', 'SA', 'SJ', 'CA']
name: b11902156, hole_card: ['D5', 'DJ']
name: b10902127, hole_card: ['H7', 'S7']
Started the round 6
Street "preflop" started. (community card = [])
name: b11902156, hole_card: ['D5', 'DJ']
name: b10902127, hole_card: ['H7', 'S7']
"b11902156" declared "raise:555"
name: b11902156, hole_card: ['D5', 'DJ']
name: b10902127, hole_card: ['H7', 'S7']
"b10902127" declared "fold:0"
"['b11902156']" won the round 6 (stack = {'b11902156': 1105, 'b10902127': 895})
community cards of this round: ['D6', 'DK', 'CJ', 'H5', 'HQ']
name: b11902156, hole_card: ['S2', 'HA']
name: b10902127, hole_card: ['C9', 'D7']
Started the round 7
Street "preflop" started. (community card = [])
name: b11902156, hole_card: ['S2', 'HA']
name: b10902127, hole_card: ['C9', 'D7']
"b10902127" declared "raise:895"
name: b11902156, hole_card: ['S2', 'HA']
name: b10902127, hole_card: ['C9', 'D7']
"b11902156" declared "raise:-1", Invalid action. Treat as fold...
"['b10902127']" won the round 7 (stack = {'b11902156': 1095, 'b10902127': 905})
community cards of this round: ['CK', 'D8', 'S2', 'D4', 'SJ']
name: b11902156, hole_card: ['D9', 'H6']
name: b10902127, hole_card: ['H8', 'C6']
Started the round 8
Street "preflop" started. (community card = [])
name: b11902156, hole_card: ['D9', 'H6']
name: b10902127, hole_card: ['H8', 'C6']
"b11902156" declared "raise:735"
name: b11902156, hole_card: ['D9', 'H6']
name: b10902127, hole_card: ['H8', 'C6']
"b10902127" declared "call:735"
Street "flop" started. (community card = ['CK', 'D8', 'S2'])
name: b11902156, hole_card: ['D9', 'H6']
name: b10902127, hole_card: ['H8', 'C6']
"b11902156" declared "raise:301"
name: b11902156, hole_card: ['D9', 'H6']
name: b10902127, hole_card: ['H8', 'C6']
"b10902127" declared "call:301"
Street "turn" started. (community card = ['CK', 'D8', 'S2', 'D4'])
Street "river" started. (community card = ['CK', 'D8', 'S2', 'D4', 'SJ'])
"['b10902127']" won the round 8 (stack = {'b11902156': 190, 'b10902127': 1810})
community cards of this round: ['CQ', 'H2', 'D7', 'H8', 'S5']
name: b11902156, hole_card: ['D8', 'S2']
name: b10902127, hole_card: ['SJ', 'C4']
Started the round 9
Street "preflop" started. (community card = [])
name: b11902156, hole_card: ['D8', 'S2']
name: b10902127, hole_card: ['SJ', 'C4']
"b10902127" declared "fold:0"
"['b11902156']" won the round 9 (stack = {'b11902156': 195, 'b10902127': 1805})
community cards of this round: ['SJ', 'C2', 'S7', 'S2', 'C3']
name: b11902156, hole_card: ['HA', 'H2']
name: b10902127, hole_card: ['H5', 'H3']
Started the round 10
Street "preflop" started. (community card = [])
name: b11902156, hole_card: ['HA', 'H2']
name: b10902127, hole_card: ['H5', 'H3']
"b11902156" declared "fold:0"
"['b10902127']" won the round 10 (stack = {'b11902156': 190, 'b10902127': 1810})
community cards of this round: ['SA', 'DT', 'H9', 'D3', 'SQ']
name: b11902156, hole_card: ['CJ', 'H7']
name: b10902127, hole_card: ['C3', 'CT']
Started the round 11
Street "preflop" started. (community card = [])
name: b11902156, hole_card: ['CJ', 'H7']
name: b10902127, hole_card: ['C3', 'CT']
"b10902127" declared "fold:0"
"['b11902156']" won the round 11 (stack = {'b11902156': 195, 'b10902127': 1805})
community cards of this round: ['CQ', 'CK', 'S8', 'CA', 'S5']
name: b11902156, hole_card: ['SQ', 'DJ']
name: b10902127, hole_card: ['DK', 'C4']
Started the round 12
Street "preflop" started. (community card = [])
name: b11902156, hole_card: ['SQ', 'DJ']
name: b10902127, hole_card: ['DK', 'C4']
"b11902156" declared "fold:0"
"['b10902127']" won the round 12 (stack = {'b11902156': 190, 'b10902127': 1810})
community cards of this round: ['S6', 'DA', 'SQ', 'S2', 'S5']
name: b11902156, hole_card: ['HK', 'DQ']
name: b10902127, hole_card: ['S3', 'C2']
Started the round 13
Street "preflop" started. (community card = [])
name: b11902156, hole_card: ['HK', 'DQ']
name: b10902127, hole_card: ['S3', 'C2']
"b10902127" declared "fold:0"
"['b11902156']" won the round 13 (stack = {'b11902156': 195, 'b10902127': 1805})
community cards of this round: ['ST', 'SQ', 'H2', 'SJ', 'D8']
name: b11902156, hole_card: ['CJ', 'HT']
name: b10902127, hole_card: ['S9', 'D4']
Started the round 14
Street "preflop" started. (community card = [])
name: b11902156, hole_card: ['CJ', 'HT']
name: b10902127, hole_card: ['S9', 'D4']
"b11902156" declared "fold:0"
"['b10902127']" won the round 14 (stack = {'b11902156': 190, 'b10902127': 1810})
community cards of this round: ['D8', 'S4', 'D7', 'S5', 'C5']
name: b11902156, hole_card: ['C8', 'HT']
name: b10902127, hole_card: ['S3', 'C4']
Started the round 15
Street "preflop" started. (community card = [])
name: b11902156, hole_card: ['C8', 'HT']
name: b10902127, hole_card: ['S3', 'C4']
"b10902127" declared "fold:0"
"['b11902156']" won the round 15 (stack = {'b11902156': 195, 'b10902127': 1805})
community cards of this round: ['S7', 'HT', 'H7', 'C4', 'DQ']
name: b11902156, hole_card: ['HQ', 'CT']
name: b10902127, hole_card: ['D5', 'H9']
Started the round 16
Street "preflop" started. (community card = [])
name: b11902156, hole_card: ['HQ', 'CT']
name: b10902127, hole_card: ['D5', 'H9']
"b11902156" declared "raise:75"
name: b11902156, hole_card: ['HQ', 'CT']
name: b10902127, hole_card: ['D5', 'H9']
"b10902127" declared "fold:0"
"['b11902156']" won the round 16 (stack = {'b11902156': 205, 'b10902127': 1795})
community cards of this round: ['SK', 'HA', 'S6', 'C3', 'D7']
name: b11902156, hole_card: ['H5', 'S5']
name: b10902127, hole_card: ['SJ', 'S8']
Started the round 17
Street "preflop" started. (community card = [])
name: b11902156, hole_card: ['H5', 'S5']
name: b10902127, hole_card: ['SJ', 'S8']
"b10902127" declared "fold:0"
"['b11902156']" won the round 17 (stack = {'b11902156': 210, 'b10902127': 1790})
community cards of this round: ['D3', 'S8', 'H7', 'S3', 'C7']
name: b11902156, hole_card: ['SA', 'CK']
name: b10902127, hole_card: ['C8', 'HT']
Started the round 18
Street "preflop" started. (community card = [])
name: b11902156, hole_card: ['SA', 'CK']
name: b10902127, hole_card: ['C8', 'HT']
"b11902156" declared "fold:0"
"['b10902127']" won the round 18 (stack = {'b11902156': 205, 'b10902127': 1795})
community cards of this round: ['H9', 'H8', 'C3', 'CK', 'ST']
name: b11902156, hole_card: ['D2', 'SK']
name: b10902127, hole_card: ['C7', 'S3']
Started the round 19
Street "preflop" started. (community card = [])
name: b11902156, hole_card: ['D2', 'SK']
name: b10902127, hole_card: ['C7', 'S3']
"b10902127" declared "fold:0"
"['b11902156']" won the round 19 (stack = {'b11902156': 210, 'b10902127': 1790})
community cards of this round: ['DJ', 'HT', 'DK', 'D3', 'H4']
name: b11902156, hole_card: ['C6', 'S8']
name: b10902127, hole_card: ['C3', 'SA']
Started the round 20
Street "preflop" started. (community card = [])
name: b11902156, hole_card: ['C6', 'S8']
name: b10902127, hole_card: ['C3', 'SA']
"b11902156" declared "fold:0"
"['b10902127']" won the round 20 (stack = {'b11902156': 205, 'b10902127': 1795})
b11902156 vs b10902127 - Game 2: {'rule': {'initial_stack': 1000, 'max_round': 20, 'small_blind_amount': 5, 'ante': 0, 'blind_structure': {}}, 'players': [{'name': 'b11902156', 'uuid': 'brpurnrlgpvetwbazapobw', 'stack': 205, 'state': 'participating'}, {'name': 'b10902127', 'uuid': 'pdydkrzolsjjfsfgfbcxmj', 'stack': 1795, 'state': 'participating'}]}
community cards of this round: ['D3', 'D7', 'H8', 'S8', 'S4']
name: b10902127, hole_card: ['C6', 'D5']
name: b11902156, hole_card: ['C4', 'S3']
Started the round 1
Street "preflop" started. (community card = [])
name: b10902127, hole_card: ['C6', 'D5']
name: b11902156, hole_card: ['C4', 'S3']
"b11902156" declared "raise:671"
name: b10902127, hole_card: ['C6', 'D5']
name: b11902156, hole_card: ['C4', 'S3']
"b10902127" declared "fold:0"
"['b11902156']" won the round 1 (stack = {'b10902127': 990, 'b11902156': 1010})
community cards of this round: ['SK', 'C8', 'HT', 'H6', 'HJ']
name: b10902127, hole_card: ['S5', 'DA']
name: b11902156, hole_card: ['D7', 'D9']
Started the round 2
Street "preflop" started. (community card = [])
name: b10902127, hole_card: ['S5', 'DA']
name: b11902156, hole_card: ['D7', 'D9']
"b10902127" declared "raise:70"
name: b10902127, hole_card: ['S5', 'DA']
name: b11902156, hole_card: ['D7', 'D9']
"b11902156" declared "raise:570"
name: b10902127, hole_card: ['S5', 'DA']
name: b11902156, hole_card: ['D7', 'D9']
"b10902127" declared "fold:0"
"['b11902156']" won the round 2 (stack = {'b10902127': 920, 'b11902156': 1080})
community cards of this round: ['SQ', 'DQ', 'DT', 'HJ', 'S2']
name: b10902127, hole_card: ['H4', 'C6']
name: b11902156, hole_card: ['C9', 'S8']
Started the round 3
Street "preflop" started. (community card = [])
name: b10902127, hole_card: ['H4', 'C6']
name: b11902156, hole_card: ['C9', 'S8']
"b11902156" declared "raise:725"
name: b10902127, hole_card: ['H4', 'C6']
name: b11902156, hole_card: ['C9', 'S8']
"b10902127" declared "fold:0"
"['b11902156']" won the round 3 (stack = {'b10902127': 910, 'b11902156': 1090})
community cards of this round: ['H5', 'D9', 'D4', 'C5', 'CK']
name: b10902127, hole_card: ['C3', 'CA']
name: b11902156, hole_card: ['D5', 'H4']
Started the round 4
Street "preflop" started. (community card = [])
name: b10902127, hole_card: ['C3', 'CA']
name: b11902156, hole_card: ['D5', 'H4']
"b10902127" declared "call:10"
name: b10902127, hole_card: ['C3', 'CA']
name: b11902156, hole_card: ['D5', 'H4']
"b11902156" declared "raise:373"
name: b10902127, hole_card: ['C3', 'CA']
name: b11902156, hole_card: ['D5', 'H4']
"b10902127" declared "fold:0"
"['b11902156']" won the round 4 (stack = {'b10902127': 900, 'b11902156': 1100})
community cards of this round: ['CK', 'H3', 'HQ', 'DA', 'D8']
name: b10902127, hole_card: ['H4', 'HT']
name: b11902156, hole_card: ['SA', 'SJ']
Started the round 5
Street "preflop" started. (community card = [])
name: b10902127, hole_card: ['H4', 'HT']
name: b11902156, hole_card: ['SA', 'SJ']
"b11902156" declared "raise:919"
name: b10902127, hole_card: ['H4', 'HT']
name: b11902156, hole_card: ['SA', 'SJ']
"b10902127" declared "fold:0"
"['b11902156']" won the round 5 (stack = {'b10902127': 890, 'b11902156': 1110})
community cards of this round: ['S5', 'D5', 'S2', 'DJ', 'HK']
name: b10902127, hole_card: ['H7', 'HT']
name: b11902156, hole_card: ['D2', 'SQ']
Started the round 6
Street "preflop" started. (community card = [])
name: b10902127, hole_card: ['H7', 'HT']
name: b11902156, hole_card: ['D2', 'SQ']
"b10902127" declared "raise:890"
name: b10902127, hole_card: ['H7', 'HT']
name: b11902156, hole_card: ['D2', 'SQ']
"b11902156" declared "raise:-1", Invalid action. Treat as fold...
"['b10902127']" won the round 6 (stack = {'b10902127': 900, 'b11902156': 1100})
community cards of this round: ['DT', 'H6', 'C4', 'H8', 'D2']
name: b10902127, hole_card: ['S4', 'C7']
name: b11902156, hole_card: ['DJ', 'S3']
Started the round 7
Street "preflop" started. (community card = [])
name: b10902127, hole_card: ['S4', 'C7']
name: b11902156, hole_card: ['DJ', 'S3']
"b11902156" declared "raise:919"
name: b10902127, hole_card: ['S4', 'C7']
name: b11902156, hole_card: ['DJ', 'S3']
"b10902127" declared "call:919"
Street "flop" started. (community card = ['DT', 'H6', 'C4'])
Street "turn" started. (community card = ['DT', 'H6', 'C4', 'H8'])
Street "river" started. (community card = ['DT', 'H6', 'C4', 'H8', 'D2'])
"['b10902127']" won the round 7 (stack = {'b10902127': 1800, 'b11902156': 200})
community cards of this round: ['D9', 'CK', 'S7', 'DK', 'CJ']
name: b10902127, hole_card: ['H3', 'D7']
name: b11902156, hole_card: ['C7', 'D5']
Started the round 8
Street "preflop" started. (community card = [])
name: b10902127, hole_card: ['H3', 'D7']
name: b11902156, hole_card: ['C7', 'D5']
"b10902127" declared "fold:0"
"['b11902156']" won the round 8 (stack = {'b10902127': 1795, 'b11902156': 205})
community cards of this round: ['S8', 'CJ', 'S4', 'CT', 'DJ']
name: b10902127, hole_card: ['H9', 'SQ']
name: b11902156, hole_card: ['S7', 'D7']
Started the round 9
Street "preflop" started. (community card = [])
name: b10902127, hole_card: ['H9', 'SQ']
name: b11902156, hole_card: ['S7', 'D7']
"b11902156" declared "fold:0"
"['b10902127']" won the round 9 (stack = {'b10902127': 1800, 'b11902156': 200})
community cards of this round: ['CJ', 'SJ', 'H5', 'S8', 'HA']
name: b10902127, hole_card: ['DT', 'D3']
name: b11902156, hole_card: ['DK', 'DQ']
Started the round 10
Street "preflop" started. (community card = [])
name: b10902127, hole_card: ['DT', 'D3']
name: b11902156, hole_card: ['DK', 'DQ']
"b10902127" declared "fold:0"
"['b11902156']" won the round 10 (stack = {'b10902127': 1795, 'b11902156': 205})
community cards of this round: ['DT', 'CJ', 'S7', 'H5', 'DK']
name: b10902127, hole_card: ['DQ', 'D8']
name: b11902156, hole_card: ['DJ', 'D2']
Started the round 11
Street "preflop" started. (community card = [])
name: b10902127, hole_card: ['DQ', 'D8']
name: b11902156, hole_card: ['DJ', 'D2']
"b11902156" declared "fold:0"
"['b10902127']" won the round 11 (stack = {'b10902127': 1800, 'b11902156': 200})
community cards of this round: ['D4', 'SA', 'SK', 'HK', 'CK']
name: b10902127, hole_card: ['HT', 'CT']
name: b11902156, hole_card: ['H9', 'C3']
Started the round 12
Street "preflop" started. (community card = [])
name: b10902127, hole_card: ['HT', 'CT']
name: b11902156, hole_card: ['H9', 'C3']
"b10902127" declared "fold:0"
"['b11902156']" won the round 12 (stack = {'b10902127': 1795, 'b11902156': 205})
community cards of this round: ['HJ', 'SA', 'HA', 'D6', 'C3']
name: b10902127, hole_card: ['HQ', 'S2']
name: b11902156, hole_card: ['C9', 'H2']
Started the round 13
Street "preflop" started. (community card = [])
name: b10902127, hole_card: ['HQ', 'S2']
name: b11902156, hole_card: ['C9', 'H2']
"b11902156" declared "call:0", Invalid action. Treat as fold...
"['b10902127']" won the round 13 (stack = {'b10902127': 1800, 'b11902156': 200})
community cards of this round: ['S4', 'C6', 'HA', 'SJ', 'HK']
name: b10902127, hole_card: ['ST', 'S9']
name: b11902156, hole_card: ['S6', 'DT']
Started the round 14
Street "preflop" started. (community card = [])
name: b10902127, hole_card: ['ST', 'S9']
name: b11902156, hole_card: ['S6', 'DT']
"b10902127" declared "fold:0"
"['b11902156']" won the round 14 (stack = {'b10902127': 1795, 'b11902156': 205})
community cards of this round: ['DK', 'D8', 'DT', 'CQ', 'S4']
name: b10902127, hole_card: ['C7', 'C8']
name: b11902156, hole_card: ['D2', 'H9']
Started the round 15
Street "preflop" started. (community card = [])
name: b10902127, hole_card: ['C7', 'C8']
name: b11902156, hole_card: ['D2', 'H9']
"b11902156" declared "raise:46"
name: b10902127, hole_card: ['C7', 'C8']
name: b11902156, hole_card: ['D2', 'H9']
"b10902127" declared "fold:0"
"['b11902156']" won the round 15 (stack = {'b10902127': 1785, 'b11902156': 215})
community cards of this round: ['D7', 'HQ', 'D2', 'SA', 'D6']
name: b10902127, hole_card: ['C3', 'CJ']
name: b11902156, hole_card: ['H7', 'DT']
Started the round 16
Street "preflop" started. (community card = [])
name: b10902127, hole_card: ['C3', 'CJ']
name: b11902156, hole_card: ['H7', 'DT']
"b10902127" declared "fold:0"
"['b11902156']" won the round 16 (stack = {'b10902127': 1780, 'b11902156': 220})
community cards of this round: ['S3', 'H9', 'H3', 'HQ', 'D8']
name: b10902127, hole_card: ['C6', 'CJ']
name: b11902156, hole_card: ['SA', 'CT']
Started the round 17
Street "preflop" started. (community card = [])
name: b10902127, hole_card: ['C6', 'CJ']
name: b11902156, hole_card: ['SA', 'CT']
"b11902156" declared "call:0", Invalid action. Treat as fold...
"['b10902127']" won the round 17 (stack = {'b10902127': 1785, 'b11902156': 215})
community cards of this round: ['DA', 'H8', 'D5', 'H2', 'S5']
name: b10902127, hole_card: ['C6', 'DK']
name: b11902156, hole_card: ['H6', 'S2']
Started the round 18
Street "preflop" started. (community card = [])
name: b10902127, hole_card: ['C6', 'DK']
name: b11902156, hole_card: ['H6', 'S2']
"b10902127" declared "fold:0"
"['b11902156']" won the round 18 (stack = {'b10902127': 1780, 'b11902156': 220})
community cards of this round: ['DK', 'S9', 'H2', 'S6', 'HK']
name: b10902127, hole_card: ['S2', 'D5']
name: b11902156, hole_card: ['DJ', 'DA']
Started the round 19
Street "preflop" started. (community card = [])
name: b10902127, hole_card: ['S2', 'D5']
name: b11902156, hole_card: ['DJ', 'DA']
"b11902156" declared "fold:0"
"['b10902127']" won the round 19 (stack = {'b10902127': 1785, 'b11902156': 215})
community cards of this round: ['D8', 'H9', 'HA', 'S5', 'DA']
name: b10902127, hole_card: ['D3', 'H4']
name: b11902156, hole_card: ['C8', 'SJ']
Started the round 20
Street "preflop" started. (community card = [])
name: b10902127, hole_card: ['D3', 'H4']
name: b11902156, hole_card: ['C8', 'SJ']
"b10902127" declared "fold:0"
"['b11902156']" won the round 20 (stack = {'b10902127': 1780, 'b11902156': 220})
b11902156 vs b10902127 - Game 3: {'rule': {'initial_stack': 1000, 'max_round': 20, 'small_blind_amount': 5, 'ante': 0, 'blind_structure': {}}, 'players': [{'name': 'b10902127', 'uuid': 'oizyqfsteietizzpcbnxki', 'stack': 1780, 'state': 'participating'}, {'name': 'b11902156', 'uuid': 'rcsakywtipjihbmooolmig', 'stack': 220, 'state': 'participating'}]}
community cards of this round: ['D3', 'D7', 'H8', 'S8', 'S4']
name: b11902156, hole_card: ['C6', 'D5']
name: b10902127, hole_card: ['C4', 'S3']
Started the round 1
Street "preflop" started. (community card = [])
name: b11902156, hole_card: ['C6', 'D5']
name: b10902127, hole_card: ['C4', 'S3']
"b10902127" declared "fold:0"
"['b11902156']" won the round 1 (stack = {'b11902156': 1005, 'b10902127': 995})
community cards of this round: ['SK', 'C8', 'HT', 'H6', 'HJ']
name: b11902156, hole_card: ['S5', 'DA']
name: b10902127, hole_card: ['D7', 'D9']
Started the round 2
Street "preflop" started. (community card = [])
name: b11902156, hole_card: ['S5', 'DA']
name: b10902127, hole_card: ['D7', 'D9']
"b11902156" declared "raise:675"
name: b11902156, hole_card: ['S5', 'DA']
name: b10902127, hole_card: ['D7', 'D9']
"b10902127" declared "fold:0"
"['b11902156']" won the round 2 (stack = {'b11902156': 1015, 'b10902127': 985})
community cards of this round: ['SQ', 'DQ', 'DT', 'HJ', 'S2']
name: b11902156, hole_card: ['H4', 'C6']
name: b10902127, hole_card: ['C9', 'S8']
Started the round 3
Street "preflop" started. (community card = [])
name: b11902156, hole_card: ['H4', 'C6']
name: b10902127, hole_card: ['C9', 'S8']
"b10902127" declared "call:10"
name: b11902156, hole_card: ['H4', 'C6']
name: b10902127, hole_card: ['C9', 'S8']
"b11902156" declared "raise:15"
name: b11902156, hole_card: ['H4', 'C6']
name: b10902127, hole_card: ['C9', 'S8']
"b10902127" declared "call:15"
Street "flop" started. (community card = ['SQ', 'DQ', 'DT'])
name: b11902156, hole_card: ['H4', 'C6']
name: b10902127, hole_card: ['C9', 'S8']
"b10902127" declared "call:0"
name: b11902156, hole_card: ['H4', 'C6']
name: b10902127, hole_card: ['C9', 'S8']
"b11902156" declared "raise:505"
name: b11902156, hole_card: ['H4', 'C6']
name: b10902127, hole_card: ['C9', 'S8']
"b10902127" declared "fold:0"
"['b11902156']" won the round 3 (stack = {'b11902156': 1030, 'b10902127': 970})
community cards of this round: ['H5', 'D9', 'D4', 'C5', 'CK']
name: b11902156, hole_card: ['C3', 'CA']
name: b10902127, hole_card: ['D5', 'H4']
Started the round 4
Street "preflop" started. (community card = [])
name: b11902156, hole_card: ['C3', 'CA']
name: b10902127, hole_card: ['D5', 'H4']
"b11902156" declared "raise:691"
name: b11902156, hole_card: ['C3', 'CA']
name: b10902127, hole_card: ['D5', 'H4']
"b10902127" declared "fold:0"
"['b11902156']" won the round 4 (stack = {'b11902156': 1040, 'b10902127': 960})
community cards of this round: ['CK', 'H3', 'HQ', 'DA', 'D8']
name: b11902156, hole_card: ['H4', 'HT']
name: b10902127, hole_card: ['SA', 'SJ']
Started the round 5
Street "preflop" started. (community card = [])
name: b11902156, hole_card: ['H4', 'HT']
name: b10902127, hole_card: ['SA', 'SJ']
"b10902127" declared "raise:960"
name: b11902156, hole_card: ['H4', 'HT']
name: b10902127, hole_card: ['SA', 'SJ']
"b11902156" declared "raise:-1", Invalid action. Treat as fold...
"['b10902127']" won the round 5 (stack = {'b11902156': 1030, 'b10902127': 970})
community cards of this round: ['S5', 'D5', 'S2', 'DJ', 'HK']
name: b11902156, hole_card: ['H7', 'HT']
name: b10902127, hole_card: ['D2', 'SQ']
Started the round 6
Street "preflop" started. (community card = [])
name: b11902156, hole_card: ['H7', 'HT']
name: b10902127, hole_card: ['D2', 'SQ']
"b11902156" declared "raise:522"
name: b11902156, hole_card: ['H7', 'HT']
name: b10902127, hole_card: ['D2', 'SQ']
"b10902127" declared "fold:0"
"['b11902156']" won the round 6 (stack = {'b11902156': 1040, 'b10902127': 960})
community cards of this round: ['DT', 'H6', 'C4', 'H8', 'D2']
name: b11902156, hole_card: ['S4', 'C7']
name: b10902127, hole_card: ['DJ', 'S3']
Started the round 7
Street "preflop" started. (community card = [])
name: b11902156, hole_card: ['S4', 'C7']
name: b10902127, hole_card: ['DJ', 'S3']
"b10902127" declared "call:10"
name: b11902156, hole_card: ['S4', 'C7']
name: b10902127, hole_card: ['DJ', 'S3']
"b11902156" declared "raise:698"
name: b11902156, hole_card: ['S4', 'C7']
name: b10902127, hole_card: ['DJ', 'S3']
"b10902127" declared "fold:0"
"['b11902156']" won the round 7 (stack = {'b11902156': 1050, 'b10902127': 950})
community cards of this round: ['D9', 'CK', 'S7', 'DK', 'CJ']
name: b11902156, hole_card: ['H3', 'D7']
name: b10902127, hole_card: ['C7', 'D5']
Started the round 8
Street "preflop" started. (community card = [])
name: b11902156, hole_card: ['H3', 'D7']
name: b10902127, hole_card: ['C7', 'D5']
"b11902156" declared "raise:877"
name: b11902156, hole_card: ['H3', 'D7']
name: b10902127, hole_card: ['C7', 'D5']
"b10902127" declared "fold:0"
"['b11902156']" won the round 8 (stack = {'b11902156': 1060, 'b10902127': 940})
community cards of this round: ['S8', 'CJ', 'S4', 'CT', 'DJ']
name: b11902156, hole_card: ['H9', 'SQ']
name: b10902127, hole_card: ['S7', 'D7']
Started the round 9
Street "preflop" started. (community card = [])
name: b11902156, hole_card: ['H9', 'SQ']
name: b10902127, hole_card: ['S7', 'D7']
"b10902127" declared "raise:940"
name: b11902156, hole_card: ['H9', 'SQ']
name: b10902127, hole_card: ['S7', 'D7']
"b11902156" declared "raise:-1", Invalid action. Treat as fold...
"['b10902127']" won the round 9 (stack = {'b11902156': 1050, 'b10902127': 950})
community cards of this round: ['CJ', 'SJ', 'H5', 'S8', 'HA']
name: b11902156, hole_card: ['DT', 'D3']
name: b10902127, hole_card: ['DK', 'DQ']
Started the round 10
Street "preflop" started. (community card = [])
name: b11902156, hole_card: ['DT', 'D3']
name: b10902127, hole_card: ['DK', 'DQ']
"b11902156" declared "raise:877"
name: b11902156, hole_card: ['DT', 'D3']
name: b10902127, hole_card: ['DK', 'DQ']
"b10902127" declared "fold:0"
"['b11902156']" won the round 10 (stack = {'b11902156': 1060, 'b10902127': 940})
community cards of this round: ['DT', 'CJ', 'S7', 'H5', 'DK']
name: b11902156, hole_card: ['DQ', 'D8']
name: b10902127, hole_card: ['DJ', 'D2']
Started the round 11
Street "preflop" started. (community card = [])
name: b11902156, hole_card: ['DQ', 'D8']
name: b10902127, hole_card: ['DJ', 'D2']
"b10902127" declared "raise:940"
name: b11902156, hole_card: ['DQ', 'D8']
name: b10902127, hole_card: ['DJ', 'D2']
"b11902156" declared "raise:-1", Invalid action. Treat as fold...
"['b10902127']" won the round 11 (stack = {'b11902156': 1050, 'b10902127': 950})
community cards of this round: ['D4', 'SA', 'SK', 'HK', 'CK']
name: b11902156, hole_card: ['HT', 'CT']
name: b10902127, hole_card: ['H9', 'C3']
Started the round 12
Street "preflop" started. (community card = [])
name: b11902156, hole_card: ['HT', 'CT']
name: b10902127, hole_card: ['H9', 'C3']
"b11902156" declared "raise:705"
name: b11902156, hole_card: ['HT', 'CT']
name: b10902127, hole_card: ['H9', 'C3']
"b10902127" declared "fold:0"
"['b11902156']" won the round 12 (stack = {'b11902156': 1060, 'b10902127': 940})
community cards of this round: ['HJ', 'SA', 'HA', 'D6', 'C3']
name: b11902156, hole_card: ['HQ', 'S2']
name: b10902127, hole_card: ['C9', 'H2']
Started the round 13
Street "preflop" started. (community card = [])
name: b11902156, hole_card: ['HQ', 'S2']
name: b10902127, hole_card: ['C9', 'H2']
"b10902127" declared "raise:940"
name: b11902156, hole_card: ['HQ', 'S2']
name: b10902127, hole_card: ['C9', 'H2']
"b11902156" declared "raise:-1", Invalid action. Treat as fold...
"['b10902127']" won the round 13 (stack = {'b11902156': 1050, 'b10902127': 950})
community cards of this round: ['S4', 'C6', 'HA', 'SJ', 'HK']
name: b11902156, hole_card: ['ST', 'S9']
name: b10902127, hole_card: ['S6', 'DT']
Started the round 14
Street "preflop" started. (community card = [])
name: b11902156, hole_card: ['ST', 'S9']
name: b10902127, hole_card: ['S6', 'DT']
"b11902156" declared "raise:877"
name: b11902156, hole_card: ['ST', 'S9']
name: b10902127, hole_card: ['S6', 'DT']
"b10902127" declared "call:877"
Street "flop" started. (community card = ['S4', 'C6', 'HA'])
name: b11902156, hole_card: ['ST', 'S9']
name: b10902127, hole_card: ['S6', 'DT']
"b11902156" declared "raise:91"
name: b11902156, hole_card: ['ST', 'S9']
name: b10902127, hole_card: ['S6', 'DT']
"b10902127" declared "call:91"
Street "turn" started. (community card = ['S4', 'C6', 'HA', 'SJ'])
Street "river" started. (community card = ['S4', 'C6', 'HA', 'SJ', 'HK'])
"['b10902127']" won the round 14 (stack = {'b11902156': 100, 'b10902127': 1900})
community cards of this round: ['DK', 'D8', 'DT', 'CQ', 'S4']
name: b11902156, hole_card: ['C7', 'C8']
name: b10902127, hole_card: ['D2', 'H9']
Started the round 15
Street "preflop" started. (community card = [])
name: b11902156, hole_card: ['C7', 'C8']
name: b10902127, hole_card: ['D2', 'H9']
"b10902127" declared "fold:0"
"['b11902156']" won the round 15 (stack = {'b11902156': 105, 'b10902127': 1895})
community cards of this round: ['D7', 'HQ', 'D2', 'SA', 'D6']
name: b11902156, hole_card: ['C3', 'CJ']
name: b10902127, hole_card: ['H7', 'DT']
Started the round 16
Street "preflop" started. (community card = [])
name: b11902156, hole_card: ['C3', 'CJ']
name: b10902127, hole_card: ['H7', 'DT']
"b11902156" declared "fold:0"
"['b10902127']" won the round 16 (stack = {'b11902156': 100, 'b10902127': 1900})
community cards of this round: ['S3', 'H9', 'H3', 'HQ', 'D8']
name: b11902156, hole_card: ['C6', 'CJ']
name: b10902127, hole_card: ['SA', 'CT']
Started the round 17
Street "preflop" started. (community card = [])
name: b11902156, hole_card: ['C6', 'CJ']
name: b10902127, hole_card: ['SA', 'CT']
"b10902127" declared "fold:0"
"['b11902156']" won the round 17 (stack = {'b11902156': 105, 'b10902127': 1895})
community cards of this round: ['DA', 'H8', 'D5', 'H2', 'S5']
name: b11902156, hole_card: ['C6', 'DK']
name: b10902127, hole_card: ['H6', 'S2']
Started the round 18
Street "preflop" started. (community card = [])
name: b11902156, hole_card: ['C6', 'DK']
name: b10902127, hole_card: ['H6', 'S2']
"b11902156" declared "fold:0"
"['b10902127']" won the round 18 (stack = {'b11902156': 100, 'b10902127': 1900})
community cards of this round: ['DK', 'S9', 'H2', 'S6', 'HK']
name: b11902156, hole_card: ['S2', 'D5']
name: b10902127, hole_card: ['DJ', 'DA']
Started the round 19
Street "preflop" started. (community card = [])
name: b11902156, hole_card: ['S2', 'D5']
name: b10902127, hole_card: ['DJ', 'DA']
"b10902127" declared "fold:0"
"['b11902156']" won the round 19 (stack = {'b11902156': 105, 'b10902127': 1895})
community cards of this round: ['D8', 'H9', 'HA', 'S5', 'DA']
name: b11902156, hole_card: ['D3', 'H4']
name: b10902127, hole_card: ['C8', 'SJ']
Started the round 20
Street "preflop" started. (community card = [])
name: b11902156, hole_card: ['D3', 'H4']
name: b10902127, hole_card: ['C8', 'SJ']
"b11902156" declared "fold:0"
"['b10902127']" won the round 20 (stack = {'b11902156': 100, 'b10902127': 1900})
b11902156 vs b10902127 - Game 4: {'rule': {'initial_stack': 1000, 'max_round': 20, 'small_blind_amount': 5, 'ante': 0, 'blind_structure': {}}, 'players': [{'name': 'b11902156', 'uuid': 'gyczonfcbgqjrxyywmdhfe', 'stack': 100, 'state': 'participating'}, {'name': 'b10902127', 'uuid': 'plscupxwavlbdlznnkykuo', 'stack': 1900, 'state': 'participating'}]}
community cards of this round: ['D7', 'H2', 'S5', 'DA', 'DJ']
name: b10902127, hole_card: ['CA', 'CT']
name: b11902156, hole_card: ['DT', 'H3']
Started the round 1
Street "preflop" started. (community card = [])
name: b10902127, hole_card: ['CA', 'CT']
name: b11902156, hole_card: ['DT', 'H3']
"b11902156" declared "raise:179"
name: b10902127, hole_card: ['CA', 'CT']
name: b11902156, hole_card: ['DT', 'H3']
"b10902127" declared "raise:1000"
name: b10902127, hole_card: ['CA', 'CT']
name: b11902156, hole_card: ['DT', 'H3']
"b11902156" declared "raise:-1", Invalid action. Treat as fold...
"['b10902127']" won the round 1 (stack = {'b10902127': 1179, 'b11902156': 821})
community cards of this round: ['H2', 'H8', 'CA', 'DA', 'C4']
name: b10902127, hole_card: ['H6', 'D5']
name: b11902156, hole_card: ['DK', 'D3']
Started the round 2
Street "preflop" started. (community card = [])
name: b10902127, hole_card: ['H6', 'D5']
name: b11902156, hole_card: ['DK', 'D3']
"b10902127" declared "fold:0"
"['b11902156']" won the round 2 (stack = {'b10902127': 1174, 'b11902156': 826})
community cards of this round: ['S4', 'C9', 'C3', 'HJ', 'CJ']
name: b10902127, hole_card: ['C7', 'DK']
name: b11902156, hole_card: ['H4', 'CT']
Started the round 3
Street "preflop" started. (community card = [])
name: b10902127, hole_card: ['C7', 'DK']
name: b11902156, hole_card: ['H4', 'CT']
"b11902156" declared "fold:0"
"['b10902127']" won the round 3 (stack = {'b10902127': 1179, 'b11902156': 821})
community cards of this round: ['D9', 'S9', 'HK', 'D4', 'CJ']
name: b10902127, hole_card: ['S7', 'SA']
name: b11902156, hole_card: ['D2', 'CT']
Started the round 4
Street "preflop" started. (community card = [])
name: b10902127, hole_card: ['S7', 'SA']
name: b11902156, hole_card: ['D2', 'CT']
"b10902127" declared "fold:0"
"['b11902156']" won the round 4 (stack = {'b10902127': 1174, 'b11902156': 826})
community cards of this round: ['D2', 'S3', 'S9', 'H8', 'H7']
name: b10902127, hole_card: ['SJ', 'C9']
name: b11902156, hole_card: ['H6', 'HA']
Started the round 5
Street "preflop" started. (community card = [])
name: b10902127, hole_card: ['SJ', 'C9']
name: b11902156, hole_card: ['H6', 'HA']
"b11902156" declared "raise:15"
name: b10902127, hole_card: ['SJ', 'C9']
name: b11902156, hole_card: ['H6', 'HA']
"b10902127" declared "fold:0"
"['b11902156']" won the round 5 (stack = {'b10902127': 1164, 'b11902156': 836})
community cards of this round: ['C3', 'HK', 'S6', 'SK', 'CA']
name: b10902127, hole_card: ['D6', 'C6']
name: b11902156, hole_card: ['HJ', 'C8']
Started the round 6
Street "preflop" started. (community card = [])
name: b10902127, hole_card: ['D6', 'C6']
name: b11902156, hole_card: ['HJ', 'C8']
"b10902127" declared "fold:0"
"['b11902156']" won the round 6 (stack = {'b10902127': 1159, 'b11902156': 841})
community cards of this round: ['H3', 'CQ', 'C4', 'DA', 'ST']
name: b10902127, hole_card: ['D7', 'H4']
name: b11902156, hole_card: ['HQ', 'S6']
Started the round 7
Street "preflop" started. (community card = [])
name: b10902127, hole_card: ['D7', 'H4']
name: b11902156, hole_card: ['HQ', 'S6']
"b11902156" declared "call:0", Invalid action. Treat as fold...
"['b10902127']" won the round 7 (stack = {'b10902127': 1164, 'b11902156': 836})
community cards of this round: ['D4', 'HA', 'HJ', 'ST', 'CQ']
name: b10902127, hole_card: ['H7', 'S9']
name: b11902156, hole_card: ['C4', 'HK']
Started the round 8
Street "preflop" started. (community card = [])
name: b10902127, hole_card: ['H7', 'S9']
name: b11902156, hole_card: ['C4', 'HK']
"b10902127" declared "fold:0"
"['b11902156']" won the round 8 (stack = {'b10902127': 1159, 'b11902156': 841})
community cards of this round: ['S2', 'D7', 'DJ', 'H2', 'DA']
name: b10902127, hole_card: ['D5', 'HJ']
name: b11902156, hole_card: ['H8', 'C2']
Started the round 9
Street "preflop" started. (community card = [])
name: b10902127, hole_card: ['D5', 'HJ']
name: b11902156, hole_card: ['H8', 'C2']
"b11902156" declared "raise:703"
name: b10902127, hole_card: ['D5', 'HJ']
name: b11902156, hole_card: ['H8', 'C2']
"b10902127" declared "fold:0"
"['b11902156']" won the round 9 (stack = {'b10902127': 1149, 'b11902156': 851})
community cards of this round: ['D6', 'CT', 'H7', 'D8', 'HK']
name: b10902127, hole_card: ['C4', 'S6']
name: b11902156, hole_card: ['SK', 'S2']
Started the round 10
Street "preflop" started. (community card = [])
name: b10902127, hole_card: ['C4', 'S6']
name: b11902156, hole_card: ['SK', 'S2']
"b10902127" declared "fold:0"
"['b11902156']" won the round 10 (stack = {'b10902127': 1144, 'b11902156': 856})
community cards of this round: ['C7', 'C5', 'CT', 'DT', 'D7']
name: b10902127, hole_card: ['H4', 'DA']
name: b11902156, hole_card: ['C6', 'D5']
Started the round 11
Street "preflop" started. (community card = [])
name: b10902127, hole_card: ['H4', 'DA']
name: b11902156, hole_card: ['C6', 'D5']
"b11902156" declared "raise:715"
name: b10902127, hole_card: ['H4', 'DA']
name: b11902156, hole_card: ['C6', 'D5']
"b10902127" declared "fold:0"
"['b11902156']" won the round 11 (stack = {'b10902127': 1134, 'b11902156': 866})
community cards of this round: ['H4', 'D8', 'HJ', 'DT', 'S4']
name: b10902127, hole_card: ['S7', 'D3']
name: b11902156, hole_card: ['DA', 'C4']
Started the round 12
Street "preflop" started. (community card = [])
name: b10902127, hole_card: ['S7', 'D3']
name: b11902156, hole_card: ['DA', 'C4']
"b10902127" declared "fold:0"
"['b11902156']" won the round 12 (stack = {'b10902127': 1129, 'b11902156': 871})
community cards of this round: ['SK', 'D4', 'C7', 'HK', 'D7']
name: b10902127, hole_card: ['C8', 'S9']
name: b11902156, hole_card: ['H7', 'C4']
Started the round 13
Street "preflop" started. (community card = [])
name: b10902127, hole_card: ['C8', 'S9']
name: b11902156, hole_card: ['H7', 'C4']
"b11902156" declared "raise:157"
name: b10902127, hole_card: ['C8', 'S9']
name: b11902156, hole_card: ['H7', 'C4']
"b10902127" declared "fold:0"
"['b11902156']" won the round 13 (stack = {'b10902127': 1119, 'b11902156': 881})
community cards of this round: ['S5', 'D2', 'D4', 'C2', 'HK']
name: b10902127, hole_card: ['C7', 'H3']
name: b11902156, hole_card: ['H4', 'D7']
Started the round 14
Street "preflop" started. (community card = [])
name: b10902127, hole_card: ['C7', 'H3']
name: b11902156, hole_card: ['H4', 'D7']
"b10902127" declared "fold:0"
"['b11902156']" won the round 14 (stack = {'b10902127': 1114, 'b11902156': 886})
community cards of this round: ['D2', 'CT', 'SA', 'DJ', 'C8']
name: b10902127, hole_card: ['S6', 'C3']
name: b11902156, hole_card: ['H9', 'H8']
Started the round 15
Street "preflop" started. (community card = [])
name: b10902127, hole_card: ['S6', 'C3']
name: b11902156, hole_card: ['H9', 'H8']
"b11902156" declared "raise:450"
name: b10902127, hole_card: ['S6', 'C3']
name: b11902156, hole_card: ['H9', 'H8']
"b10902127" declared "fold:0"
/home/ubitus03/miniconda3/envs/poker/lib/python3.8/site-packages/torch/cuda/__init__.py:118: UserWarning: CUDA initialization: CUDA driver initialization failed, you might not have a CUDA gpu. (Triggered internally at ../c10/cuda/CUDAFunctions.cpp:108.)
  return torch._C._cuda_getDeviceCount() > 0
"['b11902156']" won the round 15 (stack = {'b10902127': 1104, 'b11902156': 896})
community cards of this round: ['DQ', 'C4', 'D6', 'C5', 'DK']
name: b10902127, hole_card: ['D9', 'H8']
name: b11902156, hole_card: ['C7', 'HK']
Started the round 16
Street "preflop" started. (community card = [])
name: b10902127, hole_card: ['D9', 'H8']
name: b11902156, hole_card: ['C7', 'HK']
"b10902127" declared "fold:0"
"['b11902156']" won the round 16 (stack = {'b10902127': 1099, 'b11902156': 901})
community cards of this round: ['H5', 'CT', 'S5', 'HJ', 'DT']
name: b10902127, hole_card: ['D8', 'H9']
name: b11902156, hole_card: ['C3', 'D4']
Started the round 17
Street "preflop" started. (community card = [])
name: b10902127, hole_card: ['D8', 'H9']
name: b11902156, hole_card: ['C3', 'D4']
"b11902156" declared "raise:310"
name: b10902127, hole_card: ['D8', 'H9']
name: b11902156, hole_card: ['C3', 'D4']
"b10902127" declared "fold:0"
"['b11902156']" won the round 17 (stack = {'b10902127': 1089, 'b11902156': 911})
community cards of this round: ['HJ', 'D9', 'S3', 'CA', 'H5']
name: b10902127, hole_card: ['D3', 'C5']
name: b11902156, hole_card: ['HQ', 'H8']
Started the round 18
Street "preflop" started. (community card = [])
name: b10902127, hole_card: ['D3', 'C5']
name: b11902156, hole_card: ['HQ', 'H8']
"b10902127" declared "fold:0"
"['b11902156']" won the round 18 (stack = {'b10902127': 1084, 'b11902156': 916})
community cards of this round: ['C6', 'C5', 'CQ', 'DJ', 'DA']
name: b10902127, hole_card: ['S4', 'D3']
name: b11902156, hole_card: ['SA', 'H7']
Started the round 19
Street "preflop" started. (community card = [])
name: b10902127, hole_card: ['S4', 'D3']
name: b11902156, hole_card: ['SA', 'H7']
"b11902156" declared "raise:165"
name: b10902127, hole_card: ['S4', 'D3']
name: b11902156, hole_card: ['SA', 'H7']
"b10902127" declared "fold:0"
"['b11902156']" won the round 19 (stack = {'b10902127': 1074, 'b11902156': 926})
community cards of this round: ['H4', 'D3', 'C2', 'DT', 'HT']
name: b10902127, hole_card: ['D2', 'SA']
name: b11902156, hole_card: ['S9', 'S8']
Started the round 20
Street "preflop" started. (community card = [])
name: b10902127, hole_card: ['D2', 'SA']
name: b11902156, hole_card: ['S9', 'S8']
"b10902127" declared "fold:0"
"['b11902156']" won the round 20 (stack = {'b10902127': 1069, 'b11902156': 931})
b11902156 vs b10902127 - Game 5: {'rule': {'initial_stack': 1000, 'max_round': 20, 'small_blind_amount': 5, 'ante': 0, 'blind_structure': {}}, 'players': [{'name': 'b10902127', 'uuid': 'ctbnakaummijdgfpzwxkmh', 'stack': 1069, 'state': 'participating'}, {'name': 'b11902156', 'uuid': 'gsypvirsaxrsiyjawevmuc', 'stack': 931, 'state': 'participating'}]}
Final Result: b11902156 won 0 games (stack: 2403), b10902127 won 5 games (stack: 7597), num ties: 0
