community cards of this round: ['DT', 'HT', 'ST', 'SK', 'S4']
name: b11902087, hole_card: ['S9', 'H2']
name: t12902105, hole_card: ['S2', 'C4']
Started the round 1
Street "preflop" started. (community card = [])
name: b11902087, hole_card: ['S9', 'H2']
name: t12902105, hole_card: ['S2', 'C4']
"t12902105" declared "call:10"
name: b11902087, hole_card: ['S9', 'H2']
name: t12902105, hole_card: ['S2', 'C4']
"b11902087" declared "call:10"
Street "flop" started. (community card = ['DT', 'HT', 'ST'])
name: b11902087, hole_card: ['S9', 'H2']
name: t12902105, hole_card: ['S2', 'C4']
"t12902105" declared "call:0"
name: b11902087, hole_card: ['S9', 'H2']
name: t12902105, hole_card: ['S2', 'C4']
"b11902087" declared "raise:10"
name: b11902087, hole_card: ['S9', 'H2']
name: t12902105, hole_card: ['S2', 'C4']
"t12902105" declared "call:10"
Street "turn" started. (community card = ['DT', 'HT', 'ST', 'SK'])
name: b11902087, hole_card: ['S9', 'H2']
name: t12902105, hole_card: ['S2', 'C4']
"t12902105" declared "call:0"
name: b11902087, hole_card: ['S9', 'H2']
name: t12902105, hole_card: ['S2', 'C4']
"b11902087" declared "raise:10"
name: b11902087, hole_card: ['S9', 'H2']
name: t12902105, hole_card: ['S2', 'C4']
"t12902105" declared "call:10"
Street "river" started. (community card = ['DT', 'HT', 'ST', 'SK', 'S4'])
name: b11902087, hole_card: ['S9', 'H2']
name: t12902105, hole_card: ['S2', 'C4']
"t12902105" declared "call:0"
name: b11902087, hole_card: ['S9', 'H2']
name: t12902105, hole_card: ['S2', 'C4']
"b11902087" declared "raise:10"
name: b11902087, hole_card: ['S9', 'H2']
name: t12902105, hole_card: ['S2', 'C4']
"t12902105" declared "call:10"
"['t12902105']" won the round 1 (stack = {'b11902087': 960, 't12902105': 1040})
community cards of this round: ['S9', 'H8', 'H2', 'H5', 'DK']
name: b11902087, hole_card: ['S3', 'SJ']
name: t12902105, hole_card: ['C6', 'H6']
Started the round 2
Street "preflop" started. (community card = [])
name: b11902087, hole_card: ['S3', 'SJ']
name: t12902105, hole_card: ['C6', 'H6']
"b11902087" declared "call:10"
name: b11902087, hole_card: ['S3', 'SJ']
name: t12902105, hole_card: ['C6', 'H6']
"t12902105" declared "call:10"
Street "flop" started. (community card = ['S9', 'H8', 'H2'])
name: b11902087, hole_card: ['S3', 'SJ']
name: t12902105, hole_card: ['C6', 'H6']
"b11902087" declared "call:0"
name: b11902087, hole_card: ['S3', 'SJ']
name: t12902105, hole_card: ['C6', 'H6']
"t12902105" declared "call:0"
Street "turn" started. (community card = ['S9', 'H8', 'H2', 'H5'])
name: b11902087, hole_card: ['S3', 'SJ']
name: t12902105, hole_card: ['C6', 'H6']
"b11902087" declared "call:0"
name: b11902087, hole_card: ['S3', 'SJ']
name: t12902105, hole_card: ['C6', 'H6']
"t12902105" declared "call:0"
Street "river" started. (community card = ['S9', 'H8', 'H2', 'H5', 'DK'])
name: b11902087, hole_card: ['S3', 'SJ']
name: t12902105, hole_card: ['C6', 'H6']
"b11902087" declared "call:0"
name: b11902087, hole_card: ['S3', 'SJ']
name: t12902105, hole_card: ['C6', 'H6']
"t12902105" declared "call:0"
"['t12902105']" won the round 2 (stack = {'b11902087': 950, 't12902105': 1050})
community cards of this round: ['H5', 'CK', 'ST', 'S4', 'HQ']
name: b11902087, hole_card: ['D2', 'DJ']
name: t12902105, hole_card: ['D5', 'C2']
Started the round 3
Street "preflop" started. (community card = [])
name: b11902087, hole_card: ['D2', 'DJ']
name: t12902105, hole_card: ['D5', 'C2']
"t12902105" declared "call:10"
name: b11902087, hole_card: ['D2', 'DJ']
name: t12902105, hole_card: ['D5', 'C2']
"b11902087" declared "raise:15"
name: b11902087, hole_card: ['D2', 'DJ']
name: t12902105, hole_card: ['D5', 'C2']
"t12902105" declared "call:15"
Street "flop" started. (community card = ['H5', 'CK', 'ST'])
name: b11902087, hole_card: ['D2', 'DJ']
name: t12902105, hole_card: ['D5', 'C2']
"t12902105" declared "call:0"
name: b11902087, hole_card: ['D2', 'DJ']
name: t12902105, hole_card: ['D5', 'C2']
"b11902087" declared "raise:10"
name: b11902087, hole_card: ['D2', 'DJ']
name: t12902105, hole_card: ['D5', 'C2']
"t12902105" declared "call:10"
Street "turn" started. (community card = ['H5', 'CK', 'ST', 'S4'])
name: b11902087, hole_card: ['D2', 'DJ']
name: t12902105, hole_card: ['D5', 'C2']
"t12902105" declared "call:0"
name: b11902087, hole_card: ['D2', 'DJ']
name: t12902105, hole_card: ['D5', 'C2']
"b11902087" declared "raise:10"
name: b11902087, hole_card: ['D2', 'DJ']
name: t12902105, hole_card: ['D5', 'C2']
"t12902105" declared "call:10"
Street "river" started. (community card = ['H5', 'CK', 'ST', 'S4', 'HQ'])
name: b11902087, hole_card: ['D2', 'DJ']
name: t12902105, hole_card: ['D5', 'C2']
"t12902105" declared "call:0"
name: b11902087, hole_card: ['D2', 'DJ']
name: t12902105, hole_card: ['D5', 'C2']
"b11902087" declared "raise:10"
name: b11902087, hole_card: ['D2', 'DJ']
name: t12902105, hole_card: ['D5', 'C2']
"t12902105" declared "call:10"
"['t12902105']" won the round 3 (stack = {'b11902087': 905, 't12902105': 1095})
community cards of this round: ['DA', 'D8', 'H4', 'DT', 'S4']
name: b11902087, hole_card: ['CT', 'S9']
name: t12902105, hole_card: ['HA', 'H8']
Started the round 4
Street "preflop" started. (community card = [])
name: b11902087, hole_card: ['CT', 'S9']
name: t12902105, hole_card: ['HA', 'H8']
"b11902087" declared "raise:15"
name: b11902087, hole_card: ['CT', 'S9']
name: t12902105, hole_card: ['HA', 'H8']
"t12902105" declared "call:15"
Street "flop" started. (community card = ['DA', 'D8', 'H4'])
name: b11902087, hole_card: ['CT', 'S9']
name: t12902105, hole_card: ['HA', 'H8']
"b11902087" declared "raise:10"
name: b11902087, hole_card: ['CT', 'S9']
name: t12902105, hole_card: ['HA', 'H8']
"t12902105" declared "call:10"
Street "turn" started. (community card = ['DA', 'D8', 'H4', 'DT'])
name: b11902087, hole_card: ['CT', 'S9']
name: t12902105, hole_card: ['HA', 'H8']
"b11902087" declared "raise:10"
name: b11902087, hole_card: ['CT', 'S9']
name: t12902105, hole_card: ['HA', 'H8']
"t12902105" declared "call:10"
Street "river" started. (community card = ['DA', 'D8', 'H4', 'DT', 'S4'])
name: b11902087, hole_card: ['CT', 'S9']
name: t12902105, hole_card: ['HA', 'H8']
"b11902087" declared "raise:10"
name: b11902087, hole_card: ['CT', 'S9']
name: t12902105, hole_card: ['HA', 'H8']
"t12902105" declared "call:10"
"['t12902105']" won the round 4 (stack = {'b11902087': 860, 't12902105': 1140})
community cards of this round: ['S5', 'SJ', 'H9', 'HA', 'D2']
name: b11902087, hole_card: ['D7', 'D9']
name: t12902105, hole_card: ['D8', 'S7']
Started the round 5
Street "preflop" started. (community card = [])
name: b11902087, hole_card: ['D7', 'D9']
name: t12902105, hole_card: ['D8', 'S7']
"t12902105" declared "call:10"
name: b11902087, hole_card: ['D7', 'D9']
name: t12902105, hole_card: ['D8', 'S7']
"b11902087" declared "raise:15"
name: b11902087, hole_card: ['D7', 'D9']
name: t12902105, hole_card: ['D8', 'S7']
"t12902105" declared "call:15"
Street "flop" started. (community card = ['S5', 'SJ', 'H9'])
name: b11902087, hole_card: ['D7', 'D9']
name: t12902105, hole_card: ['D8', 'S7']
"t12902105" declared "call:0"
name: b11902087, hole_card: ['D7', 'D9']
name: t12902105, hole_card: ['D8', 'S7']
"b11902087" declared "raise:10"
name: b11902087, hole_card: ['D7', 'D9']
name: t12902105, hole_card: ['D8', 'S7']
"t12902105" declared "call:10"
Street "turn" started. (community card = ['S5', 'SJ', 'H9', 'HA'])
name: b11902087, hole_card: ['D7', 'D9']
name: t12902105, hole_card: ['D8', 'S7']
"t12902105" declared "call:0"
name: b11902087, hole_card: ['D7', 'D9']
name: t12902105, hole_card: ['D8', 'S7']
"b11902087" declared "raise:10"
name: b11902087, hole_card: ['D7', 'D9']
name: t12902105, hole_card: ['D8', 'S7']
"t12902105" declared "call:10"
Street "river" started. (community card = ['S5', 'SJ', 'H9', 'HA', 'D2'])
name: b11902087, hole_card: ['D7', 'D9']
name: t12902105, hole_card: ['D8', 'S7']
"t12902105" declared "call:0"
name: b11902087, hole_card: ['D7', 'D9']
name: t12902105, hole_card: ['D8', 'S7']
"b11902087" declared "raise:10"
name: b11902087, hole_card: ['D7', 'D9']
name: t12902105, hole_card: ['D8', 'S7']
"t12902105" declared "call:10"
"['b11902087']" won the round 5 (stack = {'b11902087': 905, 't12902105': 1095})
community cards of this round: ['C6', 'D9', 'CA', 'S6', 'S8']
name: b11902087, hole_card: ['H3', 'DA']
name: t12902105, hole_card: ['CT', 'SK']
Started the round 6
Street "preflop" started. (community card = [])
name: b11902087, hole_card: ['H3', 'DA']
name: t12902105, hole_card: ['CT', 'SK']
"b11902087" declared "raise:15"
name: b11902087, hole_card: ['H3', 'DA']
name: t12902105, hole_card: ['CT', 'SK']
"t12902105" declared "call:15"
Street "flop" started. (community card = ['C6', 'D9', 'CA'])
name: b11902087, hole_card: ['H3', 'DA']
name: t12902105, hole_card: ['CT', 'SK']
"b11902087" declared "raise:10"
name: b11902087, hole_card: ['H3', 'DA']
name: t12902105, hole_card: ['CT', 'SK']
"t12902105" declared "call:10"
Street "turn" started. (community card = ['C6', 'D9', 'CA', 'S6'])
name: b11902087, hole_card: ['H3', 'DA']
name: t12902105, hole_card: ['CT', 'SK']
"b11902087" declared "raise:10"
name: b11902087, hole_card: ['H3', 'DA']
name: t12902105, hole_card: ['CT', 'SK']
"t12902105" declared "call:10"
Street "river" started. (community card = ['C6', 'D9', 'CA', 'S6', 'S8'])
name: b11902087, hole_card: ['H3', 'DA']
name: t12902105, hole_card: ['CT', 'SK']
"b11902087" declared "raise:10"
name: b11902087, hole_card: ['H3', 'DA']
name: t12902105, hole_card: ['CT', 'SK']
"t12902105" declared "call:10"
"['b11902087']" won the round 6 (stack = {'b11902087': 950, 't12902105': 1050})
community cards of this round: ['H8', 'S9', 'C9', 'H2', 'SK']
name: b11902087, hole_card: ['D5', 'H9']
name: t12902105, hole_card: ['H3', 'SJ']
Started the round 7
Street "preflop" started. (community card = [])
name: b11902087, hole_card: ['D5', 'H9']
name: t12902105, hole_card: ['H3', 'SJ']
"t12902105" declared "fold:0"
"['b11902087']" won the round 7 (stack = {'b11902087': 955, 't12902105': 1045})
community cards of this round: ['H8', 'CJ', 'SA', 'HT', 'ST']
name: b11902087, hole_card: ['C8', 'S4']
name: t12902105, hole_card: ['CQ', 'S6']
Started the round 8
Street "preflop" started. (community card = [])
name: b11902087, hole_card: ['C8', 'S4']
name: t12902105, hole_card: ['CQ', 'S6']
"b11902087" declared "fold:0"
"['t12902105']" won the round 8 (stack = {'b11902087': 950, 't12902105': 1050})
community cards of this round: ['H2', 'HK', 'DJ', 'S8', 'H5']
name: b11902087, hole_card: ['HJ', 'CJ']
name: t12902105, hole_card: ['C2', 'DT']
Started the round 9
Street "preflop" started. (community card = [])
name: b11902087, hole_card: ['HJ', 'CJ']
name: t12902105, hole_card: ['C2', 'DT']
"t12902105" declared "fold:0"
"['b11902087']" won the round 9 (stack = {'b11902087': 955, 't12902105': 1045})
community cards of this round: ['D2', 'S2', 'S3', 'HK', 'H8']
name: b11902087, hole_card: ['HA', 'DQ']
name: t12902105, hole_card: ['DT', 'HT']
Started the round 10
Street "preflop" started. (community card = [])
name: b11902087, hole_card: ['HA', 'DQ']
name: t12902105, hole_card: ['DT', 'HT']
"b11902087" declared "raise:15"
name: b11902087, hole_card: ['HA', 'DQ']
name: t12902105, hole_card: ['DT', 'HT']
"t12902105" declared "call:15"
Street "flop" started. (community card = ['D2', 'S2', 'S3'])
name: b11902087, hole_card: ['HA', 'DQ']
name: t12902105, hole_card: ['DT', 'HT']
"b11902087" declared "raise:10"
name: b11902087, hole_card: ['HA', 'DQ']
name: t12902105, hole_card: ['DT', 'HT']
"t12902105" declared "call:10"
Street "turn" started. (community card = ['D2', 'S2', 'S3', 'HK'])
name: b11902087, hole_card: ['HA', 'DQ']
name: t12902105, hole_card: ['DT', 'HT']
"b11902087" declared "raise:10"
name: b11902087, hole_card: ['HA', 'DQ']
name: t12902105, hole_card: ['DT', 'HT']
"t12902105" declared "call:10"
Street "river" started. (community card = ['D2', 'S2', 'S3', 'HK', 'H8'])
name: b11902087, hole_card: ['HA', 'DQ']
name: t12902105, hole_card: ['DT', 'HT']
"b11902087" declared "raise:10"
name: b11902087, hole_card: ['HA', 'DQ']
name: t12902105, hole_card: ['DT', 'HT']
"t12902105" declared "call:10"
"['t12902105']" won the round 10 (stack = {'b11902087': 910, 't12902105': 1090})
community cards of this round: ['H8', 'HA', 'C2', 'SJ', 'H2']
name: b11902087, hole_card: ['DQ', 'SA']
name: t12902105, hole_card: ['D5', 'H3']
Started the round 11
Street "preflop" started. (community card = [])
name: b11902087, hole_card: ['DQ', 'SA']
name: t12902105, hole_card: ['D5', 'H3']
"t12902105" declared "fold:0"
"['b11902087']" won the round 11 (stack = {'b11902087': 915, 't12902105': 1085})
community cards of this round: ['D5', 'C7', 'S8', 'SQ', 'C4']
name: b11902087, hole_card: ['S3', 'HK']
name: t12902105, hole_card: ['S5', 'C3']
Started the round 12
Street "preflop" started. (community card = [])
name: b11902087, hole_card: ['S3', 'HK']
name: t12902105, hole_card: ['S5', 'C3']
"b11902087" declared "raise:15"
name: b11902087, hole_card: ['S3', 'HK']
name: t12902105, hole_card: ['S5', 'C3']
"t12902105" declared "call:15"
Street "flop" started. (community card = ['D5', 'C7', 'S8'])
name: b11902087, hole_card: ['S3', 'HK']
name: t12902105, hole_card: ['S5', 'C3']
"b11902087" declared "raise:10"
name: b11902087, hole_card: ['S3', 'HK']
name: t12902105, hole_card: ['S5', 'C3']
"t12902105" declared "call:10"
Street "turn" started. (community card = ['D5', 'C7', 'S8', 'SQ'])
name: b11902087, hole_card: ['S3', 'HK']
name: t12902105, hole_card: ['S5', 'C3']
"b11902087" declared "raise:10"
name: b11902087, hole_card: ['S3', 'HK']
name: t12902105, hole_card: ['S5', 'C3']
"t12902105" declared "call:10"
Street "river" started. (community card = ['D5', 'C7', 'S8', 'SQ', 'C4'])
name: b11902087, hole_card: ['S3', 'HK']
name: t12902105, hole_card: ['S5', 'C3']
"b11902087" declared "raise:10"
name: b11902087, hole_card: ['S3', 'HK']
name: t12902105, hole_card: ['S5', 'C3']
"t12902105" declared "call:10"
"['t12902105']" won the round 12 (stack = {'b11902087': 870, 't12902105': 1130})
community cards of this round: ['D2', 'D3', 'CA', 'H2', 'DT']
name: b11902087, hole_card: ['S2', 'S7']
name: t12902105, hole_card: ['C5', 'SQ']
Started the round 13
Street "preflop" started. (community card = [])
name: b11902087, hole_card: ['S2', 'S7']
name: t12902105, hole_card: ['C5', 'SQ']
"t12902105" declared "fold:0"
"['b11902087']" won the round 13 (stack = {'b11902087': 875, 't12902105': 1125})
community cards of this round: ['S7', 'CT', 'H6', 'D3', 'D6']
name: b11902087, hole_card: ['S6', 'DK']
name: t12902105, hole_card: ['H9', 'CJ']
Started the round 14
Street "preflop" started. (community card = [])
name: b11902087, hole_card: ['S6', 'DK']
name: t12902105, hole_card: ['H9', 'CJ']
"b11902087" declared "raise:15"
name: b11902087, hole_card: ['S6', 'DK']
name: t12902105, hole_card: ['H9', 'CJ']
"t12902105" declared "call:15"
Street "flop" started. (community card = ['S7', 'CT', 'H6'])
name: b11902087, hole_card: ['S6', 'DK']
name: t12902105, hole_card: ['H9', 'CJ']
"b11902087" declared "raise:10"
name: b11902087, hole_card: ['S6', 'DK']
name: t12902105, hole_card: ['H9', 'CJ']
"t12902105" declared "call:10"
Street "turn" started. (community card = ['S7', 'CT', 'H6', 'D3'])
name: b11902087, hole_card: ['S6', 'DK']
name: t12902105, hole_card: ['H9', 'CJ']
"b11902087" declared "raise:10"
name: b11902087, hole_card: ['S6', 'DK']
name: t12902105, hole_card: ['H9', 'CJ']
"t12902105" declared "call:10"
Street "river" started. (community card = ['S7', 'CT', 'H6', 'D3', 'D6'])
name: b11902087, hole_card: ['S6', 'DK']
name: t12902105, hole_card: ['H9', 'CJ']
"b11902087" declared "raise:840"
name: b11902087, hole_card: ['S6', 'DK']
name: t12902105, hole_card: ['H9', 'CJ']
"t12902105" declared "call:840"
"['b11902087']" won the round 14 (stack = {'b11902087': 1750, 't12902105': 250})
community cards of this round: ['H8', 'C2', 'DT', 'DK', 'SA']
name: b11902087, hole_card: ['S3', 'DJ']
name: t12902105, hole_card: ['CA', 'D2']
Started the round 15
Street "preflop" started. (community card = [])
name: b11902087, hole_card: ['S3', 'DJ']
name: t12902105, hole_card: ['CA', 'D2']
"t12902105" declared "fold:0"
"['b11902087']" won the round 15 (stack = {'b11902087': 1755, 't12902105': 245})
community cards of this round: ['C4', 'HQ', 'C6', 'SQ', 'D6']
name: b11902087, hole_card: ['D7', 'H4']
name: t12902105, hole_card: ['SA', 'HJ']
Started the round 16
Street "preflop" started. (community card = [])
name: b11902087, hole_card: ['D7', 'H4']
name: t12902105, hole_card: ['SA', 'HJ']
"b11902087" declared "fold:0"
"['t12902105']" won the round 16 (stack = {'b11902087': 1750, 't12902105': 250})
community cards of this round: ['D9', 'S2', 'HQ', 'D4', 'H9']
name: b11902087, hole_card: ['H7', 'SA']
name: t12902105, hole_card: ['C8', 'D7']
Started the round 17
Street "preflop" started. (community card = [])
name: b11902087, hole_card: ['H7', 'SA']
name: t12902105, hole_card: ['C8', 'D7']
"t12902105" declared "fold:0"
"['b11902087']" won the round 17 (stack = {'b11902087': 1755, 't12902105': 245})
community cards of this round: ['C6', 'HA', 'H8', 'D3', 'S4']
name: b11902087, hole_card: ['H6', 'C4']
name: t12902105, hole_card: ['S6', 'CJ']
Started the round 18
Street "preflop" started. (community card = [])
name: b11902087, hole_card: ['H6', 'C4']
name: t12902105, hole_card: ['S6', 'CJ']
"b11902087" declared "fold:0"
"['t12902105']" won the round 18 (stack = {'b11902087': 1750, 't12902105': 250})
community cards of this round: ['CT', 'HJ', 'C3', 'S5', 'C6']
name: b11902087, hole_card: ['HA', 'D2']
name: t12902105, hole_card: ['DA', 'C5']
Started the round 19
Street "preflop" started. (community card = [])
name: b11902087, hole_card: ['HA', 'D2']
name: t12902105, hole_card: ['DA', 'C5']
"t12902105" declared "fold:0"
"['b11902087']" won the round 19 (stack = {'b11902087': 1755, 't12902105': 245})
community cards of this round: ['H5', 'C6', 'C2', 'DT', 'C5']
name: b11902087, hole_card: ['SJ', 'H3']
name: t12902105, hole_card: ['CA', 'H7']
Started the round 20
Street "preflop" started. (community card = [])
name: b11902087, hole_card: ['SJ', 'H3']
name: t12902105, hole_card: ['CA', 'H7']
"b11902087" declared "fold:0"
"['t12902105']" won the round 20 (stack = {'b11902087': 1750, 't12902105': 250})
t12902105 vs b11902087 - Game 1: {'rule': {'initial_stack': 1000, 'max_round': 20, 'small_blind_amount': 5, 'ante': 0, 'blind_structure': {}}, 'players': [{'name': 'b11902087', 'uuid': 'gleqqxatkjtssfvjpmoldq', 'stack': 1750, 'state': 'participating'}, {'name': 't12902105', 'uuid': 'wlwongdijbdybrsgestbyv', 'stack': 250, 'state': 'participating'}]}
community cards of this round: ['DT', 'HT', 'ST', 'SK', 'S4']
name: t12902105, hole_card: ['S9', 'H2']
name: b11902087, hole_card: ['S2', 'C4']
Started the round 1
Street "preflop" started. (community card = [])
name: t12902105, hole_card: ['S9', 'H2']
name: b11902087, hole_card: ['S2', 'C4']
"b11902087" declared "fold:0"
"['t12902105']" won the round 1 (stack = {'t12902105': 1005, 'b11902087': 995})
community cards of this round: ['S9', 'H8', 'H2', 'H5', 'DK']
name: t12902105, hole_card: ['S3', 'SJ']
name: b11902087, hole_card: ['C6', 'H6']
Started the round 2
Street "preflop" started. (community card = [])
name: t12902105, hole_card: ['S3', 'SJ']
name: b11902087, hole_card: ['C6', 'H6']
"t12902105" declared "call:10"
name: t12902105, hole_card: ['S3', 'SJ']
name: b11902087, hole_card: ['C6', 'H6']
"b11902087" declared "raise:15"
name: t12902105, hole_card: ['S3', 'SJ']
name: b11902087, hole_card: ['C6', 'H6']
"t12902105" declared "call:15"
Street "flop" started. (community card = ['S9', 'H8', 'H2'])
name: t12902105, hole_card: ['S3', 'SJ']
name: b11902087, hole_card: ['C6', 'H6']
"t12902105" declared "call:0"
name: t12902105, hole_card: ['S3', 'SJ']
name: b11902087, hole_card: ['C6', 'H6']
"b11902087" declared "raise:10"
name: t12902105, hole_card: ['S3', 'SJ']
name: b11902087, hole_card: ['C6', 'H6']
"t12902105" declared "call:10"
Street "turn" started. (community card = ['S9', 'H8', 'H2', 'H5'])
name: t12902105, hole_card: ['S3', 'SJ']
name: b11902087, hole_card: ['C6', 'H6']
"t12902105" declared "call:0"
name: t12902105, hole_card: ['S3', 'SJ']
name: b11902087, hole_card: ['C6', 'H6']
"b11902087" declared "raise:10"
name: t12902105, hole_card: ['S3', 'SJ']
name: b11902087, hole_card: ['C6', 'H6']
"t12902105" declared "call:10"
Street "river" started. (community card = ['S9', 'H8', 'H2', 'H5', 'DK'])
name: t12902105, hole_card: ['S3', 'SJ']
name: b11902087, hole_card: ['C6', 'H6']
"t12902105" declared "call:0"
name: t12902105, hole_card: ['S3', 'SJ']
name: b11902087, hole_card: ['C6', 'H6']
"b11902087" declared "raise:10"
name: t12902105, hole_card: ['S3', 'SJ']
name: b11902087, hole_card: ['C6', 'H6']
"t12902105" declared "call:10"
"['b11902087']" won the round 2 (stack = {'t12902105': 960, 'b11902087': 1040})
community cards of this round: ['H5', 'CK', 'ST', 'S4', 'HQ']
name: t12902105, hole_card: ['D2', 'DJ']
name: b11902087, hole_card: ['D5', 'C2']
Started the round 3
Street "preflop" started. (community card = [])
name: t12902105, hole_card: ['D2', 'DJ']
name: b11902087, hole_card: ['D5', 'C2']
"b11902087" declared "fold:0"
"['t12902105']" won the round 3 (stack = {'t12902105': 965, 'b11902087': 1035})
community cards of this round: ['DA', 'D8', 'H4', 'DT', 'S4']
name: t12902105, hole_card: ['CT', 'S9']
name: b11902087, hole_card: ['HA', 'H8']
Started the round 4
Street "preflop" started. (community card = [])
name: t12902105, hole_card: ['CT', 'S9']
name: b11902087, hole_card: ['HA', 'H8']
"t12902105" declared "call:10"
name: t12902105, hole_card: ['CT', 'S9']
name: b11902087, hole_card: ['HA', 'H8']
"b11902087" declared "raise:15"
name: t12902105, hole_card: ['CT', 'S9']
name: b11902087, hole_card: ['HA', 'H8']
"t12902105" declared "call:15"
Street "flop" started. (community card = ['DA', 'D8', 'H4'])
name: t12902105, hole_card: ['CT', 'S9']
name: b11902087, hole_card: ['HA', 'H8']
"t12902105" declared "call:0"
name: t12902105, hole_card: ['CT', 'S9']
name: b11902087, hole_card: ['HA', 'H8']
"b11902087" declared "raise:1020"
name: t12902105, hole_card: ['CT', 'S9']
name: b11902087, hole_card: ['HA', 'H8']
"t12902105" declared "call:1020"
Street "turn" started. (community card = ['DA', 'D8', 'H4', 'DT'])
Street "river" started. (community card = ['DA', 'D8', 'H4', 'DT', 'S4'])
"['b11902087']" won the round 4 (stack = {'t12902105': 0, 'b11902087': 2000})
t12902105 vs b11902087 - Game 2: {'rule': {'initial_stack': 1000, 'max_round': 20, 'small_blind_amount': 5, 'ante': 0, 'blind_structure': {}}, 'players': [{'name': 't12902105', 'uuid': 'lxhdldyonmaoyparuprydf', 'stack': 0, 'state': 'folded'}, {'name': 'b11902087', 'uuid': 'grtkdyjnmtejvrmwcifsck', 'stack': 2000, 'state': 'participating'}]}
community cards of this round: ['CJ', 'SK', 'CA', 'C7', 'DA']
name: b11902087, hole_card: ['S9', 'C3']
name: t12902105, hole_card: ['S8', 'S6']
Started the round 1
Street "preflop" started. (community card = [])
name: b11902087, hole_card: ['S9', 'C3']
name: t12902105, hole_card: ['S8', 'S6']
"t12902105" declared "call:10"
name: b11902087, hole_card: ['S9', 'C3']
name: t12902105, hole_card: ['S8', 'S6']
"b11902087" declared "call:10"
Street "flop" started. (community card = ['CJ', 'SK', 'CA'])
name: b11902087, hole_card: ['S9', 'C3']
name: t12902105, hole_card: ['S8', 'S6']
"t12902105" declared "call:0"
name: b11902087, hole_card: ['S9', 'C3']
name: t12902105, hole_card: ['S8', 'S6']
"b11902087" declared "call:0"
Street "turn" started. (community card = ['CJ', 'SK', 'CA', 'C7'])
name: b11902087, hole_card: ['S9', 'C3']
name: t12902105, hole_card: ['S8', 'S6']
"t12902105" declared "call:0"
name: b11902087, hole_card: ['S9', 'C3']
name: t12902105, hole_card: ['S8', 'S6']
"b11902087" declared "call:0"
Street "river" started. (community card = ['CJ', 'SK', 'CA', 'C7', 'DA'])
name: b11902087, hole_card: ['S9', 'C3']
name: t12902105, hole_card: ['S8', 'S6']
"t12902105" declared "call:0"
name: b11902087, hole_card: ['S9', 'C3']
name: t12902105, hole_card: ['S8', 'S6']
"b11902087" declared "call:0"
"['b11902087']" won the round 1 (stack = {'b11902087': 1010, 't12902105': 990})
community cards of this round: ['HT', 'H5', 'D9', 'SJ', 'ST']
name: b11902087, hole_card: ['H3', 'S3']
name: t12902105, hole_card: ['H8', 'D8']
Started the round 2
Street "preflop" started. (community card = [])
name: b11902087, hole_card: ['H3', 'S3']
name: t12902105, hole_card: ['H8', 'D8']
"b11902087" declared "raise:15"
name: b11902087, hole_card: ['H3', 'S3']
name: t12902105, hole_card: ['H8', 'D8']
"t12902105" declared "call:15"
Street "flop" started. (community card = ['HT', 'H5', 'D9'])
name: b11902087, hole_card: ['H3', 'S3']
name: t12902105, hole_card: ['H8', 'D8']
"b11902087" declared "raise:10"
name: b11902087, hole_card: ['H3', 'S3']
name: t12902105, hole_card: ['H8', 'D8']
"t12902105" declared "call:10"
Street "turn" started. (community card = ['HT', 'H5', 'D9', 'SJ'])
name: b11902087, hole_card: ['H3', 'S3']
name: t12902105, hole_card: ['H8', 'D8']
"b11902087" declared "raise:10"
name: b11902087, hole_card: ['H3', 'S3']
name: t12902105, hole_card: ['H8', 'D8']
"t12902105" declared "call:10"
Street "river" started. (community card = ['HT', 'H5', 'D9', 'SJ', 'ST'])
name: b11902087, hole_card: ['H3', 'S3']
name: t12902105, hole_card: ['H8', 'D8']
"b11902087" declared "raise:10"
name: b11902087, hole_card: ['H3', 'S3']
name: t12902105, hole_card: ['H8', 'D8']
"t12902105" declared "call:10"
"['t12902105']" won the round 2 (stack = {'b11902087': 965, 't12902105': 1035})
community cards of this round: ['SQ', 'C9', 'HJ', 'H4', 'C6']
name: b11902087, hole_card: ['CT', 'H6']
name: t12902105, hole_card: ['DK', 'S7']
Started the round 3
Street "preflop" started. (community card = [])
name: b11902087, hole_card: ['CT', 'H6']
name: t12902105, hole_card: ['DK', 'S7']
"t12902105" declared "call:10"
name: b11902087, hole_card: ['CT', 'H6']
name: t12902105, hole_card: ['DK', 'S7']
"b11902087" declared "raise:15"
name: b11902087, hole_card: ['CT', 'H6']
name: t12902105, hole_card: ['DK', 'S7']
"t12902105" declared "call:15"
Street "flop" started. (community card = ['SQ', 'C9', 'HJ'])
name: b11902087, hole_card: ['CT', 'H6']
name: t12902105, hole_card: ['DK', 'S7']
"t12902105" declared "call:0"
name: b11902087, hole_card: ['CT', 'H6']
name: t12902105, hole_card: ['DK', 'S7']
"b11902087" declared "raise:10"
name: b11902087, hole_card: ['CT', 'H6']
name: t12902105, hole_card: ['DK', 'S7']
"t12902105" declared "call:10"
Street "turn" started. (community card = ['SQ', 'C9', 'HJ', 'H4'])
name: b11902087, hole_card: ['CT', 'H6']
name: t12902105, hole_card: ['DK', 'S7']
"t12902105" declared "call:0"
name: b11902087, hole_card: ['CT', 'H6']
name: t12902105, hole_card: ['DK', 'S7']
"b11902087" declared "raise:10"
name: b11902087, hole_card: ['CT', 'H6']
name: t12902105, hole_card: ['DK', 'S7']
"t12902105" declared "call:10"
Street "river" started. (community card = ['SQ', 'C9', 'HJ', 'H4', 'C6'])
name: b11902087, hole_card: ['CT', 'H6']
name: t12902105, hole_card: ['DK', 'S7']
"t12902105" declared "call:0"
name: b11902087, hole_card: ['CT', 'H6']
name: t12902105, hole_card: ['DK', 'S7']
"b11902087" declared "raise:10"
name: b11902087, hole_card: ['CT', 'H6']
name: t12902105, hole_card: ['DK', 'S7']
"t12902105" declared "call:10"
"['b11902087']" won the round 3 (stack = {'b11902087': 1010, 't12902105': 990})
community cards of this round: ['D4', 'H3', 'H6', 'C4', 'C9']
name: b11902087, hole_card: ['H4', 'S2']
name: t12902105, hole_card: ['HK', 'SQ']
Started the round 4
Street "preflop" started. (community card = [])
name: b11902087, hole_card: ['H4', 'S2']
name: t12902105, hole_card: ['HK', 'SQ']
"b11902087" declared "fold:0"
"['t12902105']" won the round 4 (stack = {'b11902087': 1005, 't12902105': 995})
community cards of this round: ['C6', 'H7', 'C5', 'ST', 'D9']
name: b11902087, hole_card: ['H4', 'HK']
name: t12902105, hole_card: ['DA', 'DK']
Started the round 5
Street "preflop" started. (community card = [])
name: b11902087, hole_card: ['H4', 'HK']
name: t12902105, hole_card: ['DA', 'DK']
"t12902105" declared "call:10"
name: b11902087, hole_card: ['H4', 'HK']
name: t12902105, hole_card: ['DA', 'DK']
"b11902087" declared "raise:15"
name: b11902087, hole_card: ['H4', 'HK']
name: t12902105, hole_card: ['DA', 'DK']
"t12902105" declared "call:15"
Street "flop" started. (community card = ['C6', 'H7', 'C5'])
name: b11902087, hole_card: ['H4', 'HK']
name: t12902105, hole_card: ['DA', 'DK']
"t12902105" declared "call:0"
name: b11902087, hole_card: ['H4', 'HK']
name: t12902105, hole_card: ['DA', 'DK']
"b11902087" declared "raise:10"
name: b11902087, hole_card: ['H4', 'HK']
name: t12902105, hole_card: ['DA', 'DK']
"t12902105" declared "call:10"
Street "turn" started. (community card = ['C6', 'H7', 'C5', 'ST'])
name: b11902087, hole_card: ['H4', 'HK']
name: t12902105, hole_card: ['DA', 'DK']
"t12902105" declared "call:0"
name: b11902087, hole_card: ['H4', 'HK']
name: t12902105, hole_card: ['DA', 'DK']
"b11902087" declared "raise:10"
name: b11902087, hole_card: ['H4', 'HK']
name: t12902105, hole_card: ['DA', 'DK']
"t12902105" declared "call:10"
Street "river" started. (community card = ['C6', 'H7', 'C5', 'ST', 'D9'])
name: b11902087, hole_card: ['H4', 'HK']
name: t12902105, hole_card: ['DA', 'DK']
"t12902105" declared "call:0"
name: b11902087, hole_card: ['H4', 'HK']
name: t12902105, hole_card: ['DA', 'DK']
"b11902087" declared "raise:10"
name: b11902087, hole_card: ['H4', 'HK']
name: t12902105, hole_card: ['DA', 'DK']
"t12902105" declared "call:10"
"['t12902105']" won the round 5 (stack = {'b11902087': 960, 't12902105': 1040})
community cards of this round: ['C3', 'C9', 'HK', 'H6', 'S5']
name: b11902087, hole_card: ['C7', 'D2']
name: t12902105, hole_card: ['DA', 'D6']
Started the round 6
Street "preflop" started. (community card = [])
name: b11902087, hole_card: ['C7', 'D2']
name: t12902105, hole_card: ['DA', 'D6']
"b11902087" declared "fold:0"
"['t12902105']" won the round 6 (stack = {'b11902087': 955, 't12902105': 1045})
community cards of this round: ['H3', 'CA', 'D9', 'CK', 'D4']
name: b11902087, hole_card: ['D6', 'H4']
name: t12902105, hole_card: ['D3', 'S8']
Started the round 7
Street "preflop" started. (community card = [])
name: b11902087, hole_card: ['D6', 'H4']
name: t12902105, hole_card: ['D3', 'S8']
"t12902105" declared "fold:0"
"['b11902087']" won the round 7 (stack = {'b11902087': 960, 't12902105': 1040})
community cards of this round: ['C9', 'S4', 'C2', 'D2', 'D5']
name: b11902087, hole_card: ['C7', 'DT']
name: t12902105, hole_card: ['S7', 'C8']
Started the round 8
Street "preflop" started. (community card = [])
name: b11902087, hole_card: ['C7', 'DT']
name: t12902105, hole_card: ['S7', 'C8']
"b11902087" declared "call:10"
name: b11902087, hole_card: ['C7', 'DT']
name: t12902105, hole_card: ['S7', 'C8']
"t12902105" declared "fold:0"
"['b11902087']" won the round 8 (stack = {'b11902087': 970, 't12902105': 1030})
community cards of this round: ['HT', 'S5', 'CA', 'C3', 'DJ']
name: b11902087, hole_card: ['SA', 'D8']
name: t12902105, hole_card: ['C9', 'SQ']
Started the round 9
Street "preflop" started. (community card = [])
name: b11902087, hole_card: ['SA', 'D8']
name: t12902105, hole_card: ['C9', 'SQ']
"t12902105" declared "fold:0"
"['b11902087']" won the round 9 (stack = {'b11902087': 975, 't12902105': 1025})
community cards of this round: ['CA', 'SK', 'D9', 'S2', 'C5']
name: b11902087, hole_card: ['D8', 'C8']
name: t12902105, hole_card: ['SA', 'C7']
Started the round 10
Street "preflop" started. (community card = [])
name: b11902087, hole_card: ['D8', 'C8']
name: t12902105, hole_card: ['SA', 'C7']
"b11902087" declared "raise:15"
name: b11902087, hole_card: ['D8', 'C8']
name: t12902105, hole_card: ['SA', 'C7']
"t12902105" declared "call:15"
Street "flop" started. (community card = ['CA', 'SK', 'D9'])
name: b11902087, hole_card: ['D8', 'C8']
name: t12902105, hole_card: ['SA', 'C7']
"b11902087" declared "raise:10"
name: b11902087, hole_card: ['D8', 'C8']
name: t12902105, hole_card: ['SA', 'C7']
"t12902105" declared "call:10"
Street "turn" started. (community card = ['CA', 'SK', 'D9', 'S2'])
name: b11902087, hole_card: ['D8', 'C8']
name: t12902105, hole_card: ['SA', 'C7']
"b11902087" declared "raise:10"
name: b11902087, hole_card: ['D8', 'C8']
name: t12902105, hole_card: ['SA', 'C7']
"t12902105" declared "call:10"
Street "river" started. (community card = ['CA', 'SK', 'D9', 'S2', 'C5'])
name: b11902087, hole_card: ['D8', 'C8']
name: t12902105, hole_card: ['SA', 'C7']
"b11902087" declared "raise:10"
name: b11902087, hole_card: ['D8', 'C8']
name: t12902105, hole_card: ['SA', 'C7']
"t12902105" declared "call:10"
"['t12902105']" won the round 10 (stack = {'b11902087': 930, 't12902105': 1070})
community cards of this round: ['S7', 'DK', 'C5', 'SK', 'D6']
name: b11902087, hole_card: ['S3', 'S5']
name: t12902105, hole_card: ['C9', 'C7']
Started the round 11
Street "preflop" started. (community card = [])
name: b11902087, hole_card: ['S3', 'S5']
name: t12902105, hole_card: ['C9', 'C7']
"t12902105" declared "fold:0"
"['b11902087']" won the round 11 (stack = {'b11902087': 935, 't12902105': 1065})
community cards of this round: ['C6', 'SK', 'ST', 'C8', 'CJ']
name: b11902087, hole_card: ['S6', 'H4']
name: t12902105, hole_card: ['DQ', 'H8']
Started the round 12
Street "preflop" started. (community card = [])
name: b11902087, hole_card: ['S6', 'H4']
name: t12902105, hole_card: ['DQ', 'H8']
"b11902087" declared "fold:0"
"['t12902105']" won the round 12 (stack = {'b11902087': 930, 't12902105': 1070})
community cards of this round: ['H2', 'HQ', 'C4', 'CK', 'D5']
name: b11902087, hole_card: ['SQ', 'S8']
name: t12902105, hole_card: ['H5', 'H9']
Started the round 13
Street "preflop" started. (community card = [])
name: b11902087, hole_card: ['SQ', 'S8']
name: t12902105, hole_card: ['H5', 'H9']
"t12902105" declared "fold:0"
"['b11902087']" won the round 13 (stack = {'b11902087': 935, 't12902105': 1065})
community cards of this round: ['S7', 'C7', 'D8', 'S4', 'DA']
name: b11902087, hole_card: ['DQ', 'C3']
name: t12902105, hole_card: ['C5', 'CJ']
Started the round 14
Street "preflop" started. (community card = [])
name: b11902087, hole_card: ['DQ', 'C3']
name: t12902105, hole_card: ['C5', 'CJ']
"b11902087" declared "call:10"
name: b11902087, hole_card: ['DQ', 'C3']
name: t12902105, hole_card: ['C5', 'CJ']
"t12902105" declared "fold:0"
"['b11902087']" won the round 14 (stack = {'b11902087': 945, 't12902105': 1055})
community cards of this round: ['S9', 'DT', 'S7', 'S3', 'HT']
name: b11902087, hole_card: ['S2', 'C6']
name: t12902105, hole_card: ['H7', 'C2']
Started the round 15
Street "preflop" started. (community card = [])
name: b11902087, hole_card: ['S2', 'C6']
name: t12902105, hole_card: ['H7', 'C2']
"t12902105" declared "fold:0"
"['b11902087']" won the round 15 (stack = {'b11902087': 950, 't12902105': 1050})
community cards of this round: ['C4', 'S3', 'C9', 'H8', 'S2']
name: b11902087, hole_card: ['S9', 'S6']
name: t12902105, hole_card: ['ST', 'D2']
Started the round 16
Street "preflop" started. (community card = [])
name: b11902087, hole_card: ['S9', 'S6']
name: t12902105, hole_card: ['ST', 'D2']
"b11902087" declared "call:10"
name: b11902087, hole_card: ['S9', 'S6']
name: t12902105, hole_card: ['ST', 'D2']
"t12902105" declared "fold:0"
"['b11902087']" won the round 16 (stack = {'b11902087': 960, 't12902105': 1040})
community cards of this round: ['D8', 'C9', 'DK', 'DT', 'S8']
name: b11902087, hole_card: ['H8', 'CQ']
name: t12902105, hole_card: ['S6', 'H6']
Started the round 17
Street "preflop" started. (community card = [])
name: b11902087, hole_card: ['H8', 'CQ']
name: t12902105, hole_card: ['S6', 'H6']
"t12902105" declared "fold:0"
"['b11902087']" won the round 17 (stack = {'b11902087': 965, 't12902105': 1035})
community cards of this round: ['HT', 'SK', 'S5', 'D2', 'CJ']
name: b11902087, hole_card: ['HQ', 'S8']
name: t12902105, hole_card: ['SQ', 'DA']
Started the round 18
Street "preflop" started. (community card = [])
name: b11902087, hole_card: ['HQ', 'S8']
name: t12902105, hole_card: ['SQ', 'DA']
"b11902087" declared "raise:15"
name: b11902087, hole_card: ['HQ', 'S8']
name: t12902105, hole_card: ['SQ', 'DA']
"t12902105" declared "call:15"
Street "flop" started. (community card = ['HT', 'SK', 'S5'])
name: b11902087, hole_card: ['HQ', 'S8']
name: t12902105, hole_card: ['SQ', 'DA']
"b11902087" declared "raise:10"
name: b11902087, hole_card: ['HQ', 'S8']
name: t12902105, hole_card: ['SQ', 'DA']
"t12902105" declared "call:10"
Street "turn" started. (community card = ['HT', 'SK', 'S5', 'D2'])
name: b11902087, hole_card: ['HQ', 'S8']
name: t12902105, hole_card: ['SQ', 'DA']
"b11902087" declared "raise:10"
name: b11902087, hole_card: ['HQ', 'S8']
name: t12902105, hole_card: ['SQ', 'DA']
"t12902105" declared "call:10"
Street "river" started. (community card = ['HT', 'SK', 'S5', 'D2', 'CJ'])
name: b11902087, hole_card: ['HQ', 'S8']
name: t12902105, hole_card: ['SQ', 'DA']
"b11902087" declared "raise:10"
name: b11902087, hole_card: ['HQ', 'S8']
name: t12902105, hole_card: ['SQ', 'DA']
"t12902105" declared "call:10"
"['t12902105']" won the round 18 (stack = {'b11902087': 920, 't12902105': 1080})
community cards of this round: ['C6', 'DJ', 'SK', 'C9', 'D6']
name: b11902087, hole_card: ['C4', 'S2']
name: t12902105, hole_card: ['S3', 'D7']
Started the round 19
Street "preflop" started. (community card = [])
name: b11902087, hole_card: ['C4', 'S2']
name: t12902105, hole_card: ['S3', 'D7']
"t12902105" declared "fold:0"
"['b11902087']" won the round 19 (stack = {'b11902087': 925, 't12902105': 1075})
community cards of this round: ['C7', 'S6', 'DT', 'H5', 'C6']
name: b11902087, hole_card: ['S8', 'CA']
name: t12902105, hole_card: ['H8', 'CK']
Started the round 20
Street "preflop" started. (community card = [])
name: b11902087, hole_card: ['S8', 'CA']
name: t12902105, hole_card: ['H8', 'CK']
"b11902087" declared "raise:15"
name: b11902087, hole_card: ['S8', 'CA']
name: t12902105, hole_card: ['H8', 'CK']
"t12902105" declared "call:15"
Street "flop" started. (community card = ['C7', 'S6', 'DT'])
name: b11902087, hole_card: ['S8', 'CA']
name: t12902105, hole_card: ['H8', 'CK']
"b11902087" declared "raise:910"
name: b11902087, hole_card: ['S8', 'CA']
name: t12902105, hole_card: ['H8', 'CK']
"t12902105" declared "call:910"
Street "turn" started. (community card = ['C7', 'S6', 'DT', 'H5'])
Street "river" started. (community card = ['C7', 'S6', 'DT', 'H5', 'C6'])
"['b11902087']" won the round 20 (stack = {'b11902087': 1850, 't12902105': 150})
t12902105 vs b11902087 - Game 3: {'rule': {'initial_stack': 1000, 'max_round': 20, 'small_blind_amount': 5, 'ante': 0, 'blind_structure': {}}, 'players': [{'name': 'b11902087', 'uuid': 'hprwzqsssgpibjqdflqkzv', 'stack': 1850, 'state': 'participating'}, {'name': 't12902105', 'uuid': 'twdhzudupnyudugjlthjef', 'stack': 150, 'state': 'participating'}]}
community cards of this round: ['CJ', 'SK', 'CA', 'C7', 'DA']
name: t12902105, hole_card: ['S9', 'C3']
name: b11902087, hole_card: ['S8', 'S6']
Started the round 1
Street "preflop" started. (community card = [])
name: t12902105, hole_card: ['S9', 'C3']
name: b11902087, hole_card: ['S8', 'S6']
"b11902087" declared "call:10"
name: t12902105, hole_card: ['S9', 'C3']
name: b11902087, hole_card: ['S8', 'S6']
"t12902105" declared "call:10"
Street "flop" started. (community card = ['CJ', 'SK', 'CA'])
name: t12902105, hole_card: ['S9', 'C3']
name: b11902087, hole_card: ['S8', 'S6']
"b11902087" declared "call:0"
name: t12902105, hole_card: ['S9', 'C3']
name: b11902087, hole_card: ['S8', 'S6']
"t12902105" declared "call:0"
Street "turn" started. (community card = ['CJ', 'SK', 'CA', 'C7'])
name: t12902105, hole_card: ['S9', 'C3']
name: b11902087, hole_card: ['S8', 'S6']
"b11902087" declared "call:0"
name: t12902105, hole_card: ['S9', 'C3']
name: b11902087, hole_card: ['S8', 'S6']
"t12902105" declared "call:0"
Street "river" started. (community card = ['CJ', 'SK', 'CA', 'C7', 'DA'])
name: t12902105, hole_card: ['S9', 'C3']
name: b11902087, hole_card: ['S8', 'S6']
"b11902087" declared "call:0"
name: t12902105, hole_card: ['S9', 'C3']
name: b11902087, hole_card: ['S8', 'S6']
"t12902105" declared "call:0"
"['t12902105']" won the round 1 (stack = {'t12902105': 1010, 'b11902087': 990})
community cards of this round: ['HT', 'H5', 'D9', 'SJ', 'ST']
name: t12902105, hole_card: ['H3', 'S3']
name: b11902087, hole_card: ['H8', 'D8']
Started the round 2
Street "preflop" started. (community card = [])
name: t12902105, hole_card: ['H3', 'S3']
name: b11902087, hole_card: ['H8', 'D8']
"t12902105" declared "call:10"
name: t12902105, hole_card: ['H3', 'S3']
name: b11902087, hole_card: ['H8', 'D8']
"b11902087" declared "raise:15"
name: t12902105, hole_card: ['H3', 'S3']
name: b11902087, hole_card: ['H8', 'D8']
"t12902105" declared "call:15"
Street "flop" started. (community card = ['HT', 'H5', 'D9'])
name: t12902105, hole_card: ['H3', 'S3']
name: b11902087, hole_card: ['H8', 'D8']
"t12902105" declared "call:0"
name: t12902105, hole_card: ['H3', 'S3']
name: b11902087, hole_card: ['H8', 'D8']
"b11902087" declared "raise:10"
name: t12902105, hole_card: ['H3', 'S3']
name: b11902087, hole_card: ['H8', 'D8']
"t12902105" declared "call:10"
Street "turn" started. (community card = ['HT', 'H5', 'D9', 'SJ'])
name: t12902105, hole_card: ['H3', 'S3']
name: b11902087, hole_card: ['H8', 'D8']
"t12902105" declared "call:0"
name: t12902105, hole_card: ['H3', 'S3']
name: b11902087, hole_card: ['H8', 'D8']
"b11902087" declared "raise:10"
name: t12902105, hole_card: ['H3', 'S3']
name: b11902087, hole_card: ['H8', 'D8']
"t12902105" declared "call:10"
Street "river" started. (community card = ['HT', 'H5', 'D9', 'SJ', 'ST'])
name: t12902105, hole_card: ['H3', 'S3']
name: b11902087, hole_card: ['H8', 'D8']
"t12902105" declared "call:0"
name: t12902105, hole_card: ['H3', 'S3']
name: b11902087, hole_card: ['H8', 'D8']
"b11902087" declared "raise:10"
name: t12902105, hole_card: ['H3', 'S3']
name: b11902087, hole_card: ['H8', 'D8']
"t12902105" declared "call:10"
"['b11902087']" won the round 2 (stack = {'t12902105': 965, 'b11902087': 1035})
community cards of this round: ['SQ', 'C9', 'HJ', 'H4', 'C6']
name: t12902105, hole_card: ['CT', 'H6']
name: b11902087, hole_card: ['DK', 'S7']
Started the round 3
Street "preflop" started. (community card = [])
name: t12902105, hole_card: ['CT', 'H6']
name: b11902087, hole_card: ['DK', 'S7']
"b11902087" declared "raise:15"
name: t12902105, hole_card: ['CT', 'H6']
name: b11902087, hole_card: ['DK', 'S7']
"t12902105" declared "call:15"
Street "flop" started. (community card = ['SQ', 'C9', 'HJ'])
name: t12902105, hole_card: ['CT', 'H6']
name: b11902087, hole_card: ['DK', 'S7']
"b11902087" declared "raise:10"
name: t12902105, hole_card: ['CT', 'H6']
name: b11902087, hole_card: ['DK', 'S7']
"t12902105" declared "call:10"
Street "turn" started. (community card = ['SQ', 'C9', 'HJ', 'H4'])
name: t12902105, hole_card: ['CT', 'H6']
name: b11902087, hole_card: ['DK', 'S7']
"b11902087" declared "raise:10"
name: t12902105, hole_card: ['CT', 'H6']
name: b11902087, hole_card: ['DK', 'S7']
"t12902105" declared "call:10"
Street "river" started. (community card = ['SQ', 'C9', 'HJ', 'H4', 'C6'])
name: t12902105, hole_card: ['CT', 'H6']
name: b11902087, hole_card: ['DK', 'S7']
"b11902087" declared "raise:10"
name: t12902105, hole_card: ['CT', 'H6']
name: b11902087, hole_card: ['DK', 'S7']
"t12902105" declared "call:10"
"['t12902105']" won the round 3 (stack = {'t12902105': 1010, 'b11902087': 990})
community cards of this round: ['D4', 'H3', 'H6', 'C4', 'C9']
name: t12902105, hole_card: ['H4', 'S2']
name: b11902087, hole_card: ['HK', 'SQ']
Started the round 4
Street "preflop" started. (community card = [])
name: t12902105, hole_card: ['H4', 'S2']
name: b11902087, hole_card: ['HK', 'SQ']
"t12902105" declared "call:10"
name: t12902105, hole_card: ['H4', 'S2']
name: b11902087, hole_card: ['HK', 'SQ']
"b11902087" declared "raise:15"
name: t12902105, hole_card: ['H4', 'S2']
name: b11902087, hole_card: ['HK', 'SQ']
"t12902105" declared "call:15"
Street "flop" started. (community card = ['D4', 'H3', 'H6'])
name: t12902105, hole_card: ['H4', 'S2']
name: b11902087, hole_card: ['HK', 'SQ']
"t12902105" declared "call:0"
name: t12902105, hole_card: ['H4', 'S2']
name: b11902087, hole_card: ['HK', 'SQ']
"b11902087" declared "raise:10"
name: t12902105, hole_card: ['H4', 'S2']
name: b11902087, hole_card: ['HK', 'SQ']
"t12902105" declared "call:10"
Street "turn" started. (community card = ['D4', 'H3', 'H6', 'C4'])
name: t12902105, hole_card: ['H4', 'S2']
name: b11902087, hole_card: ['HK', 'SQ']
"t12902105" declared "call:0"
name: t12902105, hole_card: ['H4', 'S2']
name: b11902087, hole_card: ['HK', 'SQ']
"b11902087" declared "raise:10"
name: t12902105, hole_card: ['H4', 'S2']
name: b11902087, hole_card: ['HK', 'SQ']
"t12902105" declared "call:10"
Street "river" started. (community card = ['D4', 'H3', 'H6', 'C4', 'C9'])
name: t12902105, hole_card: ['H4', 'S2']
name: b11902087, hole_card: ['HK', 'SQ']
"t12902105" declared "call:0"
name: t12902105, hole_card: ['H4', 'S2']
name: b11902087, hole_card: ['HK', 'SQ']
"b11902087" declared "raise:10"
name: t12902105, hole_card: ['H4', 'S2']
name: b11902087, hole_card: ['HK', 'SQ']
"t12902105" declared "call:10"
"['t12902105']" won the round 4 (stack = {'t12902105': 1055, 'b11902087': 945})
community cards of this round: ['C6', 'H7', 'C5', 'ST', 'D9']
name: t12902105, hole_card: ['H4', 'HK']
name: b11902087, hole_card: ['DA', 'DK']
Started the round 5
Street "preflop" started. (community card = [])
name: t12902105, hole_card: ['H4', 'HK']
name: b11902087, hole_card: ['DA', 'DK']
"b11902087" declared "raise:15"
name: t12902105, hole_card: ['H4', 'HK']
name: b11902087, hole_card: ['DA', 'DK']
"t12902105" declared "call:15"
Street "flop" started. (community card = ['C6', 'H7', 'C5'])
name: t12902105, hole_card: ['H4', 'HK']
name: b11902087, hole_card: ['DA', 'DK']
"b11902087" declared "raise:10"
name: t12902105, hole_card: ['H4', 'HK']
name: b11902087, hole_card: ['DA', 'DK']
"t12902105" declared "call:10"
Street "turn" started. (community card = ['C6', 'H7', 'C5', 'ST'])
name: t12902105, hole_card: ['H4', 'HK']
name: b11902087, hole_card: ['DA', 'DK']
"b11902087" declared "raise:10"
name: t12902105, hole_card: ['H4', 'HK']
name: b11902087, hole_card: ['DA', 'DK']
"t12902105" declared "call:10"
Street "river" started. (community card = ['C6', 'H7', 'C5', 'ST', 'D9'])
name: t12902105, hole_card: ['H4', 'HK']
name: b11902087, hole_card: ['DA', 'DK']
"b11902087" declared "raise:10"
name: t12902105, hole_card: ['H4', 'HK']
name: b11902087, hole_card: ['DA', 'DK']
"t12902105" declared "call:10"
"['b11902087']" won the round 5 (stack = {'t12902105': 1010, 'b11902087': 990})
community cards of this round: ['C3', 'C9', 'HK', 'H6', 'S5']
name: t12902105, hole_card: ['C7', 'D2']
name: b11902087, hole_card: ['DA', 'D6']
Started the round 6
Street "preflop" started. (community card = [])
name: t12902105, hole_card: ['C7', 'D2']
name: b11902087, hole_card: ['DA', 'D6']
"t12902105" declared "fold:0"
"['b11902087']" won the round 6 (stack = {'t12902105': 1005, 'b11902087': 995})
community cards of this round: ['H3', 'CA', 'D9', 'CK', 'D4']
name: t12902105, hole_card: ['D6', 'H4']
name: b11902087, hole_card: ['D3', 'S8']
Started the round 7
Street "preflop" started. (community card = [])
name: t12902105, hole_card: ['D6', 'H4']
name: b11902087, hole_card: ['D3', 'S8']
"b11902087" declared "fold:0"
"['t12902105']" won the round 7 (stack = {'t12902105': 1010, 'b11902087': 990})
community cards of this round: ['C9', 'S4', 'C2', 'D2', 'D5']
name: t12902105, hole_card: ['C7', 'DT']
name: b11902087, hole_card: ['S7', 'C8']
Started the round 8
Street "preflop" started. (community card = [])
name: t12902105, hole_card: ['C7', 'DT']
name: b11902087, hole_card: ['S7', 'C8']
"t12902105" declared "fold:0"
"['b11902087']" won the round 8 (stack = {'t12902105': 1005, 'b11902087': 995})
community cards of this round: ['HT', 'S5', 'CA', 'C3', 'DJ']
name: t12902105, hole_card: ['SA', 'D8']
name: b11902087, hole_card: ['C9', 'SQ']
Started the round 9
Street "preflop" started. (community card = [])
name: t12902105, hole_card: ['SA', 'D8']
name: b11902087, hole_card: ['C9', 'SQ']
"b11902087" declared "raise:15"
name: t12902105, hole_card: ['SA', 'D8']
name: b11902087, hole_card: ['C9', 'SQ']
"t12902105" declared "call:15"
Street "flop" started. (community card = ['HT', 'S5', 'CA'])
name: t12902105, hole_card: ['SA', 'D8']
name: b11902087, hole_card: ['C9', 'SQ']
"b11902087" declared "raise:10"
name: t12902105, hole_card: ['SA', 'D8']
name: b11902087, hole_card: ['C9', 'SQ']
"t12902105" declared "call:10"
Street "turn" started. (community card = ['HT', 'S5', 'CA', 'C3'])
name: t12902105, hole_card: ['SA', 'D8']
name: b11902087, hole_card: ['C9', 'SQ']
"b11902087" declared "raise:10"
name: t12902105, hole_card: ['SA', 'D8']
name: b11902087, hole_card: ['C9', 'SQ']
"t12902105" declared "call:10"
Street "river" started. (community card = ['HT', 'S5', 'CA', 'C3', 'DJ'])
name: t12902105, hole_card: ['SA', 'D8']
name: b11902087, hole_card: ['C9', 'SQ']
"b11902087" declared "raise:10"
name: t12902105, hole_card: ['SA', 'D8']
name: b11902087, hole_card: ['C9', 'SQ']
"t12902105" declared "call:10"
"['t12902105']" won the round 9 (stack = {'t12902105': 1050, 'b11902087': 950})
community cards of this round: ['CA', 'SK', 'D9', 'S2', 'C5']
name: t12902105, hole_card: ['D8', 'C8']
name: b11902087, hole_card: ['SA', 'C7']
Started the round 10
Street "preflop" started. (community card = [])
name: t12902105, hole_card: ['D8', 'C8']
name: b11902087, hole_card: ['SA', 'C7']
"t12902105" declared "fold:2.25"
"['b11902087']" won the round 10 (stack = {'t12902105': 1045, 'b11902087': 955})
community cards of this round: ['S7', 'DK', 'C5', 'SK', 'D6']
name: t12902105, hole_card: ['S3', 'S5']
name: b11902087, hole_card: ['C9', 'C7']
Started the round 11
Street "preflop" started. (community card = [])
name: t12902105, hole_card: ['S3', 'S5']
name: b11902087, hole_card: ['C9', 'C7']
"b11902087" declared "call:10"
name: t12902105, hole_card: ['S3', 'S5']
name: b11902087, hole_card: ['C9', 'C7']
"t12902105" declared "fold:0"
"['b11902087']" won the round 11 (stack = {'t12902105': 1035, 'b11902087': 965})
community cards of this round: ['C6', 'SK', 'ST', 'C8', 'CJ']
name: t12902105, hole_card: ['S6', 'H4']
name: b11902087, hole_card: ['DQ', 'H8']
Started the round 12
Street "preflop" started. (community card = [])
name: t12902105, hole_card: ['S6', 'H4']
name: b11902087, hole_card: ['DQ', 'H8']
"t12902105" declared "fold:0"
"['b11902087']" won the round 12 (stack = {'t12902105': 1030, 'b11902087': 970})
community cards of this round: ['H2', 'HQ', 'C4', 'CK', 'D5']
name: t12902105, hole_card: ['SQ', 'S8']
name: b11902087, hole_card: ['H5', 'H9']
Started the round 13
Street "preflop" started. (community card = [])
name: t12902105, hole_card: ['SQ', 'S8']
name: b11902087, hole_card: ['H5', 'H9']
"b11902087" declared "call:10"
name: t12902105, hole_card: ['SQ', 'S8']
name: b11902087, hole_card: ['H5', 'H9']
"t12902105" declared "fold:0"
"['b11902087']" won the round 13 (stack = {'t12902105': 1020, 'b11902087': 980})
community cards of this round: ['S7', 'C7', 'D8', 'S4', 'DA']
name: t12902105, hole_card: ['DQ', 'C3']
name: b11902087, hole_card: ['C5', 'CJ']
Started the round 14
Street "preflop" started. (community card = [])
name: t12902105, hole_card: ['DQ', 'C3']
name: b11902087, hole_card: ['C5', 'CJ']
"t12902105" declared "fold:0"
"['b11902087']" won the round 14 (stack = {'t12902105': 1015, 'b11902087': 985})
community cards of this round: ['S9', 'DT', 'S7', 'S3', 'HT']
name: t12902105, hole_card: ['S2', 'C6']
name: b11902087, hole_card: ['H7', 'C2']
Started the round 15
Street "preflop" started. (community card = [])
name: t12902105, hole_card: ['S2', 'C6']
name: b11902087, hole_card: ['H7', 'C2']
"b11902087" declared "fold:0"
"['t12902105']" won the round 15 (stack = {'t12902105': 1020, 'b11902087': 980})
community cards of this round: ['C4', 'S3', 'C9', 'H8', 'S2']
name: t12902105, hole_card: ['S9', 'S6']
name: b11902087, hole_card: ['ST', 'D2']
Started the round 16
Street "preflop" started. (community card = [])
name: t12902105, hole_card: ['S9', 'S6']
name: b11902087, hole_card: ['ST', 'D2']
"t12902105" declared "fold:0"
"['b11902087']" won the round 16 (stack = {'t12902105': 1015, 'b11902087': 985})
community cards of this round: ['D8', 'C9', 'DK', 'DT', 'S8']
name: t12902105, hole_card: ['H8', 'CQ']
name: b11902087, hole_card: ['S6', 'H6']
Started the round 17
Street "preflop" started. (community card = [])
name: t12902105, hole_card: ['H8', 'CQ']
name: b11902087, hole_card: ['S6', 'H6']
"b11902087" declared "raise:15"
name: t12902105, hole_card: ['H8', 'CQ']
name: b11902087, hole_card: ['S6', 'H6']
"t12902105" declared "call:15"
Street "flop" started. (community card = ['D8', 'C9', 'DK'])
name: t12902105, hole_card: ['H8', 'CQ']
name: b11902087, hole_card: ['S6', 'H6']
"b11902087" declared "raise:10"
name: t12902105, hole_card: ['H8', 'CQ']
name: b11902087, hole_card: ['S6', 'H6']
"t12902105" declared "call:10"
Street "turn" started. (community card = ['D8', 'C9', 'DK', 'DT'])
name: t12902105, hole_card: ['H8', 'CQ']
name: b11902087, hole_card: ['S6', 'H6']
"b11902087" declared "raise:10"
name: t12902105, hole_card: ['H8', 'CQ']
name: b11902087, hole_card: ['S6', 'H6']
"t12902105" declared "call:10"
Street "river" started. (community card = ['D8', 'C9', 'DK', 'DT', 'S8'])
name: t12902105, hole_card: ['H8', 'CQ']
name: b11902087, hole_card: ['S6', 'H6']
"b11902087" declared "raise:10"
name: t12902105, hole_card: ['H8', 'CQ']
name: b11902087, hole_card: ['S6', 'H6']
"t12902105" declared "call:10"
"['t12902105']" won the round 17 (stack = {'t12902105': 1060, 'b11902087': 940})
community cards of this round: ['HT', 'SK', 'S5', 'D2', 'CJ']
name: t12902105, hole_card: ['HQ', 'S8']
name: b11902087, hole_card: ['SQ', 'DA']
Started the round 18
Street "preflop" started. (community card = [])
name: t12902105, hole_card: ['HQ', 'S8']
name: b11902087, hole_card: ['SQ', 'DA']
"t12902105" declared "fold:0"
"['b11902087']" won the round 18 (stack = {'t12902105': 1055, 'b11902087': 945})
community cards of this round: ['C6', 'DJ', 'SK', 'C9', 'D6']
name: t12902105, hole_card: ['C4', 'S2']
name: b11902087, hole_card: ['S3', 'D7']
Started the round 19
Street "preflop" started. (community card = [])
name: t12902105, hole_card: ['C4', 'S2']
name: b11902087, hole_card: ['S3', 'D7']
"b11902087" declared "fold:0"
"['t12902105']" won the round 19 (stack = {'t12902105': 1060, 'b11902087': 940})
community cards of this round: ['C7', 'S6', 'DT', 'H5', 'C6']
name: t12902105, hole_card: ['S8', 'CA']
name: b11902087, hole_card: ['H8', 'CK']
Started the round 20
Street "preflop" started. (community card = [])
name: t12902105, hole_card: ['S8', 'CA']
name: b11902087, hole_card: ['H8', 'CK']
"t12902105" declared "fold:0"
"['b11902087']" won the round 20 (stack = {'t12902105': 1055, 'b11902087': 945})
t12902105 vs b11902087 - Game 4: {'rule': {'initial_stack': 1000, 'max_round': 20, 'small_blind_amount': 5, 'ante': 0, 'blind_structure': {}}, 'players': [{'name': 't12902105', 'uuid': 'auzlirfozovbwjdjsrukiy', 'stack': 1055, 'state': 'participating'}, {'name': 'b11902087', 'uuid': 'yesqtpjdgaaphfrpuzpems', 'stack': 945, 'state': 'participating'}]}
community cards of this round: ['H6', 'H4', 'SJ', 'C5', 'HK']
name: b11902087, hole_card: ['S2', 'S5']
name: t12902105, hole_card: ['S6', 'S4']
Started the round 1
Street "preflop" started. (community card = [])
name: b11902087, hole_card: ['S2', 'S5']
name: t12902105, hole_card: ['S6', 'S4']
"t12902105" declared "call:10"
name: b11902087, hole_card: ['S2', 'S5']
name: t12902105, hole_card: ['S6', 'S4']
"b11902087" declared "call:10"
Street "flop" started. (community card = ['H6', 'H4', 'SJ'])
name: b11902087, hole_card: ['S2', 'S5']
name: t12902105, hole_card: ['S6', 'S4']
"t12902105" declared "call:0"
name: b11902087, hole_card: ['S2', 'S5']
name: t12902105, hole_card: ['S6', 'S4']
"b11902087" declared "call:0"
Street "turn" started. (community card = ['H6', 'H4', 'SJ', 'C5'])
name: b11902087, hole_card: ['S2', 'S5']
name: t12902105, hole_card: ['S6', 'S4']
"t12902105" declared "call:0"
name: b11902087, hole_card: ['S2', 'S5']
name: t12902105, hole_card: ['S6', 'S4']
"b11902087" declared "raise:10"
name: b11902087, hole_card: ['S2', 'S5']
name: t12902105, hole_card: ['S6', 'S4']
"t12902105" declared "call:10"
Street "river" started. (community card = ['H6', 'H4', 'SJ', 'C5', 'HK'])
name: b11902087, hole_card: ['S2', 'S5']
name: t12902105, hole_card: ['S6', 'S4']
"t12902105" declared "call:0"
name: b11902087, hole_card: ['S2', 'S5']
name: t12902105, hole_card: ['S6', 'S4']
"b11902087" declared "raise:10"
name: b11902087, hole_card: ['S2', 'S5']
name: t12902105, hole_card: ['S6', 'S4']
"t12902105" declared "call:10"
"['t12902105']" won the round 1 (stack = {'b11902087': 970, 't12902105': 1030})
community cards of this round: ['D5', 'S3', 'S4', 'HJ', 'SA']
name: b11902087, hole_card: ['H4', 'H2']
name: t12902105, hole_card: ['S9', 'D7']
Started the round 2
Street "preflop" started. (community card = [])
name: b11902087, hole_card: ['H4', 'H2']
name: t12902105, hole_card: ['S9', 'D7']
"b11902087" declared "fold:0"
"['t12902105']" won the round 2 (stack = {'b11902087': 965, 't12902105': 1035})
community cards of this round: ['S2', 'HQ', 'CJ', 'S4', 'C4']
name: b11902087, hole_card: ['S3', 'D9']
name: t12902105, hole_card: ['S8', 'C8']
Started the round 3
Street "preflop" started. (community card = [])
name: b11902087, hole_card: ['S3', 'D9']
name: t12902105, hole_card: ['S8', 'C8']
"t12902105" declared "call:10"
name: b11902087, hole_card: ['S3', 'D9']
name: t12902105, hole_card: ['S8', 'C8']
"b11902087" declared "call:10"
Street "flop" started. (community card = ['S2', 'HQ', 'CJ'])
name: b11902087, hole_card: ['S3', 'D9']
name: t12902105, hole_card: ['S8', 'C8']
"t12902105" declared "call:0"
name: b11902087, hole_card: ['S3', 'D9']
name: t12902105, hole_card: ['S8', 'C8']
"b11902087" declared "call:0"
Street "turn" started. (community card = ['S2', 'HQ', 'CJ', 'S4'])
name: b11902087, hole_card: ['S3', 'D9']
name: t12902105, hole_card: ['S8', 'C8']
"t12902105" declared "call:0"
name: b11902087, hole_card: ['S3', 'D9']
name: t12902105, hole_card: ['S8', 'C8']
"b11902087" declared "call:0"
Street "river" started. (community card = ['S2', 'HQ', 'CJ', 'S4', 'C4'])
name: b11902087, hole_card: ['S3', 'D9']
name: t12902105, hole_card: ['S8', 'C8']
"t12902105" declared "call:0"
name: b11902087, hole_card: ['S3', 'D9']
name: t12902105, hole_card: ['S8', 'C8']
"b11902087" declared "call:0"
"['t12902105']" won the round 3 (stack = {'b11902087': 955, 't12902105': 1045})
community cards of this round: ['DQ', 'S3', 'D8', 'H7', 'H8']
name: b11902087, hole_card: ['HK', 'H4']
name: t12902105, hole_card: ['S8', 'HQ']
Started the round 4
Street "preflop" started. (community card = [])
name: b11902087, hole_card: ['HK', 'H4']
name: t12902105, hole_card: ['S8', 'HQ']
"b11902087" declared "raise:15"
name: b11902087, hole_card: ['HK', 'H4']
name: t12902105, hole_card: ['S8', 'HQ']
"t12902105" declared "call:15"
Street "flop" started. (community card = ['DQ', 'S3', 'D8'])
name: b11902087, hole_card: ['HK', 'H4']
name: t12902105, hole_card: ['S8', 'HQ']
"b11902087" declared "raise:10"
name: b11902087, hole_card: ['HK', 'H4']
name: t12902105, hole_card: ['S8', 'HQ']
"t12902105" declared "call:10"
Street "turn" started. (community card = ['DQ', 'S3', 'D8', 'H7'])
name: b11902087, hole_card: ['HK', 'H4']
name: t12902105, hole_card: ['S8', 'HQ']
"b11902087" declared "raise:10"
name: b11902087, hole_card: ['HK', 'H4']
name: t12902105, hole_card: ['S8', 'HQ']
"t12902105" declared "call:10"
Street "river" started. (community card = ['DQ', 'S3', 'D8', 'H7', 'H8'])
name: b11902087, hole_card: ['HK', 'H4']
name: t12902105, hole_card: ['S8', 'HQ']
"b11902087" declared "raise:10"
name: b11902087, hole_card: ['HK', 'H4']
name: t12902105, hole_card: ['S8', 'HQ']
"t12902105" declared "call:10"
"['t12902105']" won the round 4 (stack = {'b11902087': 910, 't12902105': 1090})
community cards of this round: ['DT', 'HT', 'S4', 'D7', 'C6']
name: b11902087, hole_card: ['D4', 'DA']
name: t12902105, hole_card: ['H8', 'CK']
Started the round 5
Street "preflop" started. (community card = [])
name: b11902087, hole_card: ['D4', 'DA']
name: t12902105, hole_card: ['H8', 'CK']
"t12902105" declared "call:10"
name: b11902087, hole_card: ['D4', 'DA']
name: t12902105, hole_card: ['H8', 'CK']
"b11902087" declared "raise:15"
name: b11902087, hole_card: ['D4', 'DA']
name: t12902105, hole_card: ['H8', 'CK']
"t12902105" declared "call:15"
Street "flop" started. (community card = ['DT', 'HT', 'S4'])
name: b11902087, hole_card: ['D4', 'DA']
name: t12902105, hole_card: ['H8', 'CK']
"t12902105" declared "call:0"
name: b11902087, hole_card: ['D4', 'DA']
name: t12902105, hole_card: ['H8', 'CK']
"b11902087" declared "raise:10"
name: b11902087, hole_card: ['D4', 'DA']
name: t12902105, hole_card: ['H8', 'CK']
"t12902105" declared "call:10"
Street "turn" started. (community card = ['DT', 'HT', 'S4', 'D7'])
name: b11902087, hole_card: ['D4', 'DA']
name: t12902105, hole_card: ['H8', 'CK']
"t12902105" declared "call:0"
name: b11902087, hole_card: ['D4', 'DA']
name: t12902105, hole_card: ['H8', 'CK']
"b11902087" declared "raise:10"
name: b11902087, hole_card: ['D4', 'DA']
name: t12902105, hole_card: ['H8', 'CK']
"t12902105" declared "call:10"
Street "river" started. (community card = ['DT', 'HT', 'S4', 'D7', 'C6'])
name: b11902087, hole_card: ['D4', 'DA']
name: t12902105, hole_card: ['H8', 'CK']
"t12902105" declared "call:0"
name: b11902087, hole_card: ['D4', 'DA']
name: t12902105, hole_card: ['H8', 'CK']
"b11902087" declared "raise:10"
name: b11902087, hole_card: ['D4', 'DA']
name: t12902105, hole_card: ['H8', 'CK']
"t12902105" declared "call:10"
"['b11902087']" won the round 5 (stack = {'b11902087': 955, 't12902105': 1045})
community cards of this round: ['D5', 'H4', 'C4', 'S4', 'S7']
name: b11902087, hole_card: ['C3', 'C8']
name: t12902105, hole_card: ['S3', 'D8']
Started the round 6
Street "preflop" started. (community card = [])
name: b11902087, hole_card: ['C3', 'C8']
name: t12902105, hole_card: ['S3', 'D8']
"b11902087" declared "fold:0"
"['t12902105']" won the round 6 (stack = {'b11902087': 950, 't12902105': 1050})
community cards of this round: ['C7', 'CA', 'H5', 'S3', 'CT']
name: b11902087, hole_card: ['S7', 'C2']
name: t12902105, hole_card: ['H3', 'DA']
Started the round 7
Street "preflop" started. (community card = [])
name: b11902087, hole_card: ['S7', 'C2']
name: t12902105, hole_card: ['H3', 'DA']
"t12902105" declared "fold:0"
"['b11902087']" won the round 7 (stack = {'b11902087': 955, 't12902105': 1045})
community cards of this round: ['D3', 'DA', 'H8', 'SA', 'S8']
name: b11902087, hole_card: ['S7', 'C2']
name: t12902105, hole_card: ['H7', 'SQ']
Started the round 8
Street "preflop" started. (community card = [])
name: b11902087, hole_card: ['S7', 'C2']
name: t12902105, hole_card: ['H7', 'SQ']
"b11902087" declared "fold:0"
"['t12902105']" won the round 8 (stack = {'b11902087': 950, 't12902105': 1050})
community cards of this round: ['C5', 'S6', 'S8', 'S2', 'D7']
name: b11902087, hole_card: ['HK', 'CA']
name: t12902105, hole_card: ['HT', 'DJ']
Started the round 9
Street "preflop" started. (community card = [])
name: b11902087, hole_card: ['HK', 'CA']
name: t12902105, hole_card: ['HT', 'DJ']
"t12902105" declared "fold:0"
"['b11902087']" won the round 9 (stack = {'b11902087': 955, 't12902105': 1045})
community cards of this round: ['C8', 'HQ', 'DK', 'DQ', 'S9']
name: b11902087, hole_card: ['C6', 'C9']
name: t12902105, hole_card: ['CK', 'H5']
Started the round 10
Street "preflop" started. (community card = [])
name: b11902087, hole_card: ['C6', 'C9']
name: t12902105, hole_card: ['CK', 'H5']
"b11902087" declared "call:10"
name: b11902087, hole_card: ['C6', 'C9']
name: t12902105, hole_card: ['CK', 'H5']
"t12902105" declared "fold:0"
"['b11902087']" won the round 10 (stack = {'b11902087': 965, 't12902105': 1035})
community cards of this round: ['H8', 'S5', 'H6', 'S4', 'C5']
name: b11902087, hole_card: ['SQ', 'D9']
name: t12902105, hole_card: ['H4', 'H3']
Started the round 11
Street "preflop" started. (community card = [])
name: b11902087, hole_card: ['SQ', 'D9']
name: t12902105, hole_card: ['H4', 'H3']
"t12902105" declared "fold:0"
"['b11902087']" won the round 11 (stack = {'b11902087': 970, 't12902105': 1030})
community cards of this round: ['H9', 'DK', 'C9', 'DA', 'S6']
name: b11902087, hole_card: ['HA', 'CQ']
name: t12902105, hole_card: ['D5', 'S9']
Started the round 12
Street "preflop" started. (community card = [])
name: b11902087, hole_card: ['HA', 'CQ']
name: t12902105, hole_card: ['D5', 'S9']
"b11902087" declared "raise:15"
name: b11902087, hole_card: ['HA', 'CQ']
name: t12902105, hole_card: ['D5', 'S9']
"t12902105" declared "call:15"
Street "flop" started. (community card = ['H9', 'DK', 'C9'])
name: b11902087, hole_card: ['HA', 'CQ']
name: t12902105, hole_card: ['D5', 'S9']
"b11902087" declared "raise:10"
name: b11902087, hole_card: ['HA', 'CQ']
name: t12902105, hole_card: ['D5', 'S9']
"t12902105" declared "call:10"
Street "turn" started. (community card = ['H9', 'DK', 'C9', 'DA'])
name: b11902087, hole_card: ['HA', 'CQ']
name: t12902105, hole_card: ['D5', 'S9']
"b11902087" declared "raise:10"
name: b11902087, hole_card: ['HA', 'CQ']
name: t12902105, hole_card: ['D5', 'S9']
"t12902105" declared "call:10"
Street "river" started. (community card = ['H9', 'DK', 'C9', 'DA', 'S6'])
name: b11902087, hole_card: ['HA', 'CQ']
name: t12902105, hole_card: ['D5', 'S9']
"b11902087" declared "raise:10"
name: b11902087, hole_card: ['HA', 'CQ']
name: t12902105, hole_card: ['D5', 'S9']
"t12902105" declared "call:10"
"['t12902105']" won the round 12 (stack = {'b11902087': 925, 't12902105': 1075})
community cards of this round: ['D4', 'ST', 'S6', 'H7', 'S8']
name: b11902087, hole_card: ['SA', 'HT']
name: t12902105, hole_card: ['S2', 'C7']
Started the round 13
Street "preflop" started. (community card = [])
name: b11902087, hole_card: ['SA', 'HT']
name: t12902105, hole_card: ['S2', 'C7']
"t12902105" declared "fold:0"
"['b11902087']" won the round 13 (stack = {'b11902087': 930, 't12902105': 1070})
community cards of this round: ['S9', 'H2', 'C8', 'HA', 'SK']
name: b11902087, hole_card: ['CK', 'S8']
name: t12902105, hole_card: ['DJ', 'S2']
Started the round 14
Street "preflop" started. (community card = [])
name: b11902087, hole_card: ['CK', 'S8']
name: t12902105, hole_card: ['DJ', 'S2']
"b11902087" declared "raise:15"
name: b11902087, hole_card: ['CK', 'S8']
name: t12902105, hole_card: ['DJ', 'S2']
"t12902105" declared "call:15"
Street "flop" started. (community card = ['S9', 'H2', 'C8'])
name: b11902087, hole_card: ['CK', 'S8']
name: t12902105, hole_card: ['DJ', 'S2']
"b11902087" declared "raise:10"
name: b11902087, hole_card: ['CK', 'S8']
name: t12902105, hole_card: ['DJ', 'S2']
"t12902105" declared "call:10"
Street "turn" started. (community card = ['S9', 'H2', 'C8', 'HA'])
name: b11902087, hole_card: ['CK', 'S8']
name: t12902105, hole_card: ['DJ', 'S2']
"b11902087" declared "raise:10"
name: b11902087, hole_card: ['CK', 'S8']
name: t12902105, hole_card: ['DJ', 'S2']
"t12902105" declared "call:10"
Street "river" started. (community card = ['S9', 'H2', 'C8', 'HA', 'SK'])
name: b11902087, hole_card: ['CK', 'S8']
name: t12902105, hole_card: ['DJ', 'S2']
"b11902087" declared "raise:895"
name: b11902087, hole_card: ['CK', 'S8']
name: t12902105, hole_card: ['DJ', 'S2']
"t12902105" declared "call:895"
"['b11902087']" won the round 14 (stack = {'b11902087': 1860, 't12902105': 140})
community cards of this round: ['HQ', 'D6', 'CJ', 'D3', 'CQ']
name: b11902087, hole_card: ['SQ', 'H6']
name: t12902105, hole_card: ['C8', 'D7']
Started the round 15
Street "preflop" started. (community card = [])
name: b11902087, hole_card: ['SQ', 'H6']
name: t12902105, hole_card: ['C8', 'D7']
"t12902105" declared "fold:0"
"['b11902087']" won the round 15 (stack = {'b11902087': 1865, 't12902105': 135})
community cards of this round: ['C9', 'DT', 'H5', 'H3', 'CK']
name: b11902087, hole_card: ['S6', 'H2']
name: t12902105, hole_card: ['S7', 'C5']
Started the round 16
Street "preflop" started. (community card = [])
name: b11902087, hole_card: ['S6', 'H2']
name: t12902105, hole_card: ['S7', 'C5']
"b11902087" declared "fold:0"
"['t12902105']" won the round 16 (stack = {'b11902087': 1860, 't12902105': 140})
community cards of this round: ['DJ', 'H4', 'CJ', 'D9', 'HT']
name: b11902087, hole_card: ['C4', 'S5']
name: t12902105, hole_card: ['DK', 'D3']
Started the round 17
Street "preflop" started. (community card = [])
name: b11902087, hole_card: ['C4', 'S5']
name: t12902105, hole_card: ['DK', 'D3']
"t12902105" declared "fold:0"
"['b11902087']" won the round 17 (stack = {'b11902087': 1865, 't12902105': 135})
community cards of this round: ['H2', 'D2', 'C8', 'H9', 'H8']
name: b11902087, hole_card: ['D7', 'CA']
name: t12902105, hole_card: ['C7', 'SJ']
Started the round 18
Street "preflop" started. (community card = [])
name: b11902087, hole_card: ['D7', 'CA']
name: t12902105, hole_card: ['C7', 'SJ']
"b11902087" declared "fold:0"
"['t12902105']" won the round 18 (stack = {'b11902087': 1860, 't12902105': 140})
community cards of this round: ['C4', 'S4', 'D2', 'C5', 'S3']
name: b11902087, hole_card: ['SJ', 'CQ']
name: t12902105, hole_card: ['DK', 'S2']
Started the round 19
Street "preflop" started. (community card = [])
name: b11902087, hole_card: ['SJ', 'CQ']
name: t12902105, hole_card: ['DK', 'S2']
"t12902105" declared "fold:0"
"['b11902087']" won the round 19 (stack = {'b11902087': 1865, 't12902105': 135})
community cards of this round: ['S6', 'C2', 'DQ', 'D6', 'C9']
name: b11902087, hole_card: ['SA', 'D8']
name: t12902105, hole_card: ['CQ', 'HA']
Started the round 20
Street "preflop" started. (community card = [])
name: b11902087, hole_card: ['SA', 'D8']
name: t12902105, hole_card: ['CQ', 'HA']
"b11902087" declared "fold:0"
"['t12902105']" won the round 20 (stack = {'b11902087': 1860, 't12902105': 140})
t12902105 vs b11902087 - Game 5: {'rule': {'initial_stack': 1000, 'max_round': 20, 'small_blind_amount': 5, 'ante': 0, 'blind_structure': {}}, 'players': [{'name': 'b11902087', 'uuid': 'mvxpbcxsrjvolzdekabeav', 'stack': 1860, 'state': 'participating'}, {'name': 't12902105', 'uuid': 'ofpiwsflhmchzhsgjoepck', 'stack': 140, 'state': 'participating'}]}
Final Result: t12902105 won 4 games (stack: 8515), b11902087 won 1 games (stack: 1485)
