b10201051 vs baseline0 - Game 1: {'rule': {'initial_stack': 1000, 'max_round': 20, 'small_blind_amount': 5, 'ante': 0, 'blind_structure': {}}, 'players': [{'name': 'baseline0', 'uuid': 'dtlfansmocuwwvcynrxref', 'stack': 0, 'state': 'folded'}, {'name': 'b10201051', 'uuid': 'ifxskjmubjrnbvnimxglee', 'stack': 2000, 'state': 'participating'}]}
b10201051 vs baseline0 - Game 2: {'rule': {'initial_stack': 1000, 'max_round': 20, 'small_blind_amount': 5, 'ante': 0, 'blind_structure': {}}, 'players': [{'name': 'b10201051', 'uuid': 'dtlfansmocuwwvcynrxref', 'stack': 0, 'state': 'folded'}, {'name': 'baseline0', 'uuid': 'ifxskjmubjrnbvnimxglee', 'stack': 2000, 'state': 'participating'}]}
b10201051 vs baseline0 - Game 3: {'rule': {'initial_stack': 1000, 'max_round': 20, 'small_blind_amount': 5, 'ante': 0, 'blind_structure': {}}, 'players': [{'name': 'baseline0', 'uuid': 'qjgwoajzztsdtlyoitbbzk', 'stack': 0, 'state': 'folded'}, {'name': 'b10201051', 'uuid': 'rchmejgvxmlxfhjwelprjc', 'stack': 2000, 'state': 'participating'}]}
b10201051 vs baseline0 - Match Result: b10201051 0 games won, 0.0 points earned
b10201051 vs baseline1 - Game 1: {'rule': {'initial_stack': 1000, 'max_round': 20, 'small_blind_amount': 5, 'ante': 0, 'blind_structure': {}}, 'players': [{'name': 'baseline1', 'uuid': 'dtlfansmocuwwvcynrxref', 'stack': 0, 'state': 'folded'}, {'name': 'b10201051', 'uuid': 'ifxskjmubjrnbvnimxglee', 'stack': 2000, 'state': 'participating'}]}
b10201051 vs baseline1 - Game 2: {'rule': {'initial_stack': 1000, 'max_round': 20, 'small_blind_amount': 5, 'ante': 0, 'blind_structure': {}}, 'players': [{'name': 'b10201051', 'uuid': 'dtlfansmocuwwvcynrxref', 'stack': 0, 'state': 'folded'}, {'name': 'baseline1', 'uuid': 'ifxskjmubjrnbvnimxglee', 'stack': 2000, 'state': 'participating'}]}
b10201051 vs baseline1 - Game 3: {'rule': {'initial_stack': 1000, 'max_round': 20, 'small_blind_amount': 5, 'ante': 0, 'blind_structure': {}}, 'players': [{'name': 'baseline1', 'uuid': 'qjgwoajzztsdtlyoitbbzk', 'stack': 0, 'state': 'folded'}, {'name': 'b10201051', 'uuid': 'rchmejgvxmlxfhjwelprjc', 'stack': 2000, 'state': 'participating'}]}
b10201051 vs baseline1 - Match Result: b10201051 0 games won, 0.0 points earned
b10201051 vs baseline2 - Game 1: {'rule': {'initial_stack': 1000, 'max_round': 20, 'small_blind_amount': 5, 'ante': 0, 'blind_structure': {}}, 'players': [{'name': 'baseline2', 'uuid': 'dtlfansmocuwwvcynrxref', 'stack': 0, 'state': 'folded'}, {'name': 'b10201051', 'uuid': 'ifxskjmubjrnbvnimxglee', 'stack': 2000, 'state': 'participating'}]}
b10201051 vs baseline2 - Game 2: {'rule': {'initial_stack': 1000, 'max_round': 20, 'small_blind_amount': 5, 'ante': 0, 'blind_structure': {}}, 'players': [{'name': 'b10201051', 'uuid': 'dtlfansmocuwwvcynrxref', 'stack': 2000, 'state': 'participating'}, {'name': 'baseline2', 'uuid': 'ifxskjmubjrnbvnimxglee', 'stack': 0, 'state': 'folded'}]}
b10201051 vs baseline2 - Game 3: {'rule': {'initial_stack': 1000, 'max_round': 20, 'small_blind_amount': 5, 'ante': 0, 'blind_structure': {}}, 'players': [{'name': 'baseline2', 'uuid': 'qjgwoajzztsdtlyoitbbzk', 'stack': 0, 'state': 'participating'}, {'name': 'b10201051', 'uuid': 'rchmejgvxmlxfhjwelprjc', 'stack': 2000, 'state': 'participating'}]}
b10201051 vs baseline2 - Game 4: {'rule': {'initial_stack': 1000, 'max_round': 20, 'small_blind_amount': 5, 'ante': 0, 'blind_structure': {}}, 'players': [{'name': 'b10201051', 'uuid': 'qjgwoajzztsdtlyoitbbzk', 'stack': 2000, 'state': 'participating'}, {'name': 'baseline2', 'uuid': 'rchmejgvxmlxfhjwelprjc', 'stack': 0, 'state': 'folded'}]}
b10201051 vs baseline2 - Game 5: {'rule': {'initial_stack': 1000, 'max_round': 20, 'small_blind_amount': 5, 'ante': 0, 'blind_structure': {}}, 'players': [{'name': 'baseline2', 'uuid': 'kvchwizydfgcnipdittekm', 'stack': 0, 'state': 'folded'}, {'name': 'b10201051', 'uuid': 'tjgxtcfvaavduzooausahw', 'stack': 2000, 'state': 'participating'}]}
b10201051 vs baseline2 - Match Result: b10201051 2 games won, 3.0 points earned
b10201051 vs baseline3 - Game 1: {'rule': {'initial_stack': 1000, 'max_round': 20, 'small_blind_amount': 5, 'ante': 0, 'blind_structure': {}}, 'players': [{'name': 'baseline3', 'uuid': 'dtlfansmocuwwvcynrxref', 'stack': 2000, 'state': 'participating'}, {'name': 'b10201051', 'uuid': 'ifxskjmubjrnbvnimxglee', 'stack': 0, 'state': 'folded'}]}
b10201051 vs baseline3 - Game 2: {'rule': {'initial_stack': 1000, 'max_round': 20, 'small_blind_amount': 5, 'ante': 0, 'blind_structure': {}}, 'players': [{'name': 'b10201051', 'uuid': 'dtlfansmocuwwvcynrxref', 'stack': 955, 'state': 'participating'}, {'name': 'baseline3', 'uuid': 'ifxskjmubjrnbvnimxglee', 'stack': 1045, 'state': 'participating'}]}
b10201051 vs baseline3 - Game 3: {'rule': {'initial_stack': 1000, 'max_round': 20, 'small_blind_amount': 5, 'ante': 0, 'blind_structure': {}}, 'players': [{'name': 'baseline3', 'uuid': 'qjgwoajzztsdtlyoitbbzk', 'stack': 144.25, 'state': 'participating'}, {'name': 'b10201051', 'uuid': 'rchmejgvxmlxfhjwelprjc', 'stack': 1855, 'state': 'participating'}]}
b10201051 vs baseline3 - Game 4: {'rule': {'initial_stack': 1000, 'max_round': 20, 'small_blind_amount': 5, 'ante': 0, 'blind_structure': {}}, 'players': [{'name': 'b10201051', 'uuid': 'qjgwoajzztsdtlyoitbbzk', 'stack': 0, 'state': 'folded'}, {'name': 'baseline3', 'uuid': 'rchmejgvxmlxfhjwelprjc', 'stack': 2000, 'state': 'participating'}]}
b10201051 vs baseline3 - Match Result: b10201051 1 games won, 1.5 points earned
b10201051 vs baseline4 - Game 1: {'rule': {'initial_stack': 1000, 'max_round': 20, 'small_blind_amount': 5, 'ante': 0, 'blind_structure': {}}, 'players': [{'name': 'baseline4', 'uuid': 'dtlfansmocuwwvcynrxref', 'stack': 1052.0, 'state': 'participating'}, {'name': 'b10201051', 'uuid': 'ifxskjmubjrnbvnimxglee', 'stack': 945, 'state': 'participating'}]}
b10201051 vs baseline4 - Game 2: {'rule': {'initial_stack': 1000, 'max_round': 20, 'small_blind_amount': 5, 'ante': 0, 'blind_structure': {}}, 'players': [{'name': 'b10201051', 'uuid': 'dtlfansmocuwwvcynrxref', 'stack': 925, 'state': 'participating'}, {'name': 'baseline4', 'uuid': 'ifxskjmubjrnbvnimxglee', 'stack': 1072.34, 'state': 'participating'}]}
b10201051 vs baseline4 - Game 3: {'rule': {'initial_stack': 1000, 'max_round': 20, 'small_blind_amount': 5, 'ante': 0, 'blind_structure': {}}, 'players': [{'name': 'baseline4', 'uuid': 'qjgwoajzztsdtlyoitbbzk', 'stack': 0, 'state': 'folded'}, {'name': 'b10201051', 'uuid': 'rchmejgvxmlxfhjwelprjc', 'stack': 1998, 'state': 'participating'}]}
b10201051 vs baseline4 - Game 4: {'rule': {'initial_stack': 1000, 'max_round': 20, 'small_blind_amount': 5, 'ante': 0, 'blind_structure': {}}, 'players': [{'name': 'b10201051', 'uuid': 'qjgwoajzztsdtlyoitbbzk', 'stack': 900, 'state': 'participating'}, {'name': 'baseline4', 'uuid': 'rchmejgvxmlxfhjwelprjc', 'stack': 1099.0, 'state': 'participating'}]}
b10201051 vs baseline4 - Match Result: b10201051 1 games won, 1.5 points earned
b10201051 vs baseline5 - Game 1: {'rule': {'initial_stack': 1000, 'max_round': 20, 'small_blind_amount': 5, 'ante': 0, 'blind_structure': {}}, 'players': [{'name': 'baseline5', 'uuid': 'dtlfansmocuwwvcynrxref', 'stack': 1040, 'state': 'participating'}, {'name': 'b10201051', 'uuid': 'ifxskjmubjrnbvnimxglee', 'stack': 960, 'state': 'participating'}]}
b10201051 vs baseline5 - Game 2: {'rule': {'initial_stack': 1000, 'max_round': 20, 'small_blind_amount': 5, 'ante': 0, 'blind_structure': {}}, 'players': [{'name': 'b10201051', 'uuid': 'dtlfansmocuwwvcynrxref', 'stack': 925, 'state': 'participating'}, {'name': 'baseline5', 'uuid': 'ifxskjmubjrnbvnimxglee', 'stack': 1075, 'state': 'participating'}]}
b10201051 vs baseline5 - Game 3: {'rule': {'initial_stack': 1000, 'max_round': 20, 'small_blind_amount': 5, 'ante': 0, 'blind_structure': {}}, 'players': [{'name': 'baseline5', 'uuid': 'qjgwoajzztsdtlyoitbbzk', 'stack': 1045, 'state': 'participating'}, {'name': 'b10201051', 'uuid': 'rchmejgvxmlxfhjwelprjc', 'stack': 955, 'state': 'participating'}]}
b10201051 vs baseline5 - Game 4: {'rule': {'initial_stack': 1000, 'max_round': 20, 'small_blind_amount': 5, 'ante': 0, 'blind_structure': {}}, 'players': [{'name': 'b10201051', 'uuid': 'qjgwoajzztsdtlyoitbbzk', 'stack': 930, 'state': 'participating'}, {'name': 'baseline5', 'uuid': 'rchmejgvxmlxfhjwelprjc', 'stack': 1070, 'state': 'participating'}]}
b10201051 vs baseline5 - Game 5: {'rule': {'initial_stack': 1000, 'max_round': 20, 'small_blind_amount': 5, 'ante': 0, 'blind_structure': {}}, 'players': [{'name': 'baseline5', 'uuid': 'kvchwizydfgcnipdittekm', 'stack': 1020, 'state': 'participating'}, {'name': 'b10201051', 'uuid': 'tjgxtcfvaavduzooausahw', 'stack': 980, 'state': 'participating'}]}
b10201051 vs baseline5 - Match Result: b10201051 3 games won, 5 points earned
b10201051 vs baseline6 - Game 1: {'rule': {'initial_stack': 1000, 'max_round': 20, 'small_blind_amount': 5, 'ante': 0, 'blind_structure': {}}, 'players': [{'name': 'baseline6', 'uuid': 'dtlfansmocuwwvcynrxref', 'stack': 1040, 'state': 'participating'}, {'name': 'b10201051', 'uuid': 'ifxskjmubjrnbvnimxglee', 'stack': 960, 'state': 'participating'}]}
b10201051 vs baseline6 - Game 2: {'rule': {'initial_stack': 1000, 'max_round': 20, 'small_blind_amount': 5, 'ante': 0, 'blind_structure': {}}, 'players': [{'name': 'b10201051', 'uuid': 'dtlfansmocuwwvcynrxref', 'stack': 925, 'state': 'participating'}, {'name': 'baseline6', 'uuid': 'ifxskjmubjrnbvnimxglee', 'stack': 1075.0, 'state': 'participating'}]}
b10201051 vs baseline6 - Game 3: {'rule': {'initial_stack': 1000, 'max_round': 20, 'small_blind_amount': 5, 'ante': 0, 'blind_structure': {}}, 'players': [{'name': 'baseline6', 'uuid': 'qjgwoajzztsdtlyoitbbzk', 'stack': 1045, 'state': 'participating'}, {'name': 'b10201051', 'uuid': 'rchmejgvxmlxfhjwelprjc', 'stack': 955, 'state': 'participating'}]}
b10201051 vs baseline6 - Game 4: {'rule': {'initial_stack': 1000, 'max_round': 20, 'small_blind_amount': 5, 'ante': 0, 'blind_structure': {}}, 'players': [{'name': 'b10201051', 'uuid': 'qjgwoajzztsdtlyoitbbzk', 'stack': 930, 'state': 'participating'}, {'name': 'baseline6', 'uuid': 'rchmejgvxmlxfhjwelprjc', 'stack': 1070, 'state': 'participating'}]}
b10201051 vs baseline6 - Game 5: {'rule': {'initial_stack': 1000, 'max_round': 20, 'small_blind_amount': 5, 'ante': 0, 'blind_structure': {}}, 'players': [{'name': 'baseline6', 'uuid': 'kvchwizydfgcnipdittekm', 'stack': 0, 'state': 'folded'}, {'name': 'b10201051', 'uuid': 'tjgxtcfvaavduzooausahw', 'stack': 2000, 'state': 'participating'}]}
b10201051 vs baseline6 - Match Result: b10201051 2 games won, 3.0 points earned
b10201051 vs baseline7 - Game 1: {'rule': {'initial_stack': 1000, 'max_round': 20, 'small_blind_amount': 5, 'ante': 0, 'blind_structure': {}}, 'players': [{'name': 'baseline7', 'uuid': 'dtlfansmocuwwvcynrxref', 'stack': 2000, 'state': 'participating'}, {'name': 'b10201051', 'uuid': 'ifxskjmubjrnbvnimxglee', 'stack': 0, 'state': 'folded'}]}
b10201051 vs baseline7 - Game 2: {'rule': {'initial_stack': 1000, 'max_round': 20, 'small_blind_amount': 5, 'ante': 0, 'blind_structure': {}}, 'players': [{'name': 'b10201051', 'uuid': 'dtlfansmocuwwvcynrxref', 'stack': 925, 'state': 'participating'}, {'name': 'baseline7', 'uuid': 'ifxskjmubjrnbvnimxglee', 'stack': 1075, 'state': 'participating'}]}
b10201051 vs baseline7 - Game 3: {'rule': {'initial_stack': 1000, 'max_round': 20, 'small_blind_amount': 5, 'ante': 0, 'blind_structure': {}}, 'players': [{'name': 'baseline7', 'uuid': 'qjgwoajzztsdtlyoitbbzk', 'stack': 1015, 'state': 'participating'}, {'name': 'b10201051', 'uuid': 'rchmejgvxmlxfhjwelprjc', 'stack': 985, 'state': 'participating'}]}
b10201051 vs baseline7 - Game 4: {'rule': {'initial_stack': 1000, 'max_round': 20, 'small_blind_amount': 5, 'ante': 0, 'blind_structure': {}}, 'players': [{'name': 'b10201051', 'uuid': 'qjgwoajzztsdtlyoitbbzk', 'stack': 955, 'state': 'participating'}, {'name': 'baseline7', 'uuid': 'rchmejgvxmlxfhjwelprjc', 'stack': 1045, 'state': 'participating'}]}
b10201051 vs baseline7 - Game 5: {'rule': {'initial_stack': 1000, 'max_round': 20, 'small_blind_amount': 5, 'ante': 0, 'blind_structure': {}}, 'players': [{'name': 'baseline7', 'uuid': 'kvchwizydfgcnipdittekm', 'stack': 1010, 'state': 'participating'}, {'name': 'b10201051', 'uuid': 'tjgxtcfvaavduzooausahw', 'stack': 990, 'state': 'participating'}]}
b10201051 vs baseline7 - Match Result: b10201051 3 games won, 5 points earned
b10201051 vs strong1 - Game 1: {'rule': {'initial_stack': 1000, 'max_round': 20, 'small_blind_amount': 5, 'ante': 0, 'blind_structure': {}}, 'players': [{'name': 'strong1', 'uuid': 'dtlfansmocuwwvcynrxref', 'stack': 1000, 'state': 'participating'}, {'name': 'b10201051', 'uuid': 'ifxskjmubjrnbvnimxglee', 'stack': 1000, 'state': 'participating'}]}
b10201051 vs strong1 - Game 2: {'rule': {'initial_stack': 1000, 'max_round': 20, 'small_blind_amount': 5, 'ante': 0, 'blind_structure': {}}, 'players': [{'name': 'b10201051', 'uuid': 'dtlfansmocuwwvcynrxref', 'stack': 985, 'state': 'participating'}, {'name': 'strong1', 'uuid': 'ifxskjmubjrnbvnimxglee', 'stack': 1015, 'state': 'participating'}]}
b10201051 vs strong1 - Game 3: {'rule': {'initial_stack': 1000, 'max_round': 20, 'small_blind_amount': 5, 'ante': 0, 'blind_structure': {}}, 'players': [{'name': 'strong1', 'uuid': 'qjgwoajzztsdtlyoitbbzk', 'stack': 460, 'state': 'participating'}, {'name': 'b10201051', 'uuid': 'rchmejgvxmlxfhjwelprjc', 'stack': 1540, 'state': 'participating'}]}
b10201051 vs strong1 - Match Result: b10201051 0 games won, 0 points earned
b10201051 vs strong2 - Game 1: {'rule': {'initial_stack': 1000, 'max_round': 20, 'small_blind_amount': 5, 'ante': 0, 'blind_structure': {}}, 'players': [{'name': 'strong2', 'uuid': 'dtlfansmocuwwvcynrxref', 'stack': 1025, 'state': 'participating'}, {'name': 'b10201051', 'uuid': 'ifxskjmubjrnbvnimxglee', 'stack': 975, 'state': 'participating'}]}
b10201051 vs strong2 - Game 2: {'rule': {'initial_stack': 1000, 'max_round': 20, 'small_blind_amount': 5, 'ante': 0, 'blind_structure': {}}, 'players': [{'name': 'b10201051', 'uuid': 'dtlfansmocuwwvcynrxref', 'stack': 955, 'state': 'participating'}, {'name': 'strong2', 'uuid': 'ifxskjmubjrnbvnimxglee', 'stack': 1045, 'state': 'participating'}]}
b10201051 vs strong2 - Game 3: {'rule': {'initial_stack': 1000, 'max_round': 20, 'small_blind_amount': 5, 'ante': 0, 'blind_structure': {}}, 'players': [{'name': 'strong2', 'uuid': 'qjgwoajzztsdtlyoitbbzk', 'stack': 1020, 'state': 'participating'}, {'name': 'b10201051', 'uuid': 'rchmejgvxmlxfhjwelprjc', 'stack': 980, 'state': 'participating'}]}
b10201051 vs strong2 - Game 4: {'rule': {'initial_stack': 1000, 'max_round': 20, 'small_blind_amount': 5, 'ante': 0, 'blind_structure': {}}, 'players': [{'name': 'b10201051', 'uuid': 'qjgwoajzztsdtlyoitbbzk', 'stack': 970, 'state': 'participating'}, {'name': 'strong2', 'uuid': 'rchmejgvxmlxfhjwelprjc', 'stack': 1030, 'state': 'participating'}]}
b10201051 vs strong2 - Game 5: {'rule': {'initial_stack': 1000, 'max_round': 20, 'small_blind_amount': 5, 'ante': 0, 'blind_structure': {}}, 'players': [{'name': 'strong2', 'uuid': 'kvchwizydfgcnipdittekm', 'stack': 1005, 'state': 'participating'}, {'name': 'b10201051', 'uuid': 'tjgxtcfvaavduzooausahw', 'stack': 995, 'state': 'participating'}]}
b10201051 vs strong2 - Match Result: b10201051 3 games won, 2 points earned
b10201051 vs strong3 - Game 1: {'rule': {'initial_stack': 1000, 'max_round': 20, 'small_blind_amount': 5, 'ante': 0, 'blind_structure': {}}, 'players': [{'name': 'strong3', 'uuid': 'dtlfansmocuwwvcynrxref', 'stack': 915, 'state': 'participating'}, {'name': 'b10201051', 'uuid': 'ifxskjmubjrnbvnimxglee', 'stack': 1085, 'state': 'participating'}]}
b10201051 vs strong3 - Game 2: {'rule': {'initial_stack': 1000, 'max_round': 20, 'small_blind_amount': 5, 'ante': 0, 'blind_structure': {}}, 'players': [{'name': 'b10201051', 'uuid': 'dtlfansmocuwwvcynrxref', 'stack': 1020, 'state': 'participating'}, {'name': 'strong3', 'uuid': 'ifxskjmubjrnbvnimxglee', 'stack': 980, 'state': 'participating'}]}
b10201051 vs strong3 - Game 3: {'rule': {'initial_stack': 1000, 'max_round': 20, 'small_blind_amount': 5, 'ante': 0, 'blind_structure': {}}, 'players': [{'name': 'strong3', 'uuid': 'qjgwoajzztsdtlyoitbbzk', 'stack': 1015, 'state': 'participating'}, {'name': 'b10201051', 'uuid': 'rchmejgvxmlxfhjwelprjc', 'stack': 985, 'state': 'participating'}]}
b10201051 vs strong3 - Game 4: {'rule': {'initial_stack': 1000, 'max_round': 20, 'small_blind_amount': 5, 'ante': 0, 'blind_structure': {}}, 'players': [{'name': 'b10201051', 'uuid': 'qjgwoajzztsdtlyoitbbzk', 'stack': 1045, 'state': 'participating'}, {'name': 'strong3', 'uuid': 'rchmejgvxmlxfhjwelprjc', 'stack': 955, 'state': 'participating'}]}
b10201051 vs strong3 - Match Result: b10201051 3 games won, 2 points earned
b10201051 vs strong4 - Game 1: {'rule': {'initial_stack': 1000, 'max_round': 20, 'small_blind_amount': 5, 'ante': 0, 'blind_structure': {}}, 'players': [{'name': 'strong4', 'uuid': 'dtlfansmocuwwvcynrxref', 'stack': 1013.9556666666667, 'state': 'participating'}, {'name': 'b10201051', 'uuid': 'ifxskjmubjrnbvnimxglee', 'stack': 985, 'state': 'participating'}]}
b10201051 vs strong4 - Game 2: {'rule': {'initial_stack': 1000, 'max_round': 20, 'small_blind_amount': 5, 'ante': 0, 'blind_structure': {}}, 'players': [{'name': 'b10201051', 'uuid': 'dtlfansmocuwwvcynrxref', 'stack': 940, 'state': 'participating'}, {'name': 'strong4', 'uuid': 'ifxskjmubjrnbvnimxglee', 'stack': 1058.6893333333337, 'state': 'participating'}]}
b10201051 vs strong4 - Game 3: {'rule': {'initial_stack': 1000, 'max_round': 20, 'small_blind_amount': 5, 'ante': 0, 'blind_structure': {}}, 'players': [{'name': 'strong4', 'uuid': 'qjgwoajzztsdtlyoitbbzk', 'stack': 1009.462, 'state': 'participating'}, {'name': 'b10201051', 'uuid': 'rchmejgvxmlxfhjwelprjc', 'stack': 988, 'state': 'participating'}]}
b10201051 vs strong4 - Game 4: {'rule': {'initial_stack': 1000, 'max_round': 20, 'small_blind_amount': 5, 'ante': 0, 'blind_structure': {}}, 'players': [{'name': 'b10201051', 'uuid': 'qjgwoajzztsdtlyoitbbzk', 'stack': 925, 'state': 'participating'}, {'name': 'strong4', 'uuid': 'rchmejgvxmlxfhjwelprjc', 'stack': 1073.4266666666667, 'state': 'participating'}]}
b10201051 vs strong4 - Game 5: {'rule': {'initial_stack': 1000, 'max_round': 20, 'small_blind_amount': 5, 'ante': 0, 'blind_structure': {}}, 'players': [{'name': 'strong4', 'uuid': 'kvchwizydfgcnipdittekm', 'stack': 1052.9233333333332, 'state': 'participating'}, {'name': 'b10201051', 'uuid': 'tjgxtcfvaavduzooausahw', 'stack': 945, 'state': 'participating'}]}
b10201051 vs strong4 - Match Result: b10201051 3 games won, 2 points earned
b10201051 vs strong5 - Game 1: {'rule': {'initial_stack': 1000, 'max_round': 20, 'small_blind_amount': 5, 'ante': 0, 'blind_structure': {}}, 'players': [{'name': 'strong5', 'uuid': 'dtlfansmocuwwvcynrxref', 'stack': 1034.2199999999998, 'state': 'participating'}, {'name': 'b10201051', 'uuid': 'ifxskjmubjrnbvnimxglee', 'stack': 965, 'state': 'participating'}]}
b10201051 vs strong5 - Game 2: {'rule': {'initial_stack': 1000, 'max_round': 20, 'small_blind_amount': 5, 'ante': 0, 'blind_structure': {}}, 'players': [{'name': 'b10201051', 'uuid': 'dtlfansmocuwwvcynrxref', 'stack': 940, 'state': 'participating'}, {'name': 'strong5', 'uuid': 'ifxskjmubjrnbvnimxglee', 'stack': 1060, 'state': 'participating'}]}
b10201051 vs strong5 - Game 3: {'rule': {'initial_stack': 1000, 'max_round': 20, 'small_blind_amount': 5, 'ante': 0, 'blind_structure': {}}, 'players': [{'name': 'strong5', 'uuid': 'qjgwoajzztsdtlyoitbbzk', 'stack': 1059.7349999999997, 'state': 'participating'}, {'name': 'b10201051', 'uuid': 'rchmejgvxmlxfhjwelprjc', 'stack': 940, 'state': 'participating'}]}
b10201051 vs strong5 - Game 4: {'rule': {'initial_stack': 1000, 'max_round': 20, 'small_blind_amount': 5, 'ante': 0, 'blind_structure': {}}, 'players': [{'name': 'b10201051', 'uuid': 'qjgwoajzztsdtlyoitbbzk', 'stack': 955, 'state': 'participating'}, {'name': 'strong5', 'uuid': 'rchmejgvxmlxfhjwelprjc', 'stack': 1045, 'state': 'participating'}]}
b10201051 vs strong5 - Game 5: {'rule': {'initial_stack': 1000, 'max_round': 20, 'small_blind_amount': 5, 'ante': 0, 'blind_structure': {}}, 'players': [{'name': 'strong5', 'uuid': 'kvchwizydfgcnipdittekm', 'stack': 1040, 'state': 'participating'}, {'name': 'b10201051', 'uuid': 'tjgxtcfvaavduzooausahw', 'stack': 960, 'state': 'participating'}]}
b10201051 vs strong5 - Match Result: b10201051 3 games won, 2 points earned
