b10902121 vs baseline0 - Game 1: {'rule': {'initial_stack': 1000, 'max_round': 20, 'small_blind_amount': 5, 'ante': 0, 'blind_structure': {}}, 'players': [{'name': 'baseline0', 'uuid': 'dtlfansmocuwwvcynrxref', 'stack': 2000, 'state': 'participating'}, {'name': 'b10902121', 'uuid': 'ifxskjmubjrnbvnimxglee', 'stack': 0, 'state': 'folded'}]}
b10902121 vs baseline0 - Game 2: {'rule': {'initial_stack': 1000, 'max_round': 20, 'small_blind_amount': 5, 'ante': 0, 'blind_structure': {}}, 'players': [{'name': 'b10902121', 'uuid': 'dtlfansmocuwwvcynrxref', 'stack': 2000, 'state': 'participating'}, {'name': 'baseline0', 'uuid': 'ifxskjmubjrnbvnimxglee', 'stack': 0, 'state': 'folded'}]}
b10902121 vs baseline0 - Game 3: {'rule': {'initial_stack': 1000, 'max_round': 20, 'small_blind_amount': 5, 'ante': 0, 'blind_structure': {}}, 'players': [{'name': 'baseline0', 'uuid': 'qjgwoajzztsdtlyoitbbzk', 'stack': 2000, 'state': 'participating'}, {'name': 'b10902121', 'uuid': 'rchmejgvxmlxfhjwelprjc', 'stack': 0, 'state': 'folded'}]}
b10902121 vs baseline0 - Match Result: b10902121 3 games won, 5 points earned
b10902121 vs baseline1 - Game 1: {'rule': {'initial_stack': 1000, 'max_round': 20, 'small_blind_amount': 5, 'ante': 0, 'blind_structure': {}}, 'players': [{'name': 'baseline1', 'uuid': 'dtlfansmocuwwvcynrxref', 'stack': 2000, 'state': 'participating'}, {'name': 'b10902121', 'uuid': 'ifxskjmubjrnbvnimxglee', 'stack': 0, 'state': 'folded'}]}
b10902121 vs baseline1 - Game 2: {'rule': {'initial_stack': 1000, 'max_round': 20, 'small_blind_amount': 5, 'ante': 0, 'blind_structure': {}}, 'players': [{'name': 'b10902121', 'uuid': 'dtlfansmocuwwvcynrxref', 'stack': 2000, 'state': 'participating'}, {'name': 'baseline1', 'uuid': 'ifxskjmubjrnbvnimxglee', 'stack': 0, 'state': 'folded'}]}
b10902121 vs baseline1 - Game 3: {'rule': {'initial_stack': 1000, 'max_round': 20, 'small_blind_amount': 5, 'ante': 0, 'blind_structure': {}}, 'players': [{'name': 'baseline1', 'uuid': 'qjgwoajzztsdtlyoitbbzk', 'stack': 2000.0, 'state': 'participating'}, {'name': 'b10902121', 'uuid': 'rchmejgvxmlxfhjwelprjc', 'stack': 0, 'state': 'folded'}]}
b10902121 vs baseline1 - Match Result: b10902121 3 games won, 5 points earned
b10902121 vs baseline2 - Game 1: {'rule': {'initial_stack': 1000, 'max_round': 20, 'small_blind_amount': 5, 'ante': 0, 'blind_structure': {}}, 'players': [{'name': 'baseline2', 'uuid': 'dtlfansmocuwwvcynrxref', 'stack': 2000, 'state': 'participating'}, {'name': 'b10902121', 'uuid': 'ifxskjmubjrnbvnimxglee', 'stack': 0, 'state': 'folded'}]}
b10902121 vs baseline2 - Game 2: {'rule': {'initial_stack': 1000, 'max_round': 20, 'small_blind_amount': 5, 'ante': 0, 'blind_structure': {}}, 'players': [{'name': 'b10902121', 'uuid': 'dtlfansmocuwwvcynrxref', 'stack': 2000, 'state': 'participating'}, {'name': 'baseline2', 'uuid': 'ifxskjmubjrnbvnimxglee', 'stack': 0, 'state': 'folded'}]}
b10902121 vs baseline2 - Game 3: {'rule': {'initial_stack': 1000, 'max_round': 20, 'small_blind_amount': 5, 'ante': 0, 'blind_structure': {}}, 'players': [{'name': 'baseline2', 'uuid': 'qjgwoajzztsdtlyoitbbzk', 'stack': 2000.0, 'state': 'participating'}, {'name': 'b10902121', 'uuid': 'rchmejgvxmlxfhjwelprjc', 'stack': 0, 'state': 'folded'}]}
b10902121 vs baseline2 - Match Result: b10902121 3 games won, 5 points earned
b10902121 vs baseline3 - Game 1: {'rule': {'initial_stack': 1000, 'max_round': 20, 'small_blind_amount': 5, 'ante': 0, 'blind_structure': {}}, 'players': [{'name': 'baseline3', 'uuid': 'dtlfansmocuwwvcynrxref', 'stack': 0, 'state': 'folded'}, {'name': 'b10902121', 'uuid': 'ifxskjmubjrnbvnimxglee', 'stack': 1999.0, 'state': 'participating'}]}
b10902121 vs baseline3 - Game 2: {'rule': {'initial_stack': 1000, 'max_round': 20, 'small_blind_amount': 5, 'ante': 0, 'blind_structure': {}}, 'players': [{'name': 'b10902121', 'uuid': 'dtlfansmocuwwvcynrxref', 'stack': 725.0, 'state': 'participating'}, {'name': 'baseline3', 'uuid': 'ifxskjmubjrnbvnimxglee', 'stack': 1275.0, 'state': 'participating'}]}
b10902121 vs baseline3 - Game 3: {'rule': {'initial_stack': 1000, 'max_round': 20, 'small_blind_amount': 5, 'ante': 0, 'blind_structure': {}}, 'players': [{'name': 'baseline3', 'uuid': 'qjgwoajzztsdtlyoitbbzk', 'stack': 1085.0, 'state': 'participating'}, {'name': 'b10902121', 'uuid': 'rchmejgvxmlxfhjwelprjc', 'stack': 913.0, 'state': 'participating'}]}
b10902121 vs baseline3 - Game 4: {'rule': {'initial_stack': 1000, 'max_round': 20, 'small_blind_amount': 5, 'ante': 0, 'blind_structure': {}}, 'players': [{'name': 'b10902121', 'uuid': 'qjgwoajzztsdtlyoitbbzk', 'stack': 145, 'state': 'participating'}, {'name': 'baseline3', 'uuid': 'rchmejgvxmlxfhjwelprjc', 'stack': 1855, 'state': 'participating'}]}
b10902121 vs baseline3 - Match Result: b10902121 1 games won, 1.5 points earned
b10902121 vs baseline4 - Game 1: {'rule': {'initial_stack': 1000, 'max_round': 20, 'small_blind_amount': 5, 'ante': 0, 'blind_structure': {}}, 'players': [{'name': 'baseline4', 'uuid': 'dtlfansmocuwwvcynrxref', 'stack': 2000.0, 'state': 'participating'}, {'name': 'b10902121', 'uuid': 'ifxskjmubjrnbvnimxglee', 'stack': 0, 'state': 'folded'}]}
b10902121 vs baseline4 - Game 2: {'rule': {'initial_stack': 1000, 'max_round': 20, 'small_blind_amount': 5, 'ante': 0, 'blind_structure': {}}, 'players': [{'name': 'b10902121', 'uuid': 'dtlfansmocuwwvcynrxref', 'stack': 2000.0, 'state': 'participating'}, {'name': 'baseline4', 'uuid': 'ifxskjmubjrnbvnimxglee', 'stack': 0, 'state': 'folded'}]}
b10902121 vs baseline4 - Game 3: {'rule': {'initial_stack': 1000, 'max_round': 20, 'small_blind_amount': 5, 'ante': 0, 'blind_structure': {}}, 'players': [{'name': 'baseline4', 'uuid': 'qjgwoajzztsdtlyoitbbzk', 'stack': 2000.0, 'state': 'participating'}, {'name': 'b10902121', 'uuid': 'rchmejgvxmlxfhjwelprjc', 'stack': 0, 'state': 'folded'}]}
b10902121 vs baseline4 - Match Result: b10902121 3 games won, 5 points earned
b10902121 vs baseline5 - Game 1: {'rule': {'initial_stack': 1000, 'max_round': 20, 'small_blind_amount': 5, 'ante': 0, 'blind_structure': {}}, 'players': [{'name': 'baseline5', 'uuid': 'dtlfansmocuwwvcynrxref', 'stack': 1795.0, 'state': 'participating'}, {'name': 'b10902121', 'uuid': 'ifxskjmubjrnbvnimxglee', 'stack': 205, 'state': 'participating'}]}
b10902121 vs baseline5 - Game 2: {'rule': {'initial_stack': 1000, 'max_round': 20, 'small_blind_amount': 5, 'ante': 0, 'blind_structure': {}}, 'players': [{'name': 'b10902121', 'uuid': 'dtlfansmocuwwvcynrxref', 'stack': 195, 'state': 'participating'}, {'name': 'baseline5', 'uuid': 'ifxskjmubjrnbvnimxglee', 'stack': 1805.0, 'state': 'participating'}]}
b10902121 vs baseline5 - Game 3: {'rule': {'initial_stack': 1000, 'max_round': 20, 'small_blind_amount': 5, 'ante': 0, 'blind_structure': {}}, 'players': [{'name': 'baseline5', 'uuid': 'qjgwoajzztsdtlyoitbbzk', 'stack': 1760, 'state': 'participating'}, {'name': 'b10902121', 'uuid': 'rchmejgvxmlxfhjwelprjc', 'stack': 240, 'state': 'participating'}]}
b10902121 vs baseline5 - Game 4: {'rule': {'initial_stack': 1000, 'max_round': 20, 'small_blind_amount': 5, 'ante': 0, 'blind_structure': {}}, 'players': [{'name': 'b10902121', 'uuid': 'qjgwoajzztsdtlyoitbbzk', 'stack': 2000, 'state': 'participating'}, {'name': 'baseline5', 'uuid': 'rchmejgvxmlxfhjwelprjc', 'stack': 0, 'state': 'folded'}]}
b10902121 vs baseline5 - Match Result: b10902121 3 games won, 5 points earned
b10902121 vs baseline6 - Game 1: {'rule': {'initial_stack': 1000, 'max_round': 20, 'small_blind_amount': 5, 'ante': 0, 'blind_structure': {}}, 'players': [{'name': 'baseline6', 'uuid': 'dtlfansmocuwwvcynrxref', 'stack': 1739.0, 'state': 'participating'}, {'name': 'b10902121', 'uuid': 'ifxskjmubjrnbvnimxglee', 'stack': 261.0, 'state': 'participating'}]}
b10902121 vs baseline6 - Game 2: {'rule': {'initial_stack': 1000, 'max_round': 20, 'small_blind_amount': 5, 'ante': 0, 'blind_structure': {}}, 'players': [{'name': 'b10902121', 'uuid': 'dtlfansmocuwwvcynrxref', 'stack': 285.0, 'state': 'participating'}, {'name': 'baseline6', 'uuid': 'ifxskjmubjrnbvnimxglee', 'stack': 1715.0, 'state': 'participating'}]}
b10902121 vs baseline6 - Game 3: {'rule': {'initial_stack': 1000, 'max_round': 20, 'small_blind_amount': 5, 'ante': 0, 'blind_structure': {}}, 'players': [{'name': 'baseline6', 'uuid': 'qjgwoajzztsdtlyoitbbzk', 'stack': 0, 'state': 'folded'}, {'name': 'b10902121', 'uuid': 'rchmejgvxmlxfhjwelprjc', 'stack': 2000.0, 'state': 'participating'}]}
b10902121 vs baseline6 - Game 4: {'rule': {'initial_stack': 1000, 'max_round': 20, 'small_blind_amount': 5, 'ante': 0, 'blind_structure': {}}, 'players': [{'name': 'b10902121', 'uuid': 'qjgwoajzztsdtlyoitbbzk', 'stack': 180, 'state': 'participating'}, {'name': 'baseline6', 'uuid': 'rchmejgvxmlxfhjwelprjc', 'stack': 1820, 'state': 'participating'}]}
b10902121 vs baseline6 - Match Result: b10902121 1 games won, 1.5 points earned
b10902121 vs baseline7 - Game 1: {'rule': {'initial_stack': 1000, 'max_round': 20, 'small_blind_amount': 5, 'ante': 0, 'blind_structure': {}}, 'players': [{'name': 'baseline7', 'uuid': 'dtlfansmocuwwvcynrxref', 'stack': 1825, 'state': 'participating'}, {'name': 'b10902121', 'uuid': 'ifxskjmubjrnbvnimxglee', 'stack': 175, 'state': 'participating'}]}
b10902121 vs baseline7 - Game 2: {'rule': {'initial_stack': 1000, 'max_round': 20, 'small_blind_amount': 5, 'ante': 0, 'blind_structure': {}}, 'players': [{'name': 'b10902121', 'uuid': 'dtlfansmocuwwvcynrxref', 'stack': 295, 'state': 'participating'}, {'name': 'baseline7', 'uuid': 'ifxskjmubjrnbvnimxglee', 'stack': 1705, 'state': 'participating'}]}
b10902121 vs baseline7 - Game 3: {'rule': {'initial_stack': 1000, 'max_round': 20, 'small_blind_amount': 5, 'ante': 0, 'blind_structure': {}}, 'players': [{'name': 'baseline7', 'uuid': 'qjgwoajzztsdtlyoitbbzk', 'stack': 1724, 'state': 'participating'}, {'name': 'b10902121', 'uuid': 'rchmejgvxmlxfhjwelprjc', 'stack': 276, 'state': 'participating'}]}
b10902121 vs baseline7 - Game 4: {'rule': {'initial_stack': 1000, 'max_round': 20, 'small_blind_amount': 5, 'ante': 0, 'blind_structure': {}}, 'players': [{'name': 'b10902121', 'uuid': 'qjgwoajzztsdtlyoitbbzk', 'stack': 270, 'state': 'participating'}, {'name': 'baseline7', 'uuid': 'rchmejgvxmlxfhjwelprjc', 'stack': 1730, 'state': 'participating'}]}
b10902121 vs baseline7 - Game 5: {'rule': {'initial_stack': 1000, 'max_round': 20, 'small_blind_amount': 5, 'ante': 0, 'blind_structure': {}}, 'players': [{'name': 'baseline7', 'uuid': 'kvchwizydfgcnipdittekm', 'stack': 0, 'state': 'folded'}, {'name': 'b10902121', 'uuid': 'tjgxtcfvaavduzooausahw', 'stack': 2000, 'state': 'participating'}]}
b10902121 vs baseline7 - Match Result: b10902121 2 games won, 3.0 points earned
b10902121 vs strong1 - Game 1: {'rule': {'initial_stack': 1000, 'max_round': 20, 'small_blind_amount': 5, 'ante': 0, 'blind_structure': {}}, 'players': [{'name': 'strong1', 'uuid': 'dtlfansmocuwwvcynrxref', 'stack': 1714, 'state': 'participating'}, {'name': 'b10902121', 'uuid': 'ifxskjmubjrnbvnimxglee', 'stack': 286, 'state': 'participating'}]}
b10902121 vs strong1 - Game 2: {'rule': {'initial_stack': 1000, 'max_round': 20, 'small_blind_amount': 5, 'ante': 0, 'blind_structure': {}}, 'players': [{'name': 'b10902121', 'uuid': 'dtlfansmocuwwvcynrxref', 'stack': 301, 'state': 'participating'}, {'name': 'strong1', 'uuid': 'ifxskjmubjrnbvnimxglee', 'stack': 1699, 'state': 'participating'}]}
b10902121 vs strong1 - Game 3: {'rule': {'initial_stack': 1000, 'max_round': 20, 'small_blind_amount': 5, 'ante': 0, 'blind_structure': {}}, 'players': [{'name': 'strong1', 'uuid': 'qjgwoajzztsdtlyoitbbzk', 'stack': 0, 'state': 'folded'}, {'name': 'b10902121', 'uuid': 'rchmejgvxmlxfhjwelprjc', 'stack': 2000, 'state': 'participating'}]}
b10902121 vs strong1 - Game 4: {'rule': {'initial_stack': 1000, 'max_round': 20, 'small_blind_amount': 5, 'ante': 0, 'blind_structure': {}}, 'players': [{'name': 'b10902121', 'uuid': 'qjgwoajzztsdtlyoitbbzk', 'stack': 2000, 'state': 'participating'}, {'name': 'strong1', 'uuid': 'rchmejgvxmlxfhjwelprjc', 'stack': 0, 'state': 'folded'}]}
b10902121 vs strong1 - Game 5: {'rule': {'initial_stack': 1000, 'max_round': 20, 'small_blind_amount': 5, 'ante': 0, 'blind_structure': {}}, 'players': [{'name': 'strong1', 'uuid': 'kvchwizydfgcnipdittekm', 'stack': 0, 'state': 'folded'}, {'name': 'b10902121', 'uuid': 'tjgxtcfvaavduzooausahw', 'stack': 2000, 'state': 'participating'}]}
b10902121 vs strong1 - Match Result: b10902121 2 games won, 0 points earned
b10902121 vs strong2 - Game 1: {'rule': {'initial_stack': 1000, 'max_round': 20, 'small_blind_amount': 5, 'ante': 0, 'blind_structure': {}}, 'players': [{'name': 'strong2', 'uuid': 'dtlfansmocuwwvcynrxref', 'stack': 0, 'state': 'folded'}, {'name': 'b10902121', 'uuid': 'ifxskjmubjrnbvnimxglee', 'stack': 2000, 'state': 'participating'}]}
b10902121 vs strong2 - Game 2: {'rule': {'initial_stack': 1000, 'max_round': 20, 'small_blind_amount': 5, 'ante': 0, 'blind_structure': {}}, 'players': [{'name': 'b10902121', 'uuid': 'dtlfansmocuwwvcynrxref', 'stack': 2000, 'state': 'participating'}, {'name': 'strong2', 'uuid': 'ifxskjmubjrnbvnimxglee', 'stack': 0, 'state': 'folded'}]}
b10902121 vs strong2 - Game 3: {'rule': {'initial_stack': 1000, 'max_round': 20, 'small_blind_amount': 5, 'ante': 0, 'blind_structure': {}}, 'players': [{'name': 'strong2', 'uuid': 'qjgwoajzztsdtlyoitbbzk', 'stack': 1740, 'state': 'participating'}, {'name': 'b10902121', 'uuid': 'rchmejgvxmlxfhjwelprjc', 'stack': 260, 'state': 'participating'}]}
b10902121 vs strong2 - Game 4: {'rule': {'initial_stack': 1000, 'max_round': 20, 'small_blind_amount': 5, 'ante': 0, 'blind_structure': {}}, 'players': [{'name': 'b10902121', 'uuid': 'qjgwoajzztsdtlyoitbbzk', 'stack': 2000, 'state': 'participating'}, {'name': 'strong2', 'uuid': 'rchmejgvxmlxfhjwelprjc', 'stack': 0, 'state': 'folded'}]}
b10902121 vs strong2 - Match Result: b10902121 3 games won, 2 points earned
b10902121 vs strong3 - Game 1: {'rule': {'initial_stack': 1000, 'max_round': 20, 'small_blind_amount': 5, 'ante': 0, 'blind_structure': {}}, 'players': [{'name': 'strong3', 'uuid': 'dtlfansmocuwwvcynrxref', 'stack': 0, 'state': 'folded'}, {'name': 'b10902121', 'uuid': 'ifxskjmubjrnbvnimxglee', 'stack': 2000, 'state': 'participating'}]}
b10902121 vs strong3 - Game 2: {'rule': {'initial_stack': 1000, 'max_round': 20, 'small_blind_amount': 5, 'ante': 0, 'blind_structure': {}}, 'players': [{'name': 'b10902121', 'uuid': 'dtlfansmocuwwvcynrxref', 'stack': 210, 'state': 'participating'}, {'name': 'strong3', 'uuid': 'ifxskjmubjrnbvnimxglee', 'stack': 1790, 'state': 'participating'}]}
b10902121 vs strong3 - Game 3: {'rule': {'initial_stack': 1000, 'max_round': 20, 'small_blind_amount': 5, 'ante': 0, 'blind_structure': {}}, 'players': [{'name': 'strong3', 'uuid': 'qjgwoajzztsdtlyoitbbzk', 'stack': 1555, 'state': 'participating'}, {'name': 'b10902121', 'uuid': 'rchmejgvxmlxfhjwelprjc', 'stack': 445, 'state': 'participating'}]}
b10902121 vs strong3 - Game 4: {'rule': {'initial_stack': 1000, 'max_round': 20, 'small_blind_amount': 5, 'ante': 0, 'blind_structure': {}}, 'players': [{'name': 'b10902121', 'uuid': 'qjgwoajzztsdtlyoitbbzk', 'stack': 250, 'state': 'participating'}, {'name': 'strong3', 'uuid': 'rchmejgvxmlxfhjwelprjc', 'stack': 1750, 'state': 'participating'}]}
b10902121 vs strong3 - Match Result: b10902121 1 games won, 0 points earned
b10902121 vs strong4 - Game 1: {'rule': {'initial_stack': 1000, 'max_round': 20, 'small_blind_amount': 5, 'ante': 0, 'blind_structure': {}}, 'players': [{'name': 'strong4', 'uuid': 'dtlfansmocuwwvcynrxref', 'stack': 1729.0, 'state': 'participating'}, {'name': 'b10902121', 'uuid': 'ifxskjmubjrnbvnimxglee', 'stack': 269.0, 'state': 'participating'}]}
b10902121 vs strong4 - Game 2: {'rule': {'initial_stack': 1000, 'max_round': 20, 'small_blind_amount': 5, 'ante': 0, 'blind_structure': {}}, 'players': [{'name': 'b10902121', 'uuid': 'dtlfansmocuwwvcynrxref', 'stack': 155.0, 'state': 'participating'}, {'name': 'strong4', 'uuid': 'ifxskjmubjrnbvnimxglee', 'stack': 1845.0, 'state': 'participating'}]}
b10902121 vs strong4 - Game 3: {'rule': {'initial_stack': 1000, 'max_round': 20, 'small_blind_amount': 5, 'ante': 0, 'blind_structure': {}}, 'players': [{'name': 'strong4', 'uuid': 'qjgwoajzztsdtlyoitbbzk', 'stack': 1176.0, 'state': 'participating'}, {'name': 'b10902121', 'uuid': 'rchmejgvxmlxfhjwelprjc', 'stack': 821.0, 'state': 'participating'}]}
b10902121 vs strong4 - Game 4: {'rule': {'initial_stack': 1000, 'max_round': 20, 'small_blind_amount': 5, 'ante': 0, 'blind_structure': {}}, 'players': [{'name': 'b10902121', 'uuid': 'qjgwoajzztsdtlyoitbbzk', 'stack': 252.0, 'state': 'participating'}, {'name': 'strong4', 'uuid': 'rchmejgvxmlxfhjwelprjc', 'stack': 1747.0, 'state': 'participating'}]}
b10902121 vs strong4 - Game 5: {'rule': {'initial_stack': 1000, 'max_round': 20, 'small_blind_amount': 5, 'ante': 0, 'blind_structure': {}}, 'players': [{'name': 'strong4', 'uuid': 'kvchwizydfgcnipdittekm', 'stack': 1407.0, 'state': 'participating'}, {'name': 'b10902121', 'uuid': 'tjgxtcfvaavduzooausahw', 'stack': 591.0, 'state': 'participating'}]}
b10902121 vs strong4 - Match Result: b10902121 3 games won, 2 points earned
b10902121 vs strong5 - Game 1: {'rule': {'initial_stack': 1000, 'max_round': 20, 'small_blind_amount': 5, 'ante': 0, 'blind_structure': {}}, 'players': [{'name': 'strong5', 'uuid': 'dtlfansmocuwwvcynrxref', 'stack': 1845.0, 'state': 'participating'}, {'name': 'b10902121', 'uuid': 'ifxskjmubjrnbvnimxglee', 'stack': 155.0, 'state': 'participating'}]}
b10902121 vs strong5 - Game 2: {'rule': {'initial_stack': 1000, 'max_round': 20, 'small_blind_amount': 5, 'ante': 0, 'blind_structure': {}}, 'players': [{'name': 'b10902121', 'uuid': 'dtlfansmocuwwvcynrxref', 'stack': 155.0, 'state': 'participating'}, {'name': 'strong5', 'uuid': 'ifxskjmubjrnbvnimxglee', 'stack': 1845.0, 'state': 'participating'}]}
b10902121 vs strong5 - Game 3: {'rule': {'initial_stack': 1000, 'max_round': 20, 'small_blind_amount': 5, 'ante': 0, 'blind_structure': {}}, 'players': [{'name': 'strong5', 'uuid': 'qjgwoajzztsdtlyoitbbzk', 'stack': 2000.0, 'state': 'participating'}, {'name': 'b10902121', 'uuid': 'rchmejgvxmlxfhjwelprjc', 'stack': 0, 'state': 'folded'}]}
b10902121 vs strong5 - Game 4: {'rule': {'initial_stack': 1000, 'max_round': 20, 'small_blind_amount': 5, 'ante': 0, 'blind_structure': {}}, 'players': [{'name': 'b10902121', 'uuid': 'qjgwoajzztsdtlyoitbbzk', 'stack': 180, 'state': 'participating'}, {'name': 'strong5', 'uuid': 'rchmejgvxmlxfhjwelprjc', 'stack': 1820, 'state': 'participating'}]}
b10902121 vs strong5 - Game 5: {'rule': {'initial_stack': 1000, 'max_round': 20, 'small_blind_amount': 5, 'ante': 0, 'blind_structure': {}}, 'players': [{'name': 'strong5', 'uuid': 'kvchwizydfgcnipdittekm', 'stack': 1820.0, 'state': 'participating'}, {'name': 'b10902121', 'uuid': 'tjgxtcfvaavduzooausahw', 'stack': 180.0, 'state': 'participating'}]}
b10902121 vs strong5 - Match Result: b10902121 3 games won, 2 points earned
