b11902135 vs baseline0 - Game 1: {'rule': {'initial_stack': 1000, 'max_round': 20, 'small_blind_amount': 5, 'ante': 0, 'blind_structure': {}}, 'players': [{'name': 'baseline0', 'uuid': 'dtlfansmocuwwvcynrxref', 'stack': 145.0, 'state': 'participating'}, {'name': 'b11902135', 'uuid': 'ifxskjmubjrnbvnimxglee', 'stack': 1855.0, 'state': 'participating'}]}
b11902135 vs baseline0 - Game 2: {'rule': {'initial_stack': 1000, 'max_round': 20, 'small_blind_amount': 5, 'ante': 0, 'blind_structure': {}}, 'players': [{'name': 'b11902135', 'uuid': 'dtlfansmocuwwvcynrxref', 'stack': 1076.0, 'state': 'participating'}, {'name': 'baseline0', 'uuid': 'ifxskjmubjrnbvnimxglee', 'stack': 924.0, 'state': 'participating'}]}
b11902135 vs baseline0 - Game 3: {'rule': {'initial_stack': 1000, 'max_round': 20, 'small_blind_amount': 5, 'ante': 0, 'blind_structure': {}}, 'players': [{'name': 'baseline0', 'uuid': 'qjgwoajzztsdtlyoitbbzk', 'stack': 361.0, 'state': 'participating'}, {'name': 'b11902135', 'uuid': 'rchmejgvxmlxfhjwelprjc', 'stack': 1639.0, 'state': 'participating'}]}
b11902135 vs baseline0 - Game 4: {'rule': {'initial_stack': 1000, 'max_round': 20, 'small_blind_amount': 5, 'ante': 0, 'blind_structure': {}}, 'players': [{'name': 'b11902135', 'uuid': 'qjgwoajzztsdtlyoitbbzk', 'stack': 2000.0, 'state': 'participating'}, {'name': 'baseline0', 'uuid': 'rchmejgvxmlxfhjwelprjc', 'stack': 0, 'state': 'folded'}]}
b11902135 vs baseline0 - Game 5: {'rule': {'initial_stack': 1000, 'max_round': 20, 'small_blind_amount': 5, 'ante': 0, 'blind_structure': {}}, 'players': [{'name': 'baseline0', 'uuid': 'kvchwizydfgcnipdittekm', 'stack': 0, 'state': 'folded'}, {'name': 'b11902135', 'uuid': 'tjgxtcfvaavduzooausahw', 'stack': 2000.0, 'state': 'participating'}]}
b11902135 vs baseline0 - Match Result: b11902135 2 games won, 3.0 points earned
b11902135 vs baseline1 - Game 1: {'rule': {'initial_stack': 1000, 'max_round': 20, 'small_blind_amount': 5, 'ante': 0, 'blind_structure': {}}, 'players': [{'name': 'baseline1', 'uuid': 'dtlfansmocuwwvcynrxref', 'stack': 340.0, 'state': 'participating'}, {'name': 'b11902135', 'uuid': 'ifxskjmubjrnbvnimxglee', 'stack': 1660.0, 'state': 'participating'}]}
b11902135 vs baseline1 - Game 2: {'rule': {'initial_stack': 1000, 'max_round': 20, 'small_blind_amount': 5, 'ante': 0, 'blind_structure': {}}, 'players': [{'name': 'b11902135', 'uuid': 'dtlfansmocuwwvcynrxref', 'stack': 1076.0, 'state': 'participating'}, {'name': 'baseline1', 'uuid': 'ifxskjmubjrnbvnimxglee', 'stack': 923.25, 'state': 'participating'}]}
b11902135 vs baseline1 - Game 3: {'rule': {'initial_stack': 1000, 'max_round': 20, 'small_blind_amount': 5, 'ante': 0, 'blind_structure': {}}, 'players': [{'name': 'baseline1', 'uuid': 'qjgwoajzztsdtlyoitbbzk', 'stack': 685.0, 'state': 'participating'}, {'name': 'b11902135', 'uuid': 'rchmejgvxmlxfhjwelprjc', 'stack': 1315.0, 'state': 'participating'}]}
b11902135 vs baseline1 - Game 4: {'rule': {'initial_stack': 1000, 'max_round': 20, 'small_blind_amount': 5, 'ante': 0, 'blind_structure': {}}, 'players': [{'name': 'b11902135', 'uuid': 'qjgwoajzztsdtlyoitbbzk', 'stack': 2000.0, 'state': 'participating'}, {'name': 'baseline1', 'uuid': 'rchmejgvxmlxfhjwelprjc', 'stack': 0, 'state': 'folded'}]}
b11902135 vs baseline1 - Game 5: {'rule': {'initial_stack': 1000, 'max_round': 20, 'small_blind_amount': 5, 'ante': 0, 'blind_structure': {}}, 'players': [{'name': 'baseline1', 'uuid': 'kvchwizydfgcnipdittekm', 'stack': 0, 'state': 'folded'}, {'name': 'b11902135', 'uuid': 'tjgxtcfvaavduzooausahw', 'stack': 2000.0, 'state': 'participating'}]}
b11902135 vs baseline1 - Match Result: b11902135 2 games won, 3.0 points earned
b11902135 vs baseline2 - Game 1: {'rule': {'initial_stack': 1000, 'max_round': 20, 'small_blind_amount': 5, 'ante': 0, 'blind_structure': {}}, 'players': [{'name': 'baseline2', 'uuid': 'dtlfansmocuwwvcynrxref', 'stack': 340.0, 'state': 'participating'}, {'name': 'b11902135', 'uuid': 'ifxskjmubjrnbvnimxglee', 'stack': 1660.0, 'state': 'participating'}]}
b11902135 vs baseline2 - Game 2: {'rule': {'initial_stack': 1000, 'max_round': 20, 'small_blind_amount': 5, 'ante': 0, 'blind_structure': {}}, 'players': [{'name': 'b11902135', 'uuid': 'dtlfansmocuwwvcynrxref', 'stack': 1076.0, 'state': 'participating'}, {'name': 'baseline2', 'uuid': 'ifxskjmubjrnbvnimxglee', 'stack': 924.0, 'state': 'participating'}]}
b11902135 vs baseline2 - Game 3: {'rule': {'initial_stack': 1000, 'max_round': 20, 'small_blind_amount': 5, 'ante': 0, 'blind_structure': {}}, 'players': [{'name': 'baseline2', 'uuid': 'qjgwoajzztsdtlyoitbbzk', 'stack': 160.0, 'state': 'participating'}, {'name': 'b11902135', 'uuid': 'rchmejgvxmlxfhjwelprjc', 'stack': 1840.0, 'state': 'participating'}]}
b11902135 vs baseline2 - Game 4: {'rule': {'initial_stack': 1000, 'max_round': 20, 'small_blind_amount': 5, 'ante': 0, 'blind_structure': {}}, 'players': [{'name': 'b11902135', 'uuid': 'qjgwoajzztsdtlyoitbbzk', 'stack': 2000.0, 'state': 'participating'}, {'name': 'baseline2', 'uuid': 'rchmejgvxmlxfhjwelprjc', 'stack': 0, 'state': 'folded'}]}
b11902135 vs baseline2 - Game 5: {'rule': {'initial_stack': 1000, 'max_round': 20, 'small_blind_amount': 5, 'ante': 0, 'blind_structure': {}}, 'players': [{'name': 'baseline2', 'uuid': 'kvchwizydfgcnipdittekm', 'stack': 0, 'state': 'folded'}, {'name': 'b11902135', 'uuid': 'tjgxtcfvaavduzooausahw', 'stack': 2000.0, 'state': 'participating'}]}
b11902135 vs baseline2 - Match Result: b11902135 2 games won, 3.0 points earned
b11902135 vs baseline3 - Game 1: {'rule': {'initial_stack': 1000, 'max_round': 20, 'small_blind_amount': 5, 'ante': 0, 'blind_structure': {}}, 'players': [{'name': 'baseline3', 'uuid': 'dtlfansmocuwwvcynrxref', 'stack': 0, 'state': 'folded'}, {'name': 'b11902135', 'uuid': 'ifxskjmubjrnbvnimxglee', 'stack': 2000.0, 'state': 'participating'}]}
b11902135 vs baseline3 - Game 2: {'rule': {'initial_stack': 1000, 'max_round': 20, 'small_blind_amount': 5, 'ante': 0, 'blind_structure': {}}, 'players': [{'name': 'b11902135', 'uuid': 'dtlfansmocuwwvcynrxref', 'stack': 975.0, 'state': 'participating'}, {'name': 'baseline3', 'uuid': 'ifxskjmubjrnbvnimxglee', 'stack': 1025, 'state': 'participating'}]}
b11902135 vs baseline3 - Game 3: {'rule': {'initial_stack': 1000, 'max_round': 20, 'small_blind_amount': 5, 'ante': 0, 'blind_structure': {}}, 'players': [{'name': 'baseline3', 'uuid': 'qjgwoajzztsdtlyoitbbzk', 'stack': 1010, 'state': 'participating'}, {'name': 'b11902135', 'uuid': 'rchmejgvxmlxfhjwelprjc', 'stack': 990.0, 'state': 'participating'}]}
b11902135 vs baseline3 - Game 4: {'rule': {'initial_stack': 1000, 'max_round': 20, 'small_blind_amount': 5, 'ante': 0, 'blind_structure': {}}, 'players': [{'name': 'b11902135', 'uuid': 'qjgwoajzztsdtlyoitbbzk', 'stack': 0, 'state': 'folded'}, {'name': 'baseline3', 'uuid': 'rchmejgvxmlxfhjwelprjc', 'stack': 2000.0, 'state': 'participating'}]}
b11902135 vs baseline3 - Match Result: b11902135 1 games won, 1.5 points earned
b11902135 vs baseline4 - Game 1: {'rule': {'initial_stack': 1000, 'max_round': 20, 'small_blind_amount': 5, 'ante': 0, 'blind_structure': {}}, 'players': [{'name': 'baseline4', 'uuid': 'dtlfansmocuwwvcynrxref', 'stack': 1996.35, 'state': 'participating'}, {'name': 'b11902135', 'uuid': 'ifxskjmubjrnbvnimxglee', 'stack': 0, 'state': 'folded'}]}
b11902135 vs baseline4 - Game 2: {'rule': {'initial_stack': 1000, 'max_round': 20, 'small_blind_amount': 5, 'ante': 0, 'blind_structure': {}}, 'players': [{'name': 'b11902135', 'uuid': 'dtlfansmocuwwvcynrxref', 'stack': 1997.0, 'state': 'participating'}, {'name': 'baseline4', 'uuid': 'ifxskjmubjrnbvnimxglee', 'stack': 0, 'state': 'folded'}]}
b11902135 vs baseline4 - Game 3: {'rule': {'initial_stack': 1000, 'max_round': 20, 'small_blind_amount': 5, 'ante': 0, 'blind_structure': {}}, 'players': [{'name': 'baseline4', 'uuid': 'qjgwoajzztsdtlyoitbbzk', 'stack': 157.67000000000002, 'state': 'participating'}, {'name': 'b11902135', 'uuid': 'rchmejgvxmlxfhjwelprjc', 'stack': 1840.0, 'state': 'participating'}]}
b11902135 vs baseline4 - Game 4: {'rule': {'initial_stack': 1000, 'max_round': 20, 'small_blind_amount': 5, 'ante': 0, 'blind_structure': {}}, 'players': [{'name': 'b11902135', 'uuid': 'qjgwoajzztsdtlyoitbbzk', 'stack': 2000.0, 'state': 'participating'}, {'name': 'baseline4', 'uuid': 'rchmejgvxmlxfhjwelprjc', 'stack': 0, 'state': 'folded'}]}
b11902135 vs baseline4 - Match Result: b11902135 3 games won, 5 points earned
b11902135 vs baseline5 - Game 1: {'rule': {'initial_stack': 1000, 'max_round': 20, 'small_blind_amount': 5, 'ante': 0, 'blind_structure': {}}, 'players': [{'name': 'baseline5', 'uuid': 'dtlfansmocuwwvcynrxref', 'stack': 1020.0, 'state': 'participating'}, {'name': 'b11902135', 'uuid': 'ifxskjmubjrnbvnimxglee', 'stack': 980.0, 'state': 'participating'}]}
b11902135 vs baseline5 - Game 2: {'rule': {'initial_stack': 1000, 'max_round': 20, 'small_blind_amount': 5, 'ante': 0, 'blind_structure': {}}, 'players': [{'name': 'b11902135', 'uuid': 'dtlfansmocuwwvcynrxref', 'stack': 1855.0, 'state': 'participating'}, {'name': 'baseline5', 'uuid': 'ifxskjmubjrnbvnimxglee', 'stack': 144.9999999999999, 'state': 'participating'}]}
b11902135 vs baseline5 - Game 3: {'rule': {'initial_stack': 1000, 'max_round': 20, 'small_blind_amount': 5, 'ante': 0, 'blind_structure': {}}, 'players': [{'name': 'baseline5', 'uuid': 'qjgwoajzztsdtlyoitbbzk', 'stack': 1020, 'state': 'participating'}, {'name': 'b11902135', 'uuid': 'rchmejgvxmlxfhjwelprjc', 'stack': 980.0, 'state': 'participating'}]}
b11902135 vs baseline5 - Match Result: b11902135 3 games won, 5 points earned
b11902135 vs baseline6 - Game 1: {'rule': {'initial_stack': 1000, 'max_round': 20, 'small_blind_amount': 5, 'ante': 0, 'blind_structure': {}}, 'players': [{'name': 'baseline6', 'uuid': 'dtlfansmocuwwvcynrxref', 'stack': 2000.0, 'state': 'participating'}, {'name': 'b11902135', 'uuid': 'ifxskjmubjrnbvnimxglee', 'stack': 0, 'state': 'folded'}]}
b11902135 vs baseline6 - Game 2: {'rule': {'initial_stack': 1000, 'max_round': 20, 'small_blind_amount': 5, 'ante': 0, 'blind_structure': {}}, 'players': [{'name': 'b11902135', 'uuid': 'dtlfansmocuwwvcynrxref', 'stack': 968.0, 'state': 'participating'}, {'name': 'baseline6', 'uuid': 'ifxskjmubjrnbvnimxglee', 'stack': 1030.888888888889, 'state': 'participating'}]}
b11902135 vs baseline6 - Game 3: {'rule': {'initial_stack': 1000, 'max_round': 20, 'small_blind_amount': 5, 'ante': 0, 'blind_structure': {}}, 'players': [{'name': 'baseline6', 'uuid': 'qjgwoajzztsdtlyoitbbzk', 'stack': 2000.0, 'state': 'participating'}, {'name': 'b11902135', 'uuid': 'rchmejgvxmlxfhjwelprjc', 'stack': 0, 'state': 'folded'}]}
b11902135 vs baseline6 - Game 4: {'rule': {'initial_stack': 1000, 'max_round': 20, 'small_blind_amount': 5, 'ante': 0, 'blind_structure': {}}, 'players': [{'name': 'b11902135', 'uuid': 'qjgwoajzztsdtlyoitbbzk', 'stack': 981.0, 'state': 'participating'}, {'name': 'baseline6', 'uuid': 'rchmejgvxmlxfhjwelprjc', 'stack': 1017.8888888888891, 'state': 'participating'}]}
b11902135 vs baseline6 - Game 5: {'rule': {'initial_stack': 1000, 'max_round': 20, 'small_blind_amount': 5, 'ante': 0, 'blind_structure': {}}, 'players': [{'name': 'baseline6', 'uuid': 'kvchwizydfgcnipdittekm', 'stack': 314.26666666666665, 'state': 'participating'}, {'name': 'b11902135', 'uuid': 'tjgxtcfvaavduzooausahw', 'stack': 1685.2666666666667, 'state': 'participating'}]}
b11902135 vs baseline6 - Match Result: b11902135 2 games won, 3.0 points earned
b11902135 vs baseline7 - Game 1: {'rule': {'initial_stack': 1000, 'max_round': 20, 'small_blind_amount': 5, 'ante': 0, 'blind_structure': {}}, 'players': [{'name': 'baseline7', 'uuid': 'dtlfansmocuwwvcynrxref', 'stack': 1790, 'state': 'participating'}, {'name': 'b11902135', 'uuid': 'ifxskjmubjrnbvnimxglee', 'stack': 210.0, 'state': 'participating'}]}
b11902135 vs baseline7 - Game 2: {'rule': {'initial_stack': 1000, 'max_round': 20, 'small_blind_amount': 5, 'ante': 0, 'blind_structure': {}}, 'players': [{'name': 'b11902135', 'uuid': 'dtlfansmocuwwvcynrxref', 'stack': 39.0, 'state': 'participating'}, {'name': 'baseline7', 'uuid': 'ifxskjmubjrnbvnimxglee', 'stack': 1961, 'state': 'participating'}]}
b11902135 vs baseline7 - Game 3: {'rule': {'initial_stack': 1000, 'max_round': 20, 'small_blind_amount': 5, 'ante': 0, 'blind_structure': {}}, 'players': [{'name': 'baseline7', 'uuid': 'qjgwoajzztsdtlyoitbbzk', 'stack': 2000, 'state': 'participating'}, {'name': 'b11902135', 'uuid': 'rchmejgvxmlxfhjwelprjc', 'stack': 0, 'state': 'folded'}]}
b11902135 vs baseline7 - Game 4: {'rule': {'initial_stack': 1000, 'max_round': 20, 'small_blind_amount': 5, 'ante': 0, 'blind_structure': {}}, 'players': [{'name': 'b11902135', 'uuid': 'qjgwoajzztsdtlyoitbbzk', 'stack': 0, 'state': 'folded'}, {'name': 'baseline7', 'uuid': 'rchmejgvxmlxfhjwelprjc', 'stack': 2000.0, 'state': 'participating'}]}
b11902135 vs baseline7 - Game 5: {'rule': {'initial_stack': 1000, 'max_round': 20, 'small_blind_amount': 5, 'ante': 0, 'blind_structure': {}}, 'players': [{'name': 'baseline7', 'uuid': 'kvchwizydfgcnipdittekm', 'stack': 1999.2, 'state': 'participating'}, {'name': 'b11902135', 'uuid': 'tjgxtcfvaavduzooausahw', 'stack': 0, 'state': 'folded'}]}
b11902135 vs baseline7 - Match Result: b11902135 3 games won, 5 points earned
b11902135 vs strong1 - Game 1: {'rule': {'initial_stack': 1000, 'max_round': 20, 'small_blind_amount': 5, 'ante': 0, 'blind_structure': {}}, 'players': [{'name': 'strong1', 'uuid': 'dtlfansmocuwwvcynrxref', 'stack': 0, 'state': 'folded'}, {'name': 'b11902135', 'uuid': 'ifxskjmubjrnbvnimxglee', 'stack': 2000.0, 'state': 'participating'}]}
b11902135 vs strong1 - Game 2: {'rule': {'initial_stack': 1000, 'max_round': 20, 'small_blind_amount': 5, 'ante': 0, 'blind_structure': {}}, 'players': [{'name': 'b11902135', 'uuid': 'dtlfansmocuwwvcynrxref', 'stack': 960.0, 'state': 'participating'}, {'name': 'strong1', 'uuid': 'ifxskjmubjrnbvnimxglee', 'stack': 1040, 'state': 'participating'}]}
b11902135 vs strong1 - Game 3: {'rule': {'initial_stack': 1000, 'max_round': 20, 'small_blind_amount': 5, 'ante': 0, 'blind_structure': {}}, 'players': [{'name': 'strong1', 'uuid': 'qjgwoajzztsdtlyoitbbzk', 'stack': 1033, 'state': 'participating'}, {'name': 'b11902135', 'uuid': 'rchmejgvxmlxfhjwelprjc', 'stack': 966.4, 'state': 'participating'}]}
b11902135 vs strong1 - Game 4: {'rule': {'initial_stack': 1000, 'max_round': 20, 'small_blind_amount': 5, 'ante': 0, 'blind_structure': {}}, 'players': [{'name': 'b11902135', 'uuid': 'qjgwoajzztsdtlyoitbbzk', 'stack': 1000.0, 'state': 'participating'}, {'name': 'strong1', 'uuid': 'rchmejgvxmlxfhjwelprjc', 'stack': 1000, 'state': 'participating'}]}
b11902135 vs strong1 - Match Result: b11902135 1 games won, 0 points earned
b11902135 vs strong2 - Game 1: {'rule': {'initial_stack': 1000, 'max_round': 20, 'small_blind_amount': 5, 'ante': 0, 'blind_structure': {}}, 'players': [{'name': 'strong2', 'uuid': 'dtlfansmocuwwvcynrxref', 'stack': 2000.0, 'state': 'participating'}, {'name': 'b11902135', 'uuid': 'ifxskjmubjrnbvnimxglee', 'stack': 0, 'state': 'folded'}]}
b11902135 vs strong2 - Game 2: {'rule': {'initial_stack': 1000, 'max_round': 20, 'small_blind_amount': 5, 'ante': 0, 'blind_structure': {}}, 'players': [{'name': 'b11902135', 'uuid': 'dtlfansmocuwwvcynrxref', 'stack': 990.0, 'state': 'participating'}, {'name': 'strong2', 'uuid': 'ifxskjmubjrnbvnimxglee', 'stack': 1010, 'state': 'participating'}]}
b11902135 vs strong2 - Game 3: {'rule': {'initial_stack': 1000, 'max_round': 20, 'small_blind_amount': 5, 'ante': 0, 'blind_structure': {}}, 'players': [{'name': 'strong2', 'uuid': 'qjgwoajzztsdtlyoitbbzk', 'stack': 1015, 'state': 'participating'}, {'name': 'b11902135', 'uuid': 'rchmejgvxmlxfhjwelprjc', 'stack': 985.0, 'state': 'participating'}]}
b11902135 vs strong2 - Game 4: {'rule': {'initial_stack': 1000, 'max_round': 20, 'small_blind_amount': 5, 'ante': 0, 'blind_structure': {}}, 'players': [{'name': 'b11902135', 'uuid': 'qjgwoajzztsdtlyoitbbzk', 'stack': 0, 'state': 'folded'}, {'name': 'strong2', 'uuid': 'rchmejgvxmlxfhjwelprjc', 'stack': 2000.0, 'state': 'participating'}]}
b11902135 vs strong2 - Game 5: {'rule': {'initial_stack': 1000, 'max_round': 20, 'small_blind_amount': 5, 'ante': 0, 'blind_structure': {}}, 'players': [{'name': 'strong2', 'uuid': 'kvchwizydfgcnipdittekm', 'stack': 1035.0, 'state': 'participating'}, {'name': 'b11902135', 'uuid': 'tjgxtcfvaavduzooausahw', 'stack': 964.0, 'state': 'participating'}]}
b11902135 vs strong2 - Match Result: b11902135 3 games won, 2 points earned
b11902135 vs strong3 - Game 1: {'rule': {'initial_stack': 1000, 'max_round': 20, 'small_blind_amount': 5, 'ante': 0, 'blind_structure': {}}, 'players': [{'name': 'strong3', 'uuid': 'dtlfansmocuwwvcynrxref', 'stack': 1030, 'state': 'participating'}, {'name': 'b11902135', 'uuid': 'ifxskjmubjrnbvnimxglee', 'stack': 970, 'state': 'participating'}]}
b11902135 vs strong3 - Game 2: {'rule': {'initial_stack': 1000, 'max_round': 20, 'small_blind_amount': 5, 'ante': 0, 'blind_structure': {}}, 'players': [{'name': 'b11902135', 'uuid': 'dtlfansmocuwwvcynrxref', 'stack': 1865.0, 'state': 'participating'}, {'name': 'strong3', 'uuid': 'ifxskjmubjrnbvnimxglee', 'stack': 135.0, 'state': 'participating'}]}
b11902135 vs strong3 - Game 3: {'rule': {'initial_stack': 1000, 'max_round': 20, 'small_blind_amount': 5, 'ante': 0, 'blind_structure': {}}, 'players': [{'name': 'strong3', 'uuid': 'qjgwoajzztsdtlyoitbbzk', 'stack': 2000, 'state': 'participating'}, {'name': 'b11902135', 'uuid': 'rchmejgvxmlxfhjwelprjc', 'stack': 0, 'state': 'folded'}]}
b11902135 vs strong3 - Match Result: b11902135 3 games won, 2 points earned
b11902135 vs strong4 - Game 1: {'rule': {'initial_stack': 1000, 'max_round': 20, 'small_blind_amount': 5, 'ante': 0, 'blind_structure': {}}, 'players': [{'name': 'strong4', 'uuid': 'dtlfansmocuwwvcynrxref', 'stack': 1822.0, 'state': 'participating'}, {'name': 'b11902135', 'uuid': 'ifxskjmubjrnbvnimxglee', 'stack': 178.0, 'state': 'participating'}]}
b11902135 vs strong4 - Game 2: {'rule': {'initial_stack': 1000, 'max_round': 20, 'small_blind_amount': 5, 'ante': 0, 'blind_structure': {}}, 'players': [{'name': 'b11902135', 'uuid': 'dtlfansmocuwwvcynrxref', 'stack': 205.0, 'state': 'participating'}, {'name': 'strong4', 'uuid': 'ifxskjmubjrnbvnimxglee', 'stack': 1794.0, 'state': 'participating'}]}
b11902135 vs strong4 - Game 3: {'rule': {'initial_stack': 1000, 'max_round': 20, 'small_blind_amount': 5, 'ante': 0, 'blind_structure': {}}, 'players': [{'name': 'strong4', 'uuid': 'qjgwoajzztsdtlyoitbbzk', 'stack': 2000.0, 'state': 'participating'}, {'name': 'b11902135', 'uuid': 'rchmejgvxmlxfhjwelprjc', 'stack': 0, 'state': 'folded'}]}
b11902135 vs strong4 - Game 4: {'rule': {'initial_stack': 1000, 'max_round': 20, 'small_blind_amount': 5, 'ante': 0, 'blind_structure': {}}, 'players': [{'name': 'b11902135', 'uuid': 'qjgwoajzztsdtlyoitbbzk', 'stack': 1081.48825136, 'state': 'participating'}, {'name': 'strong4', 'uuid': 'rchmejgvxmlxfhjwelprjc', 'stack': 912.67983130125, 'state': 'participating'}]}
b11902135 vs strong4 - Match Result: b11902135 3 games won, 2 points earned
b11902135 vs strong5 - Game 1: {'rule': {'initial_stack': 1000, 'max_round': 20, 'small_blind_amount': 5, 'ante': 0, 'blind_structure': {}}, 'players': [{'name': 'strong5', 'uuid': 'dtlfansmocuwwvcynrxref', 'stack': 0, 'state': 'folded'}, {'name': 'b11902135', 'uuid': 'ifxskjmubjrnbvnimxglee', 'stack': 1997.3920000000003, 'state': 'participating'}]}
b11902135 vs strong5 - Game 2: {'rule': {'initial_stack': 1000, 'max_round': 20, 'small_blind_amount': 5, 'ante': 0, 'blind_structure': {}}, 'players': [{'name': 'b11902135', 'uuid': 'dtlfansmocuwwvcynrxref', 'stack': 75.0, 'state': 'participating'}, {'name': 'strong5', 'uuid': 'ifxskjmubjrnbvnimxglee', 'stack': 1925.0, 'state': 'participating'}]}
b11902135 vs strong5 - Game 3: {'rule': {'initial_stack': 1000, 'max_round': 20, 'small_blind_amount': 5, 'ante': 0, 'blind_structure': {}}, 'players': [{'name': 'strong5', 'uuid': 'qjgwoajzztsdtlyoitbbzk', 'stack': 2000.0, 'state': 'participating'}, {'name': 'b11902135', 'uuid': 'rchmejgvxmlxfhjwelprjc', 'stack': 0, 'state': 'folded'}]}
b11902135 vs strong5 - Game 4: {'rule': {'initial_stack': 1000, 'max_round': 20, 'small_blind_amount': 5, 'ante': 0, 'blind_structure': {}}, 'players': [{'name': 'b11902135', 'uuid': 'qjgwoajzztsdtlyoitbbzk', 'stack': 0, 'state': 'folded'}, {'name': 'strong5', 'uuid': 'rchmejgvxmlxfhjwelprjc', 'stack': 2000.0, 'state': 'participating'}]}
b11902135 vs strong5 - Match Result: b11902135 1 games won, 0 points earned
