b11902087 vs baseline0 - Game 1: {'rule': {'initial_stack': 1000, 'max_round': 20, 'small_blind_amount': 5, 'ante': 0, 'blind_structure': {}}, 'players': [{'name': 'baseline0', 'uuid': 'dtlfansmocuwwvcynrxref', 'stack': 140, 'state': 'participating'}, {'name': 'b11902087', 'uuid': 'ifxskjmubjrnbvnimxglee', 'stack': 1860, 'state': 'participating'}]}
b11902087 vs baseline0 - Game 2: {'rule': {'initial_stack': 1000, 'max_round': 20, 'small_blind_amount': 5, 'ante': 0, 'blind_structure': {}}, 'players': [{'name': 'b11902087', 'uuid': 'dtlfansmocuwwvcynrxref', 'stack': 2000, 'state': 'participating'}, {'name': 'baseline0', 'uuid': 'ifxskjmubjrnbvnimxglee', 'stack': 0, 'state': 'folded'}]}
b11902087 vs baseline0 - Game 3: {'rule': {'initial_stack': 1000, 'max_round': 20, 'small_blind_amount': 5, 'ante': 0, 'blind_structure': {}}, 'players': [{'name': 'baseline0', 'uuid': 'qjgwoajzztsdtlyoitbbzk', 'stack': 220, 'state': 'participating'}, {'name': 'b11902087', 'uuid': 'rchmejgvxmlxfhjwelprjc', 'stack': 1780, 'state': 'participating'}]}
b11902087 vs baseline0 - Game 4: {'rule': {'initial_stack': 1000, 'max_round': 20, 'small_blind_amount': 5, 'ante': 0, 'blind_structure': {}}, 'players': [{'name': 'b11902087', 'uuid': 'qjgwoajzztsdtlyoitbbzk', 'stack': 2000, 'state': 'participating'}, {'name': 'baseline0', 'uuid': 'rchmejgvxmlxfhjwelprjc', 'stack': 0, 'state': 'folded'}]}
b11902087 vs baseline0 - Game 5: {'rule': {'initial_stack': 1000, 'max_round': 20, 'small_blind_amount': 5, 'ante': 0, 'blind_structure': {}}, 'players': [{'name': 'baseline0', 'uuid': 'kvchwizydfgcnipdittekm', 'stack': 0, 'state': 'folded'}, {'name': 'b11902087', 'uuid': 'tjgxtcfvaavduzooausahw', 'stack': 2000, 'state': 'participating'}]}
b11902087 vs baseline0 - Match Result: b11902087 2 games won, 3.0 points earned
b11902087 vs baseline1 - Game 1: {'rule': {'initial_stack': 1000, 'max_round': 20, 'small_blind_amount': 5, 'ante': 0, 'blind_structure': {}}, 'players': [{'name': 'baseline1', 'uuid': 'dtlfansmocuwwvcynrxref', 'stack': 900.4375, 'state': 'participating'}, {'name': 'b11902087', 'uuid': 'ifxskjmubjrnbvnimxglee', 'stack': 1098.5, 'state': 'participating'}]}
b11902087 vs baseline1 - Game 2: {'rule': {'initial_stack': 1000, 'max_round': 20, 'small_blind_amount': 5, 'ante': 0, 'blind_structure': {}}, 'players': [{'name': 'b11902087', 'uuid': 'dtlfansmocuwwvcynrxref', 'stack': 2000, 'state': 'participating'}, {'name': 'baseline1', 'uuid': 'ifxskjmubjrnbvnimxglee', 'stack': 0, 'state': 'folded'}]}
b11902087 vs baseline1 - Game 3: {'rule': {'initial_stack': 1000, 'max_round': 20, 'small_blind_amount': 5, 'ante': 0, 'blind_structure': {}}, 'players': [{'name': 'baseline1', 'uuid': 'qjgwoajzztsdtlyoitbbzk', 'stack': 875.0, 'state': 'participating'}, {'name': 'b11902087', 'uuid': 'rchmejgvxmlxfhjwelprjc', 'stack': 1125.0, 'state': 'participating'}]}
b11902087 vs baseline1 - Game 4: {'rule': {'initial_stack': 1000, 'max_round': 20, 'small_blind_amount': 5, 'ante': 0, 'blind_structure': {}}, 'players': [{'name': 'b11902087', 'uuid': 'qjgwoajzztsdtlyoitbbzk', 'stack': 1248.5, 'state': 'participating'}, {'name': 'baseline1', 'uuid': 'rchmejgvxmlxfhjwelprjc', 'stack': 751.25, 'state': 'participating'}]}
b11902087 vs baseline1 - Game 5: {'rule': {'initial_stack': 1000, 'max_round': 20, 'small_blind_amount': 5, 'ante': 0, 'blind_structure': {}}, 'players': [{'name': 'baseline1', 'uuid': 'kvchwizydfgcnipdittekm', 'stack': 612.5, 'state': 'participating'}, {'name': 'b11902087', 'uuid': 'tjgxtcfvaavduzooausahw', 'stack': 1386.75, 'state': 'participating'}]}
b11902087 vs baseline1 - Match Result: b11902087 2 games won, 3.0 points earned
b11902087 vs baseline2 - Game 1: {'rule': {'initial_stack': 1000, 'max_round': 20, 'small_blind_amount': 5, 'ante': 0, 'blind_structure': {}}, 'players': [{'name': 'baseline2', 'uuid': 'dtlfansmocuwwvcynrxref', 'stack': 1039.25, 'state': 'participating'}, {'name': 'b11902087', 'uuid': 'ifxskjmubjrnbvnimxglee', 'stack': 960, 'state': 'participating'}]}
b11902087 vs baseline2 - Game 2: {'rule': {'initial_stack': 1000, 'max_round': 20, 'small_blind_amount': 5, 'ante': 0, 'blind_structure': {}}, 'players': [{'name': 'b11902087', 'uuid': 'dtlfansmocuwwvcynrxref', 'stack': 2000, 'state': 'participating'}, {'name': 'baseline2', 'uuid': 'ifxskjmubjrnbvnimxglee', 'stack': 0, 'state': 'folded'}]}
b11902087 vs baseline2 - Game 3: {'rule': {'initial_stack': 1000, 'max_round': 20, 'small_blind_amount': 5, 'ante': 0, 'blind_structure': {}}, 'players': [{'name': 'baseline2', 'uuid': 'qjgwoajzztsdtlyoitbbzk', 'stack': 875.0, 'state': 'participating'}, {'name': 'b11902087', 'uuid': 'rchmejgvxmlxfhjwelprjc', 'stack': 1125.0, 'state': 'participating'}]}
b11902087 vs baseline2 - Game 4: {'rule': {'initial_stack': 1000, 'max_round': 20, 'small_blind_amount': 5, 'ante': 0, 'blind_structure': {}}, 'players': [{'name': 'b11902087', 'uuid': 'qjgwoajzztsdtlyoitbbzk', 'stack': 1203.625, 'state': 'participating'}, {'name': 'baseline2', 'uuid': 'rchmejgvxmlxfhjwelprjc', 'stack': 796.0625, 'state': 'participating'}]}
b11902087 vs baseline2 - Match Result: b11902087 3 games won, 5 points earned
b11902087 vs baseline3 - Game 1: {'rule': {'initial_stack': 1000, 'max_round': 20, 'small_blind_amount': 5, 'ante': 0, 'blind_structure': {}}, 'players': [{'name': 'baseline3', 'uuid': 'dtlfansmocuwwvcynrxref', 'stack': 985, 'state': 'participating'}, {'name': 'b11902087', 'uuid': 'ifxskjmubjrnbvnimxglee', 'stack': 1015, 'state': 'participating'}]}
b11902087 vs baseline3 - Game 2: {'rule': {'initial_stack': 1000, 'max_round': 20, 'small_blind_amount': 5, 'ante': 0, 'blind_structure': {}}, 'players': [{'name': 'b11902087', 'uuid': 'dtlfansmocuwwvcynrxref', 'stack': 1005, 'state': 'participating'}, {'name': 'baseline3', 'uuid': 'ifxskjmubjrnbvnimxglee', 'stack': 993.625, 'state': 'participating'}]}
b11902087 vs baseline3 - Game 3: {'rule': {'initial_stack': 1000, 'max_round': 20, 'small_blind_amount': 5, 'ante': 0, 'blind_structure': {}}, 'players': [{'name': 'baseline3', 'uuid': 'qjgwoajzztsdtlyoitbbzk', 'stack': 990, 'state': 'participating'}, {'name': 'b11902087', 'uuid': 'rchmejgvxmlxfhjwelprjc', 'stack': 1010, 'state': 'participating'}]}
b11902087 vs baseline3 - Game 4: {'rule': {'initial_stack': 1000, 'max_round': 20, 'small_blind_amount': 5, 'ante': 0, 'blind_structure': {}}, 'players': [{'name': 'b11902087', 'uuid': 'qjgwoajzztsdtlyoitbbzk', 'stack': 1419.5, 'state': 'participating'}, {'name': 'baseline3', 'uuid': 'rchmejgvxmlxfhjwelprjc', 'stack': 580.0, 'state': 'participating'}]}
b11902087 vs baseline3 - Game 5: {'rule': {'initial_stack': 1000, 'max_round': 20, 'small_blind_amount': 5, 'ante': 0, 'blind_structure': {}}, 'players': [{'name': 'baseline3', 'uuid': 'kvchwizydfgcnipdittekm', 'stack': 621.53125, 'state': 'participating'}, {'name': 'b11902087', 'uuid': 'tjgxtcfvaavduzooausahw', 'stack': 1376.9375, 'state': 'participating'}]}
b11902087 vs baseline3 - Match Result: b11902087 2 games won, 3.0 points earned
b11902087 vs baseline4 - Game 1: {'rule': {'initial_stack': 1000, 'max_round': 20, 'small_blind_amount': 5, 'ante': 0, 'blind_structure': {}}, 'players': [{'name': 'baseline4', 'uuid': 'dtlfansmocuwwvcynrxref', 'stack': 563.0554594482371, 'state': 'participating'}, {'name': 'b11902087', 'uuid': 'ifxskjmubjrnbvnimxglee', 'stack': 1432.5810276679845, 'state': 'participating'}]}
b11902087 vs baseline4 - Game 2: {'rule': {'initial_stack': 1000, 'max_round': 20, 'small_blind_amount': 5, 'ante': 0, 'blind_structure': {}}, 'players': [{'name': 'b11902087', 'uuid': 'dtlfansmocuwwvcynrxref', 'stack': 1998.5475164464713, 'state': 'participating'}, {'name': 'baseline4', 'uuid': 'ifxskjmubjrnbvnimxglee', 'stack': 0, 'state': 'folded'}]}
b11902087 vs baseline4 - Game 3: {'rule': {'initial_stack': 1000, 'max_round': 20, 'small_blind_amount': 5, 'ante': 0, 'blind_structure': {}}, 'players': [{'name': 'baseline4', 'uuid': 'qjgwoajzztsdtlyoitbbzk', 'stack': 1999.0, 'state': 'participating'}, {'name': 'b11902087', 'uuid': 'rchmejgvxmlxfhjwelprjc', 'stack': 0, 'state': 'folded'}]}
b11902087 vs baseline4 - Game 4: {'rule': {'initial_stack': 1000, 'max_round': 20, 'small_blind_amount': 5, 'ante': 0, 'blind_structure': {}}, 'players': [{'name': 'b11902087', 'uuid': 'qjgwoajzztsdtlyoitbbzk', 'stack': 2000.0, 'state': 'participating'}, {'name': 'baseline4', 'uuid': 'rchmejgvxmlxfhjwelprjc', 'stack': 0, 'state': 'folded'}]}
b11902087 vs baseline4 - Match Result: b11902087 3 games won, 5 points earned
b11902087 vs baseline5 - Game 1: {'rule': {'initial_stack': 1000, 'max_round': 20, 'small_blind_amount': 5, 'ante': 0, 'blind_structure': {}}, 'players': [{'name': 'baseline5', 'uuid': 'dtlfansmocuwwvcynrxref', 'stack': 140, 'state': 'participating'}, {'name': 'b11902087', 'uuid': 'ifxskjmubjrnbvnimxglee', 'stack': 1860, 'state': 'participating'}]}
b11902087 vs baseline5 - Game 2: {'rule': {'initial_stack': 1000, 'max_round': 20, 'small_blind_amount': 5, 'ante': 0, 'blind_structure': {}}, 'players': [{'name': 'b11902087', 'uuid': 'dtlfansmocuwwvcynrxref', 'stack': 966.8195266272194, 'state': 'participating'}, {'name': 'baseline5', 'uuid': 'ifxskjmubjrnbvnimxglee', 'stack': 1032.8195266272194, 'state': 'participating'}]}
b11902087 vs baseline5 - Game 3: {'rule': {'initial_stack': 1000, 'max_round': 20, 'small_blind_amount': 5, 'ante': 0, 'blind_structure': {}}, 'players': [{'name': 'baseline5', 'uuid': 'qjgwoajzztsdtlyoitbbzk', 'stack': 1000, 'state': 'participating'}, {'name': 'b11902087', 'uuid': 'rchmejgvxmlxfhjwelprjc', 'stack': 1000, 'state': 'participating'}]}
b11902087 vs baseline5 - Match Result: b11902087 0 games won, 0.0 points earned
b11902087 vs baseline6 - Game 1: {'rule': {'initial_stack': 1000, 'max_round': 20, 'small_blind_amount': 5, 'ante': 0, 'blind_structure': {}}, 'players': [{'name': 'baseline6', 'uuid': 'dtlfansmocuwwvcynrxref', 'stack': 1183.5555555555557, 'state': 'participating'}, {'name': 'b11902087', 'uuid': 'ifxskjmubjrnbvnimxglee', 'stack': 815.5555555555558, 'state': 'participating'}]}
b11902087 vs baseline6 - Game 2: {'rule': {'initial_stack': 1000, 'max_round': 20, 'small_blind_amount': 5, 'ante': 0, 'blind_structure': {}}, 'players': [{'name': 'b11902087', 'uuid': 'dtlfansmocuwwvcynrxref', 'stack': 2000.0, 'state': 'participating'}, {'name': 'baseline6', 'uuid': 'ifxskjmubjrnbvnimxglee', 'stack': 0, 'state': 'folded'}]}
b11902087 vs baseline6 - Game 3: {'rule': {'initial_stack': 1000, 'max_round': 20, 'small_blind_amount': 5, 'ante': 0, 'blind_structure': {}}, 'players': [{'name': 'baseline6', 'uuid': 'qjgwoajzztsdtlyoitbbzk', 'stack': 1033.5555555555557, 'state': 'participating'}, {'name': 'b11902087', 'uuid': 'rchmejgvxmlxfhjwelprjc', 'stack': 965.5555555555554, 'state': 'participating'}]}
b11902087 vs baseline6 - Match Result: b11902087 3 games won, 5 points earned
b11902087 vs baseline7 - Game 1: {'rule': {'initial_stack': 1000, 'max_round': 20, 'small_blind_amount': 5, 'ante': 0, 'blind_structure': {}}, 'players': [{'name': 'baseline7', 'uuid': 'dtlfansmocuwwvcynrxref', 'stack': 1021, 'state': 'participating'}, {'name': 'b11902087', 'uuid': 'ifxskjmubjrnbvnimxglee', 'stack': 979, 'state': 'participating'}]}
b11902087 vs baseline7 - Game 2: {'rule': {'initial_stack': 1000, 'max_round': 20, 'small_blind_amount': 5, 'ante': 0, 'blind_structure': {}}, 'players': [{'name': 'b11902087', 'uuid': 'dtlfansmocuwwvcynrxref', 'stack': 2000, 'state': 'participating'}, {'name': 'baseline7', 'uuid': 'ifxskjmubjrnbvnimxglee', 'stack': 0, 'state': 'folded'}]}
b11902087 vs baseline7 - Game 3: {'rule': {'initial_stack': 1000, 'max_round': 20, 'small_blind_amount': 5, 'ante': 0, 'blind_structure': {}}, 'players': [{'name': 'baseline7', 'uuid': 'qjgwoajzztsdtlyoitbbzk', 'stack': 0, 'state': 'folded'}, {'name': 'b11902087', 'uuid': 'rchmejgvxmlxfhjwelprjc', 'stack': 2000, 'state': 'participating'}]}
b11902087 vs baseline7 - Game 4: {'rule': {'initial_stack': 1000, 'max_round': 20, 'small_blind_amount': 5, 'ante': 0, 'blind_structure': {}}, 'players': [{'name': 'b11902087', 'uuid': 'qjgwoajzztsdtlyoitbbzk', 'stack': 2000, 'state': 'participating'}, {'name': 'baseline7', 'uuid': 'rchmejgvxmlxfhjwelprjc', 'stack': 0, 'state': 'folded'}]}
b11902087 vs baseline7 - Match Result: b11902087 3 games won, 5 points earned
b11902087 vs strong1 - Game 1: {'rule': {'initial_stack': 1000, 'max_round': 20, 'small_blind_amount': 5, 'ante': 0, 'blind_structure': {}}, 'players': [{'name': 'strong1', 'uuid': 'dtlfansmocuwwvcynrxref', 'stack': 995, 'state': 'participating'}, {'name': 'b11902087', 'uuid': 'ifxskjmubjrnbvnimxglee', 'stack': 1005, 'state': 'participating'}]}
b11902087 vs strong1 - Game 2: {'rule': {'initial_stack': 1000, 'max_round': 20, 'small_blind_amount': 5, 'ante': 0, 'blind_structure': {}}, 'players': [{'name': 'b11902087', 'uuid': 'dtlfansmocuwwvcynrxref', 'stack': 1520, 'state': 'participating'}, {'name': 'strong1', 'uuid': 'ifxskjmubjrnbvnimxglee', 'stack': 480, 'state': 'participating'}]}
b11902087 vs strong1 - Game 3: {'rule': {'initial_stack': 1000, 'max_round': 20, 'small_blind_amount': 5, 'ante': 0, 'blind_structure': {}}, 'players': [{'name': 'strong1', 'uuid': 'qjgwoajzztsdtlyoitbbzk', 'stack': 1850, 'state': 'participating'}, {'name': 'b11902087', 'uuid': 'rchmejgvxmlxfhjwelprjc', 'stack': 150, 'state': 'participating'}]}
b11902087 vs strong1 - Game 4: {'rule': {'initial_stack': 1000, 'max_round': 20, 'small_blind_amount': 5, 'ante': 0, 'blind_structure': {}}, 'players': [{'name': 'b11902087', 'uuid': 'qjgwoajzztsdtlyoitbbzk', 'stack': 2000, 'state': 'participating'}, {'name': 'strong1', 'uuid': 'rchmejgvxmlxfhjwelprjc', 'stack': 0, 'state': 'folded'}]}
b11902087 vs strong1 - Match Result: b11902087 3 games won, 2 points earned
b11902087 vs strong2 - Game 1: {'rule': {'initial_stack': 1000, 'max_round': 20, 'small_blind_amount': 5, 'ante': 0, 'blind_structure': {}}, 'players': [{'name': 'strong2', 'uuid': 'dtlfansmocuwwvcynrxref', 'stack': 10.0, 'state': 'participating'}, {'name': 'b11902087', 'uuid': 'ifxskjmubjrnbvnimxglee', 'stack': 1990, 'state': 'participating'}]}
b11902087 vs strong2 - Game 2: {'rule': {'initial_stack': 1000, 'max_round': 20, 'small_blind_amount': 5, 'ante': 0, 'blind_structure': {}}, 'players': [{'name': 'b11902087', 'uuid': 'dtlfansmocuwwvcynrxref', 'stack': 2000, 'state': 'participating'}, {'name': 'strong2', 'uuid': 'ifxskjmubjrnbvnimxglee', 'stack': 0, 'state': 'folded'}]}
b11902087 vs strong2 - Game 3: {'rule': {'initial_stack': 1000, 'max_round': 20, 'small_blind_amount': 5, 'ante': 0, 'blind_structure': {}}, 'players': [{'name': 'strong2', 'uuid': 'qjgwoajzztsdtlyoitbbzk', 'stack': 0, 'state': 'folded'}, {'name': 'b11902087', 'uuid': 'rchmejgvxmlxfhjwelprjc', 'stack': 2000, 'state': 'participating'}]}
b11902087 vs strong2 - Game 4: {'rule': {'initial_stack': 1000, 'max_round': 20, 'small_blind_amount': 5, 'ante': 0, 'blind_structure': {}}, 'players': [{'name': 'b11902087', 'uuid': 'qjgwoajzztsdtlyoitbbzk', 'stack': 954, 'state': 'participating'}, {'name': 'strong2', 'uuid': 'rchmejgvxmlxfhjwelprjc', 'stack': 1046, 'state': 'participating'}]}
b11902087 vs strong2 - Match Result: b11902087 1 games won, 0 points earned
b11902087 vs strong3 - Game 1: {'rule': {'initial_stack': 1000, 'max_round': 20, 'small_blind_amount': 5, 'ante': 0, 'blind_structure': {}}, 'players': [{'name': 'strong3', 'uuid': 'dtlfansmocuwwvcynrxref', 'stack': 955, 'state': 'participating'}, {'name': 'b11902087', 'uuid': 'ifxskjmubjrnbvnimxglee', 'stack': 1045, 'state': 'participating'}]}
b11902087 vs strong3 - Game 2: {'rule': {'initial_stack': 1000, 'max_round': 20, 'small_blind_amount': 5, 'ante': 0, 'blind_structure': {}}, 'players': [{'name': 'b11902087', 'uuid': 'dtlfansmocuwwvcynrxref', 'stack': 1185, 'state': 'participating'}, {'name': 'strong3', 'uuid': 'ifxskjmubjrnbvnimxglee', 'stack': 815, 'state': 'participating'}]}
b11902087 vs strong3 - Game 3: {'rule': {'initial_stack': 1000, 'max_round': 20, 'small_blind_amount': 5, 'ante': 0, 'blind_structure': {}}, 'players': [{'name': 'strong3', 'uuid': 'qjgwoajzztsdtlyoitbbzk', 'stack': 225, 'state': 'participating'}, {'name': 'b11902087', 'uuid': 'rchmejgvxmlxfhjwelprjc', 'stack': 1775, 'state': 'participating'}]}
b11902087 vs strong3 - Game 4: {'rule': {'initial_stack': 1000, 'max_round': 20, 'small_blind_amount': 5, 'ante': 0, 'blind_structure': {}}, 'players': [{'name': 'b11902087', 'uuid': 'qjgwoajzztsdtlyoitbbzk', 'stack': 1050, 'state': 'participating'}, {'name': 'strong3', 'uuid': 'rchmejgvxmlxfhjwelprjc', 'stack': 950, 'state': 'participating'}]}
b11902087 vs strong3 - Game 5: {'rule': {'initial_stack': 1000, 'max_round': 20, 'small_blind_amount': 5, 'ante': 0, 'blind_structure': {}}, 'players': [{'name': 'strong3', 'uuid': 'kvchwizydfgcnipdittekm', 'stack': 0, 'state': 'folded'}, {'name': 'b11902087', 'uuid': 'tjgxtcfvaavduzooausahw', 'stack': 2000, 'state': 'participating'}]}
b11902087 vs strong3 - Match Result: b11902087 2 games won, 0 points earned
b11902087 vs strong4 - Game 1: {'rule': {'initial_stack': 1000, 'max_round': 20, 'small_blind_amount': 5, 'ante': 0, 'blind_structure': {}}, 'players': [{'name': 'strong4', 'uuid': 'dtlfansmocuwwvcynrxref', 'stack': 914.5328888888889, 'state': 'participating'}, {'name': 'b11902087', 'uuid': 'ifxskjmubjrnbvnimxglee', 'stack': 1079.7413333333334, 'state': 'participating'}]}
b11902087 vs strong4 - Game 2: {'rule': {'initial_stack': 1000, 'max_round': 20, 'small_blind_amount': 5, 'ante': 0, 'blind_structure': {}}, 'players': [{'name': 'b11902087', 'uuid': 'dtlfansmocuwwvcynrxref', 'stack': 192.42372960000023, 'state': 'participating'}, {'name': 'strong4', 'uuid': 'ifxskjmubjrnbvnimxglee', 'stack': 1805.0, 'state': 'participating'}]}
b11902087 vs strong4 - Game 3: {'rule': {'initial_stack': 1000, 'max_round': 20, 'small_blind_amount': 5, 'ante': 0, 'blind_structure': {}}, 'players': [{'name': 'strong4', 'uuid': 'qjgwoajzztsdtlyoitbbzk', 'stack': 1184.6487484444444, 'state': 'participating'}, {'name': 'b11902087', 'uuid': 'rchmejgvxmlxfhjwelprjc', 'stack': 814.6487484444444, 'state': 'participating'}]}
b11902087 vs strong4 - Game 4: {'rule': {'initial_stack': 1000, 'max_round': 20, 'small_blind_amount': 5, 'ante': 0, 'blind_structure': {}}, 'players': [{'name': 'b11902087', 'uuid': 'qjgwoajzztsdtlyoitbbzk', 'stack': 822.7400964022677, 'state': 'participating'}, {'name': 'strong4', 'uuid': 'rchmejgvxmlxfhjwelprjc', 'stack': 1176.7400964022677, 'state': 'participating'}]}
b11902087 vs strong4 - Match Result: b11902087 1 games won, 0 points earned
b11902087 vs strong5 - Game 1: {'rule': {'initial_stack': 1000, 'max_round': 20, 'small_blind_amount': 5, 'ante': 0, 'blind_structure': {}}, 'players': [{'name': 'strong5', 'uuid': 'dtlfansmocuwwvcynrxref', 'stack': 1905, 'state': 'participating'}, {'name': 'b11902087', 'uuid': 'ifxskjmubjrnbvnimxglee', 'stack': 95, 'state': 'participating'}]}
b11902087 vs strong5 - Game 2: {'rule': {'initial_stack': 1000, 'max_round': 20, 'small_blind_amount': 5, 'ante': 0, 'blind_structure': {}}, 'players': [{'name': 'b11902087', 'uuid': 'dtlfansmocuwwvcynrxref', 'stack': 2000, 'state': 'participating'}, {'name': 'strong5', 'uuid': 'ifxskjmubjrnbvnimxglee', 'stack': 0, 'state': 'folded'}]}
b11902087 vs strong5 - Game 3: {'rule': {'initial_stack': 1000, 'max_round': 20, 'small_blind_amount': 5, 'ante': 0, 'blind_structure': {}}, 'players': [{'name': 'strong5', 'uuid': 'qjgwoajzztsdtlyoitbbzk', 'stack': 129.0, 'state': 'participating'}, {'name': 'b11902087', 'uuid': 'rchmejgvxmlxfhjwelprjc', 'stack': 1870, 'state': 'participating'}]}
b11902087 vs strong5 - Game 4: {'rule': {'initial_stack': 1000, 'max_round': 20, 'small_blind_amount': 5, 'ante': 0, 'blind_structure': {}}, 'players': [{'name': 'b11902087', 'uuid': 'qjgwoajzztsdtlyoitbbzk', 'stack': 2000, 'state': 'participating'}, {'name': 'strong5', 'uuid': 'rchmejgvxmlxfhjwelprjc', 'stack': 0, 'state': 'folded'}]}
b11902087 vs strong5 - Match Result: b11902087 3 games won, 2 points earned
